Dataset:  Kron22/
Dry run: 0
Dataset Footprint: 2 MiB
Dataset Footprint per Board: 16.777 Mb
Dataset injection time (ms): 0.000511993
Max Dataset Footprint: 0 MiB

Dataset footprint per tile: 0 KiB
Proxys footprint per tile: 0 KiB
Reserved SRAM per tile: 0 KiB

Ideal SRAM per tile: 0 KiB
reserved_words_for_dataset:26169
dataset_words_per_tile:128
remaining_sram_words:130846
min_dcache_sram_words_required:128
dataset_words_per_tile:128
min_pcache_sram_words_required:0
proxys_words_per_tile:0
Dcache footprint ratio: 1
Dataset Cached: 0
DCache: 128 words, lines: 8, sets: 8
Proxys Cached: 0
Pcache: 0 words, sets: 0
GRID_X: 64
GRID_SIZE: 4,096
smt_per_tile: 1
noc_freq: 1
pu_freq: 1
RUCHE_X: 8
PROXY_W: 64
DIE_W: 16
DIE_H: 16
DIES: 16
BORDER_TILES_PER_DIE: 64
PACK_W: 64
PACK_H: 64
DIES_PACK_FACTOR: 4
DIES_PER_PACK: 16
PACKAGES: 1
BOARD_W: 64
BOARD_H: 64
BOARDS: 1
MUX_BUS: 1
DCACHE: 0
PCACHE: 0
PROXY_FACTOR: 1
CACHE_WAYS: 1
TORUS: 1
PHY_NOCS: 1
WIDE_NOC_ID: 0
NOC_CONF: 1
noc_width: 32
hbm_channel_bit_width: 512
ld_st_op_byte_width: 4
PROXY_ROUTING: 0
WRITE_THROUGH: 1
ASSERT_MODE: 0
GLOBAL_BARRIER: 0
OQ flits: 6 ; 32 ; 6
IQ flits: 6 ; 32 ; 6
OQ messages: 2 ; 8 ; 1
IQ messages: 2 ; 8 ; 1
max_task2 size: 4
io_factor_t2: 1
io_factor_t3: 1
io_factor_t3b: 1

Active SRAM Storage per tile: 1 KiB
Total SRAM Storage per tile: 512 KiB
Agreggated SRAM Storage: 2,048 MiB

Inter-Die #links: 512
Inter-Die (Gbits): 16,384
Inter-Die (Gbits/mm): 474.829
Bisection BW of Board (Gbits): 16,384
Border IO #Dies: 16
Border IO Die BW (Gbits): 2,048
Off-Board BW Total (Gbits): 32,768
Off-Board BW Density (Gbits/mm): 210
Die side: 8.63 mm
Die border wire density: 474.83 Gbits/mm
HBM wire density: 474.83 Gbits/mm

Tiles per Die: 256 (16x16)
Tile Area: 0.20 mm2, side: 0.44 mm
- Core/Rout Area: 0.05 mm2
- SRAM Area: 0.14 mm2
- SRAM/Logic Ratio: 2.64x

Dies per Package: 16 (4x4)
Die Area: 74.41 mm2, side: 8.63 mm
- Tiles Area: 50.67 mm2
- PHY Area: 23.74 mm2
- MC Area: 0.00 mm2

Packages per Board: 1 (1x1)
Package Area: 1,510.60 mm2, side: 38.87 mm
- IOdie Area: 320.00 mm2
- Dies Area: 1,190.60 mm2
- HBM Area: 0.00 mm2

Boards: 1 (1x1)
Board Area: 1,510.60 mm2
Total Area: 1,510.60 mm2



ESTIMATED COST OF SILICON AND PACKAGING. ONLY VARIABLE, NO FIXED COSTS
Good dies per wafer 3d: 452
Good dies per wafer 2d: 746
--Dies 3D Cost: 214.05 $
--Dies 2.5D Cost: 129.69 $
--Dies 2D Cost: 129.69 $
--HBM Cost: 960.00 $
--IOdie Cost: 33.76 $
--Packaging Cost 3d: 43.66 $
--Packaging Cost 2.5d: 69.91 $
--Packaging Cost 2d: 24.52 $
SiP Cost 3d: 1,251.47 $
SiP Cost 2.5d: 1,193.36 $
SiP Cost 2d: 187.97 $
--Board Cost: 1.51 $
Total SiPs Cost 3d: 1,252.98 $
Total SiPs Cost 2.5d: 1,194.87 $
Total SiPs Cost 2d: 189.48 $

Perf counters initialized
Mesh connected
Cache structures initialized
Dataset structures initialized


Starting Simulation
INIT epoch: 1
INIT epoch: 1
INIT epoch: 1
INIT epoch: 1
INIT epoch: 1
INIT epoch: 1
INIT epoch: 1
INIT epoch: 1

===PRINTING FRAME STATS

FCollision In Avg:-nan, SD:-nan, Max:16, Min:0
FCollision Out Avg:-nan, SD:-nan, Max:12, Min:0
FCollision End Avg:-nan, SD:-nan, Max:5, Min:0
FTask1 Avg:-nan, SD:-nan, Max:94, Min:91
FTask2 Avg:-nan, SD:-nan, Max:0, Min:0
FTask3 Avg:-nan, SD:-nan, Max:6, Min:5
FCore Active Avg:-nan, SD:-nan, Max:100, Min:96
FRouter Active Avg:-nan, SD:-nan, Max:11, Min:3
T1 invocations: 31,465
T2 invocations: 0
T3 invocations: 156,681
T3b invocations: 0
Total3 invocations: 156,681
Total4 invocations: 0

T3/T2 ratio: inf
T3b/T3 ratio: 0

T1 avg ex cycles: 1,098
T2 avg ex cycles: -nan
T3&b avg ex cycles: 13
T4 avg ex cycles: -nan
Avg. hops NOC1: -nan
Avg. latency NOC1 (T2): -nan
Avg. hops NOC2: 12
Avg. latency NOC2 (T3): 360

===PRINTING ACUM STATS at pu_cycles: 15,636

ACollision In Avg:-nan, SD:-nan, Max:16, Min:0
ACollision Out Avg:-nan, SD:-nan, Max:12, Min:0
ACollision End Avg:-nan, SD:-nan, Max:5, Min:0
ATask1 Avg:-nan, SD:-nan, Max:94, Min:91
ATask2 Avg:-nan, SD:-nan, Max:0, Min:0
ATask3 Avg:-nan, SD:-nan, Max:6, Min:5
ACore Active Avg:-nan, SD:-nan, Max:100, Min:96
ARouter Active Avg:-nan, SD:-nan, Max:11, Min:3
T1 invocations: 31,514
T2 invocations: 0
T3 invocations: 156,933
T3b invocations: 0
Total3 invocations: 156,933
Total4 invocations: 0

T3/T2 ratio: inf
T3b/T3 ratio: 0

T1 avg ex cycles: 1,098
T2 avg ex cycles: -nan
T3&b avg ex cycles: 13
T4 avg ex cycles: -nan
Avg. hops NOC1: -nan
Avg. latency NOC1 (T2): -nan
Avg. hops NOC2: 12
Avg. latency NOC2 (T3): 360

---Energy---
Leakage Energy (nJ): 952
PU Dyn E (nJ): 341,403
Mem Dyn E (nJ): 35,790
Route Dyn E (nJ): 36,423
Dynamic Energy (nJ): 413,616
Ratio of Dyn/Leak: 434
Total Energy (nJ): 414,568
Total Energy (nJ) 3D: 426,730
Cores Energy (nJ): 341,578
Route Energy (nJ): 37,161
Route Energy (nJ) 3D: 49,323
Mem Energy   (nJ): 35,830
Mem Energy   (nJ) 3D: 35,830
Avg. Power (mW): 26,513.69
Power Density (mW/mm2): 17.55

---Runtime---
Runtime in K cycles: 15.64
Microseconds: 15.64
Time per iteration (ms): 0.02

---Throughput---
GOP/s (aka OPS/ns): 2,345.09
GOP/s per core: 0.57
FLOP/s: 611.76
FLOP/s per core: 0.15
Max Peak FLOP/s: 4,096.00
Avg. BW GB/s: 441.61
Max BW GB/s: 16,384.00

---Traffic---
In-Die bisection_bytes BW (GB/s): 256.00
Inter-board traffic (msg/ns): 0.00, per-link: 0.00
Inter-pack traffic (msg/ns): 0.00, per-link: 0.00
Inter-die traffic (msg/ns): 52.10, per-link: 0.05
Ruche traffic (msg/ns): 48.49, per-link: 0.05
All traffic (msg/ns): 482.15, per-link: 0.12
Inter-die reduction wrt all: 9.25
Inter-board reduction wrt inter-die: inf

---Data Movement---
All traffic (msg): 7,538,956
Arith. Intensity FLOP/Loads: 10.16
Arith. Intensity FLOP/Msgs: 1.27
Arith. Intensity GOPS/Loads: 0.00
Arith. Intensity GOPS/Msgs: 0.00



===Core Utilization Total=== CORE-S:1;; TIME K cy:15 ;; Nodes Proc: 0 -- Edges Proc: 0

===PRINTING FRAME STATS

FCollision In Avg:7, SD:4, Max:33, Min:0
FCollision Out Avg:5, SD:3, Max:19, Min:0
FCollision End Avg:2, SD:1, Max:8, Min:0
FTask1 Avg:89, SD:3, Max:94, Min:80
FTask2 Avg:0, SD:0, Max:0, Min:0
FTask3 Avg:8, SD:2, Max:10, Min:5
FCore Active Avg:96, SD:2, Max:100, Min:90
FRouter Active Avg:10, SD:3, Max:20, Min:3
T1 invocations: 49,367
T2 invocations: 0
T3 invocations: 258,048
T3b invocations: 0
Total3 invocations: 258,048
Total4 invocations: 0

T3/T2 ratio: inf
T3b/T3 ratio: 0

T1 avg ex cycles: 878
T2 avg ex cycles: -nan
T3&b avg ex cycles: 13
T4 avg ex cycles: -nan
Avg. hops NOC1: -nan
Avg. latency NOC1 (T2): -nan
Avg. hops NOC2: 11
Avg. latency NOC2 (T3): 275

===PRINTING ACUM STATS at pu_cycles: 24,094

ACollision In Avg:7, SD:2, Max:21, Min:0
ACollision Out Avg:5, SD:2, Max:14, Min:0
ACollision End Avg:2, SD:1, Max:6, Min:0
ATask1 Avg:91, SD:1, Max:94, Min:89
ATask2 Avg:0, SD:0, Max:0, Min:0
ATask3 Avg:6, SD:1, Max:7, Min:5
ACore Active Avg:97, SD:1, Max:100, Min:94
ARouter Active Avg:9, SD:1, Max:12, Min:3
T1 invocations: 74,265
T2 invocations: 0
T3 invocations: 382,473
T3b invocations: 0
Total3 invocations: 382,473
Total4 invocations: 0

T3/T2 ratio: inf
T3b/T3 ratio: 0

T1 avg ex cycles: 953
T2 avg ex cycles: -nan
T3&b avg ex cycles: 13
T4 avg ex cycles: -nan
Avg. hops NOC1: -nan
Avg. latency NOC1 (T2): -nan
Avg. hops NOC2: 12
Avg. latency NOC2 (T3): 302

---Energy---
Leakage Energy (nJ): 1,467
PU Dyn E (nJ): 701,166
Mem Dyn E (nJ): 87,226
Route Dyn E (nJ): 77,973
Dynamic Energy (nJ): 866,365
Ratio of Dyn/Leak: 591
Total Energy (nJ): 867,832
Total Energy (nJ) 3D: 899,759
Cores Energy (nJ): 701,435
Route Energy (nJ): 79,110
Route Energy (nJ) 3D: 111,037
Mem Energy   (nJ): 87,288
Mem Energy   (nJ) 3D: 87,288
Avg. Power (mW): 36,018.59
Power Density (mW/mm2): 23.84

---Runtime---
Runtime in K cycles: 24.09
Microseconds: 24.09
Time per iteration (ms): 0.02

---Throughput---
GOP/s (aka OPS/ns): 3,146.26
GOP/s per core: 0.77
FLOP/s: 810.19
FLOP/s per core: 0.20
Max Peak FLOP/s: 4,096.00
Avg. BW GB/s: 698.46
Max BW GB/s: 16,384.00

---Traffic---
In-Die bisection_bytes BW (GB/s): 256.00
Inter-board traffic (msg/ns): 0.00, per-link: 0.00
Inter-pack traffic (msg/ns): 0.00, per-link: 0.00
Inter-die traffic (msg/ns): 57.88, per-link: 0.06
Ruche traffic (msg/ns): 53.21, per-link: 0.05
All traffic (msg/ns): 756.24, per-link: 0.18
Inter-die reduction wrt all: 13.06
Inter-board reduction wrt inter-die: inf

---Data Movement---
All traffic (msg): 18,220,800
Arith. Intensity FLOP/Loads: 8.51
Arith. Intensity FLOP/Msgs: 1.07
Arith. Intensity GOPS/Loads: 0.00
Arith. Intensity GOPS/Msgs: 0.00



===Core Utilization Total=== CORE-S:2;; TIME K cy:23 ;; Nodes Proc: 0 -- Edges Proc: 0
======== IT IS COLD ======= Only 1 Tiles active
Epoch Done Router: 7
Epoch Done Router: 3
Epoch Done Router: 2
Epoch Done Router: 6
Epoch Done Router: 1
Epoch Done Router: 0
Epoch Done Router: 4
Epoch Done Router: 5
##EPOCH## 1 COMPLETED at Time (K cy): 24
Nodes processed until now: 0
Edges processed until now: 0
Program Done Worker Thread: 0
Program Done Router Thread: 7
Program Done Router Thread: 0
Program Done Worker Thread: 2
Program Done Router Thread: 4
Program Done Worker Thread: 5
Program Done Worker Thread: 1
Program Done Router Thread: 1
Program Done Worker Thread: 3
Program Done Router Thread: 3
Program Done Worker Thread: 6
Program Done Worker Thread: 7
Program Done Worker Thread: 4
Program Done Router Thread: 6
Program Done Router Thread: 2
Program Done Router Thread: 5

===PRINTING ACUM STATS at pu_cycles: 24,289

ACollision In Avg:7, SD:2, Max:20, Min:1
ACollision Out Avg:5, SD:2, Max:12, Min:0
ACollision End Avg:2, SD:1, Max:6, Min:0
ATask1 Avg:86, SD:0, Max:86, Min:86
ATask2 Avg:0, SD:0, Max:0, Min:0
ATask3 Avg:7, SD:0, Max:7, Min:7
ACore Active Avg:93, SD:0, Max:93, Min:93
ARouter Active Avg:10, SD:1, Max:12, Min:4
T1 invocations: 98,430
T2 invocations: 0
T3 invocations: 516,096
T3b invocations: 0
Total3 invocations: 516,096
Total4 invocations: 0

T3/T2 ratio: inf
T3b/T3 ratio: 0

T1 avg ex cycles: 871
T2 avg ex cycles: -nan
T3&b avg ex cycles: 13
T4 avg ex cycles: -nan
Avg. hops NOC1: -nan
Avg. latency NOC1 (T2): -nan
Avg. hops NOC2: 12
Avg. latency NOC2 (T3): 283

Runtime at program end in K cycles: 24
Runtime before cooldown in K cycles: 15



---Energy---
Leakage Energy (nJ): 1,479
PU Dyn E (nJ): 851,281
Mem Dyn E (nJ): 117,700
Route Dyn E (nJ): 94,729
Dynamic Energy (nJ): 1,063,710
Ratio of Dyn/Leak: 719
Total Energy (nJ): 1,065,189
Total Energy (nJ) 3D: 1,108,886
Cores Energy (nJ): 851,551
Route Energy (nJ): 95,876
Route Energy (nJ) 3D: 139,573
Mem Energy   (nJ): 117,762
Mem Energy   (nJ) 3D: 117,762
Avg. Power (mW): 43,854.78
Power Density (mW/mm2): 29.03

---Runtime---
Runtime in K cycles: 24.29
Microseconds: 24.29
Time per iteration (ms): 0.02

---Inst---
K Loads: 3,096
K Stores: 2,580
K Instructions: 92,463

---Throughput---
GOP/s (aka OPS/ns): 3,806.79
GOP/s per core: 0.93
FLOP/s: 971.34
FLOP/s per core: 0.24
Max Peak FLOP/s: 4,096.00
Avg. BW GB/s: 934.92
Max BW GB/s: 16,384.00

---Traffic---
In-Die bisection_bytes BW (GB/s): 256.00
Inter-board traffic (msg/ns): 0.00, per-link: 0.00
Inter-pack traffic (msg/ns): 0.00, per-link: 0.00
Inter-die traffic (msg/ns): 57.42, per-link: 0.06
Ruche traffic (msg/ns): 52.78, per-link: 0.05
All traffic (msg/ns): 984.89, per-link: 0.24
Inter-die reduction wrt all: 17.15
Inter-board reduction wrt inter-die: inf

---Data Movement---
All traffic (msg): 23,921,912
Arith. Intensity FLOP/Loads: 7.62
Arith. Intensity FLOP/Msgs: 0.99
Arith. Intensity GOPS/Loads: 0.00
Arith. Intensity GOPS/Msgs: 0.00

Simulation time: 5.85
Sim noc_cy/s: 4,154.61
Sim Msg/s: 4,091,824.29

Version 31

