Dataset:  Kron22/
Dry run: 0
Open Edge Count File succesfully
Edges Traversed BFS: 128309848
Found Vertices: 4194304, Edges: 128311436
avg degree 31
Array  Kron22/node_array.bin found
Malloc array of size 16777220 bytes
Readin array of size 16777216 bytes
Finished Reading Array Bytes
No reordering Array 32bit
Array  Kron22/edge_array.bin found
Malloc array of size 513245744 bytes
Readin array of size 513245744 bytes
Finished Reading Array Bytes
No reordering Array 32bit
Reading graph elapsed time: 0.0989199s

Dataset Footprint: 505 MiB
Dataset Footprint per Board: 4240.44 Mb
Dataset injection time (ms): 0.258816
Max Dataset Footprint: 1026 MiB

Dataset footprint per tile: 505 KiB
Proxys footprint per tile: 0 KiB
Reserved SRAM per tile: 4 KiB

Ideal SRAM per tile: 509 KiB
reserved_words_for_dataset:25964
dataset_words_per_tile:129408
remaining_sram_words:129822
min_dcache_sram_words_required:26256
dataset_words_per_tile:129408
min_pcache_sram_words_required:0
proxys_words_per_tile:0
Dcache footprint ratio: 1
Dataset Cached: 0
DCache: 129408 words, lines: 8088, sets: 8088
Proxys Cached: 0
Pcache: 0 words, sets: 0
Node per tile: 4,096
Edge per tile: 125,305
GRID_X: 32
GRID_SIZE: 1,024
smt_per_tile: 1
noc_freq: 1
pu_freq: 1
RUCHE_X: 0
PROXY_W: 32
DIE_W: 32
DIE_H: 32
DIES: 1
BORDER_TILES_PER_DIE: 128
PACK_W: 32
PACK_H: 32
DIES_PACK_FACTOR: 1
DIES_PER_PACK: 1
PACKAGES: 1
BOARD_W: 32
BOARD_H: 32
BOARDS: 1
MUX_BUS: 1
DCACHE: 1
PCACHE: 0
PROXY_FACTOR: 1
CACHE_WAYS: 1
TORUS: 1
PHY_NOCS: 1
WIDE_NOC_ID: 0
NOC_CONF: 1
noc_width: 32
hbm_channel_bit_width: 512
ld_st_op_byte_width: 4
PROXY_ROUTING: 0
WRITE_THROUGH: 0
ASSERT_MODE: 0
GLOBAL_BARRIER: 0
OQ flits: 6 ; 64 ; 2
IQ flits: 6 ; 1,024 ; 32
OQ messages: 2 ; 32 ; 1
IQ messages: 2 ; 512 ; 16
max_task2 size: 64
io_factor_t2: 16
io_factor_t3: 16
io_factor_t3b: 16

Active SRAM Storage per tile: 510 KiB
Total SRAM Storage per tile: 512 KiB
Agreggated SRAM Storage: 512 MiB

Active DRAM Storage per tile: 0 MiB
Total DRAM Storage per tile: 8 MiB
Agreggated DRAM Storage: 8 GiB

Inter-Die #links: 1,024
Inter-Die (Gbits): 32,768
Inter-Die (Gbits/mm): 512.055
Bisection BW of Board (Gbits): 8,192
Border IO #Dies: 4
Border IO Die BW (Gbits): 4,096
Off-Board BW Total (Gbits): 16,384
Off-Board BW Density (Gbits/mm): 193
Die side: 16.00 mm
Die border wire density: 512.06 Gbits/mm
HBM wire density: 256.03 Gbits/mm

Tiles per Die: 1,024 (32x32)
Tile Area: 0.19 mm2, side: 0.44 mm
- Core/Rout Area: 0.05 mm2
- SRAM Area: 0.14 mm2
- SRAM/Logic Ratio: 2.80x

Dies per Package: 1 (1x1)
Die Area: 255.94 mm2, side: 16.00 mm
- Tiles Area: 199.45 mm2
- PHY Area: 47.49 mm2
- MC Area: 9.00 mm2

Packages per Board: 1 (1x1)
Package Area: 445.94 mm2, side: 21.12 mm
- IOdie Area: 80.00 mm2
- Dies Area: 255.94 mm2
- HBM Area: 110.00 mm2

Boards: 1 (1x1)
Board Area: 445.94 mm2
Total Area: 445.94 mm2



ESTIMATED COST OF SILICON AND PACKAGING. ONLY VARIABLE, NO FIXED COSTS
Good dies per wafer 3d: 127
Good dies per wafer 2d: 180
--Dies 3D Cost: 47.61 $
--Dies 2.5D Cost: 33.59 $
--Dies 2D Cost: 33.59 $
--HBM Cost: 60.00 $
--IOdie Cost: 8.44 $
--Packaging Cost 3d: 10.09 $
--Packaging Cost 2.5d: 18.06 $
--Packaging Cost 2d: 6.31 $
SiP Cost 3d: 126.14 $
SiP Cost 2.5d: 120.10 $
SiP Cost 2d: 48.34 $
--Board Cost: 0.45 $
Total SiPs Cost 3d: 126.59 $
Total SiPs Cost 2.5d: 120.54 $
Total SiPs Cost 2d: 48.79 $

Perf counters initialized
Mesh connected
Cache structures initialized
proxys initialized
Dataset structures initialized


Starting Simulation
INIT epoch: 1
INIT epoch: 1
INIT epoch: 1
INIT epoch: 1
INIT epoch: 1
INIT epoch: 1
INIT epoch: 1
INIT epoch: 1

===PRINTING FRAME STATS

FCollision In Avg:20, SD:4, Max:40, Min:12
FCollision Out Avg:3, SD:2, Max:10, Min:0
FCollision End Avg:0, SD:0, Max:0, Min:0
FTask1 Avg:76, SD:4, Max:85, Min:51
FTask2 Avg:0, SD:0, Max:0, Min:0
FTask3 Avg:23, SD:4, Max:49, Min:14
FCore Active Avg:100, SD:0, Max:100, Min:96
FRouter Active Avg:95, SD:1, Max:97, Min:92
T1 invocations: 406,273
T2 invocations: 0
T3 invocations: 12,014,042
T3b invocations: 0
Total3 invocations: 12,014,042
Total4 invocations: 0

T3/T2 ratio: inf
T3b/T3 ratio: 0

T1 avg ex cycles: 193
T2 avg ex cycles: -nan
T3&b avg ex cycles: 2
T4 avg ex cycles: -nan
Avg. hops NOC1: -nan
Avg. latency NOC1 (T2): -nan
Avg. hops NOC2: 18
Avg. latency NOC2 (T3): 3,223

===PRINTING ACUM STATS at pu_cycles: 100,403

ACollision In Avg:20, SD:4, Max:40, Min:12
ACollision Out Avg:3, SD:2, Max:10, Min:0
ACollision End Avg:0, SD:0, Max:0, Min:0
ATask1 Avg:76, SD:4, Max:85, Min:51
ATask2 Avg:0, SD:0, Max:0, Min:0
ATask3 Avg:23, SD:4, Max:49, Min:14
ACore Active Avg:100, SD:0, Max:100, Min:96
ARouter Active Avg:95, SD:1, Max:97, Min:92
T1 invocations: 406,273
T2 invocations: 0
T3 invocations: 12,014,042
T3b invocations: 0
Total3 invocations: 12,014,042
Total4 invocations: 0

T3/T2 ratio: inf
T3b/T3 ratio: 0

T1 avg ex cycles: 193
T2 avg ex cycles: -nan
T3&b avg ex cycles: 2
T4 avg ex cycles: -nan
Avg. hops NOC1: -nan
Avg. latency NOC1 (T2): -nan
Avg. hops NOC2: 18
Avg. latency NOC2 (T3): 3,223
Number of K Nodes Processed: 12,038
Number of K Edges Processed: 12,038
Node Re-explore factor: 2.87
Edge Re-explore factor: 0.09
Nodes/cy: 120
Edges/cy: 120
TEPS: 1,278

---DCache---
DCache Size: 129,408
DRAM words: 0
  DHits: 0
  DMisses: 0

---Energy---
Leakage Energy (nJ): 33,971
PU Dyn E (nJ): 690,734
Mem Dyn E (nJ): 2,014,770
Route Dyn E (nJ): 1,282,681
Dynamic Energy (nJ): 3,988,186
Ratio of Dyn/Leak: 117
Total Energy (nJ): 4,022,157
Total Energy (nJ) 3D: 4,476,273
Cores Energy (nJ): 691,014
Route Energy (nJ): 1,283,602
Route Energy (nJ) 3D: 1,737,718
Mem Energy   (nJ): 2,047,542
Mem Energy   (nJ) 3D: 2,047,542
Avg. Power (mW): 40,060.13
Power Density (mW/mm2): 89.83

---Runtime---
Runtime in K cycles: 100.40
Microseconds: 100.40
Time per iteration (ms): 0.10

---Throughput---
GOP/s (aka OPS/ns): 1,014.62
GOP/s per core: 0.99
FLOP/s: 123.82
FLOP/s per core: 0.12
Max Peak FLOP/s: 1,024.00
Avg. BW GB/s: 3,910.93
Max BW GB/s: 4,096.00

---Traffic---
In-Die bisection_bytes BW (GB/s): 512.00
Inter-board traffic (msg/ns): 0.00, per-link: 0.00
Inter-pack traffic (msg/ns): 0.00, per-link: 0.00
Inter-die traffic (msg/ns): 0.00, per-link: 0.00
Ruche traffic (msg/ns): 0.00, per-link: 0.00
All traffic (msg/ns): 4,210.00, per-link: 4.11
Inter-die reduction wrt all: inf
Inter-board reduction wrt inter-die: -nan

---Data Movement---
All traffic (msg): 422,696,586
Arith. Intensity FLOP/Loads: 0.20
Arith. Intensity FLOP/Msgs: 0.03
Arith. Intensity OPS/Loads: 1.65
Arith. Intensity OPS/Msgs: 0.24



===Core Utilization Total=== CORE-S:1;; TIME K cy:100 ;; Nodes Proc: 1,498,904 -- Edges Proc: 0

===PRINTING FRAME STATS

FCollision In Avg:18, SD:4, Max:31, Min:11
FCollision Out Avg:2, SD:1, Max:7, Min:0
FCollision End Avg:0, SD:0, Max:0, Min:0
FTask1 Avg:76, SD:4, Max:84, Min:49
FTask2 Avg:0, SD:0, Max:0, Min:0
FTask3 Avg:24, SD:4, Max:51, Min:16
FCore Active Avg:100, SD:0, Max:100, Min:97
FRouter Active Avg:95, SD:1, Max:97, Min:92
T1 invocations: 396,645
T2 invocations: 0
T3 invocations: 12,340,146
T3b invocations: 0
Total3 invocations: 12,340,146
Total4 invocations: 0

T3/T2 ratio: inf
T3b/T3 ratio: 0

T1 avg ex cycles: 196
T2 avg ex cycles: -nan
T3&b avg ex cycles: 2
T4 avg ex cycles: -nan
Avg. hops NOC1: -nan
Avg. latency NOC1 (T2): -nan
Avg. hops NOC2: 17
Avg. latency NOC2 (T3): 3,278

===PRINTING ACUM STATS at pu_cycles: 200,397

ACollision In Avg:19, SD:3, Max:32, Min:12
ACollision Out Avg:3, SD:1, Max:8, Min:0
ACollision End Avg:0, SD:0, Max:0, Min:0
ATask1 Avg:76, SD:4, Max:85, Min:50
ATask2 Avg:0, SD:0, Max:0, Min:0
ATask3 Avg:24, SD:4, Max:50, Min:15
ACore Active Avg:100, SD:0, Max:100, Min:98
ARouter Active Avg:95, SD:1, Max:97, Min:93
T1 invocations: 795,992
T2 invocations: 0
T3 invocations: 24,167,472
T3b invocations: 0
Total3 invocations: 24,167,472
Total4 invocations: 0

T3/T2 ratio: inf
T3b/T3 ratio: 0

T1 avg ex cycles: 194
T2 avg ex cycles: -nan
T3&b avg ex cycles: 2
T4 avg ex cycles: -nan
Avg. hops NOC1: -nan
Avg. latency NOC1 (T2): -nan
Avg. hops NOC2: 17
Avg. latency NOC2 (T3): 3,250
Number of K Nodes Processed: 24,385
Number of K Edges Processed: 24,385
Node Re-explore factor: 5.81
Edge Re-explore factor: 0.19
Nodes/cy: 122
Edges/cy: 122
TEPS: 640

---DCache---
DCache Size: 129,408
DRAM words: 0
  DHits: 0
  DMisses: 0

---Energy---
Leakage Energy (nJ): 67,803
PU Dyn E (nJ): 1,368,735
Mem Dyn E (nJ): 4,034,436
Route Dyn E (nJ): 2,534,147
Dynamic Energy (nJ): 7,937,319
Ratio of Dyn/Leak: 117
Total Energy (nJ): 8,005,122
Total Energy (nJ) 3D: 8,902,302
Cores Energy (nJ): 1,369,293
Route Energy (nJ): 2,535,984
Route Energy (nJ) 3D: 3,433,164
Mem Energy   (nJ): 4,099,846
Mem Energy   (nJ) 3D: 4,099,846
Avg. Power (mW): 39,946.32
Power Density (mW/mm2): 89.58

---Runtime---
Runtime in K cycles: 200.40
Microseconds: 200.40
Time per iteration (ms): 0.20

---Throughput---
GOP/s (aka OPS/ns): 1,008.61
GOP/s per core: 0.98
FLOP/s: 122.61
FLOP/s per core: 0.12
Max Peak FLOP/s: 1,024.00
Avg. BW GB/s: 3,922.87
Max BW GB/s: 4,096.00

---Traffic---
In-Die bisection_bytes BW (GB/s): 512.00
Inter-board traffic (msg/ns): 0.00, per-link: 0.00
Inter-pack traffic (msg/ns): 0.00, per-link: 0.00
Inter-die traffic (msg/ns): 0.00, per-link: 0.00
Ruche traffic (msg/ns): 0.00, per-link: 0.00
All traffic (msg/ns): 4,171.57, per-link: 4.07
Inter-die reduction wrt all: inf
Inter-board reduction wrt inter-die: -nan

---Data Movement---
All traffic (msg): 835,969,808
Arith. Intensity FLOP/Loads: 0.20
Arith. Intensity FLOP/Msgs: 0.03
Arith. Intensity OPS/Loads: 1.64
Arith. Intensity OPS/Msgs: 0.24



===Core Utilization Total=== CORE-S:2;; TIME K cy:200 ;; Nodes Proc: 3,036,318 -- Edges Proc: 0

===PRINTING FRAME STATS

FCollision In Avg:19, SD:4, Max:43, Min:12
FCollision Out Avg:3, SD:2, Max:11, Min:0
FCollision End Avg:0, SD:0, Max:0, Min:0
FTask1 Avg:76, SD:4, Max:85, Min:50
FTask2 Avg:0, SD:0, Max:0, Min:0
FTask3 Avg:24, SD:4, Max:50, Min:15
FCore Active Avg:100, SD:0, Max:100, Min:97
FRouter Active Avg:95, SD:1, Max:97, Min:92
T1 invocations: 398,922
T2 invocations: 0
T3 invocations: 12,335,651
T3b invocations: 0
Total3 invocations: 12,335,651
Total4 invocations: 0

T3/T2 ratio: inf
T3b/T3 ratio: 0

T1 avg ex cycles: 195
T2 avg ex cycles: -nan
T3&b avg ex cycles: 2
T4 avg ex cycles: -nan
Avg. hops NOC1: -nan
Avg. latency NOC1 (T2): -nan
Avg. hops NOC2: 17
Avg. latency NOC2 (T3): 3,271

===PRINTING ACUM STATS at pu_cycles: 300,394

ACollision In Avg:19, SD:3, Max:33, Min:12
ACollision Out Avg:3, SD:1, Max:7, Min:0
ACollision End Avg:0, SD:0, Max:0, Min:0
ATask1 Avg:76, SD:4, Max:85, Min:50
ATask2 Avg:0, SD:0, Max:0, Min:0
ATask3 Avg:24, SD:4, Max:50, Min:15
ACore Active Avg:100, SD:0, Max:100, Min:98
ARouter Active Avg:95, SD:1, Max:97, Min:93
T1 invocations: 1,188,172
T2 invocations: 0
T3 invocations: 36,277,348
T3b invocations: 0
Total3 invocations: 36,277,348
Total4 invocations: 0

T3/T2 ratio: inf
T3b/T3 ratio: 0

T1 avg ex cycles: 194
T2 avg ex cycles: -nan
T3&b avg ex cycles: 2
T4 avg ex cycles: -nan
Avg. hops NOC1: -nan
Avg. latency NOC1 (T2): -nan
Avg. hops NOC2: 17
Avg. latency NOC2 (T3): 3,257
Number of K Nodes Processed: 36,721
Number of K Edges Processed: 36,721
Node Re-explore factor: 8.76
Edge Re-explore factor: 0.29
Nodes/cy: 122
Edges/cy: 122
TEPS: 427

---DCache---
DCache Size: 129,408
DRAM words: 0
  DHits: 0
  DMisses: 0

---Energy---
Leakage Energy (nJ): 101,637
PU Dyn E (nJ): 2,045,922
Mem Dyn E (nJ): 6,048,368
Route Dyn E (nJ): 3,782,269
Dynamic Energy (nJ): 11,876,560
Ratio of Dyn/Leak: 117
Total Energy (nJ): 11,978,197
Total Energy (nJ) 3D: 13,317,258
Cores Energy (nJ): 2,046,758
Route Energy (nJ): 3,785,022
Route Energy (nJ) 3D: 5,124,083
Mem Energy   (nJ): 6,146,417
Mem Energy   (nJ) 3D: 6,146,417
Avg. Power (mW): 39,874.95
Power Density (mW/mm2): 89.42

---Runtime---
Runtime in K cycles: 300.39
Microseconds: 300.39
Time per iteration (ms): 0.30

---Throughput---
GOP/s (aka OPS/ns): 1,006.15
GOP/s per core: 0.98
FLOP/s: 122.16
FLOP/s per core: 0.12
Max Peak FLOP/s: 1,024.00
Avg. BW GB/s: 3,923.15
Max BW GB/s: 4,096.00

---Traffic---
In-Die bisection_bytes BW (GB/s): 512.00
Inter-board traffic (msg/ns): 0.00, per-link: 0.00
Inter-pack traffic (msg/ns): 0.00, per-link: 0.00
Inter-die traffic (msg/ns): 0.00, per-link: 0.00
Ruche traffic (msg/ns): 0.00, per-link: 0.00
All traffic (msg/ns): 4,154.93, per-link: 4.06
Inter-die reduction wrt all: inf
Inter-board reduction wrt inter-die: -nan

---Data Movement---
All traffic (msg): 1,248,116,650
Arith. Intensity FLOP/Loads: 0.20
Arith. Intensity FLOP/Msgs: 0.03
Arith. Intensity OPS/Loads: 1.64
Arith. Intensity OPS/Msgs: 0.24



===Core Utilization Total=== CORE-S:3;; TIME K cy:300 ;; Nodes Proc: 4,572,172 -- Edges Proc: 0

===PRINTING FRAME STATS

FCollision In Avg:19, SD:5, Max:47, Min:11
FCollision Out Avg:3, SD:2, Max:13, Min:0
FCollision End Avg:0, SD:0, Max:0, Min:0
FTask1 Avg:76, SD:4, Max:85, Min:49
FTask2 Avg:0, SD:0, Max:0, Min:0
FTask3 Avg:24, SD:4, Max:51, Min:15
FCore Active Avg:100, SD:0, Max:100, Min:96
FRouter Active Avg:95, SD:1, Max:97, Min:92
T1 invocations: 399,573
T2 invocations: 0
T3 invocations: 12,344,534
T3b invocations: 0
Total3 invocations: 12,344,534
Total4 invocations: 0

T3/T2 ratio: inf
T3b/T3 ratio: 0

T1 avg ex cycles: 194
T2 avg ex cycles: -nan
T3&b avg ex cycles: 2
T4 avg ex cycles: -nan
Avg. hops NOC1: -nan
Avg. latency NOC1 (T2): -nan
Avg. hops NOC2: 17
Avg. latency NOC2 (T3): 3,265

===PRINTING ACUM STATS at pu_cycles: 400,403

ACollision In Avg:19, SD:3, Max:31, Min:13
ACollision Out Avg:3, SD:1, Max:8, Min:1
ACollision End Avg:0, SD:0, Max:0, Min:0
ATask1 Avg:76, SD:4, Max:85, Min:50
ATask2 Avg:0, SD:0, Max:0, Min:0
ATask3 Avg:24, SD:4, Max:50, Min:15
ACore Active Avg:100, SD:0, Max:100, Min:98
ARouter Active Avg:95, SD:1, Max:97, Min:93
T1 invocations: 1,601,437
T2 invocations: 0
T3 invocations: 49,043,388
T3b invocations: 0
Total3 invocations: 49,043,388
Total4 invocations: 0

T3/T2 ratio: inf
T3b/T3 ratio: 0

T1 avg ex cycles: 194
T2 avg ex cycles: -nan
T3&b avg ex cycles: 2
T4 avg ex cycles: -nan
Avg. hops NOC1: -nan
Avg. latency NOC1 (T2): -nan
Avg. hops NOC2: 17
Avg. latency NOC2 (T3): 3,259
Number of K Nodes Processed: 49,068
Number of K Edges Processed: 49,068
Node Re-explore factor: 11.70
Edge Re-explore factor: 0.38
Nodes/cy: 123
Edges/cy: 123
TEPS: 320

---DCache---
DCache Size: 129,408
DRAM words: 0
  DHits: 0
  DMisses: 0

---Energy---
Leakage Energy (nJ): 135,474
PU Dyn E (nJ): 2,758,523
Mem Dyn E (nJ): 8,170,320
Route Dyn E (nJ): 5,096,074
Dynamic Energy (nJ): 16,024,918
Ratio of Dyn/Leak: 118
Total Energy (nJ): 16,160,392
Total Energy (nJ) 3D: 17,964,587
Cores Energy (nJ): 2,759,638
Route Energy (nJ): 5,099,743
Route Energy (nJ) 3D: 6,903,939
Mem Energy   (nJ): 8,301,011
Mem Energy   (nJ) 3D: 8,301,011
Avg. Power (mW): 40,360.32
Power Density (mW/mm2): 90.51

---Runtime---
Runtime in K cycles: 400.40
Microseconds: 400.40
Time per iteration (ms): 0.40

---Throughput---
GOP/s (aka OPS/ns): 1,018.01
GOP/s per core: 0.99
FLOP/s: 123.51
FLOP/s per core: 0.12
Max Peak FLOP/s: 1,024.00
Avg. BW GB/s: 3,975.70
Max BW GB/s: 4,096.00

---Traffic---
In-Die bisection_bytes BW (GB/s): 512.00
Inter-board traffic (msg/ns): 0.00, per-link: 0.00
Inter-pack traffic (msg/ns): 0.00, per-link: 0.00
Inter-die traffic (msg/ns): 0.00, per-link: 0.00
Ruche traffic (msg/ns): 0.00, per-link: 0.00
All traffic (msg/ns): 4,200.74, per-link: 4.10
Inter-die reduction wrt all: inf
Inter-board reduction wrt inter-die: -nan

---Data Movement---
All traffic (msg): 1,681,990,482
Arith. Intensity FLOP/Loads: 0.20
Arith. Intensity FLOP/Msgs: 0.03
Arith. Intensity OPS/Loads: 1.64
Arith. Intensity OPS/Msgs: 0.24



===Core Utilization Total=== CORE-S:4;; TIME K cy:400 ;; Nodes Proc: 6,105,953 -- Edges Proc: 0

===PRINTING FRAME STATS

FCollision In Avg:18, SD:4, Max:41, Min:11
FCollision Out Avg:2, SD:1, Max:9, Min:0
FCollision End Avg:0, SD:0, Max:0, Min:0
FTask1 Avg:76, SD:4, Max:85, Min:50
FTask2 Avg:0, SD:0, Max:0, Min:0
FTask3 Avg:24, SD:4, Max:50, Min:15
FCore Active Avg:100, SD:0, Max:100, Min:97
FRouter Active Avg:95, SD:1, Max:97, Min:92
T1 invocations: 397,123
T2 invocations: 0
T3 invocations: 12,343,093
T3b invocations: 0
Total3 invocations: 12,343,093
Total4 invocations: 0

T3/T2 ratio: inf
T3b/T3 ratio: 0

T1 avg ex cycles: 196
T2 avg ex cycles: -nan
T3&b avg ex cycles: 2
T4 avg ex cycles: -nan
Avg. hops NOC1: -nan
Avg. latency NOC1 (T2): -nan
Avg. hops NOC2: 17
Avg. latency NOC2 (T3): 3,277

===PRINTING ACUM STATS at pu_cycles: 500,403

ACollision In Avg:19, SD:3, Max:30, Min:12
ACollision Out Avg:3, SD:1, Max:7, Min:0
ACollision End Avg:0, SD:0, Max:0, Min:0
ATask1 Avg:76, SD:4, Max:85, Min:50
ATask2 Avg:0, SD:0, Max:0, Min:0
ATask3 Avg:24, SD:4, Max:50, Min:15
ACore Active Avg:100, SD:0, Max:100, Min:98
ARouter Active Avg:95, SD:1, Max:97, Min:93
T1 invocations: 1,998,560
T2 invocations: 0
T3 invocations: 61,386,481
T3b invocations: 0
Total3 invocations: 61,386,481
Total4 invocations: 0

T3/T2 ratio: inf
T3b/T3 ratio: 0

T1 avg ex cycles: 195
T2 avg ex cycles: -nan
T3&b avg ex cycles: 2
T4 avg ex cycles: -nan
Avg. hops NOC1: -nan
Avg. latency NOC1 (T2): -nan
Avg. hops NOC2: 17
Avg. latency NOC2 (T3): 3,263
Number of K Nodes Processed: 61,410
Number of K Edges Processed: 61,410
Node Re-explore factor: 14.64
Edge Re-explore factor: 0.48
Nodes/cy: 123
Edges/cy: 123
TEPS: 256

---DCache---
DCache Size: 129,408
DRAM words: 0
  DHits: 0
  DMisses: 0

---Energy---
Leakage Energy (nJ): 169,309
PU Dyn E (nJ): 3,448,111
Mem Dyn E (nJ): 10,222,409
Route Dyn E (nJ): 6,367,567
Dynamic Energy (nJ): 20,038,088
Ratio of Dyn/Leak: 118
Total Energy (nJ): 20,207,397
Total Energy (nJ) 3D: 22,461,747
Cores Energy (nJ): 3,449,504
Route Energy (nJ): 6,372,153
Route Energy (nJ) 3D: 8,626,503
Mem Energy   (nJ): 10,385,740
Mem Energy   (nJ) 3D: 10,385,740
Avg. Power (mW): 40,382.25
Power Density (mW/mm2): 90.55

---Runtime---
Runtime in K cycles: 500.40
Microseconds: 500.40
Time per iteration (ms): 0.50

---Throughput---
GOP/s (aka OPS/ns): 1,018.32
GOP/s per core: 0.99
FLOP/s: 123.50
FLOP/s per core: 0.12
Max Peak FLOP/s: 1,024.00
Avg. BW GB/s: 3,980.13
Max BW GB/s: 4,096.00

---Traffic---
In-Die bisection_bytes BW (GB/s): 512.00
Inter-board traffic (msg/ns): 0.00, per-link: 0.00
Inter-pack traffic (msg/ns): 0.00, per-link: 0.00
Inter-die traffic (msg/ns): 0.00, per-link: 0.00
Ruche traffic (msg/ns): 0.00, per-link: 0.00
All traffic (msg/ns): 4,200.35, per-link: 4.10
Inter-die reduction wrt all: inf
Inter-board reduction wrt inter-die: -nan

---Data Movement---
All traffic (msg): 2,101,867,658
Arith. Intensity FLOP/Loads: 0.20
Arith. Intensity FLOP/Msgs: 0.03
Arith. Intensity OPS/Loads: 1.63
Arith. Intensity OPS/Msgs: 0.24



===Core Utilization Total=== CORE-S:5;; TIME K cy:500 ;; Nodes Proc: 7,641,164 -- Edges Proc: 0

===PRINTING FRAME STATS

FCollision In Avg:18, SD:3, Max:30, Min:12
FCollision Out Avg:2, SD:1, Max:7, Min:0
FCollision End Avg:0, SD:0, Max:0, Min:0
FTask1 Avg:76, SD:4, Max:85, Min:49
FTask2 Avg:0, SD:0, Max:0, Min:0
FTask3 Avg:24, SD:4, Max:51, Min:15
FCore Active Avg:100, SD:0, Max:100, Min:96
FRouter Active Avg:95, SD:1, Max:97, Min:92
T1 invocations: 396,634
T2 invocations: 0
T3 invocations: 12,343,185
T3b invocations: 0
Total3 invocations: 12,343,185
Total4 invocations: 0

T3/T2 ratio: inf
T3b/T3 ratio: 0

T1 avg ex cycles: 196
T2 avg ex cycles: -nan
T3&b avg ex cycles: 2
T4 avg ex cycles: -nan
Avg. hops NOC1: -nan
Avg. latency NOC1 (T2): -nan
Avg. hops NOC2: 17
Avg. latency NOC2 (T3): 3,279

===PRINTING ACUM STATS at pu_cycles: 600,395

ACollision In Avg:19, SD:3, Max:29, Min:13
ACollision Out Avg:3, SD:1, Max:7, Min:1
ACollision End Avg:0, SD:0, Max:0, Min:0
ATask1 Avg:76, SD:4, Max:85, Min:50
ATask2 Avg:0, SD:0, Max:0, Min:0
ATask3 Avg:24, SD:4, Max:50, Min:15
ACore Active Avg:100, SD:0, Max:100, Min:99
ARouter Active Avg:95, SD:1, Max:97, Min:92
T1 invocations: 2,386,663
T2 invocations: 0
T3 invocations: 73,462,367
T3b invocations: 0
Total3 invocations: 73,462,367
Total4 invocations: 0

T3/T2 ratio: inf
T3b/T3 ratio: 0

T1 avg ex cycles: 195
T2 avg ex cycles: -nan
T3&b avg ex cycles: 2
T4 avg ex cycles: -nan
Avg. hops NOC1: -nan
Avg. latency NOC1 (T2): -nan
Avg. hops NOC2: 17
Avg. latency NOC2 (T3): 3,266
Number of K Nodes Processed: 73,754
Number of K Edges Processed: 73,754
Node Re-explore factor: 17.58
Edge Re-explore factor: 0.57
Nodes/cy: 123
Edges/cy: 123
TEPS: 214

---DCache---
DCache Size: 129,408
DRAM words: 0
  DHits: 0
  DMisses: 0

---Energy---
Leakage Energy (nJ): 203,141
PU Dyn E (nJ): 4,122,770
Mem Dyn E (nJ): 12,230,060
Route Dyn E (nJ): 7,612,253
Dynamic Energy (nJ): 23,965,083
Ratio of Dyn/Leak: 118
Total Energy (nJ): 24,168,224
Total Energy (nJ) 3D: 26,863,239
Cores Energy (nJ): 4,124,441
Route Energy (nJ): 7,617,754
Route Energy (nJ) 3D: 10,312,769
Mem Energy   (nJ): 12,426,029
Mem Energy   (nJ) 3D: 12,426,029
Avg. Power (mW): 40,253.87
Power Density (mW/mm2): 90.27

---Runtime---
Runtime in K cycles: 600.39
Microseconds: 600.39
Time per iteration (ms): 0.60

---Throughput---
GOP/s (aka OPS/ns): 1,014.86
GOP/s per core: 0.99
FLOP/s: 123.06
FLOP/s per core: 0.12
Max Peak FLOP/s: 1,024.00
Avg. BW GB/s: 3,968.72
Max BW GB/s: 4,096.00

---Traffic---
In-Die bisection_bytes BW (GB/s): 512.00
Inter-board traffic (msg/ns): 0.00, per-link: 0.00
Inter-pack traffic (msg/ns): 0.00, per-link: 0.00
Inter-die traffic (msg/ns): 0.00, per-link: 0.00
Ruche traffic (msg/ns): 0.00, per-link: 0.00
All traffic (msg/ns): 4,185.38, per-link: 4.09
Inter-die reduction wrt all: inf
Inter-board reduction wrt inter-die: -nan

---Data Movement---
All traffic (msg): 2,512,878,386
Arith. Intensity FLOP/Loads: 0.20
Arith. Intensity FLOP/Msgs: 0.03
Arith. Intensity OPS/Loads: 1.63
Arith. Intensity OPS/Msgs: 0.24



===Core Utilization Total=== CORE-S:6;; TIME K cy:600 ;; Nodes Proc: 9,177,027 -- Edges Proc: 0

===PRINTING FRAME STATS

FCollision In Avg:18, SD:4, Max:41, Min:11
FCollision Out Avg:2, SD:1, Max:9, Min:0
FCollision End Avg:0, SD:0, Max:0, Min:0
FTask1 Avg:76, SD:4, Max:85, Min:50
FTask2 Avg:0, SD:0, Max:0, Min:0
FTask3 Avg:24, SD:4, Max:50, Min:15
FCore Active Avg:100, SD:0, Max:100, Min:97
FRouter Active Avg:95, SD:1, Max:97, Min:92
T1 invocations: 396,831
T2 invocations: 0
T3 invocations: 12,348,384
T3b invocations: 0
Total3 invocations: 12,348,384
Total4 invocations: 0

T3/T2 ratio: inf
T3b/T3 ratio: 0

T1 avg ex cycles: 196
T2 avg ex cycles: -nan
T3&b avg ex cycles: 2
T4 avg ex cycles: -nan
Avg. hops NOC1: -nan
Avg. latency NOC1 (T2): -nan
Avg. hops NOC2: 17
Avg. latency NOC2 (T3): 3,276

===PRINTING ACUM STATS at pu_cycles: 700,403

ACollision In Avg:19, SD:3, Max:29, Min:13
ACollision Out Avg:2, SD:1, Max:6, Min:0
ACollision End Avg:0, SD:0, Max:0, Min:0
ATask1 Avg:76, SD:4, Max:85, Min:50
ATask2 Avg:0, SD:0, Max:0, Min:0
ATask3 Avg:24, SD:4, Max:50, Min:15
ACore Active Avg:100, SD:0, Max:100, Min:99
ARouter Active Avg:95, SD:1, Max:97, Min:93
T1 invocations: 2,791,984
T2 invocations: 0
T3 invocations: 86,078,986
T3b invocations: 0
Total3 invocations: 86,078,986
Total4 invocations: 0

T3/T2 ratio: inf
T3b/T3 ratio: 0

T1 avg ex cycles: 195
T2 avg ex cycles: -nan
T3&b avg ex cycles: 2
T4 avg ex cycles: -nan
Avg. hops NOC1: -nan
Avg. latency NOC1 (T2): -nan
Avg. hops NOC2: 17
Avg. latency NOC2 (T3): 3,267
Number of K Nodes Processed: 86,102
Number of K Edges Processed: 86,102
Node Re-explore factor: 20.53
Edge Re-explore factor: 0.67
Nodes/cy: 123
Edges/cy: 123
TEPS: 183

---DCache---
DCache Size: 129,408
DRAM words: 0
  DHits: 0
  DMisses: 0

---Energy---
Leakage Energy (nJ): 236,978
PU Dyn E (nJ): 4,826,978
Mem Dyn E (nJ): 14,327,037
Route Dyn E (nJ): 8,910,907
Dynamic Energy (nJ): 28,064,923
Ratio of Dyn/Leak: 118
Total Energy (nJ): 28,301,901
Total Energy (nJ) 3D: 31,456,686
Cores Energy (nJ): 4,828,928
Route Energy (nJ): 8,917,325
Route Energy (nJ) 3D: 12,072,110
Mem Energy   (nJ): 14,555,648
Mem Energy   (nJ) 3D: 14,555,648
Avg. Power (mW): 40,408.02
Power Density (mW/mm2): 90.61

---Runtime---
Runtime in K cycles: 700.40
Microseconds: 700.40
Time per iteration (ms): 0.70

---Throughput---
GOP/s (aka OPS/ns): 1,018.61
GOP/s per core: 0.99
FLOP/s: 123.49
FLOP/s per core: 0.12
Max Peak FLOP/s: 1,024.00
Avg. BW GB/s: 3,985.31
Max BW GB/s: 4,096.00

---Traffic---
In-Die bisection_bytes BW (GB/s): 512.00
Inter-board traffic (msg/ns): 0.00, per-link: 0.00
Inter-pack traffic (msg/ns): 0.00, per-link: 0.00
Inter-die traffic (msg/ns): 0.00, per-link: 0.00
Ruche traffic (msg/ns): 0.00, per-link: 0.00
All traffic (msg/ns): 4,200.07, per-link: 4.10
Inter-die reduction wrt all: inf
Inter-board reduction wrt inter-die: -nan

---Data Movement---
All traffic (msg): 2,941,744,540
Arith. Intensity FLOP/Loads: 0.20
Arith. Intensity FLOP/Msgs: 0.03
Arith. Intensity OPS/Loads: 1.63
Arith. Intensity OPS/Msgs: 0.24



===Core Utilization Total=== CORE-S:7;; TIME K cy:700 ;; Nodes Proc: 10,714,193 -- Edges Proc: 0

===PRINTING FRAME STATS

FCollision In Avg:20, SD:5, Max:39, Min:11
FCollision Out Avg:3, SD:2, Max:12, Min:0
FCollision End Avg:0, SD:0, Max:0, Min:0
FTask1 Avg:76, SD:4, Max:85, Min:50
FTask2 Avg:0, SD:0, Max:0, Min:0
FTask3 Avg:24, SD:4, Max:50, Min:15
FCore Active Avg:100, SD:0, Max:100, Min:96
FRouter Active Avg:95, SD:1, Max:97, Min:91
T1 invocations: 400,791
T2 invocations: 0
T3 invocations: 12,330,915
T3b invocations: 0
Total3 invocations: 12,330,915
Total4 invocations: 0

T3/T2 ratio: inf
T3b/T3 ratio: 0

T1 avg ex cycles: 194
T2 avg ex cycles: -nan
T3&b avg ex cycles: 2
T4 avg ex cycles: -nan
Avg. hops NOC1: -nan
Avg. latency NOC1 (T2): -nan
Avg. hops NOC2: 17
Avg. latency NOC2 (T3): 3,261

===PRINTING ACUM STATS at pu_cycles: 800,402

ACollision In Avg:19, SD:3, Max:30, Min:13
ACollision Out Avg:3, SD:1, Max:7, Min:1
ACollision End Avg:0, SD:0, Max:0, Min:0
ATask1 Avg:76, SD:4, Max:85, Min:50
ATask2 Avg:0, SD:0, Max:0, Min:0
ATask3 Avg:24, SD:4, Max:50, Min:15
ACore Active Avg:100, SD:0, Max:100, Min:99
ARouter Active Avg:95, SD:1, Max:97, Min:92
T1 invocations: 3,192,775
T2 invocations: 0
T3 invocations: 98,409,901
T3b invocations: 0
Total3 invocations: 98,409,901
Total4 invocations: 0

T3/T2 ratio: inf
T3b/T3 ratio: 0

T1 avg ex cycles: 195
T2 avg ex cycles: -nan
T3&b avg ex cycles: 2
T4 avg ex cycles: -nan
Avg. hops NOC1: -nan
Avg. latency NOC1 (T2): -nan
Avg. hops NOC2: 17
Avg. latency NOC2 (T3): 3,266
Number of K Nodes Processed: 98,434
Number of K Edges Processed: 98,434
Node Re-explore factor: 23.47
Edge Re-explore factor: 0.77
Nodes/cy: 123
Edges/cy: 123
TEPS: 160

---DCache---
DCache Size: 129,408
DRAM words: 0
  DHits: 0
  DMisses: 0

---Energy---
Leakage Energy (nJ): 270,812
PU Dyn E (nJ): 5,516,064
Mem Dyn E (nJ): 16,377,375
Route Dyn E (nJ): 10,178,518
Dynamic Energy (nJ): 32,071,957
Ratio of Dyn/Leak: 118
Total Energy (nJ): 32,342,769
Total Energy (nJ) 3D: 35,946,335
Cores Energy (nJ): 5,518,292
Route Energy (nJ): 10,185,852
Route Energy (nJ) 3D: 13,789,418
Mem Energy   (nJ): 16,638,626
Mem Energy   (nJ) 3D: 16,638,626
Avg. Power (mW): 40,408.16
Power Density (mW/mm2): 90.61

---Runtime---
Runtime in K cycles: 800.40
Microseconds: 800.40
Time per iteration (ms): 0.80

---Throughput---
GOP/s (aka OPS/ns): 1,018.65
GOP/s per core: 0.99
FLOP/s: 123.47
FLOP/s per core: 0.12
Max Peak FLOP/s: 1,024.00
Avg. BW GB/s: 3,986.46
Max BW GB/s: 4,096.00

---Traffic---
In-Die bisection_bytes BW (GB/s): 512.00
Inter-board traffic (msg/ns): 0.00, per-link: 0.00
Inter-pack traffic (msg/ns): 0.00, per-link: 0.00
Inter-die traffic (msg/ns): 0.00, per-link: 0.00
Ruche traffic (msg/ns): 0.00, per-link: 0.00
All traffic (msg/ns): 4,198.38, per-link: 4.10
Inter-die reduction wrt all: inf
Inter-board reduction wrt inter-die: -nan

---Data Movement---
All traffic (msg): 3,360,390,734
Arith. Intensity FLOP/Loads: 0.20
Arith. Intensity FLOP/Msgs: 0.03
Arith. Intensity OPS/Loads: 1.63
Arith. Intensity OPS/Msgs: 0.24



===Core Utilization Total=== CORE-S:8;; TIME K cy:800 ;; Nodes Proc: 12,246,357 -- Edges Proc: 0

===PRINTING FRAME STATS

FCollision In Avg:18, SD:4, Max:32, Min:11
FCollision Out Avg:2, SD:2, Max:8, Min:0
FCollision End Avg:0, SD:0, Max:0, Min:0
FTask1 Avg:76, SD:4, Max:85, Min:50
FTask2 Avg:0, SD:0, Max:0, Min:0
FTask3 Avg:24, SD:4, Max:50, Min:15
FCore Active Avg:100, SD:0, Max:100, Min:97
FRouter Active Avg:95, SD:1, Max:98, Min:92
T1 invocations: 396,881
T2 invocations: 0
T3 invocations: 12,349,075
T3b invocations: 0
Total3 invocations: 12,349,075
Total4 invocations: 0

T3/T2 ratio: inf
T3b/T3 ratio: 0

T1 avg ex cycles: 196
T2 avg ex cycles: -nan
T3&b avg ex cycles: 2
T4 avg ex cycles: -nan
Avg. hops NOC1: -nan
Avg. latency NOC1 (T2): -nan
Avg. hops NOC2: 17
Avg. latency NOC2 (T3): 3,279

===PRINTING ACUM STATS at pu_cycles: 900,403

ACollision In Avg:19, SD:3, Max:30, Min:13
ACollision Out Avg:3, SD:1, Max:7, Min:1
ACollision End Avg:0, SD:0, Max:0, Min:0
ATask1 Avg:76, SD:4, Max:85, Min:50
ATask2 Avg:0, SD:0, Max:0, Min:0
ATask3 Avg:24, SD:4, Max:50, Min:15
ACore Active Avg:100, SD:0, Max:100, Min:99
ARouter Active Avg:95, SD:1, Max:97, Min:93
T1 invocations: 3,589,656
T2 invocations: 0
T3 invocations: 110,758,976
T3b invocations: 0
Total3 invocations: 110,758,976
Total4 invocations: 0

T3/T2 ratio: inf
T3b/T3 ratio: 0

T1 avg ex cycles: 195
T2 avg ex cycles: -nan
T3&b avg ex cycles: 2
T4 avg ex cycles: -nan
Avg. hops NOC1: -nan
Avg. latency NOC1 (T2): -nan
Avg. hops NOC2: 17
Avg. latency NOC2 (T3): 3,268
Number of K Nodes Processed: 110,783
Number of K Edges Processed: 110,783
Node Re-explore factor: 26.41
Edge Re-explore factor: 0.86
Nodes/cy: 123
Edges/cy: 123
TEPS: 143

---DCache---
DCache Size: 129,408
DRAM words: 0
  DHits: 0
  DMisses: 0

---Energy---
Leakage Energy (nJ): 304,647
PU Dyn E (nJ): 6,205,549
Mem Dyn E (nJ): 18,430,070
Route Dyn E (nJ): 11,451,652
Dynamic Energy (nJ): 36,087,271
Ratio of Dyn/Leak: 118
Total Energy (nJ): 36,391,918
Total Energy (nJ) 3D: 40,446,219
Cores Energy (nJ): 6,208,055
Route Energy (nJ): 11,459,902
Route Energy (nJ) 3D: 15,514,204
Mem Energy   (nJ): 18,723,961
Mem Energy   (nJ) 3D: 18,723,961
Avg. Power (mW): 40,417.37
Power Density (mW/mm2): 90.63

---Runtime---
Runtime in K cycles: 900.40
Microseconds: 900.40
Time per iteration (ms): 0.90

---Throughput---
GOP/s (aka OPS/ns): 1,018.73
GOP/s per core: 0.99
FLOP/s: 123.47
FLOP/s per core: 0.12
Max Peak FLOP/s: 1,024.00
Avg. BW GB/s: 3,987.85
Max BW GB/s: 4,096.00

---Traffic---
In-Die bisection_bytes BW (GB/s): 512.00
Inter-board traffic (msg/ns): 0.00, per-link: 0.00
Inter-pack traffic (msg/ns): 0.00, per-link: 0.00
Inter-die traffic (msg/ns): 0.00, per-link: 0.00
Ruche traffic (msg/ns): 0.00, per-link: 0.00
All traffic (msg/ns): 4,199.00, per-link: 4.10
Inter-die reduction wrt all: inf
Inter-board reduction wrt inter-die: -nan

---Data Movement---
All traffic (msg): 3,780,789,780
Arith. Intensity FLOP/Loads: 0.20
Arith. Intensity FLOP/Msgs: 0.03
Arith. Intensity OPS/Loads: 1.63
Arith. Intensity OPS/Msgs: 0.24



===Core Utilization Total=== CORE-S:9;; TIME K cy:900 ;; Nodes Proc: 13,782,919 -- Edges Proc: 0

===PRINTING FRAME STATS

FCollision In Avg:17, SD:4, Max:37, Min:8
FCollision Out Avg:2, SD:2, Max:9, Min:0
FCollision End Avg:0, SD:0, Max:0, Min:0
FTask1 Avg:73, SD:8, Max:80, Min:26
FTask2 Avg:0, SD:0, Max:0, Min:0
FTask3 Avg:23, SD:4, Max:48, Min:15
FCore Active Avg:96, SD:9, Max:100, Min:41
FRouter Active Avg:94, SD:1, Max:97, Min:90
T1 invocations: 380,194
T2 invocations: 0
T3 invocations: 11,911,652
T3b invocations: 0
Total3 invocations: 11,911,652
Total4 invocations: 0

T3/T2 ratio: inf
T3b/T3 ratio: 0

T1 avg ex cycles: 195
T2 avg ex cycles: -nan
T3&b avg ex cycles: 2
T4 avg ex cycles: -nan
Avg. hops NOC1: -nan
Avg. latency NOC1 (T2): -nan
Avg. hops NOC2: 17
Avg. latency NOC2 (T3): 3,218

===PRINTING ACUM STATS at pu_cycles: 1,000,402

ACollision In Avg:19, SD:3, Max:30, Min:13
ACollision Out Avg:3, SD:1, Max:7, Min:1
ACollision End Avg:0, SD:0, Max:0, Min:0
ATask1 Avg:76, SD:4, Max:79, Min:50
ATask2 Avg:0, SD:0, Max:0, Min:0
ATask3 Avg:24, SD:4, Max:50, Min:15
ACore Active Avg:100, SD:1, Max:100, Min:94
ARouter Active Avg:95, SD:1, Max:97, Min:92
T1 invocations: 3,969,850
T2 invocations: 0
T3 invocations: 122,670,628
T3b invocations: 0
Total3 invocations: 122,670,628
Total4 invocations: 0

T3/T2 ratio: inf
T3b/T3 ratio: 0

T1 avg ex cycles: 195
T2 avg ex cycles: -nan
T3&b avg ex cycles: 2
T4 avg ex cycles: -nan
Avg. hops NOC1: -nan
Avg. latency NOC1 (T2): -nan
Avg. hops NOC2: 17
Avg. latency NOC2 (T3): 3,263
Number of K Nodes Processed: 122,690
Number of K Edges Processed: 122,690
Node Re-explore factor: 29.25
Edge Re-explore factor: 0.96
Nodes/cy: 123
Edges/cy: 123
TEPS: 128

---DCache---
DCache Size: 129,408
DRAM words: 0
  DHits: 0
  DMisses: 0

---Energy---
Leakage Energy (nJ): 338,481
PU Dyn E (nJ): 6,865,933
Mem Dyn E (nJ): 20,405,953
Route Dyn E (nJ): 12,666,466
Dynamic Energy (nJ): 39,938,352
Ratio of Dyn/Leak: 118
Total Energy (nJ): 40,276,833
Total Energy (nJ) 3D: 44,761,223
Cores Energy (nJ): 6,868,718
Route Energy (nJ): 12,675,632
Route Energy (nJ) 3D: 17,160,022
Mem Energy   (nJ): 20,732,485
Mem Energy   (nJ) 3D: 20,732,485
Avg. Power (mW): 40,260.65
Power Density (mW/mm2): 90.28

---Runtime---
Runtime in K cycles: 1,000.40
Microseconds: 1,000.40
Time per iteration (ms): 1.00

---Throughput---
GOP/s (aka OPS/ns): 1,014.57
GOP/s per core: 0.99
FLOP/s: 122.93
FLOP/s per core: 0.12
Max Peak FLOP/s: 1,024.00
Avg. BW GB/s: 3,973.98
Max BW GB/s: 4,096.00

---Traffic---
In-Die bisection_bytes BW (GB/s): 512.00
Inter-board traffic (msg/ns): 0.00, per-link: 0.00
Inter-pack traffic (msg/ns): 0.00, per-link: 0.00
Inter-die traffic (msg/ns): 0.00, per-link: 0.00
Ruche traffic (msg/ns): 0.00, per-link: 0.00
All traffic (msg/ns): 4,180.51, per-link: 4.08
Inter-die reduction wrt all: inf
Inter-board reduction wrt inter-die: -nan

---Data Movement---
All traffic (msg): 4,182,187,572
Arith. Intensity FLOP/Loads: 0.20
Arith. Intensity FLOP/Msgs: 0.03
Arith. Intensity OPS/Loads: 1.63
Arith. Intensity OPS/Msgs: 0.24



===Core Utilization Total=== CORE-S:10;; TIME K cy:1,000 ;; Nodes Proc: 15,264,830 -- Edges Proc: 0

===PRINTING FRAME STATS

FCollision In Avg:3, SD:2, Max:26, Min:1
FCollision Out Avg:0, SD:0, Max:8, Min:0
FCollision End Avg:0, SD:0, Max:0, Min:0
FTask1 Avg:30, SD:29, Max:89, Min:0
FTask2 Avg:0, SD:0, Max:0, Min:0
FTask3 Avg:10, SD:3, Max:34, Min:6
FCore Active Avg:40, SD:30, Max:100, Min:6
FRouter Active Avg:55, SD:6, Max:96, Min:43
T1 invocations: 150,957
T2 invocations: 0
T3 invocations: 5,187,500
T3b invocations: 0
Total3 invocations: 5,187,500
Total4 invocations: 0

T3/T2 ratio: inf
T3b/T3 ratio: 0

T1 avg ex cycles: 200
T2 avg ex cycles: -nan
T3&b avg ex cycles: 2
T4 avg ex cycles: -nan
Avg. hops NOC1: -nan
Avg. latency NOC1 (T2): -nan
Avg. hops NOC2: 16
Avg. latency NOC2 (T3): 2,762

===PRINTING ACUM STATS at pu_cycles: 1,100,376

ACollision In Avg:17, SD:3, Max:27, Min:12
ACollision Out Avg:2, SD:1, Max:6, Min:1
ACollision End Avg:0, SD:0, Max:0, Min:0
ATask1 Avg:71, SD:1, Max:72, Min:53
ATask2 Avg:0, SD:0, Max:0, Min:0
ATask3 Avg:23, SD:4, Max:47, Min:14
ACore Active Avg:94, SD:3, Max:100, Min:86
ARouter Active Avg:91, SD:1, Max:96, Min:88
T1 invocations: 4,118,426
T2 invocations: 0
T3 invocations: 127,740,815
T3b invocations: 0
Total3 invocations: 127,740,815
Total4 invocations: 0

T3/T2 ratio: inf
T3b/T3 ratio: 0

T1 avg ex cycles: 195
T2 avg ex cycles: -nan
T3&b avg ex cycles: 2
T4 avg ex cycles: -nan
Avg. hops NOC1: -nan
Avg. latency NOC1 (T2): -nan
Avg. hops NOC2: 17
Avg. latency NOC2 (T3): 3,243
Number of K Nodes Processed: 127,787
Number of K Edges Processed: 127,787
Node Re-explore factor: 30.47
Edge Re-explore factor: 1.00
Nodes/cy: 116
Edges/cy: 116
TEPS: 117

---DCache---
DCache Size: 129,408
DRAM words: 0
  DHits: 0
  DMisses: 0

---Energy---
Leakage Energy (nJ): 372,307
PU Dyn E (nJ): 7,133,529
Mem Dyn E (nJ): 21,234,985
Route Dyn E (nJ): 13,158,999
Dynamic Energy (nJ): 41,527,514
Ratio of Dyn/Leak: 112
Total Energy (nJ): 41,899,821
Total Energy (nJ) 3D: 46,558,585
Cores Energy (nJ): 7,136,592
Route Energy (nJ): 13,169,082
Route Energy (nJ) 3D: 17,827,846
Mem Energy   (nJ): 21,594,148
Mem Energy   (nJ) 3D: 21,594,148
Avg. Power (mW): 38,077.73
Power Density (mW/mm2): 85.39

---Runtime---
Runtime in K cycles: 1,100.38
Microseconds: 1,100.38
Time per iteration (ms): 1.10

---Throughput---
GOP/s (aka OPS/ns): 958.54
GOP/s per core: 0.94
FLOP/s: 116.07
FLOP/s per core: 0.11
Max Peak FLOP/s: 1,024.00
Avg. BW GB/s: 3,759.59
Max BW GB/s: 4,096.00

---Traffic---
In-Die bisection_bytes BW (GB/s): 512.00
Inter-board traffic (msg/ns): 0.00, per-link: 0.00
Inter-pack traffic (msg/ns): 0.00, per-link: 0.00
Inter-die traffic (msg/ns): 0.00, per-link: 0.00
Ruche traffic (msg/ns): 0.00, per-link: 0.00
All traffic (msg/ns): 3,949.02, per-link: 3.86
Inter-die reduction wrt all: inf
Inter-board reduction wrt inter-die: -nan

---Data Movement---
All traffic (msg): 4,345,411,640
Arith. Intensity FLOP/Loads: 0.20
Arith. Intensity FLOP/Msgs: 0.03
Arith. Intensity OPS/Loads: 1.63
Arith. Intensity OPS/Msgs: 0.24



===Core Utilization Total=== CORE-S:11;; TIME K cy:1,100 ;; Nodes Proc: 15,900,810 -- Edges Proc: 0
======== IT IS COLD ======= Only 9 Tiles active

===PRINTING FRAME STATS

FCollision In Avg:0, SD:0, Max:4, Min:0
FCollision Out Avg:0, SD:0, Max:0, Min:0
FCollision End Avg:0, SD:0, Max:0, Min:0
FTask1 Avg:3, SD:12, Max:99, Min:0
FTask2 Avg:0, SD:0, Max:0, Min:0
FTask3 Avg:1, SD:1, Max:16, Min:0
FCore Active Avg:4, SD:13, Max:100, Min:0
FRouter Active Avg:7, SD:4, Max:66, Min:3
T1 invocations: 13,962
T2 invocations: 0
T3 invocations: 495,058
T3b invocations: 0
Total3 invocations: 495,058
Total4 invocations: 0

T3/T2 ratio: inf
T3b/T3 ratio: 0

T1 avg ex cycles: 201
T2 avg ex cycles: -nan
T3&b avg ex cycles: 2
T4 avg ex cycles: -nan
Avg. hops NOC1: -nan
Avg. latency NOC1 (T2): -nan
Avg. hops NOC2: 15
Avg. latency NOC2 (T3): 2,698

===PRINTING ACUM STATS at pu_cycles: 1,200,362

ACollision In Avg:16, SD:2, Max:25, Min:11
ACollision Out Avg:2, SD:1, Max:6, Min:1
ACollision End Avg:0, SD:0, Max:0, Min:0
ATask1 Avg:66, SD:0, Max:66, Min:57
ATask2 Avg:0, SD:0, Max:0, Min:0
ATask3 Avg:21, SD:4, Max:43, Min:13
ACore Active Avg:87, SD:4, Max:100, Min:79
ARouter Active Avg:84, SD:1, Max:93, Min:81
T1 invocations: 4,134,605
T2 invocations: 0
T3 invocations: 128,263,739
T3b invocations: 0
Total3 invocations: 128,263,739
Total4 invocations: 0

T3/T2 ratio: inf
T3b/T3 ratio: 0

T1 avg ex cycles: 195
T2 avg ex cycles: -nan
T3&b avg ex cycles: 2
T4 avg ex cycles: -nan
Avg. hops NOC1: -nan
Avg. latency NOC1 (T2): -nan
Avg. hops NOC2: 17
Avg. latency NOC2 (T3): 3,242
Number of K Nodes Processed: 128,265
Number of K Edges Processed: 128,265
Node Re-explore factor: 30.58
Edge Re-explore factor: 1.00
Nodes/cy: 107
Edges/cy: 107
TEPS: 107

---DCache---
DCache Size: 129,408
DRAM words: 0
  DHits: 0
  DMisses: 0

---Energy---
Leakage Energy (nJ): 406,137
PU Dyn E (nJ): 7,162,423
Mem Dyn E (nJ): 21,321,628
Route Dyn E (nJ): 13,207,839
Dynamic Energy (nJ): 41,691,891
Ratio of Dyn/Leak: 103
Total Energy (nJ): 42,098,028
Total Energy (nJ) 3D: 46,774,083
Cores Energy (nJ): 7,165,764
Route Energy (nJ): 13,218,837
Route Energy (nJ) 3D: 17,894,892
Mem Energy   (nJ): 21,713,427
Mem Energy   (nJ) 3D: 21,713,427
Avg. Power (mW): 35,071.11
Power Density (mW/mm2): 78.64

---Runtime---
Runtime in K cycles: 1,200.36
Microseconds: 1,200.36
Time per iteration (ms): 1.20

---Throughput---
GOP/s (aka OPS/ns): 882.25
GOP/s per core: 0.86
FLOP/s: 106.83
FLOP/s per core: 0.10
Max Peak FLOP/s: 1,024.00
Avg. BW GB/s: 3,460.49
Max BW GB/s: 4,096.00

---Traffic---
In-Die bisection_bytes BW (GB/s): 512.00
Inter-board traffic (msg/ns): 0.00, per-link: 0.00
Inter-pack traffic (msg/ns): 0.00, per-link: 0.00
Inter-die traffic (msg/ns): 0.00, per-link: 0.00
Ruche traffic (msg/ns): 0.00, per-link: 0.00
All traffic (msg/ns): 3,633.60, per-link: 3.55
Inter-die reduction wrt all: inf
Inter-board reduction wrt inter-die: -nan

---Data Movement---
All traffic (msg): 4,361,637,148
Arith. Intensity FLOP/Loads: 0.20
Arith. Intensity FLOP/Msgs: 0.03
Arith. Intensity OPS/Loads: 1.63
Arith. Intensity OPS/Msgs: 0.24



===Core Utilization Total=== CORE-S:12;; TIME K cy:1,200 ;; Nodes Proc: 15,959,825 -- Edges Proc: 0
======== IT IS COLD ======= Only 2 Tiles active

===PRINTING FRAME STATS

FCollision In Avg:0, SD:0, Max:0, Min:0
FCollision Out Avg:0, SD:0, Max:0, Min:0
FCollision End Avg:0, SD:0, Max:0, Min:0
FTask1 Avg:0, SD:4, Max:98, Min:0
FTask2 Avg:0, SD:0, Max:0, Min:0
FTask3 Avg:0, SD:0, Max:2, Min:0
FCore Active Avg:0, SD:4, Max:100, Min:0
FRouter Active Avg:1, SD:1, Max:23, Min:0
T1 invocations: 1,301
T2 invocations: 0
T3 invocations: 45,374
T3b invocations: 0
Total3 invocations: 45,374
Total4 invocations: 0

T3/T2 ratio: inf
T3b/T3 ratio: 0

T1 avg ex cycles: 201
T2 avg ex cycles: -nan
T3&b avg ex cycles: 2
T4 avg ex cycles: -nan
Avg. hops NOC1: -nan
Avg. latency NOC1 (T2): -nan
Avg. hops NOC2: 15
Avg. latency NOC2 (T3): 4,854

===PRINTING ACUM STATS at pu_cycles: 1,300,146

ACollision In Avg:15, SD:2, Max:23, Min:10
ACollision Out Avg:2, SD:1, Max:5, Min:1
ACollision End Avg:0, SD:0, Max:0, Min:0
ATask1 Avg:61, SD:0, Max:61, Min:57
ATask2 Avg:0, SD:0, Max:0, Min:0
ATask3 Avg:19, SD:3, Max:43, Min:12
ACore Active Avg:80, SD:3, Max:100, Min:73
ARouter Active Avg:78, SD:1, Max:87, Min:75
T1 invocations: 4,136,399
T2 invocations: 0
T3 invocations: 128,309,731
T3b invocations: 0
Total3 invocations: 128,309,731
Total4 invocations: 0

T3/T2 ratio: inf
T3b/T3 ratio: 0

T1 avg ex cycles: 195
T2 avg ex cycles: -nan
T3&b avg ex cycles: 2
T4 avg ex cycles: -nan
Avg. hops NOC1: -nan
Avg. latency NOC1 (T2): -nan
Avg. hops NOC2: 17
Avg. latency NOC2 (T3): 3,243
Number of K Nodes Processed: 128,309
Number of K Edges Processed: 128,309
Node Re-explore factor: 30.59
Edge Re-explore factor: 1.00
Nodes/cy: 99
Edges/cy: 99
TEPS: 99

---DCache---
DCache Size: 129,408
DRAM words: 0
  DHits: 0
  DMisses: 0

---Energy---
Leakage Energy (nJ): 439,898
PU Dyn E (nJ): 7,165,519
Mem Dyn E (nJ): 21,329,737
Route Dyn E (nJ): 13,212,162
Dynamic Energy (nJ): 41,707,418
Ratio of Dyn/Leak: 95
Total Energy (nJ): 42,147,316
Total Energy (nJ) 3D: 46,824,902
Cores Energy (nJ): 7,169,138
Route Energy (nJ): 13,224,075
Route Energy (nJ) 3D: 17,901,661
Mem Energy   (nJ): 21,754,104
Mem Energy   (nJ) 3D: 21,754,104
Avg. Power (mW): 32,417.37
Power Density (mW/mm2): 72.69

---Runtime---
Runtime in K cycles: 1,300.15
Microseconds: 1,300.15
Time per iteration (ms): 1.30

---Throughput---
GOP/s (aka OPS/ns): 814.89
GOP/s per core: 0.80
FLOP/s: 98.68
FLOP/s per core: 0.10
Max Peak FLOP/s: 1,024.00
Avg. BW GB/s: 3,196.12
Max BW GB/s: 4,096.00

---Traffic---
In-Die bisection_bytes BW (GB/s): 512.00
Inter-board traffic (msg/ns): 0.00, per-link: 0.00
Inter-pack traffic (msg/ns): 0.00, per-link: 0.00
Inter-die traffic (msg/ns): 0.00, per-link: 0.00
Ruche traffic (msg/ns): 0.00, per-link: 0.00
All traffic (msg/ns): 3,355.83, per-link: 3.28
Inter-die reduction wrt all: inf
Inter-board reduction wrt inter-die: -nan

---Data Movement---
All traffic (msg): 4,363,073,018
Arith. Intensity FLOP/Loads: 0.20
Arith. Intensity FLOP/Msgs: 0.03
Arith. Intensity OPS/Loads: 1.63
Arith. Intensity OPS/Msgs: 0.24



===Core Utilization Total=== CORE-S:13;; TIME K cy:1,300 ;; Nodes Proc: 15,965,533 -- Edges Proc: 0
======== IT IS COLD ======= Only 0 Tiles active
Epoch Done Router: 0
Epoch Done Router: 4
Epoch Done Router: 5
Epoch Done Router: 1
Epoch Done Router: 7
Epoch Done Router: 3
Epoch Done Router: 6
Epoch Done Router: 2
##EPOCH## 1 COMPLETED at Time (K cy): 1,308
Nodes processed until now: 128,311,436
Edges processed until now: 0
Program Done Worker Thread: 0
Program Done Router Thread: 1
Program Done Router Thread: 7
Program Done Router Thread: 2
Program Done Worker Thread: 1
Program Done Worker Thread: 7
Program Done Worker Thread: 5
Program Done Worker Thread: 6
Program Done Router Thread: 4
Program Done Router Thread: 5
Program Done Worker Thread: 2
Program Done Router Thread: 6
Program Done Router Thread: 3
Program Done Worker Thread: 3
Program Done Worker Thread: 4
Program Done Router Thread: 0

===PRINTING ACUM STATS at pu_cycles: 1,308,700

ACollision In Avg:14, SD:2, Max:23, Min:10
ACollision Out Avg:2, SD:1, Max:5, Min:1
ACollision End Avg:0, SD:0, Max:0, Min:0
ATask1 Avg:60, SD:0, Max:60, Min:60
ATask2 Avg:0, SD:0, Max:0, Min:0
ATask3 Avg:19, SD:3, Max:40, Min:12
ACore Active Avg:79, SD:3, Max:100, Min:72
ARouter Active Avg:77, SD:1, Max:81, Min:75
T1 invocations: 4,136,935
T2 invocations: 0
T3 invocations: 128,311,436
T3b invocations: 0
Total3 invocations: 128,311,436
Total4 invocations: 0

T3/T2 ratio: inf
T3b/T3 ratio: 0

T1 avg ex cycles: 195
T2 avg ex cycles: -nan
T3&b avg ex cycles: 2
T4 avg ex cycles: -nan
Avg. hops NOC1: -nan
Avg. latency NOC1 (T2): -nan
Avg. hops NOC2: 17
Avg. latency NOC2 (T3): 3,243

Runtime at program end in K cycles: 1,308
Runtime before cooldown in K cycles: 1,000


Number of K Nodes Processed: 128,311
Number of K Edges Processed: 128,311
Node Re-explore factor: 30.59
Edge Re-explore factor: 1.00
Nodes/cy: 98
Edges/cy: 98
TEPS: 98

---DCache---
DCache Size: 129,408
DRAM words: 0
  DHits: 0
  DMisses: 0

---Energy---
Leakage Energy (nJ): 442,793
PU Dyn E (nJ): 7,166,334
Mem Dyn E (nJ): 21,330,654
Route Dyn E (nJ): 13,212,392
Dynamic Energy (nJ): 41,709,381
Ratio of Dyn/Leak: 94
Total Energy (nJ): 42,152,174
Total Energy (nJ) 3D: 46,829,841
Cores Energy (nJ): 7,169,977
Route Energy (nJ): 13,224,384
Route Energy (nJ) 3D: 17,902,051
Mem Energy   (nJ): 21,757,814
Mem Energy   (nJ) 3D: 21,757,814
Avg. Power (mW): 32,209.20
Power Density (mW/mm2): 72.23

---Runtime---
Runtime in K cycles: 1,308.70
Microseconds: 1,308.70
Time per iteration (ms): 1.31

---Inst---
K Loads: 649,831
K Stores: 389,071
K Instructions: 1,059,585

---Throughput---
GOP/s (aka OPS/ns): 809.65
GOP/s per core: 0.79
FLOP/s: 98.04
FLOP/s per core: 0.10
Max Peak FLOP/s: 1,024.00
Avg. BW GB/s: 3,175.37
Max BW GB/s: 4,096.00

---Traffic---
In-Die bisection_bytes BW (GB/s): 512.00
Inter-board traffic (msg/ns): 0.00, per-link: 0.00
Inter-pack traffic (msg/ns): 0.00, per-link: 0.00
Inter-die traffic (msg/ns): 0.00, per-link: 0.00
Ruche traffic (msg/ns): 0.00, per-link: 0.00
All traffic (msg/ns): 3,333.96, per-link: 3.26
Inter-die reduction wrt all: inf
Inter-board reduction wrt inter-die: -nan

---Data Movement---
All traffic (msg): 4,363,147,884
Arith. Intensity FLOP/Loads: 0.20
Arith. Intensity FLOP/Msgs: 0.03
Arith. Intensity OPS/Loads: 1.63
Arith. Intensity OPS/Msgs: 0.24

Simulation time: 120.84
Sim noc_cy/s: 10,830.19
Sim Msg/s: 36,107,359.03

Version 31

