Dataset:  Kron22/
Dry run: 0
Dataset Footprint: 2 MiB
Dataset Footprint per Board: 16.777 Mb
Dataset injection time (ms): 0.00102399
Max Dataset Footprint: 0 MiB

Dataset footprint per tile: 0 KiB
Proxys footprint per tile: 0 KiB
Reserved SRAM per tile: 1 KiB

Ideal SRAM per tile: 1 KiB
reserved_words_for_dataset:26124
dataset_words_per_tile:128
remaining_sram_words:130622
min_dcache_sram_words_required:128
dataset_words_per_tile:128
min_pcache_sram_words_required:0
proxys_words_per_tile:0
Dcache footprint ratio: 1
Dataset Cached: 0
DCache: 128 words, lines: 8, sets: 8
Proxys Cached: 0
Pcache: 0 words, sets: 0
GRID_X: 64
GRID_SIZE: 4,096
smt_per_tile: 1
noc_freq: 1
pu_freq: 1
RUCHE_X: 0
PROXY_W: 64
DIE_W: 16
DIE_H: 16
DIES: 16
BORDER_TILES_PER_DIE: 64
PACK_W: 64
PACK_H: 64
DIES_PACK_FACTOR: 4
DIES_PER_PACK: 16
PACKAGES: 1
BOARD_W: 64
BOARD_H: 64
BOARDS: 1
MUX_BUS: 1
DCACHE: 0
PCACHE: 0
PROXY_FACTOR: 1
CACHE_WAYS: 1
TORUS: 0
PHY_NOCS: 1
WIDE_NOC_ID: 99
NOC_CONF: 0
noc_width: 32
hbm_channel_bit_width: 512
ld_st_op_byte_width: 4
PROXY_ROUTING: 0
WRITE_THROUGH: 1
ASSERT_MODE: 0
GLOBAL_BARRIER: 0
OQ flits: 6 ; 32 ; 6
IQ flits: 6 ; 256 ; 6
OQ messages: 2 ; 8 ; 1
IQ messages: 2 ; 64 ; 1
max_task2 size: 4
io_factor_t2: 8
io_factor_t3: 8
io_factor_t3b: 8

Active SRAM Storage per tile: 2 KiB
Total SRAM Storage per tile: 512 KiB
Agreggated SRAM Storage: 2,048 MiB

Inter-Die #links: 384
Inter-Die (Gbits): 12,288
Inter-Die (Gbits/mm): 377.397
Bisection BW of Board (Gbits): 12,288
Border IO #Dies: 16
Border IO Die BW (Gbits): 1,024
Off-Board BW Total (Gbits): 16,384
Off-Board BW Density (Gbits/mm): 110
Die side: 8.14 mm
Die border wire density: 377.40 Gbits/mm
HBM wire density: 503.20 Gbits/mm

Tiles per Die: 256 (16x16)
Tile Area: 0.19 mm2, side: 0.44 mm
- Core/Rout Area: 0.05 mm2
- SRAM Area: 0.14 mm2
- SRAM/Logic Ratio: 3.14x

Dies per Package: 16 (4x4)
Die Area: 66.26 mm2, side: 8.14 mm
- Tiles Area: 48.45 mm2
- PHY Area: 17.81 mm2
- MC Area: 0.00 mm2

Packages per Board: 1 (1x1)
Package Area: 1,380.15 mm2, side: 37.15 mm
- IOdie Area: 320.00 mm2
- Dies Area: 1,060.15 mm2
- HBM Area: 0.00 mm2

Boards: 1 (1x1)
Board Area: 1,380.15 mm2
Total Area: 1,380.15 mm2



ESTIMATED COST OF SILICON AND PACKAGING. ONLY VARIABLE, NO FIXED COSTS
Good dies per wafer 3d: 502
Good dies per wafer 2d: 845
--Dies 3D Cost: 192.73 $
--Dies 2.5D Cost: 114.50 $
--Dies 2D Cost: 114.50 $
--HBM Cost: 960.00 $
--IOdie Cost: 33.76 $
--Packaging Cost 3d: 39.70 $
--Packaging Cost 2.5d: 62.31 $
--Packaging Cost 2d: 22.24 $
SiP Cost 3d: 1,226.19 $
SiP Cost 2.5d: 1,170.57 $
SiP Cost 2d: 170.50 $
--Board Cost: 1.38 $
Total SiPs Cost 3d: 1,227.57 $
Total SiPs Cost 2.5d: 1,171.95 $
Total SiPs Cost 2d: 171.88 $

Perf counters initialized
Mesh connected
Cache structures initialized
Dataset structures initialized


Starting Simulation
INIT epoch: 1
INIT epoch: 1
INIT epoch: 1
INIT epoch: 1
INIT epoch: 1
INIT epoch: 1
INIT epoch: 1
INIT epoch: 1

===PRINTING FRAME STATS

FCollision In Avg:-nan, SD:-nan, Max:32, Min:0
FCollision Out Avg:-nan, SD:-nan, Max:31, Min:0
FCollision End Avg:-nan, SD:-nan, Max:0, Min:0
FTask1 Avg:-nan, SD:-nan, Max:71, Min:68
FTask2 Avg:-nan, SD:-nan, Max:0, Min:0
FTask3 Avg:-nan, SD:-nan, Max:8, Min:3
FCore Active Avg:-nan, SD:-nan, Max:77, Min:71
FRouter Active Avg:-nan, SD:-nan, Max:30, Min:3
T1 invocations: 42,787
T2 invocations: 0
T3 invocations: 108,655
T3b invocations: 0
Total3 invocations: 108,655
Total4 invocations: 0

T3/T2 ratio: inf
T3b/T3 ratio: 0

T1 avg ex cycles: 581
T2 avg ex cycles: -nan
T3&b avg ex cycles: 13
T4 avg ex cycles: -nan
Avg. hops NOC1: -nan
Avg. latency NOC1 (T2): -nan
Avg. hops NOC2: 20
Avg. latency NOC2 (T3): 444

===PRINTING ACUM STATS at pu_cycles: 10,017

ACollision In Avg:-nan, SD:-nan, Max:32, Min:0
ACollision Out Avg:-nan, SD:-nan, Max:31, Min:0
ACollision End Avg:-nan, SD:-nan, Max:0, Min:0
ATask1 Avg:-nan, SD:-nan, Max:71, Min:68
ATask2 Avg:-nan, SD:-nan, Max:0, Min:0
ATask3 Avg:-nan, SD:-nan, Max:8, Min:3
ACore Active Avg:-nan, SD:-nan, Max:77, Min:71
ARouter Active Avg:-nan, SD:-nan, Max:30, Min:3
T1 invocations: 43,192
T2 invocations: 0
T3 invocations: 110,500
T3b invocations: 0
Total3 invocations: 110,500
Total4 invocations: 0

T3/T2 ratio: inf
T3b/T3 ratio: 0

T1 avg ex cycles: 583
T2 avg ex cycles: -nan
T3&b avg ex cycles: 13
T4 avg ex cycles: -nan
Avg. hops NOC1: -nan
Avg. latency NOC1 (T2): -nan
Avg. hops NOC2: 20
Avg. latency NOC2 (T3): 453

---Energy---
Leakage Energy (nJ): 553
PU Dyn E (nJ): 247,264
Mem Dyn E (nJ): 25,200
Route Dyn E (nJ): 18,856
Dynamic Energy (nJ): 291,321
Ratio of Dyn/Leak: 527
Total Energy (nJ): 291,874
Total Energy (nJ) 3D: 300,832
Cores Energy (nJ): 247,376
Route Energy (nJ): 19,247
Route Energy (nJ) 3D: 28,205
Mem Energy   (nJ): 25,252
Mem Energy   (nJ) 3D: 25,252
Avg. Power (mW): 29,137.86
Power Density (mW/mm2): 21.11

---Runtime---
Runtime in K cycles: 10.02
Microseconds: 10.02
Time per iteration (ms): 0.01

---Throughput---
GOP/s (aka OPS/ns): 2,655.22
GOP/s per core: 0.65
FLOP/s: 690.60
FLOP/s per core: 0.17
Max Peak FLOP/s: 4,096.00
Avg. BW GB/s: 485.37
Max BW GB/s: 16,384.00

---Traffic---
In-Die bisection_bytes BW (GB/s): 64.00
Inter-board traffic (msg/ns): 0.00, per-link: 0.00
Inter-pack traffic (msg/ns): 0.00, per-link: 0.00
Inter-die traffic (msg/ns): 52.48, per-link: 0.05
Ruche traffic (msg/ns): 0.00, per-link: 0.00
All traffic (msg/ns): 881.65, per-link: 0.22
Inter-die reduction wrt all: 16.80
Inter-board reduction wrt inter-die: inf

---Data Movement---
All traffic (msg): 8,831,519
Arith. Intensity FLOP/Loads: 10.43
Arith. Intensity FLOP/Msgs: 0.78
Arith. Intensity GOPS/Loads: 0.00
Arith. Intensity GOPS/Msgs: 0.00



===Core Utilization Total=== CORE-S:1;; TIME K cy:10 ;; Nodes Proc: 0 -- Edges Proc: 0

===PRINTING FRAME STATS

FCollision In Avg:4, SD:3, Max:32, Min:0
FCollision Out Avg:7, SD:8, Max:30, Min:0
FCollision End Avg:0, SD:0, Max:0, Min:0
FTask1 Avg:69, SD:1, Max:72, Min:68
FTask2 Avg:0, SD:0, Max:0, Min:0
FTask3 Avg:4, SD:1, Max:8, Min:0
FCore Active Avg:74, SD:1, Max:79, Min:70
FRouter Active Avg:26, SD:9, Max:33, Min:2
T1 invocations: 45,086
T2 invocations: 0
T3 invocations: 139,479
T3b invocations: 0
Total3 invocations: 139,479
Total4 invocations: 0

T3/T2 ratio: inf
T3b/T3 ratio: 0

T1 avg ex cycles: 631
T2 avg ex cycles: -nan
T3&b avg ex cycles: 13
T4 avg ex cycles: -nan
Avg. hops NOC1: -nan
Avg. latency NOC1 (T2): -nan
Avg. hops NOC2: 26
Avg. latency NOC2 (T3): 1,289

===PRINTING ACUM STATS at pu_cycles: 20,049

ACollision In Avg:6, SD:4, Max:32, Min:0
ACollision Out Avg:14, SD:7, Max:31, Min:0
ACollision End Avg:0, SD:0, Max:0, Min:0
ATask1 Avg:70, SD:0, Max:71, Min:68
ATask2 Avg:0, SD:0, Max:0, Min:0
ATask3 Avg:4, SD:0, Max:8, Min:3
ACore Active Avg:74, SD:0, Max:77, Min:71
ARouter Active Avg:24, SD:8, Max:31, Min:3
T1 invocations: 91,264
T2 invocations: 0
T3 invocations: 263,908
T3b invocations: 0
Total3 invocations: 263,908
Total4 invocations: 0

T3/T2 ratio: inf
T3b/T3 ratio: 0

T1 avg ex cycles: 622
T2 avg ex cycles: -nan
T3&b avg ex cycles: 13
T4 avg ex cycles: -nan
Avg. hops NOC1: -nan
Avg. latency NOC1 (T2): -nan
Avg. hops NOC2: 23
Avg. latency NOC2 (T3): 886

---Energy---
Leakage Energy (nJ): 1,107
PU Dyn E (nJ): 559,727
Mem Dyn E (nJ): 60,186
Route Dyn E (nJ): 51,078
Dynamic Energy (nJ): 670,992
Ratio of Dyn/Leak: 606
Total Energy (nJ): 672,099
Total Energy (nJ) 3D: 696,960
Cores Energy (nJ): 559,951
Route Energy (nJ): 51,860
Route Energy (nJ) 3D: 76,720
Mem Energy   (nJ): 60,289
Mem Energy   (nJ) 3D: 60,289
Avg. Power (mW): 33,522.80
Power Density (mW/mm2): 24.29

---Runtime---
Runtime in K cycles: 20.05
Microseconds: 20.05
Time per iteration (ms): 0.02

---Throughput---
GOP/s (aka OPS/ns): 3,002.67
GOP/s per core: 0.73
FLOP/s: 781.16
FLOP/s per core: 0.19
Max Peak FLOP/s: 4,096.00
Avg. BW GB/s: 579.18
Max BW GB/s: 16,384.00

---Traffic---
In-Die bisection_bytes BW (GB/s): 64.00
Inter-board traffic (msg/ns): 0.00, per-link: 0.00
Inter-pack traffic (msg/ns): 0.00, per-link: 0.00
Inter-die traffic (msg/ns): 67.61, per-link: 0.07
Ruche traffic (msg/ns): 0.00, per-link: 0.00
All traffic (msg/ns): 1,208.86, per-link: 0.30
Inter-die reduction wrt all: 17.88
Inter-board reduction wrt inter-die: inf

---Data Movement---
All traffic (msg): 24,236,335
Arith. Intensity FLOP/Loads: 9.89
Arith. Intensity FLOP/Msgs: 0.65
Arith. Intensity GOPS/Loads: 0.00
Arith. Intensity GOPS/Msgs: 0.00



===Core Utilization Total=== CORE-S:2;; TIME K cy:20 ;; Nodes Proc: 0 -- Edges Proc: 0

===PRINTING FRAME STATS

FCollision In Avg:4, SD:4, Max:38, Min:0
FCollision Out Avg:15, SD:13, Max:46, Min:0
FCollision End Avg:0, SD:0, Max:0, Min:0
FTask1 Avg:63, SD:7, Max:72, Min:53
FTask2 Avg:0, SD:0, Max:0, Min:0
FTask3 Avg:6, SD:1, Max:7, Min:1
FCore Active Avg:68, SD:6, Max:77, Min:59
FRouter Active Avg:29, SD:12, Max:46, Min:2
T1 invocations: 56,410
T2 invocations: 0
T3 invocations: 198,481
T3b invocations: 0
Total3 invocations: 198,481
Total4 invocations: 0

T3/T2 ratio: inf
T3b/T3 ratio: 0

T1 avg ex cycles: 506
T2 avg ex cycles: -nan
T3&b avg ex cycles: 13
T4 avg ex cycles: -nan
Avg. hops NOC1: -nan
Avg. latency NOC1 (T2): -nan
Avg. hops NOC2: 22
Avg. latency NOC2 (T3): 1,118

===PRINTING ACUM STATS at pu_cycles: 33,137

ACollision In Avg:6, SD:4, Max:25, Min:0
ACollision Out Avg:16, SD:7, Max:36, Min:0
ACollision End Avg:0, SD:0, Max:0, Min:0
ATask1 Avg:67, SD:3, Max:71, Min:64
ATask2 Avg:0, SD:0, Max:0, Min:0
ATask3 Avg:5, SD:0, Max:5, Min:4
ACore Active Avg:72, SD:2, Max:75, Min:69
ARouter Active Avg:25, SD:8, Max:37, Min:3
T1 invocations: 128,808
T2 invocations: 0
T3 invocations: 383,620
T3b invocations: 0
Total3 invocations: 383,620
Total4 invocations: 0

T3/T2 ratio: inf
T3b/T3 ratio: 0

T1 avg ex cycles: 551
T2 avg ex cycles: -nan
T3&b avg ex cycles: 13
T4 avg ex cycles: -nan
Avg. hops NOC1: -nan
Avg. latency NOC1 (T2): -nan
Avg. hops NOC2: 23
Avg. latency NOC2 (T3): 986

---Energy---
Leakage Energy (nJ): 1,829
PU Dyn E (nJ): 702,368
Mem Dyn E (nJ): 87,487
Route Dyn E (nJ): 80,080
Dynamic Energy (nJ): 869,936
Ratio of Dyn/Leak: 476
Total Energy (nJ): 871,765
Total Energy (nJ) 3D: 906,411
Cores Energy (nJ): 702,737
Route Energy (nJ): 81,372
Route Energy (nJ) 3D: 116,018
Mem Energy   (nJ): 87,657
Mem Energy   (nJ) 3D: 87,657
Avg. Power (mW): 26,307.91
Power Density (mW/mm2): 19.06

---Runtime---
Runtime in K cycles: 33.14
Microseconds: 33.14
Time per iteration (ms): 0.03

---Throughput---
GOP/s (aka OPS/ns): 2,291.90
GOP/s per core: 0.56
FLOP/s: 590.02
FLOP/s per core: 0.14
Max Peak FLOP/s: 4,096.00
Avg. BW GB/s: 509.38
Max BW GB/s: 16,384.00

---Traffic---
In-Die bisection_bytes BW (GB/s): 64.00
Inter-board traffic (msg/ns): 0.00, per-link: 0.00
Inter-pack traffic (msg/ns): 0.00, per-link: 0.00
Inter-die traffic (msg/ns): 79.10, per-link: 0.08
Ruche traffic (msg/ns): 0.00, per-link: 0.00
All traffic (msg/ns): 1,043.30, per-link: 0.25
Inter-die reduction wrt all: 13.19
Inter-board reduction wrt inter-die: inf

---Data Movement---
All traffic (msg): 34,571,948
Arith. Intensity FLOP/Loads: 8.49
Arith. Intensity FLOP/Msgs: 0.57
Arith. Intensity GOPS/Loads: 0.00
Arith. Intensity GOPS/Msgs: 0.00



===Core Utilization Total=== CORE-S:3;; TIME K cy:32 ;; Nodes Proc: 0 -- Edges Proc: 0
======== IT IS COLD ======= Only 1 Tiles active
Epoch Done Router: 2
Epoch Done Router: 5
Epoch Done Router: 6
Epoch Done Router: 0
Epoch Done Router: 4
Epoch Done Router: 7
Epoch Done Router: 1
Epoch Done Router: 3
##EPOCH## 1 COMPLETED at Time (K cy): 33
Nodes processed until now: 0
Edges processed until now: 0
Program Done Worker Thread: 0
Program Done Router Thread: 4
Program Done Router Thread: 2
Program Done Worker Thread: 4
Program Done Worker Thread: 3
Program Done Router Thread: 7
Program Done Router Thread: 0
Program Done Router Thread: 1
Program Done Worker Thread: 1
Program Done Router Thread: 5
Program Done Worker Thread: 6
Program Done Worker Thread: 7
Program Done Router Thread: 3
Program Done Worker Thread: 5
Program Done Worker Thread: 2
Program Done Router Thread: 6

===PRINTING ACUM STATS at pu_cycles: 33,331

ACollision In Avg:6, SD:4, Max:27, Min:0
ACollision Out Avg:17, SD:6, Max:35, Min:0
ACollision End Avg:0, SD:0, Max:0, Min:0
ATask1 Avg:63, SD:0, Max:63, Min:63
ATask2 Avg:0, SD:0, Max:0, Min:0
ATask3 Avg:5, SD:0, Max:5, Min:5
ACore Active Avg:68, SD:0, Max:68, Min:68
ARouter Active Avg:27, SD:7, Max:36, Min:3
T1 invocations: 168,890
T2 invocations: 0
T3 invocations: 516,096
T3b invocations: 0
Total3 invocations: 516,096
Total4 invocations: 0

T3/T2 ratio: inf
T3b/T3 ratio: 0

T1 avg ex cycles: 508
T2 avg ex cycles: -nan
T3&b avg ex cycles: 13
T4 avg ex cycles: -nan
Avg. hops NOC1: -nan
Avg. latency NOC1 (T2): -nan
Avg. hops NOC2: 23
Avg. latency NOC2 (T3): 909

Runtime at program end in K cycles: 33
Runtime before cooldown in K cycles: 20



---Energy---
Leakage Energy (nJ): 1,840
PU Dyn E (nJ): 851,281
Mem Dyn E (nJ): 117,700
Route Dyn E (nJ): 98,619
Dynamic Energy (nJ): 1,067,600
Ratio of Dyn/Leak: 580
Total Energy (nJ): 1,069,440
Total Energy (nJ) 3D: 1,117,403
Cores Energy (nJ): 851,652
Route Energy (nJ): 99,918
Route Energy (nJ) 3D: 147,881
Mem Energy   (nJ): 117,870
Mem Energy   (nJ) 3D: 117,870
Avg. Power (mW): 32,085.44
Power Density (mW/mm2): 23.25

---Runtime---
Runtime in K cycles: 33.33
Microseconds: 33.33
Time per iteration (ms): 0.03

---Inst---
K Loads: 3,096
K Stores: 2,580
K Instructions: 92,463

---Throughput---
GOP/s (aka OPS/ns): 2,774.09
GOP/s per core: 0.68
FLOP/s: 707.84
FLOP/s per core: 0.17
Max Peak FLOP/s: 4,096.00
Avg. BW GB/s: 681.29
Max BW GB/s: 16,384.00

---Traffic---
In-Die bisection_bytes BW (GB/s): 64.00
Inter-board traffic (msg/ns): 0.00, per-link: 0.00
Inter-pack traffic (msg/ns): 0.00, per-link: 0.00
Inter-die traffic (msg/ns): 78.64, per-link: 0.08
Ruche traffic (msg/ns): 0.00, per-link: 0.00
All traffic (msg/ns): 1,403.88, per-link: 0.34
Inter-die reduction wrt all: 17.85
Inter-board reduction wrt inter-die: inf

---Data Movement---
All traffic (msg): 46,792,703
Arith. Intensity FLOP/Loads: 7.62
Arith. Intensity FLOP/Msgs: 0.50
Arith. Intensity GOPS/Loads: 0.00
Arith. Intensity GOPS/Msgs: 0.00

Simulation time: 7.66
Sim noc_cy/s: 4,349.87
Sim Msg/s: 6,106,694.47

Version 31

