Dataset:  Kron22/
Dry run: 0
Dataset Footprint: 2 MiB
Dataset Footprint per Board: 16.777 Mb
Dataset injection time (ms): 0.000255997
Max Dataset Footprint: 0 MiB

Dataset footprint per tile: 0 KiB
Proxys footprint per tile: 0 KiB
Reserved SRAM per tile: 1 KiB

Ideal SRAM per tile: 1 KiB
reserved_words_for_dataset:26124
dataset_words_per_tile:128
remaining_sram_words:130622
min_dcache_sram_words_required:128
dataset_words_per_tile:128
min_pcache_sram_words_required:0
proxys_words_per_tile:0
Dcache footprint ratio: 1
Dataset Cached: 0
DCache: 128 words, lines: 8, sets: 8
Proxys Cached: 0
Pcache: 0 words, sets: 0
GRID_X: 64
GRID_SIZE: 4,096
smt_per_tile: 1
noc_freq: 2
pu_freq: 1
RUCHE_X: 8
PROXY_W: 64
DIE_W: 16
DIE_H: 16
DIES: 16
BORDER_TILES_PER_DIE: 64
PACK_W: 64
PACK_H: 64
DIES_PACK_FACTOR: 4
DIES_PER_PACK: 16
PACKAGES: 1
BOARD_W: 64
BOARD_H: 64
BOARDS: 1
MUX_BUS: 1
DCACHE: 0
PCACHE: 0
PROXY_FACTOR: 1
CACHE_WAYS: 1
TORUS: 1
PHY_NOCS: 1
WIDE_NOC_ID: 0
NOC_CONF: 1
noc_width: 32
hbm_channel_bit_width: 512
ld_st_op_byte_width: 4
PROXY_ROUTING: 0
WRITE_THROUGH: 1
ASSERT_MODE: 0
GLOBAL_BARRIER: 0
OQ flits: 6 ; 32 ; 6
IQ flits: 6 ; 256 ; 6
OQ messages: 2 ; 8 ; 1
IQ messages: 2 ; 64 ; 1
max_task2 size: 4
io_factor_t2: 8
io_factor_t3: 8
io_factor_t3b: 8

Active SRAM Storage per tile: 2 KiB
Total SRAM Storage per tile: 512 KiB
Agreggated SRAM Storage: 2,048 MiB

Inter-Die #links: 512
Inter-Die (Gbits): 32,768
Inter-Die (Gbits/mm): 820.764
Bisection BW of Board (Gbits): 32,768
Border IO #Dies: 16
Border IO Die BW (Gbits): 4,096
Off-Board BW Total (Gbits): 65,536
Off-Board BW Density (Gbits/mm): 244
Die side: 9.98 mm
Die border wire density: 820.76 Gbits/mm
HBM wire density: 410.38 Gbits/mm

Tiles per Die: 256 (16x16)
Tile Area: 0.20 mm2, side: 0.45 mm
- Core/Rout Area: 0.06 mm2
- SRAM Area: 0.14 mm2
- SRAM/Logic Ratio: 2.39x

Dies per Package: 16 (4x4)
Die Area: 99.62 mm2, side: 9.98 mm
- Tiles Area: 52.13 mm2
- PHY Area: 47.49 mm2
- MC Area: 0.00 mm2

Packages per Board: 1 (1x1)
Package Area: 4,473.91 mm2, side: 66.89 mm
- IOdie Area: 2,880.00 mm2
- Dies Area: 1,593.91 mm2
- HBM Area: 0.00 mm2

Boards: 1 (1x1)
Board Area: 4,473.91 mm2
Total Area: 4,473.91 mm2



ESTIMATED COST OF SILICON AND PACKAGING. ONLY VARIABLE, NO FIXED COSTS
Good dies per wafer 3d: 344
Good dies per wafer 2d: 543
--Dies 3D Cost: 281.26 $
--Dies 2.5D Cost: 178.18 $
--Dies 2D Cost: 178.18 $
--HBM Cost: 960.00 $
--IOdie Cost: 417.03 $
--Packaging Cost 3d: 113.65 $
--Packaging Cost 2.5d: 151.65 $
--Packaging Cost 2d: 89.28 $
SiP Cost 3d: 1,771.94 $
SiP Cost 2.5d: 1,706.86 $
SiP Cost 2d: 684.50 $
--Board Cost: 4.47 $
Total SiPs Cost 3d: 1,776.42 $
Total SiPs Cost 2.5d: 1,711.33 $
Total SiPs Cost 2d: 688.97 $

Perf counters initialized
Mesh connected
Cache structures initialized
Dataset structures initialized


Starting Simulation
INIT epoch: 1
INIT epoch: 1
INIT epoch: 1
INIT epoch: 1
INIT epoch: 1
INIT epoch: 1
INIT epoch: 1
INIT epoch: 1

===PRINTING FRAME STATS

FCollision In Avg:-nan, SD:-nan, Max:6, Min:0
FCollision Out Avg:-nan, SD:-nan, Max:2, Min:0
FCollision End Avg:-nan, SD:-nan, Max:0, Min:0
FTask1 Avg:-nan, SD:-nan, Max:94, Min:94
FTask2 Avg:-nan, SD:-nan, Max:0, Min:0
FTask3 Avg:-nan, SD:-nan, Max:6, Min:6
FCore Active Avg:-nan, SD:-nan, Max:100, Min:100
FRouter Active Avg:-nan, SD:-nan, Max:5, Min:1
T1 invocations: 9,358
T2 invocations: 0
T3 invocations: 53,487
T3b invocations: 0
Total3 invocations: 53,487
Total4 invocations: 0

T3/T2 ratio: inf
T3b/T3 ratio: 0

T1 avg ex cycles: 1,261
T2 avg ex cycles: -nan
T3&b avg ex cycles: 13
T4 avg ex cycles: -nan
Avg. hops NOC1: -nan
Avg. latency NOC1 (T2): -nan
Avg. hops NOC2: 11
Avg. latency NOC2 (T3): 559

===PRINTING ACUM STATS at pu_cycles: 15,017

ACollision In Avg:-nan, SD:-nan, Max:6, Min:0
ACollision Out Avg:-nan, SD:-nan, Max:2, Min:0
ACollision End Avg:-nan, SD:-nan, Max:0, Min:0
ATask1 Avg:-nan, SD:-nan, Max:94, Min:94
ATask2 Avg:-nan, SD:-nan, Max:0, Min:0
ATask3 Avg:-nan, SD:-nan, Max:6, Min:6
ACore Active Avg:-nan, SD:-nan, Max:100, Min:100
ARouter Active Avg:-nan, SD:-nan, Max:5, Min:1
T1 invocations: 9,457
T2 invocations: 0
T3 invocations: 54,054
T3b invocations: 0
Total3 invocations: 54,054
Total4 invocations: 0

T3/T2 ratio: inf
T3b/T3 ratio: 0

T1 avg ex cycles: 1,261
T2 avg ex cycles: -nan
T3&b avg ex cycles: 13
T4 avg ex cycles: -nan
Avg. hops NOC1: -nan
Avg. latency NOC1 (T2): -nan
Avg. hops NOC2: 11
Avg. latency NOC2 (T3): 558

---Energy---
Leakage Energy (nJ): 5,426
PU Dyn E (nJ): 117,595
Mem Dyn E (nJ): 12,327
Route Dyn E (nJ): 28,257
Dynamic Energy (nJ): 158,180
Ratio of Dyn/Leak: 29
Total Energy (nJ): 163,606
Total Energy (nJ) 3D: 166,230
Cores Energy (nJ): 117,763
Route Energy (nJ): 33,439
Route Energy (nJ) 3D: 36,064
Mem Energy   (nJ): 12,404
Mem Energy   (nJ) 3D: 12,404
Avg. Power (mW): 10,894.72
Power Density (mW/mm2): 2.44

---Runtime---
Runtime in K cycles: 15.02
Microseconds: 15.02
Time per iteration (ms): 0.02

---Throughput---
GOP/s (aka OPS/ns): 841.08
GOP/s per core: 0.21
FLOP/s: 219.40
FLOP/s per core: 0.05
Max Peak FLOP/s: 4,096.00
Avg. BW GB/s: 158.38
Max BW GB/s: 16,384.00

---Traffic---
In-Die bisection_bytes BW (GB/s): 512.00
Inter-board traffic (msg/ns): 0.00, per-link: 0.00
Inter-pack traffic (msg/ns): 0.00, per-link: 0.00
Inter-die traffic (msg/ns): 47.02, per-link: 0.05
Ruche traffic (msg/ns): 44.10, per-link: 0.04
All traffic (msg/ns): 157.65, per-link: 0.04
Inter-die reduction wrt all: 3.35
Inter-board reduction wrt inter-die: inf

---Data Movement---
All traffic (msg): 2,367,400
Arith. Intensity FLOP/Loads: 10.16
Arith. Intensity FLOP/Msgs: 1.39
Arith. Intensity GOPS/Loads: 0.00
Arith. Intensity GOPS/Msgs: 0.00



===Core Utilization Total=== CORE-S:1;; TIME K cy:14 ;; Nodes Proc: 0 -- Edges Proc: 0

===PRINTING FRAME STATS

FCollision In Avg:4, SD:2, Max:10, Min:0
FCollision Out Avg:1, SD:1, Max:5, Min:0
FCollision End Avg:0, SD:0, Max:0, Min:0
FTask1 Avg:89, SD:1, Max:94, Min:87
FTask2 Avg:0, SD:0, Max:0, Min:0
FTask3 Avg:10, SD:1, Max:10, Min:5
FCore Active Avg:99, SD:1, Max:100, Min:97
FRouter Active Avg:6, SD:1, Max:9, Min:2
T1 invocations: 43,940
T2 invocations: 0
T3 invocations: 258,048
T3b invocations: 0
Total3 invocations: 258,048
Total4 invocations: 0

T3/T2 ratio: inf
T3b/T3 ratio: 0

T1 avg ex cycles: 673
T2 avg ex cycles: -nan
T3&b avg ex cycles: 13
T4 avg ex cycles: -nan
Avg. hops NOC1: -nan
Avg. latency NOC1 (T2): -nan
Avg. hops NOC2: 10
Avg. latency NOC2 (T3): 435

===PRINTING ACUM STATS at pu_cycles: 22,937

ACollision In Avg:3, SD:1, Max:6, Min:1
ACollision Out Avg:1, SD:0, Max:2, Min:0
ACollision End Avg:0, SD:0, Max:0, Min:0
ATask1 Avg:92, SD:0, Max:94, Min:92
ATask2 Avg:0, SD:0, Max:0, Min:0
ATask3 Avg:7, SD:0, Max:7, Min:5
ACore Active Avg:99, SD:0, Max:100, Min:98
ARouter Active Avg:5, SD:1, Max:6, Min:2
T1 invocations: 92,101
T2 invocations: 0
T3 invocations: 508,977
T3b invocations: 0
Total3 invocations: 508,977
Total4 invocations: 0

T3/T2 ratio: inf
T3b/T3 ratio: 0

T1 avg ex cycles: 922
T2 avg ex cycles: -nan
T3&b avg ex cycles: 13
T4 avg ex cycles: -nan
Avg. hops NOC1: -nan
Avg. latency NOC1 (T2): -nan
Avg. hops NOC2: 11
Avg. latency NOC2 (T3): 434

---Energy---
Leakage Energy (nJ): 8,288
PU Dyn E (nJ): 843,284
Mem Dyn E (nJ): 116,076
Route Dyn E (nJ): 136,669
Dynamic Energy (nJ): 1,096,030
Ratio of Dyn/Leak: 132
Total Energy (nJ): 1,104,318
Total Energy (nJ) 3D: 1,165,465
Cores Energy (nJ): 843,540
Route Energy (nJ): 144,585
Route Energy (nJ) 3D: 205,732
Mem Energy   (nJ): 116,193
Mem Energy   (nJ) 3D: 116,193
Avg. Power (mW): 48,145.69
Power Density (mW/mm2): 10.76

---Runtime---
Runtime in K cycles: 22.94
Microseconds: 22.94
Time per iteration (ms): 0.02

---Throughput---
GOP/s (aka OPS/ns): 3,992.50
GOP/s per core: 0.97
FLOP/s: 1,019.14
FLOP/s per core: 0.25
Max Peak FLOP/s: 4,096.00
Avg. BW GB/s: 976.37
Max BW GB/s: 16,384.00

---Traffic---
In-Die bisection_bytes BW (GB/s): 512.00
Inter-board traffic (msg/ns): 0.00, per-link: 0.00
Inter-pack traffic (msg/ns): 0.00, per-link: 0.00
Inter-die traffic (msg/ns): 58.78, per-link: 0.06
Ruche traffic (msg/ns): 59.16, per-link: 0.06
All traffic (msg/ns): 1,001.86, per-link: 0.24
Inter-die reduction wrt all: 17.04
Inter-board reduction wrt inter-die: inf

---Data Movement---
All traffic (msg): 22,979,602
Arith. Intensity FLOP/Loads: 7.65
Arith. Intensity FLOP/Msgs: 1.02
Arith. Intensity GOPS/Loads: 0.00
Arith. Intensity GOPS/Msgs: 0.00



===Core Utilization Total=== CORE-S:2;; TIME K cy:22 ;; Nodes Proc: 0 -- Edges Proc: 0
======== IT IS COLD ======= Only 1 Tiles active
Epoch Done Router: 6
Epoch Done Router: 4
Epoch Done Router: 7
Epoch Done Router: 2
Epoch Done Router: 5
Epoch Done Router: 1
Epoch Done Router: 0
Epoch Done Router: 3
##EPOCH## 1 COMPLETED at Time (K cy): 23
Nodes processed until now: 0
Edges processed until now: 0
Program Done Worker Thread: 0
Program Done Router Thread: 6
Program Done Router Thread: 3
Program Done Router Thread: 4
Program Done Router Thread: 5
Program Done Worker Thread: 5
Program Done Router Thread: 2
Program Done Router Thread: 0
Program Done Router Thread: 1
Program Done Worker Thread: 7
Program Done Worker Thread: 2
Program Done Worker Thread: 3
Program Done Worker Thread: 6
Program Done Worker Thread: 1
Program Done Router Thread: 7
Program Done Worker Thread: 4

===PRINTING ACUM STATS at pu_cycles: 23,034

ACollision In Avg:3, SD:1, Max:6, Min:1
ACollision Out Avg:1, SD:0, Max:2, Min:0
ACollision End Avg:0, SD:0, Max:0, Min:0
ATask1 Avg:91, SD:0, Max:91, Min:91
ATask2 Avg:0, SD:0, Max:0, Min:0
ATask3 Avg:7, SD:0, Max:7, Min:7
ACore Active Avg:98, SD:0, Max:98, Min:98
ARouter Active Avg:5, SD:1, Max:6, Min:2
T1 invocations: 93,350
T2 invocations: 0
T3 invocations: 516,096
T3b invocations: 0
Total3 invocations: 516,096
Total4 invocations: 0

T3/T2 ratio: inf
T3b/T3 ratio: 0

T1 avg ex cycles: 918
T2 avg ex cycles: -nan
T3&b avg ex cycles: 13
T4 avg ex cycles: -nan
Avg. hops NOC1: -nan
Avg. latency NOC1 (T2): -nan
Avg. hops NOC2: 11
Avg. latency NOC2 (T3): 433

Runtime at program end in K cycles: 23
Runtime before cooldown in K cycles: 15



---Energy---
Leakage Energy (nJ): 8,323
PU Dyn E (nJ): 851,281
Mem Dyn E (nJ): 117,700
Route Dyn E (nJ): 137,865
Dynamic Energy (nJ): 1,106,845
Ratio of Dyn/Leak: 133
Total Energy (nJ): 1,115,168
Total Energy (nJ) 3D: 1,177,143
Cores Energy (nJ): 851,537
Route Energy (nJ): 145,814
Route Energy (nJ) 3D: 207,789
Mem Energy   (nJ): 117,818
Mem Energy   (nJ) 3D: 117,818
Avg. Power (mW): 48,413.99
Power Density (mW/mm2): 10.82

---Runtime---
Runtime in K cycles: 23.03
Microseconds: 23.03
Time per iteration (ms): 0.02

---Inst---
K Loads: 3,096
K Stores: 2,580
K Instructions: 92,463

---Throughput---
GOP/s (aka OPS/ns): 4,014.20
GOP/s per core: 0.98
FLOP/s: 1,024.27
FLOP/s per core: 0.25
Max Peak FLOP/s: 4,096.00
Avg. BW GB/s: 985.86
Max BW GB/s: 16,384.00

---Traffic---
In-Die bisection_bytes BW (GB/s): 512.00
Inter-board traffic (msg/ns): 0.00, per-link: 0.00
Inter-pack traffic (msg/ns): 0.00, per-link: 0.00
Inter-die traffic (msg/ns): 58.54, per-link: 0.06
Ruche traffic (msg/ns): 58.91, per-link: 0.06
All traffic (msg/ns): 1,009.60, per-link: 0.25
Inter-die reduction wrt all: 17.25
Inter-board reduction wrt inter-die: inf

---Data Movement---
All traffic (msg): 23,255,036
Arith. Intensity FLOP/Loads: 7.62
Arith. Intensity FLOP/Msgs: 1.01
Arith. Intensity GOPS/Loads: 0.00
Arith. Intensity GOPS/Msgs: 0.00

Simulation time: 10.41
Sim noc_cy/s: 4,425.93
Sim Msg/s: 2,234,202.72

Version 31

