Dataset:  Kron22/
Dry run: 0
Open Edge Count File succesfully
Edges Traversed BFS: 128309848
Found Vertices: 4194304, Edges: 128311436
avg degree 31
Array  Kron22/node_array.bin found
Malloc array of size 16777220 bytes
Readin array of size 16777216 bytes
Finished Reading Array Bytes
No reordering Array 32bit
Array  Kron22/edge_array.bin found
Malloc array of size 513245744 bytes
Readin array of size 513245744 bytes
Finished Reading Array Bytes
No reordering Array 32bit
Reading graph elapsed time: 0.104327s

Dataset Footprint: 522 MiB
Dataset Footprint per Board: 4383.05 Mb
Dataset injection time (ms): 0.26752
Max Dataset Footprint: 1026 MiB

Dataset footprint per tile: 522 KiB
Proxys footprint per tile: 0 KiB
Reserved SRAM per tile: 15 KiB

Ideal SRAM per tile: 537 KiB
reserved_words_for_dataset:12321
dataset_words_per_tile:133760
remaining_sram_words:61606
min_dcache_sram_words_required:12512
dataset_words_per_tile:133760
min_pcache_sram_words_required:0
proxys_words_per_tile:0
Dcache footprint ratio: 3
Dataset Cached: 1
DCache: 60880 words, lines: 3805, sets: 3805
Proxys Cached: 0
Pcache: 0 words, sets: 0
Node per tile: 4,096
Edge per tile: 125,305
GRID_X: 32
GRID_SIZE: 1,024
smt_per_tile: 1
noc_freq: 1
pu_freq: 1
RUCHE_X: 0
PROXY_W: 32
DIE_W: 32
DIE_H: 32
DIES: 1
BORDER_TILES_PER_DIE: 128
PACK_W: 32
PACK_H: 32
DIES_PACK_FACTOR: 1
DIES_PER_PACK: 1
PACKAGES: 1
BOARD_W: 32
BOARD_H: 32
BOARDS: 1
MUX_BUS: 1
DCACHE: 1
PCACHE: 0
PROXY_FACTOR: 1
CACHE_WAYS: 1
TORUS: 1
PHY_NOCS: 1
WIDE_NOC_ID: 0
NOC_CONF: 1
noc_width: 32
hbm_channel_bit_width: 512
ld_st_op_byte_width: 4
PROXY_ROUTING: 0
WRITE_THROUGH: 1
ASSERT_MODE: 0
GLOBAL_BARRIER: 0
OQ flits: 36 ; 384 ; 2
IQ flits: 288 ; 3,072 ; 2
OQ messages: 12 ; 192 ; 1
IQ messages: 96 ; 1,536 ; 1
max_task2 size: 64
io_factor_t2: 8
io_factor_t3: 8
io_factor_t3b: 8

Active SRAM Storage per tile: 255 KiB
Total SRAM Storage per tile: 256 KiB
Agreggated SRAM Storage: 256 MiB

Active DRAM Storage per tile: 0.509766 MiB
Total DRAM Storage per tile: 8 MiB
Agreggated DRAM Storage: 8 GiB

Inter-Die #links: 1,024
Inter-Die (Gbits): 32,768
Inter-Die (Gbits/mm): 606.445
Bisection BW of Board (Gbits): 8,192
Border IO #Dies: 4
Border IO Die BW (Gbits): 4,096
Off-Board BW Total (Gbits): 16,384
Off-Board BW Density (Gbits/mm): 212
Die side: 13.51 mm
Die border wire density: 606.44 Gbits/mm
HBM wire density: 303.22 Gbits/mm

Tiles per Die: 1,024 (32x32)
Tile Area: 0.12 mm2, side: 0.35 mm
- Core/Rout Area: 0.05 mm2
- SRAM Area: 0.07 mm2
- SRAM/Logic Ratio: 1.40x

Dies per Package: 1 (1x1)
Die Area: 182.47 mm2, side: 13.51 mm
- Tiles Area: 125.98 mm2
- PHY Area: 47.49 mm2
- MC Area: 9.00 mm2

Packages per Board: 1 (1x1)
Package Area: 372.47 mm2, side: 19.30 mm
- IOdie Area: 80.00 mm2
- Dies Area: 182.47 mm2
- HBM Area: 110.00 mm2

Boards: 1 (1x1)
Board Area: 372.47 mm2
Total Area: 372.47 mm2



ESTIMATED COST OF SILICON AND PACKAGING. ONLY VARIABLE, NO FIXED COSTS
Good dies per wafer 3d: 186
Good dies per wafer 2d: 272
--Dies 3D Cost: 32.51 $
--Dies 2.5D Cost: 22.23 $
--Dies 2D Cost: 22.23 $
--HBM Cost: 60.00 $
--IOdie Cost: 8.44 $
--Packaging Cost 3d: 7.25 $
--Packaging Cost 2.5d: 12.38 $
--Packaging Cost 2d: 4.60 $
SiP Cost 3d: 108.20 $
SiP Cost 2.5d: 103.05 $
SiP Cost 2d: 35.27 $
--Board Cost: 0.37 $
Total SiPs Cost 3d: 108.58 $
Total SiPs Cost 2.5d: 103.43 $
Total SiPs Cost 2d: 35.64 $

Perf counters initialized
Mesh connected
Cache structures initialized
Replicas initialized
Allocated Frontier List
Dataset structures initialized


Starting Simulation
INIT epoch: 1
INIT epoch: 1
INIT epoch: 1
INIT epoch: 1
INIT epoch: 1
INIT epoch: 1
INIT epoch: 1
INIT epoch: 1

===PRINTING FRAME STATS

FCollision In Avg:-nan, SD:-nan, Max:301, Min:3
FCollision Out Avg:-nan, SD:-nan, Max:226, Min:7
FCollision End Avg:-nan, SD:-nan, Max:171, Min:0
FTask1 Avg:-nan, SD:-nan, Max:56, Min:1
FTask2 Avg:-nan, SD:-nan, Max:44, Min:0
FTask3 Avg:-nan, SD:-nan, Max:96, Min:32
FCore Active Avg:-nan, SD:-nan, Max:100, Min:58
FRouter Active Avg:-nan, SD:-nan, Max:68, Min:33
T1 invocations: 510,175
T2 invocations: 291,280
T3 invocations: 4,127,837
T3b invocations: 0
Total3 invocations: 4,127,837
Total4 invocations: 0

T3/T2 ratio: 14
T3b/T3 ratio: 0

T1 avg ex cycles: 46
T2 avg ex cycles: 55
T3&b avg ex cycles: 12
T4 avg ex cycles: -nan
Avg. hops NOC1: 3
Avg. latency NOC1 (T2): 14,215
Avg. hops NOC2: 20
Avg. latency NOC2 (T3): 11,724

===PRINTING ACUM STATS at pu_cycles: 100,300

ACollision In Avg:-nan, SD:-nan, Max:301, Min:3
ACollision Out Avg:-nan, SD:-nan, Max:226, Min:7
ACollision End Avg:-nan, SD:-nan, Max:171, Min:0
ATask1 Avg:-nan, SD:-nan, Max:56, Min:1
ATask2 Avg:-nan, SD:-nan, Max:44, Min:0
ATask3 Avg:-nan, SD:-nan, Max:96, Min:32
ACore Active Avg:-nan, SD:-nan, Max:100, Min:58
ARouter Active Avg:-nan, SD:-nan, Max:68, Min:33
T1 invocations: 510,175
T2 invocations: 291,280
T3 invocations: 4,127,837
T3b invocations: 0
Total3 invocations: 4,127,837
Total4 invocations: 0

T3/T2 ratio: 14
T3b/T3 ratio: 0

T1 avg ex cycles: 46
T2 avg ex cycles: 55
T3&b avg ex cycles: 12
T4 avg ex cycles: -nan
Avg. hops NOC1: 3
Avg. latency NOC1 (T2): 14,215
Avg. hops NOC2: 20
Avg. latency NOC2 (T3): 11,724
Number of K Nodes Processed: 1,097
Number of K Edges Processed: 4,842
Node Re-explore factor: 0.26
Edge Re-explore factor: 0.04
Nodes/cy: 11
Edges/cy: 48
TEPS: 1,279

---DCache---
DCache Size: 60,880
DRAM words: 133,760
  DHits: 10,931,652
  DMisses: 660,598
  DHit Rate (hit/miss): 94%
  DEvictions: 52,592
  DEviction Rate (evict/misses): 8%
  MC Transactions: 693,725
  MC Writes: 30,151
Avg. Transactions: 86% , Writes: 4%, Avg. Latency: 42
Max MC id: 0 of 8. Transactions: 93% , Writes: 5%, MC mean Latency: 48
HBM refresh energy (nJ): 0
HBM access energy (nJ): 1,314,192
MemC wire energy 2.5d (nJ): 497,577
MemC wire energy 3d (nJ): 124,394

---Energy---
Leakage Energy (nJ): 17,567
PU Dyn E (nJ): 346,644
Mem Dyn E (nJ): 2,777,351
Route Dyn E (nJ): 398,047
Dynamic Energy (nJ): 3,522,042
Ratio of Dyn/Leak: 200
Total Energy (nJ): 3,539,609
Total Energy (nJ) 3D: 3,343,742
Cores Energy (nJ): 346,923
Route Energy (nJ): 398,966
Route Energy (nJ) 3D: 576,282
Mem Energy   (nJ): 2,793,720
Mem Energy   (nJ) 3D: 2,420,537
Avg. Power (mW): 35,290.22
Power Density (mW/mm2): 94.75

---Runtime---
Runtime in K cycles: 100.30
Microseconds: 100.30
Time per iteration (ms): 0.10

---Throughput---
GOP/s (aka OPS/ns): 593.90
GOP/s per core: 0.58
FLOP/s: 41.15
FLOP/s per core: 0.04
Max Peak FLOP/s: 1,024.00
Avg. BW GB/s: 2,019.32
Max BW GB/s: 4,096.00

---Traffic---
In-Die bisection_bytes BW (GB/s): 512.00
Inter-board traffic (msg/ns): 0.00, per-link: 0.00
Inter-pack traffic (msg/ns): 0.00, per-link: 0.00
Inter-die traffic (msg/ns): 0.00, per-link: 0.00
Ruche traffic (msg/ns): 0.00, per-link: 0.00
All traffic (msg/ns): 1,871.27, per-link: 1.83
Inter-die reduction wrt all: inf
Inter-board reduction wrt inter-die: -nan

---Data Movement---
All traffic (msg): 187,688,548
Arith. Intensity FLOP/Loads: 0.16
Arith. Intensity FLOP/Msgs: 0.02
Arith. Intensity OPS/Loads: 2.28
Arith. Intensity OPS/Msgs: 0.32



===Core Utilization Total=== CORE-S:1;; TIME K cy:100 ;; Nodes Proc: 128,002 -- Edges Proc: 817,735

===PRINTING FRAME STATS

FCollision In Avg:9, SD:14, Max:134, Min:1
FCollision Out Avg:7, SD:15, Max:187, Min:0
FCollision End Avg:2, SD:7, Max:99, Min:0
FTask1 Avg:57, SD:8, Max:83, Min:2
FTask2 Avg:20, SD:7, Max:67, Min:0
FTask3 Avg:22, SD:7, Max:79, Min:8
FCore Active Avg:98, SD:4, Max:100, Min:67
FRouter Active Avg:53, SD:4, Max:72, Min:41
T1 invocations: 1,362,399
T2 invocations: 661,662
T3 invocations: 3,462,433
T3b invocations: 0
Total3 invocations: 3,462,433
Total4 invocations: 0

T3/T2 ratio: 5
T3b/T3 ratio: 0

T1 avg ex cycles: 43
T2 avg ex cycles: 30
T3&b avg ex cycles: 6
T4 avg ex cycles: -nan
Avg. hops NOC1: 3
Avg. latency NOC1 (T2): 2,044
Avg. hops NOC2: 20
Avg. latency NOC2 (T3): 26,170

===PRINTING ACUM STATS at pu_cycles: 200,222

ACollision In Avg:57, SD:24, Max:185, Min:2
ACollision Out Avg:61, SD:27, Max:187, Min:4
ACollision End Avg:13, SD:17, Max:118, Min:0
ATask1 Avg:40, SD:8, Max:67, Min:3
ATask2 Avg:18, SD:6, Max:44, Min:0
ATask3 Avg:36, SD:5, Max:87, Min:25
ACore Active Avg:94, SD:7, Max:100, Min:66
ARouter Active Avg:53, SD:3, Max:61, Min:41
T1 invocations: 1,874,360
T2 invocations: 954,362
T3 invocations: 7,616,921
T3b invocations: 0
Total3 invocations: 7,616,921
Total4 invocations: 0

T3/T2 ratio: 8
T3b/T3 ratio: 0

T1 avg ex cycles: 44
T2 avg ex cycles: 38
T3&b avg ex cycles: 10
T4 avg ex cycles: -nan
Avg. hops NOC1: 3
Avg. latency NOC1 (T2): 5,797
Avg. hops NOC2: 20
Avg. latency NOC2 (T3): 18,283
Number of K Nodes Processed: 1,513
Number of K Edges Processed: 8,810
Node Re-explore factor: 0.36
Edge Re-explore factor: 0.07
Nodes/cy: 8
Edges/cy: 44
TEPS: 641

---DCache---
DCache Size: 60,880
DRAM words: 133,760
  DHits: 22,801,241
  DMisses: 1,238,763
  DHit Rate (hit/miss): 95%
  DEvictions: 167,280
  DEviction Rate (evict/misses): 14%
  MC Transactions: 1,312,517
  MC Writes: 68,453
Avg. Transactions: 82% , Writes: 4%, Avg. Latency: 32
Max MC id: 0 of 8. Transactions: 84% , Writes: 5%, MC mean Latency: 36
HBM refresh energy (nJ): 0
HBM access energy (nJ): 2,486,432
MemC wire energy 2.5d (nJ): 941,409
MemC wire energy 3d (nJ): 235,352

---Energy---
Leakage Energy (nJ): 35,068
PU Dyn E (nJ): 809,297
Mem Dyn E (nJ): 5,356,146
Route Dyn E (nJ): 737,340
Dynamic Energy (nJ): 6,902,784
Ratio of Dyn/Leak: 197
Total Energy (nJ): 6,937,852
Total Energy (nJ) 3D: 6,560,256
Cores Energy (nJ): 809,855
Route Energy (nJ): 739,175
Route Energy (nJ) 3D: 1,067,635
Mem Energy   (nJ): 5,388,823
Mem Energy   (nJ) 3D: 4,682,766
Avg. Power (mW): 34,650.80
Power Density (mW/mm2): 93.03

---Runtime---
Runtime in K cycles: 200.22
Microseconds: 200.22
Time per iteration (ms): 0.20

---Throughput---
GOP/s (aka OPS/ns): 734.95
GOP/s per core: 0.72
FLOP/s: 38.04
FLOP/s per core: 0.04
Max Peak FLOP/s: 1,024.00
Avg. BW GB/s: 2,010.81
Max BW GB/s: 4,096.00

---Traffic---
In-Die bisection_bytes BW (GB/s): 512.00
Inter-board traffic (msg/ns): 0.00, per-link: 0.00
Inter-pack traffic (msg/ns): 0.00, per-link: 0.00
Inter-die traffic (msg/ns): 0.00, per-link: 0.00
Ruche traffic (msg/ns): 0.00, per-link: 0.00
All traffic (msg/ns): 1,746.89, per-link: 1.71
Inter-die reduction wrt all: inf
Inter-board reduction wrt inter-die: -nan

---Data Movement---
All traffic (msg): 349,765,144
Arith. Intensity FLOP/Loads: 0.14
Arith. Intensity FLOP/Msgs: 0.02
Arith. Intensity OPS/Loads: 2.72
Arith. Intensity OPS/Msgs: 0.42



===Core Utilization Total=== CORE-S:2;; TIME K cy:200 ;; Nodes Proc: 186,241 -- Edges Proc: 1,273,156

===PRINTING FRAME STATS

FCollision In Avg:6, SD:10, Max:64, Min:1
FCollision Out Avg:5, SD:10, Max:84, Min:0
FCollision End Avg:2, SD:7, Max:55, Min:0
FTask1 Avg:55, SD:7, Max:73, Min:3
FTask2 Avg:19, SD:7, Max:68, Min:0
FTask3 Avg:25, SD:5, Max:66, Min:13
FCore Active Avg:99, SD:3, Max:100, Min:68
FRouter Active Avg:49, SD:4, Max:63, Min:39
T1 invocations: 1,304,193
T2 invocations: 591,342
T3 invocations: 3,982,848
T3b invocations: 0
Total3 invocations: 3,982,848
Total4 invocations: 229

T3/T2 ratio: 7
T3b/T3 ratio: 0

T1 avg ex cycles: 43
T2 avg ex cycles: 33
T3&b avg ex cycles: 6
T4 avg ex cycles: 585
Avg. hops NOC1: 3
Avg. latency NOC1 (T2): 345
Avg. hops NOC2: 15
Avg. latency NOC2 (T3): 31,375

===PRINTING ACUM STATS at pu_cycles: 300,583

ACollision In Avg:40, SD:16, Max:124, Min:2
ACollision Out Avg:43, SD:18, Max:101, Min:2
ACollision End Avg:10, SD:12, Max:79, Min:0
ATask1 Avg:45, SD:5, Max:55, Min:3
ATask2 Avg:18, SD:5, Max:50, Min:0
ATask3 Avg:32, SD:5, Max:80, Min:23
ACore Active Avg:95, SD:4, Max:100, Min:77
ARouter Active Avg:52, SD:3, Max:62, Min:44
T1 invocations: 3,176,684
T2 invocations: 1,545,275
T3 invocations: 11,598,988
T3b invocations: 0
Total3 invocations: 11,598,988
Total4 invocations: 230

T3/T2 ratio: 8
T3b/T3 ratio: 0

T1 avg ex cycles: 43
T2 avg ex cycles: 36
T3&b avg ex cycles: 9
T4 avg ex cycles: 585
Avg. hops NOC1: 3
Avg. latency NOC1 (T2): 3,718
Avg. hops NOC2: 18
Avg. latency NOC2 (T3): 22,780
Number of K Nodes Processed: 2,012
Number of K Edges Processed: 12,438
Node Re-explore factor: 0.48
Edge Re-explore factor: 0.10
Nodes/cy: 7
Edges/cy: 41
TEPS: 427

---DCache---
DCache Size: 60,880
DRAM words: 133,760
  DHits: 34,455,422
  DMisses: 1,790,122
  DHit Rate (hit/miss): 95%
  DEvictions: 337,096
  DEviction Rate (evict/misses): 19%
  MC Transactions: 1,903,875
  MC Writes: 106,081
Avg. Transactions: 79% , Writes: 4%, Avg. Latency: 28
Max MC id: 3 of 8. Transactions: 80% , Writes: 5%, MC mean Latency: 28
HBM refresh energy (nJ): 0
HBM access energy (nJ): 3,606,700
MemC wire energy 2.5d (nJ): 1,365,563
MemC wire energy 3d (nJ): 341,391

---Energy---
Leakage Energy (nJ): 52,646
PU Dyn E (nJ): 1,280,837
Mem Dyn E (nJ): 7,873,021
Route Dyn E (nJ): 1,037,451
Dynamic Energy (nJ): 10,191,309
Ratio of Dyn/Leak: 194
Total Energy (nJ): 10,243,955
Total Energy (nJ) 3D: 9,681,932
Cores Energy (nJ): 1,281,674
Route Energy (nJ): 1,040,205
Route Energy (nJ) 3D: 1,502,355
Mem Energy   (nJ): 7,922,076
Mem Energy   (nJ) 3D: 6,897,904
Avg. Power (mW): 34,080.29
Power Density (mW/mm2): 91.50

---Runtime---
Runtime in K cycles: 300.58
Microseconds: 300.58
Time per iteration (ms): 0.30

---Throughput---
GOP/s (aka OPS/ns): 780.87
GOP/s per core: 0.76
FLOP/s: 38.59
FLOP/s per core: 0.04
Max Peak FLOP/s: 1,024.00
Avg. BW GB/s: 2,016.88
Max BW GB/s: 4,096.00

---Traffic---
In-Die bisection_bytes BW (GB/s): 512.00
Inter-board traffic (msg/ns): 0.00, per-link: 0.00
Inter-pack traffic (msg/ns): 0.00, per-link: 0.00
Inter-die traffic (msg/ns): 0.00, per-link: 0.00
Ruche traffic (msg/ns): 0.00, per-link: 0.00
All traffic (msg/ns): 1,651.40, per-link: 1.61
Inter-die reduction wrt all: inf
Inter-board reduction wrt inter-die: -nan

---Data Movement---
All traffic (msg): 496,382,620
Arith. Intensity FLOP/Loads: 0.14
Arith. Intensity FLOP/Msgs: 0.02
Arith. Intensity OPS/Loads: 2.83
Arith. Intensity OPS/Msgs: 0.47



===Core Utilization Total=== CORE-S:3;; TIME K cy:300 ;; Nodes Proc: 254,272 -- Edges Proc: 1,779,874

===PRINTING FRAME STATS

FCollision In Avg:70, SD:34, Max:220, Min:4
FCollision Out Avg:70, SD:42, Max:264, Min:6
FCollision End Avg:24, SD:33, Max:196, Min:0
FTask1 Avg:7, SD:6, Max:38, Min:0
FTask2 Avg:21, SD:16, Max:66, Min:0
FTask3 Avg:61, SD:10, Max:93, Min:34
FCore Active Avg:89, SD:14, Max:100, Min:46
FRouter Active Avg:83, SD:4, Max:91, Min:70
T1 invocations: 163,547
T2 invocations: 194,129
T3 invocations: 8,802,740
T3b invocations: 0
Total3 invocations: 8,802,740
Total4 invocations: 737

T3/T2 ratio: 45
T3b/T3 ratio: 0

T1 avg ex cycles: 43
T2 avg ex cycles: 111
T3&b avg ex cycles: 7
T4 avg ex cycles: 574
Avg. hops NOC1: 3
Avg. latency NOC1 (T2): 17,429
Avg. hops NOC2: 17
Avg. latency NOC2 (T3): 7,987

===PRINTING ACUM STATS at pu_cycles: 400,697

ACollision In Avg:48, SD:14, Max:114, Min:6
ACollision Out Avg:49, SD:17, Max:107, Min:8
ACollision End Avg:13, SD:13, Max:63, Min:0
ATask1 Avg:35, SD:3, Max:42, Min:4
ATask2 Avg:19, SD:7, Max:44, Min:1
ATask3 Avg:40, SD:6, Max:82, Min:28
ACore Active Avg:94, SD:5, Max:100, Min:76
ARouter Active Avg:60, SD:3, Max:68, Min:51
T1 invocations: 3,346,175
T2 invocations: 1,742,567
T3 invocations: 20,423,200
T3b invocations: 0
Total3 invocations: 20,423,200
Total4 invocations: 972

T3/T2 ratio: 12
T3b/T3 ratio: 0

T1 avg ex cycles: 43
T2 avg ex cycles: 44
T3&b avg ex cycles: 8
T4 avg ex cycles: 576
Avg. hops NOC1: 3
Avg. latency NOC1 (T2): 5,239
Avg. hops NOC2: 17
Avg. latency NOC2 (T3): 16,411
Number of K Nodes Processed: 3,575
Number of K Edges Processed: 21,000
Node Re-explore factor: 0.85
Edge Re-explore factor: 0.16
Nodes/cy: 9
Edges/cy: 52
TEPS: 320

---DCache---
DCache Size: 60,880
DRAM words: 133,760
  DHits: 51,013,415
  DMisses: 2,387,294
  DHit Rate (hit/miss): 96%
  DEvictions: 572,070
  DEviction Rate (evict/misses): 24%
  MC Transactions: 2,566,354
  MC Writes: 166,533
Avg. Transactions: 80% , Writes: 5%, Avg. Latency: 26
Max MC id: 6 of 8. Transactions: 82% , Writes: 5%, MC mean Latency: 26
HBM refresh energy (nJ): 1
HBM access energy (nJ): 4,861,701
MemC wire energy 2.5d (nJ): 1,840,729
MemC wire energy 3d (nJ): 460,182

---Energy---
Leakage Energy (nJ): 70,180
PU Dyn E (nJ): 1,787,578
Mem Dyn E (nJ): 11,203,213
Route Dyn E (nJ): 1,740,668
Dynamic Energy (nJ): 14,731,460
Ratio of Dyn/Leak: 210
Total Energy (nJ): 14,801,640
Total Energy (nJ) 3D: 14,196,502
Cores Energy (nJ): 1,788,694
Route Energy (nJ): 1,744,340
Route Energy (nJ) 3D: 2,519,748
Mem Energy   (nJ): 11,268,607
Mem Energy   (nJ) 3D: 9,888,060
Avg. Power (mW): 36,939.73
Power Density (mW/mm2): 99.17

---Runtime---
Runtime in K cycles: 400.70
Microseconds: 400.70
Time per iteration (ms): 0.40

---Throughput---
GOP/s (aka OPS/ns): 775.24
GOP/s per core: 0.76
FLOP/s: 50.97
FLOP/s per core: 0.05
Max Peak FLOP/s: 1,024.00
Avg. BW GB/s: 2,367.68
Max BW GB/s: 4,096.00

---Traffic---
In-Die bisection_bytes BW (GB/s): 512.00
Inter-board traffic (msg/ns): 0.00, per-link: 0.00
Inter-pack traffic (msg/ns): 0.00, per-link: 0.00
Inter-die traffic (msg/ns): 0.00, per-link: 0.00
Ruche traffic (msg/ns): 0.00, per-link: 0.00
All traffic (msg/ns): 2,025.21, per-link: 1.98
Inter-die reduction wrt all: inf
Inter-board reduction wrt inter-die: -nan

---Data Movement---
All traffic (msg): 811,495,065
Arith. Intensity FLOP/Loads: 0.16
Arith. Intensity FLOP/Msgs: 0.03
Arith. Intensity OPS/Loads: 2.46
Arith. Intensity OPS/Msgs: 0.38



===Core Utilization Total=== CORE-S:4;; TIME K cy:400 ;; Nodes Proc: 444,078 -- Edges Proc: 2,925,868

===PRINTING FRAME STATS

FCollision In Avg:96, SD:30, Max:236, Min:10
FCollision Out Avg:94, SD:43, Max:270, Min:13
FCollision End Avg:30, SD:36, Max:200, Min:0
FTask1 Avg:4, SD:4, Max:32, Min:0
FTask2 Avg:23, SD:16, Max:59, Min:0
FTask3 Avg:55, SD:8, Max:88, Min:35
FCore Active Avg:83, SD:16, Max:100, Min:42
FRouter Active Avg:88, SD:2, Max:93, Min:76
T1 invocations: 98,916
T2 invocations: 191,737
T3 invocations: 9,857,139
T3b invocations: 0
Total3 invocations: 9,857,139
Total4 invocations: 717

T3/T2 ratio: 51
T3b/T3 ratio: 0

T1 avg ex cycles: 42
T2 avg ex cycles: 124
T3&b avg ex cycles: 6
T4 avg ex cycles: 565
Avg. hops NOC1: 2
Avg. latency NOC1 (T2): 27,352
Avg. hops NOC2: 17
Avg. latency NOC2 (T3): 5,023

===PRINTING ACUM STATS at pu_cycles: 500,715

ACollision In Avg:57, SD:15, Max:135, Min:10
ACollision Out Avg:58, SD:20, Max:133, Min:13
ACollision End Avg:17, SD:15, Max:79, Min:0
ATask1 Avg:29, SD:2, Max:37, Min:7
ATask2 Avg:20, SD:7, Max:40, Min:1
ATask3 Avg:43, SD:6, Max:83, Min:31
ACore Active Avg:92, SD:7, Max:100, Min:69
ARouter Active Avg:65, SD:2, Max:71, Min:57
T1 invocations: 3,444,005
T2 invocations: 1,934,188
T3 invocations: 30,251,723
T3b invocations: 0
Total3 invocations: 30,251,723
Total4 invocations: 1,686

T3/T2 ratio: 16
T3b/T3 ratio: 0

T1 avg ex cycles: 43
T2 avg ex cycles: 52
T3&b avg ex cycles: 7
T4 avg ex cycles: 571
Avg. hops NOC1: 3
Avg. latency NOC1 (T2): 7,431
Avg. hops NOC2: 17
Avg. latency NOC2 (T3): 12,709
Number of K Nodes Processed: 4,141
Number of K Edges Processed: 30,715
Node Re-explore factor: 0.99
Edge Re-explore factor: 0.24
Nodes/cy: 8
Edges/cy: 61
TEPS: 256

---DCache---
DCache Size: 60,880
DRAM words: 133,760
  DHits: 68,700,818
  DMisses: 3,035,966
  DHit Rate (hit/miss): 96%
  DEvictions: 866,362
  DEviction Rate (evict/misses): 29%
  MC Transactions: 3,281,247
  MC Writes: 228,127
Avg. Transactions: 82% , Writes: 6%, Avg. Latency: 24
Max MC id: 4 of 8. Transactions: 84% , Writes: 6%, MC mean Latency: 24
HBM refresh energy (nJ): 1
HBM access energy (nJ): 6,215,994
MemC wire energy 2.5d (nJ): 2,353,489
MemC wire energy 3d (nJ): 588,372

---Energy---
Leakage Energy (nJ): 87,698
PU Dyn E (nJ): 2,284,521
Mem Dyn E (nJ): 14,682,632
Route Dyn E (nJ): 2,530,347
Dynamic Energy (nJ): 19,497,501
Ratio of Dyn/Leak: 222
Total Energy (nJ): 19,585,199
Total Energy (nJ) 3D: 18,947,266
Cores Energy (nJ): 2,285,915
Route Energy (nJ): 2,534,935
Route Energy (nJ) 3D: 3,662,119
Mem Energy   (nJ): 14,764,349
Mem Energy   (nJ) 3D: 12,999,232
Avg. Power (mW): 39,114.46
Power Density (mW/mm2): 105.01

---Runtime---
Runtime in K cycles: 500.71
Microseconds: 500.71
Time per iteration (ms): 0.50

---Throughput---
GOP/s (aka OPS/ns): 759.69
GOP/s per core: 0.74
FLOP/s: 60.42
FLOP/s per core: 0.06
Max Peak FLOP/s: 1,024.00
Avg. BW GB/s: 2,575.96
Max BW GB/s: 4,096.00

---Traffic---
In-Die bisection_bytes BW (GB/s): 512.00
Inter-board traffic (msg/ns): 0.00, per-link: 0.00
Inter-pack traffic (msg/ns): 0.00, per-link: 0.00
Inter-die traffic (msg/ns): 0.00, per-link: 0.00
Ruche traffic (msg/ns): 0.00, per-link: 0.00
All traffic (msg/ns): 2,324.96, per-link: 2.27
Inter-die reduction wrt all: inf
Inter-board reduction wrt inter-die: -nan

---Data Movement---
All traffic (msg): 1,164,141,910
Arith. Intensity FLOP/Loads: 0.18
Arith. Intensity FLOP/Msgs: 0.03
Arith. Intensity OPS/Loads: 2.26
Arith. Intensity OPS/Msgs: 0.33



===Core Utilization Total=== CORE-S:5;; TIME K cy:500 ;; Nodes Proc: 513,732 -- Edges Proc: 4,155,152

===PRINTING FRAME STATS

FCollision In Avg:98, SD:27, Max:220, Min:7
FCollision Out Avg:93, SD:44, Max:263, Min:7
FCollision End Avg:29, SD:36, Max:200, Min:0
FTask1 Avg:4, SD:4, Max:32, Min:0
FTask2 Avg:24, SD:16, Max:66, Min:0
FTask3 Avg:53, SD:8, Max:98, Min:33
FCore Active Avg:81, SD:16, Max:100, Min:38
FRouter Active Avg:89, SD:2, Max:94, Min:79
T1 invocations: 98,975
T2 invocations: 205,951
T3 invocations: 10,083,622
T3b invocations: 0
Total3 invocations: 10,083,622
Total4 invocations: 1,011

T3/T2 ratio: 49
T3b/T3 ratio: 0

T1 avg ex cycles: 40
T2 avg ex cycles: 118
T3&b avg ex cycles: 5
T4 avg ex cycles: 562
Avg. hops NOC1: 2
Avg. latency NOC1 (T2): 25,994
Avg. hops NOC2: 17
Avg. latency NOC2 (T3): 4,162

===PRINTING ACUM STATS at pu_cycles: 600,693

ACollision In Avg:64, SD:15, Max:146, Min:11
ACollision Out Avg:64, SD:21, Max:141, Min:14
ACollision End Avg:19, SD:16, Max:98, Min:0
ATask1 Avg:25, SD:2, Max:32, Min:6
ATask2 Avg:20, SD:8, Max:41, Min:1
ATask3 Avg:44, SD:6, Max:84, Min:32
ACore Active Avg:90, SD:7, Max:100, Min:65
ARouter Active Avg:69, SD:2, Max:75, Min:58
T1 invocations: 3,540,805
T2 invocations: 2,135,252
T3 invocations: 40,131,896
T3b invocations: 0
Total3 invocations: 40,131,896
Total4 invocations: 2,673

T3/T2 ratio: 19
T3b/T3 ratio: 0

T1 avg ex cycles: 43
T2 avg ex cycles: 58
T3&b avg ex cycles: 7
T4 avg ex cycles: 568
Avg. hops NOC1: 3
Avg. latency NOC1 (T2): 9,181
Avg. hops NOC2: 17
Avg. latency NOC2 (T3): 10,600
Number of K Nodes Processed: 4,429
Number of K Edges Processed: 40,797
Node Re-explore factor: 1.06
Edge Re-explore factor: 0.32
Nodes/cy: 7
Edges/cy: 68
TEPS: 214

---DCache---
DCache Size: 60,880
DRAM words: 133,760
  DHits: 86,776,619
  DMisses: 3,703,001
  DHit Rate (hit/miss): 96%
  DEvictions: 1,225,052
  DEviction Rate (evict/misses): 33%
  MC Transactions: 4,013,540
  MC Writes: 288,876
Avg. Transactions: 84% , Writes: 6%, Avg. Latency: 23
Max MC id: 4 of 8. Transactions: 86% , Writes: 6%, MC mean Latency: 23
HBM refresh energy (nJ): 1
HBM access energy (nJ): 7,603,250
MemC wire energy 2.5d (nJ): 2,878,729
MemC wire energy 3d (nJ): 719,682

---Energy---
Leakage Energy (nJ): 105,209
PU Dyn E (nJ): 2,772,143
Mem Dyn E (nJ): 18,185,560
Route Dyn E (nJ): 3,339,098
Dynamic Energy (nJ): 24,296,801
Ratio of Dyn/Leak: 231
Total Energy (nJ): 24,402,010
Total Energy (nJ) 3D: 23,730,417
Cores Energy (nJ): 2,773,815
Route Energy (nJ): 3,344,602
Route Energy (nJ) 3D: 4,832,056
Mem Energy   (nJ): 18,283,593
Mem Energy   (nJ) 3D: 16,124,546
Avg. Power (mW): 40,623.10
Power Density (mW/mm2): 109.06

---Runtime---
Runtime in K cycles: 600.69
Microseconds: 600.69
Time per iteration (ms): 0.60

---Throughput---
GOP/s (aka OPS/ns): 745.62
GOP/s per core: 0.73
FLOP/s: 66.81
FLOP/s per core: 0.07
Max Peak FLOP/s: 1,024.00
Avg. BW GB/s: 2,703.30
Max BW GB/s: 4,096.00

---Traffic---
In-Die bisection_bytes BW (GB/s): 512.00
Inter-board traffic (msg/ns): 0.00, per-link: 0.00
Inter-pack traffic (msg/ns): 0.00, per-link: 0.00
Inter-die traffic (msg/ns): 0.00, per-link: 0.00
Ruche traffic (msg/ns): 0.00, per-link: 0.00
All traffic (msg/ns): 2,538.66, per-link: 2.48
Inter-die reduction wrt all: inf
Inter-board reduction wrt inter-die: -nan

---Data Movement---
All traffic (msg): 1,524,953,010
Arith. Intensity FLOP/Loads: 0.19
Arith. Intensity FLOP/Msgs: 0.03
Arith. Intensity OPS/Loads: 2.13
Arith. Intensity OPS/Msgs: 0.29



===Core Utilization Total=== CORE-S:6;; TIME K cy:600 ;; Nodes Proc: 549,642 -- Edges Proc: 5,470,785

===PRINTING FRAME STATS

FCollision In Avg:97, SD:28, Max:221, Min:10
FCollision Out Avg:90, SD:45, Max:257, Min:9
FCollision End Avg:28, SD:35, Max:200, Min:0
FTask1 Avg:4, SD:4, Max:22, Min:0
FTask2 Avg:24, SD:16, Max:59, Min:0
FTask3 Avg:53, SD:9, Max:96, Min:29
FCore Active Avg:83, SD:15, Max:100, Min:38
FRouter Active Avg:90, SD:2, Max:95, Min:82
T1 invocations: 115,836
T2 invocations: 229,326
T3 invocations: 10,338,372
T3b invocations: 0
Total3 invocations: 10,338,372
Total4 invocations: 1,404

T3/T2 ratio: 45
T3b/T3 ratio: 0

T1 avg ex cycles: 38
T2 avg ex cycles: 109
T3&b avg ex cycles: 5
T4 avg ex cycles: 559
Avg. hops NOC1: 2
Avg. latency NOC1 (T2): 22,426
Avg. hops NOC2: 17
Avg. latency NOC2 (T3): 4,001

===PRINTING ACUM STATS at pu_cycles: 700,887

ACollision In Avg:69, SD:15, Max:147, Min:15
ACollision Out Avg:68, SD:22, Max:139, Min:15
ACollision End Avg:20, SD:16, Max:97, Min:0
ATask1 Avg:22, SD:2, Max:28, Min:5
ATask2 Avg:21, SD:8, Max:42, Min:1
ATask3 Avg:46, SD:6, Max:85, Min:33
ACore Active Avg:89, SD:8, Max:100, Min:61
ARouter Active Avg:72, SD:2, Max:77, Min:66
T1 invocations: 3,658,986
T2 invocations: 2,371,058
T3 invocations: 50,714,961
T3b invocations: 0
Total3 invocations: 50,714,961
Total4 invocations: 4,107

T3/T2 ratio: 21
T3b/T3 ratio: 0

T1 avg ex cycles: 43
T2 avg ex cycles: 63
T3&b avg ex cycles: 6
T4 avg ex cycles: 565
Avg. hops NOC1: 3
Avg. latency NOC1 (T2): 10,497
Avg. hops NOC2: 17
Avg. latency NOC2 (T3): 9,226
Number of K Nodes Processed: 4,624
Number of K Edges Processed: 51,176
Node Re-explore factor: 1.10
Edge Re-explore factor: 0.40
Nodes/cy: 7
Edges/cy: 73
TEPS: 183

---DCache---
DCache Size: 60,880
DRAM words: 133,760
  DHits: 105,240,162
  DMisses: 4,381,622
  DHit Rate (hit/miss): 96%
  DEvictions: 1,628,992
  DEviction Rate (evict/misses): 37%
  MC Transactions: 4,753,960
  MC Writes: 345,980
Avg. Transactions: 85% , Writes: 6%, Avg. Latency: 23
Max MC id: 4 of 8. Transactions: 87% , Writes: 7%, MC mean Latency: 22
HBM refresh energy (nJ): 2
HBM access energy (nJ): 9,005,901
MemC wire energy 2.5d (nJ): 3,409,799
MemC wire energy 3d (nJ): 852,450

---Energy---
Leakage Energy (nJ): 122,757
PU Dyn E (nJ): 3,294,410
Mem Dyn E (nJ): 21,809,245
Route Dyn E (nJ): 4,208,514
Dynamic Energy (nJ): 29,312,169
Ratio of Dyn/Leak: 239
Total Energy (nJ): 29,434,926
Total Energy (nJ) 3D: 28,752,327
Cores Energy (nJ): 3,296,361
Route Energy (nJ): 4,214,936
Route Energy (nJ) 3D: 6,089,686
Mem Energy   (nJ): 21,923,630
Mem Energy   (nJ) 3D: 19,366,281
Avg. Power (mW): 41,996.68
Power Density (mW/mm2): 112.75

---Runtime---
Runtime in K cycles: 700.89
Microseconds: 700.89
Time per iteration (ms): 0.70

---Throughput---
GOP/s (aka OPS/ns): 742.18
GOP/s per core: 0.72
FLOP/s: 72.36
FLOP/s per core: 0.07
Max Peak FLOP/s: 1,024.00
Avg. BW GB/s: 2,827.27
Max BW GB/s: 4,096.00

---Traffic---
In-Die bisection_bytes BW (GB/s): 512.00
Inter-board traffic (msg/ns): 0.00, per-link: 0.00
Inter-pack traffic (msg/ns): 0.00, per-link: 0.00
Inter-die traffic (msg/ns): 0.00, per-link: 0.00
Ruche traffic (msg/ns): 0.00, per-link: 0.00
All traffic (msg/ns): 2,726.93, per-link: 2.66
Inter-die reduction wrt all: inf
Inter-board reduction wrt inter-die: -nan

---Data Movement---
All traffic (msg): 1,911,267,161
Arith. Intensity FLOP/Loads: 0.20
Arith. Intensity FLOP/Msgs: 0.03
Arith. Intensity OPS/Loads: 2.04
Arith. Intensity OPS/Msgs: 0.27



===Core Utilization Total=== CORE-S:7;; TIME K cy:700 ;; Nodes Proc: 573,896 -- Edges Proc: 6,775,397

===PRINTING FRAME STATS

FCollision In Avg:92, SD:29, Max:239, Min:10
FCollision Out Avg:85, SD:43, Max:238, Min:7
FCollision End Avg:26, SD:33, Max:183, Min:0
FTask1 Avg:5, SD:5, Max:28, Min:0
FTask2 Avg:25, SD:15, Max:62, Min:0
FTask3 Avg:54, SD:9, Max:100, Min:34
FCore Active Avg:84, SD:15, Max:100, Min:38
FRouter Active Avg:90, SD:2, Max:96, Min:83
T1 invocations: 138,597
T2 invocations: 253,173
T3 invocations: 10,525,982
T3b invocations: 0
Total3 invocations: 10,525,982
Total4 invocations: 1,826

T3/T2 ratio: 42
T3b/T3 ratio: 0

T1 avg ex cycles: 36
T2 avg ex cycles: 99
T3&b avg ex cycles: 5
T4 avg ex cycles: 558
Avg. hops NOC1: 2
Avg. latency NOC1 (T2): 19,083
Avg. hops NOC2: 17
Avg. latency NOC2 (T3): 4,146

===PRINTING ACUM STATS at pu_cycles: 801,070

ACollision In Avg:72, SD:15, Max:147, Min:22
ACollision Out Avg:70, SD:22, Max:151, Min:18
ACollision End Avg:21, SD:16, Max:108, Min:0
ATask1 Avg:20, SD:2, Max:27, Min:4
ATask2 Avg:21, SD:8, Max:41, Min:1
ATask3 Avg:47, SD:6, Max:87, Min:34
ACore Active Avg:88, SD:8, Max:100, Min:58
ARouter Active Avg:74, SD:2, Max:79, Min:68
T1 invocations: 3,797,583
T2 invocations: 2,624,231
T3 invocations: 61,240,943
T3b invocations: 0
Total3 invocations: 61,240,943
Total4 invocations: 5,933

T3/T2 ratio: 23
T3b/T3 ratio: 0

T1 avg ex cycles: 43
T2 avg ex cycles: 67
T3&b avg ex cycles: 6
T4 avg ex cycles: 563
Avg. hops NOC1: 2
Avg. latency NOC1 (T2): 11,325
Avg. hops NOC2: 17
Avg. latency NOC2 (T3): 8,353
Number of K Nodes Processed: 4,770
Number of K Edges Processed: 61,704
Node Re-explore factor: 1.14
Edge Re-explore factor: 0.48
Nodes/cy: 6
Edges/cy: 77
TEPS: 160

---DCache---
DCache Size: 60,880
DRAM words: 133,760
  DHits: 123,987,108
  DMisses: 5,073,150
  DHit Rate (hit/miss): 96%
  DEvictions: 2,085,387
  DEviction Rate (evict/misses): 41%
  MC Transactions: 5,505,844
  MC Writes: 401,457
Avg. Transactions: 86% , Writes: 6%, Avg. Latency: 22
Max MC id: 4 of 8. Transactions: 88% , Writes: 7%, MC mean Latency: 22
HBM refresh energy (nJ): 2
HBM access energy (nJ): 10,430,270
MemC wire energy 2.5d (nJ): 3,949,091
MemC wire energy 3d (nJ): 987,273

---Energy---
Leakage Energy (nJ): 140,304
PU Dyn E (nJ): 3,815,603
Mem Dyn E (nJ): 25,452,945
Route Dyn E (nJ): 5,068,862
Dynamic Energy (nJ): 34,337,411
Ratio of Dyn/Leak: 245
Total Energy (nJ): 34,477,715
Total Energy (nJ) 3D: 33,773,903
Cores Energy (nJ): 3,817,832
Route Energy (nJ): 5,076,203
Route Energy (nJ) 3D: 7,334,209
Mem Energy   (nJ): 25,583,680
Mem Energy   (nJ) 3D: 22,621,862
Avg. Power (mW): 43,039.58
Power Density (mW/mm2): 115.55

---Runtime---
Runtime in K cycles: 801.07
Microseconds: 801.07
Time per iteration (ms): 0.80

---Throughput---
GOP/s (aka OPS/ns): 739.59
GOP/s per core: 0.72
FLOP/s: 76.45
FLOP/s per core: 0.07
Max Peak FLOP/s: 1,024.00
Avg. BW GB/s: 2,915.83
Max BW GB/s: 4,096.00

---Traffic---
In-Die bisection_bytes BW (GB/s): 512.00
Inter-board traffic (msg/ns): 0.00, per-link: 0.00
Inter-pack traffic (msg/ns): 0.00, per-link: 0.00
Inter-die traffic (msg/ns): 0.00, per-link: 0.00
Ruche traffic (msg/ns): 0.00, per-link: 0.00
All traffic (msg/ns): 2,864.11, per-link: 2.80
Inter-die reduction wrt all: inf
Inter-board reduction wrt inter-die: -nan

---Data Movement---
All traffic (msg): 2,294,351,247
Arith. Intensity FLOP/Loads: 0.20
Arith. Intensity FLOP/Msgs: 0.03
Arith. Intensity OPS/Loads: 1.98
Arith. Intensity OPS/Msgs: 0.26



===Core Utilization Total=== CORE-S:8;; TIME K cy:800 ;; Nodes Proc: 592,215 -- Edges Proc: 8,140,959

===PRINTING FRAME STATS

FCollision In Avg:96, SD:28, Max:253, Min:4
FCollision Out Avg:93, SD:46, Max:256, Min:5
FCollision End Avg:25, SD:33, Max:196, Min:0
FTask1 Avg:5, SD:5, Max:34, Min:0
FTask2 Avg:23, SD:15, Max:66, Min:0
FTask3 Avg:50, SD:9, Max:100, Min:33
FCore Active Avg:79, SD:16, Max:100, Min:36
FRouter Active Avg:87, SD:6, Max:94, Min:66
T1 invocations: 151,924
T2 invocations: 256,227
T3 invocations: 9,850,996
T3b invocations: 0
Total3 invocations: 9,850,996
Total4 invocations: 2,135

T3/T2 ratio: 38
T3b/T3 ratio: 0

T1 avg ex cycles: 36
T2 avg ex cycles: 90
T3&b avg ex cycles: 5
T4 avg ex cycles: 541
Avg. hops NOC1: 2
Avg. latency NOC1 (T2): 17,755
Avg. hops NOC2: 17
Avg. latency NOC2 (T3): 3,433

===PRINTING ACUM STATS at pu_cycles: 900,639

ACollision In Avg:74, SD:15, Max:146, Min:21
ACollision Out Avg:72, SD:23, Max:140, Min:17
ACollision End Avg:21, SD:16, Max:97, Min:0
ATask1 Avg:18, SD:2, Max:26, Min:4
ATask2 Avg:22, SD:8, Max:40, Min:1
ATask3 Avg:47, SD:7, Max:88, Min:34
ACore Active Avg:87, SD:8, Max:100, Min:59
ARouter Active Avg:76, SD:2, Max:80, Min:69
T1 invocations: 3,948,400
T2 invocations: 2,878,670
T3 invocations: 70,997,529
T3b invocations: 0
Total3 invocations: 70,997,529
Total4 invocations: 8,053

T3/T2 ratio: 25
T3b/T3 ratio: 0

T1 avg ex cycles: 42
T2 avg ex cycles: 69
T3&b avg ex cycles: 6
T4 avg ex cycles: 557
Avg. hops NOC1: 2
Avg. latency NOC1 (T2): 11,893
Avg. hops NOC2: 17
Avg. latency NOC2 (T3): 7,678
Number of K Nodes Processed: 4,876
Number of K Edges Processed: 71,406
Node Re-explore factor: 1.16
Edge Re-explore factor: 0.56
Nodes/cy: 5
Edges/cy: 79
TEPS: 142

---DCache---
DCache Size: 60,880
DRAM words: 133,760
  DHits: 141,575,695
  DMisses: 5,716,192
  DHit Rate (hit/miss): 96%
  DEvictions: 2,550,025
  DEviction Rate (evict/misses): 45%
  MC Transactions: 6,204,520
  MC Writes: 453,447
Avg. Transactions: 86% , Writes: 6%, Avg. Latency: 21
Max MC id: 4 of 8. Transactions: 88% , Writes: 7%, MC mean Latency: 21
HBM refresh energy (nJ): 2
HBM access energy (nJ): 11,753,842
MemC wire energy 2.5d (nJ): 4,450,219
MemC wire energy 3d (nJ): 1,112,555

---Energy---
Leakage Energy (nJ): 157,743
PU Dyn E (nJ): 4,301,731
Mem Dyn E (nJ): 28,834,585
Route Dyn E (nJ): 5,860,747
Dynamic Energy (nJ): 38,997,063
Ratio of Dyn/Leak: 247
Total Energy (nJ): 39,154,806
Total Energy (nJ) 3D: 38,427,905
Cores Energy (nJ): 4,304,238
Route Energy (nJ): 5,869,000
Route Energy (nJ) 3D: 8,479,763
Mem Energy   (nJ): 28,981,569
Mem Energy   (nJ) 3D: 25,643,905
Avg. Power (mW): 43,474.47
Power Density (mW/mm2): 116.72

---Runtime---
Runtime in K cycles: 900.64
Microseconds: 900.64
Time per iteration (ms): 0.90

---Throughput---
GOP/s (aka OPS/ns): 732.96
GOP/s per core: 0.72
FLOP/s: 78.83
FLOP/s per core: 0.08
Max Peak FLOP/s: 1,024.00
Avg. BW GB/s: 2,957.10
Max BW GB/s: 4,096.00

---Traffic---
In-Die bisection_bytes BW (GB/s): 512.00
Inter-board traffic (msg/ns): 0.00, per-link: 0.00
Inter-pack traffic (msg/ns): 0.00, per-link: 0.00
Inter-die traffic (msg/ns): 0.00, per-link: 0.00
Ruche traffic (msg/ns): 0.00, per-link: 0.00
All traffic (msg/ns): 2,939.44, per-link: 2.87
Inter-die reduction wrt all: inf
Inter-board reduction wrt inter-die: -nan

---Data Movement---
All traffic (msg): 2,647,370,010
Arith. Intensity FLOP/Loads: 0.21
Arith. Intensity FLOP/Msgs: 0.03
Arith. Intensity OPS/Loads: 1.94
Arith. Intensity OPS/Msgs: 0.25



===Core Utilization Total=== CORE-S:9;; TIME K cy:900 ;; Nodes Proc: 605,597 -- Edges Proc: 9,550,987

===PRINTING FRAME STATS

FCollision In Avg:92, SD:29, Max:264, Min:9
FCollision Out Avg:92, SD:48, Max:256, Min:1
FCollision End Avg:25, SD:33, Max:191, Min:0
FTask1 Avg:6, SD:6, Max:32, Min:0
FTask2 Avg:22, SD:15, Max:63, Min:0
FTask3 Avg:48, SD:9, Max:100, Min:31
FCore Active Avg:77, SD:17, Max:100, Min:35
FRouter Active Avg:85, SD:7, Max:95, Min:64
T1 invocations: 168,264
T2 invocations: 269,721
T3 invocations: 9,504,884
T3b invocations: 0
Total3 invocations: 9,504,884
Total4 invocations: 2,564

T3/T2 ratio: 35
T3b/T3 ratio: 0

T1 avg ex cycles: 35
T2 avg ex cycles: 83
T3&b avg ex cycles: 5
T4 avg ex cycles: 523
Avg. hops NOC1: 2
Avg. latency NOC1 (T2): 16,049
Avg. hops NOC2: 17
Avg. latency NOC2 (T3): 3,128

===PRINTING ACUM STATS at pu_cycles: 1,000,713

ACollision In Avg:76, SD:15, Max:151, Min:24
ACollision Out Avg:74, SD:23, Max:136, Min:16
ACollision End Avg:22, SD:15, Max:97, Min:0
ATask1 Avg:17, SD:2, Max:24, Min:4
ATask2 Avg:22, SD:7, Max:39, Min:1
ATask3 Avg:47, SD:7, Max:90, Min:34
ACore Active Avg:86, SD:9, Max:100, Min:56
ARouter Active Avg:77, SD:2, Max:81, Min:69
T1 invocations: 4,115,930
T2 invocations: 3,145,484
T3 invocations: 80,458,300
T3b invocations: 0
Total3 invocations: 80,458,300
Total4 invocations: 10,608

T3/T2 ratio: 26
T3b/T3 ratio: 0

T1 avg ex cycles: 42
T2 avg ex cycles: 70
T3&b avg ex cycles: 6
T4 avg ex cycles: 549
Avg. hops NOC1: 2
Avg. latency NOC1 (T2): 12,253
Avg. hops NOC2: 17
Avg. latency NOC2 (T3): 7,141
Number of K Nodes Processed: 4,962
Number of K Edges Processed: 80,854
Node Re-explore factor: 1.18
Edge Re-explore factor: 0.63
Nodes/cy: 5
Edges/cy: 81
TEPS: 128

---DCache---
DCache Size: 60,880
DRAM words: 133,760
  DHits: 158,730,160
  DMisses: 6,349,812
  DHit Rate (hit/miss): 96%
  DEvictions: 3,040,001
  DEviction Rate (evict/misses): 48%
  MC Transactions: 6,894,017
  MC Writes: 506,086
Avg. Transactions: 86% , Writes: 6%, Avg. Latency: 21
Max MC id: 4 of 8. Transactions: 88% , Writes: 7%, MC mean Latency: 21
HBM refresh energy (nJ): 2
HBM access energy (nJ): 13,060,025
MemC wire energy 2.5d (nJ): 4,944,764
MemC wire energy 3d (nJ): 1,236,191

---Energy---
Leakage Energy (nJ): 175,270
PU Dyn E (nJ): 4,776,991
Mem Dyn E (nJ): 32,150,515
Route Dyn E (nJ): 6,633,470
Dynamic Energy (nJ): 43,560,976
Ratio of Dyn/Leak: 249
Total Energy (nJ): 43,736,246
Total Energy (nJ) 3D: 42,982,659
Cores Energy (nJ): 4,779,776
Route Energy (nJ): 6,642,640
Route Energy (nJ) 3D: 9,597,625
Mem Energy   (nJ): 32,313,831
Mem Energy   (nJ) 3D: 28,605,258
Avg. Power (mW): 43,705.08
Power Density (mW/mm2): 117.34

---Runtime---
Runtime in K cycles: 1,000.71
Microseconds: 1,000.71
Time per iteration (ms): 1.00

---Throughput---
GOP/s (aka OPS/ns): 726.08
GOP/s per core: 0.71
FLOP/s: 80.40
FLOP/s per core: 0.08
Max Peak FLOP/s: 1,024.00
Avg. BW GB/s: 2,979.72
Max BW GB/s: 4,096.00

---Traffic---
In-Die bisection_bytes BW (GB/s): 512.00
Inter-board traffic (msg/ns): 0.00, per-link: 0.00
Inter-pack traffic (msg/ns): 0.00, per-link: 0.00
Inter-die traffic (msg/ns): 0.00, per-link: 0.00
Ruche traffic (msg/ns): 0.00, per-link: 0.00
All traffic (msg/ns): 2,989.91, per-link: 2.92
Inter-die reduction wrt all: inf
Inter-board reduction wrt inter-die: -nan

---Data Movement---
All traffic (msg): 2,992,037,908
Arith. Intensity FLOP/Loads: 0.21
Arith. Intensity FLOP/Msgs: 0.03
Arith. Intensity OPS/Loads: 1.91
Arith. Intensity OPS/Msgs: 0.24



===Core Utilization Total=== CORE-S:10;; TIME K cy:1,000 ;; Nodes Proc: 616,505 -- Edges Proc: 10,973,895

===PRINTING FRAME STATS

FCollision In Avg:93, SD:32, Max:266, Min:2
FCollision Out Avg:94, SD:48, Max:244, Min:0
FCollision End Avg:25, SD:32, Max:197, Min:0
FTask1 Avg:6, SD:6, Max:37, Min:0
FTask2 Avg:21, SD:15, Max:63, Min:0
FTask3 Avg:45, SD:8, Max:100, Min:28
FCore Active Avg:74, SD:17, Max:100, Min:33
FRouter Active Avg:83, SD:9, Max:94, Min:60
T1 invocations: 189,176
T2 invocations: 285,200
T3 invocations: 9,003,327
T3b invocations: 0
Total3 invocations: 9,003,327
Total4 invocations: 3,474

T3/T2 ratio: 32
T3b/T3 ratio: 0

T1 avg ex cycles: 34
T2 avg ex cycles: 75
T3&b avg ex cycles: 5
T4 avg ex cycles: 448
Avg. hops NOC1: 2
Avg. latency NOC1 (T2): 15,482
Avg. hops NOC2: 17
Avg. latency NOC2 (T3): 2,877

===PRINTING ACUM STATS at pu_cycles: 1,100,822

ACollision In Avg:78, SD:15, Max:155, Min:29
ACollision Out Avg:76, SD:23, Max:145, Min:16
ACollision End Avg:22, SD:15, Max:105, Min:0
ATask1 Avg:16, SD:2, Max:22, Min:3
ATask2 Avg:22, SD:7, Max:37, Min:1
ATask3 Avg:47, SD:7, Max:91, Min:33
ACore Active Avg:85, SD:9, Max:100, Min:54
ARouter Active Avg:77, SD:3, Max:82, Min:68
T1 invocations: 4,307,499
T2 invocations: 3,432,554
T3 invocations: 89,457,642
T3b invocations: 0
Total3 invocations: 89,457,642
Total4 invocations: 14,124

T3/T2 ratio: 26
T3b/T3 ratio: 0

T1 avg ex cycles: 42
T2 avg ex cycles: 71
T3&b avg ex cycles: 6
T4 avg ex cycles: 524
Avg. hops NOC1: 2
Avg. latency NOC1 (T2): 12,512
Avg. hops NOC2: 17
Avg. latency NOC2 (T3): 6,712
Number of K Nodes Processed: 5,031
Number of K Edges Processed: 89,885
Node Re-explore factor: 1.20
Edge Re-explore factor: 0.70
Nodes/cy: 5
Edges/cy: 82
TEPS: 117

---DCache---
DCache Size: 60,880
DRAM words: 133,760
  DHits: 175,265,888
  DMisses: 6,963,779
  DHit Rate (hit/miss): 96%
  DEvictions: 3,540,865
  DEviction Rate (evict/misses): 51%
  MC Transactions: 7,559,290
  MC Writes: 554,768
Avg. Transactions: 86% , Writes: 6%, Avg. Latency: 21
Max MC id: 4 of 8. Transactions: 88% , Writes: 7%, MC mean Latency: 20
HBM refresh energy (nJ): 3
HBM access energy (nJ): 14,320,318
MemC wire energy 2.5d (nJ): 5,421,934
MemC wire energy 3d (nJ): 1,355,483

---Energy---
Leakage Energy (nJ): 192,804
PU Dyn E (nJ): 5,236,270
Mem Dyn E (nJ): 35,345,892
Route Dyn E (nJ): 7,375,088
Dynamic Energy (nJ): 47,957,251
Ratio of Dyn/Leak: 249
Total Energy (nJ): 48,150,055
Total Energy (nJ) 3D: 47,368,956
Cores Energy (nJ): 5,239,334
Route Energy (nJ): 7,385,175
Route Energy (nJ) 3D: 10,670,526
Mem Energy   (nJ): 35,525,546
Mem Energy   (nJ) 3D: 31,459,096
Avg. Power (mW): 43,740.09
Power Density (mW/mm2): 117.43

---Runtime---
Runtime in K cycles: 1,100.82
Microseconds: 1,100.82
Time per iteration (ms): 1.10

---Throughput---
GOP/s (aka OPS/ns): 718.92
GOP/s per core: 0.70
FLOP/s: 81.26
FLOP/s per core: 0.08
Max Peak FLOP/s: 1,024.00
Avg. BW GB/s: 2,987.07
Max BW GB/s: 4,096.00

---Traffic---
In-Die bisection_bytes BW (GB/s): 512.00
Inter-board traffic (msg/ns): 0.00, per-link: 0.00
Inter-pack traffic (msg/ns): 0.00, per-link: 0.00
Inter-die traffic (msg/ns): 0.00, per-link: 0.00
Ruche traffic (msg/ns): 0.00, per-link: 0.00
All traffic (msg/ns): 3,018.54, per-link: 2.95
Inter-die reduction wrt all: inf
Inter-board reduction wrt inter-die: -nan

---Data Movement---
All traffic (msg): 3,322,879,741
Arith. Intensity FLOP/Loads: 0.21
Arith. Intensity FLOP/Msgs: 0.03
Arith. Intensity OPS/Loads: 1.89
Arith. Intensity OPS/Msgs: 0.24



===Core Utilization Total=== CORE-S:11;; TIME K cy:1,100 ;; Nodes Proc: 625,354 -- Edges Proc: 12,444,323

===PRINTING FRAME STATS

FCollision In Avg:88, SD:32, Max:277, Min:2
FCollision Out Avg:87, SD:50, Max:201, Min:0
FCollision End Avg:23, SD:32, Max:177, Min:0
FTask1 Avg:7, SD:7, Max:41, Min:0
FTask2 Avg:21, SD:16, Max:71, Min:0
FTask3 Avg:45, SD:8, Max:100, Min:26
FCore Active Avg:74, SD:19, Max:100, Min:32
FRouter Active Avg:83, SD:10, Max:94, Min:59
T1 invocations: 203,491
T2 invocations: 298,194
T3 invocations: 8,962,218
T3b invocations: 0
Total3 invocations: 8,962,218
Total4 invocations: 4,605

T3/T2 ratio: 30
T3b/T3 ratio: 0

T1 avg ex cycles: 34
T2 avg ex cycles: 72
T3&b avg ex cycles: 5
T4 avg ex cycles: 372
Avg. hops NOC1: 2
Avg. latency NOC1 (T2): 14,081
Avg. hops NOC2: 17
Avg. latency NOC2 (T3): 2,906

===PRINTING ACUM STATS at pu_cycles: 1,201,044

ACollision In Avg:78, SD:15, Max:160, Min:27
ACollision Out Avg:77, SD:24, Max:142, Min:15
ACollision End Avg:22, SD:14, Max:111, Min:0
ATask1 Avg:15, SD:2, Max:20, Min:3
ATask2 Avg:21, SD:7, Max:35, Min:0
ATask3 Avg:47, SD:7, Max:91, Min:33
ACore Active Avg:84, SD:9, Max:100, Min:53
ARouter Active Avg:78, SD:3, Max:83, Min:67
T1 invocations: 4,513,425
T2 invocations: 3,733,875
T3 invocations: 98,548,872
T3b invocations: 0
Total3 invocations: 98,548,872
Total4 invocations: 18,776

T3/T2 ratio: 26
T3b/T3 ratio: 0

T1 avg ex cycles: 41
T2 avg ex cycles: 71
T3&b avg ex cycles: 6
T4 avg ex cycles: 487
Avg. hops NOC1: 2
Avg. latency NOC1 (T2): 12,638
Avg. hops NOC2: 17
Avg. latency NOC2 (T3): 6,361
Number of K Nodes Processed: 5,091
Number of K Edges Processed: 98,858
Node Re-explore factor: 1.21
Edge Re-explore factor: 0.77
Nodes/cy: 4
Edges/cy: 82
TEPS: 107

---DCache---
DCache Size: 60,880
DRAM words: 133,760
  DHits: 191,856,989
  DMisses: 7,581,655
  DHit Rate (hit/miss): 96%
  DEvictions: 4,072,516
  DEviction Rate (evict/misses): 54%
  MC Transactions: 8,227,078
  MC Writes: 602,092
Avg. Transactions: 86% , Writes: 6%, Avg. Latency: 20
Max MC id: 4 of 8. Transactions: 87% , Writes: 6%, MC mean Latency: 20
HBM refresh energy (nJ): 3
HBM access energy (nJ): 15,585,376
MemC wire energy 2.5d (nJ): 5,900,908
MemC wire energy 3d (nJ): 1,475,227

---Energy---
Leakage Energy (nJ): 210,357
PU Dyn E (nJ): 5,702,109
Mem Dyn E (nJ): 38,557,827
Route Dyn E (nJ): 8,122,763
Dynamic Energy (nJ): 52,382,700
Ratio of Dyn/Leak: 249
Total Energy (nJ): 52,593,057
Total Energy (nJ) 3D: 51,785,791
Cores Energy (nJ): 5,705,452
Route Energy (nJ): 8,133,768
Route Energy (nJ) 3D: 11,752,183
Mem Energy   (nJ): 38,753,837
Mem Energy   (nJ) 3D: 34,328,157
Avg. Power (mW): 43,789.45
Power Density (mW/mm2): 117.56

---Runtime---
Runtime in K cycles: 1,201.04
Microseconds: 1,201.04
Time per iteration (ms): 1.20

---Throughput---
GOP/s (aka OPS/ns): 713.78
GOP/s per core: 0.70
FLOP/s: 82.05
FLOP/s per core: 0.08
Max Peak FLOP/s: 1,024.00
Avg. BW GB/s: 2,994.88
Max BW GB/s: 4,096.00

---Traffic---
In-Die bisection_bytes BW (GB/s): 512.00
Inter-board traffic (msg/ns): 0.00, per-link: 0.00
Inter-pack traffic (msg/ns): 0.00, per-link: 0.00
Inter-die traffic (msg/ns): 0.00, per-link: 0.00
Ruche traffic (msg/ns): 0.00, per-link: 0.00
All traffic (msg/ns): 3,044.35, per-link: 2.97
Inter-die reduction wrt all: inf
Inter-board reduction wrt inter-die: -nan

---Data Movement---
All traffic (msg): 3,656,399,947
Arith. Intensity FLOP/Loads: 0.22
Arith. Intensity FLOP/Msgs: 0.03
Arith. Intensity OPS/Loads: 1.87
Arith. Intensity OPS/Msgs: 0.23



===Core Utilization Total=== CORE-S:12;; TIME K cy:1,200 ;; Nodes Proc: 632,677 -- Edges Proc: 13,930,753

===PRINTING FRAME STATS

FCollision In Avg:78, SD:36, Max:264, Min:2
FCollision Out Avg:79, SD:50, Max:191, Min:1
FCollision End Avg:22, SD:31, Max:176, Min:0
FTask1 Avg:7, SD:7, Max:36, Min:0
FTask2 Avg:21, SD:16, Max:68, Min:0
FTask3 Avg:44, SD:8, Max:100, Min:25
FCore Active Avg:74, SD:18, Max:100, Min:33
FRouter Active Avg:83, SD:8, Max:93, Min:62
T1 invocations: 220,470
T2 invocations: 312,776
T3 invocations: 8,840,517
T3b invocations: 0
Total3 invocations: 8,840,517
Total4 invocations: 6,977

T3/T2 ratio: 28
T3b/T3 ratio: 0

T1 avg ex cycles: 34
T2 avg ex cycles: 68
T3&b avg ex cycles: 5
T4 avg ex cycles: 273
Avg. hops NOC1: 2
Avg. latency NOC1 (T2): 12,494
Avg. hops NOC2: 17
Avg. latency NOC2 (T3): 2,999

===PRINTING ACUM STATS at pu_cycles: 1,300,892

ACollision In Avg:78, SD:16, Max:168, Min:25
ACollision Out Avg:77, SD:24, Max:146, Min:14
ACollision End Avg:22, SD:14, Max:116, Min:0
ATask1 Avg:15, SD:2, Max:19, Min:3
ATask2 Avg:21, SD:7, Max:34, Min:0
ATask3 Avg:47, SD:7, Max:92, Min:33
ACore Active Avg:83, SD:9, Max:100, Min:52
ARouter Active Avg:78, SD:4, Max:84, Min:67
T1 invocations: 4,732,721
T2 invocations: 4,044,800
T3 invocations: 107,357,136
T3b invocations: 0
Total3 invocations: 107,357,136
Total4 invocations: 25,736

T3/T2 ratio: 27
T3b/T3 ratio: 0

T1 avg ex cycles: 41
T2 avg ex cycles: 70
T3&b avg ex cycles: 6
T4 avg ex cycles: 429
Avg. hops NOC1: 2
Avg. latency NOC1 (T2): 12,628
Avg. hops NOC2: 17
Avg. latency NOC2 (T3): 6,085
Number of K Nodes Processed: 5,145
Number of K Edges Processed: 107,697
Node Re-explore factor: 1.23
Edge Re-explore factor: 0.84
Nodes/cy: 4
Edges/cy: 83
TEPS: 99

---DCache---
DCache Size: 60,880
DRAM words: 133,760
  DHits: 208,424,286
  DMisses: 8,198,708
  DHit Rate (hit/miss): 96%
  DEvictions: 4,617,951
  DEviction Rate (evict/misses): 56%
  MC Transactions: 8,894,546
  MC Writes: 650,168
Avg. Transactions: 85% , Writes: 6%, Avg. Latency: 20
Max MC id: 6 of 8. Transactions: 87% , Writes: 6%, MC mean Latency: 20
HBM refresh energy (nJ): 3
HBM access energy (nJ): 16,849,827
MemC wire energy 2.5d (nJ): 6,379,652
MemC wire energy 3d (nJ): 1,594,913

---Energy---
Leakage Energy (nJ): 227,845
PU Dyn E (nJ): 6,157,675
Mem Dyn E (nJ): 41,736,125
Route Dyn E (nJ): 8,849,753
Dynamic Energy (nJ): 56,743,554
Ratio of Dyn/Leak: 249
Total Energy (nJ): 56,971,399
Total Energy (nJ) 3D: 56,128,924
Cores Energy (nJ): 6,161,296
Route Energy (nJ): 8,861,673
Route Energy (nJ) 3D: 12,803,937
Mem Energy   (nJ): 41,948,431
Mem Energy   (nJ) 3D: 37,163,692
Avg. Power (mW): 43,794.10
Power Density (mW/mm2): 117.58

---Runtime---
Runtime in K cycles: 1,300.89
Microseconds: 1,300.89
Time per iteration (ms): 1.30

---Throughput---
GOP/s (aka OPS/ns): 708.77
GOP/s per core: 0.69
FLOP/s: 82.53
FLOP/s per core: 0.08
Max Peak FLOP/s: 1,024.00
Avg. BW GB/s: 2,996.03
Max BW GB/s: 4,096.00

---Traffic---
In-Die bisection_bytes BW (GB/s): 512.00
Inter-board traffic (msg/ns): 0.00, per-link: 0.00
Inter-pack traffic (msg/ns): 0.00, per-link: 0.00
Inter-die traffic (msg/ns): 0.00, per-link: 0.00
Ruche traffic (msg/ns): 0.00, per-link: 0.00
All traffic (msg/ns): 3,060.43, per-link: 2.99
Inter-die reduction wrt all: inf
Inter-board reduction wrt inter-die: -nan

---Data Movement---
All traffic (msg): 3,981,282,965
Arith. Intensity FLOP/Loads: 0.22
Arith. Intensity FLOP/Msgs: 0.03
Arith. Intensity OPS/Loads: 1.86
Arith. Intensity OPS/Msgs: 0.23



===Core Utilization Total=== CORE-S:13;; TIME K cy:1,300 ;; Nodes Proc: 639,338 -- Edges Proc: 15,300,431

===PRINTING FRAME STATS

FCollision In Avg:62, SD:38, Max:253, Min:4
FCollision Out Avg:63, SD:49, Max:189, Min:1
FCollision End Avg:20, SD:29, Max:186, Min:0
FTask1 Avg:8, SD:8, Max:40, Min:0
FTask2 Avg:21, SD:17, Max:71, Min:0
FTask3 Avg:44, SD:8, Max:100, Min:27
FCore Active Avg:75, SD:19, Max:100, Min:33
FRouter Active Avg:84, SD:6, Max:93, Min:66
T1 invocations: 239,729
T2 invocations: 333,225
T3 invocations: 8,771,397
T3b invocations: 0
Total3 invocations: 8,771,397
Total4 invocations: 10,182

T3/T2 ratio: 26
T3b/T3 ratio: 0

T1 avg ex cycles: 33
T2 avg ex cycles: 65
T3&b avg ex cycles: 5
T4 avg ex cycles: 208
Avg. hops NOC1: 3
Avg. latency NOC1 (T2): 10,371
Avg. hops NOC2: 17
Avg. latency NOC2 (T3): 3,381

===PRINTING ACUM STATS at pu_cycles: 1,401,149

ACollision In Avg:77, SD:16, Max:175, Min:23
ACollision Out Avg:76, SD:25, Max:148, Min:13
ACollision End Avg:22, SD:13, Max:120, Min:0
ATask1 Avg:14, SD:2, Max:18, Min:3
ATask2 Avg:21, SD:6, Max:33, Min:0
ATask3 Avg:46, SD:7, Max:93, Min:32
ACore Active Avg:83, SD:9, Max:100, Min:52
ARouter Active Avg:79, SD:4, Max:84, Min:67
T1 invocations: 4,973,835
T2 invocations: 4,379,520
T3 invocations: 116,163,287
T3b invocations: 0
Total3 invocations: 116,163,287
Total4 invocations: 35,942

T3/T2 ratio: 27
T3b/T3 ratio: 0

T1 avg ex cycles: 41
T2 avg ex cycles: 70
T3&b avg ex cycles: 6
T4 avg ex cycles: 366
Avg. hops NOC1: 2
Avg. latency NOC1 (T2): 12,455
Avg. hops NOC2: 17
Avg. latency NOC2 (T3): 5,881
Number of K Nodes Processed: 5,192
Number of K Edges Processed: 116,513
Node Re-explore factor: 1.24
Edge Re-explore factor: 0.91
Nodes/cy: 4
Edges/cy: 83
TEPS: 92

---DCache---
DCache Size: 60,880
DRAM words: 133,760
  DHits: 225,111,719
  DMisses: 8,825,163
  DHit Rate (hit/miss): 96%
  DEvictions: 5,175,625
  DEviction Rate (evict/misses): 59%
  MC Transactions: 9,571,608
  MC Writes: 698,566
Avg. Transactions: 85% , Writes: 6%, Avg. Latency: 20
Max MC id: 6 of 8. Transactions: 88% , Writes: 6%, MC mean Latency: 19
HBM refresh energy (nJ): 4
HBM access energy (nJ): 18,132,454
MemC wire energy 2.5d (nJ): 6,865,278
MemC wire energy 3d (nJ): 1,716,319

---Energy---
Leakage Energy (nJ): 245,405
PU Dyn E (nJ): 6,618,072
Mem Dyn E (nJ): 44,948,320
Route Dyn E (nJ): 9,578,206
Dynamic Energy (nJ): 61,144,598
Ratio of Dyn/Leak: 249
Total Energy (nJ): 61,390,003
Total Energy (nJ) 3D: 60,507,810
Cores Energy (nJ): 6,621,972
Route Energy (nJ): 9,591,045
Route Energy (nJ) 3D: 13,857,810
Mem Energy   (nJ): 45,176,987
Mem Energy   (nJ) 3D: 40,028,029
Avg. Power (mW): 43,814.04
Power Density (mW/mm2): 117.63

---Runtime---
Runtime in K cycles: 1,401.15
Microseconds: 1,401.15
Time per iteration (ms): 1.40

---Throughput---
GOP/s (aka OPS/ns): 705.03
GOP/s per core: 0.69
FLOP/s: 82.91
FLOP/s per core: 0.08
Max Peak FLOP/s: 1,024.00
Avg. BW GB/s: 2,997.42
Max BW GB/s: 4,096.00

---Traffic---
In-Die bisection_bytes BW (GB/s): 512.00
Inter-board traffic (msg/ns): 0.00, per-link: 0.00
Inter-pack traffic (msg/ns): 0.00, per-link: 0.00
Inter-die traffic (msg/ns): 0.00, per-link: 0.00
Ruche traffic (msg/ns): 0.00, per-link: 0.00
All traffic (msg/ns): 3,073.99, per-link: 3.00
Inter-die reduction wrt all: inf
Inter-board reduction wrt inter-die: -nan

---Data Movement---
All traffic (msg): 4,307,122,141
Arith. Intensity FLOP/Loads: 0.22
Arith. Intensity FLOP/Msgs: 0.03
Arith. Intensity OPS/Loads: 1.85
Arith. Intensity OPS/Msgs: 0.23



===Core Utilization Total=== CORE-S:14;; TIME K cy:1,400 ;; Nodes Proc: 645,266 -- Edges Proc: 16,485,028

===PRINTING FRAME STATS

FCollision In Avg:45, SD:37, Max:193, Min:3
FCollision Out Avg:44, SD:42, Max:176, Min:0
FCollision End Avg:16, SD:26, Max:101, Min:0
FTask1 Avg:8, SD:8, Max:40, Min:0
FTask2 Avg:20, SD:19, Max:71, Min:0
FTask3 Avg:43, SD:8, Max:98, Min:23
FCore Active Avg:73, SD:21, Max:100, Min:33
FRouter Active Avg:83, SD:6, Max:97, Min:67
T1 invocations: 243,750
T2 invocations: 332,052
T3 invocations: 8,512,914
T3b invocations: 0
Total3 invocations: 8,512,914
Total4 invocations: 13,893

T3/T2 ratio: 26
T3b/T3 ratio: 0

T1 avg ex cycles: 33
T2 avg ex cycles: 63
T3&b avg ex cycles: 5
T4 avg ex cycles: 159
Avg. hops NOC1: 3
Avg. latency NOC1 (T2): 8,902
Avg. hops NOC2: 17
Avg. latency NOC2 (T3): 3,419

===PRINTING ACUM STATS at pu_cycles: 1,500,915

ACollision In Avg:75, SD:17, Max:170, Min:22
ACollision Out Avg:74, SD:25, Max:148, Min:13
ACollision End Avg:21, SD:13, Max:118, Min:0
ATask1 Avg:14, SD:2, Max:16, Min:2
ATask2 Avg:21, SD:5, Max:31, Min:0
ATask3 Avg:46, SD:7, Max:93, Min:32
ACore Active Avg:82, SD:8, Max:100, Min:53
ARouter Active Avg:79, SD:3, Max:84, Min:68
T1 invocations: 5,216,929
T2 invocations: 4,710,009
T3 invocations: 124,651,342
T3b invocations: 0
Total3 invocations: 124,651,342
Total4 invocations: 49,825

T3/T2 ratio: 26
T3b/T3 ratio: 0

T1 avg ex cycles: 40
T2 avg ex cycles: 70
T3&b avg ex cycles: 6
T4 avg ex cycles: 308
Avg. hops NOC1: 2
Avg. latency NOC1 (T2): 12,205
Avg. hops NOC2: 17
Avg. latency NOC2 (T3): 5,713
Number of K Nodes Processed: 5,234
Number of K Edges Processed: 124,973
Node Re-explore factor: 1.25
Edge Re-explore factor: 0.97
Nodes/cy: 3
Edges/cy: 83
TEPS: 85

---DCache---
DCache Size: 60,880
DRAM words: 133,760
  DHits: 241,314,913
  DMisses: 9,432,107
  DHit Rate (hit/miss): 96%
  DEvictions: 5,718,914
  DEviction Rate (evict/misses): 61%
  MC Transactions: 10,228,821
  MC Writes: 746,594
Avg. Transactions: 85% , Writes: 6%, Avg. Latency: 19
Max MC id: 6 of 8. Transactions: 87% , Writes: 6%, MC mean Latency: 19
HBM refresh energy (nJ): 4
HBM access energy (nJ): 19,377,478
MemC wire energy 2.5d (nJ): 7,336,667
MemC wire energy 3d (nJ): 1,834,167

---Energy---
Leakage Energy (nJ): 262,878
PU Dyn E (nJ): 7,063,774
Mem Dyn E (nJ): 48,056,267
Route Dyn E (nJ): 10,273,397
Dynamic Energy (nJ): 65,393,437
Ratio of Dyn/Leak: 249
Total Energy (nJ): 65,656,315
Total Energy (nJ) 3D: 64,730,264
Cores Energy (nJ): 7,067,951
Route Energy (nJ): 10,287,149
Route Energy (nJ) 3D: 14,863,598
Mem Energy   (nJ): 48,301,216
Mem Energy   (nJ) 3D: 42,798,716
Avg. Power (mW): 43,744.19
Power Density (mW/mm2): 117.44

---Runtime---
Runtime in K cycles: 1,500.91
Microseconds: 1,500.91
Time per iteration (ms): 1.50

---Throughput---
GOP/s (aka OPS/ns): 700.72
GOP/s per core: 0.68
FLOP/s: 83.05
FLOP/s per core: 0.08
Max Peak FLOP/s: 1,024.00
Avg. BW GB/s: 2,992.01
Max BW GB/s: 4,096.00

---Traffic---
In-Die bisection_bytes BW (GB/s): 512.00
Inter-board traffic (msg/ns): 0.00, per-link: 0.00
Inter-pack traffic (msg/ns): 0.00, per-link: 0.00
Inter-die traffic (msg/ns): 0.00, per-link: 0.00
Ruche traffic (msg/ns): 0.00, per-link: 0.00
All traffic (msg/ns): 3,077.22, per-link: 3.01
Inter-die reduction wrt all: inf
Inter-board reduction wrt inter-die: -nan

---Data Movement---
All traffic (msg): 4,618,648,971
Arith. Intensity FLOP/Loads: 0.22
Arith. Intensity FLOP/Msgs: 0.03
Arith. Intensity OPS/Loads: 1.85
Arith. Intensity OPS/Msgs: 0.23



===Core Utilization Total=== CORE-S:15;; TIME K cy:1,500 ;; Nodes Proc: 650,622 -- Edges Proc: 17,357,124

===PRINTING FRAME STATS

FCollision In Avg:37, SD:37, Max:197, Min:1
FCollision Out Avg:35, SD:39, Max:193, Min:0
FCollision End Avg:14, SD:24, Max:114, Min:0
FTask1 Avg:8, SD:9, Max:46, Min:0
FTask2 Avg:18, SD:19, Max:74, Min:0
FTask3 Avg:38, SD:7, Max:87, Min:21
FCore Active Avg:66, SD:23, Max:100, Min:24
FRouter Active Avg:77, SD:10, Max:97, Min:52
T1 invocations: 242,083
T2 invocations: 317,428
T3 invocations: 7,508,886
T3b invocations: 0
Total3 invocations: 7,508,886
Total4 invocations: 16,419

T3/T2 ratio: 24
T3b/T3 ratio: 0

T1 avg ex cycles: 33
T2 avg ex cycles: 58
T3&b avg ex cycles: 5
T4 avg ex cycles: 136
Avg. hops NOC1: 3
Avg. latency NOC1 (T2): 7,184
Avg. hops NOC2: 17
Avg. latency NOC2 (T3): 2,945

===PRINTING ACUM STATS at pu_cycles: 1,600,993

ACollision In Avg:73, SD:17, Max:167, Min:21
ACollision Out Avg:71, SD:25, Max:145, Min:13
ACollision End Avg:21, SD:13, Max:116, Min:0
ATask1 Avg:13, SD:2, Max:16, Min:2
ATask2 Avg:21, SD:5, Max:30, Min:0
ATask3 Avg:46, SD:7, Max:93, Min:31
ACore Active Avg:81, SD:8, Max:100, Min:52
ARouter Active Avg:79, SD:3, Max:83, Min:70
T1 invocations: 5,458,713
T2 invocations: 5,026,692
T3 invocations: 132,142,030
T3b invocations: 0
Total3 invocations: 132,142,030
Total4 invocations: 66,242

T3/T2 ratio: 26
T3b/T3 ratio: 0

T1 avg ex cycles: 40
T2 avg ex cycles: 69
T3&b avg ex cycles: 6
T4 avg ex cycles: 266
Avg. hops NOC1: 2
Avg. latency NOC1 (T2): 11,885
Avg. hops NOC2: 17
Avg. latency NOC2 (T3): 5,556
Number of K Nodes Processed: 5,268
Number of K Edges Processed: 132,412
Node Re-explore factor: 1.26
Edge Re-explore factor: 1.03
Nodes/cy: 3
Edges/cy: 83
TEPS: 80

---DCache---
DCache Size: 60,880
DRAM words: 133,760
  DHits: 255,797,326
  DMisses: 9,977,505
  DHit Rate (hit/miss): 96%
  DEvictions: 6,217,247
  DEviction Rate (evict/misses): 62%
  MC Transactions: 10,817,651
  MC Writes: 788,270
Avg. Transactions: 84% , Writes: 6%, Avg. Latency: 19
Max MC id: 6 of 8. Transactions: 86% , Writes: 6%, MC mean Latency: 19
HBM refresh energy (nJ): 4
HBM access energy (nJ): 20,492,958
MemC wire energy 2.5d (nJ): 7,759,007
MemC wire energy 3d (nJ): 1,939,752

---Energy---
Leakage Energy (nJ): 280,406
PU Dyn E (nJ): 7,462,793
Mem Dyn E (nJ): 50,829,582
Route Dyn E (nJ): 10,885,919
Dynamic Energy (nJ): 69,178,295
Ratio of Dyn/Leak: 247
Total Energy (nJ): 69,458,701
Total Energy (nJ) 3D: 68,488,751
Cores Energy (nJ): 7,467,249
Route Energy (nJ): 10,900,588
Route Energy (nJ) 3D: 15,749,894
Mem Energy   (nJ): 51,090,864
Mem Energy   (nJ) 3D: 45,271,609
Avg. Power (mW): 43,384.76
Power Density (mW/mm2): 116.48

---Runtime---
Runtime in K cycles: 1,600.99
Microseconds: 1,600.99
Time per iteration (ms): 1.60

---Throughput---
GOP/s (aka OPS/ns): 692.90
GOP/s per core: 0.68
FLOP/s: 82.54
FLOP/s per core: 0.08
Max Peak FLOP/s: 1,024.00
Avg. BW GB/s: 2,966.12
Max BW GB/s: 4,096.00

---Traffic---
In-Die bisection_bytes BW (GB/s): 512.00
Inter-board traffic (msg/ns): 0.00, per-link: 0.00
Inter-pack traffic (msg/ns): 0.00, per-link: 0.00
Inter-die traffic (msg/ns): 0.00, per-link: 0.00
Ruche traffic (msg/ns): 0.00, per-link: 0.00
All traffic (msg/ns): 3,056.57, per-link: 2.98
Inter-die reduction wrt all: inf
Inter-board reduction wrt inter-die: -nan

---Data Movement---
All traffic (msg): 4,893,553,617
Arith. Intensity FLOP/Loads: 0.22
Arith. Intensity FLOP/Msgs: 0.03
Arith. Intensity OPS/Loads: 1.84
Arith. Intensity OPS/Msgs: 0.23



===Core Utilization Total=== CORE-S:16;; TIME K cy:1,600 ;; Nodes Proc: 654,855 -- Edges Proc: 18,095,180

===PRINTING FRAME STATS

FCollision In Avg:25, SD:32, Max:143, Min:1
FCollision Out Avg:26, SD:35, Max:156, Min:0
FCollision End Avg:10, SD:20, Max:149, Min:0
FTask1 Avg:7, SD:10, Max:52, Min:0
FTask2 Avg:15, SD:19, Max:76, Min:0
FTask3 Avg:32, SD:6, Max:75, Min:17
FCore Active Avg:56, SD:25, Max:100, Min:23
FRouter Active Avg:69, SD:14, Max:93, Min:40
T1 invocations: 220,440
T2 invocations: 285,448
T3 invocations: 6,331,729
T3b invocations: 0
Total3 invocations: 6,331,729
Total4 invocations: 17,207

T3/T2 ratio: 22
T3b/T3 ratio: 0

T1 avg ex cycles: 33
T2 avg ex cycles: 55
T3&b avg ex cycles: 5
T4 avg ex cycles: 120
Avg. hops NOC1: 3
Avg. latency NOC1 (T2): 5,580
Avg. hops NOC2: 17
Avg. latency NOC2 (T3): 2,559

===PRINTING ACUM STATS at pu_cycles: 1,700,870

ACollision In Avg:70, SD:17, Max:163, Min:21
ACollision Out Avg:69, SD:25, Max:138, Min:13
ACollision End Avg:20, SD:12, Max:109, Min:0
ATask1 Avg:13, SD:1, Max:15, Min:3
ATask2 Avg:21, SD:4, Max:28, Min:0
ATask3 Avg:45, SD:7, Max:92, Min:31
ACore Active Avg:80, SD:7, Max:100, Min:51
ARouter Active Avg:78, SD:2, Max:82, Min:71
T1 invocations: 5,679,298
T2 invocations: 5,312,461
T3 invocations: 138,489,501
T3b invocations: 0
Total3 invocations: 138,489,501
Total4 invocations: 83,455

T3/T2 ratio: 26
T3b/T3 ratio: 0

T1 avg ex cycles: 40
T2 avg ex cycles: 68
T3&b avg ex cycles: 6
T4 avg ex cycles: 236
Avg. hops NOC1: 3
Avg. latency NOC1 (T2): 11,543
Avg. hops NOC2: 17
Avg. latency NOC2 (T3): 5,420
Number of K Nodes Processed: 5,295
Number of K Edges Processed: 138,659
Node Re-explore factor: 1.26
Edge Re-explore factor: 1.08
Nodes/cy: 3
Edges/cy: 82
TEPS: 75

---DCache---
DCache Size: 60,880
DRAM words: 133,760
  DHits: 268,055,735
  DMisses: 10,442,355
  DHit Rate (hit/miss): 96%
  DEvictions: 6,645,640
  DEviction Rate (evict/misses): 64%
  MC Transactions: 11,319,693
  MC Writes: 823,840
Avg. Transactions: 83% , Writes: 6%, Avg. Latency: 19
Max MC id: 6 of 8. Transactions: 84% , Writes: 6%, MC mean Latency: 19
HBM refresh energy (nJ): 5
HBM access energy (nJ): 21,444,026
MemC wire energy 2.5d (nJ): 8,119,099
MemC wire energy 3d (nJ): 2,029,775

---Energy---
Leakage Energy (nJ): 297,899
PU Dyn E (nJ): 7,804,436
Mem Dyn E (nJ): 53,191,260
Route Dyn E (nJ): 11,403,475
Dynamic Energy (nJ): 72,399,172
Ratio of Dyn/Leak: 243
Total Energy (nJ): 72,697,071
Total Energy (nJ) 3D: 71,687,607
Cores Energy (nJ): 7,809,170
Route Energy (nJ): 11,419,060
Route Energy (nJ) 3D: 16,498,920
Mem Energy   (nJ): 53,468,842
Mem Energy   (nJ) 3D: 47,379,518
Avg. Power (mW): 42,741.11
Power Density (mW/mm2): 114.75

---Runtime---
Runtime in K cycles: 1,700.87
Microseconds: 1,700.87
Time per iteration (ms): 1.70

---Throughput---
GOP/s (aka OPS/ns): 681.37
GOP/s per core: 0.67
FLOP/s: 81.42
FLOP/s per core: 0.08
Max Peak FLOP/s: 1,024.00
Avg. BW GB/s: 2,921.04
Max BW GB/s: 4,096.00

---Traffic---
In-Die bisection_bytes BW (GB/s): 512.00
Inter-board traffic (msg/ns): 0.00, per-link: 0.00
Inter-pack traffic (msg/ns): 0.00, per-link: 0.00
Inter-die traffic (msg/ns): 0.00, per-link: 0.00
Ruche traffic (msg/ns): 0.00, per-link: 0.00
All traffic (msg/ns): 3,013.80, per-link: 2.94
Inter-die reduction wrt all: inf
Inter-board reduction wrt inter-die: -nan

---Data Movement---
All traffic (msg): 5,126,076,542
Arith. Intensity FLOP/Loads: 0.22
Arith. Intensity FLOP/Msgs: 0.03
Arith. Intensity OPS/Loads: 1.84
Arith. Intensity OPS/Msgs: 0.23



===Core Utilization Total=== CORE-S:17;; TIME K cy:1,700 ;; Nodes Proc: 658,202 -- Edges Proc: 18,576,778
======== IT IS COLD ======= Only 60 Tiles active

===PRINTING FRAME STATS

FCollision In Avg:17, SD:27, Max:116, Min:0
FCollision Out Avg:18, SD:30, Max:197, Min:0
FCollision End Avg:7, SD:17, Max:197, Min:0
FTask1 Avg:6, SD:10, Max:47, Min:0
FTask2 Avg:11, SD:19, Max:83, Min:0
FTask3 Avg:24, SD:5, Max:55, Min:11
FCore Active Avg:42, SD:25, Max:100, Min:18
FRouter Active Avg:57, SD:19, Max:93, Min:24
T1 invocations: 169,754
T2 invocations: 208,027
T3 invocations: 4,797,400
T3b invocations: 0
Total3 invocations: 4,797,400
Total4 invocations: 15,436

T3/T2 ratio: 23
T3b/T3 ratio: 0

T1 avg ex cycles: 33
T2 avg ex cycles: 55
T3&b avg ex cycles: 5
T4 avg ex cycles: 103
Avg. hops NOC1: 3
Avg. latency NOC1 (T2): 5,044
Avg. hops NOC2: 17
Avg. latency NOC2 (T3): 2,140

===PRINTING ACUM STATS at pu_cycles: 1,800,578

ACollision In Avg:67, SD:17, Max:159, Min:20
ACollision Out Avg:66, SD:24, Max:133, Min:13
ACollision End Avg:20, SD:11, Max:103, Min:0
ATask1 Avg:13, SD:1, Max:14, Min:5
ATask2 Avg:20, SD:3, Max:27, Min:0
ATask3 Avg:44, SD:7, Max:90, Min:30
ACore Active Avg:78, SD:7, Max:100, Min:50
ARouter Active Avg:77, SD:2, Max:81, Min:72
T1 invocations: 5,841,787
T2 invocations: 5,511,739
T3 invocations: 143,159,042
T3b invocations: 0
Total3 invocations: 143,159,042
Total4 invocations: 98,730

T3/T2 ratio: 26
T3b/T3 ratio: 0

T1 avg ex cycles: 40
T2 avg ex cycles: 68
T3&b avg ex cycles: 6
T4 avg ex cycles: 215
Avg. hops NOC1: 3
Avg. latency NOC1 (T2): 11,306
Avg. hops NOC2: 17
Avg. latency NOC2 (T3): 5,312
Number of K Nodes Processed: 5,314
Number of K Edges Processed: 143,347
Node Re-explore factor: 1.27
Edge Re-explore factor: 1.12
Nodes/cy: 3
Edges/cy: 80
TEPS: 71

---DCache---
DCache Size: 60,880
DRAM words: 133,760
  DHits: 277,326,961
  DMisses: 10,791,772
  DHit Rate (hit/miss): 96%
  DEvictions: 6,971,046
  DEviction Rate (evict/misses): 65%
  MC Transactions: 11,697,214
  MC Writes: 850,810
Avg. Transactions: 81% , Writes: 6%, Avg. Latency: 19
Max MC id: 4 of 8. Transactions: 82% , Writes: 6%, MC mean Latency: 19
HBM refresh energy (nJ): 5
HBM access energy (nJ): 22,159,202
MemC wire energy 2.5d (nJ): 8,389,878
MemC wire energy 3d (nJ): 2,097,469

---Energy---
Leakage Energy (nJ): 315,363
PU Dyn E (nJ): 8,054,045
Mem Dyn E (nJ): 54,936,972
Route Dyn E (nJ): 11,781,437
Dynamic Energy (nJ): 74,772,455
Ratio of Dyn/Leak: 237
Total Energy (nJ): 75,087,818
Total Energy (nJ) 3D: 74,043,639
Cores Energy (nJ): 8,059,056
Route Energy (nJ): 11,797,936
Route Energy (nJ) 3D: 17,046,165
Mem Energy   (nJ): 55,230,826
Mem Energy   (nJ) 3D: 48,938,418
Avg. Power (mW): 41,702.06
Power Density (mW/mm2): 111.96

---Runtime---
Runtime in K cycles: 1,800.58
Microseconds: 1,800.58
Time per iteration (ms): 1.80

---Throughput---
GOP/s (aka OPS/ns): 663.69
GOP/s per core: 0.65
FLOP/s: 79.51
FLOP/s per core: 0.08
Max Peak FLOP/s: 1,024.00
Avg. BW GB/s: 2,846.68
Max BW GB/s: 4,096.00

---Traffic---
In-Die bisection_bytes BW (GB/s): 512.00
Inter-board traffic (msg/ns): 0.00, per-link: 0.00
Inter-pack traffic (msg/ns): 0.00, per-link: 0.00
Inter-die traffic (msg/ns): 0.00, per-link: 0.00
Ruche traffic (msg/ns): 0.00, per-link: 0.00
All traffic (msg/ns): 2,941.43, per-link: 2.87
Inter-die reduction wrt all: inf
Inter-board reduction wrt inter-die: -nan

---Data Movement---
All traffic (msg): 5,296,283,089
Arith. Intensity FLOP/Loads: 0.22
Arith. Intensity FLOP/Msgs: 0.03
Arith. Intensity OPS/Loads: 1.84
Arith. Intensity OPS/Msgs: 0.23



===Core Utilization Total=== CORE-S:18;; TIME K cy:1,800 ;; Nodes Proc: 660,645 -- Edges Proc: 18,883,561
======== IT IS COLD ======= Only 40 Tiles active

===PRINTING FRAME STATS

FCollision In Avg:8, SD:20, Max:185, Min:0
FCollision Out Avg:9, SD:22, Max:155, Min:0
FCollision End Avg:4, SD:12, Max:106, Min:0
FTask1 Avg:4, SD:9, Max:49, Min:0
FTask2 Avg:7, SD:17, Max:89, Min:0
FTask3 Avg:15, SD:3, Max:43, Min:7
FCore Active Avg:27, SD:23, Max:100, Min:10
FRouter Active Avg:40, SD:18, Max:90, Min:15
T1 invocations: 112,895
T2 invocations: 145,964
T3 invocations: 3,018,485
T3b invocations: 0
Total3 invocations: 3,018,485
Total4 invocations: 11,049

T3/T2 ratio: 21
T3b/T3 ratio: 0

T1 avg ex cycles: 33
T2 avg ex cycles: 52
T3&b avg ex cycles: 5
T4 avg ex cycles: 97
Avg. hops NOC1: 3
Avg. latency NOC1 (T2): 4,068
Avg. hops NOC2: 17
Avg. latency NOC2 (T3): 1,859

===PRINTING ACUM STATS at pu_cycles: 1,900,812

ACollision In Avg:64, SD:16, Max:155, Min:19
ACollision Out Avg:63, SD:24, Max:128, Min:12
ACollision End Avg:19, SD:11, Max:98, Min:0
ATask1 Avg:12, SD:1, Max:13, Min:5
ATask2 Avg:20, SD:2, Max:25, Min:1
ATask3 Avg:42, SD:7, Max:87, Min:29
ACore Active Avg:75, SD:7, Max:99, Min:50
ARouter Active Avg:75, SD:2, Max:80, Min:71
T1 invocations: 5,961,332
T2 invocations: 5,672,281
T3 invocations: 146,260,750
T3b invocations: 0
Total3 invocations: 146,260,750
Total4 invocations: 109,928

T3/T2 ratio: 26
T3b/T3 ratio: 0

T1 avg ex cycles: 39
T2 avg ex cycles: 67
T3&b avg ex cycles: 6
T4 avg ex cycles: 203
Avg. hops NOC1: 3
Avg. latency NOC1 (T2): 11,104
Avg. hops NOC2: 17
Avg. latency NOC2 (T3): 5,242
Number of K Nodes Processed: 5,326
Number of K Edges Processed: 146,315
Node Re-explore factor: 1.27
Edge Re-explore factor: 1.14
Nodes/cy: 3
Edges/cy: 77
TEPS: 68

---DCache---
DCache Size: 60,880
DRAM words: 133,760
  DHits: 283,342,289
  DMisses: 11,014,809
  DHit Rate (hit/miss): 96%
  DEvictions: 7,179,798
  DEviction Rate (evict/misses): 65%
  MC Transactions: 11,936,400
  MC Writes: 866,604
Avg. Transactions: 78% , Writes: 6%, Avg. Latency: 19
Max MC id: 6 of 8. Transactions: 79% , Writes: 6%, MC mean Latency: 19
HBM refresh energy (nJ): 5
HBM access energy (nJ): 22,612,316
MemC wire energy 2.5d (nJ): 8,561,435
MemC wire energy 3d (nJ): 2,140,359

---Energy---
Leakage Energy (nJ): 332,918
PU Dyn E (nJ): 8,225,200
Mem Dyn E (nJ): 56,093,191
Route Dyn E (nJ): 12,038,634
Dynamic Energy (nJ): 76,357,026
Ratio of Dyn/Leak: 229
Total Energy (nJ): 76,689,944
Total Energy (nJ) 3D: 75,631,669
Cores Energy (nJ): 8,230,490
Route Energy (nJ): 12,056,051
Route Energy (nJ) 3D: 17,418,853
Mem Energy   (nJ): 56,403,403
Mem Energy   (nJ) 3D: 49,982,327
Avg. Power (mW): 40,345.89
Power Density (mW/mm2): 108.32

---Runtime---
Runtime in K cycles: 1,900.81
Microseconds: 1,900.81
Time per iteration (ms): 1.90

---Throughput---
GOP/s (aka OPS/ns): 641.93
GOP/s per core: 0.63
FLOP/s: 76.95
FLOP/s per core: 0.08
Max Peak FLOP/s: 1,024.00
Avg. BW GB/s: 2,755.36
Max BW GB/s: 4,096.00

---Traffic---
In-Die bisection_bytes BW (GB/s): 512.00
Inter-board traffic (msg/ns): 0.00, per-link: 0.00
Inter-pack traffic (msg/ns): 0.00, per-link: 0.00
Inter-die traffic (msg/ns): 0.00, per-link: 0.00
Ruche traffic (msg/ns): 0.00, per-link: 0.00
All traffic (msg/ns): 2,846.91, per-link: 2.78
Inter-die reduction wrt all: inf
Inter-board reduction wrt inter-die: -nan

---Data Movement---
All traffic (msg): 5,411,444,423
Arith. Intensity FLOP/Loads: 0.22
Arith. Intensity FLOP/Msgs: 0.03
Arith. Intensity OPS/Loads: 1.84
Arith. Intensity OPS/Msgs: 0.23



===Core Utilization Total=== CORE-S:19;; TIME K cy:1,900 ;; Nodes Proc: 662,191 -- Edges Proc: 19,014,204
======== IT IS COLD ======= Only 23 Tiles active

===PRINTING FRAME STATS

FCollision In Avg:4, SD:14, Max:137, Min:0
FCollision Out Avg:5, SD:16, Max:97, Min:0
FCollision End Avg:2, SD:9, Max:86, Min:0
FTask1 Avg:2, SD:6, Max:52, Min:0
FTask2 Avg:4, SD:13, Max:94, Min:0
FTask3 Avg:8, SD:2, Max:21, Min:3
FCore Active Avg:14, SD:17, Max:100, Min:5
FRouter Active Avg:24, SD:11, Max:64, Min:9
T1 invocations: 54,726
T2 invocations: 71,292
T3 invocations: 1,605,672
T3b invocations: 0
Total3 invocations: 1,605,672
Total4 invocations: 6,447

T3/T2 ratio: 23
T3b/T3 ratio: 0

T1 avg ex cycles: 34
T2 avg ex cycles: 56
T3&b avg ex cycles: 5
T4 avg ex cycles: 81
Avg. hops NOC1: 4
Avg. latency NOC1 (T2): 4,341
Avg. hops NOC2: 17
Avg. latency NOC2 (T3): 1,460

===PRINTING ACUM STATS at pu_cycles: 2,000,794

ACollision In Avg:61, SD:16, Max:151, Min:18
ACollision Out Avg:60, SD:23, Max:124, Min:11
ACollision End Avg:18, SD:10, Max:94, Min:1
ATask1 Avg:12, SD:1, Max:13, Min:5
ATask2 Avg:19, SD:2, Max:25, Min:1
ATask3 Avg:40, SD:6, Max:84, Min:28
ACore Active Avg:72, SD:6, Max:99, Min:48
ARouter Active Avg:73, SD:2, Max:78, Min:69
T1 invocations: 6,018,837
T2 invocations: 5,745,459
T3 invocations: 147,881,646
T3b invocations: 0
Total3 invocations: 147,881,646
Total4 invocations: 116,419

T3/T2 ratio: 26
T3b/T3 ratio: 0

T1 avg ex cycles: 39
T2 avg ex cycles: 67
T3&b avg ex cycles: 6
T4 avg ex cycles: 196
Avg. hops NOC1: 3
Avg. latency NOC1 (T2): 11,018
Avg. hops NOC2: 17
Avg. latency NOC2 (T3): 5,201
Number of K Nodes Processed: 5,332
Number of K Edges Processed: 147,898
Node Re-explore factor: 1.27
Edge Re-explore factor: 1.15
Nodes/cy: 3
Edges/cy: 74
TEPS: 64

---DCache---
DCache Size: 60,880
DRAM words: 133,760
  DHits: 286,571,846
  DMisses: 11,130,927
  DHit Rate (hit/miss): 96%
  DEvictions: 7,284,899
  DEviction Rate (evict/misses): 65%
  MC Transactions: 12,060,578
  MC Writes: 874,598
Avg. Transactions: 75% , Writes: 5%, Avg. Latency: 19
Max MC id: 5 of 8. Transactions: 76% , Writes: 6%, MC mean Latency: 19
HBM refresh energy (nJ): 5
HBM access energy (nJ): 22,847,558
MemC wire energy 2.5d (nJ): 8,650,502
MemC wire energy 3d (nJ): 2,162,626

---Energy---
Leakage Energy (nJ): 350,430
PU Dyn E (nJ): 8,312,913
Mem Dyn E (nJ): 56,689,255
Route Dyn E (nJ): 12,170,179
Dynamic Energy (nJ): 77,172,348
Ratio of Dyn/Leak: 220
Total Energy (nJ): 77,522,778
Total Energy (nJ) 3D: 76,456,301
Cores Energy (nJ): 8,318,482
Route Energy (nJ): 12,188,511
Route Energy (nJ) 3D: 17,609,911
Mem Energy   (nJ): 57,015,785
Mem Energy   (nJ) 3D: 50,527,908
Avg. Power (mW): 38,746.01
Power Density (mW/mm2): 104.02

---Runtime---
Runtime in K cycles: 2,000.79
Microseconds: 2,000.79
Time per iteration (ms): 2.00

---Throughput---
GOP/s (aka OPS/ns): 616.23
GOP/s per core: 0.60
FLOP/s: 73.91
FLOP/s per core: 0.07
Max Peak FLOP/s: 1,024.00
Avg. BW GB/s: 2,645.96
Max BW GB/s: 4,096.00

---Traffic---
In-Die bisection_bytes BW (GB/s): 512.00
Inter-board traffic (msg/ns): 0.00, per-link: 0.00
Inter-pack traffic (msg/ns): 0.00, per-link: 0.00
Inter-die traffic (msg/ns): 0.00, per-link: 0.00
Ruche traffic (msg/ns): 0.00, per-link: 0.00
All traffic (msg/ns): 2,734.14, per-link: 2.67
Inter-die reduction wrt all: inf
Inter-board reduction wrt inter-die: -nan

---Data Movement---
All traffic (msg): 5,470,447,247
Arith. Intensity FLOP/Loads: 0.22
Arith. Intensity FLOP/Msgs: 0.03
Arith. Intensity OPS/Loads: 1.84
Arith. Intensity OPS/Msgs: 0.23



===Core Utilization Total=== CORE-S:20;; TIME K cy:2,000 ;; Nodes Proc: 663,010 -- Edges Proc: 19,196,684
======== IT IS COLD ======= Only 18 Tiles active

===PRINTING FRAME STATS

FCollision In Avg:2, SD:9, Max:91, Min:0
FCollision Out Avg:2, SD:11, Max:94, Min:0
FCollision End Avg:1, SD:6, Max:86, Min:0
FTask1 Avg:1, SD:5, Max:56, Min:0
FTask2 Avg:2, SD:10, Max:100, Min:0
FTask3 Avg:5, SD:1, Max:21, Min:0
FCore Active Avg:8, SD:12, Max:100, Min:2
FRouter Active Avg:14, SD:8, Max:52, Min:6
T1 invocations: 25,958
T2 invocations: 34,084
T3 invocations: 887,678
T3b invocations: 0
Total3 invocations: 887,678
Total4 invocations: 3,708

T3/T2 ratio: 26
T3b/T3 ratio: 0

T1 avg ex cycles: 34
T2 avg ex cycles: 58
T3&b avg ex cycles: 5
T4 avg ex cycles: 67
Avg. hops NOC1: 4
Avg. latency NOC1 (T2): 4,344
Avg. hops NOC2: 17
Avg. latency NOC2 (T3): 1,202

===PRINTING ACUM STATS at pu_cycles: 2,100,163

ACollision In Avg:58, SD:15, Max:148, Min:17
ACollision Out Avg:57, SD:22, Max:121, Min:11
ACollision End Avg:17, SD:10, Max:94, Min:1
ATask1 Avg:11, SD:0, Max:13, Min:5
ATask2 Avg:18, SD:2, Max:25, Min:1
ATask3 Avg:39, SD:6, Max:84, Min:27
ACore Active Avg:69, SD:6, Max:99, Min:46
ARouter Active Avg:70, SD:2, Max:77, Min:66
T1 invocations: 6,043,311
T2 invocations: 5,775,032
T3 invocations: 148,740,814
T3b invocations: 0
Total3 invocations: 148,740,814
Total4 invocations: 120,089

T3/T2 ratio: 26
T3b/T3 ratio: 0

T1 avg ex cycles: 39
T2 avg ex cycles: 67
T3&b avg ex cycles: 6
T4 avg ex cycles: 192
Avg. hops NOC1: 3
Avg. latency NOC1 (T2): 10,982
Avg. hops NOC2: 17
Avg. latency NOC2 (T3): 5,177
Number of K Nodes Processed: 5,336
Number of K Edges Processed: 148,760
Node Re-explore factor: 1.27
Edge Re-explore factor: 1.16
Nodes/cy: 3
Edges/cy: 71
TEPS: 61

---DCache---
DCache Size: 60,880
DRAM words: 133,760
  DHits: 288,328,074
  DMisses: 11,193,930
  DHit Rate (hit/miss): 96%
  DEvictions: 7,341,889
  DEviction Rate (evict/misses): 66%
  MC Transactions: 12,127,285
  MC Writes: 878,281
Avg. Transactions: 72% , Writes: 5%, Avg. Latency: 19
Max MC id: 0 of 8. Transactions: 72% , Writes: 5%, MC mean Latency: 20
HBM refresh energy (nJ): 6
HBM access energy (nJ): 22,973,928
MemC wire energy 2.5d (nJ): 8,698,348
MemC wire energy 3d (nJ): 2,174,587

---Energy---
Leakage Energy (nJ): 367,834
PU Dyn E (nJ): 8,356,697
Mem Dyn E (nJ): 56,992,557
Route Dyn E (nJ): 12,239,139
Dynamic Energy (nJ): 77,588,394
Ratio of Dyn/Leak: 211
Total Energy (nJ): 77,956,228
Total Energy (nJ) 3D: 76,884,586
Cores Energy (nJ): 8,362,542
Route Energy (nJ): 12,258,382
Route Energy (nJ) 3D: 17,710,502
Mem Energy   (nJ): 57,335,304
Mem Energy   (nJ) 3D: 50,811,542
Avg. Power (mW): 37,119.13
Power Density (mW/mm2): 99.66

---Runtime---
Runtime in K cycles: 2,100.16
Microseconds: 2,100.16
Time per iteration (ms): 2.10

---Throughput---
GOP/s (aka OPS/ns): 590.01
GOP/s per core: 0.58
FLOP/s: 70.82
FLOP/s per core: 0.07
Max Peak FLOP/s: 1,024.00
Avg. BW GB/s: 2,533.21
Max BW GB/s: 4,096.00

---Traffic---
In-Die bisection_bytes BW (GB/s): 512.00
Inter-board traffic (msg/ns): 0.00, per-link: 0.00
Inter-pack traffic (msg/ns): 0.00, per-link: 0.00
Inter-die traffic (msg/ns): 0.00, per-link: 0.00
Ruche traffic (msg/ns): 0.00, per-link: 0.00
All traffic (msg/ns): 2,619.52, per-link: 2.56
Inter-die reduction wrt all: inf
Inter-board reduction wrt inter-die: -nan

---Data Movement---
All traffic (msg): 5,501,424,255
Arith. Intensity FLOP/Loads: 0.22
Arith. Intensity FLOP/Msgs: 0.03
Arith. Intensity OPS/Loads: 1.84
Arith. Intensity OPS/Msgs: 0.23



===Core Utilization Total=== CORE-S:21;; TIME K cy:2,100 ;; Nodes Proc: 663,471 -- Edges Proc: 19,242,843
======== IT IS COLD ======= Only 4 Tiles active

===PRINTING FRAME STATS

FCollision In Avg:1, SD:6, Max:91, Min:0
FCollision Out Avg:1, SD:9, Max:95, Min:0
FCollision End Avg:1, SD:5, Max:87, Min:0
FTask1 Avg:0, SD:3, Max:39, Min:0
FTask2 Avg:1, SD:7, Max:100, Min:0
FTask3 Avg:2, SD:1, Max:10, Min:0
FCore Active Avg:3, SD:9, Max:100, Min:1
FRouter Active Avg:6, SD:6, Max:51, Min:2
T1 invocations: 10,713
T2 invocations: 15,758
T3 invocations: 393,915
T3b invocations: 0
Total3 invocations: 393,915
Total4 invocations: 1,690

T3/T2 ratio: 25
T3b/T3 ratio: 0

T1 avg ex cycles: 34
T2 avg ex cycles: 62
T3&b avg ex cycles: 5
T4 avg ex cycles: 63
Avg. hops NOC1: 4
Avg. latency NOC1 (T2): 5,271
Avg. hops NOC2: 16
Avg. latency NOC2 (T3): 1,887

===PRINTING ACUM STATS at pu_cycles: 2,200,159

ACollision In Avg:55, SD:15, Max:148, Min:16
ACollision Out Avg:55, SD:21, Max:117, Min:10
ACollision End Avg:16, SD:9, Max:93, Min:1
ATask1 Avg:11, SD:0, Max:12, Min:5
ATask2 Avg:17, SD:2, Max:22, Min:3
ATask3 Avg:37, SD:6, Max:80, Min:25
ACore Active Avg:66, SD:6, Max:98, Min:46
ARouter Active Avg:67, SD:2, Max:76, Min:63
T1 invocations: 6,054,815
T2 invocations: 5,792,054
T3 invocations: 149,093,237
T3b invocations: 0
Total3 invocations: 149,093,237
Total4 invocations: 121,611

T3/T2 ratio: 26
T3b/T3 ratio: 0

T1 avg ex cycles: 39
T2 avg ex cycles: 67
T3&b avg ex cycles: 6
T4 avg ex cycles: 191
Avg. hops NOC1: 3
Avg. latency NOC1 (T2): 10,965
Avg. hops NOC2: 17
Avg. latency NOC2 (T3): 5,168
Number of K Nodes Processed: 5,338
Number of K Edges Processed: 149,103
Node Re-explore factor: 1.27
Edge Re-explore factor: 1.16
Nodes/cy: 2
Edges/cy: 68
TEPS: 58

---DCache---
DCache Size: 60,880
DRAM words: 133,760
  DHits: 289,035,861
  DMisses: 11,219,019
  DHit Rate (hit/miss): 96%
  DEvictions: 7,365,260
  DEviction Rate (evict/misses): 66%
  MC Transactions: 12,153,937
  MC Writes: 879,844
Avg. Transactions: 69% , Writes: 5%, Avg. Latency: 19
Max MC id: 0 of 8. Transactions: 69% , Writes: 5%, MC mean Latency: 20
HBM refresh energy (nJ): 6
HBM access energy (nJ): 23,024,418
MemC wire energy 2.5d (nJ): 8,717,464
MemC wire energy 3d (nJ): 2,179,366

---Energy---
Leakage Energy (nJ): 385,348
PU Dyn E (nJ): 8,376,021
Mem Dyn E (nJ): 57,125,404
Route Dyn E (nJ): 12,268,381
Dynamic Energy (nJ): 77,769,806
Ratio of Dyn/Leak: 202
Total Energy (nJ): 78,155,154
Total Energy (nJ) 3D: 77,082,202
Cores Energy (nJ): 8,382,145
Route Energy (nJ): 12,288,540
Route Energy (nJ) 3D: 17,753,686
Mem Energy   (nJ): 57,484,469
Mem Energy   (nJ) 3D: 50,946,371
Avg. Power (mW): 35,522.50
Power Density (mW/mm2): 95.37

---Runtime---
Runtime in K cycles: 2,200.16
Microseconds: 2,200.16
Time per iteration (ms): 2.20

---Throughput---
GOP/s (aka OPS/ns): 564.48
GOP/s per core: 0.55
FLOP/s: 67.76
FLOP/s per core: 0.07
Max Peak FLOP/s: 1,024.00
Avg. BW GB/s: 2,424.12
Max BW GB/s: 4,096.00

---Traffic---
In-Die bisection_bytes BW (GB/s): 512.00
Inter-board traffic (msg/ns): 0.00, per-link: 0.00
Inter-pack traffic (msg/ns): 0.00, per-link: 0.00
Inter-die traffic (msg/ns): 0.00, per-link: 0.00
Ruche traffic (msg/ns): 0.00, per-link: 0.00
All traffic (msg/ns): 2,506.41, per-link: 2.45
Inter-die reduction wrt all: inf
Inter-board reduction wrt inter-die: -nan

---Data Movement---
All traffic (msg): 5,514,495,453
Arith. Intensity FLOP/Loads: 0.22
Arith. Intensity FLOP/Msgs: 0.03
Arith. Intensity OPS/Loads: 1.84
Arith. Intensity OPS/Msgs: 0.23



===Core Utilization Total=== CORE-S:22;; TIME K cy:2,200 ;; Nodes Proc: 663,659 -- Edges Proc: 19,243,028
======== IT IS COLD ======= Only 0 Tiles active

===PRINTING FRAME STATS

FCollision In Avg:0, SD:4, Max:72, Min:0
FCollision Out Avg:1, SD:5, Max:85, Min:0
FCollision End Avg:0, SD:4, Max:85, Min:0
FTask1 Avg:0, SD:3, Max:46, Min:0
FTask2 Avg:1, SD:6, Max:99, Min:0
FTask3 Avg:1, SD:1, Max:9, Min:0
FCore Active Avg:2, SD:7, Max:100, Min:0
FRouter Active Avg:4, SD:5, Max:43, Min:1
T1 invocations: 8,749
T2 invocations: 11,859
T3 invocations: 288,202
T3b invocations: 0
Total3 invocations: 288,202
Total4 invocations: 1,224

T3/T2 ratio: 24
T3b/T3 ratio: 0

T1 avg ex cycles: 34
T2 avg ex cycles: 55
T3&b avg ex cycles: 5
T4 avg ex cycles: 71
Avg. hops NOC1: 3
Avg. latency NOC1 (T2): 3,914
Avg. hops NOC2: 16
Avg. latency NOC2 (T3): 2,292

===PRINTING ACUM STATS at pu_cycles: 2,300,002

ACollision In Avg:55, SD:15, Max:144, Min:16
ACollision Out Avg:54, SD:21, Max:116, Min:10
ACollision End Avg:16, SD:9, Max:91, Min:1
ATask1 Avg:10, SD:0, Max:12, Min:5
ATask2 Avg:17, SD:1, Max:22, Min:3
ATask3 Avg:37, SD:6, Max:77, Min:25
ACore Active Avg:65, SD:6, Max:96, Min:46
ARouter Active Avg:66, SD:2, Max:74, Min:60
T1 invocations: 6,059,075
T2 invocations: 5,799,349
T3 invocations: 149,125,092
T3b invocations: 0
Total3 invocations: 149,125,092
Total4 invocations: 121,766

T3/T2 ratio: 26
T3b/T3 ratio: 0

T1 avg ex cycles: 39
T2 avg ex cycles: 67
T3&b avg ex cycles: 6
T4 avg ex cycles: 191
Avg. hops NOC1: 3
Avg. latency NOC1 (T2): 10,958
Avg. hops NOC2: 17
Avg. latency NOC2 (T3): 5,169
Number of K Nodes Processed: 5,338
Number of K Edges Processed: 149,196
Node Re-explore factor: 1.27
Edge Re-explore factor: 1.16
Nodes/cy: 2
Edges/cy: 65
TEPS: 56

---DCache---
DCache Size: 60,880
DRAM words: 133,760
  DHits: 289,229,535
  DMisses: 11,226,293
  DHit Rate (hit/miss): 96%
  DEvictions: 7,371,292
  DEviction Rate (evict/misses): 66%
  MC Transactions: 12,161,670
  MC Writes: 880,303
Avg. Transactions: 66% , Writes: 5%, Avg. Latency: 19
Max MC id: 0 of 8. Transactions: 66% , Writes: 5%, MC mean Latency: 20
HBM refresh energy (nJ): 6
HBM access energy (nJ): 23,039,067
MemC wire energy 2.5d (nJ): 8,723,011
MemC wire energy 3d (nJ): 2,180,753

---Energy---
Leakage Energy (nJ): 402,835
PU Dyn E (nJ): 8,379,284
Mem Dyn E (nJ): 57,162,030
Route Dyn E (nJ): 12,271,328
Dynamic Energy (nJ): 77,812,642
Ratio of Dyn/Leak: 193
Total Energy (nJ): 78,215,477
Total Energy (nJ) 3D: 77,139,678
Cores Energy (nJ): 8,385,685
Route Energy (nJ): 12,292,402
Route Energy (nJ) 3D: 17,758,861
Mem Energy   (nJ): 57,537,390
Mem Energy   (nJ) 3D: 50,995,132
Avg. Power (mW): 34,006.70
Power Density (mW/mm2): 91.30

---Runtime---
Runtime in K cycles: 2,300.00
Microseconds: 2,300.00
Time per iteration (ms): 2.30

---Throughput---
GOP/s (aka OPS/ns): 540.24
GOP/s per core: 0.53
FLOP/s: 64.84
FLOP/s per core: 0.06
Max Peak FLOP/s: 1,024.00
Avg. BW GB/s: 2,320.36
Max BW GB/s: 4,096.00

---Traffic---
In-Die bisection_bytes BW (GB/s): 512.00
Inter-board traffic (msg/ns): 0.00, per-link: 0.00
Inter-pack traffic (msg/ns): 0.00, per-link: 0.00
Inter-die traffic (msg/ns): 0.00, per-link: 0.00
Ruche traffic (msg/ns): 0.00, per-link: 0.00
All traffic (msg/ns): 2,398.25, per-link: 2.34
Inter-die reduction wrt all: inf
Inter-board reduction wrt inter-die: -nan

---Data Movement---
All traffic (msg): 5,515,988,771
Arith. Intensity FLOP/Loads: 0.22
Arith. Intensity FLOP/Msgs: 0.03
Arith. Intensity OPS/Loads: 1.84
Arith. Intensity OPS/Msgs: 0.23



===Core Utilization Total=== CORE-S:23;; TIME K cy:2,300 ;; Nodes Proc: 663,730 -- Edges Proc: 19,243,097
======== IT IS COLD ======= Only 0 Tiles active

===PRINTING FRAME STATS

FCollision In Avg:0, SD:2, Max:63, Min:0
FCollision Out Avg:1, SD:4, Max:97, Min:0
FCollision End Avg:0, SD:2, Max:63, Min:0
FTask1 Avg:0, SD:0, Max:6, Min:0
FTask2 Avg:0, SD:2, Max:64, Min:0
FTask3 Avg:0, SD:0, Max:5, Min:0
FCore Active Avg:0, SD:3, Max:65, Min:0
FRouter Active Avg:1, SD:3, Max:26, Min:0
T1 invocations: 479
T2 invocations: 1,730
T3 invocations: 35,400
T3b invocations: 0
Total3 invocations: 35,400
Total4 invocations: 185

T3/T2 ratio: 20
T3b/T3 ratio: 0

T1 avg ex cycles: 38
T2 avg ex cycles: 63
T3&b avg ex cycles: 5
T4 avg ex cycles: 36
Avg. hops NOC1: 2
Avg. latency NOC1 (T2): 5,769
Avg. hops NOC2: 23
Avg. latency NOC2 (T3): 1,534

===PRINTING ACUM STATS at pu_cycles: 2,400,206

ACollision In Avg:51, SD:13, Max:132, Min:15
ACollision Out Avg:50, SD:19, Max:111, Min:9
ACollision End Avg:15, SD:9, Max:88, Min:1
ATask1 Avg:10, SD:0, Max:11, Min:5
ATask2 Avg:16, SD:1, Max:20, Min:6
ATask3 Avg:34, SD:5, Max:74, Min:23
ACore Active Avg:60, SD:5, Max:94, Min:47
ARouter Active Avg:61, SD:2, Max:72, Min:58
T1 invocations: 6,063,078
T2 invocations: 5,803,654
T3 invocations: 149,230,520
T3b invocations: 0
Total3 invocations: 149,230,520
Total4 invocations: 122,271

T3/T2 ratio: 26
T3b/T3 ratio: 0

T1 avg ex cycles: 39
T2 avg ex cycles: 67
T3&b avg ex cycles: 6
T4 avg ex cycles: 190
Avg. hops NOC1: 3
Avg. latency NOC1 (T2): 10,952
Avg. hops NOC2: 17
Avg. latency NOC2 (T3): 5,167
Number of K Nodes Processed: 5,339
Number of K Edges Processed: 149,231
Node Re-explore factor: 1.27
Edge Re-explore factor: 1.16
Nodes/cy: 2
Edges/cy: 62
TEPS: 53

---DCache---
DCache Size: 60,880
DRAM words: 133,760
  DHits: 289,299,216
  DMisses: 11,228,812
  DHit Rate (hit/miss): 96%
  DEvictions: 7,372,611
  DEviction Rate (evict/misses): 66%
  MC Transactions: 12,164,382
  MC Writes: 880,496
Avg. Transactions: 63% , Writes: 5%, Avg. Latency: 19
Max MC id: 0 of 8. Transactions: 64% , Writes: 5%, MC mean Latency: 20
HBM refresh energy (nJ): 7
HBM access energy (nJ): 23,044,205
MemC wire energy 2.5d (nJ): 8,724,956
MemC wire energy 3d (nJ): 2,181,239

---Energy---
Leakage Energy (nJ): 420,385
PU Dyn E (nJ): 8,384,927
Mem Dyn E (nJ): 57,183,450
Route Dyn E (nJ): 12,281,633
Dynamic Energy (nJ): 77,850,010
Ratio of Dyn/Leak: 185
Total Energy (nJ): 78,270,395
Total Energy (nJ) 3D: 77,197,727
Cores Energy (nJ): 8,391,607
Route Energy (nJ): 12,303,625
Route Energy (nJ) 3D: 17,774,675
Mem Energy   (nJ): 57,575,163
Mem Energy   (nJ) 3D: 51,031,446
Avg. Power (mW): 32,609.87
Power Density (mW/mm2): 87.55

---Runtime---
Runtime in K cycles: 2,400.21
Microseconds: 2,400.21
Time per iteration (ms): 2.40

---Throughput---
GOP/s (aka OPS/ns): 518.02
GOP/s per core: 0.51
FLOP/s: 62.17
FLOP/s per core: 0.06
Max Peak FLOP/s: 1,024.00
Avg. BW GB/s: 2,224.89
Max BW GB/s: 4,096.00

---Traffic---
In-Die bisection_bytes BW (GB/s): 512.00
Inter-board traffic (msg/ns): 0.00, per-link: 0.00
Inter-pack traffic (msg/ns): 0.00, per-link: 0.00
Inter-die traffic (msg/ns): 0.00, per-link: 0.00
Ruche traffic (msg/ns): 0.00, per-link: 0.00
All traffic (msg/ns): 2,299.94, per-link: 2.25
Inter-die reduction wrt all: inf
Inter-board reduction wrt inter-die: -nan

---Data Movement---
All traffic (msg): 5,520,332,232
Arith. Intensity FLOP/Loads: 0.22
Arith. Intensity FLOP/Msgs: 0.03
Arith. Intensity OPS/Loads: 1.84
Arith. Intensity OPS/Msgs: 0.23



===Core Utilization Total=== CORE-S:24;; TIME K cy:2,400 ;; Nodes Proc: 663,774 -- Edges Proc: 19,243,143
======== IT IS COLD ======= Only 2 Tiles active

===PRINTING FRAME STATS

FCollision In Avg:0, SD:3, Max:97, Min:0
FCollision Out Avg:0, SD:4, Max:97, Min:0
FCollision End Avg:0, SD:3, Max:97, Min:0
FTask1 Avg:0, SD:0, Max:9, Min:0
FTask2 Avg:0, SD:4, Max:84, Min:0
FTask3 Avg:0, SD:0, Max:2, Min:0
FCore Active Avg:1, SD:4, Max:84, Min:0
FRouter Active Avg:1, SD:3, Max:35, Min:0
T1 invocations: 622
T2 invocations: 2,224
T3 invocations: 81,096
T3b invocations: 0
Total3 invocations: 81,096
Total4 invocations: 362

T3/T2 ratio: 36
T3b/T3 ratio: 0

T1 avg ex cycles: 40
T2 avg ex cycles: 92
T3&b avg ex cycles: 5
T4 avg ex cycles: 23
Avg. hops NOC1: 3
Avg. latency NOC1 (T2): 9,401
Avg. hops NOC2: 17
Avg. latency NOC2 (T3): 85

===PRINTING ACUM STATS at pu_cycles: 2,500,068

ACollision In Avg:49, SD:13, Max:127, Min:14
ACollision Out Avg:48, SD:18, Max:106, Min:9
ACollision End Avg:14, SD:8, Max:84, Min:1
ATask1 Avg:9, SD:0, Max:10, Min:5
ATask2 Avg:15, SD:1, Max:20, Min:9
ATask3 Avg:33, SD:5, Max:71, Min:22
ACore Active Avg:58, SD:5, Max:90, Min:47
ARouter Active Avg:59, SD:2, Max:69, Min:56
T1 invocations: 6,063,702
T2 invocations: 5,805,926
T3 invocations: 149,311,928
T3b invocations: 0
Total3 invocations: 149,311,928
Total4 invocations: 122,636

T3/T2 ratio: 26
T3b/T3 ratio: 0

T1 avg ex cycles: 39
T2 avg ex cycles: 67
T3&b avg ex cycles: 6
T4 avg ex cycles: 190
Avg. hops NOC1: 3
Avg. latency NOC1 (T2): 10,952
Avg. hops NOC2: 17
Avg. latency NOC2 (T3): 5,164
Number of K Nodes Processed: 5,339
Number of K Edges Processed: 149,312
Node Re-explore factor: 1.27
Edge Re-explore factor: 1.16
Nodes/cy: 2
Edges/cy: 60
TEPS: 51

---DCache---
DCache Size: 60,880
DRAM words: 133,760
  DHits: 289,463,282
  DMisses: 11,234,638
  DHit Rate (hit/miss): 96%
  DEvictions: 7,378,437
  DEviction Rate (evict/misses): 66%
  MC Transactions: 12,170,518
  MC Writes: 880,806
Avg. Transactions: 61% , Writes: 4%, Avg. Latency: 19
Max MC id: 0 of 8. Transactions: 61% , Writes: 4%, MC mean Latency: 19
HBM refresh energy (nJ): 7
HBM access energy (nJ): 23,055,829
MemC wire energy 2.5d (nJ): 8,729,357
MemC wire energy 3d (nJ): 2,182,339

---Energy---
Leakage Energy (nJ): 437,875
PU Dyn E (nJ): 8,388,861
Mem Dyn E (nJ): 57,212,547
Route Dyn E (nJ): 12,288,391
Dynamic Energy (nJ): 77,889,800
Ratio of Dyn/Leak: 178
Total Energy (nJ): 78,327,675
Total Energy (nJ) 3D: 77,254,717
Cores Energy (nJ): 8,395,819
Route Energy (nJ): 12,311,298
Route Energy (nJ) 3D: 17,785,358
Mem Energy   (nJ): 57,620,558
Mem Energy   (nJ) 3D: 51,073,541
Avg. Power (mW): 31,330.22
Power Density (mW/mm2): 84.11

---Runtime---
Runtime in K cycles: 2,500.07
Microseconds: 2,500.07
Time per iteration (ms): 2.50

---Throughput---
GOP/s (aka OPS/ns): 497.55
GOP/s per core: 0.49
FLOP/s: 59.72
FLOP/s per core: 0.06
Max Peak FLOP/s: 1,024.00
Avg. BW GB/s: 2,137.10
Max BW GB/s: 4,096.00

---Traffic---
In-Die bisection_bytes BW (GB/s): 512.00
Inter-board traffic (msg/ns): 0.00, per-link: 0.00
Inter-pack traffic (msg/ns): 0.00, per-link: 0.00
Inter-die traffic (msg/ns): 0.00, per-link: 0.00
Ruche traffic (msg/ns): 0.00, per-link: 0.00
All traffic (msg/ns): 2,209.28, per-link: 2.16
Inter-die reduction wrt all: inf
Inter-board reduction wrt inter-die: -nan

---Data Movement---
All traffic (msg): 5,523,346,993
Arith. Intensity FLOP/Loads: 0.22
Arith. Intensity FLOP/Msgs: 0.03
Arith. Intensity OPS/Loads: 1.84
Arith. Intensity OPS/Msgs: 0.23



===Core Utilization Total=== CORE-S:25;; TIME K cy:2,500 ;; Nodes Proc: 663,835 -- Edges Proc: 19,243,197
======== IT IS COLD ======= Only 0 Tiles active
Epoch Done Router: 4
Epoch Done Router: 7
Epoch Done Router: 0
Epoch Done Router: 6
Epoch Done Router: 5
Epoch Done Router: 3
Epoch Done Router: 2
Epoch Done Router: 1
##EPOCH## 1 COMPLETED at Time (K cy): 2,536
Nodes processed until now: 5,339,527
Edges processed until now: 149,333,151
Program Done Worker Thread: 0
Program Done Router Thread: 3
Program Done Router Thread: 6
Program Done Worker Thread: 5
Program Done Router Thread: 0
Program Done Worker Thread: 2
Program Done Worker Thread: 6
Program Done Router Thread: 4
Program Done Worker Thread: 4
Program Done Router Thread: 1
Program Done Worker Thread: 7
Program Done Worker Thread: 3
Program Done Router Thread: 2
Program Done Router Thread: 7
Program Done Worker Thread: 1
Program Done Router Thread: 5

===PRINTING ACUM STATS at pu_cycles: 2,536,472

ACollision In Avg:48, SD:13, Max:125, Min:14
ACollision Out Avg:48, SD:18, Max:101, Min:9
ACollision End Avg:14, SD:8, Max:81, Min:1
ATask1 Avg:9, SD:0, Max:10, Min:8
ATask2 Avg:15, SD:1, Max:19, Min:12
ATask3 Avg:32, SD:5, Max:67, Min:22
ACore Active Avg:57, SD:5, Max:89, Min:46
ARouter Active Avg:58, SD:1, Max:65, Min:55
T1 invocations: 6,066,105
T2 invocations: 5,808,138
T3 invocations: 149,333,151
T3b invocations: 0
Total3 invocations: 149,333,151
Total4 invocations: 122,749

T3/T2 ratio: 26
T3b/T3 ratio: 0

T1 avg ex cycles: 39
T2 avg ex cycles: 67
T3&b avg ex cycles: 6
T4 avg ex cycles: 190
Avg. hops NOC1: 3
Avg. latency NOC1 (T2): 10,949
Avg. hops NOC2: 17
Avg. latency NOC2 (T3): 5,164

Runtime at program end in K cycles: 2,536
Runtime before cooldown in K cycles: 1,600


Number of K Nodes Processed: 5,339
Number of K Edges Processed: 149,333
Node Re-explore factor: 1.27
Edge Re-explore factor: 1.16
Nodes/cy: 2
Edges/cy: 59
TEPS: 51

---DCache---
DCache Size: 60,880
DRAM words: 133,760
  DHits: 289,505,962
  DMisses: 11,236,132
  DHit Rate (hit/miss): 96%
  DEvictions: 7,379,931
  DEviction Rate (evict/misses): 66%
  MC Transactions: 12,172,124
  MC Writes: 880,918
Avg. Transactions: 60% , Writes: 4%, Avg. Latency: 19
Max MC id: 0 of 8. Transactions: 60% , Writes: 4%, MC mean Latency: 19
HBM refresh energy (nJ): 7
HBM access energy (nJ): 23,058,871
MemC wire energy 2.5d (nJ): 8,730,509
MemC wire energy 3d (nJ): 2,182,627

---Energy---
Leakage Energy (nJ): 444,251
PU Dyn E (nJ): 8,390,522
Mem Dyn E (nJ): 57,222,412
Route Dyn E (nJ): 12,290,317
Dynamic Energy (nJ): 77,903,252
Ratio of Dyn/Leak: 175
Total Energy (nJ): 78,347,503
Total Energy (nJ) 3D: 77,274,539
Cores Energy (nJ): 8,397,582
Route Energy (nJ): 12,313,558
Route Energy (nJ) 3D: 17,788,476
Mem Energy   (nJ): 57,636,364
Mem Energy   (nJ) 3D: 51,088,482
Avg. Power (mW): 30,888.38
Power Density (mW/mm2): 82.93

---Runtime---
Runtime in K cycles: 2,536.47
Microseconds: 2,536.47
Time per iteration (ms): 2.54

---Inst---
K Loads: 677,662
K Stores: 658,377
K Instructions: 1,244,177

---Throughput---
GOP/s (aka OPS/ns): 490.52
GOP/s per core: 0.48
FLOP/s: 58.87
FLOP/s per core: 0.06
Max Peak FLOP/s: 1,024.00
Avg. BW GB/s: 2,106.93
Max BW GB/s: 4,096.00

---Traffic---
In-Die bisection_bytes BW (GB/s): 512.00
Inter-board traffic (msg/ns): 0.00, per-link: 0.00
Inter-pack traffic (msg/ns): 0.00, per-link: 0.00
Inter-die traffic (msg/ns): 0.00, per-link: 0.00
Ruche traffic (msg/ns): 0.00, per-link: 0.00
All traffic (msg/ns): 2,177.91, per-link: 2.13
Inter-die reduction wrt all: inf
Inter-board reduction wrt inter-die: -nan

---Data Movement---
All traffic (msg): 5,524,202,510
Arith. Intensity FLOP/Loads: 0.22
Arith. Intensity FLOP/Msgs: 0.03
Arith. Intensity OPS/Loads: 1.84
Arith. Intensity OPS/Msgs: 0.23

Simulation time: 220.51
Sim noc_cy/s: 11,502.89
Sim Msg/s: 25,052,228.21

Version 31

