Dataset:  Kron22/
Dry run: 0
Dataset Footprint: 2 MiB
Dataset Footprint per Board: 16.777 Mb
Dataset injection time (ms): 0.000511993
Max Dataset Footprint: 0 MiB

Dataset footprint per tile: 0 KiB
Proxys footprint per tile: 0 KiB
Reserved SRAM per tile: 1 KiB

Ideal SRAM per tile: 1 KiB
reserved_words_for_dataset:26124
dataset_words_per_tile:128
remaining_sram_words:130622
min_dcache_sram_words_required:128
dataset_words_per_tile:128
min_pcache_sram_words_required:0
proxys_words_per_tile:0
Dcache footprint ratio: 1
Dataset Cached: 0
DCache: 128 words, lines: 8, sets: 8
Proxys Cached: 0
Pcache: 0 words, sets: 0
GRID_X: 64
GRID_SIZE: 4,096
smt_per_tile: 1
noc_freq: 1
pu_freq: 1
RUCHE_X: 0
PROXY_W: 64
DIE_W: 16
DIE_H: 16
DIES: 16
BORDER_TILES_PER_DIE: 64
PACK_W: 64
PACK_H: 64
DIES_PACK_FACTOR: 4
DIES_PER_PACK: 16
PACKAGES: 1
BOARD_W: 64
BOARD_H: 64
BOARDS: 1
MUX_BUS: 1
DCACHE: 0
PCACHE: 0
PROXY_FACTOR: 1
CACHE_WAYS: 1
TORUS: 1
PHY_NOCS: 1
WIDE_NOC_ID: 0
NOC_CONF: 1
noc_width: 32
hbm_channel_bit_width: 512
ld_st_op_byte_width: 4
PROXY_ROUTING: 0
WRITE_THROUGH: 1
ASSERT_MODE: 0
GLOBAL_BARRIER: 0
OQ flits: 6 ; 32 ; 6
IQ flits: 6 ; 256 ; 6
OQ messages: 2 ; 8 ; 1
IQ messages: 2 ; 64 ; 1
max_task2 size: 4
io_factor_t2: 8
io_factor_t3: 8
io_factor_t3b: 8

Active SRAM Storage per tile: 2 KiB
Total SRAM Storage per tile: 512 KiB
Agreggated SRAM Storage: 2,048 MiB

Inter-Die #links: 512
Inter-Die (Gbits): 16,384
Inter-Die (Gbits/mm): 477.415
Bisection BW of Board (Gbits): 16,384
Border IO #Dies: 16
Border IO Die BW (Gbits): 2,048
Off-Board BW Total (Gbits): 32,768
Off-Board BW Density (Gbits/mm): 211
Die side: 8.58 mm
Die border wire density: 477.41 Gbits/mm
HBM wire density: 477.41 Gbits/mm

Tiles per Die: 256 (16x16)
Tile Area: 0.19 mm2, side: 0.44 mm
- Core/Rout Area: 0.05 mm2
- SRAM Area: 0.14 mm2
- SRAM/Logic Ratio: 2.80x

Dies per Package: 16 (4x4)
Die Area: 73.61 mm2, side: 8.58 mm
- Tiles Area: 49.86 mm2
- PHY Area: 23.74 mm2
- MC Area: 0.00 mm2

Packages per Board: 1 (1x1)
Package Area: 1,497.74 mm2, side: 38.70 mm
- IOdie Area: 320.00 mm2
- Dies Area: 1,177.74 mm2
- HBM Area: 0.00 mm2

Boards: 1 (1x1)
Board Area: 1,497.74 mm2
Total Area: 1,497.74 mm2



ESTIMATED COST OF SILICON AND PACKAGING. ONLY VARIABLE, NO FIXED COSTS
Good dies per wafer 3d: 457
Good dies per wafer 2d: 755
--Dies 3D Cost: 211.71 $
--Dies 2.5D Cost: 128.15 $
--Dies 2D Cost: 128.15 $
--HBM Cost: 960.00 $
--IOdie Cost: 33.76 $
--Packaging Cost 3d: 43.23 $
--Packaging Cost 2.5d: 69.14 $
--Packaging Cost 2d: 24.29 $
SiP Cost 3d: 1,248.70 $
SiP Cost 2.5d: 1,191.04 $
SiP Cost 2d: 186.19 $
--Board Cost: 1.50 $
Total SiPs Cost 3d: 1,250.20 $
Total SiPs Cost 2.5d: 1,192.54 $
Total SiPs Cost 2d: 187.69 $

Perf counters initialized
Mesh connected
Cache structures initialized
Dataset structures initialized


Starting Simulation
INIT epoch: 1
INIT epoch: 1
INIT epoch: 1
INIT epoch: 1
INIT epoch: 1
INIT epoch: 1
INIT epoch: 1
INIT epoch: 1

===PRINTING FRAME STATS

FCollision In Avg:-nan, SD:-nan, Max:9, Min:2
FCollision Out Avg:-nan, SD:-nan, Max:3, Min:2
FCollision End Avg:-nan, SD:-nan, Max:0, Min:0
FTask1 Avg:-nan, SD:-nan, Max:94, Min:93
FTask2 Avg:-nan, SD:-nan, Max:0, Min:0
FTask3 Avg:-nan, SD:-nan, Max:6, Min:5
FCore Active Avg:-nan, SD:-nan, Max:100, Min:98
FRouter Active Avg:-nan, SD:-nan, Max:10, Min:9
T1 invocations: 8,778
T2 invocations: 0
T3 invocations: 41,706
T3b invocations: 0
Total3 invocations: 41,706
Total4 invocations: 0

T3/T2 ratio: inf
T3b/T3 ratio: 0

T1 avg ex cycles: 1,048
T2 avg ex cycles: -nan
T3&b avg ex cycles: 13
T4 avg ex cycles: -nan
Avg. hops NOC1: -nan
Avg. latency NOC1 (T2): -nan
Avg. hops NOC2: 17
Avg. latency NOC2 (T3): 578

===PRINTING ACUM STATS at pu_cycles: 15,675

ACollision In Avg:-nan, SD:-nan, Max:9, Min:2
ACollision Out Avg:-nan, SD:-nan, Max:3, Min:2
ACollision End Avg:-nan, SD:-nan, Max:0, Min:0
ATask1 Avg:-nan, SD:-nan, Max:94, Min:93
ATask2 Avg:-nan, SD:-nan, Max:0, Min:0
ATask3 Avg:-nan, SD:-nan, Max:6, Min:5
ACore Active Avg:-nan, SD:-nan, Max:100, Min:98
ARouter Active Avg:-nan, SD:-nan, Max:10, Min:9
T1 invocations: 8,843
T2 invocations: 0
T3 invocations: 42,021
T3b invocations: 0
Total3 invocations: 42,021
Total4 invocations: 0

T3/T2 ratio: inf
T3b/T3 ratio: 0

T1 avg ex cycles: 1,048
T2 avg ex cycles: -nan
T3&b avg ex cycles: 13
T4 avg ex cycles: -nan
Avg. hops NOC1: -nan
Avg. latency NOC1 (T2): -nan
Avg. hops NOC2: 17
Avg. latency NOC2 (T3): 577

---Energy---
Leakage Energy (nJ): 982
PU Dyn E (nJ): 91,417
Mem Dyn E (nJ): 9,583
Route Dyn E (nJ): 19,447
Dynamic Energy (nJ): 120,447
Ratio of Dyn/Leak: 123
Total Energy (nJ): 121,429
Total Energy (nJ) 3D: 124,912
Cores Energy (nJ): 91,592
Route Energy (nJ): 20,174
Route Energy (nJ) 3D: 23,656
Mem Energy   (nJ): 9,663
Mem Energy   (nJ) 3D: 9,663
Avg. Power (mW): 7,746.65
Power Density (mW/mm2): 5.17

---Runtime---
Runtime in K cycles: 15.68
Microseconds: 15.68
Time per iteration (ms): 0.02

---Throughput---
GOP/s (aka OPS/ns): 626.40
GOP/s per core: 0.15
FLOP/s: 163.40
FLOP/s per core: 0.04
Max Peak FLOP/s: 4,096.00
Avg. BW GB/s: 117.95
Max BW GB/s: 16,384.00

---Traffic---
In-Die bisection_bytes BW (GB/s): 256.00
Inter-board traffic (msg/ns): 0.00, per-link: 0.00
Inter-pack traffic (msg/ns): 0.00, per-link: 0.00
Inter-die traffic (msg/ns): 76.29, per-link: 0.07
Ruche traffic (msg/ns): 0.00, per-link: 0.00
All traffic (msg/ns): 184.53, per-link: 0.05
Inter-die reduction wrt all: 2.42
Inter-board reduction wrt inter-die: inf

---Data Movement---
All traffic (msg): 2,892,430
Arith. Intensity FLOP/Loads: 10.16
Arith. Intensity FLOP/Msgs: 0.89
Arith. Intensity GOPS/Loads: 0.00
Arith. Intensity GOPS/Msgs: 0.00



===Core Utilization Total=== CORE-S:1;; TIME K cy:15 ;; Nodes Proc: 0 -- Edges Proc: 0

===PRINTING FRAME STATS

FCollision In Avg:9, SD:4, Max:22, Min:0
FCollision Out Avg:4, SD:1, Max:9, Min:0
FCollision End Avg:0, SD:0, Max:0, Min:0
FTask1 Avg:88, SD:3, Max:93, Min:79
FTask2 Avg:0, SD:0, Max:0, Min:0
FTask3 Avg:7, SD:2, Max:10, Min:5
FCore Active Avg:95, SD:2, Max:100, Min:89
FRouter Active Avg:13, SD:3, Max:21, Min:9
T1 invocations: 53,951
T2 invocations: 0
T3 invocations: 258,048
T3b invocations: 0
Total3 invocations: 258,048
Total4 invocations: 0

T3/T2 ratio: inf
T3b/T3 ratio: 0

T1 avg ex cycles: 851
T2 avg ex cycles: -nan
T3&b avg ex cycles: 13
T4 avg ex cycles: -nan
Avg. hops NOC1: -nan
Avg. latency NOC1 (T2): -nan
Avg. hops NOC2: 17
Avg. latency NOC2 (T3): 349

===PRINTING ACUM STATS at pu_cycles: 24,306

ACollision In Avg:8, SD:2, Max:13, Min:2
ACollision Out Avg:3, SD:1, Max:5, Min:0
ACollision End Avg:0, SD:0, Max:0, Min:0
ATask1 Avg:90, SD:1, Max:93, Min:88
ATask2 Avg:0, SD:0, Max:0, Min:0
ATask3 Avg:6, SD:1, Max:7, Min:5
ACore Active Avg:96, SD:1, Max:100, Min:94
ARouter Active Avg:12, SD:1, Max:14, Min:9
T1 invocations: 75,291
T2 invocations: 0
T3 invocations: 358,911
T3b invocations: 0
Total3 invocations: 358,911
Total4 invocations: 0

T3/T2 ratio: inf
T3b/T3 ratio: 0

T1 avg ex cycles: 906
T2 avg ex cycles: -nan
T3&b avg ex cycles: 13
T4 avg ex cycles: -nan
Avg. hops NOC1: -nan
Avg. latency NOC1 (T2): -nan
Avg. hops NOC2: 18
Avg. latency NOC2 (T3): 382

---Energy---
Leakage Energy (nJ): 1,522
PU Dyn E (nJ): 674,716
Mem Dyn E (nJ): 81,852
Route Dyn E (nJ): 97,211
Dynamic Energy (nJ): 853,780
Ratio of Dyn/Leak: 561
Total Energy (nJ): 855,302
Total Energy (nJ) 3D: 903,921
Cores Energy (nJ): 674,987
Route Energy (nJ): 98,339
Route Energy (nJ) 3D: 146,959
Mem Energy   (nJ): 81,977
Mem Energy   (nJ) 3D: 81,977
Avg. Power (mW): 35,188.94
Power Density (mW/mm2): 23.49

---Runtime---
Runtime in K cycles: 24.31
Microseconds: 24.31
Time per iteration (ms): 0.02

---Throughput---
GOP/s (aka OPS/ns): 2,998.16
GOP/s per core: 0.73
FLOP/s: 773.58
FLOP/s per core: 0.19
Max Peak FLOP/s: 4,096.00
Avg. BW GB/s: 649.72
Max BW GB/s: 16,384.00

---Traffic---
In-Die bisection_bytes BW (GB/s): 256.00
Inter-board traffic (msg/ns): 0.00, per-link: 0.00
Inter-pack traffic (msg/ns): 0.00, per-link: 0.00
Inter-die traffic (msg/ns): 96.66, per-link: 0.09
Ruche traffic (msg/ns): 0.00, per-link: 0.00
All traffic (msg/ns): 1,033.77, per-link: 0.25
Inter-die reduction wrt all: 10.69
Inter-board reduction wrt inter-die: inf

---Data Movement---
All traffic (msg): 25,126,722
Arith. Intensity FLOP/Loads: 8.73
Arith. Intensity FLOP/Msgs: 0.75
Arith. Intensity GOPS/Loads: 0.00
Arith. Intensity GOPS/Msgs: 0.00



===Core Utilization Total=== CORE-S:2;; TIME K cy:23 ;; Nodes Proc: 0 -- Edges Proc: 0
======== IT IS COLD ======= Only 1 Tiles active
Epoch Done Router: 5
Epoch Done Router: 0
Epoch Done Router: 3
Epoch Done Router: 2
Epoch Done Router: 7
Epoch Done Router: 6
Epoch Done Router: 4
Epoch Done Router: 1
##EPOCH## 1 COMPLETED at Time (K cy): 24
Nodes processed until now: 0
Edges processed until now: 0
Program Done Worker Thread: 0
Program Done Router Thread: 6
Program Done Router Thread: 0
Program Done Router Thread: 2
Program Done Worker Thread: 4
Program Done Router Thread: 7
Program Done Router Thread: 5
Program Done Worker Thread: 1
Program Done Worker Thread: 3
Program Done Router Thread: 4
Program Done Worker Thread: 6
Program Done Router Thread: 3
Program Done Worker Thread: 7
Program Done Worker Thread: 2
Program Done Worker Thread: 5
Program Done Router Thread: 1

===PRINTING ACUM STATS at pu_cycles: 24,500

ACollision In Avg:9, SD:2, Max:16, Min:2
ACollision Out Avg:3, SD:1, Max:5, Min:1
ACollision End Avg:0, SD:0, Max:0, Min:0
ATask1 Avg:85, SD:0, Max:85, Min:85
ATask2 Avg:0, SD:0, Max:0, Min:0
ATask3 Avg:7, SD:0, Max:7, Min:7
ACore Active Avg:92, SD:0, Max:92, Min:92
ARouter Active Avg:13, SD:1, Max:15, Min:11
T1 invocations: 105,845
T2 invocations: 0
T3 invocations: 516,096
T3b invocations: 0
Total3 invocations: 516,096
Total4 invocations: 0

T3/T2 ratio: inf
T3b/T3 ratio: 0

T1 avg ex cycles: 810
T2 avg ex cycles: -nan
T3&b avg ex cycles: 13
T4 avg ex cycles: -nan
Avg. hops NOC1: -nan
Avg. latency NOC1 (T2): -nan
Avg. hops NOC2: 17
Avg. latency NOC2 (T3): 355

Runtime at program end in K cycles: 24
Runtime before cooldown in K cycles: 15



---Energy---
Leakage Energy (nJ): 1,534
PU Dyn E (nJ): 851,281
Mem Dyn E (nJ): 117,700
Route Dyn E (nJ): 128,946
Dynamic Energy (nJ): 1,097,926
Ratio of Dyn/Leak: 716
Total Energy (nJ): 1,099,460
Total Energy (nJ) 3D: 1,170,550
Cores Energy (nJ): 851,554
Route Energy (nJ): 130,082
Route Energy (nJ) 3D: 201,172
Mem Energy   (nJ): 117,825
Mem Energy   (nJ) 3D: 117,825
Avg. Power (mW): 44,875.94
Power Density (mW/mm2): 29.96

---Runtime---
Runtime in K cycles: 24.50
Microseconds: 24.50
Time per iteration (ms): 0.02

---Inst---
K Loads: 3,096
K Stores: 2,580
K Instructions: 92,463

---Throughput---
GOP/s (aka OPS/ns): 3,774.00
GOP/s per core: 0.92
FLOP/s: 962.98
FLOP/s per core: 0.24
Max Peak FLOP/s: 4,096.00
Avg. BW GB/s: 926.87
Max BW GB/s: 16,384.00

---Traffic---
In-Die bisection_bytes BW (GB/s): 256.00
Inter-board traffic (msg/ns): 0.00, per-link: 0.00
Inter-pack traffic (msg/ns): 0.00, per-link: 0.00
Inter-die traffic (msg/ns): 95.90, per-link: 0.09
Ruche traffic (msg/ns): 0.00, per-link: 0.00
All traffic (msg/ns): 1,453.83, per-link: 0.35
Inter-die reduction wrt all: 15.16
Inter-board reduction wrt inter-die: inf

---Data Movement---
All traffic (msg): 35,618,816
Arith. Intensity FLOP/Loads: 7.62
Arith. Intensity FLOP/Msgs: 0.66
Arith. Intensity GOPS/Loads: 0.00
Arith. Intensity GOPS/Msgs: 0.00

Simulation time: 5.95
Sim noc_cy/s: 4,117.19
Sim Msg/s: 5,985,692.44

Version 31

