Dataset:  Kron22/
Dry run: 0
Open Edge Count File succesfully
Edges Traversed BFS: 128309848
Found Vertices: 4194304, Edges: 128311436
avg degree 31
Array  Kron22/node_array.bin found
Malloc array of size 16777220 bytes
Readin array of size 16777216 bytes
Finished Reading Array Bytes
No reordering Array 32bit
Array  Kron22/edge_array.bin found
Malloc array of size 513245744 bytes
Readin array of size 513245744 bytes
Finished Reading Array Bytes
No reordering Array 32bit
Reading graph elapsed time: 0.106891s

Dataset Footprint: 505 MiB
Dataset Footprint per Board: 4240.44 Mb
Dataset injection time (ms): 0.258816
Max Dataset Footprint: 1026 MiB

Dataset footprint per tile: 505 KiB
Proxys footprint per tile: 0 KiB
Reserved SRAM per tile: 4 KiB

Ideal SRAM per tile: 509 KiB
reserved_words_for_dataset:25964
dataset_words_per_tile:129408
remaining_sram_words:129822
min_dcache_sram_words_required:26256
dataset_words_per_tile:129408
min_pcache_sram_words_required:0
proxys_words_per_tile:0
Dcache footprint ratio: 1
Dataset Cached: 0
DCache: 129408 words, lines: 8088, sets: 8088
Proxys Cached: 0
Pcache: 0 words, sets: 0
Node per tile: 4,096
Edge per tile: 125,305
GRID_X: 32
GRID_SIZE: 1,024
smt_per_tile: 1
noc_freq: 1
pu_freq: 1
RUCHE_X: 8
PROXY_W: 32
DIE_W: 16
DIE_H: 16
DIES: 4
BORDER_TILES_PER_DIE: 64
PACK_W: 32
PACK_H: 32
DIES_PACK_FACTOR: 2
DIES_PER_PACK: 4
PACKAGES: 1
BOARD_W: 32
BOARD_H: 32
BOARDS: 1
MUX_BUS: 1
DCACHE: 1
PCACHE: 0
PROXY_FACTOR: 1
CACHE_WAYS: 1
TORUS: 1
PHY_NOCS: 1
WIDE_NOC_ID: 0
NOC_CONF: 1
noc_width: 32
hbm_channel_bit_width: 512
ld_st_op_byte_width: 4
PROXY_ROUTING: 0
WRITE_THROUGH: 0
ASSERT_MODE: 0
GLOBAL_BARRIER: 0
OQ flits: 6 ; 64 ; 2
IQ flits: 6 ; 1,024 ; 32
OQ messages: 2 ; 32 ; 1
IQ messages: 2 ; 512 ; 16
max_task2 size: 64
io_factor_t2: 16
io_factor_t3: 16
io_factor_t3b: 16

Active SRAM Storage per tile: 510 KiB
Total SRAM Storage per tile: 512 KiB
Agreggated SRAM Storage: 512 MiB

Active DRAM Storage per tile: 0 MiB
Total DRAM Storage per tile: 32 MiB
Agreggated DRAM Storage: 32 GiB

Inter-Die #links: 512
Inter-Die (Gbits): 16,384
Inter-Die (Gbits/mm): 448.481
Bisection BW of Board (Gbits): 8,192
Border IO #Dies: 8
Border IO Die BW (Gbits): 2,048
Off-Board BW Total (Gbits): 16,384
Off-Board BW Density (Gbits/mm): 134
Die side: 9.13 mm
Die border wire density: 448.48 Gbits/mm
HBM wire density: 448.48 Gbits/mm

Tiles per Die: 256 (16x16)
Tile Area: 0.20 mm2, side: 0.44 mm
- Core/Rout Area: 0.05 mm2
- SRAM Area: 0.14 mm2
- SRAM/Logic Ratio: 2.64x

Dies per Package: 4 (2x2)
Die Area: 83.41 mm2, side: 9.13 mm
- Tiles Area: 50.67 mm2
- PHY Area: 23.74 mm2
- MC Area: 9.00 mm2

Packages per Board: 1 (1x1)
Package Area: 933.65 mm2, side: 30.56 mm
- IOdie Area: 160.00 mm2
- Dies Area: 333.65 mm2
- HBM Area: 440.00 mm2

Boards: 1 (1x1)
Board Area: 933.65 mm2
Total Area: 933.65 mm2



ESTIMATED COST OF SILICON AND PACKAGING. ONLY VARIABLE, NO FIXED COSTS
Good dies per wafer 3d: 407
Good dies per wafer 2d: 660
--Dies 3D Cost: 59.43 $
--Dies 2.5D Cost: 36.65 $
--Dies 2D Cost: 36.65 $
--HBM Cost: 240.00 $
--IOdie Cost: 16.88 $
--Packaging Cost 3d: 13.28 $
--Packaging Cost 2.5d: 20.86 $
--Packaging Cost 2d: 8.03 $
SiP Cost 3d: 329.59 $
SiP Cost 2.5d: 314.38 $
SiP Cost 2d: 61.56 $
--Board Cost: 0.93 $
Total SiPs Cost 3d: 330.52 $
Total SiPs Cost 2.5d: 315.32 $
Total SiPs Cost 2d: 62.49 $

Perf counters initialized
Mesh connected
Cache structures initialized
proxys initialized
Dataset structures initialized


Starting Simulation
INIT epoch: 1
INIT epoch: 1
INIT epoch: 1
INIT epoch: 1
INIT epoch: 1
INIT epoch: 1
INIT epoch: 1
INIT epoch: 1

===PRINTING FRAME STATS

FCollision In Avg:-nan, SD:-nan, Max:71, Min:0
FCollision Out Avg:-nan, SD:-nan, Max:5, Min:0
FCollision End Avg:-nan, SD:-nan, Max:0, Min:0
FTask1 Avg:-nan, SD:-nan, Max:85, Min:51
FTask2 Avg:-nan, SD:-nan, Max:0, Min:0
FTask3 Avg:-nan, SD:-nan, Max:49, Min:15
FCore Active Avg:-nan, SD:-nan, Max:100, Min:98
FRouter Active Avg:-nan, SD:-nan, Max:96, Min:39
T1 invocations: 390,569
T2 invocations: 0
T3 invocations: 12,017,218
T3b invocations: 0
Total3 invocations: 12,017,218
Total4 invocations: 0

T3/T2 ratio: inf
T3b/T3 ratio: 0

T1 avg ex cycles: 200
T2 avg ex cycles: -nan
T3&b avg ex cycles: 2
T4 avg ex cycles: -nan
Avg. hops NOC1: -nan
Avg. latency NOC1 (T2): -nan
Avg. hops NOC2: 13
Avg. latency NOC2 (T3): 3,272

===PRINTING ACUM STATS at pu_cycles: 100,400

ACollision In Avg:-nan, SD:-nan, Max:71, Min:0
ACollision Out Avg:-nan, SD:-nan, Max:5, Min:0
ACollision End Avg:-nan, SD:-nan, Max:0, Min:0
ATask1 Avg:-nan, SD:-nan, Max:85, Min:51
ATask2 Avg:-nan, SD:-nan, Max:0, Min:0
ATask3 Avg:-nan, SD:-nan, Max:49, Min:15
ACore Active Avg:-nan, SD:-nan, Max:100, Min:98
ARouter Active Avg:-nan, SD:-nan, Max:96, Min:39
T1 invocations: 390,569
T2 invocations: 0
T3 invocations: 12,017,218
T3b invocations: 0
Total3 invocations: 12,017,218
Total4 invocations: 0

T3/T2 ratio: inf
T3b/T3 ratio: 0

T1 avg ex cycles: 200
T2 avg ex cycles: -nan
T3&b avg ex cycles: 2
T4 avg ex cycles: -nan
Avg. hops NOC1: -nan
Avg. latency NOC1 (T2): -nan
Avg. hops NOC2: 13
Avg. latency NOC2 (T3): 3,272
Number of K Nodes Processed: 12,078
Number of K Edges Processed: 12,078
Node Re-explore factor: 2.88
Edge Re-explore factor: 0.09
Nodes/cy: 120
Edges/cy: 120
TEPS: 1,278

---DCache---
DCache Size: 129,408
DRAM words: 0
  DHits: 0
  DMisses: 0

---Energy---
Leakage Energy (nJ): 34,971
PU Dyn E (nJ): 690,399
Mem Dyn E (nJ): 2,014,385
Route Dyn E (nJ): 1,091,450
Dynamic Energy (nJ): 3,796,234
Ratio of Dyn/Leak: 109
Total Energy (nJ): 3,831,205
Total Energy (nJ) 3D: 4,440,020
Cores Energy (nJ): 690,679
Route Energy (nJ): 1,093,371
Route Energy (nJ) 3D: 1,702,185
Mem Energy   (nJ): 2,047,155
Mem Energy   (nJ) 3D: 2,047,155
Avg. Power (mW): 38,159.41
Power Density (mW/mm2): 40.87

---Runtime---
Runtime in K cycles: 100.40
Microseconds: 100.40
Time per iteration (ms): 0.10

---Throughput---
GOP/s (aka OPS/ns): 1,013.73
GOP/s per core: 0.99
FLOP/s: 123.87
FLOP/s per core: 0.12
Max Peak FLOP/s: 1,024.00
Avg. BW GB/s: 3,910.29
Max BW GB/s: 4,096.00

---Traffic---
In-Die bisection_bytes BW (GB/s): 256.00
Inter-board traffic (msg/ns): 0.00, per-link: 0.00
Inter-pack traffic (msg/ns): 0.00, per-link: 0.00
Inter-die traffic (msg/ns): 82.43, per-link: 0.32
Ruche traffic (msg/ns): 101.79, per-link: 0.40
All traffic (msg/ns): 3,085.35, per-link: 3.01
Inter-die reduction wrt all: 37.43
Inter-board reduction wrt inter-die: inf

---Data Movement---
All traffic (msg): 309,769,520
Arith. Intensity FLOP/Loads: 0.20
Arith. Intensity FLOP/Msgs: 0.04
Arith. Intensity OPS/Loads: 1.65
Arith. Intensity OPS/Msgs: 0.33



===Core Utilization Total=== CORE-S:1;; TIME K cy:100 ;; Nodes Proc: 1,503,076 -- Edges Proc: 0

===PRINTING FRAME STATS

FCollision In Avg:11, SD:7, Max:61, Min:0
FCollision Out Avg:0, SD:0, Max:4, Min:0
FCollision End Avg:0, SD:0, Max:0, Min:0
FTask1 Avg:76, SD:4, Max:84, Min:49
FTask2 Avg:0, SD:0, Max:0, Min:0
FTask3 Avg:24, SD:4, Max:51, Min:16
FCore Active Avg:100, SD:0, Max:100, Min:99
FRouter Active Avg:85, SD:5, Max:97, Min:38
T1 invocations: 387,256
T2 invocations: 0
T3 invocations: 12,361,258
T3b invocations: 0
Total3 invocations: 12,361,258
Total4 invocations: 0

T3/T2 ratio: inf
T3b/T3 ratio: 0

T1 avg ex cycles: 201
T2 avg ex cycles: -nan
T3&b avg ex cycles: 2
T4 avg ex cycles: -nan
Avg. hops NOC1: -nan
Avg. latency NOC1 (T2): -nan
Avg. hops NOC2: 12
Avg. latency NOC2 (T3): 3,293

===PRINTING ACUM STATS at pu_cycles: 200,402

ACollision In Avg:11, SD:7, Max:55, Min:0
ACollision Out Avg:0, SD:0, Max:4, Min:0
ACollision End Avg:0, SD:0, Max:0, Min:0
ATask1 Avg:76, SD:4, Max:85, Min:50
ATask2 Avg:0, SD:0, Max:0, Min:0
ATask3 Avg:24, SD:4, Max:50, Min:15
ACore Active Avg:100, SD:0, Max:100, Min:99
ARouter Active Avg:85, SD:4, Max:96, Min:39
T1 invocations: 778,951
T2 invocations: 0
T3 invocations: 24,416,838
T3b invocations: 0
Total3 invocations: 24,416,838
Total4 invocations: 0

T3/T2 ratio: inf
T3b/T3 ratio: 0

T1 avg ex cycles: 200
T2 avg ex cycles: -nan
T3&b avg ex cycles: 2
T4 avg ex cycles: -nan
Avg. hops NOC1: -nan
Avg. latency NOC1 (T2): -nan
Avg. hops NOC2: 13
Avg. latency NOC2 (T3): 3,282
Number of K Nodes Processed: 24,442
Number of K Edges Processed: 24,442
Node Re-explore factor: 5.83
Edge Re-explore factor: 0.19
Nodes/cy: 122
Edges/cy: 122
TEPS: 640

---DCache---
DCache Size: 129,408
DRAM words: 0
  DHits: 0
  DMisses: 0

---Energy---
Leakage Energy (nJ): 69,803
PU Dyn E (nJ): 1,382,531
Mem Dyn E (nJ): 4,075,027
Route Dyn E (nJ): 2,176,666
Dynamic Energy (nJ): 7,634,224
Ratio of Dyn/Leak: 109
Total Energy (nJ): 7,704,027
Total Energy (nJ) 3D: 8,918,497
Cores Energy (nJ): 1,383,089
Route Energy (nJ): 2,180,500
Route Energy (nJ) 3D: 3,394,971
Mem Energy   (nJ): 4,140,438
Mem Energy   (nJ) 3D: 4,140,438
Avg. Power (mW): 38,442.86
Power Density (mW/mm2): 41.17

---Runtime---
Runtime in K cycles: 200.40
Microseconds: 200.40
Time per iteration (ms): 0.20

---Throughput---
GOP/s (aka OPS/ns): 1,018.38
GOP/s per core: 0.99
FLOP/s: 123.93
FLOP/s per core: 0.12
Max Peak FLOP/s: 1,024.00
Avg. BW GB/s: 3,962.26
Max BW GB/s: 4,096.00

---Traffic---
In-Die bisection_bytes BW (GB/s): 256.00
Inter-board traffic (msg/ns): 0.00, per-link: 0.00
Inter-pack traffic (msg/ns): 0.00, per-link: 0.00
Inter-die traffic (msg/ns): 82.14, per-link: 0.32
Ruche traffic (msg/ns): 101.74, per-link: 0.40
All traffic (msg/ns): 3,087.67, per-link: 3.02
Inter-die reduction wrt all: 37.59
Inter-board reduction wrt inter-die: inf

---Data Movement---
All traffic (msg): 618,774,336
Arith. Intensity FLOP/Loads: 0.20
Arith. Intensity FLOP/Msgs: 0.04
Arith. Intensity OPS/Loads: 1.64
Arith. Intensity OPS/Msgs: 0.33



===Core Utilization Total=== CORE-S:2;; TIME K cy:200 ;; Nodes Proc: 3,043,926 -- Edges Proc: 0

===PRINTING FRAME STATS

FCollision In Avg:11, SD:7, Max:58, Min:0
FCollision Out Avg:0, SD:0, Max:4, Min:0
FCollision End Avg:0, SD:0, Max:0, Min:0
FTask1 Avg:76, SD:4, Max:85, Min:50
FTask2 Avg:0, SD:0, Max:0, Min:0
FTask3 Avg:24, SD:4, Max:50, Min:15
FCore Active Avg:100, SD:0, Max:100, Min:100
FRouter Active Avg:85, SD:4, Max:96, Min:39
T1 invocations: 387,216
T2 invocations: 0
T3 invocations: 12,364,973
T3b invocations: 0
Total3 invocations: 12,364,973
Total4 invocations: 0

T3/T2 ratio: inf
T3b/T3 ratio: 0

T1 avg ex cycles: 201
T2 avg ex cycles: -nan
T3&b avg ex cycles: 2
T4 avg ex cycles: -nan
Avg. hops NOC1: -nan
Avg. latency NOC1 (T2): -nan
Avg. hops NOC2: 12
Avg. latency NOC2 (T3): 3,293

===PRINTING ACUM STATS at pu_cycles: 300,403

ACollision In Avg:11, SD:7, Max:56, Min:0
ACollision Out Avg:0, SD:0, Max:3, Min:0
ACollision End Avg:0, SD:0, Max:0, Min:0
ATask1 Avg:76, SD:4, Max:85, Min:50
ATask2 Avg:0, SD:0, Max:0, Min:0
ATask3 Avg:24, SD:4, Max:50, Min:15
ACore Active Avg:100, SD:0, Max:100, Min:99
ARouter Active Avg:85, SD:4, Max:96, Min:39
T1 invocations: 1,166,167
T2 invocations: 0
T3 invocations: 36,781,811
T3b invocations: 0
Total3 invocations: 36,781,811
Total4 invocations: 0

T3/T2 ratio: inf
T3b/T3 ratio: 0

T1 avg ex cycles: 200
T2 avg ex cycles: -nan
T3&b avg ex cycles: 2
T4 avg ex cycles: -nan
Avg. hops NOC1: -nan
Avg. latency NOC1 (T2): -nan
Avg. hops NOC2: 13
Avg. latency NOC2 (T3): 3,286
Number of K Nodes Processed: 36,807
Number of K Edges Processed: 36,807
Node Re-explore factor: 8.78
Edge Re-explore factor: 0.29
Nodes/cy: 123
Edges/cy: 123
TEPS: 427

---DCache---
DCache Size: 129,408
DRAM words: 0
  DHits: 0
  DMisses: 0

---Energy---
Leakage Energy (nJ): 104,634
PU Dyn E (nJ): 2,072,708
Mem Dyn E (nJ): 6,129,891
Route Dyn E (nJ): 3,257,719
Dynamic Energy (nJ): 11,460,317
Ratio of Dyn/Leak: 110
Total Energy (nJ): 11,564,951
Total Energy (nJ) 3D: 13,382,565
Cores Energy (nJ): 2,073,544
Route Energy (nJ): 3,263,466
Route Energy (nJ) 3D: 5,081,080
Mem Energy   (nJ): 6,227,942
Mem Energy   (nJ) 3D: 6,227,942
Avg. Power (mW): 38,498.12
Power Density (mW/mm2): 41.23

---Runtime---
Runtime in K cycles: 300.40
Microseconds: 300.40
Time per iteration (ms): 0.30

---Throughput---
GOP/s (aka OPS/ns): 1,018.97
GOP/s per core: 1.00
FLOP/s: 123.84
FLOP/s per core: 0.12
Max Peak FLOP/s: 1,024.00
Avg. BW GB/s: 3,975.89
Max BW GB/s: 4,096.00

---Traffic---
In-Die bisection_bytes BW (GB/s): 256.00
Inter-board traffic (msg/ns): 0.00, per-link: 0.00
Inter-pack traffic (msg/ns): 0.00, per-link: 0.00
Inter-die traffic (msg/ns): 82.02, per-link: 0.32
Ruche traffic (msg/ns): 101.57, per-link: 0.40
All traffic (msg/ns): 3,084.39, per-link: 3.01
Inter-die reduction wrt all: 37.60
Inter-board reduction wrt inter-die: inf

---Data Movement---
All traffic (msg): 926,558,720
Arith. Intensity FLOP/Loads: 0.20
Arith. Intensity FLOP/Msgs: 0.04
Arith. Intensity OPS/Loads: 1.64
Arith. Intensity OPS/Msgs: 0.33



===Core Utilization Total=== CORE-S:3;; TIME K cy:300 ;; Nodes Proc: 4,583,341 -- Edges Proc: 0

===PRINTING FRAME STATS

FCollision In Avg:11, SD:7, Max:58, Min:0
FCollision Out Avg:0, SD:1, Max:7, Min:0
FCollision End Avg:0, SD:0, Max:0, Min:0
FTask1 Avg:76, SD:4, Max:85, Min:49
FTask2 Avg:0, SD:0, Max:0, Min:0
FTask3 Avg:24, SD:4, Max:51, Min:15
FCore Active Avg:100, SD:0, Max:100, Min:99
FRouter Active Avg:85, SD:5, Max:96, Min:37
T1 invocations: 387,346
T2 invocations: 0
T3 invocations: 12,364,128
T3b invocations: 0
Total3 invocations: 12,364,128
Total4 invocations: 0

T3/T2 ratio: inf
T3b/T3 ratio: 0

T1 avg ex cycles: 201
T2 avg ex cycles: -nan
T3&b avg ex cycles: 2
T4 avg ex cycles: -nan
Avg. hops NOC1: -nan
Avg. latency NOC1 (T2): -nan
Avg. hops NOC2: 12
Avg. latency NOC2 (T3): 3,293

===PRINTING ACUM STATS at pu_cycles: 400,402

ACollision In Avg:11, SD:7, Max:53, Min:0
ACollision Out Avg:0, SD:0, Max:3, Min:0
ACollision End Avg:0, SD:0, Max:0, Min:0
ATask1 Avg:76, SD:4, Max:85, Min:50
ATask2 Avg:0, SD:0, Max:0, Min:0
ATask3 Avg:24, SD:4, Max:50, Min:15
ACore Active Avg:100, SD:0, Max:100, Min:100
ARouter Active Avg:85, SD:4, Max:96, Min:38
T1 invocations: 1,553,513
T2 invocations: 0
T3 invocations: 49,145,939
T3b invocations: 0
Total3 invocations: 49,145,939
Total4 invocations: 0

T3/T2 ratio: inf
T3b/T3 ratio: 0

T1 avg ex cycles: 200
T2 avg ex cycles: -nan
T3&b avg ex cycles: 2
T4 avg ex cycles: -nan
Avg. hops NOC1: -nan
Avg. latency NOC1 (T2): -nan
Avg. hops NOC2: 13
Avg. latency NOC2 (T3): 3,288
Number of K Nodes Processed: 49,170
Number of K Edges Processed: 49,170
Node Re-explore factor: 11.72
Edge Re-explore factor: 0.38
Nodes/cy: 123
Edges/cy: 123
TEPS: 320

---DCache---
DCache Size: 129,408
DRAM words: 0
  DHits: 0
  DMisses: 0

---Energy---
Leakage Energy (nJ): 139,465
PU Dyn E (nJ): 2,762,818
Mem Dyn E (nJ): 8,184,602
Route Dyn E (nJ): 4,340,071
Dynamic Energy (nJ): 15,287,491
Ratio of Dyn/Leak: 110
Total Energy (nJ): 15,426,956
Total Energy (nJ) 3D: 17,848,120
Cores Energy (nJ): 2,763,932
Route Energy (nJ): 4,347,731
Route Energy (nJ) 3D: 6,768,896
Mem Energy   (nJ): 8,315,293
Mem Energy   (nJ) 3D: 8,315,293
Avg. Power (mW): 38,528.67
Power Density (mW/mm2): 41.27

---Runtime---
Runtime in K cycles: 400.40
Microseconds: 400.40
Time per iteration (ms): 0.40

---Throughput---
GOP/s (aka OPS/ns): 1,019.25
GOP/s per core: 1.00
FLOP/s: 123.79
FLOP/s per core: 0.12
Max Peak FLOP/s: 1,024.00
Avg. BW GB/s: 3,982.66
Max BW GB/s: 4,096.00

---Traffic---
In-Die bisection_bytes BW (GB/s): 256.00
Inter-board traffic (msg/ns): 0.00, per-link: 0.00
Inter-pack traffic (msg/ns): 0.00, per-link: 0.00
Inter-die traffic (msg/ns): 82.10, per-link: 0.32
Ruche traffic (msg/ns): 101.51, per-link: 0.40
All traffic (msg/ns): 3,083.35, per-link: 3.01
Inter-die reduction wrt all: 37.56
Inter-board reduction wrt inter-die: inf

---Data Movement---
All traffic (msg): 1,234,579,442
Arith. Intensity FLOP/Loads: 0.20
Arith. Intensity FLOP/Msgs: 0.04
Arith. Intensity OPS/Loads: 1.63
Arith. Intensity OPS/Msgs: 0.33



===Core Utilization Total=== CORE-S:4;; TIME K cy:400 ;; Nodes Proc: 6,120,434 -- Edges Proc: 0

===PRINTING FRAME STATS

FCollision In Avg:11, SD:8, Max:81, Min:0
FCollision Out Avg:0, SD:0, Max:7, Min:0
FCollision End Avg:0, SD:0, Max:0, Min:0
FTask1 Avg:76, SD:4, Max:85, Min:50
FTask2 Avg:0, SD:0, Max:0, Min:0
FTask3 Avg:24, SD:4, Max:50, Min:15
FCore Active Avg:100, SD:0, Max:100, Min:99
FRouter Active Avg:85, SD:5, Max:97, Min:39
T1 invocations: 387,557
T2 invocations: 0
T3 invocations: 12,361,408
T3b invocations: 0
Total3 invocations: 12,361,408
Total4 invocations: 0

T3/T2 ratio: inf
T3b/T3 ratio: 0

T1 avg ex cycles: 200
T2 avg ex cycles: -nan
T3&b avg ex cycles: 2
T4 avg ex cycles: -nan
Avg. hops NOC1: -nan
Avg. latency NOC1 (T2): -nan
Avg. hops NOC2: 12
Avg. latency NOC2 (T3): 3,293

===PRINTING ACUM STATS at pu_cycles: 500,400

ACollision In Avg:11, SD:7, Max:56, Min:0
ACollision Out Avg:0, SD:0, Max:4, Min:0
ACollision End Avg:0, SD:0, Max:0, Min:0
ATask1 Avg:76, SD:4, Max:85, Min:50
ATask2 Avg:0, SD:0, Max:0, Min:0
ATask3 Avg:24, SD:4, Max:50, Min:15
ACore Active Avg:100, SD:0, Max:100, Min:100
ARouter Active Avg:85, SD:4, Max:96, Min:38
T1 invocations: 1,941,059
T2 invocations: 0
T3 invocations: 61,508,562
T3b invocations: 0
Total3 invocations: 61,508,562
Total4 invocations: 0

T3/T2 ratio: inf
T3b/T3 ratio: 0

T1 avg ex cycles: 200
T2 avg ex cycles: -nan
T3&b avg ex cycles: 2
T4 avg ex cycles: -nan
Avg. hops NOC1: -nan
Avg. latency NOC1 (T2): -nan
Avg. hops NOC2: 13
Avg. latency NOC2 (T3): 3,289
Number of K Nodes Processed: 61,534
Number of K Edges Processed: 61,534
Node Re-explore factor: 14.67
Edge Re-explore factor: 0.48
Nodes/cy: 123
Edges/cy: 123
TEPS: 256

---DCache---
DCache Size: 129,408
DRAM words: 0
  DHits: 0
  DMisses: 0

---Energy---
Leakage Energy (nJ): 174,296
PU Dyn E (nJ): 3,452,935
Mem Dyn E (nJ): 10,239,149
Route Dyn E (nJ): 5,421,144
Dynamic Energy (nJ): 19,113,229
Ratio of Dyn/Leak: 110
Total Energy (nJ): 19,287,525
Total Energy (nJ) 3D: 22,311,665
Cores Energy (nJ): 3,454,328
Route Energy (nJ): 5,430,717
Route Energy (nJ) 3D: 8,454,857
Mem Energy   (nJ): 10,402,480
Mem Energy   (nJ) 3D: 10,402,480
Avg. Power (mW): 38,544.21
Power Density (mW/mm2): 41.28

---Runtime---
Runtime in K cycles: 500.40
Microseconds: 500.40
Time per iteration (ms): 0.50

---Throughput---
GOP/s (aka OPS/ns): 1,019.42
GOP/s per core: 1.00
FLOP/s: 123.76
FLOP/s per core: 0.12
Max Peak FLOP/s: 1,024.00
Avg. BW GB/s: 3,986.67
Max BW GB/s: 4,096.00

---Traffic---
In-Die bisection_bytes BW (GB/s): 256.00
Inter-board traffic (msg/ns): 0.00, per-link: 0.00
Inter-pack traffic (msg/ns): 0.00, per-link: 0.00
Inter-die traffic (msg/ns): 82.07, per-link: 0.32
Ruche traffic (msg/ns): 101.47, per-link: 0.40
All traffic (msg/ns): 3,082.15, per-link: 3.01
Inter-die reduction wrt all: 37.55
Inter-board reduction wrt inter-die: inf

---Data Movement---
All traffic (msg): 1,542,306,836
Arith. Intensity FLOP/Loads: 0.20
Arith. Intensity FLOP/Msgs: 0.04
Arith. Intensity OPS/Loads: 1.63
Arith. Intensity OPS/Msgs: 0.33



===Core Utilization Total=== CORE-S:5;; TIME K cy:500 ;; Nodes Proc: 7,657,627 -- Edges Proc: 0

===PRINTING FRAME STATS

FCollision In Avg:11, SD:8, Max:68, Min:0
FCollision Out Avg:0, SD:0, Max:4, Min:0
FCollision End Avg:0, SD:0, Max:0, Min:0
FTask1 Avg:76, SD:4, Max:85, Min:49
FTask2 Avg:0, SD:0, Max:0, Min:0
FTask3 Avg:24, SD:4, Max:51, Min:15
FCore Active Avg:100, SD:0, Max:100, Min:99
FRouter Active Avg:85, SD:5, Max:96, Min:38
T1 invocations: 387,379
T2 invocations: 0
T3 invocations: 12,364,687
T3b invocations: 0
Total3 invocations: 12,364,687
Total4 invocations: 0

T3/T2 ratio: inf
T3b/T3 ratio: 0

T1 avg ex cycles: 201
T2 avg ex cycles: -nan
T3&b avg ex cycles: 2
T4 avg ex cycles: -nan
Avg. hops NOC1: -nan
Avg. latency NOC1 (T2): -nan
Avg. hops NOC2: 12
Avg. latency NOC2 (T3): 3,294

===PRINTING ACUM STATS at pu_cycles: 600,402

ACollision In Avg:11, SD:7, Max:58, Min:0
ACollision Out Avg:0, SD:0, Max:4, Min:0
ACollision End Avg:0, SD:0, Max:0, Min:0
ATask1 Avg:76, SD:4, Max:85, Min:50
ATask2 Avg:0, SD:0, Max:0, Min:0
ATask3 Avg:24, SD:4, Max:50, Min:15
ACore Active Avg:100, SD:0, Max:100, Min:100
ARouter Active Avg:85, SD:4, Max:96, Min:38
T1 invocations: 2,328,440
T2 invocations: 0
T3 invocations: 73,873,212
T3b invocations: 0
Total3 invocations: 73,873,212
Total4 invocations: 0

T3/T2 ratio: inf
T3b/T3 ratio: 0

T1 avg ex cycles: 200
T2 avg ex cycles: -nan
T3&b avg ex cycles: 2
T4 avg ex cycles: -nan
Avg. hops NOC1: -nan
Avg. latency NOC1 (T2): -nan
Avg. hops NOC2: 13
Avg. latency NOC2 (T3): 3,290
Number of K Nodes Processed: 73,898
Number of K Edges Processed: 73,898
Node Re-explore factor: 17.62
Edge Re-explore factor: 0.58
Nodes/cy: 123
Edges/cy: 123
TEPS: 214

---DCache---
DCache Size: 129,408
DRAM words: 0
  DHits: 0
  DMisses: 0

---Energy---
Leakage Energy (nJ): 209,128
PU Dyn E (nJ): 4,143,092
Mem Dyn E (nJ): 12,293,963
Route Dyn E (nJ): 6,503,882
Dynamic Energy (nJ): 22,940,937
Ratio of Dyn/Leak: 110
Total Energy (nJ): 23,150,065
Total Energy (nJ) 3D: 26,777,905
Cores Energy (nJ): 4,144,763
Route Energy (nJ): 6,515,368
Route Energy (nJ) 3D: 10,143,208
Mem Energy   (nJ): 12,489,934
Mem Energy   (nJ) 3D: 12,489,934
Avg. Power (mW): 38,557.61
Power Density (mW/mm2): 41.30

---Runtime---
Runtime in K cycles: 600.40
Microseconds: 600.40
Time per iteration (ms): 0.60

---Throughput---
GOP/s (aka OPS/ns): 1,019.54
GOP/s per core: 1.00
FLOP/s: 123.74
FLOP/s per core: 0.12
Max Peak FLOP/s: 1,024.00
Avg. BW GB/s: 3,989.40
Max BW GB/s: 4,096.00

---Traffic---
In-Die bisection_bytes BW (GB/s): 256.00
Inter-board traffic (msg/ns): 0.00, per-link: 0.00
Inter-pack traffic (msg/ns): 0.00, per-link: 0.00
Inter-die traffic (msg/ns): 82.15, per-link: 0.32
Ruche traffic (msg/ns): 101.43, per-link: 0.40
All traffic (msg/ns): 3,081.95, per-link: 3.01
Inter-die reduction wrt all: 37.52
Inter-board reduction wrt inter-die: inf

---Data Movement---
All traffic (msg): 1,850,408,228
Arith. Intensity FLOP/Loads: 0.20
Arith. Intensity FLOP/Msgs: 0.04
Arith. Intensity OPS/Loads: 1.63
Arith. Intensity OPS/Msgs: 0.33



===Core Utilization Total=== CORE-S:6;; TIME K cy:600 ;; Nodes Proc: 9,195,595 -- Edges Proc: 0

===PRINTING FRAME STATS

FCollision In Avg:11, SD:8, Max:75, Min:0
FCollision Out Avg:0, SD:0, Max:6, Min:0
FCollision End Avg:0, SD:0, Max:0, Min:0
FTask1 Avg:76, SD:4, Max:85, Min:50
FTask2 Avg:0, SD:0, Max:0, Min:0
FTask3 Avg:24, SD:4, Max:50, Min:15
FCore Active Avg:100, SD:0, Max:100, Min:99
FRouter Active Avg:85, SD:5, Max:97, Min:38
T1 invocations: 387,407
T2 invocations: 0
T3 invocations: 12,364,315
T3b invocations: 0
Total3 invocations: 12,364,315
Total4 invocations: 0

T3/T2 ratio: inf
T3b/T3 ratio: 0

T1 avg ex cycles: 200
T2 avg ex cycles: -nan
T3&b avg ex cycles: 2
T4 avg ex cycles: -nan
Avg. hops NOC1: -nan
Avg. latency NOC1 (T2): -nan
Avg. hops NOC2: 12
Avg. latency NOC2 (T3): 3,294

===PRINTING ACUM STATS at pu_cycles: 700,402

ACollision In Avg:11, SD:7, Max:60, Min:0
ACollision Out Avg:0, SD:0, Max:4, Min:0
ACollision End Avg:0, SD:0, Max:0, Min:0
ATask1 Avg:76, SD:4, Max:85, Min:50
ATask2 Avg:0, SD:0, Max:0, Min:0
ATask3 Avg:24, SD:4, Max:50, Min:15
ACore Active Avg:100, SD:0, Max:100, Min:100
ARouter Active Avg:85, SD:4, Max:96, Min:38
T1 invocations: 2,715,847
T2 invocations: 0
T3 invocations: 86,237,527
T3b invocations: 0
Total3 invocations: 86,237,527
Total4 invocations: 0

T3/T2 ratio: inf
T3b/T3 ratio: 0

T1 avg ex cycles: 200
T2 avg ex cycles: -nan
T3&b avg ex cycles: 2
T4 avg ex cycles: -nan
Avg. hops NOC1: -nan
Avg. latency NOC1 (T2): -nan
Avg. hops NOC2: 13
Avg. latency NOC2 (T3): 3,290
Number of K Nodes Processed: 86,262
Number of K Edges Processed: 86,262
Node Re-explore factor: 20.57
Edge Re-explore factor: 0.67
Nodes/cy: 123
Edges/cy: 123
TEPS: 183

---DCache---
DCache Size: 129,408
DRAM words: 0
  DHits: 0
  DMisses: 0

---Energy---
Leakage Energy (nJ): 243,959
PU Dyn E (nJ): 4,833,228
Mem Dyn E (nJ): 14,348,720
Route Dyn E (nJ): 7,585,257
Dynamic Energy (nJ): 26,767,207
Ratio of Dyn/Leak: 110
Total Energy (nJ): 27,011,166
Total Energy (nJ) 3D: 31,241,942
Cores Energy (nJ): 4,835,178
Route Energy (nJ): 7,598,656
Route Energy (nJ) 3D: 11,829,432
Mem Energy   (nJ): 14,577,332
Mem Energy   (nJ) 3D: 14,577,332
Avg. Power (mW): 38,565.23
Power Density (mW/mm2): 41.31

---Runtime---
Runtime in K cycles: 700.40
Microseconds: 700.40
Time per iteration (ms): 0.70

---Throughput---
GOP/s (aka OPS/ns): 1,019.62
GOP/s per core: 1.00
FLOP/s: 123.72
FLOP/s per core: 0.12
Max Peak FLOP/s: 1,024.00
Avg. BW GB/s: 3,991.35
Max BW GB/s: 4,096.00

---Traffic---
In-Die bisection_bytes BW (GB/s): 256.00
Inter-board traffic (msg/ns): 0.00, per-link: 0.00
Inter-pack traffic (msg/ns): 0.00, per-link: 0.00
Inter-die traffic (msg/ns): 82.13, per-link: 0.32
Ruche traffic (msg/ns): 101.45, per-link: 0.40
All traffic (msg/ns): 3,081.30, per-link: 3.01
Inter-die reduction wrt all: 37.52
Inter-board reduction wrt inter-die: inf

---Data Movement---
All traffic (msg): 2,158,151,060
Arith. Intensity FLOP/Loads: 0.20
Arith. Intensity FLOP/Msgs: 0.04
Arith. Intensity OPS/Loads: 1.63
Arith. Intensity OPS/Msgs: 0.33



===Core Utilization Total=== CORE-S:7;; TIME K cy:700 ;; Nodes Proc: 10,732,769 -- Edges Proc: 0

===PRINTING FRAME STATS

FCollision In Avg:11, SD:7, Max:69, Min:1
FCollision Out Avg:0, SD:0, Max:4, Min:0
FCollision End Avg:0, SD:0, Max:0, Min:0
FTask1 Avg:76, SD:4, Max:85, Min:50
FTask2 Avg:0, SD:0, Max:0, Min:0
FTask3 Avg:24, SD:4, Max:50, Min:15
FCore Active Avg:100, SD:0, Max:100, Min:98
FRouter Active Avg:85, SD:5, Max:96, Min:37
T1 invocations: 387,231
T2 invocations: 0
T3 invocations: 12,364,213
T3b invocations: 0
Total3 invocations: 12,364,213
Total4 invocations: 0

T3/T2 ratio: inf
T3b/T3 ratio: 0

T1 avg ex cycles: 201
T2 avg ex cycles: -nan
T3&b avg ex cycles: 2
T4 avg ex cycles: -nan
Avg. hops NOC1: -nan
Avg. latency NOC1 (T2): -nan
Avg. hops NOC2: 12
Avg. latency NOC2 (T3): 3,293

===PRINTING ACUM STATS at pu_cycles: 800,401

ACollision In Avg:11, SD:7, Max:62, Min:0
ACollision Out Avg:0, SD:0, Max:4, Min:0
ACollision End Avg:0, SD:0, Max:0, Min:0
ATask1 Avg:76, SD:4, Max:85, Min:50
ATask2 Avg:0, SD:0, Max:0, Min:0
ATask3 Avg:24, SD:4, Max:50, Min:15
ACore Active Avg:100, SD:0, Max:100, Min:99
ARouter Active Avg:85, SD:4, Max:96, Min:38
T1 invocations: 3,103,087
T2 invocations: 0
T3 invocations: 98,601,832
T3b invocations: 0
Total3 invocations: 98,601,832
Total4 invocations: 0

T3/T2 ratio: inf
T3b/T3 ratio: 0

T1 avg ex cycles: 200
T2 avg ex cycles: -nan
T3&b avg ex cycles: 2
T4 avg ex cycles: -nan
Avg. hops NOC1: -nan
Avg. latency NOC1 (T2): -nan
Avg. hops NOC2: 13
Avg. latency NOC2 (T3): 3,291
Number of K Nodes Processed: 98,626
Number of K Edges Processed: 98,626
Node Re-explore factor: 23.51
Edge Re-explore factor: 0.77
Nodes/cy: 123
Edges/cy: 123
TEPS: 160

---DCache---
DCache Size: 129,408
DRAM words: 0
  DHits: 0
  DMisses: 0

---Energy---
Leakage Energy (nJ): 278,790
PU Dyn E (nJ): 5,523,347
Mem Dyn E (nJ): 16,403,457
Route Dyn E (nJ): 8,664,922
Dynamic Energy (nJ): 30,591,727
Ratio of Dyn/Leak: 110
Total Energy (nJ): 30,870,517
Total Energy (nJ) 3D: 35,703,740
Cores Energy (nJ): 5,525,575
Route Energy (nJ): 8,680,234
Route Energy (nJ) 3D: 13,513,457
Mem Energy   (nJ): 16,664,708
Mem Energy   (nJ) 3D: 16,664,708
Avg. Power (mW): 38,568.81
Power Density (mW/mm2): 41.31

---Runtime---
Runtime in K cycles: 800.40
Microseconds: 800.40
Time per iteration (ms): 0.80

---Throughput---
GOP/s (aka OPS/ns): 1,019.68
GOP/s per core: 1.00
FLOP/s: 123.71
FLOP/s per core: 0.12
Max Peak FLOP/s: 1,024.00
Avg. BW GB/s: 3,992.81
Max BW GB/s: 4,096.00

---Traffic---
In-Die bisection_bytes BW (GB/s): 256.00
Inter-board traffic (msg/ns): 0.00, per-link: 0.00
Inter-pack traffic (msg/ns): 0.00, per-link: 0.00
Inter-die traffic (msg/ns): 82.08, per-link: 0.32
Ruche traffic (msg/ns): 101.39, per-link: 0.40
All traffic (msg/ns): 3,080.45, per-link: 3.01
Inter-die reduction wrt all: 37.53
Inter-board reduction wrt inter-die: inf

---Data Movement---
All traffic (msg): 2,465,595,774
Arith. Intensity FLOP/Loads: 0.20
Arith. Intensity FLOP/Msgs: 0.04
Arith. Intensity OPS/Loads: 1.63
Arith. Intensity OPS/Msgs: 0.33



===Core Utilization Total=== CORE-S:8;; TIME K cy:800 ;; Nodes Proc: 12,270,326 -- Edges Proc: 0

===PRINTING FRAME STATS

FCollision In Avg:11, SD:8, Max:73, Min:0
FCollision Out Avg:0, SD:0, Max:7, Min:0
FCollision End Avg:0, SD:0, Max:0, Min:0
FTask1 Avg:76, SD:4, Max:85, Min:50
FTask2 Avg:0, SD:0, Max:0, Min:0
FTask3 Avg:24, SD:4, Max:50, Min:15
FCore Active Avg:100, SD:0, Max:100, Min:99
FRouter Active Avg:85, SD:5, Max:97, Min:38
T1 invocations: 387,333
T2 invocations: 0
T3 invocations: 12,364,109
T3b invocations: 0
Total3 invocations: 12,364,109
Total4 invocations: 0

T3/T2 ratio: inf
T3b/T3 ratio: 0

T1 avg ex cycles: 201
T2 avg ex cycles: -nan
T3&b avg ex cycles: 2
T4 avg ex cycles: -nan
Avg. hops NOC1: -nan
Avg. latency NOC1 (T2): -nan
Avg. hops NOC2: 12
Avg. latency NOC2 (T3): 3,293

===PRINTING ACUM STATS at pu_cycles: 900,403

ACollision In Avg:11, SD:7, Max:59, Min:0
ACollision Out Avg:0, SD:0, Max:3, Min:0
ACollision End Avg:0, SD:0, Max:0, Min:0
ATask1 Avg:76, SD:4, Max:85, Min:50
ATask2 Avg:0, SD:0, Max:0, Min:0
ATask3 Avg:24, SD:4, Max:50, Min:15
ACore Active Avg:100, SD:0, Max:100, Min:100
ARouter Active Avg:85, SD:4, Max:96, Min:38
T1 invocations: 3,490,420
T2 invocations: 0
T3 invocations: 110,965,941
T3b invocations: 0
Total3 invocations: 110,965,941
Total4 invocations: 0

T3/T2 ratio: inf
T3b/T3 ratio: 0

T1 avg ex cycles: 200
T2 avg ex cycles: -nan
T3&b avg ex cycles: 2
T4 avg ex cycles: -nan
Avg. hops NOC1: -nan
Avg. latency NOC1 (T2): -nan
Avg. hops NOC2: 12
Avg. latency NOC2 (T3): 3,291
Number of K Nodes Processed: 110,990
Number of K Edges Processed: 110,990
Node Re-explore factor: 26.46
Edge Re-explore factor: 0.87
Nodes/cy: 123
Edges/cy: 123
TEPS: 143

---DCache---
DCache Size: 129,408
DRAM words: 0
  DHits: 0
  DMisses: 0

---Energy---
Leakage Energy (nJ): 313,622
PU Dyn E (nJ): 6,213,441
Mem Dyn E (nJ): 18,458,152
Route Dyn E (nJ): 9,747,406
Dynamic Energy (nJ): 34,419,000
Ratio of Dyn/Leak: 110
Total Energy (nJ): 34,732,622
Total Energy (nJ) 3D: 40,169,552
Cores Energy (nJ): 6,215,948
Route Energy (nJ): 9,764,631
Route Energy (nJ) 3D: 15,201,561
Mem Energy   (nJ): 18,752,043
Mem Energy   (nJ) 3D: 18,752,043
Avg. Power (mW): 38,574.53
Power Density (mW/mm2): 41.32

---Runtime---
Runtime in K cycles: 900.40
Microseconds: 900.40
Time per iteration (ms): 0.90

---Throughput---
GOP/s (aka OPS/ns): 1,019.72
GOP/s per core: 1.00
FLOP/s: 123.70
FLOP/s per core: 0.12
Max Peak FLOP/s: 1,024.00
Avg. BW GB/s: 3,993.92
Max BW GB/s: 4,096.00

---Traffic---
In-Die bisection_bytes BW (GB/s): 256.00
Inter-board traffic (msg/ns): 0.00, per-link: 0.00
Inter-pack traffic (msg/ns): 0.00, per-link: 0.00
Inter-die traffic (msg/ns): 82.05, per-link: 0.32
Ruche traffic (msg/ns): 101.43, per-link: 0.40
All traffic (msg/ns): 3,080.48, per-link: 3.01
Inter-die reduction wrt all: 37.55
Inter-board reduction wrt inter-die: inf

---Data Movement---
All traffic (msg): 2,773,677,696
Arith. Intensity FLOP/Loads: 0.20
Arith. Intensity FLOP/Msgs: 0.04
Arith. Intensity OPS/Loads: 1.63
Arith. Intensity OPS/Msgs: 0.33



===Core Utilization Total=== CORE-S:9;; TIME K cy:900 ;; Nodes Proc: 13,809,703 -- Edges Proc: 0

===PRINTING FRAME STATS

FCollision In Avg:10, SD:6, Max:75, Min:0
FCollision Out Avg:0, SD:0, Max:3, Min:0
FCollision End Avg:0, SD:0, Max:0, Min:0
FTask1 Avg:72, SD:8, Max:80, Min:24
FTask2 Avg:0, SD:0, Max:0, Min:0
FTask3 Avg:23, SD:4, Max:47, Min:15
FCore Active Avg:95, SD:10, Max:100, Min:40
FRouter Active Avg:83, SD:5, Max:96, Min:38
T1 invocations: 368,162
T2 invocations: 0
T3 invocations: 11,875,359
T3b invocations: 0
Total3 invocations: 11,875,359
Total4 invocations: 0

T3/T2 ratio: inf
T3b/T3 ratio: 0

T1 avg ex cycles: 201
T2 avg ex cycles: -nan
T3&b avg ex cycles: 2
T4 avg ex cycles: -nan
Avg. hops NOC1: -nan
Avg. latency NOC1 (T2): -nan
Avg. hops NOC2: 12
Avg. latency NOC2 (T3): 3,240

===PRINTING ACUM STATS at pu_cycles: 1,000,400

ACollision In Avg:11, SD:7, Max:56, Min:0
ACollision Out Avg:0, SD:0, Max:3, Min:0
ACollision End Avg:0, SD:0, Max:0, Min:0
ATask1 Avg:76, SD:4, Max:79, Min:50
ATask2 Avg:0, SD:0, Max:0, Min:0
ATask3 Avg:24, SD:4, Max:50, Min:15
ACore Active Avg:100, SD:1, Max:100, Min:94
ARouter Active Avg:85, SD:4, Max:96, Min:38
T1 invocations: 3,858,592
T2 invocations: 0
T3 invocations: 122,839,892
T3b invocations: 0
Total3 invocations: 122,839,892
Total4 invocations: 0

T3/T2 ratio: inf
T3b/T3 ratio: 0

T1 avg ex cycles: 200
T2 avg ex cycles: -nan
T3&b avg ex cycles: 2
T4 avg ex cycles: -nan
Avg. hops NOC1: -nan
Avg. latency NOC1 (T2): -nan
Avg. hops NOC2: 12
Avg. latency NOC2 (T3): 3,286
Number of K Nodes Processed: 122,859
Number of K Edges Processed: 122,859
Node Re-explore factor: 29.29
Edge Re-explore factor: 0.96
Nodes/cy: 123
Edges/cy: 123
TEPS: 128

---DCache---
DCache Size: 129,408
DRAM words: 0
  DHits: 0
  DMisses: 0

---Energy---
Leakage Energy (nJ): 348,452
PU Dyn E (nJ): 6,870,874
Mem Dyn E (nJ): 20,426,717
Route Dyn E (nJ): 10,774,234
Dynamic Energy (nJ): 38,071,825
Ratio of Dyn/Leak: 109
Total Energy (nJ): 38,420,277
Total Energy (nJ) 3D: 44,429,149
Cores Energy (nJ): 6,873,658
Route Energy (nJ): 10,793,372
Route Energy (nJ) 3D: 16,802,244
Mem Energy   (nJ): 20,753,247
Mem Energy   (nJ) 3D: 20,753,247
Avg. Power (mW): 38,404.92
Power Density (mW/mm2): 41.13

---Runtime---
Runtime in K cycles: 1,000.40
Microseconds: 1,000.40
Time per iteration (ms): 1.00

---Throughput---
GOP/s (aka OPS/ns): 1,015.00
GOP/s per core: 0.99
FLOP/s: 123.09
FLOP/s per core: 0.12
Max Peak FLOP/s: 1,024.00
Avg. BW GB/s: 3,978.02
Max BW GB/s: 4,096.00

---Traffic---
In-Die bisection_bytes BW (GB/s): 256.00
Inter-board traffic (msg/ns): 0.00, per-link: 0.00
Inter-pack traffic (msg/ns): 0.00, per-link: 0.00
Inter-die traffic (msg/ns): 81.66, per-link: 0.32
Ruche traffic (msg/ns): 100.97, per-link: 0.39
All traffic (msg/ns): 3,064.75, per-link: 2.99
Inter-die reduction wrt all: 37.53
Inter-board reduction wrt inter-die: inf

---Data Movement---
All traffic (msg): 3,065,976,922
Arith. Intensity FLOP/Loads: 0.20
Arith. Intensity FLOP/Msgs: 0.04
Arith. Intensity OPS/Loads: 1.63
Arith. Intensity OPS/Msgs: 0.33



===Core Utilization Total=== CORE-S:10;; TIME K cy:1,000 ;; Nodes Proc: 15,285,418 -- Edges Proc: 0

===PRINTING FRAME STATS

FCollision In Avg:2, SD:1, Max:15, Min:0
FCollision Out Avg:0, SD:0, Max:0, Min:0
FCollision End Avg:0, SD:0, Max:0, Min:0
FTask1 Avg:29, SD:29, Max:89, Min:0
FTask2 Avg:0, SD:0, Max:0, Min:0
FTask3 Avg:10, SD:3, Max:45, Min:6
FCore Active Avg:38, SD:30, Max:100, Min:6
FRouter Active Avg:43, SD:7, Max:89, Min:13
T1 invocations: 146,106
T2 invocations: 0
T3 invocations: 5,031,459
T3b invocations: 0
Total3 invocations: 5,031,459
Total4 invocations: 0

T3/T2 ratio: inf
T3b/T3 ratio: 0

T1 avg ex cycles: 201
T2 avg ex cycles: -nan
T3&b avg ex cycles: 2
T4 avg ex cycles: -nan
Avg. hops NOC1: -nan
Avg. latency NOC1 (T2): -nan
Avg. hops NOC2: 12
Avg. latency NOC2 (T3): 2,752

===PRINTING ACUM STATS at pu_cycles: 1,100,371

ACollision In Avg:10, SD:7, Max:52, Min:0
ACollision Out Avg:0, SD:0, Max:3, Min:0
ACollision End Avg:0, SD:0, Max:0, Min:0
ATask1 Avg:71, SD:1, Max:72, Min:52
ATask2 Avg:0, SD:0, Max:0, Min:0
ATask3 Avg:23, SD:4, Max:48, Min:14
ACore Active Avg:94, SD:3, Max:100, Min:86
ARouter Active Avg:81, SD:4, Max:92, Min:36
T1 invocations: 4,002,814
T2 invocations: 0
T3 invocations: 127,760,013
T3b invocations: 0
Total3 invocations: 127,760,013
Total4 invocations: 0

T3/T2 ratio: inf
T3b/T3 ratio: 0

T1 avg ex cycles: 200
T2 avg ex cycles: -nan
T3&b avg ex cycles: 2
T4 avg ex cycles: -nan
Avg. hops NOC1: -nan
Avg. latency NOC1 (T2): -nan
Avg. hops NOC2: 12
Avg. latency NOC2 (T3): 3,266
Number of K Nodes Processed: 127,801
Number of K Edges Processed: 127,801
Node Re-explore factor: 30.47
Edge Re-explore factor: 1.00
Nodes/cy: 116
Edges/cy: 116
TEPS: 117

---DCache---
DCache Size: 129,408
DRAM words: 0
  DHits: 0
  DMisses: 0

---Energy---
Leakage Energy (nJ): 383,273
PU Dyn E (nJ): 7,130,766
Mem Dyn E (nJ): 21,231,399
Route Dyn E (nJ): 11,177,556
Dynamic Energy (nJ): 39,539,721
Ratio of Dyn/Leak: 103
Total Energy (nJ): 39,922,994
Total Energy (nJ) 3D: 46,155,348
Cores Energy (nJ): 7,133,829
Route Energy (nJ): 11,198,607
Route Energy (nJ) 3D: 17,430,960
Mem Energy   (nJ): 21,590,560
Mem Energy   (nJ) 3D: 21,590,560
Avg. Power (mW): 36,281.39
Power Density (mW/mm2): 38.86

---Runtime---
Runtime in K cycles: 1,100.37
Microseconds: 1,100.37
Time per iteration (ms): 1.10

---Throughput---
GOP/s (aka OPS/ns): 957.89
GOP/s per core: 0.94
FLOP/s: 116.10
FLOP/s per core: 0.11
Max Peak FLOP/s: 1,024.00
Avg. BW GB/s: 3,758.97
Max BW GB/s: 4,096.00

---Traffic---
In-Die bisection_bytes BW (GB/s): 256.00
Inter-board traffic (msg/ns): 0.00, per-link: 0.00
Inter-pack traffic (msg/ns): 0.00, per-link: 0.00
Inter-die traffic (msg/ns): 77.02, per-link: 0.30
Ruche traffic (msg/ns): 95.39, per-link: 0.37
All traffic (msg/ns): 2,890.77, per-link: 2.82
Inter-die reduction wrt all: 37.53
Inter-board reduction wrt inter-die: inf

---Data Movement---
All traffic (msg): 3,180,924,130
Arith. Intensity FLOP/Loads: 0.20
Arith. Intensity FLOP/Msgs: 0.04
Arith. Intensity OPS/Loads: 1.63
Arith. Intensity OPS/Msgs: 0.33



===Core Utilization Total=== CORE-S:11;; TIME K cy:1,100 ;; Nodes Proc: 15,902,647 -- Edges Proc: 0
======== IT IS COLD ======= Only 13 Tiles active

===PRINTING FRAME STATS

FCollision In Avg:0, SD:0, Max:3, Min:0
FCollision Out Avg:0, SD:0, Max:0, Min:0
FCollision End Avg:0, SD:0, Max:0, Min:0
FTask1 Avg:3, SD:12, Max:99, Min:0
FTask2 Avg:0, SD:0, Max:0, Min:0
FTask3 Avg:1, SD:1, Max:18, Min:0
FCore Active Avg:4, SD:13, Max:100, Min:0
FRouter Active Avg:5, SD:4, Max:53, Min:1
T1 invocations: 13,482
T2 invocations: 0
T3 invocations: 488,661
T3b invocations: 0
Total3 invocations: 488,661
Total4 invocations: 0

T3/T2 ratio: inf
T3b/T3 ratio: 0

T1 avg ex cycles: 201
T2 avg ex cycles: -nan
T3&b avg ex cycles: 2
T4 avg ex cycles: -nan
Avg. hops NOC1: -nan
Avg. latency NOC1 (T2): -nan
Avg. hops NOC2: 11
Avg. latency NOC2 (T3): 2,705

===PRINTING ACUM STATS at pu_cycles: 1,200,253

ACollision In Avg:9, SD:6, Max:47, Min:0
ACollision Out Avg:0, SD:0, Max:3, Min:0
ACollision End Avg:0, SD:0, Max:0, Min:0
ATask1 Avg:66, SD:0, Max:66, Min:55
ATask2 Avg:0, SD:0, Max:0, Min:0
ATask3 Avg:21, SD:4, Max:45, Min:13
ACore Active Avg:86, SD:4, Max:100, Min:79
ARouter Active Avg:75, SD:4, Max:85, Min:33
T1 invocations: 4,017,642
T2 invocations: 0
T3 invocations: 128,263,873
T3b invocations: 0
Total3 invocations: 128,263,873
Total4 invocations: 0

T3/T2 ratio: inf
T3b/T3 ratio: 0

T1 avg ex cycles: 200
T2 avg ex cycles: -nan
T3&b avg ex cycles: 2
T4 avg ex cycles: -nan
Avg. hops NOC1: -nan
Avg. latency NOC1 (T2): -nan
Avg. hops NOC2: 12
Avg. latency NOC2 (T3): 3,264
Number of K Nodes Processed: 128,266
Number of K Edges Processed: 128,266
Node Re-explore factor: 30.58
Edge Re-explore factor: 1.00
Nodes/cy: 107
Edges/cy: 107
TEPS: 107

---DCache---
DCache Size: 129,408
DRAM words: 0
  DHits: 0
  DMisses: 0

---Energy---
Leakage Energy (nJ): 418,063
PU Dyn E (nJ): 7,157,473
Mem Dyn E (nJ): 21,313,885
Route Dyn E (nJ): 11,215,938
Dynamic Energy (nJ): 39,687,297
Ratio of Dyn/Leak: 95
Total Energy (nJ): 40,105,360
Total Energy (nJ) 3D: 46,359,330
Cores Energy (nJ): 7,160,814
Route Energy (nJ): 11,238,899
Route Energy (nJ) 3D: 17,492,869
Mem Energy   (nJ): 21,705,648
Mem Energy   (nJ) 3D: 21,705,648
Avg. Power (mW): 33,414.09
Power Density (mW/mm2): 35.79

---Runtime---
Runtime in K cycles: 1,200.25
Microseconds: 1,200.25
Time per iteration (ms): 1.20

---Throughput---
GOP/s (aka OPS/ns): 881.48
GOP/s per core: 0.86
FLOP/s: 106.83
FLOP/s per core: 0.10
Max Peak FLOP/s: 1,024.00
Avg. BW GB/s: 3,459.54
Max BW GB/s: 4,096.00

---Traffic---
In-Die bisection_bytes BW (GB/s): 256.00
Inter-board traffic (msg/ns): 0.00, per-link: 0.00
Inter-pack traffic (msg/ns): 0.00, per-link: 0.00
Inter-die traffic (msg/ns): 70.82, per-link: 0.28
Ruche traffic (msg/ns): 87.76, per-link: 0.34
All traffic (msg/ns): 2,659.48, per-link: 2.60
Inter-die reduction wrt all: 37.55
Inter-board reduction wrt inter-die: inf

---Data Movement---
All traffic (msg): 3,192,046,704
Arith. Intensity FLOP/Loads: 0.20
Arith. Intensity FLOP/Msgs: 0.04
Arith. Intensity OPS/Loads: 1.63
Arith. Intensity OPS/Msgs: 0.33



===Core Utilization Total=== CORE-S:12;; TIME K cy:1,200 ;; Nodes Proc: 15,959,888 -- Edges Proc: 0
======== IT IS COLD ======= Only 1 Tiles active

===PRINTING FRAME STATS

FCollision In Avg:0, SD:0, Max:0, Min:0
FCollision Out Avg:0, SD:0, Max:0, Min:0
FCollision End Avg:0, SD:0, Max:0, Min:0
FTask1 Avg:0, SD:4, Max:98, Min:0
FTask2 Avg:0, SD:0, Max:0, Min:0
FTask3 Avg:0, SD:0, Max:2, Min:0
FCore Active Avg:0, SD:4, Max:100, Min:0
FRouter Active Avg:1, SD:1, Max:20, Min:0
T1 invocations: 1,283
T2 invocations: 0
T3 invocations: 45,964
T3b invocations: 0
Total3 invocations: 45,964
Total4 invocations: 0

T3/T2 ratio: inf
T3b/T3 ratio: 0

T1 avg ex cycles: 201
T2 avg ex cycles: -nan
T3&b avg ex cycles: 2
T4 avg ex cycles: -nan
Avg. hops NOC1: -nan
Avg. latency NOC1 (T2): -nan
Avg. hops NOC2: 11
Avg. latency NOC2 (T3): 4,336

===PRINTING ACUM STATS at pu_cycles: 1,300,065

ACollision In Avg:8, SD:6, Max:44, Min:0
ACollision Out Avg:0, SD:0, Max:2, Min:0
ACollision End Avg:0, SD:0, Max:0, Min:0
ATask1 Avg:61, SD:0, Max:61, Min:57
ATask2 Avg:0, SD:0, Max:0, Min:0
ATask3 Avg:19, SD:3, Max:43, Min:12
ACore Active Avg:80, SD:3, Max:100, Min:73
ARouter Active Avg:69, SD:4, Max:78, Min:31
T1 invocations: 4,019,907
T2 invocations: 0
T3 invocations: 128,309,763
T3b invocations: 0
Total3 invocations: 128,309,763
Total4 invocations: 0

T3/T2 ratio: inf
T3b/T3 ratio: 0

T1 avg ex cycles: 200
T2 avg ex cycles: -nan
T3&b avg ex cycles: 2
T4 avg ex cycles: -nan
Avg. hops NOC1: -nan
Avg. latency NOC1 (T2): -nan
Avg. hops NOC2: 12
Avg. latency NOC2 (T3): 3,265
Number of K Nodes Processed: 128,309
Number of K Edges Processed: 128,309
Node Re-explore factor: 30.59
Edge Re-explore factor: 1.00
Nodes/cy: 99
Edges/cy: 99
TEPS: 99

---DCache---
DCache Size: 129,408
DRAM words: 0
  DHits: 0
  DMisses: 0

---Energy---
Leakage Energy (nJ): 452,829
PU Dyn E (nJ): 7,161,274
Mem Dyn E (nJ): 21,322,602
Route Dyn E (nJ): 11,219,778
Dynamic Energy (nJ): 39,703,654
Ratio of Dyn/Leak: 88
Total Energy (nJ): 40,156,483
Total Energy (nJ) 3D: 46,412,562
Cores Energy (nJ): 7,164,892
Route Energy (nJ): 11,244,648
Route Energy (nJ) 3D: 17,500,728
Mem Energy   (nJ): 21,746,943
Mem Energy   (nJ) 3D: 21,746,943
Avg. Power (mW): 30,888.06
Power Density (mW/mm2): 33.08

---Runtime---
Runtime in K cycles: 1,300.07
Microseconds: 1,300.07
Time per iteration (ms): 1.30

---Throughput---
GOP/s (aka OPS/ns): 814.22
GOP/s per core: 0.80
FLOP/s: 98.68
FLOP/s per core: 0.10
Max Peak FLOP/s: 1,024.00
Avg. BW GB/s: 3,195.25
Max BW GB/s: 4,096.00

---Traffic---
In-Die bisection_bytes BW (GB/s): 256.00
Inter-board traffic (msg/ns): 0.00, per-link: 0.00
Inter-pack traffic (msg/ns): 0.00, per-link: 0.00
Inter-die traffic (msg/ns): 65.41, per-link: 0.26
Ruche traffic (msg/ns): 81.05, per-link: 0.32
All traffic (msg/ns): 2,456.13, per-link: 2.40
Inter-die reduction wrt all: 37.55
Inter-board reduction wrt inter-die: inf

---Data Movement---
All traffic (msg): 3,193,133,108
Arith. Intensity FLOP/Loads: 0.20
Arith. Intensity FLOP/Msgs: 0.04
Arith. Intensity OPS/Loads: 1.63
Arith. Intensity OPS/Msgs: 0.33



===Core Utilization Total=== CORE-S:13;; TIME K cy:1,300 ;; Nodes Proc: 15,965,536 -- Edges Proc: 0
======== IT IS COLD ======= Only 0 Tiles active
Epoch Done Router: 1
Epoch Done Router: 3
Epoch Done Router: 5
Epoch Done Router: 7
Epoch Done Router: 6
##EPOCH## 1 COMPLETED at Time (K cy): 1,308
Nodes processed until now: 128,311,436
Edges processed until now: 0
Epoch Done Router: 0
Epoch Done Router: 4
Epoch Done Router: 2
Program Done Router Thread: 2
Program Done Router Thread: 0
Program Done Worker Thread: 0
Program Done Worker Thread: 6
Program Done Worker Thread: 4
Program Done Router Thread: 1
Program Done Router Thread: 7
Program Done Worker Thread: 3
Program Done Worker Thread: 1
Program Done Router Thread: 3
Program Done Worker Thread: 7
Program Done Worker Thread: 5
Program Done Router Thread: 4
Program Done Router Thread: 5
Program Done Worker Thread: 2
Program Done Router Thread: 6

===PRINTING ACUM STATS at pu_cycles: 1,308,503

ACollision In Avg:8, SD:6, Max:44, Min:0
ACollision Out Avg:0, SD:0, Max:2, Min:0
ACollision End Avg:0, SD:0, Max:0, Min:0
ATask1 Avg:60, SD:0, Max:60, Min:60
ATask2 Avg:0, SD:0, Max:0, Min:0
ATask3 Avg:19, SD:3, Max:40, Min:12
ACore Active Avg:79, SD:3, Max:100, Min:72
ARouter Active Avg:69, SD:4, Max:78, Min:30
T1 invocations: 4,020,442
T2 invocations: 0
T3 invocations: 128,311,436
T3b invocations: 0
Total3 invocations: 128,311,436
Total4 invocations: 0

T3/T2 ratio: inf
T3b/T3 ratio: 0

T1 avg ex cycles: 200
T2 avg ex cycles: -nan
T3&b avg ex cycles: 2
T4 avg ex cycles: -nan
Avg. hops NOC1: -nan
Avg. latency NOC1 (T2): -nan
Avg. hops NOC2: 12
Avg. latency NOC2 (T3): 3,265

Runtime at program end in K cycles: 1,308
Runtime before cooldown in K cycles: 1,000


Number of K Nodes Processed: 128,311
Number of K Edges Processed: 128,311
Node Re-explore factor: 30.59
Edge Re-explore factor: 1.00
Nodes/cy: 98
Edges/cy: 98
TEPS: 98

---DCache---
DCache Size: 129,408
DRAM words: 0
  DHits: 0
  DMisses: 0

---Energy---
Leakage Energy (nJ): 455,768
PU Dyn E (nJ): 7,162,088
Mem Dyn E (nJ): 21,323,514
Route Dyn E (nJ): 11,219,990
Dynamic Energy (nJ): 39,705,593
Ratio of Dyn/Leak: 87
Total Energy (nJ): 40,161,361
Total Energy (nJ) 3D: 46,417,571
Cores Energy (nJ): 7,165,730
Route Energy (nJ): 11,245,022
Route Energy (nJ) 3D: 17,501,232
Mem Energy   (nJ): 21,750,610
Mem Energy   (nJ) 3D: 21,750,610
Avg. Power (mW): 30,692.60
Power Density (mW/mm2): 32.87

---Runtime---
Runtime in K cycles: 1,308.50
Microseconds: 1,308.50
Time per iteration (ms): 1.31

---Inst---
K Loads: 649,598
K Stores: 388,954
K Instructions: 1,058,654

---Throughput---
GOP/s (aka OPS/ns): 809.06
GOP/s per core: 0.79
FLOP/s: 98.06
FLOP/s per core: 0.10
Max Peak FLOP/s: 1,024.00
Avg. BW GB/s: 3,174.78
Max BW GB/s: 4,096.00

---Traffic---
In-Die bisection_bytes BW (GB/s): 256.00
Inter-board traffic (msg/ns): 0.00, per-link: 0.00
Inter-pack traffic (msg/ns): 0.00, per-link: 0.00
Inter-die traffic (msg/ns): 64.99, per-link: 0.25
Ruche traffic (msg/ns): 80.53, per-link: 0.31
All traffic (msg/ns): 2,440.34, per-link: 2.38
Inter-die reduction wrt all: 37.55
Inter-board reduction wrt inter-die: inf

---Data Movement---
All traffic (msg): 3,193,196,178
Arith. Intensity FLOP/Loads: 0.20
Arith. Intensity FLOP/Msgs: 0.04
Arith. Intensity OPS/Loads: 1.63
Arith. Intensity OPS/Msgs: 0.33

Simulation time: 123.07
Sim noc_cy/s: 10,631.78
Sim Msg/s: 25,945,180.62

Version 31

