Dataset:  Kron22/
Dry run: 0
Open Edge Count File succesfully
Edges Traversed BFS: 128309848
Found Vertices: 4194304, Edges: 128311436
avg degree 31
Array  Kron22/node_array.bin found
Malloc array of size 16777220 bytes
Readin array of size 16777216 bytes
Finished Reading Array Bytes
No reordering Array 32bit
Array  Kron22/edge_array.bin found
Malloc array of size 513245744 bytes
Readin array of size 513245744 bytes
Finished Reading Array Bytes
No reordering Array 32bit
Reading graph elapsed time: 0.199416s

Dataset Footprint: 522 MiB
Dataset Footprint per Board: 4383.05 Mb
Dataset injection time (ms): 0.26752
Max Dataset Footprint: 1026 MiB

Dataset footprint per tile: 522 KiB
Proxys footprint per tile: 0 KiB
Reserved SRAM per tile: 15 KiB

Ideal SRAM per tile: 537 KiB
reserved_words_for_dataset:12321
dataset_words_per_tile:133760
remaining_sram_words:61606
min_dcache_sram_words_required:12512
dataset_words_per_tile:133760
min_pcache_sram_words_required:0
proxys_words_per_tile:0
Dcache footprint ratio: 3
Dataset Cached: 1
DCache: 60880 words, lines: 3805, sets: 3805
Proxys Cached: 0
Pcache: 0 words, sets: 0
Node per tile: 4,096
Edge per tile: 125,305
GRID_X: 32
GRID_SIZE: 1,024
smt_per_tile: 1
noc_freq: 1
pu_freq: 1
RUCHE_X: 8
PROXY_W: 32
DIE_W: 16
DIE_H: 16
DIES: 4
BORDER_TILES_PER_DIE: 64
PACK_W: 32
PACK_H: 32
DIES_PACK_FACTOR: 2
DIES_PER_PACK: 4
PACKAGES: 1
BOARD_W: 32
BOARD_H: 32
BOARDS: 1
MUX_BUS: 1
DCACHE: 1
PCACHE: 0
PROXY_FACTOR: 1
CACHE_WAYS: 1
TORUS: 1
PHY_NOCS: 1
WIDE_NOC_ID: 0
NOC_CONF: 1
noc_width: 32
hbm_channel_bit_width: 512
ld_st_op_byte_width: 4
PROXY_ROUTING: 0
WRITE_THROUGH: 1
ASSERT_MODE: 0
GLOBAL_BARRIER: 0
OQ flits: 36 ; 384 ; 2
IQ flits: 288 ; 3,072 ; 2
OQ messages: 12 ; 192 ; 1
IQ messages: 96 ; 1,536 ; 1
max_task2 size: 64
io_factor_t2: 8
io_factor_t3: 8
io_factor_t3b: 8

Active SRAM Storage per tile: 255 KiB
Total SRAM Storage per tile: 256 KiB
Agreggated SRAM Storage: 256 MiB

Active DRAM Storage per tile: 0.509766 MiB
Total DRAM Storage per tile: 32 MiB
Agreggated DRAM Storage: 32 GiB

Inter-Die #links: 512
Inter-Die (Gbits): 16,384
Inter-Die (Gbits/mm): 507.873
Bisection BW of Board (Gbits): 8,192
Border IO #Dies: 8
Border IO Die BW (Gbits): 2,048
Off-Board BW Total (Gbits): 16,384
Off-Board BW Density (Gbits/mm): 139
Die side: 8.07 mm
Die border wire density: 507.87 Gbits/mm
HBM wire density: 507.87 Gbits/mm

Tiles per Die: 256 (16x16)
Tile Area: 0.13 mm2, side: 0.36 mm
- Core/Rout Area: 0.05 mm2
- SRAM Area: 0.07 mm2
- SRAM/Logic Ratio: 1.32x

Dies per Package: 4 (2x2)
Die Area: 65.04 mm2, side: 8.07 mm
- Tiles Area: 32.30 mm2
- PHY Area: 23.74 mm2
- MC Area: 9.00 mm2

Packages per Board: 1 (1x1)
Package Area: 860.18 mm2, side: 29.33 mm
- IOdie Area: 160.00 mm2
- Dies Area: 260.18 mm2
- HBM Area: 440.00 mm2

Boards: 1 (1x1)
Board Area: 860.18 mm2
Total Area: 860.18 mm2



ESTIMATED COST OF SILICON AND PACKAGING. ONLY VARIABLE, NO FIXED COSTS
Good dies per wafer 3d: 511
Good dies per wafer 2d: 862
--Dies 3D Cost: 47.33 $
--Dies 2.5D Cost: 28.06 $
--Dies 2D Cost: 28.06 $
--HBM Cost: 240.00 $
--IOdie Cost: 16.88 $
--Packaging Cost 3d: 11.04 $
--Packaging Cost 2.5d: 16.56 $
--Packaging Cost 2d: 6.74 $
SiP Cost 3d: 315.25 $
SiP Cost 2.5d: 301.50 $
SiP Cost 2d: 51.68 $
--Board Cost: 0.86 $
Total SiPs Cost 3d: 316.11 $
Total SiPs Cost 2.5d: 302.36 $
Total SiPs Cost 2d: 52.54 $

Perf counters initialized
Mesh connected
Cache structures initialized
Replicas initialized
Allocated Frontier List
Dataset structures initialized


Starting Simulation
INIT epoch: 1
INIT epoch: 1
INIT epoch: 1
INIT epoch: 1
INIT epoch: 1
INIT epoch: 1
INIT epoch: 1
INIT epoch: 1

===PRINTING FRAME STATS

FCollision In Avg:-nan, SD:-nan, Max:316, Min:3
FCollision Out Avg:-nan, SD:-nan, Max:231, Min:0
FCollision End Avg:-nan, SD:-nan, Max:159, Min:0
FTask1 Avg:-nan, SD:-nan, Max:68, Min:2
FTask2 Avg:-nan, SD:-nan, Max:54, Min:0
FTask3 Avg:-nan, SD:-nan, Max:96, Min:27
FCore Active Avg:-nan, SD:-nan, Max:100, Min:47
FRouter Active Avg:-nan, SD:-nan, Max:74, Min:24
T1 invocations: 798,540
T2 invocations: 450,697
T3 invocations: 5,226,894
T3b invocations: 0
Total3 invocations: 5,226,894
Total4 invocations: 0

T3/T2 ratio: 12
T3b/T3 ratio: 0

T1 avg ex cycles: 42
T2 avg ex cycles: 34
T3&b avg ex cycles: 8
T4 avg ex cycles: -nan
Avg. hops NOC1: 3
Avg. latency NOC1 (T2): 8,049
Avg. hops NOC2: 15
Avg. latency NOC2 (T3): 10,191

===PRINTING ACUM STATS at pu_cycles: 100,205

ACollision In Avg:-nan, SD:-nan, Max:316, Min:3
ACollision Out Avg:-nan, SD:-nan, Max:231, Min:0
ACollision End Avg:-nan, SD:-nan, Max:159, Min:0
ATask1 Avg:-nan, SD:-nan, Max:68, Min:2
ATask2 Avg:-nan, SD:-nan, Max:54, Min:0
ATask3 Avg:-nan, SD:-nan, Max:96, Min:27
ACore Active Avg:-nan, SD:-nan, Max:100, Min:47
ARouter Active Avg:-nan, SD:-nan, Max:74, Min:24
T1 invocations: 798,540
T2 invocations: 450,697
T3 invocations: 5,226,894
T3b invocations: 0
Total3 invocations: 5,226,894
Total4 invocations: 0

T3/T2 ratio: 12
T3b/T3 ratio: 0

T1 avg ex cycles: 42
T2 avg ex cycles: 34
T3&b avg ex cycles: 8
T4 avg ex cycles: -nan
Avg. hops NOC1: 3
Avg. latency NOC1 (T2): 8,049
Avg. hops NOC2: 15
Avg. latency NOC2 (T3): 10,191
Number of K Nodes Processed: 1,246
Number of K Edges Processed: 6,235
Node Re-explore factor: 0.30
Edge Re-explore factor: 0.05
Nodes/cy: 12
Edges/cy: 62
TEPS: 1,280

---DCache---
DCache Size: 60,880
DRAM words: 133,760
  DHits: 14,581,824
  DMisses: 822,481
  DHit Rate (hit/miss): 95%
  DEvictions: 77,172
  DEviction Rate (evict/misses): 9%
  MC Transactions: 866,822
  MC Writes: 41,311
Avg. Transactions: 27% , Writes: 1%, Avg. Latency: 9
Max MC id: 29 of 32. Transactions: 32% , Writes: 2%, MC mean Latency: 10
HBM refresh energy (nJ): 0
HBM access energy (nJ): 1,642,107
MemC wire energy 2.5d (nJ): 324,348
MemC wire energy 3d (nJ): 81,087

---Energy---
Leakage Energy (nJ): 18,549
PU Dyn E (nJ): 464,697
Mem Dyn E (nJ): 3,216,246
Route Dyn E (nJ): 487,084
Dynamic Energy (nJ): 4,168,027
Ratio of Dyn/Leak: 225
Total Energy (nJ): 4,186,576
Total Energy (nJ) 3D: 4,253,837
Cores Energy (nJ): 464,976
Route Energy (nJ): 489,001
Route Energy (nJ) 3D: 799,523
Mem Energy   (nJ): 3,232,599
Mem Energy   (nJ) 3D: 2,989,338
Avg. Power (mW): 41,780.11
Power Density (mW/mm2): 48.57

---Runtime---
Runtime in K cycles: 100.20
Microseconds: 100.20
Time per iteration (ms): 0.10

---Throughput---
GOP/s (aka OPS/ns): 809.16
GOP/s per core: 0.79
FLOP/s: 52.16
FLOP/s per core: 0.05
Max Peak FLOP/s: 1,024.00
Avg. BW GB/s: 2,603.37
Max BW GB/s: 4,096.00

---Traffic---
In-Die bisection_bytes BW (GB/s): 256.00
Inter-board traffic (msg/ns): 0.00, per-link: 0.00
Inter-pack traffic (msg/ns): 0.00, per-link: 0.00
Inter-die traffic (msg/ns): 43.19, per-link: 0.17
Ruche traffic (msg/ns): 47.58, per-link: 0.19
All traffic (msg/ns): 1,764.31, per-link: 1.72
Inter-die reduction wrt all: 40.85
Inter-board reduction wrt inter-die: inf

---Data Movement---
All traffic (msg): 176,792,297
Arith. Intensity FLOP/Loads: 0.15
Arith. Intensity FLOP/Msgs: 0.03
Arith. Intensity OPS/Loads: 2.39
Arith. Intensity OPS/Msgs: 0.46



===Core Utilization Total=== CORE-S:1;; TIME K cy:100 ;; Nodes Proc: 151,926 -- Edges Proc: 982,168

===PRINTING FRAME STATS

FCollision In Avg:2, SD:8, Max:175, Min:0
FCollision Out Avg:1, SD:7, Max:144, Min:0
FCollision End Avg:0, SD:3, Max:59, Min:0
FTask1 Avg:63, SD:7, Max:88, Min:3
FTask2 Avg:16, SD:5, Max:57, Min:0
FTask3 Avg:21, SD:6, Max:73, Min:8
FCore Active Avg:100, SD:2, Max:100, Min:63
FRouter Active Avg:39, SD:5, Max:62, Min:14
T1 invocations: 1,530,469
T2 invocations: 708,790
T3 invocations: 3,387,507
T3b invocations: 0
Total3 invocations: 3,387,507
Total4 invocations: 0

T3/T2 ratio: 5
T3b/T3 ratio: 0

T1 avg ex cycles: 42
T2 avg ex cycles: 23
T3&b avg ex cycles: 6
T4 avg ex cycles: -nan
Avg. hops NOC1: 3
Avg. latency NOC1 (T2): 328
Avg. hops NOC2: 13
Avg. latency NOC2 (T3): 30,448

===PRINTING ACUM STATS at pu_cycles: 200,143

ACollision In Avg:44, SD:25, Max:175, Min:2
ACollision Out Avg:40, SD:26, Max:144, Min:0
ACollision End Avg:9, SD:13, Max:95, Min:0
ATask1 Avg:48, SD:8, Max:71, Min:3
ATask2 Avg:16, SD:5, Max:44, Min:0
ATask3 Avg:31, SD:6, Max:84, Min:21
ACore Active Avg:95, SD:6, Max:100, Min:63
ARouter Active Avg:47, SD:5, Max:67, Min:19
T1 invocations: 2,332,509
T2 invocations: 1,160,608
T3 invocations: 8,641,944
T3b invocations: 0
Total3 invocations: 8,641,944
Total4 invocations: 0

T3/T2 ratio: 7
T3b/T3 ratio: 0

T1 avg ex cycles: 42
T2 avg ex cycles: 27
T3&b avg ex cycles: 7
T4 avg ex cycles: -nan
Avg. hops NOC1: 3
Avg. latency NOC1 (T2): 3,369
Avg. hops NOC2: 14
Avg. latency NOC2 (T3): 18,115
Number of K Nodes Processed: 1,600
Number of K Edges Processed: 9,832
Node Re-explore factor: 0.38
Edge Re-explore factor: 0.08
Nodes/cy: 8
Edges/cy: 49
TEPS: 641

---DCache---
DCache Size: 60,880
DRAM words: 133,760
  DHits: 26,448,574
  DMisses: 1,418,284
  DHit Rate (hit/miss): 95%
  DEvictions: 222,018
  DEviction Rate (evict/misses): 16%
  MC Transactions: 1,503,605
  MC Writes: 79,514
Avg. Transactions: 23% , Writes: 1%, Avg. Latency: 11
Max MC id: 29 of 32. Transactions: 27% , Writes: 2%, MC mean Latency: 11
HBM refresh energy (nJ): 0
HBM access energy (nJ): 2,848,429
MemC wire energy 2.5d (nJ): 562,619
MemC wire energy 3d (nJ): 140,655

---Energy---
Leakage Energy (nJ): 37,049
PU Dyn E (nJ): 954,878
Mem Dyn E (nJ): 5,622,135
Route Dyn E (nJ): 771,206
Dynamic Energy (nJ): 7,348,220
Ratio of Dyn/Leak: 198
Total Energy (nJ): 7,385,269
Total Energy (nJ) 3D: 7,451,445
Cores Energy (nJ): 955,435
Route Energy (nJ): 775,035
Route Energy (nJ) 3D: 1,263,175
Mem Energy   (nJ): 5,654,799
Mem Energy   (nJ) 3D: 5,232,834
Avg. Power (mW): 36,899.96
Power Density (mW/mm2): 42.90

---Runtime---
Runtime in K cycles: 200.14
Microseconds: 200.14
Time per iteration (ms): 0.20

---Throughput---
GOP/s (aka OPS/ns): 874.40
GOP/s per core: 0.85
FLOP/s: 43.18
FLOP/s per core: 0.04
Max Peak FLOP/s: 1,024.00
Avg. BW GB/s: 2,302.86
Max BW GB/s: 4,096.00

---Traffic---
In-Die bisection_bytes BW (GB/s): 256.00
Inter-board traffic (msg/ns): 0.00, per-link: 0.00
Inter-pack traffic (msg/ns): 0.00, per-link: 0.00
Inter-die traffic (msg/ns): 34.18, per-link: 0.13
Ruche traffic (msg/ns): 39.13, per-link: 0.15
All traffic (msg/ns): 1,414.46, per-link: 1.38
Inter-die reduction wrt all: 41.38
Inter-board reduction wrt inter-die: inf

---Data Movement---
All traffic (msg): 283,093,585
Arith. Intensity FLOP/Loads: 0.14
Arith. Intensity FLOP/Msgs: 0.03
Arith. Intensity OPS/Loads: 2.80
Arith. Intensity OPS/Msgs: 0.62



===Core Utilization Total=== CORE-S:2;; TIME K cy:200 ;; Nodes Proc: 197,671 -- Edges Proc: 1,414,388

===PRINTING FRAME STATS

FCollision In Avg:20, SD:21, Max:121, Min:1
FCollision Out Avg:19, SD:22, Max:110, Min:0
FCollision End Avg:8, SD:15, Max:81, Min:0
FTask1 Avg:39, SD:9, Max:71, Min:3
FTask2 Avg:16, SD:10, Max:55, Min:0
FTask3 Avg:42, SD:7, Max:78, Min:17
FCore Active Avg:97, SD:6, Max:100, Min:57
FRouter Active Avg:52, SD:9, Max:75, Min:24
T1 invocations: 936,533
T2 invocations: 463,309
T3 invocations: 5,983,053
T3b invocations: 0
Total3 invocations: 5,983,053
Total4 invocations: 529

T3/T2 ratio: 13
T3b/T3 ratio: 0

T1 avg ex cycles: 43
T2 avg ex cycles: 36
T3&b avg ex cycles: 7
T4 avg ex cycles: 577
Avg. hops NOC1: 3
Avg. latency NOC1 (T2): 1,659
Avg. hops NOC2: 12
Avg. latency NOC2 (T3): 19,276

===PRINTING ACUM STATS at pu_cycles: 300,482

ACollision In Avg:36, SD:17, Max:125, Min:2
ACollision Out Avg:32, SD:17, Max:89, Min:0
ACollision End Avg:9, SD:10, Max:63, Min:0
ATask1 Avg:45, SD:4, Max:62, Min:3
ATask2 Avg:16, SD:5, Max:46, Min:0
ATask3 Avg:35, SD:6, Max:82, Min:22
ACore Active Avg:96, SD:4, Max:100, Min:80
ARouter Active Avg:49, SD:6, Max:68, Min:21
T1 invocations: 3,264,148
T2 invocations: 1,622,395
T3 invocations: 14,616,154
T3b invocations: 0
Total3 invocations: 14,616,154
Total4 invocations: 529

T3/T2 ratio: 9
T3b/T3 ratio: 0

T1 avg ex cycles: 42
T2 avg ex cycles: 30
T3&b avg ex cycles: 7
T4 avg ex cycles: 577
Avg. hops NOC1: 3
Avg. latency NOC1 (T2): 2,884
Avg. hops NOC2: 13
Avg. latency NOC2 (T3): 18,578
Number of K Nodes Processed: 2,725
Number of K Edges Processed: 15,399
Node Re-explore factor: 0.65
Edge Re-explore factor: 0.12
Nodes/cy: 9
Edges/cy: 51
TEPS: 427

---DCache---
DCache Size: 60,880
DRAM words: 133,760
  DHits: 41,471,805
  DMisses: 2,013,092
  DHit Rate (hit/miss): 95%
  DEvictions: 423,520
  DEviction Rate (evict/misses): 21%
  MC Transactions: 2,150,308
  MC Writes: 129,467
Avg. Transactions: 22% , Writes: 1%, Avg. Latency: 11
Max MC id: 29 of 32. Transactions: 27% , Writes: 2%, MC mean Latency: 11
HBM refresh energy (nJ): 0
HBM access energy (nJ): 4,073,543
MemC wire energy 2.5d (nJ): 804,603
MemC wire energy 3d (nJ): 201,151

---Energy---
Leakage Energy (nJ): 55,623
PU Dyn E (nJ): 1,467,721
Mem Dyn E (nJ): 8,374,253
Route Dyn E (nJ): 1,201,781
Dynamic Energy (nJ): 11,043,755
Ratio of Dyn/Leak: 199
Total Energy (nJ): 11,099,378
Total Energy (nJ) 3D: 11,253,825
Cores Energy (nJ): 1,468,557
Route Energy (nJ): 1,207,529
Route Energy (nJ) 3D: 1,965,428
Mem Energy   (nJ): 8,423,292
Mem Energy   (nJ) 3D: 7,819,840
Avg. Power (mW): 36,938.58
Power Density (mW/mm2): 42.94

---Runtime---
Runtime in K cycles: 300.48
Microseconds: 300.48
Time per iteration (ms): 0.30

---Throughput---
GOP/s (aka OPS/ns): 877.47
GOP/s per core: 0.86
FLOP/s: 48.64
FLOP/s per core: 0.05
Max Peak FLOP/s: 1,024.00
Avg. BW GB/s: 2,431.30
Max BW GB/s: 4,096.00

---Traffic---
In-Die bisection_bytes BW (GB/s): 256.00
Inter-board traffic (msg/ns): 0.00, per-link: 0.00
Inter-pack traffic (msg/ns): 0.00, per-link: 0.00
Inter-die traffic (msg/ns): 35.47, per-link: 0.14
Ruche traffic (msg/ns): 41.34, per-link: 0.16
All traffic (msg/ns): 1,460.06, per-link: 1.43
Inter-die reduction wrt all: 41.17
Inter-board reduction wrt inter-die: inf

---Data Movement---
All traffic (msg): 438,720,715
Arith. Intensity FLOP/Loads: 0.15
Arith. Intensity FLOP/Msgs: 0.03
Arith. Intensity OPS/Loads: 2.67
Arith. Intensity OPS/Msgs: 0.60



===Core Utilization Total=== CORE-S:3;; TIME K cy:300 ;; Nodes Proc: 339,100 -- Edges Proc: 2,242,720

===PRINTING FRAME STATS

FCollision In Avg:64, SD:38, Max:229, Min:6
FCollision Out Avg:57, SD:43, Max:229, Min:1
FCollision End Avg:24, SD:34, Max:194, Min:0
FTask1 Avg:5, SD:5, Max:43, Min:0
FTask2 Avg:21, SD:15, Max:55, Min:0
FTask3 Avg:64, SD:9, Max:98, Min:29
FCore Active Avg:89, SD:14, Max:100, Min:45
FRouter Active Avg:81, SD:6, Max:93, Min:39
T1 invocations: 113,581
T2 invocations: 208,903
T3 invocations: 10,560,646
T3b invocations: 0
Total3 invocations: 10,560,646
Total4 invocations: 802

T3/T2 ratio: 51
T3b/T3 ratio: 0

T1 avg ex cycles: 43
T2 avg ex cycles: 101
T3&b avg ex cycles: 6
T4 avg ex cycles: 566
Avg. hops NOC1: 2
Avg. latency NOC1 (T2): 18,712
Avg. hops NOC2: 13
Avg. latency NOC2 (T3): 6,653

===PRINTING ACUM STATS at pu_cycles: 400,975

ACollision In Avg:43, SD:18, Max:131, Min:4
ACollision Out Avg:39, SD:20, Max:113, Min:1
ACollision End Avg:13, SD:13, Max:75, Min:0
ATask1 Avg:35, SD:3, Max:48, Min:4
ATask2 Avg:17, SD:7, Max:38, Min:1
ATask3 Avg:42, SD:6, Max:86, Min:27
ACore Active Avg:94, SD:6, Max:100, Min:73
ARouter Active Avg:57, SD:5, Max:73, Min:26
T1 invocations: 3,381,899
T2 invocations: 1,833,307
T3 invocations: 25,204,122
T3b invocations: 0
Total3 invocations: 25,204,122
Total4 invocations: 1,341

T3/T2 ratio: 14
T3b/T3 ratio: 0

T1 avg ex cycles: 42
T2 avg ex cycles: 38
T3&b avg ex cycles: 7
T4 avg ex cycles: 570
Avg. hops NOC1: 3
Avg. latency NOC1 (T2): 4,684
Avg. hops NOC2: 13
Avg. latency NOC2 (T3): 13,580
Number of K Nodes Processed: 3,805
Number of K Edges Processed: 25,911
Node Re-explore factor: 0.91
Edge Re-explore factor: 0.20
Nodes/cy: 9
Edges/cy: 65
TEPS: 320

---DCache---
DCache Size: 60,880
DRAM words: 133,760
  DHits: 61,420,977
  DMisses: 2,714,696
  DHit Rate (hit/miss): 96%
  DEvictions: 714,126
  DEviction Rate (evict/misses): 26%
  MC Transactions: 2,920,636
  MC Writes: 195,149
Avg. Transactions: 23% , Writes: 2%, Avg. Latency: 12
Max MC id: 29 of 32. Transactions: 29% , Writes: 2%, MC mean Latency: 12
HBM refresh energy (nJ): 1
HBM access energy (nJ): 5,532,852
MemC wire energy 2.5d (nJ): 1,092,844
MemC wire energy 3d (nJ): 273,211

---Energy---
Leakage Energy (nJ): 74,226
PU Dyn E (nJ): 2,025,753
Mem Dyn E (nJ): 11,935,621
Route Dyn E (nJ): 2,018,690
Dynamic Energy (nJ): 15,980,065
Ratio of Dyn/Leak: 215
Total Energy (nJ): 16,054,291
Total Energy (nJ) 3D: 16,513,012
Cores Energy (nJ): 2,026,869
Route Energy (nJ): 2,026,361
Route Energy (nJ) 3D: 3,304,715
Mem Energy   (nJ): 12,001,061
Mem Energy   (nJ) 3D: 11,181,428
Avg. Power (mW): 40,038.13
Power Density (mW/mm2): 46.55

---Runtime---
Runtime in K cycles: 400.98
Microseconds: 400.98
Time per iteration (ms): 0.40

---Throughput---
GOP/s (aka OPS/ns): 857.37
GOP/s per core: 0.84
FLOP/s: 62.86
FLOP/s per core: 0.06
Max Peak FLOP/s: 1,024.00
Avg. BW GB/s: 2,778.73
Max BW GB/s: 4,096.00

---Traffic---
In-Die bisection_bytes BW (GB/s): 256.00
Inter-board traffic (msg/ns): 0.00, per-link: 0.00
Inter-pack traffic (msg/ns): 0.00, per-link: 0.00
Inter-die traffic (msg/ns): 45.15, per-link: 0.18
Ruche traffic (msg/ns): 50.51, per-link: 0.20
All traffic (msg/ns): 1,809.36, per-link: 1.77
Inter-die reduction wrt all: 40.07
Inter-board reduction wrt inter-die: inf

---Data Movement---
All traffic (msg): 725,508,833
Arith. Intensity FLOP/Loads: 0.17
Arith. Intensity FLOP/Msgs: 0.03
Arith. Intensity OPS/Loads: 2.34
Arith. Intensity OPS/Msgs: 0.47



===Core Utilization Total=== CORE-S:4;; TIME K cy:400 ;; Nodes Proc: 473,231 -- Edges Proc: 3,611,764

===PRINTING FRAME STATS

FCollision In Avg:86, SD:37, Max:248, Min:7
FCollision Out Avg:76, SD:46, Max:226, Min:3
FCollision End Avg:26, SD:35, Max:196, Min:0
FTask1 Avg:4, SD:4, Max:36, Min:0
FTask2 Avg:21, SD:15, Max:56, Min:0
FTask3 Avg:59, SD:9, Max:99, Min:39
FCore Active Avg:85, SD:15, Max:100, Min:42
FRouter Active Avg:82, SD:6, Max:92, Min:44
T1 invocations: 113,621
T2 invocations: 222,809
T3 invocations: 11,107,530
T3b invocations: 0
Total3 invocations: 11,107,530
Total4 invocations: 1,064

T3/T2 ratio: 50
T3b/T3 ratio: 0

T1 avg ex cycles: 40
T2 avg ex cycles: 97
T3&b avg ex cycles: 5
T4 avg ex cycles: 560
Avg. hops NOC1: 2
Avg. latency NOC1 (T2): 19,833
Avg. hops NOC2: 13
Avg. latency NOC2 (T3): 5,251

===PRINTING ACUM STATS at pu_cycles: 500,661

ACollision In Avg:51, SD:19, Max:137, Min:9
ACollision Out Avg:46, SD:22, Max:128, Min:1
ACollision End Avg:15, SD:16, Max:99, Min:0
ATask1 Avg:29, SD:3, Max:37, Min:5
ATask2 Avg:18, SD:7, Max:38, Min:0
ATask3 Avg:45, SD:6, Max:87, Min:32
ACore Active Avg:92, SD:7, Max:100, Min:67
ARouter Active Avg:62, SD:5, Max:76, Min:29
T1 invocations: 3,494,991
T2 invocations: 2,055,244
T3 invocations: 36,261,735
T3b invocations: 0
Total3 invocations: 36,261,735
Total4 invocations: 2,401

T3/T2 ratio: 18
T3b/T3 ratio: 0

T1 avg ex cycles: 42
T2 avg ex cycles: 44
T3&b avg ex cycles: 6
T4 avg ex cycles: 565
Avg. hops NOC1: 3
Avg. latency NOC1 (T2): 6,324
Avg. hops NOC2: 13
Avg. latency NOC2 (T3): 11,041
Number of K Nodes Processed: 4,193
Number of K Edges Processed: 36,786
Node Re-explore factor: 1.00
Edge Re-explore factor: 0.29
Nodes/cy: 8
Edges/cy: 73
TEPS: 256

---DCache---
DCache Size: 60,880
DRAM words: 133,760
  DHits: 81,132,096
  DMisses: 3,437,899
  DHit Rate (hit/miss): 96%
  DEvictions: 1,078,154
  DEviction Rate (evict/misses): 31%
  MC Transactions: 3,715,832
  MC Writes: 263,769
Avg. Transactions: 23% , Writes: 2%, Avg. Latency: 12
Max MC id: 29 of 32. Transactions: 29% , Writes: 3%, MC mean Latency: 12
HBM refresh energy (nJ): 1
HBM access energy (nJ): 7,039,272
MemC wire energy 2.5d (nJ): 1,390,391
MemC wire energy 3d (nJ): 347,598

---Energy---
Leakage Energy (nJ): 92,679
PU Dyn E (nJ): 2,574,999
Mem Dyn E (nJ): 15,516,526
Route Dyn E (nJ): 2,856,644
Dynamic Energy (nJ): 20,948,170
Ratio of Dyn/Leak: 226
Total Energy (nJ): 21,040,849
Total Energy (nJ) 3D: 21,814,132
Cores Energy (nJ): 2,576,393
Route Energy (nJ): 2,866,223
Route Energy (nJ) 3D: 4,682,298
Mem Energy   (nJ): 15,598,234
Mem Energy   (nJ) 3D: 14,555,441
Avg. Power (mW): 42,026.14
Power Density (mW/mm2): 48.86

---Runtime---
Runtime in K cycles: 500.66
Microseconds: 500.66
Time per iteration (ms): 0.50

---Throughput---
GOP/s (aka OPS/ns): 839.09
GOP/s per core: 0.82
FLOP/s: 72.43
FLOP/s per core: 0.07
Max Peak FLOP/s: 1,024.00
Avg. BW GB/s: 2,974.69
Max BW GB/s: 4,096.00

---Traffic---
In-Die bisection_bytes BW (GB/s): 256.00
Inter-board traffic (msg/ns): 0.00, per-link: 0.00
Inter-pack traffic (msg/ns): 0.00, per-link: 0.00
Inter-die traffic (msg/ns): 51.45, per-link: 0.20
Ruche traffic (msg/ns): 55.88, per-link: 0.22
All traffic (msg/ns): 2,040.14, per-link: 1.99
Inter-die reduction wrt all: 39.65
Inter-board reduction wrt inter-die: inf

---Data Movement---
All traffic (msg): 1,021,419,094
Arith. Intensity FLOP/Loads: 0.19
Arith. Intensity FLOP/Msgs: 0.04
Arith. Intensity OPS/Loads: 2.17
Arith. Intensity OPS/Msgs: 0.41



===Core Utilization Total=== CORE-S:5;; TIME K cy:500 ;; Nodes Proc: 521,638 -- Edges Proc: 4,947,906

===PRINTING FRAME STATS

FCollision In Avg:100, SD:42, Max:284, Min:4
FCollision Out Avg:91, SD:51, Max:275, Min:2
FCollision End Avg:27, SD:35, Max:197, Min:0
FTask1 Avg:5, SD:5, Max:30, Min:0
FTask2 Avg:21, SD:15, Max:57, Min:0
FTask3 Avg:55, SD:9, Max:100, Min:30
FCore Active Avg:81, SD:16, Max:100, Min:40
FRouter Active Avg:80, SD:10, Max:92, Min:44
T1 invocations: 121,406
T2 invocations: 233,951
T3 invocations: 10,704,271
T3b invocations: 0
Total3 invocations: 10,704,271
Total4 invocations: 1,374

T3/T2 ratio: 46
T3b/T3 ratio: 0

T1 avg ex cycles: 38
T2 avg ex cycles: 90
T3&b avg ex cycles: 5
T4 avg ex cycles: 558
Avg. hops NOC1: 2
Avg. latency NOC1 (T2): 19,827
Avg. hops NOC2: 13
Avg. latency NOC2 (T3): 3,988

===PRINTING ACUM STATS at pu_cycles: 600,799

ACollision In Avg:60, SD:21, Max:153, Min:9
ACollision Out Avg:54, SD:24, Max:131, Min:2
ACollision End Avg:17, SD:17, Max:98, Min:0
ATask1 Avg:25, SD:2, Max:34, Min:4
ATask2 Avg:18, SD:8, Max:39, Min:0
ATask3 Avg:47, SD:7, Max:89, Min:33
ACore Active Avg:90, SD:8, Max:100, Min:63
ARouter Active Avg:65, SD:5, Max:79, Min:32
T1 invocations: 3,616,968
T2 invocations: 2,290,881
T3 invocations: 47,029,427
T3b invocations: 0
Total3 invocations: 47,029,427
Total4 invocations: 3,787

T3/T2 ratio: 21
T3b/T3 ratio: 0

T1 avg ex cycles: 42
T2 avg ex cycles: 49
T3&b avg ex cycles: 6
T4 avg ex cycles: 563
Avg. hops NOC1: 3
Avg. latency NOC1 (T2): 7,709
Avg. hops NOC2: 13
Avg. latency NOC2 (T3): 9,428
Number of K Nodes Processed: 4,418
Number of K Edges Processed: 47,450
Node Re-explore factor: 1.05
Edge Re-explore factor: 0.37
Nodes/cy: 7
Edges/cy: 79
TEPS: 214

---DCache---
DCache Size: 60,880
DRAM words: 133,760
  DHits: 100,486,693
  DMisses: 4,139,969
  DHit Rate (hit/miss): 96%
  DEvictions: 1,481,575
  DEviction Rate (evict/misses): 36%
  MC Transactions: 4,479,322
  MC Writes: 322,746
Avg. Transactions: 23% , Writes: 2%, Avg. Latency: 12
Max MC id: 24 of 32. Transactions: 28% , Writes: 2%, MC mean Latency: 12
HBM refresh energy (nJ): 1
HBM access energy (nJ): 8,485,627
MemC wire energy 2.5d (nJ): 1,676,073
MemC wire energy 3d (nJ): 419,018

---Energy---
Leakage Energy (nJ): 111,216
PU Dyn E (nJ): 3,106,962
Mem Dyn E (nJ): 18,972,930
Route Dyn E (nJ): 3,687,070
Dynamic Energy (nJ): 25,766,962
Ratio of Dyn/Leak: 232
Total Energy (nJ): 25,878,178
Total Energy (nJ) 3D: 26,973,971
Cores Energy (nJ): 3,108,634
Route Energy (nJ): 3,698,563
Route Energy (nJ) 3D: 6,051,412
Mem Energy   (nJ): 19,070,980
Mem Energy   (nJ) 3D: 17,813,925
Avg. Power (mW): 43,072.94
Power Density (mW/mm2): 50.07

---Runtime---
Runtime in K cycles: 600.80
Microseconds: 600.80
Time per iteration (ms): 0.60

---Throughput---
GOP/s (aka OPS/ns): 821.88
GOP/s per core: 0.80
FLOP/s: 78.28
FLOP/s per core: 0.08
Max Peak FLOP/s: 1,024.00
Avg. BW GB/s: 3,083.31
Max BW GB/s: 4,096.00

---Traffic---
In-Die bisection_bytes BW (GB/s): 256.00
Inter-board traffic (msg/ns): 0.00, per-link: 0.00
Inter-pack traffic (msg/ns): 0.00, per-link: 0.00
Inter-die traffic (msg/ns): 55.45, per-link: 0.22
Ruche traffic (msg/ns): 58.85, per-link: 0.23
All traffic (msg/ns): 2,189.03, per-link: 2.14
Inter-die reduction wrt all: 39.48
Inter-board reduction wrt inter-die: inf

---Data Movement---
All traffic (msg): 1,315,164,268
Arith. Intensity FLOP/Loads: 0.20
Arith. Intensity FLOP/Msgs: 0.04
Arith. Intensity OPS/Loads: 2.07
Arith. Intensity OPS/Msgs: 0.38



===Core Utilization Total=== CORE-S:6;; TIME K cy:600 ;; Nodes Proc: 549,684 -- Edges Proc: 6,183,626

===PRINTING FRAME STATS

FCollision In Avg:99, SD:43, Max:332, Min:2
FCollision Out Avg:91, SD:49, Max:235, Min:1
FCollision End Avg:25, SD:33, Max:199, Min:0
FTask1 Avg:5, SD:5, Max:26, Min:0
FTask2 Avg:20, SD:15, Max:61, Min:0
FTask3 Avg:54, SD:9, Max:100, Min:35
FCore Active Avg:80, SD:17, Max:100, Min:38
FRouter Active Avg:79, SD:11, Max:92, Min:31
T1 invocations: 134,007
T2 invocations: 248,998
T3 invocations: 10,512,244
T3b invocations: 0
Total3 invocations: 10,512,244
Total4 invocations: 1,729

T3/T2 ratio: 42
T3b/T3 ratio: 0

T1 avg ex cycles: 37
T2 avg ex cycles: 84
T3&b avg ex cycles: 5
T4 avg ex cycles: 550
Avg. hops NOC1: 2
Avg. latency NOC1 (T2): 18,523
Avg. hops NOC2: 13
Avg. latency NOC2 (T3): 3,577

===PRINTING ACUM STATS at pu_cycles: 700,709

ACollision In Avg:65, SD:22, Max:178, Min:8
ACollision Out Avg:59, SD:25, Max:129, Min:2
ACollision End Avg:18, SD:16, Max:89, Min:0
ATask1 Avg:22, SD:2, Max:33, Min:4
ATask2 Avg:19, SD:8, Max:42, Min:0
ATask3 Avg:48, SD:7, Max:90, Min:34
ACore Active Avg:89, SD:8, Max:100, Min:59
ARouter Active Avg:67, SD:5, Max:80, Min:32
T1 invocations: 3,748,864
T2 invocations: 2,537,670
T3 invocations: 57,463,118
T3b invocations: 0
Total3 invocations: 57,463,118
Total4 invocations: 5,485

T3/T2 ratio: 23
T3b/T3 ratio: 0

T1 avg ex cycles: 42
T2 avg ex cycles: 52
T3&b avg ex cycles: 6
T4 avg ex cycles: 559
Avg. hops NOC1: 3
Avg. latency NOC1 (T2): 8,768
Avg. hops NOC2: 13
Avg. latency NOC2 (T3): 8,363
Number of K Nodes Processed: 4,575
Number of K Edges Processed: 57,917
Node Re-explore factor: 1.09
Edge Re-explore factor: 0.45
Nodes/cy: 7
Edges/cy: 83
TEPS: 183

---DCache---
DCache Size: 60,880
DRAM words: 133,760
  DHits: 119,435,686
  DMisses: 4,831,455
  DHit Rate (hit/miss): 96%
  DEvictions: 1,930,988
  DEviction Rate (evict/misses): 40%
  MC Transactions: 5,227,861
  MC Writes: 377,323
Avg. Transactions: 23% , Writes: 2%, Avg. Latency: 12
Max MC id: 24 of 32. Transactions: 28% , Writes: 2%, MC mean Latency: 12
HBM refresh energy (nJ): 2
HBM access energy (nJ): 9,903,659
MemC wire energy 2.5d (nJ): 1,956,162
MemC wire energy 3d (nJ): 489,040

---Energy---
Leakage Energy (nJ): 129,710
PU Dyn E (nJ): 3,622,916
Mem Dyn E (nJ): 22,341,147
Route Dyn E (nJ): 4,492,321
Dynamic Energy (nJ): 30,456,384
Ratio of Dyn/Leak: 235
Total Energy (nJ): 30,586,094
Total Energy (nJ) 3D: 31,990,415
Cores Energy (nJ): 3,624,867
Route Energy (nJ): 4,505,726
Route Energy (nJ) 3D: 7,377,168
Mem Energy   (nJ): 22,455,502
Mem Energy   (nJ) 3D: 20,988,381
Avg. Power (mW): 43,650.21
Power Density (mW/mm2): 50.75

---Runtime---
Runtime in K cycles: 700.71
Microseconds: 700.71
Time per iteration (ms): 0.70

---Throughput---
GOP/s (aka OPS/ns): 806.74
GOP/s per core: 0.79
FLOP/s: 82.01
FLOP/s per core: 0.08
Max Peak FLOP/s: 1,024.00
Avg. BW GB/s: 3,144.50
Max BW GB/s: 4,096.00

---Traffic---
In-Die bisection_bytes BW (GB/s): 256.00
Inter-board traffic (msg/ns): 0.00, per-link: 0.00
Inter-pack traffic (msg/ns): 0.00, per-link: 0.00
Inter-die traffic (msg/ns): 58.05, per-link: 0.23
Ruche traffic (msg/ns): 60.84, per-link: 0.24
All traffic (msg/ns): 2,282.79, per-link: 2.23
Inter-die reduction wrt all: 39.32
Inter-board reduction wrt inter-die: inf

---Data Movement---
All traffic (msg): 1,599,571,960
Arith. Intensity FLOP/Loads: 0.20
Arith. Intensity FLOP/Msgs: 0.04
Arith. Intensity OPS/Loads: 2.00
Arith. Intensity OPS/Msgs: 0.35



===Core Utilization Total=== CORE-S:7;; TIME K cy:700 ;; Nodes Proc: 569,046 -- Edges Proc: 7,271,312

===PRINTING FRAME STATS

FCollision In Avg:102, SD:44, Max:302, Min:3
FCollision Out Avg:93, SD:50, Max:274, Min:2
FCollision End Avg:25, SD:32, Max:140, Min:0
FTask1 Avg:5, SD:5, Max:29, Min:0
FTask2 Avg:19, SD:14, Max:64, Min:0
FTask3 Avg:51, SD:9, Max:100, Min:33
FCore Active Avg:77, SD:17, Max:100, Min:37
FRouter Active Avg:77, SD:12, Max:92, Min:39
T1 invocations: 149,794
T2 invocations: 257,720
T3 invocations: 10,114,012
T3b invocations: 0
Total3 invocations: 10,114,012
Total4 invocations: 2,242

T3/T2 ratio: 39
T3b/T3 ratio: 0

T1 avg ex cycles: 36
T2 avg ex cycles: 77
T3&b avg ex cycles: 5
T4 avg ex cycles: 506
Avg. hops NOC1: 2
Avg. latency NOC1 (T2): 16,767
Avg. hops NOC2: 13
Avg. latency NOC2 (T3): 3,099

===PRINTING ACUM STATS at pu_cycles: 800,563

ACollision In Avg:70, SD:23, Max:185, Min:11
ACollision Out Avg:63, SD:26, Max:136, Min:2
ACollision End Avg:19, SD:16, Max:83, Min:0
ATask1 Avg:20, SD:2, Max:28, Min:3
ATask2 Avg:19, SD:7, Max:40, Min:0
ATask3 Avg:48, SD:7, Max:91, Min:34
ACore Active Avg:87, SD:8, Max:100, Min:57
ARouter Active Avg:68, SD:5, Max:81, Min:33
T1 invocations: 3,896,966
T2 invocations: 2,791,319
T3 invocations: 67,371,915
T3b invocations: 0
Total3 invocations: 67,371,915
Total4 invocations: 7,716

T3/T2 ratio: 24
T3b/T3 ratio: 0

T1 avg ex cycles: 42
T2 avg ex cycles: 55
T3&b avg ex cycles: 6
T4 avg ex cycles: 544
Avg. hops NOC1: 3
Avg. latency NOC1 (T2): 9,489
Avg. hops NOC2: 13
Avg. latency NOC2 (T3): 7,586
Number of K Nodes Processed: 4,692
Number of K Edges Processed: 67,962
Node Re-explore factor: 1.12
Edge Re-explore factor: 0.53
Nodes/cy: 6
Edges/cy: 85
TEPS: 160

---DCache---
DCache Size: 60,880
DRAM words: 133,760
  DHits: 137,898,114
  DMisses: 5,500,685
  DHit Rate (hit/miss): 96%
  DEvictions: 2,408,913
  DEviction Rate (evict/misses): 44%
  MC Transactions: 5,952,930
  MC Writes: 431,229
Avg. Transactions: 23% , Writes: 2%, Avg. Latency: 12
Max MC id: 24 of 32. Transactions: 29% , Writes: 2%, MC mean Latency: 12
HBM refresh energy (nJ): 2
HBM access energy (nJ): 11,277,230
MemC wire energy 2.5d (nJ): 2,227,468
MemC wire energy 3d (nJ): 556,867

---Energy---
Leakage Energy (nJ): 148,194
PU Dyn E (nJ): 4,115,970
Mem Dyn E (nJ): 25,576,569
Route Dyn E (nJ): 5,263,107
Dynamic Energy (nJ): 34,955,647
Ratio of Dyn/Leak: 236
Total Energy (nJ): 35,103,841
Total Energy (nJ) 3D: 36,798,313
Cores Energy (nJ): 4,118,199
Route Energy (nJ): 5,278,422
Route Energy (nJ) 3D: 8,643,495
Mem Energy   (nJ): 25,707,221
Mem Energy   (nJ) 3D: 24,036,620
Avg. Power (mW): 43,848.94
Power Density (mW/mm2): 50.98

---Runtime---
Runtime in K cycles: 800.56
Microseconds: 800.56
Time per iteration (ms): 0.80

---Throughput---
GOP/s (aka OPS/ns): 791.77
GOP/s per core: 0.77
FLOP/s: 84.16
FLOP/s per core: 0.08
Max Peak FLOP/s: 1,024.00
Avg. BW GB/s: 3,167.85
Max BW GB/s: 4,096.00

---Traffic---
In-Die bisection_bytes BW (GB/s): 256.00
Inter-board traffic (msg/ns): 0.00, per-link: 0.00
Inter-pack traffic (msg/ns): 0.00, per-link: 0.00
Inter-die traffic (msg/ns): 59.67, per-link: 0.23
Ruche traffic (msg/ns): 62.15, per-link: 0.24
All traffic (msg/ns): 2,337.06, per-link: 2.28
Inter-die reduction wrt all: 39.16
Inter-board reduction wrt inter-die: inf

---Data Movement---
All traffic (msg): 1,870,960,865
Arith. Intensity FLOP/Loads: 0.21
Arith. Intensity FLOP/Msgs: 0.04
Arith. Intensity OPS/Loads: 1.95
Arith. Intensity OPS/Msgs: 0.34



===Core Utilization Total=== CORE-S:8;; TIME K cy:800 ;; Nodes Proc: 583,526 -- Edges Proc: 8,356,314

===PRINTING FRAME STATS

FCollision In Avg:98, SD:42, Max:292, Min:1
FCollision Out Avg:94, SD:51, Max:252, Min:2
FCollision End Avg:25, SD:32, Max:179, Min:0
FTask1 Avg:6, SD:6, Max:42, Min:0
FTask2 Avg:19, SD:14, Max:62, Min:0
FTask3 Avg:50, SD:9, Max:100, Min:30
FCore Active Avg:76, SD:17, Max:100, Min:36
FRouter Active Avg:75, SD:14, Max:93, Min:38
T1 invocations: 165,788
T2 invocations: 270,246
T3 invocations: 9,851,960
T3b invocations: 0
Total3 invocations: 9,851,960
Total4 invocations: 2,675

T3/T2 ratio: 36
T3b/T3 ratio: 0

T1 avg ex cycles: 35
T2 avg ex cycles: 72
T3&b avg ex cycles: 5
T4 avg ex cycles: 489
Avg. hops NOC1: 2
Avg. latency NOC1 (T2): 17,032
Avg. hops NOC2: 13
Avg. latency NOC2 (T3): 2,932

===PRINTING ACUM STATS at pu_cycles: 901,104

ACollision In Avg:73, SD:23, Max:192, Min:13
ACollision Out Avg:66, SD:26, Max:144, Min:2
ACollision End Avg:20, SD:15, Max:94, Min:0
ATask1 Avg:18, SD:2, Max:26, Min:3
ATask2 Avg:19, SD:7, Max:37, Min:0
ATask3 Avg:48, SD:7, Max:92, Min:34
ACore Active Avg:86, SD:9, Max:100, Min:57
ARouter Active Avg:69, SD:5, Max:82, Min:34
T1 invocations: 4,067,647
T2 invocations: 3,070,175
T3 invocations: 77,500,080
T3b invocations: 0
Total3 invocations: 77,500,080
Total4 invocations: 10,470

T3/T2 ratio: 25
T3b/T3 ratio: 0

T1 avg ex cycles: 42
T2 avg ex cycles: 56
T3&b avg ex cycles: 6
T4 avg ex cycles: 530
Avg. hops NOC1: 3
Avg. latency NOC1 (T2): 10,166
Avg. hops NOC2: 13
Avg. latency NOC2 (T3): 6,980
Number of K Nodes Processed: 4,785
Number of K Edges Processed: 77,809
Node Re-explore factor: 1.14
Edge Re-explore factor: 0.61
Nodes/cy: 5
Edges/cy: 86
TEPS: 142

---DCache---
DCache Size: 60,880
DRAM words: 133,760
  DHits: 156,513,157
  DMisses: 6,158,927
  DHit Rate (hit/miss): 96%
  DEvictions: 2,897,894
  DEviction Rate (evict/misses): 47%
  MC Transactions: 6,665,325
  MC Writes: 483,541
Avg. Transactions: 23% , Writes: 2%, Avg. Latency: 12
Max MC id: 24 of 32. Transactions: 28% , Writes: 2%, MC mean Latency: 12
HBM refresh energy (nJ): 2
HBM access energy (nJ): 12,626,791
MemC wire energy 2.5d (nJ): 2,494,032
MemC wire energy 3d (nJ): 623,508

---Energy---
Leakage Energy (nJ): 166,806
PU Dyn E (nJ): 4,623,757
Mem Dyn E (nJ): 28,821,541
Route Dyn E (nJ): 6,042,215
Dynamic Energy (nJ): 39,487,513
Ratio of Dyn/Leak: 237
Total Energy (nJ): 39,654,319
Total Energy (nJ) 3D: 41,652,529
Cores Energy (nJ): 4,626,265
Route Energy (nJ): 6,059,453
Route Energy (nJ) 3D: 9,928,187
Mem Energy   (nJ): 28,968,601
Mem Energy   (nJ) 3D: 27,098,077
Avg. Power (mW): 44,006.37
Power Density (mW/mm2): 51.16

---Runtime---
Runtime in K cycles: 901.10
Microseconds: 901.10
Time per iteration (ms): 0.90

---Throughput---
GOP/s (aka OPS/ns): 782.15
GOP/s per core: 0.76
FLOP/s: 86.01
FLOP/s per core: 0.08
Max Peak FLOP/s: 1,024.00
Avg. BW GB/s: 3,193.78
Max BW GB/s: 4,096.00

---Traffic---
In-Die bisection_bytes BW (GB/s): 256.00
Inter-board traffic (msg/ns): 0.00, per-link: 0.00
Inter-pack traffic (msg/ns): 0.00, per-link: 0.00
Inter-die traffic (msg/ns): 60.54, per-link: 0.24
Ruche traffic (msg/ns): 63.24, per-link: 0.25
All traffic (msg/ns): 2,382.33, per-link: 2.33
Inter-die reduction wrt all: 39.35
Inter-board reduction wrt inter-die: inf

---Data Movement---
All traffic (msg): 2,146,731,037
Arith. Intensity FLOP/Loads: 0.21
Arith. Intensity FLOP/Msgs: 0.04
Arith. Intensity OPS/Loads: 1.92
Arith. Intensity OPS/Msgs: 0.33



===Core Utilization Total=== CORE-S:9;; TIME K cy:900 ;; Nodes Proc: 595,263 -- Edges Proc: 9,949,504

===PRINTING FRAME STATS

FCollision In Avg:95, SD:43, Max:333, Min:1
FCollision Out Avg:92, SD:54, Max:261, Min:0
FCollision End Avg:24, SD:33, Max:200, Min:0
FTask1 Avg:6, SD:7, Max:33, Min:0
FTask2 Avg:18, SD:16, Max:65, Min:0
FTask3 Avg:47, SD:9, Max:100, Min:30
FCore Active Avg:73, SD:19, Max:100, Min:33
FRouter Active Avg:72, SD:17, Max:94, Min:35
T1 invocations: 186,705
T2 invocations: 287,501
T3 invocations: 9,453,476
T3b invocations: 0
Total3 invocations: 9,453,476
Total4 invocations: 3,627

T3/T2 ratio: 33
T3b/T3 ratio: 0

T1 avg ex cycles: 34
T2 avg ex cycles: 65
T3&b avg ex cycles: 5
T4 avg ex cycles: 419
Avg. hops NOC1: 2
Avg. latency NOC1 (T2): 13,878
Avg. hops NOC2: 13
Avg. latency NOC2 (T3): 2,750

===PRINTING ACUM STATS at pu_cycles: 1,000,960

ACollision In Avg:75, SD:23, Max:188, Min:14
ACollision Out Avg:69, SD:27, Max:139, Min:3
ACollision End Avg:20, SD:15, Max:102, Min:0
ATask1 Avg:17, SD:2, Max:24, Min:3
ATask2 Avg:19, SD:7, Max:34, Min:0
ATask3 Avg:48, SD:7, Max:93, Min:34
ACore Active Avg:85, SD:9, Max:100, Min:55
ARouter Active Avg:69, SD:5, Max:83, Min:34
T1 invocations: 4,253,835
T2 invocations: 3,356,977
T3 invocations: 86,926,731
T3b invocations: 0
Total3 invocations: 86,926,731
Total4 invocations: 14,089

T3/T2 ratio: 26
T3b/T3 ratio: 0

T1 avg ex cycles: 41
T2 avg ex cycles: 57
T3&b avg ex cycles: 6
T4 avg ex cycles: 501
Avg. hops NOC1: 3
Avg. latency NOC1 (T2): 10,482
Avg. hops NOC2: 13
Avg. latency NOC2 (T3): 6,521
Number of K Nodes Processed: 4,861
Number of K Edges Processed: 87,246
Node Re-explore factor: 1.16
Edge Re-explore factor: 0.68
Nodes/cy: 5
Edges/cy: 87
TEPS: 128

---DCache---
DCache Size: 60,880
DRAM words: 133,760
  DHits: 174,487,460
  DMisses: 6,795,155
  DHit Rate (hit/miss): 96%
  DEvictions: 3,404,338
  DEviction Rate (evict/misses): 50%
  MC Transactions: 7,351,443
  MC Writes: 531,757
Avg. Transactions: 23% , Writes: 2%, Avg. Latency: 12
Max MC id: 24 of 32. Transactions: 27% , Writes: 2%, MC mean Latency: 12
HBM refresh energy (nJ): 2
HBM access energy (nJ): 13,926,573
MemC wire energy 2.5d (nJ): 2,750,764
MemC wire energy 3d (nJ): 687,691

---Energy---
Leakage Energy (nJ): 185,290
PU Dyn E (nJ): 5,101,421
Mem Dyn E (nJ): 31,906,813
Route Dyn E (nJ): 6,772,779
Dynamic Energy (nJ): 43,781,013
Ratio of Dyn/Leak: 236
Total Energy (nJ): 43,966,303
Total Energy (nJ) 3D: 46,238,600
Cores Energy (nJ): 5,104,208
Route Energy (nJ): 6,791,927
Route Energy (nJ) 3D: 11,127,297
Mem Energy   (nJ): 32,070,169
Mem Energy   (nJ) 3D: 30,007,096
Avg. Power (mW): 43,924.14
Power Density (mW/mm2): 51.06

---Runtime---
Runtime in K cycles: 1,000.96
Microseconds: 1,000.96
Time per iteration (ms): 1.00

---Throughput---
GOP/s (aka OPS/ns): 771.19
GOP/s per core: 0.75
FLOP/s: 86.84
FLOP/s per core: 0.08
Max Peak FLOP/s: 1,024.00
Avg. BW GB/s: 3,193.84
Max BW GB/s: 4,096.00

---Traffic---
In-Die bisection_bytes BW (GB/s): 256.00
Inter-board traffic (msg/ns): 0.00, per-link: 0.00
Inter-pack traffic (msg/ns): 0.00, per-link: 0.00
Inter-die traffic (msg/ns): 61.02, per-link: 0.24
Ruche traffic (msg/ns): 63.98, per-link: 0.25
All traffic (msg/ns): 2,401.45, per-link: 2.35
Inter-die reduction wrt all: 39.36
Inter-board reduction wrt inter-die: inf

---Data Movement---
All traffic (msg): 2,403,751,539
Arith. Intensity FLOP/Loads: 0.21
Arith. Intensity FLOP/Msgs: 0.04
Arith. Intensity OPS/Loads: 1.90
Arith. Intensity OPS/Msgs: 0.32



===Core Utilization Total=== CORE-S:10;; TIME K cy:1,000 ;; Nodes Proc: 604,724 -- Edges Proc: 11,663,636

===PRINTING FRAME STATS

FCollision In Avg:87, SD:46, Max:339, Min:1
FCollision Out Avg:86, SD:57, Max:300, Min:0
FCollision End Avg:22, SD:33, Max:199, Min:0
FTask1 Avg:7, SD:7, Max:38, Min:0
FTask2 Avg:18, SD:16, Max:73, Min:0
FTask3 Avg:45, SD:8, Max:100, Min:27
FCore Active Avg:71, SD:20, Max:100, Min:29
FRouter Active Avg:70, SD:18, Max:94, Min:24
T1 invocations: 208,435
T2 invocations: 303,237
T3 invocations: 9,006,333
T3b invocations: 0
Total3 invocations: 9,006,333
Total4 invocations: 5,880

T3/T2 ratio: 30
T3b/T3 ratio: 0

T1 avg ex cycles: 34
T2 avg ex cycles: 60
T3&b avg ex cycles: 5
T4 avg ex cycles: 300
Avg. hops NOC1: 2
Avg. latency NOC1 (T2): 11,899
Avg. hops NOC2: 13
Avg. latency NOC2 (T3): 2,639

===PRINTING ACUM STATS at pu_cycles: 1,101,095

ACollision In Avg:76, SD:24, Max:184, Min:16
ACollision Out Avg:71, SD:28, Max:144, Min:3
ACollision End Avg:20, SD:14, Max:109, Min:0
ATask1 Avg:16, SD:2, Max:22, Min:2
ATask2 Avg:19, SD:7, Max:31, Min:0
ATask3 Avg:48, SD:7, Max:94, Min:33
ACore Active Avg:84, SD:9, Max:100, Min:53
ARouter Active Avg:69, SD:6, Max:84, Min:33
T1 invocations: 4,463,255
T2 invocations: 3,661,683
T3 invocations: 95,959,078
T3b invocations: 0
Total3 invocations: 95,959,078
Total4 invocations: 19,987

T3/T2 ratio: 26
T3b/T3 ratio: 0

T1 avg ex cycles: 41
T2 avg ex cycles: 57
T3&b avg ex cycles: 6
T4 avg ex cycles: 442
Avg. hops NOC1: 2
Avg. latency NOC1 (T2): 10,597
Avg. hops NOC2: 13
Avg. latency NOC2 (T3): 6,156
Number of K Nodes Processed: 4,922
Number of K Edges Processed: 96,245
Node Re-explore factor: 1.17
Edge Re-explore factor: 0.75
Nodes/cy: 4
Edges/cy: 87
TEPS: 117

---DCache---
DCache Size: 60,880
DRAM words: 133,760
  DHits: 191,812,766
  DMisses: 7,417,978
  DHit Rate (hit/miss): 96%
  DEvictions: 3,929,685
  DEviction Rate (evict/misses): 53%
  MC Transactions: 8,026,019
  MC Writes: 582,083
Avg. Transactions: 23% , Writes: 2%, Avg. Latency: 12
Max MC id: 29 of 32. Transactions: 27% , Writes: 2%, MC mean Latency: 11
HBM refresh energy (nJ): 3
HBM access energy (nJ): 15,204,490
MemC wire energy 2.5d (nJ): 3,003,177
MemC wire energy 3d (nJ): 750,794

---Energy---
Leakage Energy (nJ): 203,827
PU Dyn E (nJ): 5,565,616
Mem Dyn E (nJ): 34,911,013
Route Dyn E (nJ): 7,472,409
Dynamic Energy (nJ): 47,949,039
Ratio of Dyn/Leak: 235
Total Energy (nJ): 48,152,866
Total Energy (nJ) 3D: 50,682,917
Cores Energy (nJ): 5,568,681
Route Energy (nJ): 7,493,473
Route Energy (nJ) 3D: 12,275,907
Mem Energy   (nJ): 35,090,712
Mem Energy   (nJ) 3D: 32,838,330
Avg. Power (mW): 43,731.80
Power Density (mW/mm2): 50.84

---Runtime---
Runtime in K cycles: 1,101.10
Microseconds: 1,101.10
Time per iteration (ms): 1.10

---Throughput---
GOP/s (aka OPS/ns): 760.77
GOP/s per core: 0.74
FLOP/s: 87.15
FLOP/s per core: 0.09
Max Peak FLOP/s: 1,024.00
Avg. BW GB/s: 3,182.69
Max BW GB/s: 4,096.00

---Traffic---
In-Die bisection_bytes BW (GB/s): 256.00
Inter-board traffic (msg/ns): 0.00, per-link: 0.00
Inter-pack traffic (msg/ns): 0.00, per-link: 0.00
Inter-die traffic (msg/ns): 61.09, per-link: 0.24
Ruche traffic (msg/ns): 64.33, per-link: 0.25
All traffic (msg/ns): 2,407.01, per-link: 2.35
Inter-die reduction wrt all: 39.40
Inter-board reduction wrt inter-die: inf

---Data Movement---
All traffic (msg): 2,650,346,540
Arith. Intensity FLOP/Loads: 0.22
Arith. Intensity FLOP/Msgs: 0.04
Arith. Intensity OPS/Loads: 1.88
Arith. Intensity OPS/Msgs: 0.32



===Core Utilization Total=== CORE-S:11;; TIME K cy:1,100 ;; Nodes Proc: 612,480 -- Edges Proc: 13,355,118

===PRINTING FRAME STATS

FCollision In Avg:75, SD:47, Max:302, Min:0
FCollision Out Avg:74, SD:57, Max:297, Min:0
FCollision End Avg:19, SD:30, Max:200, Min:0
FTask1 Avg:7, SD:8, Max:48, Min:0
FTask2 Avg:18, SD:17, Max:68, Min:0
FTask3 Avg:44, SD:8, Max:100, Min:23
FCore Active Avg:71, SD:21, Max:100, Min:30
FRouter Active Avg:71, SD:17, Max:94, Min:32
T1 invocations: 221,274
T2 invocations: 314,434
T3 invocations: 8,864,052
T3b invocations: 0
Total3 invocations: 8,864,052
Total4 invocations: 8,692

T3/T2 ratio: 28
T3b/T3 ratio: 0

T1 avg ex cycles: 34
T2 avg ex cycles: 57
T3&b avg ex cycles: 5
T4 avg ex cycles: 223
Avg. hops NOC1: 2
Avg. latency NOC1 (T2): 10,026
Avg. hops NOC2: 13
Avg. latency NOC2 (T3): 2,743

===PRINTING ACUM STATS at pu_cycles: 1,201,262

ACollision In Avg:76, SD:25, Max:183, Min:15
ACollision Out Avg:71, SD:29, Max:150, Min:3
ACollision End Avg:20, SD:14, Max:115, Min:0
ATask1 Avg:15, SD:2, Max:20, Min:2
ATask2 Avg:18, SD:6, Max:31, Min:0
ATask3 Avg:48, SD:7, Max:94, Min:33
ACore Active Avg:83, SD:9, Max:100, Min:51
ARouter Active Avg:69, SD:6, Max:84, Min:34
T1 invocations: 4,684,529
T2 invocations: 3,976,117
T3 invocations: 104,823,130
T3b invocations: 0
Total3 invocations: 104,823,130
Total4 invocations: 28,679

T3/T2 ratio: 26
T3b/T3 ratio: 0

T1 avg ex cycles: 41
T2 avg ex cycles: 57
T3&b avg ex cycles: 6
T4 avg ex cycles: 376
Avg. hops NOC1: 2
Avg. latency NOC1 (T2): 10,552
Avg. hops NOC2: 13
Avg. latency NOC2 (T3): 5,867
Number of K Nodes Processed: 4,976
Number of K Edges Processed: 105,100
Node Re-explore factor: 1.19
Edge Re-explore factor: 0.82
Nodes/cy: 4
Edges/cy: 87
TEPS: 107

---DCache---
DCache Size: 60,880
DRAM words: 133,760
  DHits: 208,814,402
  DMisses: 8,038,449
  DHit Rate (hit/miss): 96%
  DEvictions: 4,475,985
  DEviction Rate (evict/misses): 56%
  MC Transactions: 8,696,739
  MC Writes: 630,829
Avg. Transactions: 23% , Writes: 2%, Avg. Latency: 12
Max MC id: 31 of 32. Transactions: 27% , Writes: 2%, MC mean Latency: 12
HBM refresh energy (nJ): 3
HBM access energy (nJ): 16,475,102
MemC wire energy 2.5d (nJ): 3,254,147
MemC wire energy 3d (nJ): 813,537

---Energy---
Leakage Energy (nJ): 222,369
PU Dyn E (nJ): 6,024,402
Mem Dyn E (nJ): 37,881,832
Route Dyn E (nJ): 8,158,946
Dynamic Energy (nJ): 52,065,181
Ratio of Dyn/Leak: 234
Total Energy (nJ): 52,287,550
Total Energy (nJ) 3D: 55,067,350
Cores Energy (nJ): 6,027,746
Route Energy (nJ): 8,181,926
Route Energy (nJ) 3D: 13,402,336
Mem Energy   (nJ): 38,077,878
Mem Energy   (nJ) 3D: 35,637,268
Avg. Power (mW): 43,527.18
Power Density (mW/mm2): 50.60

---Runtime---
Runtime in K cycles: 1,201.26
Microseconds: 1,201.26
Time per iteration (ms): 1.20

---Throughput---
GOP/s (aka OPS/ns): 751.64
GOP/s per core: 0.73
FLOP/s: 87.26
FLOP/s per core: 0.09
Max Peak FLOP/s: 1,024.00
Avg. BW GB/s: 3,169.13
Max BW GB/s: 4,096.00

---Traffic---
In-Die bisection_bytes BW (GB/s): 256.00
Inter-board traffic (msg/ns): 0.00, per-link: 0.00
Inter-pack traffic (msg/ns): 0.00, per-link: 0.00
Inter-die traffic (msg/ns): 60.98, per-link: 0.24
Ruche traffic (msg/ns): 64.64, per-link: 0.25
All traffic (msg/ns): 2,407.71, per-link: 2.35
Inter-die reduction wrt all: 39.49
Inter-board reduction wrt inter-die: inf

---Data Movement---
All traffic (msg): 2,892,292,140
Arith. Intensity FLOP/Loads: 0.22
Arith. Intensity FLOP/Msgs: 0.04
Arith. Intensity OPS/Loads: 1.87
Arith. Intensity OPS/Msgs: 0.31



===Core Utilization Total=== CORE-S:12;; TIME K cy:1,200 ;; Nodes Proc: 619,277 -- Edges Proc: 14,850,873

===PRINTING FRAME STATS

FCollision In Avg:58, SD:47, Max:278, Min:1
FCollision Out Avg:58, SD:55, Max:238, Min:0
FCollision End Avg:17, SD:28, Max:179, Min:0
FTask1 Avg:8, SD:9, Max:43, Min:0
FTask2 Avg:17, SD:17, Max:67, Min:0
FTask3 Avg:43, SD:8, Max:100, Min:26
FCore Active Avg:71, SD:21, Max:100, Min:33
FRouter Active Avg:71, SD:13, Max:94, Min:24
T1 invocations: 242,455
T2 invocations: 333,848
T3 invocations: 8,653,571
T3b invocations: 0
Total3 invocations: 8,653,571
Total4 invocations: 12,216

T3/T2 ratio: 26
T3b/T3 ratio: 0

T1 avg ex cycles: 33
T2 avg ex cycles: 53
T3&b avg ex cycles: 5
T4 avg ex cycles: 177
Avg. hops NOC1: 3
Avg. latency NOC1 (T2): 9,461
Avg. hops NOC2: 13
Avg. latency NOC2 (T3): 2,839

===PRINTING ACUM STATS at pu_cycles: 1,301,167

ACollision In Avg:75, SD:25, Max:179, Min:14
ACollision Out Avg:70, SD:29, Max:156, Min:4
ACollision End Avg:20, SD:14, Max:120, Min:0
ATask1 Avg:15, SD:2, Max:19, Min:2
ATask2 Avg:18, SD:6, Max:29, Min:0
ATask3 Avg:47, SD:7, Max:95, Min:33
ACore Active Avg:82, SD:9, Max:100, Min:53
ARouter Active Avg:69, SD:7, Max:84, Min:33
T1 invocations: 4,926,686
T2 invocations: 4,309,565
T3 invocations: 113,467,421
T3b invocations: 0
Total3 invocations: 113,467,421
Total4 invocations: 40,890

T3/T2 ratio: 26
T3b/T3 ratio: 0

T1 avg ex cycles: 40
T2 avg ex cycles: 57
T3&b avg ex cycles: 6
T4 avg ex cycles: 316
Avg. hops NOC1: 3
Avg. latency NOC1 (T2): 10,468
Avg. hops NOC2: 13
Avg. latency NOC2 (T3): 5,637
Number of K Nodes Processed: 5,023
Number of K Edges Processed: 113,750
Node Re-explore factor: 1.20
Edge Re-explore factor: 0.89
Nodes/cy: 4
Edges/cy: 87
TEPS: 99

---DCache---
DCache Size: 60,880
DRAM words: 133,760
  DHits: 225,356,636
  DMisses: 8,657,188
  DHit Rate (hit/miss): 96%
  DEvictions: 5,030,340
  DEviction Rate (evict/misses): 58%
  MC Transactions: 9,366,676
  MC Writes: 680,322
Avg. Transactions: 22% , Writes: 2%, Avg. Latency: 12
Max MC id: 29 of 32. Transactions: 27% , Writes: 2%, MC mean Latency: 11
HBM refresh energy (nJ): 3
HBM access energy (nJ): 17,744,231
MemC wire energy 2.5d (nJ): 3,504,824
MemC wire energy 3d (nJ): 876,206

---Energy---
Leakage Energy (nJ): 240,863
PU Dyn E (nJ): 6,477,500
Mem Dyn E (nJ): 40,820,926
Route Dyn E (nJ): 8,821,906
Dynamic Energy (nJ): 56,120,333
Ratio of Dyn/Leak: 233
Total Energy (nJ): 56,361,196
Total Energy (nJ) 3D: 59,373,014
Cores Energy (nJ): 6,481,122
Route Energy (nJ): 8,846,798
Route Energy (nJ) 3D: 14,487,234
Mem Energy   (nJ): 41,033,277
Mem Energy   (nJ) 3D: 38,404,658
Avg. Power (mW): 43,315.88
Power Density (mW/mm2): 50.36

---Runtime---
Runtime in K cycles: 1,301.17
Microseconds: 1,301.17
Time per iteration (ms): 1.30

---Throughput---
GOP/s (aka OPS/ns): 743.78
GOP/s per core: 0.73
FLOP/s: 87.20
FLOP/s per core: 0.09
Max Peak FLOP/s: 1,024.00
Avg. BW GB/s: 3,153.79
Max BW GB/s: 4,096.00

---Traffic---
In-Die bisection_bytes BW (GB/s): 256.00
Inter-board traffic (msg/ns): 0.00, per-link: 0.00
Inter-pack traffic (msg/ns): 0.00, per-link: 0.00
Inter-die traffic (msg/ns): 60.73, per-link: 0.24
Ruche traffic (msg/ns): 64.91, per-link: 0.25
All traffic (msg/ns): 2,402.18, per-link: 2.35
Inter-die reduction wrt all: 39.56
Inter-board reduction wrt inter-die: inf

---Data Movement---
All traffic (msg): 3,125,632,663
Arith. Intensity FLOP/Loads: 0.22
Arith. Intensity FLOP/Msgs: 0.04
Arith. Intensity OPS/Loads: 1.86
Arith. Intensity OPS/Msgs: 0.31



===Core Utilization Total=== CORE-S:13;; TIME K cy:1,300 ;; Nodes Proc: 625,337 -- Edges Proc: 16,029,459

===PRINTING FRAME STATS

FCollision In Avg:44, SD:42, Max:262, Min:0
FCollision Out Avg:40, SD:44, Max:228, Min:0
FCollision End Avg:14, SD:25, Max:140, Min:0
FTask1 Avg:8, SD:9, Max:44, Min:0
FTask2 Avg:18, SD:17, Max:71, Min:0
FTask3 Avg:43, SD:8, Max:100, Min:26
FCore Active Avg:71, SD:21, Max:100, Min:30
FRouter Active Avg:72, SD:10, Max:96, Min:17
T1 invocations: 253,798
T2 invocations: 343,652
T3 invocations: 8,667,641
T3b invocations: 0
Total3 invocations: 8,667,641
Total4 invocations: 16,096

T3/T2 ratio: 25
T3b/T3 ratio: 0

T1 avg ex cycles: 33
T2 avg ex cycles: 53
T3&b avg ex cycles: 5
T4 avg ex cycles: 143
Avg. hops NOC1: 3
Avg. latency NOC1 (T2): 9,346
Avg. hops NOC2: 13
Avg. latency NOC2 (T3): 2,743

===PRINTING ACUM STATS at pu_cycles: 1,401,073

ACollision In Avg:72, SD:25, Max:177, Min:13
ACollision Out Avg:68, SD:29, Max:160, Min:4
ACollision End Avg:20, SD:14, Max:122, Min:0
ATask1 Avg:14, SD:2, Max:18, Min:2
ATask2 Avg:18, SD:5, Max:27, Min:0
ATask3 Avg:47, SD:8, Max:95, Min:32
ACore Active Avg:81, SD:8, Max:100, Min:53
ARouter Active Avg:70, SD:6, Max:84, Min:32
T1 invocations: 5,181,147
T2 invocations: 4,653,842
T3 invocations: 122,144,248
T3b invocations: 0
Total3 invocations: 122,144,248
Total4 invocations: 56,997

T3/T2 ratio: 26
T3b/T3 ratio: 0

T1 avg ex cycles: 40
T2 avg ex cycles: 57
T3&b avg ex cycles: 6
T4 avg ex cycles: 268
Avg. hops NOC1: 3
Avg. latency NOC1 (T2): 10,384
Avg. hops NOC2: 13
Avg. latency NOC2 (T3): 5,431
Number of K Nodes Processed: 5,067
Number of K Edges Processed: 122,420
Node Re-explore factor: 1.21
Edge Re-explore factor: 0.95
Nodes/cy: 4
Edges/cy: 87
TEPS: 92

---DCache---
DCache Size: 60,880
DRAM words: 133,760
  DHits: 241,791,929
  DMisses: 9,281,466
  DHit Rate (hit/miss): 96%
  DEvictions: 5,583,422
  DEviction Rate (evict/misses): 60%
  MC Transactions: 10,042,601
  MC Writes: 730,182
Avg. Transactions: 22% , Writes: 2%, Avg. Latency: 12
Max MC id: 29 of 32. Transactions: 27% , Writes: 2%, MC mean Latency: 11
HBM refresh energy (nJ): 4
HBM access energy (nJ): 19,024,703
MemC wire energy 2.5d (nJ): 3,757,742
MemC wire energy 3d (nJ): 939,435

---Energy---
Leakage Energy (nJ): 259,356
PU Dyn E (nJ): 6,934,805
Mem Dyn E (nJ): 43,779,065
Route Dyn E (nJ): 9,491,648
Dynamic Energy (nJ): 60,205,520
Ratio of Dyn/Leak: 232
Total Energy (nJ): 60,464,876
Total Energy (nJ) 3D: 63,711,772
Cores Energy (nJ): 6,938,705
Route Energy (nJ): 9,518,451
Route Energy (nJ) 3D: 15,583,654
Mem Energy   (nJ): 44,007,720
Mem Energy   (nJ) 3D: 41,189,414
Avg. Power (mW): 43,156.12
Power Density (mW/mm2): 50.17

---Runtime---
Runtime in K cycles: 1,401.07
Microseconds: 1,401.07
Time per iteration (ms): 1.40

---Throughput---
GOP/s (aka OPS/ns): 737.61
GOP/s per core: 0.72
FLOP/s: 87.18
FLOP/s per core: 0.09
Max Peak FLOP/s: 1,024.00
Avg. BW GB/s: 3,141.90
Max BW GB/s: 4,096.00

---Traffic---
In-Die bisection_bytes BW (GB/s): 256.00
Inter-board traffic (msg/ns): 0.00, per-link: 0.00
Inter-pack traffic (msg/ns): 0.00, per-link: 0.00
Inter-die traffic (msg/ns): 60.69, per-link: 0.24
Ruche traffic (msg/ns): 65.04, per-link: 0.25
All traffic (msg/ns): 2,399.16, per-link: 2.34
Inter-die reduction wrt all: 39.53
Inter-board reduction wrt inter-die: inf

---Data Movement---
All traffic (msg): 3,361,398,320
Arith. Intensity FLOP/Loads: 0.22
Arith. Intensity FLOP/Msgs: 0.04
Arith. Intensity OPS/Loads: 1.85
Arith. Intensity OPS/Msgs: 0.31



===Core Utilization Total=== CORE-S:14;; TIME K cy:1,400 ;; Nodes Proc: 630,810 -- Edges Proc: 16,932,619

===PRINTING FRAME STATS

FCollision In Avg:30, SD:36, Max:272, Min:0
FCollision Out Avg:28, SD:36, Max:171, Min:0
FCollision End Avg:11, SD:20, Max:107, Min:0
FTask1 Avg:8, SD:10, Max:42, Min:0
FTask2 Avg:17, SD:18, Max:77, Min:0
FTask3 Avg:40, SD:8, Max:96, Min:20
FCore Active Avg:67, SD:23, Max:100, Min:30
FRouter Active Avg:68, SD:13, Max:94, Min:17
T1 invocations: 254,947
T2 invocations: 338,374
T3 invocations: 8,055,928
T3b invocations: 0
Total3 invocations: 8,055,928
Total4 invocations: 19,084

T3/T2 ratio: 24
T3b/T3 ratio: 0

T1 avg ex cycles: 33
T2 avg ex cycles: 50
T3&b avg ex cycles: 5
T4 avg ex cycles: 124
Avg. hops NOC1: 3
Avg. latency NOC1 (T2): 6,119
Avg. hops NOC2: 13
Avg. latency NOC2 (T3): 2,663

===PRINTING ACUM STATS at pu_cycles: 1,501,019

ACollision In Avg:70, SD:25, Max:175, Min:13
ACollision Out Avg:65, SD:29, Max:156, Min:3
ACollision End Avg:19, SD:13, Max:120, Min:0
ATask1 Avg:14, SD:2, Max:16, Min:2
ATask2 Avg:18, SD:4, Max:25, Min:0
ATask3 Avg:47, SD:8, Max:95, Min:32
ACore Active Avg:80, SD:8, Max:100, Min:52
ARouter Active Avg:70, SD:6, Max:84, Min:31
T1 invocations: 5,435,853
T2 invocations: 4,990,960
T3 invocations: 130,186,248
T3b invocations: 0
Total3 invocations: 130,186,248
Total4 invocations: 76,079

T3/T2 ratio: 26
T3b/T3 ratio: 0

T1 avg ex cycles: 40
T2 avg ex cycles: 56
T3&b avg ex cycles: 6
T4 avg ex cycles: 231
Avg. hops NOC1: 3
Avg. latency NOC1 (T2): 10,095
Avg. hops NOC2: 13
Avg. latency NOC2 (T3): 5,260
Number of K Nodes Processed: 5,105
Number of K Edges Processed: 130,423
Node Re-explore factor: 1.22
Edge Re-explore factor: 1.02
Nodes/cy: 3
Edges/cy: 87
TEPS: 85

---DCache---
DCache Size: 60,880
DRAM words: 133,760
  DHits: 257,227,591
  DMisses: 9,868,709
  DHit Rate (hit/miss): 96%
  DEvictions: 6,110,052
  DEviction Rate (evict/misses): 62%
  MC Transactions: 10,676,378
  MC Writes: 775,394
Avg. Transactions: 22% , Writes: 2%, Avg. Latency: 12
Max MC id: 29 of 32. Transactions: 26% , Writes: 2%, MC mean Latency: 11
HBM refresh energy (nJ): 4
HBM access energy (nJ): 20,225,330
MemC wire energy 2.5d (nJ): 3,994,889
MemC wire energy 3d (nJ): 998,722

---Energy---
Leakage Energy (nJ): 277,858
PU Dyn E (nJ): 7,362,630
Mem Dyn E (nJ): 46,542,778
Route Dyn E (nJ): 10,108,323
Dynamic Energy (nJ): 64,013,732
Ratio of Dyn/Leak: 230
Total Energy (nJ): 64,291,590
Total Energy (nJ) 3D: 67,750,935
Cores Energy (nJ): 7,366,808
Route Energy (nJ): 10,137,037
Route Energy (nJ) 3D: 16,592,549
Mem Energy   (nJ): 46,787,745
Mem Energy   (nJ) 3D: 43,791,578
Avg. Power (mW): 42,831.96
Power Density (mW/mm2): 49.79

---Runtime---
Runtime in K cycles: 1,501.02
Microseconds: 1,501.02
Time per iteration (ms): 1.50

---Throughput---
GOP/s (aka OPS/ns): 729.62
GOP/s per core: 0.71
FLOP/s: 86.73
FLOP/s per core: 0.08
Max Peak FLOP/s: 1,024.00
Avg. BW GB/s: 3,117.39
Max BW GB/s: 4,096.00

---Traffic---
In-Die bisection_bytes BW (GB/s): 256.00
Inter-board traffic (msg/ns): 0.00, per-link: 0.00
Inter-pack traffic (msg/ns): 0.00, per-link: 0.00
Inter-die traffic (msg/ns): 60.38, per-link: 0.24
Ruche traffic (msg/ns): 64.80, per-link: 0.25
All traffic (msg/ns): 2,384.10, per-link: 2.33
Inter-die reduction wrt all: 39.49
Inter-board reduction wrt inter-die: inf

---Data Movement---
All traffic (msg): 3,578,585,650
Arith. Intensity FLOP/Loads: 0.22
Arith. Intensity FLOP/Msgs: 0.04
Arith. Intensity OPS/Loads: 1.84
Arith. Intensity OPS/Msgs: 0.31



===Core Utilization Total=== CORE-S:15;; TIME K cy:1,500 ;; Nodes Proc: 635,588 -- Edges Proc: 17,700,130

===PRINTING FRAME STATS

FCollision In Avg:21, SD:30, Max:198, Min:0
FCollision Out Avg:20, SD:31, Max:195, Min:0
FCollision End Avg:8, SD:18, Max:195, Min:0
FTask1 Avg:7, SD:10, Max:48, Min:0
FTask2 Avg:14, SD:18, Max:80, Min:0
FTask3 Avg:33, SD:7, Max:80, Min:20
FCore Active Avg:56, SD:25, Max:100, Min:23
FRouter Active Avg:59, SD:16, Max:93, Min:13
T1 invocations: 229,763
T2 invocations: 295,320
T3 invocations: 6,647,945
T3b invocations: 0
Total3 invocations: 6,647,945
Total4 invocations: 19,355

T3/T2 ratio: 23
T3b/T3 ratio: 0

T1 avg ex cycles: 33
T2 avg ex cycles: 47
T3&b avg ex cycles: 5
T4 avg ex cycles: 111
Avg. hops NOC1: 3
Avg. latency NOC1 (T2): 4,544
Avg. hops NOC2: 12
Avg. latency NOC2 (T3): 2,274

===PRINTING ACUM STATS at pu_cycles: 1,600,766

ACollision In Avg:67, SD:24, Max:176, Min:12
ACollision Out Avg:62, SD:28, Max:149, Min:3
ACollision End Avg:18, SD:12, Max:116, Min:0
ATask1 Avg:14, SD:1, Max:16, Min:2
ATask2 Avg:18, SD:3, Max:24, Min:0
ATask3 Avg:46, SD:7, Max:94, Min:31
ACore Active Avg:79, SD:7, Max:100, Min:50
ARouter Active Avg:69, SD:5, Max:83, Min:30
T1 invocations: 5,665,596
T2 invocations: 5,286,240
T3 invocations: 136,816,507
T3b invocations: 0
Total3 invocations: 136,816,507
Total4 invocations: 95,436

T3/T2 ratio: 26
T3b/T3 ratio: 0

T1 avg ex cycles: 39
T2 avg ex cycles: 56
T3&b avg ex cycles: 5
T4 avg ex cycles: 207
Avg. hops NOC1: 3
Avg. latency NOC1 (T2): 9,782
Avg. hops NOC2: 13
Avg. latency NOC2 (T3): 5,114
Number of K Nodes Processed: 5,134
Number of K Edges Processed: 136,958
Node Re-explore factor: 1.22
Edge Re-explore factor: 1.07
Nodes/cy: 3
Edges/cy: 86
TEPS: 80

---DCache---
DCache Size: 60,880
DRAM words: 133,760
  DHits: 270,156,971
  DMisses: 10,354,372
  DHit Rate (hit/miss): 96%
  DEvictions: 6,551,546
  DEviction Rate (evict/misses): 63%
  MC Transactions: 11,200,859
  MC Writes: 813,447
Avg. Transactions: 22% , Writes: 2%, Avg. Latency: 12
Max MC id: 29 of 32. Transactions: 25% , Writes: 2%, MC mean Latency: 11
HBM refresh energy (nJ): 4
HBM access energy (nJ): 21,218,907
MemC wire energy 2.5d (nJ): 4,191,139
MemC wire energy 3d (nJ): 1,047,785

---Energy---
Leakage Energy (nJ): 296,322
PU Dyn E (nJ): 7,719,326
Mem Dyn E (nJ): 48,830,654
Route Dyn E (nJ): 10,609,034
Dynamic Energy (nJ): 67,159,014
Ratio of Dyn/Leak: 227
Total Energy (nJ): 67,455,336
Total Energy (nJ) 3D: 71,082,271
Cores Energy (nJ): 7,723,781
Route Energy (nJ): 10,639,657
Route Energy (nJ) 3D: 17,409,946
Mem Energy   (nJ): 49,091,899
Mem Energy   (nJ) 3D: 45,948,545
Avg. Power (mW): 42,139.41
Power Density (mW/mm2): 48.99

---Runtime---
Runtime in K cycles: 1,600.77
Microseconds: 1,600.77
Time per iteration (ms): 1.60

---Throughput---
GOP/s (aka OPS/ns): 716.49
GOP/s per core: 0.70
FLOP/s: 85.47
FLOP/s per core: 0.08
Max Peak FLOP/s: 1,024.00
Avg. BW GB/s: 3,066.25
Max BW GB/s: 4,096.00

---Traffic---
In-Die bisection_bytes BW (GB/s): 256.00
Inter-board traffic (msg/ns): 0.00, per-link: 0.00
Inter-pack traffic (msg/ns): 0.00, per-link: 0.00
Inter-die traffic (msg/ns): 59.50, per-link: 0.23
Ruche traffic (msg/ns): 63.93, per-link: 0.25
All traffic (msg/ns): 2,345.55, per-link: 2.29
Inter-die reduction wrt all: 39.42
Inter-board reduction wrt inter-die: inf

---Data Movement---
All traffic (msg): 3,754,680,601
Arith. Intensity FLOP/Loads: 0.22
Arith. Intensity FLOP/Msgs: 0.04
Arith. Intensity OPS/Loads: 1.84
Arith. Intensity OPS/Msgs: 0.31



===Core Utilization Total=== CORE-S:16;; TIME K cy:1,600 ;; Nodes Proc: 639,209 -- Edges Proc: 18,293,001
======== IT IS COLD ======= Only 61 Tiles active

===PRINTING FRAME STATS

FCollision In Avg:13, SD:25, Max:212, Min:0
FCollision Out Avg:13, SD:26, Max:123, Min:0
FCollision End Avg:6, SD:16, Max:122, Min:0
FTask1 Avg:5, SD:10, Max:50, Min:0
FTask2 Avg:10, SD:18, Max:85, Min:0
FTask3 Avg:23, SD:5, Max:55, Min:10
FCore Active Avg:40, SD:25, Max:100, Min:16
FRouter Active Avg:45, SD:18, Max:91, Min:10
T1 invocations: 159,677
T2 invocations: 209,088
T3 invocations: 4,672,637
T3b invocations: 0
Total3 invocations: 4,672,637
Total4 invocations: 16,345

T3/T2 ratio: 22
T3b/T3 ratio: 0

T1 avg ex cycles: 33
T2 avg ex cycles: 48
T3&b avg ex cycles: 5
T4 avg ex cycles: 92
Avg. hops NOC1: 3
Avg. latency NOC1 (T2): 4,155
Avg. hops NOC2: 12
Avg. latency NOC2 (T3): 1,852

===PRINTING ACUM STATS at pu_cycles: 1,700,818

ACollision In Avg:63, SD:24, Max:175, Min:12
ACollision Out Avg:59, SD:27, Max:144, Min:3
ACollision End Avg:18, SD:12, Max:109, Min:1
ATask1 Avg:13, SD:1, Max:15, Min:4
ATask2 Avg:17, SD:3, Max:23, Min:0
ATask3 Avg:44, SD:7, Max:92, Min:30
ACore Active Avg:76, SD:7, Max:100, Min:50
ARouter Active Avg:67, SD:5, Max:81, Min:29
T1 invocations: 5,826,710
T2 invocations: 5,492,755
T3 invocations: 141,473,775
T3b invocations: 0
Total3 invocations: 141,473,775
Total4 invocations: 111,808

T3/T2 ratio: 26
T3b/T3 ratio: 0

T1 avg ex cycles: 39
T2 avg ex cycles: 55
T3&b avg ex cycles: 5
T4 avg ex cycles: 190
Avg. hops NOC1: 3
Avg. latency NOC1 (T2): 9,568
Avg. hops NOC2: 13
Avg. latency NOC2 (T3): 5,006
Number of K Nodes Processed: 5,154
Number of K Edges Processed: 141,578
Node Re-explore factor: 1.23
Edge Re-explore factor: 1.10
Nodes/cy: 3
Edges/cy: 83
TEPS: 75

---DCache---
DCache Size: 60,880
DRAM words: 133,760
  DHits: 279,450,658
  DMisses: 10,694,207
  DHit Rate (hit/miss): 96%
  DEvictions: 6,860,956
  DEviction Rate (evict/misses): 64%
  MC Transactions: 11,565,453
  MC Writes: 837,939
Avg. Transactions: 21% , Writes: 2%, Avg. Latency: 12
Max MC id: 29 of 32. Transactions: 23% , Writes: 2%, MC mean Latency: 11
HBM refresh energy (nJ): 5
HBM access energy (nJ): 21,909,594
MemC wire energy 2.5d (nJ): 4,327,563
MemC wire energy 3d (nJ): 1,081,891

---Energy---
Leakage Energy (nJ): 314,843
PU Dyn E (nJ): 7,969,859
Mem Dyn E (nJ): 50,431,189
Route Dyn E (nJ): 10,957,325
Dynamic Energy (nJ): 69,358,373
Ratio of Dyn/Leak: 220
Total Energy (nJ): 69,673,216
Total Energy (nJ) 3D: 73,415,779
Cores Energy (nJ): 7,974,593
Route Energy (nJ): 10,989,861
Route Energy (nJ) 3D: 17,978,096
Mem Energy   (nJ): 50,708,762
Mem Energy   (nJ) 3D: 47,463,090
Avg. Power (mW): 40,964.53
Power Density (mW/mm2): 47.62

---Runtime---
Runtime in K cycles: 1,700.82
Microseconds: 1,700.82
Time per iteration (ms): 1.70

---Throughput---
GOP/s (aka OPS/ns): 695.72
GOP/s per core: 0.68
FLOP/s: 83.18
FLOP/s per core: 0.08
Max Peak FLOP/s: 1,024.00
Avg. BW GB/s: 2,980.35
Max BW GB/s: 4,096.00

---Traffic---
In-Die bisection_bytes BW (GB/s): 256.00
Inter-board traffic (msg/ns): 0.00, per-link: 0.00
Inter-pack traffic (msg/ns): 0.00, per-link: 0.00
Inter-die traffic (msg/ns): 57.87, per-link: 0.23
Ruche traffic (msg/ns): 62.31, per-link: 0.24
All traffic (msg/ns): 2,279.45, per-link: 2.23
Inter-die reduction wrt all: 39.39
Inter-board reduction wrt inter-die: inf

---Data Movement---
All traffic (msg): 3,876,936,641
Arith. Intensity FLOP/Loads: 0.22
Arith. Intensity FLOP/Msgs: 0.04
Arith. Intensity OPS/Loads: 1.84
Arith. Intensity OPS/Msgs: 0.31



===Core Utilization Total=== CORE-S:17;; TIME K cy:1,700 ;; Nodes Proc: 641,676 -- Edges Proc: 18,633,426
======== IT IS COLD ======= Only 31 Tiles active

===PRINTING FRAME STATS

FCollision In Avg:7, SD:17, Max:133, Min:0
FCollision Out Avg:7, SD:19, Max:157, Min:0
FCollision End Avg:3, SD:12, Max:157, Min:0
FTask1 Avg:4, SD:9, Max:55, Min:0
FTask2 Avg:7, SD:17, Max:88, Min:0
FTask3 Avg:17, SD:4, Max:55, Min:10
FCore Active Avg:29, SD:23, Max:100, Min:11
FRouter Active Avg:34, SD:17, Max:91, Min:6
T1 invocations: 116,776
T2 invocations: 152,589
T3 invocations: 3,352,347
T3b invocations: 0
Total3 invocations: 3,352,347
Total4 invocations: 12,372

T3/T2 ratio: 22
T3b/T3 ratio: 0

T1 avg ex cycles: 33
T2 avg ex cycles: 46
T3&b avg ex cycles: 5
T4 avg ex cycles: 89
Avg. hops NOC1: 3
Avg. latency NOC1 (T2): 3,232
Avg. hops NOC2: 12
Avg. latency NOC2 (T3): 1,602

===PRINTING ACUM STATS at pu_cycles: 1,800,433

ACollision In Avg:60, SD:23, Max:173, Min:11
ACollision Out Avg:56, SD:26, Max:136, Min:3
ACollision End Avg:17, SD:11, Max:109, Min:1
ATask1 Avg:13, SD:1, Max:14, Min:4
ATask2 Avg:17, SD:2, Max:22, Min:0
ATask3 Avg:43, SD:7, Max:92, Min:29
ACore Active Avg:74, SD:7, Max:100, Min:51
ARouter Active Avg:66, SD:4, Max:80, Min:28
T1 invocations: 5,943,157
T2 invocations: 5,642,133
T3 invocations: 144,783,459
T3b invocations: 0
Total3 invocations: 144,783,459
Total4 invocations: 124,135

T3/T2 ratio: 26
T3b/T3 ratio: 0

T1 avg ex cycles: 39
T2 avg ex cycles: 55
T3&b avg ex cycles: 5
T4 avg ex cycles: 180
Avg. hops NOC1: 3
Avg. latency NOC1 (T2): 9,395
Avg. hops NOC2: 13
Avg. latency NOC2 (T3): 4,926
Number of K Nodes Processed: 5,167
Number of K Edges Processed: 144,865
Node Re-explore factor: 1.23
Edge Re-explore factor: 1.13
Nodes/cy: 3
Edges/cy: 80
TEPS: 71

---DCache---
DCache Size: 60,880
DRAM words: 133,760
  DHits: 286,149,013
  DMisses: 10,939,378
  DHit Rate (hit/miss): 96%
  DEvictions: 7,085,671
  DEviction Rate (evict/misses): 65%
  MC Transactions: 11,829,841
  MC Writes: 857,036
Avg. Transactions: 21% , Writes: 1%, Avg. Latency: 11
Max MC id: 29 of 32. Transactions: 22% , Writes: 2%, MC mean Latency: 11
HBM refresh energy (nJ): 5
HBM access energy (nJ): 22,410,450
MemC wire energy 2.5d (nJ): 4,426,491
MemC wire energy 3d (nJ): 1,106,623

---Energy---
Leakage Energy (nJ): 333,283
PU Dyn E (nJ): 8,147,687
Mem Dyn E (nJ): 51,576,387
Route Dyn E (nJ): 11,205,399
Dynamic Energy (nJ): 70,929,474
Ratio of Dyn/Leak: 213
Total Energy (nJ): 71,262,757
Total Energy (nJ) 3D: 75,086,514
Cores Energy (nJ): 8,152,698
Route Energy (nJ): 11,239,841
Route Energy (nJ) 3D: 18,383,468
Mem Energy   (nJ): 51,870,218
Mem Energy   (nJ) 3D: 48,550,349
Avg. Power (mW): 39,580.90
Power Density (mW/mm2): 46.01

---Runtime---
Runtime in K cycles: 1,800.43
Microseconds: 1,800.43
Time per iteration (ms): 1.80

---Throughput---
GOP/s (aka OPS/ns): 671.55
GOP/s per core: 0.66
FLOP/s: 80.42
FLOP/s per core: 0.08
Max Peak FLOP/s: 1,024.00
Avg. BW GB/s: 2,878.11
Max BW GB/s: 4,096.00

---Traffic---
In-Die bisection_bytes BW (GB/s): 256.00
Inter-board traffic (msg/ns): 0.00, per-link: 0.00
Inter-pack traffic (msg/ns): 0.00, per-link: 0.00
Inter-die traffic (msg/ns): 55.96, per-link: 0.22
Ruche traffic (msg/ns): 60.25, per-link: 0.24
All traffic (msg/ns): 2,201.77, per-link: 2.15
Inter-die reduction wrt all: 39.34
Inter-board reduction wrt inter-die: inf

---Data Movement---
All traffic (msg): 3,964,137,046
Arith. Intensity FLOP/Loads: 0.22
Arith. Intensity FLOP/Msgs: 0.04
Arith. Intensity OPS/Loads: 1.84
Arith. Intensity OPS/Msgs: 0.31



===Core Utilization Total=== CORE-S:18;; TIME K cy:1,800 ;; Nodes Proc: 643,355 -- Edges Proc: 18,803,255
======== IT IS COLD ======= Only 28 Tiles active

===PRINTING FRAME STATS

FCollision In Avg:3, SD:11, Max:95, Min:0
FCollision Out Avg:3, SD:14, Max:130, Min:0
FCollision End Avg:1, SD:8, Max:129, Min:0
FTask1 Avg:2, SD:6, Max:56, Min:0
FTask2 Avg:3, SD:12, Max:99, Min:0
FTask3 Avg:8, SD:2, Max:39, Min:1
FCore Active Avg:13, SD:16, Max:100, Min:5
FRouter Active Avg:17, SD:12, Max:85, Min:2
T1 invocations: 52,031
T2 invocations: 65,230
T3 invocations: 1,520,558
T3b invocations: 0
Total3 invocations: 1,520,558
Total4 invocations: 6,005

T3/T2 ratio: 23
T3b/T3 ratio: 0

T1 avg ex cycles: 33
T2 avg ex cycles: 47
T3&b avg ex cycles: 5
T4 avg ex cycles: 81
Avg. hops NOC1: 4
Avg. latency NOC1 (T2): 3,251
Avg. hops NOC2: 12
Avg. latency NOC2 (T3): 1,162

===PRINTING ACUM STATS at pu_cycles: 1,900,321

ACollision In Avg:57, SD:22, Max:165, Min:10
ACollision Out Avg:54, SD:25, Max:129, Min:3
ACollision End Avg:16, SD:11, Max:104, Min:1
ATask1 Avg:12, SD:1, Max:13, Min:5
ATask2 Avg:16, SD:2, Max:21, Min:0
ATask3 Avg:41, SD:7, Max:89, Min:28
ACore Active Avg:70, SD:6, Max:100, Min:48
ARouter Active Avg:63, SD:4, Max:77, Min:26
T1 invocations: 6,000,532
T2 invocations: 5,711,255
T3 invocations: 146,324,614
T3b invocations: 0
Total3 invocations: 146,324,614
Total4 invocations: 130,233

T3/T2 ratio: 26
T3b/T3 ratio: 0

T1 avg ex cycles: 39
T2 avg ex cycles: 55
T3&b avg ex cycles: 5
T4 avg ex cycles: 176
Avg. hops NOC1: 3
Avg. latency NOC1 (T2): 9,319
Avg. hops NOC2: 13
Avg. latency NOC2 (T3): 4,887
Number of K Nodes Processed: 5,172
Number of K Edges Processed: 146,351
Node Re-explore factor: 1.23
Edge Re-explore factor: 1.14
Nodes/cy: 3
Edges/cy: 77
TEPS: 68

---DCache---
DCache Size: 60,880
DRAM words: 133,760
  DHits: 289,188,570
  DMisses: 11,049,368
  DHit Rate (hit/miss): 96%
  DEvictions: 7,186,308
  DEviction Rate (evict/misses): 65%
  MC Transactions: 11,947,560
  MC Writes: 864,732
Avg. Transactions: 20% , Writes: 1%, Avg. Latency: 12
Max MC id: 29 of 32. Transactions: 21% , Writes: 2%, MC mean Latency: 11
HBM refresh energy (nJ): 5
HBM access energy (nJ): 22,633,457
MemC wire energy 2.5d (nJ): 4,470,540
MemC wire energy 3d (nJ): 1,117,635

---Energy---
Leakage Energy (nJ): 351,774
PU Dyn E (nJ): 8,231,215
Mem Dyn E (nJ): 52,098,051
Route Dyn E (nJ): 11,323,474
Dynamic Energy (nJ): 71,652,742
Ratio of Dyn/Leak: 204
Total Energy (nJ): 72,004,516
Total Energy (nJ) 3D: 75,869,571
Cores Energy (nJ): 8,236,504
Route Energy (nJ): 11,359,828
Route Energy (nJ) 3D: 18,577,788
Mem Energy   (nJ): 52,408,184
Mem Energy   (nJ) 3D: 49,055,279
Avg. Power (mW): 37,890.71
Power Density (mW/mm2): 44.05

---Runtime---
Runtime in K cycles: 1,900.32
Microseconds: 1,900.32
Time per iteration (ms): 1.90

---Throughput---
GOP/s (aka OPS/ns): 642.65
GOP/s per core: 0.63
FLOP/s: 77.00
FLOP/s per core: 0.08
Max Peak FLOP/s: 1,024.00
Avg. BW GB/s: 2,754.71
Max BW GB/s: 4,096.00

---Traffic---
In-Die bisection_bytes BW (GB/s): 256.00
Inter-board traffic (msg/ns): 0.00, per-link: 0.00
Inter-pack traffic (msg/ns): 0.00, per-link: 0.00
Inter-die traffic (msg/ns): 53.62, per-link: 0.21
Ruche traffic (msg/ns): 57.69, per-link: 0.23
All traffic (msg/ns): 2,107.83, per-link: 2.06
Inter-die reduction wrt all: 39.31
Inter-board reduction wrt inter-die: inf

---Data Movement---
All traffic (msg): 4,005,548,966
Arith. Intensity FLOP/Loads: 0.22
Arith. Intensity FLOP/Msgs: 0.04
Arith. Intensity OPS/Loads: 1.84
Arith. Intensity OPS/Msgs: 0.30



===Core Utilization Total=== CORE-S:19;; TIME K cy:1,900 ;; Nodes Proc: 644,082 -- Edges Proc: 18,878,269
======== IT IS COLD ======= Only 11 Tiles active

===PRINTING FRAME STATS

FCollision In Avg:1, SD:5, Max:71, Min:0
FCollision Out Avg:1, SD:8, Max:86, Min:0
FCollision End Avg:1, SD:6, Max:80, Min:0
FTask1 Avg:1, SD:5, Max:65, Min:0
FTask2 Avg:2, SD:10, Max:99, Min:0
FTask3 Avg:4, SD:1, Max:15, Min:1
FCore Active Avg:6, SD:12, Max:100, Min:2
FRouter Active Avg:9, SD:8, Max:61, Min:1
T1 invocations: 20,908
T2 invocations: 29,542
T3 invocations: 713,401
T3b invocations: 0
Total3 invocations: 713,401
Total4 invocations: 3,040

T3/T2 ratio: 24
T3b/T3 ratio: 0

T1 avg ex cycles: 34
T2 avg ex cycles: 53
T3&b avg ex cycles: 5
T4 avg ex cycles: 67
Avg. hops NOC1: 3
Avg. latency NOC1 (T2): 3,913
Avg. hops NOC2: 13
Avg. latency NOC2 (T3): 1,110

===PRINTING ACUM STATS at pu_cycles: 2,000,810

ACollision In Avg:54, SD:21, Max:157, Min:10
ACollision Out Avg:51, SD:24, Max:123, Min:3
ACollision End Avg:15, SD:10, Max:99, Min:1
ATask1 Avg:11, SD:0, Max:12, Min:5
ATask2 Avg:15, SD:1, Max:20, Min:1
ATask3 Avg:39, SD:6, Max:82, Min:26
ACore Active Avg:67, SD:6, Max:99, Min:46
ARouter Active Avg:60, SD:4, Max:74, Min:25
T1 invocations: 6,022,585
T2 invocations: 5,745,783
T3 invocations: 147,051,085
T3b invocations: 0
Total3 invocations: 147,051,085
Total4 invocations: 133,304

T3/T2 ratio: 26
T3b/T3 ratio: 0

T1 avg ex cycles: 39
T2 avg ex cycles: 55
T3&b avg ex cycles: 5
T4 avg ex cycles: 174
Avg. hops NOC1: 3
Avg. latency NOC1 (T2): 9,291
Avg. hops NOC2: 13
Avg. latency NOC2 (T3): 4,870
Number of K Nodes Processed: 5,175
Number of K Edges Processed: 147,058
Node Re-explore factor: 1.23
Edge Re-explore factor: 1.15
Nodes/cy: 3
Edges/cy: 73
TEPS: 64

---DCache---
DCache Size: 60,880
DRAM words: 133,760
  DHits: 290,630,181
  DMisses: 11,100,936
  DHit Rate (hit/miss): 96%
  DEvictions: 7,232,558
  DEviction Rate (evict/misses): 65%
  MC Transactions: 12,002,387
  MC Writes: 867,984
Avg. Transactions: 19% , Writes: 1%, Avg. Latency: 12
Max MC id: 29 of 32. Transactions: 20% , Writes: 2%, MC mean Latency: 11
HBM refresh energy (nJ): 5
HBM access energy (nJ): 22,737,321
MemC wire energy 2.5d (nJ): 4,491,055
MemC wire energy 3d (nJ): 1,122,764

---Energy---
Leakage Energy (nJ): 370,375
PU Dyn E (nJ): 8,270,950
Mem Dyn E (nJ): 52,354,495
Route Dyn E (nJ): 11,381,885
Dynamic Energy (nJ): 72,007,331
Ratio of Dyn/Leak: 194
Total Energy (nJ): 72,377,706
Total Energy (nJ) 3D: 76,263,613
Cores Energy (nJ): 8,276,519
Route Energy (nJ): 11,420,161
Route Energy (nJ) 3D: 18,674,359
Mem Energy   (nJ): 52,681,027
Mem Energy   (nJ) 3D: 49,312,736
Avg. Power (mW): 36,174.20
Power Density (mW/mm2): 42.05

---Runtime---
Runtime in K cycles: 2,000.81
Microseconds: 2,000.81
Time per iteration (ms): 2.00

---Throughput---
GOP/s (aka OPS/ns): 613.28
GOP/s per core: 0.60
FLOP/s: 73.50
FLOP/s per core: 0.07
Max Peak FLOP/s: 1,024.00
Avg. BW GB/s: 2,630.31
Max BW GB/s: 4,096.00

---Traffic---
In-Die bisection_bytes BW (GB/s): 256.00
Inter-board traffic (msg/ns): 0.00, per-link: 0.00
Inter-pack traffic (msg/ns): 0.00, per-link: 0.00
Inter-die traffic (msg/ns): 51.22, per-link: 0.20
Ruche traffic (msg/ns): 55.08, per-link: 0.22
All traffic (msg/ns): 2,012.05, per-link: 1.96
Inter-die reduction wrt all: 39.28
Inter-board reduction wrt inter-die: inf

---Data Movement---
All traffic (msg): 4,025,734,812
Arith. Intensity FLOP/Loads: 0.22
Arith. Intensity FLOP/Msgs: 0.04
Arith. Intensity OPS/Loads: 1.84
Arith. Intensity OPS/Msgs: 0.30



===Core Utilization Total=== CORE-S:20;; TIME K cy:2,000 ;; Nodes Proc: 644,434 -- Edges Proc: 18,882,665
======== IT IS COLD ======= Only 5 Tiles active

===PRINTING FRAME STATS

FCollision In Avg:0, SD:2, Max:48, Min:0
FCollision Out Avg:0, SD:4, Max:65, Min:0
FCollision End Avg:0, SD:2, Max:63, Min:0
FTask1 Avg:0, SD:2, Max:42, Min:0
FTask2 Avg:0, SD:5, Max:89, Min:0
FTask3 Avg:1, SD:1, Max:8, Min:0
FCore Active Avg:2, SD:7, Max:92, Min:1
FRouter Active Avg:2, SD:4, Max:51, Min:0
T1 invocations: 7,927
T2 invocations: 10,344
T3 invocations: 210,776
T3b invocations: 0
Total3 invocations: 210,776
Total4 invocations: 874

T3/T2 ratio: 20
T3b/T3 ratio: 0

T1 avg ex cycles: 33
T2 avg ex cycles: 47
T3&b avg ex cycles: 5
T4 avg ex cycles: 85
Avg. hops NOC1: 3
Avg. latency NOC1 (T2): 2,742
Avg. hops NOC2: 12
Avg. latency NOC2 (T3): 1,880

===PRINTING ACUM STATS at pu_cycles: 2,100,348

ACollision In Avg:52, SD:20, Max:149, Min:9
ACollision Out Avg:49, SD:23, Max:121, Min:2
ACollision End Avg:15, SD:10, Max:95, Min:1
ATask1 Avg:11, SD:0, Max:12, Min:5
ATask2 Avg:15, SD:1, Max:19, Min:1
ATask3 Avg:37, SD:6, Max:78, Min:25
ACore Active Avg:64, SD:6, Max:97, Min:44
ARouter Active Avg:58, SD:4, Max:71, Min:24
T1 invocations: 6,030,184
T2 invocations: 5,755,219
T3 invocations: 147,261,073
T3b invocations: 0
Total3 invocations: 147,261,073
Total4 invocations: 134,170

T3/T2 ratio: 26
T3b/T3 ratio: 0

T1 avg ex cycles: 39
T2 avg ex cycles: 55
T3&b avg ex cycles: 5
T4 avg ex cycles: 173
Avg. hops NOC1: 3
Avg. latency NOC1 (T2): 9,279
Avg. hops NOC2: 13
Avg. latency NOC2 (T3): 4,865
Number of K Nodes Processed: 5,176
Number of K Edges Processed: 147,262
Node Re-explore factor: 1.23
Edge Re-explore factor: 1.15
Nodes/cy: 2
Edges/cy: 70
TEPS: 61

---DCache---
DCache Size: 60,880
DRAM words: 133,760
  DHits: 291,054,823
  DMisses: 11,116,443
  DHit Rate (hit/miss): 96%
  DEvictions: 7,246,104
  DEviction Rate (evict/misses): 65%
  MC Transactions: 12,018,636
  MC Writes: 868,726
Avg. Transactions: 18% , Writes: 1%, Avg. Latency: 12
Max MC id: 29 of 32. Transactions: 19% , Writes: 2%, MC mean Latency: 11
HBM refresh energy (nJ): 6
HBM access energy (nJ): 22,768,104
MemC wire energy 2.5d (nJ): 4,497,135
MemC wire energy 3d (nJ): 1,124,284

---Energy---
Leakage Energy (nJ): 388,801
PU Dyn E (nJ): 8,282,124
Mem Dyn E (nJ): 52,424,379
Route Dyn E (nJ): 11,396,688
Dynamic Energy (nJ): 72,103,191
Ratio of Dyn/Leak: 185
Total Energy (nJ): 72,491,992
Total Energy (nJ) 3D: 76,382,128
Cores Energy (nJ): 8,287,970
Route Energy (nJ): 11,436,867
Route Energy (nJ) 3D: 18,699,855
Mem Energy   (nJ): 52,767,155
Mem Energy   (nJ) 3D: 49,394,304
Avg. Power (mW): 34,514.28
Power Density (mW/mm2): 40.12

---Runtime---
Runtime in K cycles: 2,100.35
Microseconds: 2,100.35
Time per iteration (ms): 2.10

---Throughput---
GOP/s (aka OPS/ns): 584.99
GOP/s per core: 0.57
FLOP/s: 70.11
FLOP/s per core: 0.07
Max Peak FLOP/s: 1,024.00
Avg. BW GB/s: 2,508.88
Max BW GB/s: 4,096.00

---Traffic---
In-Die bisection_bytes BW (GB/s): 256.00
Inter-board traffic (msg/ns): 0.00, per-link: 0.00
Inter-pack traffic (msg/ns): 0.00, per-link: 0.00
Inter-die traffic (msg/ns): 48.88, per-link: 0.19
Ruche traffic (msg/ns): 52.54, per-link: 0.21
All traffic (msg/ns): 1,919.12, per-link: 1.87
Inter-die reduction wrt all: 39.27
Inter-board reduction wrt inter-die: inf

---Data Movement---
All traffic (msg): 4,030,817,688
Arith. Intensity FLOP/Loads: 0.22
Arith. Intensity FLOP/Msgs: 0.04
Arith. Intensity OPS/Loads: 1.84
Arith. Intensity OPS/Msgs: 0.30



===Core Utilization Total=== CORE-S:21;; TIME K cy:2,100 ;; Nodes Proc: 644,560 -- Edges Proc: 18,882,786
======== IT IS COLD ======= Only 3 Tiles active

===PRINTING FRAME STATS

FCollision In Avg:0, SD:3, Max:98, Min:0
FCollision Out Avg:0, SD:3, Max:97, Min:0
FCollision End Avg:0, SD:1, Max:35, Min:0
FTask1 Avg:0, SD:0, Max:11, Min:0
FTask2 Avg:0, SD:2, Max:48, Min:0
FTask3 Avg:0, SD:0, Max:3, Min:0
FCore Active Avg:0, SD:2, Max:48, Min:0
FRouter Active Avg:1, SD:3, Max:35, Min:0
T1 invocations: 1,173
T2 invocations: 1,390
T3 invocations: 60,683
T3b invocations: 0
Total3 invocations: 60,683
Total4 invocations: 311

T3/T2 ratio: 44
T3b/T3 ratio: 0

T1 avg ex cycles: 35
T2 avg ex cycles: 52
T3&b avg ex cycles: 5
T4 avg ex cycles: 42
Avg. hops NOC1: 4
Avg. latency NOC1 (T2): 4,634
Avg. hops NOC2: 13
Avg. latency NOC2 (T3): 418

===PRINTING ACUM STATS at pu_cycles: 2,200,119

ACollision In Avg:49, SD:19, Max:143, Min:9
ACollision Out Avg:46, SD:22, Max:112, Min:2
ACollision End Avg:14, SD:9, Max:90, Min:1
ATask1 Avg:10, SD:0, Max:11, Min:5
ATask2 Avg:14, SD:1, Max:18, Min:1
ATask3 Avg:36, SD:6, Max:75, Min:24
ACore Active Avg:61, SD:6, Max:93, Min:44
ARouter Active Avg:55, SD:4, Max:68, Min:23
T1 invocations: 6,032,320
T2 invocations: 5,757,855
T3 invocations: 147,322,749
T3b invocations: 0
Total3 invocations: 147,322,749
Total4 invocations: 134,496

T3/T2 ratio: 26
T3b/T3 ratio: 0

T1 avg ex cycles: 39
T2 avg ex cycles: 55
T3&b avg ex cycles: 5
T4 avg ex cycles: 173
Avg. hops NOC1: 3
Avg. latency NOC1 (T2): 9,277
Avg. hops NOC2: 13
Avg. latency NOC2 (T3): 4,864
Number of K Nodes Processed: 5,177
Number of K Edges Processed: 147,322
Node Re-explore factor: 1.23
Edge Re-explore factor: 1.15
Nodes/cy: 2
Edges/cy: 67
TEPS: 58

---DCache---
DCache Size: 60,880
DRAM words: 133,760
  DHits: 291,176,135
  DMisses: 11,120,760
  DHit Rate (hit/miss): 96%
  DEvictions: 7,248,927
  DEviction Rate (evict/misses): 65%
  MC Transactions: 12,023,405
  MC Writes: 869,178
Avg. Transactions: 17% , Writes: 1%, Avg. Latency: 12
Max MC id: 29 of 32. Transactions: 18% , Writes: 2%, MC mean Latency: 11
HBM refresh energy (nJ): 6
HBM access energy (nJ): 22,777,138
MemC wire energy 2.5d (nJ): 4,498,919
MemC wire energy 3d (nJ): 1,124,730

---Energy---
Leakage Energy (nJ): 407,270
PU Dyn E (nJ): 8,285,534
Mem Dyn E (nJ): 52,446,086
Route Dyn E (nJ): 11,401,222
Dynamic Energy (nJ): 72,132,842
Ratio of Dyn/Leak: 177
Total Energy (nJ): 72,540,112
Total Energy (nJ) 3D: 76,432,380
Cores Energy (nJ): 8,291,657
Route Energy (nJ): 11,443,310
Route Energy (nJ) 3D: 18,709,768
Mem Energy   (nJ): 52,805,145
Mem Energy   (nJ) 3D: 49,430,956
Avg. Power (mW): 32,970.99
Power Density (mW/mm2): 38.33

---Runtime---
Runtime in K cycles: 2,200.12
Microseconds: 2,200.12
Time per iteration (ms): 2.20

---Throughput---
GOP/s (aka OPS/ns): 558.69
GOP/s per core: 0.55
FLOP/s: 66.96
FLOP/s per core: 0.07
Max Peak FLOP/s: 1,024.00
Avg. BW GB/s: 2,396.15
Max BW GB/s: 4,096.00

---Traffic---
In-Die bisection_bytes BW (GB/s): 256.00
Inter-board traffic (msg/ns): 0.00, per-link: 0.00
Inter-pack traffic (msg/ns): 0.00, per-link: 0.00
Inter-die traffic (msg/ns): 46.67, per-link: 0.18
Ruche traffic (msg/ns): 50.17, per-link: 0.20
All traffic (msg/ns): 1,832.91, per-link: 1.79
Inter-die reduction wrt all: 39.28
Inter-board reduction wrt inter-die: inf

---Data Movement---
All traffic (msg): 4,032,614,646
Arith. Intensity FLOP/Loads: 0.22
Arith. Intensity FLOP/Msgs: 0.04
Arith. Intensity OPS/Loads: 1.84
Arith. Intensity OPS/Msgs: 0.30



===Core Utilization Total=== CORE-S:22;; TIME K cy:2,200 ;; Nodes Proc: 644,644 -- Edges Proc: 18,882,881
======== IT IS COLD ======= Only 0 Tiles active

===PRINTING FRAME STATS

FCollision In Avg:0, SD:3, Max:98, Min:0
FCollision Out Avg:0, SD:4, Max:98, Min:0
FCollision End Avg:0, SD:2, Max:64, Min:0
FTask1 Avg:0, SD:0, Max:11, Min:0
FTask2 Avg:0, SD:3, Max:67, Min:0
FTask3 Avg:0, SD:0, Max:3, Min:0
FCore Active Avg:0, SD:3, Max:67, Min:0
FRouter Active Avg:1, SD:3, Max:33, Min:0
T1 invocations: 815
T2 invocations: 1,511
T3 invocations: 57,770
T3b invocations: 0
Total3 invocations: 57,770
Total4 invocations: 295

T3/T2 ratio: 38
T3b/T3 ratio: 0

T1 avg ex cycles: 37
T2 avg ex cycles: 86
T3&b avg ex cycles: 5
T4 avg ex cycles: 35
Avg. hops NOC1: 3
Avg. latency NOC1 (T2): 8,882
Avg. hops NOC2: 13
Avg. latency NOC2 (T3): 280

===PRINTING ACUM STATS at pu_cycles: 2,300,066

ACollision In Avg:47, SD:18, Max:136, Min:9
ACollision Out Avg:44, SD:21, Max:107, Min:2
ACollision End Avg:13, SD:9, Max:90, Min:1
ATask1 Avg:10, SD:0, Max:11, Min:5
ATask2 Avg:13, SD:1, Max:17, Min:4
ATask3 Avg:34, SD:6, Max:75, Min:23
ACore Active Avg:59, SD:5, Max:93, Min:45
ARouter Active Avg:53, SD:4, Max:65, Min:22
T1 invocations: 6,032,892
T2 invocations: 5,759,003
T3 invocations: 147,379,859
T3b invocations: 0
Total3 invocations: 147,379,859
Total4 invocations: 134,791

T3/T2 ratio: 26
T3b/T3 ratio: 0

T1 avg ex cycles: 39
T2 avg ex cycles: 55
T3&b avg ex cycles: 5
T4 avg ex cycles: 172
Avg. hops NOC1: 3
Avg. latency NOC1 (T2): 9,276
Avg. hops NOC2: 13
Avg. latency NOC2 (T3): 4,862
Number of K Nodes Processed: 5,178
Number of K Edges Processed: 147,380
Node Re-explore factor: 1.23
Edge Re-explore factor: 1.15
Nodes/cy: 2
Edges/cy: 64
TEPS: 56

---DCache---
DCache Size: 60,880
DRAM words: 133,760
  DHits: 291,291,663
  DMisses: 11,124,937
  DHit Rate (hit/miss): 96%
  DEvictions: 7,251,635
  DEviction Rate (evict/misses): 65%
  MC Transactions: 12,027,699
  MC Writes: 869,295
Avg. Transactions: 16% , Writes: 1%, Avg. Latency: 12
Max MC id: 29 of 32. Transactions: 17% , Writes: 1%, MC mean Latency: 11
HBM refresh energy (nJ): 6
HBM access energy (nJ): 22,785,272
MemC wire energy 2.5d (nJ): 4,500,526
MemC wire energy 3d (nJ): 1,125,131

---Energy---
Leakage Energy (nJ): 425,771
PU Dyn E (nJ): 8,288,233
Mem Dyn E (nJ): 52,463,989
Route Dyn E (nJ): 11,406,154
Dynamic Energy (nJ): 72,158,377
Ratio of Dyn/Leak: 169
Total Energy (nJ): 72,584,148
Total Energy (nJ) 3D: 76,477,861
Cores Energy (nJ): 8,294,635
Route Energy (nJ): 11,450,154
Route Energy (nJ) 3D: 18,719,262
Mem Energy   (nJ): 52,839,360
Mem Energy   (nJ) 3D: 49,463,965
Avg. Power (mW): 31,557.42
Power Density (mW/mm2): 36.69

---Runtime---
Runtime in K cycles: 2,300.07
Microseconds: 2,300.07
Time per iteration (ms): 2.30

---Throughput---
GOP/s (aka OPS/ns): 534.57
GOP/s per core: 0.52
FLOP/s: 64.08
FLOP/s per core: 0.06
Max Peak FLOP/s: 1,024.00
Avg. BW GB/s: 2,292.74
Max BW GB/s: 4,096.00

---Traffic---
In-Die bisection_bytes BW (GB/s): 256.00
Inter-board traffic (msg/ns): 0.00, per-link: 0.00
Inter-pack traffic (msg/ns): 0.00, per-link: 0.00
Inter-die traffic (msg/ns): 44.67, per-link: 0.17
Ruche traffic (msg/ns): 48.02, per-link: 0.19
All traffic (msg/ns): 1,753.94, per-link: 1.71
Inter-die reduction wrt all: 39.27
Inter-board reduction wrt inter-die: inf

---Data Movement---
All traffic (msg): 4,034,168,147
Arith. Intensity FLOP/Loads: 0.22
Arith. Intensity FLOP/Msgs: 0.04
Arith. Intensity OPS/Loads: 1.84
Arith. Intensity OPS/Msgs: 0.30



===Core Utilization Total=== CORE-S:23;; TIME K cy:2,300 ;; Nodes Proc: 644,725 -- Edges Proc: 18,882,968
======== IT IS COLD ======= Only 0 Tiles active

===PRINTING FRAME STATS

FCollision In Avg:0, SD:3, Max:94, Min:0
FCollision Out Avg:0, SD:1, Max:13, Min:0
FCollision End Avg:0, SD:1, Max:13, Min:0
FTask1 Avg:0, SD:0, Max:15, Min:0
FTask2 Avg:0, SD:3, Max:82, Min:0
FTask3 Avg:0, SD:0, Max:3, Min:0
FCore Active Avg:1, SD:3, Max:83, Min:0
FRouter Active Avg:1, SD:3, Max:44, Min:0
T1 invocations: 712
T2 invocations: 2,426
T3 invocations: 86,725
T3b invocations: 0
Total3 invocations: 86,725
Total4 invocations: 365

T3/T2 ratio: 36
T3b/T3 ratio: 0

T1 avg ex cycles: 40
T2 avg ex cycles: 55
T3&b avg ex cycles: 5
T4 avg ex cycles: 22
Avg. hops NOC1: 4
Avg. latency NOC1 (T2): 2,661
Avg. hops NOC2: 13
Avg. latency NOC2 (T3): 55

===PRINTING ACUM STATS at pu_cycles: 2,400,020

ACollision In Avg:45, SD:17, Max:131, Min:8
ACollision Out Avg:43, SD:20, Max:103, Min:2
ACollision End Avg:13, SD:8, Max:87, Min:1
ATask1 Avg:10, SD:0, Max:10, Min:6
ATask2 Avg:13, SD:1, Max:17, Min:8
ATask3 Avg:33, SD:5, Max:71, Min:22
ACore Active Avg:56, SD:5, Max:89, Min:45
ARouter Active Avg:50, SD:4, Max:62, Min:21
T1 invocations: 6,033,604
T2 invocations: 5,762,185
T3 invocations: 147,466,697
T3b invocations: 0
Total3 invocations: 147,466,697
Total4 invocations: 135,156

T3/T2 ratio: 26
T3b/T3 ratio: 0

T1 avg ex cycles: 39
T2 avg ex cycles: 55
T3&b avg ex cycles: 5
T4 avg ex cycles: 172
Avg. hops NOC1: 3
Avg. latency NOC1 (T2): 9,274
Avg. hops NOC2: 13
Avg. latency NOC2 (T3): 4,859
Number of K Nodes Processed: 5,178
Number of K Edges Processed: 147,467
Node Re-explore factor: 1.23
Edge Re-explore factor: 1.15
Nodes/cy: 2
Edges/cy: 61
TEPS: 53

---DCache---
DCache Size: 60,880
DRAM words: 133,760
  DHits: 291,468,334
  DMisses: 11,131,117
  DHit Rate (hit/miss): 96%
  DEvictions: 7,257,815
  DEviction Rate (evict/misses): 65%
  MC Transactions: 12,034,200
  MC Writes: 869,616
Avg. Transactions: 16% , Writes: 1%, Avg. Latency: 12
Max MC id: 29 of 32. Transactions: 17% , Writes: 1%, MC mean Latency: 11
HBM refresh energy (nJ): 7
HBM access energy (nJ): 22,797,588
MemC wire energy 2.5d (nJ): 4,502,959
MemC wire energy 3d (nJ): 1,125,740

---Energy---
Leakage Energy (nJ): 444,274
PU Dyn E (nJ): 8,292,574
Mem Dyn E (nJ): 52,494,024
Route Dyn E (nJ): 11,412,930
Dynamic Energy (nJ): 72,199,529
Ratio of Dyn/Leak: 163
Total Energy (nJ): 72,643,803
Total Energy (nJ) 3D: 76,540,076
Cores Energy (nJ): 8,299,253
Route Energy (nJ): 11,458,842
Route Energy (nJ) 3D: 18,732,335
Mem Energy   (nJ): 52,885,708
Mem Energy   (nJ) 3D: 49,508,489
Avg. Power (mW): 30,268.00
Power Density (mW/mm2): 35.19

---Runtime---
Runtime in K cycles: 2,400.02
Microseconds: 2,400.02
Time per iteration (ms): 2.40

---Throughput---
GOP/s (aka OPS/ns): 512.56
GOP/s per core: 0.50
FLOP/s: 61.44
FLOP/s per core: 0.06
Max Peak FLOP/s: 1,024.00
Avg. BW GB/s: 2,198.58
Max BW GB/s: 4,096.00

---Traffic---
In-Die bisection_bytes BW (GB/s): 256.00
Inter-board traffic (msg/ns): 0.00, per-link: 0.00
Inter-pack traffic (msg/ns): 0.00, per-link: 0.00
Inter-die traffic (msg/ns): 42.83, per-link: 0.17
Ruche traffic (msg/ns): 46.04, per-link: 0.18
All traffic (msg/ns): 1,681.89, per-link: 1.64
Inter-die reduction wrt all: 39.27
Inter-board reduction wrt inter-die: inf

---Data Movement---
All traffic (msg): 4,036,572,874
Arith. Intensity FLOP/Loads: 0.22
Arith. Intensity FLOP/Msgs: 0.04
Arith. Intensity OPS/Loads: 1.84
Arith. Intensity OPS/Msgs: 0.30



===Core Utilization Total=== CORE-S:24;; TIME K cy:2,400 ;; Nodes Proc: 644,781 -- Edges Proc: 18,883,010
======== IT IS COLD ======= Only 0 Tiles active
Epoch Done Router: 1
Epoch Done Router: 5
Epoch Done Router: 6
Epoch Done Router: 0
Epoch Done Router: 2
Epoch Done Router: 4
Epoch Done Router: 3
##EPOCH## 1 COMPLETED at Time (K cy): 2,401
Nodes processed until now: 5,178,551
Edges processed until now: 147,467,793
Epoch Done Router: 7
Program Done Router Thread: 7
Program Done Worker Thread: 5
Program Done Worker Thread: 0
Program Done Worker Thread: 1
Program Done Router Thread: 2
Program Done Router Thread: 5
Program Done Worker Thread: 3
Program Done Worker Thread: 7
Program Done Router Thread: 3
Program Done Worker Thread: 4
Program Done Worker Thread: 2
Program Done Router Thread: 0
Program Done Router Thread: 6
Program Done Router Thread: 4
Program Done Router Thread: 1
Program Done Worker Thread: 6

===PRINTING ACUM STATS at pu_cycles: 2,401,827

ACollision In Avg:45, SD:17, Max:131, Min:8
ACollision Out Avg:43, SD:20, Max:103, Min:2
ACollision End Avg:13, SD:8, Max:84, Min:1
ATask1 Avg:10, SD:0, Max:10, Min:9
ATask2 Avg:13, SD:1, Max:17, Min:11
ATask3 Avg:33, SD:5, Max:69, Min:22
ACore Active Avg:56, SD:5, Max:90, Min:45
ARouter Active Avg:50, SD:4, Max:62, Min:21
T1 invocations: 6,035,845
T2 invocations: 5,763,461
T3 invocations: 147,467,793
T3b invocations: 0
Total3 invocations: 147,467,793
Total4 invocations: 135,194

T3/T2 ratio: 26
T3b/T3 ratio: 0

T1 avg ex cycles: 39
T2 avg ex cycles: 55
T3&b avg ex cycles: 5
T4 avg ex cycles: 172
Avg. hops NOC1: 3
Avg. latency NOC1 (T2): 9,273
Avg. hops NOC2: 13
Avg. latency NOC2 (T3): 4,859

Runtime at program end in K cycles: 2,401
Runtime before cooldown in K cycles: 1,501


Number of K Nodes Processed: 5,178
Number of K Edges Processed: 147,467
Node Re-explore factor: 1.23
Edge Re-explore factor: 1.15
Nodes/cy: 2
Edges/cy: 61
TEPS: 53

---DCache---
DCache Size: 60,880
DRAM words: 133,760
  DHits: 291,469,350
  DMisses: 11,131,151
  DHit Rate (hit/miss): 96%
  DEvictions: 7,257,849
  DEviction Rate (evict/misses): 65%
  MC Transactions: 12,034,238
  MC Writes: 869,620
Avg. Transactions: 16% , Writes: 1%, Avg. Latency: 12
Max MC id: 29 of 32. Transactions: 17% , Writes: 1%, MC mean Latency: 11
HBM refresh energy (nJ): 7
HBM access energy (nJ): 22,797,660
MemC wire energy 2.5d (nJ): 4,502,973
MemC wire energy 3d (nJ): 1,125,743

---Energy---
Leakage Energy (nJ): 444,609
PU Dyn E (nJ): 8,293,231
Mem Dyn E (nJ): 52,496,281
Route Dyn E (nJ): 11,413,164
Dynamic Energy (nJ): 72,202,676
Ratio of Dyn/Leak: 162
Total Energy (nJ): 72,647,285
Total Energy (nJ) 3D: 76,543,745
Cores Energy (nJ): 8,299,916
Route Energy (nJ): 11,459,111
Route Energy (nJ) 3D: 18,732,801
Mem Energy   (nJ): 52,888,259
Mem Energy   (nJ) 3D: 49,511,029
Avg. Power (mW): 30,246.68
Power Density (mW/mm2): 35.16

---Runtime---
Runtime in K cycles: 2,401.83
Microseconds: 2,401.83
Time per iteration (ms): 2.40

---Inst---
K Loads: 669,334
K Stores: 649,961
K Instructions: 1,230,286

---Throughput---
GOP/s (aka OPS/ns): 512.23
GOP/s per core: 0.50
FLOP/s: 61.40
FLOP/s per core: 0.06
Max Peak FLOP/s: 1,024.00
Avg. BW GB/s: 2,197.15
Max BW GB/s: 4,096.00

---Traffic---
In-Die bisection_bytes BW (GB/s): 256.00
Inter-board traffic (msg/ns): 0.00, per-link: 0.00
Inter-pack traffic (msg/ns): 0.00, per-link: 0.00
Inter-die traffic (msg/ns): 42.80, per-link: 0.17
Ruche traffic (msg/ns): 46.01, per-link: 0.18
All traffic (msg/ns): 1,680.67, per-link: 1.64
Inter-die reduction wrt all: 39.27
Inter-board reduction wrt inter-die: inf

---Data Movement---
All traffic (msg): 4,036,667,155
Arith. Intensity FLOP/Loads: 0.22
Arith. Intensity FLOP/Msgs: 0.04
Arith. Intensity OPS/Loads: 1.84
Arith. Intensity OPS/Msgs: 0.30

Simulation time: 219.02
Sim noc_cy/s: 10,966.43
Sim Msg/s: 18,430,891.52

Version 31

