Dataset:  Kron22/
Dry run: 0
Open Edge Count File succesfully
Edges Traversed BFS: 128309848
Found Vertices: 4194304, Edges: 128311436
avg degree 31
Array  Kron22/node_array.bin found
Malloc array of size 16777220 bytes
Readin array of size 16777216 bytes
Finished Reading Array Bytes
No reordering Array 32bit
Array  Kron22/edge_array.bin found
Malloc array of size 513245744 bytes
Readin array of size 513245744 bytes
Finished Reading Array Bytes
No reordering Array 32bit
Reading graph elapsed time: 0.148221s

Dataset Footprint: 522 MiB
Dataset Footprint per Board: 4383.05 Mb
Dataset injection time (ms): 0.26752
Max Dataset Footprint: 1026 MiB

Dataset footprint per tile: 522 KiB
Proxys footprint per tile: 0 KiB
Reserved SRAM per tile: 15 KiB

Ideal SRAM per tile: 537 KiB
reserved_words_for_dataset:25428
dataset_words_per_tile:133760
remaining_sram_words:127142
min_dcache_sram_words_required:25771
dataset_words_per_tile:133760
min_pcache_sram_words_required:0
proxys_words_per_tile:0
Dcache footprint ratio: 2
Dataset Cached: 1
DCache: 125904 words, lines: 7869, sets: 7869
Proxys Cached: 0
Pcache: 0 words, sets: 0
Node per tile: 4,096
Edge per tile: 125,305
GRID_X: 32
GRID_SIZE: 1,024
smt_per_tile: 1
noc_freq: 1
pu_freq: 1
RUCHE_X: 8
PROXY_W: 32
DIE_W: 16
DIE_H: 16
DIES: 4
BORDER_TILES_PER_DIE: 64
PACK_W: 32
PACK_H: 32
DIES_PACK_FACTOR: 2
DIES_PER_PACK: 4
PACKAGES: 1
BOARD_W: 32
BOARD_H: 32
BOARDS: 1
MUX_BUS: 1
DCACHE: 1
PCACHE: 0
PROXY_FACTOR: 1
CACHE_WAYS: 1
TORUS: 1
PHY_NOCS: 1
WIDE_NOC_ID: 0
NOC_CONF: 1
noc_width: 32
hbm_channel_bit_width: 512
ld_st_op_byte_width: 4
PROXY_ROUTING: 0
WRITE_THROUGH: 1
ASSERT_MODE: 0
GLOBAL_BARRIER: 0
OQ flits: 36 ; 384 ; 2
IQ flits: 288 ; 3,072 ; 2
OQ messages: 12 ; 192 ; 1
IQ messages: 96 ; 1,536 ; 1
max_task2 size: 64
io_factor_t2: 8
io_factor_t3: 8
io_factor_t3b: 8

Active SRAM Storage per tile: 511 KiB
Total SRAM Storage per tile: 512 KiB
Agreggated SRAM Storage: 512 MiB

Active DRAM Storage per tile: 0.509766 MiB
Total DRAM Storage per tile: 32 MiB
Agreggated DRAM Storage: 32 GiB

Inter-Die #links: 512
Inter-Die (Gbits): 16,384
Inter-Die (Gbits/mm): 448.481
Bisection BW of Board (Gbits): 8,192
Border IO #Dies: 8
Border IO Die BW (Gbits): 2,048
Off-Board BW Total (Gbits): 16,384
Off-Board BW Density (Gbits/mm): 134
Die side: 9.13 mm
Die border wire density: 448.48 Gbits/mm
HBM wire density: 448.48 Gbits/mm

Tiles per Die: 256 (16x16)
Tile Area: 0.20 mm2, side: 0.44 mm
- Core/Rout Area: 0.05 mm2
- SRAM Area: 0.14 mm2
- SRAM/Logic Ratio: 2.64x

Dies per Package: 4 (2x2)
Die Area: 83.41 mm2, side: 9.13 mm
- Tiles Area: 50.67 mm2
- PHY Area: 23.74 mm2
- MC Area: 9.00 mm2

Packages per Board: 1 (1x1)
Package Area: 933.65 mm2, side: 30.56 mm
- IOdie Area: 160.00 mm2
- Dies Area: 333.65 mm2
- HBM Area: 440.00 mm2

Boards: 1 (1x1)
Board Area: 933.65 mm2
Total Area: 933.65 mm2



ESTIMATED COST OF SILICON AND PACKAGING. ONLY VARIABLE, NO FIXED COSTS
Good dies per wafer 3d: 407
Good dies per wafer 2d: 660
--Dies 3D Cost: 59.43 $
--Dies 2.5D Cost: 36.65 $
--Dies 2D Cost: 36.65 $
--HBM Cost: 240.00 $
--IOdie Cost: 16.88 $
--Packaging Cost 3d: 13.28 $
--Packaging Cost 2.5d: 20.86 $
--Packaging Cost 2d: 8.03 $
SiP Cost 3d: 329.59 $
SiP Cost 2.5d: 314.38 $
SiP Cost 2d: 61.56 $
--Board Cost: 0.93 $
Total SiPs Cost 3d: 330.52 $
Total SiPs Cost 2.5d: 315.32 $
Total SiPs Cost 2d: 62.49 $

Perf counters initialized
Mesh connected
Cache structures initialized
Replicas initialized
Allocated Frontier List
Dataset structures initialized


Starting Simulation
INIT epoch: 1
INIT epoch: 1
INIT epoch: 1
INIT epoch: 1
INIT epoch: 1
INIT epoch: 1
INIT epoch: 1
INIT epoch: 1

===PRINTING FRAME STATS

FCollision In Avg:-nan, SD:-nan, Max:302, Min:3
FCollision Out Avg:-nan, SD:-nan, Max:233, Min:1
FCollision End Avg:-nan, SD:-nan, Max:153, Min:0
FTask1 Avg:-nan, SD:-nan, Max:72, Min:3
FTask2 Avg:-nan, SD:-nan, Max:54, Min:0
FTask3 Avg:-nan, SD:-nan, Max:95, Min:26
FCore Active Avg:-nan, SD:-nan, Max:100, Min:50
FRouter Active Avg:-nan, SD:-nan, Max:74, Min:25
T1 invocations: 846,450
T2 invocations: 474,850
T3 invocations: 5,320,284
T3b invocations: 0
Total3 invocations: 5,320,284
Total4 invocations: 0

T3/T2 ratio: 11
T3b/T3 ratio: 0

T1 avg ex cycles: 42
T2 avg ex cycles: 34
T3&b avg ex cycles: 8
T4 avg ex cycles: -nan
Avg. hops NOC1: 3
Avg. latency NOC1 (T2): 7,095
Avg. hops NOC2: 15
Avg. latency NOC2 (T3): 10,955

===PRINTING ACUM STATS at pu_cycles: 100,243

ACollision In Avg:-nan, SD:-nan, Max:302, Min:3
ACollision Out Avg:-nan, SD:-nan, Max:233, Min:1
ACollision End Avg:-nan, SD:-nan, Max:153, Min:0
ATask1 Avg:-nan, SD:-nan, Max:72, Min:3
ATask2 Avg:-nan, SD:-nan, Max:54, Min:0
ATask3 Avg:-nan, SD:-nan, Max:95, Min:26
ACore Active Avg:-nan, SD:-nan, Max:100, Min:50
ARouter Active Avg:-nan, SD:-nan, Max:74, Min:25
T1 invocations: 846,450
T2 invocations: 474,850
T3 invocations: 5,320,284
T3b invocations: 0
Total3 invocations: 5,320,284
Total4 invocations: 0

T3/T2 ratio: 11
T3b/T3 ratio: 0

T1 avg ex cycles: 42
T2 avg ex cycles: 34
T3&b avg ex cycles: 8
T4 avg ex cycles: -nan
Avg. hops NOC1: 3
Avg. latency NOC1 (T2): 7,095
Avg. hops NOC2: 15
Avg. latency NOC2 (T3): 10,955
Number of K Nodes Processed: 1,257
Number of K Edges Processed: 6,389
Node Re-explore factor: 0.30
Edge Re-explore factor: 0.05
Nodes/cy: 13
Edges/cy: 64
TEPS: 1,280

---DCache---
DCache Size: 125,904
DRAM words: 133,760
  DHits: 14,917,600
  DMisses: 824,177
  DHit Rate (hit/miss): 95%
  DEvictions: 38,123
  DEviction Rate (evict/misses): 5%
  MC Transactions: 848,376
  MC Writes: 20,341
Avg. Transactions: 26% , Writes: 1%, Avg. Latency: 9
Max MC id: 29 of 32. Transactions: 31% , Writes: 1%, MC mean Latency: 9
HBM refresh energy (nJ): 0
HBM access energy (nJ): 1,607,163
MemC wire energy 2.5d (nJ): 397,590
MemC wire energy 3d (nJ): 99,398

---Energy---
Leakage Energy (nJ): 34,980
PU Dyn E (nJ): 479,996
Mem Dyn E (nJ): 3,704,692
Route Dyn E (nJ): 595,539
Dynamic Energy (nJ): 4,780,228
Ratio of Dyn/Leak: 137
Total Energy (nJ): 4,815,208
Total Energy (nJ) 3D: 4,836,017
Cores Energy (nJ): 480,276
Route Energy (nJ): 597,458
Route Energy (nJ) 3D: 916,459
Mem Energy   (nJ): 3,737,476
Mem Energy   (nJ) 3D: 3,439,283
Avg. Power (mW): 48,035.35
Power Density (mW/mm2): 51.45

---Runtime---
Runtime in K cycles: 100.24
Microseconds: 100.24
Time per iteration (ms): 0.10

---Throughput---
GOP/s (aka OPS/ns): 838.62
GOP/s per core: 0.82
FLOP/s: 53.07
FLOP/s per core: 0.05
Max Peak FLOP/s: 1,024.00
Avg. BW GB/s: 2,670.43
Max BW GB/s: 4,096.00

---Traffic---
In-Die bisection_bytes BW (GB/s): 256.00
Inter-board traffic (msg/ns): 0.00, per-link: 0.00
Inter-pack traffic (msg/ns): 0.00, per-link: 0.00
Inter-die traffic (msg/ns): 44.35, per-link: 0.17
Ruche traffic (msg/ns): 49.10, per-link: 0.19
All traffic (msg/ns): 1,804.38, per-link: 1.76
Inter-die reduction wrt all: 40.69
Inter-board reduction wrt inter-die: inf

---Data Movement---
All traffic (msg): 180,876,692
Arith. Intensity FLOP/Loads: 0.15
Arith. Intensity FLOP/Msgs: 0.03
Arith. Intensity OPS/Loads: 2.41
Arith. Intensity OPS/Msgs: 0.46



===Core Utilization Total=== CORE-S:1;; TIME K cy:100 ;; Nodes Proc: 154,166 -- Edges Proc: 974,382

===PRINTING FRAME STATS

FCollision In Avg:1, SD:3, Max:81, Min:0
FCollision Out Avg:0, SD:4, Max:113, Min:0
FCollision End Avg:0, SD:2, Max:52, Min:0
FTask1 Avg:64, SD:6, Max:87, Min:3
FTask2 Avg:16, SD:5, Max:57, Min:0
FTask3 Avg:21, SD:5, Max:70, Min:9
FCore Active Avg:100, SD:1, Max:100, Min:80
FRouter Active Avg:39, SD:5, Max:62, Min:14
T1 invocations: 1,536,295
T2 invocations: 707,490
T3 invocations: 3,402,699
T3b invocations: 0
Total3 invocations: 3,402,699
Total4 invocations: 1

T3/T2 ratio: 5
T3b/T3 ratio: 0

T1 avg ex cycles: 42
T2 avg ex cycles: 23
T3&b avg ex cycles: 6
T4 avg ex cycles: 560
Avg. hops NOC1: 3
Avg. latency NOC1 (T2): 126
Avg. hops NOC2: 13
Avg. latency NOC2 (T3): 31,235

===PRINTING ACUM STATS at pu_cycles: 200,161

ACollision In Avg:39, SD:22, Max:159, Min:2
ACollision Out Avg:34, SD:23, Max:118, Min:0
ACollision End Avg:8, SD:12, Max:85, Min:0
ATask1 Avg:49, SD:7, Max:75, Min:3
ATask2 Avg:16, SD:5, Max:44, Min:0
ATask3 Avg:31, SD:6, Max:82, Min:20
ACore Active Avg:96, SD:5, Max:100, Min:75
ARouter Active Avg:48, SD:5, Max:68, Min:19
T1 invocations: 2,384,141
T2 invocations: 1,183,783
T3 invocations: 8,736,318
T3b invocations: 0
Total3 invocations: 8,736,318
Total4 invocations: 1

T3/T2 ratio: 7
T3b/T3 ratio: 0

T1 avg ex cycles: 42
T2 avg ex cycles: 27
T3&b avg ex cycles: 7
T4 avg ex cycles: 560
Avg. hops NOC1: 3
Avg. latency NOC1 (T2): 2,938
Avg. hops NOC2: 14
Avg. latency NOC2 (T3): 18,862
Number of K Nodes Processed: 1,614
Number of K Edges Processed: 9,917
Node Re-explore factor: 0.38
Edge Re-explore factor: 0.08
Nodes/cy: 8
Edges/cy: 50
TEPS: 641

---DCache---
DCache Size: 125,904
DRAM words: 133,760
  DHits: 27,165,547
  DMisses: 1,398,558
  DHit Rate (hit/miss): 95%
  DEvictions: 89,138
  DEviction Rate (evict/misses): 6%
  MC Transactions: 1,444,608
  MC Writes: 39,583
Avg. Transactions: 23% , Writes: 1%, Avg. Latency: 11
Max MC id: 29 of 32. Transactions: 25% , Writes: 1%, MC mean Latency: 11
HBM refresh energy (nJ): 0
HBM access energy (nJ): 2,736,665
MemC wire energy 2.5d (nJ): 677,014
MemC wire energy 3d (nJ): 169,253

---Energy---
Leakage Energy (nJ): 69,847
PU Dyn E (nJ): 970,511
Mem Dyn E (nJ): 6,394,172
Route Dyn E (nJ): 924,621
Dynamic Energy (nJ): 8,289,304
Ratio of Dyn/Leak: 119
Total Energy (nJ): 8,359,151
Total Energy (nJ) 3D: 8,343,475
Cores Energy (nJ): 971,069
Route Energy (nJ): 928,450
Route Energy (nJ) 3D: 1,420,535
Mem Energy   (nJ): 6,459,632
Mem Energy   (nJ) 3D: 5,951,872
Avg. Power (mW): 41,762.14
Power Density (mW/mm2): 44.73

---Runtime---
Runtime in K cycles: 200.16
Microseconds: 200.16
Time per iteration (ms): 0.20

---Throughput---
GOP/s (aka OPS/ns): 889.57
GOP/s per core: 0.87
FLOP/s: 43.65
FLOP/s per core: 0.04
Max Peak FLOP/s: 1,024.00
Avg. BW GB/s: 2,332.93
Max BW GB/s: 4,096.00

---Traffic---
In-Die bisection_bytes BW (GB/s): 256.00
Inter-board traffic (msg/ns): 0.00, per-link: 0.00
Inter-pack traffic (msg/ns): 0.00, per-link: 0.00
Inter-die traffic (msg/ns): 34.49, per-link: 0.13
Ruche traffic (msg/ns): 39.67, per-link: 0.15
All traffic (msg/ns): 1,420.58, per-link: 1.39
Inter-die reduction wrt all: 41.18
Inter-board reduction wrt inter-die: inf

---Data Movement---
All traffic (msg): 284,344,692
Arith. Intensity FLOP/Loads: 0.14
Arith. Intensity FLOP/Msgs: 0.03
Arith. Intensity OPS/Loads: 2.81
Arith. Intensity OPS/Msgs: 0.63



===Core Utilization Total=== CORE-S:2;; TIME K cy:200 ;; Nodes Proc: 199,405 -- Edges Proc: 1,403,816

===PRINTING FRAME STATS

FCollision In Avg:24, SD:22, Max:169, Min:1
FCollision Out Avg:23, SD:23, Max:119, Min:0
FCollision End Avg:9, SD:17, Max:98, Min:0
FTask1 Avg:38, SD:8, Max:58, Min:3
FTask2 Avg:16, SD:10, Max:61, Min:0
FTask3 Avg:42, SD:7, Max:74, Min:24
FCore Active Avg:96, SD:7, Max:100, Min:50
FRouter Active Avg:53, SD:7, Max:76, Min:25
T1 invocations: 903,484
T2 invocations: 451,172
T3 invocations: 6,213,949
T3b invocations: 0
Total3 invocations: 6,213,949
Total4 invocations: 588

T3/T2 ratio: 14
T3b/T3 ratio: 0

T1 avg ex cycles: 43
T2 avg ex cycles: 37
T3&b avg ex cycles: 7
T4 avg ex cycles: 572
Avg. hops NOC1: 3
Avg. latency NOC1 (T2): 1,840
Avg. hops NOC2: 12
Avg. latency NOC2 (T3): 18,288

===PRINTING ACUM STATS at pu_cycles: 300,982

ACollision In Avg:34, SD:16, Max:131, Min:4
ACollision Out Avg:31, SD:16, Max:90, Min:0
ACollision End Avg:8, SD:10, Max:57, Min:0
ATask1 Avg:45, SD:4, Max:53, Min:3
ATask2 Avg:16, SD:5, Max:45, Min:0
ATask3 Avg:35, SD:5, Max:80, Min:22
ACore Active Avg:96, SD:4, Max:100, Min:83
ARouter Active Avg:49, SD:5, Max:68, Min:21
T1 invocations: 3,287,625
T2 invocations: 1,634,955
T3 invocations: 14,950,267
T3b invocations: 0
Total3 invocations: 14,950,267
Total4 invocations: 589

T3/T2 ratio: 9
T3b/T3 ratio: 0

T1 avg ex cycles: 42
T2 avg ex cycles: 30
T3&b avg ex cycles: 7
T4 avg ex cycles: 572
Avg. hops NOC1: 3
Avg. latency NOC1 (T2): 2,635
Avg. hops NOC2: 13
Avg. latency NOC2 (T3): 18,624
Number of K Nodes Processed: 2,708
Number of K Edges Processed: 15,644
Node Re-explore factor: 0.65
Edge Re-explore factor: 0.12
Nodes/cy: 9
Edges/cy: 52
TEPS: 426

---DCache---
DCache Size: 125,904
DRAM words: 133,760
  DHits: 42,579,265
  DMisses: 1,966,064
  DHit Rate (hit/miss): 96%
  DEvictions: 154,144
  DEviction Rate (evict/misses): 8%
  MC Transactions: 2,038,458
  MC Writes: 63,784
Avg. Transactions: 21% , Writes: 1%, Avg. Latency: 12
Max MC id: 29 of 32. Transactions: 24% , Writes: 1%, MC mean Latency: 12
HBM refresh energy (nJ): 0
HBM access energy (nJ): 3,861,654
MemC wire energy 2.5d (nJ): 955,321
MemC wire energy 3d (nJ): 238,830

---Energy---
Leakage Energy (nJ): 105,028
PU Dyn E (nJ): 1,487,032
Mem Dyn E (nJ): 9,532,861
Route Dyn E (nJ): 1,447,160
Dynamic Energy (nJ): 12,467,054
Ratio of Dyn/Leak: 119
Total Energy (nJ): 12,572,082
Total Energy (nJ) 3D: 12,623,799
Cores Energy (nJ): 1,487,870
Route Energy (nJ): 1,452,918
Route Energy (nJ) 3D: 2,221,126
Mem Energy   (nJ): 9,631,295
Mem Energy   (nJ) 3D: 8,914,804
Avg. Power (mW): 41,770.21
Power Density (mW/mm2): 44.74

---Runtime---
Runtime in K cycles: 300.98
Microseconds: 300.98
Time per iteration (ms): 0.30

---Throughput---
GOP/s (aka OPS/ns): 885.65
GOP/s per core: 0.86
FLOP/s: 49.67
FLOP/s per core: 0.05
Max Peak FLOP/s: 1,024.00
Avg. BW GB/s: 2,461.91
Max BW GB/s: 4,096.00

---Traffic---
In-Die bisection_bytes BW (GB/s): 256.00
Inter-board traffic (msg/ns): 0.00, per-link: 0.00
Inter-pack traffic (msg/ns): 0.00, per-link: 0.00
Inter-die traffic (msg/ns): 36.00, per-link: 0.14
Ruche traffic (msg/ns): 41.82, per-link: 0.16
All traffic (msg/ns): 1,470.44, per-link: 1.44
Inter-die reduction wrt all: 40.85
Inter-board reduction wrt inter-die: inf

---Data Movement---
All traffic (msg): 442,574,655
Arith. Intensity FLOP/Loads: 0.15
Arith. Intensity FLOP/Msgs: 0.03
Arith. Intensity OPS/Loads: 2.66
Arith. Intensity OPS/Msgs: 0.60



===Core Utilization Total=== CORE-S:3;; TIME K cy:300 ;; Nodes Proc: 338,627 -- Edges Proc: 2,207,892

===PRINTING FRAME STATS

FCollision In Avg:92, SD:49, Max:454, Min:2
FCollision Out Avg:87, SD:52, Max:248, Min:1
FCollision End Avg:28, SD:36, Max:199, Min:0
FTask1 Avg:5, SD:5, Max:50, Min:0
FTask2 Avg:19, SD:15, Max:55, Min:0
FTask3 Avg:60, SD:9, Max:100, Min:34
FCore Active Avg:85, SD:15, Max:100, Min:44
FRouter Active Avg:77, SD:9, Max:92, Min:32
T1 invocations: 112,345
T2 invocations: 196,848
T3 invocations: 9,844,294
T3b invocations: 0
Total3 invocations: 9,844,294
Total4 invocations: 689

T3/T2 ratio: 50
T3b/T3 ratio: 0

T1 avg ex cycles: 43
T2 avg ex cycles: 99
T3&b avg ex cycles: 6
T4 avg ex cycles: 562
Avg. hops NOC1: 2
Avg. latency NOC1 (T2): 22,505
Avg. hops NOC2: 13
Avg. latency NOC2 (T3): 5,382

===PRINTING ACUM STATS at pu_cycles: 400,514

ACollision In Avg:48, SD:20, Max:186, Min:7
ACollision Out Avg:45, SD:20, Max:129, Min:1
ACollision End Avg:13, SD:14, Max:91, Min:0
ATask1 Avg:35, SD:3, Max:50, Min:5
ATask2 Avg:17, SD:7, Max:39, Min:1
ATask3 Avg:41, SD:6, Max:81, Min:28
ACore Active Avg:93, SD:6, Max:100, Min:73
ARouter Active Avg:56, SD:5, Max:73, Min:24
T1 invocations: 3,392,992
T2 invocations: 1,828,214
T3 invocations: 24,759,247
T3b invocations: 0
Total3 invocations: 24,759,247
Total4 invocations: 1,274

T3/T2 ratio: 14
T3b/T3 ratio: 0

T1 avg ex cycles: 42
T2 avg ex cycles: 37
T3&b avg ex cycles: 7
T4 avg ex cycles: 566
Avg. hops NOC1: 3
Avg. latency NOC1 (T2): 4,778
Avg. hops NOC2: 13
Avg. latency NOC2 (T3): 13,355
Number of K Nodes Processed: 3,816
Number of K Edges Processed: 25,386
Node Re-explore factor: 0.91
Edge Re-explore factor: 0.20
Nodes/cy: 10
Edges/cy: 63
TEPS: 320

---DCache---
DCache Size: 125,904
DRAM words: 133,760
  DHits: 61,524,129
  DMisses: 2,573,930
  DHit Rate (hit/miss): 96%
  DEvictions: 225,997
  DEviction Rate (evict/misses): 9%
  MC Transactions: 2,681,032
  MC Writes: 95,314
Avg. Transactions: 21% , Writes: 1%, Avg. Latency: 12
Max MC id: 27 of 32. Transactions: 26% , Writes: 1%, MC mean Latency: 12
HBM refresh energy (nJ): 1
HBM access energy (nJ): 5,078,947
MemC wire energy 2.5d (nJ): 1,256,462
MemC wire energy 3d (nJ): 314,116

---Energy---
Leakage Energy (nJ): 139,760
PU Dyn E (nJ): 2,007,223
Mem Dyn E (nJ): 13,301,882
Route Dyn E (nJ): 2,356,008
Dynamic Energy (nJ): 17,665,114
Ratio of Dyn/Leak: 126
Total Energy (nJ): 17,804,874
Total Energy (nJ) 3D: 18,121,976
Cores Energy (nJ): 2,008,339
Route Energy (nJ): 2,363,670
Route Energy (nJ) 3D: 3,623,119
Mem Energy   (nJ): 13,432,866
Mem Energy   (nJ) 3D: 12,490,519
Avg. Power (mW): 44,455.06
Power Density (mW/mm2): 47.61

---Runtime---
Runtime in K cycles: 400.51
Microseconds: 400.51
Time per iteration (ms): 0.40

---Throughput---
GOP/s (aka OPS/ns): 852.65
GOP/s per core: 0.83
FLOP/s: 61.82
FLOP/s per core: 0.06
Max Peak FLOP/s: 1,024.00
Avg. BW GB/s: 2,744.79
Max BW GB/s: 4,096.00

---Traffic---
In-Die bisection_bytes BW (GB/s): 256.00
Inter-board traffic (msg/ns): 0.00, per-link: 0.00
Inter-pack traffic (msg/ns): 0.00, per-link: 0.00
Inter-die traffic (msg/ns): 44.74, per-link: 0.17
Ruche traffic (msg/ns): 48.39, per-link: 0.19
All traffic (msg/ns): 1,774.24, per-link: 1.73
Inter-die reduction wrt all: 39.65
Inter-board reduction wrt inter-die: inf

---Data Movement---
All traffic (msg): 710,607,992
Arith. Intensity FLOP/Loads: 0.17
Arith. Intensity FLOP/Msgs: 0.03
Arith. Intensity OPS/Loads: 2.36
Arith. Intensity OPS/Msgs: 0.48



===Core Utilization Total=== CORE-S:4;; TIME K cy:400 ;; Nodes Proc: 474,920 -- Edges Proc: 3,352,580

===PRINTING FRAME STATS

FCollision In Avg:90, SD:38, Max:268, Min:8
FCollision Out Avg:80, SD:48, Max:234, Min:3
FCollision End Avg:27, SD:36, Max:199, Min:0
FTask1 Avg:4, SD:4, Max:25, Min:0
FTask2 Avg:22, SD:16, Max:60, Min:0
FTask3 Avg:60, SD:9, Max:100, Min:37
FCore Active Avg:86, SD:15, Max:100, Min:42
FRouter Active Avg:82, SD:6, Max:93, Min:43
T1 invocations: 101,878
T2 invocations: 222,275
T3 invocations: 11,190,409
T3b invocations: 0
Total3 invocations: 11,190,409
Total4 invocations: 1,022

T3/T2 ratio: 50
T3b/T3 ratio: 0

T1 avg ex cycles: 40
T2 avg ex cycles: 99
T3&b avg ex cycles: 5
T4 avg ex cycles: 558
Avg. hops NOC1: 2
Avg. latency NOC1 (T2): 21,997
Avg. hops NOC2: 13
Avg. latency NOC2 (T3): 4,920

===PRINTING ACUM STATS at pu_cycles: 500,601

ACollision In Avg:57, SD:21, Max:202, Min:8
ACollision Out Avg:52, SD:23, Max:150, Min:2
ACollision End Avg:16, SD:16, Max:113, Min:0
ATask1 Avg:29, SD:3, Max:38, Min:7
ATask2 Avg:18, SD:7, Max:39, Min:1
ATask3 Avg:45, SD:6, Max:83, Min:31
ACore Active Avg:92, SD:7, Max:100, Min:67
ARouter Active Avg:62, SD:5, Max:77, Min:28
T1 invocations: 3,494,885
T2 invocations: 2,051,329
T3 invocations: 35,977,813
T3b invocations: 0
Total3 invocations: 35,977,813
Total4 invocations: 2,299

T3/T2 ratio: 18
T3b/T3 ratio: 0

T1 avg ex cycles: 42
T2 avg ex cycles: 44
T3&b avg ex cycles: 6
T4 avg ex cycles: 563
Avg. hops NOC1: 3
Avg. latency NOC1 (T2): 6,655
Avg. hops NOC2: 13
Avg. latency NOC2 (T3): 10,727
Number of K Nodes Processed: 4,260
Number of K Edges Processed: 36,512
Node Re-explore factor: 1.02
Edge Re-explore factor: 0.28
Nodes/cy: 9
Edges/cy: 73
TEPS: 256

---DCache---
DCache Size: 125,904
DRAM words: 133,760
  DHits: 81,936,729
  DMisses: 3,251,999
  DHit Rate (hit/miss): 96%
  DEvictions: 305,090
  DEviction Rate (evict/misses): 9%
  MC Transactions: 3,393,385
  MC Writes: 125,437
Avg. Transactions: 21% , Writes: 1%, Avg. Latency: 12
Max MC id: 27 of 32. Transactions: 26% , Writes: 1%, MC mean Latency: 12
HBM refresh energy (nJ): 1
HBM access energy (nJ): 6,428,428
MemC wire energy 2.5d (nJ): 1,590,306
MemC wire energy 3d (nJ): 397,576

---Energy---
Leakage Energy (nJ): 174,686
PU Dyn E (nJ): 2,564,926
Mem Dyn E (nJ): 17,399,250
Route Dyn E (nJ): 3,384,533
Dynamic Energy (nJ): 23,348,710
Ratio of Dyn/Leak: 134
Total Energy (nJ): 23,523,396
Total Energy (nJ) 3D: 24,146,196
Cores Energy (nJ): 2,566,320
Route Energy (nJ): 3,394,109
Route Energy (nJ) 3D: 5,209,639
Mem Energy   (nJ): 17,562,967
Mem Energy   (nJ) 3D: 16,370,238
Avg. Power (mW): 46,990.31
Power Density (mW/mm2): 50.33

---Runtime---
Runtime in K cycles: 500.60
Microseconds: 500.60
Time per iteration (ms): 0.50

---Throughput---
GOP/s (aka OPS/ns): 837.05
GOP/s per core: 0.82
FLOP/s: 71.87
FLOP/s per core: 0.07
Max Peak FLOP/s: 1,024.00
Avg. BW GB/s: 2,962.84
Max BW GB/s: 4,096.00

---Traffic---
In-Die bisection_bytes BW (GB/s): 256.00
Inter-board traffic (msg/ns): 0.00, per-link: 0.00
Inter-pack traffic (msg/ns): 0.00, per-link: 0.00
Inter-die traffic (msg/ns): 51.51, per-link: 0.20
Ruche traffic (msg/ns): 54.35, per-link: 0.21
All traffic (msg/ns): 2,025.52, per-link: 1.98
Inter-die reduction wrt all: 39.32
Inter-board reduction wrt inter-die: inf

---Data Movement---
All traffic (msg): 1,013,977,781
Arith. Intensity FLOP/Loads: 0.19
Arith. Intensity FLOP/Msgs: 0.04
Arith. Intensity OPS/Loads: 2.17
Arith. Intensity OPS/Msgs: 0.41



===Core Utilization Total=== CORE-S:5;; TIME K cy:500 ;; Nodes Proc: 529,754 -- Edges Proc: 4,746,793

===PRINTING FRAME STATS

FCollision In Avg:100, SD:41, Max:266, Min:7
FCollision Out Avg:92, SD:51, Max:315, Min:2
FCollision End Avg:27, SD:35, Max:200, Min:0
FTask1 Avg:4, SD:4, Max:26, Min:0
FTask2 Avg:20, SD:15, Max:59, Min:0
FTask3 Avg:56, SD:9, Max:100, Min:37
FCore Active Avg:81, SD:17, Max:100, Min:40
FRouter Active Avg:80, SD:10, Max:92, Min:42
T1 invocations: 118,690
T2 invocations: 233,270
T3 invocations: 10,795,408
T3b invocations: 0
Total3 invocations: 10,795,408
Total4 invocations: 1,361

T3/T2 ratio: 46
T3b/T3 ratio: 0

T1 avg ex cycles: 38
T2 avg ex cycles: 90
T3&b avg ex cycles: 5
T4 avg ex cycles: 555
Avg. hops NOC1: 2
Avg. latency NOC1 (T2): 19,865
Avg. hops NOC2: 13
Avg. latency NOC2 (T3): 3,968

===PRINTING ACUM STATS at pu_cycles: 600,619

ACollision In Avg:64, SD:22, Max:200, Min:8
ACollision Out Avg:58, SD:25, Max:152, Min:3
ACollision End Avg:18, SD:16, Max:104, Min:0
ATask1 Avg:25, SD:2, Max:33, Min:6
ATask2 Avg:18, SD:7, Max:39, Min:1
ATask3 Avg:47, SD:7, Max:85, Min:32
ACore Active Avg:90, SD:7, Max:100, Min:63
ARouter Active Avg:65, SD:5, Max:79, Min:30
T1 invocations: 3,610,680
T2 invocations: 2,276,995
T3 invocations: 46,452,633
T3b invocations: 0
Total3 invocations: 46,452,633
Total4 invocations: 3,633

T3/T2 ratio: 20
T3b/T3 ratio: 0

T1 avg ex cycles: 42
T2 avg ex cycles: 49
T3&b avg ex cycles: 6
T4 avg ex cycles: 560
Avg. hops NOC1: 3
Avg. latency NOC1 (T2): 7,966
Avg. hops NOC2: 13
Avg. latency NOC2 (T3): 9,189
Number of K Nodes Processed: 4,501
Number of K Edges Processed: 47,224
Node Re-explore factor: 1.07
Edge Re-explore factor: 0.37
Nodes/cy: 7
Edges/cy: 79
TEPS: 214

---DCache---
DCache Size: 125,904
DRAM words: 133,760
  DHits: 101,770,715
  DMisses: 3,894,667
  DHit Rate (hit/miss): 96%
  DEvictions: 389,007
  DEviction Rate (evict/misses): 10%
  MC Transactions: 4,070,854
  MC Writes: 157,460
Avg. Transactions: 21% , Writes: 1%, Avg. Latency: 13
Max MC id: 24 of 32. Transactions: 26% , Writes: 2%, MC mean Latency: 13
HBM refresh energy (nJ): 1
HBM access energy (nJ): 7,711,825
MemC wire energy 2.5d (nJ): 1,907,801
MemC wire energy 3d (nJ): 476,950

---Energy---
Leakage Energy (nJ): 209,588
PU Dyn E (nJ): 3,081,690
Mem Dyn E (nJ): 21,234,364
Route Dyn E (nJ): 4,350,271
Dynamic Energy (nJ): 28,666,325
Ratio of Dyn/Leak: 137
Total Energy (nJ): 28,875,913
Total Energy (nJ) 3D: 29,780,897
Cores Energy (nJ): 3,083,362
Route Energy (nJ): 4,361,761
Route Energy (nJ) 3D: 6,697,596
Mem Energy   (nJ): 21,430,790
Mem Energy   (nJ) 3D: 19,999,940
Avg. Power (mW): 48,076.92
Power Density (mW/mm2): 51.49

---Runtime---
Runtime in K cycles: 600.62
Microseconds: 600.62
Time per iteration (ms): 0.60

---Throughput---
GOP/s (aka OPS/ns): 816.73
GOP/s per core: 0.80
FLOP/s: 77.34
FLOP/s per core: 0.08
Max Peak FLOP/s: 1,024.00
Avg. BW GB/s: 3,055.09
Max BW GB/s: 4,096.00

---Traffic---
In-Die bisection_bytes BW (GB/s): 256.00
Inter-board traffic (msg/ns): 0.00, per-link: 0.00
Inter-pack traffic (msg/ns): 0.00, per-link: 0.00
Inter-die traffic (msg/ns): 55.52, per-link: 0.22
Ruche traffic (msg/ns): 57.52, per-link: 0.22
All traffic (msg/ns): 2,161.71, per-link: 2.11
Inter-die reduction wrt all: 38.93
Inter-board reduction wrt inter-die: inf

---Data Movement---
All traffic (msg): 1,298,366,622
Arith. Intensity FLOP/Loads: 0.20
Arith. Intensity FLOP/Msgs: 0.04
Arith. Intensity OPS/Loads: 2.07
Arith. Intensity OPS/Msgs: 0.38



===Core Utilization Total=== CORE-S:6;; TIME K cy:600 ;; Nodes Proc: 559,517 -- Edges Proc: 6,025,593

===PRINTING FRAME STATS

FCollision In Avg:102, SD:44, Max:301, Min:3
FCollision Out Avg:95, SD:52, Max:285, Min:1
FCollision End Avg:26, SD:33, Max:149, Min:0
FTask1 Avg:5, SD:5, Max:29, Min:0
FTask2 Avg:19, SD:15, Max:60, Min:0
FTask3 Avg:52, SD:9, Max:100, Min:32
FCore Active Avg:77, SD:17, Max:100, Min:37
FRouter Active Avg:78, SD:12, Max:93, Min:23
T1 invocations: 132,399
T2 invocations: 242,220
T3 invocations: 10,262,587
T3b invocations: 0
Total3 invocations: 10,262,587
Total4 invocations: 1,674

T3/T2 ratio: 42
T3b/T3 ratio: 0

T1 avg ex cycles: 37
T2 avg ex cycles: 82
T3&b avg ex cycles: 5
T4 avg ex cycles: 552
Avg. hops NOC1: 2
Avg. latency NOC1 (T2): 18,870
Avg. hops NOC2: 13
Avg. latency NOC2 (T3): 3,390

===PRINTING ACUM STATS at pu_cycles: 700,719

ACollision In Avg:69, SD:23, Max:215, Min:8
ACollision Out Avg:64, SD:26, Max:140, Min:3
ACollision End Avg:19, SD:16, Max:91, Min:0
ATask1 Avg:22, SD:2, Max:32, Min:5
ATask2 Avg:18, SD:8, Max:40, Min:1
ATask3 Avg:47, SD:7, Max:86, Min:33
ACore Active Avg:88, SD:8, Max:100, Min:60
ARouter Active Avg:67, SD:5, Max:80, Min:29
T1 invocations: 3,746,636
T2 invocations: 2,527,587
T3 invocations: 57,001,125
T3b invocations: 0
Total3 invocations: 57,001,125
Total4 invocations: 5,364

T3/T2 ratio: 23
T3b/T3 ratio: 0

T1 avg ex cycles: 42
T2 avg ex cycles: 52
T3&b avg ex cycles: 6
T4 avg ex cycles: 557
Avg. hops NOC1: 3
Avg. latency NOC1 (T2): 9,044
Avg. hops NOC2: 13
Avg. latency NOC2 (T3): 8,124
Number of K Nodes Processed: 4,663
Number of K Edges Processed: 57,401
Node Re-explore factor: 1.11
Edge Re-explore factor: 0.45
Nodes/cy: 7
Edges/cy: 82
TEPS: 183

---DCache---
DCache Size: 125,904
DRAM words: 133,760
  DHits: 120,906,268
  DMisses: 4,493,247
  DHit Rate (hit/miss): 96%
  DEvictions: 466,605
  DEviction Rate (evict/misses): 10%
  MC Transactions: 4,699,209
  MC Writes: 185,337
Avg. Transactions: 21% , Writes: 1%, Avg. Latency: 13
Max MC id: 24 of 32. Transactions: 26% , Writes: 2%, MC mean Latency: 13
HBM refresh energy (nJ): 2
HBM access energy (nJ): 8,902,181
MemC wire energy 2.5d (nJ): 2,202,279
MemC wire energy 3d (nJ): 550,570

---Energy---
Leakage Energy (nJ): 244,518
PU Dyn E (nJ): 3,604,487
Mem Dyn E (nJ): 24,960,323
Route Dyn E (nJ): 5,321,605
Dynamic Energy (nJ): 33,886,416
Ratio of Dyn/Leak: 139
Total Energy (nJ): 34,130,934
Total Energy (nJ) 3D: 35,346,732
Cores Energy (nJ): 3,606,437
Route Energy (nJ): 5,335,010
Route Energy (nJ) 3D: 8,202,517
Mem Energy   (nJ): 25,189,486
Mem Energy   (nJ) 3D: 23,537,777
Avg. Power (mW): 48,708.45
Power Density (mW/mm2): 52.17

---Runtime---
Runtime in K cycles: 700.72
Microseconds: 700.72
Time per iteration (ms): 0.70

---Throughput---
GOP/s (aka OPS/ns): 803.59
GOP/s per core: 0.78
FLOP/s: 81.35
FLOP/s per core: 0.08
Max Peak FLOP/s: 1,024.00
Avg. BW GB/s: 3,126.46
Max BW GB/s: 4,096.00

---Traffic---
In-Die bisection_bytes BW (GB/s): 256.00
Inter-board traffic (msg/ns): 0.00, per-link: 0.00
Inter-pack traffic (msg/ns): 0.00, per-link: 0.00
Inter-die traffic (msg/ns): 58.00, per-link: 0.23
Ruche traffic (msg/ns): 59.17, per-link: 0.23
All traffic (msg/ns): 2,263.47, per-link: 2.21
Inter-die reduction wrt all: 39.03
Inter-board reduction wrt inter-die: inf

---Data Movement---
All traffic (msg): 1,586,057,014
Arith. Intensity FLOP/Loads: 0.20
Arith. Intensity FLOP/Msgs: 0.04
Arith. Intensity OPS/Loads: 2.00
Arith. Intensity OPS/Msgs: 0.36



===Core Utilization Total=== CORE-S:7;; TIME K cy:700 ;; Nodes Proc: 579,978 -- Edges Proc: 7,037,133

===PRINTING FRAME STATS

FCollision In Avg:101, SD:43, Max:298, Min:5
FCollision Out Avg:91, SD:50, Max:277, Min:1
FCollision End Avg:24, SD:32, Max:100, Min:0
FTask1 Avg:5, SD:5, Max:26, Min:0
FTask2 Avg:19, SD:15, Max:62, Min:0
FTask3 Avg:52, SD:9, Max:100, Min:33
FCore Active Avg:77, SD:17, Max:100, Min:38
FRouter Active Avg:78, SD:12, Max:93, Min:28
T1 invocations: 150,328
T2 invocations: 262,535
T3 invocations: 10,226,216
T3b invocations: 0
Total3 invocations: 10,226,216
Total4 invocations: 2,203

T3/T2 ratio: 39
T3b/T3 ratio: 0

T1 avg ex cycles: 36
T2 avg ex cycles: 76
T3&b avg ex cycles: 5
T4 avg ex cycles: 518
Avg. hops NOC1: 2
Avg. latency NOC1 (T2): 17,245
Avg. hops NOC2: 13
Avg. latency NOC2 (T3): 3,063

===PRINTING ACUM STATS at pu_cycles: 800,859

ACollision In Avg:73, SD:24, Max:220, Min:17
ACollision Out Avg:67, SD:27, Max:149, Min:3
ACollision End Avg:20, SD:16, Max:84, Min:0
ATask1 Avg:20, SD:2, Max:29, Min:4
ATask2 Avg:18, SD:7, Max:36, Min:1
ATask3 Avg:48, SD:7, Max:88, Min:33
ACore Active Avg:87, SD:8, Max:100, Min:58
ARouter Active Avg:68, SD:6, Max:81, Min:29
T1 invocations: 3,897,115
T2 invocations: 2,790,316
T3 invocations: 67,266,562
T3b invocations: 0
Total3 invocations: 67,266,562
Total4 invocations: 7,570

T3/T2 ratio: 24
T3b/T3 ratio: 0

T1 avg ex cycles: 42
T2 avg ex cycles: 54
T3&b avg ex cycles: 6
T4 avg ex cycles: 546
Avg. hops NOC1: 3
Avg. latency NOC1 (T2): 9,818
Avg. hops NOC2: 13
Avg. latency NOC2 (T3): 7,353
Number of K Nodes Processed: 4,787
Number of K Edges Processed: 67,629
Node Re-explore factor: 1.14
Edge Re-explore factor: 0.53
Nodes/cy: 6
Edges/cy: 84
TEPS: 160

---DCache---
DCache Size: 125,904
DRAM words: 133,760
  DHits: 140,146,655
  DMisses: 5,086,136
  DHit Rate (hit/miss): 96%
  DEvictions: 548,165
  DEviction Rate (evict/misses): 11%
  MC Transactions: 5,321,559
  MC Writes: 212,907
Avg. Transactions: 21% , Writes: 1%, Avg. Latency: 13
Max MC id: 24 of 32. Transactions: 25% , Writes: 2%, MC mean Latency: 13
HBM refresh energy (nJ): 2
HBM access energy (nJ): 10,081,161
MemC wire energy 2.5d (nJ): 2,493,942
MemC wire energy 3d (nJ): 623,486

---Energy---
Leakage Energy (nJ): 279,462
PU Dyn E (nJ): 4,115,286
Mem Dyn E (nJ): 28,620,538
Route Dyn E (nJ): 6,275,653
Dynamic Energy (nJ): 39,011,477
Ratio of Dyn/Leak: 140
Total Energy (nJ): 39,290,939
Total Energy (nJ) 3D: 40,806,582
Cores Energy (nJ): 4,117,515
Route Energy (nJ): 6,290,974
Route Energy (nJ) 3D: 9,677,073
Mem Energy   (nJ): 28,882,451
Mem Energy   (nJ) 3D: 27,011,994
Avg. Power (mW): 49,060.99
Power Density (mW/mm2): 52.55

---Runtime---
Runtime in K cycles: 800.86
Microseconds: 800.86
Time per iteration (ms): 0.80

---Throughput---
GOP/s (aka OPS/ns): 791.82
GOP/s per core: 0.77
FLOP/s: 83.99
FLOP/s per core: 0.08
Max Peak FLOP/s: 1,024.00
Avg. BW GB/s: 3,167.05
Max BW GB/s: 4,096.00

---Traffic---
In-Die bisection_bytes BW (GB/s): 256.00
Inter-board traffic (msg/ns): 0.00, per-link: 0.00
Inter-pack traffic (msg/ns): 0.00, per-link: 0.00
Inter-die traffic (msg/ns): 59.85, per-link: 0.23
Ruche traffic (msg/ns): 60.52, per-link: 0.24
All traffic (msg/ns): 2,331.88, per-link: 2.28
Inter-die reduction wrt all: 38.96
Inter-board reduction wrt inter-die: inf

---Data Movement---
All traffic (msg): 1,867,509,666
Arith. Intensity FLOP/Loads: 0.21
Arith. Intensity FLOP/Msgs: 0.04
Arith. Intensity OPS/Loads: 1.95
Arith. Intensity OPS/Msgs: 0.34



===Core Utilization Total=== CORE-S:8;; TIME K cy:800 ;; Nodes Proc: 595,536 -- Edges Proc: 8,104,969

===PRINTING FRAME STATS

FCollision In Avg:92, SD:39, Max:269, Min:3
FCollision Out Avg:87, SD:50, Max:223, Min:1
FCollision End Avg:23, SD:31, Max:144, Min:0
FTask1 Avg:6, SD:6, Max:33, Min:0
FTask2 Avg:19, SD:14, Max:62, Min:0
FTask3 Avg:50, SD:9, Max:100, Min:31
FCore Active Avg:76, SD:17, Max:100, Min:36
FRouter Active Avg:76, SD:9, Max:91, Min:33
T1 invocations: 173,885
T2 invocations: 280,423
T3 invocations: 10,039,416
T3b invocations: 0
Total3 invocations: 10,039,416
Total4 invocations: 2,902

T3/T2 ratio: 36
T3b/T3 ratio: 0

T1 avg ex cycles: 35
T2 avg ex cycles: 68
T3&b avg ex cycles: 5
T4 avg ex cycles: 476
Avg. hops NOC1: 2
Avg. latency NOC1 (T2): 15,599
Avg. hops NOC2: 13
Avg. latency NOC2 (T3): 2,964

===PRINTING ACUM STATS at pu_cycles: 900,938

ACollision In Avg:75, SD:24, Max:219, Min:18
ACollision Out Avg:69, SD:28, Max:157, Min:3
ACollision End Avg:20, SD:15, Max:80, Min:0
ATask1 Avg:18, SD:2, Max:26, Min:4
ATask2 Avg:18, SD:7, Max:37, Min:0
ATask3 Avg:48, SD:7, Max:89, Min:32
ACore Active Avg:86, SD:9, Max:100, Min:56
ARouter Active Avg:69, SD:6, Max:82, Min:29
T1 invocations: 4,070,741
T2 invocations: 3,071,213
T3 invocations: 77,295,455
T3b invocations: 0
Total3 invocations: 77,295,455
Total4 invocations: 10,470

T3/T2 ratio: 25
T3b/T3 ratio: 0

T1 avg ex cycles: 42
T2 avg ex cycles: 55
T3&b avg ex cycles: 6
T4 avg ex cycles: 527
Avg. hops NOC1: 3
Avg. latency NOC1 (T2): 10,338
Avg. hops NOC2: 13
Avg. latency NOC2 (T3): 6,784
Number of K Nodes Processed: 4,884
Number of K Edges Processed: 77,623
Node Re-explore factor: 1.16
Edge Re-explore factor: 0.60
Nodes/cy: 5
Edges/cy: 86
TEPS: 142

---DCache---
DCache Size: 125,904
DRAM words: 133,760
  DHits: 159,156,847
  DMisses: 5,644,850
  DHit Rate (hit/miss): 97%
  DEvictions: 633,399
  DEviction Rate (evict/misses): 11%
  MC Transactions: 5,909,165
  MC Writes: 240,012
Avg. Transactions: 20% , Writes: 1%, Avg. Latency: 13
Max MC id: 24 of 32. Transactions: 25% , Writes: 2%, MC mean Latency: 13
HBM refresh energy (nJ): 2
HBM access energy (nJ): 11,194,322
MemC wire energy 2.5d (nJ): 2,769,323
MemC wire energy 3d (nJ): 692,331

---Energy---
Leakage Energy (nJ): 314,385
PU Dyn E (nJ): 4,618,965
Mem Dyn E (nJ): 32,156,337
Route Dyn E (nJ): 7,197,264
Dynamic Energy (nJ): 43,972,566
Ratio of Dyn/Leak: 140
Total Energy (nJ): 44,286,951
Total Energy (nJ) 3D: 46,094,728
Cores Energy (nJ): 4,621,472
Route Energy (nJ): 7,214,499
Route Energy (nJ) 3D: 11,099,269
Mem Energy   (nJ): 32,450,980
Mem Energy   (nJ) 3D: 30,373,987
Avg. Power (mW): 49,156.49
Power Density (mW/mm2): 52.65

---Runtime---
Runtime in K cycles: 900.94
Microseconds: 900.94
Time per iteration (ms): 0.90

---Throughput---
GOP/s (aka OPS/ns): 782.04
GOP/s per core: 0.76
FLOP/s: 85.79
FLOP/s per core: 0.08
Max Peak FLOP/s: 1,024.00
Avg. BW GB/s: 3,190.94
Max BW GB/s: 4,096.00

---Traffic---
In-Die bisection_bytes BW (GB/s): 256.00
Inter-board traffic (msg/ns): 0.00, per-link: 0.00
Inter-pack traffic (msg/ns): 0.00, per-link: 0.00
Inter-die traffic (msg/ns): 60.86, per-link: 0.24
Ruche traffic (msg/ns): 61.70, per-link: 0.24
All traffic (msg/ns): 2,373.96, per-link: 2.32
Inter-die reduction wrt all: 39.01
Inter-board reduction wrt inter-die: inf

---Data Movement---
All traffic (msg): 2,138,794,557
Arith. Intensity FLOP/Loads: 0.21
Arith. Intensity FLOP/Msgs: 0.04
Arith. Intensity OPS/Loads: 1.92
Arith. Intensity OPS/Msgs: 0.33



===Core Utilization Total=== CORE-S:9;; TIME K cy:900 ;; Nodes Proc: 607,658 -- Edges Proc: 9,413,281

===PRINTING FRAME STATS

FCollision In Avg:92, SD:43, Max:316, Min:0
FCollision Out Avg:88, SD:55, Max:299, Min:0
FCollision End Avg:24, SD:33, Max:200, Min:0
FTask1 Avg:6, SD:7, Max:32, Min:0
FTask2 Avg:18, SD:15, Max:61, Min:0
FTask3 Avg:49, SD:9, Max:100, Min:31
FCore Active Avg:75, SD:19, Max:100, Min:36
FRouter Active Avg:74, SD:17, Max:94, Min:32
T1 invocations: 187,867
T2 invocations: 290,643
T3 invocations: 9,745,518
T3b invocations: 0
Total3 invocations: 9,745,518
Total4 invocations: 3,696

T3/T2 ratio: 34
T3b/T3 ratio: 0

T1 avg ex cycles: 34
T2 avg ex cycles: 64
T3&b avg ex cycles: 5
T4 avg ex cycles: 411
Avg. hops NOC1: 2
Avg. latency NOC1 (T2): 13,098
Avg. hops NOC2: 13
Avg. latency NOC2 (T3): 2,798

===PRINTING ACUM STATS at pu_cycles: 1,000,969

ACollision In Avg:77, SD:24, Max:215, Min:19
ACollision Out Avg:71, SD:28, Max:149, Min:4
ACollision End Avg:20, SD:15, Max:82, Min:0
ATask1 Avg:17, SD:2, Max:24, Min:4
ATask2 Avg:18, SD:7, Max:34, Min:0
ATask3 Avg:48, SD:7, Max:90, Min:32
ACore Active Avg:85, SD:9, Max:100, Min:56
ARouter Active Avg:69, SD:6, Max:83, Min:30
T1 invocations: 4,258,531
T2 invocations: 3,361,457
T3 invocations: 87,039,940
T3b invocations: 0
Total3 invocations: 87,039,940
Total4 invocations: 14,167

T3/T2 ratio: 26
T3b/T3 ratio: 0

T1 avg ex cycles: 41
T2 avg ex cycles: 56
T3&b avg ex cycles: 6
T4 avg ex cycles: 497
Avg. hops NOC1: 3
Avg. latency NOC1 (T2): 10,582
Avg. hops NOC2: 13
Avg. latency NOC2 (T3): 6,338
Number of K Nodes Processed: 4,965
Number of K Edges Processed: 87,388
Node Re-explore factor: 1.18
Edge Re-explore factor: 0.68
Nodes/cy: 5
Edges/cy: 87
TEPS: 128

---DCache---
DCache Size: 125,904
DRAM words: 133,760
  DHits: 177,703,161
  DMisses: 6,175,994
  DHit Rate (hit/miss): 97%
  DEvictions: 717,446
  DEviction Rate (evict/misses): 12%
  MC Transactions: 6,468,838
  MC Writes: 265,977
Avg. Transactions: 20% , Writes: 1%, Avg. Latency: 13
Max MC id: 24 of 32. Transactions: 24% , Writes: 1%, MC mean Latency: 13
HBM refresh energy (nJ): 2
HBM access energy (nJ): 12,254,566
MemC wire energy 2.5d (nJ): 3,031,613
MemC wire energy 3d (nJ): 757,903

---Energy---
Leakage Energy (nJ): 349,291
PU Dyn E (nJ): 5,112,005
Mem Dyn E (nJ): 35,571,526
Route Dyn E (nJ): 8,097,106
Dynamic Energy (nJ): 48,780,638
Ratio of Dyn/Leak: 140
Total Energy (nJ): 49,129,929
Total Energy (nJ) 3D: 51,223,984
Cores Energy (nJ): 5,114,791
Route Energy (nJ): 8,116,255
Route Energy (nJ) 3D: 12,484,020
Mem Energy   (nJ): 35,898,883
Mem Energy   (nJ) 3D: 33,625,173
Avg. Power (mW): 49,082.37
Power Density (mW/mm2): 52.57

---Runtime---
Runtime in K cycles: 1,000.97
Microseconds: 1,000.97
Time per iteration (ms): 1.00

---Throughput---
GOP/s (aka OPS/ns): 773.05
GOP/s per core: 0.75
FLOP/s: 86.96
FLOP/s per core: 0.08
Max Peak FLOP/s: 1,024.00
Avg. BW GB/s: 3,201.60
Max BW GB/s: 4,096.00

---Traffic---
In-Die bisection_bytes BW (GB/s): 256.00
Inter-board traffic (msg/ns): 0.00, per-link: 0.00
Inter-pack traffic (msg/ns): 0.00, per-link: 0.00
Inter-die traffic (msg/ns): 61.48, per-link: 0.24
Ruche traffic (msg/ns): 62.88, per-link: 0.25
All traffic (msg/ns): 2,399.91, per-link: 2.34
Inter-die reduction wrt all: 39.04
Inter-board reduction wrt inter-die: inf

---Data Movement---
All traffic (msg): 2,402,238,622
Arith. Intensity FLOP/Loads: 0.21
Arith. Intensity FLOP/Msgs: 0.04
Arith. Intensity OPS/Loads: 1.90
Arith. Intensity OPS/Msgs: 0.32



===Core Utilization Total=== CORE-S:10;; TIME K cy:1,000 ;; Nodes Proc: 617,699 -- Edges Proc: 11,150,337

===PRINTING FRAME STATS

FCollision In Avg:91, SD:44, Max:310, Min:0
FCollision Out Avg:88, SD:55, Max:296, Min:0
FCollision End Avg:23, SD:32, Max:180, Min:0
FTask1 Avg:7, SD:7, Max:37, Min:0
FTask2 Avg:17, SD:15, Max:66, Min:0
FTask3 Avg:47, SD:9, Max:100, Min:30
FCore Active Avg:72, SD:19, Max:100, Min:31
FRouter Active Avg:72, SD:17, Max:93, Min:32
T1 invocations: 204,266
T2 invocations: 305,636
T3 invocations: 9,337,972
T3b invocations: 0
Total3 invocations: 9,337,972
Total4 invocations: 5,365

T3/T2 ratio: 31
T3b/T3 ratio: 0

T1 avg ex cycles: 34
T2 avg ex cycles: 57
T3&b avg ex cycles: 5
T4 avg ex cycles: 318
Avg. hops NOC1: 2
Avg. latency NOC1 (T2): 12,048
Avg. hops NOC2: 13
Avg. latency NOC2 (T3): 2,560

===PRINTING ACUM STATS at pu_cycles: 1,100,626

ACollision In Avg:78, SD:25, Max:217, Min:19
ACollision Out Avg:73, SD:28, Max:146, Min:4
ACollision End Avg:21, SD:15, Max:89, Min:0
ATask1 Avg:16, SD:2, Max:22, Min:3
ATask2 Avg:18, SD:6, Max:34, Min:0
ATask3 Avg:48, SD:7, Max:91, Min:32
ACore Active Avg:83, SD:9, Max:100, Min:54
ARouter Active Avg:70, SD:5, Max:84, Min:30
T1 invocations: 4,460,110
T2 invocations: 3,664,264
T3 invocations: 96,314,349
T3b invocations: 0
Total3 invocations: 96,314,349
Total4 invocations: 19,496

T3/T2 ratio: 26
T3b/T3 ratio: 0

T1 avg ex cycles: 41
T2 avg ex cycles: 56
T3&b avg ex cycles: 6
T4 avg ex cycles: 447
Avg. hops NOC1: 2
Avg. latency NOC1 (T2): 10,707
Avg. hops NOC2: 13
Avg. latency NOC2 (T3): 5,973
Number of K Nodes Processed: 5,031
Number of K Edges Processed: 96,651
Node Re-explore factor: 1.20
Edge Re-explore factor: 0.75
Nodes/cy: 5
Edges/cy: 88
TEPS: 117

---DCache---
DCache Size: 125,904
DRAM words: 133,760
  DHits: 195,518,471
  DMisses: 6,655,523
  DHit Rate (hit/miss): 97%
  DEvictions: 800,973
  DEviction Rate (evict/misses): 12%
  MC Transactions: 6,975,398
  MC Writes: 290,988
Avg. Transactions: 20% , Writes: 1%, Avg. Latency: 13
Max MC id: 24 of 32. Transactions: 23% , Writes: 1%, MC mean Latency: 13
HBM refresh energy (nJ): 3
HBM access energy (nJ): 13,214,193
MemC wire energy 2.5d (nJ): 3,269,012
MemC wire energy 3d (nJ): 817,253

---Energy---
Leakage Energy (nJ): 384,066
PU Dyn E (nJ): 5,585,660
Mem Dyn E (nJ): 38,765,804
Route Dyn E (nJ): 8,954,538
Dynamic Energy (nJ): 53,306,002
Ratio of Dyn/Leak: 139
Total Energy (nJ): 53,690,068
Total Energy (nJ) 3D: 56,066,622
Cores Energy (nJ): 5,588,723
Route Energy (nJ): 8,975,593
Route Energy (nJ) 3D: 13,803,906
Mem Energy   (nJ): 39,125,753
Mem Energy   (nJ) 3D: 36,673,994
Avg. Power (mW): 48,781.39
Power Density (mW/mm2): 52.25

---Runtime---
Runtime in K cycles: 1,100.63
Microseconds: 1,100.63
Time per iteration (ms): 1.10

---Throughput---
GOP/s (aka OPS/ns): 763.80
GOP/s per core: 0.75
FLOP/s: 87.51
FLOP/s per core: 0.09
Max Peak FLOP/s: 1,024.00
Avg. BW GB/s: 3,197.48
Max BW GB/s: 4,096.00

---Traffic---
In-Die bisection_bytes BW (GB/s): 256.00
Inter-board traffic (msg/ns): 0.00, per-link: 0.00
Inter-pack traffic (msg/ns): 0.00, per-link: 0.00
Inter-die traffic (msg/ns): 61.77, per-link: 0.24
Ruche traffic (msg/ns): 63.47, per-link: 0.25
All traffic (msg/ns): 2,410.41, per-link: 2.35
Inter-die reduction wrt all: 39.02
Inter-board reduction wrt inter-die: inf

---Data Movement---
All traffic (msg): 2,652,962,056
Arith. Intensity FLOP/Loads: 0.22
Arith. Intensity FLOP/Msgs: 0.04
Arith. Intensity OPS/Loads: 1.88
Arith. Intensity OPS/Msgs: 0.32



===Core Utilization Total=== CORE-S:11;; TIME K cy:1,100 ;; Nodes Proc: 626,049 -- Edges Proc: 12,858,901

===PRINTING FRAME STATS

FCollision In Avg:74, SD:47, Max:301, Min:0
FCollision Out Avg:73, SD:57, Max:300, Min:0
FCollision End Avg:19, SD:31, Max:180, Min:0
FTask1 Avg:7, SD:9, Max:45, Min:0
FTask2 Avg:16, SD:16, Max:69, Min:0
FTask3 Avg:45, SD:8, Max:100, Min:28
FCore Active Avg:71, SD:22, Max:100, Min:29
FRouter Active Avg:71, SD:17, Max:93, Min:30
T1 invocations: 228,002
T2 invocations: 324,631
T3 invocations: 9,033,995
T3b invocations: 0
Total3 invocations: 9,033,995
Total4 invocations: 8,964

T3/T2 ratio: 28
T3b/T3 ratio: 0

T1 avg ex cycles: 34
T2 avg ex cycles: 52
T3&b avg ex cycles: 5
T4 avg ex cycles: 221
Avg. hops NOC1: 2
Avg. latency NOC1 (T2): 8,951
Avg. hops NOC2: 13
Avg. latency NOC2 (T3): 2,566

===PRINTING ACUM STATS at pu_cycles: 1,201,075

ACollision In Avg:78, SD:25, Max:209, Min:18
ACollision Out Avg:73, SD:29, Max:151, Min:4
ACollision End Avg:20, SD:14, Max:95, Min:0
ATask1 Avg:15, SD:2, Max:20, Min:3
ATask2 Avg:18, SD:6, Max:28, Min:0
ATask3 Avg:48, SD:7, Max:92, Min:32
ACore Active Avg:82, SD:9, Max:100, Min:52
ARouter Active Avg:70, SD:6, Max:84, Min:31
T1 invocations: 4,693,410
T2 invocations: 3,991,518
T3 invocations: 105,421,016
T3b invocations: 0
Total3 invocations: 105,421,016
Total4 invocations: 28,548

T3/T2 ratio: 26
T3b/T3 ratio: 0

T1 avg ex cycles: 41
T2 avg ex cycles: 56
T3&b avg ex cycles: 6
T4 avg ex cycles: 377
Avg. hops NOC1: 2
Avg. latency NOC1 (T2): 10,554
Avg. hops NOC2: 13
Avg. latency NOC2 (T3): 5,678
Number of K Nodes Processed: 5,086
Number of K Edges Processed: 105,712
Node Re-explore factor: 1.21
Edge Re-explore factor: 0.82
Nodes/cy: 4
Edges/cy: 88
TEPS: 107

---DCache---
DCache Size: 125,904
DRAM words: 133,760
  DHits: 212,924,823
  DMisses: 7,103,586
  DHit Rate (hit/miss): 97%
  DEvictions: 887,953
  DEviction Rate (evict/misses): 13%
  MC Transactions: 7,450,706
  MC Writes: 316,531
Avg. Transactions: 19% , Writes: 1%, Avg. Latency: 13
Max MC id: 24 of 32. Transactions: 23% , Writes: 1%, MC mean Latency: 13
HBM refresh energy (nJ): 3
HBM access energy (nJ): 14,114,617
MemC wire energy 2.5d (nJ): 3,491,764
MemC wire energy 3d (nJ): 872,941

---Energy---
Leakage Energy (nJ): 419,118
PU Dyn E (nJ): 6,058,221
Mem Dyn E (nJ): 41,858,446
Route Dyn E (nJ): 9,791,364
Dynamic Energy (nJ): 57,708,032
Ratio of Dyn/Leak: 138
Total Energy (nJ): 58,127,150
Total Energy (nJ) 3D: 60,784,342
Cores Energy (nJ): 6,061,564
Route Energy (nJ): 9,814,341
Route Energy (nJ) 3D: 15,090,357
Mem Energy   (nJ): 42,251,246
Mem Energy   (nJ) 3D: 39,632,422
Avg. Power (mW): 48,395.94
Power Density (mW/mm2): 51.84

---Runtime---
Runtime in K cycles: 1,201.08
Microseconds: 1,201.08
Time per iteration (ms): 1.20

---Throughput---
GOP/s (aka OPS/ns): 755.94
GOP/s per core: 0.74
FLOP/s: 87.77
FLOP/s per core: 0.09
Max Peak FLOP/s: 1,024.00
Avg. BW GB/s: 3,188.91
Max BW GB/s: 4,096.00

---Traffic---
In-Die bisection_bytes BW (GB/s): 256.00
Inter-board traffic (msg/ns): 0.00, per-link: 0.00
Inter-pack traffic (msg/ns): 0.00, per-link: 0.00
Inter-die traffic (msg/ns): 61.72, per-link: 0.24
Ruche traffic (msg/ns): 64.06, per-link: 0.25
All traffic (msg/ns): 2,412.02, per-link: 2.36
Inter-die reduction wrt all: 39.08
Inter-board reduction wrt inter-die: inf

---Data Movement---
All traffic (msg): 2,897,018,443
Arith. Intensity FLOP/Loads: 0.22
Arith. Intensity FLOP/Msgs: 0.04
Arith. Intensity OPS/Loads: 1.87
Arith. Intensity OPS/Msgs: 0.31



===Core Utilization Total=== CORE-S:12;; TIME K cy:1,200 ;; Nodes Proc: 633,037 -- Edges Proc: 14,477,446

===PRINTING FRAME STATS

FCollision In Avg:62, SD:46, Max:301, Min:1
FCollision Out Avg:60, SD:53, Max:291, Min:0
FCollision End Avg:17, SD:28, Max:191, Min:0
FTask1 Avg:8, SD:8, Max:40, Min:0
FTask2 Avg:17, SD:16, Max:64, Min:0
FTask3 Avg:46, SD:8, Max:100, Min:28
FCore Active Avg:72, SD:20, Max:100, Min:30
FRouter Active Avg:73, SD:13, Max:94, Min:35
T1 invocations: 232,606
T2 invocations: 334,541
T3 invocations: 9,156,144
T3b invocations: 0
Total3 invocations: 9,156,144
Total4 invocations: 12,706

T3/T2 ratio: 27
T3b/T3 ratio: 0

T1 avg ex cycles: 33
T2 avg ex cycles: 51
T3&b avg ex cycles: 5
T4 avg ex cycles: 162
Avg. hops NOC1: 3
Avg. latency NOC1 (T2): 10,048
Avg. hops NOC2: 13
Avg. latency NOC2 (T3): 2,792

===PRINTING ACUM STATS at pu_cycles: 1,300,679

ACollision In Avg:77, SD:25, Max:205, Min:17
ACollision Out Avg:72, SD:29, Max:162, Min:4
ACollision End Avg:20, SD:14, Max:101, Min:0
ATask1 Avg:15, SD:2, Max:19, Min:3
ATask2 Avg:18, SD:5, Max:27, Min:0
ATask3 Avg:48, SD:8, Max:93, Min:32
ACore Active Avg:82, SD:9, Max:100, Min:52
ARouter Active Avg:70, SD:6, Max:84, Min:31
T1 invocations: 4,920,154
T2 invocations: 4,317,114
T3 invocations: 114,348,988
T3b invocations: 0
Total3 invocations: 114,348,988
Total4 invocations: 41,164

T3/T2 ratio: 26
T3b/T3 ratio: 0

T1 avg ex cycles: 40
T2 avg ex cycles: 55
T3&b avg ex cycles: 6
T4 avg ex cycles: 310
Avg. hops NOC1: 2
Avg. latency NOC1 (T2): 10,520
Avg. hops NOC2: 13
Avg. latency NOC2 (T3): 5,454
Number of K Nodes Processed: 5,137
Number of K Edges Processed: 114,819
Node Re-explore factor: 1.22
Edge Re-explore factor: 0.89
Nodes/cy: 4
Edges/cy: 88
TEPS: 99

---DCache---
DCache Size: 125,904
DRAM words: 133,760
  DHits: 230,414,409
  DMisses: 7,555,188
  DHit Rate (hit/miss): 97%
  DEvictions: 979,947
  DEviction Rate (evict/misses): 13%
  MC Transactions: 7,929,077
  MC Writes: 341,928
Avg. Transactions: 19% , Writes: 1%, Avg. Latency: 13
Max MC id: 24 of 32. Transactions: 22% , Writes: 1%, MC mean Latency: 12
HBM refresh energy (nJ): 3
HBM access energy (nJ): 15,020,843
MemC wire energy 2.5d (nJ): 3,715,952
MemC wire energy 3d (nJ): 928,988

---Energy---
Leakage Energy (nJ): 453,875
PU Dyn E (nJ): 6,521,051
Mem Dyn E (nJ): 44,925,009
Route Dyn E (nJ): 10,607,807
Dynamic Energy (nJ): 62,053,868
Ratio of Dyn/Leak: 137
Total Energy (nJ): 62,507,743
Total Energy (nJ) 3D: 65,431,186
Cores Energy (nJ): 6,524,671
Route Energy (nJ): 10,632,689
Route Energy (nJ) 3D: 16,343,097
Mem Energy   (nJ): 45,350,384
Mem Energy   (nJ) 3D: 42,563,419
Avg. Power (mW): 48,057.78
Power Density (mW/mm2): 51.47

---Runtime---
Runtime in K cycles: 1,300.68
Microseconds: 1,300.68
Time per iteration (ms): 1.30

---Throughput---
GOP/s (aka OPS/ns): 748.70
GOP/s per core: 0.73
FLOP/s: 87.91
FLOP/s per core: 0.09
Max Peak FLOP/s: 1,024.00
Avg. BW GB/s: 3,178.57
Max BW GB/s: 4,096.00

---Traffic---
In-Die bisection_bytes BW (GB/s): 256.00
Inter-board traffic (msg/ns): 0.00, per-link: 0.00
Inter-pack traffic (msg/ns): 0.00, per-link: 0.00
Inter-die traffic (msg/ns): 61.72, per-link: 0.24
Ruche traffic (msg/ns): 64.51, per-link: 0.25
All traffic (msg/ns): 2,410.11, per-link: 2.35
Inter-die reduction wrt all: 39.05
Inter-board reduction wrt inter-die: inf

---Data Movement---
All traffic (msg): 3,134,775,838
Arith. Intensity FLOP/Loads: 0.22
Arith. Intensity FLOP/Msgs: 0.04
Arith. Intensity OPS/Loads: 1.85
Arith. Intensity OPS/Msgs: 0.31



===Core Utilization Total=== CORE-S:13;; TIME K cy:1,300 ;; Nodes Proc: 639,411 -- Edges Proc: 15,867,508

===PRINTING FRAME STATS

FCollision In Avg:47, SD:43, Max:265, Min:2
FCollision Out Avg:45, SD:49, Max:235, Min:0
FCollision End Avg:14, SD:25, Max:175, Min:0
FTask1 Avg:8, SD:9, Max:43, Min:0
FTask2 Avg:16, SD:16, Max:73, Min:0
FTask3 Avg:43, SD:8, Max:100, Min:24
FCore Active Avg:70, SD:21, Max:100, Min:31
FRouter Active Avg:72, SD:10, Max:93, Min:34
T1 invocations: 248,533
T2 invocations: 341,003
T3 invocations: 8,735,804
T3b invocations: 0
Total3 invocations: 8,735,804
Total4 invocations: 16,072

T3/T2 ratio: 26
T3b/T3 ratio: 0

T1 avg ex cycles: 33
T2 avg ex cycles: 48
T3&b avg ex cycles: 5
T4 avg ex cycles: 140
Avg. hops NOC1: 3
Avg. latency NOC1 (T2): 8,690
Avg. hops NOC2: 13
Avg. latency NOC2 (T3): 2,505

===PRINTING ACUM STATS at pu_cycles: 1,400,845

ACollision In Avg:75, SD:26, Max:198, Min:16
ACollision Out Avg:70, SD:29, Max:165, Min:4
ACollision End Avg:20, SD:14, Max:107, Min:0
ATask1 Avg:14, SD:2, Max:18, Min:3
ATask2 Avg:18, SD:5, Max:24, Min:0
ATask3 Avg:47, SD:8, Max:93, Min:31
ACore Active Avg:81, SD:8, Max:100, Min:52
ARouter Active Avg:70, SD:6, Max:84, Min:32
T1 invocations: 5,179,135
T2 invocations: 4,667,806
T3 invocations: 123,272,581
T3b invocations: 0
Total3 invocations: 123,272,581
Total4 invocations: 57,433

T3/T2 ratio: 26
T3b/T3 ratio: 0

T1 avg ex cycles: 40
T2 avg ex cycles: 55
T3&b avg ex cycles: 6
T4 avg ex cycles: 263
Avg. hops NOC1: 3
Avg. latency NOC1 (T2): 10,387
Avg. hops NOC2: 13
Avg. latency NOC2 (T3): 5,240
Number of K Nodes Processed: 5,182
Number of K Edges Processed: 123,568
Node Re-explore factor: 1.24
Edge Re-explore factor: 0.96
Nodes/cy: 4
Edges/cy: 88
TEPS: 92

---DCache---
DCache Size: 125,904
DRAM words: 133,760
  DHits: 247,340,556
  DMisses: 7,993,366
  DHit Rate (hit/miss): 97%
  DEvictions: 1,069,174
  DEviction Rate (evict/misses): 13%
  MC Transactions: 8,391,986
  MC Writes: 365,464
Avg. Transactions: 19% , Writes: 1%, Avg. Latency: 13
Max MC id: 24 of 32. Transactions: 22% , Writes: 1%, MC mean Latency: 12
HBM refresh energy (nJ): 4
HBM access energy (nJ): 15,897,778
MemC wire energy 2.5d (nJ): 3,932,894
MemC wire energy 3d (nJ): 983,224

---Energy---
Leakage Energy (nJ): 488,829
PU Dyn E (nJ): 6,991,181
Mem Dyn E (nJ): 47,962,311
Route Dyn E (nJ): 11,427,000
Dynamic Energy (nJ): 66,380,492
Ratio of Dyn/Leak: 136
Total Energy (nJ): 66,869,321
Total Energy (nJ) 3D: 70,069,370
Cores Energy (nJ): 6,995,080
Route Energy (nJ): 11,453,798
Route Energy (nJ) 3D: 17,603,517
Mem Energy   (nJ): 48,420,443
Mem Energy   (nJ) 3D: 45,470,773
Avg. Power (mW): 47,734.99
Power Density (mW/mm2): 51.13

---Runtime---
Runtime in K cycles: 1,400.85
Microseconds: 1,400.85
Time per iteration (ms): 1.40

---Throughput---
GOP/s (aka OPS/ns): 743.34
GOP/s per core: 0.73
FLOP/s: 88.00
FLOP/s per core: 0.09
Max Peak FLOP/s: 1,024.00
Avg. BW GB/s: 3,170.96
Max BW GB/s: 4,096.00

---Traffic---
In-Die bisection_bytes BW (GB/s): 256.00
Inter-board traffic (msg/ns): 0.00, per-link: 0.00
Inter-pack traffic (msg/ns): 0.00, per-link: 0.00
Inter-die traffic (msg/ns): 61.58, per-link: 0.24
Ruche traffic (msg/ns): 64.78, per-link: 0.25
All traffic (msg/ns): 2,408.59, per-link: 2.35
Inter-die reduction wrt all: 39.11
Inter-board reduction wrt inter-die: inf

---Data Movement---
All traffic (msg): 3,374,064,286
Arith. Intensity FLOP/Loads: 0.22
Arith. Intensity FLOP/Msgs: 0.04
Arith. Intensity OPS/Loads: 1.85
Arith. Intensity OPS/Msgs: 0.31



===Core Utilization Total=== CORE-S:14;; TIME K cy:1,400 ;; Nodes Proc: 644,962 -- Edges Proc: 17,032,897

===PRINTING FRAME STATS

FCollision In Avg:33, SD:37, Max:223, Min:0
FCollision Out Avg:30, SD:36, Max:154, Min:0
FCollision End Avg:11, SD:20, Max:107, Min:0
FTask1 Avg:9, SD:10, Max:48, Min:0
FTask2 Avg:15, SD:18, Max:70, Min:0
FTask3 Avg:41, SD:8, Max:99, Min:22
FCore Active Avg:68, SD:23, Max:100, Min:29
FRouter Active Avg:69, SD:12, Max:93, Min:19
T1 invocations: 264,609
T2 invocations: 349,220
T3 invocations: 8,302,392
T3b invocations: 0
Total3 invocations: 8,302,392
Total4 invocations: 19,401

T3/T2 ratio: 24
T3b/T3 ratio: 0

T1 avg ex cycles: 33
T2 avg ex cycles: 45
T3&b avg ex cycles: 5
T4 avg ex cycles: 126
Avg. hops NOC1: 3
Avg. latency NOC1 (T2): 6,445
Avg. hops NOC2: 13
Avg. latency NOC2 (T3): 2,475

===PRINTING ACUM STATS at pu_cycles: 1,501,114

ACollision In Avg:72, SD:25, Max:191, Min:15
ACollision Out Avg:67, SD:29, Max:158, Min:4
ACollision End Avg:19, SD:13, Max:107, Min:0
ATask1 Avg:14, SD:2, Max:16, Min:2
ATask2 Avg:18, SD:4, Max:23, Min:0
ATask3 Avg:47, SD:8, Max:94, Min:31
ACore Active Avg:80, SD:8, Max:100, Min:52
ARouter Active Avg:70, SD:5, Max:84, Min:31
T1 invocations: 5,447,125
T2 invocations: 5,018,509
T3 invocations: 131,625,541
T3b invocations: 0
Total3 invocations: 131,625,541
Total4 invocations: 76,889

T3/T2 ratio: 26
T3b/T3 ratio: 0

T1 avg ex cycles: 39
T2 avg ex cycles: 54
T3&b avg ex cycles: 5
T4 avg ex cycles: 229
Avg. hops NOC1: 3
Avg. latency NOC1 (T2): 10,118
Avg. hops NOC2: 13
Avg. latency NOC2 (T3): 5,065
Number of K Nodes Processed: 5,221
Number of K Edges Processed: 131,852
Node Re-explore factor: 1.24
Edge Re-explore factor: 1.03
Nodes/cy: 3
Edges/cy: 88
TEPS: 85

---DCache---
DCache Size: 125,904
DRAM words: 133,760
  DHits: 263,622,630
  DMisses: 8,415,920
  DHit Rate (hit/miss): 97%
  DEvictions: 1,158,742
  DEviction Rate (evict/misses): 14%
  MC Transactions: 8,839,324
  MC Writes: 389,293
Avg. Transactions: 18% , Writes: 1%, Avg. Latency: 12
Max MC id: 24 of 32. Transactions: 21% , Writes: 1%, MC mean Latency: 12
HBM refresh energy (nJ): 4
HBM access energy (nJ): 16,745,215
MemC wire energy 2.5d (nJ): 4,142,539
MemC wire energy 3d (nJ): 1,035,635

---Energy---
Leakage Energy (nJ): 523,818
PU Dyn E (nJ): 7,436,181
Mem Dyn E (nJ): 50,847,017
Route Dyn E (nJ): 12,186,072
Dynamic Energy (nJ): 70,469,270
Ratio of Dyn/Leak: 135
Total Energy (nJ): 70,993,088
Total Energy (nJ) 3D: 74,439,422
Cores Energy (nJ): 7,440,359
Route Energy (nJ): 12,214,789
Route Energy (nJ) 3D: 18,768,026
Mem Energy   (nJ): 51,337,941
Mem Energy   (nJ) 3D: 48,231,037
Avg. Power (mW): 47,293.60
Power Density (mW/mm2): 50.65

---Runtime---
Runtime in K cycles: 1,501.11
Microseconds: 1,501.11
Time per iteration (ms): 1.50

---Throughput---
GOP/s (aka OPS/ns): 736.49
GOP/s per core: 0.72
FLOP/s: 87.69
FLOP/s per core: 0.09
Max Peak FLOP/s: 1,024.00
Avg. BW GB/s: 3,151.04
Max BW GB/s: 4,096.00

---Traffic---
In-Die bisection_bytes BW (GB/s): 256.00
Inter-board traffic (msg/ns): 0.00, per-link: 0.00
Inter-pack traffic (msg/ns): 0.00, per-link: 0.00
Inter-die traffic (msg/ns): 61.32, per-link: 0.24
Ruche traffic (msg/ns): 64.75, per-link: 0.25
All traffic (msg/ns): 2,395.09, per-link: 2.34
Inter-die reduction wrt all: 39.06
Inter-board reduction wrt inter-die: inf

---Data Movement---
All traffic (msg): 3,595,304,378
Arith. Intensity FLOP/Loads: 0.22
Arith. Intensity FLOP/Msgs: 0.04
Arith. Intensity OPS/Loads: 1.84
Arith. Intensity OPS/Msgs: 0.31



===Core Utilization Total=== CORE-S:15;; TIME K cy:1,500 ;; Nodes Proc: 649,860 -- Edges Proc: 17,881,180

===PRINTING FRAME STATS

FCollision In Avg:22, SD:31, Max:190, Min:0
FCollision Out Avg:20, SD:31, Max:148, Min:0
FCollision End Avg:8, SD:17, Max:97, Min:0
FTask1 Avg:7, SD:10, Max:49, Min:0
FTask2 Avg:13, SD:18, Max:73, Min:0
FTask3 Avg:35, SD:7, Max:81, Min:20
FCore Active Avg:57, SD:25, Max:100, Min:25
FRouter Active Avg:61, SD:14, Max:92, Min:19
T1 invocations: 227,998
T2 invocations: 298,815
T3 invocations: 6,946,773
T3b invocations: 0
Total3 invocations: 6,946,773
Total4 invocations: 20,240

T3/T2 ratio: 23
T3b/T3 ratio: 0

T1 avg ex cycles: 33
T2 avg ex cycles: 44
T3&b avg ex cycles: 5
T4 avg ex cycles: 105
Avg. hops NOC1: 3
Avg. latency NOC1 (T2): 4,715
Avg. hops NOC2: 12
Avg. latency NOC2 (T3): 2,167

===PRINTING ACUM STATS at pu_cycles: 1,601,002

ACollision In Avg:69, SD:25, Max:189, Min:14
ACollision Out Avg:64, SD:28, Max:151, Min:4
ACollision End Avg:18, SD:13, Max:105, Min:1
ATask1 Avg:14, SD:2, Max:16, Min:2
ATask2 Avg:17, SD:3, Max:21, Min:0
ATask3 Avg:46, SD:8, Max:93, Min:31
ACore Active Avg:78, SD:7, Max:100, Min:51
ARouter Active Avg:70, SD:5, Max:83, Min:30
T1 invocations: 5,674,276
T2 invocations: 5,317,643
T3 invocations: 138,556,069
T3b invocations: 0
Total3 invocations: 138,556,069
Total4 invocations: 97,117

T3/T2 ratio: 26
T3b/T3 ratio: 0

T1 avg ex cycles: 39
T2 avg ex cycles: 54
T3&b avg ex cycles: 5
T4 avg ex cycles: 203
Avg. hops NOC1: 3
Avg. latency NOC1 (T2): 9,814
Avg. hops NOC2: 13
Avg. latency NOC2 (T3): 4,920
Number of K Nodes Processed: 5,251
Number of K Edges Processed: 138,718
Node Re-explore factor: 1.25
Edge Re-explore factor: 1.08
Nodes/cy: 3
Edges/cy: 87
TEPS: 80

---DCache---
DCache Size: 125,904
DRAM words: 133,760
  DHits: 277,427,385
  DMisses: 8,760,785
  DHit Rate (hit/miss): 97%
  DEvictions: 1,231,894
  DEviction Rate (evict/misses): 14%
  MC Transactions: 9,203,393
  MC Writes: 408,006
Avg. Transactions: 18% , Writes: 1%, Avg. Latency: 12
Max MC id: 24 of 32. Transactions: 20% , Writes: 1%, MC mean Latency: 12
HBM refresh energy (nJ): 4
HBM access energy (nJ): 17,434,907
MemC wire energy 2.5d (nJ): 4,313,159
MemC wire energy 3d (nJ): 1,078,290

---Energy---
Leakage Energy (nJ): 558,674
PU Dyn E (nJ): 7,806,612
Mem Dyn E (nJ): 53,231,036
Route Dyn E (nJ): 12,809,031
Dynamic Energy (nJ): 73,846,680
Ratio of Dyn/Leak: 132
Total Energy (nJ): 74,405,354
Total Energy (nJ) 3D: 78,052,412
Cores Energy (nJ): 7,811,068
Route Energy (nJ): 12,839,658
Route Energy (nJ) 3D: 19,721,585
Mem Energy   (nJ): 53,754,628
Mem Energy   (nJ) 3D: 50,519,759
Avg. Power (mW): 46,474.24
Power Density (mW/mm2): 49.78

---Runtime---
Runtime in K cycles: 1,601.00
Microseconds: 1,601.00
Time per iteration (ms): 1.60

---Throughput---
GOP/s (aka OPS/ns): 724.00
GOP/s per core: 0.71
FLOP/s: 86.54
FLOP/s per core: 0.08
Max Peak FLOP/s: 1,024.00
Avg. BW GB/s: 3,103.92
Max BW GB/s: 4,096.00

---Traffic---
In-Die bisection_bytes BW (GB/s): 256.00
Inter-board traffic (msg/ns): 0.00, per-link: 0.00
Inter-pack traffic (msg/ns): 0.00, per-link: 0.00
Inter-die traffic (msg/ns): 60.49, per-link: 0.24
Ruche traffic (msg/ns): 64.13, per-link: 0.25
All traffic (msg/ns): 2,358.70, per-link: 2.30
Inter-die reduction wrt all: 38.99
Inter-board reduction wrt inter-die: inf

---Data Movement---
All traffic (msg): 3,776,278,054
Arith. Intensity FLOP/Loads: 0.22
Arith. Intensity FLOP/Msgs: 0.04
Arith. Intensity OPS/Loads: 1.84
Arith. Intensity OPS/Msgs: 0.31



===Core Utilization Total=== CORE-S:16;; TIME K cy:1,600 ;; Nodes Proc: 653,741 -- Edges Proc: 18,535,635

===PRINTING FRAME STATS

FCollision In Avg:14, SD:26, Max:190, Min:0
FCollision Out Avg:14, SD:27, Max:122, Min:0
FCollision End Avg:5, SD:14, Max:98, Min:0
FTask1 Avg:6, SD:10, Max:50, Min:0
FTask2 Avg:9, SD:17, Max:85, Min:0
FTask3 Avg:25, SD:5, Max:61, Min:14
FCore Active Avg:41, SD:24, Max:100, Min:16
FRouter Active Avg:48, SD:16, Max:92, Min:10
T1 invocations: 172,898
T2 invocations: 216,995
T3 invocations: 5,087,150
T3b invocations: 0
Total3 invocations: 5,087,150
Total4 invocations: 16,900

T3/T2 ratio: 23
T3b/T3 ratio: 0

T1 avg ex cycles: 33
T2 avg ex cycles: 43
T3&b avg ex cycles: 5
T4 avg ex cycles: 96
Avg. hops NOC1: 3
Avg. latency NOC1 (T2): 3,761
Avg. hops NOC2: 12
Avg. latency NOC2 (T3): 1,730

===PRINTING ACUM STATS at pu_cycles: 1,700,630

ACollision In Avg:65, SD:24, Max:186, Min:14
ACollision Out Avg:61, SD:27, Max:147, Min:3
ACollision End Avg:18, SD:12, Max:99, Min:1
ATask1 Avg:13, SD:1, Max:15, Min:4
ATask2 Avg:17, SD:2, Max:20, Min:0
ATask3 Avg:45, SD:7, Max:91, Min:30
ACore Active Avg:76, SD:7, Max:100, Min:51
ARouter Active Avg:68, SD:5, Max:83, Min:29
T1 invocations: 5,841,876
T2 invocations: 5,530,292
T3 invocations: 143,540,908
T3b invocations: 0
Total3 invocations: 143,540,908
Total4 invocations: 113,883

T3/T2 ratio: 26
T3b/T3 ratio: 0

T1 avg ex cycles: 39
T2 avg ex cycles: 53
T3&b avg ex cycles: 5
T4 avg ex cycles: 187
Avg. hops NOC1: 3
Avg. latency NOC1 (T2): 9,576
Avg. hops NOC2: 13
Avg. latency NOC2 (T3): 4,808
Number of K Nodes Processed: 5,272
Number of K Edges Processed: 143,691
Node Re-explore factor: 1.26
Edge Re-explore factor: 1.12
Nodes/cy: 3
Edges/cy: 84
TEPS: 75

---DCache---
DCache Size: 125,904
DRAM words: 133,760
  DHits: 287,608,792
  DMisses: 9,015,302
  DHit Rate (hit/miss): 97%
  DEvictions: 1,288,552
  DEviction Rate (evict/misses): 14%
  MC Transactions: 9,471,624
  MC Writes: 421,560
Avg. Transactions: 17% , Writes: 1%, Avg. Latency: 12
Max MC id: 24 of 32. Transactions: 19% , Writes: 1%, MC mean Latency: 12
HBM refresh energy (nJ): 5
HBM access energy (nJ): 17,943,044
MemC wire energy 2.5d (nJ): 4,438,865
MemC wire energy 3d (nJ): 1,109,716

---Energy---
Leakage Energy (nJ): 593,439
PU Dyn E (nJ): 8,072,463
Mem Dyn E (nJ): 54,947,972
Route Dyn E (nJ): 13,250,370
Dynamic Energy (nJ): 76,270,805
Ratio of Dyn/Leak: 129
Total Energy (nJ): 76,864,244
Total Energy (nJ) 3D: 80,649,267
Cores Energy (nJ): 8,077,196
Route Energy (nJ): 13,282,903
Route Energy (nJ) 3D: 20,397,075
Mem Energy   (nJ): 55,504,146
Mem Energy   (nJ) 3D: 52,174,997
Avg. Power (mW): 45,197.51
Power Density (mW/mm2): 48.41

---Runtime---
Runtime in K cycles: 1,700.63
Microseconds: 1,700.63
Time per iteration (ms): 1.70

---Throughput---
GOP/s (aka OPS/ns): 704.17
GOP/s per core: 0.69
FLOP/s: 84.40
FLOP/s per core: 0.08
Max Peak FLOP/s: 1,024.00
Avg. BW GB/s: 3,021.32
Max BW GB/s: 4,096.00

---Traffic---
In-Die bisection_bytes BW (GB/s): 256.00
Inter-board traffic (msg/ns): 0.00, per-link: 0.00
Inter-pack traffic (msg/ns): 0.00, per-link: 0.00
Inter-die traffic (msg/ns): 58.97, per-link: 0.23
Ruche traffic (msg/ns): 62.66, per-link: 0.24
All traffic (msg/ns): 2,295.99, per-link: 2.24
Inter-die reduction wrt all: 38.93
Inter-board reduction wrt inter-die: inf

---Data Movement---
All traffic (msg): 3,904,635,547
Arith. Intensity FLOP/Loads: 0.22
Arith. Intensity FLOP/Msgs: 0.04
Arith. Intensity OPS/Loads: 1.84
Arith. Intensity OPS/Msgs: 0.31



===Core Utilization Total=== CORE-S:17;; TIME K cy:1,700 ;; Nodes Proc: 656,347 -- Edges Proc: 18,928,599
======== IT IS COLD ======= Only 47 Tiles active

===PRINTING FRAME STATS

FCollision In Avg:8, SD:19, Max:120, Min:0
FCollision Out Avg:8, SD:20, Max:103, Min:0
FCollision End Avg:3, SD:11, Max:94, Min:0
FTask1 Avg:4, SD:10, Max:55, Min:0
FTask2 Avg:6, SD:15, Max:88, Min:0
FTask3 Avg:17, SD:4, Max:57, Min:10
FCore Active Avg:28, SD:22, Max:100, Min:12
FRouter Active Avg:35, SD:17, Max:93, Min:7
T1 invocations: 120,543
T2 invocations: 143,176
T3 invocations: 3,485,541
T3b invocations: 0
Total3 invocations: 3,485,541
Total4 invocations: 12,680

T3/T2 ratio: 24
T3b/T3 ratio: 0

T1 avg ex cycles: 33
T2 avg ex cycles: 41
T3&b avg ex cycles: 5
T4 avg ex cycles: 89
Avg. hops NOC1: 4
Avg. latency NOC1 (T2): 3,401
Avg. hops NOC2: 12
Avg. latency NOC2 (T3): 1,302

===PRINTING ACUM STATS at pu_cycles: 1,800,523

ACollision In Avg:62, SD:23, Max:179, Min:13
ACollision Out Avg:58, SD:26, Max:147, Min:3
ACollision End Avg:17, SD:11, Max:99, Min:1
ATask1 Avg:13, SD:1, Max:14, Min:4
ATask2 Avg:16, SD:2, Max:19, Min:0
ATask3 Avg:43, SD:7, Max:91, Min:29
ACore Active Avg:74, SD:7, Max:100, Min:50
ARouter Active Avg:66, SD:4, Max:81, Min:28
T1 invocations: 5,956,193
T2 invocations: 5,671,661
T3 invocations: 146,921,666
T3b invocations: 0
Total3 invocations: 146,921,666
Total4 invocations: 126,403

T3/T2 ratio: 26
T3b/T3 ratio: 0

T1 avg ex cycles: 39
T2 avg ex cycles: 53
T3&b avg ex cycles: 5
T4 avg ex cycles: 177
Avg. hops NOC1: 3
Avg. latency NOC1 (T2): 9,417
Avg. hops NOC2: 13
Avg. latency NOC2 (T3): 4,728
Number of K Nodes Processed: 5,285
Number of K Edges Processed: 147,075
Node Re-explore factor: 1.26
Edge Re-explore factor: 1.15
Nodes/cy: 3
Edges/cy: 82
TEPS: 71

---DCache---
DCache Size: 125,904
DRAM words: 133,760
  DHits: 294,596,511
  DMisses: 9,190,829
  DHit Rate (hit/miss): 97%
  DEvictions: 1,326,987
  DEviction Rate (evict/misses): 14%
  MC Transactions: 9,655,374
  MC Writes: 429,738
Avg. Transactions: 17% , Writes: 1%, Avg. Latency: 12
Max MC id: 24 of 32. Transactions: 18% , Writes: 1%, MC mean Latency: 12
HBM refresh energy (nJ): 5
HBM access energy (nJ): 18,291,140
MemC wire energy 2.5d (nJ): 4,524,979
MemC wire energy 3d (nJ): 1,131,245

---Energy---
Leakage Energy (nJ): 628,297
PU Dyn E (nJ): 8,251,861
Mem Dyn E (nJ): 56,105,568
Route Dyn E (nJ): 13,550,014
Dynamic Energy (nJ): 77,907,443
Ratio of Dyn/Leak: 124
Total Energy (nJ): 78,535,740
Total Energy (nJ) 3D: 82,414,250
Cores Energy (nJ): 8,256,872
Route Energy (nJ): 13,584,458
Route Energy (nJ) 3D: 20,856,703
Mem Energy   (nJ): 56,694,411
Mem Energy   (nJ) 3D: 53,300,676
Avg. Power (mW): 43,618.29
Power Density (mW/mm2): 46.72

---Runtime---
Runtime in K cycles: 1,800.52
Microseconds: 1,800.52
Time per iteration (ms): 1.80

---Throughput---
GOP/s (aka OPS/ns): 679.46
GOP/s per core: 0.66
FLOP/s: 81.60
FLOP/s per core: 0.08
Max Peak FLOP/s: 1,024.00
Avg. BW GB/s: 2,915.93
Max BW GB/s: 4,096.00

---Traffic---
In-Die bisection_bytes BW (GB/s): 256.00
Inter-board traffic (msg/ns): 0.00, per-link: 0.00
Inter-pack traffic (msg/ns): 0.00, per-link: 0.00
Inter-die traffic (msg/ns): 57.01, per-link: 0.22
Ruche traffic (msg/ns): 60.62, per-link: 0.24
All traffic (msg/ns): 2,217.08, per-link: 2.17
Inter-die reduction wrt all: 38.89
Inter-board reduction wrt inter-die: inf

---Data Movement---
All traffic (msg): 3,991,909,526
Arith. Intensity FLOP/Loads: 0.22
Arith. Intensity FLOP/Msgs: 0.04
Arith. Intensity OPS/Loads: 1.84
Arith. Intensity OPS/Msgs: 0.31



===Core Utilization Total=== CORE-S:18;; TIME K cy:1,800 ;; Nodes Proc: 658,088 -- Edges Proc: 19,129,605
======== IT IS COLD ======= Only 33 Tiles active

===PRINTING FRAME STATS

FCollision In Avg:3, SD:13, Max:104, Min:0
FCollision Out Avg:4, SD:14, Max:99, Min:0
FCollision End Avg:1, SD:8, Max:94, Min:0
FTask1 Avg:2, SD:7, Max:59, Min:0
FTask2 Avg:3, SD:11, Max:86, Min:0
FTask3 Avg:8, SD:3, Max:41, Min:3
FCore Active Avg:14, SD:16, Max:100, Min:5
FRouter Active Avg:19, SD:14, Max:89, Min:3
T1 invocations: 56,485
T2 invocations: 66,728
T3 invocations: 1,693,935
T3b invocations: 0
Total3 invocations: 1,693,935
Total4 invocations: 6,728

T3/T2 ratio: 25
T3b/T3 ratio: 0

T1 avg ex cycles: 33
T2 avg ex cycles: 42
T3&b avg ex cycles: 5
T4 avg ex cycles: 80
Avg. hops NOC1: 4
Avg. latency NOC1 (T2): 3,257
Avg. hops NOC2: 12
Avg. latency NOC2 (T3): 1,170

===PRINTING ACUM STATS at pu_cycles: 1,900,554

ACollision In Avg:59, SD:22, Max:171, Min:12
ACollision Out Avg:55, SD:25, Max:135, Min:3
ACollision End Avg:16, SD:11, Max:98, Min:1
ATask1 Avg:12, SD:1, Max:14, Min:4
ATask2 Avg:16, SD:1, Max:19, Min:0
ATask3 Avg:42, SD:7, Max:88, Min:27
ACore Active Avg:70, SD:7, Max:100, Min:49
ARouter Active Avg:64, SD:4, Max:79, Min:27
T1 invocations: 6,022,230
T2 invocations: 5,756,498
T3 invocations: 148,651,535
T3b invocations: 0
Total3 invocations: 148,651,535
Total4 invocations: 133,280

T3/T2 ratio: 26
T3b/T3 ratio: 0

T1 avg ex cycles: 39
T2 avg ex cycles: 53
T3&b avg ex cycles: 5
T4 avg ex cycles: 172
Avg. hops NOC1: 3
Avg. latency NOC1 (T2): 9,327
Avg. hops NOC2: 13
Avg. latency NOC2 (T3): 4,689
Number of K Nodes Processed: 5,292
Number of K Edges Processed: 148,703
Node Re-explore factor: 1.26
Edge Re-explore factor: 1.16
Nodes/cy: 3
Edges/cy: 78
TEPS: 68

---DCache---
DCache Size: 125,904
DRAM words: 133,760
  DHits: 297,972,819
  DMisses: 9,280,971
  DHit Rate (hit/miss): 97%
  DEvictions: 1,346,718
  DEviction Rate (evict/misses): 15%
  MC Transactions: 9,749,564
  MC Writes: 433,775
Avg. Transactions: 16% , Writes: 1%, Avg. Latency: 12
Max MC id: 24 of 32. Transactions: 17% , Writes: 1%, MC mean Latency: 12
HBM refresh energy (nJ): 5
HBM access energy (nJ): 18,469,574
MemC wire energy 2.5d (nJ): 4,569,121
MemC wire energy 3d (nJ): 1,142,280

---Energy---
Leakage Energy (nJ): 663,204
PU Dyn E (nJ): 8,347,043
Mem Dyn E (nJ): 56,719,840
Route Dyn E (nJ): 13,708,495
Dynamic Energy (nJ): 78,775,379
Ratio of Dyn/Leak: 119
Total Energy (nJ): 79,438,583
Total Energy (nJ) 3D: 83,368,445
Cores Energy (nJ): 8,352,333
Route Energy (nJ): 13,744,853
Route Energy (nJ) 3D: 21,101,556
Mem Energy   (nJ): 57,341,398
Mem Energy   (nJ) 3D: 53,914,556
Avg. Power (mW): 41,797.59
Power Density (mW/mm2): 44.77

---Runtime---
Runtime in K cycles: 1,900.55
Microseconds: 1,900.55
Time per iteration (ms): 1.90

---Throughput---
GOP/s (aka OPS/ns): 651.05
GOP/s per core: 0.64
FLOP/s: 78.21
FLOP/s per core: 0.08
Max Peak FLOP/s: 1,024.00
Avg. BW GB/s: 2,795.14
Max BW GB/s: 4,096.00

---Traffic---
In-Die bisection_bytes BW (GB/s): 256.00
Inter-board traffic (msg/ns): 0.00, per-link: 0.00
Inter-pack traffic (msg/ns): 0.00, per-link: 0.00
Inter-die traffic (msg/ns): 54.64, per-link: 0.21
Ruche traffic (msg/ns): 58.13, per-link: 0.23
All traffic (msg/ns): 2,124.74, per-link: 2.07
Inter-die reduction wrt all: 38.89
Inter-board reduction wrt inter-die: inf

---Data Movement---
All traffic (msg): 4,038,182,760
Arith. Intensity FLOP/Loads: 0.22
Arith. Intensity FLOP/Msgs: 0.04
Arith. Intensity OPS/Loads: 1.84
Arith. Intensity OPS/Msgs: 0.31



===Core Utilization Total=== CORE-S:19;; TIME K cy:1,900 ;; Nodes Proc: 658,900 -- Edges Proc: 19,171,012
======== IT IS COLD ======= Only 14 Tiles active

===PRINTING FRAME STATS

FCollision In Avg:1, SD:6, Max:76, Min:0
FCollision Out Avg:1, SD:7, Max:81, Min:0
FCollision End Avg:1, SD:4, Max:69, Min:0
FTask1 Avg:1, SD:5, Max:62, Min:0
FTask2 Avg:1, SD:7, Max:89, Min:0
FTask3 Avg:4, SD:1, Max:19, Min:2
FCore Active Avg:6, SD:10, Max:100, Min:2
FRouter Active Avg:9, SD:8, Max:59, Min:1
T1 invocations: 22,667
T2 invocations: 26,922
T3 invocations: 726,170
T3b invocations: 0
Total3 invocations: 726,170
Total4 invocations: 2,909

T3/T2 ratio: 27
T3b/T3 ratio: 0

T1 avg ex cycles: 34
T2 avg ex cycles: 45
T3&b avg ex cycles: 5
T4 avg ex cycles: 74
Avg. hops NOC1: 4
Avg. latency NOC1 (T2): 2,978
Avg. hops NOC2: 13
Avg. latency NOC2 (T3): 1,075

===PRINTING ACUM STATS at pu_cycles: 2,000,367

ACollision In Avg:56, SD:21, Max:162, Min:12
ACollision Out Avg:53, SD:24, Max:128, Min:3
ACollision End Avg:15, SD:10, Max:93, Min:1
ATask1 Avg:11, SD:0, Max:13, Min:5
ATask2 Avg:15, SD:1, Max:17, Min:1
ATask3 Avg:40, SD:7, Max:81, Min:26
ACore Active Avg:67, SD:6, Max:100, Min:47
ARouter Active Avg:61, SD:4, Max:75, Min:25
T1 invocations: 6,049,692
T2 invocations: 5,796,826
T3 invocations: 149,406,381
T3b invocations: 0
Total3 invocations: 149,406,381
Total4 invocations: 136,263

T3/T2 ratio: 26
T3b/T3 ratio: 0

T1 avg ex cycles: 39
T2 avg ex cycles: 53
T3&b avg ex cycles: 5
T4 avg ex cycles: 170
Avg. hops NOC1: 3
Avg. latency NOC1 (T2): 9,292
Avg. hops NOC2: 13
Avg. latency NOC2 (T3): 4,676
Number of K Nodes Processed: 5,295
Number of K Edges Processed: 149,414
Node Re-explore factor: 1.26
Edge Re-explore factor: 1.16
Nodes/cy: 3
Edges/cy: 75
TEPS: 64

---DCache---
DCache Size: 125,904
DRAM words: 133,760
  DHits: 299,443,568
  DMisses: 9,320,560
  DHit Rate (hit/miss): 97%
  DEvictions: 1,354,000
  DEviction Rate (evict/misses): 15%
  MC Transactions: 9,791,130
  MC Writes: 435,751
Avg. Transactions: 15% , Writes: 1%, Avg. Latency: 12
Max MC id: 24 of 32. Transactions: 16% , Writes: 1%, MC mean Latency: 12
HBM refresh energy (nJ): 5
HBM access energy (nJ): 18,548,316
MemC wire energy 2.5d (nJ): 4,588,601
MemC wire energy 3d (nJ): 1,147,150

---Energy---
Leakage Energy (nJ): 698,034
PU Dyn E (nJ): 8,389,411
Mem Dyn E (nJ): 57,001,978
Route Dyn E (nJ): 13,781,065
Dynamic Energy (nJ): 79,172,454
Ratio of Dyn/Leak: 113
Total Energy (nJ): 79,870,488
Total Energy (nJ) 3D: 83,824,402
Cores Energy (nJ): 8,394,978
Route Energy (nJ): 13,819,332
Route Energy (nJ) 3D: 21,214,696
Mem Energy   (nJ): 57,656,178
Mem Energy   (nJ) 3D: 54,214,727
Avg. Power (mW): 39,927.92
Power Density (mW/mm2): 42.77

---Runtime---
Runtime in K cycles: 2,000.37
Microseconds: 2,000.37
Time per iteration (ms): 2.00

---Throughput---
GOP/s (aka OPS/ns): 621.71
GOP/s per core: 0.61
FLOP/s: 74.69
FLOP/s per core: 0.07
Max Peak FLOP/s: 1,024.00
Avg. BW GB/s: 2,670.45
Max BW GB/s: 4,096.00

---Traffic---
In-Die bisection_bytes BW (GB/s): 256.00
Inter-board traffic (msg/ns): 0.00, per-link: 0.00
Inter-pack traffic (msg/ns): 0.00, per-link: 0.00
Inter-die traffic (msg/ns): 52.20, per-link: 0.20
Ruche traffic (msg/ns): 55.53, per-link: 0.22
All traffic (msg/ns): 2,029.26, per-link: 1.98
Inter-die reduction wrt all: 38.87
Inter-board reduction wrt inter-die: inf

---Data Movement---
All traffic (msg): 4,059,271,252
Arith. Intensity FLOP/Loads: 0.22
Arith. Intensity FLOP/Msgs: 0.04
Arith. Intensity OPS/Loads: 1.84
Arith. Intensity OPS/Msgs: 0.31



===Core Utilization Total=== CORE-S:20;; TIME K cy:2,000 ;; Nodes Proc: 659,228 -- Edges Proc: 19,171,353
======== IT IS COLD ======= Only 4 Tiles active

===PRINTING FRAME STATS

FCollision In Avg:0, SD:3, Max:98, Min:0
FCollision Out Avg:0, SD:4, Max:96, Min:0
FCollision End Avg:0, SD:1, Max:30, Min:0
FTask1 Avg:0, SD:2, Max:44, Min:0
FTask2 Avg:0, SD:3, Max:61, Min:0
FTask3 Avg:1, SD:0, Max:7, Min:0
FCore Active Avg:1, SD:5, Max:74, Min:0
FRouter Active Avg:2, SD:3, Max:36, Min:0
T1 invocations: 6,560
T2 invocations: 7,594
T3 invocations: 174,547
T3b invocations: 0
Total3 invocations: 174,547
Total4 invocations: 793

T3/T2 ratio: 23
T3b/T3 ratio: 0

T1 avg ex cycles: 33
T2 avg ex cycles: 40
T3&b avg ex cycles: 5
T4 avg ex cycles: 77
Avg. hops NOC1: 4
Avg. latency NOC1 (T2): 2,460
Avg. hops NOC2: 12
Avg. latency NOC2 (T3): 1,276

===PRINTING ACUM STATS at pu_cycles: 2,100,093

ACollision In Avg:54, SD:20, Max:154, Min:11
ACollision Out Avg:50, SD:23, Max:122, Min:3
ACollision End Avg:15, SD:10, Max:88, Min:1
ATask1 Avg:11, SD:0, Max:12, Min:5
ATask2 Avg:14, SD:1, Max:17, Min:1
ATask3 Avg:38, SD:6, Max:77, Min:25
ACore Active Avg:64, SD:6, Max:97, Min:45
ARouter Active Avg:58, SD:4, Max:72, Min:24
T1 invocations: 6,057,642
T2 invocations: 5,811,212
T3 invocations: 149,585,247
T3b invocations: 0
Total3 invocations: 149,585,247
Total4 invocations: 137,075

T3/T2 ratio: 26
T3b/T3 ratio: 0

T1 avg ex cycles: 39
T2 avg ex cycles: 53
T3&b avg ex cycles: 5
T4 avg ex cycles: 170
Avg. hops NOC1: 3
Avg. latency NOC1 (T2): 9,279
Avg. hops NOC2: 13
Avg. latency NOC2 (T3): 4,672
Number of K Nodes Processed: 5,296
Number of K Edges Processed: 149,585
Node Re-explore factor: 1.26
Edge Re-explore factor: 1.17
Nodes/cy: 3
Edges/cy: 71
TEPS: 61

---DCache---
DCache Size: 125,904
DRAM words: 133,760
  DHits: 299,799,702
  DMisses: 9,331,020
  DHit Rate (hit/miss): 97%
  DEvictions: 1,356,277
  DEviction Rate (evict/misses): 15%
  MC Transactions: 9,802,123
  MC Writes: 436,283
Avg. Transactions: 15% , Writes: 1%, Avg. Latency: 12
Max MC id: 24 of 32. Transactions: 15% , Writes: 1%, MC mean Latency: 12
HBM refresh energy (nJ): 6
HBM access energy (nJ): 18,569,141
MemC wire energy 2.5d (nJ): 4,593,753
MemC wire energy 3d (nJ): 1,148,438

---Energy---
Leakage Energy (nJ): 732,833
PU Dyn E (nJ): 8,400,467
Mem Dyn E (nJ): 57,080,890
Route Dyn E (nJ): 13,798,140
Dynamic Energy (nJ): 79,279,498
Ratio of Dyn/Leak: 108
Total Energy (nJ): 80,012,331
Total Energy (nJ) 3D: 83,971,371
Cores Energy (nJ): 8,406,312
Route Energy (nJ): 13,838,315
Route Energy (nJ) 3D: 21,242,669
Mem Energy   (nJ): 57,767,705
Mem Energy   (nJ) 3D: 54,322,390
Avg. Power (mW): 38,099.42
Power Density (mW/mm2): 40.81

---Runtime---
Runtime in K cycles: 2,100.09
Microseconds: 2,100.09
Time per iteration (ms): 2.10

---Throughput---
GOP/s (aka OPS/ns): 593.00
GOP/s per core: 0.58
FLOP/s: 71.23
FLOP/s per core: 0.07
Max Peak FLOP/s: 1,024.00
Avg. BW GB/s: 2,547.80
Max BW GB/s: 4,096.00

---Traffic---
In-Die bisection_bytes BW (GB/s): 256.00
Inter-board traffic (msg/ns): 0.00, per-link: 0.00
Inter-pack traffic (msg/ns): 0.00, per-link: 0.00
Inter-die traffic (msg/ns): 49.79, per-link: 0.19
Ruche traffic (msg/ns): 52.95, per-link: 0.21
All traffic (msg/ns): 1,935.27, per-link: 1.89
Inter-die reduction wrt all: 38.87
Inter-board reduction wrt inter-die: inf

---Data Movement---
All traffic (msg): 4,064,239,574
Arith. Intensity FLOP/Loads: 0.22
Arith. Intensity FLOP/Msgs: 0.04
Arith. Intensity OPS/Loads: 1.84
Arith. Intensity OPS/Msgs: 0.31



===Core Utilization Total=== CORE-S:21;; TIME K cy:2,100 ;; Nodes Proc: 659,336 -- Edges Proc: 19,171,473
======== IT IS COLD ======= Only 0 Tiles active

===PRINTING FRAME STATS

FCollision In Avg:0, SD:3, Max:98, Min:0
FCollision Out Avg:0, SD:5, Max:98, Min:0
FCollision End Avg:0, SD:2, Max:53, Min:0
FTask1 Avg:0, SD:0, Max:12, Min:0
FTask2 Avg:0, SD:3, Max:66, Min:0
FTask3 Avg:0, SD:0, Max:3, Min:0
FCore Active Avg:0, SD:3, Max:68, Min:0
FRouter Active Avg:1, SD:3, Max:32, Min:0
T1 invocations: 886
T2 invocations: 1,486
T3 invocations: 55,737
T3b invocations: 0
Total3 invocations: 55,737
Total4 invocations: 292

T3/T2 ratio: 38
T3b/T3 ratio: 0

T1 avg ex cycles: 36
T2 avg ex cycles: 81
T3&b avg ex cycles: 5
T4 avg ex cycles: 37
Avg. hops NOC1: 3
Avg. latency NOC1 (T2): 9,476
Avg. hops NOC2: 12
Avg. latency NOC2 (T3): 660

===PRINTING ACUM STATS at pu_cycles: 2,200,159

ACollision In Avg:51, SD:19, Max:147, Min:11
ACollision Out Avg:48, SD:22, Max:116, Min:3
ACollision End Avg:14, SD:9, Max:84, Min:1
ATask1 Avg:10, SD:0, Max:11, Min:5
ATask2 Avg:14, SD:1, Max:16, Min:3
ATask3 Avg:36, SD:6, Max:74, Min:24
ACore Active Avg:61, SD:6, Max:93, Min:45
ARouter Active Avg:56, SD:4, Max:69, Min:23
T1 invocations: 6,058,528
T2 invocations: 5,813,283
T3 invocations: 149,641,264
T3b invocations: 0
Total3 invocations: 149,641,264
Total4 invocations: 137,367

T3/T2 ratio: 26
T3b/T3 ratio: 0

T1 avg ex cycles: 39
T2 avg ex cycles: 53
T3&b avg ex cycles: 5
T4 avg ex cycles: 170
Avg. hops NOC1: 3
Avg. latency NOC1 (T2): 9,280
Avg. hops NOC2: 13
Avg. latency NOC2 (T3): 4,671
Number of K Nodes Processed: 5,296
Number of K Edges Processed: 149,641
Node Re-explore factor: 1.26
Edge Re-explore factor: 1.17
Nodes/cy: 2
Edges/cy: 68
TEPS: 58

---DCache---
DCache Size: 125,904
DRAM words: 133,760
  DHits: 299,911,583
  DMisses: 9,334,835
  DHit Rate (hit/miss): 97%
  DEvictions: 1,356,914
  DEviction Rate (evict/misses): 15%
  MC Transactions: 9,806,265
  MC Writes: 436,609
Avg. Transactions: 14% , Writes: 1%, Avg. Latency: 12
Max MC id: 24 of 32. Transactions: 15% , Writes: 1%, MC mean Latency: 12
HBM refresh energy (nJ): 6
HBM access energy (nJ): 18,576,988
MemC wire energy 2.5d (nJ): 4,595,694
MemC wire energy 3d (nJ): 1,148,924

---Energy---
Leakage Energy (nJ): 767,751
PU Dyn E (nJ): 8,403,484
Mem Dyn E (nJ): 57,105,302
Route Dyn E (nJ): 13,802,767
Dynamic Energy (nJ): 79,311,553
Ratio of Dyn/Leak: 103
Total Energy (nJ): 80,079,304
Total Energy (nJ) 3D: 84,039,806
Cores Energy (nJ): 8,409,607
Route Energy (nJ): 13,844,856
Route Energy (nJ) 3D: 21,252,129
Mem Energy   (nJ): 57,824,842
Mem Energy   (nJ) 3D: 54,378,072
Avg. Power (mW): 36,397.05
Power Density (mW/mm2): 38.98

---Runtime---
Runtime in K cycles: 2,200.16
Microseconds: 2,200.16
Time per iteration (ms): 2.20

---Throughput---
GOP/s (aka OPS/ns): 566.23
GOP/s per core: 0.55
FLOP/s: 68.01
FLOP/s per core: 0.07
Max Peak FLOP/s: 1,024.00
Avg. BW GB/s: 2,433.00
Max BW GB/s: 4,096.00

---Traffic---
In-Die bisection_bytes BW (GB/s): 256.00
Inter-board traffic (msg/ns): 0.00, per-link: 0.00
Inter-pack traffic (msg/ns): 0.00, per-link: 0.00
Inter-die traffic (msg/ns): 47.53, per-link: 0.19
Ruche traffic (msg/ns): 50.55, per-link: 0.20
All traffic (msg/ns): 1,847.94, per-link: 1.80
Inter-die reduction wrt all: 38.88
Inter-board reduction wrt inter-die: inf

---Data Movement---
All traffic (msg): 4,065,757,159
Arith. Intensity FLOP/Loads: 0.22
Arith. Intensity FLOP/Msgs: 0.04
Arith. Intensity OPS/Loads: 1.84
Arith. Intensity OPS/Msgs: 0.31



===Core Utilization Total=== CORE-S:22;; TIME K cy:2,200 ;; Nodes Proc: 659,419 -- Edges Proc: 19,171,562
======== IT IS COLD ======= Only 1 Tiles active

===PRINTING FRAME STATS

FCollision In Avg:0, SD:3, Max:98, Min:0
FCollision Out Avg:0, SD:5, Max:98, Min:0
FCollision End Avg:0, SD:2, Max:53, Min:0
FTask1 Avg:0, SD:0, Max:12, Min:0
FTask2 Avg:0, SD:3, Max:66, Min:0
FTask3 Avg:0, SD:0, Max:3, Min:0
FCore Active Avg:0, SD:3, Max:68, Min:0
FRouter Active Avg:1, SD:3, Max:32, Min:0
T1 invocations: 893
T2 invocations: 1,490
T3 invocations: 57,659
T3b invocations: 0
Total3 invocations: 57,659
Total4 invocations: 298

T3/T2 ratio: 39
T3b/T3 ratio: 0

T1 avg ex cycles: 36
T2 avg ex cycles: 81
T3&b avg ex cycles: 5
T4 avg ex cycles: 36
Avg. hops NOC1: 3
Avg. latency NOC1 (T2): 9,450
Avg. hops NOC2: 15
Avg. latency NOC2 (T3): 653

===PRINTING ACUM STATS at pu_cycles: 2,300,042

ACollision In Avg:49, SD:18, Max:141, Min:10
ACollision Out Avg:46, SD:21, Max:111, Min:2
ACollision End Avg:13, SD:9, Max:80, Min:1
ATask1 Avg:10, SD:0, Max:11, Min:6
ATask2 Avg:13, SD:1, Max:16, Min:3
ATask3 Avg:35, SD:6, Max:71, Min:23
ACore Active Avg:59, SD:5, Max:89, Min:45
ARouter Active Avg:53, SD:4, Max:66, Min:22
T1 invocations: 6,059,324
T2 invocations: 5,813,818
T3 invocations: 149,689,872
T3b invocations: 0
Total3 invocations: 149,689,872
Total4 invocations: 137,616

T3/T2 ratio: 26
T3b/T3 ratio: 0

T1 avg ex cycles: 39
T2 avg ex cycles: 53
T3&b avg ex cycles: 5
T4 avg ex cycles: 169
Avg. hops NOC1: 3
Avg. latency NOC1 (T2): 9,279
Avg. hops NOC2: 13
Avg. latency NOC2 (T3): 4,669
Number of K Nodes Processed: 5,297
Number of K Edges Processed: 149,690
Node Re-explore factor: 1.26
Edge Re-explore factor: 1.17
Nodes/cy: 2
Edges/cy: 65
TEPS: 56

---DCache---
DCache Size: 125,904
DRAM words: 133,760
  DHits: 300,009,367
  DMisses: 9,338,062
  DHit Rate (hit/miss): 97%
  DEvictions: 1,357,409
  DEviction Rate (evict/misses): 15%
  MC Transactions: 9,809,554
  MC Writes: 436,671
Avg. Transactions: 13% , Writes: 1%, Avg. Latency: 12
Max MC id: 24 of 32. Transactions: 14% , Writes: 1%, MC mean Latency: 12
HBM refresh energy (nJ): 6
HBM access energy (nJ): 18,583,219
MemC wire energy 2.5d (nJ): 4,597,236
MemC wire energy 3d (nJ): 1,149,309

---Energy---
Leakage Energy (nJ): 802,606
PU Dyn E (nJ): 8,405,697
Mem Dyn E (nJ): 57,120,508
Route Dyn E (nJ): 13,807,818
Dynamic Energy (nJ): 79,334,024
Ratio of Dyn/Leak: 99
Total Energy (nJ): 80,136,630
Total Energy (nJ) 3D: 84,098,441
Cores Energy (nJ): 8,412,099
Route Energy (nJ): 13,851,817
Route Energy (nJ) 3D: 21,261,555
Mem Energy   (nJ): 57,872,714
Mem Energy   (nJ) 3D: 54,424,787
Avg. Power (mW): 34,841.38
Power Density (mW/mm2): 37.32

---Runtime---
Runtime in K cycles: 2,300.04
Microseconds: 2,300.04
Time per iteration (ms): 2.30

---Throughput---
GOP/s (aka OPS/ns): 541.76
GOP/s per core: 0.53
FLOP/s: 65.08
FLOP/s per core: 0.06
Max Peak FLOP/s: 1,024.00
Avg. BW GB/s: 2,327.80
Max BW GB/s: 4,096.00

---Traffic---
In-Die bisection_bytes BW (GB/s): 256.00
Inter-board traffic (msg/ns): 0.00, per-link: 0.00
Inter-pack traffic (msg/ns): 0.00, per-link: 0.00
Inter-die traffic (msg/ns): 45.49, per-link: 0.18
Ruche traffic (msg/ns): 48.38, per-link: 0.19
All traffic (msg/ns): 1,768.29, per-link: 1.73
Inter-die reduction wrt all: 38.87
Inter-board reduction wrt inter-die: inf

---Data Movement---
All traffic (msg): 4,067,150,606
Arith. Intensity FLOP/Loads: 0.22
Arith. Intensity FLOP/Msgs: 0.04
Arith. Intensity OPS/Loads: 1.84
Arith. Intensity OPS/Msgs: 0.31



===Core Utilization Total=== CORE-S:23;; TIME K cy:2,300 ;; Nodes Proc: 659,496 -- Edges Proc: 19,171,638
======== IT IS COLD ======= Only 0 Tiles active

===PRINTING FRAME STATS

FCollision In Avg:0, SD:3, Max:98, Min:0
FCollision Out Avg:0, SD:1, Max:32, Min:0
FCollision End Avg:0, SD:1, Max:20, Min:0
FTask1 Avg:0, SD:0, Max:11, Min:0
FTask2 Avg:0, SD:4, Max:91, Min:0
FTask3 Avg:0, SD:0, Max:3, Min:0
FCore Active Avg:1, SD:4, Max:92, Min:0
FRouter Active Avg:1, SD:3, Max:49, Min:0
T1 invocations: 734
T2 invocations: 3,015
T3 invocations: 96,318
T3b invocations: 0
Total3 invocations: 96,318
Total4 invocations: 417

T3/T2 ratio: 32
T3b/T3 ratio: 0

T1 avg ex cycles: 37
T2 avg ex cycles: 57
T3&b avg ex cycles: 5
T4 avg ex cycles: 22
Avg. hops NOC1: 3
Avg. latency NOC1 (T2): 3,340
Avg. hops NOC2: 12
Avg. latency NOC2 (T3): 85

===PRINTING ACUM STATS at pu_cycles: 2,400,069

ACollision In Avg:47, SD:17, Max:135, Min:10
ACollision Out Avg:44, SD:20, Max:107, Min:2
ACollision End Avg:13, SD:8, Max:80, Min:1
ATask1 Avg:10, SD:0, Max:10, Min:6
ATask2 Avg:12, SD:1, Max:14, Min:11
ATask3 Avg:33, SD:5, Max:71, Min:22
ACore Active Avg:56, SD:5, Max:88, Min:45
ARouter Active Avg:51, SD:4, Max:63, Min:21
T1 invocations: 6,059,795
T2 invocations: 5,817,585
T3 invocations: 149,785,715
T3b invocations: 0
Total3 invocations: 149,785,715
Total4 invocations: 138,033

T3/T2 ratio: 26
T3b/T3 ratio: 0

T1 avg ex cycles: 39
T2 avg ex cycles: 53
T3&b avg ex cycles: 5
T4 avg ex cycles: 169
Avg. hops NOC1: 3
Avg. latency NOC1 (T2): 9,277
Avg. hops NOC2: 13
Avg. latency NOC2 (T3): 4,666
Number of K Nodes Processed: 5,297
Number of K Edges Processed: 149,786
Node Re-explore factor: 1.26
Edge Re-explore factor: 1.17
Nodes/cy: 2
Edges/cy: 62
TEPS: 53

---DCache---
DCache Size: 125,904
DRAM words: 133,760
  DHits: 300,205,042
  DMisses: 9,344,314
  DHit Rate (hit/miss): 97%
  DEvictions: 1,358,369
  DEviction Rate (evict/misses): 15%
  MC Transactions: 9,816,122
  MC Writes: 436,987
Avg. Transactions: 13% , Writes: 1%, Avg. Latency: 12
Max MC id: 24 of 32. Transactions: 13% , Writes: 1%, MC mean Latency: 12
HBM refresh energy (nJ): 7
HBM access energy (nJ): 18,595,661
MemC wire energy 2.5d (nJ): 4,600,314
MemC wire energy 3d (nJ): 1,150,078

---Energy---
Leakage Energy (nJ): 837,511
PU Dyn E (nJ): 8,410,483
Mem Dyn E (nJ): 57,158,902
Route Dyn E (nJ): 13,816,795
Dynamic Energy (nJ): 79,386,180
Ratio of Dyn/Leak: 95
Total Energy (nJ): 80,223,691
Total Energy (nJ) 3D: 84,187,982
Cores Energy (nJ): 8,417,163
Route Energy (nJ): 13,862,708
Route Energy (nJ) 3D: 21,277,234
Mem Energy   (nJ): 57,943,820
Mem Energy   (nJ) 3D: 54,493,585
Avg. Power (mW): 33,425.58
Power Density (mW/mm2): 35.80

---Runtime---
Runtime in K cycles: 2,400.07
Microseconds: 2,400.07
Time per iteration (ms): 2.40

---Throughput---
GOP/s (aka OPS/ns): 519.46
GOP/s per core: 0.51
FLOP/s: 62.41
FLOP/s per core: 0.06
Max Peak FLOP/s: 1,024.00
Avg. BW GB/s: 2,232.30
Max BW GB/s: 4,096.00

---Traffic---
In-Die bisection_bytes BW (GB/s): 256.00
Inter-board traffic (msg/ns): 0.00, per-link: 0.00
Inter-pack traffic (msg/ns): 0.00, per-link: 0.00
Inter-die traffic (msg/ns): 43.63, per-link: 0.17
Ruche traffic (msg/ns): 46.39, per-link: 0.18
All traffic (msg/ns): 1,695.70, per-link: 1.66
Inter-die reduction wrt all: 38.87
Inter-board reduction wrt inter-die: inf

---Data Movement---
All traffic (msg): 4,069,786,510
Arith. Intensity FLOP/Loads: 0.22
Arith. Intensity FLOP/Msgs: 0.04
Arith. Intensity OPS/Loads: 1.84
Arith. Intensity OPS/Msgs: 0.31



===Core Utilization Total=== CORE-S:24;; TIME K cy:2,400 ;; Nodes Proc: 659,565 -- Edges Proc: 19,171,701
======== IT IS COLD ======= Only 1 Tiles active
Epoch Done Router: 3
Epoch Done Router: 5
Epoch Done Router: 1
Epoch Done Router: 4
Epoch Done Router: 2
##EPOCH## 1 COMPLETED at Time (K cy): 2,420
Nodes processed until now: 5,297,667
Edges processed until now: 149,795,130
Epoch Done Router: 0
Epoch Done Router: 7
Epoch Done Router: 6
Program Done Router Thread: 6
Program Done Router Thread: 1
Program Done Router Thread: 7
Program Done Worker Thread: 2
Program Done Worker Thread: 0
Program Done Worker Thread: 5
Program Done Router Thread: 4
Program Done Worker Thread: 6
Program Done Worker Thread: 7
Program Done Router Thread: 5
Program Done Worker Thread: 1
Program Done Worker Thread: 4
Program Done Worker Thread: 3
Program Done Router Thread: 0
Program Done Router Thread: 2
Program Done Router Thread: 3

===PRINTING ACUM STATS at pu_cycles: 2,420,593

ACollision In Avg:46, SD:17, Max:134, Min:10
ACollision Out Avg:44, SD:20, Max:106, Min:2
ACollision End Avg:13, SD:8, Max:77, Min:1
ATask1 Avg:9, SD:0, Max:10, Min:8
ATask2 Avg:12, SD:1, Max:14, Min:11
ATask3 Avg:33, SD:5, Max:67, Min:22
ACore Active Avg:56, SD:5, Max:88, Min:44
ARouter Active Avg:51, SD:4, Max:63, Min:21
T1 invocations: 6,062,188
T2 invocations: 5,818,592
T3 invocations: 149,795,130
T3b invocations: 0
Total3 invocations: 149,795,130
Total4 invocations: 138,104

T3/T2 ratio: 26
T3b/T3 ratio: 0

T1 avg ex cycles: 39
T2 avg ex cycles: 53
T3&b avg ex cycles: 5
T4 avg ex cycles: 169
Avg. hops NOC1: 3
Avg. latency NOC1 (T2): 9,275
Avg. hops NOC2: 13
Avg. latency NOC2 (T3): 4,666

Runtime at program end in K cycles: 2,420
Runtime before cooldown in K cycles: 1,601


Number of K Nodes Processed: 5,297
Number of K Edges Processed: 149,795
Node Re-explore factor: 1.26
Edge Re-explore factor: 1.17
Nodes/cy: 2
Edges/cy: 62
TEPS: 53

---DCache---
DCache Size: 125,904
DRAM words: 133,760
  DHits: 300,223,519
  DMisses: 9,344,811
  DHit Rate (hit/miss): 97%
  DEvictions: 1,358,465
  DEviction Rate (evict/misses): 15%
  MC Transactions: 9,816,623
  MC Writes: 436,991
Avg. Transactions: 13% , Writes: 1%, Avg. Latency: 12
Max MC id: 24 of 32. Transactions: 13% , Writes: 1%, MC mean Latency: 12
HBM refresh energy (nJ): 7
HBM access energy (nJ): 18,596,610
MemC wire energy 2.5d (nJ): 4,600,549
MemC wire energy 3d (nJ): 1,150,137

---Energy---
Leakage Energy (nJ): 844,673
PU Dyn E (nJ): 8,411,462
Mem Dyn E (nJ): 57,163,524
Route Dyn E (nJ): 13,817,724
Dynamic Energy (nJ): 79,392,711
Ratio of Dyn/Leak: 94
Total Energy (nJ): 80,237,384
Total Energy (nJ) 3D: 84,202,017
Cores Energy (nJ): 8,418,199
Route Energy (nJ): 13,864,030
Route Energy (nJ) 3D: 21,279,075
Mem Energy   (nJ): 57,955,155
Mem Energy   (nJ) 3D: 54,504,743
Avg. Power (mW): 33,147.82
Power Density (mW/mm2): 35.50

---Runtime---
Runtime in K cycles: 2,420.59
Microseconds: 2,420.59
Time per iteration (ms): 2.42

---Inst---
K Loads: 679,455
K Stores: 660,108
K Instructions: 1,246,925

---Throughput---
GOP/s (aka OPS/ns): 515.13
GOP/s per core: 0.50
FLOP/s: 61.88
FLOP/s per core: 0.06
Max Peak FLOP/s: 1,024.00
Avg. BW GB/s: 2,213.61
Max BW GB/s: 4,096.00

---Traffic---
In-Die bisection_bytes BW (GB/s): 256.00
Inter-board traffic (msg/ns): 0.00, per-link: 0.00
Inter-pack traffic (msg/ns): 0.00, per-link: 0.00
Inter-die traffic (msg/ns): 43.26, per-link: 0.17
Ruche traffic (msg/ns): 46.00, per-link: 0.18
All traffic (msg/ns): 1,681.43, per-link: 1.64
Inter-die reduction wrt all: 38.87
Inter-board reduction wrt inter-die: inf

---Data Movement---
All traffic (msg): 4,070,063,939
Arith. Intensity FLOP/Loads: 0.22
Arith. Intensity FLOP/Msgs: 0.04
Arith. Intensity OPS/Loads: 1.84
Arith. Intensity OPS/Msgs: 0.31

Simulation time: 239.32
Sim noc_cy/s: 10,114.58
Sim Msg/s: 17,006,991.03

Version 31

