Dataset:  Kron22/
Dry run: 0
Open Edge Count File succesfully
Edges Traversed BFS: 128309848
Found Vertices: 4194304, Edges: 128311436
avg degree 31
Array  Kron22/node_array.bin found
Malloc array of size 16777220 bytes
Readin array of size 16777216 bytes
Finished Reading Array Bytes
No reordering Array 32bit
Array  Kron22/edge_array.bin found
Malloc array of size 513245744 bytes
Readin array of size 513245744 bytes
Finished Reading Array Bytes
No reordering Array 32bit
Reading graph elapsed time: 0.152718s

Dataset Footprint: 505 MiB
Dataset Footprint per Board: 4240.44 Mb
Dataset injection time (ms): 0.258816
Max Dataset Footprint: 1026 MiB

Dataset footprint per tile: 505 KiB
Proxys footprint per tile: 0 KiB
Reserved SRAM per tile: 4 KiB

Ideal SRAM per tile: 509 KiB
reserved_words_for_dataset:12857
dataset_words_per_tile:129408
remaining_sram_words:64286
min_dcache_sram_words_required:13023
dataset_words_per_tile:129408
min_pcache_sram_words_required:0
proxys_words_per_tile:0
Dcache footprint ratio: 3
Dataset Cached: 1
DCache: 63664 words, lines: 3979, sets: 3979
Proxys Cached: 0
Pcache: 0 words, sets: 0
Node per tile: 4,096
Edge per tile: 125,305
GRID_X: 32
GRID_SIZE: 1,024
smt_per_tile: 1
noc_freq: 1
pu_freq: 1
RUCHE_X: 8
PROXY_W: 32
DIE_W: 16
DIE_H: 16
DIES: 4
BORDER_TILES_PER_DIE: 64
PACK_W: 32
PACK_H: 32
DIES_PACK_FACTOR: 2
DIES_PER_PACK: 4
PACKAGES: 1
BOARD_W: 32
BOARD_H: 32
BOARDS: 1
MUX_BUS: 1
DCACHE: 1
PCACHE: 0
PROXY_FACTOR: 1
CACHE_WAYS: 1
TORUS: 1
PHY_NOCS: 1
WIDE_NOC_ID: 0
NOC_CONF: 1
noc_width: 32
hbm_channel_bit_width: 512
ld_st_op_byte_width: 4
PROXY_ROUTING: 0
WRITE_THROUGH: 0
ASSERT_MODE: 0
GLOBAL_BARRIER: 0
OQ flits: 6 ; 64 ; 2
IQ flits: 6 ; 1,024 ; 32
OQ messages: 2 ; 32 ; 1
IQ messages: 2 ; 512 ; 16
max_task2 size: 64
io_factor_t2: 16
io_factor_t3: 16
io_factor_t3b: 16

Active SRAM Storage per tile: 255 KiB
Total SRAM Storage per tile: 256 KiB
Agreggated SRAM Storage: 256 MiB

Active DRAM Storage per tile: 0.493164 MiB
Total DRAM Storage per tile: 32 MiB
Agreggated DRAM Storage: 32 GiB

Inter-Die #links: 512
Inter-Die (Gbits): 16,384
Inter-Die (Gbits/mm): 507.873
Bisection BW of Board (Gbits): 8,192
Border IO #Dies: 8
Border IO Die BW (Gbits): 2,048
Off-Board BW Total (Gbits): 16,384
Off-Board BW Density (Gbits/mm): 139
Die side: 8.07 mm
Die border wire density: 507.87 Gbits/mm
HBM wire density: 507.87 Gbits/mm

Tiles per Die: 256 (16x16)
Tile Area: 0.13 mm2, side: 0.36 mm
- Core/Rout Area: 0.05 mm2
- SRAM Area: 0.07 mm2
- SRAM/Logic Ratio: 1.32x

Dies per Package: 4 (2x2)
Die Area: 65.04 mm2, side: 8.07 mm
- Tiles Area: 32.30 mm2
- PHY Area: 23.74 mm2
- MC Area: 9.00 mm2

Packages per Board: 1 (1x1)
Package Area: 860.18 mm2, side: 29.33 mm
- IOdie Area: 160.00 mm2
- Dies Area: 260.18 mm2
- HBM Area: 440.00 mm2

Boards: 1 (1x1)
Board Area: 860.18 mm2
Total Area: 860.18 mm2



ESTIMATED COST OF SILICON AND PACKAGING. ONLY VARIABLE, NO FIXED COSTS
Good dies per wafer 3d: 511
Good dies per wafer 2d: 862
--Dies 3D Cost: 47.33 $
--Dies 2.5D Cost: 28.06 $
--Dies 2D Cost: 28.06 $
--HBM Cost: 240.00 $
--IOdie Cost: 16.88 $
--Packaging Cost 3d: 11.04 $
--Packaging Cost 2.5d: 16.56 $
--Packaging Cost 2d: 6.74 $
SiP Cost 3d: 315.25 $
SiP Cost 2.5d: 301.50 $
SiP Cost 2d: 51.68 $
--Board Cost: 0.86 $
Total SiPs Cost 3d: 316.11 $
Total SiPs Cost 2.5d: 302.36 $
Total SiPs Cost 2d: 52.54 $

Perf counters initialized
Mesh connected
Cache structures initialized
proxys initialized
Dataset structures initialized


Starting Simulation
INIT epoch: 1
INIT epoch: 1
INIT epoch: 1
INIT epoch: 1
INIT epoch: 1
INIT epoch: 1
INIT epoch: 1
INIT epoch: 1

===PRINTING FRAME STATS

FCollision In Avg:-nan, SD:-nan, Max:74, Min:0
FCollision Out Avg:-nan, SD:-nan, Max:5, Min:0
FCollision End Avg:-nan, SD:-nan, Max:0, Min:0
FTask1 Avg:-nan, SD:-nan, Max:86, Min:51
FTask2 Avg:-nan, SD:-nan, Max:0, Min:0
FTask3 Avg:-nan, SD:-nan, Max:49, Min:14
FCore Active Avg:-nan, SD:-nan, Max:100, Min:100
FRouter Active Avg:-nan, SD:-nan, Max:96, Min:39
T1 invocations: 385,437
T2 invocations: 0
T3 invocations: 11,872,126
T3b invocations: 0
Total3 invocations: 11,872,126
Total4 invocations: 0

T3/T2 ratio: inf
T3b/T3 ratio: 0

T1 avg ex cycles: 201
T2 avg ex cycles: -nan
T3&b avg ex cycles: 2
T4 avg ex cycles: -nan
Avg. hops NOC1: -nan
Avg. latency NOC1 (T2): -nan
Avg. hops NOC2: 13
Avg. latency NOC2 (T3): 3,281

===PRINTING ACUM STATS at pu_cycles: 100,399

ACollision In Avg:-nan, SD:-nan, Max:74, Min:0
ACollision Out Avg:-nan, SD:-nan, Max:5, Min:0
ACollision End Avg:-nan, SD:-nan, Max:0, Min:0
ATask1 Avg:-nan, SD:-nan, Max:86, Min:51
ATask2 Avg:-nan, SD:-nan, Max:0, Min:0
ATask3 Avg:-nan, SD:-nan, Max:49, Min:14
ACore Active Avg:-nan, SD:-nan, Max:100, Min:100
ARouter Active Avg:-nan, SD:-nan, Max:96, Min:39
T1 invocations: 387,703
T2 invocations: 0
T3 invocations: 11,944,219
T3b invocations: 0
Total3 invocations: 11,944,219
Total4 invocations: 0

T3/T2 ratio: inf
T3b/T3 ratio: 0

T1 avg ex cycles: 201
T2 avg ex cycles: -nan
T3&b avg ex cycles: 2
T4 avg ex cycles: -nan
Avg. hops NOC1: -nan
Avg. latency NOC1 (T2): -nan
Avg. hops NOC2: 13
Avg. latency NOC2 (T3): 3,281
Number of K Nodes Processed: 12,040
Number of K Edges Processed: 12,040
Node Re-explore factor: 2.87
Edge Re-explore factor: 0.09
Nodes/cy: 120
Edges/cy: 120
TEPS: 1,278

---DCache---
DCache Size: 63,664
DRAM words: 129,408
  DHits: 20,881,599
  DMisses: 1,074,416
  DHit Rate (hit/miss): 95%
  DEvictions: 94,883
  DEviction Rate (evict/misses): 9%
  MC Transactions: 1,131,093
  MC Writes: 46,618
Avg. Transactions: 35% , Writes: 1%, Avg. Latency: 0
Max MC id: 28 of 32. Transactions: 37% , Writes: 2%, MC mean Latency: 0
HBM refresh energy (nJ): 0
HBM access energy (nJ): 2,142,742
MemC wire energy 2.5d (nJ): 423,233
MemC wire energy 3d (nJ): 105,808

---Energy---
Leakage Energy (nJ): 18,585
PU Dyn E (nJ): 686,249
Mem Dyn E (nJ): 4,393,265
Route Dyn E (nJ): 934,311
Dynamic Energy (nJ): 6,013,826
Ratio of Dyn/Leak: 324
Total Energy (nJ): 6,032,411
Total Energy (nJ) 3D: 6,297,926
Cores Energy (nJ): 686,529
Route Energy (nJ): 936,232
Route Energy (nJ) 3D: 1,519,172
Mem Energy   (nJ): 4,409,650
Mem Energy   (nJ) 3D: 4,092,226
Avg. Power (mW): 60,084.37
Power Density (mW/mm2): 69.85

---Runtime---
Runtime in K cycles: 100.40
Microseconds: 100.40
Time per iteration (ms): 0.10

---Throughput---
GOP/s (aka OPS/ns): 1,007.63
GOP/s per core: 0.98
FLOP/s: 123.13
FLOP/s per core: 0.12
Max Peak FLOP/s: 1,024.00
Avg. BW GB/s: 3,886.63
Max BW GB/s: 4,096.00

---Traffic---
In-Die bisection_bytes BW (GB/s): 256.00
Inter-board traffic (msg/ns): 0.00, per-link: 0.00
Inter-pack traffic (msg/ns): 0.00, per-link: 0.00
Inter-die traffic (msg/ns): 82.15, per-link: 0.32
Ruche traffic (msg/ns): 101.37, per-link: 0.40
All traffic (msg/ns): 3,259.51, per-link: 3.18
Inter-die reduction wrt all: 39.68
Inter-board reduction wrt inter-die: inf

---Data Movement---
All traffic (msg): 327,251,363
Arith. Intensity FLOP/Loads: 0.20
Arith. Intensity FLOP/Msgs: 0.04
Arith. Intensity OPS/Loads: 1.65
Arith. Intensity OPS/Msgs: 0.31



===Core Utilization Total=== CORE-S:1;; TIME K cy:100 ;; Nodes Proc: 1,498,739 -- Edges Proc: 0

===PRINTING FRAME STATS

FCollision In Avg:11, SD:7, Max:57, Min:0
FCollision Out Avg:0, SD:0, Max:2, Min:0
FCollision End Avg:0, SD:0, Max:0, Min:0
FTask1 Avg:76, SD:4, Max:84, Min:49
FTask2 Avg:0, SD:0, Max:0, Min:0
FTask3 Avg:24, SD:4, Max:51, Min:16
FCore Active Avg:100, SD:0, Max:100, Min:99
FRouter Active Avg:85, SD:5, Max:96, Min:38
T1 invocations: 386,892
T2 invocations: 0
T3 invocations: 12,354,589
T3b invocations: 0
Total3 invocations: 12,354,589
Total4 invocations: 0

T3/T2 ratio: inf
T3b/T3 ratio: 0

T1 avg ex cycles: 201
T2 avg ex cycles: -nan
T3&b avg ex cycles: 2
T4 avg ex cycles: -nan
Avg. hops NOC1: -nan
Avg. latency NOC1 (T2): -nan
Avg. hops NOC2: 12
Avg. latency NOC2 (T3): 3,296

===PRINTING ACUM STATS at pu_cycles: 200,410

ACollision In Avg:11, SD:7, Max:53, Min:0
ACollision Out Avg:0, SD:0, Max:3, Min:0
ACollision End Avg:0, SD:0, Max:0, Min:0
ATask1 Avg:76, SD:4, Max:85, Min:50
ATask2 Avg:0, SD:0, Max:0, Min:0
ATask3 Avg:24, SD:4, Max:50, Min:15
ACore Active Avg:100, SD:0, Max:100, Min:100
ARouter Active Avg:85, SD:4, Max:96, Min:39
T1 invocations: 776,881
T2 invocations: 0
T3 invocations: 24,370,731
T3b invocations: 0
Total3 invocations: 24,370,731
Total4 invocations: 0

T3/T2 ratio: inf
T3b/T3 ratio: 0

T1 avg ex cycles: 201
T2 avg ex cycles: -nan
T3&b avg ex cycles: 2
T4 avg ex cycles: -nan
Avg. hops NOC1: -nan
Avg. latency NOC1 (T2): -nan
Avg. hops NOC2: 13
Avg. latency NOC2 (T3): 3,288
Number of K Nodes Processed: 24,396
Number of K Edges Processed: 24,396
Node Re-explore factor: 5.82
Edge Re-explore factor: 0.19
Nodes/cy: 122
Edges/cy: 122
TEPS: 640

---DCache---
DCache Size: 63,664
DRAM words: 129,408
  DHits: 42,195,964
  DMisses: 1,897,575
  DHit Rate (hit/miss): 96%
  DEvictions: 198,866
  DEviction Rate (evict/misses): 10%
  MC Transactions: 2,010,309
  MC Writes: 98,545
Avg. Transactions: 31% , Writes: 2%, Avg. Latency: 0
Max MC id: 28 of 32. Transactions: 33% , Writes: 2%, MC mean Latency: 0
HBM refresh energy (nJ): 0
HBM access energy (nJ): 3,808,329
MemC wire energy 2.5d (nJ): 752,218
MemC wire energy 3d (nJ): 188,054

---Energy---
Leakage Energy (nJ): 37,098
PU Dyn E (nJ): 1,379,959
Mem Dyn E (nJ): 8,265,427
Route Dyn E (nJ): 1,869,007
Dynamic Energy (nJ): 11,514,393
Ratio of Dyn/Leak: 310
Total Energy (nJ): 11,551,491
Total Energy (nJ) 3D: 12,154,824
Cores Energy (nJ): 1,380,517
Route Energy (nJ): 1,872,841
Route Energy (nJ) 3D: 3,040,337
Mem Energy   (nJ): 8,298,134
Mem Energy   (nJ) 3D: 7,733,971
Avg. Power (mW): 57,639.30
Power Density (mW/mm2): 67.01

---Runtime---
Runtime in K cycles: 200.41
Microseconds: 200.41
Time per iteration (ms): 0.20

---Throughput---
GOP/s (aka OPS/ns): 1,016.43
GOP/s per core: 0.99
FLOP/s: 123.70
FLOP/s per core: 0.12
Max Peak FLOP/s: 1,024.00
Avg. BW GB/s: 3,954.63
Max BW GB/s: 4,096.00

---Traffic---
In-Die bisection_bytes BW (GB/s): 256.00
Inter-board traffic (msg/ns): 0.00, per-link: 0.00
Inter-pack traffic (msg/ns): 0.00, per-link: 0.00
Inter-die traffic (msg/ns): 81.95, per-link: 0.32
Ruche traffic (msg/ns): 101.44, per-link: 0.40
All traffic (msg/ns): 3,252.05, per-link: 3.18
Inter-die reduction wrt all: 39.68
Inter-board reduction wrt inter-die: inf

---Data Movement---
All traffic (msg): 651,743,647
Arith. Intensity FLOP/Loads: 0.20
Arith. Intensity FLOP/Msgs: 0.04
Arith. Intensity OPS/Loads: 1.64
Arith. Intensity OPS/Msgs: 0.31



===Core Utilization Total=== CORE-S:2;; TIME K cy:200 ;; Nodes Proc: 3,037,804 -- Edges Proc: 0

===PRINTING FRAME STATS

FCollision In Avg:11, SD:7, Max:61, Min:0
FCollision Out Avg:0, SD:0, Max:3, Min:0
FCollision End Avg:0, SD:0, Max:0, Min:0
FTask1 Avg:76, SD:4, Max:85, Min:50
FTask2 Avg:0, SD:0, Max:0, Min:0
FTask3 Avg:24, SD:4, Max:50, Min:15
FCore Active Avg:100, SD:0, Max:100, Min:98
FRouter Active Avg:85, SD:4, Max:96, Min:39
T1 invocations: 386,871
T2 invocations: 0
T3 invocations: 12,355,810
T3b invocations: 0
Total3 invocations: 12,355,810
Total4 invocations: 0

T3/T2 ratio: inf
T3b/T3 ratio: 0

T1 avg ex cycles: 201
T2 avg ex cycles: -nan
T3&b avg ex cycles: 2
T4 avg ex cycles: -nan
Avg. hops NOC1: -nan
Avg. latency NOC1 (T2): -nan
Avg. hops NOC2: 12
Avg. latency NOC2 (T3): 3,296

===PRINTING ACUM STATS at pu_cycles: 300,404

ACollision In Avg:11, SD:7, Max:55, Min:0
ACollision Out Avg:0, SD:0, Max:3, Min:0
ACollision End Avg:0, SD:0, Max:0, Min:0
ATask1 Avg:76, SD:4, Max:85, Min:50
ATask2 Avg:0, SD:0, Max:0, Min:0
ATask3 Avg:24, SD:4, Max:50, Min:15
ACore Active Avg:100, SD:0, Max:100, Min:99
ARouter Active Avg:85, SD:4, Max:96, Min:39
T1 invocations: 1,161,195
T2 invocations: 0
T3 invocations: 36,633,767
T3b invocations: 0
Total3 invocations: 36,633,767
Total4 invocations: 0

T3/T2 ratio: inf
T3b/T3 ratio: 0

T1 avg ex cycles: 201
T2 avg ex cycles: -nan
T3&b avg ex cycles: 2
T4 avg ex cycles: -nan
Avg. hops NOC1: -nan
Avg. latency NOC1 (T2): -nan
Avg. hops NOC2: 13
Avg. latency NOC2 (T3): 3,291
Number of K Nodes Processed: 36,751
Number of K Edges Processed: 36,751
Node Re-explore factor: 8.76
Edge Re-explore factor: 0.29
Nodes/cy: 122
Edges/cy: 122
TEPS: 427

---DCache---
DCache Size: 63,664
DRAM words: 129,408
  DHits: 63,478,213
  DMisses: 2,718,815
  DHit Rate (hit/miss): 96%
  DEvictions: 300,882
  DEviction Rate (evict/misses): 11%
  MC Transactions: 2,886,575
  MC Writes: 149,448
Avg. Transactions: 30% , Writes: 2%, Avg. Latency: 0
Max MC id: 28 of 32. Transactions: 31% , Writes: 2%, MC mean Latency: 0
HBM refresh energy (nJ): 0
HBM access energy (nJ): 5,468,327
MemC wire energy 2.5d (nJ): 1,080,099
MemC wire energy 3d (nJ): 270,025

---Energy---
Leakage Energy (nJ): 55,609
PU Dyn E (nJ): 2,064,936
Mem Dyn E (nJ): 12,110,190
Route Dyn E (nJ): 2,793,542
Dynamic Energy (nJ): 16,968,669
Ratio of Dyn/Leak: 305
Total Energy (nJ): 17,024,278
Total Energy (nJ) 3D: 17,958,009
Cores Energy (nJ): 2,065,773
Route Energy (nJ): 2,799,289
Route Energy (nJ) 3D: 4,543,094
Mem Energy   (nJ): 12,159,216
Mem Energy   (nJ) 3D: 11,349,141
Avg. Power (mW): 56,671.27
Power Density (mW/mm2): 65.88

---Runtime---
Runtime in K cycles: 300.40
Microseconds: 300.40
Time per iteration (ms): 0.30

---Throughput---
GOP/s (aka OPS/ns): 1,015.11
GOP/s per core: 0.99
FLOP/s: 123.38
FLOP/s per core: 0.12
Max Peak FLOP/s: 1,024.00
Avg. BW GB/s: 3,960.20
Max BW GB/s: 4,096.00

---Traffic---
In-Die bisection_bytes BW (GB/s): 256.00
Inter-board traffic (msg/ns): 0.00, per-link: 0.00
Inter-pack traffic (msg/ns): 0.00, per-link: 0.00
Inter-die traffic (msg/ns): 81.89, per-link: 0.32
Ruche traffic (msg/ns): 101.29, per-link: 0.40
All traffic (msg/ns): 3,236.17, per-link: 3.16
Inter-die reduction wrt all: 39.52
Inter-board reduction wrt inter-die: inf

---Data Movement---
All traffic (msg): 972,157,171
Arith. Intensity FLOP/Loads: 0.20
Arith. Intensity FLOP/Msgs: 0.04
Arith. Intensity OPS/Loads: 1.64
Arith. Intensity OPS/Msgs: 0.31



===Core Utilization Total=== CORE-S:3;; TIME K cy:300 ;; Nodes Proc: 4,576,372 -- Edges Proc: 0

===PRINTING FRAME STATS

FCollision In Avg:11, SD:7, Max:59, Min:0
FCollision Out Avg:0, SD:0, Max:5, Min:0
FCollision End Avg:0, SD:0, Max:0, Min:0
FTask1 Avg:76, SD:4, Max:85, Min:49
FTask2 Avg:0, SD:0, Max:0, Min:0
FTask3 Avg:24, SD:4, Max:51, Min:15
FCore Active Avg:100, SD:0, Max:100, Min:100
FRouter Active Avg:85, SD:5, Max:96, Min:37
T1 invocations: 386,953
T2 invocations: 0
T3 invocations: 12,356,460
T3b invocations: 0
Total3 invocations: 12,356,460
Total4 invocations: 0

T3/T2 ratio: inf
T3b/T3 ratio: 0

T1 avg ex cycles: 201
T2 avg ex cycles: -nan
T3&b avg ex cycles: 2
T4 avg ex cycles: -nan
Avg. hops NOC1: -nan
Avg. latency NOC1 (T2): -nan
Avg. hops NOC2: 12
Avg. latency NOC2 (T3): 3,296

===PRINTING ACUM STATS at pu_cycles: 400,401

ACollision In Avg:11, SD:7, Max:52, Min:0
ACollision Out Avg:0, SD:0, Max:2, Min:0
ACollision End Avg:0, SD:0, Max:0, Min:0
ATask1 Avg:76, SD:4, Max:85, Min:50
ATask2 Avg:0, SD:0, Max:0, Min:0
ATask3 Avg:24, SD:4, Max:50, Min:15
ACore Active Avg:100, SD:0, Max:100, Min:99
ARouter Active Avg:85, SD:4, Max:96, Min:38
T1 invocations: 1,550,342
T2 invocations: 0
T3 invocations: 49,070,477
T3b invocations: 0
Total3 invocations: 49,070,477
Total4 invocations: 0

T3/T2 ratio: inf
T3b/T3 ratio: 0

T1 avg ex cycles: 201
T2 avg ex cycles: -nan
T3&b avg ex cycles: 2
T4 avg ex cycles: -nan
Avg. hops NOC1: -nan
Avg. latency NOC1 (T2): -nan
Avg. hops NOC2: 13
Avg. latency NOC2 (T3): 3,292
Number of K Nodes Processed: 49,108
Number of K Edges Processed: 49,108
Node Re-explore factor: 11.71
Edge Re-explore factor: 0.38
Nodes/cy: 123
Edges/cy: 123
TEPS: 320

---DCache---
DCache Size: 63,664
DRAM words: 129,408
  DHits: 84,787,710
  DMisses: 3,538,992
  DHit Rate (hit/miss): 96%
  DEvictions: 401,609
  DEviction Rate (evict/misses): 11%
  MC Transactions: 3,761,547
  MC Writes: 200,205
Avg. Transactions: 29% , Writes: 2%, Avg. Latency: 0
Max MC id: 28 of 32. Transactions: 30% , Writes: 2%, MC mean Latency: 0
HBM refresh energy (nJ): 1
HBM access energy (nJ): 7,125,874
MemC wire energy 2.5d (nJ): 1,407,496
MemC wire energy 3d (nJ): 351,874

---Energy---
Leakage Energy (nJ): 74,119
PU Dyn E (nJ): 2,758,621
Mem Dyn E (nJ): 15,973,499
Route Dyn E (nJ): 3,728,372
Dynamic Energy (nJ): 22,460,492
Ratio of Dyn/Leak: 303
Total Energy (nJ): 22,534,611
Total Energy (nJ) 3D: 23,807,383
Cores Energy (nJ): 2,759,736
Route Energy (nJ): 3,736,032
Route Energy (nJ) 3D: 6,064,426
Mem Energy   (nJ): 16,038,844
Mem Energy   (nJ) 3D: 14,983,222
Avg. Power (mW): 56,280.11
Power Density (mW/mm2): 65.43

---Runtime---
Runtime in K cycles: 400.40
Microseconds: 400.40
Time per iteration (ms): 0.40

---Throughput---
GOP/s (aka OPS/ns): 1,017.70
GOP/s per core: 0.99
FLOP/s: 123.60
FLOP/s per core: 0.12
Max Peak FLOP/s: 1,024.00
Avg. BW GB/s: 3,976.56
Max BW GB/s: 4,096.00

---Traffic---
In-Die bisection_bytes BW (GB/s): 256.00
Inter-board traffic (msg/ns): 0.00, per-link: 0.00
Inter-pack traffic (msg/ns): 0.00, per-link: 0.00
Inter-die traffic (msg/ns): 81.98, per-link: 0.32
Ruche traffic (msg/ns): 101.24, per-link: 0.40
All traffic (msg/ns): 3,238.31, per-link: 3.16
Inter-die reduction wrt all: 39.50
Inter-board reduction wrt inter-die: inf

---Data Movement---
All traffic (msg): 1,296,622,173
Arith. Intensity FLOP/Loads: 0.20
Arith. Intensity FLOP/Msgs: 0.04
Arith. Intensity OPS/Loads: 1.63
Arith. Intensity OPS/Msgs: 0.31



===Core Utilization Total=== CORE-S:4;; TIME K cy:400 ;; Nodes Proc: 6,112,269 -- Edges Proc: 0

===PRINTING FRAME STATS

FCollision In Avg:11, SD:8, Max:82, Min:0
FCollision Out Avg:0, SD:0, Max:5, Min:0
FCollision End Avg:0, SD:0, Max:0, Min:0
FTask1 Avg:76, SD:4, Max:85, Min:50
FTask2 Avg:0, SD:0, Max:0, Min:0
FTask3 Avg:24, SD:4, Max:50, Min:15
FCore Active Avg:100, SD:0, Max:100, Min:99
FRouter Active Avg:85, SD:5, Max:97, Min:39
T1 invocations: 387,155
T2 invocations: 0
T3 invocations: 12,354,517
T3b invocations: 0
Total3 invocations: 12,354,517
Total4 invocations: 0

T3/T2 ratio: inf
T3b/T3 ratio: 0

T1 avg ex cycles: 201
T2 avg ex cycles: -nan
T3&b avg ex cycles: 2
T4 avg ex cycles: -nan
Avg. hops NOC1: -nan
Avg. latency NOC1 (T2): -nan
Avg. hops NOC2: 12
Avg. latency NOC2 (T3): 3,296

===PRINTING ACUM STATS at pu_cycles: 500,402

ACollision In Avg:11, SD:7, Max:56, Min:0
ACollision Out Avg:0, SD:0, Max:3, Min:0
ACollision End Avg:0, SD:0, Max:0, Min:0
ATask1 Avg:76, SD:4, Max:85, Min:50
ATask2 Avg:0, SD:0, Max:0, Min:0
ATask3 Avg:24, SD:4, Max:50, Min:15
ACore Active Avg:100, SD:0, Max:100, Min:100
ARouter Active Avg:85, SD:4, Max:96, Min:39
T1 invocations: 1,937,864
T2 invocations: 0
T3 invocations: 61,438,456
T3b invocations: 0
Total3 invocations: 61,438,456
Total4 invocations: 0

T3/T2 ratio: inf
T3b/T3 ratio: 0

T1 avg ex cycles: 201
T2 avg ex cycles: -nan
T3&b avg ex cycles: 2
T4 avg ex cycles: -nan
Avg. hops NOC1: -nan
Avg. latency NOC1 (T2): -nan
Avg. hops NOC2: 13
Avg. latency NOC2 (T3): 3,293
Number of K Nodes Processed: 61,463
Number of K Edges Processed: 61,463
Node Re-explore factor: 14.65
Edge Re-explore factor: 0.48
Nodes/cy: 123
Edges/cy: 123
TEPS: 256

---DCache---
DCache Size: 63,664
DRAM words: 129,408
  DHits: 106,116,488
  DMisses: 4,361,454
  DHit Rate (hit/miss): 96%
  DEvictions: 514,712
  DEviction Rate (evict/misses): 12%
  MC Transactions: 4,639,904
  MC Writes: 251,979
Avg. Transactions: 29% , Writes: 2%, Avg. Latency: 0
Max MC id: 28 of 32. Transactions: 30% , Writes: 2%, MC mean Latency: 0
HBM refresh energy (nJ): 1
HBM access energy (nJ): 8,789,834
MemC wire energy 2.5d (nJ): 1,736,160
MemC wire energy 3d (nJ): 434,040

---Energy---
Leakage Energy (nJ): 92,631
PU Dyn E (nJ): 3,448,944
Mem Dyn E (nJ): 19,836,511
Route Dyn E (nJ): 4,658,596
Dynamic Energy (nJ): 27,944,052
Ratio of Dyn/Leak: 302
Total Energy (nJ): 28,036,683
Total Energy (nJ) 3D: 29,643,909
Cores Energy (nJ): 3,450,337
Route Energy (nJ): 4,668,169
Route Energy (nJ) 3D: 7,577,516
Mem Energy   (nJ): 19,918,176
Mem Energy   (nJ) 3D: 18,616,056
Avg. Power (mW): 56,028.32
Power Density (mW/mm2): 65.14

---Runtime---
Runtime in K cycles: 500.40
Microseconds: 500.40
Time per iteration (ms): 0.50

---Throughput---
GOP/s (aka OPS/ns): 1,018.23
GOP/s per core: 0.99
FLOP/s: 123.62
FLOP/s per core: 0.12
Max Peak FLOP/s: 1,024.00
Avg. BW GB/s: 3,982.08
Max BW GB/s: 4,096.00

---Traffic---
In-Die bisection_bytes BW (GB/s): 256.00
Inter-board traffic (msg/ns): 0.00, per-link: 0.00
Inter-pack traffic (msg/ns): 0.00, per-link: 0.00
Inter-die traffic (msg/ns): 81.96, per-link: 0.32
Ruche traffic (msg/ns): 101.22, per-link: 0.40
All traffic (msg/ns): 3,236.12, per-link: 3.16
Inter-die reduction wrt all: 39.48
Inter-board reduction wrt inter-die: inf

---Data Movement---
All traffic (msg): 1,619,362,172
Arith. Intensity FLOP/Loads: 0.20
Arith. Intensity FLOP/Msgs: 0.04
Arith. Intensity OPS/Loads: 1.63
Arith. Intensity OPS/Msgs: 0.31



===Core Utilization Total=== CORE-S:5;; TIME K cy:500 ;; Nodes Proc: 7,648,572 -- Edges Proc: 0

===PRINTING FRAME STATS

FCollision In Avg:11, SD:8, Max:65, Min:0
FCollision Out Avg:0, SD:0, Max:3, Min:0
FCollision End Avg:0, SD:0, Max:0, Min:0
FTask1 Avg:76, SD:4, Max:85, Min:49
FTask2 Avg:0, SD:0, Max:0, Min:0
FTask3 Avg:24, SD:4, Max:51, Min:15
FCore Active Avg:100, SD:0, Max:100, Min:100
FRouter Active Avg:85, SD:5, Max:96, Min:38
T1 invocations: 386,929
T2 invocations: 0
T3 invocations: 12,354,825
T3b invocations: 0
Total3 invocations: 12,354,825
Total4 invocations: 0

T3/T2 ratio: inf
T3b/T3 ratio: 0

T1 avg ex cycles: 201
T2 avg ex cycles: -nan
T3&b avg ex cycles: 2
T4 avg ex cycles: -nan
Avg. hops NOC1: -nan
Avg. latency NOC1 (T2): -nan
Avg. hops NOC2: 12
Avg. latency NOC2 (T3): 3,296

===PRINTING ACUM STATS at pu_cycles: 600,405

ACollision In Avg:11, SD:7, Max:57, Min:0
ACollision Out Avg:0, SD:0, Max:3, Min:0
ACollision End Avg:0, SD:0, Max:0, Min:0
ATask1 Avg:76, SD:4, Max:85, Min:50
ATask2 Avg:0, SD:0, Max:0, Min:0
ATask3 Avg:24, SD:4, Max:50, Min:15
ACore Active Avg:100, SD:0, Max:100, Min:100
ARouter Active Avg:85, SD:4, Max:96, Min:39
T1 invocations: 2,324,378
T2 invocations: 0
T3 invocations: 73,786,041
T3b invocations: 0
Total3 invocations: 73,786,041
Total4 invocations: 0

T3/T2 ratio: inf
T3b/T3 ratio: 0

T1 avg ex cycles: 201
T2 avg ex cycles: -nan
T3&b avg ex cycles: 2
T4 avg ex cycles: -nan
Avg. hops NOC1: -nan
Avg. latency NOC1 (T2): -nan
Avg. hops NOC2: 13
Avg. latency NOC2 (T3): 3,293
Number of K Nodes Processed: 73,819
Number of K Edges Processed: 73,819
Node Re-explore factor: 17.60
Edge Re-explore factor: 0.58
Nodes/cy: 123
Edges/cy: 123
TEPS: 214

---DCache---
DCache Size: 63,664
DRAM words: 129,408
  DHits: 127,408,631
  DMisses: 5,186,460
  DHit Rate (hit/miss): 96%
  DEvictions: 1,148,903
  DEviction Rate (evict/misses): 22%
  MC Transactions: 5,523,876
  MC Writes: 306,872
Avg. Transactions: 29% , Writes: 2%, Avg. Latency: 0
Max MC id: 28 of 32. Transactions: 30% , Writes: 2%, MC mean Latency: 0
HBM refresh energy (nJ): 1
HBM access energy (nJ): 10,464,430
MemC wire energy 2.5d (nJ): 2,066,925
MemC wire energy 3d (nJ): 516,731

---Energy---
Leakage Energy (nJ): 111,143
PU Dyn E (nJ): 4,137,960
Mem Dyn E (nJ): 23,709,095
Route Dyn E (nJ): 5,588,839
Dynamic Energy (nJ): 33,435,895
Ratio of Dyn/Leak: 301
Total Energy (nJ): 33,547,038
Total Energy (nJ) 3D: 35,486,575
Cores Energy (nJ): 4,139,631
Route Energy (nJ): 5,600,326
Route Energy (nJ) 3D: 9,090,055
Mem Energy   (nJ): 23,807,081
Mem Energy   (nJ) 3D: 22,256,888
Avg. Power (mW): 55,874.01
Power Density (mW/mm2): 64.96

---Runtime---
Runtime in K cycles: 600.40
Microseconds: 600.40
Time per iteration (ms): 0.60

---Throughput---
GOP/s (aka OPS/ns): 1,018.27
GOP/s per core: 0.99
FLOP/s: 123.59
FLOP/s per core: 0.12
Max Peak FLOP/s: 1,024.00
Avg. BW GB/s: 3,984.59
Max BW GB/s: 4,096.00

---Traffic---
In-Die bisection_bytes BW (GB/s): 256.00
Inter-board traffic (msg/ns): 0.00, per-link: 0.00
Inter-pack traffic (msg/ns): 0.00, per-link: 0.00
Inter-die traffic (msg/ns): 82.04, per-link: 0.32
Ruche traffic (msg/ns): 101.19, per-link: 0.40
All traffic (msg/ns): 3,234.44, per-link: 3.16
Inter-die reduction wrt all: 39.43
Inter-board reduction wrt inter-die: inf

---Data Movement---
All traffic (msg): 1,941,976,078
Arith. Intensity FLOP/Loads: 0.20
Arith. Intensity FLOP/Msgs: 0.04
Arith. Intensity OPS/Loads: 1.63
Arith. Intensity OPS/Msgs: 0.31



===Core Utilization Total=== CORE-S:6;; TIME K cy:600 ;; Nodes Proc: 9,185,754 -- Edges Proc: 0

===PRINTING FRAME STATS

FCollision In Avg:11, SD:8, Max:78, Min:0
FCollision Out Avg:0, SD:0, Max:6, Min:0
FCollision End Avg:0, SD:0, Max:0, Min:0
FTask1 Avg:76, SD:4, Max:85, Min:50
FTask2 Avg:0, SD:0, Max:0, Min:0
FTask3 Avg:24, SD:4, Max:50, Min:15
FCore Active Avg:100, SD:0, Max:100, Min:99
FRouter Active Avg:85, SD:5, Max:97, Min:38
T1 invocations: 387,086
T2 invocations: 0
T3 invocations: 12,354,832
T3b invocations: 0
Total3 invocations: 12,354,832
Total4 invocations: 0

T3/T2 ratio: inf
T3b/T3 ratio: 0

T1 avg ex cycles: 201
T2 avg ex cycles: -nan
T3&b avg ex cycles: 2
T4 avg ex cycles: -nan
Avg. hops NOC1: -nan
Avg. latency NOC1 (T2): -nan
Avg. hops NOC2: 12
Avg. latency NOC2 (T3): 3,296

===PRINTING ACUM STATS at pu_cycles: 700,407

ACollision In Avg:11, SD:7, Max:59, Min:0
ACollision Out Avg:0, SD:0, Max:3, Min:0
ACollision End Avg:0, SD:0, Max:0, Min:0
ATask1 Avg:76, SD:4, Max:85, Min:50
ATask2 Avg:0, SD:0, Max:0, Min:0
ATask3 Avg:24, SD:4, Max:50, Min:15
ACore Active Avg:100, SD:0, Max:100, Min:100
ARouter Active Avg:85, SD:4, Max:96, Min:38
T1 invocations: 2,711,874
T2 invocations: 0
T3 invocations: 86,149,106
T3b invocations: 0
Total3 invocations: 86,149,106
Total4 invocations: 0

T3/T2 ratio: inf
T3b/T3 ratio: 0

T1 avg ex cycles: 201
T2 avg ex cycles: -nan
T3&b avg ex cycles: 2
T4 avg ex cycles: -nan
Avg. hops NOC1: -nan
Avg. latency NOC1 (T2): -nan
Avg. hops NOC2: 13
Avg. latency NOC2 (T3): 3,294
Number of K Nodes Processed: 86,174
Number of K Edges Processed: 86,174
Node Re-explore factor: 20.55
Edge Re-explore factor: 0.67
Nodes/cy: 123
Edges/cy: 123
TEPS: 183

---DCache---
DCache Size: 63,664
DRAM words: 129,408
  DHits: 148,683,145
  DMisses: 6,011,522
  DHit Rate (hit/miss): 96%
  DEvictions: 1,969,330
  DEviction Rate (evict/misses): 33%
  MC Transactions: 6,407,922
  MC Writes: 361,807
Avg. Transactions: 29% , Writes: 2%, Avg. Latency: 0
Max MC id: 28 of 32. Transactions: 30% , Writes: 2%, MC mean Latency: 0
HBM refresh energy (nJ): 1
HBM access energy (nJ): 12,139,167
MemC wire energy 2.5d (nJ): 2,397,717
MemC wire energy 3d (nJ): 599,429

---Energy---
Leakage Energy (nJ): 129,654
PU Dyn E (nJ): 4,828,231
Mem Dyn E (nJ): 27,583,791
Route Dyn E (nJ): 6,519,128
Dynamic Energy (nJ): 38,931,150
Ratio of Dyn/Leak: 300
Total Energy (nJ): 39,060,804
Total Energy (nJ) 3D: 41,332,964
Cores Energy (nJ): 4,830,180
Route Energy (nJ): 6,532,527
Route Energy (nJ) 3D: 10,602,975
Mem Energy   (nJ): 27,698,097
Mem Energy   (nJ) 3D: 25,899,809
Avg. Power (mW): 55,768.72
Power Density (mW/mm2): 64.83

---Runtime---
Runtime in K cycles: 700.41
Microseconds: 700.41
Time per iteration (ms): 0.70

---Throughput---
GOP/s (aka OPS/ns): 1,018.55
GOP/s per core: 0.99
FLOP/s: 123.60
FLOP/s per core: 0.12
Max Peak FLOP/s: 1,024.00
Avg. BW GB/s: 3,987.21
Max BW GB/s: 4,096.00

---Traffic---
In-Die bisection_bytes BW (GB/s): 256.00
Inter-board traffic (msg/ns): 0.00, per-link: 0.00
Inter-pack traffic (msg/ns): 0.00, per-link: 0.00
Inter-die traffic (msg/ns): 82.01, per-link: 0.32
Ruche traffic (msg/ns): 101.21, per-link: 0.40
All traffic (msg/ns): 3,233.45, per-link: 3.16
Inter-die reduction wrt all: 39.43
Inter-board reduction wrt inter-die: inf

---Data Movement---
All traffic (msg): 2,264,734,470
Arith. Intensity FLOP/Loads: 0.20
Arith. Intensity FLOP/Msgs: 0.04
Arith. Intensity OPS/Loads: 1.63
Arith. Intensity OPS/Msgs: 0.32



===Core Utilization Total=== CORE-S:7;; TIME K cy:700 ;; Nodes Proc: 10,722,314 -- Edges Proc: 0

===PRINTING FRAME STATS

FCollision In Avg:11, SD:7, Max:68, Min:0
FCollision Out Avg:0, SD:0, Max:4, Min:0
FCollision End Avg:0, SD:0, Max:0, Min:0
FTask1 Avg:76, SD:4, Max:85, Min:50
FTask2 Avg:0, SD:0, Max:0, Min:0
FTask3 Avg:24, SD:4, Max:50, Min:15
FCore Active Avg:100, SD:0, Max:100, Min:99
FRouter Active Avg:85, SD:5, Max:96, Min:37
T1 invocations: 386,799
T2 invocations: 0
T3 invocations: 12,355,673
T3b invocations: 0
Total3 invocations: 12,355,673
Total4 invocations: 0

T3/T2 ratio: inf
T3b/T3 ratio: 0

T1 avg ex cycles: 201
T2 avg ex cycles: -nan
T3&b avg ex cycles: 2
T4 avg ex cycles: -nan
Avg. hops NOC1: -nan
Avg. latency NOC1 (T2): -nan
Avg. hops NOC2: 12
Avg. latency NOC2 (T3): 3,295

===PRINTING ACUM STATS at pu_cycles: 800,419

ACollision In Avg:11, SD:7, Max:60, Min:0
ACollision Out Avg:0, SD:0, Max:3, Min:0
ACollision End Avg:0, SD:0, Max:0, Min:0
ATask1 Avg:76, SD:4, Max:85, Min:50
ATask2 Avg:0, SD:0, Max:0, Min:0
ATask3 Avg:24, SD:4, Max:50, Min:15
ACore Active Avg:100, SD:0, Max:100, Min:100
ARouter Active Avg:85, SD:4, Max:96, Min:38
T1 invocations: 3,096,450
T2 invocations: 0
T3 invocations: 98,426,770
T3b invocations: 0
Total3 invocations: 98,426,770
Total4 invocations: 0

T3/T2 ratio: inf
T3b/T3 ratio: 0

T1 avg ex cycles: 201
T2 avg ex cycles: -nan
T3&b avg ex cycles: 2
T4 avg ex cycles: -nan
Avg. hops NOC1: -nan
Avg. latency NOC1 (T2): -nan
Avg. hops NOC2: 13
Avg. latency NOC2 (T3): 3,294
Number of K Nodes Processed: 98,528
Number of K Edges Processed: 98,528
Node Re-explore factor: 23.49
Edge Re-explore factor: 0.77
Nodes/cy: 123
Edges/cy: 123
TEPS: 160

---DCache---
DCache Size: 63,664
DRAM words: 129,408
  DHits: 169,953,141
  DMisses: 6,830,061
  DHit Rate (hit/miss): 96%
  DEvictions: 2,788,223
  DEviction Rate (evict/misses): 41%
  MC Transactions: 7,278,341
  MC Writes: 409,815
Avg. Transactions: 28% , Writes: 2%, Avg. Latency: 0
Max MC id: 28 of 32. Transactions: 29% , Writes: 2%, MC mean Latency: 0
HBM refresh energy (nJ): 2
HBM access energy (nJ): 13,788,089
MemC wire energy 2.5d (nJ): 2,723,411
MemC wire energy 3d (nJ): 680,853

---Energy---
Leakage Energy (nJ): 148,168
PU Dyn E (nJ): 5,513,851
Mem Dyn E (nJ): 31,416,788
Route Dyn E (nJ): 7,442,957
Dynamic Energy (nJ): 44,373,597
Ratio of Dyn/Leak: 299
Total Energy (nJ): 44,521,765
Total Energy (nJ) 3D: 47,125,744
Cores Energy (nJ): 5,516,079
Route Energy (nJ): 7,458,270
Route Energy (nJ) 3D: 12,104,806
Mem Energy   (nJ): 31,547,417
Mem Energy   (nJ) 3D: 29,504,859
Avg. Power (mW): 55,623.07
Power Density (mW/mm2): 64.66

---Runtime---
Runtime in K cycles: 800.42
Microseconds: 800.42
Time per iteration (ms): 0.80

---Throughput---
GOP/s (aka OPS/ns): 1,017.89
GOP/s per core: 0.99
FLOP/s: 123.50
FLOP/s per core: 0.12
Max Peak FLOP/s: 1,024.00
Avg. BW GB/s: 3,985.69
Max BW GB/s: 4,096.00

---Traffic---
In-Die bisection_bytes BW (GB/s): 256.00
Inter-board traffic (msg/ns): 0.00, per-link: 0.00
Inter-pack traffic (msg/ns): 0.00, per-link: 0.00
Inter-die traffic (msg/ns): 81.97, per-link: 0.32
Ruche traffic (msg/ns): 101.15, per-link: 0.40
All traffic (msg/ns): 3,229.48, per-link: 3.15
Inter-die reduction wrt all: 39.40
Inter-board reduction wrt inter-die: inf

---Data Movement---
All traffic (msg): 2,584,933,561
Arith. Intensity FLOP/Loads: 0.20
Arith. Intensity FLOP/Msgs: 0.04
Arith. Intensity OPS/Loads: 1.63
Arith. Intensity OPS/Msgs: 0.32



===Core Utilization Total=== CORE-S:8;; TIME K cy:800 ;; Nodes Proc: 12,258,166 -- Edges Proc: 0

===PRINTING FRAME STATS

FCollision In Avg:11, SD:7, Max:70, Min:0
FCollision Out Avg:0, SD:0, Max:7, Min:0
FCollision End Avg:0, SD:0, Max:0, Min:0
FTask1 Avg:76, SD:4, Max:85, Min:50
FTask2 Avg:0, SD:0, Max:0, Min:0
FTask3 Avg:24, SD:4, Max:50, Min:15
FCore Active Avg:100, SD:0, Max:100, Min:99
FRouter Active Avg:85, SD:5, Max:97, Min:38
T1 invocations: 386,961
T2 invocations: 0
T3 invocations: 12,353,386
T3b invocations: 0
Total3 invocations: 12,353,386
Total4 invocations: 0

T3/T2 ratio: inf
T3b/T3 ratio: 0

T1 avg ex cycles: 201
T2 avg ex cycles: -nan
T3&b avg ex cycles: 2
T4 avg ex cycles: -nan
Avg. hops NOC1: -nan
Avg. latency NOC1 (T2): -nan
Avg. hops NOC2: 12
Avg. latency NOC2 (T3): 3,296

===PRINTING ACUM STATS at pu_cycles: 900,410

ACollision In Avg:11, SD:7, Max:57, Min:0
ACollision Out Avg:0, SD:0, Max:3, Min:0
ACollision End Avg:0, SD:0, Max:0, Min:0
ATask1 Avg:76, SD:4, Max:85, Min:50
ATask2 Avg:0, SD:0, Max:0, Min:0
ATask3 Avg:24, SD:4, Max:50, Min:15
ACore Active Avg:100, SD:0, Max:100, Min:100
ARouter Active Avg:85, SD:4, Max:96, Min:38
T1 invocations: 3,484,883
T2 invocations: 0
T3 invocations: 110,834,955
T3b invocations: 0
Total3 invocations: 110,834,955
Total4 invocations: 0

T3/T2 ratio: inf
T3b/T3 ratio: 0

T1 avg ex cycles: 201
T2 avg ex cycles: -nan
T3&b avg ex cycles: 2
T4 avg ex cycles: -nan
Avg. hops NOC1: -nan
Avg. latency NOC1 (T2): -nan
Avg. hops NOC2: 12
Avg. latency NOC2 (T3): 3,294
Number of K Nodes Processed: 110,882
Number of K Edges Processed: 110,882
Node Re-explore factor: 26.44
Edge Re-explore factor: 0.86
Nodes/cy: 123
Edges/cy: 123
TEPS: 143

---DCache---
DCache Size: 63,664
DRAM words: 129,408
  DHits: 191,243,333
  DMisses: 7,650,185
  DHit Rate (hit/miss): 96%
  DEvictions: 3,609,470
  DEviction Rate (evict/misses): 47%
  MC Transactions: 8,152,177
  MC Writes: 459,742
Avg. Transactions: 28% , Writes: 2%, Avg. Latency: 0
Max MC id: 28 of 32. Transactions: 29% , Writes: 2%, MC mean Latency: 0
HBM refresh energy (nJ): 2
HBM access energy (nJ): 15,443,484
MemC wire energy 2.5d (nJ): 3,050,383
MemC wire energy 3d (nJ): 762,596

---Energy---
Leakage Energy (nJ): 166,677
PU Dyn E (nJ): 6,206,083
Mem Dyn E (nJ): 35,273,761
Route Dyn E (nJ): 8,376,494
Dynamic Energy (nJ): 49,856,338
Ratio of Dyn/Leak: 299
Total Energy (nJ): 50,023,015
Total Energy (nJ) 3D: 52,965,316
Cores Energy (nJ): 6,208,589
Route Energy (nJ): 8,393,719
Route Energy (nJ) 3D: 13,623,807
Mem Energy   (nJ): 35,420,708
Mem Energy   (nJ) 3D: 33,132,921
Avg. Power (mW): 55,555.82
Power Density (mW/mm2): 64.59

---Runtime---
Runtime in K cycles: 900.41
Microseconds: 900.41
Time per iteration (ms): 0.90

---Throughput---
GOP/s (aka OPS/ns): 1,018.50
GOP/s per core: 0.99
FLOP/s: 123.56
FLOP/s per core: 0.12
Max Peak FLOP/s: 1,024.00
Avg. BW GB/s: 3,989.16
Max BW GB/s: 4,096.00

---Traffic---
In-Die bisection_bytes BW (GB/s): 256.00
Inter-board traffic (msg/ns): 0.00, per-link: 0.00
Inter-pack traffic (msg/ns): 0.00, per-link: 0.00
Inter-die traffic (msg/ns): 81.94, per-link: 0.32
Ruche traffic (msg/ns): 101.20, per-link: 0.40
All traffic (msg/ns): 3,230.59, per-link: 3.15
Inter-die reduction wrt all: 39.43
Inter-board reduction wrt inter-die: inf

---Data Movement---
All traffic (msg): 2,908,854,997
Arith. Intensity FLOP/Loads: 0.20
Arith. Intensity FLOP/Msgs: 0.04
Arith. Intensity OPS/Loads: 1.63
Arith. Intensity OPS/Msgs: 0.32



===Core Utilization Total=== CORE-S:9;; TIME K cy:900 ;; Nodes Proc: 13,796,030 -- Edges Proc: 0

===PRINTING FRAME STATS

FCollision In Avg:10, SD:7, Max:74, Min:0
FCollision Out Avg:0, SD:0, Max:3, Min:0
FCollision End Avg:0, SD:0, Max:0, Min:0
FTask1 Avg:72, SD:8, Max:80, Min:24
FTask2 Avg:0, SD:0, Max:0, Min:0
FTask3 Avg:23, SD:4, Max:48, Min:16
FCore Active Avg:96, SD:9, Max:100, Min:40
FRouter Active Avg:83, SD:5, Max:96, Min:38
T1 invocations: 369,506
T2 invocations: 0
T3 invocations: 11,915,286
T3b invocations: 0
Total3 invocations: 11,915,286
Total4 invocations: 0

T3/T2 ratio: inf
T3b/T3 ratio: 0

T1 avg ex cycles: 201
T2 avg ex cycles: -nan
T3&b avg ex cycles: 2
T4 avg ex cycles: -nan
Avg. hops NOC1: -nan
Avg. latency NOC1 (T2): -nan
Avg. hops NOC2: 12
Avg. latency NOC2 (T3): 3,246

===PRINTING ACUM STATS at pu_cycles: 1,000,408

ACollision In Avg:11, SD:7, Max:55, Min:0
ACollision Out Avg:0, SD:0, Max:3, Min:0
ACollision End Avg:0, SD:0, Max:0, Min:0
ATask1 Avg:76, SD:4, Max:80, Min:50
ATask2 Avg:0, SD:0, Max:0, Min:0
ATask3 Avg:24, SD:4, Max:50, Min:15
ACore Active Avg:100, SD:1, Max:100, Min:94
ARouter Active Avg:85, SD:4, Max:96, Min:38
T1 invocations: 3,853,667
T2 invocations: 0
T3 invocations: 122,723,056
T3b invocations: 0
Total3 invocations: 122,723,056
Total4 invocations: 0

T3/T2 ratio: inf
T3b/T3 ratio: 0

T1 avg ex cycles: 201
T2 avg ex cycles: -nan
T3&b avg ex cycles: 2
T4 avg ex cycles: -nan
Avg. hops NOC1: -nan
Avg. latency NOC1 (T2): -nan
Avg. hops NOC2: 12
Avg. latency NOC2 (T3): 3,289
Number of K Nodes Processed: 122,790
Number of K Edges Processed: 122,790
Node Re-explore factor: 29.28
Edge Re-explore factor: 0.96
Nodes/cy: 123
Edges/cy: 123
TEPS: 128

---DCache---
DCache Size: 63,664
DRAM words: 129,408
  DHits: 211,884,227
  DMisses: 8,437,140
  DHit Rate (hit/miss): 96%
  DEvictions: 4,397,341
  DEviction Rate (evict/misses): 52%
  MC Transactions: 8,993,282
  MC Writes: 510,713
Avg. Transactions: 28% , Writes: 2%, Avg. Latency: 0
Max MC id: 28 of 32. Transactions: 29% , Writes: 2%, MC mean Latency: 0
HBM refresh energy (nJ): 2
HBM access energy (nJ): 17,036,873
MemC wire energy 2.5d (nJ): 3,365,107
MemC wire energy 3d (nJ): 841,277

---Energy---
Leakage Energy (nJ): 185,188
PU Dyn E (nJ): 6,864,404
Mem Dyn E (nJ): 38,978,258
Route Dyn E (nJ): 9,262,209
Dynamic Energy (nJ): 55,104,873
Ratio of Dyn/Leak: 298
Total Energy (nJ): 55,290,061
Total Energy (nJ) 3D: 58,547,916
Cores Energy (nJ): 6,867,189
Route Energy (nJ): 9,281,348
Route Energy (nJ) 3D: 15,063,033
Mem Energy   (nJ): 39,141,525
Mem Energy   (nJ) 3D: 36,617,694
Avg. Power (mW): 55,267.51
Power Density (mW/mm2): 64.25

---Runtime---
Runtime in K cycles: 1,000.41
Microseconds: 1,000.41
Time per iteration (ms): 1.00

---Throughput---
GOP/s (aka OPS/ns): 1,014.04
GOP/s per core: 0.99
FLOP/s: 122.98
FLOP/s per core: 0.12
Max Peak FLOP/s: 1,024.00
Avg. BW GB/s: 3,974.21
Max BW GB/s: 4,096.00

---Traffic---
In-Die bisection_bytes BW (GB/s): 256.00
Inter-board traffic (msg/ns): 0.00, per-link: 0.00
Inter-pack traffic (msg/ns): 0.00, per-link: 0.00
Inter-die traffic (msg/ns): 81.59, per-link: 0.32
Ruche traffic (msg/ns): 100.78, per-link: 0.39
All traffic (msg/ns): 3,214.65, per-link: 3.14
Inter-die reduction wrt all: 39.40
Inter-board reduction wrt inter-die: inf

---Data Movement---
All traffic (msg): 3,215,957,918
Arith. Intensity FLOP/Loads: 0.20
Arith. Intensity FLOP/Msgs: 0.04
Arith. Intensity OPS/Loads: 1.63
Arith. Intensity OPS/Msgs: 0.32



===Core Utilization Total=== CORE-S:10;; TIME K cy:1,000 ;; Nodes Proc: 15,276,985 -- Edges Proc: 0

===PRINTING FRAME STATS

FCollision In Avg:2, SD:2, Max:33, Min:0
FCollision Out Avg:0, SD:0, Max:1, Min:0
FCollision End Avg:0, SD:0, Max:0, Min:0
FTask1 Avg:29, SD:29, Max:89, Min:0
FTask2 Avg:0, SD:0, Max:0, Min:0
FTask3 Avg:10, SD:3, Max:37, Min:6
FCore Active Avg:39, SD:30, Max:100, Min:6
FRouter Active Avg:44, SD:8, Max:93, Min:13
T1 invocations: 147,411
T2 invocations: 0
T3 invocations: 5,122,365
T3b invocations: 0
Total3 invocations: 5,122,365
Total4 invocations: 0

T3/T2 ratio: inf
T3b/T3 ratio: 0

T1 avg ex cycles: 202
T2 avg ex cycles: -nan
T3&b avg ex cycles: 2
T4 avg ex cycles: -nan
Avg. hops NOC1: -nan
Avg. latency NOC1 (T2): -nan
Avg. hops NOC2: 12
Avg. latency NOC2 (T3): 2,762

===PRINTING ACUM STATS at pu_cycles: 1,100,390

ACollision In Avg:10, SD:7, Max:51, Min:0
ACollision Out Avg:0, SD:0, Max:2, Min:0
ACollision End Avg:0, SD:0, Max:0, Min:0
ATask1 Avg:71, SD:1, Max:73, Min:53
ATask2 Avg:0, SD:0, Max:0, Min:0
ATask3 Avg:23, SD:4, Max:47, Min:14
ACore Active Avg:94, SD:3, Max:100, Min:86
ARouter Active Avg:81, SD:4, Max:93, Min:36
T1 invocations: 3,998,467
T2 invocations: 0
T3 invocations: 127,708,090
T3b invocations: 0
Total3 invocations: 127,708,090
Total4 invocations: 0

T3/T2 ratio: inf
T3b/T3 ratio: 0

T1 avg ex cycles: 201
T2 avg ex cycles: -nan
T3&b avg ex cycles: 2
T4 avg ex cycles: -nan
Avg. hops NOC1: -nan
Avg. latency NOC1 (T2): -nan
Avg. hops NOC2: 12
Avg. latency NOC2 (T3): 3,269
Number of K Nodes Processed: 127,784
Number of K Edges Processed: 127,784
Node Re-explore factor: 30.47
Edge Re-explore factor: 1.00
Nodes/cy: 116
Edges/cy: 116
TEPS: 117

---DCache---
DCache Size: 63,664
DRAM words: 129,408
  DHits: 220,973,082
  DMisses: 8,750,567
  DHit Rate (hit/miss): 96%
  DEvictions: 4,710,831
  DEviction Rate (evict/misses): 54%
  MC Transactions: 9,325,446
  MC Writes: 529,102
Avg. Transactions: 26% , Writes: 2%, Avg. Latency: 0
Max MC id: 28 of 32. Transactions: 27% , Writes: 2%, MC mean Latency: 0
HBM refresh energy (nJ): 3
HBM access energy (nJ): 17,666,124
MemC wire energy 2.5d (nJ): 3,489,397
MemC wire energy 3d (nJ): 872,349

---Energy---
Leakage Energy (nJ): 203,696
PU Dyn E (nJ): 7,125,746
Mem Dyn E (nJ): 40,481,527
Route Dyn E (nJ): 9,614,096
Dynamic Energy (nJ): 57,221,370
Ratio of Dyn/Leak: 281
Total Energy (nJ): 57,425,066
Total Energy (nJ) 3D: 60,807,360
Cores Energy (nJ): 7,128,809
Route Energy (nJ): 9,635,147
Route Energy (nJ) 3D: 15,634,488
Mem Energy   (nJ): 40,661,111
Mem Energy   (nJ) 3D: 38,044,064
Avg. Power (mW): 52,186.10
Power Density (mW/mm2): 60.67

---Runtime---
Runtime in K cycles: 1,100.39
Microseconds: 1,100.39
Time per iteration (ms): 1.10

---Throughput---
GOP/s (aka OPS/ns): 957.22
GOP/s per core: 0.93
FLOP/s: 116.01
FLOP/s per core: 0.11
Max Peak FLOP/s: 1,024.00
Avg. BW GB/s: 3,757.02
Max BW GB/s: 4,096.00

---Traffic---
In-Die bisection_bytes BW (GB/s): 256.00
Inter-board traffic (msg/ns): 0.00, per-link: 0.00
Inter-pack traffic (msg/ns): 0.00, per-link: 0.00
Inter-die traffic (msg/ns): 76.98, per-link: 0.30
Ruche traffic (msg/ns): 95.26, per-link: 0.37
All traffic (msg/ns): 3,033.45, per-link: 2.96
Inter-die reduction wrt all: 39.40
Inter-board reduction wrt inter-die: inf

---Data Movement---
All traffic (msg): 3,337,979,356
Arith. Intensity FLOP/Loads: 0.20
Arith. Intensity FLOP/Msgs: 0.04
Arith. Intensity OPS/Loads: 1.63
Arith. Intensity OPS/Msgs: 0.32



===Core Utilization Total=== CORE-S:11;; TIME K cy:1,100 ;; Nodes Proc: 15,900,442 -- Edges Proc: 0
======== IT IS COLD ======= Only 13 Tiles active

===PRINTING FRAME STATS

FCollision In Avg:0, SD:0, Max:3, Min:0
FCollision Out Avg:0, SD:0, Max:0, Min:0
FCollision End Avg:0, SD:0, Max:0, Min:0
FTask1 Avg:3, SD:13, Max:99, Min:0
FTask2 Avg:0, SD:0, Max:0, Min:0
FTask3 Avg:1, SD:1, Max:16, Min:0
FCore Active Avg:4, SD:13, Max:100, Min:0
FRouter Active Avg:5, SD:4, Max:51, Min:1
T1 invocations: 13,870
T2 invocations: 0
T3 invocations: 488,670
T3b invocations: 0
Total3 invocations: 488,670
Total4 invocations: 0

T3/T2 ratio: inf
T3b/T3 ratio: 0

T1 avg ex cycles: 208
T2 avg ex cycles: -nan
T3&b avg ex cycles: 2
T4 avg ex cycles: -nan
Avg. hops NOC1: -nan
Avg. latency NOC1 (T2): -nan
Avg. hops NOC2: 11
Avg. latency NOC2 (T3): 2,807

===PRINTING ACUM STATS at pu_cycles: 1,200,334

ACollision In Avg:9, SD:6, Max:47, Min:0
ACollision Out Avg:0, SD:0, Max:2, Min:0
ACollision End Avg:0, SD:0, Max:0, Min:0
ATask1 Avg:66, SD:0, Max:67, Min:57
ATask2 Avg:0, SD:0, Max:0, Min:0
ATask3 Avg:21, SD:4, Max:43, Min:13
ACore Active Avg:87, SD:4, Max:100, Min:79
ARouter Active Avg:75, SD:4, Max:85, Min:33
T1 invocations: 4,016,659
T2 invocations: 0
T3 invocations: 128,255,685
T3b invocations: 0
Total3 invocations: 128,255,685
Total4 invocations: 0

T3/T2 ratio: inf
T3b/T3 ratio: 0

T1 avg ex cycles: 201
T2 avg ex cycles: -nan
T3&b avg ex cycles: 2
T4 avg ex cycles: -nan
Avg. hops NOC1: -nan
Avg. latency NOC1 (T2): -nan
Avg. hops NOC2: 12
Avg. latency NOC2 (T3): 3,269
Number of K Nodes Processed: 128,257
Number of K Edges Processed: 128,257
Node Re-explore factor: 30.58
Edge Re-explore factor: 1.00
Nodes/cy: 107
Edges/cy: 107
TEPS: 107

---DCache---
DCache Size: 63,664
DRAM words: 129,408
  DHits: 221,854,784
  DMisses: 8,780,969
  DHit Rate (hit/miss): 96%
  DEvictions: 4,741,230
  DEviction Rate (evict/misses): 54%
  MC Transactions: 9,358,646
  MC Writes: 531,898
Avg. Transactions: 24% , Writes: 1%, Avg. Latency: 0
Max MC id: 11 of 32. Transactions: 24% , Writes: 1%, MC mean Latency: 0
HBM refresh energy (nJ): 3
HBM access energy (nJ): 17,729,018
MemC wire energy 2.5d (nJ): 3,501,819
MemC wire energy 3d (nJ): 875,455

---Energy---
Leakage Energy (nJ): 222,197
PU Dyn E (nJ): 7,157,875
Mem Dyn E (nJ): 40,639,680
Route Dyn E (nJ): 9,649,644
Dynamic Energy (nJ): 57,447,200
Ratio of Dyn/Leak: 259
Total Energy (nJ): 57,669,397
Total Energy (nJ) 3D: 61,065,378
Cores Energy (nJ): 7,161,216
Route Energy (nJ): 9,672,607
Route Energy (nJ) 3D: 15,694,953
Mem Energy   (nJ): 40,835,575
Mem Energy   (nJ) 3D: 38,209,210
Avg. Power (mW): 48,044.46
Power Density (mW/mm2): 55.85

---Runtime---
Runtime in K cycles: 1,200.33
Microseconds: 1,200.33
Time per iteration (ms): 1.20

---Throughput---
GOP/s (aka OPS/ns): 881.46
GOP/s per core: 0.86
FLOP/s: 106.83
FLOP/s per core: 0.10
Max Peak FLOP/s: 1,024.00
Avg. BW GB/s: 3,459.21
Max BW GB/s: 4,096.00

---Traffic---
In-Die bisection_bytes BW (GB/s): 256.00
Inter-board traffic (msg/ns): 0.00, per-link: 0.00
Inter-pack traffic (msg/ns): 0.00, per-link: 0.00
Inter-die traffic (msg/ns): 70.79, per-link: 0.28
Ruche traffic (msg/ns): 87.64, per-link: 0.34
All traffic (msg/ns): 2,791.48, per-link: 2.73
Inter-die reduction wrt all: 39.43
Inter-board reduction wrt inter-die: inf

---Data Movement---
All traffic (msg): 3,350,714,286
Arith. Intensity FLOP/Loads: 0.20
Arith. Intensity FLOP/Msgs: 0.04
Arith. Intensity OPS/Loads: 1.63
Arith. Intensity OPS/Msgs: 0.32



===Core Utilization Total=== CORE-S:12;; TIME K cy:1,200 ;; Nodes Proc: 15,958,736 -- Edges Proc: 0
======== IT IS COLD ======= Only 1 Tiles active

===PRINTING FRAME STATS

FCollision In Avg:0, SD:0, Max:0, Min:0
FCollision Out Avg:0, SD:0, Max:0, Min:0
FCollision End Avg:0, SD:0, Max:0, Min:0
FTask1 Avg:0, SD:5, Max:98, Min:0
FTask2 Avg:0, SD:0, Max:0, Min:0
FTask3 Avg:0, SD:0, Max:2, Min:0
FCore Active Avg:0, SD:5, Max:100, Min:0
FRouter Active Avg:1, SD:1, Max:20, Min:0
T1 invocations: 1,687
T2 invocations: 0
T3 invocations: 63,933
T3b invocations: 0
Total3 invocations: 63,933
Total4 invocations: 0

T3/T2 ratio: inf
T3b/T3 ratio: 0

T1 avg ex cycles: 211
T2 avg ex cycles: -nan
T3&b avg ex cycles: 2
T4 avg ex cycles: -nan
Avg. hops NOC1: -nan
Avg. latency NOC1 (T2): -nan
Avg. hops NOC2: 11
Avg. latency NOC2 (T3): 4,036

===PRINTING ACUM STATS at pu_cycles: 1,300,166

ACollision In Avg:8, SD:6, Max:43, Min:0
ACollision Out Avg:0, SD:0, Max:2, Min:0
ACollision End Avg:0, SD:0, Max:0, Min:0
ATask1 Avg:61, SD:0, Max:62, Min:57
ATask2 Avg:0, SD:0, Max:0, Min:0
ATask3 Avg:19, SD:3, Max:43, Min:12
ACore Active Avg:80, SD:3, Max:100, Min:73
ARouter Active Avg:69, SD:4, Max:78, Min:31
T1 invocations: 4,018,572
T2 invocations: 0
T3 invocations: 128,309,640
T3b invocations: 0
Total3 invocations: 128,309,640
Total4 invocations: 0

T3/T2 ratio: inf
T3b/T3 ratio: 0

T1 avg ex cycles: 201
T2 avg ex cycles: -nan
T3&b avg ex cycles: 2
T4 avg ex cycles: -nan
Avg. hops NOC1: -nan
Avg. latency NOC1 (T2): -nan
Avg. hops NOC2: 12
Avg. latency NOC2 (T3): 3,270
Number of K Nodes Processed: 128,309
Number of K Edges Processed: 128,309
Node Re-explore factor: 30.59
Edge Re-explore factor: 1.00
Nodes/cy: 99
Edges/cy: 99
TEPS: 99

---DCache---
DCache Size: 63,664
DRAM words: 129,408
  DHits: 221,953,166
  DMisses: 8,784,520
  DHit Rate (hit/miss): 96%
  DEvictions: 4,744,781
  DEviction Rate (evict/misses): 54%
  MC Transactions: 9,362,366
  MC Writes: 532,067
Avg. Transactions: 23% , Writes: 1%, Avg. Latency: 0
Max MC id: 31 of 32. Transactions: 23% , Writes: 1%, MC mean Latency: 0
HBM refresh energy (nJ): 3
HBM access energy (nJ): 17,736,066
MemC wire energy 2.5d (nJ): 3,503,211
MemC wire energy 3d (nJ): 875,803

---Energy---
Leakage Energy (nJ): 240,677
PU Dyn E (nJ): 7,161,222
Mem Dyn E (nJ): 40,656,576
Route Dyn E (nJ): 9,653,373
Dynamic Energy (nJ): 57,471,172
Ratio of Dyn/Leak: 239
Total Energy (nJ): 57,711,849
Total Energy (nJ) 3D: 61,109,041
Cores Energy (nJ): 7,164,841
Route Energy (nJ): 9,678,246
Route Energy (nJ) 3D: 15,702,847
Mem Energy   (nJ): 40,868,763
Mem Energy   (nJ) 3D: 38,241,355
Avg. Power (mW): 44,388.06
Power Density (mW/mm2): 51.60

---Runtime---
Runtime in K cycles: 1,300.17
Microseconds: 1,300.17
Time per iteration (ms): 1.30

---Throughput---
GOP/s (aka OPS/ns): 814.15
GOP/s per core: 0.80
FLOP/s: 98.68
FLOP/s per core: 0.10
Max Peak FLOP/s: 1,024.00
Avg. BW GB/s: 3,194.98
Max BW GB/s: 4,096.00

---Traffic---
In-Die bisection_bytes BW (GB/s): 256.00
Inter-board traffic (msg/ns): 0.00, per-link: 0.00
Inter-pack traffic (msg/ns): 0.00, per-link: 0.00
Inter-die traffic (msg/ns): 65.38, per-link: 0.26
Ruche traffic (msg/ns): 80.95, per-link: 0.32
All traffic (msg/ns): 2,578.13, per-link: 2.52
Inter-die reduction wrt all: 39.43
Inter-board reduction wrt inter-die: inf

---Data Movement---
All traffic (msg): 3,351,996,518
Arith. Intensity FLOP/Loads: 0.20
Arith. Intensity FLOP/Msgs: 0.04
Arith. Intensity OPS/Loads: 1.63
Arith. Intensity OPS/Msgs: 0.32



===Core Utilization Total=== CORE-S:13;; TIME K cy:1,300 ;; Nodes Proc: 15,965,522 -- Edges Proc: 0
======== IT IS COLD ======= Only 0 Tiles active
Epoch Done Router: 3
Epoch Done Router: 7
Epoch Done Router: 0
Epoch Done Router: 5
Epoch Done Router: 1
Epoch Done Router: 6
Epoch Done Router: 4
Epoch Done Router: 2
##EPOCH## 1 COMPLETED at Time (K cy): 1,309
Nodes processed until now: 128,311,436
Edges processed until now: 0
Program Done Worker Thread: 0
Program Done Router Thread: 1
Program Done Router Thread: 4
Program Done Router Thread: 3
Program Done Router Thread: 7
Program Done Worker Thread: 6
Program Done Router Thread: 2
Program Done Worker Thread: 3
Program Done Worker Thread: 1
Program Done Worker Thread: 4
Program Done Router Thread: 0
Program Done Worker Thread: 7
Program Done Router Thread: 6
Program Done Worker Thread: 2
Program Done Router Thread: 5
Program Done Worker Thread: 5

===PRINTING ACUM STATS at pu_cycles: 1,309,262

ACollision In Avg:8, SD:6, Max:43, Min:0
ACollision Out Avg:0, SD:0, Max:2, Min:0
ACollision End Avg:0, SD:0, Max:0, Min:0
ATask1 Avg:60, SD:0, Max:62, Min:60
ATask2 Avg:0, SD:0, Max:0, Min:0
ATask3 Avg:19, SD:3, Max:40, Min:12
ACore Active Avg:79, SD:3, Max:100, Min:72
ARouter Active Avg:69, SD:4, Max:78, Min:30
T1 invocations: 4,019,108
T2 invocations: 0
T3 invocations: 128,311,436
T3b invocations: 0
Total3 invocations: 128,311,436
Total4 invocations: 0

T3/T2 ratio: inf
T3b/T3 ratio: 0

T1 avg ex cycles: 201
T2 avg ex cycles: -nan
T3&b avg ex cycles: 2
T4 avg ex cycles: -nan
Avg. hops NOC1: -nan
Avg. latency NOC1 (T2): -nan
Avg. hops NOC2: 12
Avg. latency NOC2 (T3): 3,270

Runtime at program end in K cycles: 1,309
Runtime before cooldown in K cycles: 1,000


Number of K Nodes Processed: 128,311
Number of K Edges Processed: 128,311
Node Re-explore factor: 30.59
Edge Re-explore factor: 1.00
Nodes/cy: 98
Edges/cy: 98
TEPS: 98

---DCache---
DCache Size: 63,664
DRAM words: 129,408
  DHits: 221,956,031
  DMisses: 8,784,675
  DHit Rate (hit/miss): 96%
  DEvictions: 4,744,936
  DEviction Rate (evict/misses): 54%
  MC Transactions: 9,362,521
  MC Writes: 532,067
Avg. Transactions: 22% , Writes: 1%, Avg. Latency: 0
Max MC id: 31 of 32. Transactions: 22% , Writes: 1%, MC mean Latency: 0
HBM refresh energy (nJ): 3
HBM access energy (nJ): 17,736,359
MemC wire energy 2.5d (nJ): 3,503,269
MemC wire energy 3d (nJ): 875,817

---Energy---
Leakage Energy (nJ): 242,361
PU Dyn E (nJ): 7,162,039
Mem Dyn E (nJ): 40,657,664
Route Dyn E (nJ): 9,653,561
Dynamic Energy (nJ): 57,473,265
Ratio of Dyn/Leak: 237
Total Energy (nJ): 57,715,626
Total Energy (nJ) 3D: 61,112,909
Cores Energy (nJ): 7,165,683
Route Energy (nJ): 9,678,607
Route Energy (nJ) 3D: 15,703,342
Mem Energy   (nJ): 40,871,336
Mem Energy   (nJ) 3D: 38,243,884
Avg. Power (mW): 44,082.56
Power Density (mW/mm2): 51.25

---Runtime---
Runtime in K cycles: 1,309.26
Microseconds: 1,309.26
Time per iteration (ms): 1.31

---Inst---
K Loads: 649,595
K Stores: 388,953
K Instructions: 1,058,643

---Throughput---
GOP/s (aka OPS/ns): 808.58
GOP/s per core: 0.79
FLOP/s: 98.00
FLOP/s per core: 0.10
Max Peak FLOP/s: 1,024.00
Avg. BW GB/s: 3,172.93
Max BW GB/s: 4,096.00

---Traffic---
In-Die bisection_bytes BW (GB/s): 256.00
Inter-board traffic (msg/ns): 0.00, per-link: 0.00
Inter-pack traffic (msg/ns): 0.00, per-link: 0.00
Inter-die traffic (msg/ns): 64.93, per-link: 0.25
Ruche traffic (msg/ns): 80.39, per-link: 0.31
All traffic (msg/ns): 2,560.27, per-link: 2.50
Inter-die reduction wrt all: 39.43
Inter-board reduction wrt inter-die: inf

---Data Movement---
All traffic (msg): 3,352,065,211
Arith. Intensity FLOP/Loads: 0.20
Arith. Intensity FLOP/Msgs: 0.04
Arith. Intensity OPS/Loads: 1.63
Arith. Intensity OPS/Msgs: 0.32

Simulation time: 123.44
Sim noc_cy/s: 10,606.83
Sim Msg/s: 27,156,358.19

Version 31

