Dataset:  Kron22/
Dry run: 0
Open Edge Count File succesfully
Edges Traversed BFS: 128309848
Found Vertices: 4194304, Edges: 128311436
avg degree 31
Array  Kron22/node_array.bin found
Malloc array of size 16777220 bytes
Readin array of size 16777216 bytes
Finished Reading Array Bytes
No reordering Array 32bit
Array  Kron22/edge_array.bin found
Malloc array of size 513245744 bytes
Readin array of size 513245744 bytes
Finished Reading Array Bytes
No reordering Array 32bit
Reading graph elapsed time: 0.153787s

Dataset Footprint: 522 MiB
Dataset Footprint per Board: 4383.05 Mb
Dataset injection time (ms): 0.26752
Max Dataset Footprint: 1026 MiB

Dataset footprint per tile: 522 KiB
Proxys footprint per tile: 0 KiB
Reserved SRAM per tile: 15 KiB

Ideal SRAM per tile: 537 KiB
reserved_words_for_dataset:25428
dataset_words_per_tile:133760
remaining_sram_words:127142
min_dcache_sram_words_required:25771
dataset_words_per_tile:133760
min_pcache_sram_words_required:0
proxys_words_per_tile:0
Dcache footprint ratio: 2
Dataset Cached: 1
DCache: 125904 words, lines: 7869, sets: 7869
Proxys Cached: 0
Pcache: 0 words, sets: 0
Node per tile: 4,096
Edge per tile: 125,305
GRID_X: 32
GRID_SIZE: 1,024
smt_per_tile: 1
noc_freq: 1
pu_freq: 1
RUCHE_X: 0
PROXY_W: 32
DIE_W: 32
DIE_H: 32
DIES: 1
BORDER_TILES_PER_DIE: 128
PACK_W: 32
PACK_H: 32
DIES_PACK_FACTOR: 1
DIES_PER_PACK: 1
PACKAGES: 1
BOARD_W: 32
BOARD_H: 32
BOARDS: 1
MUX_BUS: 1
DCACHE: 1
PCACHE: 0
PROXY_FACTOR: 1
CACHE_WAYS: 1
TORUS: 1
PHY_NOCS: 1
WIDE_NOC_ID: 0
NOC_CONF: 1
noc_width: 32
hbm_channel_bit_width: 512
ld_st_op_byte_width: 4
PROXY_ROUTING: 0
WRITE_THROUGH: 1
ASSERT_MODE: 0
GLOBAL_BARRIER: 0
OQ flits: 36 ; 384 ; 2
IQ flits: 288 ; 3,072 ; 2
OQ messages: 12 ; 192 ; 1
IQ messages: 96 ; 1,536 ; 1
max_task2 size: 64
io_factor_t2: 8
io_factor_t3: 8
io_factor_t3b: 8

Active SRAM Storage per tile: 511 KiB
Total SRAM Storage per tile: 512 KiB
Agreggated SRAM Storage: 512 MiB

Active DRAM Storage per tile: 0.509766 MiB
Total DRAM Storage per tile: 8 MiB
Agreggated DRAM Storage: 8 GiB

Inter-Die #links: 1,024
Inter-Die (Gbits): 32,768
Inter-Die (Gbits/mm): 512.055
Bisection BW of Board (Gbits): 8,192
Border IO #Dies: 4
Border IO Die BW (Gbits): 4,096
Off-Board BW Total (Gbits): 16,384
Off-Board BW Density (Gbits/mm): 193
Die side: 16.00 mm
Die border wire density: 512.06 Gbits/mm
HBM wire density: 256.03 Gbits/mm

Tiles per Die: 1,024 (32x32)
Tile Area: 0.19 mm2, side: 0.44 mm
- Core/Rout Area: 0.05 mm2
- SRAM Area: 0.14 mm2
- SRAM/Logic Ratio: 2.80x

Dies per Package: 1 (1x1)
Die Area: 255.94 mm2, side: 16.00 mm
- Tiles Area: 199.45 mm2
- PHY Area: 47.49 mm2
- MC Area: 9.00 mm2

Packages per Board: 1 (1x1)
Package Area: 445.94 mm2, side: 21.12 mm
- IOdie Area: 80.00 mm2
- Dies Area: 255.94 mm2
- HBM Area: 110.00 mm2

Boards: 1 (1x1)
Board Area: 445.94 mm2
Total Area: 445.94 mm2



ESTIMATED COST OF SILICON AND PACKAGING. ONLY VARIABLE, NO FIXED COSTS
Good dies per wafer 3d: 127
Good dies per wafer 2d: 180
--Dies 3D Cost: 47.61 $
--Dies 2.5D Cost: 33.59 $
--Dies 2D Cost: 33.59 $
--HBM Cost: 60.00 $
--IOdie Cost: 8.44 $
--Packaging Cost 3d: 10.09 $
--Packaging Cost 2.5d: 18.06 $
--Packaging Cost 2d: 6.31 $
SiP Cost 3d: 126.14 $
SiP Cost 2.5d: 120.10 $
SiP Cost 2d: 48.34 $
--Board Cost: 0.45 $
Total SiPs Cost 3d: 126.59 $
Total SiPs Cost 2.5d: 120.54 $
Total SiPs Cost 2d: 48.79 $

Perf counters initialized
Mesh connected
Cache structures initialized
Replicas initialized
Allocated Frontier List
Dataset structures initialized


Starting Simulation
INIT epoch: 1
INIT epoch: 1
INIT epoch: 1
INIT epoch: 1
INIT epoch: 1
INIT epoch: 1
INIT epoch: 1
INIT epoch: 1

===PRINTING FRAME STATS

FCollision In Avg:-nan, SD:-nan, Max:268, Min:3
FCollision Out Avg:-nan, SD:-nan, Max:201, Min:8
FCollision End Avg:-nan, SD:-nan, Max:163, Min:0
FTask1 Avg:-nan, SD:-nan, Max:55, Min:1
FTask2 Avg:-nan, SD:-nan, Max:45, Min:0
FTask3 Avg:-nan, SD:-nan, Max:96, Min:33
FCore Active Avg:-nan, SD:-nan, Max:100, Min:59
FRouter Active Avg:-nan, SD:-nan, Max:70, Min:39
T1 invocations: 551,878
T2 invocations: 320,193
T3 invocations: 4,248,494
T3b invocations: 0
Total3 invocations: 4,248,494
Total4 invocations: 0

T3/T2 ratio: 13
T3b/T3 ratio: 0

T1 avg ex cycles: 45
T2 avg ex cycles: 53
T3&b avg ex cycles: 12
T4 avg ex cycles: -nan
Avg. hops NOC1: 3
Avg. latency NOC1 (T2): 12,943
Avg. hops NOC2: 20
Avg. latency NOC2 (T3): 12,554

===PRINTING ACUM STATS at pu_cycles: 100,244

ACollision In Avg:-nan, SD:-nan, Max:268, Min:3
ACollision Out Avg:-nan, SD:-nan, Max:201, Min:8
ACollision End Avg:-nan, SD:-nan, Max:163, Min:0
ATask1 Avg:-nan, SD:-nan, Max:55, Min:1
ATask2 Avg:-nan, SD:-nan, Max:45, Min:0
ATask3 Avg:-nan, SD:-nan, Max:96, Min:33
ACore Active Avg:-nan, SD:-nan, Max:100, Min:59
ARouter Active Avg:-nan, SD:-nan, Max:70, Min:39
T1 invocations: 551,878
T2 invocations: 320,193
T3 invocations: 4,248,494
T3b invocations: 0
Total3 invocations: 4,248,494
Total4 invocations: 0

T3/T2 ratio: 13
T3b/T3 ratio: 0

T1 avg ex cycles: 45
T2 avg ex cycles: 53
T3&b avg ex cycles: 12
T4 avg ex cycles: -nan
Avg. hops NOC1: 3
Avg. latency NOC1 (T2): 12,943
Avg. hops NOC2: 20
Avg. latency NOC2 (T3): 12,554
Number of K Nodes Processed: 1,126
Number of K Edges Processed: 5,160
Node Re-explore factor: 0.27
Edge Re-explore factor: 0.04
Nodes/cy: 11
Edges/cy: 51
TEPS: 1,280

---DCache---
DCache Size: 125,904
DRAM words: 133,760
  DHits: 11,389,065
  DMisses: 679,883
  DHit Rate (hit/miss): 94%
  DEvictions: 26,928
  DEviction Rate (evict/misses): 4%
  MC Transactions: 698,862
  MC Writes: 15,247
Avg. Transactions: 87% , Writes: 2%, Avg. Latency: 41
Max MC id: 0 of 8. Transactions: 92% , Writes: 2%, MC mean Latency: 48
HBM refresh energy (nJ): 0
HBM access energy (nJ): 1,323,924
MemC wire energy 2.5d (nJ): 630,712
MemC wire energy 3d (nJ): 157,678

---Energy---
Leakage Energy (nJ): 33,981
PU Dyn E (nJ): 362,264
Mem Dyn E (nJ): 3,287,448
Route Dyn E (nJ): 530,472
Dynamic Energy (nJ): 4,180,185
Ratio of Dyn/Leak: 123
Total Energy (nJ): 4,214,166
Total Energy (nJ) 3D: 3,928,938
Cores Energy (nJ): 362,544
Route Energy (nJ): 531,391
Route Energy (nJ) 3D: 719,198
Mem Energy   (nJ): 3,320,232
Mem Energy   (nJ) 3D: 2,847,198
Avg. Power (mW): 42,039.09
Power Density (mW/mm2): 94.27

---Runtime---
Runtime in K cycles: 100.24
Microseconds: 100.24
Time per iteration (ms): 0.10

---Throughput---
GOP/s (aka OPS/ns): 623.62
GOP/s per core: 0.61
FLOP/s: 42.38
FLOP/s per core: 0.04
Max Peak FLOP/s: 1,024.00
Avg. BW GB/s: 2,102.60
Max BW GB/s: 4,096.00

---Traffic---
In-Die bisection_bytes BW (GB/s): 512.00
Inter-board traffic (msg/ns): 0.00, per-link: 0.00
Inter-pack traffic (msg/ns): 0.00, per-link: 0.00
Inter-die traffic (msg/ns): 0.00, per-link: 0.00
Ruche traffic (msg/ns): 0.00, per-link: 0.00
All traffic (msg/ns): 1,969.15, per-link: 1.92
Inter-die reduction wrt all: inf
Inter-board reduction wrt inter-die: -nan

---Data Movement---
All traffic (msg): 197,395,458
Arith. Intensity FLOP/Loads: 0.16
Arith. Intensity FLOP/Msgs: 0.02
Arith. Intensity OPS/Loads: 2.30
Arith. Intensity OPS/Msgs: 0.32



===Core Utilization Total=== CORE-S:1;; TIME K cy:100 ;; Nodes Proc: 134,320 -- Edges Proc: 822,047

===PRINTING FRAME STATS

FCollision In Avg:6, SD:13, Max:154, Min:1
FCollision Out Avg:4, SD:15, Max:177, Min:0
FCollision End Avg:1, SD:6, Max:91, Min:0
FTask1 Avg:58, SD:9, Max:85, Min:4
FTask2 Avg:20, SD:6, Max:69, Min:0
FTask3 Avg:22, SD:7, Max:74, Min:8
FCore Active Avg:99, SD:3, Max:100, Min:71
FRouter Active Avg:51, SD:4, Max:70, Min:42
T1 invocations: 1,393,001
T2 invocations: 664,850
T3 invocations: 3,444,438
T3b invocations: 0
Total3 invocations: 3,444,438
Total4 invocations: 0

T3/T2 ratio: 5
T3b/T3 ratio: 0

T1 avg ex cycles: 43
T2 avg ex cycles: 30
T3&b avg ex cycles: 6
T4 avg ex cycles: -nan
Avg. hops NOC1: 3
Avg. latency NOC1 (T2): 1,090
Avg. hops NOC2: 19
Avg. latency NOC2 (T3): 27,927

===PRINTING ACUM STATS at pu_cycles: 200,165

ACollision In Avg:52, SD:21, Max:157, Min:2
ACollision Out Avg:55, SD:25, Max:177, Min:4
ACollision End Avg:11, SD:16, Max:103, Min:0
ATask1 Avg:42, SD:7, Max:68, Min:4
ATask2 Avg:18, SD:6, Max:42, Min:0
ATask3 Avg:36, SD:6, Max:85, Min:25
ACore Active Avg:96, SD:5, Max:100, Min:71
ARouter Active Avg:54, SD:3, Max:62, Min:46
T1 invocations: 1,950,919
T2 invocations: 988,415
T3 invocations: 7,739,574
T3b invocations: 0
Total3 invocations: 7,739,574
Total4 invocations: 0

T3/T2 ratio: 8
T3b/T3 ratio: 0

T1 avg ex cycles: 43
T2 avg ex cycles: 38
T3&b avg ex cycles: 10
T4 avg ex cycles: -nan
Avg. hops NOC1: 3
Avg. latency NOC1 (T2): 4,989
Avg. hops NOC2: 20
Avg. latency NOC2 (T3): 19,376
Number of K Nodes Processed: 1,524
Number of K Edges Processed: 8,958
Node Re-explore factor: 0.36
Edge Re-explore factor: 0.07
Nodes/cy: 8
Edges/cy: 45
TEPS: 641

---DCache---
DCache Size: 125,904
DRAM words: 133,760
  DHits: 22,904,865
  DMisses: 1,235,893
  DHit Rate (hit/miss): 95%
  DEvictions: 73,013
  DEviction Rate (evict/misses): 6%
  MC Transactions: 1,276,048
  MC Writes: 34,186
Avg. Transactions: 80% , Writes: 2%, Avg. Latency: 32
Max MC id: 6 of 8. Transactions: 81% , Writes: 2%, MC mean Latency: 32
HBM refresh energy (nJ): 0
HBM access energy (nJ): 2,417,345
MemC wire energy 2.5d (nJ): 1,151,614
MemC wire energy 3d (nJ): 287,903

---Energy---
Leakage Energy (nJ): 67,853
PU Dyn E (nJ): 831,072
Mem Dyn E (nJ): 6,170,873
Route Dyn E (nJ): 941,143
Dynamic Energy (nJ): 7,943,089
Ratio of Dyn/Leak: 117
Total Energy (nJ): 8,010,942
Total Energy (nJ) 3D: 7,480,430
Cores Energy (nJ): 831,629
Route Energy (nJ): 942,978
Route Energy (nJ) 3D: 1,276,177
Mem Energy   (nJ): 6,236,335
Mem Energy   (nJ) 3D: 5,372,625
Avg. Power (mW): 40,021.69
Power Density (mW/mm2): 89.75

---Runtime---
Runtime in K cycles: 200.16
Microseconds: 200.16
Time per iteration (ms): 0.20

---Throughput---
GOP/s (aka OPS/ns): 756.58
GOP/s per core: 0.74
FLOP/s: 38.67
FLOP/s per core: 0.04
Max Peak FLOP/s: 1,024.00
Avg. BW GB/s: 2,050.51
Max BW GB/s: 4,096.00

---Traffic---
In-Die bisection_bytes BW (GB/s): 512.00
Inter-board traffic (msg/ns): 0.00, per-link: 0.00
Inter-pack traffic (msg/ns): 0.00, per-link: 0.00
Inter-die traffic (msg/ns): 0.00, per-link: 0.00
Ruche traffic (msg/ns): 0.00, per-link: 0.00
All traffic (msg/ns): 1,763.89, per-link: 1.72
Inter-die reduction wrt all: inf
Inter-board reduction wrt inter-die: -nan

---Data Movement---
All traffic (msg): 353,069,589
Arith. Intensity FLOP/Loads: 0.14
Arith. Intensity FLOP/Msgs: 0.02
Arith. Intensity OPS/Loads: 2.74
Arith. Intensity OPS/Msgs: 0.43



===Core Utilization Total=== CORE-S:2;; TIME K cy:200 ;; Nodes Proc: 188,546 -- Edges Proc: 1,267,134

===PRINTING FRAME STATS

FCollision In Avg:8, SD:11, Max:67, Min:1
FCollision Out Avg:7, SD:12, Max:76, Min:0
FCollision End Avg:3, SD:8, Max:71, Min:0
FTask1 Avg:53, SD:8, Max:69, Min:3
FTask2 Avg:19, SD:7, Max:65, Min:0
FTask3 Avg:27, SD:5, Max:63, Min:11
FCore Active Avg:99, SD:4, Max:100, Min:59
FRouter Active Avg:50, SD:4, Max:66, Min:39
T1 invocations: 1,254,466
T2 invocations: 571,874
T3 invocations: 4,200,138
T3b invocations: 0
Total3 invocations: 4,200,138
Total4 invocations: 268

T3/T2 ratio: 7
T3b/T3 ratio: 0

T1 avg ex cycles: 43
T2 avg ex cycles: 34
T3&b avg ex cycles: 7
T4 avg ex cycles: 576
Avg. hops NOC1: 3
Avg. latency NOC1 (T2): 458
Avg. hops NOC2: 15
Avg. latency NOC2 (T3): 29,722

===PRINTING ACUM STATS at pu_cycles: 300,716

ACollision In Avg:37, SD:14, Max:105, Min:2
ACollision Out Avg:39, SD:17, Max:97, Min:3
ACollision End Avg:9, SD:11, Max:69, Min:0
ATask1 Avg:45, SD:4, Max:54, Min:3
ATask2 Avg:19, SD:5, Max:48, Min:0
ATask3 Avg:33, SD:5, Max:77, Min:24
ACore Active Avg:97, SD:4, Max:100, Min:81
ARouter Active Avg:53, SD:3, Max:63, Min:45
T1 invocations: 3,213,399
T2 invocations: 1,564,820
T3 invocations: 11,970,111
T3b invocations: 0
Total3 invocations: 11,970,111
Total4 invocations: 268

T3/T2 ratio: 8
T3b/T3 ratio: 0

T1 avg ex cycles: 43
T2 avg ex cycles: 36
T3&b avg ex cycles: 8
T4 avg ex cycles: 576
Avg. hops NOC1: 3
Avg. latency NOC1 (T2): 3,320
Avg. hops NOC2: 18
Avg. latency NOC2 (T3): 23,016
Number of K Nodes Processed: 2,104
Number of K Edges Processed: 12,734
Node Re-explore factor: 0.50
Edge Re-explore factor: 0.10
Nodes/cy: 7
Edges/cy: 42
TEPS: 427

---DCache---
DCache Size: 125,904
DRAM words: 133,760
  DHits: 34,708,304
  DMisses: 1,765,962
  DHit Rate (hit/miss): 95%
  DEvictions: 129,931
  DEviction Rate (evict/misses): 7%
  MC Transactions: 1,827,686
  MC Writes: 53,580
Avg. Transactions: 76% , Writes: 2%, Avg. Latency: 29
Max MC id: 6 of 8. Transactions: 77% , Writes: 2%, MC mean Latency: 29
HBM refresh energy (nJ): 0
HBM access energy (nJ): 3,462,368
MemC wire energy 2.5d (nJ): 1,649,459
MemC wire energy 3d (nJ): 412,365

---Energy---
Leakage Energy (nJ): 101,938
PU Dyn E (nJ): 1,309,064
Mem Dyn E (nJ): 9,050,568
Route Dyn E (nJ): 1,336,568
Dynamic Energy (nJ): 11,696,201
Ratio of Dyn/Leak: 115
Total Energy (nJ): 11,798,139
Total Energy (nJ) 3D: 11,034,238
Cores Energy (nJ): 1,309,901
Route Energy (nJ): 1,339,324
Route Energy (nJ) 3D: 1,812,518
Mem Energy   (nJ): 9,148,914
Mem Energy   (nJ) 3D: 7,911,820
Avg. Power (mW): 39,233.49
Power Density (mW/mm2): 87.98

---Runtime---
Runtime in K cycles: 300.72
Microseconds: 300.72
Time per iteration (ms): 0.30

---Throughput---
GOP/s (aka OPS/ns): 796.19
GOP/s per core: 0.78
FLOP/s: 39.81
FLOP/s per core: 0.04
Max Peak FLOP/s: 1,024.00
Avg. BW GB/s: 2,068.91
Max BW GB/s: 4,096.00

---Traffic---
In-Die bisection_bytes BW (GB/s): 512.00
Inter-board traffic (msg/ns): 0.00, per-link: 0.00
Inter-pack traffic (msg/ns): 0.00, per-link: 0.00
Inter-die traffic (msg/ns): 0.00, per-link: 0.00
Ruche traffic (msg/ns): 0.00, per-link: 0.00
All traffic (msg/ns): 1,677.21, per-link: 1.64
Inter-die reduction wrt all: inf
Inter-board reduction wrt inter-die: -nan

---Data Movement---
All traffic (msg): 504,365,305
Arith. Intensity FLOP/Loads: 0.14
Arith. Intensity FLOP/Msgs: 0.02
Arith. Intensity OPS/Loads: 2.81
Arith. Intensity OPS/Msgs: 0.47



===Core Utilization Total=== CORE-S:3;; TIME K cy:300 ;; Nodes Proc: 266,407 -- Edges Proc: 1,773,076

===PRINTING FRAME STATS

FCollision In Avg:84, SD:30, Max:241, Min:2
FCollision Out Avg:90, SD:42, Max:256, Min:1
FCollision End Avg:28, SD:34, Max:185, Min:0
FTask1 Avg:6, SD:6, Max:52, Min:0
FTask2 Avg:20, SD:15, Max:59, Min:0
FTask3 Avg:58, SD:9, Max:100, Min:30
FCore Active Avg:85, SD:15, Max:100, Min:43
FRouter Active Avg:82, SD:4, Max:91, Min:46
T1 invocations: 143,413
T2 invocations: 181,568
T3 invocations: 8,680,207
T3b invocations: 0
Total3 invocations: 8,680,207
Total4 invocations: 718

T3/T2 ratio: 48
T3b/T3 ratio: 0

T1 avg ex cycles: 44
T2 avg ex cycles: 114
T3&b avg ex cycles: 7
T4 avg ex cycles: 568
Avg. hops NOC1: 3
Avg. latency NOC1 (T2): 20,441
Avg. hops NOC2: 16
Avg. latency NOC2 (T3): 6,678

===PRINTING ACUM STATS at pu_cycles: 400,720

ACollision In Avg:48, SD:13, Max:98, Min:12
ACollision Out Avg:51, SD:17, Max:96, Min:12
ACollision End Avg:13, SD:13, Max:60, Min:0
ATask1 Avg:35, SD:3, Max:49, Min:3
ATask2 Avg:19, SD:6, Max:43, Min:1
ATask3 Avg:39, SD:5, Max:78, Min:28
ACore Active Avg:94, SD:5, Max:100, Min:76
ARouter Active Avg:60, SD:2, Max:68, Min:51
T1 invocations: 3,357,869
T2 invocations: 1,747,048
T3 invocations: 20,653,658
T3b invocations: 0
Total3 invocations: 20,653,658
Total4 invocations: 989

T3/T2 ratio: 12
T3b/T3 ratio: 0

T1 avg ex cycles: 43
T2 avg ex cycles: 44
T3&b avg ex cycles: 8
T4 avg ex cycles: 570
Avg. hops NOC1: 3
Avg. latency NOC1 (T2): 5,098
Avg. hops NOC2: 17
Avg. latency NOC2 (T3): 16,152
Number of K Nodes Processed: 3,508
Number of K Edges Processed: 21,081
Node Re-explore factor: 0.84
Edge Re-explore factor: 0.16
Nodes/cy: 9
Edges/cy: 53
TEPS: 320

---DCache---
DCache Size: 125,904
DRAM words: 133,760
  DHits: 51,183,305
  DMisses: 2,302,225
  DHit Rate (hit/miss): 96%
  DEvictions: 192,601
  DEviction Rate (evict/misses): 8%
  MC Transactions: 2,393,190
  MC Writes: 80,021
Avg. Transactions: 75% , Writes: 2%, Avg. Latency: 27
Max MC id: 6 of 8. Transactions: 76% , Writes: 3%, MC mean Latency: 27
HBM refresh energy (nJ): 1
HBM access energy (nJ): 4,533,659
MemC wire energy 2.5d (nJ): 2,159,817
MemC wire energy 3d (nJ): 539,954

---Energy---
Leakage Energy (nJ): 135,838
PU Dyn E (nJ): 1,796,817
Mem Dyn E (nJ): 12,684,977
Route Dyn E (nJ): 2,192,414
Dynamic Energy (nJ): 16,674,209
Ratio of Dyn/Leak: 123
Total Energy (nJ): 16,810,047
Total Energy (nJ) 3D: 15,966,378
Cores Energy (nJ): 1,797,933
Route Energy (nJ): 2,196,086
Route Energy (nJ) 3D: 2,972,281
Mem Energy   (nJ): 12,816,028
Mem Energy   (nJ) 3D: 11,196,165
Avg. Power (mW): 41,949.61
Power Density (mW/mm2): 94.07

---Runtime---
Runtime in K cycles: 400.72
Microseconds: 400.72
Time per iteration (ms): 0.40

---Throughput---
GOP/s (aka OPS/ns): 777.95
GOP/s per core: 0.76
FLOP/s: 51.54
FLOP/s per core: 0.05
Max Peak FLOP/s: 1,024.00
Avg. BW GB/s: 2,376.22
Max BW GB/s: 4,096.00

---Traffic---
In-Die bisection_bytes BW (GB/s): 512.00
Inter-board traffic (msg/ns): 0.00, per-link: 0.00
Inter-pack traffic (msg/ns): 0.00, per-link: 0.00
Inter-die traffic (msg/ns): 0.00, per-link: 0.00
Ruche traffic (msg/ns): 0.00, per-link: 0.00
All traffic (msg/ns): 2,013.74, per-link: 1.97
Inter-die reduction wrt all: inf
Inter-board reduction wrt inter-die: -nan

---Data Movement---
All traffic (msg): 806,945,073
Arith. Intensity FLOP/Loads: 0.16
Arith. Intensity FLOP/Msgs: 0.03
Arith. Intensity OPS/Loads: 2.46
Arith. Intensity OPS/Msgs: 0.39



===Core Utilization Total=== CORE-S:4;; TIME K cy:400 ;; Nodes Proc: 436,756 -- Edges Proc: 2,853,662

===PRINTING FRAME STATS

FCollision In Avg:102, SD:28, Max:216, Min:8
FCollision Out Avg:100, SD:44, Max:273, Min:13
FCollision End Avg:32, SD:36, Max:200, Min:0
FTask1 Avg:4, SD:4, Max:33, Min:0
FTask2 Avg:23, SD:16, Max:62, Min:0
FTask3 Avg:53, SD:8, Max:87, Min:33
FCore Active Avg:80, SD:16, Max:100, Min:37
FRouter Active Avg:87, SD:4, Max:178, Min:79
T1 invocations: 92,042
T2 invocations: 189,091
T3 invocations: 9,628,960
T3b invocations: 0
Total3 invocations: 9,628,960
Total4 invocations: 670

T3/T2 ratio: 51
T3b/T3 ratio: 0

T1 avg ex cycles: 42
T2 avg ex cycles: 125
T3&b avg ex cycles: 6
T4 avg ex cycles: 561
Avg. hops NOC1: 2
Avg. latency NOC1 (T2): 30,332
Avg. hops NOC2: 17
Avg. latency NOC2 (T3): 4,105

===PRINTING ACUM STATS at pu_cycles: 500,668

ACollision In Avg:59, SD:13, Max:118, Min:17
ACollision Out Avg:61, SD:19, Max:116, Min:19
ACollision End Avg:17, SD:15, Max:77, Min:0
ATask1 Avg:29, SD:2, Max:38, Min:6
ATask2 Avg:20, SD:7, Max:38, Min:2
ATask3 Avg:42, SD:6, Max:78, Min:30
ACore Active Avg:91, SD:6, Max:100, Min:68
ARouter Active Avg:65, SD:2, Max:85, Min:58
T1 invocations: 3,448,951
T2 invocations: 1,936,356
T3 invocations: 30,259,028
T3b invocations: 0
Total3 invocations: 30,259,028
Total4 invocations: 1,657

T3/T2 ratio: 16
T3b/T3 ratio: 0

T1 avg ex cycles: 43
T2 avg ex cycles: 52
T3&b avg ex cycles: 7
T4 avg ex cycles: 567
Avg. hops NOC1: 3
Avg. latency NOC1 (T2): 7,566
Avg. hops NOC2: 17
Avg. latency NOC2 (T3): 12,327
Number of K Nodes Processed: 3,994
Number of K Edges Processed: 30,729
Node Re-explore factor: 0.95
Edge Re-explore factor: 0.24
Nodes/cy: 8
Edges/cy: 61
TEPS: 256

---DCache---
DCache Size: 125,904
DRAM words: 133,760
  DHits: 68,572,218
  DMisses: 2,903,827
  DHit Rate (hit/miss): 96%
  DEvictions: 265,491
  DEviction Rate (evict/misses): 9%
  MC Transactions: 3,026,960
  MC Writes: 109,051
Avg. Transactions: 76% , Writes: 3%, Avg. Latency: 26
Max MC id: 4 of 8. Transactions: 77% , Writes: 3%, MC mean Latency: 26
HBM refresh energy (nJ): 1
HBM access energy (nJ): 5,734,273
MemC wire energy 2.5d (nJ): 2,731,785
MemC wire energy 3d (nJ): 682,946

---Energy---
Leakage Energy (nJ): 169,719
PU Dyn E (nJ): 2,279,778
Mem Dyn E (nJ): 16,547,493
Route Dyn E (nJ): 3,184,572
Dynamic Energy (nJ): 22,011,843
Ratio of Dyn/Leak: 130
Total Energy (nJ): 22,181,562
Total Energy (nJ) 3D: 21,260,177
Cores Energy (nJ): 2,281,171
Route Energy (nJ): 3,189,159
Route Energy (nJ) 3D: 4,316,614
Mem Energy   (nJ): 16,711,232
Mem Energy   (nJ) 3D: 14,662,393
Avg. Power (mW): 44,303.93
Power Density (mW/mm2): 99.35

---Runtime---
Runtime in K cycles: 500.67
Microseconds: 500.67
Time per iteration (ms): 0.50

---Throughput---
GOP/s (aka OPS/ns): 757.62
GOP/s per core: 0.74
FLOP/s: 60.44
FLOP/s per core: 0.06
Max Peak FLOP/s: 1,024.00
Avg. BW GB/s: 2,567.63
Max BW GB/s: 4,096.00

---Traffic---
In-Die bisection_bytes BW (GB/s): 512.00
Inter-board traffic (msg/ns): 0.00, per-link: 0.00
Inter-pack traffic (msg/ns): 0.00, per-link: 0.00
Inter-die traffic (msg/ns): 0.00, per-link: 0.00
Ruche traffic (msg/ns): 0.00, per-link: 0.00
All traffic (msg/ns): 2,308.93, per-link: 2.25
Inter-die reduction wrt all: inf
Inter-board reduction wrt inter-die: -nan

---Data Movement---
All traffic (msg): 1,156,009,104
Arith. Intensity FLOP/Loads: 0.18
Arith. Intensity FLOP/Msgs: 0.03
Arith. Intensity OPS/Loads: 2.26
Arith. Intensity OPS/Msgs: 0.33



===Core Utilization Total=== CORE-S:5;; TIME K cy:500 ;; Nodes Proc: 496,729 -- Edges Proc: 4,030,765

===PRINTING FRAME STATS

FCollision In Avg:104, SD:25, Max:212, Min:16
FCollision Out Avg:100, SD:44, Max:271, Min:12
FCollision End Avg:30, SD:35, Max:200, Min:0
FTask1 Avg:4, SD:4, Max:33, Min:0
FTask2 Avg:23, SD:15, Max:60, Min:0
FTask3 Avg:52, SD:8, Max:95, Min:35
FCore Active Avg:80, SD:16, Max:100, Min:39
FRouter Active Avg:89, SD:2, Max:95, Min:82
T1 invocations: 96,018
T2 invocations: 202,389
T3 invocations: 10,033,443
T3b invocations: 0
Total3 invocations: 10,033,443
Total4 invocations: 953

T3/T2 ratio: 50
T3b/T3 ratio: 0

T1 avg ex cycles: 40
T2 avg ex cycles: 119
T3&b avg ex cycles: 5
T4 avg ex cycles: 559
Avg. hops NOC1: 2
Avg. latency NOC1 (T2): 27,157
Avg. hops NOC2: 17
Avg. latency NOC2 (T3): 3,857

===PRINTING ACUM STATS at pu_cycles: 600,480

ACollision In Avg:67, SD:13, Max:133, Min:20
ACollision Out Avg:67, SD:21, Max:142, Min:20
ACollision End Avg:19, SD:16, Max:97, Min:0
ATask1 Avg:25, SD:2, Max:31, Min:8
ATask2 Avg:20, SD:7, Max:38, Min:1
ATask3 Avg:44, SD:6, Max:78, Min:31
ACore Active Avg:89, SD:7, Max:100, Min:64
ARouter Active Avg:69, SD:2, Max:85, Min:62
T1 invocations: 3,543,719
T2 invocations: 2,137,148
T3 invocations: 40,198,629
T3b invocations: 0
Total3 invocations: 40,198,629
Total4 invocations: 2,606

T3/T2 ratio: 19
T3b/T3 ratio: 0

T1 avg ex cycles: 43
T2 avg ex cycles: 58
T3&b avg ex cycles: 7
T4 avg ex cycles: 564
Avg. hops NOC1: 3
Avg. latency NOC1 (T2): 9,407
Avg. hops NOC2: 17
Avg. latency NOC2 (T3): 10,233
Number of K Nodes Processed: 4,264
Number of K Edges Processed: 40,720
Node Re-explore factor: 1.02
Edge Re-explore factor: 0.32
Nodes/cy: 7
Edges/cy: 68
TEPS: 214

---DCache---
DCache Size: 125,904
DRAM words: 133,760
  DHits: 86,308,659
  DMisses: 3,514,109
  DHit Rate (hit/miss): 96%
  DEvictions: 336,762
  DEviction Rate (evict/misses): 10%
  MC Transactions: 3,668,241
  MC Writes: 136,972
Avg. Transactions: 76% , Writes: 3%, Avg. Latency: 25
Max MC id: 4 of 8. Transactions: 78% , Writes: 3%, MC mean Latency: 25
HBM refresh energy (nJ): 1
HBM access energy (nJ): 6,949,115
MemC wire energy 2.5d (nJ): 3,310,532
MemC wire energy 3d (nJ): 827,633

---Energy---
Leakage Energy (nJ): 203,554
PU Dyn E (nJ): 2,769,255
Mem Dyn E (nJ): 20,450,145
Route Dyn E (nJ): 4,206,185
Dynamic Energy (nJ): 27,425,585
Ratio of Dyn/Leak: 135
Total Energy (nJ): 27,629,139
Total Energy (nJ) 3D: 26,635,383
Cores Energy (nJ): 2,770,926
Route Energy (nJ): 4,211,687
Route Energy (nJ) 3D: 5,700,830
Mem Energy   (nJ): 20,646,526
Mem Energy   (nJ) 3D: 18,163,627
Avg. Power (mW): 46,011.76
Power Density (mW/mm2): 103.18

---Runtime---
Runtime in K cycles: 600.48
Microseconds: 600.48
Time per iteration (ms): 0.60

---Throughput---
GOP/s (aka OPS/ns): 744.38
GOP/s per core: 0.73
FLOP/s: 66.94
FLOP/s per core: 0.07
Max Peak FLOP/s: 1,024.00
Avg. BW GB/s: 2,699.88
Max BW GB/s: 4,096.00

---Traffic---
In-Die bisection_bytes BW (GB/s): 512.00
Inter-board traffic (msg/ns): 0.00, per-link: 0.00
Inter-pack traffic (msg/ns): 0.00, per-link: 0.00
Inter-die traffic (msg/ns): 0.00, per-link: 0.00
Ruche traffic (msg/ns): 0.00, per-link: 0.00
All traffic (msg/ns): 2,523.28, per-link: 2.46
Inter-die reduction wrt all: inf
Inter-board reduction wrt inter-die: -nan

---Data Movement---
All traffic (msg): 1,515,179,229
Arith. Intensity FLOP/Loads: 0.19
Arith. Intensity FLOP/Msgs: 0.03
Arith. Intensity OPS/Loads: 2.13
Arith. Intensity OPS/Msgs: 0.30



===Core Utilization Total=== CORE-S:6;; TIME K cy:600 ;; Nodes Proc: 530,316 -- Edges Proc: 5,319,789

===PRINTING FRAME STATS

FCollision In Avg:102, SD:25, Max:222, Min:10
FCollision Out Avg:97, SD:42, Max:231, Min:12
FCollision End Avg:29, SD:34, Max:165, Min:0
FTask1 Avg:4, SD:4, Max:23, Min:0
FTask2 Avg:24, SD:15, Max:61, Min:0
FTask3 Avg:52, SD:9, Max:95, Min:33
FCore Active Avg:80, SD:15, Max:100, Min:38
FRouter Active Avg:89, SD:2, Max:94, Min:80
T1 invocations: 109,331
T2 invocations: 221,373
T3 invocations: 10,165,428
T3b invocations: 0
Total3 invocations: 10,165,428
Total4 invocations: 1,286

T3/T2 ratio: 46
T3b/T3 ratio: 0

T1 avg ex cycles: 38
T2 avg ex cycles: 110
T3&b avg ex cycles: 5
T4 avg ex cycles: 556
Avg. hops NOC1: 2
Avg. latency NOC1 (T2): 24,102
Avg. hops NOC2: 17
Avg. latency NOC2 (T3): 3,573

===PRINTING ACUM STATS at pu_cycles: 700,908

ACollision In Avg:72, SD:13, Max:135, Min:23
ACollision Out Avg:72, SD:21, Max:146, Min:23
ACollision End Avg:21, SD:16, Max:98, Min:0
ATask1 Avg:22, SD:2, Max:29, Min:7
ATask2 Avg:21, SD:7, Max:38, Min:1
ATask3 Avg:45, SD:6, Max:80, Min:31
ACore Active Avg:88, SD:8, Max:100, Min:60
ARouter Active Avg:72, SD:2, Max:85, Min:66
T1 invocations: 3,654,576
T2 invocations: 2,361,541
T3 invocations: 50,486,192
T3b invocations: 0
Total3 invocations: 50,486,192
Total4 invocations: 3,917

T3/T2 ratio: 21
T3b/T3 ratio: 0

T1 avg ex cycles: 43
T2 avg ex cycles: 63
T3&b avg ex cycles: 6
T4 avg ex cycles: 561
Avg. hops NOC1: 3
Avg. latency NOC1 (T2): 10,800
Avg. hops NOC2: 17
Avg. latency NOC2 (T3): 8,875
Number of K Nodes Processed: 4,447
Number of K Edges Processed: 50,909
Node Re-explore factor: 1.06
Edge Re-explore factor: 0.40
Nodes/cy: 6
Edges/cy: 73
TEPS: 183

---DCache---
DCache Size: 125,904
DRAM words: 133,760
  DHits: 104,384,853
  DMisses: 4,128,723
  DHit Rate (hit/miss): 96%
  DEvictions: 417,023
  DEviction Rate (evict/misses): 10%
  MC Transactions: 4,316,944
  MC Writes: 167,798
Avg. Transactions: 77% , Writes: 3%, Avg. Latency: 24
Max MC id: 0 of 8. Transactions: 78% , Writes: 3%, MC mean Latency: 25
HBM refresh energy (nJ): 2
HBM access energy (nJ): 8,178,018
MemC wire energy 2.5d (nJ): 3,895,976
MemC wire energy 3d (nJ): 973,994

---Energy---
Leakage Energy (nJ): 237,598
PU Dyn E (nJ): 3,275,380
Mem Dyn E (nJ): 24,436,956
Route Dyn E (nJ): 5,264,066
Dynamic Energy (nJ): 32,976,403
Ratio of Dyn/Leak: 139
Total Energy (nJ): 33,214,001
Total Energy (nJ) 3D: 32,155,690
Cores Energy (nJ): 3,277,331
Route Energy (nJ): 5,270,489
Route Energy (nJ) 3D: 7,134,160
Mem Energy   (nJ): 24,666,181
Mem Energy   (nJ) 3D: 21,744,199
Avg. Power (mW): 47,387.10
Power Density (mW/mm2): 106.26

---Runtime---
Runtime in K cycles: 700.91
Microseconds: 700.91
Time per iteration (ms): 0.70

---Throughput---
GOP/s (aka OPS/ns): 737.50
GOP/s per core: 0.72
FLOP/s: 72.03
FLOP/s per core: 0.07
Max Peak FLOP/s: 1,024.00
Avg. BW GB/s: 2,807.46
Max BW GB/s: 4,096.00

---Traffic---
In-Die bisection_bytes BW (GB/s): 512.00
Inter-board traffic (msg/ns): 0.00, per-link: 0.00
Inter-pack traffic (msg/ns): 0.00, per-link: 0.00
Inter-die traffic (msg/ns): 0.00, per-link: 0.00
Ruche traffic (msg/ns): 0.00, per-link: 0.00
All traffic (msg/ns): 2,691.70, per-link: 2.63
Inter-die reduction wrt all: inf
Inter-board reduction wrt inter-die: -nan

---Data Movement---
All traffic (msg): 1,886,633,254
Arith. Intensity FLOP/Loads: 0.20
Arith. Intensity FLOP/Msgs: 0.03
Arith. Intensity OPS/Loads: 2.04
Arith. Intensity OPS/Msgs: 0.27



===Core Utilization Total=== CORE-S:7;; TIME K cy:700 ;; Nodes Proc: 553,448 -- Edges Proc: 6,538,234

===PRINTING FRAME STATS

FCollision In Avg:97, SD:27, Max:233, Min:10
FCollision Out Avg:89, SD:43, Max:232, Min:7
FCollision End Avg:27, SD:32, Max:100, Min:0
FTask1 Avg:5, SD:4, Max:29, Min:0
FTask2 Avg:24, SD:15, Max:63, Min:0
FTask3 Avg:52, SD:9, Max:97, Min:31
FCore Active Avg:82, SD:15, Max:100, Min:38
FRouter Active Avg:90, SD:2, Max:94, Min:80
T1 invocations: 126,746
T2 invocations: 243,137
T3 invocations: 10,340,552
T3b invocations: 0
Total3 invocations: 10,340,552
Total4 invocations: 1,655

T3/T2 ratio: 43
T3b/T3 ratio: 0

T1 avg ex cycles: 37
T2 avg ex cycles: 101
T3&b avg ex cycles: 5
T4 avg ex cycles: 555
Avg. hops NOC1: 2
Avg. latency NOC1 (T2): 20,748
Avg. hops NOC2: 17
Avg. latency NOC2 (T3): 3,611

===PRINTING ACUM STATS at pu_cycles: 800,675

ACollision In Avg:75, SD:13, Max:140, Min:24
ACollision Out Avg:74, SD:21, Max:154, Min:24
ACollision End Avg:21, SD:15, Max:93, Min:0
ATask1 Avg:20, SD:2, Max:27, Min:6
ATask2 Avg:21, SD:7, Max:37, Min:1
ATask3 Avg:46, SD:6, Max:81, Min:32
ACore Active Avg:87, SD:8, Max:100, Min:58
ARouter Active Avg:74, SD:1, Max:86, Min:69
T1 invocations: 3,780,519
T2 invocations: 2,603,334
T3 invocations: 60,794,581
T3b invocations: 0
Total3 invocations: 60,794,581
Total4 invocations: 5,561

T3/T2 ratio: 23
T3b/T3 ratio: 0

T1 avg ex cycles: 43
T2 avg ex cycles: 67
T3&b avg ex cycles: 6
T4 avg ex cycles: 559
Avg. hops NOC1: 3
Avg. latency NOC1 (T2): 11,727
Avg. hops NOC2: 17
Avg. latency NOC2 (T3): 7,983
Number of K Nodes Processed: 4,587
Number of K Edges Processed: 61,240
Node Re-explore factor: 1.09
Edge Re-explore factor: 0.48
Nodes/cy: 6
Edges/cy: 76
TEPS: 160

---DCache---
DCache Size: 125,904
DRAM words: 133,760
  DHits: 122,508,433
  DMisses: 4,738,238
  DHit Rate (hit/miss): 96%
  DEvictions: 495,273
  DEviction Rate (evict/misses): 10%
  MC Transactions: 4,957,107
  MC Writes: 195,077
Avg. Transactions: 77% , Writes: 3%, Avg. Latency: 24
Max MC id: 0 of 8. Transactions: 79% , Writes: 3%, MC mean Latency: 25
HBM refresh energy (nJ): 2
HBM access energy (nJ): 9,390,743
MemC wire energy 2.5d (nJ): 4,473,713
MemC wire energy 3d (nJ): 1,118,428

---Energy---
Leakage Energy (nJ): 271,417
PU Dyn E (nJ): 3,783,785
Mem Dyn E (nJ): 28,400,574
Route Dyn E (nJ): 6,332,145
Dynamic Energy (nJ): 38,516,505
Ratio of Dyn/Leak: 142
Total Energy (nJ): 38,787,922
Total Energy (nJ) 3D: 37,674,446
Cores Energy (nJ): 3,786,014
Route Energy (nJ): 6,339,482
Route Energy (nJ) 3D: 8,581,291
Mem Energy   (nJ): 28,662,427
Mem Energy   (nJ) 3D: 25,307,142
Avg. Power (mW): 48,444.03
Power Density (mW/mm2): 108.63

---Runtime---
Runtime in K cycles: 800.67
Microseconds: 800.67
Time per iteration (ms): 0.80

---Throughput---
GOP/s (aka OPS/ns): 733.47
GOP/s per core: 0.72
FLOP/s: 75.93
FLOP/s per core: 0.07
Max Peak FLOP/s: 1,024.00
Avg. BW GB/s: 2,890.45
Max BW GB/s: 4,096.00

---Traffic---
In-Die bisection_bytes BW (GB/s): 512.00
Inter-board traffic (msg/ns): 0.00, per-link: 0.00
Inter-pack traffic (msg/ns): 0.00, per-link: 0.00
Inter-die traffic (msg/ns): 0.00, per-link: 0.00
Ruche traffic (msg/ns): 0.00, per-link: 0.00
All traffic (msg/ns): 2,823.95, per-link: 2.76
Inter-die reduction wrt all: inf
Inter-board reduction wrt inter-die: -nan

---Data Movement---
All traffic (msg): 2,261,068,803
Arith. Intensity FLOP/Loads: 0.20
Arith. Intensity FLOP/Msgs: 0.03
Arith. Intensity OPS/Loads: 1.98
Arith. Intensity OPS/Msgs: 0.26



===Core Utilization Total=== CORE-S:8;; TIME K cy:800 ;; Nodes Proc: 570,721 -- Edges Proc: 7,780,923

===PRINTING FRAME STATS

FCollision In Avg:91, SD:27, Max:250, Min:9
FCollision Out Avg:85, SD:41, Max:221, Min:11
FCollision End Avg:25, SD:32, Max:145, Min:0
FTask1 Avg:5, SD:5, Max:25, Min:0
FTask2 Avg:24, SD:15, Max:62, Min:0
FTask3 Avg:53, SD:9, Max:100, Min:29
FCore Active Avg:83, SD:15, Max:100, Min:38
FRouter Active Avg:90, SD:2, Max:94, Min:81
T1 invocations: 151,753
T2 invocations: 267,577
T3 invocations: 10,494,778
T3b invocations: 0
Total3 invocations: 10,494,778
Total4 invocations: 2,144

T3/T2 ratio: 39
T3b/T3 ratio: 0

T1 avg ex cycles: 36
T2 avg ex cycles: 92
T3&b avg ex cycles: 5
T4 avg ex cycles: 541
Avg. hops NOC1: 2
Avg. latency NOC1 (T2): 17,500
Avg. hops NOC2: 17
Avg. latency NOC2 (T3): 3,955

===PRINTING ACUM STATS at pu_cycles: 900,769

ACollision In Avg:77, SD:13, Max:142, Min:23
ACollision Out Avg:75, SD:21, Max:153, Min:26
ACollision End Avg:22, SD:14, Max:86, Min:0
ATask1 Avg:18, SD:2, Max:25, Min:5
ATask2 Avg:22, SD:7, Max:37, Min:1
ATask3 Avg:47, SD:7, Max:83, Min:32
ACore Active Avg:87, SD:8, Max:100, Min:56
ARouter Active Avg:76, SD:1, Max:86, Min:71
T1 invocations: 3,933,021
T2 invocations: 2,870,950
T3 invocations: 71,295,442
T3b invocations: 0
Total3 invocations: 71,295,442
Total4 invocations: 7,720

T3/T2 ratio: 25
T3b/T3 ratio: 0

T1 avg ex cycles: 43
T2 avg ex cycles: 69
T3&b avg ex cycles: 6
T4 avg ex cycles: 554
Avg. hops NOC1: 2
Avg. latency NOC1 (T2): 12,259
Avg. hops NOC2: 17
Avg. latency NOC2 (T3): 7,390
Number of K Nodes Processed: 4,699
Number of K Edges Processed: 71,714
Node Re-explore factor: 1.12
Edge Re-explore factor: 0.56
Nodes/cy: 5
Edges/cy: 80
TEPS: 142

---DCache---
DCache Size: 125,904
DRAM words: 133,760
  DHits: 140,838,744
  DMisses: 5,350,917
  DHit Rate (hit/miss): 96%
  DEvictions: 576,129
  DEviction Rate (evict/misses): 11%
  MC Transactions: 5,601,079
  MC Writes: 222,793
Avg. Transactions: 78% , Writes: 3%, Avg. Latency: 23
Max MC id: 0 of 8. Transactions: 79% , Writes: 3%, MC mean Latency: 24
HBM refresh energy (nJ): 2
HBM access energy (nJ): 10,610,684
MemC wire energy 2.5d (nJ): 5,054,888
MemC wire energy 3d (nJ): 1,263,722

---Energy---
Leakage Energy (nJ): 305,347
PU Dyn E (nJ): 4,305,226
Mem Dyn E (nJ): 32,411,814
Route Dyn E (nJ): 7,412,620
Dynamic Energy (nJ): 44,129,661
Ratio of Dyn/Leak: 145
Total Energy (nJ): 44,435,008
Total Energy (nJ) 3D: 43,268,179
Cores Energy (nJ): 4,307,734
Route Energy (nJ): 7,420,874
Route Energy (nJ) 3D: 10,045,211
Mem Energy   (nJ): 32,706,402
Mem Energy   (nJ) 3D: 28,915,236
Avg. Power (mW): 49,330.08
Power Density (mW/mm2): 110.62

---Runtime---
Runtime in K cycles: 900.77
Microseconds: 900.77
Time per iteration (ms): 0.90

---Throughput---
GOP/s (aka OPS/ns): 732.38
GOP/s per core: 0.72
FLOP/s: 79.15
FLOP/s per core: 0.08
Max Peak FLOP/s: 1,024.00
Avg. BW GB/s: 2,961.01
Max BW GB/s: 4,096.00

---Traffic---
In-Die bisection_bytes BW (GB/s): 512.00
Inter-board traffic (msg/ns): 0.00, per-link: 0.00
Inter-pack traffic (msg/ns): 0.00, per-link: 0.00
Inter-die traffic (msg/ns): 0.00, per-link: 0.00
Ruche traffic (msg/ns): 0.00, per-link: 0.00
All traffic (msg/ns): 2,930.77, per-link: 2.86
Inter-die reduction wrt all: inf
Inter-board reduction wrt inter-die: -nan

---Data Movement---
All traffic (msg): 2,639,945,423
Arith. Intensity FLOP/Loads: 0.21
Arith. Intensity FLOP/Msgs: 0.03
Arith. Intensity OPS/Loads: 1.94
Arith. Intensity OPS/Msgs: 0.25



===Core Utilization Total=== CORE-S:9;; TIME K cy:900 ;; Nodes Proc: 584,943 -- Edges Proc: 9,084,601

===PRINTING FRAME STATS

FCollision In Avg:93, SD:30, Max:266, Min:5
FCollision Out Avg:91, SD:46, Max:234, Min:4
FCollision End Avg:25, SD:32, Max:200, Min:0
FTask1 Avg:6, SD:6, Max:30, Min:0
FTask2 Avg:22, SD:15, Max:62, Min:0
FTask3 Avg:49, SD:9, Max:100, Min:30
FCore Active Avg:78, SD:16, Max:100, Min:35
FRouter Active Avg:86, SD:7, Max:94, Min:64
T1 invocations: 171,930
T2 invocations: 272,930
T3 invocations: 9,701,767
T3b invocations: 0
Total3 invocations: 9,701,767
Total4 invocations: 2,583

T3/T2 ratio: 36
T3b/T3 ratio: 0

T1 avg ex cycles: 35
T2 avg ex cycles: 82
T3&b avg ex cycles: 5
T4 avg ex cycles: 527
Avg. hops NOC1: 2
Avg. latency NOC1 (T2): 15,923
Avg. hops NOC2: 17
Avg. latency NOC2 (T3): 3,151

===PRINTING ACUM STATS at pu_cycles: 1,001,044

ACollision In Avg:78, SD:13, Max:147, Min:22
ACollision Out Avg:77, SD:21, Max:153, Min:26
ACollision End Avg:22, SD:14, Max:91, Min:0
ATask1 Avg:17, SD:2, Max:23, Min:5
ATask2 Avg:22, SD:7, Max:36, Min:1
ATask3 Avg:47, SD:7, Max:85, Min:32
ACore Active Avg:86, SD:8, Max:100, Min:54
ARouter Active Avg:77, SD:2, Max:86, Min:71
T1 invocations: 4,105,959
T2 invocations: 3,144,114
T3 invocations: 81,029,811
T3b invocations: 0
Total3 invocations: 81,029,811
Total4 invocations: 10,321

T3/T2 ratio: 26
T3b/T3 ratio: 0

T1 avg ex cycles: 42
T2 avg ex cycles: 70
T3&b avg ex cycles: 6
T4 avg ex cycles: 547
Avg. hops NOC1: 2
Avg. latency NOC1 (T2): 12,578
Avg. hops NOC2: 17
Avg. latency NOC2 (T3): 6,880
Number of K Nodes Processed: 4,783
Number of K Edges Processed: 81,355
Node Re-explore factor: 1.14
Edge Re-explore factor: 0.63
Nodes/cy: 5
Edges/cy: 81
TEPS: 128

---DCache---
DCache Size: 125,904
DRAM words: 133,760
  DHits: 158,035,748
  DMisses: 5,899,824
  DHit Rate (hit/miss): 96%
  DEvictions: 656,621
  DEviction Rate (evict/misses): 11%
  MC Transactions: 6,178,024
  MC Writes: 247,953
Avg. Transactions: 77% , Writes: 3%, Avg. Latency: 23
Max MC id: 0 of 8. Transactions: 79% , Writes: 3%, MC mean Latency: 24
HBM refresh energy (nJ): 2
HBM access energy (nJ): 11,703,648
MemC wire energy 2.5d (nJ): 5,575,572
MemC wire energy 3d (nJ): 1,393,893

---Energy---
Leakage Energy (nJ): 339,339
PU Dyn E (nJ): 4,794,092
Mem Dyn E (nJ): 36,079,490
Route Dyn E (nJ): 8,408,142
Dynamic Energy (nJ): 49,281,725
Ratio of Dyn/Leak: 145
Total Energy (nJ): 49,621,064
Total Energy (nJ) 3D: 48,416,173
Cores Energy (nJ): 4,796,879
Route Energy (nJ): 8,417,314
Route Energy (nJ) 3D: 11,394,102
Mem Energy   (nJ): 36,406,872
Mem Energy   (nJ) 3D: 32,225,192
Avg. Power (mW): 49,569.31
Power Density (mW/mm2): 111.16

---Runtime---
Runtime in K cycles: 1,001.04
Microseconds: 1,001.04
Time per iteration (ms): 1.00

---Throughput---
GOP/s (aka OPS/ns): 727.31
GOP/s per core: 0.71
FLOP/s: 80.95
FLOP/s per core: 0.08
Max Peak FLOP/s: 1,024.00
Avg. BW GB/s: 2,991.53
Max BW GB/s: 4,096.00

---Traffic---
In-Die bisection_bytes BW (GB/s): 512.00
Inter-board traffic (msg/ns): 0.00, per-link: 0.00
Inter-pack traffic (msg/ns): 0.00, per-link: 0.00
Inter-die traffic (msg/ns): 0.00, per-link: 0.00
Ruche traffic (msg/ns): 0.00, per-link: 0.00
All traffic (msg/ns): 2,985.57, per-link: 2.92
Inter-die reduction wrt all: inf
Inter-board reduction wrt inter-die: -nan

---Data Movement---
All traffic (msg): 2,988,689,553
Arith. Intensity FLOP/Loads: 0.21
Arith. Intensity FLOP/Msgs: 0.03
Arith. Intensity OPS/Loads: 1.91
Arith. Intensity OPS/Msgs: 0.24



===Core Utilization Total=== CORE-S:10;; TIME K cy:1,000 ;; Nodes Proc: 595,472 -- Edges Proc: 10,542,295

===PRINTING FRAME STATS

FCollision In Avg:96, SD:31, Max:267, Min:2
FCollision Out Avg:98, SD:48, Max:235, Min:1
FCollision End Avg:25, SD:33, Max:199, Min:0
FTask1 Avg:6, SD:6, Max:31, Min:0
FTask2 Avg:19, SD:14, Max:66, Min:0
FTask3 Avg:45, SD:8, Max:100, Min:28
FCore Active Avg:72, SD:18, Max:100, Min:33
FRouter Active Avg:82, SD:11, Max:95, Min:56
T1 invocations: 192,864
T2 invocations: 284,222
T3 invocations: 8,911,106
T3b invocations: 0
Total3 invocations: 8,911,106
Total4 invocations: 3,219

T3/T2 ratio: 31
T3b/T3 ratio: 0

T1 avg ex cycles: 34
T2 avg ex cycles: 70
T3&b avg ex cycles: 5
T4 avg ex cycles: 485
Avg. hops NOC1: 2
Avg. latency NOC1 (T2): 14,795
Avg. hops NOC2: 17
Avg. latency NOC2 (T3): 2,684

===PRINTING ACUM STATS at pu_cycles: 1,100,982

ACollision In Avg:80, SD:14, Max:154, Min:30
ACollision Out Avg:79, SD:22, Max:155, Min:26
ACollision End Avg:22, SD:14, Max:99, Min:0
ATask1 Avg:16, SD:2, Max:22, Min:4
ATask2 Avg:21, SD:7, Max:34, Min:1
ATask3 Avg:47, SD:7, Max:86, Min:32
ACore Active Avg:85, SD:8, Max:100, Min:52
ARouter Active Avg:77, SD:2, Max:86, Min:70
T1 invocations: 4,297,963
T2 invocations: 3,428,059
T3 invocations: 89,911,892
T3b invocations: 0
Total3 invocations: 89,911,892
Total4 invocations: 13,528

T3/T2 ratio: 26
T3b/T3 ratio: 0

T1 avg ex cycles: 42
T2 avg ex cycles: 70
T3&b avg ex cycles: 6
T4 avg ex cycles: 533
Avg. hops NOC1: 2
Avg. latency NOC1 (T2): 12,760
Avg. hops NOC2: 17
Avg. latency NOC2 (T3): 6,465
Number of K Nodes Processed: 4,848
Number of K Edges Processed: 90,198
Node Re-explore factor: 1.16
Edge Re-explore factor: 0.70
Nodes/cy: 4
Edges/cy: 82
TEPS: 117

---DCache---
DCache Size: 125,904
DRAM words: 133,760
  DHits: 174,212,133
  DMisses: 6,379,315
  DHit Rate (hit/miss): 96%
  DEvictions: 734,489
  DEviction Rate (evict/misses): 12%
  MC Transactions: 6,682,527
  MC Writes: 270,895
Avg. Transactions: 76% , Writes: 3%, Avg. Latency: 22
Max MC id: 6 of 8. Transactions: 78% , Writes: 3%, MC mean Latency: 22
HBM refresh energy (nJ): 3
HBM access energy (nJ): 12,659,379
MemC wire energy 2.5d (nJ): 6,030,879
MemC wire energy 3d (nJ): 1,507,720

---Energy---
Leakage Energy (nJ): 373,217
PU Dyn E (nJ): 5,247,071
Mem Dyn E (nJ): 39,384,019
Route Dyn E (nJ): 9,320,841
Dynamic Energy (nJ): 53,951,931
Ratio of Dyn/Leak: 145
Total Energy (nJ): 54,325,148
Total Energy (nJ) 3D: 53,101,906
Cores Energy (nJ): 5,250,135
Route Energy (nJ): 9,330,929
Route Energy (nJ) 3D: 12,630,846
Mem Energy   (nJ): 39,744,084
Mem Energy   (nJ) 3D: 35,220,925
Avg. Power (mW): 49,342.45
Power Density (mW/mm2): 110.65

---Runtime---
Runtime in K cycles: 1,100.98
Microseconds: 1,100.98
Time per iteration (ms): 1.10

---Throughput---
GOP/s (aka OPS/ns): 719.32
GOP/s per core: 0.70
FLOP/s: 81.67
FLOP/s per core: 0.08
Max Peak FLOP/s: 1,024.00
Avg. BW GB/s: 2,993.18
Max BW GB/s: 4,096.00

---Traffic---
In-Die bisection_bytes BW (GB/s): 512.00
Inter-board traffic (msg/ns): 0.00, per-link: 0.00
Inter-pack traffic (msg/ns): 0.00, per-link: 0.00
Inter-die traffic (msg/ns): 0.00, per-link: 0.00
Ruche traffic (msg/ns): 0.00, per-link: 0.00
All traffic (msg/ns): 3,004.25, per-link: 2.93
Inter-die reduction wrt all: inf
Inter-board reduction wrt inter-die: -nan

---Data Movement---
All traffic (msg): 3,307,628,826
Arith. Intensity FLOP/Loads: 0.21
Arith. Intensity FLOP/Msgs: 0.03
Arith. Intensity OPS/Loads: 1.89
Arith. Intensity OPS/Msgs: 0.24



===Core Utilization Total=== CORE-S:11;; TIME K cy:1,100 ;; Nodes Proc: 603,476 -- Edges Proc: 12,073,332

===PRINTING FRAME STATS

FCollision In Avg:89, SD:32, Max:258, Min:2
FCollision Out Avg:88, SD:49, Max:213, Min:0
FCollision End Avg:23, SD:32, Max:194, Min:0
FTask1 Avg:7, SD:7, Max:39, Min:0
FTask2 Avg:19, SD:15, Max:69, Min:0
FTask3 Avg:45, SD:8, Max:100, Min:27
FCore Active Avg:72, SD:18, Max:100, Min:32
FRouter Active Avg:83, SD:10, Max:95, Min:57
T1 invocations: 212,905
T2 invocations: 306,450
T3 invocations: 8,904,132
T3b invocations: 0
Total3 invocations: 8,904,132
Total4 invocations: 4,884

T3/T2 ratio: 29
T3b/T3 ratio: 0

T1 avg ex cycles: 34
T2 avg ex cycles: 64
T3&b avg ex cycles: 5
T4 avg ex cycles: 369
Avg. hops NOC1: 2
Avg. latency NOC1 (T2): 13,985
Avg. hops NOC2: 17
Avg. latency NOC2 (T3): 2,529

===PRINTING ACUM STATS at pu_cycles: 1,201,307

ACollision In Avg:81, SD:14, Max:155, Min:31
ACollision Out Avg:79, SD:22, Max:153, Min:24
ACollision End Avg:22, SD:13, Max:106, Min:0
ATask1 Avg:15, SD:2, Max:20, Min:4
ATask2 Avg:21, SD:6, Max:33, Min:1
ATask3 Avg:46, SD:7, Max:88, Min:31
ACore Active Avg:84, SD:8, Max:100, Min:51
ARouter Active Avg:78, SD:3, Max:86, Min:69
T1 invocations: 4,512,397
T2 invocations: 3,735,676
T3 invocations: 98,851,296
T3b invocations: 0
Total3 invocations: 98,851,296
Total4 invocations: 18,439

T3/T2 ratio: 26
T3b/T3 ratio: 0

T1 avg ex cycles: 41
T2 avg ex cycles: 70
T3&b avg ex cycles: 6
T4 avg ex cycles: 489
Avg. hops NOC1: 2
Avg. latency NOC1 (T2): 12,859
Avg. hops NOC2: 17
Avg. latency NOC2 (T3): 6,110
Number of K Nodes Processed: 4,906
Number of K Edges Processed: 99,136
Node Re-explore factor: 1.17
Edge Re-explore factor: 0.77
Nodes/cy: 4
Edges/cy: 83
TEPS: 107

---DCache---
DCache Size: 125,904
DRAM words: 133,760
  DHits: 190,528,707
  DMisses: 6,843,553
  DHit Rate (hit/miss): 97%
  DEvictions: 819,630
  DEviction Rate (evict/misses): 12%
  MC Transactions: 7,172,393
  MC Writes: 294,773
Avg. Transactions: 75% , Writes: 3%, Avg. Latency: 22
Max MC id: 6 of 8. Transactions: 77% , Writes: 3%, MC mean Latency: 22
HBM refresh energy (nJ): 3
HBM access energy (nJ): 13,587,381
MemC wire energy 2.5d (nJ): 6,472,975
MemC wire energy 3d (nJ): 1,618,244

---Energy---
Leakage Energy (nJ): 407,225
PU Dyn E (nJ): 5,707,844
Mem Dyn E (nJ): 42,671,544
Route Dyn E (nJ): 10,249,160
Dynamic Energy (nJ): 58,628,549
Ratio of Dyn/Leak: 144
Total Energy (nJ): 59,035,774
Total Energy (nJ) 3D: 57,809,618
Cores Energy (nJ): 5,711,188
Route Energy (nJ): 10,260,167
Route Energy (nJ) 3D: 13,888,742
Mem Energy   (nJ): 43,064,420
Mem Energy   (nJ) 3D: 38,209,688
Avg. Power (mW): 49,142.95
Power Density (mW/mm2): 110.20

---Runtime---
Runtime in K cycles: 1,201.31
Microseconds: 1,201.31
Time per iteration (ms): 1.20

---Throughput---
GOP/s (aka OPS/ns): 713.66
GOP/s per core: 0.70
FLOP/s: 82.29
FLOP/s per core: 0.08
Max Peak FLOP/s: 1,024.00
Avg. BW GB/s: 2,997.02
Max BW GB/s: 4,096.00

---Traffic---
In-Die bisection_bytes BW (GB/s): 512.00
Inter-board traffic (msg/ns): 0.00, per-link: 0.00
Inter-pack traffic (msg/ns): 0.00, per-link: 0.00
Inter-die traffic (msg/ns): 0.00, per-link: 0.00
Ruche traffic (msg/ns): 0.00, per-link: 0.00
All traffic (msg/ns): 3,022.65, per-link: 2.95
Inter-die reduction wrt all: inf
Inter-board reduction wrt inter-die: -nan

---Data Movement---
All traffic (msg): 3,631,125,548
Arith. Intensity FLOP/Loads: 0.22
Arith. Intensity FLOP/Msgs: 0.03
Arith. Intensity OPS/Loads: 1.87
Arith. Intensity OPS/Msgs: 0.24



===Core Utilization Total=== CORE-S:12;; TIME K cy:1,200 ;; Nodes Proc: 610,725 -- Edges Proc: 13,568,664

===PRINTING FRAME STATS

FCollision In Avg:78, SD:36, Max:260, Min:2
FCollision Out Avg:78, SD:50, Max:214, Min:1
FCollision End Avg:22, SD:32, Max:199, Min:0
FTask1 Avg:7, SD:8, Max:37, Min:0
FTask2 Avg:19, SD:16, Max:69, Min:0
FTask3 Avg:45, SD:8, Max:100, Min:27
FCore Active Avg:73, SD:19, Max:100, Min:30
FRouter Active Avg:84, SD:8, Max:94, Min:61
T1 invocations: 229,858
T2 invocations: 323,750
T3 invocations: 8,963,634
T3b invocations: 0
Total3 invocations: 8,963,634
Total4 invocations: 7,591

T3/T2 ratio: 28
T3b/T3 ratio: 0

T1 avg ex cycles: 33
T2 avg ex cycles: 60
T3&b avg ex cycles: 5
T4 avg ex cycles: 260
Avg. hops NOC1: 2
Avg. latency NOC1 (T2): 11,920
Avg. hops NOC2: 17
Avg. latency NOC2 (T3): 2,697

===PRINTING ACUM STATS at pu_cycles: 1,300,943

ACollision In Avg:80, SD:15, Max:152, Min:29
ACollision Out Avg:79, SD:23, Max:151, Min:23
ACollision End Avg:22, SD:13, Max:111, Min:0
ATask1 Avg:15, SD:2, Max:19, Min:4
ATask2 Avg:21, SD:6, Max:32, Min:1
ATask3 Avg:46, SD:7, Max:88, Min:31
ACore Active Avg:83, SD:8, Max:100, Min:51
ARouter Active Avg:78, SD:3, Max:86, Min:68
T1 invocations: 4,741,080
T2 invocations: 4,056,515
T3 invocations: 107,759,013
T3b invocations: 0
Total3 invocations: 107,759,013
Total4 invocations: 26,012

T3/T2 ratio: 27
T3b/T3 ratio: 0

T1 avg ex cycles: 41
T2 avg ex cycles: 69
T3&b avg ex cycles: 6
T4 avg ex cycles: 422
Avg. hops NOC1: 2
Avg. latency NOC1 (T2): 12,786
Avg. hops NOC2: 17
Avg. latency NOC2 (T3): 5,826
Number of K Nodes Processed: 4,957
Number of K Edges Processed: 108,084
Node Re-explore factor: 1.18
Edge Re-explore factor: 0.84
Nodes/cy: 4
Edges/cy: 83
TEPS: 99

---DCache---
DCache Size: 125,904
DRAM words: 133,760
  DHits: 206,979,026
  DMisses: 7,279,717
  DHit Rate (hit/miss): 97%
  DEvictions: 905,515
  DEviction Rate (evict/misses): 12%
  MC Transactions: 7,634,930
  MC Writes: 319,716
Avg. Transactions: 73% , Writes: 3%, Avg. Latency: 22
Max MC id: 6 of 8. Transactions: 75% , Writes: 3%, MC mean Latency: 22
HBM refresh energy (nJ): 3
HBM access energy (nJ): 14,463,611
MemC wire energy 2.5d (nJ): 6,890,408
MemC wire energy 3d (nJ): 1,722,602

---Energy---
Leakage Energy (nJ): 441,001
PU Dyn E (nJ): 6,169,902
Mem Dyn E (nJ): 45,882,104
Route Dyn E (nJ): 11,173,074
Dynamic Energy (nJ): 63,225,081
Ratio of Dyn/Leak: 143
Total Energy (nJ): 63,666,082
Total Energy (nJ) 3D: 62,453,950
Cores Energy (nJ): 6,173,523
Route Energy (nJ): 11,184,994
Route Energy (nJ) 3D: 15,140,669
Mem Energy   (nJ): 46,307,565
Mem Energy   (nJ) 3D: 41,139,759
Avg. Power (mW): 48,938.41
Power Density (mW/mm2): 109.74

---Runtime---
Runtime in K cycles: 1,300.94
Microseconds: 1,300.94
Time per iteration (ms): 1.30

---Throughput---
GOP/s (aka OPS/ns): 709.56
GOP/s per core: 0.69
FLOP/s: 82.83
FLOP/s per core: 0.08
Max Peak FLOP/s: 1,024.00
Avg. BW GB/s: 3,001.48
Max BW GB/s: 4,096.00

---Traffic---
In-Die bisection_bytes BW (GB/s): 512.00
Inter-board traffic (msg/ns): 0.00, per-link: 0.00
Inter-pack traffic (msg/ns): 0.00, per-link: 0.00
Inter-die traffic (msg/ns): 0.00, per-link: 0.00
Ruche traffic (msg/ns): 0.00, per-link: 0.00
All traffic (msg/ns): 3,038.05, per-link: 2.97
Inter-die reduction wrt all: inf
Inter-board reduction wrt inter-die: -nan

---Data Movement---
All traffic (msg): 3,952,327,658
Arith. Intensity FLOP/Loads: 0.22
Arith. Intensity FLOP/Msgs: 0.03
Arith. Intensity OPS/Loads: 1.86
Arith. Intensity OPS/Msgs: 0.23



===Core Utilization Total=== CORE-S:13;; TIME K cy:1,300 ;; Nodes Proc: 617,190 -- Edges Proc: 14,926,234

===PRINTING FRAME STATS

FCollision In Avg:62, SD:38, Max:237, Min:3
FCollision Out Avg:63, SD:49, Max:210, Min:1
FCollision End Avg:19, SD:29, Max:195, Min:0
FTask1 Avg:8, SD:8, Max:37, Min:0
FTask2 Avg:18, SD:17, Max:70, Min:0
FTask3 Avg:43, SD:8, Max:100, Min:24
FCore Active Avg:72, SD:20, Max:100, Min:30
FRouter Active Avg:83, SD:6, Max:94, Min:64
T1 invocations: 245,675
T2 invocations: 339,251
T3 invocations: 8,623,552
T3b invocations: 0
Total3 invocations: 8,623,552
Total4 invocations: 11,516

T3/T2 ratio: 25
T3b/T3 ratio: 0

T1 avg ex cycles: 33
T2 avg ex cycles: 56
T3&b avg ex cycles: 5
T4 avg ex cycles: 189
Avg. hops NOC1: 2
Avg. latency NOC1 (T2): 10,006
Avg. hops NOC2: 17
Avg. latency NOC2 (T3): 2,814

===PRINTING ACUM STATS at pu_cycles: 1,400,971

ACollision In Avg:79, SD:15, Max:156, Min:28
ACollision Out Avg:78, SD:23, Max:145, Min:22
ACollision End Avg:22, SD:13, Max:115, Min:0
ATask1 Avg:14, SD:2, Max:18, Min:3
ATask2 Avg:21, SD:5, Max:29, Min:1
ATask3 Avg:46, SD:7, Max:89, Min:31
ACore Active Avg:82, SD:8, Max:100, Min:51
ARouter Active Avg:79, SD:3, Max:85, Min:68
T1 invocations: 4,988,651
T2 invocations: 4,395,693
T3 invocations: 116,384,845
T3b invocations: 0
Total3 invocations: 116,384,845
Total4 invocations: 37,560

T3/T2 ratio: 26
T3b/T3 ratio: 0

T1 avg ex cycles: 41
T2 avg ex cycles: 68
T3&b avg ex cycles: 6
T4 avg ex cycles: 351
Avg. hops NOC1: 2
Avg. latency NOC1 (T2): 12,569
Avg. hops NOC2: 17
Avg. latency NOC2 (T3): 5,604
Number of K Nodes Processed: 5,002
Number of K Edges Processed: 116,746
Node Re-explore factor: 1.19
Edge Re-explore factor: 0.91
Nodes/cy: 4
Edges/cy: 83
TEPS: 92

---DCache---
DCache Size: 125,904
DRAM words: 133,760
  DHits: 223,168,327
  DMisses: 7,719,120
  DHit Rate (hit/miss): 97%
  DEvictions: 997,018
  DEviction Rate (evict/misses): 13%
  MC Transactions: 8,100,283
  MC Writes: 344,462
Avg. Transactions: 72% , Writes: 3%, Avg. Latency: 22
Max MC id: 6 of 8. Transactions: 74% , Writes: 3%, MC mean Latency: 21
HBM refresh energy (nJ): 4
HBM access energy (nJ): 15,345,176
MemC wire energy 2.5d (nJ): 7,310,382
MemC wire energy 3d (nJ): 1,827,595

---Energy---
Leakage Energy (nJ): 474,909
PU Dyn E (nJ): 6,623,191
Mem Dyn E (nJ): 49,053,742
Route Dyn E (nJ): 12,069,604
Dynamic Energy (nJ): 67,746,538
Ratio of Dyn/Leak: 143
Total Energy (nJ): 68,221,447
Total Energy (nJ) 3D: 67,011,739
Cores Energy (nJ): 6,627,090
Route Energy (nJ): 12,082,441
Route Energy (nJ) 3D: 16,355,520
Mem Energy   (nJ): 49,511,915
Mem Energy   (nJ) 3D: 44,029,129
Avg. Power (mW): 48,695.83
Power Density (mW/mm2): 109.20

---Runtime---
Runtime in K cycles: 1,400.97
Microseconds: 1,400.97
Time per iteration (ms): 1.40

---Throughput---
GOP/s (aka OPS/ns): 705.29
GOP/s per core: 0.69
FLOP/s: 83.07
FLOP/s per core: 0.08
Max Peak FLOP/s: 1,024.00
Avg. BW GB/s: 2,998.77
Max BW GB/s: 4,096.00

---Traffic---
In-Die bisection_bytes BW (GB/s): 512.00
Inter-board traffic (msg/ns): 0.00, per-link: 0.00
Inter-pack traffic (msg/ns): 0.00, per-link: 0.00
Inter-die traffic (msg/ns): 0.00, per-link: 0.00
Ruche traffic (msg/ns): 0.00, per-link: 0.00
All traffic (msg/ns): 3,044.03, per-link: 2.97
Inter-die reduction wrt all: inf
Inter-board reduction wrt inter-die: -nan

---Data Movement---
All traffic (msg): 4,264,602,841
Arith. Intensity FLOP/Loads: 0.22
Arith. Intensity FLOP/Msgs: 0.03
Arith. Intensity OPS/Loads: 1.85
Arith. Intensity OPS/Msgs: 0.23



===Core Utilization Total=== CORE-S:14;; TIME K cy:1,400 ;; Nodes Proc: 623,003 -- Edges Proc: 16,041,305

===PRINTING FRAME STATS

FCollision In Avg:45, SD:38, Max:196, Min:2
FCollision Out Avg:43, SD:42, Max:199, Min:0
FCollision End Avg:15, SD:25, Max:138, Min:0
FTask1 Avg:8, SD:9, Max:40, Min:0
FTask2 Avg:18, SD:18, Max:73, Min:0
FTask3 Avg:42, SD:8, Max:100, Min:25
FCore Active Avg:70, SD:22, Max:100, Min:28
FRouter Active Avg:82, SD:6, Max:93, Min:65
T1 invocations: 259,390
T2 invocations: 344,114
T3 invocations: 8,381,032
T3b invocations: 0
Total3 invocations: 8,381,032
Total4 invocations: 15,257

T3/T2 ratio: 24
T3b/T3 ratio: 0

T1 avg ex cycles: 33
T2 avg ex cycles: 53
T3&b avg ex cycles: 5
T4 avg ex cycles: 153
Avg. hops NOC1: 3
Avg. latency NOC1 (T2): 7,534
Avg. hops NOC2: 17
Avg. latency NOC2 (T3): 2,960

===PRINTING ACUM STATS at pu_cycles: 1,500,990

ACollision In Avg:77, SD:16, Max:154, Min:27
ACollision Out Avg:76, SD:24, Max:142, Min:21
ACollision End Avg:22, SD:12, Max:116, Min:0
ATask1 Avg:14, SD:2, Max:17, Min:3
ATask2 Avg:21, SD:5, Max:27, Min:1
ATask3 Avg:46, SD:7, Max:90, Min:30
ACore Active Avg:81, SD:8, Max:100, Min:52
ARouter Active Avg:79, SD:3, Max:85, Min:69
T1 invocations: 5,249,908
T2 invocations: 4,743,003
T3 invocations: 124,798,291
T3b invocations: 0
Total3 invocations: 124,798,291
Total4 invocations: 52,852

T3/T2 ratio: 26
T3b/T3 ratio: 0

T1 avg ex cycles: 40
T2 avg ex cycles: 67
T3&b avg ex cycles: 6
T4 avg ex cycles: 294
Avg. hops NOC1: 2
Avg. latency NOC1 (T2): 12,199
Avg. hops NOC2: 17
Avg. latency NOC2 (T3): 5,427
Number of K Nodes Processed: 5,043
Number of K Edges Processed: 125,091
Node Re-explore factor: 1.20
Edge Re-explore factor: 0.97
Nodes/cy: 3
Edges/cy: 83
TEPS: 85

---DCache---
DCache Size: 125,904
DRAM words: 133,760
  DHits: 239,275,494
  DMisses: 8,139,501
  DHit Rate (hit/miss): 97%
  DEvictions: 1,087,385
  DEviction Rate (evict/misses): 13%
  MC Transactions: 8,544,915
  MC Writes: 367,828
Avg. Transactions: 71% , Writes: 3%, Avg. Latency: 21
Max MC id: 6 of 8. Transactions: 73% , Writes: 3%, MC mean Latency: 21
HBM refresh energy (nJ): 4
HBM access energy (nJ): 16,187,486
MemC wire energy 2.5d (nJ): 7,711,655
MemC wire energy 3d (nJ): 1,927,914

---Energy---
Leakage Energy (nJ): 508,814
PU Dyn E (nJ): 7,069,414
Mem Dyn E (nJ): 52,132,051
Route Dyn E (nJ): 12,937,599
Dynamic Energy (nJ): 72,139,063
Ratio of Dyn/Leak: 142
Total Energy (nJ): 72,647,877
Total Energy (nJ) 3D: 71,444,516
Cores Energy (nJ): 7,073,591
Route Energy (nJ): 12,951,352
Route Energy (nJ) 3D: 17,531,732
Mem Energy   (nJ): 52,622,934
Mem Energy   (nJ) 3D: 46,839,193
Avg. Power (mW): 48,399.97
Power Density (mW/mm2): 108.53

---Runtime---
Runtime in K cycles: 1,500.99
Microseconds: 1,500.99
Time per iteration (ms): 1.50

---Throughput---
GOP/s (aka OPS/ns): 701.12
GOP/s per core: 0.68
FLOP/s: 83.14
FLOP/s per core: 0.08
Max Peak FLOP/s: 1,024.00
Avg. BW GB/s: 2,992.19
Max BW GB/s: 4,096.00

---Traffic---
In-Die bisection_bytes BW (GB/s): 512.00
Inter-board traffic (msg/ns): 0.00, per-link: 0.00
Inter-pack traffic (msg/ns): 0.00, per-link: 0.00
Inter-die traffic (msg/ns): 0.00, per-link: 0.00
Ruche traffic (msg/ns): 0.00, per-link: 0.00
All traffic (msg/ns): 3,042.61, per-link: 2.97
Inter-die reduction wrt all: inf
Inter-board reduction wrt inter-die: -nan

---Data Movement---
All traffic (msg): 4,566,924,562
Arith. Intensity FLOP/Loads: 0.22
Arith. Intensity FLOP/Msgs: 0.03
Arith. Intensity OPS/Loads: 1.85
Arith. Intensity OPS/Msgs: 0.23



===Core Utilization Total=== CORE-S:15;; TIME K cy:1,500 ;; Nodes Proc: 628,028 -- Edges Proc: 16,945,110

===PRINTING FRAME STATS

FCollision In Avg:33, SD:36, Max:175, Min:1
FCollision Out Avg:32, SD:38, Max:211, Min:0
FCollision End Avg:11, SD:21, Max:154, Min:0
FTask1 Avg:8, SD:10, Max:46, Min:0
FTask2 Avg:16, SD:19, Max:73, Min:0
FTask3 Avg:37, SD:7, Max:87, Min:23
FCore Active Avg:63, SD:24, Max:100, Min:24
FRouter Active Avg:76, SD:10, Max:94, Min:50
T1 invocations: 247,300
T2 invocations: 325,516
T3 invocations: 7,378,918
T3b invocations: 0
Total3 invocations: 7,378,918
Total4 invocations: 17,875

T3/T2 ratio: 23
T3b/T3 ratio: 0

T1 avg ex cycles: 33
T2 avg ex cycles: 50
T3&b avg ex cycles: 5
T4 avg ex cycles: 127
Avg. hops NOC1: 3
Avg. latency NOC1 (T2): 6,155
Avg. hops NOC2: 17
Avg. latency NOC2 (T3): 2,681

===PRINTING ACUM STATS at pu_cycles: 1,600,816

ACollision In Avg:74, SD:16, Max:152, Min:26
ACollision Out Avg:73, SD:24, Max:138, Min:20
ACollision End Avg:21, SD:12, Max:115, Min:0
ATask1 Avg:13, SD:2, Max:16, Min:3
ATask2 Avg:20, SD:4, Max:26, Min:0
ATask3 Avg:45, SD:7, Max:90, Min:30
ACore Active Avg:80, SD:7, Max:100, Min:51
ARouter Active Avg:79, SD:2, Max:84, Min:70
T1 invocations: 5,496,810
T2 invocations: 5,063,282
T3 invocations: 132,112,595
T3b invocations: 0
Total3 invocations: 132,112,595
Total4 invocations: 70,722

T3/T2 ratio: 26
T3b/T3 ratio: 0

T1 avg ex cycles: 40
T2 avg ex cycles: 66
T3&b avg ex cycles: 6
T4 avg ex cycles: 252
Avg. hops NOC1: 2
Avg. latency NOC1 (T2): 11,808
Avg. hops NOC2: 17
Avg. latency NOC2 (T3): 5,273
Number of K Nodes Processed: 5,075
Number of K Edges Processed: 132,372
Node Re-explore factor: 1.21
Edge Re-explore factor: 1.03
Nodes/cy: 3
Edges/cy: 83
TEPS: 80

---DCache---
DCache Size: 125,904
DRAM words: 133,760
  DHits: 253,711,569
  DMisses: 8,508,619
  DHit Rate (hit/miss): 97%
  DEvictions: 1,164,990
  DEviction Rate (evict/misses): 14%
  MC Transactions: 8,933,372
  MC Writes: 386,612
Avg. Transactions: 70% , Writes: 3%, Avg. Latency: 21
Max MC id: 7 of 8. Transactions: 71% , Writes: 3%, MC mean Latency: 21
HBM refresh energy (nJ): 4
HBM access energy (nJ): 16,923,379
MemC wire energy 2.5d (nJ): 8,062,232
MemC wire energy 3d (nJ): 2,015,558

---Energy---
Leakage Energy (nJ): 542,653
PU Dyn E (nJ): 7,461,286
Mem Dyn E (nJ): 54,821,928
Route Dyn E (nJ): 13,690,159
Dynamic Energy (nJ): 75,973,372
Ratio of Dyn/Leak: 140
Total Energy (nJ): 76,516,025
Total Energy (nJ) 3D: 75,316,165
Cores Energy (nJ): 7,465,741
Route Energy (nJ): 13,704,826
Route Energy (nJ) 3D: 18,551,640
Mem Energy   (nJ): 55,345,459
Mem Energy   (nJ) 3D: 49,298,785
Avg. Power (mW): 47,798.14
Power Density (mW/mm2): 107.18

---Runtime---
Runtime in K cycles: 1,600.82
Microseconds: 1,600.82
Time per iteration (ms): 1.60

---Throughput---
GOP/s (aka OPS/ns): 692.84
GOP/s per core: 0.68
FLOP/s: 82.53
FLOP/s per core: 0.08
Max Peak FLOP/s: 1,024.00
Avg. BW GB/s: 2,963.12
Max BW GB/s: 4,096.00

---Traffic---
In-Die bisection_bytes BW (GB/s): 512.00
Inter-board traffic (msg/ns): 0.00, per-link: 0.00
Inter-pack traffic (msg/ns): 0.00, per-link: 0.00
Inter-die traffic (msg/ns): 0.00, per-link: 0.00
Ruche traffic (msg/ns): 0.00, per-link: 0.00
All traffic (msg/ns): 3,016.73, per-link: 2.95
Inter-die reduction wrt all: inf
Inter-board reduction wrt inter-die: -nan

---Data Movement---
All traffic (msg): 4,829,235,189
Arith. Intensity FLOP/Loads: 0.22
Arith. Intensity FLOP/Msgs: 0.03
Arith. Intensity OPS/Loads: 1.84
Arith. Intensity OPS/Msgs: 0.23



===Core Utilization Total=== CORE-S:16;; TIME K cy:1,600 ;; Nodes Proc: 632,107 -- Edges Proc: 17,737,763

===PRINTING FRAME STATS

FCollision In Avg:24, SD:32, Max:147, Min:1
FCollision Out Avg:25, SD:34, Max:137, Min:0
FCollision End Avg:9, SD:19, Max:99, Min:0
FTask1 Avg:6, SD:10, Max:41, Min:0
FTask2 Avg:13, SD:19, Max:79, Min:0
FTask3 Avg:30, SD:6, Max:70, Min:15
FCore Active Avg:52, SD:25, Max:100, Min:21
FRouter Active Avg:68, SD:14, Max:93, Min:38
T1 invocations: 201,470
T2 invocations: 267,795
T3 invocations: 6,051,237
T3b invocations: 0
Total3 invocations: 6,051,237
Total4 invocations: 17,619

T3/T2 ratio: 23
T3b/T3 ratio: 0

T1 avg ex cycles: 33
T2 avg ex cycles: 50
T3&b avg ex cycles: 5
T4 avg ex cycles: 107
Avg. hops NOC1: 3
Avg. latency NOC1 (T2): 5,622
Avg. hops NOC2: 17
Avg. latency NOC2 (T3): 2,280

===PRINTING ACUM STATS at pu_cycles: 1,700,988

ACollision In Avg:71, SD:16, Max:149, Min:27
ACollision Out Avg:70, SD:23, Max:134, Min:19
ACollision End Avg:20, SD:11, Max:110, Min:1
ATask1 Avg:13, SD:1, Max:15, Min:3
ATask2 Avg:20, SD:3, Max:24, Min:0
ATask3 Avg:44, SD:7, Max:89, Min:29
ACore Active Avg:78, SD:7, Max:100, Min:49
ARouter Active Avg:78, SD:2, Max:83, Min:71
T1 invocations: 5,704,134
T2 invocations: 5,332,305
T3 invocations: 138,220,888
T3b invocations: 0
Total3 invocations: 138,220,888
Total4 invocations: 88,441

T3/T2 ratio: 26
T3b/T3 ratio: 0

T1 avg ex cycles: 40
T2 avg ex cycles: 65
T3&b avg ex cycles: 6
T4 avg ex cycles: 223
Avg. hops NOC1: 3
Avg. latency NOC1 (T2): 11,496
Avg. hops NOC2: 17
Avg. latency NOC2 (T3): 5,140
Number of K Nodes Processed: 5,101
Number of K Edges Processed: 138,367
Node Re-explore factor: 1.22
Edge Re-explore factor: 1.08
Nodes/cy: 3
Edges/cy: 81
TEPS: 75

---DCache---
DCache Size: 125,904
DRAM words: 133,760
  DHits: 265,773,976
  DMisses: 8,818,455
  DHit Rate (hit/miss): 97%
  DEvictions: 1,237,866
  DEviction Rate (evict/misses): 14%
  MC Transactions: 9,262,711
  MC Writes: 405,792
Avg. Transactions: 68% , Writes: 3%, Avg. Latency: 21
Max MC id: 7 of 8. Transactions: 69% , Writes: 3%, MC mean Latency: 21
HBM refresh energy (nJ): 5
HBM access energy (nJ): 17,547,279
MemC wire energy 2.5d (nJ): 8,359,455
MemC wire energy 3d (nJ): 2,089,864

---Energy---
Leakage Energy (nJ): 576,610
PU Dyn E (nJ): 7,789,224
Mem Dyn E (nJ): 57,086,861
Route Dyn E (nJ): 14,321,285
Dynamic Energy (nJ): 79,197,370
Ratio of Dyn/Leak: 137
Total Energy (nJ): 79,773,980
Total Energy (nJ) 3D: 78,574,644
Cores Energy (nJ): 7,793,958
Route Energy (nJ): 14,336,870
Route Energy (nJ) 3D: 19,407,126
Mem Energy   (nJ): 57,643,152
Mem Energy   (nJ) 3D: 51,373,561
Avg. Power (mW): 46,898.61
Power Density (mW/mm2): 105.17

---Runtime---
Runtime in K cycles: 1,700.99
Microseconds: 1,700.99
Time per iteration (ms): 1.70

---Throughput---
GOP/s (aka OPS/ns): 679.99
GOP/s per core: 0.66
FLOP/s: 81.26
FLOP/s per core: 0.08
Max Peak FLOP/s: 1,024.00
Avg. BW GB/s: 2,912.94
Max BW GB/s: 4,096.00

---Traffic---
In-Die bisection_bytes BW (GB/s): 512.00
Inter-board traffic (msg/ns): 0.00, per-link: 0.00
Inter-pack traffic (msg/ns): 0.00, per-link: 0.00
Inter-die traffic (msg/ns): 0.00, per-link: 0.00
Ruche traffic (msg/ns): 0.00, per-link: 0.00
All traffic (msg/ns): 2,968.44, per-link: 2.90
Inter-die reduction wrt all: inf
Inter-board reduction wrt inter-die: -nan

---Data Movement---
All traffic (msg): 5,049,286,388
Arith. Intensity FLOP/Loads: 0.22
Arith. Intensity FLOP/Msgs: 0.03
Arith. Intensity OPS/Loads: 1.84
Arith. Intensity OPS/Msgs: 0.23



===Core Utilization Total=== CORE-S:17;; TIME K cy:1,700 ;; Nodes Proc: 635,373 -- Edges Proc: 18,286,752
======== IT IS COLD ======= Only 55 Tiles active

===PRINTING FRAME STATS

FCollision In Avg:14, SD:25, Max:117, Min:0
FCollision Out Avg:16, SD:29, Max:173, Min:0
FCollision End Avg:6, SD:15, Max:129, Min:0
FTask1 Avg:5, SD:10, Max:47, Min:0
FTask2 Avg:9, SD:18, Max:83, Min:0
FTask3 Avg:21, SD:4, Max:53, Min:8
FCore Active Avg:36, SD:24, Max:100, Min:14
FRouter Active Avg:52, SD:16, Max:89, Min:25
T1 invocations: 152,288
T2 invocations: 193,992
T3 invocations: 4,144,236
T3b invocations: 0
Total3 invocations: 4,144,236
Total4 invocations: 14,439

T3/T2 ratio: 21
T3b/T3 ratio: 0

T1 avg ex cycles: 33
T2 avg ex cycles: 48
T3&b avg ex cycles: 5
T4 avg ex cycles: 99
Avg. hops NOC1: 3
Avg. latency NOC1 (T2): 4,661
Avg. hops NOC2: 17
Avg. latency NOC2 (T3): 1,935

===PRINTING ACUM STATS at pu_cycles: 1,800,973

ACollision In Avg:68, SD:16, Max:147, Min:26
ACollision Out Avg:67, SD:23, Max:129, Min:18
ACollision End Avg:20, SD:11, Max:104, Min:1
ATask1 Avg:13, SD:1, Max:14, Min:6
ATask2 Avg:19, SD:2, Max:23, Min:0
ATask3 Avg:43, SD:7, Max:87, Min:29
ACore Active Avg:76, SD:7, Max:100, Min:51
ARouter Active Avg:77, SD:2, Max:81, Min:72
T1 invocations: 5,858,606
T2 invocations: 5,526,007
T3 invocations: 142,367,335
T3b invocations: 0
Total3 invocations: 142,367,335
Total4 invocations: 102,917

T3/T2 ratio: 26
T3b/T3 ratio: 0

T1 avg ex cycles: 40
T2 avg ex cycles: 64
T3&b avg ex cycles: 6
T4 avg ex cycles: 206
Avg. hops NOC1: 3
Avg. latency NOC1 (T2): 11,256
Avg. hops NOC2: 17
Avg. latency NOC2 (T3): 5,046
Number of K Nodes Processed: 5,118
Number of K Edges Processed: 142,449
Node Re-explore factor: 1.22
Edge Re-explore factor: 1.11
Nodes/cy: 3
Edges/cy: 79
TEPS: 71

---DCache---
DCache Size: 125,904
DRAM words: 133,760
  DHits: 274,161,320
  DMisses: 9,035,496
  DHit Rate (hit/miss): 97%
  DEvictions: 1,285,203
  DEviction Rate (evict/misses): 14%
  MC Transactions: 9,490,305
  MC Writes: 416,220
Avg. Transactions: 66% , Writes: 3%, Avg. Latency: 21
Max MC id: 7 of 8. Transactions: 67% , Writes: 3%, MC mean Latency: 21
HBM refresh energy (nJ): 5
HBM access energy (nJ): 17,978,433
MemC wire energy 2.5d (nJ): 8,564,855
MemC wire energy 3d (nJ): 2,141,214

---Energy---
Leakage Energy (nJ): 610,503
PU Dyn E (nJ): 8,014,605
Mem Dyn E (nJ): 58,641,000
Route Dyn E (nJ): 14,748,143
Dynamic Energy (nJ): 81,403,749
Ratio of Dyn/Leak: 133
Total Energy (nJ): 82,014,252
Total Energy (nJ) 3D: 80,811,989
Cores Energy (nJ): 8,019,618
Route Energy (nJ): 14,764,645
Route Energy (nJ) 3D: 19,986,023
Mem Energy   (nJ): 59,229,990
Mem Energy   (nJ) 3D: 52,806,349
Avg. Power (mW): 45,538.86
Power Density (mW/mm2): 102.12

---Runtime---
Runtime in K cycles: 1,800.97
Microseconds: 1,800.97
Time per iteration (ms): 1.80

---Throughput---
GOP/s (aka OPS/ns): 660.50
GOP/s per core: 0.65
FLOP/s: 79.05
FLOP/s per core: 0.08
Max Peak FLOP/s: 1,024.00
Avg. BW GB/s: 2,831.08
Max BW GB/s: 4,096.00

---Traffic---
In-Die bisection_bytes BW (GB/s): 512.00
Inter-board traffic (msg/ns): 0.00, per-link: 0.00
Inter-pack traffic (msg/ns): 0.00, per-link: 0.00
Inter-die traffic (msg/ns): 0.00, per-link: 0.00
Ruche traffic (msg/ns): 0.00, per-link: 0.00
All traffic (msg/ns): 2,886.41, per-link: 2.82
Inter-die reduction wrt all: inf
Inter-board reduction wrt inter-die: -nan

---Data Movement---
All traffic (msg): 5,198,342,202
Arith. Intensity FLOP/Loads: 0.22
Arith. Intensity FLOP/Msgs: 0.03
Arith. Intensity OPS/Loads: 1.84
Arith. Intensity OPS/Msgs: 0.23



===Core Utilization Total=== CORE-S:18;; TIME K cy:1,800 ;; Nodes Proc: 637,550 -- Edges Proc: 18,606,237
======== IT IS COLD ======= Only 40 Tiles active

===PRINTING FRAME STATS

FCollision In Avg:7, SD:19, Max:116, Min:0
FCollision Out Avg:9, SD:22, Max:135, Min:0
FCollision End Avg:4, SD:12, Max:98, Min:0
FTask1 Avg:3, SD:8, Max:48, Min:0
FTask2 Avg:6, SD:16, Max:90, Min:0
FTask3 Avg:14, SD:3, Max:34, Min:7
FCore Active Avg:25, SD:22, Max:100, Min:9
FRouter Active Avg:39, SD:17, Max:90, Min:19
T1 invocations: 103,123
T2 invocations: 128,894
T3 invocations: 2,883,073
T3b invocations: 0
Total3 invocations: 2,883,073
Total4 invocations: 10,684

T3/T2 ratio: 22
T3b/T3 ratio: 0

T1 avg ex cycles: 33
T2 avg ex cycles: 48
T3&b avg ex cycles: 5
T4 avg ex cycles: 90
Avg. hops NOC1: 4
Avg. latency NOC1 (T2): 4,222
Avg. hops NOC2: 17
Avg. latency NOC2 (T3): 1,464

===PRINTING ACUM STATS at pu_cycles: 1,900,469

ACollision In Avg:65, SD:15, Max:141, Min:25
ACollision Out Avg:64, SD:22, Max:125, Min:18
ACollision End Avg:19, SD:10, Max:100, Min:1
ATask1 Avg:12, SD:1, Max:14, Min:6
ATask2 Avg:19, SD:2, Max:22, Min:1
ATask3 Avg:41, SD:7, Max:84, Min:27
ACore Active Avg:73, SD:6, Max:100, Min:50
ARouter Active Avg:75, SD:2, Max:80, Min:71
T1 invocations: 5,959,485
T2 invocations: 5,651,504
T3 invocations: 145,206,792
T3b invocations: 0
Total3 invocations: 145,206,792
Total4 invocations: 113,520

T3/T2 ratio: 26
T3b/T3 ratio: 0

T1 avg ex cycles: 39
T2 avg ex cycles: 64
T3&b avg ex cycles: 6
T4 avg ex cycles: 195
Avg. hops NOC1: 3
Avg. latency NOC1 (T2): 11,096
Avg. hops NOC2: 17
Avg. latency NOC2 (T3): 4,975
Number of K Nodes Processed: 5,130
Number of K Edges Processed: 145,279
Node Re-explore factor: 1.22
Edge Re-explore factor: 1.13
Nodes/cy: 3
Edges/cy: 76
TEPS: 68

---DCache---
DCache Size: 125,904
DRAM words: 133,760
  DHits: 279,987,483
  DMisses: 9,184,478
  DHit Rate (hit/miss): 97%
  DEvictions: 1,316,100
  DEviction Rate (evict/misses): 14%
  MC Transactions: 9,645,681
  MC Writes: 422,545
Avg. Transactions: 63% , Writes: 3%, Avg. Latency: 21
Max MC id: 7 of 8. Transactions: 64% , Writes: 3%, MC mean Latency: 21
HBM refresh energy (nJ): 5
HBM access energy (nJ): 18,272,778
MemC wire energy 2.5d (nJ): 8,705,080
MemC wire energy 3d (nJ): 2,176,270

---Energy---
Leakage Energy (nJ): 644,231
PU Dyn E (nJ): 8,166,990
Mem Dyn E (nJ): 59,693,107
Route Dyn E (nJ): 15,038,276
Dynamic Energy (nJ): 82,898,374
Ratio of Dyn/Leak: 129
Total Energy (nJ): 83,542,605
Total Energy (nJ) 3D: 82,337,891
Cores Energy (nJ): 8,172,279
Route Energy (nJ): 15,055,689
Route Energy (nJ) 3D: 20,379,786
Mem Energy   (nJ): 60,314,636
Mem Energy   (nJ) 3D: 53,785,826
Avg. Power (mW): 43,958.94
Power Density (mW/mm2): 98.57

---Runtime---
Runtime in K cycles: 1,900.47
Microseconds: 1,900.47
Time per iteration (ms): 1.90

---Throughput---
GOP/s (aka OPS/ns): 637.54
GOP/s per core: 0.62
FLOP/s: 76.41
FLOP/s per core: 0.07
Max Peak FLOP/s: 1,024.00
Avg. BW GB/s: 2,733.45
Max BW GB/s: 4,096.00

---Traffic---
In-Die bisection_bytes BW (GB/s): 512.00
Inter-board traffic (msg/ns): 0.00, per-link: 0.00
Inter-pack traffic (msg/ns): 0.00, per-link: 0.00
Inter-die traffic (msg/ns): 0.00, per-link: 0.00
Ruche traffic (msg/ns): 0.00, per-link: 0.00
All traffic (msg/ns): 2,788.63, per-link: 2.72
Inter-die reduction wrt all: inf
Inter-board reduction wrt inter-die: -nan

---Data Movement---
All traffic (msg): 5,299,700,942
Arith. Intensity FLOP/Loads: 0.22
Arith. Intensity FLOP/Msgs: 0.03
Arith. Intensity OPS/Loads: 1.84
Arith. Intensity OPS/Msgs: 0.23



===Core Utilization Total=== CORE-S:19;; TIME K cy:1,900 ;; Nodes Proc: 638,982 -- Edges Proc: 18,758,712
======== IT IS COLD ======= Only 18 Tiles active

===PRINTING FRAME STATS

FCollision In Avg:3, SD:12, Max:93, Min:0
FCollision Out Avg:4, SD:15, Max:113, Min:0
FCollision End Avg:2, SD:9, Max:98, Min:0
FTask1 Avg:2, SD:6, Max:53, Min:0
FTask2 Avg:3, SD:12, Max:96, Min:0
FTask3 Avg:7, SD:3, Max:34, Min:4
FCore Active Avg:13, SD:16, Max:100, Min:5
FRouter Active Avg:22, SD:14, Max:90, Min:9
T1 invocations: 47,601
T2 invocations: 65,074
T3 invocations: 1,499,147
T3b invocations: 0
Total3 invocations: 1,499,147
Total4 invocations: 5,784

T3/T2 ratio: 23
T3b/T3 ratio: 0

T1 avg ex cycles: 33
T2 avg ex cycles: 50
T3&b avg ex cycles: 5
T4 avg ex cycles: 78
Avg. hops NOC1: 4
Avg. latency NOC1 (T2): 4,150
Avg. hops NOC2: 17
Avg. latency NOC2 (T3): 1,655

===PRINTING ACUM STATS at pu_cycles: 2,000,544

ACollision In Avg:62, SD:15, Max:141, Min:23
ACollision Out Avg:61, SD:22, Max:124, Min:17
ACollision End Avg:18, SD:10, Max:100, Min:1
ATask1 Avg:12, SD:1, Max:13, Min:6
ATask2 Avg:18, SD:1, Max:21, Min:1
ATask3 Avg:40, SD:7, Max:84, Min:26
ACore Active Avg:70, SD:6, Max:100, Min:47
ARouter Active Avg:72, SD:2, Max:79, Min:68
T1 invocations: 6,008,279
T2 invocations: 5,708,752
T3 invocations: 146,617,404
T3b invocations: 0
Total3 invocations: 146,617,404
Total4 invocations: 119,272

T3/T2 ratio: 26
T3b/T3 ratio: 0

T1 avg ex cycles: 39
T2 avg ex cycles: 64
T3&b avg ex cycles: 6
T4 avg ex cycles: 190
Avg. hops NOC1: 3
Avg. latency NOC1 (T2): 11,012
Avg. hops NOC2: 17
Avg. latency NOC2 (T3): 4,937
Number of K Nodes Processed: 5,135
Number of K Edges Processed: 146,688
Node Re-explore factor: 1.22
Edge Re-explore factor: 1.14
Nodes/cy: 3
Edges/cy: 73
TEPS: 64

---DCache---
DCache Size: 125,904
DRAM words: 133,760
  DHits: 282,926,314
  DMisses: 9,263,480
  DHit Rate (hit/miss): 97%
  DEvictions: 1,333,546
  DEviction Rate (evict/misses): 14%
  MC Transactions: 9,728,301
  MC Writes: 426,154
Avg. Transactions: 61% , Writes: 3%, Avg. Latency: 21
Max MC id: 7 of 8. Transactions: 61% , Writes: 3%, MC mean Latency: 21
HBM refresh energy (nJ): 5
HBM access energy (nJ): 18,429,293
MemC wire energy 2.5d (nJ): 8,779,643
MemC wire energy 3d (nJ): 2,194,911

---Energy---
Leakage Energy (nJ): 678,155
PU Dyn E (nJ): 8,240,925
Mem Dyn E (nJ): 60,211,919
Route Dyn E (nJ): 15,180,124
Dynamic Energy (nJ): 83,632,970
Ratio of Dyn/Leak: 123
Total Energy (nJ): 84,311,125
Total Energy (nJ) 3D: 83,100,708
Cores Energy (nJ): 8,246,493
Route Energy (nJ): 15,198,454
Route Energy (nJ) 3D: 20,572,770
Mem Energy   (nJ): 60,866,177
Mem Energy   (nJ) 3D: 54,281,445
Avg. Power (mW): 42,144.10
Power Density (mW/mm2): 94.51

---Runtime---
Runtime in K cycles: 2,000.54
Microseconds: 2,000.54
Time per iteration (ms): 2.00

---Throughput---
GOP/s (aka OPS/ns): 610.94
GOP/s per core: 0.60
FLOP/s: 73.29
FLOP/s per core: 0.07
Max Peak FLOP/s: 1,024.00
Avg. BW GB/s: 2,618.71
Max BW GB/s: 4,096.00

---Traffic---
In-Die bisection_bytes BW (GB/s): 512.00
Inter-board traffic (msg/ns): 0.00, per-link: 0.00
Inter-pack traffic (msg/ns): 0.00, per-link: 0.00
Inter-die traffic (msg/ns): 0.00, per-link: 0.00
Ruche traffic (msg/ns): 0.00, per-link: 0.00
All traffic (msg/ns): 2,674.03, per-link: 2.61
Inter-die reduction wrt all: inf
Inter-board reduction wrt inter-die: -nan

---Data Movement---
All traffic (msg): 5,349,507,931
Arith. Intensity FLOP/Loads: 0.22
Arith. Intensity FLOP/Msgs: 0.03
Arith. Intensity OPS/Loads: 1.84
Arith. Intensity OPS/Msgs: 0.23



===Core Utilization Total=== CORE-S:20;; TIME K cy:2,000 ;; Nodes Proc: 639,681 -- Edges Proc: 18,803,464
======== IT IS COLD ======= Only 12 Tiles active

===PRINTING FRAME STATS

FCollision In Avg:1, SD:6, Max:91, Min:0
FCollision Out Avg:1, SD:10, Max:95, Min:0
FCollision End Avg:1, SD:6, Max:94, Min:0
FTask1 Avg:1, SD:4, Max:59, Min:0
FTask2 Avg:1, SD:8, Max:100, Min:0
FTask3 Avg:3, SD:1, Max:14, Min:0
FCore Active Avg:5, SD:11, Max:100, Min:2
FRouter Active Avg:10, SD:8, Max:57, Min:4
T1 invocations: 20,016
T2 invocations: 22,543
T3 invocations: 618,856
T3b invocations: 0
Total3 invocations: 618,856
Total4 invocations: 2,603

T3/T2 ratio: 27
T3b/T3 ratio: 0

T1 avg ex cycles: 33
T2 avg ex cycles: 52
T3&b avg ex cycles: 5
T4 avg ex cycles: 73
Avg. hops NOC1: 4
Avg. latency NOC1 (T2): 3,846
Avg. hops NOC2: 17
Avg. latency NOC2 (T3): 1,147

===PRINTING ACUM STATS at pu_cycles: 2,100,158

ACollision In Avg:59, SD:14, Max:132, Min:22
ACollision Out Avg:58, SD:20, Max:117, Min:16
ACollision End Avg:17, SD:9, Max:95, Min:1
ATask1 Avg:11, SD:0, Max:12, Min:5
ATask2 Avg:17, SD:1, Max:20, Min:1
ATask3 Avg:38, SD:6, Max:77, Min:25
ACore Active Avg:67, SD:6, Max:100, Min:45
ARouter Active Avg:69, SD:2, Max:76, Min:65
T1 invocations: 6,039,619
T2 invocations: 5,750,146
T3 invocations: 147,287,837
T3b invocations: 0
Total3 invocations: 147,287,837
Total4 invocations: 122,101

T3/T2 ratio: 26
T3b/T3 ratio: 0

T1 avg ex cycles: 39
T2 avg ex cycles: 64
T3&b avg ex cycles: 6
T4 avg ex cycles: 188
Avg. hops NOC1: 3
Avg. latency NOC1 (T2): 10,966
Avg. hops NOC2: 17
Avg. latency NOC2 (T3): 4,925
Number of K Nodes Processed: 5,138
Number of K Edges Processed: 147,296
Node Re-explore factor: 1.23
Edge Re-explore factor: 1.15
Nodes/cy: 2
Edges/cy: 70
TEPS: 61

---DCache---
DCache Size: 125,904
DRAM words: 133,760
  DHits: 284,183,332
  DMisses: 9,298,938
  DHit Rate (hit/miss): 97%
  DEvictions: 1,339,246
  DEviction Rate (evict/misses): 14%
  MC Transactions: 9,765,271
  MC Writes: 427,666
Avg. Transactions: 58% , Writes: 3%, Avg. Latency: 21
Max MC id: 3 of 8. Transactions: 58% , Writes: 3%, MC mean Latency: 21
HBM refresh energy (nJ): 6
HBM access energy (nJ): 18,499,329
MemC wire energy 2.5d (nJ): 8,813,008
MemC wire energy 3d (nJ): 2,203,252

---Energy---
Leakage Energy (nJ): 711,923
PU Dyn E (nJ): 8,280,542
Mem Dyn E (nJ): 60,487,276
Route Dyn E (nJ): 15,251,914
Dynamic Energy (nJ): 84,019,733
Ratio of Dyn/Leak: 118
Total Energy (nJ): 84,731,656
Total Energy (nJ) 3D: 83,521,632
Cores Energy (nJ): 8,286,387
Route Energy (nJ): 15,271,157
Route Energy (nJ) 3D: 20,670,889
Mem Energy   (nJ): 61,174,112
Mem Energy   (nJ) 3D: 54,564,356
Avg. Power (mW): 40,345.37
Power Density (mW/mm2): 90.47

---Runtime---
Runtime in K cycles: 2,100.16
Microseconds: 2,100.16
Time per iteration (ms): 2.10

---Throughput---
GOP/s (aka OPS/ns): 584.82
GOP/s per core: 0.57
FLOP/s: 70.13
FLOP/s per core: 0.07
Max Peak FLOP/s: 1,024.00
Avg. BW GB/s: 2,507.86
Max BW GB/s: 4,096.00

---Traffic---
In-Die bisection_bytes BW (GB/s): 512.00
Inter-board traffic (msg/ns): 0.00, per-link: 0.00
Inter-pack traffic (msg/ns): 0.00, per-link: 0.00
Inter-die traffic (msg/ns): 0.00, per-link: 0.00
Ruche traffic (msg/ns): 0.00, per-link: 0.00
All traffic (msg/ns): 2,559.10, per-link: 2.50
Inter-die reduction wrt all: inf
Inter-board reduction wrt inter-die: -nan

---Data Movement---
All traffic (msg): 5,374,506,006
Arith. Intensity FLOP/Loads: 0.22
Arith. Intensity FLOP/Msgs: 0.03
Arith. Intensity OPS/Loads: 1.84
Arith. Intensity OPS/Msgs: 0.23



===Core Utilization Total=== CORE-S:21;; TIME K cy:2,100 ;; Nodes Proc: 639,971 -- Edges Proc: 18,803,786
======== IT IS COLD ======= Only 2 Tiles active

===PRINTING FRAME STATS

FCollision In Avg:0, SD:4, Max:99, Min:0
FCollision Out Avg:0, SD:4, Max:95, Min:0
FCollision End Avg:0, SD:1, Max:35, Min:0
FTask1 Avg:0, SD:1, Max:30, Min:0
FTask2 Avg:0, SD:3, Max:66, Min:0
FTask3 Avg:1, SD:0, Max:8, Min:0
FCore Active Avg:1, SD:3, Max:69, Min:0
FRouter Active Avg:2, SD:3, Max:34, Min:1
T1 invocations: 3,928
T2 invocations: 5,539
T3 invocations: 113,854
T3b invocations: 0
Total3 invocations: 113,854
Total4 invocations: 464

T3/T2 ratio: 21
T3b/T3 ratio: 0

T1 avg ex cycles: 33
T2 avg ex cycles: 41
T3&b avg ex cycles: 5
T4 avg ex cycles: 79
Avg. hops NOC1: 3
Avg. latency NOC1 (T2): 2,371
Avg. hops NOC2: 16
Avg. latency NOC2 (T3): 2,883

===PRINTING ACUM STATS at pu_cycles: 2,200,313

ACollision In Avg:56, SD:13, Max:132, Min:21
ACollision Out Avg:56, SD:20, Max:116, Min:15
ACollision End Avg:16, SD:9, Max:91, Min:1
ATask1 Avg:11, SD:0, Max:12, Min:5
ATask2 Avg:16, SD:1, Max:19, Min:1
ATask3 Avg:36, SD:6, Max:74, Min:24
ACore Active Avg:64, SD:6, Max:96, Min:43
ARouter Active Avg:66, SD:2, Max:73, Min:62
T1 invocations: 6,044,041
T2 invocations: 5,761,367
T3 invocations: 147,403,440
T3b invocations: 0
Total3 invocations: 147,403,440
Total4 invocations: 122,573

T3/T2 ratio: 26
T3b/T3 ratio: 0

T1 avg ex cycles: 39
T2 avg ex cycles: 64
T3&b avg ex cycles: 6
T4 avg ex cycles: 187
Avg. hops NOC1: 3
Avg. latency NOC1 (T2): 10,956
Avg. hops NOC2: 17
Avg. latency NOC2 (T3): 4,925
Number of K Nodes Processed: 5,138
Number of K Edges Processed: 147,404
Node Re-explore factor: 1.23
Edge Re-explore factor: 1.15
Nodes/cy: 2
Edges/cy: 67
TEPS: 58

---DCache---
DCache Size: 125,904
DRAM words: 133,760
  DHits: 284,411,118
  DMisses: 9,305,229
  DHit Rate (hit/miss): 97%
  DEvictions: 1,340,982
  DEviction Rate (evict/misses): 14%
  MC Transactions: 9,772,087
  MC Writes: 428,191
Avg. Transactions: 56% , Writes: 2%, Avg. Latency: 21
Max MC id: 7 of 8. Transactions: 56% , Writes: 3%, MC mean Latency: 21
HBM refresh energy (nJ): 6
HBM access energy (nJ): 18,512,241
MemC wire energy 2.5d (nJ): 8,819,159
MemC wire energy 3d (nJ): 2,204,790

---Energy---
Leakage Energy (nJ): 745,874
PU Dyn E (nJ): 8,287,804
Mem Dyn E (nJ): 60,543,465
Route Dyn E (nJ): 15,264,226
Dynamic Energy (nJ): 84,095,496
Ratio of Dyn/Leak: 113
Total Energy (nJ): 84,841,370
Total Energy (nJ) 3D: 83,631,091
Cores Energy (nJ): 8,293,928
Route Energy (nJ): 15,284,387
Route Energy (nJ) 3D: 20,688,478
Mem Energy   (nJ): 61,263,055
Mem Energy   (nJ) 3D: 54,648,686
Avg. Power (mW): 38,558.77
Power Density (mW/mm2): 86.47

---Runtime---
Runtime in K cycles: 2,200.31
Microseconds: 2,200.31
Time per iteration (ms): 2.20

---Throughput---
GOP/s (aka OPS/ns): 558.72
GOP/s per core: 0.55
FLOP/s: 66.99
FLOP/s per core: 0.07
Max Peak FLOP/s: 1,024.00
Avg. BW GB/s: 2,396.53
Max BW GB/s: 4,096.00

---Traffic---
In-Die bisection_bytes BW (GB/s): 512.00
Inter-board traffic (msg/ns): 0.00, per-link: 0.00
Inter-pack traffic (msg/ns): 0.00, per-link: 0.00
Inter-die traffic (msg/ns): 0.00, per-link: 0.00
Ruche traffic (msg/ns): 0.00, per-link: 0.00
All traffic (msg/ns): 2,444.57, per-link: 2.39
Inter-die reduction wrt all: inf
Inter-board reduction wrt inter-die: -nan

---Data Movement---
All traffic (msg): 5,378,822,446
Arith. Intensity FLOP/Loads: 0.22
Arith. Intensity FLOP/Msgs: 0.03
Arith. Intensity OPS/Loads: 1.84
Arith. Intensity OPS/Msgs: 0.23



===Core Utilization Total=== CORE-S:22;; TIME K cy:2,200 ;; Nodes Proc: 640,027 -- Edges Proc: 18,803,847
======== IT IS COLD ======= Only 0 Tiles active

===PRINTING FRAME STATS

FCollision In Avg:0, SD:3, Max:97, Min:0
FCollision Out Avg:0, SD:3, Max:97, Min:0
FCollision End Avg:0, SD:1, Max:23, Min:0
FTask1 Avg:0, SD:1, Max:25, Min:0
FTask2 Avg:0, SD:2, Max:41, Min:0
FTask3 Avg:0, SD:0, Max:3, Min:0
FCore Active Avg:0, SD:2, Max:42, Min:0
FRouter Active Avg:1, SD:3, Max:31, Min:0
T1 invocations: 1,555
T2 invocations: 1,798
T3 invocations: 62,638
T3b invocations: 0
Total3 invocations: 62,638
Total4 invocations: 313

T3/T2 ratio: 35
T3b/T3 ratio: 0

T1 avg ex cycles: 35
T2 avg ex cycles: 47
T3&b avg ex cycles: 5
T4 avg ex cycles: 53
Avg. hops NOC1: 3
Avg. latency NOC1 (T2): 3,775
Avg. hops NOC2: 16
Avg. latency NOC2 (T3): 1,239

===PRINTING ACUM STATS at pu_cycles: 2,300,029

ACollision In Avg:54, SD:13, Max:126, Min:20
ACollision Out Avg:53, SD:19, Max:113, Min:15
ACollision End Avg:16, SD:9, Max:87, Min:1
ATask1 Avg:10, SD:0, Max:11, Min:5
ATask2 Avg:16, SD:1, Max:18, Min:1
ATask3 Avg:35, SD:6, Max:71, Min:23
ACore Active Avg:61, SD:5, Max:92, Min:43
ARouter Active Avg:63, SD:2, Max:70, Min:59
T1 invocations: 6,046,538
T2 invocations: 5,764,387
T3 invocations: 147,465,484
T3b invocations: 0
Total3 invocations: 147,465,484
Total4 invocations: 122,896

T3/T2 ratio: 26
T3b/T3 ratio: 0

T1 avg ex cycles: 39
T2 avg ex cycles: 64
T3&b avg ex cycles: 6
T4 avg ex cycles: 187
Avg. hops NOC1: 3
Avg. latency NOC1 (T2): 10,953
Avg. hops NOC2: 17
Avg. latency NOC2 (T3): 4,923
Number of K Nodes Processed: 5,139
Number of K Edges Processed: 147,465
Node Re-explore factor: 1.23
Edge Re-explore factor: 1.15
Nodes/cy: 2
Edges/cy: 64
TEPS: 56

---DCache---
DCache Size: 125,904
DRAM words: 133,760
  DHits: 284,536,696
  DMisses: 9,309,071
  DHit Rate (hit/miss): 97%
  DEvictions: 1,341,511
  DEviction Rate (evict/misses): 14%
  MC Transactions: 9,776,001
  MC Writes: 428,263
Avg. Transactions: 53% , Writes: 2%, Avg. Latency: 21
Max MC id: 7 of 8. Transactions: 53% , Writes: 2%, MC mean Latency: 21
HBM refresh energy (nJ): 6
HBM access energy (nJ): 18,519,656
MemC wire energy 2.5d (nJ): 8,822,692
MemC wire energy 3d (nJ): 2,205,673

---Energy---
Leakage Energy (nJ): 779,676
PU Dyn E (nJ): 8,291,309
Mem Dyn E (nJ): 60,569,144
Route Dyn E (nJ): 15,270,517
Dynamic Energy (nJ): 84,130,970
Ratio of Dyn/Leak: 108
Total Energy (nJ): 84,910,646
Total Energy (nJ) 3D: 83,699,946
Cores Energy (nJ): 8,297,710
Route Energy (nJ): 15,291,591
Route Energy (nJ) 3D: 20,697,909
Mem Energy   (nJ): 61,321,346
Mem Energy   (nJ) 3D: 54,704,327
Avg. Power (mW): 36,917.21
Power Density (mW/mm2): 82.78

---Runtime---
Runtime in K cycles: 2,300.03
Microseconds: 2,300.03
Time per iteration (ms): 2.30

---Throughput---
GOP/s (aka OPS/ns): 534.72
GOP/s per core: 0.52
FLOP/s: 64.11
FLOP/s per core: 0.06
Max Peak FLOP/s: 1,024.00
Avg. BW GB/s: 2,293.65
Max BW GB/s: 4,096.00

---Traffic---
In-Die bisection_bytes BW (GB/s): 512.00
Inter-board traffic (msg/ns): 0.00, per-link: 0.00
Inter-pack traffic (msg/ns): 0.00, per-link: 0.00
Inter-die traffic (msg/ns): 0.00, per-link: 0.00
Ruche traffic (msg/ns): 0.00, per-link: 0.00
All traffic (msg/ns): 2,339.55, per-link: 2.28
Inter-die reduction wrt all: inf
Inter-board reduction wrt inter-die: -nan

---Data Movement---
All traffic (msg): 5,381,039,882
Arith. Intensity FLOP/Loads: 0.22
Arith. Intensity FLOP/Msgs: 0.03
Arith. Intensity OPS/Loads: 1.84
Arith. Intensity OPS/Msgs: 0.23



===Core Utilization Total=== CORE-S:23;; TIME K cy:2,300 ;; Nodes Proc: 640,103 -- Edges Proc: 18,803,923
======== IT IS COLD ======= Only 2 Tiles active

===PRINTING FRAME STATS

FCollision In Avg:0, SD:3, Max:99, Min:0
FCollision Out Avg:0, SD:4, Max:99, Min:0
FCollision End Avg:0, SD:2, Max:71, Min:0
FTask1 Avg:0, SD:0, Max:8, Min:0
FTask2 Avg:0, SD:2, Max:73, Min:0
FTask3 Avg:0, SD:0, Max:2, Min:0
FCore Active Avg:0, SD:2, Max:73, Min:0
FRouter Active Avg:1, SD:3, Max:30, Min:0
T1 invocations: 616
T2 invocations: 956
T3 invocations: 37,539
T3b invocations: 0
Total3 invocations: 37,539
Total4 invocations: 202

T3/T2 ratio: 39
T3b/T3 ratio: 0

T1 avg ex cycles: 36
T2 avg ex cycles: 82
T3&b avg ex cycles: 5
T4 avg ex cycles: 36
Avg. hops NOC1: 3
Avg. latency NOC1 (T2): 8,342
Avg. hops NOC2: 23
Avg. latency NOC2 (T3): 538

===PRINTING ACUM STATS at pu_cycles: 2,400,174

ACollision In Avg:51, SD:12, Max:120, Min:20
ACollision Out Avg:51, SD:18, Max:108, Min:14
ACollision End Avg:15, SD:8, Max:83, Min:1
ATask1 Avg:10, SD:0, Max:11, Min:5
ATask2 Avg:15, SD:1, Max:17, Min:4
ATask3 Avg:33, SD:5, Max:68, Min:22
ACore Active Avg:59, SD:5, Max:88, Min:45
ARouter Active Avg:61, SD:2, Max:67, Min:57
T1 invocations: 6,047,154
T2 invocations: 5,765,343
T3 invocations: 147,503,001
T3b invocations: 0
Total3 invocations: 147,503,001
Total4 invocations: 123,098

T3/T2 ratio: 26
T3b/T3 ratio: 0

T1 avg ex cycles: 39
T2 avg ex cycles: 64
T3&b avg ex cycles: 6
T4 avg ex cycles: 187
Avg. hops NOC1: 3
Avg. latency NOC1 (T2): 10,953
Avg. hops NOC2: 17
Avg. latency NOC2 (T3): 4,922
Number of K Nodes Processed: 5,139
Number of K Edges Processed: 147,503
Node Re-explore factor: 1.23
Edge Re-explore factor: 1.15
Nodes/cy: 2
Edges/cy: 61
TEPS: 53

---DCache---
DCache Size: 125,904
DRAM words: 133,760
  DHits: 284,612,306
  DMisses: 9,311,594
  DHit Rate (hit/miss): 97%
  DEvictions: 1,341,982
  DEviction Rate (evict/misses): 14%
  MC Transactions: 9,778,582
  MC Writes: 428,321
Avg. Transactions: 51% , Writes: 2%, Avg. Latency: 21
Max MC id: 7 of 8. Transactions: 51% , Writes: 2%, MC mean Latency: 21
HBM refresh energy (nJ): 7
HBM access energy (nJ): 18,524,545
MemC wire energy 2.5d (nJ): 8,825,021
MemC wire energy 3d (nJ): 2,206,255

---Energy---
Leakage Energy (nJ): 813,624
PU Dyn E (nJ): 8,293,170
Mem Dyn E (nJ): 60,584,049
Route Dyn E (nJ): 15,275,774
Dynamic Energy (nJ): 84,152,994
Ratio of Dyn/Leak: 103
Total Energy (nJ): 84,966,618
Total Energy (nJ) 3D: 83,756,032
Cores Energy (nJ): 8,299,850
Route Energy (nJ): 15,297,766
Route Energy (nJ) 3D: 20,705,946
Mem Energy   (nJ): 61,369,002
Mem Energy   (nJ) 3D: 54,750,236
Avg. Power (mW): 35,400.19
Power Density (mW/mm2): 79.38

---Runtime---
Runtime in K cycles: 2,400.17
Microseconds: 2,400.17
Time per iteration (ms): 2.40

---Throughput---
GOP/s (aka OPS/ns): 512.52
GOP/s per core: 0.50
FLOP/s: 61.46
FLOP/s per core: 0.06
Max Peak FLOP/s: 1,024.00
Avg. BW GB/s: 2,198.44
Max BW GB/s: 4,096.00

---Traffic---
In-Die bisection_bytes BW (GB/s): 512.00
Inter-board traffic (msg/ns): 0.00, per-link: 0.00
Inter-pack traffic (msg/ns): 0.00, per-link: 0.00
Inter-die traffic (msg/ns): 0.00, per-link: 0.00
Ruche traffic (msg/ns): 0.00, per-link: 0.00
All traffic (msg/ns): 2,242.69, per-link: 2.19
Inter-die reduction wrt all: inf
Inter-board reduction wrt inter-die: -nan

---Data Movement---
All traffic (msg): 5,382,837,102
Arith. Intensity FLOP/Loads: 0.22
Arith. Intensity FLOP/Msgs: 0.03
Arith. Intensity OPS/Loads: 1.84
Arith. Intensity OPS/Msgs: 0.23



===Core Utilization Total=== CORE-S:24;; TIME K cy:2,400 ;; Nodes Proc: 640,170 -- Edges Proc: 18,803,995
======== IT IS COLD ======= Only 0 Tiles active

===PRINTING FRAME STATS

FCollision In Avg:0, SD:3, Max:99, Min:0
FCollision Out Avg:0, SD:4, Max:99, Min:0
FCollision End Avg:0, SD:3, Max:99, Min:0
FTask1 Avg:0, SD:0, Max:8, Min:0
FTask2 Avg:0, SD:3, Max:96, Min:0
FTask3 Avg:0, SD:0, Max:2, Min:0
FCore Active Avg:0, SD:3, Max:96, Min:0
FRouter Active Avg:1, SD:3, Max:37, Min:0
T1 invocations: 645
T2 invocations: 1,357
T3 invocations: 63,347
T3b invocations: 0
Total3 invocations: 63,347
Total4 invocations: 322

T3/T2 ratio: 47
T3b/T3 ratio: 0

T1 avg ex cycles: 37
T2 avg ex cycles: 94
T3&b avg ex cycles: 5
T4 avg ex cycles: 26
Avg. hops NOC1: 3
Avg. latency NOC1 (T2): 9,968
Avg. hops NOC2: 20
Avg. latency NOC2 (T3): 228

===PRINTING ACUM STATS at pu_cycles: 2,500,126

ACollision In Avg:49, SD:12, Max:115, Min:19
ACollision Out Avg:49, SD:17, Max:108, Min:13
ACollision End Avg:14, SD:8, Max:83, Min:1
ATask1 Avg:9, SD:0, Max:10, Min:5
ATask2 Avg:14, SD:1, Max:17, Min:8
ATask3 Avg:32, SD:5, Max:68, Min:21
ACore Active Avg:57, SD:5, Max:87, Min:46
ARouter Active Avg:58, SD:2, Max:67, Min:55
T1 invocations: 6,047,593
T2 invocations: 5,766,692
T3 invocations: 147,578,755
T3b invocations: 0
Total3 invocations: 147,578,755
Total4 invocations: 123,455

T3/T2 ratio: 26
T3b/T3 ratio: 0

T1 avg ex cycles: 39
T2 avg ex cycles: 64
T3&b avg ex cycles: 6
T4 avg ex cycles: 186
Avg. hops NOC1: 3
Avg. latency NOC1 (T2): 10,952
Avg. hops NOC2: 17
Avg. latency NOC2 (T3): 4,919
Number of K Nodes Processed: 5,140
Number of K Edges Processed: 147,579
Node Re-explore factor: 1.23
Edge Re-explore factor: 1.15
Nodes/cy: 2
Edges/cy: 59
TEPS: 51

---DCache---
DCache Size: 125,904
DRAM words: 133,760
  DHits: 284,766,497
  DMisses: 9,316,545
  DHit Rate (hit/miss): 97%
  DEvictions: 1,342,583
  DEviction Rate (evict/misses): 14%
  MC Transactions: 9,783,667
  MC Writes: 428,455
Avg. Transactions: 49% , Writes: 2%, Avg. Latency: 21
Max MC id: 7 of 8. Transactions: 49% , Writes: 2%, MC mean Latency: 21
HBM refresh energy (nJ): 7
HBM access energy (nJ): 18,534,178
MemC wire energy 2.5d (nJ): 8,829,610
MemC wire energy 3d (nJ): 2,207,403

---Energy---
Leakage Energy (nJ): 847,506
PU Dyn E (nJ): 8,296,674
Mem Dyn E (nJ): 60,612,728
Route Dyn E (nJ): 15,283,862
Dynamic Energy (nJ): 84,193,265
Ratio of Dyn/Leak: 99
Total Energy (nJ): 85,040,771
Total Energy (nJ) 3D: 83,829,606
Cores Energy (nJ): 8,303,633
Route Energy (nJ): 15,306,770
Route Energy (nJ) 3D: 20,717,812
Mem Energy   (nJ): 61,430,369
Mem Energy   (nJ) 3D: 54,808,161
Avg. Power (mW): 34,014.59
Power Density (mW/mm2): 76.28

---Runtime---
Runtime in K cycles: 2,500.13
Microseconds: 2,500.13
Time per iteration (ms): 2.50

---Throughput---
GOP/s (aka OPS/ns): 492.21
GOP/s per core: 0.48
FLOP/s: 59.03
FLOP/s per core: 0.06
Max Peak FLOP/s: 1,024.00
Avg. BW GB/s: 2,111.42
Max BW GB/s: 4,096.00

---Traffic---
In-Die bisection_bytes BW (GB/s): 512.00
Inter-board traffic (msg/ns): 0.00, per-link: 0.00
Inter-pack traffic (msg/ns): 0.00, per-link: 0.00
Inter-die traffic (msg/ns): 0.00, per-link: 0.00
Ruche traffic (msg/ns): 0.00, per-link: 0.00
All traffic (msg/ns): 2,154.16, per-link: 2.10
Inter-die reduction wrt all: inf
Inter-board reduction wrt inter-die: -nan

---Data Movement---
All traffic (msg): 5,385,674,172
Arith. Intensity FLOP/Loads: 0.22
Arith. Intensity FLOP/Msgs: 0.03
Arith. Intensity OPS/Loads: 1.84
Arith. Intensity OPS/Msgs: 0.23



===Core Utilization Total=== CORE-S:25;; TIME K cy:2,500 ;; Nodes Proc: 640,229 -- Edges Proc: 18,804,050
======== IT IS COLD ======= Only 0 Tiles active
Epoch Done Router: 3
Epoch Done Router: 2
Epoch Done Router: 4
Epoch Done Router: 5
Epoch Done Router: 7
Epoch Done Router: 6
Epoch Done Router: 0
Epoch Done Router: 1
##EPOCH## 1 COMPLETED at Time (K cy): 2,559
Nodes processed until now: 5,140,233
Edges processed until now: 147,615,034
Program Done Worker Thread: 0
Program Done Router Thread: 4
Program Done Router Thread: 7
Program Done Router Thread: 0
Program Done Worker Thread: 2
Program Done Worker Thread: 7
Program Done Worker Thread: 4
Program Done Worker Thread: 6
Program Done Worker Thread: 3
Program Done Worker Thread: 5
Program Done Router Thread: 5
Program Done Router Thread: 6
Program Done Router Thread: 2
Program Done Router Thread: 1
Program Done Router Thread: 3
Program Done Worker Thread: 1

===PRINTING ACUM STATS at pu_cycles: 2,559,023

ACollision In Avg:48, SD:12, Max:113, Min:18
ACollision Out Avg:48, SD:17, Max:102, Min:13
ACollision End Avg:14, SD:8, Max:79, Min:1
ATask1 Avg:9, SD:0, Max:10, Min:8
ATask2 Avg:14, SD:1, Max:16, Min:12
ATask3 Avg:31, SD:5, Max:64, Min:21
ACore Active Avg:55, SD:5, Max:86, Min:45
ARouter Active Avg:57, SD:1, Max:63, Min:53
T1 invocations: 6,050,154
T2 invocations: 5,770,120
T3 invocations: 147,615,034
T3b invocations: 0
Total3 invocations: 147,615,034
Total4 invocations: 123,626

T3/T2 ratio: 26
T3b/T3 ratio: 0

T1 avg ex cycles: 39
T2 avg ex cycles: 64
T3&b avg ex cycles: 6
T4 avg ex cycles: 186
Avg. hops NOC1: 3
Avg. latency NOC1 (T2): 10,949
Avg. hops NOC2: 17
Avg. latency NOC2 (T3): 4,918

Runtime at program end in K cycles: 2,559
Runtime before cooldown in K cycles: 1,600


Number of K Nodes Processed: 5,140
Number of K Edges Processed: 147,615
Node Re-explore factor: 1.23
Edge Re-explore factor: 1.15
Nodes/cy: 2
Edges/cy: 58
TEPS: 50

---DCache---
DCache Size: 125,904
DRAM words: 133,760
  DHits: 284,840,093
  DMisses: 9,318,808
  DHit Rate (hit/miss): 97%
  DEvictions: 1,343,146
  DEviction Rate (evict/misses): 14%
  MC Transactions: 9,786,117
  MC Writes: 428,642
Avg. Transactions: 48% , Writes: 2%, Avg. Latency: 21
Max MC id: 7 of 8. Transactions: 48% , Writes: 2%, MC mean Latency: 21
HBM refresh energy (nJ): 7
HBM access energy (nJ): 18,538,820
MemC wire energy 2.5d (nJ): 8,831,821
MemC wire energy 3d (nJ): 2,207,955

---Energy---
Leakage Energy (nJ): 867,471
PU Dyn E (nJ): 8,299,224
Mem Dyn E (nJ): 60,632,195
Route Dyn E (nJ): 15,288,029
Dynamic Energy (nJ): 84,219,448
Ratio of Dyn/Leak: 97
Total Energy (nJ): 85,086,919
Total Energy (nJ) 3D: 83,875,571
Cores Energy (nJ): 8,306,346
Route Energy (nJ): 15,311,476
Route Energy (nJ) 3D: 20,723,994
Mem Energy   (nJ): 61,469,098
Mem Energy   (nJ) 3D: 54,845,232
Avg. Power (mW): 33,249.77
Power Density (mW/mm2): 74.56

---Runtime---
Runtime in K cycles: 2,559.02
Microseconds: 2,559.02
Time per iteration (ms): 2.56

---Inst---
K Loads: 669,772
K Stores: 650,462
K Instructions: 1,231,012

---Throughput---
GOP/s (aka OPS/ns): 481.05
GOP/s per core: 0.47
FLOP/s: 57.68
FLOP/s per core: 0.06
Max Peak FLOP/s: 1,024.00
Avg. BW GB/s: 2,063.65
Max BW GB/s: 4,096.00

---Traffic---
In-Die bisection_bytes BW (GB/s): 512.00
Inter-board traffic (msg/ns): 0.00, per-link: 0.00
Inter-pack traffic (msg/ns): 0.00, per-link: 0.00
Inter-die traffic (msg/ns): 0.00, per-link: 0.00
Ruche traffic (msg/ns): 0.00, per-link: 0.00
All traffic (msg/ns): 2,105.15, per-link: 2.06
Inter-die reduction wrt all: inf
Inter-board reduction wrt inter-die: -nan

---Data Movement---
All traffic (msg): 5,387,132,979
Arith. Intensity FLOP/Loads: 0.22
Arith. Intensity FLOP/Msgs: 0.03
Arith. Intensity OPS/Loads: 1.84
Arith. Intensity OPS/Msgs: 0.23

Simulation time: 236.86
Sim noc_cy/s: 10,803.73
Sim Msg/s: 22,743,498.98

Version 31

