Dataset:  wikipedia/
Dry run: 0
Dataset Footprint: 2 MiB
Dataset Footprint per Board: 16.777 Mb
Dataset injection time (ms): 0.000511993
Max Dataset Footprint: 0 MiB

Dataset footprint per tile: 0 KiB
Proxys footprint per tile: 0 KiB
Reserved SRAM per tile: 1 KiB

Ideal SRAM per tile: 1 KiB
reserved_words_for_dataset:26124
dataset_words_per_tile:128
remaining_sram_words:130622
min_dcache_sram_words_required:128
dataset_words_per_tile:128
min_pcache_sram_words_required:0
proxys_words_per_tile:0
Dcache footprint ratio: 1
Dataset Cached: 0
DCache: 128 words, lines: 8, sets: 8
Proxys Cached: 0
Pcache: 0 words, sets: 0
GRID_X: 64
GRID_SIZE: 4,096
smt_per_tile: 1
noc_freq: 1
pu_freq: 1
RUCHE_X: 8
PROXY_W: 64
DIE_W: 16
DIE_H: 16
DIES: 16
BORDER_TILES_PER_DIE: 64
PACK_W: 64
PACK_H: 64
DIES_PACK_FACTOR: 4
DIES_PER_PACK: 16
PACKAGES: 1
BOARD_W: 64
BOARD_H: 64
BOARDS: 1
MUX_BUS: 1
DCACHE: 0
PCACHE: 0
PROXY_FACTOR: 1
CACHE_WAYS: 1
TORUS: 1
PHY_NOCS: 1
WIDE_NOC_ID: 0
NOC_CONF: 1
noc_width: 32
hbm_channel_bit_width: 512
ld_st_op_byte_width: 4
PROXY_ROUTING: 0
WRITE_THROUGH: 1
ASSERT_MODE: 0
GLOBAL_BARRIER: 0
OQ flits: 6 ; 32 ; 6
IQ flits: 6 ; 256 ; 6
OQ messages: 2 ; 8 ; 1
IQ messages: 2 ; 64 ; 1
max_task2 size: 4
io_factor_t2: 8
io_factor_t3: 8
io_factor_t3b: 8

Active SRAM Storage per tile: 2 KiB
Total SRAM Storage per tile: 512 KiB
Agreggated SRAM Storage: 2,048 MiB

Inter-Die #links: 512
Inter-Die (Gbits): 16,384
Inter-Die (Gbits/mm): 474.829
Bisection BW of Board (Gbits): 16,384
Border IO #Dies: 16
Border IO Die BW (Gbits): 2,048
Off-Board BW Total (Gbits): 32,768
Off-Board BW Density (Gbits/mm): 210
Die side: 8.63 mm
Die border wire density: 474.83 Gbits/mm
HBM wire density: 474.83 Gbits/mm

Tiles per Die: 256 (16x16)
Tile Area: 0.20 mm2, side: 0.44 mm
- Core/Rout Area: 0.05 mm2
- SRAM Area: 0.14 mm2
- SRAM/Logic Ratio: 2.64x

Dies per Package: 16 (4x4)
Die Area: 74.41 mm2, side: 8.63 mm
- Tiles Area: 50.67 mm2
- PHY Area: 23.74 mm2
- MC Area: 0.00 mm2

Packages per Board: 1 (1x1)
Package Area: 1,510.60 mm2, side: 38.87 mm
- IOdie Area: 320.00 mm2
- Dies Area: 1,190.60 mm2
- HBM Area: 0.00 mm2

Boards: 1 (1x1)
Board Area: 1,510.60 mm2
Total Area: 1,510.60 mm2



ESTIMATED COST OF SILICON AND PACKAGING. ONLY VARIABLE, NO FIXED COSTS
Good dies per wafer 3d: 452
Good dies per wafer 2d: 746
--Dies 3D Cost: 214.05 $
--Dies 2.5D Cost: 129.69 $
--Dies 2D Cost: 129.69 $
--HBM Cost: 960.00 $
--IOdie Cost: 33.76 $
--Packaging Cost 3d: 43.66 $
--Packaging Cost 2.5d: 69.91 $
--Packaging Cost 2d: 24.52 $
SiP Cost 3d: 1,251.47 $
SiP Cost 2.5d: 1,193.36 $
SiP Cost 2d: 187.97 $
--Board Cost: 1.51 $
Total SiPs Cost 3d: 1,252.98 $
Total SiPs Cost 2.5d: 1,194.87 $
Total SiPs Cost 2d: 189.48 $

Perf counters initialized
Mesh connected
Cache structures initialized
Dataset structures initialized


Starting Simulation
INIT epoch: 1
INIT epoch: 1
INIT epoch: 1
INIT epoch: 1
INIT epoch: 1
INIT epoch: 1
INIT epoch: 1
INIT epoch: 1

===PRINTING FRAME STATS

FCollision In Avg:-nan, SD:-nan, Max:13, Min:0
FCollision Out Avg:-nan, SD:-nan, Max:4, Min:0
FCollision End Avg:-nan, SD:-nan, Max:0, Min:0
FTask1 Avg:-nan, SD:-nan, Max:94, Min:94
FTask2 Avg:-nan, SD:-nan, Max:0, Min:0
FTask3 Avg:-nan, SD:-nan, Max:6, Min:6
FCore Active Avg:-nan, SD:-nan, Max:100, Min:99
FRouter Active Avg:-nan, SD:-nan, Max:8, Min:2
T1 invocations: 15,747
T2 invocations: 0
T3 invocations: 80,136
T3b invocations: 0
Total3 invocations: 80,136
Total4 invocations: 0

T3/T2 ratio: inf
T3b/T3 ratio: 0

T1 avg ex cycles: 1,123
T2 avg ex cycles: -nan
T3&b avg ex cycles: 13
T4 avg ex cycles: -nan
Avg. hops NOC1: -nan
Avg. latency NOC1 (T2): -nan
Avg. hops NOC2: 11
Avg. latency NOC2 (T3): 509

===PRINTING ACUM STATS at pu_cycles: 15,308

ACollision In Avg:-nan, SD:-nan, Max:13, Min:0
ACollision Out Avg:-nan, SD:-nan, Max:4, Min:0
ACollision End Avg:-nan, SD:-nan, Max:0, Min:0
ATask1 Avg:-nan, SD:-nan, Max:94, Min:94
ATask2 Avg:-nan, SD:-nan, Max:0, Min:0
ATask3 Avg:-nan, SD:-nan, Max:6, Min:6
ACore Active Avg:-nan, SD:-nan, Max:100, Min:99
ARouter Active Avg:-nan, SD:-nan, Max:8, Min:2
T1 invocations: 15,747
T2 invocations: 0
T3 invocations: 80,136
T3b invocations: 0
Total3 invocations: 80,136
Total4 invocations: 0

T3/T2 ratio: inf
T3b/T3 ratio: 0

T1 avg ex cycles: 1,123
T2 avg ex cycles: -nan
T3&b avg ex cycles: 13
T4 avg ex cycles: -nan
Avg. hops NOC1: -nan
Avg. latency NOC1 (T2): -nan
Avg. hops NOC2: 11
Avg. latency NOC2 (T3): 509

---Energy---
Leakage Energy (nJ): 971
PU Dyn E (nJ): 174,338
Mem Dyn E (nJ): 18,276
Route Dyn E (nJ): 22,284
Dynamic Energy (nJ): 214,898
Ratio of Dyn/Leak: 221
Total Energy (nJ): 215,869
Total Energy (nJ) 3D: 219,750
Cores Energy (nJ): 174,509
Route Energy (nJ): 23,007
Route Energy (nJ) 3D: 26,888
Mem Energy   (nJ): 18,354
Mem Energy   (nJ) 3D: 18,354
Avg. Power (mW): 14,101.73
Power Density (mW/mm2): 9.34

---Runtime---
Runtime in K cycles: 15.31
Microseconds: 15.31
Time per iteration (ms): 0.02

---Throughput---
GOP/s (aka OPS/ns): 1,223.22
GOP/s per core: 0.30
FLOP/s: 319.08
FLOP/s per core: 0.08
Max Peak FLOP/s: 4,096.00
Avg. BW GB/s: 230.34
Max BW GB/s: 16,384.00

---Traffic---
In-Die bisection_bytes BW (GB/s): 256.00
Inter-board traffic (msg/ns): 0.00, per-link: 0.00
Inter-pack traffic (msg/ns): 0.00, per-link: 0.00
Inter-die traffic (msg/ns): 48.64, per-link: 0.05
Ruche traffic (msg/ns): 41.47, per-link: 0.04
All traffic (msg/ns): 222.33, per-link: 0.05
Inter-die reduction wrt all: 4.57
Inter-board reduction wrt inter-die: inf

---Data Movement---
All traffic (msg): 3,403,464
Arith. Intensity FLOP/Loads: 10.16
Arith. Intensity FLOP/Msgs: 1.44
Arith. Intensity OPS/Loads: 38.94
Arith. Intensity OPS/Msgs: 5.50



===Core Utilization Total=== CORE-S:1;; TIME K cy:14 ;; Nodes Proc: 0 -- Edges Proc: 0

===PRINTING FRAME STATS

FCollision In Avg:8, SD:4, Max:23, Min:0
FCollision Out Avg:3, SD:2, Max:18, Min:0
FCollision End Avg:0, SD:0, Max:0, Min:0
FTask1 Avg:89, SD:2, Max:94, Min:83
FTask2 Avg:0, SD:0, Max:0, Min:0
FTask3 Avg:10, SD:1, Max:10, Min:5
FCore Active Avg:98, SD:2, Max:100, Min:93
FRouter Active Avg:11, SD:3, Max:18, Min:2
T1 invocations: 47,365
T2 invocations: 0
T3 invocations: 258,048
T3b invocations: 0
Total3 invocations: 258,048
Total4 invocations: 0

T3/T2 ratio: inf
T3b/T3 ratio: 0

T1 avg ex cycles: 656
T2 avg ex cycles: -nan
T3&b avg ex cycles: 13
T4 avg ex cycles: -nan
Avg. hops NOC1: -nan
Avg. latency NOC1 (T2): -nan
Avg. hops NOC2: 11
Avg. latency NOC2 (T3): 346

===PRINTING ACUM STATS at pu_cycles: 23,433

ACollision In Avg:6, SD:2, Max:11, Min:1
ACollision Out Avg:2, SD:1, Max:7, Min:0
ACollision End Avg:0, SD:0, Max:0, Min:0
ATask1 Avg:91, SD:1, Max:94, Min:90
ATask2 Avg:0, SD:0, Max:0, Min:0
ATask3 Avg:7, SD:0, Max:7, Min:5
ACore Active Avg:98, SD:1, Max:100, Min:96
ARouter Active Avg:8, SD:1, Max:10, Min:3
T1 invocations: 97,137
T2 invocations: 0
T3 invocations: 495,306
T3b invocations: 0
Total3 invocations: 495,306
Total4 invocations: 0

T3/T2 ratio: inf
T3b/T3 ratio: 0

T1 avg ex cycles: 859
T2 avg ex cycles: -nan
T3&b avg ex cycles: 13
T4 avg ex cycles: -nan
Avg. hops NOC1: -nan
Avg. latency NOC1 (T2): -nan
Avg. hops NOC2: 12
Avg. latency NOC2 (T3): 348

---Energy---
Leakage Energy (nJ): 1,487
PU Dyn E (nJ): 827,928
Mem Dyn E (nJ): 112,958
Route Dyn E (nJ): 92,141
Dynamic Energy (nJ): 1,033,029
Ratio of Dyn/Leak: 695
Total Energy (nJ): 1,034,516
Total Energy (nJ) 3D: 1,076,381
Cores Energy (nJ): 828,190
Route Energy (nJ): 93,248
Route Energy (nJ) 3D: 135,114
Mem Energy   (nJ): 113,078
Mem Energy   (nJ) 3D: 113,078
Avg. Power (mW): 44,147.81
Power Density (mW/mm2): 29.23

---Runtime---
Runtime in K cycles: 23.43
Microseconds: 23.43
Time per iteration (ms): 0.02

---Throughput---
GOP/s (aka OPS/ns): 3,835.29
GOP/s per core: 0.94
FLOP/s: 979.79
FLOP/s per core: 0.24
Max Peak FLOP/s: 4,096.00
Avg. BW GB/s: 930.03
Max BW GB/s: 16,384.00

---Traffic---
In-Die bisection_bytes BW (GB/s): 256.00
Inter-board traffic (msg/ns): 0.00, per-link: 0.00
Inter-pack traffic (msg/ns): 0.00, per-link: 0.00
Inter-die traffic (msg/ns): 59.47, per-link: 0.06
Ruche traffic (msg/ns): 54.82, per-link: 0.05
All traffic (msg/ns): 983.08, per-link: 0.24
Inter-die reduction wrt all: 16.53
Inter-board reduction wrt inter-die: inf

---Data Movement---
All traffic (msg): 23,036,410
Arith. Intensity FLOP/Loads: 7.73
Arith. Intensity FLOP/Msgs: 1.00
Arith. Intensity OPS/Loads: 30.24
Arith. Intensity OPS/Msgs: 3.90



===Core Utilization Total=== CORE-S:2;; TIME K cy:23 ;; Nodes Proc: 0 -- Edges Proc: 0
======== IT IS COLD ======= Only 1 Tiles active
Epoch Done Router: 0
Epoch Done Router: 3
Epoch Done Router: 7
Epoch Done Router: 4
Epoch Done Router: 2
Epoch Done Router: 1
Epoch Done Router: 6
Epoch Done Router: 5
##EPOCH## 1 COMPLETED at Time (K cy): 23
Nodes processed until now: 0
Edges processed until now: 0
Program Done Worker Thread: 0
Program Done Router Thread: 3
Program Done Router Thread: 5
Program Done Router Thread: 1
Program Done Worker Thread: 4
Program Done Worker Thread: 6
Program Done Router Thread: 6
Program Done Worker Thread: 3
Program Done Worker Thread: 7
Program Done Router Thread: 0
Program Done Router Thread: 2
Program Done Worker Thread: 1
Program Done Router Thread: 7
Program Done Router Thread: 4
Program Done Worker Thread: 2
Program Done Worker Thread: 5

===PRINTING ACUM STATS at pu_cycles: 23,627

ACollision In Avg:6, SD:2, Max:11, Min:1
ACollision Out Avg:2, SD:1, Max:7, Min:0
ACollision End Avg:0, SD:0, Max:0, Min:0
ATask1 Avg:89, SD:0, Max:89, Min:89
ATask2 Avg:0, SD:0, Max:0, Min:0
ATask3 Avg:7, SD:0, Max:7, Min:7
ACore Active Avg:96, SD:0, Max:96, Min:96
ARouter Active Avg:8, SD:1, Max:10, Min:3
T1 invocations: 101,041
T2 invocations: 0
T3 invocations: 516,096
T3b invocations: 0
Total3 invocations: 516,096
Total4 invocations: 0

T3/T2 ratio: inf
T3b/T3 ratio: 0

T1 avg ex cycles: 848
T2 avg ex cycles: -nan
T3&b avg ex cycles: 13
T4 avg ex cycles: -nan
Avg. hops NOC1: -nan
Avg. latency NOC1 (T2): -nan
Avg. hops NOC2: 12
Avg. latency NOC2 (T3): 345

Runtime at program end in K cycles: 23
Runtime before cooldown in K cycles: 15



---Energy---
Leakage Energy (nJ): 1,499
PU Dyn E (nJ): 851,281
Mem Dyn E (nJ): 117,700
Route Dyn E (nJ): 94,635
Dynamic Energy (nJ): 1,063,616
Ratio of Dyn/Leak: 710
Total Energy (nJ): 1,065,115
Total Energy (nJ) 3D: 1,108,732
Cores Energy (nJ): 851,544
Route Energy (nJ): 95,751
Route Energy (nJ) 3D: 139,368
Mem Energy   (nJ): 117,821
Mem Energy   (nJ) 3D: 117,821
Avg. Power (mW): 45,080.42
Power Density (mW/mm2): 29.84

---Runtime---
Runtime in K cycles: 23.63
Microseconds: 23.63
Time per iteration (ms): 0.02

---Inst---
K Loads: 3,096
K Stores: 2,580
K Instructions: 92,463

---Throughput---
GOP/s (aka OPS/ns): 3,913.45
GOP/s per core: 0.96
FLOP/s: 998.56
FLOP/s per core: 0.24
Max Peak FLOP/s: 4,096.00
Avg. BW GB/s: 961.11
Max BW GB/s: 16,384.00

---Traffic---
In-Die bisection_bytes BW (GB/s): 256.00
Inter-board traffic (msg/ns): 0.00, per-link: 0.00
Inter-pack traffic (msg/ns): 0.00, per-link: 0.00
Inter-die traffic (msg/ns): 58.98, per-link: 0.06
Ruche traffic (msg/ns): 54.37, per-link: 0.05
All traffic (msg/ns): 1,011.07, per-link: 0.25
Inter-die reduction wrt all: 17.14
Inter-board reduction wrt inter-die: inf

---Data Movement---
All traffic (msg): 23,888,480
Arith. Intensity FLOP/Loads: 7.62
Arith. Intensity FLOP/Msgs: 0.99
Arith. Intensity OPS/Loads: 29.86
Arith. Intensity OPS/Msgs: 3.87

Simulation time: 5.67
Sim noc_cy/s: 4,168.82
Sim Msg/s: 4,214,952.49

Version 31

