Dataset:  Kron22/
Dry run: 0
Open Edge Count File succesfully
Edges Traversed BFS: 128309848
Found Vertices: 4194304, Edges: 128311436
avg degree 31
Array  Kron22/node_array.bin found
Malloc array of size 16777220 bytes
Readin array of size 16777216 bytes
Finished Reading Array Bytes
No reordering Array 32bit
Array  Kron22/edge_array.bin found
Malloc array of size 513245744 bytes
Readin array of size 513245744 bytes
Finished Reading Array Bytes
No reordering Array 32bit
Array  Kron22/edge_values.bin found
Malloc array of size 513245744 bytes
Readin array of size 513245744 bytes
Finished Reading Array Bytes
No reordering Array 32bit
Reading graph elapsed time: 0.202227s

Dataset Footprint: 522 MiB
Dataset Footprint per Board: 4383.05 Mb
Dataset injection time (ms): 0.26752
Max Dataset Footprint: 1026 MiB

Dataset footprint per tile: 522 KiB
Proxys footprint per tile: 0 KiB
Reserved SRAM per tile: 15 KiB

Ideal SRAM per tile: 537 KiB
reserved_words_for_dataset:5767
dataset_words_per_tile:133760
remaining_sram_words:28838
min_dcache_sram_words_required:5861
dataset_words_per_tile:133760
min_pcache_sram_words_required:0
proxys_words_per_tile:0
Dcache footprint ratio: 5
Dataset Cached: 1
DCache: 28448 words, lines: 1778, sets: 1778
Proxys Cached: 0
Pcache: 0 words, sets: 0
Node per tile: 4,096
Edge per tile: 125,305
GRID_X: 32
GRID_SIZE: 1,024
smt_per_tile: 1
noc_freq: 1
pu_freq: 1
RUCHE_X: 0
PROXY_W: 32
DIE_W: 32
DIE_H: 32
DIES: 1
BORDER_TILES_PER_DIE: 128
PACK_W: 32
PACK_H: 32
DIES_PACK_FACTOR: 1
DIES_PER_PACK: 1
PACKAGES: 1
BOARD_W: 32
BOARD_H: 32
BOARDS: 1
MUX_BUS: 1
DCACHE: 1
PCACHE: 0
PROXY_FACTOR: 1
CACHE_WAYS: 1
TORUS: 1
PHY_NOCS: 1
WIDE_NOC_ID: 0
NOC_CONF: 1
noc_width: 32
hbm_channel_bit_width: 512
ld_st_op_byte_width: 4
PROXY_ROUTING: 0
WRITE_THROUGH: 1
ASSERT_MODE: 0
GLOBAL_BARRIER: 0
OQ flits: 36 ; 384 ; 2
IQ flits: 288 ; 3,072 ; 2
OQ messages: 12 ; 192 ; 1
IQ messages: 96 ; 1,536 ; 1
max_task2 size: 64
io_factor_t2: 8
io_factor_t3: 8
io_factor_t3b: 8

Active SRAM Storage per tile: 127 KiB
Total SRAM Storage per tile: 128 KiB
Agreggated SRAM Storage: 128 MiB

Active DRAM Storage per tile: 0.509766 MiB
Total DRAM Storage per tile: 8 MiB
Agreggated DRAM Storage: 8 GiB

Inter-Die #links: 1,024
Inter-Die (Gbits): 32,768
Inter-Die (Gbits/mm): 678.587
Bisection BW of Board (Gbits): 8,192
Border IO #Dies: 4
Border IO Die BW (Gbits): 4,096
Off-Board BW Total (Gbits): 16,384
Off-Board BW Density (Gbits/mm): 223
Die side: 12.07 mm
Die border wire density: 678.59 Gbits/mm
HBM wire density: 339.29 Gbits/mm

Tiles per Die: 1,024 (32x32)
Tile Area: 0.09 mm2, side: 0.30 mm
- Core/Rout Area: 0.05 mm2
- SRAM Area: 0.04 mm2
- SRAM/Logic Ratio: 0.70x

Dies per Package: 1 (1x1)
Die Area: 145.74 mm2, side: 12.07 mm
- Tiles Area: 89.25 mm2
- PHY Area: 47.49 mm2
- MC Area: 9.00 mm2

Packages per Board: 1 (1x1)
Package Area: 335.74 mm2, side: 18.32 mm
- IOdie Area: 80.00 mm2
- Dies Area: 145.74 mm2
- HBM Area: 110.00 mm2

Boards: 1 (1x1)
Board Area: 335.74 mm2
Total Area: 335.74 mm2



ESTIMATED COST OF SILICON AND PACKAGING. ONLY VARIABLE, NO FIXED COSTS
Good dies per wafer 3d: 235
Good dies per wafer 2d: 354
--Dies 3D Cost: 25.73 $
--Dies 2.5D Cost: 17.08 $
--Dies 2D Cost: 17.08 $
--HBM Cost: 60.00 $
--IOdie Cost: 8.44 $
--Packaging Cost 3d: 5.98 $
--Packaging Cost 2.5d: 9.81 $
--Packaging Cost 2d: 3.83 $
SiP Cost 3d: 100.15 $
SiP Cost 2.5d: 95.33 $
SiP Cost 2d: 29.35 $
--Board Cost: 0.34 $
Total SiPs Cost 3d: 100.49 $
Total SiPs Cost 2.5d: 95.66 $
Total SiPs Cost 2d: 29.69 $

Perf counters initialized
Mesh connected
Cache structures initialized
Replicas initialized
Allocated Frontier List
Dataset structures initialized


Starting Simulation
INIT epoch: 1
INIT epoch: 1
INIT epoch: 1
INIT epoch: 1
INIT epoch: 1
INIT epoch: 1
INIT epoch: 1
INIT epoch: 1

===PRINTING FRAME STATS

FCollision In Avg:-nan, SD:-nan, Max:261, Min:1
FCollision Out Avg:-nan, SD:-nan, Max:256, Min:32
FCollision End Avg:-nan, SD:-nan, Max:178, Min:0
FTask1 Avg:-nan, SD:-nan, Max:6, Min:0
FTask2 Avg:-nan, SD:-nan, Max:46, Min:0
FTask3 Avg:-nan, SD:-nan, Max:79, Min:28
FCore Active Avg:-nan, SD:-nan, Max:99, Min:31
FRouter Active Avg:-nan, SD:-nan, Max:77, Min:40
T1 invocations: 26,147
T2 invocations: 78,903
T3 invocations: 4,705,548
T3b invocations: 0
Total3 invocations: 4,705,548
Total4 invocations: 1,036

T3/T2 ratio: 60
T3b/T3 ratio: 0

T1 avg ex cycles: 62
T2 avg ex cycles: 164
T3&b avg ex cycles: 9
T4 avg ex cycles: 387
Avg. hops NOC1: 4
Avg. latency NOC1 (T2): 37,163
Avg. hops NOC2: 18
Avg. latency NOC2 (T3): 3,030

===PRINTING ACUM STATS at pu_cycles: 100,415

ACollision In Avg:-nan, SD:-nan, Max:261, Min:1
ACollision Out Avg:-nan, SD:-nan, Max:256, Min:32
ACollision End Avg:-nan, SD:-nan, Max:178, Min:0
ATask1 Avg:-nan, SD:-nan, Max:6, Min:0
ATask2 Avg:-nan, SD:-nan, Max:46, Min:0
ATask3 Avg:-nan, SD:-nan, Max:79, Min:28
ACore Active Avg:-nan, SD:-nan, Max:99, Min:31
ARouter Active Avg:-nan, SD:-nan, Max:77, Min:40
T1 invocations: 26,199
T2 invocations: 79,079
T3 invocations: 4,714,854
T3b invocations: 0
Total3 invocations: 4,714,854
Total4 invocations: 1,038

T3/T2 ratio: 60
T3b/T3 ratio: 0

T1 avg ex cycles: 62
T2 avg ex cycles: 164
T3&b avg ex cycles: 9
T4 avg ex cycles: 387
Avg. hops NOC1: 4
Avg. latency NOC1 (T2): 37,186
Avg. hops NOC2: 18
Avg. latency NOC2 (T3): 3,029
Number of K Nodes Processed: 1,039
Number of K Edges Processed: 4,947
Node Re-explore factor: 0.25
Edge Re-explore factor: 0.04
Nodes/cy: 10
Edges/cy: 49
TEPS: 1,278

---DCache---
DCache Size: 28,448
DRAM words: 133,760
  DHits: 9,792,266
  DMisses: 641,367
  DHit Rate (hit/miss): 94%
  DEvictions: 118,213
  DEviction Rate (evict/misses): 18%
  MC Transactions: 710,073
  MC Writes: 65,983
Avg. Transactions: 88% , Writes: 8%, Avg. Latency: 32
Max MC id: 7 of 8. Transactions: 100% , Writes: 11%, MC mean Latency: 37
HBM refresh energy (nJ): 0
HBM access energy (nJ): 1,345,162
MemC wire energy 2.5d (nJ): 428,664
MemC wire energy 3d (nJ): 107,166

---Energy---
Leakage Energy (nJ): 9,361
PU Dyn E (nJ): 323,915
Mem Dyn E (nJ): 2,483,923
Route Dyn E (nJ): 337,768
Dynamic Energy (nJ): 3,145,607
Ratio of Dyn/Leak: 336
Total Energy (nJ): 3,154,968
Total Energy (nJ) 3D: 3,012,239
Cores Energy (nJ): 324,194
Route Energy (nJ): 338,689
Route Energy (nJ) 3D: 517,458
Mem Energy   (nJ): 2,492,085
Mem Energy   (nJ) 3D: 2,170,587
Avg. Power (mW): 31,419.29
Power Density (mW/mm2): 93.58

---Runtime---
Runtime in K cycles: 100.42
Microseconds: 100.42
Time per iteration (ms): 0.10

---Throughput---
GOP/s (aka OPS/ns): 325.19
GOP/s per core: 0.32
FLOP/s: 95.70
FLOP/s per core: 0.09
Max Peak FLOP/s: 1,024.00
Avg. BW GB/s: 1,904.39
Max BW GB/s: 4,096.00

---Traffic---
In-Die bisection_bytes BW (GB/s): 512.00
Inter-board traffic (msg/ns): 0.00, per-link: 0.00
Inter-pack traffic (msg/ns): 0.00, per-link: 0.00
Inter-die traffic (msg/ns): 0.00, per-link: 0.00
Ruche traffic (msg/ns): 0.00, per-link: 0.00
All traffic (msg/ns): 1,892.56, per-link: 1.85
Inter-die reduction wrt all: inf
Inter-board reduction wrt inter-die: -nan

---Data Movement---
All traffic (msg): 190,041,145
Arith. Intensity FLOP/Loads: 0.41
Arith. Intensity FLOP/Msgs: 0.05
Arith. Intensity OPS/Loads: 1.38
Arith. Intensity OPS/Msgs: 0.17



===Core Utilization Total=== CORE-S:1;; TIME K cy:100 ;; Nodes Proc: 131,990 -- Edges Proc: 679,969

===PRINTING FRAME STATS

FCollision In Avg:113, SD:34, Max:259, Min:7
FCollision Out Avg:127, SD:47, Max:269, Min:24
FCollision End Avg:44, SD:42, Max:200, Min:0
FTask1 Avg:2, SD:2, Max:9, Min:0
FTask2 Avg:22, SD:16, Max:66, Min:0
FTask3 Avg:38, SD:7, Max:79, Min:23
FCore Active Avg:62, SD:17, Max:100, Min:27
FRouter Active Avg:83, SD:5, Max:92, Min:46
T1 invocations: 38,920
T2 invocations: 143,950
T3 invocations: 8,747,255
T3b invocations: 0
Total3 invocations: 8,747,255
Total4 invocations: 238

T3/T2 ratio: 61
T3b/T3 ratio: 0

T1 avg ex cycles: 47
T2 avg ex cycles: 156
T3&b avg ex cycles: 4
T4 avg ex cycles: 568
Avg. hops NOC1: 2
Avg. latency NOC1 (T2): 47,140
Avg. hops NOC2: 17
Avg. latency NOC2 (T3): 2,524

===PRINTING ACUM STATS at pu_cycles: 200,529

ACollision In Avg:105, SD:29, Max:233, Min:5
ACollision Out Avg:130, SD:39, Max:262, Min:36
ACollision End Avg:42, SD:35, Max:188, Min:0
ATask1 Avg:2, SD:1, Max:7, Min:0
ATask2 Avg:17, SD:11, Max:48, Min:0
ATask3 Avg:40, SD:7, Max:79, Min:27
ACore Active Avg:59, SD:13, Max:98, Min:32
ARouter Active Avg:69, SD:5, Max:80, Min:48
T1 invocations: 64,695
T2 invocations: 221,820
T3 invocations: 13,405,901
T3b invocations: 0
Total3 invocations: 13,405,901
Total4 invocations: 1,259

T3/T2 ratio: 60
T3b/T3 ratio: 0

T1 avg ex cycles: 53
T2 avg ex cycles: 159
T3&b avg ex cycles: 6
T4 avg ex cycles: 421
Avg. hops NOC1: 3
Avg. latency NOC1 (T2): 43,690
Avg. hops NOC2: 17
Avg. latency NOC2 (T3): 2,686
Number of K Nodes Processed: 1,774
Number of K Edges Processed: 13,793
Node Re-explore factor: 0.42
Edge Re-explore factor: 0.11
Nodes/cy: 9
Edges/cy: 69
TEPS: 640

---DCache---
DCache Size: 28,448
DRAM words: 133,760
  DHits: 26,207,386
  DMisses: 1,330,435
  DHit Rate (hit/miss): 95%
  DEvictions: 438,879
  DEviction Rate (evict/misses): 33%
  MC Transactions: 1,523,973
  MC Writes: 187,114
Avg. Transactions: 95% , Writes: 12%, Avg. Latency: 26
Max MC id: 7 of 8. Transactions: 100% , Writes: 13%, MC mean Latency: 33
HBM refresh energy (nJ): 0
HBM access energy (nJ): 2,887,014
MemC wire energy 2.5d (nJ): 920,007
MemC wire energy 3d (nJ): 230,002

---Energy---
Leakage Energy (nJ): 18,694
PU Dyn E (nJ): 844,916
Mem Dyn E (nJ): 5,661,864
Route Dyn E (nJ): 937,969
Dynamic Energy (nJ): 7,444,750
Ratio of Dyn/Leak: 398
Total Energy (nJ): 7,463,444
Total Energy (nJ) 3D: 7,269,874
Cores Energy (nJ): 845,475
Route Energy (nJ): 939,807
Route Energy (nJ) 3D: 1,436,243
Mem Energy   (nJ): 5,678,163
Mem Energy   (nJ) 3D: 4,988,158
Avg. Power (mW): 37,218.78
Power Density (mW/mm2): 110.86

---Runtime---
Runtime in K cycles: 200.53
Microseconds: 200.53
Time per iteration (ms): 0.20

---Throughput---
GOP/s (aka OPS/ns): 386.64
GOP/s per core: 0.38
FLOP/s: 134.53
FLOP/s per core: 0.13
Max Peak FLOP/s: 1,024.00
Avg. BW GB/s: 2,486.48
Max BW GB/s: 4,096.00

---Traffic---
In-Die bisection_bytes BW (GB/s): 512.00
Inter-board traffic (msg/ns): 0.00, per-link: 0.00
Inter-pack traffic (msg/ns): 0.00, per-link: 0.00
Inter-die traffic (msg/ns): 0.00, per-link: 0.00
Ruche traffic (msg/ns): 0.00, per-link: 0.00
All traffic (msg/ns): 2,561.17, per-link: 2.50
Inter-die reduction wrt all: inf
Inter-board reduction wrt inter-die: -nan

---Data Movement---
All traffic (msg): 513,589,103
Arith. Intensity FLOP/Loads: 0.44
Arith. Intensity FLOP/Msgs: 0.05
Arith. Intensity OPS/Loads: 1.25
Arith. Intensity OPS/Msgs: 0.15



===Core Utilization Total=== CORE-S:2;; TIME K cy:200 ;; Nodes Proc: 222,590 -- Edges Proc: 1,800,611

===PRINTING FRAME STATS

FCollision In Avg:116, SD:34, Max:260, Min:7
FCollision Out Avg:129, SD:46, Max:282, Min:25
FCollision End Avg:42, SD:40, Max:200, Min:0
FTask1 Avg:2, SD:2, Max:10, Min:0
FTask2 Avg:23, SD:16, Max:67, Min:0
FTask3 Avg:35, SD:7, Max:78, Min:20
FCore Active Avg:60, SD:18, Max:100, Min:20
FRouter Active Avg:83, SD:4, Max:92, Min:69
T1 invocations: 47,390
T2 invocations: 152,714
T3 invocations: 8,971,485
T3b invocations: 0
Total3 invocations: 8,971,485
Total4 invocations: 318

T3/T2 ratio: 59
T3b/T3 ratio: 0

T1 avg ex cycles: 45
T2 avg ex cycles: 154
T3&b avg ex cycles: 4
T4 avg ex cycles: 580
Avg. hops NOC1: 2
Avg. latency NOC1 (T2): 42,975
Avg. hops NOC2: 17
Avg. latency NOC2 (T3): 2,520

===PRINTING ACUM STATS at pu_cycles: 300,705

ACollision In Avg:109, SD:27, Max:242, Min:8
ACollision Out Avg:130, SD:38, Max:268, Min:39
ACollision End Avg:42, SD:33, Max:192, Min:0
ATask1 Avg:2, SD:1, Max:7, Min:0
ATask2 Avg:19, SD:11, Max:49, Min:0
ATask3 Avg:38, SD:6, Max:63, Min:27
ACore Active Avg:59, SD:13, Max:93, Min:29
ARouter Active Avg:74, SD:3, Max:82, Min:63
T1 invocations: 112,207
T2 invocations: 376,276
T3 invocations: 22,454,689
T3b invocations: 0
Total3 invocations: 22,454,689
Total4 invocations: 1,580

T3/T2 ratio: 60
T3b/T3 ratio: 0

T1 avg ex cycles: 50
T2 avg ex cycles: 157
T3&b avg ex cycles: 5
T4 avg ex cycles: 453
Avg. hops NOC1: 3
Avg. latency NOC1 (T2): 43,443
Avg. hops NOC2: 17
Avg. latency NOC2 (T3): 2,634
Number of K Nodes Processed: 2,182
Number of K Edges Processed: 22,760
Node Re-explore factor: 0.52
Edge Re-explore factor: 0.18
Nodes/cy: 7
Edges/cy: 76
TEPS: 427

---DCache---
DCache Size: 28,448
DRAM words: 133,760
  DHits: 42,549,031
  DMisses: 2,020,864
  DHit Rate (hit/miss): 95%
  DEvictions: 863,411
  DEviction Rate (evict/misses): 43%
  MC Transactions: 2,338,646
  MC Writes: 307,452
Avg. Transactions: 97% , Writes: 13%, Avg. Latency: 24
Max MC id: 5 of 8. Transactions: 100% , Writes: 13%, MC mean Latency: 25
HBM refresh energy (nJ): 0
HBM access energy (nJ): 4,430,330
MemC wire energy 2.5d (nJ): 1,411,817
MemC wire energy 3d (nJ): 352,954

---Energy---
Leakage Energy (nJ): 28,033
PU Dyn E (nJ): 1,373,133
Mem Dyn E (nJ): 8,847,408
Route Dyn E (nJ): 1,554,513
Dynamic Energy (nJ): 11,775,054
Ratio of Dyn/Leak: 420
Total Energy (nJ): 11,803,087
Total Energy (nJ) 3D: 11,566,976
Cores Energy (nJ): 1,373,970
Route Energy (nJ): 1,557,269
Route Energy (nJ) 3D: 2,380,019
Mem Energy   (nJ): 8,871,849
Mem Energy   (nJ) 3D: 7,812,987
Avg. Power (mW): 39,251.38
Power Density (mW/mm2): 116.91

---Runtime---
Runtime in K cycles: 300.70
Microseconds: 300.70
Time per iteration (ms): 0.30

---Throughput---
GOP/s (aka OPS/ns): 402.83
GOP/s per core: 0.39
FLOP/s: 149.84
FLOP/s per core: 0.15
Max Peak FLOP/s: 1,024.00
Avg. BW GB/s: 2,687.29
Max BW GB/s: 4,096.00

---Traffic---
In-Die bisection_bytes BW (GB/s): 512.00
Inter-board traffic (msg/ns): 0.00, per-link: 0.00
Inter-pack traffic (msg/ns): 0.00, per-link: 0.00
Inter-die traffic (msg/ns): 0.00, per-link: 0.00
Ruche traffic (msg/ns): 0.00, per-link: 0.00
All traffic (msg/ns): 2,811.75, per-link: 2.75
Inter-die reduction wrt all: inf
Inter-board reduction wrt inter-die: -nan

---Data Movement---
All traffic (msg): 845,506,678
Arith. Intensity FLOP/Loads: 0.45
Arith. Intensity FLOP/Msgs: 0.05
Arith. Intensity OPS/Loads: 1.21
Arith. Intensity OPS/Msgs: 0.14



===Core Utilization Total=== CORE-S:3;; TIME K cy:300 ;; Nodes Proc: 273,445 -- Edges Proc: 2,925,012

===PRINTING FRAME STATS

FCollision In Avg:114, SD:33, Max:278, Min:9
FCollision Out Avg:123, SD:47, Max:273, Min:21
FCollision End Avg:38, SD:39, Max:200, Min:0
FTask1 Avg:2, SD:2, Max:14, Min:0
FTask2 Avg:23, SD:16, Max:68, Min:0
FTask3 Avg:33, SD:7, Max:90, Min:19
FCore Active Avg:59, SD:19, Max:100, Min:20
FRouter Active Avg:83, SD:3, Max:91, Min:74
T1 invocations: 57,686
T2 invocations: 163,327
T3 invocations: 8,929,695
T3b invocations: 0
Total3 invocations: 8,929,695
Total4 invocations: 552

T3/T2 ratio: 55
T3b/T3 ratio: 0

T1 avg ex cycles: 42
T2 avg ex cycles: 146
T3&b avg ex cycles: 4
T4 avg ex cycles: 577
Avg. hops NOC1: 2
Avg. latency NOC1 (T2): 39,179
Avg. hops NOC2: 17
Avg. latency NOC2 (T3): 2,508

===PRINTING ACUM STATS at pu_cycles: 400,656

ACollision In Avg:110, SD:25, Max:250, Min:12
ACollision Out Avg:128, SD:36, Max:269, Min:36
ACollision End Avg:41, SD:31, Max:192, Min:0
ATask1 Avg:2, SD:1, Max:8, Min:0
ATask2 Avg:20, SD:11, Max:51, Min:0
ATask3 Avg:37, SD:5, Max:65, Min:26
ACore Active Avg:59, SD:12, Max:95, Min:27
ARouter Active Avg:76, SD:2, Max:82, Min:68
T1 invocations: 168,605
T2 invocations: 535,824
T3 invocations: 31,160,950
T3b invocations: 0
Total3 invocations: 31,160,950
Total4 invocations: 2,125

T3/T2 ratio: 58
T3b/T3 ratio: 0

T1 avg ex cycles: 47
T2 avg ex cycles: 154
T3&b avg ex cycles: 5
T4 avg ex cycles: 485
Avg. hops NOC1: 3
Avg. latency NOC1 (T2): 42,113
Avg. hops NOC2: 17
Avg. latency NOC2 (T3): 2,597
Number of K Nodes Processed: 2,447
Number of K Edges Processed: 31,698
Node Re-explore factor: 0.58
Edge Re-explore factor: 0.25
Nodes/cy: 6
Edges/cy: 79
TEPS: 320

---DCache---
DCache Size: 28,448
DRAM words: 133,760
  DHits: 58,746,879
  DMisses: 2,701,115
  DHit Rate (hit/miss): 96%
  DEvictions: 1,366,229
  DEviction Rate (evict/misses): 51%
  MC Transactions: 3,135,653
  MC Writes: 420,486
Avg. Transactions: 98% , Writes: 13%, Avg. Latency: 24
Max MC id: 5 of 8. Transactions: 100% , Writes: 14%, MC mean Latency: 30
HBM refresh energy (nJ): 1
HBM access energy (nJ): 5,940,181
MemC wire energy 2.5d (nJ): 1,892,962
MemC wire energy 3d (nJ): 473,240

---Energy---
Leakage Energy (nJ): 37,351
PU Dyn E (nJ): 1,876,876
Mem Dyn E (nJ): 11,937,902
Route Dyn E (nJ): 2,159,442
Dynamic Energy (nJ): 15,974,220
Ratio of Dyn/Leak: 428
Total Energy (nJ): 16,011,571
Total Energy (nJ) 3D: 15,734,769
Cores Energy (nJ): 1,877,992
Route Energy (nJ): 2,163,113
Route Energy (nJ) 3D: 3,306,033
Mem Energy   (nJ): 11,970,467
Mem Energy   (nJ) 3D: 10,550,746
Avg. Power (mW): 39,963.39
Power Density (mW/mm2): 119.03

---Runtime---
Runtime in K cycles: 400.66
Microseconds: 400.66
Time per iteration (ms): 0.40

---Throughput---
GOP/s (aka OPS/ns): 404.62
GOP/s per core: 0.40
FLOP/s: 155.88
FLOP/s per core: 0.15
Max Peak FLOP/s: 1,024.00
Avg. BW GB/s: 2,749.78
Max BW GB/s: 4,096.00

---Traffic---
In-Die bisection_bytes BW (GB/s): 512.00
Inter-board traffic (msg/ns): 0.00, per-link: 0.00
Inter-pack traffic (msg/ns): 0.00, per-link: 0.00
Inter-die traffic (msg/ns): 0.00, per-link: 0.00
Ruche traffic (msg/ns): 0.00, per-link: 0.00
All traffic (msg/ns): 2,922.14, per-link: 2.85
Inter-die reduction wrt all: inf
Inter-board reduction wrt inter-die: -nan

---Data Movement---
All traffic (msg): 1,170,774,903
Arith. Intensity FLOP/Loads: 0.46
Arith. Intensity FLOP/Msgs: 0.05
Arith. Intensity OPS/Loads: 1.18
Arith. Intensity OPS/Msgs: 0.14



===Core Utilization Total=== CORE-S:4;; TIME K cy:400 ;; Nodes Proc: 306,444 -- Edges Proc: 4,080,886

===PRINTING FRAME STATS

FCollision In Avg:109, SD:30, Max:292, Min:7
FCollision Out Avg:116, SD:44, Max:276, Min:28
FCollision End Avg:36, SD:37, Max:200, Min:0
FTask1 Avg:3, SD:3, Max:19, Min:0
FTask2 Avg:25, SD:16, Max:69, Min:0
FTask3 Avg:33, SD:7, Max:77, Min:19
FCore Active Avg:61, SD:19, Max:100, Min:19
FRouter Active Avg:84, SD:3, Max:91, Min:74
T1 invocations: 74,692
T2 invocations: 181,425
T3 invocations: 9,125,292
T3b invocations: 0
Total3 invocations: 9,125,292
Total4 invocations: 821

T3/T2 ratio: 50
T3b/T3 ratio: 0

T1 avg ex cycles: 41
T2 avg ex cycles: 139
T3&b avg ex cycles: 4
T4 avg ex cycles: 577
Avg. hops NOC1: 2
Avg. latency NOC1 (T2): 34,560
Avg. hops NOC2: 17
Avg. latency NOC2 (T3): 2,678

===PRINTING ACUM STATS at pu_cycles: 500,541

ACollision In Avg:110, SD:23, Max:235, Min:11
ACollision Out Avg:125, SD:34, Max:271, Min:37
ACollision End Avg:40, SD:28, Max:193, Min:0
ATask1 Avg:2, SD:1, Max:9, Min:0
ATask2 Avg:21, SD:10, Max:48, Min:0
ATask3 Avg:36, SD:5, Max:67, Min:25
ACore Active Avg:60, SD:12, Max:93, Min:27
ARouter Active Avg:78, SD:2, Max:82, Min:73
T1 invocations: 244,821
T2 invocations: 722,700
T3 invocations: 40,536,201
T3b invocations: 0
Total3 invocations: 40,536,201
Total4 invocations: 2,962

T3/T2 ratio: 56
T3b/T3 ratio: 0

T1 avg ex cycles: 45
T2 avg ex cycles: 150
T3&b avg ex cycles: 5
T4 avg ex cycles: 511
Avg. hops NOC1: 2
Avg. latency NOC1 (T2): 40,173
Avg. hops NOC2: 17
Avg. latency NOC2 (T3): 2,628
Number of K Nodes Processed: 2,646
Number of K Edges Processed: 40,837
Node Re-explore factor: 0.63
Edge Re-explore factor: 0.32
Nodes/cy: 5
Edges/cy: 82
TEPS: 256

---DCache---
DCache Size: 28,448
DRAM words: 133,760
  DHits: 75,305,140
  DMisses: 3,395,107
  DHit Rate (hit/miss): 96%
  DEvictions: 1,926,312
  DEviction Rate (evict/misses): 57%
  MC Transactions: 3,947,330
  MC Writes: 534,616
Avg. Transactions: 99% , Writes: 13%, Avg. Latency: 24
Max MC id: 5 of 8. Transactions: 100% , Writes: 14%, MC mean Latency: 33
HBM refresh energy (nJ): 1
HBM access energy (nJ): 7,477,821
MemC wire energy 2.5d (nJ): 2,382,963
MemC wire energy 3d (nJ): 595,741

---Energy---
Leakage Energy (nJ): 46,663
PU Dyn E (nJ): 2,421,488
Mem Dyn E (nJ): 15,138,629
Route Dyn E (nJ): 2,809,582
Dynamic Energy (nJ): 20,369,699
Ratio of Dyn/Leak: 437
Total Energy (nJ): 20,416,362
Total Energy (nJ) 3D: 20,116,155
Cores Energy (nJ): 2,422,881
Route Energy (nJ): 2,814,168
Route Energy (nJ) 3D: 4,301,184
Mem Energy   (nJ): 15,179,313
Mem Energy   (nJ) 3D: 13,392,090
Avg. Power (mW): 40,788.59
Power Density (mW/mm2): 121.49

---Runtime---
Runtime in K cycles: 500.54
Microseconds: 500.54
Time per iteration (ms): 0.50

---Throughput---
GOP/s (aka OPS/ns): 412.17
GOP/s per core: 0.40
FLOP/s: 162.40
FLOP/s per core: 0.16
Max Peak FLOP/s: 1,024.00
Avg. BW GB/s: 2,832.30
Max BW GB/s: 4,096.00

---Traffic---
In-Die bisection_bytes BW (GB/s): 512.00
Inter-board traffic (msg/ns): 0.00, per-link: 0.00
Inter-pack traffic (msg/ns): 0.00, per-link: 0.00
Inter-die traffic (msg/ns): 0.00, per-link: 0.00
Ruche traffic (msg/ns): 0.00, per-link: 0.00
All traffic (msg/ns): 3,034.62, per-link: 2.96
Inter-die reduction wrt all: inf
Inter-board reduction wrt inter-die: -nan

---Data Movement---
All traffic (msg): 1,518,953,912
Arith. Intensity FLOP/Loads: 0.46
Arith. Intensity FLOP/Msgs: 0.05
Arith. Intensity OPS/Loads: 1.17
Arith. Intensity OPS/Msgs: 0.14



===Core Utilization Total=== CORE-S:5;; TIME K cy:500 ;; Nodes Proc: 330,982 -- Edges Proc: 5,202,740

===PRINTING FRAME STATS

FCollision In Avg:105, SD:28, Max:232, Min:6
FCollision Out Avg:111, SD:43, Max:261, Min:23
FCollision End Avg:32, SD:36, Max:189, Min:0
FTask1 Avg:4, SD:3, Max:19, Min:0
FTask2 Avg:24, SD:15, Max:71, Min:0
FTask3 Avg:33, SD:7, Max:74, Min:19
FCore Active Avg:62, SD:18, Max:100, Min:19
FRouter Active Avg:84, SD:3, Max:90, Min:76
T1 invocations: 97,813
T2 invocations: 203,298
T3 invocations: 9,330,741
T3b invocations: 0
Total3 invocations: 9,330,741
Total4 invocations: 1,229

T3/T2 ratio: 46
T3b/T3 ratio: 0

T1 avg ex cycles: 38
T2 avg ex cycles: 123
T3&b avg ex cycles: 4
T4 avg ex cycles: 571
Avg. hops NOC1: 2
Avg. latency NOC1 (T2): 28,995
Avg. hops NOC2: 17
Avg. latency NOC2 (T3): 2,558

===PRINTING ACUM STATS at pu_cycles: 600,716

ACollision In Avg:109, SD:21, Max:207, Min:29
ACollision Out Avg:123, SD:32, Max:269, Min:42
ACollision End Avg:39, SD:26, Max:193, Min:0
ATask1 Avg:2, SD:2, Max:9, Min:0
ATask2 Avg:22, SD:9, Max:45, Min:0
ATask3 Avg:36, SD:5, Max:68, Min:24
ACore Active Avg:60, SD:12, Max:93, Min:26
ARouter Active Avg:79, SD:2, Max:83, Min:74
T1 invocations: 341,938
T2 invocations: 923,599
T3 invocations: 49,794,953
T3b invocations: 0
Total3 invocations: 49,794,953
Total4 invocations: 4,190

T3/T2 ratio: 54
T3b/T3 ratio: 0

T1 avg ex cycles: 43
T2 avg ex cycles: 144
T3&b avg ex cycles: 4
T4 avg ex cycles: 528
Avg. hops NOC1: 2
Avg. latency NOC1 (T2): 37,730
Avg. hops NOC2: 17
Avg. latency NOC2 (T3): 2,611
Number of K Nodes Processed: 2,804
Number of K Edges Processed: 50,154
Node Re-explore factor: 0.67
Edge Re-explore factor: 0.39
Nodes/cy: 5
Edges/cy: 83
TEPS: 214

---DCache---
DCache Size: 28,448
DRAM words: 133,760
  DHits: 92,126,402
  DMisses: 4,093,709
  DHit Rate (hit/miss): 96%
  DEvictions: 2,525,502
  DEviction Rate (evict/misses): 62%
  MC Transactions: 4,754,589
  MC Writes: 639,231
Avg. Transactions: 99% , Writes: 13%, Avg. Latency: 24
Max MC id: 3 of 8. Transactions: 100% , Writes: 14%, MC mean Latency: 27
HBM refresh energy (nJ): 1
HBM access energy (nJ): 9,007,093
MemC wire energy 2.5d (nJ): 2,870,297
MemC wire energy 3d (nJ): 717,574

---Energy---
Leakage Energy (nJ): 56,002
PU Dyn E (nJ): 2,957,795
Mem Dyn E (nJ): 18,311,405
Route Dyn E (nJ): 3,447,502
Dynamic Energy (nJ): 24,716,702
Ratio of Dyn/Leak: 441
Total Energy (nJ): 24,772,704
Total Energy (nJ) 3D: 24,444,626
Cores Energy (nJ): 2,959,467
Route Energy (nJ): 3,453,006
Route Energy (nJ) 3D: 5,277,651
Mem Energy   (nJ): 18,360,231
Mem Energy   (nJ) 3D: 16,207,509
Avg. Power (mW): 41,238.63
Power Density (mW/mm2): 122.83

---Runtime---
Runtime in K cycles: 600.72
Microseconds: 600.72
Time per iteration (ms): 0.60

---Throughput---
GOP/s (aka OPS/ns): 416.53
GOP/s per core: 0.41
FLOP/s: 166.03
FLOP/s per core: 0.16
Max Peak FLOP/s: 1,024.00
Avg. BW GB/s: 2,875.43
Max BW GB/s: 4,096.00

---Traffic---
In-Die bisection_bytes BW (GB/s): 512.00
Inter-board traffic (msg/ns): 0.00, per-link: 0.00
Inter-pack traffic (msg/ns): 0.00, per-link: 0.00
Inter-die traffic (msg/ns): 0.00, per-link: 0.00
Ruche traffic (msg/ns): 0.00, per-link: 0.00
All traffic (msg/ns): 3,098.17, per-link: 3.03
Inter-die reduction wrt all: inf
Inter-board reduction wrt inter-die: -nan

---Data Movement---
All traffic (msg): 1,861,118,471
Arith. Intensity FLOP/Loads: 0.46
Arith. Intensity FLOP/Msgs: 0.05
Arith. Intensity OPS/Loads: 1.16
Arith. Intensity OPS/Msgs: 0.13



===Core Utilization Total=== CORE-S:6;; TIME K cy:600 ;; Nodes Proc: 350,681 -- Edges Proc: 6,314,347

===PRINTING FRAME STATS

FCollision In Avg:101, SD:27, Max:259, Min:8
FCollision Out Avg:105, SD:41, Max:225, Min:22
FCollision End Avg:29, SD:34, Max:156, Min:0
FTask1 Avg:4, SD:4, Max:30, Min:0
FTask2 Avg:26, SD:16, Max:66, Min:0
FTask3 Avg:33, SD:7, Max:64, Min:19
FCore Active Avg:63, SD:19, Max:100, Min:21
FRouter Active Avg:84, SD:2, Max:90, Min:75
T1 invocations: 116,480
T2 invocations: 218,485
T3 invocations: 9,169,291
T3b invocations: 0
Total3 invocations: 9,169,291
Total4 invocations: 1,586

T3/T2 ratio: 42
T3b/T3 ratio: 0

T1 avg ex cycles: 36
T2 avg ex cycles: 120
T3&b avg ex cycles: 4
T4 avg ex cycles: 563
Avg. hops NOC1: 2
Avg. latency NOC1 (T2): 24,505
Avg. hops NOC2: 17
Avg. latency NOC2 (T3): 2,793

===PRINTING ACUM STATS at pu_cycles: 700,786

ACollision In Avg:108, SD:19, Max:197, Min:47
ACollision Out Avg:120, SD:30, Max:253, Min:43
ACollision End Avg:37, SD:23, Max:178, Min:0
ATask1 Avg:3, SD:2, Max:11, Min:0
ATask2 Avg:22, SD:9, Max:45, Min:0
ATask3 Avg:35, SD:5, Max:67, Min:23
ACore Active Avg:61, SD:12, Max:94, Min:27
ARouter Active Avg:80, SD:1, Max:84, Min:75
T1 invocations: 457,795
T2 invocations: 1,141,732
T3 invocations: 58,826,949
T3b invocations: 0
Total3 invocations: 58,826,949
Total4 invocations: 5,784

T3/T2 ratio: 52
T3b/T3 ratio: 0

T1 avg ex cycles: 41
T2 avg ex cycles: 139
T3&b avg ex cycles: 4
T4 avg ex cycles: 538
Avg. hops NOC1: 2
Avg. latency NOC1 (T2): 35,172
Avg. hops NOC2: 17
Avg. latency NOC2 (T3): 2,645
Number of K Nodes Processed: 2,930
Number of K Edges Processed: 59,429
Node Re-explore factor: 0.70
Edge Re-explore factor: 0.46
Nodes/cy: 4
Edges/cy: 85
TEPS: 183

---DCache---
DCache Size: 28,448
DRAM words: 133,760
  DHits: 108,922,086
  DMisses: 4,783,971
  DHit Rate (hit/miss): 96%
  DEvictions: 3,144,578
  DEviction Rate (evict/misses): 66%
  MC Transactions: 5,552,256
  MC Writes: 742,998
Avg. Transactions: 99% , Writes: 13%, Avg. Latency: 24
Max MC id: 7 of 8. Transactions: 100% , Writes: 14%, MC mean Latency: 28
HBM refresh energy (nJ): 2
HBM access energy (nJ): 10,518,193
MemC wire energy 2.5d (nJ): 3,351,840
MemC wire energy 3d (nJ): 837,960

---Energy---
Leakage Energy (nJ): 65,331
PU Dyn E (nJ): 3,488,420
Mem Dyn E (nJ): 21,444,573
Route Dyn E (nJ): 4,080,736
Dynamic Energy (nJ): 29,013,730
Ratio of Dyn/Leak: 444
Total Energy (nJ): 29,079,061
Total Energy (nJ) 3D: 28,724,976
Cores Energy (nJ): 3,490,371
Route Energy (nJ): 4,087,158
Route Energy (nJ) 3D: 6,246,952
Mem Energy   (nJ): 21,501,533
Mem Energy   (nJ) 3D: 18,987,653
Avg. Power (mW): 41,494.92
Power Density (mW/mm2): 123.59

---Runtime---
Runtime in K cycles: 700.79
Microseconds: 700.79
Time per iteration (ms): 0.70

---Throughput---
GOP/s (aka OPS/ns): 419.38
GOP/s per core: 0.41
FLOP/s: 168.29
FLOP/s per core: 0.16
Max Peak FLOP/s: 1,024.00
Avg. BW GB/s: 2,899.55
Max BW GB/s: 4,096.00

---Traffic---
In-Die bisection_bytes BW (GB/s): 512.00
Inter-board traffic (msg/ns): 0.00, per-link: 0.00
Inter-pack traffic (msg/ns): 0.00, per-link: 0.00
Inter-die traffic (msg/ns): 0.00, per-link: 0.00
Ruche traffic (msg/ns): 0.00, per-link: 0.00
All traffic (msg/ns): 3,139.89, per-link: 3.07
Inter-die reduction wrt all: inf
Inter-board reduction wrt inter-die: -nan

---Data Movement---
All traffic (msg): 2,200,387,654
Arith. Intensity FLOP/Loads: 0.47
Arith. Intensity FLOP/Msgs: 0.05
Arith. Intensity OPS/Loads: 1.16
Arith. Intensity OPS/Msgs: 0.13



===Core Utilization Total=== CORE-S:7;; TIME K cy:700 ;; Nodes Proc: 366,410 -- Edges Proc: 7,476,581

===PRINTING FRAME STATS

FCollision In Avg:99, SD:26, Max:249, Min:8
FCollision Out Avg:102, SD:41, Max:251, Min:24
FCollision End Avg:27, SD:33, Max:170, Min:0
FTask1 Avg:5, SD:4, Max:21, Min:0
FTask2 Avg:25, SD:16, Max:69, Min:0
FTask3 Avg:33, SD:8, Max:70, Min:19
FCore Active Avg:64, SD:19, Max:100, Min:21
FRouter Active Avg:83, SD:2, Max:89, Min:76
T1 invocations: 138,270
T2 invocations: 236,207
T3 invocations: 9,289,285
T3b invocations: 0
Total3 invocations: 9,289,285
Total4 invocations: 1,941

T3/T2 ratio: 39
T3b/T3 ratio: 0

T1 avg ex cycles: 35
T2 avg ex cycles: 110
T3&b avg ex cycles: 4
T4 avg ex cycles: 566
Avg. hops NOC1: 2
Avg. latency NOC1 (T2): 21,209
Avg. hops NOC2: 17
Avg. latency NOC2 (T3): 2,879

===PRINTING ACUM STATS at pu_cycles: 800,726

ACollision In Avg:107, SD:18, Max:196, Min:51
ACollision Out Avg:118, SD:29, Max:240, Min:43
ACollision End Avg:36, SD:22, Max:166, Min:0
ATask1 Avg:3, SD:2, Max:10, Min:0
ATask2 Avg:23, SD:9, Max:45, Min:0
ATask3 Avg:35, SD:5, Max:66, Min:23
ACore Active Avg:61, SD:12, Max:95, Min:27
ARouter Active Avg:80, SD:1, Max:84, Min:76
T1 invocations: 591,834
T2 invocations: 1,373,445
T3 invocations: 67,875,723
T3b invocations: 0
Total3 invocations: 67,875,723
Total4 invocations: 7,675

T3/T2 ratio: 49
T3b/T3 ratio: 0

T1 avg ex cycles: 40
T2 avg ex cycles: 134
T3&b avg ex cycles: 4
T4 avg ex cycles: 545
Avg. hops NOC1: 2
Avg. latency NOC1 (T2): 32,829
Avg. hops NOC2: 17
Avg. latency NOC2 (T3): 2,679
Number of K Nodes Processed: 3,033
Number of K Edges Processed: 68,692
Node Re-explore factor: 0.72
Edge Re-explore factor: 0.54
Nodes/cy: 4
Edges/cy: 86
TEPS: 160

---DCache---
DCache Size: 28,448
DRAM words: 133,760
  DHits: 125,737,478
  DMisses: 5,487,308
  DHit Rate (hit/miss): 96%
  DEvictions: 3,796,743
  DEviction Rate (evict/misses): 69%
  MC Transactions: 6,365,699
  MC Writes: 849,057
Avg. Transactions: 99% , Writes: 13%, Avg. Latency: 24
Max MC id: 5 of 8. Transactions: 100% , Writes: 14%, MC mean Latency: 37
HBM refresh energy (nJ): 2
HBM access energy (nJ): 12,059,180
MemC wire energy 2.5d (nJ): 3,842,908
MemC wire energy 3d (nJ): 960,727

---Energy---
Leakage Energy (nJ): 74,648
PU Dyn E (nJ): 4,016,938
Mem Dyn E (nJ): 24,610,293
Route Dyn E (nJ): 4,700,998
Dynamic Energy (nJ): 33,328,229
Ratio of Dyn/Leak: 446
Total Energy (nJ): 33,402,877
Total Energy (nJ) 3D: 33,008,774
Cores Energy (nJ): 4,019,166
Route Energy (nJ): 4,708,335
Route Energy (nJ) 3D: 7,196,413
Mem Energy   (nJ): 24,675,376
Mem Energy   (nJ) 3D: 21,793,195
Avg. Power (mW): 41,715.74
Power Density (mW/mm2): 124.25

---Runtime---
Runtime in K cycles: 800.73
Microseconds: 800.73
Time per iteration (ms): 0.80

---Throughput---
GOP/s (aka OPS/ns): 422.00
GOP/s per core: 0.41
FLOP/s: 169.75
FLOP/s per core: 0.17
Max Peak FLOP/s: 1,024.00
Avg. BW GB/s: 2,915.34
Max BW GB/s: 4,096.00

---Traffic---
In-Die bisection_bytes BW (GB/s): 512.00
Inter-board traffic (msg/ns): 0.00, per-link: 0.00
Inter-pack traffic (msg/ns): 0.00, per-link: 0.00
Inter-die traffic (msg/ns): 0.00, per-link: 0.00
Ruche traffic (msg/ns): 0.00, per-link: 0.00
All traffic (msg/ns): 3,164.91, per-link: 3.09
Inter-die reduction wrt all: inf
Inter-board reduction wrt inter-die: -nan

---Data Movement---
All traffic (msg): 2,534,223,925
Arith. Intensity FLOP/Loads: 0.47
Arith. Intensity FLOP/Msgs: 0.05
Arith. Intensity OPS/Loads: 1.16
Arith. Intensity OPS/Msgs: 0.13



===Core Utilization Total=== CORE-S:8;; TIME K cy:800 ;; Nodes Proc: 379,276 -- Edges Proc: 8,720,472

===PRINTING FRAME STATS

FCollision In Avg:91, SD:27, Max:208, Min:9
FCollision Out Avg:92, SD:40, Max:174, Min:18
FCollision End Avg:27, SD:32, Max:102, Min:0
FTask1 Avg:6, SD:5, Max:26, Min:0
FTask2 Avg:29, SD:18, Max:72, Min:0
FTask3 Avg:33, SD:8, Max:65, Min:19
FCore Active Avg:69, SD:20, Max:100, Min:23
FRouter Active Avg:84, SD:2, Max:90, Min:79
T1 invocations: 160,923
T2 invocations: 263,012
T3 invocations: 9,281,280
T3b invocations: 0
Total3 invocations: 9,281,280
Total4 invocations: 2,745

T3/T2 ratio: 35
T3b/T3 ratio: 0

T1 avg ex cycles: 35
T2 avg ex cycles: 113
T3&b avg ex cycles: 4
T4 avg ex cycles: 479
Avg. hops NOC1: 2
Avg. latency NOC1 (T2): 18,398
Avg. hops NOC2: 17
Avg. latency NOC2 (T3): 3,435

===PRINTING ACUM STATS at pu_cycles: 900,931

ACollision In Avg:105, SD:17, Max:189, Min:54
ACollision Out Avg:115, SD:27, Max:225, Min:40
ACollision End Avg:35, SD:20, Max:151, Min:0
ATask1 Avg:3, SD:2, Max:10, Min:0
ATask2 Avg:23, SD:9, Max:46, Min:0
ATask3 Avg:35, SD:6, Max:65, Min:22
ACore Active Avg:62, SD:12, Max:94, Min:27
ARouter Active Avg:81, SD:1, Max:84, Min:77
T1 invocations: 757,503
T2 invocations: 1,650,447
T3 invocations: 77,616,662
T3b invocations: 0
Total3 invocations: 77,616,662
Total4 invocations: 10,501

T3/T2 ratio: 47
T3b/T3 ratio: 0

T1 avg ex cycles: 39
T2 avg ex cycles: 131
T3&b avg ex cycles: 4
T4 avg ex cycles: 528
Avg. hops NOC1: 2
Avg. latency NOC1 (T2): 30,476
Avg. hops NOC2: 17
Avg. latency NOC2 (T3): 2,794
Number of K Nodes Processed: 3,122
Number of K Edges Processed: 78,152
Node Re-explore factor: 0.74
Edge Re-explore factor: 0.61
Nodes/cy: 3
Edges/cy: 87
TEPS: 142

---DCache---
DCache Size: 28,448
DRAM words: 133,760
  DHits: 142,791,069
  DMisses: 6,204,948
  DHit Rate (hit/miss): 96%
  DEvictions: 4,474,441
  DEviction Rate (evict/misses): 72%
  MC Transactions: 7,193,784
  MC Writes: 955,654
Avg. Transactions: 100% , Writes: 13%, Avg. Latency: 25
Max MC id: 7 of 8. Transactions: 100% , Writes: 14%, MC mean Latency: 30
HBM refresh energy (nJ): 2
HBM access energy (nJ): 13,627,904
MemC wire energy 2.5d (nJ): 4,342,814
MemC wire energy 3d (nJ): 1,085,704

---Energy---
Leakage Energy (nJ): 83,990
PU Dyn E (nJ): 4,597,867
Mem Dyn E (nJ): 27,903,591
Route Dyn E (nJ): 5,388,591
Dynamic Energy (nJ): 37,890,051
Ratio of Dyn/Leak: 451
Total Energy (nJ): 37,974,041
Total Energy (nJ) 3D: 37,568,928
Cores Energy (nJ): 4,600,375
Route Energy (nJ): 5,396,847
Route Energy (nJ) 3D: 8,248,844
Mem Energy   (nJ): 27,976,819
Mem Energy   (nJ) 3D: 24,719,709
Avg. Power (mW): 42,149.78
Power Density (mW/mm2): 125.54

---Runtime---
Runtime in K cycles: 900.93
Microseconds: 900.93
Time per iteration (ms): 0.90

---Throughput---
GOP/s (aka OPS/ns): 428.98
GOP/s per core: 0.42
FLOP/s: 172.78
FLOP/s per core: 0.17
Max Peak FLOP/s: 1,024.00
Avg. BW GB/s: 2,958.17
Max BW GB/s: 4,096.00

---Traffic---
In-Die bisection_bytes BW (GB/s): 512.00
Inter-board traffic (msg/ns): 0.00, per-link: 0.00
Inter-pack traffic (msg/ns): 0.00, per-link: 0.00
Inter-die traffic (msg/ns): 0.00, per-link: 0.00
Ruche traffic (msg/ns): 0.00, per-link: 0.00
All traffic (msg/ns): 3,220.39, per-link: 3.14
Inter-die reduction wrt all: inf
Inter-board reduction wrt inter-die: -nan

---Data Movement---
All traffic (msg): 2,901,348,924
Arith. Intensity FLOP/Loads: 0.47
Arith. Intensity FLOP/Msgs: 0.05
Arith. Intensity OPS/Loads: 1.17
Arith. Intensity OPS/Msgs: 0.13



===Core Utilization Total=== CORE-S:9;; TIME K cy:900 ;; Nodes Proc: 390,579 -- Edges Proc: 9,896,346

===PRINTING FRAME STATS

FCollision In Avg:90, SD:25, Max:212, Min:6
FCollision Out Avg:92, SD:41, Max:239, Min:13
FCollision End Avg:27, SD:32, Max:106, Min:0
FTask1 Avg:6, SD:6, Max:31, Min:0
FTask2 Avg:28, SD:17, Max:70, Min:0
FTask3 Avg:33, SD:8, Max:70, Min:18
FCore Active Avg:69, SD:20, Max:100, Min:24
FRouter Active Avg:82, SD:3, Max:89, Min:72
T1 invocations: 178,010
T2 invocations: 273,297
T3 invocations: 9,097,891
T3b invocations: 0
Total3 invocations: 9,097,891
Total4 invocations: 3,598

T3/T2 ratio: 33
T3b/T3 ratio: 0

T1 avg ex cycles: 36
T2 avg ex cycles: 106
T3&b avg ex cycles: 4
T4 avg ex cycles: 419
Avg. hops NOC1: 2
Avg. latency NOC1 (T2): 17,334
Avg. hops NOC2: 17
Avg. latency NOC2 (T3): 3,752

===PRINTING ACUM STATS at pu_cycles: 1,001,031

ACollision In Avg:103, SD:16, Max:184, Min:56
ACollision Out Avg:113, SD:26, Max:227, Min:41
ACollision End Avg:34, SD:19, Max:136, Min:0
ATask1 Avg:4, SD:2, Max:10, Min:0
ATask2 Avg:24, SD:8, Max:45, Min:0
ATask3 Avg:35, SD:6, Max:65, Min:22
ACore Active Avg:63, SD:11, Max:93, Min:28
ARouter Active Avg:81, SD:1, Max:84, Min:77
T1 invocations: 936,344
T2 invocations: 1,925,275
T3 invocations: 86,734,923
T3b invocations: 0
Total3 invocations: 86,734,923
Total4 invocations: 14,115

T3/T2 ratio: 45
T3b/T3 ratio: 0

T1 avg ex cycles: 38
T2 avg ex cycles: 127
T3&b avg ex cycles: 4
T4 avg ex cycles: 500
Avg. hops NOC1: 2
Avg. latency NOC1 (T2): 28,595
Avg. hops NOC2: 17
Avg. latency NOC2 (T3): 2,895
Number of K Nodes Processed: 3,199
Number of K Edges Processed: 87,171
Node Re-explore factor: 0.76
Edge Re-explore factor: 0.68
Nodes/cy: 3
Edges/cy: 87
TEPS: 128

---DCache---
DCache Size: 28,448
DRAM words: 133,760
  DHits: 159,211,335
  DMisses: 6,899,327
  DHit Rate (hit/miss): 96%
  DEvictions: 5,143,116
  DEviction Rate (evict/misses): 75%
  MC Transactions: 7,993,495
  MC Writes: 1,056,975
Avg. Transactions: 100% , Writes: 13%, Avg. Latency: 26
Max MC id: 5 of 8. Transactions: 100% , Writes: 13%, MC mean Latency: 38
HBM refresh energy (nJ): 2
HBM access energy (nJ): 15,142,876
MemC wire energy 2.5d (nJ): 4,825,591
MemC wire energy 3d (nJ): 1,206,398

---Energy---
Leakage Energy (nJ): 93,321
PU Dyn E (nJ): 5,138,073
Mem Dyn E (nJ): 31,042,473
Route Dyn E (nJ): 6,013,870
Dynamic Energy (nJ): 42,194,416
Ratio of Dyn/Leak: 452
Total Energy (nJ): 42,287,737
Total Energy (nJ) 3D: 41,851,480
Cores Energy (nJ): 5,140,859
Route Energy (nJ): 6,023,043
Route Energy (nJ) 3D: 9,205,979
Mem Energy   (nJ): 31,123,837
Mem Energy   (nJ) 3D: 27,504,643
Avg. Power (mW): 42,244.18
Power Density (mW/mm2): 125.83

---Runtime---
Runtime in K cycles: 1,001.03
Microseconds: 1,001.03
Time per iteration (ms): 1.00

---Throughput---
GOP/s (aka OPS/ns): 432.03
GOP/s per core: 0.42
FLOP/s: 173.62
FLOP/s per core: 0.17
Max Peak FLOP/s: 1,024.00
Avg. BW GB/s: 2,968.35
Max BW GB/s: 4,096.00

---Traffic---
In-Die bisection_bytes BW (GB/s): 512.00
Inter-board traffic (msg/ns): 0.00, per-link: 0.00
Inter-pack traffic (msg/ns): 0.00, per-link: 0.00
Inter-die traffic (msg/ns): 0.00, per-link: 0.00
Ruche traffic (msg/ns): 0.00, per-link: 0.00
All traffic (msg/ns): 3,234.00, per-link: 3.16
Inter-die reduction wrt all: inf
Inter-board reduction wrt inter-die: -nan

---Data Movement---
All traffic (msg): 3,237,331,527
Arith. Intensity FLOP/Loads: 0.47
Arith. Intensity FLOP/Msgs: 0.05
Arith. Intensity OPS/Loads: 1.17
Arith. Intensity OPS/Msgs: 0.13



===Core Utilization Total=== CORE-S:10;; TIME K cy:1,000 ;; Nodes Proc: 400,309 -- Edges Proc: 11,064,850

===PRINTING FRAME STATS

FCollision In Avg:85, SD:28, Max:192, Min:7
FCollision Out Avg:89, SD:40, Max:172, Min:12
FCollision End Avg:24, SD:31, Max:106, Min:0
FTask1 Avg:7, SD:6, Max:44, Min:0
FTask2 Avg:29, SD:18, Max:73, Min:0
FTask3 Avg:32, SD:8, Max:65, Min:17
FCore Active Avg:69, SD:21, Max:100, Min:22
FRouter Active Avg:82, SD:3, Max:88, Min:73
T1 invocations: 192,479
T2 invocations: 286,945
T3 invocations: 8,932,606
T3b invocations: 0
Total3 invocations: 8,932,606
Total4 invocations: 4,794

T3/T2 ratio: 31
T3b/T3 ratio: 0

T1 avg ex cycles: 36
T2 avg ex cycles: 102
T3&b avg ex cycles: 4
T4 avg ex cycles: 342
Avg. hops NOC1: 2
Avg. latency NOC1 (T2): 15,304
Avg. hops NOC2: 17
Avg. latency NOC2 (T3): 3,555

===PRINTING ACUM STATS at pu_cycles: 1,100,996

ACollision In Avg:101, SD:16, Max:180, Min:59
ACollision Out Avg:111, SD:25, Max:219, Min:43
ACollision End Avg:33, SD:18, Max:125, Min:1
ATask1 Avg:4, SD:2, Max:9, Min:0
ATask2 Avg:24, SD:8, Max:45, Min:0
ATask3 Avg:34, SD:6, Max:64, Min:22
ACore Active Avg:63, SD:11, Max:93, Min:30
ARouter Active Avg:81, SD:1, Max:85, Min:77
T1 invocations: 1,129,741
T2 invocations: 2,213,201
T3 invocations: 95,699,597
T3b invocations: 0
Total3 invocations: 95,699,597
Total4 invocations: 18,927

T3/T2 ratio: 43
T3b/T3 ratio: 0

T1 avg ex cycles: 38
T2 avg ex cycles: 124
T3&b avg ex cycles: 4
T4 avg ex cycles: 460
Avg. hops NOC1: 2
Avg. latency NOC1 (T2): 26,867
Avg. hops NOC2: 17
Avg. latency NOC2 (T3): 2,957
Number of K Nodes Processed: 3,267
Number of K Edges Processed: 96,137
Node Re-explore factor: 0.78
Edge Re-explore factor: 0.75
Nodes/cy: 3
Edges/cy: 87
TEPS: 117

---DCache---
DCache Size: 28,448
DRAM words: 133,760
  DHits: 175,666,142
  DMisses: 7,598,040
  DHit Rate (hit/miss): 96%
  DEvictions: 5,823,083
  DEviction Rate (evict/misses): 77%
  MC Transactions: 8,797,328
  MC Writes: 1,158,524
Avg. Transactions: 100% , Writes: 13%, Avg. Latency: 26
Max MC id: 5 of 8. Transactions: 100% , Writes: 13%, MC mean Latency: 40
HBM refresh energy (nJ): 3
HBM access energy (nJ): 16,665,658
MemC wire energy 2.5d (nJ): 5,310,857
MemC wire energy 3d (nJ): 1,327,714

---Energy---
Leakage Energy (nJ): 102,641
PU Dyn E (nJ): 5,675,473
Mem Dyn E (nJ): 34,183,656
Route Dyn E (nJ): 6,632,588
Dynamic Energy (nJ): 46,491,716
Ratio of Dyn/Leak: 453
Total Energy (nJ): 46,594,357
Total Energy (nJ) 3D: 46,121,617
Cores Energy (nJ): 5,678,537
Route Energy (nJ): 6,642,676
Route Energy (nJ) 3D: 10,153,078
Mem Energy   (nJ): 34,273,145
Mem Energy   (nJ) 3D: 30,290,002
Avg. Power (mW): 42,320.19
Power Density (mW/mm2): 126.05

---Runtime---
Runtime in K cycles: 1,101.00
Microseconds: 1,101.00
Time per iteration (ms): 1.10

---Throughput---
GOP/s (aka OPS/ns): 434.63
GOP/s per core: 0.42
FLOP/s: 174.18
FLOP/s per core: 0.17
Max Peak FLOP/s: 1,024.00
Avg. BW GB/s: 2,974.55
Max BW GB/s: 4,096.00

---Traffic---
In-Die bisection_bytes BW (GB/s): 512.00
Inter-board traffic (msg/ns): 0.00, per-link: 0.00
Inter-pack traffic (msg/ns): 0.00, per-link: 0.00
Inter-die traffic (msg/ns): 0.00, per-link: 0.00
Ruche traffic (msg/ns): 0.00, per-link: 0.00
All traffic (msg/ns): 3,242.64, per-link: 3.17
Inter-die reduction wrt all: inf
Inter-board reduction wrt inter-die: -nan

---Data Movement---
All traffic (msg): 3,570,133,555
Arith. Intensity FLOP/Loads: 0.47
Arith. Intensity FLOP/Msgs: 0.05
Arith. Intensity OPS/Loads: 1.17
Arith. Intensity OPS/Msgs: 0.13



===Core Utilization Total=== CORE-S:11;; TIME K cy:1,100 ;; Nodes Proc: 408,781 -- Edges Proc: 12,213,197

===PRINTING FRAME STATS

FCollision In Avg:65, SD:31, Max:218, Min:5
FCollision Out Avg:66, SD:39, Max:168, Min:5
FCollision End Avg:23, SD:31, Max:139, Min:0
FTask1 Avg:9, SD:8, Max:40, Min:0
FTask2 Avg:33, SD:21, Max:80, Min:0
FTask3 Avg:34, SD:9, Max:75, Min:18
FCore Active Avg:76, SD:22, Max:100, Min:22
FRouter Active Avg:84, SD:3, Max:92, Min:73
T1 invocations: 219,794
T2 invocations: 314,964
T3 invocations: 8,845,040
T3b invocations: 0
Total3 invocations: 8,845,040
Total4 invocations: 6,361

T3/T2 ratio: 28
T3b/T3 ratio: 0

T1 avg ex cycles: 40
T2 avg ex cycles: 106
T3&b avg ex cycles: 4
T4 avg ex cycles: 307
Avg. hops NOC1: 2
Avg. latency NOC1 (T2): 12,615
Avg. hops NOC2: 17
Avg. latency NOC2 (T3): 4,954

===PRINTING ACUM STATS at pu_cycles: 1,201,045

ACollision In Avg:98, SD:16, Max:172, Min:58
ACollision Out Avg:107, SD:25, Max:215, Min:42
ACollision End Avg:32, SD:17, Max:126, Min:2
ATask1 Avg:4, SD:2, Max:10, Min:0
ATask2 Avg:25, SD:8, Max:46, Min:4
ATask3 Avg:34, SD:6, Max:65, Min:21
ACore Active Avg:65, SD:11, Max:94, Min:35
ARouter Active Avg:81, SD:1, Max:85, Min:77
T1 invocations: 1,348,896
T2 invocations: 2,527,655
T3 invocations: 104,539,202
T3b invocations: 0
Total3 invocations: 104,539,202
Total4 invocations: 25,283

T3/T2 ratio: 41
T3b/T3 ratio: 0

T1 avg ex cycles: 38
T2 avg ex cycles: 122
T3&b avg ex cycles: 4
T4 avg ex cycles: 422
Avg. hops NOC1: 2
Avg. latency NOC1 (T2): 25,098
Avg. hops NOC2: 17
Avg. latency NOC2 (T3): 3,126
Number of K Nodes Processed: 3,325
Number of K Edges Processed: 105,115
Node Re-explore factor: 0.79
Edge Re-explore factor: 0.82
Nodes/cy: 3
Edges/cy: 88
TEPS: 107

---DCache---
DCache Size: 28,448
DRAM words: 133,760
  DHits: 191,989,607
  DMisses: 8,301,788
  DHit Rate (hit/miss): 96%
  DEvictions: 6,512,726
  DEviction Rate (evict/misses): 78%
  MC Transactions: 9,603,298
  MC Writes: 1,256,952
Avg. Transactions: 100% , Writes: 13%, Avg. Latency: 27
Max MC id: 3 of 8. Transactions: 100% , Writes: 13%, MC mean Latency: 33
HBM refresh energy (nJ): 3
HBM access energy (nJ): 18,192,487
MemC wire energy 2.5d (nJ): 5,797,413
MemC wire energy 3d (nJ): 1,449,353

---Energy---
Leakage Energy (nJ): 111,968
PU Dyn E (nJ): 6,212,868
Mem Dyn E (nJ): 37,323,067
Route Dyn E (nJ): 7,257,173
Dynamic Energy (nJ): 50,793,108
Ratio of Dyn/Leak: 454
Total Energy (nJ): 50,905,076
Total Energy (nJ) 3D: 50,397,991
Cores Energy (nJ): 6,216,211
Route Energy (nJ): 7,268,178
Route Energy (nJ) 3D: 11,109,152
Mem Energy   (nJ): 37,420,688
Mem Energy   (nJ) 3D: 33,072,628
Avg. Power (mW): 42,383.99
Power Density (mW/mm2): 126.24

---Runtime---
Runtime in K cycles: 1,201.05
Microseconds: 1,201.05
Time per iteration (ms): 1.20

---Throughput---
GOP/s (aka OPS/ns): 437.30
GOP/s per core: 0.43
FLOP/s: 174.51
FLOP/s per core: 0.17
Max Peak FLOP/s: 1,024.00
Avg. BW GB/s: 2,977.96
Max BW GB/s: 4,096.00

---Traffic---
In-Die bisection_bytes BW (GB/s): 512.00
Inter-board traffic (msg/ns): 0.00, per-link: 0.00
Inter-pack traffic (msg/ns): 0.00, per-link: 0.00
Inter-die traffic (msg/ns): 0.00, per-link: 0.00
Ruche traffic (msg/ns): 0.00, per-link: 0.00
All traffic (msg/ns): 3,251.80, per-link: 3.18
Inter-die reduction wrt all: inf
Inter-board reduction wrt inter-die: -nan

---Data Movement---
All traffic (msg): 3,905,562,046
Arith. Intensity FLOP/Loads: 0.47
Arith. Intensity FLOP/Msgs: 0.05
Arith. Intensity OPS/Loads: 1.18
Arith. Intensity OPS/Msgs: 0.13



===Core Utilization Total=== CORE-S:12;; TIME K cy:1,200 ;; Nodes Proc: 415,958 -- Edges Proc: 13,347,224

===PRINTING FRAME STATS

FCollision In Avg:68, SD:31, Max:189, Min:5
FCollision Out Avg:72, SD:39, Max:238, Min:7
FCollision End Avg:22, SD:30, Max:140, Min:0
FTask1 Avg:8, SD:8, Max:38, Min:0
FTask2 Avg:29, SD:20, Max:77, Min:0
FTask3 Avg:31, SD:8, Max:71, Min:13
FCore Active Avg:71, SD:22, Max:100, Min:21
FRouter Active Avg:81, SD:3, Max:88, Min:73
T1 invocations: 236,664
T2 invocations: 324,368
T3 invocations: 8,688,390
T3b invocations: 0
Total3 invocations: 8,688,390
Total4 invocations: 8,891

T3/T2 ratio: 27
T3b/T3 ratio: 0

T1 avg ex cycles: 37
T2 avg ex cycles: 92
T3&b avg ex cycles: 4
T4 avg ex cycles: 238
Avg. hops NOC1: 2
Avg. latency NOC1 (T2): 11,399
Avg. hops NOC2: 17
Avg. latency NOC2 (T3): 4,014

===PRINTING ACUM STATS at pu_cycles: 1,301,293

ACollision In Avg:96, SD:16, Max:170, Min:54
ACollision Out Avg:104, SD:24, Max:216, Min:43
ACollision End Avg:32, SD:16, Max:127, Min:2
ATask1 Avg:5, SD:2, Max:9, Min:0
ATask2 Avg:25, SD:8, Max:46, Min:4
ATask3 Avg:34, SD:6, Max:64, Min:23
ACore Active Avg:65, SD:11, Max:94, Min:38
ARouter Active Avg:81, SD:1, Max:85, Min:77
T1 invocations: 1,586,943
T2 invocations: 2,853,148
T3 invocations: 113,260,103
T3b invocations: 0
Total3 invocations: 113,260,103
Total4 invocations: 34,198

T3/T2 ratio: 40
T3b/T3 ratio: 0

T1 avg ex cycles: 38
T2 avg ex cycles: 118
T3&b avg ex cycles: 4
T4 avg ex cycles: 374
Avg. hops NOC1: 2
Avg. latency NOC1 (T2): 23,533
Avg. hops NOC2: 17
Avg. latency NOC2 (T3): 3,194
Number of K Nodes Processed: 3,381
Number of K Edges Processed: 113,721
Node Re-explore factor: 0.81
Edge Re-explore factor: 0.89
Nodes/cy: 3
Edges/cy: 87
TEPS: 99

---DCache---
DCache Size: 28,448
DRAM words: 133,760
  DHits: 207,818,450
  DMisses: 8,998,209
  DHit Rate (hit/miss): 96%
  DEvictions: 7,201,158
  DEviction Rate (evict/misses): 80%
  MC Transactions: 10,403,609
  MC Writes: 1,356,841
Avg. Transactions: 100% , Writes: 13%, Avg. Latency: 28
Max MC id: 7 of 8. Transactions: 100% , Writes: 13%, MC mean Latency: 36
HBM refresh energy (nJ): 3
HBM access energy (nJ): 19,708,596
MemC wire energy 2.5d (nJ): 6,280,553
MemC wire energy 3d (nJ): 1,570,138

---Energy---
Leakage Energy (nJ): 121,313
PU Dyn E (nJ): 6,741,692
Mem Dyn E (nJ): 40,424,144
Route Dyn E (nJ): 7,854,066
Dynamic Energy (nJ): 55,019,903
Ratio of Dyn/Leak: 454
Total Energy (nJ): 55,141,216
Total Energy (nJ) 3D: 54,587,691
Cores Energy (nJ): 6,745,314
Route Energy (nJ): 7,865,990
Route Energy (nJ) 3D: 12,022,879
Mem Energy   (nJ): 40,529,913
Mem Energy   (nJ) 3D: 35,819,498
Avg. Power (mW): 42,374.17
Power Density (mW/mm2): 126.21

---Runtime---
Runtime in K cycles: 1,301.29
Microseconds: 1,301.29
Time per iteration (ms): 1.30

---Throughput---
GOP/s (aka OPS/ns): 439.51
GOP/s per core: 0.43
FLOP/s: 174.38
FLOP/s per core: 0.17
Max Peak FLOP/s: 1,024.00
Avg. BW GB/s: 2,975.87
Max BW GB/s: 4,096.00

---Traffic---
In-Die bisection_bytes BW (GB/s): 512.00
Inter-board traffic (msg/ns): 0.00, per-link: 0.00
Inter-pack traffic (msg/ns): 0.00, per-link: 0.00
Inter-die traffic (msg/ns): 0.00, per-link: 0.00
Ruche traffic (msg/ns): 0.00, per-link: 0.00
All traffic (msg/ns): 3,248.87, per-link: 3.17
Inter-die reduction wrt all: inf
Inter-board reduction wrt inter-die: -nan

---Data Movement---
All traffic (msg): 4,227,732,788
Arith. Intensity FLOP/Loads: 0.47
Arith. Intensity FLOP/Msgs: 0.05
Arith. Intensity OPS/Loads: 1.19
Arith. Intensity OPS/Msgs: 0.14



===Core Utilization Total=== CORE-S:13;; TIME K cy:1,300 ;; Nodes Proc: 422,872 -- Edges Proc: 14,454,038

===PRINTING FRAME STATS

FCollision In Avg:64, SD:32, Max:153, Min:4
FCollision Out Avg:70, SD:39, Max:206, Min:8
FCollision End Avg:20, SD:27, Max:174, Min:0
FTask1 Avg:9, SD:8, Max:47, Min:0
FTask2 Avg:26, SD:19, Max:78, Min:0
FTask3 Avg:29, SD:7, Max:73, Min:16
FCore Active Avg:66, SD:21, Max:100, Min:21
FRouter Active Avg:79, SD:3, Max:86, Min:68
T1 invocations: 249,859
T2 invocations: 334,586
T3 invocations: 8,368,837
T3b invocations: 0
Total3 invocations: 8,368,837
Total4 invocations: 11,686

T3/T2 ratio: 25
T3b/T3 ratio: 0

T1 avg ex cycles: 35
T2 avg ex cycles: 80
T3&b avg ex cycles: 4
T4 avg ex cycles: 195
Avg. hops NOC1: 3
Avg. latency NOC1 (T2): 10,053
Avg. hops NOC2: 17
Avg. latency NOC2 (T3): 3,162

===PRINTING ACUM STATS at pu_cycles: 1,401,103

ACollision In Avg:94, SD:16, Max:166, Min:52
ACollision Out Avg:102, SD:24, Max:216, Min:42
ACollision End Avg:31, SD:15, Max:131, Min:3
ATask1 Avg:5, SD:2, Max:9, Min:0
ATask2 Avg:25, SD:7, Max:45, Min:5
ATask3 Avg:34, SD:6, Max:63, Min:23
ACore Active Avg:65, SD:11, Max:93, Min:38
ARouter Active Avg:81, SD:1, Max:85, Min:77
T1 invocations: 1,836,329
T2 invocations: 3,187,154
T3 invocations: 121,613,949
T3b invocations: 0
Total3 invocations: 121,613,949
Total4 invocations: 45,877

T3/T2 ratio: 38
T3b/T3 ratio: 0

T1 avg ex cycles: 38
T2 avg ex cycles: 114
T3&b avg ex cycles: 4
T4 avg ex cycles: 328
Avg. hops NOC1: 2
Avg. latency NOC1 (T2): 22,120
Avg. hops NOC2: 17
Avg. latency NOC2 (T3): 3,192
Number of K Nodes Processed: 3,429
Number of K Edges Processed: 122,012
Node Re-explore factor: 0.82
Edge Re-explore factor: 0.95
Nodes/cy: 2
Edges/cy: 87
TEPS: 92

---DCache---
DCache Size: 28,448
DRAM words: 133,760
  DHits: 223,262,011
  DMisses: 9,680,682
  DHit Rate (hit/miss): 96%
  DEvictions: 7,878,468
  DEviction Rate (evict/misses): 81%
  MC Transactions: 11,187,398
  MC Writes: 1,454,728
Avg. Transactions: 100% , Writes: 13%, Avg. Latency: 28
Max MC id: 7 of 8. Transactions: 100% , Writes: 13%, MC mean Latency: 37
HBM refresh energy (nJ): 4
HBM access energy (nJ): 21,193,406
MemC wire energy 2.5d (nJ): 6,753,718
MemC wire energy 3d (nJ): 1,688,430

---Energy---
Leakage Energy (nJ): 130,618
PU Dyn E (nJ): 7,253,569
Mem Dyn E (nJ): 43,446,008
Route Dyn E (nJ): 8,428,748
Dynamic Energy (nJ): 59,128,325
Ratio of Dyn/Leak: 453
Total Energy (nJ): 59,258,943
Total Energy (nJ) 3D: 58,654,704
Cores Energy (nJ): 7,257,469
Route Energy (nJ): 8,441,586
Route Energy (nJ) 3D: 12,902,635
Mem Energy   (nJ): 43,559,889
Mem Energy   (nJ) 3D: 38,494,601
Avg. Power (mW): 42,294.49
Power Density (mW/mm2): 125.98

---Runtime---
Runtime in K cycles: 1,401.10
Microseconds: 1,401.10
Time per iteration (ms): 1.40

---Throughput---
GOP/s (aka OPS/ns): 440.84
GOP/s per core: 0.43
FLOP/s: 173.85
FLOP/s per core: 0.17
Max Peak FLOP/s: 1,024.00
Avg. BW GB/s: 2,967.30
Max BW GB/s: 4,096.00

---Traffic---
In-Die bisection_bytes BW (GB/s): 512.00
Inter-board traffic (msg/ns): 0.00, per-link: 0.00
Inter-pack traffic (msg/ns): 0.00, per-link: 0.00
Inter-die traffic (msg/ns): 0.00, per-link: 0.00
Ruche traffic (msg/ns): 0.00, per-link: 0.00
All traffic (msg/ns): 3,239.11, per-link: 3.16
Inter-die reduction wrt all: inf
Inter-board reduction wrt inter-die: -nan

---Data Movement---
All traffic (msg): 4,538,329,192
Arith. Intensity FLOP/Loads: 0.47
Arith. Intensity FLOP/Msgs: 0.05
Arith. Intensity OPS/Loads: 1.19
Arith. Intensity OPS/Msgs: 0.14



===Core Utilization Total=== CORE-S:14;; TIME K cy:1,400 ;; Nodes Proc: 428,945 -- Edges Proc: 15,543,116

===PRINTING FRAME STATS

FCollision In Avg:39, SD:33, Max:169, Min:3
FCollision Out Avg:38, SD:36, Max:193, Min:0
FCollision End Avg:18, SD:27, Max:191, Min:0
FTask1 Avg:9, SD:10, Max:47, Min:0
FTask2 Avg:26, SD:22, Max:84, Min:0
FTask3 Avg:29, SD:7, Max:63, Min:16
FCore Active Avg:67, SD:25, Max:100, Min:20
FRouter Active Avg:83, SD:4, Max:94, Min:68
T1 invocations: 269,989
T2 invocations: 353,820
T3 invocations: 8,410,052
T3b invocations: 0
Total3 invocations: 8,410,052
Total4 invocations: 15,363

T3/T2 ratio: 24
T3b/T3 ratio: 0

T1 avg ex cycles: 36
T2 avg ex cycles: 75
T3&b avg ex cycles: 4
T4 avg ex cycles: 162
Avg. hops NOC1: 3
Avg. latency NOC1 (T2): 7,832
Avg. hops NOC2: 17
Avg. latency NOC2 (T3): 4,070

===PRINTING ACUM STATS at pu_cycles: 1,501,157

ACollision In Avg:90, SD:16, Max:161, Min:49
ACollision Out Avg:97, SD:24, Max:203, Min:40
ACollision End Avg:30, SD:15, Max:124, Min:3
ATask1 Avg:5, SD:2, Max:9, Min:0
ATask2 Avg:25, SD:7, Max:43, Min:5
ATask3 Avg:33, SD:5, Max:63, Min:22
ACore Active Avg:65, SD:10, Max:94, Min:37
ARouter Active Avg:81, SD:1, Max:85, Min:77
T1 invocations: 2,106,652
T2 invocations: 3,541,176
T3 invocations: 130,037,700
T3b invocations: 0
Total3 invocations: 130,037,700
Total4 invocations: 61,247

T3/T2 ratio: 37
T3b/T3 ratio: 0

T1 avg ex cycles: 37
T2 avg ex cycles: 110
T3&b avg ex cycles: 4
T4 avg ex cycles: 287
Avg. hops NOC1: 2
Avg. latency NOC1 (T2): 20,691
Avg. hops NOC2: 17
Avg. latency NOC2 (T3): 3,248
Number of K Nodes Processed: 3,472
Number of K Edges Processed: 130,390
Node Re-explore factor: 0.83
Edge Re-explore factor: 1.02
Nodes/cy: 2
Edges/cy: 87
TEPS: 85

---DCache---
DCache Size: 28,448
DRAM words: 133,760
  DHits: 238,984,851
  DMisses: 10,376,458
  DHit Rate (hit/miss): 96%
  DEvictions: 8,570,447
  DEviction Rate (evict/misses): 83%
  MC Transactions: 11,983,958
  MC Writes: 1,552,314
Avg. Transactions: 100% , Writes: 13%, Avg. Latency: 27
Max MC id: 2 of 8. Transactions: 100% , Writes: 13%, MC mean Latency: 20
HBM refresh energy (nJ): 4
HBM access energy (nJ): 22,702,410
MemC wire energy 2.5d (nJ): 7,234,593
MemC wire energy 3d (nJ): 1,808,648

---Energy---
Leakage Energy (nJ): 139,946
PU Dyn E (nJ): 7,773,530
Mem Dyn E (nJ): 46,513,507
Route Dyn E (nJ): 9,010,605
Dynamic Energy (nJ): 63,297,642
Ratio of Dyn/Leak: 452
Total Energy (nJ): 63,437,588
Total Energy (nJ) 3D: 62,780,649
Cores Energy (nJ): 7,777,708
Route Energy (nJ): 9,024,360
Route Energy (nJ) 3D: 13,793,365
Mem Energy   (nJ): 46,635,521
Mem Energy   (nJ) 3D: 41,209,576
Avg. Power (mW): 42,259.13
Power Density (mW/mm2): 125.87

---Runtime---
Runtime in K cycles: 1,501.16
Microseconds: 1,501.16
Time per iteration (ms): 1.50

---Throughput---
GOP/s (aka OPS/ns): 442.70
GOP/s per core: 0.43
FLOP/s: 173.45
FLOP/s per core: 0.17
Max Peak FLOP/s: 1,024.00
Avg. BW GB/s: 2,961.65
Max BW GB/s: 4,096.00

---Traffic---
In-Die bisection_bytes BW (GB/s): 512.00
Inter-board traffic (msg/ns): 0.00, per-link: 0.00
Inter-pack traffic (msg/ns): 0.00, per-link: 0.00
Inter-die traffic (msg/ns): 0.00, per-link: 0.00
Ruche traffic (msg/ns): 0.00, per-link: 0.00
All traffic (msg/ns): 3,232.76, per-link: 3.16
Inter-die reduction wrt all: inf
Inter-board reduction wrt inter-die: -nan

---Data Movement---
All traffic (msg): 4,852,880,668
Arith. Intensity FLOP/Loads: 0.47
Arith. Intensity FLOP/Msgs: 0.05
Arith. Intensity OPS/Loads: 1.20
Arith. Intensity OPS/Msgs: 0.14



===Core Utilization Total=== CORE-S:15;; TIME K cy:1,500 ;; Nodes Proc: 434,442 -- Edges Proc: 16,495,253

===PRINTING FRAME STATS

FCollision In Avg:32, SD:30, Max:123, Min:2
FCollision Out Avg:32, SD:35, Max:201, Min:0
FCollision End Avg:15, SD:24, Max:199, Min:0
FTask1 Avg:8, SD:10, Max:45, Min:0
FTask2 Avg:21, SD:22, Max:82, Min:0
FTask3 Avg:26, SD:6, Max:57, Min:14
FCore Active Avg:58, SD:26, Max:100, Min:19
FRouter Active Avg:80, SD:5, Max:94, Min:65
T1 invocations: 270,061
T2 invocations: 356,667
T3 invocations: 7,926,060
T3b invocations: 0
Total3 invocations: 7,926,060
Total4 invocations: 19,163

T3/T2 ratio: 22
T3b/T3 ratio: 0

T1 avg ex cycles: 32
T2 avg ex cycles: 61
T3&b avg ex cycles: 3
T4 avg ex cycles: 133
Avg. hops NOC1: 3
Avg. latency NOC1 (T2): 6,250
Avg. hops NOC2: 17
Avg. latency NOC2 (T3): 3,284

===PRINTING ACUM STATS at pu_cycles: 1,600,811

ACollision In Avg:87, SD:16, Max:156, Min:46
ACollision Out Avg:93, SD:23, Max:195, Min:37
ACollision End Avg:29, SD:14, Max:117, Min:4
ATask1 Avg:5, SD:1, Max:8, Min:1
ATask2 Avg:25, SD:6, Max:40, Min:6
ATask3 Avg:33, SD:5, Max:62, Min:22
ACore Active Avg:65, SD:9, Max:94, Min:37
ARouter Active Avg:81, SD:1, Max:85, Min:77
T1 invocations: 2,373,087
T2 invocations: 3,891,815
T3 invocations: 137,849,349
T3b invocations: 0
Total3 invocations: 137,849,349
Total4 invocations: 80,354

T3/T2 ratio: 35
T3b/T3 ratio: 0

T1 avg ex cycles: 37
T2 avg ex cycles: 106
T3&b avg ex cycles: 4
T4 avg ex cycles: 250
Avg. hops NOC1: 2
Avg. latency NOC1 (T2): 19,387
Avg. hops NOC2: 17
Avg. latency NOC2 (T3): 3,248
Number of K Nodes Processed: 3,510
Number of K Edges Processed: 138,159
Node Re-explore factor: 0.84
Edge Re-explore factor: 1.08
Nodes/cy: 2
Edges/cy: 86
TEPS: 80

---DCache---
DCache Size: 28,448
DRAM words: 133,760
  DHits: 253,938,461
  DMisses: 11,039,408
  DHit Rate (hit/miss): 96%
  DEvictions: 9,230,452
  DEviction Rate (evict/misses): 84%
  MC Transactions: 12,741,211
  MC Writes: 1,644,382
Avg. Transactions: 99% , Writes: 13%, Avg. Latency: 27
Max MC id: 5 of 8. Transactions: 100% , Writes: 13%, MC mean Latency: 39
HBM refresh energy (nJ): 4
HBM access energy (nJ): 24,136,950
MemC wire energy 2.5d (nJ): 7,691,739
MemC wire energy 3d (nJ): 1,922,935

---Energy---
Leakage Energy (nJ): 149,236
PU Dyn E (nJ): 8,258,023
Mem Dyn E (nJ): 49,410,128
Route Dyn E (nJ): 9,544,775
Dynamic Energy (nJ): 67,212,927
Ratio of Dyn/Leak: 450
Total Energy (nJ): 67,362,163
Total Energy (nJ) 3D: 66,645,082
Cores Energy (nJ): 8,262,478
Route Energy (nJ): 9,559,443
Route Energy (nJ) 3D: 14,611,167
Mem Energy   (nJ): 49,540,242
Mem Energy   (nJ) 3D: 43,771,438
Avg. Power (mW): 42,080.02
Power Density (mW/mm2): 125.34

---Runtime---
Runtime in K cycles: 1,600.81
Microseconds: 1,600.81
Time per iteration (ms): 1.60

---Throughput---
GOP/s (aka OPS/ns): 442.76
GOP/s per core: 0.43
FLOP/s: 172.36
FLOP/s per core: 0.17
Max Peak FLOP/s: 1,024.00
Avg. BW GB/s: 2,944.63
Max BW GB/s: 4,096.00

---Traffic---
In-Die bisection_bytes BW (GB/s): 512.00
Inter-board traffic (msg/ns): 0.00, per-link: 0.00
Inter-pack traffic (msg/ns): 0.00, per-link: 0.00
Inter-die traffic (msg/ns): 0.00, per-link: 0.00
Ruche traffic (msg/ns): 0.00, per-link: 0.00
All traffic (msg/ns): 3,212.59, per-link: 3.14
Inter-die reduction wrt all: inf
Inter-board reduction wrt inter-die: -nan

---Data Movement---
All traffic (msg): 5,142,743,607
Arith. Intensity FLOP/Loads: 0.47
Arith. Intensity FLOP/Msgs: 0.05
Arith. Intensity OPS/Loads: 1.21
Arith. Intensity OPS/Msgs: 0.14



===Core Utilization Total=== CORE-S:16;; TIME K cy:1,600 ;; Nodes Proc: 439,191 -- Edges Proc: 17,302,957

===PRINTING FRAME STATS

FCollision In Avg:18, SD:23, Max:94, Min:1
FCollision Out Avg:18, SD:27, Max:161, Min:0
FCollision End Avg:8, SD:17, Max:157, Min:0
FTask1 Avg:7, SD:10, Max:49, Min:0
FTask2 Avg:15, SD:21, Max:85, Min:0
FTask3 Avg:19, SD:4, Max:41, Min:9
FCore Active Avg:44, SD:26, Max:100, Min:15
FRouter Active Avg:69, SD:7, Max:92, Min:51
T1 invocations: 234,821
T2 invocations: 294,896
T3 invocations: 6,138,945
T3b invocations: 0
Total3 invocations: 6,138,945
Total4 invocations: 18,875

T3/T2 ratio: 21
T3b/T3 ratio: 0

T1 avg ex cycles: 29
T2 avg ex cycles: 53
T3&b avg ex cycles: 3
T4 avg ex cycles: 118
Avg. hops NOC1: 3
Avg. latency NOC1 (T2): 4,358
Avg. hops NOC2: 17
Avg. latency NOC2 (T3): 2,315

===PRINTING ACUM STATS at pu_cycles: 1,701,020

ACollision In Avg:82, SD:15, Max:152, Min:44
ACollision Out Avg:89, SD:23, Max:186, Min:35
ACollision End Avg:28, SD:13, Max:112, Min:3
ATask1 Avg:5, SD:1, Max:8, Min:1
ATask2 Avg:25, SD:5, Max:38, Min:8
ATask3 Avg:32, SD:5, Max:60, Min:21
ACore Active Avg:64, SD:9, Max:94, Min:40
ARouter Active Avg:80, SD:2, Max:85, Min:76
T1 invocations: 2,615,744
T2 invocations: 4,187,781
T3 invocations: 144,073,017
T3b invocations: 0
Total3 invocations: 144,073,017
Total4 invocations: 99,348

T3/T2 ratio: 34
T3b/T3 ratio: 0

T1 avg ex cycles: 36
T2 avg ex cycles: 102
T3&b avg ex cycles: 4
T4 avg ex cycles: 225
Avg. hops NOC1: 3
Avg. latency NOC1 (T2): 18,324
Avg. hops NOC2: 17
Avg. latency NOC2 (T3): 3,208
Number of K Nodes Processed: 3,536
Number of K Edges Processed: 144,203
Node Re-explore factor: 0.84
Edge Re-explore factor: 1.12
Nodes/cy: 2
Edges/cy: 85
TEPS: 75

---DCache---
DCache Size: 28,448
DRAM words: 133,760
  DHits: 265,802,968
  DMisses: 11,567,991
  DHit Rate (hit/miss): 96%
  DEvictions: 9,758,270
  DEviction Rate (evict/misses): 84%
  MC Transactions: 13,342,398
  MC Writes: 1,715,496
Avg. Transactions: 98% , Writes: 13%, Avg. Latency: 26
Max MC id: 7 of 8. Transactions: 99% , Writes: 13%, MC mean Latency: 35
HBM refresh energy (nJ): 5
HBM access energy (nJ): 25,275,838
MemC wire energy 2.5d (nJ): 8,054,670
MemC wire energy 3d (nJ): 2,013,667

---Energy---
Leakage Energy (nJ): 158,578
PU Dyn E (nJ): 8,646,247
Mem Dyn E (nJ): 51,710,377
Route Dyn E (nJ): 9,969,358
Dynamic Energy (nJ): 70,325,983
Ratio of Dyn/Leak: 443
Total Energy (nJ): 70,484,561
Total Energy (nJ) 3D: 69,720,000
Cores Energy (nJ): 8,650,982
Route Energy (nJ): 9,984,944
Route Energy (nJ) 3D: 15,261,385
Mem Energy   (nJ): 51,848,636
Mem Energy   (nJ) 3D: 45,807,634
Avg. Power (mW): 41,436.64
Power Density (mW/mm2): 123.42

---Runtime---
Runtime in K cycles: 1,701.02
Microseconds: 1,701.02
Time per iteration (ms): 1.70

---Throughput---
GOP/s (aka OPS/ns): 438.00
GOP/s per core: 0.43
FLOP/s: 169.40
FLOP/s per core: 0.17
Max Peak FLOP/s: 1,024.00
Avg. BW GB/s: 2,896.36
Max BW GB/s: 4,096.00

---Traffic---
In-Die bisection_bytes BW (GB/s): 512.00
Inter-board traffic (msg/ns): 0.00, per-link: 0.00
Inter-pack traffic (msg/ns): 0.00, per-link: 0.00
Inter-die traffic (msg/ns): 0.00, per-link: 0.00
Ruche traffic (msg/ns): 0.00, per-link: 0.00
All traffic (msg/ns): 3,158.81, per-link: 3.08
Inter-die reduction wrt all: inf
Inter-board reduction wrt inter-die: -nan

---Data Movement---
All traffic (msg): 5,373,197,308
Arith. Intensity FLOP/Loads: 0.47
Arith. Intensity FLOP/Msgs: 0.05
Arith. Intensity OPS/Loads: 1.21
Arith. Intensity OPS/Msgs: 0.14



===Core Utilization Total=== CORE-S:17;; TIME K cy:1,700 ;; Nodes Proc: 442,501 -- Edges Proc: 17,901,965
======== IT IS COLD ======= Only 42 Tiles active

===PRINTING FRAME STATS

FCollision In Avg:7, SD:17, Max:124, Min:0
FCollision Out Avg:8, SD:20, Max:96, Min:0
FCollision End Avg:4, SD:11, Max:95, Min:0
FTask1 Avg:3, SD:7, Max:42, Min:0
FTask2 Avg:7, SD:16, Max:97, Min:0
FTask3 Avg:9, SD:2, Max:23, Min:3
FCore Active Avg:20, SD:21, Max:100, Min:6
FRouter Active Avg:38, SD:9, Max:84, Min:18
T1 invocations: 111,685
T2 invocations: 138,831
T3 invocations: 2,756,169
T3b invocations: 0
Total3 invocations: 2,756,169
Total4 invocations: 10,363

T3/T2 ratio: 20
T3b/T3 ratio: 0

T1 avg ex cycles: 29
T2 avg ex cycles: 50
T3&b avg ex cycles: 3
T4 avg ex cycles: 103
Avg. hops NOC1: 4
Avg. latency NOC1 (T2): 3,842
Avg. hops NOC2: 17
Avg. latency NOC2 (T3): 1,738

===PRINTING ACUM STATS at pu_cycles: 1,800,650

ACollision In Avg:78, SD:15, Max:151, Min:41
ACollision Out Avg:84, SD:22, Max:176, Min:33
ACollision End Avg:26, SD:12, Max:106, Min:3
ATask1 Avg:5, SD:1, Max:7, Min:2
ATask2 Avg:24, SD:4, Max:36, Min:8
ATask3 Avg:31, SD:5, Max:58, Min:21
ACore Active Avg:61, SD:8, Max:91, Min:41
ARouter Active Avg:78, SD:2, Max:83, Min:74
T1 invocations: 2,726,883
T2 invocations: 4,328,057
T3 invocations: 146,820,820
T3b invocations: 0
Total3 invocations: 146,820,820
Total4 invocations: 109,674

T3/T2 ratio: 34
T3b/T3 ratio: 0

T1 avg ex cycles: 36
T2 avg ex cycles: 101
T3&b avg ex cycles: 4
T4 avg ex cycles: 214
Avg. hops NOC1: 3
Avg. latency NOC1 (T2): 17,853
Avg. hops NOC2: 17
Avg. latency NOC2 (T3): 3,182
Number of K Nodes Processed: 3,547
Number of K Edges Processed: 146,856
Node Re-explore factor: 0.85
Edge Re-explore factor: 1.14
Nodes/cy: 2
Edges/cy: 82
TEPS: 71

---DCache---
DCache Size: 28,448
DRAM words: 133,760
  DHits: 271,219,217
  DMisses: 11,805,717
  DHit Rate (hit/miss): 96%
  DEvictions: 9,995,864
  DEviction Rate (evict/misses): 85%
  MC Transactions: 13,610,773
  MC Writes: 1,745,890
Avg. Transactions: 94% , Writes: 12%, Avg. Latency: 26
Max MC id: 5 of 8. Transactions: 96% , Writes: 12%, MC mean Latency: 38
HBM refresh energy (nJ): 5
HBM access energy (nJ): 25,784,248
MemC wire energy 2.5d (nJ): 8,216,685
MemC wire energy 3d (nJ): 2,054,171

---Energy---
Leakage Energy (nJ): 167,866
PU Dyn E (nJ): 8,818,225
Mem Dyn E (nJ): 52,735,806
Route Dyn E (nJ): 10,155,904
Dynamic Energy (nJ): 71,709,935
Ratio of Dyn/Leak: 427
Total Energy (nJ): 71,877,801
Total Energy (nJ) 3D: 71,090,461
Cores Energy (nJ): 8,823,236
Route Energy (nJ): 10,172,403
Route Energy (nJ) 3D: 15,547,576
Mem Energy   (nJ): 52,882,163
Mem Energy   (nJ) 3D: 46,719,649
Avg. Power (mW): 39,917.70
Power Density (mW/mm2): 118.90

---Runtime---
Runtime in K cycles: 1,800.65
Microseconds: 1,800.65
Time per iteration (ms): 1.80

---Throughput---
GOP/s (aka OPS/ns): 422.77
GOP/s per core: 0.41
FLOP/s: 163.01
FLOP/s per core: 0.16
Max Peak FLOP/s: 1,024.00
Avg. BW GB/s: 2,788.41
Max BW GB/s: 4,096.00

---Traffic---
In-Die bisection_bytes BW (GB/s): 512.00
Inter-board traffic (msg/ns): 0.00, per-link: 0.00
Inter-pack traffic (msg/ns): 0.00, per-link: 0.00
Inter-die traffic (msg/ns): 0.00, per-link: 0.00
Ruche traffic (msg/ns): 0.00, per-link: 0.00
All traffic (msg/ns): 3,040.37, per-link: 2.97
Inter-die reduction wrt all: inf
Inter-board reduction wrt inter-die: -nan

---Data Movement---
All traffic (msg): 5,474,647,182
Arith. Intensity FLOP/Loads: 0.47
Arith. Intensity FLOP/Msgs: 0.05
Arith. Intensity OPS/Loads: 1.21
Arith. Intensity OPS/Msgs: 0.14



===Core Utilization Total=== CORE-S:18;; TIME K cy:1,800 ;; Nodes Proc: 443,797 -- Edges Proc: 18,151,052
======== IT IS COLD ======= Only 14 Tiles active

===PRINTING FRAME STATS

FCollision In Avg:2, SD:12, Max:122, Min:0
FCollision Out Avg:3, SD:12, Max:99, Min:0
FCollision End Avg:1, SD:7, Max:99, Min:0
FTask1 Avg:1, SD:4, Max:40, Min:0
FTask2 Avg:2, SD:9, Max:98, Min:0
FTask3 Avg:2, SD:1, Max:12, Min:1
FCore Active Avg:6, SD:12, Max:100, Min:1
FRouter Active Avg:12, SD:7, Max:62, Min:4
T1 invocations: 30,725
T2 invocations: 34,888
T3 invocations: 763,522
T3b invocations: 0
Total3 invocations: 763,522
Total4 invocations: 2,928

T3/T2 ratio: 22
T3b/T3 ratio: 0

T1 avg ex cycles: 30
T2 avg ex cycles: 55
T3&b avg ex cycles: 3
T4 avg ex cycles: 99
Avg. hops NOC1: 4
Avg. latency NOC1 (T2): 4,758
Avg. hops NOC2: 17
Avg. latency NOC2 (T3): 1,432

===PRINTING ACUM STATS at pu_cycles: 1,900,208

ACollision In Avg:74, SD:14, Max:147, Min:39
ACollision Out Avg:80, SD:21, Max:167, Min:31
ACollision End Avg:25, SD:12, Max:100, Min:3
ATask1 Avg:5, SD:1, Max:7, Min:2
ATask2 Avg:22, SD:4, Max:34, Min:14
ATask3 Avg:29, SD:5, Max:55, Min:20
ACore Active Avg:58, SD:8, Max:88, Min:39
ARouter Active Avg:74, SD:2, Max:80, Min:70
T1 invocations: 2,756,584
T2 invocations: 4,365,693
T3 invocations: 147,580,438
T3b invocations: 0
Total3 invocations: 147,580,438
Total4 invocations: 112,545

T3/T2 ratio: 34
T3b/T3 ratio: 0

T1 avg ex cycles: 36
T2 avg ex cycles: 100
T3&b avg ex cycles: 4
T4 avg ex cycles: 211
Avg. hops NOC1: 3
Avg. latency NOC1 (T2): 17,742
Avg. hops NOC2: 17
Avg. latency NOC2 (T3): 3,175
Number of K Nodes Processed: 3,550
Number of K Edges Processed: 147,590
Node Re-explore factor: 0.85
Edge Re-explore factor: 1.15
Nodes/cy: 2
Edges/cy: 78
TEPS: 68

---DCache---
DCache Size: 28,448
DRAM words: 133,760
  DHits: 272,725,531
  DMisses: 11,868,772
  DHit Rate (hit/miss): 96%
  DEvictions: 10,058,911
  DEviction Rate (evict/misses): 85%
  MC Transactions: 13,680,435
  MC Writes: 1,752,484
Avg. Transactions: 90% , Writes: 12%, Avg. Latency: 26
Max MC id: 5 of 8. Transactions: 91% , Writes: 12%, MC mean Latency: 38
HBM refresh energy (nJ): 5
HBM access energy (nJ): 25,916,216
MemC wire energy 2.5d (nJ): 8,258,739
MemC wire energy 3d (nJ): 2,064,685

---Energy---
Leakage Energy (nJ): 177,148
PU Dyn E (nJ): 8,867,340
Mem Dyn E (nJ): 53,010,881
Route Dyn E (nJ): 10,208,334
Dynamic Energy (nJ): 72,086,555
Ratio of Dyn/Leak: 407
Total Energy (nJ): 72,263,703
Total Energy (nJ) 3D: 71,472,572
Cores Energy (nJ): 8,872,628
Route Energy (nJ): 10,225,745
Route Energy (nJ) 3D: 15,628,668
Mem Energy   (nJ): 53,165,330
Mem Energy   (nJ) 3D: 46,971,275
Avg. Power (mW): 38,029.36
Power Density (mW/mm2): 113.27

---Runtime---
Runtime in K cycles: 1,900.21
Microseconds: 1,900.21
Time per iteration (ms): 1.90

---Throughput---
GOP/s (aka OPS/ns): 403.00
GOP/s per core: 0.39
FLOP/s: 155.30
FLOP/s per core: 0.15
Max Peak FLOP/s: 1,024.00
Avg. BW GB/s: 2,656.49
Max BW GB/s: 4,096.00

---Traffic---
In-Die bisection_bytes BW (GB/s): 512.00
Inter-board traffic (msg/ns): 0.00, per-link: 0.00
Inter-pack traffic (msg/ns): 0.00, per-link: 0.00
Inter-die traffic (msg/ns): 0.00, per-link: 0.00
Ruche traffic (msg/ns): 0.00, per-link: 0.00
All traffic (msg/ns): 2,895.97, per-link: 2.83
Inter-die reduction wrt all: inf
Inter-board reduction wrt inter-die: -nan

---Data Movement---
All traffic (msg): 5,502,939,519
Arith. Intensity FLOP/Loads: 0.47
Arith. Intensity FLOP/Msgs: 0.05
Arith. Intensity OPS/Loads: 1.22
Arith. Intensity OPS/Msgs: 0.14



===Core Utilization Total=== CORE-S:19;; TIME K cy:1,900 ;; Nodes Proc: 444,138 -- Edges Proc: 18,189,133
======== IT IS COLD ======= Only 8 Tiles active

===PRINTING FRAME STATS

FCollision In Avg:0, SD:4, Max:99, Min:0
FCollision Out Avg:1, SD:5, Max:99, Min:0
FCollision End Avg:0, SD:4, Max:99, Min:0
FTask1 Avg:0, SD:2, Max:35, Min:0
FTask2 Avg:1, SD:5, Max:98, Min:0
FTask3 Avg:1, SD:0, Max:6, Min:0
FCore Active Avg:2, SD:6, Max:100, Min:0
FRouter Active Avg:4, SD:4, Max:45, Min:1
T1 invocations: 8,195
T2 invocations: 11,506
T3 invocations: 222,365
T3b invocations: 0
Total3 invocations: 222,365
Total4 invocations: 1,072

T3/T2 ratio: 19
T3b/T3 ratio: 0

T1 avg ex cycles: 30
T2 avg ex cycles: 51
T3&b avg ex cycles: 3
T4 avg ex cycles: 73
Avg. hops NOC1: 4
Avg. latency NOC1 (T2): 4,301
Avg. hops NOC2: 17
Avg. latency NOC2 (T3): 1,131

===PRINTING ACUM STATS at pu_cycles: 2,000,085

ACollision In Avg:71, SD:13, Max:141, Min:37
ACollision Out Avg:76, SD:20, Max:158, Min:30
ACollision End Avg:24, SD:11, Max:95, Min:3
ATask1 Avg:5, SD:1, Max:7, Min:3
ATask2 Avg:21, SD:4, Max:33, Min:15
ATask3 Avg:28, SD:5, Max:55, Min:19
ACore Active Avg:55, SD:7, Max:85, Min:40
ARouter Active Avg:71, SD:2, Max:76, Min:67
T1 invocations: 2,764,601
T2 invocations: 4,379,770
T3 invocations: 147,807,084
T3b invocations: 0
Total3 invocations: 147,807,084
Total4 invocations: 113,628

T3/T2 ratio: 34
T3b/T3 ratio: 0

T1 avg ex cycles: 36
T2 avg ex cycles: 100
T3&b avg ex cycles: 4
T4 avg ex cycles: 209
Avg. hops NOC1: 3
Avg. latency NOC1 (T2): 17,697
Avg. hops NOC2: 17
Avg. latency NOC2 (T3): 3,172
Number of K Nodes Processed: 3,551
Number of K Edges Processed: 147,809
Node Re-explore factor: 0.85
Edge Re-explore factor: 1.15
Nodes/cy: 2
Edges/cy: 74
TEPS: 64

---DCache---
DCache Size: 28,448
DRAM words: 133,760
  DHits: 273,180,566
  DMisses: 11,887,885
  DHit Rate (hit/miss): 96%
  DEvictions: 10,078,022
  DEviction Rate (evict/misses): 85%
  MC Transactions: 13,701,858
  MC Writes: 1,754,788
Avg. Transactions: 86% , Writes: 11%, Avg. Latency: 26
Max MC id: 5 of 8. Transactions: 87% , Writes: 11%, MC mean Latency: 38
HBM refresh energy (nJ): 5
HBM access energy (nJ): 25,956,799
MemC wire energy 2.5d (nJ): 8,271,672
MemC wire energy 3d (nJ): 2,067,918

---Energy---
Leakage Energy (nJ): 186,459
PU Dyn E (nJ): 8,882,355
Mem Dyn E (nJ): 53,095,424
Route Dyn E (nJ): 10,224,168
Dynamic Energy (nJ): 72,201,948
Ratio of Dyn/Leak: 387
Total Energy (nJ): 72,388,407
Total Energy (nJ) 3D: 71,595,956
Cores Energy (nJ): 8,887,921
Route Energy (nJ): 10,242,495
Route Energy (nJ) 3D: 15,653,798
Mem Energy   (nJ): 53,257,991
Mem Energy   (nJ) 3D: 47,054,237
Avg. Power (mW): 36,192.67
Power Density (mW/mm2): 107.80

---Runtime---
Runtime in K cycles: 2,000.09
Microseconds: 2,000.09
Time per iteration (ms): 2.00

---Throughput---
GOP/s (aka OPS/ns): 383.55
GOP/s per core: 0.37
FLOP/s: 147.78
FLOP/s per core: 0.14
Max Peak FLOP/s: 1,024.00
Avg. BW GB/s: 2,527.98
Max BW GB/s: 4,096.00

---Traffic---
In-Die bisection_bytes BW (GB/s): 512.00
Inter-board traffic (msg/ns): 0.00, per-link: 0.00
Inter-pack traffic (msg/ns): 0.00, per-link: 0.00
Inter-die traffic (msg/ns): 0.00, per-link: 0.00
Ruche traffic (msg/ns): 0.00, per-link: 0.00
All traffic (msg/ns): 2,755.63, per-link: 2.69
Inter-die reduction wrt all: inf
Inter-board reduction wrt inter-die: -nan

---Data Movement---
All traffic (msg): 5,511,499,220
Arith. Intensity FLOP/Loads: 0.47
Arith. Intensity FLOP/Msgs: 0.05
Arith. Intensity OPS/Loads: 1.22
Arith. Intensity OPS/Msgs: 0.14



===Core Utilization Total=== CORE-S:20;; TIME K cy:2,000 ;; Nodes Proc: 444,270 -- Edges Proc: 18,204,678
======== IT IS COLD ======= Only 0 Tiles active
Epoch Done Router: 5
Epoch Done Router: 3
Epoch Done Router: 0
Epoch Done Router: 6
Epoch Done Router: 4
Epoch Done Router: 2
Epoch Done Router: 7
Epoch Done Router: 1
##EPOCH## 1 COMPLETED at Time (K cy): 2,017
Nodes processed until now: 3,551,429
Edges processed until now: 147,817,665
Program Done Worker Thread: 0
Program Done Worker Thread: 4
Program Done Router Thread: 3
Program Done Worker Thread: 1
Program Done Worker Thread: 3
Program Done Router Thread: 0
Program Done Worker Thread: 7
Program Done Router Thread: 1
Program Done Worker Thread: 2
Program Done Router Thread: 7
Program Done Worker Thread: 5
Program Done Router Thread: 4
Program Done Router Thread: 2
Program Done Router Thread: 6
Program Done Worker Thread: 6
Program Done Router Thread: 5

===PRINTING ACUM STATS at pu_cycles: 2,017,791

ACollision In Avg:70, SD:13, Max:139, Min:37
ACollision Out Avg:75, SD:20, Max:157, Min:30
ACollision End Avg:24, SD:11, Max:95, Min:3
ATask1 Avg:5, SD:1, Max:6, Min:4
ATask2 Avg:21, SD:4, Max:32, Min:15
ATask3 Avg:28, SD:5, Max:52, Min:19
ACore Active Avg:55, SD:7, Max:85, Min:40
ARouter Active Avg:70, SD:2, Max:75, Min:66
T1 invocations: 2,766,554
T2 invocations: 4,381,357
T3 invocations: 147,817,665
T3b invocations: 0
Total3 invocations: 147,817,665
Total4 invocations: 113,712

T3/T2 ratio: 34
T3b/T3 ratio: 0

T1 avg ex cycles: 36
T2 avg ex cycles: 100
T3&b avg ex cycles: 4
T4 avg ex cycles: 209
Avg. hops NOC1: 3
Avg. latency NOC1 (T2): 17,693
Avg. hops NOC2: 17
Avg. latency NOC2 (T3): 3,173

Runtime at program end in K cycles: 2,017
Runtime before cooldown in K cycles: 1,600


Number of K Nodes Processed: 3,551
Number of K Edges Processed: 147,817
Node Re-explore factor: 0.85
Edge Re-explore factor: 1.15
Nodes/cy: 2
Edges/cy: 73
TEPS: 64

---DCache---
DCache Size: 28,448
DRAM words: 133,760
  DHits: 273,197,861
  DMisses: 11,888,536
  DHit Rate (hit/miss): 96%
  DEvictions: 10,078,673
  DEviction Rate (evict/misses): 85%
  MC Transactions: 13,702,567
  MC Writes: 1,754,846
Avg. Transactions: 85% , Writes: 11%, Avg. Latency: 26
Max MC id: 5 of 8. Transactions: 86% , Writes: 11%, MC mean Latency: 38
HBM refresh energy (nJ): 5
HBM access energy (nJ): 25,958,142
MemC wire energy 2.5d (nJ): 8,272,100
MemC wire energy 3d (nJ): 2,068,025

---Energy---
Leakage Energy (nJ): 188,109
PU Dyn E (nJ): 8,884,116
Mem Dyn E (nJ): 53,100,118
Route Dyn E (nJ): 10,224,932
Dynamic Energy (nJ): 72,209,166
Ratio of Dyn/Leak: 384
Total Energy (nJ): 72,397,275
Total Energy (nJ) 3D: 71,604,908
Cores Energy (nJ): 8,889,732
Route Energy (nJ): 10,243,421
Route Energy (nJ) 3D: 15,655,128
Mem Energy   (nJ): 53,264,124
Mem Energy   (nJ) 3D: 47,060,049
Avg. Power (mW): 35,879.47
Power Density (mW/mm2): 106.87

---Runtime---
Runtime in K cycles: 2,017.79
Microseconds: 2,017.79
Time per iteration (ms): 2.02

---Inst---
K Loads: 631,063
K Stores: 633,194
K Instructions: 767,300

---Throughput---
GOP/s (aka OPS/ns): 380.27
GOP/s per core: 0.37
FLOP/s: 146.51
FLOP/s per core: 0.14
Max Peak FLOP/s: 1,024.00
Avg. BW GB/s: 2,506.22
Max BW GB/s: 4,096.00

---Traffic---
In-Die bisection_bytes BW (GB/s): 512.00
Inter-board traffic (msg/ns): 0.00, per-link: 0.00
Inter-pack traffic (msg/ns): 0.00, per-link: 0.00
Inter-die traffic (msg/ns): 0.00, per-link: 0.00
Ruche traffic (msg/ns): 0.00, per-link: 0.00
All traffic (msg/ns): 2,731.65, per-link: 2.67
Inter-die reduction wrt all: inf
Inter-board reduction wrt inter-die: -nan

---Data Movement---
All traffic (msg): 5,511,903,426
Arith. Intensity FLOP/Loads: 0.47
Arith. Intensity FLOP/Msgs: 0.05
Arith. Intensity OPS/Loads: 1.22
Arith. Intensity OPS/Msgs: 0.14

Simulation time: 182.69
Sim noc_cy/s: 11,044.60
Sim Msg/s: 30,170,003.53

Version 31

