Dataset:  Kron22/
Dry run: 0
Open Edge Count File succesfully
Edges Traversed BFS: 128309848
Found Vertices: 4194304, Edges: 128311436
avg degree 31
Array  Kron22/node_array.bin found
Malloc array of size 16777220 bytes
Readin array of size 16777216 bytes
Finished Reading Array Bytes
No reordering Array 32bit
Array  Kron22/edge_array.bin found
Malloc array of size 513245744 bytes
Readin array of size 513245744 bytes
Finished Reading Array Bytes
No reordering Array 32bit
Reading graph elapsed time: 0.499888s

Dataset Footprint: 505 MiB
Dataset Footprint per Board: 4240.44 Mb
Dataset injection time (ms): 0.258816
Max Dataset Footprint: 1026 MiB

Dataset footprint per tile: 505 KiB
Proxys footprint per tile: 0 KiB
Reserved SRAM per tile: 4 KiB

Ideal SRAM per tile: 509 KiB
reserved_words_for_dataset:12857
dataset_words_per_tile:129408
remaining_sram_words:64286
min_dcache_sram_words_required:13023
dataset_words_per_tile:129408
min_pcache_sram_words_required:0
proxys_words_per_tile:0
Dcache footprint ratio: 3
Dataset Cached: 1
DCache: 63664 words, lines: 3979, sets: 3979
Proxys Cached: 0
Pcache: 0 words, sets: 0
Node per tile: 4,096
Edge per tile: 125,305
GRID_X: 32
GRID_SIZE: 1,024
smt_per_tile: 1
noc_freq: 1
pu_freq: 1
RUCHE_X: 0
PROXY_W: 32
DIE_W: 32
DIE_H: 32
DIES: 1
BORDER_TILES_PER_DIE: 128
PACK_W: 32
PACK_H: 32
DIES_PACK_FACTOR: 1
DIES_PER_PACK: 1
PACKAGES: 1
BOARD_W: 32
BOARD_H: 32
BOARDS: 1
MUX_BUS: 1
DCACHE: 1
PCACHE: 0
PROXY_FACTOR: 1
CACHE_WAYS: 1
TORUS: 1
PHY_NOCS: 1
WIDE_NOC_ID: 0
NOC_CONF: 1
noc_width: 32
hbm_channel_bit_width: 512
ld_st_op_byte_width: 4
PROXY_ROUTING: 0
WRITE_THROUGH: 0
ASSERT_MODE: 0
GLOBAL_BARRIER: 0
OQ flits: 6 ; 64 ; 2
IQ flits: 6 ; 1,024 ; 32
OQ messages: 2 ; 32 ; 1
IQ messages: 2 ; 512 ; 16
max_task2 size: 64
io_factor_t2: 16
io_factor_t3: 16
io_factor_t3b: 16

Active SRAM Storage per tile: 255 KiB
Total SRAM Storage per tile: 256 KiB
Agreggated SRAM Storage: 256 MiB

Active DRAM Storage per tile: 0.493164 MiB
Total DRAM Storage per tile: 8 MiB
Agreggated DRAM Storage: 8 GiB

Inter-Die #links: 1,024
Inter-Die (Gbits): 32,768
Inter-Die (Gbits/mm): 606.445
Bisection BW of Board (Gbits): 8,192
Border IO #Dies: 4
Border IO Die BW (Gbits): 4,096
Off-Board BW Total (Gbits): 16,384
Off-Board BW Density (Gbits/mm): 212
Die side: 13.51 mm
Die border wire density: 606.44 Gbits/mm
HBM wire density: 303.22 Gbits/mm

Tiles per Die: 1,024 (32x32)
Tile Area: 0.12 mm2, side: 0.35 mm
- Core/Rout Area: 0.05 mm2
- SRAM Area: 0.07 mm2
- SRAM/Logic Ratio: 1.40x

Dies per Package: 1 (1x1)
Die Area: 182.47 mm2, side: 13.51 mm
- Tiles Area: 125.98 mm2
- PHY Area: 47.49 mm2
- MC Area: 9.00 mm2

Packages per Board: 1 (1x1)
Package Area: 372.47 mm2, side: 19.30 mm
- IOdie Area: 80.00 mm2
- Dies Area: 182.47 mm2
- HBM Area: 110.00 mm2

Boards: 1 (1x1)
Board Area: 372.47 mm2
Total Area: 372.47 mm2



ESTIMATED COST OF SILICON AND PACKAGING. ONLY VARIABLE, NO FIXED COSTS
Good dies per wafer 3d: 186
Good dies per wafer 2d: 272
--Dies 3D Cost: 32.51 $
--Dies 2.5D Cost: 22.23 $
--Dies 2D Cost: 22.23 $
--HBM Cost: 60.00 $
--IOdie Cost: 8.44 $
--Packaging Cost 3d: 7.25 $
--Packaging Cost 2.5d: 12.38 $
--Packaging Cost 2d: 4.60 $
SiP Cost 3d: 108.20 $
SiP Cost 2.5d: 103.05 $
SiP Cost 2d: 35.27 $
--Board Cost: 0.37 $
Total SiPs Cost 3d: 108.58 $
Total SiPs Cost 2.5d: 103.43 $
Total SiPs Cost 2d: 35.64 $

Perf counters initialized
Mesh connected
Cache structures initialized
proxys initialized
Dataset structures initialized


Starting Simulation
INIT epoch: 1
INIT epoch: 1
INIT epoch: 1
INIT epoch: 1
INIT epoch: 1
INIT epoch: 1
INIT epoch: 1
INIT epoch: 1

===PRINTING FRAME STATS

FCollision In Avg:-nan, SD:-nan, Max:74, Min:6
FCollision Out Avg:-nan, SD:-nan, Max:52, Min:10
FCollision End Avg:-nan, SD:-nan, Max:18, Min:0
FTask1 Avg:-nan, SD:-nan, Max:65, Min:37
FTask2 Avg:-nan, SD:-nan, Max:0, Min:0
FTask3 Avg:-nan, SD:-nan, Max:60, Min:35
FCore Active Avg:-nan, SD:-nan, Max:100, Min:96
FRouter Active Avg:-nan, SD:-nan, Max:80, Min:67
T1 invocations: 255,238
T2 invocations: 0
T3 invocations: 7,498,939
T3b invocations: 0
Total3 invocations: 7,498,939
Total4 invocations: 0

T3/T2 ratio: inf
T3b/T3 ratio: 0

T1 avg ex cycles: 228
T2 avg ex cycles: -nan
T3&b avg ex cycles: 6
T4 avg ex cycles: -nan
Avg. hops NOC1: -nan
Avg. latency NOC1 (T2): -nan
Avg. hops NOC2: 18
Avg. latency NOC2 (T3): 5,049

===PRINTING ACUM STATS at pu_cycles: 100,528

ACollision In Avg:-nan, SD:-nan, Max:74, Min:6
ACollision Out Avg:-nan, SD:-nan, Max:52, Min:10
ACollision End Avg:-nan, SD:-nan, Max:18, Min:0
ATask1 Avg:-nan, SD:-nan, Max:65, Min:37
ATask2 Avg:-nan, SD:-nan, Max:0, Min:0
ATask3 Avg:-nan, SD:-nan, Max:60, Min:35
ACore Active Avg:-nan, SD:-nan, Max:100, Min:96
ARouter Active Avg:-nan, SD:-nan, Max:80, Min:67
T1 invocations: 255,238
T2 invocations: 0
T3 invocations: 7,498,939
T3b invocations: 0
Total3 invocations: 7,498,939
Total4 invocations: 0

T3/T2 ratio: inf
T3b/T3 ratio: 0

T1 avg ex cycles: 228
T2 avg ex cycles: -nan
T3&b avg ex cycles: 6
T4 avg ex cycles: -nan
Avg. hops NOC1: -nan
Avg. latency NOC1 (T2): -nan
Avg. hops NOC2: 18
Avg. latency NOC2 (T3): 5,049
Number of K Nodes Processed: 7,534
Number of K Edges Processed: 7,534
Node Re-explore factor: 1.80
Edge Re-explore factor: 0.06
Nodes/cy: 75
Edges/cy: 75
TEPS: 1,276

---DCache---
DCache Size: 63,664
DRAM words: 129,408
  DHits: 11,947,490
  DMisses: 767,262
  DHit Rate (hit/miss): 94%
  DEvictions: 51,249
  DEviction Rate (evict/misses): 7%
  MC Transactions: 802,114
  MC Writes: 25,100
Avg. Transactions: 100% , Writes: 3%, Avg. Latency: 47
Max MC id: 5 of 8. Transactions: 100% , Writes: 3%, MC mean Latency: 46
HBM refresh energy (nJ): 0
HBM access energy (nJ): 1,519,524
MemC wire energy 2.5d (nJ): 575,320
MemC wire energy 3d (nJ): 143,830

---Energy---
Leakage Energy (nJ): 17,607
PU Dyn E (nJ): 438,427
Mem Dyn E (nJ): 3,231,631
Route Dyn E (nJ): 650,959
Dynamic Energy (nJ): 4,321,017
Ratio of Dyn/Leak: 245
Total Energy (nJ): 4,338,624
Total Energy (nJ) 3D: 4,197,115
Cores Energy (nJ): 438,707
Route Energy (nJ): 651,881
Route Energy (nJ) 3D: 941,861
Mem Energy   (nJ): 3,248,037
Mem Energy   (nJ) 3D: 2,816,547
Avg. Power (mW): 43,158.36
Power Density (mW/mm2): 115.87

---Runtime---
Runtime in K cycles: 100.53
Microseconds: 100.53
Time per iteration (ms): 0.10

---Throughput---
GOP/s (aka OPS/ns): 642.11
GOP/s per core: 0.63
FLOP/s: 78.77
FLOP/s per core: 0.08
Max Peak FLOP/s: 1,024.00
Avg. BW GB/s: 2,450.91
Max BW GB/s: 4,096.00

---Traffic---
In-Die bisection_bytes BW (GB/s): 512.00
Inter-board traffic (msg/ns): 0.00, per-link: 0.00
Inter-pack traffic (msg/ns): 0.00, per-link: 0.00
Inter-die traffic (msg/ns): 0.00, per-link: 0.00
Ruche traffic (msg/ns): 0.00, per-link: 0.00
All traffic (msg/ns): 2,944.87, per-link: 2.88
Inter-die reduction wrt all: inf
Inter-board reduction wrt inter-die: -nan

---Data Movement---
All traffic (msg): 296,041,410
Arith. Intensity FLOP/Loads: 0.20
Arith. Intensity FLOP/Msgs: 0.03
Arith. Intensity OPS/Loads: 1.66
Arith. Intensity OPS/Msgs: 0.22



===Core Utilization Total=== CORE-S:1;; TIME K cy:100 ;; Nodes Proc: 938,031 -- Edges Proc: 0

===PRINTING FRAME STATS

FCollision In Avg:11, SD:2, Max:36, Min:7
FCollision Out Avg:1, SD:3, Max:37, Min:0
FCollision End Avg:0, SD:0, Max:0, Min:0
FTask1 Avg:75, SD:7, Max:86, Min:49
FTask2 Avg:0, SD:0, Max:0, Min:0
FTask3 Avg:25, SD:7, Max:51, Min:14
FCore Active Avg:100, SD:0, Max:100, Min:99
FRouter Active Avg:92, SD:2, Max:96, Min:73
T1 invocations: 348,263
T2 invocations: 0
T3 invocations: 11,093,744
T3b invocations: 0
Total3 invocations: 11,093,744
Total4 invocations: 0

T3/T2 ratio: inf
T3b/T3 ratio: 0

T1 avg ex cycles: 220
T2 avg ex cycles: -nan
T3&b avg ex cycles: 2
T4 avg ex cycles: -nan
Avg. hops NOC1: -nan
Avg. latency NOC1 (T2): -nan
Avg. hops NOC2: 17
Avg. latency NOC2 (T3): 3,668

===PRINTING ACUM STATS at pu_cycles: 200,495

ACollision In Avg:19, SD:5, Max:43, Min:8
ACollision Out Avg:14, SD:4, Max:37, Min:5
ACollision End Avg:0, SD:1, Max:9, Min:0
ATask1 Avg:66, SD:5, Max:75, Min:49
ATask2 Avg:0, SD:0, Max:0, Min:0
ATask3 Avg:34, SD:5, Max:51, Min:25
ACore Active Avg:100, SD:0, Max:100, Min:98
ARouter Active Avg:83, SD:2, Max:87, Min:73
T1 invocations: 600,529
T2 invocations: 0
T3 invocations: 18,502,504
T3b invocations: 0
Total3 invocations: 18,502,504
Total4 invocations: 0

T3/T2 ratio: inf
T3b/T3 ratio: 0

T1 avg ex cycles: 223
T2 avg ex cycles: -nan
T3&b avg ex cycles: 4
T4 avg ex cycles: -nan
Avg. hops NOC1: -nan
Avg. latency NOC1 (T2): -nan
Avg. hops NOC2: 17
Avg. latency NOC2 (T3): 4,221
Number of K Nodes Processed: 18,671
Number of K Edges Processed: 18,671
Node Re-explore factor: 4.45
Edge Re-explore factor: 0.15
Nodes/cy: 93
Edges/cy: 93
TEPS: 640

---DCache---
DCache Size: 63,664
DRAM words: 129,408
  DHits: 28,932,086
  DMisses: 1,511,026
  DHit Rate (hit/miss): 95%
  DEvictions: 149,927
  DEviction Rate (evict/misses): 10%
  MC Transactions: 1,601,878
  MC Writes: 74,699
Avg. Transactions: 100% , Writes: 5%, Avg. Latency: 30
Max MC id: 5 of 8. Transactions: 100% , Writes: 5%, MC mean Latency: 29
HBM refresh energy (nJ): 0
HBM access energy (nJ): 3,034,597
MemC wire energy 2.5d (nJ): 1,148,954
MemC wire energy 3d (nJ): 287,238

---Energy---
Leakage Energy (nJ): 35,116
PU Dyn E (nJ): 1,053,076
Mem Dyn E (nJ): 6,955,948
Route Dyn E (nJ): 1,550,498
Dynamic Energy (nJ): 9,559,523
Ratio of Dyn/Leak: 272
Total Energy (nJ): 9,594,639
Total Energy (nJ) 3D: 9,423,617
Cores Energy (nJ): 1,053,635
Route Energy (nJ): 1,552,335
Route Energy (nJ) 3D: 2,243,030
Mem Energy   (nJ): 6,988,669
Mem Energy   (nJ) 3D: 6,126,954
Avg. Power (mW): 47,854.75
Power Density (mW/mm2): 128.48

---Runtime---
Runtime in K cycles: 200.50
Microseconds: 200.50
Time per iteration (ms): 0.20

---Throughput---
GOP/s (aka OPS/ns): 775.07
GOP/s per core: 0.76
FLOP/s: 94.42
FLOP/s per core: 0.09
Max Peak FLOP/s: 1,024.00
Avg. BW GB/s: 3,006.15
Max BW GB/s: 4,096.00

---Traffic---
In-Die bisection_bytes BW (GB/s): 512.00
Inter-board traffic (msg/ns): 0.00, per-link: 0.00
Inter-pack traffic (msg/ns): 0.00, per-link: 0.00
Inter-die traffic (msg/ns): 0.00, per-link: 0.00
Ruche traffic (msg/ns): 0.00, per-link: 0.00
All traffic (msg/ns): 3,472.54, per-link: 3.39
Inter-die reduction wrt all: inf
Inter-board reduction wrt inter-die: -nan

---Data Movement---
All traffic (msg): 696,227,570
Arith. Intensity FLOP/Loads: 0.20
Arith. Intensity FLOP/Msgs: 0.03
Arith. Intensity OPS/Loads: 1.64
Arith. Intensity OPS/Msgs: 0.22



===Core Utilization Total=== CORE-S:2;; TIME K cy:200 ;; Nodes Proc: 2,324,430 -- Edges Proc: 0

===PRINTING FRAME STATS

FCollision In Avg:12, SD:2, Max:27, Min:7
FCollision Out Avg:0, SD:1, Max:4, Min:0
FCollision End Avg:0, SD:0, Max:0, Min:0
FTask1 Avg:75, SD:6, Max:86, Min:45
FTask2 Avg:0, SD:0, Max:0, Min:0
FTask3 Avg:25, SD:6, Max:55, Min:14
FCore Active Avg:100, SD:0, Max:100, Min:99
FRouter Active Avg:93, SD:1, Max:96, Min:88
T1 invocations: 351,343
T2 invocations: 0
T3 invocations: 11,176,804
T3b invocations: 0
Total3 invocations: 11,176,804
Total4 invocations: 0

T3/T2 ratio: inf
T3b/T3 ratio: 0

T1 avg ex cycles: 219
T2 avg ex cycles: -nan
T3&b avg ex cycles: 2
T4 avg ex cycles: -nan
Avg. hops NOC1: -nan
Avg. latency NOC1 (T2): -nan
Avg. hops NOC2: 17
Avg. latency NOC2 (T3): 3,643

===PRINTING ACUM STATS at pu_cycles: 300,506

ACollision In Avg:16, SD:3, Max:37, Min:8
ACollision Out Avg:9, SD:2, Max:18, Min:4
ACollision End Avg:0, SD:0, Max:6, Min:0
ATask1 Avg:69, SD:4, Max:78, Min:50
ATask2 Avg:0, SD:0, Max:0, Min:0
ATask3 Avg:31, SD:4, Max:50, Min:22
ACore Active Avg:100, SD:0, Max:100, Min:99
ARouter Active Avg:86, SD:1, Max:89, Min:82
T1 invocations: 954,361
T2 invocations: 0
T3 invocations: 29,767,263
T3b invocations: 0
Total3 invocations: 29,767,263
Total4 invocations: 0

T3/T2 ratio: inf
T3b/T3 ratio: 0

T1 avg ex cycles: 222
T2 avg ex cycles: -nan
T3&b avg ex cycles: 3
T4 avg ex cycles: -nan
Avg. hops NOC1: -nan
Avg. latency NOC1 (T2): -nan
Avg. hops NOC2: 17
Avg. latency NOC2 (T3): 4,002
Number of K Nodes Processed: 29,849
Number of K Edges Processed: 29,849
Node Re-explore factor: 7.12
Edge Re-explore factor: 0.23
Nodes/cy: 99
Edges/cy: 99
TEPS: 427

---DCache---
DCache Size: 63,664
DRAM words: 129,408
  DHits: 46,057,710
  DMisses: 2,255,028
  DHit Rate (hit/miss): 95%
  DEvictions: 249,530
  DEviction Rate (evict/misses): 11%
  MC Transactions: 2,401,983
  MC Writes: 124,537
Avg. Transactions: 100% , Writes: 5%, Avg. Latency: 24
Max MC id: 6 of 8. Transactions: 100% , Writes: 5%, MC mean Latency: 24
HBM refresh energy (nJ): 0
HBM access energy (nJ): 4,550,316
MemC wire energy 2.5d (nJ): 1,722,833
MemC wire energy 3d (nJ): 430,708

---Energy---
Leakage Energy (nJ): 52,632
PU Dyn E (nJ): 1,681,820
Mem Dyn E (nJ): 10,715,611
Route Dyn E (nJ): 2,473,475
Dynamic Energy (nJ): 14,870,906
Ratio of Dyn/Leak: 283
Total Energy (nJ): 14,923,538
Total Energy (nJ) 3D: 14,733,263
Cores Energy (nJ): 1,682,656
Route Energy (nJ): 2,476,229
Route Energy (nJ) 3D: 3,578,078
Mem Energy   (nJ): 10,764,654
Mem Energy   (nJ) 3D: 9,472,529
Avg. Power (mW): 49,661.37
Power Density (mW/mm2): 133.33

---Runtime---
Runtime in K cycles: 300.51
Microseconds: 300.51
Time per iteration (ms): 0.30

---Throughput---
GOP/s (aka OPS/ns): 826.40
GOP/s per core: 0.81
FLOP/s: 100.48
FLOP/s per core: 0.10
Max Peak FLOP/s: 1,024.00
Avg. BW GB/s: 3,219.32
Max BW GB/s: 4,096.00

---Traffic---
In-Die bisection_bytes BW (GB/s): 512.00
Inter-board traffic (msg/ns): 0.00, per-link: 0.00
Inter-pack traffic (msg/ns): 0.00, per-link: 0.00
Inter-die traffic (msg/ns): 0.00, per-link: 0.00
Ruche traffic (msg/ns): 0.00, per-link: 0.00
All traffic (msg/ns): 3,680.84, per-link: 3.59
Inter-die reduction wrt all: inf
Inter-board reduction wrt inter-die: -nan

---Data Movement---
All traffic (msg): 1,106,113,467
Arith. Intensity FLOP/Loads: 0.20
Arith. Intensity FLOP/Msgs: 0.03
Arith. Intensity OPS/Loads: 1.64
Arith. Intensity OPS/Msgs: 0.22



===Core Utilization Total=== CORE-S:3;; TIME K cy:300 ;; Nodes Proc: 3,716,947 -- Edges Proc: 0

===PRINTING FRAME STATS

FCollision In Avg:12, SD:2, Max:20, Min:8
FCollision Out Avg:1, SD:1, Max:3, Min:0
FCollision End Avg:0, SD:0, Max:1, Min:0
FTask1 Avg:75, SD:6, Max:86, Min:48
FTask2 Avg:0, SD:0, Max:0, Min:0
FTask3 Avg:25, SD:6, Max:52, Min:14
FCore Active Avg:100, SD:0, Max:100, Min:99
FRouter Active Avg:93, SD:1, Max:96, Min:89
T1 invocations: 354,846
T2 invocations: 0
T3 invocations: 11,268,631
T3b invocations: 0
Total3 invocations: 11,268,631
Total4 invocations: 0

T3/T2 ratio: inf
T3b/T3 ratio: 0

T1 avg ex cycles: 217
T2 avg ex cycles: -nan
T3&b avg ex cycles: 2
T4 avg ex cycles: -nan
Avg. hops NOC1: -nan
Avg. latency NOC1 (T2): -nan
Avg. hops NOC2: 17
Avg. latency NOC2 (T3): 3,610

===PRINTING ACUM STATS at pu_cycles: 400,494

ACollision In Avg:15, SD:2, Max:27, Min:9
ACollision Out Avg:7, SD:2, Max:13, Min:3
ACollision End Avg:0, SD:0, Max:4, Min:0
ATask1 Avg:71, SD:4, Max:80, Min:51
ATask2 Avg:0, SD:0, Max:0, Min:0
ATask3 Avg:29, SD:4, Max:49, Min:20
ACore Active Avg:100, SD:0, Max:100, Min:99
ARouter Active Avg:88, SD:1, Max:91, Min:85
T1 invocations: 1,308,216
T2 invocations: 0
T3 invocations: 40,999,163
T3b invocations: 0
Total3 invocations: 40,999,163
Total4 invocations: 0

T3/T2 ratio: inf
T3b/T3 ratio: 0

T1 avg ex cycles: 221
T2 avg ex cycles: -nan
T3&b avg ex cycles: 3
T4 avg ex cycles: -nan
Avg. hops NOC1: -nan
Avg. latency NOC1 (T2): -nan
Avg. hops NOC2: 17
Avg. latency NOC2 (T3): 3,895
Number of K Nodes Processed: 41,118
Number of K Edges Processed: 41,118
Node Re-explore factor: 9.80
Edge Re-explore factor: 0.32
Nodes/cy: 103
Edges/cy: 103
TEPS: 320

---DCache---
DCache Size: 63,664
DRAM words: 129,408
  DHits: 63,183,357
  DMisses: 3,001,527
  DHit Rate (hit/miss): 95%
  DEvictions: 343,738
  DEviction Rate (evict/misses): 11%
  MC Transactions: 3,201,898
  MC Writes: 171,499
Avg. Transactions: 100% , Writes: 5%, Avg. Latency: 21
Max MC id: 5 of 8. Transactions: 100% , Writes: 5%, MC mean Latency: 20
HBM refresh energy (nJ): 1
HBM access energy (nJ): 6,065,675
MemC wire energy 2.5d (nJ): 2,296,575
MemC wire energy 3d (nJ): 574,144

---Energy---
Leakage Energy (nJ): 70,145
PU Dyn E (nJ): 2,309,170
Mem Dyn E (nJ): 14,471,005
Route Dyn E (nJ): 3,392,006
Dynamic Energy (nJ): 20,172,182
Ratio of Dyn/Leak: 288
Total Energy (nJ): 20,242,327
Total Energy (nJ) 3D: 20,030,919
Cores Energy (nJ): 2,310,285
Route Energy (nJ): 3,395,676
Route Energy (nJ) 3D: 4,906,700
Mem Energy   (nJ): 14,536,366
Mem Energy   (nJ) 3D: 12,813,934
Avg. Power (mW): 50,543.40
Power Density (mW/mm2): 135.70

---Runtime---
Runtime in K cycles: 400.49
Microseconds: 400.49
Time per iteration (ms): 0.40

---Throughput---
GOP/s (aka OPS/ns): 851.62
GOP/s per core: 0.83
FLOP/s: 103.46
FLOP/s per core: 0.10
Max Peak FLOP/s: 1,024.00
Avg. BW GB/s: 3,323.77
Max BW GB/s: 4,096.00

---Traffic---
In-Die bisection_bytes BW (GB/s): 512.00
Inter-board traffic (msg/ns): 0.00, per-link: 0.00
Inter-pack traffic (msg/ns): 0.00, per-link: 0.00
Inter-die traffic (msg/ns): 0.00, per-link: 0.00
Ruche traffic (msg/ns): 0.00, per-link: 0.00
All traffic (msg/ns): 3,780.80, per-link: 3.69
Inter-die reduction wrt all: inf
Inter-board reduction wrt inter-die: -nan

---Data Movement---
All traffic (msg): 1,514,188,760
Arith. Intensity FLOP/Loads: 0.20
Arith. Intensity FLOP/Msgs: 0.03
Arith. Intensity OPS/Loads: 1.64
Arith. Intensity OPS/Msgs: 0.23



===Core Utilization Total=== CORE-S:4;; TIME K cy:400 ;; Nodes Proc: 5,118,349 -- Edges Proc: 0

===PRINTING FRAME STATS

FCollision In Avg:11, SD:2, Max:19, Min:8
FCollision Out Avg:0, SD:0, Max:2, Min:0
FCollision End Avg:0, SD:0, Max:0, Min:0
FTask1 Avg:75, SD:7, Max:86, Min:52
FTask2 Avg:0, SD:0, Max:0, Min:0
FTask3 Avg:25, SD:7, Max:48, Min:14
FCore Active Avg:100, SD:0, Max:100, Min:99
FRouter Active Avg:92, SD:1, Max:96, Min:89
T1 invocations: 349,760
T2 invocations: 0
T3 invocations: 11,153,161
T3b invocations: 0
Total3 invocations: 11,153,161
Total4 invocations: 0

T3/T2 ratio: inf
T3b/T3 ratio: 0

T1 avg ex cycles: 220
T2 avg ex cycles: -nan
T3&b avg ex cycles: 2
T4 avg ex cycles: -nan
Avg. hops NOC1: -nan
Avg. latency NOC1 (T2): -nan
Avg. hops NOC2: 17
Avg. latency NOC2 (T3): 3,652

===PRINTING ACUM STATS at pu_cycles: 500,527

ACollision In Avg:14, SD:2, Max:25, Min:9
ACollision Out Avg:6, SD:1, Max:11, Min:2
ACollision End Avg:0, SD:0, Max:4, Min:0
ATask1 Avg:72, SD:4, Max:81, Min:52
ATask2 Avg:0, SD:0, Max:0, Min:0
ATask3 Avg:28, SD:4, Max:48, Min:19
ACore Active Avg:100, SD:0, Max:100, Min:99
ARouter Active Avg:89, SD:1, Max:91, Min:86
T1 invocations: 1,659,442
T2 invocations: 0
T3 invocations: 52,214,237
T3b invocations: 0
Total3 invocations: 52,214,237
Total4 invocations: 0

T3/T2 ratio: inf
T3b/T3 ratio: 0

T1 avg ex cycles: 221
T2 avg ex cycles: -nan
T3&b avg ex cycles: 3
T4 avg ex cycles: -nan
Avg. hops NOC1: -nan
Avg. latency NOC1 (T2): -nan
Avg. hops NOC2: 17
Avg. latency NOC2 (T3): 3,842
Number of K Nodes Processed: 52,273
Number of K Edges Processed: 52,273
Node Re-explore factor: 12.46
Edge Re-explore factor: 0.41
Nodes/cy: 104
Edges/cy: 104
TEPS: 256

---DCache---
DCache Size: 63,664
DRAM words: 129,408
  DHits: 80,376,548
  DMisses: 3,744,687
  DHit Rate (hit/miss): 96%
  DEvictions: 445,099
  DEviction Rate (evict/misses): 12%
  MC Transactions: 4,002,054
  MC Writes: 222,547
Avg. Transactions: 100% , Writes: 6%, Avg. Latency: 19
Max MC id: 3 of 8. Transactions: 100% , Writes: 6%, MC mean Latency: 19
HBM refresh energy (nJ): 1
HBM access energy (nJ): 7,581,491
MemC wire energy 2.5d (nJ): 2,870,491
MemC wire energy 3d (nJ): 717,623

---Energy---
Leakage Energy (nJ): 87,665
PU Dyn E (nJ): 2,934,646
Mem Dyn E (nJ): 18,225,211
Route Dyn E (nJ): 4,310,977
Dynamic Energy (nJ): 25,470,834
Ratio of Dyn/Leak: 291
Total Energy (nJ): 25,558,499
Total Energy (nJ) 3D: 25,326,025
Cores Energy (nJ): 2,936,039
Route Energy (nJ): 4,315,564
Route Energy (nJ) 3D: 6,235,957
Mem Energy   (nJ): 18,306,897
Mem Energy   (nJ) 3D: 16,154,029
Avg. Power (mW): 51,063.18
Power Density (mW/mm2): 137.09

---Runtime---
Runtime in K cycles: 500.53
Microseconds: 500.53
Time per iteration (ms): 0.50

---Throughput---
GOP/s (aka OPS/ns): 866.15
GOP/s per core: 0.85
FLOP/s: 105.16
FLOP/s per core: 0.10
Max Peak FLOP/s: 1,024.00
Avg. BW GB/s: 3,384.75
Max BW GB/s: 4,096.00

---Traffic---
In-Die bisection_bytes BW (GB/s): 512.00
Inter-board traffic (msg/ns): 0.00, per-link: 0.00
Inter-pack traffic (msg/ns): 0.00, per-link: 0.00
Inter-die traffic (msg/ns): 0.00, per-link: 0.00
Ruche traffic (msg/ns): 0.00, per-link: 0.00
All traffic (msg/ns): 3,840.77, per-link: 3.75
Inter-die reduction wrt all: inf
Inter-board reduction wrt inter-die: -nan

---Data Movement---
All traffic (msg): 1,922,410,312
Arith. Intensity FLOP/Loads: 0.20
Arith. Intensity FLOP/Msgs: 0.03
Arith. Intensity OPS/Loads: 1.63
Arith. Intensity OPS/Msgs: 0.23



===Core Utilization Total=== CORE-S:5;; TIME K cy:500 ;; Nodes Proc: 6,505,322 -- Edges Proc: 0

===PRINTING FRAME STATS

FCollision In Avg:12, SD:2, Max:20, Min:7
FCollision Out Avg:1, SD:1, Max:3, Min:0
FCollision End Avg:0, SD:0, Max:0, Min:0
FTask1 Avg:75, SD:6, Max:86, Min:47
FTask2 Avg:0, SD:0, Max:0, Min:0
FTask3 Avg:25, SD:6, Max:53, Min:14
FCore Active Avg:100, SD:0, Max:100, Min:100
FRouter Active Avg:93, SD:1, Max:96, Min:89
T1 invocations: 355,763
T2 invocations: 0
T3 invocations: 11,312,355
T3b invocations: 0
Total3 invocations: 11,312,355
Total4 invocations: 0

T3/T2 ratio: inf
T3b/T3 ratio: 0

T1 avg ex cycles: 217
T2 avg ex cycles: -nan
T3&b avg ex cycles: 2
T4 avg ex cycles: -nan
Avg. hops NOC1: -nan
Avg. latency NOC1 (T2): -nan
Avg. hops NOC2: 17
Avg. latency NOC2 (T3): 3,604

===PRINTING ACUM STATS at pu_cycles: 600,480

ACollision In Avg:14, SD:2, Max:22, Min:9
ACollision Out Avg:5, SD:1, Max:9, Min:2
ACollision End Avg:0, SD:0, Max:3, Min:0
ATask1 Avg:72, SD:4, Max:79, Min:52
ATask2 Avg:0, SD:0, Max:0, Min:0
ATask3 Avg:28, SD:4, Max:48, Min:20
ACore Active Avg:100, SD:0, Max:100, Min:99
ARouter Active Avg:89, SD:1, Max:92, Min:86
T1 invocations: 2,013,181
T2 invocations: 0
T3 invocations: 63,476,204
T3b invocations: 0
Total3 invocations: 63,476,204
Total4 invocations: 0

T3/T2 ratio: inf
T3b/T3 ratio: 0

T1 avg ex cycles: 220
T2 avg ex cycles: -nan
T3&b avg ex cycles: 3
T4 avg ex cycles: -nan
Avg. hops NOC1: -nan
Avg. latency NOC1 (T2): -nan
Avg. hops NOC2: 17
Avg. latency NOC2 (T3): 3,800
Number of K Nodes Processed: 63,584
Number of K Edges Processed: 63,584
Node Re-explore factor: 15.16
Edge Re-explore factor: 0.50
Nodes/cy: 106
Edges/cy: 106
TEPS: 214

---DCache---
DCache Size: 63,664
DRAM words: 129,408
  DHits: 97,817,848
  DMisses: 4,493,096
  DHit Rate (hit/miss): 96%
  DEvictions: 602,330
  DEviction Rate (evict/misses): 13%
  MC Transactions: 4,801,758
  MC Writes: 267,726
Avg. Transactions: 100% , Writes: 6%, Avg. Latency: 18
Max MC id: 2 of 8. Transactions: 100% , Writes: 6%, MC mean Latency: 18
HBM refresh energy (nJ): 1
HBM access energy (nJ): 9,096,450
MemC wire energy 2.5d (nJ): 3,444,082
MemC wire energy 3d (nJ): 861,020

---Energy---
Leakage Energy (nJ): 105,171
PU Dyn E (nJ): 3,562,868
Mem Dyn E (nJ): 21,987,894
Route Dyn E (nJ): 5,231,291
Dynamic Energy (nJ): 30,782,054
Ratio of Dyn/Leak: 293
Total Energy (nJ): 30,887,225
Total Energy (nJ) 3D: 30,634,526
Cores Energy (nJ): 3,564,540
Route Energy (nJ): 5,236,793
Route Energy (nJ) 3D: 7,567,155
Mem Energy   (nJ): 22,085,893
Mem Energy   (nJ) 3D: 19,502,831
Avg. Power (mW): 51,437.56
Power Density (mW/mm2): 138.10

---Runtime---
Runtime in K cycles: 600.48
Microseconds: 600.48
Time per iteration (ms): 0.60

---Throughput---
GOP/s (aka OPS/ns): 876.63
GOP/s per core: 0.86
FLOP/s: 106.40
FLOP/s per core: 0.10
Max Peak FLOP/s: 1,024.00
Avg. BW GB/s: 3,428.44
Max BW GB/s: 4,096.00

---Traffic---
In-Die bisection_bytes BW (GB/s): 512.00
Inter-board traffic (msg/ns): 0.00, per-link: 0.00
Inter-pack traffic (msg/ns): 0.00, per-link: 0.00
Inter-die traffic (msg/ns): 0.00, per-link: 0.00
Ruche traffic (msg/ns): 0.00, per-link: 0.00
All traffic (msg/ns): 3,882.29, per-link: 3.79
Inter-die reduction wrt all: inf
Inter-board reduction wrt inter-die: -nan

---Data Movement---
All traffic (msg): 2,331,235,866
Arith. Intensity FLOP/Loads: 0.20
Arith. Intensity FLOP/Msgs: 0.03
Arith. Intensity OPS/Loads: 1.63
Arith. Intensity OPS/Msgs: 0.23



===Core Utilization Total=== CORE-S:6;; TIME K cy:600 ;; Nodes Proc: 7,912,699 -- Edges Proc: 0

===PRINTING FRAME STATS

FCollision In Avg:12, SD:2, Max:18, Min:8
FCollision Out Avg:1, SD:0, Max:3, Min:0
FCollision End Avg:0, SD:0, Max:0, Min:0
FTask1 Avg:75, SD:6, Max:85, Min:39
FTask2 Avg:0, SD:0, Max:0, Min:0
FTask3 Avg:25, SD:6, Max:61, Min:15
FCore Active Avg:100, SD:0, Max:100, Min:99
FRouter Active Avg:93, SD:1, Max:96, Min:88
T1 invocations: 356,052
T2 invocations: 0
T3 invocations: 11,331,112
T3b invocations: 0
Total3 invocations: 11,331,112
Total4 invocations: 0

T3/T2 ratio: inf
T3b/T3 ratio: 0

T1 avg ex cycles: 217
T2 avg ex cycles: -nan
T3&b avg ex cycles: 2
T4 avg ex cycles: -nan
Avg. hops NOC1: -nan
Avg. latency NOC1 (T2): -nan
Avg. hops NOC2: 17
Avg. latency NOC2 (T3): 3,591

===PRINTING ACUM STATS at pu_cycles: 700,520

ACollision In Avg:14, SD:2, Max:21, Min:9
ACollision Out Avg:4, SD:1, Max:8, Min:2
ACollision End Avg:0, SD:0, Max:3, Min:0
ATask1 Avg:73, SD:4, Max:80, Min:50
ATask2 Avg:0, SD:0, Max:0, Min:0
ATask3 Avg:27, SD:4, Max:50, Min:20
ACore Active Avg:100, SD:0, Max:100, Min:99
ARouter Active Avg:90, SD:1, Max:92, Min:87
T1 invocations: 2,369,576
T2 invocations: 0
T3 invocations: 74,810,714
T3b invocations: 0
Total3 invocations: 74,810,714
Total4 invocations: 0

T3/T2 ratio: inf
T3b/T3 ratio: 0

T1 avg ex cycles: 219
T2 avg ex cycles: -nan
T3&b avg ex cycles: 3
T4 avg ex cycles: -nan
Avg. hops NOC1: -nan
Avg. latency NOC1 (T2): -nan
Avg. hops NOC2: 17
Avg. latency NOC2 (T3): 3,769
Number of K Nodes Processed: 74,917
Number of K Edges Processed: 74,917
Node Re-explore factor: 17.86
Edge Re-explore factor: 0.58
Nodes/cy: 107
Edges/cy: 107
TEPS: 183

---DCache---
DCache Size: 63,664
DRAM words: 129,408
  DHits: 115,129,691
  DMisses: 5,241,357
  DHit Rate (hit/miss): 96%
  DEvictions: 1,221,946
  DEviction Rate (evict/misses): 23%
  MC Transactions: 5,602,012
  MC Writes: 313,611
Avg. Transactions: 100% , Writes: 6%, Avg. Latency: 17
Max MC id: 6 of 8. Transactions: 100% , Writes: 6%, MC mean Latency: 17
HBM refresh energy (nJ): 1
HBM access energy (nJ): 10,612,451
MemC wire energy 2.5d (nJ): 4,018,068
MemC wire energy 3d (nJ): 1,004,517

---Energy---
Leakage Energy (nJ): 122,693
PU Dyn E (nJ): 4,196,204
Mem Dyn E (nJ): 25,759,902
Route Dyn E (nJ): 6,160,975
Dynamic Energy (nJ): 36,117,082
Ratio of Dyn/Leak: 294
Total Energy (nJ): 36,239,775
Total Energy (nJ) 3D: 35,970,730
Cores Energy (nJ): 4,198,154
Route Energy (nJ): 6,167,394
Route Energy (nJ) 3D: 8,911,899
Mem Energy   (nJ): 25,874,227
Mem Energy   (nJ) 3D: 22,860,676
Avg. Power (mW): 51,732.68
Power Density (mW/mm2): 138.89

---Runtime---
Runtime in K cycles: 700.52
Microseconds: 700.52
Time per iteration (ms): 0.70

---Throughput---
GOP/s (aka OPS/ns): 885.07
GOP/s per core: 0.86
FLOP/s: 107.40
FLOP/s per core: 0.10
Max Peak FLOP/s: 1,024.00
Avg. BW GB/s: 3,462.86
Max BW GB/s: 4,096.00

---Traffic---
In-Die bisection_bytes BW (GB/s): 512.00
Inter-board traffic (msg/ns): 0.00, per-link: 0.00
Inter-pack traffic (msg/ns): 0.00, per-link: 0.00
Inter-die traffic (msg/ns): 0.00, per-link: 0.00
Ruche traffic (msg/ns): 0.00, per-link: 0.00
All traffic (msg/ns): 3,916.93, per-link: 3.83
Inter-die reduction wrt all: inf
Inter-board reduction wrt inter-die: -nan

---Data Movement---
All traffic (msg): 2,743,889,342
Arith. Intensity FLOP/Loads: 0.20
Arith. Intensity FLOP/Msgs: 0.03
Arith. Intensity OPS/Loads: 1.63
Arith. Intensity OPS/Msgs: 0.23



===Core Utilization Total=== CORE-S:7;; TIME K cy:700 ;; Nodes Proc: 9,321,989 -- Edges Proc: 0

===PRINTING FRAME STATS

FCollision In Avg:12, SD:2, Max:20, Min:8
FCollision Out Avg:0, SD:0, Max:3, Min:0
FCollision End Avg:0, SD:0, Max:0, Min:0
FTask1 Avg:75, SD:6, Max:86, Min:52
FTask2 Avg:0, SD:0, Max:0, Min:0
FTask3 Avg:25, SD:6, Max:48, Min:14
FCore Active Avg:100, SD:0, Max:100, Min:99
FRouter Active Avg:93, SD:1, Max:95, Min:89
T1 invocations: 351,845
T2 invocations: 0
T3 invocations: 11,208,176
T3b invocations: 0
Total3 invocations: 11,208,176
Total4 invocations: 0

T3/T2 ratio: inf
T3b/T3 ratio: 0

T1 avg ex cycles: 219
T2 avg ex cycles: -nan
T3&b avg ex cycles: 2
T4 avg ex cycles: -nan
Avg. hops NOC1: -nan
Avg. latency NOC1 (T2): -nan
Avg. hops NOC2: 17
Avg. latency NOC2 (T3): 3,636

===PRINTING ACUM STATS at pu_cycles: 800,508

ACollision In Avg:14, SD:2, Max:19, Min:9
ACollision Out Avg:4, SD:1, Max:7, Min:2
ACollision End Avg:0, SD:0, Max:2, Min:0
ATask1 Avg:73, SD:4, Max:81, Min:51
ATask2 Avg:0, SD:0, Max:0, Min:0
ATask3 Avg:27, SD:4, Max:49, Min:19
ACore Active Avg:100, SD:0, Max:100, Min:99
ARouter Active Avg:90, SD:1, Max:93, Min:87
T1 invocations: 2,722,652
T2 invocations: 0
T3 invocations: 86,064,400
T3b invocations: 0
Total3 invocations: 86,064,400
Total4 invocations: 0

T3/T2 ratio: inf
T3b/T3 ratio: 0

T1 avg ex cycles: 219
T2 avg ex cycles: -nan
T3&b avg ex cycles: 3
T4 avg ex cycles: -nan
Avg. hops NOC1: -nan
Avg. latency NOC1 (T2): -nan
Avg. hops NOC2: 17
Avg. latency NOC2 (T3): 3,751
Number of K Nodes Processed: 86,124
Number of K Edges Processed: 86,124
Node Re-explore factor: 20.53
Edge Re-explore factor: 0.67
Nodes/cy: 108
Edges/cy: 108
TEPS: 160

---DCache---
DCache Size: 63,664
DRAM words: 129,408
  DHits: 132,414,535
  DMisses: 5,986,319
  DHit Rate (hit/miss): 96%
  DEvictions: 1,961,371
  DEviction Rate (evict/misses): 33%
  MC Transactions: 6,401,975
  MC Writes: 362,720
Avg. Transactions: 100% , Writes: 6%, Avg. Latency: 16
Max MC id: 6 of 8. Transactions: 100% , Writes: 6%, MC mean Latency: 16
HBM refresh energy (nJ): 2
HBM access energy (nJ): 12,127,901
MemC wire energy 2.5d (nJ): 4,591,845
MemC wire energy 3d (nJ): 1,147,961

---Energy---
Leakage Energy (nJ): 140,205
PU Dyn E (nJ): 4,824,142
Mem Dyn E (nJ): 29,520,006
Route Dyn E (nJ): 7,080,477
Dynamic Energy (nJ): 41,424,626
Ratio of Dyn/Leak: 295
Total Energy (nJ): 41,564,831
Total Energy (nJ) 3D: 41,275,059
Cores Energy (nJ): 4,826,371
Route Energy (nJ): 7,087,812
Route Energy (nJ) 3D: 10,241,924
Mem Energy   (nJ): 29,650,649
Mem Energy   (nJ) 3D: 26,206,765
Avg. Power (mW): 51,923.07
Power Density (mW/mm2): 139.40

---Runtime---
Runtime in K cycles: 800.51
Microseconds: 800.51
Time per iteration (ms): 0.80

---Throughput---
GOP/s (aka OPS/ns): 890.47
GOP/s per core: 0.87
FLOP/s: 108.04
FLOP/s per core: 0.11
Max Peak FLOP/s: 1,024.00
Avg. BW GB/s: 3,485.43
Max BW GB/s: 4,096.00

---Traffic---
In-Die bisection_bytes BW (GB/s): 512.00
Inter-board traffic (msg/ns): 0.00, per-link: 0.00
Inter-pack traffic (msg/ns): 0.00, per-link: 0.00
Inter-die traffic (msg/ns): 0.00, per-link: 0.00
Ruche traffic (msg/ns): 0.00, per-link: 0.00
All traffic (msg/ns): 3,937.99, per-link: 3.85
Inter-die reduction wrt all: inf
Inter-board reduction wrt inter-die: -nan

---Data Movement---
All traffic (msg): 3,152,389,351
Arith. Intensity FLOP/Loads: 0.20
Arith. Intensity FLOP/Msgs: 0.03
Arith. Intensity OPS/Loads: 1.63
Arith. Intensity OPS/Msgs: 0.23



===Core Utilization Total=== CORE-S:8;; TIME K cy:800 ;; Nodes Proc: 10,716,005 -- Edges Proc: 0

===PRINTING FRAME STATS

FCollision In Avg:12, SD:2, Max:19, Min:8
FCollision Out Avg:0, SD:0, Max:3, Min:0
FCollision End Avg:0, SD:0, Max:0, Min:0
FTask1 Avg:75, SD:6, Max:86, Min:49
FTask2 Avg:0, SD:0, Max:0, Min:0
FTask3 Avg:25, SD:6, Max:51, Min:14
FCore Active Avg:100, SD:0, Max:100, Min:99
FRouter Active Avg:93, SD:1, Max:96, Min:88
T1 invocations: 352,470
T2 invocations: 0
T3 invocations: 11,227,998
T3b invocations: 0
Total3 invocations: 11,227,998
Total4 invocations: 0

T3/T2 ratio: inf
T3b/T3 ratio: 0

T1 avg ex cycles: 219
T2 avg ex cycles: -nan
T3&b avg ex cycles: 2
T4 avg ex cycles: -nan
Avg. hops NOC1: -nan
Avg. latency NOC1 (T2): -nan
Avg. hops NOC2: 17
Avg. latency NOC2 (T3): 3,628

===PRINTING ACUM STATS at pu_cycles: 900,510

ACollision In Avg:13, SD:1, Max:18, Min:9
ACollision Out Avg:3, SD:1, Max:6, Min:2
ACollision End Avg:0, SD:0, Max:2, Min:0
ATask1 Avg:73, SD:4, Max:81, Min:51
ATask2 Avg:0, SD:0, Max:0, Min:0
ATask3 Avg:27, SD:4, Max:49, Min:19
ACore Active Avg:100, SD:0, Max:100, Min:100
ARouter Active Avg:90, SD:1, Max:93, Min:87
T1 invocations: 3,076,046
T2 invocations: 0
T3 invocations: 97,326,058
T3b invocations: 0
Total3 invocations: 97,326,058
Total4 invocations: 0

T3/T2 ratio: inf
T3b/T3 ratio: 0

T1 avg ex cycles: 219
T2 avg ex cycles: -nan
T3&b avg ex cycles: 3
T4 avg ex cycles: -nan
Avg. hops NOC1: -nan
Avg. latency NOC1 (T2): -nan
Avg. hops NOC2: 17
Avg. latency NOC2 (T3): 3,737
Number of K Nodes Processed: 97,354
Number of K Edges Processed: 97,354
Node Re-explore factor: 23.21
Edge Re-explore factor: 0.76
Nodes/cy: 108
Edges/cy: 108
TEPS: 142

---DCache---
DCache Size: 63,664
DRAM words: 129,408
  DHits: 149,760,882
  DMisses: 6,732,227
  DHit Rate (hit/miss): 96%
  DEvictions: 2,706,182
  DEviction Rate (evict/misses): 40%
  MC Transactions: 7,201,991
  MC Writes: 411,077
Avg. Transactions: 100% , Writes: 6%, Avg. Latency: 16
Max MC id: 6 of 8. Transactions: 100% , Writes: 6%, MC mean Latency: 16
HBM refresh energy (nJ): 2
HBM access energy (nJ): 13,643,451
MemC wire energy 2.5d (nJ): 5,165,659
MemC wire energy 3d (nJ): 1,291,415

---Energy---
Leakage Energy (nJ): 157,720
PU Dyn E (nJ): 5,452,671
Mem Dyn E (nJ): 33,282,248
Route Dyn E (nJ): 8,001,847
Dynamic Energy (nJ): 46,736,766
Ratio of Dyn/Leak: 296
Total Energy (nJ): 46,894,486
Total Energy (nJ) 3D: 46,584,792
Cores Energy (nJ): 5,455,177
Route Energy (nJ): 8,010,098
Route Energy (nJ) 3D: 11,574,649
Mem Energy   (nJ): 33,429,211
Mem Energy   (nJ) 3D: 29,554,967
Avg. Power (mW): 52,075.48
Power Density (mW/mm2): 139.81

---Runtime---
Runtime in K cycles: 900.51
Microseconds: 900.51
Time per iteration (ms): 0.90

---Throughput---
GOP/s (aka OPS/ns): 894.76
GOP/s per core: 0.87
FLOP/s: 108.55
FLOP/s per core: 0.11
Max Peak FLOP/s: 1,024.00
Avg. BW GB/s: 3,503.25
Max BW GB/s: 4,096.00

---Traffic---
In-Die bisection_bytes BW (GB/s): 512.00
Inter-board traffic (msg/ns): 0.00, per-link: 0.00
Inter-pack traffic (msg/ns): 0.00, per-link: 0.00
Inter-die traffic (msg/ns): 0.00, per-link: 0.00
Ruche traffic (msg/ns): 0.00, per-link: 0.00
All traffic (msg/ns): 3,955.13, per-link: 3.86
Inter-die reduction wrt all: inf
Inter-board reduction wrt inter-die: -nan

---Data Movement---
All traffic (msg): 3,561,637,451
Arith. Intensity FLOP/Loads: 0.20
Arith. Intensity FLOP/Msgs: 0.03
Arith. Intensity OPS/Loads: 1.63
Arith. Intensity OPS/Msgs: 0.23



===Core Utilization Total=== CORE-S:9;; TIME K cy:900 ;; Nodes Proc: 12,112,090 -- Edges Proc: 0

===PRINTING FRAME STATS

FCollision In Avg:12, SD:2, Max:18, Min:8
FCollision Out Avg:0, SD:0, Max:2, Min:0
FCollision End Avg:0, SD:0, Max:0, Min:0
FTask1 Avg:75, SD:6, Max:86, Min:48
FTask2 Avg:0, SD:0, Max:0, Min:0
FTask3 Avg:25, SD:6, Max:52, Min:14
FCore Active Avg:100, SD:0, Max:100, Min:100
FRouter Active Avg:93, SD:1, Max:96, Min:88
T1 invocations: 353,860
T2 invocations: 0
T3 invocations: 11,271,149
T3b invocations: 0
Total3 invocations: 11,271,149
Total4 invocations: 0

T3/T2 ratio: inf
T3b/T3 ratio: 0

T1 avg ex cycles: 218
T2 avg ex cycles: -nan
T3&b avg ex cycles: 2
T4 avg ex cycles: -nan
Avg. hops NOC1: -nan
Avg. latency NOC1 (T2): -nan
Avg. hops NOC2: 17
Avg. latency NOC2 (T3): 3,615

===PRINTING ACUM STATS at pu_cycles: 1,000,520

ACollision In Avg:13, SD:1, Max:18, Min:10
ACollision Out Avg:3, SD:1, Max:6, Min:1
ACollision End Avg:0, SD:0, Max:2, Min:0
ATask1 Avg:73, SD:4, Max:82, Min:51
ATask2 Avg:0, SD:0, Max:0, Min:0
ATask3 Avg:27, SD:4, Max:49, Min:18
ACore Active Avg:100, SD:0, Max:100, Min:100
ARouter Active Avg:91, SD:1, Max:93, Min:88
T1 invocations: 3,429,906
T2 invocations: 0
T3 invocations: 108,597,207
T3b invocations: 0
Total3 invocations: 108,597,207
Total4 invocations: 0

T3/T2 ratio: inf
T3b/T3 ratio: 0

T1 avg ex cycles: 219
T2 avg ex cycles: -nan
T3&b avg ex cycles: 3
T4 avg ex cycles: -nan
Avg. hops NOC1: -nan
Avg. latency NOC1 (T2): -nan
Avg. hops NOC2: 17
Avg. latency NOC2 (T3): 3,724
Number of K Nodes Processed: 108,626
Number of K Edges Processed: 108,626
Node Re-explore factor: 25.90
Edge Re-explore factor: 0.85
Nodes/cy: 109
Edges/cy: 109
TEPS: 128

---DCache---
DCache Size: 63,664
DRAM words: 129,408
  DHits: 167,076,578
  DMisses: 7,479,485
  DHit Rate (hit/miss): 96%
  DEvictions: 3,452,689
  DEviction Rate (evict/misses): 46%
  MC Transactions: 8,002,096
  MC Writes: 458,282
Avg. Transactions: 100% , Writes: 6%, Avg. Latency: 15
Max MC id: 5 of 8. Transactions: 100% , Writes: 6%, MC mean Latency: 14
HBM refresh energy (nJ): 2
HBM access energy (nJ): 15,159,170
MemC wire energy 2.5d (nJ): 5,739,538
MemC wire energy 3d (nJ): 1,434,885

---Energy---
Leakage Energy (nJ): 175,236
PU Dyn E (nJ): 6,081,875
Mem Dyn E (nJ): 37,045,582
Route Dyn E (nJ): 8,925,002
Dynamic Energy (nJ): 52,052,459
Ratio of Dyn/Leak: 297
Total Energy (nJ): 52,227,695
Total Energy (nJ) 3D: 51,898,826
Cores Energy (nJ): 6,084,660
Route Energy (nJ): 8,934,169
Route Energy (nJ) 3D: 12,909,954
Mem Energy   (nJ): 37,208,867
Mem Energy   (nJ) 3D: 32,904,213
Avg. Power (mW): 52,200.55
Power Density (mW/mm2): 140.15

---Runtime---
Runtime in K cycles: 1,000.52
Microseconds: 1,000.52
Time per iteration (ms): 1.00

---Throughput---
GOP/s (aka OPS/ns): 898.28
GOP/s per core: 0.88
FLOP/s: 108.96
FLOP/s per core: 0.11
Max Peak FLOP/s: 1,024.00
Avg. BW GB/s: 3,517.81
Max BW GB/s: 4,096.00

---Traffic---
In-Die bisection_bytes BW (GB/s): 512.00
Inter-board traffic (msg/ns): 0.00, per-link: 0.00
Inter-pack traffic (msg/ns): 0.00, per-link: 0.00
Inter-die traffic (msg/ns): 0.00, per-link: 0.00
Ruche traffic (msg/ns): 0.00, per-link: 0.00
All traffic (msg/ns): 3,969.54, per-link: 3.88
Inter-die reduction wrt all: inf
Inter-board reduction wrt inter-die: -nan

---Data Movement---
All traffic (msg): 3,971,605,672
Arith. Intensity FLOP/Loads: 0.20
Arith. Intensity FLOP/Msgs: 0.03
Arith. Intensity OPS/Loads: 1.63
Arith. Intensity OPS/Msgs: 0.23



===Core Utilization Total=== CORE-S:10;; TIME K cy:1,000 ;; Nodes Proc: 13,515,546 -- Edges Proc: 0

===PRINTING FRAME STATS

FCollision In Avg:12, SD:2, Max:19, Min:6
FCollision Out Avg:0, SD:0, Max:2, Min:0
FCollision End Avg:0, SD:0, Max:0, Min:0
FTask1 Avg:74, SD:8, Max:85, Min:20
FTask2 Avg:0, SD:0, Max:0, Min:0
FTask3 Avg:24, SD:6, Max:45, Min:14
FCore Active Avg:98, SD:7, Max:100, Min:36
FRouter Active Avg:92, SD:1, Max:96, Min:89
T1 invocations: 350,784
T2 invocations: 0
T3 invocations: 11,225,447
T3b invocations: 0
Total3 invocations: 11,225,447
Total4 invocations: 0

T3/T2 ratio: inf
T3b/T3 ratio: 0

T1 avg ex cycles: 215
T2 avg ex cycles: -nan
T3&b avg ex cycles: 2
T4 avg ex cycles: -nan
Avg. hops NOC1: -nan
Avg. latency NOC1 (T2): -nan
Avg. hops NOC2: 17
Avg. latency NOC2 (T3): 3,551

===PRINTING ACUM STATS at pu_cycles: 1,100,454

ACollision In Avg:13, SD:1, Max:17, Min:10
ACollision Out Avg:3, SD:1, Max:5, Min:1
ACollision End Avg:0, SD:0, Max:2, Min:0
ATask1 Avg:73, SD:4, Max:81, Min:52
ATask2 Avg:0, SD:0, Max:0, Min:0
ATask3 Avg:26, SD:4, Max:48, Min:18
ACore Active Avg:100, SD:1, Max:100, Min:94
ARouter Active Avg:91, SD:1, Max:93, Min:88
T1 invocations: 3,780,042
T2 invocations: 0
T3 invocations: 119,796,594
T3b invocations: 0
Total3 invocations: 119,796,594
Total4 invocations: 0

T3/T2 ratio: inf
T3b/T3 ratio: 0

T1 avg ex cycles: 219
T2 avg ex cycles: -nan
T3&b avg ex cycles: 2
T4 avg ex cycles: -nan
Avg. hops NOC1: -nan
Avg. latency NOC1 (T2): -nan
Avg. hops NOC2: 17
Avg. latency NOC2 (T3): 3,708
Number of K Nodes Processed: 119,847
Number of K Edges Processed: 119,847
Node Re-explore factor: 28.57
Edge Re-explore factor: 0.93
Nodes/cy: 109
Edges/cy: 109
TEPS: 117

---DCache---
DCache Size: 63,664
DRAM words: 129,408
  DHits: 184,305,429
  DMisses: 8,222,429
  DHit Rate (hit/miss): 96%
  DEvictions: 4,195,091
  DEviction Rate (evict/misses): 51%
  MC Transactions: 8,800,683
  MC Writes: 508,268
Avg. Transactions: 100% , Writes: 6%, Avg. Latency: 15
Max MC id: 1 of 8. Transactions: 100% , Writes: 6%, MC mean Latency: 15
HBM refresh energy (nJ): 3
HBM access energy (nJ): 16,672,013
MemC wire energy 2.5d (nJ): 6,312,328
MemC wire energy 3d (nJ): 1,578,082

---Energy---
Leakage Energy (nJ): 192,739
PU Dyn E (nJ): 6,704,610
Mem Dyn E (nJ): 40,793,038
Route Dyn E (nJ): 9,835,606
Dynamic Energy (nJ): 57,333,255
Ratio of Dyn/Leak: 297
Total Energy (nJ): 57,525,994
Total Energy (nJ) 3D: 57,173,176
Cores Energy (nJ): 6,707,673
Route Energy (nJ): 9,845,690
Route Energy (nJ) 3D: 14,227,118
Mem Energy   (nJ): 40,972,632
Mem Energy   (nJ) 3D: 36,238,386
Avg. Power (mW): 52,274.78
Power Density (mW/mm2): 140.35

---Runtime---
Runtime in K cycles: 1,100.45
Microseconds: 1,100.45
Time per iteration (ms): 1.10

---Throughput---
GOP/s (aka OPS/ns): 900.38
GOP/s per core: 0.88
FLOP/s: 109.20
FLOP/s per core: 0.11
Max Peak FLOP/s: 1,024.00
Avg. BW GB/s: 3,527.46
Max BW GB/s: 4,096.00

---Traffic---
In-Die bisection_bytes BW (GB/s): 512.00
Inter-board traffic (msg/ns): 0.00, per-link: 0.00
Inter-pack traffic (msg/ns): 0.00, per-link: 0.00
Inter-die traffic (msg/ns): 0.00, per-link: 0.00
Ruche traffic (msg/ns): 0.00, per-link: 0.00
All traffic (msg/ns): 3,976.97, per-link: 3.88
Inter-die reduction wrt all: inf
Inter-board reduction wrt inter-die: -nan

---Data Movement---
All traffic (msg): 4,376,472,215
Arith. Intensity FLOP/Loads: 0.20
Arith. Intensity FLOP/Msgs: 0.03
Arith. Intensity OPS/Loads: 1.63
Arith. Intensity OPS/Msgs: 0.23



===Core Utilization Total=== CORE-S:11;; TIME K cy:1,100 ;; Nodes Proc: 14,914,737 -- Edges Proc: 0

===PRINTING FRAME STATS

FCollision In Avg:5, SD:2, Max:12, Min:1
FCollision Out Avg:0, SD:0, Max:1, Min:0
FCollision End Avg:0, SD:0, Max:0, Min:0
FTask1 Avg:44, SD:30, Max:88, Min:0
FTask2 Avg:0, SD:0, Max:0, Min:0
FTask3 Avg:15, SD:2, Max:30, Min:9
FCore Active Avg:59, SD:32, Max:100, Min:9
FRouter Active Avg:72, SD:4, Max:90, Min:60
T1 invocations: 220,914
T2 invocations: 0
T3 invocations: 7,334,849
T3b invocations: 0
Total3 invocations: 7,334,849
Total4 invocations: 0

T3/T2 ratio: inf
T3b/T3 ratio: 0

T1 avg ex cycles: 204
T2 avg ex cycles: -nan
T3&b avg ex cycles: 2
T4 avg ex cycles: -nan
Avg. hops NOC1: -nan
Avg. latency NOC1 (T2): -nan
Avg. hops NOC2: 16
Avg. latency NOC2 (T3): 2,973

===PRINTING ACUM STATS at pu_cycles: 1,200,463

ACollision In Avg:12, SD:1, Max:16, Min:9
ACollision Out Avg:3, SD:1, Max:5, Min:1
ACollision End Avg:0, SD:0, Max:1, Min:0
ATask1 Avg:71, SD:2, Max:79, Min:53
ATask2 Avg:0, SD:0, Max:0, Min:0
ATask3 Avg:25, SD:4, Max:47, Min:17
ACore Active Avg:96, SD:3, Max:100, Min:87
ARouter Active Avg:89, SD:1, Max:92, Min:86
T1 invocations: 4,001,286
T2 invocations: 0
T3 invocations: 127,143,934
T3b invocations: 0
Total3 invocations: 127,143,934
Total4 invocations: 0

T3/T2 ratio: inf
T3b/T3 ratio: 0

T1 avg ex cycles: 218
T2 avg ex cycles: -nan
T3&b avg ex cycles: 2
T4 avg ex cycles: -nan
Avg. hops NOC1: -nan
Avg. latency NOC1 (T2): -nan
Avg. hops NOC2: 17
Avg. latency NOC2 (T3): 3,666
Number of K Nodes Processed: 127,159
Number of K Edges Processed: 127,159
Node Re-explore factor: 30.32
Edge Re-explore factor: 0.99
Nodes/cy: 106
Edges/cy: 106
TEPS: 107

---DCache---
DCache Size: 63,664
DRAM words: 129,408
  DHits: 196,714,292
  DMisses: 8,686,868
  DHit Rate (hit/miss): 96%
  DEvictions: 4,659,693
  DEviction Rate (evict/misses): 54%
  MC Transactions: 9,292,024
  MC Writes: 532,957
Avg. Transactions: 97% , Writes: 6%, Avg. Latency: 14
Max MC id: 3 of 8. Transactions: 97% , Writes: 6%, MC mean Latency: 14
HBM refresh energy (nJ): 3
HBM access energy (nJ): 17,602,810
MemC wire energy 2.5d (nJ): 6,664,745
MemC wire energy 3d (nJ): 1,666,186

---Energy---
Leakage Energy (nJ): 210,255
PU Dyn E (nJ): 7,101,195
Mem Dyn E (nJ): 43,174,403
Route Dyn E (nJ): 10,413,683
Dynamic Energy (nJ): 60,689,282
Ratio of Dyn/Leak: 289
Total Energy (nJ): 60,899,537
Total Energy (nJ) 3D: 60,539,920
Cores Energy (nJ): 7,104,537
Route Energy (nJ): 10,424,683
Route Energy (nJ) 3D: 15,063,625
Mem Energy   (nJ): 43,370,319
Mem Energy   (nJ) 3D: 38,371,760
Avg. Power (mW): 50,730.04
Power Density (mW/mm2): 136.20

---Runtime---
Runtime in K cycles: 1,200.46
Microseconds: 1,200.46
Time per iteration (ms): 1.20

---Throughput---
GOP/s (aka OPS/ns): 874.36
GOP/s per core: 0.85
FLOP/s: 105.98
FLOP/s per core: 0.10
Max Peak FLOP/s: 1,024.00
Avg. BW GB/s: 3,429.73
Max BW GB/s: 4,096.00

---Traffic---
In-Die bisection_bytes BW (GB/s): 512.00
Inter-board traffic (msg/ns): 0.00, per-link: 0.00
Inter-pack traffic (msg/ns): 0.00, per-link: 0.00
Inter-die traffic (msg/ns): 0.00, per-link: 0.00
Ruche traffic (msg/ns): 0.00, per-link: 0.00
All traffic (msg/ns): 3,859.72, per-link: 3.77
Inter-die reduction wrt all: inf
Inter-board reduction wrt inter-die: -nan

---Data Movement---
All traffic (msg): 4,633,452,416
Arith. Intensity FLOP/Loads: 0.20
Arith. Intensity FLOP/Msgs: 0.03
Arith. Intensity OPS/Loads: 1.63
Arith. Intensity OPS/Msgs: 0.23



===Core Utilization Total=== CORE-S:12;; TIME K cy:1,200 ;; Nodes Proc: 15,821,908 -- Edges Proc: 0
======== IT IS COLD ======= Only 33 Tiles active

===PRINTING FRAME STATS

FCollision In Avg:0, SD:0, Max:4, Min:0
FCollision Out Avg:0, SD:0, Max:0, Min:0
FCollision End Avg:0, SD:0, Max:0, Min:0
FTask1 Avg:7, SD:18, Max:98, Min:0
FTask2 Avg:0, SD:0, Max:0, Min:0
FTask3 Avg:2, SD:1, Max:21, Min:1
FCore Active Avg:9, SD:19, Max:100, Min:1
FRouter Active Avg:15, SD:5, Max:70, Min:7
T1 invocations: 31,300
T2 invocations: 0
T3 invocations: 1,088,222
T3b invocations: 0
Total3 invocations: 1,088,222
Total4 invocations: 0

T3/T2 ratio: inf
T3b/T3 ratio: 0

T1 avg ex cycles: 217
T2 avg ex cycles: -nan
T3&b avg ex cycles: 2
T4 avg ex cycles: -nan
Avg. hops NOC1: -nan
Avg. latency NOC1 (T2): -nan
Avg. hops NOC2: 16
Avg. latency NOC2 (T3): 2,780

===PRINTING ACUM STATS at pu_cycles: 1,300,384

ACollision In Avg:11, SD:1, Max:15, Min:8
ACollision Out Avg:2, SD:1, Max:4, Min:1
ACollision End Avg:0, SD:0, Max:1, Min:0
ATask1 Avg:66, SD:2, Max:73, Min:57
ATask2 Avg:0, SD:0, Max:0, Min:0
ATask3 Avg:24, SD:3, Max:43, Min:16
ACore Active Avg:90, SD:4, Max:100, Min:81
ARouter Active Avg:84, SD:1, Max:89, Min:80
T1 invocations: 4,032,583
T2 invocations: 0
T3 invocations: 128,229,849
T3b invocations: 0
Total3 invocations: 128,229,849
Total4 invocations: 0

T3/T2 ratio: inf
T3b/T3 ratio: 0

T1 avg ex cycles: 218
T2 avg ex cycles: -nan
T3&b avg ex cycles: 2
T4 avg ex cycles: -nan
Avg. hops NOC1: -nan
Avg. latency NOC1 (T2): -nan
Avg. hops NOC2: 17
Avg. latency NOC2 (T3): 3,658
Number of K Nodes Processed: 128,231
Number of K Edges Processed: 128,231
Node Re-explore factor: 30.57
Edge Re-explore factor: 1.00
Nodes/cy: 99
Edges/cy: 99
TEPS: 99

---DCache---
DCache Size: 63,664
DRAM words: 129,408
  DHits: 198,700,620
  DMisses: 8,753,020
  DHit Rate (hit/miss): 96%
  DEvictions: 4,725,861
  DEviction Rate (evict/misses): 54%
  MC Transactions: 9,362,484
  MC Writes: 537,234
Avg. Transactions: 90% , Writes: 5%, Avg. Latency: 14
Max MC id: 6 of 8. Transactions: 90% , Writes: 5%, MC mean Latency: 14
HBM refresh energy (nJ): 3
HBM access energy (nJ): 17,736,289
MemC wire energy 2.5d (nJ): 6,715,283
MemC wire energy 3d (nJ): 1,678,821

---Energy---
Leakage Energy (nJ): 227,756
PU Dyn E (nJ): 7,157,737
Mem Dyn E (nJ): 43,521,548
Route Dyn E (nJ): 10,494,523
Dynamic Energy (nJ): 61,173,809
Ratio of Dyn/Leak: 269
Total Energy (nJ): 61,401,565
Total Energy (nJ) 3D: 61,040,056
Cores Energy (nJ): 7,161,357
Route Energy (nJ): 10,506,438
Route Energy (nJ) 3D: 15,181,391
Mem Energy   (nJ): 43,733,771
Mem Energy   (nJ) 3D: 38,697,309
Avg. Power (mW): 47,218.03
Power Density (mW/mm2): 126.77

---Runtime---
Runtime in K cycles: 1,300.38
Microseconds: 1,300.38
Time per iteration (ms): 1.30

---Throughput---
GOP/s (aka OPS/ns): 813.65
GOP/s per core: 0.79
FLOP/s: 98.60
FLOP/s per core: 0.10
Max Peak FLOP/s: 1,024.00
Avg. BW GB/s: 3,192.66
Max BW GB/s: 4,096.00

---Traffic---
In-Die bisection_bytes BW (GB/s): 512.00
Inter-board traffic (msg/ns): 0.00, per-link: 0.00
Inter-pack traffic (msg/ns): 0.00, per-link: 0.00
Inter-die traffic (msg/ns): 0.00, per-link: 0.00
Ruche traffic (msg/ns): 0.00, per-link: 0.00
All traffic (msg/ns): 3,590.91, per-link: 3.51
Inter-die reduction wrt all: inf
Inter-board reduction wrt inter-die: -nan

---Data Movement---
All traffic (msg): 4,669,563,648
Arith. Intensity FLOP/Loads: 0.20
Arith. Intensity FLOP/Msgs: 0.03
Arith. Intensity OPS/Loads: 1.63
Arith. Intensity OPS/Msgs: 0.23



===Core Utilization Total=== CORE-S:13;; TIME K cy:1,300 ;; Nodes Proc: 15,955,973 -- Edges Proc: 0
======== IT IS COLD ======= Only 1 Tiles active

===PRINTING FRAME STATS

FCollision In Avg:0, SD:0, Max:1, Min:0
FCollision Out Avg:0, SD:0, Max:0, Min:0
FCollision End Avg:0, SD:0, Max:0, Min:0
FTask1 Avg:0, SD:5, Max:96, Min:0
FTask2 Avg:0, SD:0, Max:0, Min:0
FTask3 Avg:0, SD:0, Max:4, Min:0
FCore Active Avg:1, SD:5, Max:100, Min:0
FRouter Active Avg:1, SD:2, Max:32, Min:0
T1 invocations: 2,173
T2 invocations: 0
T3 invocations: 76,695
T3b invocations: 0
Total3 invocations: 76,695
Total4 invocations: 0

T3/T2 ratio: inf
T3b/T3 ratio: 0

T1 avg ex cycles: 222
T2 avg ex cycles: -nan
T3&b avg ex cycles: 2
T4 avg ex cycles: -nan
Avg. hops NOC1: -nan
Avg. latency NOC1 (T2): -nan
Avg. hops NOC2: 15
Avg. latency NOC2 (T3): 4,934

===PRINTING ACUM STATS at pu_cycles: 1,400,011

ACollision In Avg:11, SD:1, Max:14, Min:8
ACollision Out Avg:2, SD:0, Max:4, Min:1
ACollision End Avg:0, SD:0, Max:1, Min:0
ATask1 Avg:61, SD:2, Max:68, Min:57
ATask2 Avg:0, SD:0, Max:0, Min:0
ATask3 Avg:22, SD:3, Max:43, Min:15
ACore Active Avg:83, SD:3, Max:100, Min:75
ARouter Active Avg:78, SD:1, Max:86, Min:75
T1 invocations: 4,034,768
T2 invocations: 0
T3 invocations: 128,305,968
T3b invocations: 0
Total3 invocations: 128,305,968
Total4 invocations: 0

T3/T2 ratio: inf
T3b/T3 ratio: 0

T1 avg ex cycles: 218
T2 avg ex cycles: -nan
T3&b avg ex cycles: 2
T4 avg ex cycles: -nan
Avg. hops NOC1: -nan
Avg. latency NOC1 (T2): -nan
Avg. hops NOC2: 17
Avg. latency NOC2 (T3): 3,659
Number of K Nodes Processed: 128,306
Number of K Edges Processed: 128,306
Node Re-explore factor: 30.59
Edge Re-explore factor: 1.00
Nodes/cy: 92
Edges/cy: 92
TEPS: 92

---DCache---
DCache Size: 63,664
DRAM words: 129,408
  DHits: 198,839,341
  DMisses: 8,757,700
  DHit Rate (hit/miss): 96%
  DEvictions: 4,730,541
  DEviction Rate (evict/misses): 54%
  MC Transactions: 9,367,597
  MC Writes: 537,667
Avg. Transactions: 84% , Writes: 5%, Avg. Latency: 14
Max MC id: 6 of 8. Transactions: 84% , Writes: 5%, MC mean Latency: 14
HBM refresh energy (nJ): 3
HBM access energy (nJ): 17,745,975
MemC wire energy 2.5d (nJ): 6,718,950
MemC wire energy 3d (nJ): 1,679,737

---Energy---
Leakage Energy (nJ): 245,205
PU Dyn E (nJ): 7,161,684
Mem Dyn E (nJ): 43,546,319
Route Dyn E (nJ): 10,499,890
Dynamic Energy (nJ): 61,207,893
Ratio of Dyn/Leak: 250
Total Energy (nJ): 61,453,098
Total Energy (nJ) 3D: 61,091,229
Cores Energy (nJ): 7,165,580
Route Energy (nJ): 10,512,718
Route Energy (nJ) 3D: 15,190,061
Mem Energy   (nJ): 43,774,801
Mem Energy   (nJ) 3D: 38,735,588
Avg. Power (mW): 43,894.73
Power Density (mW/mm2): 117.85

---Runtime---
Runtime in K cycles: 1,400.01
Microseconds: 1,400.01
Time per iteration (ms): 1.40

---Throughput---
GOP/s (aka OPS/ns): 756.17
GOP/s per core: 0.74
FLOP/s: 91.64
FLOP/s per core: 0.09
Max Peak FLOP/s: 1,024.00
Avg. BW GB/s: 2,967.19
Max BW GB/s: 4,096.00

---Traffic---
In-Die bisection_bytes BW (GB/s): 512.00
Inter-board traffic (msg/ns): 0.00, per-link: 0.00
Inter-pack traffic (msg/ns): 0.00, per-link: 0.00
Inter-die traffic (msg/ns): 0.00, per-link: 0.00
Ruche traffic (msg/ns): 0.00, per-link: 0.00
All traffic (msg/ns): 3,337.10, per-link: 3.26
Inter-die reduction wrt all: inf
Inter-board reduction wrt inter-die: -nan

---Data Movement---
All traffic (msg): 4,671,983,549
Arith. Intensity FLOP/Loads: 0.20
Arith. Intensity FLOP/Msgs: 0.03
Arith. Intensity OPS/Loads: 1.63
Arith. Intensity OPS/Msgs: 0.23



===Core Utilization Total=== CORE-S:14;; TIME K cy:1,400 ;; Nodes Proc: 15,965,053 -- Edges Proc: 0
======== IT IS COLD ======= Only 0 Tiles active
Epoch Done Router: 7
Epoch Done Router: 2
Epoch Done Router: 4
Epoch Done Router: 1
Epoch Done Router: 0
Epoch Done Router: 5
Epoch Done Router: 6
Epoch Done Router: 3
##EPOCH## 1 COMPLETED at Time (K cy): 1,435
Nodes processed until now: 128,311,436
Edges processed until now: 0
Program Done Worker Thread: 0
Program Done Router Thread: 2
Program Done Worker Thread: 5
Program Done Worker Thread: 7
Program Done Router Thread: 1
Program Done Router Thread: 4
Program Done Router Thread: 6
Program Done Router Thread: 3
Program Done Router Thread: 5
Program Done Worker Thread: 6
Program Done Worker Thread: 3
Program Done Router Thread: 7
Program Done Worker Thread: 2
Program Done Worker Thread: 1
Program Done Worker Thread: 4
Program Done Router Thread: 0

===PRINTING ACUM STATS at pu_cycles: 1,435,663

ACollision In Avg:10, SD:1, Max:13, Min:8
ACollision Out Avg:2, SD:0, Max:4, Min:1
ACollision End Avg:0, SD:0, Max:1, Min:0
ATask1 Avg:60, SD:2, Max:66, Min:56
ATask2 Avg:0, SD:0, Max:0, Min:0
ATask3 Avg:21, SD:3, Max:39, Min:15
ACore Active Avg:81, SD:3, Max:100, Min:73
ARouter Active Avg:76, SD:1, Max:79, Min:73
T1 invocations: 4,035,370
T2 invocations: 0
T3 invocations: 128,311,436
T3b invocations: 0
Total3 invocations: 128,311,436
Total4 invocations: 0

T3/T2 ratio: inf
T3b/T3 ratio: 0

T1 avg ex cycles: 218
T2 avg ex cycles: -nan
T3&b avg ex cycles: 2
T4 avg ex cycles: -nan
Avg. hops NOC1: -nan
Avg. latency NOC1 (T2): -nan
Avg. hops NOC2: 17
Avg. latency NOC2 (T3): 3,659

Runtime at program end in K cycles: 1,435
Runtime before cooldown in K cycles: 1,100


Number of K Nodes Processed: 128,311
Number of K Edges Processed: 128,311
Node Re-explore factor: 30.59
Edge Re-explore factor: 1.00
Nodes/cy: 89
Edges/cy: 89
TEPS: 89

---DCache---
DCache Size: 63,664
DRAM words: 129,408
  DHits: 198,849,280
  DMisses: 8,758,081
  DHit Rate (hit/miss): 96%
  DEvictions: 4,730,922
  DEviction Rate (evict/misses): 54%
  MC Transactions: 9,367,978
  MC Writes: 537,667
Avg. Transactions: 82% , Writes: 5%, Avg. Latency: 14
Max MC id: 6 of 8. Transactions: 82% , Writes: 5%, MC mean Latency: 14
HBM refresh energy (nJ): 4
HBM access energy (nJ): 17,746,697
MemC wire energy 2.5d (nJ): 6,719,223
MemC wire energy 3d (nJ): 1,679,806

---Energy---
Leakage Energy (nJ): 251,450
PU Dyn E (nJ): 7,162,632
Mem Dyn E (nJ): 43,548,569
Route Dyn E (nJ): 10,500,368
Dynamic Energy (nJ): 61,211,569
Ratio of Dyn/Leak: 243
Total Energy (nJ): 61,463,019
Total Energy (nJ) 3D: 61,101,158
Cores Energy (nJ): 7,166,628
Route Energy (nJ): 10,513,522
Route Energy (nJ) 3D: 15,191,079
Mem Energy   (nJ): 43,782,869
Mem Energy   (nJ) 3D: 38,743,451
Avg. Power (mW): 42,811.59
Power Density (mW/mm2): 114.94

---Runtime---
Runtime in K cycles: 1,435.66
Microseconds: 1,435.66
Time per iteration (ms): 1.44

---Inst---
K Loads: 649,627
K Stores: 388,969
K Instructions: 1,058,773

---Throughput---
GOP/s (aka OPS/ns): 737.48
GOP/s per core: 0.72
FLOP/s: 89.37
FLOP/s per core: 0.09
Max Peak FLOP/s: 1,024.00
Avg. BW GB/s: 2,893.71
Max BW GB/s: 4,096.00

---Traffic---
In-Die bisection_bytes BW (GB/s): 512.00
Inter-board traffic (msg/ns): 0.00, per-link: 0.00
Inter-pack traffic (msg/ns): 0.00, per-link: 0.00
Inter-die traffic (msg/ns): 0.00, per-link: 0.00
Ruche traffic (msg/ns): 0.00, per-link: 0.00
All traffic (msg/ns): 3,254.38, per-link: 3.18
Inter-die reduction wrt all: inf
Inter-board reduction wrt inter-die: -nan

---Data Movement---
All traffic (msg): 4,672,193,904
Arith. Intensity FLOP/Loads: 0.20
Arith. Intensity FLOP/Msgs: 0.03
Arith. Intensity OPS/Loads: 1.63
Arith. Intensity OPS/Msgs: 0.23

Simulation time: 114.29
Sim noc_cy/s: 12,561.72
Sim Msg/s: 40,880,612.94

Version 31

