Dataset:  Kron22/
Dry run: 0
Open Edge Count File succesfully
Edges Traversed BFS: 128309848
Found Vertices: 4194304, Edges: 128311436
avg degree 31
Array  Kron22/node_array.bin found
Malloc array of size 16777220 bytes
Readin array of size 16777216 bytes
Finished Reading Array Bytes
No reordering Array 32bit
Array  Kron22/edge_array.bin found
Malloc array of size 513245744 bytes
Readin array of size 513245744 bytes
Finished Reading Array Bytes
No reordering Array 32bit
Array  Kron22/edge_values.bin found
Malloc array of size 513245744 bytes
Readin array of size 513245744 bytes
Finished Reading Array Bytes
No reordering Array 32bit
Reading graph elapsed time: 0.427153s

Dataset Footprint: 522 MiB
Dataset Footprint per Board: 4383.05 Mb
Dataset injection time (ms): 0.26752
Max Dataset Footprint: 1026 MiB

Dataset footprint per tile: 522 KiB
Proxys footprint per tile: 0 KiB
Reserved SRAM per tile: 15 KiB

Ideal SRAM per tile: 537 KiB
reserved_words_for_dataset:25428
dataset_words_per_tile:133760
remaining_sram_words:127142
min_dcache_sram_words_required:25771
dataset_words_per_tile:133760
min_pcache_sram_words_required:0
proxys_words_per_tile:0
Dcache footprint ratio: 2
Dataset Cached: 1
DCache: 125904 words, lines: 7869, sets: 7869
Proxys Cached: 0
Pcache: 0 words, sets: 0
Node per tile: 4,096
Edge per tile: 125,305
GRID_X: 32
GRID_SIZE: 1,024
smt_per_tile: 1
noc_freq: 1
pu_freq: 1
RUCHE_X: 8
PROXY_W: 32
DIE_W: 16
DIE_H: 16
DIES: 4
BORDER_TILES_PER_DIE: 64
PACK_W: 32
PACK_H: 32
DIES_PACK_FACTOR: 2
DIES_PER_PACK: 4
PACKAGES: 1
BOARD_W: 32
BOARD_H: 32
BOARDS: 1
MUX_BUS: 1
DCACHE: 1
PCACHE: 0
PROXY_FACTOR: 1
CACHE_WAYS: 1
TORUS: 1
PHY_NOCS: 1
WIDE_NOC_ID: 0
NOC_CONF: 1
noc_width: 32
hbm_channel_bit_width: 512
ld_st_op_byte_width: 4
PROXY_ROUTING: 0
WRITE_THROUGH: 1
ASSERT_MODE: 0
GLOBAL_BARRIER: 0
OQ flits: 36 ; 384 ; 2
IQ flits: 288 ; 3,072 ; 2
OQ messages: 12 ; 192 ; 1
IQ messages: 96 ; 1,536 ; 1
max_task2 size: 64
io_factor_t2: 8
io_factor_t3: 8
io_factor_t3b: 8

Active SRAM Storage per tile: 511 KiB
Total SRAM Storage per tile: 512 KiB
Agreggated SRAM Storage: 512 MiB

Active DRAM Storage per tile: 0.509766 MiB
Total DRAM Storage per tile: 32 MiB
Agreggated DRAM Storage: 32 GiB

Inter-Die #links: 512
Inter-Die (Gbits): 16,384
Inter-Die (Gbits/mm): 448.481
Bisection BW of Board (Gbits): 8,192
Border IO #Dies: 8
Border IO Die BW (Gbits): 2,048
Off-Board BW Total (Gbits): 16,384
Off-Board BW Density (Gbits/mm): 134
Die side: 9.13 mm
Die border wire density: 448.48 Gbits/mm
HBM wire density: 448.48 Gbits/mm

Tiles per Die: 256 (16x16)
Tile Area: 0.20 mm2, side: 0.44 mm
- Core/Rout Area: 0.05 mm2
- SRAM Area: 0.14 mm2
- SRAM/Logic Ratio: 2.64x

Dies per Package: 4 (2x2)
Die Area: 83.41 mm2, side: 9.13 mm
- Tiles Area: 50.67 mm2
- PHY Area: 23.74 mm2
- MC Area: 9.00 mm2

Packages per Board: 1 (1x1)
Package Area: 933.65 mm2, side: 30.56 mm
- IOdie Area: 160.00 mm2
- Dies Area: 333.65 mm2
- HBM Area: 440.00 mm2

Boards: 1 (1x1)
Board Area: 933.65 mm2
Total Area: 933.65 mm2



ESTIMATED COST OF SILICON AND PACKAGING. ONLY VARIABLE, NO FIXED COSTS
Good dies per wafer 3d: 407
Good dies per wafer 2d: 660
--Dies 3D Cost: 59.43 $
--Dies 2.5D Cost: 36.65 $
--Dies 2D Cost: 36.65 $
--HBM Cost: 240.00 $
--IOdie Cost: 16.88 $
--Packaging Cost 3d: 13.28 $
--Packaging Cost 2.5d: 20.86 $
--Packaging Cost 2d: 8.03 $
SiP Cost 3d: 329.59 $
SiP Cost 2.5d: 314.38 $
SiP Cost 2d: 61.56 $
--Board Cost: 0.93 $
Total SiPs Cost 3d: 330.52 $
Total SiPs Cost 2.5d: 315.32 $
Total SiPs Cost 2d: 62.49 $

Perf counters initialized
Mesh connected
Cache structures initialized
Replicas initialized
Allocated Frontier List
Dataset structures initialized


Starting Simulation
INIT epoch: 1
INIT epoch: 1
INIT epoch: 1
INIT epoch: 1
INIT epoch: 1
INIT epoch: 1
INIT epoch: 1
INIT epoch: 1

===PRINTING FRAME STATS

FCollision In Avg:-nan, SD:-nan, Max:295, Min:4
FCollision Out Avg:-nan, SD:-nan, Max:277, Min:4
FCollision End Avg:-nan, SD:-nan, Max:122, Min:0
FTask1 Avg:-nan, SD:-nan, Max:8, Min:0
FTask2 Avg:-nan, SD:-nan, Max:60, Min:0
FTask3 Avg:-nan, SD:-nan, Max:76, Min:30
FCore Active Avg:-nan, SD:-nan, Max:99, Min:37
FRouter Active Avg:-nan, SD:-nan, Max:90, Min:25
T1 invocations: 40,153
T2 invocations: 138,197
T3 invocations: 8,250,203
T3b invocations: 0
Total3 invocations: 8,250,203
Total4 invocations: 1,241

T3/T2 ratio: 60
T3b/T3 ratio: 0

T1 avg ex cycles: 54
T2 avg ex cycles: 126
T3&b avg ex cycles: 6
T4 avg ex cycles: 291
Avg. hops NOC1: 3
Avg. latency NOC1 (T2): 29,944
Avg. hops NOC2: 14
Avg. latency NOC2 (T3): 2,499

===PRINTING ACUM STATS at pu_cycles: 100,442

ACollision In Avg:-nan, SD:-nan, Max:295, Min:4
ACollision Out Avg:-nan, SD:-nan, Max:277, Min:4
ACollision End Avg:-nan, SD:-nan, Max:122, Min:0
ATask1 Avg:-nan, SD:-nan, Max:8, Min:0
ATask2 Avg:-nan, SD:-nan, Max:60, Min:0
ATask3 Avg:-nan, SD:-nan, Max:76, Min:30
ACore Active Avg:-nan, SD:-nan, Max:99, Min:37
ARouter Active Avg:-nan, SD:-nan, Max:90, Min:25
T1 invocations: 40,246
T2 invocations: 138,461
T3 invocations: 8,259,984
T3b invocations: 0
Total3 invocations: 8,259,984
Total4 invocations: 1,243

T3/T2 ratio: 60
T3b/T3 ratio: 0

T1 avg ex cycles: 54
T2 avg ex cycles: 126
T3&b avg ex cycles: 6
T4 avg ex cycles: 291
Avg. hops NOC1: 3
Avg. latency NOC1 (T2): 29,915
Avg. hops NOC2: 14
Avg. latency NOC2 (T3): 2,501
Number of K Nodes Processed: 1,419
Number of K Edges Processed: 8,574
Node Re-explore factor: 0.34
Edge Re-explore factor: 0.07
Nodes/cy: 14
Edges/cy: 85
TEPS: 1,277

---DCache---
DCache Size: 125,904
DRAM words: 133,760
  DHits: 16,686,538
  DMisses: 842,867
  DHit Rate (hit/miss): 95%
  DEvictions: 36,057
  DEviction Rate (evict/misses): 4%
  MC Transactions: 868,477
  MC Writes: 22,856
Avg. Transactions: 27% , Writes: 1%, Avg. Latency: 15
Max MC id: 15 of 32. Transactions: 37% , Writes: 1%, MC mean Latency: 15
HBM refresh energy (nJ): 0
HBM access energy (nJ): 1,645,242
MemC wire energy 2.5d (nJ): 407,011
MemC wire energy 3d (nJ): 101,753

---Energy---
Leakage Energy (nJ): 35,050
PU Dyn E (nJ): 542,037
Mem Dyn E (nJ): 4,066,890
Route Dyn E (nJ): 811,388
Dynamic Energy (nJ): 5,420,315
Ratio of Dyn/Leak: 155
Total Energy (nJ): 5,455,365
Total Energy (nJ) 3D: 5,595,808
Cores Energy (nJ): 542,317
Route Energy (nJ): 813,310
Route Energy (nJ) 3D: 1,259,010
Mem Energy   (nJ): 4,099,739
Mem Energy   (nJ) 3D: 3,794,481
Avg. Power (mW): 54,313.58
Power Density (mW/mm2): 58.17

---Runtime---
Runtime in K cycles: 100.44
Microseconds: 100.44
Time per iteration (ms): 0.10

---Throughput---
GOP/s (aka OPS/ns): 515.39
GOP/s per core: 0.50
FLOP/s: 167.25
FLOP/s per core: 0.16
Max Peak FLOP/s: 1,024.00
Avg. BW GB/s: 3,190.94
Max BW GB/s: 4,096.00

---Traffic---
In-Die bisection_bytes BW (GB/s): 256.00
Inter-board traffic (msg/ns): 0.00, per-link: 0.00
Inter-pack traffic (msg/ns): 0.00, per-link: 0.00
Inter-die traffic (msg/ns): 62.45, per-link: 0.24
Ruche traffic (msg/ns): 54.21, per-link: 0.21
All traffic (msg/ns): 2,442.28, per-link: 2.39
Inter-die reduction wrt all: 39.11
Inter-board reduction wrt inter-die: inf

---Data Movement---
All traffic (msg): 245,307,061
Arith. Intensity FLOP/Loads: 0.42
Arith. Intensity FLOP/Msgs: 0.07
Arith. Intensity OPS/Loads: 1.30
Arith. Intensity OPS/Msgs: 0.21



===Core Utilization Total=== CORE-S:1;; TIME K cy:100 ;; Nodes Proc: 178,463 -- Edges Proc: 1,017,247

===PRINTING FRAME STATS

FCollision In Avg:119, SD:37, Max:309, Min:14
FCollision Out Avg:107, SD:47, Max:249, Min:5
FCollision End Avg:36, SD:37, Max:160, Min:0
FTask1 Avg:3, SD:2, Max:17, Min:0
FTask2 Avg:24, SD:16, Max:64, Min:0
FTask3 Avg:44, SD:6, Max:75, Min:30
FCore Active Avg:71, SD:17, Max:100, Min:33
FRouter Active Avg:86, SD:4, Max:95, Min:37
T1 invocations: 64,204
T2 invocations: 207,754
T3 invocations: 12,048,552
T3b invocations: 0
Total3 invocations: 12,048,552
Total4 invocations: 551

T3/T2 ratio: 58
T3b/T3 ratio: 0

T1 avg ex cycles: 42
T2 avg ex cycles: 117
T3&b avg ex cycles: 4
T4 avg ex cycles: 563
Avg. hops NOC1: 2
Avg. latency NOC1 (T2): 30,986
Avg. hops NOC2: 13
Avg. latency NOC2 (T3): 2,490

===PRINTING ACUM STATS at pu_cycles: 200,900

ACollision In Avg:116, SD:35, Max:282, Min:14
ACollision Out Avg:111, SD:41, Max:248, Min:10
ACollision End Avg:37, SD:30, Max:111, Min:0
ATask1 Avg:2, SD:2, Max:12, Min:0
ATask2 Avg:20, SD:12, Max:55, Min:0
ATask3 Avg:46, SD:5, Max:75, Min:34
ACore Active Avg:69, SD:12, Max:99, Min:37
ARouter Active Avg:78, SD:5, Max:92, Min:31
T1 invocations: 104,715
T2 invocations: 346,558
T3 invocations: 20,323,506
T3b invocations: 0
Total3 invocations: 20,323,506
Total4 invocations: 1,799

T3/T2 ratio: 59
T3b/T3 ratio: 0

T1 avg ex cycles: 46
T2 avg ex cycles: 120
T3&b avg ex cycles: 5
T4 avg ex cycles: 375
Avg. hops NOC1: 3
Avg. latency NOC1 (T2): 30,546
Avg. hops NOC2: 13
Avg. latency NOC2 (T3): 2,497
Number of K Nodes Processed: 2,154
Number of K Edges Processed: 20,643
Node Re-explore factor: 0.51
Edge Re-explore factor: 0.16
Nodes/cy: 11
Edges/cy: 103
TEPS: 639

---DCache---
DCache Size: 125,904
DRAM words: 133,760
  DHits: 39,255,613
  DMisses: 1,645,921
  DHit Rate (hit/miss): 96%
  DEvictions: 105,745
  DEviction Rate (evict/misses): 6%
  MC Transactions: 1,712,607
  MC Writes: 62,114
Avg. Transactions: 27% , Writes: 1%, Avg. Latency: 14
Max MC id: 31 of 32. Transactions: 37% , Writes: 1%, MC mean Latency: 14
HBM refresh energy (nJ): 0
HBM access energy (nJ): 3,244,362
MemC wire energy 2.5d (nJ): 802,611
MemC wire energy 3d (nJ): 200,653

---Energy---
Leakage Energy (nJ): 70,105
PU Dyn E (nJ): 1,255,188
Mem Dyn E (nJ): 8,701,287
Route Dyn E (nJ): 1,931,950
Dynamic Energy (nJ): 11,888,426
Ratio of Dyn/Leak: 170
Total Energy (nJ): 11,958,531
Total Energy (nJ) 3D: 12,411,757
Cores Energy (nJ): 1,255,748
Route Energy (nJ): 1,935,793
Route Energy (nJ) 3D: 2,990,977
Mem Energy   (nJ): 8,766,990
Mem Energy   (nJ) 3D: 8,165,031
Avg. Power (mW): 59,524.79
Power Density (mW/mm2): 63.75

---Runtime---
Runtime in K cycles: 200.90
Microseconds: 200.90
Time per iteration (ms): 0.20

---Throughput---
GOP/s (aka OPS/ns): 556.57
GOP/s per core: 0.54
FLOP/s: 203.67
FLOP/s per core: 0.20
Max Peak FLOP/s: 1,024.00
Avg. BW GB/s: 3,678.58
Max BW GB/s: 4,096.00

---Traffic---
In-Die bisection_bytes BW (GB/s): 256.00
Inter-board traffic (msg/ns): 0.00, per-link: 0.00
Inter-pack traffic (msg/ns): 0.00, per-link: 0.00
Inter-die traffic (msg/ns): 74.79, per-link: 0.29
Ruche traffic (msg/ns): 66.93, per-link: 0.26
All traffic (msg/ns): 2,875.21, per-link: 2.81
Inter-die reduction wrt all: 38.44
Inter-board reduction wrt inter-die: inf

---Data Movement---
All traffic (msg): 577,629,481
Arith. Intensity FLOP/Loads: 0.45
Arith. Intensity FLOP/Msgs: 0.07
Arith. Intensity OPS/Loads: 1.22
Arith. Intensity OPS/Msgs: 0.19



===Core Utilization Total=== CORE-S:2;; TIME K cy:200 ;; Nodes Proc: 270,088 -- Edges Proc: 2,510,750

===PRINTING FRAME STATS

FCollision In Avg:118, SD:37, Max:312, Min:9
FCollision Out Avg:104, SD:50, Max:296, Min:3
FCollision End Avg:34, SD:36, Max:157, Min:0
FTask1 Avg:3, SD:3, Max:18, Min:0
FTask2 Avg:23, SD:16, Max:66, Min:0
FTask3 Avg:41, SD:6, Max:70, Min:27
FCore Active Avg:68, SD:17, Max:100, Min:28
FRouter Active Avg:87, SD:4, Max:95, Min:43
T1 invocations: 88,580
T2 invocations: 230,816
T3 invocations: 12,151,615
T3b invocations: 0
Total3 invocations: 12,151,615
Total4 invocations: 958

T3/T2 ratio: 53
T3b/T3 ratio: 0

T1 avg ex cycles: 38
T2 avg ex cycles: 104
T3&b avg ex cycles: 3
T4 avg ex cycles: 557
Avg. hops NOC1: 2
Avg. latency NOC1 (T2): 25,429
Avg. hops NOC2: 13
Avg. latency NOC2 (T3): 2,137

===PRINTING ACUM STATS at pu_cycles: 300,617

ACollision In Avg:117, SD:32, Max:256, Min:39
ACollision Out Avg:109, SD:40, Max:258, Min:10
ACollision End Avg:36, SD:28, Max:105, Min:0
ATask1 Avg:3, SD:2, Max:11, Min:0
ATask2 Avg:21, SD:11, Max:54, Min:0
ATask3 Avg:44, SD:5, Max:71, Min:33
ACore Active Avg:68, SD:12, Max:97, Min:35
ARouter Active Avg:81, SD:4, Max:91, Min:35
T1 invocations: 192,861
T2 invocations: 576,298
T3 invocations: 32,425,846
T3b invocations: 0
Total3 invocations: 32,425,846
Total4 invocations: 2,754

T3/T2 ratio: 56
T3b/T3 ratio: 0

T1 avg ex cycles: 42
T2 avg ex cycles: 114
T3&b avg ex cycles: 4
T4 avg ex cycles: 438
Avg. hops NOC1: 3
Avg. latency NOC1 (T2): 28,521
Avg. hops NOC2: 13
Avg. latency NOC2 (T3): 2,358
Number of K Nodes Processed: 2,552
Number of K Edges Processed: 32,745
Node Re-explore factor: 0.61
Edge Re-explore factor: 0.26
Nodes/cy: 8
Edges/cy: 109
TEPS: 427

---DCache---
DCache Size: 125,904
DRAM words: 133,760
  DHits: 61,717,800
  DMisses: 2,435,685
  DHit Rate (hit/miss): 96%
  DEvictions: 180,534
  DEviction Rate (evict/misses): 7%
  MC Transactions: 2,542,900
  MC Writes: 100,996
Avg. Transactions: 26% , Writes: 1%, Avg. Latency: 14
Max MC id: 31 of 32. Transactions: 36% , Writes: 1%, MC mean Latency: 13
HBM refresh energy (nJ): 0
HBM access energy (nJ): 4,817,269
MemC wire energy 2.5d (nJ): 1,191,727
MemC wire energy 3d (nJ): 297,932

---Energy---
Leakage Energy (nJ): 104,901
PU Dyn E (nJ): 1,958,729
Mem Dyn E (nJ): 13,254,233
Route Dyn E (nJ): 3,070,867
Dynamic Energy (nJ): 18,283,830
Ratio of Dyn/Leak: 174
Total Energy (nJ): 18,388,731
Total Energy (nJ) 3D: 19,171,031
Cores Energy (nJ): 1,959,566
Route Energy (nJ): 3,076,618
Route Energy (nJ) 3D: 4,752,714
Mem Energy   (nJ): 13,352,547
Mem Energy   (nJ) 3D: 12,458,752
Avg. Power (mW): 61,169.96
Power Density (mW/mm2): 65.52

---Runtime---
Runtime in K cycles: 300.62
Microseconds: 300.62
Time per iteration (ms): 0.30

---Throughput---
GOP/s (aka OPS/ns): 564.10
GOP/s per core: 0.55
FLOP/s: 216.48
FLOP/s per core: 0.21
Max Peak FLOP/s: 1,024.00
Avg. BW GB/s: 3,821.02
Max BW GB/s: 4,096.00

---Traffic---
In-Die bisection_bytes BW (GB/s): 256.00
Inter-board traffic (msg/ns): 0.00, per-link: 0.00
Inter-pack traffic (msg/ns): 0.00, per-link: 0.00
Inter-die traffic (msg/ns): 79.54, per-link: 0.31
Ruche traffic (msg/ns): 71.36, per-link: 0.28
All traffic (msg/ns): 3,044.03, per-link: 2.97
Inter-die reduction wrt all: 38.27
Inter-board reduction wrt inter-die: inf

---Data Movement---
All traffic (msg): 915,087,575
Arith. Intensity FLOP/Loads: 0.46
Arith. Intensity FLOP/Msgs: 0.07
Arith. Intensity OPS/Loads: 1.19
Arith. Intensity OPS/Msgs: 0.19



===Core Utilization Total=== CORE-S:3;; TIME K cy:300 ;; Nodes Proc: 319,443 -- Edges Proc: 4,053,070

===PRINTING FRAME STATS

FCollision In Avg:115, SD:37, Max:286, Min:10
FCollision Out Avg:99, SD:47, Max:313, Min:1
FCollision End Avg:30, SD:33, Max:100, Min:0
FTask1 Avg:4, SD:4, Max:28, Min:0
FTask2 Avg:24, SD:14, Max:62, Min:0
FTask3 Avg:40, SD:6, Max:72, Min:27
FCore Active Avg:68, SD:16, Max:100, Min:28
FRouter Active Avg:87, SD:4, Max:96, Min:41
T1 invocations: 115,308
T2 invocations: 259,795
T3 invocations: 12,473,607
T3b invocations: 0
Total3 invocations: 12,473,607
Total4 invocations: 1,390

T3/T2 ratio: 48
T3b/T3 ratio: 0

T1 avg ex cycles: 35
T2 avg ex cycles: 93
T3&b avg ex cycles: 3
T4 avg ex cycles: 554
Avg. hops NOC1: 2
Avg. latency NOC1 (T2): 21,597
Avg. hops NOC2: 13
Avg. latency NOC2 (T3): 2,012

===PRINTING ACUM STATS at pu_cycles: 400,607

ACollision In Avg:116, SD:31, Max:254, Min:39
ACollision Out Avg:106, SD:39, Max:272, Min:9
ACollision End Avg:34, SD:25, Max:99, Min:0
ATask1 Avg:3, SD:2, Max:14, Min:0
ATask2 Avg:22, SD:10, Max:56, Min:0
ATask3 Avg:43, SD:5, Max:68, Min:31
ACore Active Avg:68, SD:11, Max:98, Min:35
ARouter Active Avg:82, SD:4, Max:92, Min:36
T1 invocations: 306,115
T2 invocations: 833,460
T3 invocations: 44,706,951
T3b invocations: 0
Total3 invocations: 44,706,951
Total4 invocations: 4,126

T3/T2 ratio: 54
T3b/T3 ratio: 0

T1 avg ex cycles: 40
T2 avg ex cycles: 107
T3&b avg ex cycles: 4
T4 avg ex cycles: 477
Avg. hops NOC1: 3
Avg. latency NOC1 (T2): 26,338
Avg. hops NOC2: 13
Avg. latency NOC2 (T3): 2,263
Number of K Nodes Processed: 2,817
Number of K Edges Processed: 45,224
Node Re-explore factor: 0.67
Edge Re-explore factor: 0.35
Nodes/cy: 7
Edges/cy: 113
TEPS: 320

---DCache---
DCache Size: 125,904
DRAM words: 133,760
  DHits: 84,769,319
  DMisses: 3,223,645
  DHit Rate (hit/miss): 96%
  DEvictions: 246,384
  DEviction Rate (evict/misses): 8%
  MC Transactions: 3,363,575
  MC Writes: 132,057
Avg. Transactions: 26% , Writes: 1%, Avg. Latency: 14
Max MC id: 31 of 32. Transactions: 35% , Writes: 1%, MC mean Latency: 13
HBM refresh energy (nJ): 1
HBM access energy (nJ): 6,371,956
MemC wire energy 2.5d (nJ): 1,576,335
MemC wire energy 3d (nJ): 394,084

---Energy---
Leakage Energy (nJ): 139,793
PU Dyn E (nJ): 2,671,649
Mem Dyn E (nJ): 17,812,247
Route Dyn E (nJ): 4,224,245
Dynamic Energy (nJ): 24,708,142
Ratio of Dyn/Leak: 177
Total Energy (nJ): 24,847,935
Total Energy (nJ) 3D: 25,968,814
Cores Energy (nJ): 2,672,765
Route Energy (nJ): 4,231,909
Route Energy (nJ) 3D: 6,535,040
Mem Energy   (nJ): 17,943,262
Mem Energy   (nJ) 3D: 16,761,010
Avg. Power (mW): 62,025.71
Power Density (mW/mm2): 66.43

---Runtime---
Runtime in K cycles: 400.61
Microseconds: 400.61
Time per iteration (ms): 0.40

---Throughput---
GOP/s (aka OPS/ns): 568.69
GOP/s per core: 0.56
FLOP/s: 223.75
FLOP/s per core: 0.22
Max Peak FLOP/s: 1,024.00
Avg. BW GB/s: 3,897.65
Max BW GB/s: 4,096.00

---Traffic---
In-Die bisection_bytes BW (GB/s): 256.00
Inter-board traffic (msg/ns): 0.00, per-link: 0.00
Inter-pack traffic (msg/ns): 0.00, per-link: 0.00
Inter-die traffic (msg/ns): 82.44, per-link: 0.32
Ruche traffic (msg/ns): 73.90, per-link: 0.29
All traffic (msg/ns): 3,135.48, per-link: 3.06
Inter-die reduction wrt all: 38.03
Inter-board reduction wrt inter-die: inf

---Data Movement---
All traffic (msg): 1,256,093,344
Arith. Intensity FLOP/Loads: 0.46
Arith. Intensity FLOP/Msgs: 0.07
Arith. Intensity OPS/Loads: 1.17
Arith. Intensity OPS/Msgs: 0.18



===Core Utilization Total=== CORE-S:4;; TIME K cy:400 ;; Nodes Proc: 352,354 -- Edges Proc: 5,633,023

===PRINTING FRAME STATS

FCollision In Avg:106, SD:38, Max:280, Min:9
FCollision Out Avg:89, SD:44, Max:245, Min:2
FCollision End Avg:27, SD:30, Max:106, Min:0
FTask1 Avg:5, SD:5, Max:29, Min:0
FTask2 Avg:24, SD:15, Max:67, Min:0
FTask3 Avg:41, SD:7, Max:74, Min:26
FCore Active Avg:71, SD:16, Max:100, Min:30
FRouter Active Avg:89, SD:4, Max:95, Min:48
T1 invocations: 159,351
T2 invocations: 305,765
T3 invocations: 12,923,758
T3b invocations: 0
Total3 invocations: 12,923,758
Total4 invocations: 2,171

T3/T2 ratio: 42
T3b/T3 ratio: 0

T1 avg ex cycles: 33
T2 avg ex cycles: 82
T3&b avg ex cycles: 3
T4 avg ex cycles: 547
Avg. hops NOC1: 2
Avg. latency NOC1 (T2): 16,808
Avg. hops NOC2: 13
Avg. latency NOC2 (T3): 2,031

===PRINTING ACUM STATS at pu_cycles: 500,838

ACollision In Avg:114, SD:30, Max:250, Min:43
ACollision Out Avg:103, SD:37, Max:261, Min:7
ACollision End Avg:33, SD:22, Max:99, Min:0
ATask1 Avg:3, SD:2, Max:15, Min:0
ATask2 Avg:22, SD:9, Max:50, Min:0
ATask3 Avg:43, SD:5, Max:68, Min:30
ACore Active Avg:69, SD:11, Max:98, Min:38
ARouter Active Avg:84, SD:4, Max:92, Min:39
T1 invocations: 467,650
T2 invocations: 1,142,309
T3 invocations: 57,781,695
T3b invocations: 0
Total3 invocations: 57,781,695
Total4 invocations: 6,334

T3/T2 ratio: 51
T3b/T3 ratio: 0

T1 avg ex cycles: 37
T2 avg ex cycles: 101
T3&b avg ex cycles: 4
T4 avg ex cycles: 501
Avg. hops NOC1: 2
Avg. latency NOC1 (T2): 23,774
Avg. hops NOC2: 13
Avg. latency NOC2 (T3): 2,210
Number of K Nodes Processed: 3,009
Number of K Edges Processed: 58,206
Node Re-explore factor: 0.72
Edge Re-explore factor: 0.45
Nodes/cy: 6
Edges/cy: 116
TEPS: 256

---DCache---
DCache Size: 125,904
DRAM words: 133,760
  DHits: 108,578,051
  DMisses: 4,042,567
  DHit Rate (hit/miss): 96%
  DEvictions: 327,041
  DEviction Rate (evict/misses): 8%
  MC Transactions: 4,218,448
  MC Writes: 166,020
Avg. Transactions: 26% , Writes: 1%, Avg. Latency: 13
Max MC id: 31 of 32. Transactions: 34% , Writes: 1%, MC mean Latency: 13
HBM refresh energy (nJ): 1
HBM access energy (nJ): 7,991,427
MemC wire energy 2.5d (nJ): 1,976,971
MemC wire energy 3d (nJ): 494,243

---Energy---
Leakage Energy (nJ): 174,769
PU Dyn E (nJ): 3,435,719
Mem Dyn E (nJ): 22,604,641
Route Dyn E (nJ): 5,456,303
Dynamic Energy (nJ): 31,496,664
Ratio of Dyn/Leak: 180
Total Energy (nJ): 31,671,433
Total Energy (nJ) 3D: 33,164,689
Cores Energy (nJ): 3,437,113
Route Energy (nJ): 5,465,885
Route Energy (nJ) 3D: 8,441,868
Mem Energy   (nJ): 22,768,435
Mem Energy   (nJ) 3D: 21,285,708
Avg. Power (mW): 63,236.88
Power Density (mW/mm2): 67.73

---Runtime---
Runtime in K cycles: 500.84
Microseconds: 500.84
Time per iteration (ms): 0.50

---Throughput---
GOP/s (aka OPS/ns): 580.62
GOP/s per core: 0.57
FLOP/s: 231.24
FLOP/s per core: 0.23
Max Peak FLOP/s: 1,024.00
Avg. BW GB/s: 3,994.69
Max BW GB/s: 4,096.00

---Traffic---
In-Die bisection_bytes BW (GB/s): 256.00
Inter-board traffic (msg/ns): 0.00, per-link: 0.00
Inter-pack traffic (msg/ns): 0.00, per-link: 0.00
Inter-die traffic (msg/ns): 84.78, per-link: 0.33
Ruche traffic (msg/ns): 76.54, per-link: 0.30
All traffic (msg/ns): 3,236.38, per-link: 3.16
Inter-die reduction wrt all: 38.17
Inter-board reduction wrt inter-die: inf

---Data Movement---
All traffic (msg): 1,620,900,893
Arith. Intensity FLOP/Loads: 0.47
Arith. Intensity FLOP/Msgs: 0.07
Arith. Intensity OPS/Loads: 1.17
Arith. Intensity OPS/Msgs: 0.18



===Core Utilization Total=== CORE-S:5;; TIME K cy:500 ;; Nodes Proc: 376,154 -- Edges Proc: 7,296,222

===PRINTING FRAME STATS

FCollision In Avg:104, SD:36, Max:329, Min:12
FCollision Out Avg:83, SD:44, Max:252, Min:5
FCollision End Avg:26, SD:30, Max:107, Min:0
FTask1 Avg:6, SD:6, Max:35, Min:0
FTask2 Avg:25, SD:15, Max:66, Min:0
FTask3 Avg:42, SD:7, Max:80, Min:25
FCore Active Avg:74, SD:16, Max:100, Min:28
FRouter Active Avg:90, SD:4, Max:97, Min:53
T1 invocations: 204,407
T2 invocations: 353,360
T3 invocations: 13,463,354
T3b invocations: 0
Total3 invocations: 13,463,354
Total4 invocations: 3,056

T3/T2 ratio: 38
T3b/T3 ratio: 0

T1 avg ex cycles: 32
T2 avg ex cycles: 72
T3&b avg ex cycles: 3
T4 avg ex cycles: 521
Avg. hops NOC1: 2
Avg. latency NOC1 (T2): 13,399
Avg. hops NOC2: 13
Avg. latency NOC2 (T3): 2,110

===PRINTING ACUM STATS at pu_cycles: 600,770

ACollision In Avg:113, SD:29, Max:242, Min:42
ACollision Out Avg:99, SD:35, Max:235, Min:10
ACollision End Avg:32, SD:19, Max:99, Min:0
ATask1 Avg:4, SD:2, Max:13, Min:0
ATask2 Avg:23, SD:8, Max:47, Min:0
ATask3 Avg:42, SD:6, Max:70, Min:30
ACore Active Avg:70, SD:11, Max:98, Min:38
ARouter Active Avg:85, SD:3, Max:92, Min:41
T1 invocations: 672,549
T2 invocations: 1,497,240
T3 invocations: 71,240,736
T3b invocations: 0
Total3 invocations: 71,240,736
Total4 invocations: 9,405

T3/T2 ratio: 48
T3b/T3 ratio: 0

T1 avg ex cycles: 36
T2 avg ex cycles: 94
T3&b avg ex cycles: 4
T4 avg ex cycles: 508
Avg. hops NOC1: 2
Avg. latency NOC1 (T2): 21,305
Avg. hops NOC2: 13
Avg. latency NOC2 (T3): 2,192
Number of K Nodes Processed: 3,164
Number of K Edges Processed: 71,662
Node Re-explore factor: 0.75
Edge Re-explore factor: 0.56
Nodes/cy: 5
Edges/cy: 119
TEPS: 214

---DCache---
DCache Size: 125,904
DRAM words: 133,760
  DHits: 133,416,410
  DMisses: 4,860,593
  DHit Rate (hit/miss): 96%
  DEvictions: 417,491
  DEviction Rate (evict/misses): 9%
  MC Transactions: 5,072,721
  MC Writes: 200,352
Avg. Transactions: 26% , Writes: 1%, Avg. Latency: 13
Max MC id: 31 of 32. Transactions: 33% , Writes: 1%, MC mean Latency: 13
HBM refresh energy (nJ): 1
HBM access energy (nJ): 9,609,762
MemC wire energy 2.5d (nJ): 2,377,325
MemC wire energy 3d (nJ): 594,331

---Energy---
Leakage Energy (nJ): 209,640
PU Dyn E (nJ): 4,227,157
Mem Dyn E (nJ): 27,484,191
Route Dyn E (nJ): 6,712,261
Dynamic Energy (nJ): 38,423,609
Ratio of Dyn/Leak: 183
Total Energy (nJ): 38,633,249
Total Energy (nJ) 3D: 40,507,542
Cores Energy (nJ): 4,228,829
Route Energy (nJ): 6,723,754
Route Energy (nJ) 3D: 10,381,040
Mem Energy   (nJ): 27,680,667
Mem Energy   (nJ) 3D: 25,897,674
Avg. Power (mW): 64,306.22
Power Density (mW/mm2): 68.88

---Runtime---
Runtime in K cycles: 600.77
Microseconds: 600.77
Time per iteration (ms): 0.60

---Throughput---
GOP/s (aka OPS/ns): 593.86
GOP/s per core: 0.58
FLOP/s: 237.60
FLOP/s per core: 0.23
Max Peak FLOP/s: 1,024.00
Avg. BW GB/s: 4,083.27
Max BW GB/s: 4,096.00

---Traffic---
In-Die bisection_bytes BW (GB/s): 256.00
Inter-board traffic (msg/ns): 0.00, per-link: 0.00
Inter-pack traffic (msg/ns): 0.00, per-link: 0.00
Inter-die traffic (msg/ns): 86.81, per-link: 0.34
Ruche traffic (msg/ns): 79.22, per-link: 0.31
All traffic (msg/ns): 3,314.95, per-link: 3.24
Inter-die reduction wrt all: 38.18
Inter-board reduction wrt inter-die: inf

---Data Movement---
All traffic (msg): 1,991,520,132
Arith. Intensity FLOP/Loads: 0.47
Arith. Intensity FLOP/Msgs: 0.07
Arith. Intensity OPS/Loads: 1.17
Arith. Intensity OPS/Msgs: 0.18



===Core Utilization Total=== CORE-S:6;; TIME K cy:600 ;; Nodes Proc: 395,553 -- Edges Proc: 9,001,422

===PRINTING FRAME STATS

FCollision In Avg:99, SD:38, Max:278, Min:7
FCollision Out Avg:78, SD:44, Max:239, Min:2
FCollision End Avg:24, SD:29, Max:101, Min:0
FTask1 Avg:7, SD:6, Max:33, Min:0
FTask2 Avg:24, SD:15, Max:70, Min:0
FTask3 Avg:41, SD:7, Max:82, Min:26
FCore Active Avg:74, SD:16, Max:100, Min:28
FRouter Active Avg:89, SD:5, Max:96, Min:34
T1 invocations: 249,700
T2 invocations: 392,850
T3 invocations: 13,210,306
T3b invocations: 0
Total3 invocations: 13,210,306
Total4 invocations: 5,231

T3/T2 ratio: 34
T3b/T3 ratio: 0

T1 avg ex cycles: 31
T2 avg ex cycles: 63
T3&b avg ex cycles: 3
T4 avg ex cycles: 390
Avg. hops NOC1: 2
Avg. latency NOC1 (T2): 11,280
Avg. hops NOC2: 13
Avg. latency NOC2 (T3): 2,015

===PRINTING ACUM STATS at pu_cycles: 700,932

ACollision In Avg:111, SD:29, Max:246, Min:39
ACollision Out Avg:96, SD:34, Max:222, Min:10
ACollision End Avg:31, SD:18, Max:99, Min:0
ATask1 Avg:4, SD:2, Max:12, Min:0
ATask2 Avg:23, SD:8, Max:42, Min:0
ATask3 Avg:42, SD:6, Max:71, Min:29
ACore Active Avg:71, SD:10, Max:96, Min:37
ARouter Active Avg:85, SD:3, Max:93, Min:40
T1 invocations: 924,173
T2 invocations: 1,892,460
T3 invocations: 84,519,691
T3b invocations: 0
Total3 invocations: 84,519,691
Total4 invocations: 14,670

T3/T2 ratio: 45
T3b/T3 ratio: 0

T1 avg ex cycles: 34
T2 avg ex cycles: 87
T3&b avg ex cycles: 4
T4 avg ex cycles: 466
Avg. hops NOC1: 2
Avg. latency NOC1 (T2): 19,206
Avg. hops NOC2: 13
Avg. latency NOC2 (T3): 2,165
Number of K Nodes Processed: 3,287
Number of K Edges Processed: 84,888
Node Re-explore factor: 0.78
Edge Re-explore factor: 0.66
Nodes/cy: 5
Edges/cy: 121
TEPS: 183

---DCache---
DCache Size: 125,904
DRAM words: 133,760
  DHits: 158,008,886
  DMisses: 5,643,722
  DHit Rate (hit/miss): 97%
  DEvictions: 521,971
  DEviction Rate (evict/misses): 9%
  MC Transactions: 5,895,250
  MC Writes: 238,129
Avg. Transactions: 26% , Writes: 1%, Avg. Latency: 13
Max MC id: 31 of 32. Transactions: 31% , Writes: 1%, MC mean Latency: 13
HBM refresh energy (nJ): 2
HBM access energy (nJ): 11,167,961
MemC wire energy 2.5d (nJ): 2,762,802
MemC wire energy 3d (nJ): 690,700

---Energy---
Leakage Energy (nJ): 244,592
PU Dyn E (nJ): 5,016,324
Mem Dyn E (nJ): 32,259,793
Route Dyn E (nJ): 7,952,258
Dynamic Energy (nJ): 45,228,376
Ratio of Dyn/Leak: 185
Total Energy (nJ): 45,472,968
Total Energy (nJ) 3D: 47,731,274
Cores Energy (nJ): 5,018,275
Route Energy (nJ): 7,965,667
Route Energy (nJ) 3D: 12,296,075
Mem Energy   (nJ): 32,489,026
Mem Energy   (nJ) 3D: 30,416,925
Avg. Power (mW): 64,875.01
Power Density (mW/mm2): 69.49

---Runtime---
Runtime in K cycles: 700.93
Microseconds: 700.93
Time per iteration (ms): 0.70

---Throughput---
GOP/s (aka OPS/ns): 604.48
GOP/s per core: 0.59
FLOP/s: 241.56
FLOP/s per core: 0.24
Max Peak FLOP/s: 1,024.00
Avg. BW GB/s: 4,138.84
Max BW GB/s: 4,096.00

---Traffic---
In-Die bisection_bytes BW (GB/s): 256.00
Inter-board traffic (msg/ns): 0.00, per-link: 0.00
Inter-pack traffic (msg/ns): 0.00, per-link: 0.00
Inter-die traffic (msg/ns): 88.06, per-link: 0.34
Ruche traffic (msg/ns): 80.87, per-link: 0.32
All traffic (msg/ns): 3,363.14, per-link: 3.28
Inter-die reduction wrt all: 38.19
Inter-board reduction wrt inter-die: inf

---Data Movement---
All traffic (msg): 2,357,330,928
Arith. Intensity FLOP/Loads: 0.47
Arith. Intensity FLOP/Msgs: 0.07
Arith. Intensity OPS/Loads: 1.17
Arith. Intensity OPS/Msgs: 0.18



===Core Utilization Total=== CORE-S:7;; TIME K cy:700 ;; Nodes Proc: 411,135 -- Edges Proc: 10,760,161

===PRINTING FRAME STATS

FCollision In Avg:92, SD:37, Max:239, Min:7
FCollision Out Avg:72, SD:41, Max:206, Min:0
FCollision End Avg:23, SD:27, Max:143, Min:0
FTask1 Avg:9, SD:7, Max:37, Min:0
FTask2 Avg:25, SD:14, Max:69, Min:0
FTask3 Avg:41, SD:7, Max:87, Min:26
FCore Active Avg:76, SD:15, Max:100, Min:32
FRouter Active Avg:89, SD:4, Max:97, Min:33
T1 invocations: 292,157
T2 invocations: 435,626
T3 invocations: 13,308,344
T3b invocations: 0
Total3 invocations: 13,308,344
Total4 invocations: 8,242

T3/T2 ratio: 31
T3b/T3 ratio: 0

T1 avg ex cycles: 30
T2 avg ex cycles: 58
T3&b avg ex cycles: 3
T4 avg ex cycles: 298
Avg. hops NOC1: 2
Avg. latency NOC1 (T2): 9,291
Avg. hops NOC2: 13
Avg. latency NOC2 (T3): 2,085

===PRINTING ACUM STATS at pu_cycles: 800,947

ACollision In Avg:108, SD:29, Max:243, Min:35
ACollision Out Avg:93, SD:33, Max:218, Min:9
ACollision End Avg:30, SD:16, Max:97, Min:0
ATask1 Avg:5, SD:2, Max:11, Min:0
ATask2 Avg:23, SD:7, Max:38, Min:0
ATask3 Avg:42, SD:6, Max:72, Min:29
ACore Active Avg:71, SD:10, Max:96, Min:42
ARouter Active Avg:86, SD:4, Max:93, Min:39
T1 invocations: 1,216,141
T2 invocations: 2,327,357
T3 invocations: 97,804,447
T3b invocations: 0
Total3 invocations: 97,804,447
Total4 invocations: 22,911

T3/T2 ratio: 42
T3b/T3 ratio: 0

T1 avg ex cycles: 33
T2 avg ex cycles: 82
T3&b avg ex cycles: 4
T4 avg ex cycles: 406
Avg. hops NOC1: 2
Avg. latency NOC1 (T2): 17,353
Avg. hops NOC2: 13
Avg. latency NOC2 (T3): 2,154
Number of K Nodes Processed: 3,392
Number of K Edges Processed: 98,216
Node Re-explore factor: 0.81
Edge Re-explore factor: 0.77
Nodes/cy: 4
Edges/cy: 123
TEPS: 160

---DCache---
DCache Size: 125,904
DRAM words: 133,760
  DHits: 182,898,578
  DMisses: 6,431,517
  DHit Rate (hit/miss): 97%
  DEvictions: 631,590
  DEviction Rate (evict/misses): 10%
  MC Transactions: 6,720,054
  MC Writes: 273,557
Avg. Transactions: 26% , Writes: 1%, Avg. Latency: 13
Max MC id: 31 of 32. Transactions: 30% , Writes: 1%, MC mean Latency: 12
HBM refresh energy (nJ): 2
HBM access energy (nJ): 12,730,470
MemC wire energy 2.5d (nJ): 3,149,345
MemC wire energy 3d (nJ): 787,336

---Energy---
Leakage Energy (nJ): 279,493
PU Dyn E (nJ): 5,813,533
Mem Dyn E (nJ): 37,057,215
Route Dyn E (nJ): 9,195,011
Dynamic Energy (nJ): 52,065,759
Ratio of Dyn/Leak: 186
Total Energy (nJ): 52,345,252
Total Energy (nJ) 3D: 54,987,331
Cores Energy (nJ): 5,815,762
Route Energy (nJ): 9,210,333
Route Energy (nJ) 3D: 14,214,421
Mem Energy   (nJ): 37,319,157
Mem Energy   (nJ) 3D: 34,957,148
Avg. Power (mW): 65,354.20
Power Density (mW/mm2): 70.00

---Runtime---
Runtime in K cycles: 800.95
Microseconds: 800.95
Time per iteration (ms): 0.80

---Throughput---
GOP/s (aka OPS/ns): 614.59
GOP/s per core: 0.60
FLOP/s: 244.61
FLOP/s per core: 0.24
Max Peak FLOP/s: 1,024.00
Avg. BW GB/s: 4,183.82
Max BW GB/s: 4,096.00

---Traffic---
In-Die bisection_bytes BW (GB/s): 256.00
Inter-board traffic (msg/ns): 0.00, per-link: 0.00
Inter-pack traffic (msg/ns): 0.00, per-link: 0.00
Inter-die traffic (msg/ns): 89.08, per-link: 0.35
Ruche traffic (msg/ns): 82.22, per-link: 0.32
All traffic (msg/ns): 3,400.67, per-link: 3.32
Inter-die reduction wrt all: 38.18
Inter-board reduction wrt inter-die: inf

---Data Movement---
All traffic (msg): 2,723,755,227
Arith. Intensity FLOP/Loads: 0.47
Arith. Intensity FLOP/Msgs: 0.07
Arith. Intensity OPS/Loads: 1.18
Arith. Intensity OPS/Msgs: 0.18



===Core Utilization Total=== CORE-S:8;; TIME K cy:800 ;; Nodes Proc: 424,128 -- Edges Proc: 12,548,777

===PRINTING FRAME STATS

FCollision In Avg:79, SD:39, Max:240, Min:5
FCollision Out Avg:61, SD:38, Max:175, Min:0
FCollision End Avg:20, SD:24, Max:99, Min:0
FTask1 Avg:10, SD:8, Max:36, Min:0
FTask2 Avg:24, SD:15, Max:64, Min:0
FTask3 Avg:40, SD:7, Max:90, Min:22
FCore Active Avg:77, SD:16, Max:100, Min:32
FRouter Active Avg:89, SD:5, Max:97, Min:38
T1 invocations: 347,560
T2 invocations: 484,213
T3 invocations: 13,208,619
T3b invocations: 0
Total3 invocations: 13,208,619
Total4 invocations: 12,994

T3/T2 ratio: 27
T3b/T3 ratio: 0

T1 avg ex cycles: 29
T2 avg ex cycles: 51
T3&b avg ex cycles: 3
T4 avg ex cycles: 231
Avg. hops NOC1: 2
Avg. latency NOC1 (T2): 7,157
Avg. hops NOC2: 13
Avg. latency NOC2 (T3): 2,181

===PRINTING ACUM STATS at pu_cycles: 900,933

ACollision In Avg:105, SD:29, Max:241, Min:32
ACollision Out Avg:90, SD:32, Max:209, Min:9
ACollision End Avg:29, SD:15, Max:97, Min:0
ATask1 Avg:6, SD:2, Max:10, Min:0
ATask2 Avg:23, SD:6, Max:36, Min:0
ATask3 Avg:42, SD:6, Max:73, Min:29
ACore Active Avg:72, SD:9, Max:96, Min:41
ARouter Active Avg:86, SD:4, Max:94, Min:39
T1 invocations: 1,564,650
T2 invocations: 2,811,096
T3 invocations: 111,038,311
T3b invocations: 0
Total3 invocations: 111,038,311
Total4 invocations: 35,923

T3/T2 ratio: 40
T3b/T3 ratio: 0

T1 avg ex cycles: 32
T2 avg ex cycles: 77
T3&b avg ex cycles: 3
T4 avg ex cycles: 343
Avg. hops NOC1: 2
Avg. latency NOC1 (T2): 15,594
Avg. hops NOC2: 13
Avg. latency NOC2 (T3): 2,156
Number of K Nodes Processed: 3,479
Number of K Edges Processed: 111,403
Node Re-explore factor: 0.83
Edge Re-explore factor: 0.87
Nodes/cy: 4
Edges/cy: 124
TEPS: 142

---DCache---
DCache Size: 125,904
DRAM words: 133,760
  DHits: 208,000,974
  DMisses: 7,194,527
  DHit Rate (hit/miss): 97%
  DEvictions: 755,527
  DEviction Rate (evict/misses): 11%
  MC Transactions: 7,521,960
  MC Writes: 311,167
Avg. Transactions: 26% , Writes: 1%, Avg. Latency: 12
Max MC id: 24 of 32. Transactions: 29% , Writes: 2%, MC mean Latency: 12
HBM refresh energy (nJ): 2
HBM access energy (nJ): 14,249,601
MemC wire energy 2.5d (nJ): 3,525,158
MemC wire energy 3d (nJ): 881,289

---Energy---
Leakage Energy (nJ): 314,383
PU Dyn E (nJ): 6,616,081
Mem Dyn E (nJ): 41,801,842
Route Dyn E (nJ): 10,418,745
Dynamic Energy (nJ): 58,836,669
Ratio of Dyn/Leak: 187
Total Energy (nJ): 59,151,052
Total Energy (nJ) 3D: 62,171,620
Cores Energy (nJ): 6,618,589
Route Energy (nJ): 10,435,980
Route Energy (nJ) 3D: 16,100,417
Mem Energy   (nJ): 42,096,483
Mem Energy   (nJ) 3D: 39,452,615
Avg. Power (mW): 65,655.33
Power Density (mW/mm2): 70.32

---Runtime---
Runtime in K cycles: 900.93
Microseconds: 900.93
Time per iteration (ms): 0.90

---Throughput---
GOP/s (aka OPS/ns): 624.65
GOP/s per core: 0.61
FLOP/s: 246.77
FLOP/s per core: 0.24
Max Peak FLOP/s: 1,024.00
Avg. BW GB/s: 4,218.49
Max BW GB/s: 4,096.00

---Traffic---
In-Die bisection_bytes BW (GB/s): 256.00
Inter-board traffic (msg/ns): 0.00, per-link: 0.00
Inter-pack traffic (msg/ns): 0.00, per-link: 0.00
Inter-die traffic (msg/ns): 89.59, per-link: 0.35
Ruche traffic (msg/ns): 83.56, per-link: 0.33
All traffic (msg/ns): 3,423.10, per-link: 3.34
Inter-die reduction wrt all: 38.21
Inter-board reduction wrt inter-die: inf

---Data Movement---
All traffic (msg): 3,083,979,412
Arith. Intensity FLOP/Loads: 0.47
Arith. Intensity FLOP/Msgs: 0.07
Arith. Intensity OPS/Loads: 1.19
Arith. Intensity OPS/Msgs: 0.18



===Core Utilization Total=== CORE-S:9;; TIME K cy:900 ;; Nodes Proc: 435,077 -- Edges Proc: 14,242,705

===PRINTING FRAME STATS

FCollision In Avg:58, SD:39, Max:223, Min:2
FCollision Out Avg:46, SD:37, Max:187, Min:0
FCollision End Avg:17, SD:22, Max:140, Min:0
FTask1 Avg:11, SD:9, Max:45, Min:0
FTask2 Avg:23, SD:18, Max:71, Min:0
FTask3 Avg:37, SD:7, Max:86, Min:23
FCore Active Avg:74, SD:20, Max:100, Min:32
FRouter Active Avg:86, SD:6, Max:96, Min:40
T1 invocations: 376,195
T2 invocations: 498,087
T3 invocations: 12,203,393
T3b invocations: 0
Total3 invocations: 12,203,393
Total4 invocations: 20,332

T3/T2 ratio: 25
T3b/T3 ratio: 0

T1 avg ex cycles: 29
T2 avg ex cycles: 46
T3&b avg ex cycles: 3
T4 avg ex cycles: 167
Avg. hops NOC1: 3
Avg. latency NOC1 (T2): 5,508
Avg. hops NOC2: 13
Avg. latency NOC2 (T3): 2,202

===PRINTING ACUM STATS at pu_cycles: 1,001,029

ACollision In Avg:100, SD:29, Max:237, Min:30
ACollision Out Avg:85, SD:31, Max:198, Min:8
ACollision End Avg:27, SD:14, Max:89, Min:0
ATask1 Avg:6, SD:2, Max:10, Min:1
ATask2 Avg:23, SD:5, Max:35, Min:2
ATask3 Avg:41, SD:6, Max:74, Min:28
ACore Active Avg:72, SD:8, Max:96, Min:43
ARouter Active Avg:86, SD:4, Max:93, Min:39
T1 invocations: 1,937,886
T2 invocations: 3,306,995
T3 invocations: 123,171,010
T3b invocations: 0
Total3 invocations: 123,171,010
Total4 invocations: 56,214

T3/T2 ratio: 37
T3b/T3 ratio: 0

T1 avg ex cycles: 32
T2 avg ex cycles: 72
T3&b avg ex cycles: 3
T4 avg ex cycles: 279
Avg. hops NOC1: 2
Avg. latency NOC1 (T2): 14,083
Avg. hops NOC2: 13
Avg. latency NOC2 (T3): 2,161
Number of K Nodes Processed: 3,551
Number of K Edges Processed: 123,599
Node Re-explore factor: 0.85
Edge Re-explore factor: 0.96
Nodes/cy: 4
Edges/cy: 123
TEPS: 128

---DCache---
DCache Size: 125,904
DRAM words: 133,760
  DHits: 231,596,892
  DMisses: 7,909,254
  DHit Rate (hit/miss): 97%
  DEvictions: 876,894
  DEviction Rate (evict/misses): 11%
  MC Transactions: 8,270,569
  MC Writes: 343,996
Avg. Transactions: 26% , Writes: 1%, Avg. Latency: 12
Max MC id: 24 of 32. Transactions: 29% , Writes: 2%, MC mean Latency: 12
HBM refresh energy (nJ): 2
HBM access energy (nJ): 15,667,765
MemC wire energy 2.5d (nJ): 3,875,992
MemC wire energy 3d (nJ): 968,998

---Energy---
Leakage Energy (nJ): 349,312
PU Dyn E (nJ): 7,362,127
Mem Dyn E (nJ): 46,208,235
Route Dyn E (nJ): 11,537,439
Dynamic Energy (nJ): 65,107,801
Ratio of Dyn/Leak: 186
Total Energy (nJ): 65,457,113
Total Energy (nJ) 3D: 68,813,739
Cores Energy (nJ): 7,364,913
Route Energy (nJ): 11,556,589
Route Energy (nJ) 3D: 17,820,209
Mem Energy   (nJ): 46,535,612
Mem Energy   (nJ) 3D: 43,628,617
Avg. Power (mW): 65,389.83
Power Density (mW/mm2): 70.04

---Runtime---
Runtime in K cycles: 1,001.03
Microseconds: 1,001.03
Time per iteration (ms): 1.00

---Throughput---
GOP/s (aka OPS/ns): 629.10
GOP/s per core: 0.61
FLOP/s: 246.26
FLOP/s per core: 0.24
Max Peak FLOP/s: 1,024.00
Avg. BW GB/s: 4,210.95
Max BW GB/s: 4,096.00

---Traffic---
In-Die bisection_bytes BW (GB/s): 256.00
Inter-board traffic (msg/ns): 0.00, per-link: 0.00
Inter-pack traffic (msg/ns): 0.00, per-link: 0.00
Inter-die traffic (msg/ns): 89.12, per-link: 0.35
Ruche traffic (msg/ns): 84.30, per-link: 0.33
All traffic (msg/ns): 3,408.95, per-link: 3.33
Inter-die reduction wrt all: 38.25
Inter-board reduction wrt inter-die: inf

---Data Movement---
All traffic (msg): 3,412,458,425
Arith. Intensity FLOP/Loads: 0.47
Arith. Intensity FLOP/Msgs: 0.07
Arith. Intensity OPS/Loads: 1.20
Arith. Intensity OPS/Msgs: 0.18



===Core Utilization Total=== CORE-S:10;; TIME K cy:1,000 ;; Nodes Proc: 444,256 -- Edges Proc: 15,652,388

===PRINTING FRAME STATS

FCollision In Avg:39, SD:33, Max:193, Min:1
FCollision Out Avg:32, SD:32, Max:188, Min:0
FCollision End Avg:12, SD:19, Max:180, Min:0
FTask1 Avg:10, SD:10, Max:45, Min:0
FTask2 Avg:19, SD:19, Max:76, Min:0
FTask3 Avg:32, SD:6, Max:76, Min:20
FCore Active Avg:65, SD:24, Max:100, Min:25
FRouter Active Avg:79, SD:9, Max:96, Min:36
T1 invocations: 372,076
T2 invocations: 478,563
T3 invocations: 10,506,695
T3b invocations: 0
Total3 invocations: 10,506,695
Total4 invocations: 25,161

T3/T2 ratio: 22
T3b/T3 ratio: 0

T1 avg ex cycles: 29
T2 avg ex cycles: 41
T3&b avg ex cycles: 3
T4 avg ex cycles: 136
Avg. hops NOC1: 3
Avg. latency NOC1 (T2): 4,080
Avg. hops NOC2: 13
Avg. latency NOC2 (T3): 2,048

===PRINTING ACUM STATS at pu_cycles: 1,101,205

ACollision In Avg:95, SD:28, Max:233, Min:28
ACollision Out Avg:80, SD:29, Max:193, Min:8
ACollision End Avg:26, SD:13, Max:81, Min:1
ATask1 Avg:6, SD:2, Max:9, Min:1
ATask2 Avg:23, SD:3, Max:33, Min:7
ATask3 Avg:40, SD:6, Max:74, Min:28
ACore Active Avg:71, SD:7, Max:95, Min:47
ARouter Active Avg:86, SD:4, Max:94, Min:39
T1 invocations: 2,313,711
T2 invocations: 3,792,565
T3 invocations: 133,781,388
T3b invocations: 0
Total3 invocations: 133,781,388
Total4 invocations: 81,440

T3/T2 ratio: 35
T3b/T3 ratio: 0

T1 avg ex cycles: 31
T2 avg ex cycles: 68
T3&b avg ex cycles: 3
T4 avg ex cycles: 235
Avg. hops NOC1: 3
Avg. latency NOC1 (T2): 12,804
Avg. hops NOC2: 13
Avg. latency NOC2 (T3): 2,153
Number of K Nodes Processed: 3,605
Number of K Edges Processed: 134,018
Node Re-explore factor: 0.86
Edge Re-explore factor: 1.04
Nodes/cy: 3
Edges/cy: 122
TEPS: 117

---DCache---
DCache Size: 125,904
DRAM words: 133,760
  DHits: 252,316,865
  DMisses: 8,508,321
  DHit Rate (hit/miss): 97%
  DEvictions: 987,068
  DEviction Rate (evict/misses): 12%
  MC Transactions: 8,898,115
  MC Writes: 371,840
Avg. Transactions: 25% , Writes: 1%, Avg. Latency: 12
Max MC id: 24 of 32. Transactions: 27% , Writes: 2%, MC mean Latency: 12
HBM refresh energy (nJ): 3
HBM access energy (nJ): 16,856,589
MemC wire energy 2.5d (nJ): 4,170,091
MemC wire energy 3d (nJ): 1,042,523

---Energy---
Leakage Energy (nJ): 384,268
PU Dyn E (nJ): 8,025,786
Mem Dyn E (nJ): 50,016,293
Route Dyn E (nJ): 12,497,020
Dynamic Energy (nJ): 70,539,099
Ratio of Dyn/Leak: 184
Total Energy (nJ): 70,923,367
Total Energy (nJ) 3D: 74,573,714
Cores Energy (nJ): 8,028,851
Route Energy (nJ): 12,518,087
Route Energy (nJ) 3D: 19,296,002
Mem Energy   (nJ): 50,376,431
Mem Energy   (nJ) 3D: 47,248,863
Avg. Power (mW): 64,405.24
Power Density (mW/mm2): 68.98

---Runtime---
Runtime in K cycles: 1,101.20
Microseconds: 1,101.20
Time per iteration (ms): 1.10

---Throughput---
GOP/s (aka OPS/ns): 627.05
GOP/s per core: 0.61
FLOP/s: 243.13
FLOP/s per core: 0.24
Max Peak FLOP/s: 1,024.00
Avg. BW GB/s: 4,160.29
Max BW GB/s: 4,096.00

---Traffic---
In-Die bisection_bytes BW (GB/s): 256.00
Inter-board traffic (msg/ns): 0.00, per-link: 0.00
Inter-pack traffic (msg/ns): 0.00, per-link: 0.00
Inter-die traffic (msg/ns): 87.45, per-link: 0.34
Ruche traffic (msg/ns): 83.88, per-link: 0.33
All traffic (msg/ns): 3,355.10, per-link: 3.28
Inter-die reduction wrt all: 38.37
Inter-board reduction wrt inter-die: inf

---Data Movement---
All traffic (msg): 3,694,655,161
Arith. Intensity FLOP/Loads: 0.47
Arith. Intensity FLOP/Msgs: 0.07
Arith. Intensity OPS/Loads: 1.21
Arith. Intensity OPS/Msgs: 0.19



===Core Utilization Total=== CORE-S:11;; TIME K cy:1,100 ;; Nodes Proc: 451,034 -- Edges Proc: 16,762,066

===PRINTING FRAME STATS

FCollision In Avg:19, SD:25, Max:166, Min:0
FCollision Out Avg:18, SD:26, Max:139, Min:0
FCollision End Avg:7, SD:14, Max:96, Min:0
FTask1 Avg:8, SD:11, Max:47, Min:0
FTask2 Avg:13, SD:19, Max:87, Min:0
FTask3 Avg:22, SD:4, Max:51, Min:13
FCore Active Avg:45, SD:26, Max:100, Min:16
FRouter Active Avg:62, SD:13, Max:93, Min:21
T1 invocations: 276,772
T2 invocations: 342,802
T3 invocations: 7,232,878
T3b invocations: 0
Total3 invocations: 7,232,878
Total4 invocations: 23,917

T3/T2 ratio: 21
T3b/T3 ratio: 0

T1 avg ex cycles: 29
T2 avg ex cycles: 39
T3&b avg ex cycles: 3
T4 avg ex cycles: 109
Avg. hops NOC1: 3
Avg. latency NOC1 (T2): 3,128
Avg. hops NOC2: 12
Avg. latency NOC2 (T3): 1,532

===PRINTING ACUM STATS at pu_cycles: 1,200,761

ACollision In Avg:88, SD:27, Max:227, Min:25
ACollision Out Avg:75, SD:28, Max:188, Min:7
ACollision End Avg:24, SD:12, Max:75, Min:1
ATask1 Avg:7, SD:1, Max:8, Min:2
ATask2 Avg:22, SD:2, Max:30, Min:8
ATask3 Avg:39, SD:6, Max:72, Min:26
ACore Active Avg:69, SD:7, Max:94, Min:48
ARouter Active Avg:84, SD:4, Max:93, Min:37
T1 invocations: 2,584,887
T2 invocations: 4,130,232
T3 invocations: 140,895,966
T3b invocations: 0
Total3 invocations: 140,895,966
Total4 invocations: 105,250

T3/T2 ratio: 34
T3b/T3 ratio: 0

T1 avg ex cycles: 31
T2 avg ex cycles: 66
T3&b avg ex cycles: 3
T4 avg ex cycles: 206
Avg. hops NOC1: 3
Avg. latency NOC1 (T2): 12,008
Avg. hops NOC2: 13
Avg. latency NOC2 (T3): 2,122
Number of K Nodes Processed: 3,638
Number of K Edges Processed: 141,068
Node Re-explore factor: 0.87
Edge Re-explore factor: 1.10
Nodes/cy: 3
Edges/cy: 117
TEPS: 107

---DCache---
DCache Size: 125,904
DRAM words: 133,760
  DHits: 266,733,074
  DMisses: 8,904,623
  DHit Rate (hit/miss): 97%
  DEvictions: 1,076,094
  DEviction Rate (evict/misses): 12%
  MC Transactions: 9,317,032
  MC Writes: 394,230
Avg. Transactions: 24% , Writes: 1%, Avg. Latency: 12
Max MC id: 24 of 32. Transactions: 26% , Writes: 2%, MC mean Latency: 12
HBM refresh energy (nJ): 3
HBM access energy (nJ): 17,650,185
MemC wire energy 2.5d (nJ): 4,366,416
MemC wire energy 3d (nJ): 1,091,604

---Energy---
Leakage Energy (nJ): 419,009
PU Dyn E (nJ): 8,468,465
Mem Dyn E (nJ): 52,563,246
Route Dyn E (nJ): 13,123,350
Dynamic Energy (nJ): 74,155,061
Ratio of Dyn/Leak: 177
Total Energy (nJ): 74,574,070
Total Energy (nJ) 3D: 78,409,279
Cores Energy (nJ): 8,471,808
Route Energy (nJ): 13,146,320
Route Energy (nJ) 3D: 20,256,341
Mem Energy   (nJ): 52,955,942
Mem Energy   (nJ) 3D: 49,681,131
Avg. Power (mW): 62,105.67
Power Density (mW/mm2): 66.52

---Runtime---
Runtime in K cycles: 1,200.76
Microseconds: 1,200.76
Time per iteration (ms): 1.20

---Throughput---
GOP/s (aka OPS/ns): 609.47
GOP/s per core: 0.60
FLOP/s: 234.60
FLOP/s per core: 0.23
Max Peak FLOP/s: 1,024.00
Avg. BW GB/s: 4,017.88
Max BW GB/s: 4,096.00

---Traffic---
In-Die bisection_bytes BW (GB/s): 256.00
Inter-board traffic (msg/ns): 0.00, per-link: 0.00
Inter-pack traffic (msg/ns): 0.00, per-link: 0.00
Inter-die traffic (msg/ns): 84.01, per-link: 0.33
Ruche traffic (msg/ns): 81.58, per-link: 0.32
All traffic (msg/ns): 3,229.95, per-link: 3.15
Inter-die reduction wrt all: 38.45
Inter-board reduction wrt inter-die: inf

---Data Movement---
All traffic (msg): 3,878,392,702
Arith. Intensity FLOP/Loads: 0.47
Arith. Intensity FLOP/Msgs: 0.07
Arith. Intensity OPS/Loads: 1.22
Arith. Intensity OPS/Msgs: 0.19



===Core Utilization Total=== CORE-S:12;; TIME K cy:1,200 ;; Nodes Proc: 455,215 -- Edges Proc: 17,431,235
======== IT IS COLD ======= Only 46 Tiles active

===PRINTING FRAME STATS

FCollision In Avg:5, SD:13, Max:88, Min:0
FCollision Out Avg:7, SD:17, Max:98, Min:0
FCollision End Avg:3, SD:10, Max:96, Min:0
FTask1 Avg:4, SD:8, Max:46, Min:0
FTask2 Avg:6, SD:15, Max:93, Min:0
FTask3 Avg:10, SD:2, Max:39, Min:5
FCore Active Avg:20, SD:21, Max:100, Min:7
FRouter Active Avg:33, SD:13, Max:83, Min:8
T1 invocations: 126,485
T2 invocations: 160,016
T3 invocations: 3,243,278
T3b invocations: 0
Total3 invocations: 3,243,278
Total4 invocations: 13,806

T3/T2 ratio: 20
T3b/T3 ratio: 0

T1 avg ex cycles: 29
T2 avg ex cycles: 38
T3&b avg ex cycles: 3
T4 avg ex cycles: 88
Avg. hops NOC1: 4
Avg. latency NOC1 (T2): 2,773
Avg. hops NOC2: 12
Avg. latency NOC2 (T3): 1,234

===PRINTING ACUM STATS at pu_cycles: 1,300,694

ACollision In Avg:82, SD:25, Max:215, Min:24
ACollision Out Avg:70, SD:27, Max:176, Min:7
ACollision End Avg:23, SD:11, Max:70, Min:1
ATask1 Avg:6, SD:1, Max:8, Min:2
ATask2 Avg:21, SD:2, Max:28, Min:11
ATask3 Avg:37, SD:6, Max:68, Min:25
ACore Active Avg:66, SD:6, Max:91, Min:48
ARouter Active Avg:80, SD:4, Max:92, Min:35
T1 invocations: 2,716,986
T2 invocations: 4,298,633
T3 invocations: 144,195,373
T3b invocations: 0
Total3 invocations: 144,195,373
Total4 invocations: 119,194

T3/T2 ratio: 34
T3b/T3 ratio: 0

T1 avg ex cycles: 31
T2 avg ex cycles: 65
T3&b avg ex cycles: 3
T4 avg ex cycles: 193
Avg. hops NOC1: 3
Avg. latency NOC1 (T2): 11,645
Avg. hops NOC2: 13
Avg. latency NOC2 (T3): 2,103
Number of K Nodes Processed: 3,654
Number of K Edges Processed: 144,233
Node Re-explore factor: 0.87
Edge Re-explore factor: 1.12
Nodes/cy: 3
Edges/cy: 111
TEPS: 99

---DCache---
DCache Size: 125,904
DRAM words: 133,760
  DHits: 273,319,946
  DMisses: 9,079,319
  DHit Rate (hit/miss): 97%
  DEvictions: 1,114,099
  DEviction Rate (evict/misses): 12%
  MC Transactions: 9,500,192
  MC Writes: 402,654
Avg. Transactions: 23% , Writes: 1%, Avg. Latency: 12
Max MC id: 24 of 32. Transactions: 24% , Writes: 1%, MC mean Latency: 12
HBM refresh energy (nJ): 3
HBM access energy (nJ): 17,997,163
MemC wire energy 2.5d (nJ): 4,452,254
MemC wire energy 3d (nJ): 1,113,063

---Energy---
Leakage Energy (nJ): 453,881
PU Dyn E (nJ): 8,679,044
Mem Dyn E (nJ): 53,729,310
Route Dyn E (nJ): 13,412,795
Dynamic Energy (nJ): 75,821,150
Ratio of Dyn/Leak: 167
Total Energy (nJ): 76,275,031
Total Energy (nJ) 3D: 80,201,296
Cores Energy (nJ): 8,682,665
Route Energy (nJ): 13,437,678
Route Energy (nJ) 3D: 20,703,133
Mem Energy   (nJ): 54,154,689
Mem Energy   (nJ) 3D: 50,815,499
Avg. Power (mW): 58,641.79
Power Density (mW/mm2): 62.81

---Runtime---
Runtime in K cycles: 1,300.69
Microseconds: 1,300.69
Time per iteration (ms): 1.30

---Throughput---
GOP/s (aka OPS/ns): 577.76
GOP/s per core: 0.56
FLOP/s: 221.68
FLOP/s per core: 0.22
Max Peak FLOP/s: 1,024.00
Avg. BW GB/s: 3,797.82
Max BW GB/s: 4,096.00

---Traffic---
In-Die bisection_bytes BW (GB/s): 256.00
Inter-board traffic (msg/ns): 0.00, per-link: 0.00
Inter-pack traffic (msg/ns): 0.00, per-link: 0.00
Inter-die traffic (msg/ns): 79.07, per-link: 0.31
Ruche traffic (msg/ns): 77.27, per-link: 0.30
All traffic (msg/ns): 3,047.42, per-link: 2.98
Inter-die reduction wrt all: 38.54
Inter-board reduction wrt inter-die: inf

---Data Movement---
All traffic (msg): 3,963,762,610
Arith. Intensity FLOP/Loads: 0.47
Arith. Intensity FLOP/Msgs: 0.07
Arith. Intensity OPS/Loads: 1.22
Arith. Intensity OPS/Msgs: 0.19



===Core Utilization Total=== CORE-S:13;; TIME K cy:1,300 ;; Nodes Proc: 457,122 -- Edges Proc: 17,860,220
======== IT IS COLD ======= Only 19 Tiles active

===PRINTING FRAME STATS

FCollision In Avg:1, SD:6, Max:96, Min:0
FCollision Out Avg:2, SD:9, Max:98, Min:0
FCollision End Avg:1, SD:5, Max:96, Min:0
FTask1 Avg:1, SD:5, Max:53, Min:0
FTask2 Avg:2, SD:8, Max:93, Min:0
FTask3 Avg:3, SD:1, Max:17, Min:2
FCore Active Avg:6, SD:11, Max:100, Min:2
FRouter Active Avg:10, SD:10, Max:76, Min:1
T1 invocations: 33,936
T2 invocations: 43,236
T3 invocations: 924,937
T3b invocations: 0
Total3 invocations: 924,937
Total4 invocations: 4,432

T3/T2 ratio: 21
T3b/T3 ratio: 0

T1 avg ex cycles: 29
T2 avg ex cycles: 37
T3&b avg ex cycles: 3
T4 avg ex cycles: 75
Avg. hops NOC1: 4
Avg. latency NOC1 (T2): 2,739
Avg. hops NOC2: 12
Avg. latency NOC2 (T3): 1,054

===PRINTING ACUM STATS at pu_cycles: 1,400,069

ACollision In Avg:76, SD:23, Max:203, Min:22
ACollision Out Avg:65, SD:25, Max:164, Min:6
ACollision End Avg:21, SD:10, Max:65, Min:2
ATask1 Avg:6, SD:0, Max:8, Min:3
ATask2 Avg:19, SD:1, Max:26, Min:12
ATask3 Avg:34, SD:5, Max:64, Min:23
ACore Active Avg:61, SD:6, Max:90, Min:48
ARouter Active Avg:75, SD:4, Max:89, Min:33
T1 invocations: 2,750,565
T2 invocations: 4,341,581
T3 invocations: 145,103,867
T3b invocations: 0
Total3 invocations: 145,103,867
Total4 invocations: 123,536

T3/T2 ratio: 33
T3b/T3 ratio: 0

T1 avg ex cycles: 31
T2 avg ex cycles: 64
T3&b avg ex cycles: 3
T4 avg ex cycles: 189
Avg. hops NOC1: 3
Avg. latency NOC1 (T2): 11,555
Avg. hops NOC2: 13
Avg. latency NOC2 (T3): 2,096
Number of K Nodes Processed: 3,659
Number of K Edges Processed: 145,111
Node Re-explore factor: 0.87
Edge Re-explore factor: 1.13
Nodes/cy: 3
Edges/cy: 104
TEPS: 92

---DCache---
DCache Size: 125,904
DRAM words: 133,760
  DHits: 275,168,990
  DMisses: 9,123,291
  DHit Rate (hit/miss): 97%
  DEvictions: 1,126,076
  DEviction Rate (evict/misses): 12%
  MC Transactions: 9,547,355
  MC Writes: 405,843
Avg. Transactions: 21% , Writes: 1%, Avg. Latency: 12
Max MC id: 26 of 32. Transactions: 22% , Writes: 1%, MC mean Latency: 12
HBM refresh energy (nJ): 4
HBM access energy (nJ): 18,086,509
MemC wire energy 2.5d (nJ): 4,474,356
MemC wire energy 3d (nJ): 1,118,589

---Energy---
Leakage Energy (nJ): 488,558
PU Dyn E (nJ): 8,734,558
Mem Dyn E (nJ): 54,037,138
Route Dyn E (nJ): 13,492,081
Dynamic Energy (nJ): 76,263,778
Ratio of Dyn/Leak: 156
Total Energy (nJ): 76,752,336
Total Energy (nJ) 3D: 80,704,253
Cores Energy (nJ): 8,738,455
Route Energy (nJ): 13,518,865
Route Energy (nJ) 3D: 20,826,549
Mem Energy   (nJ): 54,495,016
Mem Energy   (nJ) 3D: 51,139,249
Avg. Power (mW): 54,820.40
Power Density (mW/mm2): 58.72

---Runtime---
Runtime in K cycles: 1,400.07
Microseconds: 1,400.07
Time per iteration (ms): 1.40

---Throughput---
GOP/s (aka OPS/ns): 540.49
GOP/s per core: 0.53
FLOP/s: 207.19
FLOP/s per core: 0.20
Max Peak FLOP/s: 1,024.00
Avg. BW GB/s: 3,550.11
Max BW GB/s: 4,096.00

---Traffic---
In-Die bisection_bytes BW (GB/s): 256.00
Inter-board traffic (msg/ns): 0.00, per-link: 0.00
Inter-pack traffic (msg/ns): 0.00, per-link: 0.00
Inter-die traffic (msg/ns): 73.88, per-link: 0.29
Ruche traffic (msg/ns): 72.27, per-link: 0.28
All traffic (msg/ns): 2,847.71, per-link: 2.78
Inter-die reduction wrt all: 38.54
Inter-board reduction wrt inter-die: inf

---Data Movement---
All traffic (msg): 3,986,993,855
Arith. Intensity FLOP/Loads: 0.47
Arith. Intensity FLOP/Msgs: 0.07
Arith. Intensity OPS/Loads: 1.22
Arith. Intensity OPS/Msgs: 0.19



===Core Utilization Total=== CORE-S:14;; TIME K cy:1,400 ;; Nodes Proc: 457,823 -- Edges Proc: 17,940,873
======== IT IS COLD ======= Only 0 Tiles active

===PRINTING FRAME STATS

FCollision In Avg:0, SD:3, Max:95, Min:0
FCollision Out Avg:0, SD:5, Max:97, Min:0
FCollision End Avg:0, SD:2, Max:77, Min:0
FTask1 Avg:0, SD:1, Max:21, Min:0
FTask2 Avg:0, SD:3, Max:78, Min:0
FTask3 Avg:0, SD:0, Max:8, Min:0
FCore Active Avg:1, SD:3, Max:80, Min:0
FRouter Active Avg:2, SD:6, Max:78, Min:0
T1 invocations: 3,687
T2 invocations: 4,598
T3 invocations: 114,791
T3b invocations: 0
Total3 invocations: 114,791
Total4 invocations: 689

T3/T2 ratio: 25
T3b/T3 ratio: 0

T1 avg ex cycles: 29
T2 avg ex cycles: 33
T3&b avg ex cycles: 3
T4 avg ex cycles: 67
Avg. hops NOC1: 3
Avg. latency NOC1 (T2): 3,113
Avg. hops NOC2: 14
Avg. latency NOC2 (T3): 755

===PRINTING ACUM STATS at pu_cycles: 1,500,084

ACollision In Avg:71, SD:22, Max:189, Min:20
ACollision Out Avg:61, SD:23, Max:153, Min:6
ACollision End Avg:20, SD:9, Max:60, Min:1
ATask1 Avg:6, SD:0, Max:7, Min:4
ATask2 Avg:18, SD:1, Max:24, Min:12
ATask3 Avg:32, SD:5, Max:60, Min:22
ACore Active Avg:57, SD:5, Max:84, Min:45
ARouter Active Avg:70, SD:4, Max:84, Min:31
T1 invocations: 2,756,807
T2 invocations: 4,349,637
T3 invocations: 145,222,901
T3b invocations: 0
Total3 invocations: 145,222,901
Total4 invocations: 124,278

T3/T2 ratio: 33
T3b/T3 ratio: 0

T1 avg ex cycles: 31
T2 avg ex cycles: 64
T3&b avg ex cycles: 3
T4 avg ex cycles: 188
Avg. hops NOC1: 3
Avg. latency NOC1 (T2): 11,539
Avg. hops NOC2: 13
Avg. latency NOC2 (T3): 2,095
Number of K Nodes Processed: 3,662
Number of K Edges Processed: 145,223
Node Re-explore factor: 0.87
Edge Re-explore factor: 1.13
Nodes/cy: 2
Edges/cy: 97
TEPS: 86

---DCache---
DCache Size: 125,904
DRAM words: 133,760
  DHits: 275,411,552
  DMisses: 9,124,673
  DHit Rate (hit/miss): 97%
  DEvictions: 1,127,142
  DEviction Rate (evict/misses): 12%
  MC Transactions: 9,548,964
  MC Writes: 406,070
Avg. Transactions: 20% , Writes: 1%, Avg. Latency: 12
Max MC id: 26 of 32. Transactions: 21% , Writes: 1%, MC mean Latency: 12
HBM refresh energy (nJ): 4
HBM access energy (nJ): 18,089,557
MemC wire energy 2.5d (nJ): 4,475,111
MemC wire energy 3d (nJ): 1,118,778

---Energy---
Leakage Energy (nJ): 523,458
PU Dyn E (nJ): 8,743,455
Mem Dyn E (nJ): 54,070,646
Route Dyn E (nJ): 13,504,484
Dynamic Energy (nJ): 76,318,585
Ratio of Dyn/Leak: 146
Total Energy (nJ): 76,842,043
Total Energy (nJ) 3D: 80,800,397
Cores Energy (nJ): 8,747,630
Route Energy (nJ): 13,533,181
Route Energy (nJ) 3D: 20,847,867
Mem Energy   (nJ): 54,561,233
Mem Energy   (nJ) 3D: 51,204,900
Avg. Power (mW): 51,225.16
Power Density (mW/mm2): 54.87

---Runtime---
Runtime in K cycles: 1,500.08
Microseconds: 1,500.08
Time per iteration (ms): 1.50

---Throughput---
GOP/s (aka OPS/ns): 505.02
GOP/s per core: 0.49
FLOP/s: 193.55
FLOP/s per core: 0.19
Max Peak FLOP/s: 1,024.00
Avg. BW GB/s: 3,316.59
Max BW GB/s: 4,096.00

---Traffic---
In-Die bisection_bytes BW (GB/s): 256.00
Inter-board traffic (msg/ns): 0.00, per-link: 0.00
Inter-pack traffic (msg/ns): 0.00, per-link: 0.00
Inter-die traffic (msg/ns): 69.00, per-link: 0.27
Ruche traffic (msg/ns): 67.51, per-link: 0.26
All traffic (msg/ns): 2,660.25, per-link: 2.60
Inter-die reduction wrt all: 38.55
Inter-board reduction wrt inter-die: inf

---Data Movement---
All traffic (msg): 3,990,604,380
Arith. Intensity FLOP/Loads: 0.47
Arith. Intensity FLOP/Msgs: 0.07
Arith. Intensity OPS/Loads: 1.22
Arith. Intensity OPS/Msgs: 0.19



===Core Utilization Total=== CORE-S:15;; TIME K cy:1,500 ;; Nodes Proc: 458,165 -- Edges Proc: 17,941,637
======== IT IS COLD ======= Only 2 Tiles active

===PRINTING FRAME STATS

FCollision In Avg:0, SD:3, Max:95, Min:0
FCollision Out Avg:0, SD:2, Max:39, Min:0
FCollision End Avg:0, SD:1, Max:18, Min:0
FTask1 Avg:0, SD:1, Max:21, Min:0
FTask2 Avg:0, SD:3, Max:80, Min:0
FTask3 Avg:0, SD:0, Max:8, Min:0
FCore Active Avg:1, SD:3, Max:81, Min:0
FRouter Active Avg:1, SD:3, Max:45, Min:0
T1 invocations: 1,815
T2 invocations: 3,500
T3 invocations: 101,155
T3b invocations: 0
Total3 invocations: 101,155
Total4 invocations: 561

T3/T2 ratio: 29
T3b/T3 ratio: 0

T1 avg ex cycles: 32
T2 avg ex cycles: 43
T3&b avg ex cycles: 3
T4 avg ex cycles: 41
Avg. hops NOC1: 3
Avg. latency NOC1 (T2): 2,714
Avg. hops NOC2: 12
Avg. latency NOC2 (T3): 292

===PRINTING ACUM STATS at pu_cycles: 1,600,012

ACollision In Avg:67, SD:21, Max:178, Min:19
ACollision Out Avg:57, SD:22, Max:143, Min:5
ACollision End Avg:19, SD:9, Max:57, Min:1
ATask1 Avg:5, SD:0, Max:7, Min:4
ATask2 Avg:17, SD:1, Max:23, Min:15
ATask3 Avg:30, SD:5, Max:60, Min:20
ACore Active Avg:54, SD:5, Max:82, Min:42
ARouter Active Avg:66, SD:4, Max:80, Min:29
T1 invocations: 2,757,287
T2 invocations: 4,353,472
T3 invocations: 145,303,848
T3b invocations: 0
Total3 invocations: 145,303,848
Total4 invocations: 124,706

T3/T2 ratio: 33
T3b/T3 ratio: 0

T1 avg ex cycles: 31
T2 avg ex cycles: 64
T3&b avg ex cycles: 3
T4 avg ex cycles: 188
Avg. hops NOC1: 3
Avg. latency NOC1 (T2): 11,534
Avg. hops NOC2: 13
Avg. latency NOC2 (T3): 2,094
Number of K Nodes Processed: 3,662
Number of K Edges Processed: 145,316
Node Re-explore factor: 0.87
Edge Re-explore factor: 1.13
Nodes/cy: 2
Edges/cy: 91
TEPS: 80

---DCache---
DCache Size: 125,904
DRAM words: 133,760
  DHits: 275,600,363
  DMisses: 9,130,862
  DHit Rate (hit/miss): 97%
  DEvictions: 1,128,185
  DEviction Rate (evict/misses): 12%
  MC Transactions: 9,555,469
  MC Writes: 406,386
Avg. Transactions: 19% , Writes: 1%, Avg. Latency: 12
Max MC id: 26 of 32. Transactions: 20% , Writes: 1%, MC mean Latency: 12
HBM refresh energy (nJ): 4
HBM access energy (nJ): 18,101,880
MemC wire energy 2.5d (nJ): 4,478,159
MemC wire energy 3d (nJ): 1,119,540

---Energy---
Leakage Energy (nJ): 558,329
PU Dyn E (nJ): 8,749,809
Mem Dyn E (nJ): 54,108,715
Route Dyn E (nJ): 13,512,994
Dynamic Energy (nJ): 76,371,519
Ratio of Dyn/Leak: 137
Total Energy (nJ): 76,929,848
Total Energy (nJ) 3D: 80,890,498
Cores Energy (nJ): 8,754,262
Route Energy (nJ): 13,543,603
Route Energy (nJ) 3D: 20,862,871
Mem Energy   (nJ): 54,631,983
Mem Energy   (nJ) 3D: 51,273,364
Avg. Power (mW): 48,080.79
Power Density (mW/mm2): 51.50

---Runtime---
Runtime in K cycles: 1,600.01
Microseconds: 1,600.01
Time per iteration (ms): 1.60

---Throughput---
GOP/s (aka OPS/ns): 473.76
GOP/s per core: 0.46
FLOP/s: 181.61
FLOP/s per core: 0.18
Max Peak FLOP/s: 1,024.00
Avg. BW GB/s: 3,111.71
Max BW GB/s: 4,096.00

---Traffic---
In-Die bisection_bytes BW (GB/s): 256.00
Inter-board traffic (msg/ns): 0.00, per-link: 0.00
Inter-pack traffic (msg/ns): 0.00, per-link: 0.00
Inter-die traffic (msg/ns): 64.74, per-link: 0.25
Ruche traffic (msg/ns): 63.33, per-link: 0.25
All traffic (msg/ns): 2,495.67, per-link: 2.44
Inter-die reduction wrt all: 38.55
Inter-board reduction wrt inter-die: inf

---Data Movement---
All traffic (msg): 3,993,101,404
Arith. Intensity FLOP/Loads: 0.47
Arith. Intensity FLOP/Msgs: 0.07
Arith. Intensity OPS/Loads: 1.22
Arith. Intensity OPS/Msgs: 0.19



===Core Utilization Total=== CORE-S:16;; TIME K cy:1,600 ;; Nodes Proc: 458,239 -- Edges Proc: 17,941,745
======== IT IS COLD ======= Only 0 Tiles active
Epoch Done Router: 2
Epoch Done Router: 0
Epoch Done Router: 1
Epoch Done Router: 4
Epoch Done Router: 3
Epoch Done Router: 7
Epoch Done Router: 6
Epoch Done Router: 5
##EPOCH## 1 COMPLETED at Time (K cy): 1,610
Nodes processed until now: 3,662,855
Edges processed until now: 145,320,278
Program Done Worker Thread: 0
Program Done Router Thread: 0
Program Done Router Thread: 5
Program Done Router Thread: 1
Program Done Worker Thread: 2
Program Done Worker Thread: 3
Program Done Router Thread: 3
Program Done Worker Thread: 4
Program Done Router Thread: 7
Program Done Router Thread: 4
Program Done Worker Thread: 7
Program Done Worker Thread: 6
Program Done Worker Thread: 1
Program Done Worker Thread: 5
Program Done Router Thread: 6
Program Done Router Thread: 2

===PRINTING ACUM STATS at pu_cycles: 1,610,589

ACollision In Avg:66, SD:20, Max:176, Min:19
ACollision Out Avg:57, SD:22, Max:142, Min:5
ACollision End Avg:18, SD:9, Max:56, Min:1
ATask1 Avg:5, SD:0, Max:8, Min:5
ATask2 Avg:17, SD:1, Max:22, Min:15
ATask3 Avg:30, SD:5, Max:56, Min:20
ACore Active Avg:53, SD:5, Max:81, Min:42
ARouter Active Avg:65, SD:4, Max:79, Min:29
T1 invocations: 2,759,660
T2 invocations: 4,355,083
T3 invocations: 145,320,278
T3b invocations: 0
Total3 invocations: 145,320,278
Total4 invocations: 124,825

T3/T2 ratio: 33
T3b/T3 ratio: 0

T1 avg ex cycles: 31
T2 avg ex cycles: 64
T3&b avg ex cycles: 3
T4 avg ex cycles: 187
Avg. hops NOC1: 3
Avg. latency NOC1 (T2): 11,530
Avg. hops NOC2: 13
Avg. latency NOC2 (T3): 2,094

Runtime at program end in K cycles: 1,610
Runtime before cooldown in K cycles: 1,101


Number of K Nodes Processed: 3,662
Number of K Edges Processed: 145,320
Node Re-explore factor: 0.87
Edge Re-explore factor: 1.13
Nodes/cy: 2
Edges/cy: 90
TEPS: 80

---DCache---
DCache Size: 125,904
DRAM words: 133,760
  DHits: 275,609,382
  DMisses: 9,131,128
  DHit Rate (hit/miss): 97%
  DEvictions: 1,128,240
  DEviction Rate (evict/misses): 12%
  MC Transactions: 9,555,743
  MC Writes: 406,394
Avg. Transactions: 19% , Writes: 1%, Avg. Latency: 12
Max MC id: 26 of 32. Transactions: 19% , Writes: 1%, MC mean Latency: 12
HBM refresh energy (nJ): 4
HBM access energy (nJ): 18,102,399
MemC wire energy 2.5d (nJ): 4,478,288
MemC wire energy 3d (nJ): 1,119,572

---Energy---
Leakage Energy (nJ): 562,019
PU Dyn E (nJ): 8,751,716
Mem Dyn E (nJ): 54,114,449
Route Dyn E (nJ): 13,513,930
Dynamic Energy (nJ): 76,380,096
Ratio of Dyn/Leak: 136
Total Energy (nJ): 76,942,115
Total Energy (nJ) 3D: 80,903,261
Cores Energy (nJ): 8,756,198
Route Energy (nJ): 13,544,741
Route Energy (nJ) 3D: 20,864,603
Mem Energy   (nJ): 54,641,176
Mem Energy   (nJ) 3D: 51,282,461
Avg. Power (mW): 47,772.66
Power Density (mW/mm2): 51.17

---Runtime---
Runtime in K cycles: 1,610.59
Microseconds: 1,610.59
Time per iteration (ms): 1.61

---Inst---
K Loads: 621,485
K Stores: 623,441
K Instructions: 758,221

---Throughput---
GOP/s (aka OPS/ns): 470.77
GOP/s per core: 0.46
FLOP/s: 180.46
FLOP/s per core: 0.18
Max Peak FLOP/s: 1,024.00
Avg. BW GB/s: 3,091.86
Max BW GB/s: 4,096.00

---Traffic---
In-Die bisection_bytes BW (GB/s): 256.00
Inter-board traffic (msg/ns): 0.00, per-link: 0.00
Inter-pack traffic (msg/ns): 0.00, per-link: 0.00
Inter-die traffic (msg/ns): 64.32, per-link: 0.25
Ruche traffic (msg/ns): 62.91, per-link: 0.25
All traffic (msg/ns): 2,479.47, per-link: 2.42
Inter-die reduction wrt all: 38.55
Inter-board reduction wrt inter-die: inf

---Data Movement---
All traffic (msg): 3,993,413,558
Arith. Intensity FLOP/Loads: 0.47
Arith. Intensity FLOP/Msgs: 0.07
Arith. Intensity OPS/Loads: 1.22
Arith. Intensity OPS/Msgs: 0.19

Simulation time: 167.80
Sim noc_cy/s: 9,597.98
Sim Msg/s: 23,797,946.81

Version 31

