Dataset:  Kron22/
Dry run: 0
Open Edge Count File succesfully
Edges Traversed BFS: 128309848
Found Vertices: 4194304, Edges: 128311436
avg degree 31
Array  Kron22/node_array.bin found
Malloc array of size 16777220 bytes
Readin array of size 16777216 bytes
Finished Reading Array Bytes
No reordering Array 32bit
Array  Kron22/edge_array.bin found
Malloc array of size 513245744 bytes
Readin array of size 513245744 bytes
Finished Reading Array Bytes
No reordering Array 32bit
Array  Kron22/edge_values.bin found
Malloc array of size 513245744 bytes
Readin array of size 513245744 bytes
Finished Reading Array Bytes
No reordering Array 32bit
Reading graph elapsed time: 0.251884s

Dataset Footprint: 522 MiB
Dataset Footprint per Board: 4383.05 Mb
Dataset injection time (ms): 0.26752
Max Dataset Footprint: 1026 MiB

Dataset footprint per tile: 522 KiB
Proxys footprint per tile: 0 KiB
Reserved SRAM per tile: 15 KiB

Ideal SRAM per tile: 537 KiB
reserved_words_for_dataset:12321
dataset_words_per_tile:133760
remaining_sram_words:61606
min_dcache_sram_words_required:12512
dataset_words_per_tile:133760
min_pcache_sram_words_required:0
proxys_words_per_tile:0
Dcache footprint ratio: 3
Dataset Cached: 1
DCache: 60880 words, lines: 3805, sets: 3805
Proxys Cached: 0
Pcache: 0 words, sets: 0
Node per tile: 4,096
Edge per tile: 125,305
GRID_X: 32
GRID_SIZE: 1,024
smt_per_tile: 1
noc_freq: 1
pu_freq: 1
RUCHE_X: 0
PROXY_W: 32
DIE_W: 32
DIE_H: 32
DIES: 1
BORDER_TILES_PER_DIE: 128
PACK_W: 32
PACK_H: 32
DIES_PACK_FACTOR: 1
DIES_PER_PACK: 1
PACKAGES: 1
BOARD_W: 32
BOARD_H: 32
BOARDS: 1
MUX_BUS: 1
DCACHE: 1
PCACHE: 0
PROXY_FACTOR: 1
CACHE_WAYS: 1
TORUS: 1
PHY_NOCS: 1
WIDE_NOC_ID: 0
NOC_CONF: 1
noc_width: 32
hbm_channel_bit_width: 512
ld_st_op_byte_width: 4
PROXY_ROUTING: 0
WRITE_THROUGH: 1
ASSERT_MODE: 0
GLOBAL_BARRIER: 0
OQ flits: 36 ; 384 ; 2
IQ flits: 288 ; 3,072 ; 2
OQ messages: 12 ; 192 ; 1
IQ messages: 96 ; 1,536 ; 1
max_task2 size: 64
io_factor_t2: 8
io_factor_t3: 8
io_factor_t3b: 8

Active SRAM Storage per tile: 255 KiB
Total SRAM Storage per tile: 256 KiB
Agreggated SRAM Storage: 256 MiB

Active DRAM Storage per tile: 0.509766 MiB
Total DRAM Storage per tile: 8 MiB
Agreggated DRAM Storage: 8 GiB

Inter-Die #links: 1,024
Inter-Die (Gbits): 32,768
Inter-Die (Gbits/mm): 606.445
Bisection BW of Board (Gbits): 8,192
Border IO #Dies: 4
Border IO Die BW (Gbits): 4,096
Off-Board BW Total (Gbits): 16,384
Off-Board BW Density (Gbits/mm): 212
Die side: 13.51 mm
Die border wire density: 606.44 Gbits/mm
HBM wire density: 303.22 Gbits/mm

Tiles per Die: 1,024 (32x32)
Tile Area: 0.12 mm2, side: 0.35 mm
- Core/Rout Area: 0.05 mm2
- SRAM Area: 0.07 mm2
- SRAM/Logic Ratio: 1.40x

Dies per Package: 1 (1x1)
Die Area: 182.47 mm2, side: 13.51 mm
- Tiles Area: 125.98 mm2
- PHY Area: 47.49 mm2
- MC Area: 9.00 mm2

Packages per Board: 1 (1x1)
Package Area: 372.47 mm2, side: 19.30 mm
- IOdie Area: 80.00 mm2
- Dies Area: 182.47 mm2
- HBM Area: 110.00 mm2

Boards: 1 (1x1)
Board Area: 372.47 mm2
Total Area: 372.47 mm2



ESTIMATED COST OF SILICON AND PACKAGING. ONLY VARIABLE, NO FIXED COSTS
Good dies per wafer 3d: 186
Good dies per wafer 2d: 272
--Dies 3D Cost: 32.51 $
--Dies 2.5D Cost: 22.23 $
--Dies 2D Cost: 22.23 $
--HBM Cost: 60.00 $
--IOdie Cost: 8.44 $
--Packaging Cost 3d: 7.25 $
--Packaging Cost 2.5d: 12.38 $
--Packaging Cost 2d: 4.60 $
SiP Cost 3d: 108.20 $
SiP Cost 2.5d: 103.05 $
SiP Cost 2d: 35.27 $
--Board Cost: 0.37 $
Total SiPs Cost 3d: 108.58 $
Total SiPs Cost 2.5d: 103.43 $
Total SiPs Cost 2d: 35.64 $

Perf counters initialized
Mesh connected
Cache structures initialized
Replicas initialized
Allocated Frontier List
Dataset structures initialized


Starting Simulation
INIT epoch: 1
INIT epoch: 1
INIT epoch: 1
INIT epoch: 1
INIT epoch: 1
INIT epoch: 1
INIT epoch: 1
INIT epoch: 1

===PRINTING FRAME STATS

FCollision In Avg:-nan, SD:-nan, Max:212, Min:1
FCollision Out Avg:-nan, SD:-nan, Max:254, Min:38
FCollision End Avg:-nan, SD:-nan, Max:174, Min:0
FTask1 Avg:-nan, SD:-nan, Max:8, Min:0
FTask2 Avg:-nan, SD:-nan, Max:52, Min:0
FTask3 Avg:-nan, SD:-nan, Max:75, Min:29
FCore Active Avg:-nan, SD:-nan, Max:99, Min:34
FRouter Active Avg:-nan, SD:-nan, Max:82, Min:48
T1 invocations: 29,353
T2 invocations: 93,697
T3 invocations: 5,610,820
T3b invocations: 0
Total3 invocations: 5,610,820
Total4 invocations: 1,079

T3/T2 ratio: 60
T3b/T3 ratio: 0

T1 avg ex cycles: 60
T2 avg ex cycles: 161
T3&b avg ex cycles: 8
T4 avg ex cycles: 359
Avg. hops NOC1: 4
Avg. latency NOC1 (T2): 36,957
Avg. hops NOC2: 17
Avg. latency NOC2 (T3): 2,833

===PRINTING ACUM STATS at pu_cycles: 100,491

ACollision In Avg:-nan, SD:-nan, Max:212, Min:1
ACollision Out Avg:-nan, SD:-nan, Max:254, Min:38
ACollision End Avg:-nan, SD:-nan, Max:174, Min:0
ATask1 Avg:-nan, SD:-nan, Max:8, Min:0
ATask2 Avg:-nan, SD:-nan, Max:52, Min:0
ATask3 Avg:-nan, SD:-nan, Max:75, Min:29
ACore Active Avg:-nan, SD:-nan, Max:99, Min:34
ARouter Active Avg:-nan, SD:-nan, Max:82, Min:48
T1 invocations: 29,353
T2 invocations: 93,697
T3 invocations: 5,610,820
T3b invocations: 0
Total3 invocations: 5,610,820
Total4 invocations: 1,079

T3/T2 ratio: 60
T3b/T3 ratio: 0

T1 avg ex cycles: 60
T2 avg ex cycles: 161
T3&b avg ex cycles: 8
T4 avg ex cycles: 359
Avg. hops NOC1: 4
Avg. latency NOC1 (T2): 36,957
Avg. hops NOC2: 17
Avg. latency NOC2 (T3): 2,833
Number of K Nodes Processed: 1,135
Number of K Edges Processed: 5,833
Node Re-explore factor: 0.27
Edge Re-explore factor: 0.05
Nodes/cy: 11
Edges/cy: 58
TEPS: 1,277

---DCache---
DCache Size: 60,880
DRAM words: 133,760
  DHits: 10,759,905
  DMisses: 670,432
  DHit Rate (hit/miss): 94%
  DEvictions: 60,199
  DEviction Rate (evict/misses): 9%
  MC Transactions: 709,037
  MC Writes: 33,382
Avg. Transactions: 88% , Writes: 4%, Avg. Latency: 30
Max MC id: 0 of 8. Transactions: 94% , Writes: 4%, MC mean Latency: 39
HBM refresh energy (nJ): 0
HBM access energy (nJ): 1,343,199
MemC wire energy 2.5d (nJ): 508,560
MemC wire energy 3d (nJ): 127,140

---Energy---
Leakage Energy (nJ): 17,601
PU Dyn E (nJ): 379,021
Mem Dyn E (nJ): 2,902,017
Route Dyn E (nJ): 473,983
Dynamic Energy (nJ): 3,755,022
Ratio of Dyn/Leak: 213
Total Energy (nJ): 3,772,623
Total Energy (nJ) 3D: 3,602,346
Cores Energy (nJ): 379,301
Route Energy (nJ): 474,905
Route Energy (nJ) 3D: 686,048
Mem Energy   (nJ): 2,918,417
Mem Energy   (nJ) 3D: 2,536,997
Avg. Power (mW): 37,541.89
Power Density (mW/mm2): 100.79

---Runtime---
Runtime in K cycles: 100.49
Microseconds: 100.49
Time per iteration (ms): 0.10

---Throughput---
GOP/s (aka OPS/ns): 373.19
GOP/s per core: 0.36
FLOP/s: 113.65
FLOP/s per core: 0.11
Max Peak FLOP/s: 1,024.00
Avg. BW GB/s: 2,228.31
Max BW GB/s: 4,096.00

---Traffic---
In-Die bisection_bytes BW (GB/s): 512.00
Inter-board traffic (msg/ns): 0.00, per-link: 0.00
Inter-pack traffic (msg/ns): 0.00, per-link: 0.00
Inter-die traffic (msg/ns): 0.00, per-link: 0.00
Ruche traffic (msg/ns): 0.00, per-link: 0.00
All traffic (msg/ns): 2,191.88, per-link: 2.14
Inter-die reduction wrt all: inf
Inter-board reduction wrt inter-die: -nan

---Data Movement---
All traffic (msg): 220,264,040
Arith. Intensity FLOP/Loads: 0.41
Arith. Intensity FLOP/Msgs: 0.05
Arith. Intensity OPS/Loads: 1.35
Arith. Intensity OPS/Msgs: 0.17



===Core Utilization Total=== CORE-S:1;; TIME K cy:100 ;; Nodes Proc: 143,154 -- Edges Proc: 807,237

===PRINTING FRAME STATS

FCollision In Avg:116, SD:34, Max:264, Min:7
FCollision Out Avg:130, SD:44, Max:275, Min:36
FCollision End Avg:44, SD:40, Max:200, Min:0
FTask1 Avg:2, SD:2, Max:11, Min:0
FTask2 Avg:22, SD:15, Max:63, Min:0
FTask3 Avg:38, SD:5, Max:63, Min:25
FCore Active Avg:62, SD:16, Max:100, Min:28
FRouter Active Avg:85, SD:6, Max:93, Min:51
T1 invocations: 41,971
T2 invocations: 150,026
T3 invocations: 9,183,078
T3b invocations: 0
Total3 invocations: 9,183,078
Total4 invocations: 282

T3/T2 ratio: 61
T3b/T3 ratio: 0

T1 avg ex cycles: 46
T2 avg ex cycles: 152
T3&b avg ex cycles: 4
T4 avg ex cycles: 546
Avg. hops NOC1: 2
Avg. latency NOC1 (T2): 44,626
Avg. hops NOC2: 17
Avg. latency NOC2 (T3): 2,222

===PRINTING ACUM STATS at pu_cycles: 200,335

ACollision In Avg:108, SD:28, Max:229, Min:5
ACollision Out Avg:130, SD:37, Max:264, Min:44
ACollision End Avg:42, SD:33, Max:184, Min:0
ATask1 Avg:2, SD:1, Max:7, Min:0
ATask2 Avg:19, SD:11, Max:57, Min:0
ATask3 Avg:40, SD:6, Max:63, Min:29
ACore Active Avg:61, SD:12, Max:93, Min:32
ARouter Active Avg:73, SD:5, Max:85, Min:51
T1 invocations: 70,216
T2 invocations: 240,776
T3 invocations: 14,635,220
T3b invocations: 0
Total3 invocations: 14,635,220
Total4 invocations: 1,328

T3/T2 ratio: 61
T3b/T3 ratio: 0

T1 avg ex cycles: 52
T2 avg ex cycles: 155
T3&b avg ex cycles: 6
T4 avg ex cycles: 399
Avg. hops NOC1: 3
Avg. latency NOC1 (T2): 41,770
Avg. hops NOC2: 17
Avg. latency NOC2 (T3): 2,451
Number of K Nodes Processed: 1,881
Number of K Edges Processed: 15,148
Node Re-explore factor: 0.45
Edge Re-explore factor: 0.12
Nodes/cy: 9
Edges/cy: 76
TEPS: 640

---DCache---
DCache Size: 60,880
DRAM words: 133,760
  DHits: 26,526,080
  DMisses: 1,320,680
  DHit Rate (hit/miss): 95%
  DEvictions: 205,835
  DEviction Rate (evict/misses): 16%
  MC Transactions: 1,427,220
  MC Writes: 93,467
Avg. Transactions: 89% , Writes: 6%, Avg. Latency: 25
Max MC id: 0 of 8. Transactions: 92% , Writes: 6%, MC mean Latency: 30
HBM refresh energy (nJ): 0
HBM access energy (nJ): 2,703,725
MemC wire energy 2.5d (nJ): 1,023,680
MemC wire energy 3d (nJ): 255,920

---Energy---
Leakage Energy (nJ): 35,088
PU Dyn E (nJ): 916,519
Mem Dyn E (nJ): 6,267,468
Route Dyn E (nJ): 1,213,727
Dynamic Energy (nJ): 8,397,715
Ratio of Dyn/Leak: 239
Total Energy (nJ): 8,432,803
Total Energy (nJ) 3D: 8,205,717
Cores Energy (nJ): 917,077
Route Energy (nJ): 1,215,563
Route Energy (nJ) 3D: 1,756,237
Mem Energy   (nJ): 6,300,163
Mem Energy   (nJ) 3D: 5,532,403
Avg. Power (mW): 42,093.51
Power Density (mW/mm2): 113.01

---Runtime---
Runtime in K cycles: 200.34
Microseconds: 200.34
Time per iteration (ms): 0.20

---Throughput---
GOP/s (aka OPS/ns): 417.91
GOP/s per core: 0.41
FLOP/s: 146.54
FLOP/s per core: 0.14
Max Peak FLOP/s: 1,024.00
Avg. BW GB/s: 2,700.23
Max BW GB/s: 4,096.00

---Traffic---
In-Die bisection_bytes BW (GB/s): 512.00
Inter-board traffic (msg/ns): 0.00, per-link: 0.00
Inter-pack traffic (msg/ns): 0.00, per-link: 0.00
Inter-die traffic (msg/ns): 0.00, per-link: 0.00
Ruche traffic (msg/ns): 0.00, per-link: 0.00
All traffic (msg/ns): 2,754.13, per-link: 2.69
Inter-die reduction wrt all: inf
Inter-board reduction wrt inter-die: -nan

---Data Movement---
All traffic (msg): 551,748,903
Arith. Intensity FLOP/Loads: 0.44
Arith. Intensity FLOP/Msgs: 0.05
Arith. Intensity OPS/Loads: 1.24
Arith. Intensity OPS/Msgs: 0.15



===Core Utilization Total=== CORE-S:2;; TIME K cy:200 ;; Nodes Proc: 235,568 -- Edges Proc: 1,923,020

===PRINTING FRAME STATS

FCollision In Avg:119, SD:33, Max:246, Min:9
FCollision Out Avg:128, SD:44, Max:274, Min:30
FCollision End Avg:43, SD:40, Max:190, Min:0
FTask1 Avg:2, SD:2, Max:10, Min:0
FTask2 Avg:23, SD:15, Max:67, Min:0
FTask3 Avg:35, SD:5, Max:58, Min:22
FCore Active Avg:60, SD:16, Max:100, Min:22
FRouter Active Avg:87, SD:3, Max:94, Min:77
T1 invocations: 53,256
T2 invocations: 166,886
T3 invocations: 9,646,314
T3b invocations: 0
Total3 invocations: 9,646,314
Total4 invocations: 386

T3/T2 ratio: 58
T3b/T3 ratio: 0

T1 avg ex cycles: 41
T2 avg ex cycles: 143
T3&b avg ex cycles: 4
T4 avg ex cycles: 569
Avg. hops NOC1: 2
Avg. latency NOC1 (T2): 39,891
Avg. hops NOC2: 17
Avg. latency NOC2 (T3): 2,039

===PRINTING ACUM STATS at pu_cycles: 300,330

ACollision In Avg:112, SD:26, Max:231, Min:9
ACollision Out Avg:129, SD:35, Max:265, Min:48
ACollision End Avg:43, SD:31, Max:183, Min:0
ATask1 Avg:2, SD:1, Max:7, Min:0
ATask2 Avg:20, SD:11, Max:49, Min:0
ATask3 Avg:38, SD:5, Max:57, Min:28
ACore Active Avg:61, SD:11, Max:90, Min:30
ARouter Active Avg:78, SD:3, Max:85, Min:70
T1 invocations: 124,728
T2 invocations: 414,351
T3 invocations: 24,571,517
T3b invocations: 0
Total3 invocations: 24,571,517
Total4 invocations: 1,723

T3/T2 ratio: 59
T3b/T3 ratio: 0

T1 avg ex cycles: 47
T2 avg ex cycles: 150
T3&b avg ex cycles: 5
T4 avg ex cycles: 438
Avg. hops NOC1: 3
Avg. latency NOC1 (T2): 41,174
Avg. hops NOC2: 17
Avg. latency NOC2 (T3): 2,294
Number of K Nodes Processed: 2,321
Number of K Edges Processed: 24,767
Node Re-explore factor: 0.55
Edge Re-explore factor: 0.19
Nodes/cy: 8
Edges/cy: 82
TEPS: 427

---DCache---
DCache Size: 60,880
DRAM words: 133,760
  DHits: 42,575,156
  DMisses: 1,980,101
  DHit Rate (hit/miss): 96%
  DEvictions: 409,544
  DEviction Rate (evict/misses): 21%
  MC Transactions: 2,152,699
  MC Writes: 151,471
Avg. Transactions: 90% , Writes: 6%, Avg. Latency: 23
Max MC id: 0 of 8. Transactions: 92% , Writes: 6%, MC mean Latency: 26
HBM refresh energy (nJ): 0
HBM access energy (nJ): 4,078,072
MemC wire energy 2.5d (nJ): 1,544,033
MemC wire energy 3d (nJ): 386,008

---Energy---
Leakage Energy (nJ): 52,601
PU Dyn E (nJ): 1,499,747
Mem Dyn E (nJ): 9,752,884
Route Dyn E (nJ): 2,021,701
Dynamic Energy (nJ): 13,274,332
Ratio of Dyn/Leak: 252
Total Energy (nJ): 13,326,933
Total Energy (nJ) 3D: 13,069,507
Cores Energy (nJ): 1,500,583
Route Energy (nJ): 2,024,453
Route Energy (nJ) 3D: 2,925,052
Mem Energy   (nJ): 9,801,898
Mem Energy   (nJ) 3D: 8,643,873
Avg. Power (mW): 44,374.30
Power Density (mW/mm2): 119.13

---Runtime---
Runtime in K cycles: 300.33
Microseconds: 300.33
Time per iteration (ms): 0.30

---Throughput---
GOP/s (aka OPS/ns): 439.06
GOP/s per core: 0.43
FLOP/s: 164.23
FLOP/s per core: 0.16
Max Peak FLOP/s: 1,024.00
Avg. BW GB/s: 2,938.12
Max BW GB/s: 4,096.00

---Traffic---
In-Die bisection_bytes BW (GB/s): 512.00
Inter-board traffic (msg/ns): 0.00, per-link: 0.00
Inter-pack traffic (msg/ns): 0.00, per-link: 0.00
Inter-die traffic (msg/ns): 0.00, per-link: 0.00
Ruche traffic (msg/ns): 0.00, per-link: 0.00
All traffic (msg/ns): 3,036.86, per-link: 2.97
Inter-die reduction wrt all: inf
Inter-board reduction wrt inter-die: -nan

---Data Movement---
All traffic (msg): 912,061,262
Arith. Intensity FLOP/Loads: 0.45
Arith. Intensity FLOP/Msgs: 0.05
Arith. Intensity OPS/Loads: 1.20
Arith. Intensity OPS/Msgs: 0.14



===Core Utilization Total=== CORE-S:3;; TIME K cy:300 ;; Nodes Proc: 290,777 -- Edges Proc: 3,123,915

===PRINTING FRAME STATS

FCollision In Avg:115, SD:30, Max:280, Min:8
FCollision Out Avg:119, SD:46, Max:326, Min:20
FCollision End Avg:38, SD:39, Max:189, Min:0
FTask1 Avg:3, SD:2, Max:15, Min:0
FTask2 Avg:23, SD:15, Max:65, Min:0
FTask3 Avg:33, SD:5, Max:56, Min:21
FCore Active Avg:59, SD:16, Max:100, Min:24
FRouter Active Avg:88, SD:4, Max:181, Min:77
T1 invocations: 68,569
T2 invocations: 183,440
T3 invocations: 9,772,810
T3b invocations: 0
Total3 invocations: 9,772,810
Total4 invocations: 706

T3/T2 ratio: 53
T3b/T3 ratio: 0

T1 avg ex cycles: 38
T2 avg ex cycles: 130
T3&b avg ex cycles: 3
T4 avg ex cycles: 565
Avg. hops NOC1: 2
Avg. latency NOC1 (T2): 35,063
Avg. hops NOC2: 17
Avg. latency NOC2 (T3): 1,851

===PRINTING ACUM STATS at pu_cycles: 400,668

ACollision In Avg:112, SD:24, Max:232, Min:12
ACollision Out Avg:127, SD:34, Max:267, Min:46
ACollision End Avg:42, SD:29, Max:170, Min:0
ATask1 Avg:2, SD:1, Max:7, Min:0
ATask2 Avg:21, SD:10, Max:47, Min:0
ATask3 Avg:37, SD:4, Max:57, Min:27
ACore Active Avg:60, SD:11, Max:90, Min:28
ARouter Active Avg:80, SD:2, Max:105, Min:75
T1 invocations: 192,977
T2 invocations: 595,706
T3 invocations: 34,262,089
T3b invocations: 0
Total3 invocations: 34,262,089
Total4 invocations: 2,426

T3/T2 ratio: 58
T3b/T3 ratio: 0

T1 avg ex cycles: 44
T2 avg ex cycles: 144
T3&b avg ex cycles: 4
T4 avg ex cycles: 475
Avg. hops NOC1: 3
Avg. latency NOC1 (T2): 39,308
Avg. hops NOC2: 17
Avg. latency NOC2 (T3): 2,168
Number of K Nodes Processed: 2,603
Number of K Edges Processed: 34,555
Node Re-explore factor: 0.62
Edge Re-explore factor: 0.27
Nodes/cy: 6
Edges/cy: 86
TEPS: 320

---DCache---
DCache Size: 60,880
DRAM words: 133,760
  DHits: 58,839,164
  DMisses: 2,643,864
  DHit Rate (hit/miss): 96%
  DEvictions: 669,342
  DEviction Rate (evict/misses): 25%
  MC Transactions: 2,880,094
  MC Writes: 207,113
Avg. Transactions: 90% , Writes: 6%, Avg. Latency: 22
Max MC id: 0 of 8. Transactions: 92% , Writes: 7%, MC mean Latency: 24
HBM refresh energy (nJ): 1
HBM access energy (nJ): 5,456,050
MemC wire energy 2.5d (nJ): 2,065,760
MemC wire energy 3d (nJ): 516,440

---Energy---
Leakage Energy (nJ): 70,175
PU Dyn E (nJ): 2,060,886
Mem Dyn E (nJ): 13,188,025
Route Dyn E (nJ): 2,821,866
Dynamic Energy (nJ): 18,070,778
Ratio of Dyn/Leak: 258
Total Energy (nJ): 18,140,953
Total Energy (nJ) 3D: 17,848,679
Cores Energy (nJ): 2,062,002
Route Energy (nJ): 2,825,538
Route Energy (nJ) 3D: 4,082,584
Mem Energy   (nJ): 13,253,414
Mem Energy   (nJ) 3D: 11,704,094
Avg. Power (mW): 45,276.77
Power Density (mW/mm2): 121.56

---Runtime---
Runtime in K cycles: 400.67
Microseconds: 400.67
Time per iteration (ms): 0.40

---Throughput---
GOP/s (aka OPS/ns): 443.26
GOP/s per core: 0.43
FLOP/s: 171.41
FLOP/s per core: 0.17
Max Peak FLOP/s: 1,024.00
Avg. BW GB/s: 3,017.71
Max BW GB/s: 4,096.00

---Traffic---
In-Die bisection_bytes BW (GB/s): 512.00
Inter-board traffic (msg/ns): 0.00, per-link: 0.00
Inter-pack traffic (msg/ns): 0.00, per-link: 0.00
Inter-die traffic (msg/ns): 0.00, per-link: 0.00
Ruche traffic (msg/ns): 0.00, per-link: 0.00
All traffic (msg/ns): 3,167.00, per-link: 3.09
Inter-die reduction wrt all: inf
Inter-board reduction wrt inter-die: -nan

---Data Movement---
All traffic (msg): 1,268,915,027
Arith. Intensity FLOP/Loads: 0.46
Arith. Intensity FLOP/Msgs: 0.05
Arith. Intensity OPS/Loads: 1.18
Arith. Intensity OPS/Msgs: 0.14



===Core Utilization Total=== CORE-S:4;; TIME K cy:400 ;; Nodes Proc: 326,015 -- Edges Proc: 4,311,824

===PRINTING FRAME STATS

FCollision In Avg:112, SD:25, Max:227, Min:8
FCollision Out Avg:112, SD:42, Max:261, Min:29
FCollision End Avg:34, SD:35, Max:163, Min:0
FTask1 Avg:3, SD:3, Max:17, Min:0
FTask2 Avg:24, SD:15, Max:61, Min:0
FTask3 Avg:34, SD:5, Max:62, Min:21
FCore Active Avg:62, SD:16, Max:99, Min:25
FRouter Active Avg:89, SD:2, Max:94, Min:81
T1 invocations: 94,310
T2 invocations: 212,296
T3 invocations: 10,262,584
T3b invocations: 0
Total3 invocations: 10,262,584
Total4 invocations: 1,104

T3/T2 ratio: 48
T3b/T3 ratio: 0

T1 avg ex cycles: 35
T2 avg ex cycles: 116
T3&b avg ex cycles: 3
T4 avg ex cycles: 561
Avg. hops NOC1: 2
Avg. latency NOC1 (T2): 28,738
Avg. hops NOC2: 17
Avg. latency NOC2 (T3): 1,842

===PRINTING ACUM STATS at pu_cycles: 500,660

ACollision In Avg:112, SD:21, Max:218, Min:19
ACollision Out Avg:124, SD:32, Max:263, Min:45
ACollision End Avg:40, SD:26, Max:152, Min:0
ATask1 Avg:2, SD:1, Max:8, Min:0
ATask2 Avg:22, SD:9, Max:45, Min:0
ATask3 Avg:36, SD:4, Max:56, Min:27
ACore Active Avg:61, SD:11, Max:91, Min:30
ARouter Active Avg:82, SD:2, Max:102, Min:76
T1 invocations: 287,418
T2 invocations: 808,861
T3 invocations: 44,540,290
T3b invocations: 0
Total3 invocations: 44,540,290
Total4 invocations: 3,539

T3/T2 ratio: 55
T3b/T3 ratio: 0

T1 avg ex cycles: 41
T2 avg ex cycles: 137
T3&b avg ex cycles: 4
T4 avg ex cycles: 502
Avg. hops NOC1: 2
Avg. latency NOC1 (T2): 36,526
Avg. hops NOC2: 17
Avg. latency NOC2 (T3): 2,094
Number of K Nodes Processed: 2,811
Number of K Edges Processed: 44,809
Node Re-explore factor: 0.67
Edge Re-explore factor: 0.35
Nodes/cy: 6
Edges/cy: 90
TEPS: 256

---DCache---
DCache Size: 60,880
DRAM words: 133,760
  DHits: 75,733,607
  DMisses: 3,331,662
  DHit Rate (hit/miss): 96%
  DEvictions: 1,000,738
  DEviction Rate (evict/misses): 30%
  MC Transactions: 3,635,438
  MC Writes: 266,120
Avg. Transactions: 91% , Writes: 7%, Avg. Latency: 22
Max MC id: 5 of 8. Transactions: 93% , Writes: 7%, MC mean Latency: 21
HBM refresh energy (nJ): 1
HBM access energy (nJ): 6,886,973
MemC wire energy 2.5d (nJ): 2,607,534
MemC wire energy 3d (nJ): 651,883

---Energy---
Leakage Energy (nJ): 87,688
PU Dyn E (nJ): 2,657,762
Mem Dyn E (nJ): 16,780,160
Route Dyn E (nJ): 3,658,031
Dynamic Energy (nJ): 23,095,953
Ratio of Dyn/Leak: 263
Total Energy (nJ): 23,183,641
Total Energy (nJ) 3D: 22,857,519
Cores Energy (nJ): 2,659,156
Route Energy (nJ): 3,662,619
Route Energy (nJ) 3D: 5,292,147
Mem Energy   (nJ): 16,861,868
Mem Energy   (nJ) 3D: 14,906,217
Avg. Power (mW): 46,306.16
Power Density (mW/mm2): 124.32

---Runtime---
Runtime in K cycles: 500.66
Microseconds: 500.66
Time per iteration (ms): 0.50

---Throughput---
GOP/s (aka OPS/ns): 451.91
GOP/s per core: 0.44
FLOP/s: 178.29
FLOP/s per core: 0.17
Max Peak FLOP/s: 1,024.00
Avg. BW GB/s: 3,105.21
Max BW GB/s: 4,096.00

---Traffic---
In-Die bisection_bytes BW (GB/s): 512.00
Inter-board traffic (msg/ns): 0.00, per-link: 0.00
Inter-pack traffic (msg/ns): 0.00, per-link: 0.00
Inter-die traffic (msg/ns): 0.00, per-link: 0.00
Ruche traffic (msg/ns): 0.00, per-link: 0.00
All traffic (msg/ns): 3,279.75, per-link: 3.20
Inter-die reduction wrt all: inf
Inter-board reduction wrt inter-die: -nan

---Data Movement---
All traffic (msg): 1,642,039,935
Arith. Intensity FLOP/Loads: 0.46
Arith. Intensity FLOP/Msgs: 0.05
Arith. Intensity OPS/Loads: 1.17
Arith. Intensity OPS/Msgs: 0.14



===Core Utilization Total=== CORE-S:5;; TIME K cy:500 ;; Nodes Proc: 352,005 -- Edges Proc: 5,571,305

===PRINTING FRAME STATS

FCollision In Avg:107, SD:26, Max:249, Min:10
FCollision Out Avg:106, SD:41, Max:256, Min:15
FCollision End Avg:31, SD:35, Max:155, Min:0
FTask1 Avg:4, SD:4, Max:22, Min:0
FTask2 Avg:24, SD:15, Max:72, Min:0
FTask3 Avg:34, SD:6, Max:61, Min:22
FCore Active Avg:62, SD:16, Max:100, Min:23
FRouter Active Avg:90, SD:2, Max:95, Min:82
T1 invocations: 118,853
T2 invocations: 236,195
T3 invocations: 10,435,582
T3b invocations: 0
Total3 invocations: 10,435,582
Total4 invocations: 1,538

T3/T2 ratio: 44
T3b/T3 ratio: 0

T1 avg ex cycles: 33
T2 avg ex cycles: 104
T3&b avg ex cycles: 3
T4 avg ex cycles: 559
Avg. hops NOC1: 2
Avg. latency NOC1 (T2): 24,047
Avg. hops NOC2: 17
Avg. latency NOC2 (T3): 1,771

===PRINTING ACUM STATS at pu_cycles: 600,747

ACollision In Avg:111, SD:19, Max:211, Min:18
ACollision Out Avg:121, SD:30, Max:254, Min:43
ACollision End Avg:39, SD:24, Max:143, Min:0
ATask1 Avg:3, SD:2, Max:9, Min:0
ATask2 Avg:22, SD:9, Max:45, Min:0
ATask3 Avg:36, SD:4, Max:57, Min:26
ACore Active Avg:61, SD:10, Max:90, Min:31
ARouter Active Avg:83, SD:2, Max:100, Min:78
T1 invocations: 405,396
T2 invocations: 1,044,747
T3 invocations: 54,920,809
T3b invocations: 0
Total3 invocations: 54,920,809
Total4 invocations: 5,076

T3/T2 ratio: 53
T3b/T3 ratio: 0

T1 avg ex cycles: 39
T2 avg ex cycles: 129
T3&b avg ex cycles: 4
T4 avg ex cycles: 519
Avg. hops NOC1: 2
Avg. latency NOC1 (T2): 33,721
Avg. hops NOC2: 17
Avg. latency NOC2 (T3): 2,032
Number of K Nodes Processed: 2,972
Number of K Edges Processed: 55,256
Node Re-explore factor: 0.71
Edge Re-explore factor: 0.43
Nodes/cy: 5
Edges/cy: 92
TEPS: 214

---DCache---
DCache Size: 60,880
DRAM words: 133,760
  DHits: 92,913,461
  DMisses: 4,025,551
  DHit Rate (hit/miss): 96%
  DEvictions: 1,386,295
  DEviction Rate (evict/misses): 34%
  MC Transactions: 4,397,520
  MC Writes: 325,869
Avg. Transactions: 92% , Writes: 7%, Avg. Latency: 21
Max MC id: 5 of 8. Transactions: 93% , Writes: 7%, MC mean Latency: 21
HBM refresh energy (nJ): 1
HBM access energy (nJ): 8,330,661
MemC wire energy 2.5d (nJ): 3,154,140
MemC wire energy 3d (nJ): 788,535

---Energy---
Leakage Energy (nJ): 105,218
PU Dyn E (nJ): 3,262,375
Mem Dyn E (nJ): 20,404,936
Route Dyn E (nJ): 4,513,724
Dynamic Energy (nJ): 28,181,036
Ratio of Dyn/Leak: 268
Total Energy (nJ): 28,286,254
Total Energy (nJ) 3D: 27,931,359
Cores Energy (nJ): 3,264,047
Route Energy (nJ): 4,519,229
Route Energy (nJ) 3D: 6,529,940
Mem Energy   (nJ): 20,502,978
Mem Energy   (nJ) 3D: 18,137,372
Avg. Power (mW): 47,085.14
Power Density (mW/mm2): 126.41

---Runtime---
Runtime in K cycles: 600.75
Microseconds: 600.75
Time per iteration (ms): 0.60

---Throughput---
GOP/s (aka OPS/ns): 459.14
GOP/s per core: 0.45
FLOP/s: 183.18
FLOP/s per core: 0.18
Max Peak FLOP/s: 1,024.00
Avg. BW GB/s: 3,167.67
Max BW GB/s: 4,096.00

---Traffic---
In-Die bisection_bytes BW (GB/s): 512.00
Inter-board traffic (msg/ns): 0.00, per-link: 0.00
Inter-pack traffic (msg/ns): 0.00, per-link: 0.00
Inter-die traffic (msg/ns): 0.00, per-link: 0.00
Ruche traffic (msg/ns): 0.00, per-link: 0.00
All traffic (msg/ns): 3,367.97, per-link: 3.29
Inter-die reduction wrt all: inf
Inter-board reduction wrt inter-die: -nan

---Data Movement---
All traffic (msg): 2,023,297,415
Arith. Intensity FLOP/Loads: 0.46
Arith. Intensity FLOP/Msgs: 0.05
Arith. Intensity OPS/Loads: 1.16
Arith. Intensity OPS/Msgs: 0.14



===Core Utilization Total=== CORE-S:6;; TIME K cy:600 ;; Nodes Proc: 371,743 -- Edges Proc: 6,904,058

===PRINTING FRAME STATS

FCollision In Avg:104, SD:23, Max:198, Min:11
FCollision Out Avg:98, SD:40, Max:220, Min:14
FCollision End Avg:29, SD:32, Max:171, Min:0
FTask1 Avg:5, SD:4, Max:30, Min:0
FTask2 Avg:25, SD:14, Max:63, Min:0
FTask3 Avg:35, SD:6, Max:66, Min:22
FCore Active Avg:66, SD:16, Max:100, Min:27
FRouter Active Avg:91, SD:1, Max:95, Min:87
T1 invocations: 150,027
T2 invocations: 275,161
T3 invocations: 10,996,394
T3b invocations: 0
Total3 invocations: 10,996,394
Total4 invocations: 2,112

T3/T2 ratio: 40
T3b/T3 ratio: 0

T1 avg ex cycles: 32
T2 avg ex cycles: 93
T3&b avg ex cycles: 3
T4 avg ex cycles: 546
Avg. hops NOC1: 2
Avg. latency NOC1 (T2): 19,315
Avg. hops NOC2: 17
Avg. latency NOC2 (T3): 1,857

===PRINTING ACUM STATS at pu_cycles: 700,783

ACollision In Avg:110, SD:17, Max:201, Min:25
ACollision Out Avg:118, SD:28, Max:239, Min:47
ACollision End Avg:37, SD:21, Max:134, Min:0
ATask1 Avg:3, SD:2, Max:11, Min:0
ATask2 Avg:22, SD:8, Max:44, Min:0
ATask3 Avg:36, SD:5, Max:58, Min:26
ACore Active Avg:62, SD:10, Max:90, Min:31
ARouter Active Avg:85, SD:1, Max:99, Min:80
T1 invocations: 556,369
T2 invocations: 1,320,273
T3 invocations: 65,962,769
T3b invocations: 0
Total3 invocations: 65,962,769
Total4 invocations: 7,206

T3/T2 ratio: 50
T3b/T3 ratio: 0

T1 avg ex cycles: 37
T2 avg ex cycles: 122
T3&b avg ex cycles: 4
T4 avg ex cycles: 527
Avg. hops NOC1: 2
Avg. latency NOC1 (T2): 30,716
Avg. hops NOC2: 17
Avg. latency NOC2 (T3): 2,001
Number of K Nodes Processed: 3,104
Number of K Edges Processed: 66,291
Node Re-explore factor: 0.74
Edge Re-explore factor: 0.52
Nodes/cy: 4
Edges/cy: 95
TEPS: 183

---DCache---
DCache Size: 60,880
DRAM words: 133,760
  DHits: 110,891,269
  DMisses: 4,749,763
  DHit Rate (hit/miss): 96%
  DEvictions: 1,831,860
  DEviction Rate (evict/misses): 39%
  MC Transactions: 5,188,297
  MC Writes: 383,347
Avg. Transactions: 93% , Writes: 7%, Avg. Latency: 20
Max MC id: 0 of 8. Transactions: 94% , Writes: 7%, MC mean Latency: 22
HBM refresh energy (nJ): 2
HBM access energy (nJ): 9,828,709
MemC wire energy 2.5d (nJ): 3,721,329
MemC wire energy 3d (nJ): 930,332

---Energy---
Leakage Energy (nJ): 122,739
PU Dyn E (nJ): 3,908,614
Mem Dyn E (nJ): 24,204,164
Route Dyn E (nJ): 5,421,864
Dynamic Energy (nJ): 33,534,643
Ratio of Dyn/Leak: 273
Total Energy (nJ): 33,657,382
Total Energy (nJ) 3D: 33,281,641
Cores Energy (nJ): 3,910,564
Route Energy (nJ): 5,428,286
Route Energy (nJ) 3D: 7,843,542
Mem Energy   (nJ): 24,318,532
Mem Energy   (nJ) 3D: 21,527,536
Avg. Power (mW): 48,028.25
Power Density (mW/mm2): 128.94

---Runtime---
Runtime in K cycles: 700.78
Microseconds: 700.78
Time per iteration (ms): 0.70

---Throughput---
GOP/s (aka OPS/ns): 469.87
GOP/s per core: 0.46
FLOP/s: 188.56
FLOP/s per core: 0.18
Max Peak FLOP/s: 1,024.00
Avg. BW GB/s: 3,244.17
Max BW GB/s: 4,096.00

---Traffic---
In-Die bisection_bytes BW (GB/s): 512.00
Inter-board traffic (msg/ns): 0.00, per-link: 0.00
Inter-pack traffic (msg/ns): 0.00, per-link: 0.00
Inter-die traffic (msg/ns): 0.00, per-link: 0.00
Ruche traffic (msg/ns): 0.00, per-link: 0.00
All traffic (msg/ns): 3,463.92, per-link: 3.38
Inter-die reduction wrt all: inf
Inter-board reduction wrt inter-die: -nan

---Data Movement---
All traffic (msg): 2,427,454,016
Arith. Intensity FLOP/Loads: 0.47
Arith. Intensity FLOP/Msgs: 0.05
Arith. Intensity OPS/Loads: 1.16
Arith. Intensity OPS/Msgs: 0.14



===Core Utilization Total=== CORE-S:7;; TIME K cy:700 ;; Nodes Proc: 388,010 -- Edges Proc: 8,324,341

===PRINTING FRAME STATS

FCollision In Avg:103, SD:22, Max:200, Min:8
FCollision Out Avg:96, SD:40, Max:255, Min:21
FCollision End Avg:28, SD:33, Max:199, Min:0
FTask1 Avg:5, SD:5, Max:29, Min:0
FTask2 Avg:25, SD:15, Max:63, Min:0
FTask3 Avg:34, SD:6, Max:71, Min:22
FCore Active Avg:66, SD:16, Max:100, Min:28
FRouter Active Avg:91, SD:2, Max:95, Min:85
T1 invocations: 176,622
T2 invocations: 295,528
T3 invocations: 10,922,754
T3b invocations: 0
Total3 invocations: 10,922,754
Total4 invocations: 2,686

T3/T2 ratio: 37
T3b/T3 ratio: 0

T1 avg ex cycles: 31
T2 avg ex cycles: 85
T3&b avg ex cycles: 3
T4 avg ex cycles: 518
Avg. hops NOC1: 2
Avg. latency NOC1 (T2): 17,134
Avg. hops NOC2: 17
Avg. latency NOC2 (T3): 1,816

===PRINTING ACUM STATS at pu_cycles: 800,703

ACollision In Avg:109, SD:16, Max:190, Min:25
ACollision Out Avg:115, SD:26, Max:223, Min:44
ACollision End Avg:36, SD:19, Max:132, Min:0
ATask1 Avg:3, SD:2, Max:10, Min:0
ATask2 Avg:23, SD:8, Max:43, Min:0
ATask3 Avg:36, SD:5, Max:60, Min:26
ACore Active Avg:62, SD:10, Max:89, Min:30
ARouter Active Avg:85, SD:1, Max:98, Min:81
T1 invocations: 733,249
T2 invocations: 1,614,451
T3 invocations: 76,881,997
T3b invocations: 0
Total3 invocations: 76,881,997
Total4 invocations: 9,901

T3/T2 ratio: 48
T3b/T3 ratio: 0

T1 avg ex cycles: 36
T2 avg ex cycles: 115
T3&b avg ex cycles: 4
T4 avg ex cycles: 525
Avg. hops NOC1: 2
Avg. latency NOC1 (T2): 28,246
Avg. hops NOC2: 17
Avg. latency NOC2 (T3): 1,975
Number of K Nodes Processed: 3,211
Number of K Edges Processed: 77,208
Node Re-explore factor: 0.77
Edge Re-explore factor: 0.60
Nodes/cy: 4
Edges/cy: 96
TEPS: 160

---DCache---
DCache Size: 60,880
DRAM words: 133,760
  DHits: 128,840,076
  DMisses: 5,466,418
  DHit Rate (hit/miss): 96%
  DEvictions: 2,328,522
  DEviction Rate (evict/misses): 43%
  MC Transactions: 5,972,580
  MC Writes: 442,548
Avg. Transactions: 93% , Writes: 7%, Avg. Latency: 20
Max MC id: 0 of 8. Transactions: 94% , Writes: 7%, MC mean Latency: 21
HBM refresh energy (nJ): 2
HBM access energy (nJ): 11,314,455
MemC wire energy 2.5d (nJ): 4,283,859
MemC wire energy 3d (nJ): 1,070,965

---Energy---
Leakage Energy (nJ): 140,239
PU Dyn E (nJ): 4,550,588
Mem Dyn E (nJ): 27,969,238
Route Dyn E (nJ): 6,317,817
Dynamic Energy (nJ): 38,837,643
Ratio of Dyn/Leak: 277
Total Energy (nJ): 38,977,882
Total Energy (nJ) 3D: 38,579,360
Cores Energy (nJ): 4,552,816
Route Energy (nJ): 6,325,154
Route Energy (nJ) 3D: 9,139,526
Mem Energy   (nJ): 28,099,913
Mem Energy   (nJ) 3D: 24,887,019
Avg. Power (mW): 48,679.58
Power Density (mW/mm2): 130.69

---Runtime---
Runtime in K cycles: 800.70
Microseconds: 800.70
Time per iteration (ms): 0.80

---Throughput---
GOP/s (aka OPS/ns): 478.31
GOP/s per core: 0.47
FLOP/s: 192.26
FLOP/s per core: 0.19
Max Peak FLOP/s: 1,024.00
Avg. BW GB/s: 3,296.80
Max BW GB/s: 4,096.00

---Traffic---
In-Die bisection_bytes BW (GB/s): 512.00
Inter-board traffic (msg/ns): 0.00, per-link: 0.00
Inter-pack traffic (msg/ns): 0.00, per-link: 0.00
Inter-die traffic (msg/ns): 0.00, per-link: 0.00
Ruche traffic (msg/ns): 0.00, per-link: 0.00
All traffic (msg/ns): 3,529.95, per-link: 3.45
Inter-die reduction wrt all: inf
Inter-board reduction wrt inter-die: -nan

---Data Movement---
All traffic (msg): 2,826,440,696
Arith. Intensity FLOP/Loads: 0.47
Arith. Intensity FLOP/Msgs: 0.05
Arith. Intensity OPS/Loads: 1.17
Arith. Intensity OPS/Msgs: 0.14



===Core Utilization Total=== CORE-S:8;; TIME K cy:800 ;; Nodes Proc: 401,446 -- Edges Proc: 9,662,913

===PRINTING FRAME STATS

FCollision In Avg:100, SD:22, Max:229, Min:15
FCollision Out Avg:92, SD:40, Max:223, Min:14
FCollision End Avg:27, SD:31, Max:184, Min:0
FTask1 Avg:6, SD:5, Max:27, Min:0
FTask2 Avg:25, SD:14, Max:73, Min:0
FTask3 Avg:35, SD:6, Max:74, Min:19
FCore Active Avg:68, SD:16, Max:100, Min:25
FRouter Active Avg:92, SD:1, Max:96, Min:87
T1 invocations: 212,284
T2 invocations: 332,802
T3 invocations: 11,116,475
T3b invocations: 0
Total3 invocations: 11,116,475
Total4 invocations: 3,699

T3/T2 ratio: 33
T3b/T3 ratio: 0

T1 avg ex cycles: 31
T2 avg ex cycles: 77
T3&b avg ex cycles: 3
T4 avg ex cycles: 472
Avg. hops NOC1: 2
Avg. latency NOC1 (T2): 14,551
Avg. hops NOC2: 17
Avg. latency NOC2 (T3): 1,888

===PRINTING ACUM STATS at pu_cycles: 900,836

ACollision In Avg:108, SD:15, Max:184, Min:35
ACollision Out Avg:112, SD:25, Max:216, Min:45
ACollision End Avg:35, SD:18, Max:138, Min:0
ATask1 Avg:4, SD:2, Max:10, Min:0
ATask2 Avg:23, SD:7, Max:41, Min:0
ATask3 Avg:36, SD:5, Max:61, Min:26
ACore Active Avg:63, SD:9, Max:91, Min:30
ARouter Active Avg:86, SD:1, Max:97, Min:82
T1 invocations: 947,176
T2 invocations: 1,949,109
T3 invocations: 88,048,170
T3b invocations: 0
Total3 invocations: 88,048,170
Total4 invocations: 13,629

T3/T2 ratio: 45
T3b/T3 ratio: 0

T1 avg ex cycles: 35
T2 avg ex cycles: 109
T3&b avg ex cycles: 4
T4 avg ex cycles: 510
Avg. hops NOC1: 2
Avg. latency NOC1 (T2): 25,891
Avg. hops NOC2: 17
Avg. latency NOC2 (T3): 1,964
Number of K Nodes Processed: 3,307
Number of K Edges Processed: 88,358
Node Re-explore factor: 0.79
Edge Re-explore factor: 0.69
Nodes/cy: 4
Edges/cy: 98
TEPS: 142

---DCache---
DCache Size: 60,880
DRAM words: 133,760
  DHits: 147,093,653
  DMisses: 6,208,074
  DHit Rate (hit/miss): 96%
  DEvictions: 2,883,227
  DEviction Rate (evict/misses): 46%
  MC Transactions: 6,786,136
  MC Writes: 505,048
Avg. Transactions: 94% , Writes: 7%, Avg. Latency: 19
Max MC id: 0 of 8. Transactions: 96% , Writes: 7%, MC mean Latency: 20
HBM refresh energy (nJ): 2
HBM access energy (nJ): 12,855,656
MemC wire energy 2.5d (nJ): 4,867,386
MemC wire energy 3d (nJ): 1,216,846

---Energy---
Leakage Energy (nJ): 157,777
PU Dyn E (nJ): 5,215,324
Mem Dyn E (nJ): 31,858,139
Route Dyn E (nJ): 7,238,868
Dynamic Energy (nJ): 44,312,332
Ratio of Dyn/Leak: 281
Total Energy (nJ): 44,470,109
Total Energy (nJ) 3D: 44,044,239
Cores Energy (nJ): 5,217,832
Route Energy (nJ): 7,247,122
Route Energy (nJ) 3D: 10,471,791
Mem Energy   (nJ): 32,005,156
Mem Energy   (nJ) 3D: 28,354,616
Avg. Power (mW): 49,365.38
Power Density (mW/mm2): 132.53

---Runtime---
Runtime in K cycles: 900.84
Microseconds: 900.84
Time per iteration (ms): 0.90

---Throughput---
GOP/s (aka OPS/ns): 487.67
GOP/s per core: 0.48
FLOP/s: 195.74
FLOP/s per core: 0.19
Max Peak FLOP/s: 1,024.00
Avg. BW GB/s: 3,348.93
Max BW GB/s: 4,096.00

---Traffic---
In-Die bisection_bytes BW (GB/s): 512.00
Inter-board traffic (msg/ns): 0.00, per-link: 0.00
Inter-pack traffic (msg/ns): 0.00, per-link: 0.00
Inter-die traffic (msg/ns): 0.00, per-link: 0.00
Ruche traffic (msg/ns): 0.00, per-link: 0.00
All traffic (msg/ns): 3,593.13, per-link: 3.51
Inter-die reduction wrt all: inf
Inter-board reduction wrt inter-die: -nan

---Data Movement---
All traffic (msg): 3,236,824,048
Arith. Intensity FLOP/Loads: 0.47
Arith. Intensity FLOP/Msgs: 0.05
Arith. Intensity OPS/Loads: 1.17
Arith. Intensity OPS/Msgs: 0.14



===Core Utilization Total=== CORE-S:9;; TIME K cy:900 ;; Nodes Proc: 413,350 -- Edges Proc: 11,066,400

===PRINTING FRAME STATS

FCollision In Avg:95, SD:25, Max:228, Min:10
FCollision Out Avg:85, SD:40, Max:191, Min:18
FCollision End Avg:26, SD:29, Max:130, Min:0
FTask1 Avg:7, SD:6, Max:35, Min:0
FTask2 Avg:26, SD:15, Max:68, Min:0
FTask3 Avg:35, SD:6, Max:76, Min:22
FCore Active Avg:70, SD:15, Max:100, Min:26
FRouter Active Avg:92, SD:1, Max:95, Min:86
T1 invocations: 246,557
T2 invocations: 365,737
T3 invocations: 11,293,898
T3b invocations: 0
Total3 invocations: 11,293,898
Total4 invocations: 5,669

T3/T2 ratio: 31
T3b/T3 ratio: 0

T1 avg ex cycles: 30
T2 avg ex cycles: 72
T3&b avg ex cycles: 3
T4 avg ex cycles: 364
Avg. hops NOC1: 2
Avg. latency NOC1 (T2): 12,592
Avg. hops NOC2: 17
Avg. latency NOC2 (T3): 1,977

===PRINTING ACUM STATS at pu_cycles: 1,001,125

ACollision In Avg:107, SD:14, Max:178, Min:43
ACollision Out Avg:110, SD:24, Max:214, Min:43
ACollision End Avg:34, SD:16, Max:137, Min:0
ATask1 Avg:4, SD:2, Max:9, Min:0
ATask2 Avg:23, SD:7, Max:40, Min:1
ATask3 Avg:35, SD:5, Max:63, Min:26
ACore Active Avg:64, SD:9, Max:91, Min:31
ARouter Active Avg:87, SD:1, Max:97, Min:83
T1 invocations: 1,195,437
T2 invocations: 2,315,960
T3 invocations: 99,385,607
T3b invocations: 0
Total3 invocations: 99,385,607
Total4 invocations: 19,328

T3/T2 ratio: 43
T3b/T3 ratio: 0

T1 avg ex cycles: 34
T2 avg ex cycles: 103
T3&b avg ex cycles: 4
T4 avg ex cycles: 467
Avg. hops NOC1: 2
Avg. latency NOC1 (T2): 23,780
Avg. hops NOC2: 17
Avg. latency NOC2 (T3): 1,966
Number of K Nodes Processed: 3,390
Number of K Edges Processed: 99,679
Node Re-explore factor: 0.81
Edge Re-explore factor: 0.78
Nodes/cy: 3
Edges/cy: 100
TEPS: 128

---DCache---
DCache Size: 60,880
DRAM words: 133,760
  DHits: 165,669,044
  DMisses: 6,969,130
  DHit Rate (hit/miss): 96%
  DEvictions: 3,491,783
  DEviction Rate (evict/misses): 50%
  MC Transactions: 7,617,493
  MC Writes: 565,604
Avg. Transactions: 95% , Writes: 7%, Avg. Latency: 19
Max MC id: 5 of 8. Transactions: 96% , Writes: 7%, MC mean Latency: 19
HBM refresh energy (nJ): 2
HBM access energy (nJ): 14,430,578
MemC wire energy 2.5d (nJ): 5,463,680
MemC wire energy 3d (nJ): 1,365,920

---Energy---
Leakage Energy (nJ): 175,342
PU Dyn E (nJ): 5,893,692
Mem Dyn E (nJ): 35,821,686
Route Dyn E (nJ): 8,170,123
Dynamic Energy (nJ): 49,885,502
Ratio of Dyn/Leak: 285
Total Energy (nJ): 50,060,844
Total Energy (nJ) 3D: 49,602,595
Cores Energy (nJ): 5,896,478
Route Energy (nJ): 8,179,296
Route Energy (nJ) 3D: 11,818,808
Mem Energy   (nJ): 35,985,070
Mem Energy   (nJ) 3D: 31,887,310
Avg. Power (mW): 50,004.59
Power Density (mW/mm2): 134.25

---Runtime---
Runtime in K cycles: 1,001.12
Microseconds: 1,001.12
Time per iteration (ms): 1.00

---Throughput---
GOP/s (aka OPS/ns): 497.02
GOP/s per core: 0.49
FLOP/s: 198.76
FLOP/s per core: 0.19
Max Peak FLOP/s: 1,024.00
Avg. BW GB/s: 3,396.01
Max BW GB/s: 4,096.00

---Traffic---
In-Die bisection_bytes BW (GB/s): 512.00
Inter-board traffic (msg/ns): 0.00, per-link: 0.00
Inter-pack traffic (msg/ns): 0.00, per-link: 0.00
Inter-die traffic (msg/ns): 0.00, per-link: 0.00
Ruche traffic (msg/ns): 0.00, per-link: 0.00
All traffic (msg/ns): 3,648.12, per-link: 3.56
Inter-die reduction wrt all: inf
Inter-board reduction wrt inter-die: -nan

---Data Movement---
All traffic (msg): 3,652,224,542
Arith. Intensity FLOP/Loads: 0.47
Arith. Intensity FLOP/Msgs: 0.05
Arith. Intensity OPS/Loads: 1.17
Arith. Intensity OPS/Msgs: 0.14



===Core Utilization Total=== CORE-S:10;; TIME K cy:1,000 ;; Nodes Proc: 423,812 -- Edges Proc: 12,492,354

===PRINTING FRAME STATS

FCollision In Avg:86, SD:30, Max:196, Min:8
FCollision Out Avg:76, SD:39, Max:158, Min:4
FCollision End Avg:24, SD:28, Max:120, Min:0
FTask1 Avg:8, SD:7, Max:37, Min:0
FTask2 Avg:26, SD:16, Max:72, Min:0
FTask3 Avg:35, SD:6, Max:77, Min:22
FCore Active Avg:71, SD:16, Max:100, Min:28
FRouter Active Avg:92, SD:2, Max:96, Min:85
T1 invocations: 280,902
T2 invocations: 397,593
T3 invocations: 11,150,060
T3b invocations: 0
Total3 invocations: 11,150,060
Total4 invocations: 9,124

T3/T2 ratio: 28
T3b/T3 ratio: 0

T1 avg ex cycles: 30
T2 avg ex cycles: 66
T3&b avg ex cycles: 3
T4 avg ex cycles: 266
Avg. hops NOC1: 2
Avg. latency NOC1 (T2): 10,305
Avg. hops NOC2: 17
Avg. latency NOC2 (T3): 2,077

===PRINTING ACUM STATS at pu_cycles: 1,100,980

ACollision In Avg:105, SD:14, Max:179, Min:48
ACollision Out Avg:106, SD:23, Max:208, Min:41
ACollision End Avg:33, SD:15, Max:135, Min:0
ATask1 Avg:4, SD:2, Max:8, Min:0
ATask2 Avg:23, SD:6, Max:38, Min:4
ATask3 Avg:35, SD:5, Max:64, Min:25
ACore Active Avg:64, SD:9, Max:92, Min:37
ARouter Active Avg:87, SD:1, Max:96, Min:84
T1 invocations: 1,476,113
T2 invocations: 2,713,559
T3 invocations: 110,525,298
T3b invocations: 0
Total3 invocations: 110,525,298
Total4 invocations: 28,450

T3/T2 ratio: 41
T3b/T3 ratio: 0

T1 avg ex cycles: 33
T2 avg ex cycles: 97
T3&b avg ex cycles: 4
T4 avg ex cycles: 403
Avg. hops NOC1: 2
Avg. latency NOC1 (T2): 21,807
Avg. hops NOC2: 17
Avg. latency NOC2 (T3): 1,977
Number of K Nodes Processed: 3,462
Number of K Edges Processed: 110,833
Node Re-explore factor: 0.83
Edge Re-explore factor: 0.86
Nodes/cy: 3
Edges/cy: 101
TEPS: 117

---DCache---
DCache Size: 60,880
DRAM words: 133,760
  DHits: 184,092,192
  DMisses: 7,734,881
  DHit Rate (hit/miss): 96%
  DEvictions: 4,141,209
  DEviction Rate (evict/misses): 54%
  MC Transactions: 8,454,691
  MC Writes: 627,511
Avg. Transactions: 96% , Writes: 7%, Avg. Latency: 19
Max MC id: 5 of 8. Transactions: 97% , Writes: 7%, MC mean Latency: 19
HBM refresh energy (nJ): 3
HBM access energy (nJ): 16,016,566
MemC wire energy 2.5d (nJ): 6,064,164
MemC wire energy 3d (nJ): 1,516,041

---Energy---
Leakage Energy (nJ): 192,832
PU Dyn E (nJ): 6,568,281
Mem Dyn E (nJ): 39,780,932
Route Dyn E (nJ): 9,087,878
Dynamic Energy (nJ): 55,437,091
Ratio of Dyn/Leak: 287
Total Energy (nJ): 55,629,923
Total Energy (nJ) 3D: 55,130,140
Cores Energy (nJ): 6,571,345
Route Energy (nJ): 9,097,966
Route Energy (nJ) 3D: 13,146,306
Mem Energy   (nJ): 39,960,612
Mem Energy   (nJ) 3D: 35,412,489
Avg. Power (mW): 50,527.64
Power Density (mW/mm2): 135.65

---Runtime---
Runtime in K cycles: 1,100.98
Microseconds: 1,100.98
Time per iteration (ms): 1.10

---Throughput---
GOP/s (aka OPS/ns): 505.41
GOP/s per core: 0.49
FLOP/s: 200.99
FLOP/s per core: 0.20
Max Peak FLOP/s: 1,024.00
Avg. BW GB/s: 3,431.87
Max BW GB/s: 4,096.00

---Traffic---
In-Die bisection_bytes BW (GB/s): 512.00
Inter-board traffic (msg/ns): 0.00, per-link: 0.00
Inter-pack traffic (msg/ns): 0.00, per-link: 0.00
Inter-die traffic (msg/ns): 0.00, per-link: 0.00
Ruche traffic (msg/ns): 0.00, per-link: 0.00
All traffic (msg/ns): 3,689.65, per-link: 3.60
Inter-die reduction wrt all: inf
Inter-board reduction wrt inter-die: -nan

---Data Movement---
All traffic (msg): 4,062,234,855
Arith. Intensity FLOP/Loads: 0.47
Arith. Intensity FLOP/Msgs: 0.05
Arith. Intensity OPS/Loads: 1.18
Arith. Intensity OPS/Msgs: 0.14



===Core Utilization Total=== CORE-S:11;; TIME K cy:1,100 ;; Nodes Proc: 433,081 -- Edges Proc: 13,889,059

===PRINTING FRAME STATS

FCollision In Avg:74, SD:32, Max:165, Min:8
FCollision Out Avg:67, SD:37, Max:216, Min:6
FCollision End Avg:21, SD:26, Max:199, Min:0
FTask1 Avg:9, SD:7, Max:37, Min:0
FTask2 Avg:26, SD:17, Max:74, Min:0
FTask3 Avg:34, SD:6, Max:79, Min:21
FCore Active Avg:71, SD:18, Max:100, Min:30
FRouter Active Avg:92, SD:2, Max:96, Min:87
T1 invocations: 306,445
T2 invocations: 426,542
T3 invocations: 11,127,963
T3b invocations: 0
Total3 invocations: 11,127,963
Total4 invocations: 12,678

T3/T2 ratio: 26
T3b/T3 ratio: 0

T1 avg ex cycles: 29
T2 avg ex cycles: 62
T3&b avg ex cycles: 3
T4 avg ex cycles: 213
Avg. hops NOC1: 3
Avg. latency NOC1 (T2): 8,570
Avg. hops NOC2: 17
Avg. latency NOC2 (T3): 2,251

===PRINTING ACUM STATS at pu_cycles: 1,200,704

ACollision In Avg:103, SD:14, Max:176, Min:50
ACollision Out Avg:103, SD:23, Max:209, Min:40
ACollision End Avg:32, SD:14, Max:141, Min:0
ATask1 Avg:5, SD:2, Max:8, Min:1
ATask2 Avg:24, SD:5, Max:36, Min:4
ATask3 Avg:35, SD:5, Max:65, Min:25
ACore Active Avg:65, SD:8, Max:93, Min:40
ARouter Active Avg:88, SD:1, Max:96, Min:84
T1 invocations: 1,780,454
T2 invocations: 3,136,540
T3 invocations: 121,551,707
T3b invocations: 0
Total3 invocations: 121,551,707
Total4 invocations: 41,099

T3/T2 ratio: 39
T3b/T3 ratio: 0

T1 avg ex cycles: 32
T2 avg ex cycles: 93
T3&b avg ex cycles: 4
T4 avg ex cycles: 344
Avg. hops NOC1: 2
Avg. latency NOC1 (T2): 20,018
Avg. hops NOC2: 17
Avg. latency NOC2 (T3): 2,002
Number of K Nodes Processed: 3,525
Number of K Edges Processed: 121,960
Node Re-explore factor: 0.84
Edge Re-explore factor: 0.95
Nodes/cy: 3
Edges/cy: 102
TEPS: 107

---DCache---
DCache Size: 60,880
DRAM words: 133,760
  DHits: 202,630,492
  DMisses: 8,509,117
  DHit Rate (hit/miss): 96%
  DEvictions: 4,822,926
  DEviction Rate (evict/misses): 57%
  MC Transactions: 9,299,344
  MC Writes: 688,646
Avg. Transactions: 97% , Writes: 7%, Avg. Latency: 18
Max MC id: 5 of 8. Transactions: 97% , Writes: 7%, MC mean Latency: 18
HBM refresh energy (nJ): 3
HBM access energy (nJ): 17,616,677
MemC wire energy 2.5d (nJ): 6,669,995
MemC wire energy 3d (nJ): 1,667,499

---Energy---
Leakage Energy (nJ): 210,298
PU Dyn E (nJ): 7,242,291
Mem Dyn E (nJ): 43,753,752
Route Dyn E (nJ): 9,999,897
Dynamic Energy (nJ): 60,995,941
Ratio of Dyn/Leak: 290
Total Energy (nJ): 61,206,239
Total Energy (nJ) 3D: 60,658,357
Cores Energy (nJ): 7,245,633
Route Energy (nJ): 10,010,899
Route Energy (nJ) 3D: 14,465,513
Mem Energy   (nJ): 43,949,707
Mem Energy   (nJ) 3D: 38,947,211
Avg. Power (mW): 50,975.29
Power Density (mW/mm2): 136.86

---Runtime---
Runtime in K cycles: 1,200.70
Microseconds: 1,200.70
Time per iteration (ms): 1.20

---Throughput---
GOP/s (aka OPS/ns): 512.91
GOP/s per core: 0.50
FLOP/s: 202.72
FLOP/s per core: 0.20
Max Peak FLOP/s: 1,024.00
Avg. BW GB/s: 3,460.53
Max BW GB/s: 4,096.00

---Traffic---
In-Die bisection_bytes BW (GB/s): 512.00
Inter-board traffic (msg/ns): 0.00, per-link: 0.00
Inter-pack traffic (msg/ns): 0.00, per-link: 0.00
Inter-die traffic (msg/ns): 0.00, per-link: 0.00
Ruche traffic (msg/ns): 0.00, per-link: 0.00
All traffic (msg/ns): 3,722.90, per-link: 3.64
Inter-die reduction wrt all: inf
Inter-board reduction wrt inter-die: -nan

---Data Movement---
All traffic (msg): 4,470,097,876
Arith. Intensity FLOP/Loads: 0.47
Arith. Intensity FLOP/Msgs: 0.05
Arith. Intensity OPS/Loads: 1.19
Arith. Intensity OPS/Msgs: 0.14



===Core Utilization Total=== CORE-S:12;; TIME K cy:1,200 ;; Nodes Proc: 440,979 -- Edges Proc: 15,319,612

===PRINTING FRAME STATS

FCollision In Avg:55, SD:33, Max:162, Min:5
FCollision Out Avg:51, SD:37, Max:212, Min:1
FCollision End Avg:18, SD:24, Max:197, Min:0
FTask1 Avg:10, SD:9, Max:38, Min:0
FTask2 Avg:24, SD:20, Max:76, Min:0
FTask3 Avg:32, SD:6, Max:80, Min:20
FCore Active Avg:69, SD:21, Max:100, Min:26
FRouter Active Avg:90, SD:3, Max:96, Min:81
T1 invocations: 341,886
T2 invocations: 447,603
T3 invocations: 10,386,225
T3b invocations: 0
Total3 invocations: 10,386,225
Total4 invocations: 18,155

T3/T2 ratio: 23
T3b/T3 ratio: 0

T1 avg ex cycles: 29
T2 avg ex cycles: 56
T3&b avg ex cycles: 3
T4 avg ex cycles: 172
Avg. hops NOC1: 3
Avg. latency NOC1 (T2): 6,363
Avg. hops NOC2: 17
Avg. latency NOC2 (T3): 2,382

===PRINTING ACUM STATS at pu_cycles: 1,301,129

ACollision In Avg:99, SD:15, Max:169, Min:52
ACollision Out Avg:99, SD:22, Max:208, Min:37
ACollision End Avg:31, SD:14, Max:140, Min:0
ATask1 Avg:5, SD:1, Max:7, Min:1
ATask2 Avg:24, SD:4, Max:36, Min:7
ATask3 Avg:35, SD:5, Max:66, Min:25
ACore Active Avg:65, SD:7, Max:92, Min:42
ARouter Active Avg:88, SD:1, Max:96, Min:85
T1 invocations: 2,128,185
T2 invocations: 3,587,044
T3 invocations: 132,060,653
T3b invocations: 0
Total3 invocations: 132,060,653
Total4 invocations: 59,349

T3/T2 ratio: 37
T3b/T3 ratio: 0

T1 avg ex cycles: 32
T2 avg ex cycles: 88
T3&b avg ex cycles: 4
T4 avg ex cycles: 292
Avg. hops NOC1: 2
Avg. latency NOC1 (T2): 18,303
Avg. hops NOC2: 17
Avg. latency NOC2 (T3): 2,032
Number of K Nodes Processed: 3,578
Number of K Edges Processed: 132,358
Node Re-explore factor: 0.85
Edge Re-explore factor: 1.03
Nodes/cy: 3
Edges/cy: 102
TEPS: 99

---DCache---
DCache Size: 60,880
DRAM words: 133,760
  DHits: 220,398,781
  DMisses: 9,250,852
  DHit Rate (hit/miss): 96%
  DEvictions: 5,501,232
  DEviction Rate (evict/misses): 59%
  MC Transactions: 10,106,340
  MC Writes: 745,887
Avg. Transactions: 97% , Writes: 7%, Avg. Latency: 18
Max MC id: 4 of 8. Transactions: 97% , Writes: 7%, MC mean Latency: 18
HBM refresh energy (nJ): 3
HBM access energy (nJ): 19,145,450
MemC wire energy 2.5d (nJ): 7,248,816
MemC wire energy 3d (nJ): 1,812,204

---Energy---
Leakage Energy (nJ): 227,887
PU Dyn E (nJ): 7,892,682
Mem Dyn E (nJ): 47,550,972
Route Dyn E (nJ): 10,864,667
Dynamic Energy (nJ): 66,308,321
Ratio of Dyn/Leak: 291
Total Energy (nJ): 66,536,208
Total Energy (nJ) 3D: 65,939,435
Cores Energy (nJ): 7,896,303
Route Energy (nJ): 10,876,589
Route Energy (nJ) 3D: 15,716,428
Mem Energy   (nJ): 47,763,316
Mem Energy   (nJ) 3D: 42,326,704
Avg. Power (mW): 51,137.29
Power Density (mW/mm2): 137.29

---Runtime---
Runtime in K cycles: 1,301.13
Microseconds: 1,301.13
Time per iteration (ms): 1.30

---Throughput---
GOP/s (aka OPS/ns): 518.64
GOP/s per core: 0.51
FLOP/s: 203.18
FLOP/s per core: 0.20
Max Peak FLOP/s: 1,024.00
Avg. BW GB/s: 3,470.20
Max BW GB/s: 4,096.00

---Traffic---
In-Die bisection_bytes BW (GB/s): 512.00
Inter-board traffic (msg/ns): 0.00, per-link: 0.00
Inter-pack traffic (msg/ns): 0.00, per-link: 0.00
Inter-die traffic (msg/ns): 0.00, per-link: 0.00
Ruche traffic (msg/ns): 0.00, per-link: 0.00
All traffic (msg/ns): 3,733.13, per-link: 3.65
Inter-die reduction wrt all: inf
Inter-board reduction wrt inter-die: -nan

---Data Movement---
All traffic (msg): 4,857,287,514
Arith. Intensity FLOP/Loads: 0.47
Arith. Intensity FLOP/Msgs: 0.05
Arith. Intensity OPS/Loads: 1.20
Arith. Intensity OPS/Msgs: 0.14



===Core Utilization Total=== CORE-S:13;; TIME K cy:1,300 ;; Nodes Proc: 447,732 -- Edges Proc: 16,686,045

===PRINTING FRAME STATS

FCollision In Avg:35, SD:31, Max:146, Min:3
FCollision Out Avg:33, SD:33, Max:125, Min:1
FCollision End Avg:13, SD:21, Max:100, Min:0
FTask1 Avg:9, SD:9, Max:38, Min:0
FTask2 Avg:20, SD:21, Max:80, Min:0
FTask3 Avg:26, SD:5, Max:61, Min:16
FCore Active Avg:58, SD:25, Max:100, Min:19
FRouter Active Avg:83, SD:5, Max:95, Min:68
T1 invocations: 309,025
T2 invocations: 393,664
T3 invocations: 8,492,636
T3b invocations: 0
Total3 invocations: 8,492,636
Total4 invocations: 21,123

T3/T2 ratio: 22
T3b/T3 ratio: 0

T1 avg ex cycles: 29
T2 avg ex cycles: 53
T3&b avg ex cycles: 3
T4 avg ex cycles: 136
Avg. hops NOC1: 3
Avg. latency NOC1 (T2): 4,996
Avg. hops NOC2: 17
Avg. latency NOC2 (T3): 2,342

===PRINTING ACUM STATS at pu_cycles: 1,401,067

ACollision In Avg:94, SD:15, Max:161, Min:48
ACollision Out Avg:94, SD:22, Max:198, Min:35
ACollision End Avg:30, SD:13, Max:134, Min:0
ATask1 Avg:5, SD:1, Max:7, Min:1
ATask2 Avg:23, SD:3, Max:35, Min:11
ATask3 Avg:34, SD:5, Max:66, Min:24
ACore Active Avg:65, SD:7, Max:92, Min:45
ARouter Active Avg:87, SD:1, Max:95, Min:84
T1 invocations: 2,437,210
T2 invocations: 3,980,708
T3 invocations: 140,553,289
T3b invocations: 0
Total3 invocations: 140,553,289
Total4 invocations: 80,472

T3/T2 ratio: 35
T3b/T3 ratio: 0

T1 avg ex cycles: 31
T2 avg ex cycles: 84
T3&b avg ex cycles: 4
T4 avg ex cycles: 251
Avg. hops NOC1: 2
Avg. latency NOC1 (T2): 16,987
Avg. hops NOC2: 17
Avg. latency NOC2 (T3): 2,051
Number of K Nodes Processed: 3,618
Number of K Edges Processed: 140,755
Node Re-explore factor: 0.86
Edge Re-explore factor: 1.10
Nodes/cy: 3
Edges/cy: 100
TEPS: 92

---DCache---
DCache Size: 60,880
DRAM words: 133,760
  DHits: 235,147,837
  DMisses: 9,868,459
  DHit Rate (hit/miss): 96%
  DEvictions: 6,080,674
  DEviction Rate (evict/misses): 62%
  MC Transactions: 10,779,895
  MC Writes: 796,149
Avg. Transactions: 96% , Writes: 7%, Avg. Latency: 18
Max MC id: 4 of 8. Transactions: 97% , Writes: 7%, MC mean Latency: 18
HBM refresh energy (nJ): 4
HBM access energy (nJ): 20,421,433
MemC wire energy 2.5d (nJ): 7,731,927
MemC wire energy 3d (nJ): 1,932,982

---Energy---
Leakage Energy (nJ): 245,390
PU Dyn E (nJ): 8,423,530
Mem Dyn E (nJ): 50,686,802
Route Dyn E (nJ): 11,561,425
Dynamic Energy (nJ): 70,671,758
Ratio of Dyn/Leak: 288
Total Energy (nJ): 70,917,148
Total Energy (nJ) 3D: 70,268,424
Cores Energy (nJ): 8,427,430
Route Energy (nJ): 11,574,263
Route Energy (nJ) 3D: 16,724,485
Mem Energy   (nJ): 50,915,456
Mem Energy   (nJ) 3D: 45,116,511
Avg. Power (mW): 50,616.53
Power Density (mW/mm2): 135.89

---Runtime---
Runtime in K cycles: 1,401.07
Microseconds: 1,401.07
Time per iteration (ms): 1.40

---Throughput---
GOP/s (aka OPS/ns): 516.51
GOP/s per core: 0.50
FLOP/s: 200.75
FLOP/s per core: 0.20
Max Peak FLOP/s: 1,024.00
Avg. BW GB/s: 3,431.36
Max BW GB/s: 4,096.00

---Traffic---
In-Die bisection_bytes BW (GB/s): 512.00
Inter-board traffic (msg/ns): 0.00, per-link: 0.00
Inter-pack traffic (msg/ns): 0.00, per-link: 0.00
Inter-die traffic (msg/ns): 0.00, per-link: 0.00
Ruche traffic (msg/ns): 0.00, per-link: 0.00
All traffic (msg/ns): 3,690.16, per-link: 3.60
Inter-die reduction wrt all: inf
Inter-board reduction wrt inter-die: -nan

---Data Movement---
All traffic (msg): 5,170,165,797
Arith. Intensity FLOP/Loads: 0.47
Arith. Intensity FLOP/Msgs: 0.05
Arith. Intensity OPS/Loads: 1.21
Arith. Intensity OPS/Msgs: 0.14



===Core Utilization Total=== CORE-S:14;; TIME K cy:1,400 ;; Nodes Proc: 452,807 -- Edges Proc: 17,741,897

===PRINTING FRAME STATS

FCollision In Avg:15, SD:22, Max:104, Min:1
FCollision Out Avg:16, SD:25, Max:125, Min:0
FCollision End Avg:7, SD:15, Max:99, Min:0
FTask1 Avg:6, SD:10, Max:51, Min:0
FTask2 Avg:13, SD:20, Max:90, Min:0
FTask3 Avg:17, SD:3, Max:43, Min:9
FCore Active Avg:39, SD:26, Max:100, Min:12
FRouter Active Avg:64, SD:7, Max:85, Min:48
T1 invocations: 229,770
T2 invocations: 284,557
T3 invocations: 5,454,099
T3b invocations: 0
Total3 invocations: 5,454,099
Total4 invocations: 18,782

T3/T2 ratio: 19
T3b/T3 ratio: 0

T1 avg ex cycles: 29
T2 avg ex cycles: 47
T3&b avg ex cycles: 3
T4 avg ex cycles: 116
Avg. hops NOC1: 3
Avg. latency NOC1 (T2): 3,758
Avg. hops NOC2: 17
Avg. latency NOC2 (T3): 2,089

===PRINTING ACUM STATS at pu_cycles: 1,501,065

ACollision In Avg:89, SD:14, Max:153, Min:45
ACollision Out Avg:89, SD:21, Max:190, Min:32
ACollision End Avg:28, SD:12, Max:127, Min:0
ATask1 Avg:5, SD:1, Max:7, Min:1
ATask2 Avg:23, SD:3, Max:32, Min:11
ATask3 Avg:33, SD:5, Max:65, Min:24
ACore Active Avg:63, SD:6, Max:90, Min:45
ARouter Active Avg:86, SD:1, Max:93, Min:83
T1 invocations: 2,666,980
T2 invocations: 4,265,265
T3 invocations: 146,007,388
T3b invocations: 0
Total3 invocations: 146,007,388
Total4 invocations: 99,254

T3/T2 ratio: 34
T3b/T3 ratio: 0

T1 avg ex cycles: 31
T2 avg ex cycles: 82
T3&b avg ex cycles: 3
T4 avg ex cycles: 225
Avg. hops NOC1: 3
Avg. latency NOC1 (T2): 16,105
Avg. hops NOC2: 17
Avg. latency NOC2 (T3): 2,052
Number of K Nodes Processed: 3,643
Number of K Edges Processed: 146,085
Node Re-explore factor: 0.87
Edge Re-explore factor: 1.14
Nodes/cy: 2
Edges/cy: 97
TEPS: 85

---DCache---
DCache Size: 60,880
DRAM words: 133,760
  DHits: 245,249,264
  DMisses: 10,275,941
  DHit Rate (hit/miss): 96%
  DEvictions: 6,471,208
  DEviction Rate (evict/misses): 63%
  MC Transactions: 11,221,237
  MC Writes: 827,843
Avg. Transactions: 93% , Writes: 7%, Avg. Latency: 18
Max MC id: 7 of 8. Transactions: 94% , Writes: 7%, MC mean Latency: 18
HBM refresh energy (nJ): 4
HBM access energy (nJ): 21,257,511
MemC wire energy 2.5d (nJ): 8,048,481
MemC wire energy 3d (nJ): 2,012,120

---Energy---
Leakage Energy (nJ): 262,905
PU Dyn E (nJ): 8,769,436
Mem Dyn E (nJ): 52,736,984
Route Dyn E (nJ): 12,004,957
Dynamic Energy (nJ): 73,511,378
Ratio of Dyn/Leak: 280
Total Energy (nJ): 73,774,283
Total Energy (nJ) 3D: 73,085,722
Cores Energy (nJ): 8,773,613
Route Energy (nJ): 12,018,711
Route Energy (nJ) 3D: 17,366,511
Mem Energy   (nJ): 52,981,958
Mem Energy   (nJ) 3D: 46,945,597
Avg. Power (mW): 49,147.96
Power Density (mW/mm2): 131.95

---Runtime---
Runtime in K cycles: 1,501.07
Microseconds: 1,501.07
Time per iteration (ms): 1.50

---Throughput---
GOP/s (aka OPS/ns): 503.89
GOP/s per core: 0.49
FLOP/s: 194.58
FLOP/s per core: 0.19
Max Peak FLOP/s: 1,024.00
Avg. BW GB/s: 3,328.59
Max BW GB/s: 4,096.00

---Traffic---
In-Die bisection_bytes BW (GB/s): 512.00
Inter-board traffic (msg/ns): 0.00, per-link: 0.00
Inter-pack traffic (msg/ns): 0.00, per-link: 0.00
Inter-die traffic (msg/ns): 0.00, per-link: 0.00
Ruche traffic (msg/ns): 0.00, per-link: 0.00
All traffic (msg/ns): 3,577.42, per-link: 3.49
Inter-die reduction wrt all: inf
Inter-board reduction wrt inter-die: -nan

---Data Movement---
All traffic (msg): 5,369,946,087
Arith. Intensity FLOP/Loads: 0.47
Arith. Intensity FLOP/Msgs: 0.05
Arith. Intensity OPS/Loads: 1.21
Arith. Intensity OPS/Msgs: 0.14



===Core Utilization Total=== CORE-S:15;; TIME K cy:1,500 ;; Nodes Proc: 455,787 -- Edges Proc: 18,483,910
======== IT IS COLD ======= Only 44 Tiles active

===PRINTING FRAME STATS

FCollision In Avg:4, SD:13, Max:100, Min:0
FCollision Out Avg:5, SD:16, Max:125, Min:0
FCollision End Avg:3, SD:9, Max:88, Min:0
FTask1 Avg:2, SD:6, Max:42, Min:0
FTask2 Avg:5, SD:13, Max:89, Min:0
FTask3 Avg:7, SD:3, Max:43, Min:4
FCore Active Avg:14, SD:18, Max:100, Min:4
FRouter Active Avg:29, SD:12, Max:85, Min:12
T1 invocations: 79,682
T2 invocations: 101,369
T3 invocations: 2,094,201
T3b invocations: 0
Total3 invocations: 2,094,201
Total4 invocations: 8,180

T3/T2 ratio: 21
T3b/T3 ratio: 0

T1 avg ex cycles: 29
T2 avg ex cycles: 46
T3&b avg ex cycles: 3
T4 avg ex cycles: 94
Avg. hops NOC1: 4
Avg. latency NOC1 (T2): 3,631
Avg. hops NOC2: 16
Avg. latency NOC2 (T3): 1,821

===PRINTING ACUM STATS at pu_cycles: 1,600,446

ACollision In Avg:84, SD:14, Max:144, Min:42
ACollision Out Avg:84, SD:21, Max:190, Min:30
ACollision End Avg:27, SD:11, Max:127, Min:0
ATask1 Avg:5, SD:0, Max:7, Min:1
ATask2 Avg:22, SD:2, Max:32, Min:11
ATask3 Avg:32, SD:5, Max:65, Min:22
ACore Active Avg:60, SD:6, Max:88, Min:45
ARouter Active Avg:82, SD:2, Max:89, Min:78
T1 invocations: 2,735,642
T2 invocations: 4,348,876
T3 invocations: 147,873,144
T3b invocations: 0
Total3 invocations: 147,873,144
Total4 invocations: 107,065

T3/T2 ratio: 34
T3b/T3 ratio: 0

T1 avg ex cycles: 31
T2 avg ex cycles: 81
T3&b avg ex cycles: 3
T4 avg ex cycles: 215
Avg. hops NOC1: 3
Avg. latency NOC1 (T2): 15,853
Avg. hops NOC2: 17
Avg. latency NOC2 (T3): 2,044
Number of K Nodes Processed: 3,652
Number of K Edges Processed: 147,953
Node Re-explore factor: 0.87
Edge Re-explore factor: 1.15
Nodes/cy: 2
Edges/cy: 92
TEPS: 80

---DCache---
DCache Size: 60,880
DRAM words: 133,760
  DHits: 249,056,041
  DMisses: 10,421,188
  DHit Rate (hit/miss): 96%
  DEvictions: 6,612,134
  DEviction Rate (evict/misses): 63%
  MC Transactions: 11,377,933
  MC Writes: 839,051
Avg. Transactions: 89% , Writes: 7%, Avg. Latency: 18
Max MC id: 7 of 8. Transactions: 89% , Writes: 6%, MC mean Latency: 18
HBM refresh energy (nJ): 4
HBM access energy (nJ): 21,554,356
MemC wire energy 2.5d (nJ): 8,160,872
MemC wire energy 3d (nJ): 2,040,218

---Energy---
Leakage Energy (nJ): 280,311
PU Dyn E (nJ): 8,875,238
Mem Dyn E (nJ): 53,433,679
Route Dyn E (nJ): 12,152,363
Dynamic Energy (nJ): 74,461,281
Ratio of Dyn/Leak: 266
Total Energy (nJ): 74,741,592
Total Energy (nJ) 3D: 74,034,403
Cores Energy (nJ): 8,879,693
Route Energy (nJ): 12,167,028
Route Energy (nJ) 3D: 17,580,492
Mem Energy   (nJ): 53,694,872
Mem Energy   (nJ) 3D: 47,574,218
Avg. Power (mW): 46,700.48
Power Density (mW/mm2): 125.38

---Runtime---
Runtime in K cycles: 1,600.45
Microseconds: 1,600.45
Time per iteration (ms): 1.60

---Throughput---
GOP/s (aka OPS/ns): 479.02
GOP/s per core: 0.47
FLOP/s: 184.52
FLOP/s per core: 0.18
Max Peak FLOP/s: 1,024.00
Avg. BW GB/s: 3,158.44
Max BW GB/s: 4,096.00

---Traffic---
In-Die bisection_bytes BW (GB/s): 512.00
Inter-board traffic (msg/ns): 0.00, per-link: 0.00
Inter-pack traffic (msg/ns): 0.00, per-link: 0.00
Inter-die traffic (msg/ns): 0.00, per-link: 0.00
Ruche traffic (msg/ns): 0.00, per-link: 0.00
All traffic (msg/ns): 3,397.02, per-link: 3.32
Inter-die reduction wrt all: inf
Inter-board reduction wrt inter-die: -nan

---Data Movement---
All traffic (msg): 5,436,746,154
Arith. Intensity FLOP/Loads: 0.47
Arith. Intensity FLOP/Msgs: 0.05
Arith. Intensity OPS/Loads: 1.22
Arith. Intensity OPS/Msgs: 0.14



===Core Utilization Total=== CORE-S:16;; TIME K cy:1,600 ;; Nodes Proc: 456,893 -- Edges Proc: 18,591,911
======== IT IS COLD ======= Only 5 Tiles active

===PRINTING FRAME STATS

FCollision In Avg:1, SD:9, Max:98, Min:0
FCollision Out Avg:2, SD:11, Max:100, Min:0
FCollision End Avg:1, SD:5, Max:87, Min:0
FTask1 Avg:0, SD:3, Max:38, Min:0
FTask2 Avg:1, SD:8, Max:95, Min:0
FTask3 Avg:2, SD:1, Max:18, Min:1
FCore Active Avg:3, SD:10, Max:100, Min:1
FRouter Active Avg:8, SD:7, Max:65, Min:2
T1 invocations: 16,463
T2 invocations: 22,594
T3 invocations: 523,527
T3b invocations: 0
Total3 invocations: 523,527
Total4 invocations: 2,121

T3/T2 ratio: 23
T3b/T3 ratio: 0

T1 avg ex cycles: 30
T2 avg ex cycles: 54
T3&b avg ex cycles: 3
T4 avg ex cycles: 74
Avg. hops NOC1: 4
Avg. latency NOC1 (T2): 4,573
Avg. hops NOC2: 16
Avg. latency NOC2 (T3): 1,592

===PRINTING ACUM STATS at pu_cycles: 1,700,155

ACollision In Avg:79, SD:13, Max:135, Min:40
ACollision Out Avg:79, SD:19, Max:169, Min:30
ACollision End Avg:25, SD:11, Max:114, Min:0
ATask1 Avg:5, SD:0, Max:7, Min:2
ATask2 Avg:20, SD:2, Max:30, Min:14
ATask3 Avg:30, SD:5, Max:58, Min:21
ACore Active Avg:56, SD:5, Max:84, Min:45
ARouter Active Avg:78, SD:2, Max:86, Min:74
T1 invocations: 2,758,293
T2 invocations: 4,381,783
T3 invocations: 148,428,053
T3b invocations: 0
Total3 invocations: 148,428,053
Total4 invocations: 109,323

T3/T2 ratio: 34
T3b/T3 ratio: 0

T1 avg ex cycles: 31
T2 avg ex cycles: 81
T3&b avg ex cycles: 3
T4 avg ex cycles: 213
Avg. hops NOC1: 3
Avg. latency NOC1 (T2): 15,774
Avg. hops NOC2: 17
Avg. latency NOC2 (T3): 2,044
Number of K Nodes Processed: 3,654
Number of K Edges Processed: 148,441
Node Re-explore factor: 0.87
Edge Re-explore factor: 1.16
Nodes/cy: 2
Edges/cy: 87
TEPS: 75

---DCache---
DCache Size: 60,880
DRAM words: 133,760
  DHits: 250,058,782
  DMisses: 10,456,596
  DHit Rate (hit/miss): 96%
  DEvictions: 6,646,507
  DEviction Rate (evict/misses): 64%
  MC Transactions: 11,415,952
  MC Writes: 841,649
Avg. Transactions: 84% , Writes: 6%, Avg. Latency: 18
Max MC id: 5 of 8. Transactions: 85% , Writes: 6%, MC mean Latency: 18
HBM refresh energy (nJ): 5
HBM access energy (nJ): 21,626,379
MemC wire energy 2.5d (nJ): 8,188,141
MemC wire energy 3d (nJ): 2,047,035

---Energy---
Leakage Energy (nJ): 297,774
PU Dyn E (nJ): 8,916,283
Mem Dyn E (nJ): 53,636,616
Route Dyn E (nJ): 12,198,737
Dynamic Energy (nJ): 74,751,635
Ratio of Dyn/Leak: 251
Total Energy (nJ): 75,049,409
Total Energy (nJ) 3D: 74,342,425
Cores Energy (nJ): 8,921,015
Route Energy (nJ): 12,214,315
Route Energy (nJ) 3D: 17,648,436
Mem Energy   (nJ): 53,914,081
Mem Energy   (nJ) 3D: 47,772,975
Avg. Power (mW): 44,142.69
Power Density (mW/mm2): 118.51

---Runtime---
Runtime in K cycles: 1,700.15
Microseconds: 1,700.15
Time per iteration (ms): 1.70

---Throughput---
GOP/s (aka OPS/ns): 453.04
GOP/s per core: 0.44
FLOP/s: 174.49
FLOP/s per core: 0.17
Max Peak FLOP/s: 1,024.00
Avg. BW GB/s: 2,986.36
Max BW GB/s: 4,096.00

---Traffic---
In-Die bisection_bytes BW (GB/s): 512.00
Inter-board traffic (msg/ns): 0.00, per-link: 0.00
Inter-pack traffic (msg/ns): 0.00, per-link: 0.00
Inter-die traffic (msg/ns): 0.00, per-link: 0.00
Ruche traffic (msg/ns): 0.00, per-link: 0.00
All traffic (msg/ns): 3,209.91, per-link: 3.13
Inter-die reduction wrt all: inf
Inter-board reduction wrt inter-die: -nan

---Data Movement---
All traffic (msg): 5,457,344,671
Arith. Intensity FLOP/Loads: 0.47
Arith. Intensity FLOP/Msgs: 0.05
Arith. Intensity OPS/Loads: 1.22
Arith. Intensity OPS/Msgs: 0.14



===Core Utilization Total=== CORE-S:17;; TIME K cy:1,700 ;; Nodes Proc: 457,174 -- Edges Proc: 18,592,362
======== IT IS COLD ======= Only 2 Tiles active

===PRINTING FRAME STATS

FCollision In Avg:0, SD:5, Max:96, Min:0
FCollision Out Avg:0, SD:5, Max:94, Min:0
FCollision End Avg:0, SD:1, Max:19, Min:0
FTask1 Avg:0, SD:2, Max:29, Min:0
FTask2 Avg:0, SD:3, Max:51, Min:0
FTask3 Avg:1, SD:0, Max:5, Min:0
FCore Active Avg:1, SD:4, Max:52, Min:0
FRouter Active Avg:3, SD:3, Max:25, Min:1
T1 invocations: 6,201
T2 invocations: 7,061
T3 invocations: 193,995
T3b invocations: 0
Total3 invocations: 193,995
Total4 invocations: 641

T3/T2 ratio: 27
T3b/T3 ratio: 0

T1 avg ex cycles: 30
T2 avg ex cycles: 45
T3&b avg ex cycles: 3
T4 avg ex cycles: 88
Avg. hops NOC1: 5
Avg. latency NOC1 (T2): 2,500
Avg. hops NOC2: 17
Avg. latency NOC2 (T3): 966

===PRINTING ACUM STATS at pu_cycles: 1,800,106

ACollision In Avg:74, SD:12, Max:128, Min:38
ACollision Out Avg:75, SD:18, Max:160, Min:29
ACollision End Avg:24, SD:10, Max:107, Min:0
ATask1 Avg:5, SD:0, Max:6, Min:4
ATask2 Avg:19, SD:2, Max:27, Min:16
ATask3 Avg:28, SD:4, Max:55, Min:20
ACore Active Avg:53, SD:5, Max:79, Min:42
ARouter Active Avg:74, SD:2, Max:79, Min:70
T1 invocations: 2,770,644
T2 invocations: 4,395,027
T3 invocations: 148,630,354
T3b invocations: 0
Total3 invocations: 148,630,354
Total4 invocations: 110,058

T3/T2 ratio: 34
T3b/T3 ratio: 0

T1 avg ex cycles: 31
T2 avg ex cycles: 81
T3&b avg ex cycles: 3
T4 avg ex cycles: 212
Avg. hops NOC1: 3
Avg. latency NOC1 (T2): 15,741
Avg. hops NOC2: 17
Avg. latency NOC2 (T3): 2,044
Number of K Nodes Processed: 3,654
Number of K Edges Processed: 148,631
Node Re-explore factor: 0.87
Edge Re-explore factor: 1.16
Nodes/cy: 2
Edges/cy: 83
TEPS: 71

---DCache---
DCache Size: 60,880
DRAM words: 133,760
  DHits: 250,449,554
  DMisses: 10,469,168
  DHit Rate (hit/miss): 96%
  DEvictions: 6,658,883
  DEviction Rate (evict/misses): 64%
  MC Transactions: 11,429,376
  MC Writes: 842,501
Avg. Transactions: 79% , Writes: 6%, Avg. Latency: 18
Max MC id: 5 of 8. Transactions: 80% , Writes: 6%, MC mean Latency: 18
HBM refresh energy (nJ): 5
HBM access energy (nJ): 21,651,809
MemC wire energy 2.5d (nJ): 8,197,770
MemC wire energy 3d (nJ): 2,049,442

---Energy---
Leakage Energy (nJ): 315,280
PU Dyn E (nJ): 8,932,528
Mem Dyn E (nJ): 53,711,681
Route Dyn E (nJ): 12,215,729
Dynamic Energy (nJ): 74,859,939
Ratio of Dyn/Leak: 237
Total Energy (nJ): 75,175,219
Total Energy (nJ) 3D: 74,468,583
Cores Energy (nJ): 8,937,538
Route Energy (nJ): 12,232,223
Route Energy (nJ) 3D: 17,673,915
Mem Energy   (nJ): 54,005,458
Mem Energy   (nJ) 3D: 47,857,131
Avg. Power (mW): 41,761.55
Power Density (mW/mm2): 112.12

---Runtime---
Runtime in K cycles: 1,800.11
Microseconds: 1,800.11
Time per iteration (ms): 1.80

---Throughput---
GOP/s (aka OPS/ns): 428.72
GOP/s per core: 0.42
FLOP/s: 165.09
FLOP/s per core: 0.16
Max Peak FLOP/s: 1,024.00
Avg. BW GB/s: 2,825.33
Max BW GB/s: 4,096.00

---Traffic---
In-Die bisection_bytes BW (GB/s): 512.00
Inter-board traffic (msg/ns): 0.00, per-link: 0.00
Inter-pack traffic (msg/ns): 0.00, per-link: 0.00
Inter-die traffic (msg/ns): 0.00, per-link: 0.00
Ruche traffic (msg/ns): 0.00, per-link: 0.00
All traffic (msg/ns): 3,035.86, per-link: 2.96
Inter-die reduction wrt all: inf
Inter-board reduction wrt inter-die: -nan

---Data Movement---
All traffic (msg): 5,464,877,469
Arith. Intensity FLOP/Loads: 0.47
Arith. Intensity FLOP/Msgs: 0.05
Arith. Intensity OPS/Loads: 1.22
Arith. Intensity OPS/Msgs: 0.14



===Core Utilization Total=== CORE-S:18;; TIME K cy:1,800 ;; Nodes Proc: 457,245 -- Edges Proc: 18,592,476
======== IT IS COLD ======= Only 1 Tiles active

===PRINTING FRAME STATS

FCollision In Avg:0, SD:1, Max:31, Min:0
FCollision Out Avg:0, SD:2, Max:34, Min:0
FCollision End Avg:0, SD:1, Max:27, Min:0
FTask1 Avg:0, SD:1, Max:22, Min:0
FTask2 Avg:0, SD:4, Max:76, Min:0
FTask3 Avg:0, SD:0, Max:5, Min:0
FCore Active Avg:1, SD:5, Max:100, Min:0
FRouter Active Avg:2, SD:3, Max:33, Min:0
T1 invocations: 3,039
T2 invocations: 6,531
T3 invocations: 108,495
T3b invocations: 0
Total3 invocations: 108,495
Total4 invocations: 326

T3/T2 ratio: 17
T3b/T3 ratio: 0

T1 avg ex cycles: 30
T2 avg ex cycles: 52
T3&b avg ex cycles: 3
T4 avg ex cycles: 87
Avg. hops NOC1: 3
Avg. latency NOC1 (T2): 2,933
Avg. hops NOC2: 19
Avg. latency NOC2 (T3): 1,714

===PRINTING ACUM STATS at pu_cycles: 1,900,115

ACollision In Avg:71, SD:12, Max:121, Min:36
ACollision Out Avg:72, SD:18, Max:160, Min:27
ACollision End Avg:23, SD:10, Max:107, Min:1
ATask1 Avg:4, SD:0, Max:6, Min:4
ATask2 Avg:19, SD:2, Max:26, Min:15
ATask3 Avg:27, SD:4, Max:55, Min:19
ACore Active Avg:51, SD:5, Max:79, Min:40
ARouter Active Avg:71, SD:2, Max:77, Min:66
T1 invocations: 2,772,751
T2 invocations: 4,399,349
T3 invocations: 148,690,096
T3b invocations: 0
Total3 invocations: 148,690,096
Total4 invocations: 110,233

T3/T2 ratio: 34
T3b/T3 ratio: 0

T1 avg ex cycles: 31
T2 avg ex cycles: 81
T3&b avg ex cycles: 3
T4 avg ex cycles: 212
Avg. hops NOC1: 3
Avg. latency NOC1 (T2): 15,730
Avg. hops NOC2: 17
Avg. latency NOC2 (T3): 2,044
Number of K Nodes Processed: 3,655
Number of K Edges Processed: 148,709
Node Re-explore factor: 0.87
Edge Re-explore factor: 1.16
Nodes/cy: 2
Edges/cy: 78
TEPS: 68

---DCache---
DCache Size: 60,880
DRAM words: 133,760
  DHits: 250,609,348
  DMisses: 10,474,341
  DHit Rate (hit/miss): 96%
  DEvictions: 6,663,900
  DEviction Rate (evict/misses): 64%
  MC Transactions: 11,434,881
  MC Writes: 842,832
Avg. Transactions: 75% , Writes: 6%, Avg. Latency: 18
Max MC id: 5 of 8. Transactions: 76% , Writes: 6%, MC mean Latency: 18
HBM refresh energy (nJ): 5
HBM access energy (nJ): 21,662,238
MemC wire energy 2.5d (nJ): 8,201,718
MemC wire energy 3d (nJ): 2,050,430

---Energy---
Leakage Energy (nJ): 332,796
PU Dyn E (nJ): 8,937,943
Mem Dyn E (nJ): 53,740,216
Route Dyn E (nJ): 12,221,917
Dynamic Energy (nJ): 74,900,076
Ratio of Dyn/Leak: 225
Total Energy (nJ): 75,232,872
Total Energy (nJ) 3D: 74,526,032
Cores Energy (nJ): 8,943,231
Route Energy (nJ): 12,239,327
Route Energy (nJ) 3D: 17,683,776
Mem Energy   (nJ): 54,050,315
Mem Energy   (nJ) 3D: 47,899,026
Avg. Power (mW): 39,593.85
Power Density (mW/mm2): 106.30

---Runtime---
Runtime in K cycles: 1,900.12
Microseconds: 1,900.12
Time per iteration (ms): 1.90

---Throughput---
GOP/s (aka OPS/ns): 406.37
GOP/s per core: 0.40
FLOP/s: 156.50
FLOP/s per core: 0.15
Max Peak FLOP/s: 1,024.00
Avg. BW GB/s: 2,678.18
Max BW GB/s: 4,096.00

---Traffic---
In-Die bisection_bytes BW (GB/s): 512.00
Inter-board traffic (msg/ns): 0.00, per-link: 0.00
Inter-pack traffic (msg/ns): 0.00, per-link: 0.00
Inter-die traffic (msg/ns): 0.00, per-link: 0.00
Ruche traffic (msg/ns): 0.00, per-link: 0.00
All traffic (msg/ns): 2,877.52, per-link: 2.81
Inter-die reduction wrt all: inf
Inter-board reduction wrt inter-die: -nan

---Data Movement---
All traffic (msg): 5,467,611,498
Arith. Intensity FLOP/Loads: 0.47
Arith. Intensity FLOP/Msgs: 0.05
Arith. Intensity OPS/Loads: 1.22
Arith. Intensity OPS/Msgs: 0.14



===Core Utilization Total=== CORE-S:19;; TIME K cy:1,900 ;; Nodes Proc: 457,271 -- Edges Proc: 18,592,505
======== IT IS COLD ======= Only 0 Tiles active
Epoch Done Router: 1
Epoch Done Router: 7
Epoch Done Router: 2
Epoch Done Router: 5
Epoch Done Router: 4
Epoch Done Router: 3
Epoch Done Router: 0
##EPOCH## 1 COMPLETED at Time (K cy): 1,912
Nodes processed until now: 3,655,100
Edges processed until now: 148,711,659
Epoch Done Router: 6
Program Done Router Thread: 6
Program Done Worker Thread: 0
Program Done Worker Thread: 4
Program Done Router Thread: 5
Program Done Worker Thread: 5
Program Done Worker Thread: 3
Program Done Worker Thread: 2
Program Done Worker Thread: 6
Program Done Worker Thread: 1
Program Done Router Thread: 0
Program Done Router Thread: 7
Program Done Router Thread: 1
Program Done Router Thread: 4
Program Done Router Thread: 2
Program Done Worker Thread: 7
Program Done Router Thread: 3

===PRINTING ACUM STATS at pu_cycles: 1,912,673

ACollision In Avg:70, SD:11, Max:120, Min:35
ACollision Out Avg:70, SD:17, Max:150, Min:26
ACollision End Avg:22, SD:9, Max:101, Min:1
ATask1 Avg:4, SD:0, Max:6, Min:4
ATask2 Avg:18, SD:2, Max:26, Min:15
ATask3 Avg:27, SD:4, Max:52, Min:19
ACore Active Avg:50, SD:5, Max:77, Min:40
ARouter Active Avg:69, SD:1, Max:74, Min:66
T1 invocations: 2,773,791
T2 invocations: 4,400,534
T3 invocations: 148,711,659
T3b invocations: 0
Total3 invocations: 148,711,659
Total4 invocations: 110,289

T3/T2 ratio: 34
T3b/T3 ratio: 0

T1 avg ex cycles: 31
T2 avg ex cycles: 81
T3&b avg ex cycles: 3
T4 avg ex cycles: 212
Avg. hops NOC1: 3
Avg. latency NOC1 (T2): 15,726
Avg. hops NOC2: 17
Avg. latency NOC2 (T3): 2,043

Runtime at program end in K cycles: 1,912
Runtime before cooldown in K cycles: 1,401


Number of K Nodes Processed: 3,655
Number of K Edges Processed: 148,711
Node Re-explore factor: 0.87
Edge Re-explore factor: 1.16
Nodes/cy: 2
Edges/cy: 78
TEPS: 67

---DCache---
DCache Size: 60,880
DRAM words: 133,760
  DHits: 250,613,485
  DMisses: 10,474,540
  DHit Rate (hit/miss): 96%
  DEvictions: 6,664,099
  DEviction Rate (evict/misses): 64%
  MC Transactions: 11,435,091
  MC Writes: 842,843
Avg. Transactions: 75% , Writes: 6%, Avg. Latency: 18
Max MC id: 5 of 8. Transactions: 75% , Writes: 6%, MC mean Latency: 18
HBM refresh energy (nJ): 5
HBM access energy (nJ): 21,662,636
MemC wire energy 2.5d (nJ): 8,201,869
MemC wire energy 3d (nJ): 2,050,467

---Energy---
Leakage Energy (nJ): 334,996
PU Dyn E (nJ): 8,939,464
Mem Dyn E (nJ): 53,744,071
Route Dyn E (nJ): 12,222,777
Dynamic Energy (nJ): 74,906,313
Ratio of Dyn/Leak: 224
Total Energy (nJ): 75,241,309
Total Energy (nJ) 3D: 74,534,739
Cores Energy (nJ): 8,944,788
Route Energy (nJ): 12,240,302
Route Energy (nJ) 3D: 17,685,134
Mem Energy   (nJ): 54,056,220
Mem Energy   (nJ) 3D: 47,904,818
Avg. Power (mW): 39,338.30
Power Density (mW/mm2): 105.61

---Runtime---
Runtime in K cycles: 1,912.67
Microseconds: 1,912.67
Time per iteration (ms): 1.91

---Inst---
K Loads: 635,118
K Stores: 637,299
K Instructions: 772,296

---Throughput---
GOP/s (aka OPS/ns): 403.78
GOP/s per core: 0.39
FLOP/s: 155.50
FLOP/s per core: 0.15
Max Peak FLOP/s: 1,024.00
Avg. BW GB/s: 2,661.03
Max BW GB/s: 4,096.00

---Traffic---
In-Die bisection_bytes BW (GB/s): 512.00
Inter-board traffic (msg/ns): 0.00, per-link: 0.00
Inter-pack traffic (msg/ns): 0.00, per-link: 0.00
Inter-die traffic (msg/ns): 0.00, per-link: 0.00
Ruche traffic (msg/ns): 0.00, per-link: 0.00
All traffic (msg/ns): 2,858.83, per-link: 2.79
Inter-die reduction wrt all: inf
Inter-board reduction wrt inter-die: -nan

---Data Movement---
All traffic (msg): 5,468,001,452
Arith. Intensity FLOP/Loads: 0.47
Arith. Intensity FLOP/Msgs: 0.05
Arith. Intensity OPS/Loads: 1.22
Arith. Intensity OPS/Msgs: 0.14

Simulation time: 229.13
Sim noc_cy/s: 8,347.60
Sim Msg/s: 23,864,359.46

Version 31

