Dataset:  Kron22/
Dry run: 0
Open Edge Count File succesfully
Edges Traversed BFS: 128309848
Found Vertices: 4194304, Edges: 128311436
avg degree 31
Array  Kron22/node_array.bin found
Malloc array of size 16777220 bytes
Readin array of size 16777216 bytes
Finished Reading Array Bytes
No reordering Array 32bit
Array  Kron22/edge_array.bin found
Malloc array of size 513245744 bytes
Readin array of size 513245744 bytes
Finished Reading Array Bytes
No reordering Array 32bit
Reading graph elapsed time: 0.0947703s

Dataset Footprint: 522 MiB
Dataset Footprint per Board: 4383.05 Mb
Dataset injection time (ms): 0.26752
Max Dataset Footprint: 1026 MiB

Dataset footprint per tile: 522 KiB
Proxys footprint per tile: 0 KiB
Reserved SRAM per tile: 15 KiB

Ideal SRAM per tile: 537 KiB
reserved_words_for_dataset:5767
dataset_words_per_tile:133760
remaining_sram_words:28838
min_dcache_sram_words_required:5861
dataset_words_per_tile:133760
min_pcache_sram_words_required:0
proxys_words_per_tile:0
Dcache footprint ratio: 5
Dataset Cached: 1
DCache: 28448 words, lines: 1778, sets: 1778
Proxys Cached: 0
Pcache: 0 words, sets: 0
Node per tile: 4,096
Edge per tile: 125,305
GRID_X: 32
GRID_SIZE: 1,024
smt_per_tile: 1
noc_freq: 1
pu_freq: 1
RUCHE_X: 0
PROXY_W: 32
DIE_W: 32
DIE_H: 32
DIES: 1
BORDER_TILES_PER_DIE: 128
PACK_W: 32
PACK_H: 32
DIES_PACK_FACTOR: 1
DIES_PER_PACK: 1
PACKAGES: 1
BOARD_W: 32
BOARD_H: 32
BOARDS: 1
MUX_BUS: 1
DCACHE: 1
PCACHE: 0
PROXY_FACTOR: 1
CACHE_WAYS: 1
TORUS: 1
PHY_NOCS: 1
WIDE_NOC_ID: 0
NOC_CONF: 1
noc_width: 32
hbm_channel_bit_width: 512
ld_st_op_byte_width: 4
PROXY_ROUTING: 0
WRITE_THROUGH: 1
ASSERT_MODE: 0
GLOBAL_BARRIER: 0
OQ flits: 36 ; 384 ; 2
IQ flits: 288 ; 3,072 ; 2
OQ messages: 12 ; 192 ; 1
IQ messages: 96 ; 1,536 ; 1
max_task2 size: 64
io_factor_t2: 8
io_factor_t3: 8
io_factor_t3b: 8

Active SRAM Storage per tile: 127 KiB
Total SRAM Storage per tile: 128 KiB
Agreggated SRAM Storage: 128 MiB

Active DRAM Storage per tile: 0.509766 MiB
Total DRAM Storage per tile: 8 MiB
Agreggated DRAM Storage: 8 GiB

Inter-Die #links: 1,024
Inter-Die (Gbits): 32,768
Inter-Die (Gbits/mm): 678.587
Bisection BW of Board (Gbits): 8,192
Border IO #Dies: 4
Border IO Die BW (Gbits): 4,096
Off-Board BW Total (Gbits): 16,384
Off-Board BW Density (Gbits/mm): 223
Die side: 12.07 mm
Die border wire density: 678.59 Gbits/mm
HBM wire density: 339.29 Gbits/mm

Tiles per Die: 1,024 (32x32)
Tile Area: 0.09 mm2, side: 0.30 mm
- Core/Rout Area: 0.05 mm2
- SRAM Area: 0.04 mm2
- SRAM/Logic Ratio: 0.70x

Dies per Package: 1 (1x1)
Die Area: 145.74 mm2, side: 12.07 mm
- Tiles Area: 89.25 mm2
- PHY Area: 47.49 mm2
- MC Area: 9.00 mm2

Packages per Board: 1 (1x1)
Package Area: 335.74 mm2, side: 18.32 mm
- IOdie Area: 80.00 mm2
- Dies Area: 145.74 mm2
- HBM Area: 110.00 mm2

Boards: 1 (1x1)
Board Area: 335.74 mm2
Total Area: 335.74 mm2



ESTIMATED COST OF SILICON AND PACKAGING. ONLY VARIABLE, NO FIXED COSTS
Good dies per wafer 3d: 235
Good dies per wafer 2d: 354
--Dies 3D Cost: 25.73 $
--Dies 2.5D Cost: 17.08 $
--Dies 2D Cost: 17.08 $
--HBM Cost: 60.00 $
--IOdie Cost: 8.44 $
--Packaging Cost 3d: 5.98 $
--Packaging Cost 2.5d: 9.81 $
--Packaging Cost 2d: 3.83 $
SiP Cost 3d: 100.15 $
SiP Cost 2.5d: 95.33 $
SiP Cost 2d: 29.35 $
--Board Cost: 0.34 $
Total SiPs Cost 3d: 100.49 $
Total SiPs Cost 2.5d: 95.66 $
Total SiPs Cost 2d: 29.69 $

Perf counters initialized
Mesh connected
Cache structures initialized
Replicas initialized
Allocated Frontier List
Dataset structures initialized


Starting Simulation
INIT epoch: 1
INIT epoch: 1
INIT epoch: 1
INIT epoch: 1
INIT epoch: 1
INIT epoch: 1
INIT epoch: 1
INIT epoch: 1

===PRINTING FRAME STATS

FCollision In Avg:-nan, SD:-nan, Max:228, Min:4
FCollision Out Avg:-nan, SD:-nan, Max:197, Min:21
FCollision End Avg:-nan, SD:-nan, Max:137, Min:0
FTask1 Avg:-nan, SD:-nan, Max:61, Min:1
FTask2 Avg:-nan, SD:-nan, Max:50, Min:0
FTask3 Avg:-nan, SD:-nan, Max:96, Min:35
FCore Active Avg:-nan, SD:-nan, Max:100, Min:63
FRouter Active Avg:-nan, SD:-nan, Max:70, Min:46
T1 invocations: 529,930
T2 invocations: 309,488
T3 invocations: 4,204,416
T3b invocations: 0
Total3 invocations: 4,204,416
Total4 invocations: 0

T3/T2 ratio: 14
T3b/T3 ratio: 0

T1 avg ex cycles: 46
T2 avg ex cycles: 57
T3&b avg ex cycles: 13
T4 avg ex cycles: -nan
Avg. hops NOC1: 3
Avg. latency NOC1 (T2): 14,075
Avg. hops NOC2: 20
Avg. latency NOC2 (T3): 13,919

===PRINTING ACUM STATS at pu_cycles: 100,234

ACollision In Avg:-nan, SD:-nan, Max:228, Min:4
ACollision Out Avg:-nan, SD:-nan, Max:197, Min:21
ACollision End Avg:-nan, SD:-nan, Max:137, Min:0
ATask1 Avg:-nan, SD:-nan, Max:61, Min:1
ATask2 Avg:-nan, SD:-nan, Max:50, Min:0
ATask3 Avg:-nan, SD:-nan, Max:96, Min:35
ACore Active Avg:-nan, SD:-nan, Max:100, Min:63
ARouter Active Avg:-nan, SD:-nan, Max:70, Min:46
T1 invocations: 529,930
T2 invocations: 309,488
T3 invocations: 4,204,416
T3b invocations: 0
Total3 invocations: 4,204,416
Total4 invocations: 0

T3/T2 ratio: 14
T3b/T3 ratio: 0

T1 avg ex cycles: 46
T2 avg ex cycles: 57
T3&b avg ex cycles: 13
T4 avg ex cycles: -nan
Avg. hops NOC1: 3
Avg. latency NOC1 (T2): 14,075
Avg. hops NOC2: 20
Avg. latency NOC2 (T3): 13,919
Number of K Nodes Processed: 1,115
Number of K Edges Processed: 5,139
Node Re-explore factor: 0.27
Edge Re-explore factor: 0.04
Nodes/cy: 11
Edges/cy: 51
TEPS: 1,280

---DCache---
DCache Size: 28,448
DRAM words: 133,760
  DHits: 11,066,171
  DMisses: 713,463
  DHit Rate (hit/miss): 94%
  DEvictions: 122,017
  DEviction Rate (evict/misses): 17%
  MC Transactions: 786,391
  MC Writes: 67,355
Avg. Transactions: 98% , Writes: 8%, Avg. Latency: 42
Max MC id: 6 of 8. Transactions: 100% , Writes: 8%, MC mean Latency: 40
HBM refresh energy (nJ): 0
HBM access energy (nJ): 1,489,739
MemC wire energy 2.5d (nJ): 474,736
MemC wire energy 3d (nJ): 118,684

---Energy---
Leakage Energy (nJ): 9,344
PU Dyn E (nJ): 355,657
Mem Dyn E (nJ): 2,740,685
Route Dyn E (nJ): 354,733
Dynamic Energy (nJ): 3,451,075
Ratio of Dyn/Leak: 369
Total Energy (nJ): 3,460,419
Total Energy (nJ) 3D: 3,292,115
Cores Energy (nJ): 355,936
Route Energy (nJ): 355,651
Route Energy (nJ) 3D: 543,400
Mem Energy   (nJ): 2,748,832
Mem Energy   (nJ) 3D: 2,392,780
Avg. Power (mW): 34,523.41
Power Density (mW/mm2): 102.83

---Runtime---
Runtime in K cycles: 100.23
Microseconds: 100.23
Time per iteration (ms): 0.10

---Throughput---
GOP/s (aka OPS/ns): 610.97
GOP/s per core: 0.60
FLOP/s: 41.95
FLOP/s per core: 0.04
Max Peak FLOP/s: 1,024.00
Avg. BW GB/s: 2,080.11
Max BW GB/s: 4,096.00

---Traffic---
In-Die bisection_bytes BW (GB/s): 512.00
Inter-board traffic (msg/ns): 0.00, per-link: 0.00
Inter-pack traffic (msg/ns): 0.00, per-link: 0.00
Inter-die traffic (msg/ns): 0.00, per-link: 0.00
Ruche traffic (msg/ns): 0.00, per-link: 0.00
All traffic (msg/ns): 1,996.45, per-link: 1.95
Inter-die reduction wrt all: inf
Inter-board reduction wrt inter-die: -nan

---Data Movement---
All traffic (msg): 200,112,296
Arith. Intensity FLOP/Loads: 0.16
Arith. Intensity FLOP/Msgs: 0.02
Arith. Intensity OPS/Loads: 2.28
Arith. Intensity OPS/Msgs: 0.31



===Core Utilization Total=== CORE-S:1;; TIME K cy:100 ;; Nodes Proc: 133,757 -- Edges Proc: 788,817

===PRINTING FRAME STATS

FCollision In Avg:4, SD:7, Max:128, Min:1
FCollision Out Avg:2, SD:8, Max:154, Min:0
FCollision End Avg:1, SD:4, Max:69, Min:0
FTask1 Avg:58, SD:8, Max:86, Min:2
FTask2 Avg:19, SD:6, Max:59, Min:0
FTask3 Avg:22, SD:6, Max:74, Min:7
FCore Active Avg:99, SD:2, Max:100, Min:79
FRouter Active Avg:51, SD:3, Max:66, Min:43
T1 invocations: 1,396,301
T2 invocations: 666,136
T3 invocations: 3,410,514
T3b invocations: 0
Total3 invocations: 3,410,514
Total4 invocations: 0

T3/T2 ratio: 5
T3b/T3 ratio: 0

T1 avg ex cycles: 43
T2 avg ex cycles: 30
T3&b avg ex cycles: 7
T4 avg ex cycles: -nan
Avg. hops NOC1: 3
Avg. latency NOC1 (T2): 517
Avg. hops NOC2: 19
Avg. latency NOC2 (T3): 28,852

===PRINTING ACUM STATS at pu_cycles: 200,224

ACollision In Avg:49, SD:19, Max:129, Min:2
ACollision Out Avg:52, SD:22, Max:154, Min:11
ACollision End Avg:10, SD:15, Max:88, Min:0
ATask1 Avg:41, SD:7, Max:63, Min:3
ATask2 Avg:18, SD:6, Max:44, Min:0
ATask3 Avg:38, SD:6, Max:85, Min:27
ACore Active Avg:97, SD:4, Max:100, Min:77
ARouter Active Avg:54, SD:3, Max:62, Min:46
T1 invocations: 1,933,057
T2 invocations: 980,770
T3 invocations: 7,683,653
T3b invocations: 0
Total3 invocations: 7,683,653
Total4 invocations: 0

T3/T2 ratio: 8
T3b/T3 ratio: 0

T1 avg ex cycles: 44
T2 avg ex cycles: 39
T3&b avg ex cycles: 10
T4 avg ex cycles: -nan
Avg. hops NOC1: 3
Avg. latency NOC1 (T2): 4,884
Avg. hops NOC2: 20
Avg. latency NOC2 (T3): 20,505
Number of K Nodes Processed: 1,520
Number of K Edges Processed: 8,868
Node Re-explore factor: 0.36
Edge Re-explore factor: 0.07
Nodes/cy: 8
Edges/cy: 44
TEPS: 641

---DCache---
DCache Size: 28,448
DRAM words: 133,760
  DHits: 22,174,923
  DMisses: 1,318,477
  DHit Rate (hit/miss): 94%
  DEvictions: 388,206
  DEviction Rate (evict/misses): 29%
  MC Transactions: 1,473,933
  MC Writes: 145,294
Avg. Transactions: 92% , Writes: 9%, Avg. Latency: 31
Max MC id: 4 of 8. Transactions: 93% , Writes: 9%, MC mean Latency: 30
HBM refresh energy (nJ): 0
HBM access energy (nJ): 2,792,218
MemC wire energy 2.5d (nJ): 889,798
MemC wire energy 3d (nJ): 222,450

---Energy---
Leakage Energy (nJ): 18,666
PU Dyn E (nJ): 824,876
Mem Dyn E (nJ): 5,199,636
Route Dyn E (nJ): 625,636
Dynamic Energy (nJ): 6,650,149
Ratio of Dyn/Leak: 356
Total Energy (nJ): 6,668,815
Total Energy (nJ) 3D: 6,332,594
Cores Energy (nJ): 825,434
Route Energy (nJ): 627,471
Route Energy (nJ) 3D: 958,599
Mem Energy   (nJ): 5,215,910
Mem Energy   (nJ) 3D: 4,548,561
Avg. Power (mW): 33,306.77
Power Density (mW/mm2): 99.21

---Runtime---
Runtime in K cycles: 200.22
Microseconds: 200.22
Time per iteration (ms): 0.20

---Throughput---
GOP/s (aka OPS/ns): 750.69
GOP/s per core: 0.73
FLOP/s: 38.38
FLOP/s per core: 0.04
Max Peak FLOP/s: 1,024.00
Avg. BW GB/s: 2,037.60
Max BW GB/s: 4,096.00

---Traffic---
In-Die bisection_bytes BW (GB/s): 512.00
Inter-board traffic (msg/ns): 0.00, per-link: 0.00
Inter-pack traffic (msg/ns): 0.00, per-link: 0.00
Inter-die traffic (msg/ns): 0.00, per-link: 0.00
Ruche traffic (msg/ns): 0.00, per-link: 0.00
All traffic (msg/ns): 1,786.23, per-link: 1.74
Inter-die reduction wrt all: inf
Inter-board reduction wrt inter-die: -nan

---Data Movement---
All traffic (msg): 357,646,849
Arith. Intensity FLOP/Loads: 0.14
Arith. Intensity FLOP/Msgs: 0.02
Arith. Intensity OPS/Loads: 2.73
Arith. Intensity OPS/Msgs: 0.42



===Core Utilization Total=== CORE-S:2;; TIME K cy:200 ;; Nodes Proc: 188,892 -- Edges Proc: 1,236,280

===PRINTING FRAME STATS

FCollision In Avg:7, SD:10, Max:63, Min:1
FCollision Out Avg:6, SD:11, Max:66, Min:0
FCollision End Avg:3, SD:8, Max:60, Min:0
FTask1 Avg:53, SD:8, Max:69, Min:3
FTask2 Avg:19, SD:7, Max:63, Min:0
FTask3 Avg:26, SD:5, Max:63, Min:14
FCore Active Avg:99, SD:4, Max:100, Min:63
FRouter Active Avg:50, SD:4, Max:65, Min:39
T1 invocations: 1,270,327
T2 invocations: 577,360
T3 invocations: 4,068,389
T3b invocations: 0
Total3 invocations: 4,068,389
Total4 invocations: 234

T3/T2 ratio: 7
T3b/T3 ratio: 0

T1 avg ex cycles: 43
T2 avg ex cycles: 33
T3&b avg ex cycles: 7
T4 avg ex cycles: 592
Avg. hops NOC1: 3
Avg. latency NOC1 (T2): 405
Avg. hops NOC2: 15
Avg. latency NOC2 (T3): 30,828

===PRINTING ACUM STATS at pu_cycles: 300,898

ACollision In Avg:35, SD:13, Max:87, Min:2
ACollision Out Avg:37, SD:15, Max:90, Min:7
ACollision End Avg:8, SD:11, Max:59, Min:0
ATask1 Avg:45, SD:5, Max:53, Min:3
ATask2 Avg:19, SD:5, Max:46, Min:0
ATask3 Avg:34, SD:5, Max:77, Min:25
ACore Active Avg:98, SD:3, Max:100, Min:82
ARouter Active Avg:52, SD:2, Max:63, Min:45
T1 invocations: 3,200,600
T2 invocations: 1,556,785
T3 invocations: 11,746,633
T3b invocations: 0
Total3 invocations: 11,746,633
Total4 invocations: 234

T3/T2 ratio: 8
T3b/T3 ratio: 0

T1 avg ex cycles: 43
T2 avg ex cycles: 37
T3&b avg ex cycles: 9
T4 avg ex cycles: 592
Avg. hops NOC1: 3
Avg. latency NOC1 (T2): 3,227
Avg. hops NOC2: 18
Avg. latency NOC2 (T3): 24,072
Number of K Nodes Processed: 2,076
Number of K Edges Processed: 12,543
Node Re-explore factor: 0.49
Edge Re-explore factor: 0.10
Nodes/cy: 7
Edges/cy: 42
TEPS: 426

---DCache---
DCache Size: 28,448
DRAM words: 133,760
  DHits: 33,602,154
  DMisses: 1,907,002
  DHit Rate (hit/miss): 95%
  DEvictions: 740,499
  DEviction Rate (evict/misses): 39%
  MC Transactions: 2,144,754
  MC Writes: 223,564
Avg. Transactions: 89% , Writes: 9%, Avg. Latency: 28
Max MC id: 5 of 8. Transactions: 90% , Writes: 10%, MC mean Latency: 27
HBM refresh energy (nJ): 0
HBM access energy (nJ): 4,063,021
MemC wire energy 2.5d (nJ): 1,294,766
MemC wire energy 3d (nJ): 323,692

---Energy---
Leakage Energy (nJ): 28,051
PU Dyn E (nJ): 1,294,827
Mem Dyn E (nJ): 7,638,916
Route Dyn E (nJ): 880,738
Dynamic Energy (nJ): 9,814,481
Ratio of Dyn/Leak: 350
Total Energy (nJ): 9,842,532
Total Energy (nJ) 3D: 9,337,602
Cores Energy (nJ): 1,295,665
Route Energy (nJ): 883,495
Route Energy (nJ) 3D: 1,349,640
Mem Energy   (nJ): 7,663,373
Mem Energy   (nJ) 3D: 6,692,298
Avg. Power (mW): 32,710.53
Power Density (mW/mm2): 97.43

---Runtime---
Runtime in K cycles: 300.90
Microseconds: 300.90
Time per iteration (ms): 0.30

---Throughput---
GOP/s (aka OPS/ns): 788.29
GOP/s per core: 0.77
FLOP/s: 39.04
FLOP/s per core: 0.04
Max Peak FLOP/s: 1,024.00
Avg. BW GB/s: 2,039.08
Max BW GB/s: 4,096.00

---Traffic---
In-Die bisection_bytes BW (GB/s): 512.00
Inter-board traffic (msg/ns): 0.00, per-link: 0.00
Inter-pack traffic (msg/ns): 0.00, per-link: 0.00
Inter-die traffic (msg/ns): 0.00, per-link: 0.00
Ruche traffic (msg/ns): 0.00, per-link: 0.00
All traffic (msg/ns): 1,688.84, per-link: 1.65
Inter-die reduction wrt all: inf
Inter-board reduction wrt inter-die: -nan

---Data Movement---
All traffic (msg): 508,168,981
Arith. Intensity FLOP/Loads: 0.14
Arith. Intensity FLOP/Msgs: 0.02
Arith. Intensity OPS/Loads: 2.82
Arith. Intensity OPS/Msgs: 0.47



===Core Utilization Total=== CORE-S:3;; TIME K cy:300 ;; Nodes Proc: 259,390 -- Edges Proc: 1,716,891

===PRINTING FRAME STATS

FCollision In Avg:71, SD:33, Max:211, Min:2
FCollision Out Avg:73, SD:42, Max:214, Min:0
FCollision End Avg:25, SD:33, Max:155, Min:0
FTask1 Avg:6, SD:6, Max:61, Min:0
FTask2 Avg:20, SD:16, Max:67, Min:0
FTask3 Avg:62, SD:11, Max:99, Min:21
FCore Active Avg:88, SD:14, Max:100, Min:41
FRouter Active Avg:82, SD:4, Max:90, Min:48
T1 invocations: 138,446
T2 invocations: 180,922
T3 invocations: 8,528,321
T3b invocations: 0
Total3 invocations: 8,528,321
Total4 invocations: 718

T3/T2 ratio: 47
T3b/T3 ratio: 0

T1 avg ex cycles: 44
T2 avg ex cycles: 115
T3&b avg ex cycles: 7
T4 avg ex cycles: 584
Avg. hops NOC1: 3
Avg. latency NOC1 (T2): 18,688
Avg. hops NOC2: 17
Avg. latency NOC2 (T3): 7,842

===PRINTING ACUM STATS at pu_cycles: 400,562

ACollision In Avg:44, SD:14, Max:104, Min:7
ACollision Out Avg:46, SD:18, Max:101, Min:13
ACollision End Avg:12, SD:13, Max:56, Min:0
ATask1 Avg:35, SD:3, Max:49, Min:2
ATask2 Avg:19, SD:6, Max:41, Min:0
ATask3 Avg:41, SD:6, Max:79, Min:27
ACore Active Avg:96, SD:5, Max:100, Min:73
ARouter Active Avg:60, SD:2, Max:69, Min:48
T1 invocations: 3,337,741
T2 invocations: 1,737,486
T3 invocations: 20,284,391
T3b invocations: 0
Total3 invocations: 20,284,391
Total4 invocations: 956

T3/T2 ratio: 12
T3b/T3 ratio: 0

T1 avg ex cycles: 43
T2 avg ex cycles: 45
T3&b avg ex cycles: 8
T4 avg ex cycles: 586
Avg. hops NOC1: 3
Avg. latency NOC1 (T2): 4,842
Avg. hops NOC2: 17
Avg. latency NOC2 (T3): 17,236
Number of K Nodes Processed: 3,777
Number of K Edges Processed: 20,858
Node Re-explore factor: 0.90
Edge Re-explore factor: 0.16
Nodes/cy: 9
Edges/cy: 52
TEPS: 320

---DCache---
DCache Size: 28,448
DRAM words: 133,760
  DHits: 49,585,721
  DMisses: 2,559,485
  DHit Rate (hit/miss): 95%
  DEvictions: 1,226,015
  DEviction Rate (evict/misses): 48%
  MC Transactions: 2,930,353
  MC Writes: 349,541
Avg. Transactions: 91% , Writes: 11%, Avg. Latency: 25
Max MC id: 5 of 8. Transactions: 94% , Writes: 12%, MC mean Latency: 24
HBM refresh energy (nJ): 1
HBM access energy (nJ): 5,551,260
MemC wire energy 2.5d (nJ): 1,769,024
MemC wire energy 3d (nJ): 442,256

---Energy---
Leakage Energy (nJ): 37,343
PU Dyn E (nJ): 1,787,408
Mem Dyn E (nJ): 10,829,779
Route Dyn E (nJ): 1,454,195
Dynamic Energy (nJ): 14,071,382
Ratio of Dyn/Leak: 377
Total Energy (nJ): 14,108,725
Total Energy (nJ) 3D: 13,551,613
Cores Energy (nJ): 1,788,523
Route Energy (nJ): 1,457,866
Route Energy (nJ) 3D: 2,227,522
Mem Energy   (nJ): 10,862,336
Mem Energy   (nJ) 3D: 9,535,568
Avg. Power (mW): 35,222.32
Power Density (mW/mm2): 104.91

---Runtime---
Runtime in K cycles: 400.56
Microseconds: 400.56
Time per iteration (ms): 0.40

---Throughput---
GOP/s (aka OPS/ns): 776.79
GOP/s per core: 0.76
FLOP/s: 50.64
FLOP/s per core: 0.05
Max Peak FLOP/s: 1,024.00
Avg. BW GB/s: 2,371.30
Max BW GB/s: 4,096.00

---Traffic---
In-Die bisection_bytes BW (GB/s): 512.00
Inter-board traffic (msg/ns): 0.00, per-link: 0.00
Inter-pack traffic (msg/ns): 0.00, per-link: 0.00
Inter-die traffic (msg/ns): 0.00, per-link: 0.00
Ruche traffic (msg/ns): 0.00, per-link: 0.00
All traffic (msg/ns): 2,042.54, per-link: 1.99
Inter-die reduction wrt all: inf
Inter-board reduction wrt inter-die: -nan

---Data Movement---
All traffic (msg): 818,164,117
Arith. Intensity FLOP/Loads: 0.16
Arith. Intensity FLOP/Msgs: 0.02
Arith. Intensity OPS/Loads: 2.47
Arith. Intensity OPS/Msgs: 0.38



===Core Utilization Total=== CORE-S:4;; TIME K cy:400 ;; Nodes Proc: 471,564 -- Edges Proc: 2,739,703

===PRINTING FRAME STATS

FCollision In Avg:98, SD:30, Max:221, Min:11
FCollision Out Avg:96, SD:45, Max:257, Min:12
FCollision End Avg:30, SD:37, Max:196, Min:0
FTask1 Avg:4, SD:4, Max:43, Min:0
FTask2 Avg:23, SD:16, Max:58, Min:0
FTask3 Avg:55, SD:8, Max:92, Min:34
FCore Active Avg:83, SD:16, Max:100, Min:38
FRouter Active Avg:87, SD:3, Max:94, Min:79
T1 invocations: 96,593
T2 invocations: 190,436
T3 invocations: 9,742,687
T3b invocations: 0
Total3 invocations: 9,742,687
Total4 invocations: 738

T3/T2 ratio: 51
T3b/T3 ratio: 0

T1 avg ex cycles: 42
T2 avg ex cycles: 124
T3&b avg ex cycles: 6
T4 avg ex cycles: 573
Avg. hops NOC1: 2
Avg. latency NOC1 (T2): 28,192
Avg. hops NOC2: 17
Avg. latency NOC2 (T3): 5,057

===PRINTING ACUM STATS at pu_cycles: 500,944

ACollision In Avg:55, SD:15, Max:123, Min:11
ACollision Out Avg:56, SD:20, Max:127, Min:14
ACollision End Avg:16, SD:15, Max:65, Min:0
ATask1 Avg:29, SD:3, Max:34, Min:4
ATask2 Avg:20, SD:7, Max:41, Min:1
ATask3 Avg:44, SD:6, Max:79, Min:31
ACore Active Avg:93, SD:6, Max:100, Min:66
ARouter Active Avg:65, SD:2, Max:72, Min:58
T1 invocations: 3,434,565
T2 invocations: 1,928,392
T3 invocations: 30,046,164
T3b invocations: 0
Total3 invocations: 30,046,164
Total4 invocations: 1,699

T3/T2 ratio: 16
T3b/T3 ratio: 0

T1 avg ex cycles: 43
T2 avg ex cycles: 53
T3&b avg ex cycles: 7
T4 avg ex cycles: 580
Avg. hops NOC1: 3
Avg. latency NOC1 (T2): 7,149
Avg. hops NOC2: 17
Avg. latency NOC2 (T3): 13,282
Number of K Nodes Processed: 4,321
Number of K Edges Processed: 30,514
Node Re-explore factor: 1.03
Edge Re-explore factor: 0.24
Nodes/cy: 9
Edges/cy: 61
TEPS: 256

---DCache---
DCache Size: 28,448
DRAM words: 133,760
  DHits: 66,382,575
  DMisses: 3,287,082
  DHit Rate (hit/miss): 95%
  DEvictions: 1,817,961
  DEviction Rate (evict/misses): 55%
  MC Transactions: 3,799,184
  MC Writes: 481,778
Avg. Transactions: 95% , Writes: 12%, Avg. Latency: 23
Max MC id: 4 of 8. Transactions: 97% , Writes: 12%, MC mean Latency: 22
HBM refresh energy (nJ): 1
HBM access energy (nJ): 7,197,174
MemC wire energy 2.5d (nJ): 2,293,529
MemC wire energy 3d (nJ): 573,382

---Energy---
Leakage Energy (nJ): 46,701
PU Dyn E (nJ): 2,280,439
Mem Dyn E (nJ): 14,245,547
Route Dyn E (nJ): 2,116,969
Dynamic Energy (nJ): 18,642,956
Ratio of Dyn/Leak: 399
Total Energy (nJ): 18,689,657
Total Energy (nJ) 3D: 18,089,950
Cores Energy (nJ): 2,281,834
Route Energy (nJ): 2,121,560
Route Energy (nJ) 3D: 3,242,000
Mem Energy   (nJ): 14,286,264
Mem Energy   (nJ) 3D: 12,566,117
Avg. Power (mW): 37,308.87
Power Density (mW/mm2): 111.13

---Runtime---
Runtime in K cycles: 500.94
Microseconds: 500.94
Time per iteration (ms): 0.50

---Throughput---
GOP/s (aka OPS/ns): 759.20
GOP/s per core: 0.74
FLOP/s: 59.98
FLOP/s per core: 0.06
Max Peak FLOP/s: 1,024.00
Avg. BW GB/s: 2,571.73
Max BW GB/s: 4,096.00

---Traffic---
In-Die bisection_bytes BW (GB/s): 512.00
Inter-board traffic (msg/ns): 0.00, per-link: 0.00
Inter-pack traffic (msg/ns): 0.00, per-link: 0.00
Inter-die traffic (msg/ns): 0.00, per-link: 0.00
Ruche traffic (msg/ns): 0.00, per-link: 0.00
All traffic (msg/ns): 2,345.34, per-link: 2.29
Inter-die reduction wrt all: inf
Inter-board reduction wrt inter-die: -nan

---Data Movement---
All traffic (msg): 1,174,884,981
Arith. Intensity FLOP/Loads: 0.18
Arith. Intensity FLOP/Msgs: 0.03
Arith. Intensity OPS/Loads: 2.26
Arith. Intensity OPS/Msgs: 0.32



===Core Utilization Total=== CORE-S:5;; TIME K cy:500 ;; Nodes Proc: 539,356 -- Edges Proc: 3,908,019

===PRINTING FRAME STATS

FCollision In Avg:101, SD:27, Max:221, Min:18
FCollision Out Avg:98, SD:43, Max:255, Min:12
FCollision End Avg:29, SD:35, Max:199, Min:0
FTask1 Avg:4, SD:4, Max:30, Min:0
FTask2 Avg:24, SD:15, Max:58, Min:0
FTask3 Avg:53, SD:8, Max:100, Min:35
FCore Active Avg:81, SD:16, Max:100, Min:39
FRouter Active Avg:88, SD:2, Max:93, Min:80
T1 invocations: 98,897
T2 invocations: 203,762
T3 invocations: 9,957,391
T3b invocations: 0
Total3 invocations: 9,957,391
Total4 invocations: 982

T3/T2 ratio: 49
T3b/T3 ratio: 0

T1 avg ex cycles: 40
T2 avg ex cycles: 119
T3&b avg ex cycles: 5
T4 avg ex cycles: 572
Avg. hops NOC1: 2
Avg. latency NOC1 (T2): 26,543
Avg. hops NOC2: 17
Avg. latency NOC2 (T3): 4,107

===PRINTING ACUM STATS at pu_cycles: 601,092

ACollision In Avg:63, SD:14, Max:136, Min:12
ACollision Out Avg:63, SD:22, Max:140, Min:19
ACollision End Avg:18, SD:16, Max:82, Min:0
ATask1 Avg:25, SD:2, Max:32, Min:5
ATask2 Avg:21, SD:8, Max:41, Min:1
ATask3 Avg:45, SD:6, Max:79, Min:32
ACore Active Avg:91, SD:7, Max:100, Min:62
ARouter Active Avg:69, SD:2, Max:75, Min:62
T1 invocations: 3,533,462
T2 invocations: 2,132,154
T3 invocations: 40,003,555
T3b invocations: 0
Total3 invocations: 40,003,555
Total4 invocations: 2,681

T3/T2 ratio: 19
T3b/T3 ratio: 0

T1 avg ex cycles: 43
T2 avg ex cycles: 59
T3&b avg ex cycles: 7
T4 avg ex cycles: 577
Avg. hops NOC1: 3
Avg. latency NOC1 (T2): 9,003
Avg. hops NOC2: 17
Avg. latency NOC2 (T3): 10,998
Number of K Nodes Processed: 4,601
Number of K Edges Processed: 40,436
Node Re-explore factor: 1.10
Edge Re-explore factor: 0.32
Nodes/cy: 8
Edges/cy: 67
TEPS: 213

---DCache---
DCache Size: 28,448
DRAM words: 133,760
  DHits: 83,324,611
  DMisses: 4,029,286
  DHit Rate (hit/miss): 95%
  DEvictions: 2,467,016
  DEviction Rate (evict/misses): 61%
  MC Transactions: 4,673,564
  MC Writes: 605,256
Avg. Transactions: 97% , Writes: 13%, Avg. Latency: 22
Max MC id: 4 of 8. Transactions: 99% , Writes: 13%, MC mean Latency: 21
HBM refresh energy (nJ): 1
HBM access energy (nJ): 8,853,599
MemC wire energy 2.5d (nJ): 2,821,383
MemC wire energy 3d (nJ): 705,346

---Energy---
Leakage Energy (nJ): 56,037
PU Dyn E (nJ): 2,772,276
Mem Dyn E (nJ): 17,673,237
Route Dyn E (nJ): 2,798,784
Dynamic Energy (nJ): 23,244,297
Ratio of Dyn/Leak: 415
Total Energy (nJ): 23,300,334
Total Energy (nJ) 3D: 22,665,598
Cores Energy (nJ): 2,773,949
Route Energy (nJ): 2,804,292
Route Energy (nJ) 3D: 4,285,594
Mem Energy   (nJ): 17,722,093
Mem Energy   (nJ) 3D: 15,606,056
Avg. Power (mW): 38,763.34
Power Density (mW/mm2): 115.46

---Runtime---
Runtime in K cycles: 601.09
Microseconds: 601.09
Time per iteration (ms): 0.60

---Throughput---
GOP/s (aka OPS/ns): 746.03
GOP/s per core: 0.73
FLOP/s: 66.55
FLOP/s per core: 0.06
Max Peak FLOP/s: 1,024.00
Avg. BW GB/s: 2,704.25
Max BW GB/s: 4,096.00

---Traffic---
In-Die bisection_bytes BW (GB/s): 512.00
Inter-board traffic (msg/ns): 0.00, per-link: 0.00
Inter-pack traffic (msg/ns): 0.00, per-link: 0.00
Inter-die traffic (msg/ns): 0.00, per-link: 0.00
Ruche traffic (msg/ns): 0.00, per-link: 0.00
All traffic (msg/ns): 2,563.78, per-link: 2.50
Inter-die reduction wrt all: inf
Inter-board reduction wrt inter-die: -nan

---Data Movement---
All traffic (msg): 1,541,065,915
Arith. Intensity FLOP/Loads: 0.19
Arith. Intensity FLOP/Msgs: 0.03
Arith. Intensity OPS/Loads: 2.13
Arith. Intensity OPS/Msgs: 0.29



===Core Utilization Total=== CORE-S:6;; TIME K cy:600 ;; Nodes Proc: 574,022 -- Edges Proc: 5,137,073

===PRINTING FRAME STATS

FCollision In Avg:94, SD:29, Max:220, Min:10
FCollision Out Avg:86, SD:44, Max:235, Min:6
FCollision End Avg:28, SD:35, Max:199, Min:0
FTask1 Avg:4, SD:4, Max:25, Min:0
FTask2 Avg:25, SD:16, Max:66, Min:0
FTask3 Avg:53, SD:9, Max:98, Min:31
FCore Active Avg:82, SD:16, Max:100, Min:37
FRouter Active Avg:89, SD:2, Max:94, Min:80
T1 invocations: 112,154
T2 invocations: 222,832
T3 invocations: 9,971,607
T3b invocations: 0
Total3 invocations: 9,971,607
Total4 invocations: 1,315

T3/T2 ratio: 45
T3b/T3 ratio: 0

T1 avg ex cycles: 39
T2 avg ex cycles: 113
T3&b avg ex cycles: 5
T4 avg ex cycles: 568
Avg. hops NOC1: 2
Avg. latency NOC1 (T2): 23,133
Avg. hops NOC2: 17
Avg. latency NOC2 (T3): 4,247

===PRINTING ACUM STATS at pu_cycles: 700,673

ACollision In Avg:67, SD:14, Max:142, Min:12
ACollision Out Avg:66, SD:22, Max:142, Min:19
ACollision End Avg:19, SD:16, Max:93, Min:0
ATask1 Avg:22, SD:2, Max:29, Min:6
ATask2 Avg:21, SD:8, Max:42, Min:1
ATask3 Avg:46, SD:6, Max:81, Min:33
ACore Active Avg:90, SD:8, Max:100, Min:58
ARouter Active Avg:72, SD:2, Max:78, Min:66
T1 invocations: 3,644,694
T2 invocations: 2,351,879
T3 invocations: 49,873,422
T3b invocations: 0
Total3 invocations: 49,873,422
Total4 invocations: 3,986

T3/T2 ratio: 21
T3b/T3 ratio: 0

T1 avg ex cycles: 43
T2 avg ex cycles: 64
T3&b avg ex cycles: 7
T4 avg ex cycles: 574
Avg. hops NOC1: 3
Avg. latency NOC1 (T2): 10,320
Avg. hops NOC2: 17
Avg. latency NOC2 (T3): 9,662
Number of K Nodes Processed: 4,788
Number of K Edges Processed: 50,479
Node Re-explore factor: 1.14
Edge Re-explore factor: 0.39
Nodes/cy: 7
Edges/cy: 72
TEPS: 183

---DCache---
DCache Size: 28,448
DRAM words: 133,760
  DHits: 100,411,186
  DMisses: 4,778,980
  DHit Rate (hit/miss): 95%
  DEvictions: 3,155,420
  DEviction Rate (evict/misses): 66%
  MC Transactions: 5,549,720
  MC Writes: 723,522
Avg. Transactions: 99% , Writes: 13%, Avg. Latency: 21
Max MC id: 3 of 8. Transactions: 100% , Writes: 13%, MC mean Latency: 22
HBM refresh energy (nJ): 2
HBM access energy (nJ): 10,513,389
MemC wire energy 2.5d (nJ): 3,350,309
MemC wire energy 3d (nJ): 837,577

---Energy---
Leakage Energy (nJ): 65,320
PU Dyn E (nJ): 3,259,521
Mem Dyn E (nJ): 21,097,133
Route Dyn E (nJ): 3,489,067
Dynamic Energy (nJ): 27,845,722
Ratio of Dyn/Leak: 426
Total Energy (nJ): 27,911,042
Total Energy (nJ) 3D: 27,244,954
Cores Energy (nJ): 3,261,472
Route Energy (nJ): 3,495,487
Route Energy (nJ) 3D: 5,342,131
Mem Energy   (nJ): 21,154,084
Mem Energy   (nJ) 3D: 18,641,352
Avg. Power (mW): 39,834.62
Power Density (mW/mm2): 118.65

---Runtime---
Runtime in K cycles: 700.67
Microseconds: 700.67
Time per iteration (ms): 0.70

---Throughput---
GOP/s (aka OPS/ns): 736.28
GOP/s per core: 0.72
FLOP/s: 71.18
FLOP/s per core: 0.07
Max Peak FLOP/s: 1,024.00
Avg. BW GB/s: 2,796.56
Max BW GB/s: 4,096.00

---Traffic---
In-Die bisection_bytes BW (GB/s): 512.00
Inter-board traffic (msg/ns): 0.00, per-link: 0.00
Inter-pack traffic (msg/ns): 0.00, per-link: 0.00
Inter-die traffic (msg/ns): 0.00, per-link: 0.00
Ruche traffic (msg/ns): 0.00, per-link: 0.00
All traffic (msg/ns): 2,727.54, per-link: 2.66
Inter-die reduction wrt all: inf
Inter-board reduction wrt inter-die: -nan

---Data Movement---
All traffic (msg): 1,911,112,529
Arith. Intensity FLOP/Loads: 0.20
Arith. Intensity FLOP/Msgs: 0.03
Arith. Intensity OPS/Loads: 2.05
Arith. Intensity OPS/Msgs: 0.27



===Core Utilization Total=== CORE-S:7;; TIME K cy:700 ;; Nodes Proc: 597,185 -- Edges Proc: 6,401,382

===PRINTING FRAME STATS

FCollision In Avg:84, SD:30, Max:213, Min:8
FCollision Out Avg:80, SD:43, Max:262, Min:5
FCollision End Avg:25, SD:34, Max:200, Min:0
FTask1 Avg:5, SD:5, Max:32, Min:0
FTask2 Avg:25, SD:16, Max:63, Min:0
FTask3 Avg:52, SD:9, Max:100, Min:32
FCore Active Avg:83, SD:17, Max:100, Min:35
FRouter Active Avg:87, SD:3, Max:92, Min:78
T1 invocations: 127,046
T2 invocations: 232,380
T3 invocations: 9,639,822
T3b invocations: 0
Total3 invocations: 9,639,822
Total4 invocations: 1,665

T3/T2 ratio: 41
T3b/T3 ratio: 0

T1 avg ex cycles: 39
T2 avg ex cycles: 112
T3&b avg ex cycles: 6
T4 avg ex cycles: 565
Avg. hops NOC1: 2
Avg. latency NOC1 (T2): 20,277
Avg. hops NOC2: 17
Avg. latency NOC2 (T3): 5,089

===PRINTING ACUM STATS at pu_cycles: 800,783

ACollision In Avg:69, SD:15, Max:144, Min:14
ACollision Out Avg:68, SD:23, Max:139, Min:18
ACollision End Avg:20, SD:16, Max:88, Min:0
ATask1 Avg:20, SD:2, Max:28, Min:5
ATask2 Avg:22, SD:8, Max:42, Min:1
ATask3 Avg:47, SD:7, Max:83, Min:34
ACore Active Avg:89, SD:8, Max:100, Min:55
ARouter Active Avg:74, SD:1, Max:79, Min:68
T1 invocations: 3,771,979
T2 invocations: 2,584,933
T3 invocations: 59,536,214
T3b invocations: 0
Total3 invocations: 59,536,214
Total4 invocations: 5,661

T3/T2 ratio: 23
T3b/T3 ratio: 0

T1 avg ex cycles: 43
T2 avg ex cycles: 68
T3&b avg ex cycles: 6
T4 avg ex cycles: 572
Avg. hops NOC1: 2
Avg. latency NOC1 (T2): 11,222
Avg. hops NOC2: 17
Avg. latency NOC2 (T3): 8,919
Number of K Nodes Processed: 4,923
Number of K Edges Processed: 60,105
Node Re-explore factor: 1.17
Edge Re-explore factor: 0.47
Nodes/cy: 6
Edges/cy: 75
TEPS: 160

---DCache---
DCache Size: 28,448
DRAM words: 133,760
  DHits: 116,931,614
  DMisses: 5,501,159
  DHit Rate (hit/miss): 96%
  DEvictions: 3,836,904
  DEviction Rate (evict/misses): 70%
  MC Transactions: 6,389,692
  MC Writes: 833,363
Avg. Transactions: 100% , Writes: 13%, Avg. Latency: 21
Max MC id: 2 of 8. Transactions: 100% , Writes: 13%, MC mean Latency: 21
HBM refresh energy (nJ): 2
HBM access energy (nJ): 12,104,632
MemC wire energy 2.5d (nJ): 3,857,392
MemC wire energy 3d (nJ): 964,348

---Energy---
Leakage Energy (nJ): 74,653
PU Dyn E (nJ): 3,738,124
Mem Dyn E (nJ): 24,397,311
Route Dyn E (nJ): 4,156,953
Dynamic Energy (nJ): 32,292,388
Ratio of Dyn/Leak: 433
Total Energy (nJ): 32,367,041
Total Energy (nJ) 3D: 31,674,131
Cores Energy (nJ): 3,740,353
Route Energy (nJ): 4,164,291
Route Energy (nJ) 3D: 6,364,425
Mem Energy   (nJ): 24,462,398
Mem Energy   (nJ) 3D: 21,569,354
Avg. Power (mW): 40,419.24
Power Density (mW/mm2): 120.39

---Runtime---
Runtime in K cycles: 800.78
Microseconds: 800.78
Time per iteration (ms): 0.80

---Throughput---
GOP/s (aka OPS/ns): 727.14
GOP/s per core: 0.71
FLOP/s: 74.35
FLOP/s per core: 0.07
Max Peak FLOP/s: 1,024.00
Avg. BW GB/s: 2,853.33
Max BW GB/s: 4,096.00

---Traffic---
In-Die bisection_bytes BW (GB/s): 512.00
Inter-board traffic (msg/ns): 0.00, per-link: 0.00
Inter-pack traffic (msg/ns): 0.00, per-link: 0.00
Inter-die traffic (msg/ns): 0.00, per-link: 0.00
Ruche traffic (msg/ns): 0.00, per-link: 0.00
All traffic (msg/ns): 2,833.71, per-link: 2.77
Inter-die reduction wrt all: inf
Inter-board reduction wrt inter-die: -nan

---Data Movement---
All traffic (msg): 2,269,184,890
Arith. Intensity FLOP/Loads: 0.20
Arith. Intensity FLOP/Msgs: 0.03
Arith. Intensity OPS/Loads: 1.99
Arith. Intensity OPS/Msgs: 0.26



===Core Utilization Total=== CORE-S:8;; TIME K cy:800 ;; Nodes Proc: 614,004 -- Edges Proc: 7,582,384

===PRINTING FRAME STATS

FCollision In Avg:81, SD:29, Max:222, Min:11
FCollision Out Avg:79, SD:41, Max:215, Min:11
FCollision End Avg:24, SD:33, Max:199, Min:0
FTask1 Avg:5, SD:5, Max:32, Min:0
FTask2 Avg:27, SD:16, Max:62, Min:0
FTask3 Avg:51, SD:9, Max:99, Min:30
FCore Active Avg:84, SD:17, Max:100, Min:35
FRouter Active Avg:85, SD:3, Max:91, Min:76
T1 invocations: 133,782
T2 invocations: 238,783
T3 invocations: 9,262,848
T3b invocations: 0
Total3 invocations: 9,262,848
Total4 invocations: 1,980

T3/T2 ratio: 39
T3b/T3 ratio: 0

T1 avg ex cycles: 41
T2 avg ex cycles: 116
T3&b avg ex cycles: 6
T4 avg ex cycles: 521
Avg. hops NOC1: 2
Avg. latency NOC1 (T2): 18,871
Avg. hops NOC2: 17
Avg. latency NOC2 (T3): 5,276

===PRINTING ACUM STATS at pu_cycles: 900,759

ACollision In Avg:70, SD:15, Max:139, Min:15
ACollision Out Avg:69, SD:22, Max:137, Min:21
ACollision End Avg:20, SD:15, Max:80, Min:0
ATask1 Avg:18, SD:2, Max:26, Min:5
ATask2 Avg:22, SD:8, Max:43, Min:1
ATask3 Avg:48, SD:7, Max:85, Min:34
ACore Active Avg:88, SD:8, Max:100, Min:53
ARouter Active Avg:75, SD:1, Max:80, Min:70
T1 invocations: 3,906,187
T2 invocations: 2,824,025
T3 invocations: 68,821,969
T3b invocations: 0
Total3 invocations: 68,821,969
Total4 invocations: 7,651

T3/T2 ratio: 24
T3b/T3 ratio: 0

T1 avg ex cycles: 43
T2 avg ex cycles: 72
T3&b avg ex cycles: 6
T4 avg ex cycles: 559
Avg. hops NOC1: 2
Avg. latency NOC1 (T2): 11,865
Avg. hops NOC2: 17
Avg. latency NOC2 (T3): 8,426
Number of K Nodes Processed: 5,027
Number of K Edges Processed: 69,484
Node Re-explore factor: 1.20
Edge Re-explore factor: 0.54
Nodes/cy: 6
Edges/cy: 77
TEPS: 142

---DCache---
DCache Size: 28,448
DRAM words: 133,760
  DHits: 133,083,482
  DMisses: 6,202,712
  DHit Rate (hit/miss): 96%
  DEvictions: 4,507,193
  DEviction Rate (evict/misses): 73%
  MC Transactions: 7,202,051
  MC Writes: 936,980
Avg. Transactions: 100% , Writes: 13%, Avg. Latency: 22
Max MC id: 5 of 8. Transactions: 100% , Writes: 13%, MC mean Latency: 22
HBM refresh energy (nJ): 2
HBM access energy (nJ): 13,643,565
MemC wire energy 2.5d (nJ): 4,347,805
MemC wire energy 3d (nJ): 1,086,951

---Energy---
Leakage Energy (nJ): 83,974
PU Dyn E (nJ): 4,200,306
Mem Dyn E (nJ): 27,589,180
Route Dyn E (nJ): 4,807,373
Dynamic Energy (nJ): 36,596,860
Ratio of Dyn/Leak: 436
Total Energy (nJ): 36,680,834
Total Energy (nJ) 3D: 35,964,359
Cores Energy (nJ): 4,202,814
Route Energy (nJ): 4,815,627
Route Energy (nJ) 3D: 7,360,006
Mem Energy   (nJ): 27,662,393
Mem Energy   (nJ) 3D: 24,401,540
Avg. Power (mW): 40,722.14
Power Density (mW/mm2): 121.29

---Runtime---
Runtime in K cycles: 900.76
Microseconds: 900.76
Time per iteration (ms): 0.90

---Throughput---
GOP/s (aka OPS/ns): 717.81
GOP/s per core: 0.70
FLOP/s: 76.40
FLOP/s per core: 0.07
Max Peak FLOP/s: 1,024.00
Avg. BW GB/s: 2,885.36
Max BW GB/s: 4,096.00

---Traffic---
In-Die bisection_bytes BW (GB/s): 512.00
Inter-board traffic (msg/ns): 0.00, per-link: 0.00
Inter-pack traffic (msg/ns): 0.00, per-link: 0.00
Inter-die traffic (msg/ns): 0.00, per-link: 0.00
Ruche traffic (msg/ns): 0.00, per-link: 0.00
All traffic (msg/ns): 2,905.88, per-link: 2.84
Inter-die reduction wrt all: inf
Inter-board reduction wrt inter-die: -nan

---Data Movement---
All traffic (msg): 2,617,494,365
Arith. Intensity FLOP/Loads: 0.21
Arith. Intensity FLOP/Msgs: 0.03
Arith. Intensity OPS/Loads: 1.95
Arith. Intensity OPS/Msgs: 0.25



===Core Utilization Total=== CORE-S:9;; TIME K cy:900 ;; Nodes Proc: 627,091 -- Edges Proc: 8,740,297

===PRINTING FRAME STATS

FCollision In Avg:76, SD:30, Max:179, Min:7
FCollision Out Avg:78, SD:41, Max:231, Min:6
FCollision End Avg:24, SD:33, Max:198, Min:0
FTask1 Avg:6, SD:5, Max:34, Min:0
FTask2 Avg:26, SD:16, Max:65, Min:0
FTask3 Avg:50, SD:9, Max:93, Min:28
FCore Active Avg:83, SD:19, Max:100, Min:30
FRouter Active Avg:82, SD:2, Max:88, Min:72
T1 invocations: 150,742
T2 invocations: 239,639
T3 invocations: 9,069,161
T3b invocations: 0
Total3 invocations: 9,069,161
Total4 invocations: 2,394

T3/T2 ratio: 38
T3b/T3 ratio: 0

T1 avg ex cycles: 40
T2 avg ex cycles: 109
T3&b avg ex cycles: 6
T4 avg ex cycles: 498
Avg. hops NOC1: 2
Avg. latency NOC1 (T2): 17,088
Avg. hops NOC2: 16
Avg. latency NOC2 (T3): 5,899

===PRINTING ACUM STATS at pu_cycles: 1,001,030

ACollision In Avg:71, SD:15, Max:135, Min:15
ACollision Out Avg:70, SD:22, Max:136, Min:20
ACollision End Avg:21, SD:15, Max:89, Min:0
ATask1 Avg:17, SD:2, Max:24, Min:4
ATask2 Avg:23, SD:8, Max:43, Min:1
ATask3 Avg:48, SD:7, Max:86, Min:34
ACore Active Avg:88, SD:9, Max:100, Min:52
ARouter Active Avg:76, SD:1, Max:81, Min:71
T1 invocations: 4,058,423
T2 invocations: 3,064,617
T3 invocations: 77,942,862
T3b invocations: 0
Total3 invocations: 77,942,862
Total4 invocations: 10,070

T3/T2 ratio: 25
T3b/T3 ratio: 0

T1 avg ex cycles: 43
T2 avg ex cycles: 75
T3&b avg ex cycles: 6
T4 avg ex cycles: 544
Avg. hops NOC1: 2
Avg. latency NOC1 (T2): 12,272
Avg. hops NOC2: 17
Avg. latency NOC2 (T3): 8,128
Number of K Nodes Processed: 5,112
Number of K Edges Processed: 78,299
Node Re-explore factor: 1.22
Edge Re-explore factor: 0.61
Nodes/cy: 5
Edges/cy: 78
TEPS: 128

---DCache---
DCache Size: 28,448
DRAM words: 133,760
  DHits: 148,594,849
  DMisses: 6,880,322
  DHit Rate (hit/miss): 96%
  DEvictions: 5,161,905
  DEviction Rate (evict/misses): 75%
  MC Transactions: 7,989,958
  MC Writes: 1,040,362
Avg. Transactions: 100% , Writes: 13%, Avg. Latency: 22
Max MC id: 7 of 8. Transactions: 100% , Writes: 13%, MC mean Latency: 23
HBM refresh energy (nJ): 2
HBM access energy (nJ): 15,136,176
MemC wire energy 2.5d (nJ): 4,823,456
MemC wire energy 3d (nJ): 1,205,864

---Energy---
Leakage Energy (nJ): 93,321
PU Dyn E (nJ): 4,655,454
Mem Dyn E (nJ): 30,680,161
Route Dyn E (nJ): 5,410,701
Dynamic Energy (nJ): 40,746,317
Ratio of Dyn/Leak: 437
Total Energy (nJ): 40,839,638
Total Energy (nJ) 3D: 40,085,745
Cores Energy (nJ): 4,658,241
Route Energy (nJ): 5,419,873
Route Energy (nJ) 3D: 8,283,573
Mem Energy   (nJ): 30,761,525
Mem Energy   (nJ) 3D: 27,143,932
Avg. Power (mW): 40,797.62
Power Density (mW/mm2): 121.52

---Runtime---
Runtime in K cycles: 1,001.03
Microseconds: 1,001.03
Time per iteration (ms): 1.00

---Throughput---
GOP/s (aka OPS/ns): 709.25
GOP/s per core: 0.69
FLOP/s: 77.86
FLOP/s per core: 0.08
Max Peak FLOP/s: 1,024.00
Avg. BW GB/s: 2,899.90
Max BW GB/s: 4,096.00

---Traffic---
In-Die bisection_bytes BW (GB/s): 512.00
Inter-board traffic (msg/ns): 0.00, per-link: 0.00
Inter-pack traffic (msg/ns): 0.00, per-link: 0.00
Inter-die traffic (msg/ns): 0.00, per-link: 0.00
Ruche traffic (msg/ns): 0.00, per-link: 0.00
All traffic (msg/ns): 2,939.76, per-link: 2.87
Inter-die reduction wrt all: inf
Inter-board reduction wrt inter-die: -nan

---Data Movement---
All traffic (msg): 2,942,790,563
Arith. Intensity FLOP/Loads: 0.21
Arith. Intensity FLOP/Msgs: 0.03
Arith. Intensity OPS/Loads: 1.92
Arith. Intensity OPS/Msgs: 0.24



===Core Utilization Total=== CORE-S:10;; TIME K cy:1,000 ;; Nodes Proc: 637,978 -- Edges Proc: 9,858,754

===PRINTING FRAME STATS

FCollision In Avg:87, SD:27, Max:186, Min:6
FCollision Out Avg:86, SD:42, Max:224, Min:12
FCollision End Avg:24, SD:32, Max:198, Min:0
FTask1 Avg:6, SD:6, Max:32, Min:0
FTask2 Avg:25, SD:15, Max:69, Min:0
FTask3 Avg:48, SD:9, Max:97, Min:27
FCore Active Avg:81, SD:16, Max:100, Min:31
FRouter Active Avg:84, SD:3, Max:91, Min:74
T1 invocations: 176,322
T2 invocations: 273,791
T3 invocations: 8,982,998
T3b invocations: 0
Total3 invocations: 8,982,998
Total4 invocations: 3,014

T3/T2 ratio: 33
T3b/T3 ratio: 0

T1 avg ex cycles: 37
T2 avg ex cycles: 95
T3&b avg ex cycles: 5
T4 avg ex cycles: 475
Avg. hops NOC1: 2
Avg. latency NOC1 (T2): 16,389
Avg. hops NOC2: 17
Avg. latency NOC2 (T3): 4,179

===PRINTING ACUM STATS at pu_cycles: 1,101,026

ACollision In Avg:72, SD:15, Max:133, Min:14
ACollision Out Avg:72, SD:22, Max:136, Min:20
ACollision End Avg:21, SD:14, Max:85, Min:0
ATask1 Avg:16, SD:2, Max:22, Min:4
ATask2 Avg:23, SD:7, Max:39, Min:1
ATask3 Avg:48, SD:7, Max:87, Min:33
ACore Active Avg:87, SD:9, Max:100, Min:52
ARouter Active Avg:76, SD:1, Max:81, Min:72
T1 invocations: 4,233,680
T2 invocations: 3,337,317
T3 invocations: 86,892,412
T3b invocations: 0
Total3 invocations: 86,892,412
Total4 invocations: 13,067

T3/T2 ratio: 26
T3b/T3 ratio: 0

T1 avg ex cycles: 43
T2 avg ex cycles: 77
T3&b avg ex cycles: 6
T4 avg ex cycles: 528
Avg. hops NOC1: 2
Avg. latency NOC1 (T2): 12,610
Avg. hops NOC2: 17
Avg. latency NOC2 (T3): 7,720
Number of K Nodes Processed: 5,184
Number of K Edges Processed: 87,434
Node Re-explore factor: 1.24
Edge Re-explore factor: 0.68
Nodes/cy: 5
Edges/cy: 79
TEPS: 117

---DCache---
DCache Size: 28,448
DRAM words: 133,760
  DHits: 164,408,910
  DMisses: 7,577,973
  DHit Rate (hit/miss): 96%
  DEvictions: 5,842,724
  DEviction Rate (evict/misses): 77%
  MC Transactions: 8,795,572
  MC Writes: 1,141,483
Avg. Transactions: 100% , Writes: 13%, Avg. Latency: 22
Max MC id: 7 of 8. Transactions: 100% , Writes: 13%, MC mean Latency: 24
HBM refresh energy (nJ): 3
HBM access energy (nJ): 16,662,331
MemC wire energy 2.5d (nJ): 5,309,797
MemC wire energy 3d (nJ): 1,327,449

---Energy---
Leakage Energy (nJ): 102,644
PU Dyn E (nJ): 5,109,438
Mem Dyn E (nJ): 33,823,111
Route Dyn E (nJ): 6,044,324
Dynamic Energy (nJ): 44,976,873
Ratio of Dyn/Leak: 438
Total Energy (nJ): 45,079,517
Total Energy (nJ) 3D: 44,296,224
Cores Energy (nJ): 5,112,502
Route Energy (nJ): 6,054,412
Route Energy (nJ) 3D: 9,253,467
Mem Energy   (nJ): 33,912,603
Mem Energy   (nJ) 3D: 29,930,255
Avg. Power (mW): 40,943.19
Power Density (mW/mm2): 121.95

---Runtime---
Runtime in K cycles: 1,101.03
Microseconds: 1,101.03
Time per iteration (ms): 1.10

---Throughput---
GOP/s (aka OPS/ns): 702.82
GOP/s per core: 0.69
FLOP/s: 78.92
FLOP/s per core: 0.08
Max Peak FLOP/s: 1,024.00
Avg. BW GB/s: 2,913.60
Max BW GB/s: 4,096.00

---Traffic---
In-Die bisection_bytes BW (GB/s): 512.00
Inter-board traffic (msg/ns): 0.00, per-link: 0.00
Inter-pack traffic (msg/ns): 0.00, per-link: 0.00
Inter-die traffic (msg/ns): 0.00, per-link: 0.00
Ruche traffic (msg/ns): 0.00, per-link: 0.00
All traffic (msg/ns): 2,981.31, per-link: 2.91
Inter-die reduction wrt all: inf
Inter-board reduction wrt inter-die: -nan

---Data Movement---
All traffic (msg): 3,282,501,168
Arith. Intensity FLOP/Loads: 0.21
Arith. Intensity FLOP/Msgs: 0.03
Arith. Intensity OPS/Loads: 1.89
Arith. Intensity OPS/Msgs: 0.24



===Core Utilization Total=== CORE-S:11;; TIME K cy:1,100 ;; Nodes Proc: 646,763 -- Edges Proc: 11,131,551

===PRINTING FRAME STATS

FCollision In Avg:56, SD:33, Max:202, Min:5
FCollision Out Avg:55, SD:40, Max:211, Min:2
FCollision End Avg:22, SD:32, Max:199, Min:0
FTask1 Avg:8, SD:7, Max:34, Min:0
FTask2 Avg:27, SD:17, Max:72, Min:0
FTask3 Avg:49, SD:10, Max:100, Min:28
FCore Active Avg:85, SD:18, Max:100, Min:35
FRouter Active Avg:85, SD:3, Max:94, Min:76
T1 invocations: 199,872
T2 invocations: 297,622
T3 invocations: 8,975,344
T3b invocations: 0
Total3 invocations: 8,975,344
Total4 invocations: 4,158

T3/T2 ratio: 30
T3b/T3 ratio: 0

T1 avg ex cycles: 38
T2 avg ex cycles: 93
T3&b avg ex cycles: 6
T4 avg ex cycles: 411
Avg. hops NOC1: 2
Avg. latency NOC1 (T2): 12,621
Avg. hops NOC2: 17
Avg. latency NOC2 (T3): 5,674

===PRINTING ACUM STATS at pu_cycles: 1,200,708

ACollision In Avg:71, SD:15, Max:136, Min:14
ACollision Out Avg:70, SD:22, Max:134, Min:19
ACollision End Avg:21, SD:14, Max:79, Min:0
ATask1 Avg:15, SD:2, Max:21, Min:3
ATask2 Avg:23, SD:7, Max:39, Min:1
ATask3 Avg:48, SD:7, Max:87, Min:33
ACore Active Avg:87, SD:9, Max:100, Min:52
ARouter Active Avg:77, SD:1, Max:81, Min:73
T1 invocations: 4,431,986
T2 invocations: 3,631,167
T3 invocations: 95,756,019
T3b invocations: 0
Total3 invocations: 95,756,019
Total4 invocations: 17,203

T3/T2 ratio: 26
T3b/T3 ratio: 0

T1 avg ex cycles: 42
T2 avg ex cycles: 78
T3&b avg ex cycles: 6
T4 avg ex cycles: 500
Avg. hops NOC1: 2
Avg. latency NOC1 (T2): 12,602
Avg. hops NOC2: 17
Avg. latency NOC2 (T3): 7,531
Number of K Nodes Processed: 5,245
Number of K Edges Processed: 96,427
Node Re-explore factor: 1.25
Edge Re-explore factor: 0.75
Nodes/cy: 4
Edges/cy: 80
TEPS: 107

---DCache---
DCache Size: 28,448
DRAM words: 133,760
  DHits: 179,875,132
  DMisses: 8,274,568
  DHit Rate (hit/miss): 96%
  DEvictions: 6,530,155
  DEviction Rate (evict/misses): 79%
  MC Transactions: 9,598,988
  MC Writes: 1,240,625
Avg. Transactions: 100% , Writes: 13%, Avg. Latency: 23
Max MC id: 5 of 8. Transactions: 100% , Writes: 13%, MC mean Latency: 25
HBM refresh energy (nJ): 3
HBM access energy (nJ): 18,184,322
MemC wire energy 2.5d (nJ): 5,794,811
MemC wire energy 3d (nJ): 1,448,703

---Energy---
Leakage Energy (nJ): 111,936
PU Dyn E (nJ): 5,563,377
Mem Dyn E (nJ): 36,945,831
Route Dyn E (nJ): 6,662,224
Dynamic Energy (nJ): 49,171,433
Ratio of Dyn/Leak: 439
Total Energy (nJ): 49,283,369
Total Energy (nJ) 3D: 48,463,348
Cores Energy (nJ): 5,566,719
Route Energy (nJ): 6,673,226
Route Energy (nJ) 3D: 10,199,314
Mem Energy   (nJ): 37,043,425
Mem Energy   (nJ) 3D: 32,697,317
Avg. Power (mW): 41,045.26
Power Density (mW/mm2): 122.25

---Runtime---
Runtime in K cycles: 1,200.71
Microseconds: 1,200.71
Time per iteration (ms): 1.20

---Throughput---
GOP/s (aka OPS/ns): 697.92
GOP/s per core: 0.68
FLOP/s: 79.75
FLOP/s per core: 0.08
Max Peak FLOP/s: 1,024.00
Avg. BW GB/s: 2,922.95
Max BW GB/s: 4,096.00

---Traffic---
In-Die bisection_bytes BW (GB/s): 512.00
Inter-board traffic (msg/ns): 0.00, per-link: 0.00
Inter-pack traffic (msg/ns): 0.00, per-link: 0.00
Inter-die traffic (msg/ns): 0.00, per-link: 0.00
Ruche traffic (msg/ns): 0.00, per-link: 0.00
All traffic (msg/ns): 3,010.50, per-link: 2.94
Inter-die reduction wrt all: inf
Inter-board reduction wrt inter-die: -nan

---Data Movement---
All traffic (msg): 3,614,725,533
Arith. Intensity FLOP/Loads: 0.21
Arith. Intensity FLOP/Msgs: 0.03
Arith. Intensity OPS/Loads: 1.88
Arith. Intensity OPS/Msgs: 0.23



===Core Utilization Total=== CORE-S:12;; TIME K cy:1,200 ;; Nodes Proc: 654,511 -- Edges Proc: 12,330,479

===PRINTING FRAME STATS

FCollision In Avg:54, SD:36, Max:210, Min:4
FCollision Out Avg:54, SD:43, Max:206, Min:1
FCollision End Avg:22, SD:31, Max:187, Min:0
FTask1 Avg:8, SD:8, Max:41, Min:0
FTask2 Avg:26, SD:17, Max:70, Min:0
FTask3 Avg:47, SD:9, Max:100, Min:27
FCore Active Avg:83, SD:19, Max:100, Min:33
FRouter Active Avg:84, SD:4, Max:92, Min:73
T1 invocations: 223,700
T2 invocations: 312,869
T3 invocations: 8,772,267
T3b invocations: 0
Total3 invocations: 8,772,267
Total4 invocations: 6,011

T3/T2 ratio: 28
T3b/T3 ratio: 0

T1 avg ex cycles: 37
T2 avg ex cycles: 84
T3&b avg ex cycles: 6
T4 avg ex cycles: 322
Avg. hops NOC1: 2
Avg. latency NOC1 (T2): 11,175
Avg. hops NOC2: 17
Avg. latency NOC2 (T3): 5,445

===PRINTING ACUM STATS at pu_cycles: 1,300,814

ACollision In Avg:70, SD:15, Max:137, Min:15
ACollision Out Avg:69, SD:22, Max:131, Min:18
ACollision End Avg:21, SD:14, Max:87, Min:0
ATask1 Avg:15, SD:2, Max:20, Min:3
ATask2 Avg:23, SD:7, Max:38, Min:1
ATask3 Avg:48, SD:7, Max:88, Min:33
ACore Active Avg:87, SD:9, Max:100, Min:51
ARouter Active Avg:78, SD:1, Max:82, Min:73
T1 invocations: 4,656,952
T2 invocations: 3,946,009
T3 invocations: 104,573,215
T3b invocations: 0
Total3 invocations: 104,573,215
Total4 invocations: 23,246

T3/T2 ratio: 27
T3b/T3 ratio: 0

T1 avg ex cycles: 42
T2 avg ex cycles: 79
T3&b avg ex cycles: 6
T4 avg ex cycles: 454
Avg. hops NOC1: 2
Avg. latency NOC1 (T2): 12,494
Avg. hops NOC2: 17
Avg. latency NOC2 (T3): 7,357
Number of K Nodes Processed: 5,299
Number of K Edges Processed: 105,163
Node Re-explore factor: 1.26
Edge Re-explore factor: 0.82
Nodes/cy: 4
Edges/cy: 81
TEPS: 99

---DCache---
DCache Size: 28,448
DRAM words: 133,760
  DHits: 194,948,888
  DMisses: 8,963,551
  DHit Rate (hit/miss): 96%
  DEvictions: 7,212,786
  DEviction Rate (evict/misses): 80%
  MC Transactions: 10,391,953
  MC Writes: 1,336,873
Avg. Transactions: 100% , Writes: 13%, Avg. Latency: 23
Max MC id: 5 of 8. Transactions: 100% , Writes: 13%, MC mean Latency: 26
HBM refresh energy (nJ): 3
HBM access energy (nJ): 19,686,515
MemC wire energy 2.5d (nJ): 6,273,516
MemC wire energy 3d (nJ): 1,568,379

---Energy---
Leakage Energy (nJ): 121,269
PU Dyn E (nJ): 6,020,283
Mem Dyn E (nJ): 40,034,912
Route Dyn E (nJ): 7,269,400
Dynamic Energy (nJ): 53,324,596
Ratio of Dyn/Leak: 440
Total Energy (nJ): 53,445,865
Total Energy (nJ) 3D: 52,588,173
Cores Energy (nJ): 6,023,903
Route Energy (nJ): 7,281,319
Route Energy (nJ) 3D: 11,128,765
Mem Energy   (nJ): 40,140,642
Mem Energy   (nJ) 3D: 35,435,505
Avg. Power (mW): 41,086.48
Power Density (mW/mm2): 122.38

---Runtime---
Runtime in K cycles: 1,300.81
Microseconds: 1,300.81
Time per iteration (ms): 1.30

---Throughput---
GOP/s (aka OPS/ns): 694.19
GOP/s per core: 0.68
FLOP/s: 80.39
FLOP/s per core: 0.08
Max Peak FLOP/s: 1,024.00
Avg. BW GB/s: 2,929.20
Max BW GB/s: 4,096.00

---Traffic---
In-Die bisection_bytes BW (GB/s): 512.00
Inter-board traffic (msg/ns): 0.00, per-link: 0.00
Inter-pack traffic (msg/ns): 0.00, per-link: 0.00
Inter-die traffic (msg/ns): 0.00, per-link: 0.00
Ruche traffic (msg/ns): 0.00, per-link: 0.00
All traffic (msg/ns): 3,030.10, per-link: 2.96
Inter-die reduction wrt all: inf
Inter-board reduction wrt inter-die: -nan

---Data Movement---
All traffic (msg): 3,941,592,068
Arith. Intensity FLOP/Loads: 0.22
Arith. Intensity FLOP/Msgs: 0.03
Arith. Intensity OPS/Loads: 1.87
Arith. Intensity OPS/Msgs: 0.23



===Core Utilization Total=== CORE-S:13;; TIME K cy:1,300 ;; Nodes Proc: 661,223 -- Edges Proc: 13,488,266

===PRINTING FRAME STATS

FCollision In Avg:45, SD:35, Max:192, Min:4
FCollision Out Avg:44, SD:38, Max:120, Min:1
FCollision End Avg:20, SD:29, Max:100, Min:0
FTask1 Avg:9, SD:8, Max:52, Min:0
FTask2 Avg:25, SD:17, Max:70, Min:0
FTask3 Avg:45, SD:9, Max:96, Min:26
FCore Active Avg:81, SD:20, Max:100, Min:30
FRouter Active Avg:83, SD:3, Max:91, Min:73
T1 invocations: 233,041
T2 invocations: 319,336
T3 invocations: 8,454,233
T3b invocations: 0
Total3 invocations: 8,454,233
Total4 invocations: 8,619

T3/T2 ratio: 26
T3b/T3 ratio: 0

T1 avg ex cycles: 38
T2 avg ex cycles: 80
T3&b avg ex cycles: 5
T4 avg ex cycles: 240
Avg. hops NOC1: 2
Avg. latency NOC1 (T2): 9,627
Avg. hops NOC2: 17
Avg. latency NOC2 (T3): 5,199

===PRINTING ACUM STATS at pu_cycles: 1,400,803

ACollision In Avg:68, SD:16, Max:137, Min:22
ACollision Out Avg:67, SD:22, Max:130, Min:18
ACollision End Avg:21, SD:13, Max:82, Min:0
ATask1 Avg:14, SD:2, Max:18, Min:3
ATask2 Avg:23, SD:7, Max:39, Min:0
ATask3 Avg:48, SD:7, Max:88, Min:33
ACore Active Avg:86, SD:9, Max:100, Min:49
ARouter Active Avg:78, SD:1, Max:82, Min:74
T1 invocations: 4,891,804
T2 invocations: 4,265,473
T3 invocations: 113,037,194
T3b invocations: 0
Total3 invocations: 113,037,194
Total4 invocations: 31,923

T3/T2 ratio: 27
T3b/T3 ratio: 0

T1 avg ex cycles: 42
T2 avg ex cycles: 79
T3&b avg ex cycles: 6
T4 avg ex cycles: 396
Avg. hops NOC1: 2
Avg. latency NOC1 (T2): 12,274
Avg. hops NOC2: 17
Avg. latency NOC2 (T3): 7,194
Number of K Nodes Processed: 5,345
Number of K Edges Processed: 113,574
Node Re-explore factor: 1.27
Edge Re-explore factor: 0.89
Nodes/cy: 4
Edges/cy: 81
TEPS: 92

---DCache---
DCache Size: 28,448
DRAM words: 133,760
  DHits: 210,015,728
  DMisses: 9,640,242
  DHit Rate (hit/miss): 96%
  DEvictions: 7,882,466
  DEviction Rate (evict/misses): 82%
  MC Transactions: 11,167,299
  MC Writes: 1,430,111
Avg. Transactions: 100% , Writes: 13%, Avg. Latency: 23
Max MC id: 5 of 8. Transactions: 100% , Writes: 13%, MC mean Latency: 27
HBM refresh energy (nJ): 4
HBM access energy (nJ): 21,155,331
MemC wire energy 2.5d (nJ): 6,741,585
MemC wire energy 3d (nJ): 1,685,396

---Energy---
Leakage Energy (nJ): 130,590
PU Dyn E (nJ): 6,462,832
Mem Dyn E (nJ): 43,045,108
Route Dyn E (nJ): 7,853,103
Dynamic Energy (nJ): 57,361,044
Ratio of Dyn/Leak: 439
Total Energy (nJ): 57,491,634
Total Energy (nJ) 3D: 56,591,825
Cores Energy (nJ): 6,466,731
Route Energy (nJ): 7,865,938
Route Energy (nJ) 3D: 12,022,318
Mem Energy   (nJ): 43,158,966
Mem Energy   (nJ) 3D: 38,102,777
Avg. Power (mW): 41,041.91
Power Density (mW/mm2): 122.24

---Runtime---
Runtime in K cycles: 1,400.80
Microseconds: 1,400.80
Time per iteration (ms): 1.40

---Throughput---
GOP/s (aka OPS/ns): 689.81
GOP/s per core: 0.67
FLOP/s: 80.69
FLOP/s per core: 0.08
Max Peak FLOP/s: 1,024.00
Avg. BW GB/s: 2,926.84
Max BW GB/s: 4,096.00

---Traffic---
In-Die bisection_bytes BW (GB/s): 512.00
Inter-board traffic (msg/ns): 0.00, per-link: 0.00
Inter-pack traffic (msg/ns): 0.00, per-link: 0.00
Inter-die traffic (msg/ns): 0.00, per-link: 0.00
Ruche traffic (msg/ns): 0.00, per-link: 0.00
All traffic (msg/ns): 3,038.46, per-link: 2.97
Inter-die reduction wrt all: inf
Inter-board reduction wrt inter-die: -nan

---Data Movement---
All traffic (msg): 4,256,278,214
Arith. Intensity FLOP/Loads: 0.22
Arith. Intensity FLOP/Msgs: 0.03
Arith. Intensity OPS/Loads: 1.86
Arith. Intensity OPS/Msgs: 0.23



===Core Utilization Total=== CORE-S:14;; TIME K cy:1,400 ;; Nodes Proc: 667,185 -- Edges Proc: 14,456,609

===PRINTING FRAME STATS

FCollision In Avg:40, SD:34, Max:167, Min:3
FCollision Out Avg:38, SD:37, Max:160, Min:0
FCollision End Avg:18, SD:27, Max:100, Min:0
FTask1 Avg:9, SD:9, Max:48, Min:0
FTask2 Avg:23, SD:18, Max:71, Min:0
FTask3 Avg:44, SD:9, Max:96, Min:24
FCore Active Avg:78, SD:21, Max:100, Min:31
FRouter Active Avg:83, SD:4, Max:94, Min:69
T1 invocations: 245,953
T2 invocations: 331,728
T3 invocations: 8,458,041
T3b invocations: 0
Total3 invocations: 8,458,041
Total4 invocations: 11,919

T3/T2 ratio: 25
T3b/T3 ratio: 0

T1 avg ex cycles: 36
T2 avg ex cycles: 70
T3&b avg ex cycles: 5
T4 avg ex cycles: 187
Avg. hops NOC1: 3
Avg. latency NOC1 (T2): 8,332
Avg. hops NOC2: 17
Avg. latency NOC2 (T3): 4,657

===PRINTING ACUM STATS at pu_cycles: 1,501,167

ACollision In Avg:66, SD:16, Max:139, Min:24
ACollision Out Avg:65, SD:22, Max:128, Min:19
ACollision End Avg:21, SD:13, Max:78, Min:0
ATask1 Avg:14, SD:2, Max:18, Min:3
ATask2 Avg:23, SD:6, Max:37, Min:0
ATask3 Avg:47, SD:7, Max:88, Min:32
ACore Active Avg:86, SD:9, Max:100, Min:49
ARouter Active Avg:78, SD:1, Max:82, Min:74
T1 invocations: 5,140,967
T2 invocations: 4,600,185
T3 invocations: 121,582,840
T3b invocations: 0
Total3 invocations: 121,582,840
Total4 invocations: 43,897

T3/T2 ratio: 26
T3b/T3 ratio: 0

T1 avg ex cycles: 42
T2 avg ex cycles: 78
T3&b avg ex cycles: 6
T4 avg ex cycles: 339
Avg. hops NOC1: 2
Avg. latency NOC1 (T2): 11,989
Avg. hops NOC2: 17
Avg. latency NOC2 (T3): 7,016
Number of K Nodes Processed: 5,388
Number of K Edges Processed: 121,976
Node Re-explore factor: 1.28
Edge Re-explore factor: 0.95
Nodes/cy: 4
Edges/cy: 81
TEPS: 85

---DCache---
DCache Size: 28,448
DRAM words: 133,760
  DHits: 224,948,947
  DMisses: 10,326,903
  DHit Rate (hit/miss): 96%
  DEvictions: 8,564,362
  DEviction Rate (evict/misses): 83%
  MC Transactions: 11,957,639
  MC Writes: 1,527,683
Avg. Transactions: 100% , Writes: 13%, Avg. Latency: 23
Max MC id: 5 of 8. Transactions: 100% , Writes: 13%, MC mean Latency: 26
HBM refresh energy (nJ): 4
HBM access energy (nJ): 22,652,551
MemC wire energy 2.5d (nJ): 7,218,705
MemC wire energy 3d (nJ): 1,804,676

---Energy---
Leakage Energy (nJ): 139,947
PU Dyn E (nJ): 6,912,008
Mem Dyn E (nJ): 46,099,965
Route Dyn E (nJ): 8,439,578
Dynamic Energy (nJ): 61,451,552
Ratio of Dyn/Leak: 439
Total Energy (nJ): 61,591,499
Total Energy (nJ) 3D: 60,644,251
Cores Energy (nJ): 6,916,186
Route Energy (nJ): 8,453,332
Route Energy (nJ) 3D: 12,920,113
Mem Energy   (nJ): 46,221,980
Mem Energy   (nJ) 3D: 40,807,952
Avg. Power (mW): 41,029.08
Power Density (mW/mm2): 122.21

---Runtime---
Runtime in K cycles: 1,501.17
Microseconds: 1,501.17
Time per iteration (ms): 1.50

---Throughput---
GOP/s (aka OPS/ns): 686.59
GOP/s per core: 0.67
FLOP/s: 80.99
FLOP/s per core: 0.08
Max Peak FLOP/s: 1,024.00
Avg. BW GB/s: 2,925.94
Max BW GB/s: 4,096.00

---Traffic---
In-Die bisection_bytes BW (GB/s): 512.00
Inter-board traffic (msg/ns): 0.00, per-link: 0.00
Inter-pack traffic (msg/ns): 0.00, per-link: 0.00
Inter-die traffic (msg/ns): 0.00, per-link: 0.00
Ruche traffic (msg/ns): 0.00, per-link: 0.00
All traffic (msg/ns): 3,046.27, per-link: 2.97
Inter-die reduction wrt all: inf
Inter-board reduction wrt inter-die: -nan

---Data Movement---
All traffic (msg): 4,572,955,810
Arith. Intensity FLOP/Loads: 0.22
Arith. Intensity FLOP/Msgs: 0.03
Arith. Intensity OPS/Loads: 1.85
Arith. Intensity OPS/Msgs: 0.23



===Core Utilization Total=== CORE-S:15;; TIME K cy:1,500 ;; Nodes Proc: 672,543 -- Edges Proc: 15,457,838

===PRINTING FRAME STATS

FCollision In Avg:35, SD:32, Max:165, Min:3
FCollision Out Avg:34, SD:35, Max:207, Min:0
FCollision End Avg:15, SD:25, Max:161, Min:0
FTask1 Avg:8, SD:9, Max:39, Min:0
FTask2 Avg:21, SD:19, Max:72, Min:0
FTask3 Avg:42, SD:8, Max:93, Min:20
FCore Active Avg:74, SD:22, Max:100, Min:31
FRouter Active Avg:83, SD:4, Max:92, Min:70
T1 invocations: 255,839
T2 invocations: 340,080
T3 invocations: 8,297,589
T3b invocations: 0
Total3 invocations: 8,297,589
Total4 invocations: 15,006

T3/T2 ratio: 24
T3b/T3 ratio: 0

T1 avg ex cycles: 34
T2 avg ex cycles: 63
T3&b avg ex cycles: 5
T4 avg ex cycles: 156
Avg. hops NOC1: 3
Avg. latency NOC1 (T2): 7,016
Avg. hops NOC2: 17
Avg. latency NOC2 (T3): 3,914

===PRINTING ACUM STATS at pu_cycles: 1,600,929

ACollision In Avg:64, SD:16, Max:136, Min:24
ACollision Out Avg:63, SD:22, Max:125, Min:20
ACollision End Avg:20, SD:13, Max:80, Min:0
ATask1 Avg:14, SD:2, Max:17, Min:3
ATask2 Avg:23, SD:6, Max:35, Min:0
ATask3 Avg:47, SD:7, Max:88, Min:31
ACore Active Avg:85, SD:8, Max:100, Min:49
ARouter Active Avg:79, SD:1, Max:82, Min:74
T1 invocations: 5,396,217
T2 invocations: 4,940,168
T3 invocations: 129,858,065
T3b invocations: 0
Total3 invocations: 129,858,065
Total4 invocations: 58,896

T3/T2 ratio: 26
T3b/T3 ratio: 0

T1 avg ex cycles: 41
T2 avg ex cycles: 77
T3&b avg ex cycles: 6
T4 avg ex cycles: 292
Avg. hops NOC1: 2
Avg. latency NOC1 (T2): 11,646
Avg. hops NOC2: 17
Avg. latency NOC2 (T3): 6,818
Number of K Nodes Processed: 5,425
Number of K Edges Processed: 130,215
Node Re-explore factor: 1.29
Edge Re-explore factor: 1.01
Nodes/cy: 3
Edges/cy: 81
TEPS: 80

---DCache---
DCache Size: 28,448
DRAM words: 133,760
  DHits: 239,695,014
  DMisses: 11,008,016
  DHit Rate (hit/miss): 96%
  DEvictions: 9,241,605
  DEviction Rate (evict/misses): 84%
  MC Transactions: 12,738,947
  MC Writes: 1,622,374
Avg. Transactions: 99% , Writes: 13%, Avg. Latency: 23
Max MC id: 6 of 8. Transactions: 100% , Writes: 13%, MC mean Latency: 19
HBM refresh energy (nJ): 4
HBM access energy (nJ): 24,132,661
MemC wire energy 2.5d (nJ): 7,690,372
MemC wire energy 3d (nJ): 1,922,593

---Energy---
Leakage Energy (nJ): 149,247
PU Dyn E (nJ): 7,350,389
Mem Dyn E (nJ): 49,107,003
Route Dyn E (nJ): 9,011,619
Dynamic Energy (nJ): 65,469,011
Ratio of Dyn/Leak: 439
Total Energy (nJ): 65,618,258
Total Energy (nJ) 3D: 64,620,021
Cores Energy (nJ): 7,354,845
Route Energy (nJ): 9,026,287
Route Energy (nJ) 3D: 13,795,830
Mem Energy   (nJ): 49,237,126
Mem Energy   (nJ) 3D: 43,469,347
Avg. Power (mW): 40,987.61
Power Density (mW/mm2): 122.08

---Runtime---
Runtime in K cycles: 1,600.93
Microseconds: 1,600.93
Time per iteration (ms): 1.60

---Throughput---
GOP/s (aka OPS/ns): 683.23
GOP/s per core: 0.67
FLOP/s: 81.11
FLOP/s per core: 0.08
Max Peak FLOP/s: 1,024.00
Avg. BW GB/s: 2,921.60
Max BW GB/s: 4,096.00

---Traffic---
In-Die bisection_bytes BW (GB/s): 512.00
Inter-board traffic (msg/ns): 0.00, per-link: 0.00
Inter-pack traffic (msg/ns): 0.00, per-link: 0.00
Inter-die traffic (msg/ns): 0.00, per-link: 0.00
Ruche traffic (msg/ns): 0.00, per-link: 0.00
All traffic (msg/ns): 3,049.54, per-link: 2.98
Inter-die reduction wrt all: inf
Inter-board reduction wrt inter-die: -nan

---Data Movement---
All traffic (msg): 4,882,103,981
Arith. Intensity FLOP/Loads: 0.22
Arith. Intensity FLOP/Msgs: 0.03
Arith. Intensity OPS/Loads: 1.84
Arith. Intensity OPS/Msgs: 0.22



===Core Utilization Total=== CORE-S:16;; TIME K cy:1,600 ;; Nodes Proc: 677,325 -- Edges Proc: 16,462,667

===PRINTING FRAME STATS

FCollision In Avg:26, SD:29, Max:161, Min:2
FCollision Out Avg:26, SD:33, Max:165, Min:0
FCollision End Avg:12, SD:22, Max:163, Min:0
FTask1 Avg:8, SD:10, Max:45, Min:0
FTask2 Avg:18, SD:20, Max:78, Min:0
FTask3 Avg:36, SD:7, Max:83, Min:22
FCore Active Avg:64, SD:25, Max:100, Min:25
FRouter Active Avg:76, SD:6, Max:93, Min:57
T1 invocations: 240,986
T2 invocations: 316,141
T3 invocations: 7,081,295
T3b invocations: 0
Total3 invocations: 7,081,295
Total4 invocations: 16,471

T3/T2 ratio: 22
T3b/T3 ratio: 0

T1 avg ex cycles: 33
T2 avg ex cycles: 57
T3&b avg ex cycles: 5
T4 avg ex cycles: 137
Avg. hops NOC1: 3
Avg. latency NOC1 (T2): 5,839
Avg. hops NOC2: 17
Avg. latency NOC2 (T3): 3,410

===PRINTING ACUM STATS at pu_cycles: 1,700,811

ACollision In Avg:62, SD:16, Max:128, Min:25
ACollision Out Avg:61, SD:22, Max:121, Min:19
ACollision End Avg:20, SD:12, Max:77, Min:0
ATask1 Avg:13, SD:2, Max:16, Min:3
ATask2 Avg:23, SD:5, Max:33, Min:0
ATask3 Avg:46, SD:7, Max:88, Min:31
ACore Active Avg:84, SD:8, Max:100, Min:48
ARouter Active Avg:78, SD:1, Max:82, Min:74
T1 invocations: 5,637,677
T2 invocations: 5,252,958
T3 invocations: 136,890,609
T3b invocations: 0
Total3 invocations: 136,890,609
Total4 invocations: 75,377

T3/T2 ratio: 26
T3b/T3 ratio: 0

T1 avg ex cycles: 41
T2 avg ex cycles: 76
T3&b avg ex cycles: 6
T4 avg ex cycles: 258
Avg. hops NOC1: 2
Avg. latency NOC1 (T2): 11,296
Avg. hops NOC2: 17
Avg. latency NOC2 (T3): 6,641
Number of K Nodes Processed: 5,456
Number of K Edges Processed: 137,157
Node Re-explore factor: 1.30
Edge Re-explore factor: 1.07
Nodes/cy: 3
Edges/cy: 81
TEPS: 75

---DCache---
DCache Size: 28,448
DRAM words: 133,760
  DHits: 252,520,281
  DMisses: 11,595,214
  DHit Rate (hit/miss): 96%
  DEvictions: 9,825,408
  DEviction Rate (evict/misses): 85%
  MC Transactions: 13,409,597
  MC Writes: 1,701,948
Avg. Transactions: 99% , Writes: 13%, Avg. Latency: 22
Max MC id: 6 of 8. Transactions: 99% , Writes: 12%, MC mean Latency: 19
HBM refresh energy (nJ): 5
HBM access energy (nJ): 25,403,140
MemC wire energy 2.5d (nJ): 8,095,237
MemC wire energy 3d (nJ): 2,023,809

---Energy---
Leakage Energy (nJ): 158,559
PU Dyn E (nJ): 7,727,920
Mem Dyn E (nJ): 51,683,666
Route Dyn E (nJ): 9,493,391
Dynamic Energy (nJ): 68,904,978
Ratio of Dyn/Leak: 435
Total Energy (nJ): 69,063,537
Total Energy (nJ) 3D: 68,016,637
Cores Energy (nJ): 7,732,654
Route Energy (nJ): 9,508,975
Route Energy (nJ) 3D: 14,533,503
Mem Energy   (nJ): 51,821,908
Mem Energy   (nJ) 3D: 45,750,480
Avg. Power (mW): 40,606.24
Power Density (mW/mm2): 120.95

---Runtime---
Runtime in K cycles: 1,700.81
Microseconds: 1,700.81
Time per iteration (ms): 1.70

---Throughput---
GOP/s (aka OPS/ns): 675.28
GOP/s per core: 0.66
FLOP/s: 80.49
FLOP/s per core: 0.08
Max Peak FLOP/s: 1,024.00
Avg. BW GB/s: 2,892.67
Max BW GB/s: 4,096.00

---Traffic---
In-Die bisection_bytes BW (GB/s): 512.00
Inter-board traffic (msg/ns): 0.00, per-link: 0.00
Inter-pack traffic (msg/ns): 0.00, per-link: 0.00
Inter-die traffic (msg/ns): 0.00, per-link: 0.00
Ruche traffic (msg/ns): 0.00, per-link: 0.00
All traffic (msg/ns): 3,023.90, per-link: 2.95
Inter-die reduction wrt all: inf
Inter-board reduction wrt inter-die: -nan

---Data Movement---
All traffic (msg): 5,143,090,794
Arith. Intensity FLOP/Loads: 0.22
Arith. Intensity FLOP/Msgs: 0.03
Arith. Intensity OPS/Loads: 1.84
Arith. Intensity OPS/Msgs: 0.22



===Core Utilization Total=== CORE-S:17;; TIME K cy:1,700 ;; Nodes Proc: 681,010 -- Edges Proc: 17,404,415

===PRINTING FRAME STATS

FCollision In Avg:15, SD:23, Max:104, Min:1
FCollision Out Avg:16, SD:27, Max:116, Min:0
FCollision End Avg:7, SD:16, Max:99, Min:0
FTask1 Avg:7, SD:10, Max:51, Min:0
FTask2 Avg:13, SD:19, Max:81, Min:0
FTask3 Avg:27, SD:6, Max:63, Min:12
FCore Active Avg:49, SD:25, Max:100, Min:20
FRouter Active Avg:63, SD:8, Max:86, Min:47
T1 invocations: 205,835
T2 invocations: 258,530
T3 invocations: 5,287,504
T3b invocations: 0
Total3 invocations: 5,287,504
Total4 invocations: 16,342

T3/T2 ratio: 20
T3b/T3 ratio: 0

T1 avg ex cycles: 33
T2 avg ex cycles: 53
T3&b avg ex cycles: 5
T4 avg ex cycles: 120
Avg. hops NOC1: 3
Avg. latency NOC1 (T2): 4,192
Avg. hops NOC2: 17
Avg. latency NOC2 (T3): 2,550

===PRINTING ACUM STATS at pu_cycles: 1,801,041

ACollision In Avg:59, SD:16, Max:121, Min:26
ACollision Out Avg:59, SD:21, Max:119, Min:18
ACollision End Avg:19, SD:11, Max:73, Min:1
ATask1 Avg:13, SD:1, Max:15, Min:4
ATask2 Avg:22, SD:4, Max:31, Min:0
ATask3 Avg:45, SD:7, Max:87, Min:30
ACore Active Avg:82, SD:7, Max:100, Min:47
ARouter Active Avg:78, SD:1, Max:81, Min:73
T1 invocations: 5,849,149
T2 invocations: 5,514,541
T3 invocations: 142,248,682
T3b invocations: 0
Total3 invocations: 142,248,682
Total4 invocations: 91,811

T3/T2 ratio: 26
T3b/T3 ratio: 0

T1 avg ex cycles: 41
T2 avg ex cycles: 75
T3&b avg ex cycles: 6
T4 avg ex cycles: 234
Avg. hops NOC1: 3
Avg. latency NOC1 (T2): 10,959
Avg. hops NOC2: 17
Avg. latency NOC2 (T3): 6,487
Number of K Nodes Processed: 5,478
Number of K Edges Processed: 142,354
Node Re-explore factor: 1.31
Edge Re-explore factor: 1.11
Nodes/cy: 3
Edges/cy: 79
TEPS: 71

---DCache---
DCache Size: 28,448
DRAM words: 133,760
  DHits: 262,414,855
  DMisses: 12,048,926
  DHit Rate (hit/miss): 96%
  DEvictions: 10,275,804
  DEviction Rate (evict/misses): 85%
  MC Transactions: 13,926,738
  MC Writes: 1,762,851
Avg. Transactions: 97% , Writes: 12%, Avg. Latency: 22
Max MC id: 2 of 8. Transactions: 97% , Writes: 12%, MC mean Latency: 20
HBM refresh energy (nJ): 5
HBM access energy (nJ): 26,382,812
MemC wire energy 2.5d (nJ): 8,407,430
MemC wire energy 3d (nJ): 2,101,857

---Energy---
Leakage Energy (nJ): 167,903
PU Dyn E (nJ): 8,021,356
Mem Dyn E (nJ): 53,667,309
Route Dyn E (nJ): 9,857,371
Dynamic Energy (nJ): 71,546,036
Ratio of Dyn/Leak: 426
Total Energy (nJ): 71,713,939
Total Energy (nJ) 3D: 70,625,537
Cores Energy (nJ): 8,026,369
Route Energy (nJ): 9,873,873
Route Energy (nJ) 3D: 15,091,043
Mem Energy   (nJ): 53,813,697
Mem Energy   (nJ) 3D: 47,508,125
Avg. Power (mW): 39,818.05
Power Density (mW/mm2): 118.60

---Runtime---
Runtime in K cycles: 1,801.04
Microseconds: 1,801.04
Time per iteration (ms): 1.80

---Throughput---
GOP/s (aka OPS/ns): 661.56
GOP/s per core: 0.65
FLOP/s: 78.98
FLOP/s per core: 0.08
Max Peak FLOP/s: 1,024.00
Avg. BW GB/s: 2,835.00
Max BW GB/s: 4,096.00

---Traffic---
In-Die bisection_bytes BW (GB/s): 512.00
Inter-board traffic (msg/ns): 0.00, per-link: 0.00
Inter-pack traffic (msg/ns): 0.00, per-link: 0.00
Inter-die traffic (msg/ns): 0.00, per-link: 0.00
Ruche traffic (msg/ns): 0.00, per-link: 0.00
All traffic (msg/ns): 2,965.38, per-link: 2.90
Inter-die reduction wrt all: inf
Inter-board reduction wrt inter-die: -nan

---Data Movement---
All traffic (msg): 5,340,777,890
Arith. Intensity FLOP/Loads: 0.22
Arith. Intensity FLOP/Msgs: 0.03
Arith. Intensity OPS/Loads: 1.84
Arith. Intensity OPS/Msgs: 0.22



===Core Utilization Total=== CORE-S:18;; TIME K cy:1,800 ;; Nodes Proc: 683,795 -- Edges Proc: 18,209,494
======== IT IS COLD ======= Only 60 Tiles active

===PRINTING FRAME STATS

FCollision In Avg:7, SD:19, Max:124, Min:0
FCollision Out Avg:9, SD:23, Max:161, Min:0
FCollision End Avg:4, SD:14, Max:161, Min:0
FTask1 Avg:3, SD:8, Max:51, Min:0
FTask2 Avg:7, SD:17, Max:92, Min:0
FTask3 Avg:15, SD:3, Max:40, Min:6
FCore Active Avg:26, SD:22, Max:100, Min:10
FRouter Active Avg:40, SD:10, Max:83, Min:21
T1 invocations: 101,369
T2 invocations: 130,333
T3 invocations: 2,841,451
T3b invocations: 0
Total3 invocations: 2,841,451
Total4 invocations: 10,406

T3/T2 ratio: 22
T3b/T3 ratio: 0

T1 avg ex cycles: 34
T2 avg ex cycles: 57
T3&b avg ex cycles: 5
T4 avg ex cycles: 93
Avg. hops NOC1: 4
Avg. latency NOC1 (T2): 4,521
Avg. hops NOC2: 17
Avg. latency NOC2 (T3): 1,973

===PRINTING ACUM STATS at pu_cycles: 1,900,718

ACollision In Avg:57, SD:16, Max:118, Min:25
ACollision Out Avg:56, SD:21, Max:113, Min:17
ACollision End Avg:18, SD:11, Max:69, Min:1
ATask1 Avg:12, SD:1, Max:14, Min:5
ATask2 Avg:22, SD:3, Max:30, Min:1
ATask3 Avg:44, SD:7, Max:84, Min:29
ACore Active Avg:79, SD:7, Max:100, Min:45
ARouter Active Avg:76, SD:1, Max:80, Min:72
T1 invocations: 5,950,518
T2 invocations: 5,644,098
T3 invocations: 145,087,461
T3b invocations: 0
Total3 invocations: 145,087,461
Total4 invocations: 102,217

T3/T2 ratio: 26
T3b/T3 ratio: 0

T1 avg ex cycles: 41
T2 avg ex cycles: 74
T3&b avg ex cycles: 6
T4 avg ex cycles: 220
Avg. hops NOC1: 3
Avg. latency NOC1 (T2): 10,811
Avg. hops NOC2: 17
Avg. latency NOC2 (T3): 6,399
Number of K Nodes Processed: 5,489
Number of K Edges Processed: 145,132
Node Re-explore factor: 1.31
Edge Re-explore factor: 1.13
Nodes/cy: 3
Edges/cy: 76
TEPS: 68

---DCache---
DCache Size: 28,448
DRAM words: 133,760
  DHits: 267,910,687
  DMisses: 12,286,100
  DHit Rate (hit/miss): 96%
  DEvictions: 10,511,199
  DEviction Rate (evict/misses): 86%
  MC Transactions: 14,195,244
  MC Writes: 1,793,555
Avg. Transactions: 93% , Writes: 12%, Avg. Latency: 22
Max MC id: 5 of 8. Transactions: 94% , Writes: 12%, MC mean Latency: 25
HBM refresh energy (nJ): 5
HBM access energy (nJ): 26,891,470
MemC wire energy 2.5d (nJ): 8,569,524
MemC wire energy 3d (nJ): 2,142,381

---Energy---
Leakage Energy (nJ): 177,195
PU Dyn E (nJ): 8,174,650
Mem Dyn E (nJ): 54,705,418
Route Dyn E (nJ): 10,052,449
Dynamic Energy (nJ): 72,932,517
Ratio of Dyn/Leak: 412
Total Energy (nJ): 73,109,712
Total Energy (nJ) 3D: 72,002,987
Cores Energy (nJ): 8,179,940
Route Energy (nJ): 10,069,864
Route Energy (nJ) 3D: 15,390,282
Mem Energy   (nJ): 54,859,908
Mem Energy   (nJ) 3D: 48,432,765
Avg. Power (mW): 38,464.26
Power Density (mW/mm2): 114.57

---Runtime---
Runtime in K cycles: 1,900.72
Microseconds: 1,900.72
Time per iteration (ms): 1.90

---Throughput---
GOP/s (aka OPS/ns): 638.59
GOP/s per core: 0.62
FLOP/s: 76.33
FLOP/s per core: 0.07
Max Peak FLOP/s: 1,024.00
Avg. BW GB/s: 2,737.85
Max BW GB/s: 4,096.00

---Traffic---
In-Die bisection_bytes BW (GB/s): 512.00
Inter-board traffic (msg/ns): 0.00, per-link: 0.00
Inter-pack traffic (msg/ns): 0.00, per-link: 0.00
Inter-die traffic (msg/ns): 0.00, per-link: 0.00
Ruche traffic (msg/ns): 0.00, per-link: 0.00
All traffic (msg/ns): 2,865.42, per-link: 2.80
Inter-die reduction wrt all: inf
Inter-board reduction wrt inter-die: -nan

---Data Movement---
All traffic (msg): 5,446,346,345
Arith. Intensity FLOP/Loads: 0.22
Arith. Intensity FLOP/Msgs: 0.03
Arith. Intensity OPS/Loads: 1.84
Arith. Intensity OPS/Msgs: 0.22



===Core Utilization Total=== CORE-S:19;; TIME K cy:1,900 ;; Nodes Proc: 685,223 -- Edges Proc: 18,498,944
======== IT IS COLD ======= Only 24 Tiles active

===PRINTING FRAME STATS

FCollision In Avg:4, SD:13, Max:128, Min:0
FCollision Out Avg:6, SD:19, Max:170, Min:0
FCollision End Avg:3, SD:12, Max:161, Min:0
FTask1 Avg:2, SD:7, Max:45, Min:0
FTask2 Avg:4, SD:15, Max:98, Min:0
FTask3 Avg:9, SD:2, Max:24, Min:1
FCore Active Avg:16, SD:19, Max:100, Min:6
FRouter Active Avg:27, SD:9, Max:68, Min:12
T1 invocations: 58,263
T2 invocations: 76,719
T3 invocations: 1,785,109
T3b invocations: 0
Total3 invocations: 1,785,109
Total4 invocations: 6,864

T3/T2 ratio: 23
T3b/T3 ratio: 0

T1 avg ex cycles: 34
T2 avg ex cycles: 60
T3&b avg ex cycles: 5
T4 avg ex cycles: 82
Avg. hops NOC1: 4
Avg. latency NOC1 (T2): 4,800
Avg. hops NOC2: 17
Avg. latency NOC2 (T3): 1,757

===PRINTING ACUM STATS at pu_cycles: 2,000,687

ACollision In Avg:54, SD:15, Max:116, Min:24
ACollision Out Avg:53, SD:20, Max:111, Min:16
ACollision End Avg:18, SD:10, Max:70, Min:1
ATask1 Avg:12, SD:1, Max:13, Min:5
ATask2 Avg:21, SD:3, Max:28, Min:1
ATask3 Avg:42, SD:7, Max:81, Min:28
ACore Active Avg:76, SD:7, Max:98, Min:47
ARouter Active Avg:73, SD:1, Max:78, Min:69
T1 invocations: 6,009,120
T2 invocations: 5,721,352
T3 invocations: 146,875,437
T3b invocations: 0
Total3 invocations: 146,875,437
Total4 invocations: 109,087

T3/T2 ratio: 26
T3b/T3 ratio: 0

T1 avg ex cycles: 40
T2 avg ex cycles: 74
T3&b avg ex cycles: 6
T4 avg ex cycles: 211
Avg. hops NOC1: 3
Avg. latency NOC1 (T2): 10,731
Avg. hops NOC2: 17
Avg. latency NOC2 (T3): 6,343
Number of K Nodes Processed: 5,496
Number of K Edges Processed: 146,899
Node Re-explore factor: 1.31
Edge Re-explore factor: 1.14
Nodes/cy: 3
Edges/cy: 73
TEPS: 64

---DCache---
DCache Size: 28,448
DRAM words: 133,760
  DHits: 271,438,960
  DMisses: 12,432,083
  DHit Rate (hit/miss): 96%
  DEvictions: 10,655,104
  DEviction Rate (evict/misses): 86%
  MC Transactions: 14,358,165
  MC Writes: 1,810,255
Avg. Transactions: 90% , Writes: 11%, Avg. Latency: 22
Max MC id: 5 of 8. Transactions: 91% , Writes: 12%, MC mean Latency: 25
HBM refresh energy (nJ): 5
HBM access energy (nJ): 27,200,107
MemC wire energy 2.5d (nJ): 8,667,878
MemC wire energy 3d (nJ): 2,166,969

---Energy---
Leakage Energy (nJ): 186,515
PU Dyn E (nJ): 8,270,304
Mem Dyn E (nJ): 55,345,167
Route Dyn E (nJ): 10,175,575
Dynamic Energy (nJ): 73,791,047
Ratio of Dyn/Leak: 396
Total Energy (nJ): 73,977,562
Total Energy (nJ) 3D: 72,862,238
Cores Energy (nJ): 8,275,872
Route Energy (nJ): 10,193,907
Route Energy (nJ) 3D: 15,579,492
Mem Energy   (nJ): 55,507,782
Mem Energy   (nJ) 3D: 49,006,874
Avg. Power (mW): 36,976.08
Power Density (mW/mm2): 110.13

---Runtime---
Runtime in K cycles: 2,000.69
Microseconds: 2,000.69
Time per iteration (ms): 2.00

---Throughput---
GOP/s (aka OPS/ns): 613.60
GOP/s per core: 0.60
FLOP/s: 73.41
FLOP/s per core: 0.07
Max Peak FLOP/s: 1,024.00
Avg. BW GB/s: 2,631.98
Max BW GB/s: 4,096.00

---Traffic---
In-Die bisection_bytes BW (GB/s): 512.00
Inter-board traffic (msg/ns): 0.00, per-link: 0.00
Inter-pack traffic (msg/ns): 0.00, per-link: 0.00
Inter-die traffic (msg/ns): 0.00, per-link: 0.00
Ruche traffic (msg/ns): 0.00, per-link: 0.00
All traffic (msg/ns): 2,755.42, per-link: 2.69
Inter-die reduction wrt all: inf
Inter-board reduction wrt inter-die: -nan

---Data Movement---
All traffic (msg): 5,512,740,391
Arith. Intensity FLOP/Loads: 0.22
Arith. Intensity FLOP/Msgs: 0.03
Arith. Intensity OPS/Loads: 1.84
Arith. Intensity OPS/Msgs: 0.22



===Core Utilization Total=== CORE-S:20;; TIME K cy:2,000 ;; Nodes Proc: 686,082 -- Edges Proc: 18,685,584
======== IT IS COLD ======= Only 16 Tiles active

===PRINTING FRAME STATS

FCollision In Avg:1, SD:8, Max:87, Min:0
FCollision Out Avg:2, SD:11, Max:134, Min:0
FCollision End Avg:1, SD:7, Max:134, Min:0
FTask1 Avg:1, SD:5, Max:45, Min:0
FTask2 Avg:2, SD:9, Max:100, Min:0
FTask3 Avg:5, SD:1, Max:24, Min:0
FCore Active Avg:8, SD:13, Max:100, Min:3
FRouter Active Avg:14, SD:7, Max:51, Min:5
T1 invocations: 30,907
T2 invocations: 37,005
T3 invocations: 899,731
T3b invocations: 0
Total3 invocations: 899,731
Total4 invocations: 3,706

T3/T2 ratio: 24
T3b/T3 ratio: 0

T1 avg ex cycles: 34
T2 avg ex cycles: 55
T3&b avg ex cycles: 5
T4 avg ex cycles: 80
Avg. hops NOC1: 4
Avg. latency NOC1 (T2): 3,675
Avg. hops NOC2: 16
Avg. latency NOC2 (T3): 1,257

===PRINTING ACUM STATS at pu_cycles: 2,100,188

ACollision In Avg:51, SD:15, Max:112, Min:23
ACollision Out Avg:51, SD:19, Max:107, Min:16
ACollision End Avg:17, SD:10, Max:70, Min:1
ATask1 Avg:11, SD:1, Max:13, Min:5
ATask2 Avg:20, SD:2, Max:27, Min:1
ATask3 Avg:40, SD:6, Max:77, Min:27
ACore Active Avg:73, SD:6, Max:98, Min:46
ARouter Active Avg:70, SD:2, Max:76, Min:66
T1 invocations: 6,038,607
T2 invocations: 5,756,347
T3 invocations: 147,754,683
T3b invocations: 0
Total3 invocations: 147,754,683
Total4 invocations: 112,734

T3/T2 ratio: 26
T3b/T3 ratio: 0

T1 avg ex cycles: 40
T2 avg ex cycles: 74
T3&b avg ex cycles: 6
T4 avg ex cycles: 207
Avg. hops NOC1: 3
Avg. latency NOC1 (T2): 10,686
Avg. hops NOC2: 17
Avg. latency NOC2 (T3): 6,312
Number of K Nodes Processed: 5,499
Number of K Edges Processed: 147,770
Node Re-explore factor: 1.31
Edge Re-explore factor: 1.15
Nodes/cy: 3
Edges/cy: 70
TEPS: 61

---DCache---
DCache Size: 28,448
DRAM words: 133,760
  DHits: 273,211,254
  DMisses: 12,504,080
  DHit Rate (hit/miss): 96%
  DEvictions: 10,726,986
  DEviction Rate (evict/misses): 86%
  MC Transactions: 14,438,055
  MC Writes: 1,818,108
Avg. Transactions: 86% , Writes: 11%, Avg. Latency: 22
Max MC id: 5 of 8. Transactions: 87% , Writes: 11%, MC mean Latency: 25
HBM refresh energy (nJ): 6
HBM access energy (nJ): 27,351,451
MemC wire energy 2.5d (nJ): 8,716,107
MemC wire energy 3d (nJ): 2,179,027

---Energy---
Leakage Energy (nJ): 195,791
PU Dyn E (nJ): 8,316,389
Mem Dyn E (nJ): 55,651,386
Route Dyn E (nJ): 10,234,715
Dynamic Energy (nJ): 74,202,491
Ratio of Dyn/Leak: 379
Total Energy (nJ): 74,398,282
Total Energy (nJ) 3D: 73,278,087
Cores Energy (nJ): 8,322,235
Route Energy (nJ): 10,253,958
Route Energy (nJ) 3D: 15,670,844
Mem Energy   (nJ): 55,822,089
Mem Energy   (nJ) 3D: 49,285,009
Avg. Power (mW): 35,424.58
Power Density (mW/mm2): 105.51

---Runtime---
Runtime in K cycles: 2,100.19
Microseconds: 2,100.19
Time per iteration (ms): 2.10

---Throughput---
GOP/s (aka OPS/ns): 587.67
GOP/s per core: 0.57
FLOP/s: 70.35
FLOP/s per core: 0.07
Max Peak FLOP/s: 1,024.00
Avg. BW GB/s: 2,520.55
Max BW GB/s: 4,096.00

---Traffic---
In-Die bisection_bytes BW (GB/s): 512.00
Inter-board traffic (msg/ns): 0.00, per-link: 0.00
Inter-pack traffic (msg/ns): 0.00, per-link: 0.00
Inter-die traffic (msg/ns): 0.00, per-link: 0.00
Ruche traffic (msg/ns): 0.00, per-link: 0.00
All traffic (msg/ns): 2,640.11, per-link: 2.58
Inter-die reduction wrt all: inf
Inter-board reduction wrt inter-die: -nan

---Data Movement---
All traffic (msg): 5,544,719,077
Arith. Intensity FLOP/Loads: 0.22
Arith. Intensity FLOP/Msgs: 0.03
Arith. Intensity OPS/Loads: 1.84
Arith. Intensity OPS/Msgs: 0.22



===Core Utilization Total=== CORE-S:21;; TIME K cy:2,100 ;; Nodes Proc: 686,498 -- Edges Proc: 18,767,966
======== IT IS COLD ======= Only 10 Tiles active

===PRINTING FRAME STATS

FCollision In Avg:0, SD:6, Max:98, Min:0
FCollision Out Avg:1, SD:7, Max:97, Min:0
FCollision End Avg:0, SD:4, Max:91, Min:0
FTask1 Avg:0, SD:2, Max:36, Min:0
FTask2 Avg:1, SD:6, Max:100, Min:0
FTask3 Avg:2, SD:1, Max:12, Min:0
FCore Active Avg:3, SD:7, Max:100, Min:1
FRouter Active Avg:5, SD:5, Max:51, Min:2
T1 invocations: 8,447
T2 invocations: 11,912
T3 invocations: 339,660
T3b invocations: 0
Total3 invocations: 339,660
Total4 invocations: 1,367

T3/T2 ratio: 29
T3b/T3 ratio: 0

T1 avg ex cycles: 36
T2 avg ex cycles: 62
T3&b avg ex cycles: 5
T4 avg ex cycles: 60
Avg. hops NOC1: 3
Avg. latency NOC1 (T2): 4,142
Avg. hops NOC2: 16
Avg. latency NOC2 (T3): 1,133

===PRINTING ACUM STATS at pu_cycles: 2,200,158

ACollision In Avg:49, SD:14, Max:107, Min:22
ACollision Out Avg:49, SD:18, Max:102, Min:15
ACollision End Avg:16, SD:9, Max:66, Min:1
ATask1 Avg:11, SD:0, Max:12, Min:5
ATask2 Avg:19, SD:2, Max:26, Min:1
ATask3 Avg:39, SD:6, Max:76, Min:26
ACore Active Avg:69, SD:6, Max:98, Min:44
ARouter Active Avg:67, SD:2, Max:74, Min:64
T1 invocations: 6,048,037
T2 invocations: 5,770,639
T3 invocations: 148,088,301
T3b invocations: 0
Total3 invocations: 148,088,301
Total4 invocations: 114,105

T3/T2 ratio: 26
T3b/T3 ratio: 0

T1 avg ex cycles: 40
T2 avg ex cycles: 74
T3&b avg ex cycles: 6
T4 avg ex cycles: 205
Avg. hops NOC1: 3
Avg. latency NOC1 (T2): 10,671
Avg. hops NOC2: 17
Avg. latency NOC2 (T3): 6,300
Number of K Nodes Processed: 5,501
Number of K Edges Processed: 148,097
Node Re-explore factor: 1.31
Edge Re-explore factor: 1.15
Nodes/cy: 3
Edges/cy: 67
TEPS: 58

---DCache---
DCache Size: 28,448
DRAM words: 133,760
  DHits: 273,873,248
  DMisses: 12,531,207
  DHit Rate (hit/miss): 96%
  DEvictions: 10,754,016
  DEviction Rate (evict/misses): 86%
  MC Transactions: 14,467,953
  MC Writes: 1,820,874
Avg. Transactions: 82% , Writes: 10%, Avg. Latency: 22
Max MC id: 5 of 8. Transactions: 83% , Writes: 11%, MC mean Latency: 25
HBM refresh energy (nJ): 6
HBM access energy (nJ): 27,408,090
MemC wire energy 2.5d (nJ): 8,734,156
MemC wire energy 3d (nJ): 2,183,539

---Energy---
Leakage Energy (nJ): 205,110
PU Dyn E (nJ): 8,334,012
Mem Dyn E (nJ): 55,769,836
Route Dyn E (nJ): 10,256,961
Dynamic Energy (nJ): 74,360,810
Ratio of Dyn/Leak: 363
Total Energy (nJ): 74,565,920
Total Energy (nJ) 3D: 73,443,963
Cores Energy (nJ): 8,340,136
Route Energy (nJ): 10,277,120
Route Energy (nJ) 3D: 15,705,779
Mem Energy   (nJ): 55,948,665
Mem Energy   (nJ) 3D: 49,398,048
Avg. Power (mW): 33,891.17
Power Density (mW/mm2): 100.95

---Runtime---
Runtime in K cycles: 2,200.16
Microseconds: 2,200.16
Time per iteration (ms): 2.20

---Throughput---
GOP/s (aka OPS/ns): 562.12
GOP/s per core: 0.55
FLOP/s: 67.31
FLOP/s per core: 0.07
Max Peak FLOP/s: 1,024.00
Avg. BW GB/s: 2,411.31
Max BW GB/s: 4,096.00

---Traffic---
In-Die bisection_bytes BW (GB/s): 512.00
Inter-board traffic (msg/ns): 0.00, per-link: 0.00
Inter-pack traffic (msg/ns): 0.00, per-link: 0.00
Inter-die traffic (msg/ns): 0.00, per-link: 0.00
Ruche traffic (msg/ns): 0.00, per-link: 0.00
All traffic (msg/ns): 2,525.62, per-link: 2.47
Inter-die reduction wrt all: inf
Inter-board reduction wrt inter-die: -nan

---Data Movement---
All traffic (msg): 5,556,752,135
Arith. Intensity FLOP/Loads: 0.22
Arith. Intensity FLOP/Msgs: 0.03
Arith. Intensity OPS/Loads: 1.84
Arith. Intensity OPS/Msgs: 0.22



===Core Utilization Total=== CORE-S:22;; TIME K cy:2,200 ;; Nodes Proc: 686,696 -- Edges Proc: 18,784,543
======== IT IS COLD ======= Only 1 Tiles active

===PRINTING FRAME STATS

FCollision In Avg:0, SD:4, Max:98, Min:0
FCollision Out Avg:0, SD:6, Max:98, Min:0
FCollision End Avg:0, SD:4, Max:93, Min:0
FTask1 Avg:0, SD:2, Max:67, Min:0
FTask2 Avg:0, SD:6, Max:100, Min:0
FTask3 Avg:1, SD:1, Max:7, Min:0
FCore Active Avg:2, SD:7, Max:100, Min:0
FRouter Active Avg:3, SD:5, Max:42, Min:1
T1 invocations: 4,968
T2 invocations: 6,695
T3 invocations: 200,638
T3b invocations: 0
Total3 invocations: 200,638
Total4 invocations: 919

T3/T2 ratio: 30
T3b/T3 ratio: 0

T1 avg ex cycles: 36
T2 avg ex cycles: 74
T3&b avg ex cycles: 5
T4 avg ex cycles: 56
Avg. hops NOC1: 2
Avg. latency NOC1 (T2): 5,608
Avg. hops NOC2: 17
Avg. latency NOC2 (T3): 1,202

===PRINTING ACUM STATS at pu_cycles: 2,300,102

ACollision In Avg:47, SD:13, Max:102, Min:21
ACollision Out Avg:47, SD:17, Max:98, Min:14
ACollision End Avg:15, SD:9, Max:64, Min:1
ATask1 Avg:10, SD:0, Max:12, Min:5
ATask2 Avg:18, SD:2, Max:25, Min:1
ATask3 Avg:37, SD:6, Max:71, Min:25
ACore Active Avg:66, SD:6, Max:97, Min:44
ARouter Active Avg:65, SD:1, Max:73, Min:61
T1 invocations: 6,055,022
T2 invocations: 5,780,443
T3 invocations: 148,293,209
T3b invocations: 0
Total3 invocations: 148,293,209
Total4 invocations: 115,061

T3/T2 ratio: 26
T3b/T3 ratio: 0

T1 avg ex cycles: 40
T2 avg ex cycles: 74
T3&b avg ex cycles: 6
T4 avg ex cycles: 204
Avg. hops NOC1: 3
Avg. latency NOC1 (T2): 10,663
Avg. hops NOC2: 17
Avg. latency NOC2 (T3): 6,294
Number of K Nodes Processed: 5,502
Number of K Edges Processed: 148,295
Node Re-explore factor: 1.31
Edge Re-explore factor: 1.16
Nodes/cy: 2
Edges/cy: 64
TEPS: 56

---DCache---
DCache Size: 28,448
DRAM words: 133,760
  DHits: 274,277,964
  DMisses: 12,546,889
  DHit Rate (hit/miss): 96%
  DEvictions: 10,768,897
  DEviction Rate (evict/misses): 86%
  MC Transactions: 14,485,249
  MC Writes: 1,822,488
Avg. Transactions: 79% , Writes: 10%, Avg. Latency: 22
Max MC id: 5 of 8. Transactions: 80% , Writes: 10%, MC mean Latency: 25
HBM refresh energy (nJ): 6
HBM access energy (nJ): 27,440,855
MemC wire energy 2.5d (nJ): 8,744,597
MemC wire energy 3d (nJ): 2,186,149

---Energy---
Leakage Energy (nJ): 214,428
PU Dyn E (nJ): 8,345,495
Mem Dyn E (nJ): 55,843,221
Route Dyn E (nJ): 10,270,908
Dynamic Energy (nJ): 74,459,625
Ratio of Dyn/Leak: 347
Total Energy (nJ): 74,674,053
Total Energy (nJ) 3D: 73,551,646
Cores Energy (nJ): 8,351,896
Route Energy (nJ): 10,291,983
Route Energy (nJ) 3D: 15,728,024
Mem Energy   (nJ): 56,030,174
Mem Energy   (nJ) 3D: 49,471,726
Avg. Power (mW): 32,465.54
Power Density (mW/mm2): 96.70

---Runtime---
Runtime in K cycles: 2,300.10
Microseconds: 2,300.10
Time per iteration (ms): 2.30

---Throughput---
GOP/s (aka OPS/ns): 538.43
GOP/s per core: 0.53
FLOP/s: 64.47
FLOP/s per core: 0.06
Max Peak FLOP/s: 1,024.00
Avg. BW GB/s: 2,310.10
Max BW GB/s: 4,096.00

---Traffic---
In-Die bisection_bytes BW (GB/s): 512.00
Inter-board traffic (msg/ns): 0.00, per-link: 0.00
Inter-pack traffic (msg/ns): 0.00, per-link: 0.00
Inter-die traffic (msg/ns): 0.00, per-link: 0.00
Ruche traffic (msg/ns): 0.00, per-link: 0.00
All traffic (msg/ns): 2,419.13, per-link: 2.36
Inter-die reduction wrt all: inf
Inter-board reduction wrt inter-die: -nan

---Data Movement---
All traffic (msg): 5,564,242,610
Arith. Intensity FLOP/Loads: 0.22
Arith. Intensity FLOP/Msgs: 0.03
Arith. Intensity OPS/Loads: 1.84
Arith. Intensity OPS/Msgs: 0.22



===Core Utilization Total=== CORE-S:23;; TIME K cy:2,300 ;; Nodes Proc: 686,828 -- Edges Proc: 18,784,687
======== IT IS COLD ======= Only 2 Tiles active

===PRINTING FRAME STATS

FCollision In Avg:0, SD:3, Max:99, Min:0
FCollision Out Avg:0, SD:4, Max:99, Min:0
FCollision End Avg:0, SD:2, Max:65, Min:0
FTask1 Avg:0, SD:0, Max:9, Min:0
FTask2 Avg:0, SD:2, Max:67, Min:0
FTask3 Avg:0, SD:0, Max:3, Min:0
FCore Active Avg:0, SD:2, Max:67, Min:0
FRouter Active Avg:1, SD:3, Max:27, Min:0
T1 invocations: 834
T2 invocations: 1,026
T3 invocations: 60,553
T3b invocations: 0
Total3 invocations: 60,553
Total4 invocations: 302

T3/T2 ratio: 59
T3b/T3 ratio: 0

T1 avg ex cycles: 38
T2 avg ex cycles: 86
T3&b avg ex cycles: 5
T4 avg ex cycles: 36
Avg. hops NOC1: 3
Avg. latency NOC1 (T2): 6,985
Avg. hops NOC2: 18
Avg. latency NOC2 (T3): 1,188

===PRINTING ACUM STATS at pu_cycles: 2,400,092

ACollision In Avg:45, SD:13, Max:98, Min:20
ACollision Out Avg:45, SD:17, Max:94, Min:14
ACollision End Avg:15, SD:9, Max:61, Min:1
ATask1 Avg:10, SD:0, Max:11, Min:5
ATask2 Avg:17, SD:2, Max:24, Min:4
ATask3 Avg:35, SD:6, Max:68, Min:24
ACore Active Avg:64, SD:6, Max:93, Min:45
ARouter Active Avg:62, SD:1, Max:67, Min:58
T1 invocations: 6,057,243
T2 invocations: 5,784,132
T3 invocations: 148,335,473
T3b invocations: 0
Total3 invocations: 148,335,473
Total4 invocations: 115,299

T3/T2 ratio: 26
T3b/T3 ratio: 0

T1 avg ex cycles: 40
T2 avg ex cycles: 74
T3&b avg ex cycles: 6
T4 avg ex cycles: 204
Avg. hops NOC1: 3
Avg. latency NOC1 (T2): 10,660
Avg. hops NOC2: 17
Avg. latency NOC2 (T3): 6,293
Number of K Nodes Processed: 5,502
Number of K Edges Processed: 148,335
Node Re-explore factor: 1.31
Edge Re-explore factor: 1.16
Nodes/cy: 2
Edges/cy: 62
TEPS: 53

---DCache---
DCache Size: 28,448
DRAM words: 133,760
  DHits: 274,358,093
  DMisses: 12,550,419
  DHit Rate (hit/miss): 96%
  DEvictions: 10,772,268
  DEviction Rate (evict/misses): 86%
  MC Transactions: 14,488,988
  MC Writes: 1,822,697
Avg. Transactions: 75% , Writes: 9%, Avg. Latency: 22
Max MC id: 5 of 8. Transactions: 76% , Writes: 10%, MC mean Latency: 25
HBM refresh energy (nJ): 7
HBM access energy (nJ): 27,447,938
MemC wire energy 2.5d (nJ): 8,746,854
MemC wire energy 3d (nJ): 2,186,714

---Energy---
Leakage Energy (nJ): 223,749
PU Dyn E (nJ): 8,348,252
Mem Dyn E (nJ): 55,860,505
Route Dyn E (nJ): 10,275,039
Dynamic Energy (nJ): 74,483,796
Ratio of Dyn/Leak: 333
Total Energy (nJ): 74,707,545
Total Energy (nJ) 3D: 73,585,632
Cores Energy (nJ): 8,354,932
Route Energy (nJ): 10,297,030
Route Energy (nJ) 3D: 15,735,257
Mem Energy   (nJ): 56,055,585
Mem Energy   (nJ) 3D: 49,495,444
Avg. Power (mW): 31,126.95
Power Density (mW/mm2): 92.71

---Runtime---
Runtime in K cycles: 2,400.09
Microseconds: 2,400.09
Time per iteration (ms): 2.40

---Throughput---
GOP/s (aka OPS/ns): 516.18
GOP/s per core: 0.50
FLOP/s: 61.80
FLOP/s per core: 0.06
Max Peak FLOP/s: 1,024.00
Avg. BW GB/s: 2,214.79
Max BW GB/s: 4,096.00

---Traffic---
In-Die bisection_bytes BW (GB/s): 512.00
Inter-board traffic (msg/ns): 0.00, per-link: 0.00
Inter-pack traffic (msg/ns): 0.00, per-link: 0.00
Inter-die traffic (msg/ns): 0.00, per-link: 0.00
Ruche traffic (msg/ns): 0.00, per-link: 0.00
All traffic (msg/ns): 2,319.24, per-link: 2.26
Inter-die reduction wrt all: inf
Inter-board reduction wrt inter-die: -nan

---Data Movement---
All traffic (msg): 5,566,380,794
Arith. Intensity FLOP/Loads: 0.22
Arith. Intensity FLOP/Msgs: 0.03
Arith. Intensity OPS/Loads: 1.84
Arith. Intensity OPS/Msgs: 0.22



===Core Utilization Total=== CORE-S:24;; TIME K cy:2,400 ;; Nodes Proc: 686,898 -- Edges Proc: 18,784,760
======== IT IS COLD ======= Only 0 Tiles active

===PRINTING FRAME STATS

FCollision In Avg:0, SD:3, Max:99, Min:0
FCollision Out Avg:0, SD:4, Max:99, Min:0
FCollision End Avg:0, SD:3, Max:99, Min:0
FTask1 Avg:0, SD:0, Max:9, Min:0
FTask2 Avg:0, SD:3, Max:100, Min:0
FTask3 Avg:0, SD:0, Max:2, Min:0
FCore Active Avg:1, SD:3, Max:100, Min:0
FRouter Active Avg:1, SD:3, Max:39, Min:0
T1 invocations: 646
T2 invocations: 1,380
T3 invocations: 78,008
T3b invocations: 0
Total3 invocations: 78,008
Total4 invocations: 360

T3/T2 ratio: 57
T3b/T3 ratio: 0

T1 avg ex cycles: 42
T2 avg ex cycles: 107
T3&b avg ex cycles: 5
T4 avg ex cycles: 24
Avg. hops NOC1: 3
Avg. latency NOC1 (T2): 9,889
Avg. hops NOC2: 17
Avg. latency NOC2 (T3): 98

===PRINTING ACUM STATS at pu_cycles: 2,500,101

ACollision In Avg:43, SD:12, Max:94, Min:19
ACollision Out Avg:43, SD:16, Max:91, Min:13
ACollision End Avg:14, SD:8, Max:61, Min:1
ATask1 Avg:10, SD:0, Max:11, Min:5
ATask2 Avg:17, SD:2, Max:23, Min:8
ATask3 Avg:34, SD:5, Max:68, Min:23
ACore Active Avg:61, SD:5, Max:89, Min:47
ARouter Active Avg:60, SD:1, Max:66, Min:56
T1 invocations: 6,057,687
T2 invocations: 5,785,513
T3 invocations: 148,413,082
T3b invocations: 0
Total3 invocations: 148,413,082
Total4 invocations: 115,659

T3/T2 ratio: 26
T3b/T3 ratio: 0

T1 avg ex cycles: 40
T2 avg ex cycles: 74
T3&b avg ex cycles: 6
T4 avg ex cycles: 203
Avg. hops NOC1: 3
Avg. latency NOC1 (T2): 10,660
Avg. hops NOC2: 17
Avg. latency NOC2 (T3): 6,290
Number of K Nodes Processed: 5,503
Number of K Edges Processed: 148,414
Node Re-explore factor: 1.31
Edge Re-explore factor: 1.16
Nodes/cy: 2
Edges/cy: 59
TEPS: 51

---DCache---
DCache Size: 28,448
DRAM words: 133,760
  DHits: 274,515,246
  DMisses: 12,556,403
  DHit Rate (hit/miss): 96%
  DEvictions: 10,778,252
  DEviction Rate (evict/misses): 86%
  MC Transactions: 14,495,544
  MC Writes: 1,823,269
Avg. Transactions: 72% , Writes: 9%, Avg. Latency: 22
Max MC id: 5 of 8. Transactions: 73% , Writes: 9%, MC mean Latency: 25
HBM refresh energy (nJ): 7
HBM access energy (nJ): 27,460,358
MemC wire energy 2.5d (nJ): 8,750,812
MemC wire energy 3d (nJ): 2,187,703

---Energy---
Leakage Energy (nJ): 233,073
PU Dyn E (nJ): 8,351,842
Mem Dyn E (nJ): 55,885,616
Route Dyn E (nJ): 10,280,561
Dynamic Energy (nJ): 74,518,019
Ratio of Dyn/Leak: 320
Total Energy (nJ): 74,751,092
Total Energy (nJ) 3D: 73,629,134
Cores Energy (nJ): 8,358,800
Route Energy (nJ): 10,303,469
Route Energy (nJ) 3D: 15,744,619
Mem Energy   (nJ): 56,088,824
Mem Energy   (nJ) 3D: 49,525,715
Avg. Power (mW): 29,899.23
Power Density (mW/mm2): 89.06

---Runtime---
Runtime in K cycles: 2,500.10
Microseconds: 2,500.10
Time per iteration (ms): 2.50

---Throughput---
GOP/s (aka OPS/ns): 495.73
GOP/s per core: 0.48
FLOP/s: 59.36
FLOP/s per core: 0.06
Max Peak FLOP/s: 1,024.00
Avg. BW GB/s: 2,127.09
Max BW GB/s: 4,096.00

---Traffic---
In-Die bisection_bytes BW (GB/s): 512.00
Inter-board traffic (msg/ns): 0.00, per-link: 0.00
Inter-pack traffic (msg/ns): 0.00, per-link: 0.00
Inter-die traffic (msg/ns): 0.00, per-link: 0.00
Ruche traffic (msg/ns): 0.00, per-link: 0.00
All traffic (msg/ns): 2,227.64, per-link: 2.18
Inter-die reduction wrt all: inf
Inter-board reduction wrt inter-die: -nan

---Data Movement---
All traffic (msg): 5,569,322,686
Arith. Intensity FLOP/Loads: 0.22
Arith. Intensity FLOP/Msgs: 0.03
Arith. Intensity OPS/Loads: 1.84
Arith. Intensity OPS/Msgs: 0.22



===Core Utilization Total=== CORE-S:25;; TIME K cy:2,500 ;; Nodes Proc: 686,960 -- Edges Proc: 18,784,816
======== IT IS COLD ======= Only 0 Tiles active
Epoch Done Router: 3
Epoch Done Router: 7
Epoch Done Router: 6
Epoch Done Router: 4
Epoch Done Router: 5
Epoch Done Router: 0
Epoch Done Router: 2
##EPOCH## 1 COMPLETED at Time (K cy): 2,556
Nodes processed until now: 5,503,539
Edges processed until now: 148,447,365
Epoch Done Router: 1
Program Done Router Thread: 1
Program Done Worker Thread: 6
Program Done Router Thread: 6
Program Done Router Thread: 5
Program Done Router Thread: 2
Program Done Worker Thread: 0
Program Done Router Thread: 0
Program Done Worker Thread: 2
Program Done Worker Thread: 4
Program Done Worker Thread: 3
Program Done Worker Thread: 5
Program Done Worker Thread: 1
Program Done Worker Thread: 7
Program Done Router Thread: 7
Program Done Router Thread: 4
Program Done Router Thread: 3

===PRINTING ACUM STATS at pu_cycles: 2,556,008

ACollision In Avg:42, SD:12, Max:92, Min:19
ACollision Out Avg:42, SD:16, Max:88, Min:13
ACollision End Avg:14, SD:8, Max:58, Min:1
ATask1 Avg:9, SD:0, Max:11, Min:8
ATask2 Avg:16, SD:2, Max:22, Min:12
ATask3 Avg:33, SD:5, Max:64, Min:22
ACore Active Avg:60, SD:5, Max:87, Min:46
ARouter Active Avg:58, SD:1, Max:63, Min:55
T1 invocations: 6,060,235
T2 invocations: 5,788,928
T3 invocations: 148,447,365
T3b invocations: 0
Total3 invocations: 148,447,365
Total4 invocations: 115,822

T3/T2 ratio: 26
T3b/T3 ratio: 0

T1 avg ex cycles: 40
T2 avg ex cycles: 74
T3&b avg ex cycles: 6
T4 avg ex cycles: 203
Avg. hops NOC1: 3
Avg. latency NOC1 (T2): 10,656
Avg. hops NOC2: 17
Avg. latency NOC2 (T3): 6,288

Runtime at program end in K cycles: 2,556
Runtime before cooldown in K cycles: 1,700


Number of K Nodes Processed: 5,503
Number of K Edges Processed: 148,447
Node Re-explore factor: 1.31
Edge Re-explore factor: 1.16
Nodes/cy: 2
Edges/cy: 58
TEPS: 50

---DCache---
DCache Size: 28,448
DRAM words: 133,760
  DHits: 274,584,077
  DMisses: 12,558,947
  DHit Rate (hit/miss): 96%
  DEvictions: 10,780,796
  DEviction Rate (evict/misses): 86%
  MC Transactions: 14,498,265
  MC Writes: 1,823,446
Avg. Transactions: 71% , Writes: 9%, Avg. Latency: 22
Max MC id: 5 of 8. Transactions: 72% , Writes: 9%, MC mean Latency: 25
HBM refresh energy (nJ): 7
HBM access energy (nJ): 27,465,513
MemC wire energy 2.5d (nJ): 8,752,455
MemC wire energy 3d (nJ): 2,188,114

---Energy---
Leakage Energy (nJ): 238,285
PU Dyn E (nJ): 8,354,305
Mem Dyn E (nJ): 55,899,727
Route Dyn E (nJ): 10,283,221
Dynamic Energy (nJ): 74,537,253
Ratio of Dyn/Leak: 313
Total Energy (nJ): 74,775,538
Total Energy (nJ) 3D: 73,653,755
Cores Energy (nJ): 8,361,419
Route Energy (nJ): 10,306,641
Route Energy (nJ) 3D: 15,749,198
Mem Energy   (nJ): 56,107,479
Mem Energy   (nJ) 3D: 49,543,138
Avg. Power (mW): 29,254.81
Power Density (mW/mm2): 87.14

---Runtime---
Runtime in K cycles: 2,556.01
Microseconds: 2,556.01
Time per iteration (ms): 2.56

---Inst---
K Loads: 674,640
K Stores: 655,362
K Instructions: 1,239,772

---Throughput---
GOP/s (aka OPS/ns): 485.04
GOP/s per core: 0.47
FLOP/s: 58.08
FLOP/s per core: 0.06
Max Peak FLOP/s: 1,024.00
Avg. BW GB/s: 2,081.37
Max BW GB/s: 4,096.00

---Traffic---
In-Die bisection_bytes BW (GB/s): 512.00
Inter-board traffic (msg/ns): 0.00, per-link: 0.00
Inter-pack traffic (msg/ns): 0.00, per-link: 0.00
Inter-die traffic (msg/ns): 0.00, per-link: 0.00
Ruche traffic (msg/ns): 0.00, per-link: 0.00
All traffic (msg/ns): 2,179.46, per-link: 2.13
Inter-die reduction wrt all: inf
Inter-board reduction wrt inter-die: -nan

---Data Movement---
All traffic (msg): 5,570,726,939
Arith. Intensity FLOP/Loads: 0.22
Arith. Intensity FLOP/Msgs: 0.03
Arith. Intensity OPS/Loads: 1.84
Arith. Intensity OPS/Msgs: 0.22

Simulation time: 220.38
Sim noc_cy/s: 11,598.27
Sim Msg/s: 25,278,003.60

Version 31

