Dataset:  Kron22/
Dry run: 0
Open Edge Count File succesfully
Edges Traversed BFS: 128309848
Found Vertices: 4194304, Edges: 128311436
avg degree 31
Array  Kron22/node_array.bin found
Malloc array of size 16777220 bytes
Readin array of size 16777216 bytes
Finished Reading Array Bytes
No reordering Array 32bit
Array  Kron22/edge_array.bin found
Malloc array of size 513245744 bytes
Readin array of size 513245744 bytes
Finished Reading Array Bytes
No reordering Array 32bit
Reading graph elapsed time: 0.202632s

Dataset Footprint: 505 MiB
Dataset Footprint per Board: 4240.44 Mb
Dataset injection time (ms): 0.258816
Max Dataset Footprint: 1026 MiB

Dataset footprint per tile: 505 KiB
Proxys footprint per tile: 0 KiB
Reserved SRAM per tile: 4 KiB

Ideal SRAM per tile: 509 KiB
reserved_words_for_dataset:6303
dataset_words_per_tile:129408
remaining_sram_words:31518
min_dcache_sram_words_required:6386
dataset_words_per_tile:129408
min_pcache_sram_words_required:0
proxys_words_per_tile:0
Dcache footprint ratio: 5
Dataset Cached: 1
DCache: 31152 words, lines: 1947, sets: 1947
Proxys Cached: 0
Pcache: 0 words, sets: 0
Node per tile: 4,096
Edge per tile: 125,305
GRID_X: 32
GRID_SIZE: 1,024
smt_per_tile: 1
noc_freq: 1
pu_freq: 1
RUCHE_X: 8
PROXY_W: 32
DIE_W: 16
DIE_H: 16
DIES: 4
BORDER_TILES_PER_DIE: 64
PACK_W: 32
PACK_H: 32
DIES_PACK_FACTOR: 2
DIES_PER_PACK: 4
PACKAGES: 1
BOARD_W: 32
BOARD_H: 32
BOARDS: 1
MUX_BUS: 1
DCACHE: 1
PCACHE: 0
PROXY_FACTOR: 1
CACHE_WAYS: 1
TORUS: 1
PHY_NOCS: 1
WIDE_NOC_ID: 0
NOC_CONF: 1
noc_width: 32
hbm_channel_bit_width: 512
ld_st_op_byte_width: 4
PROXY_ROUTING: 0
WRITE_THROUGH: 0
ASSERT_MODE: 0
GLOBAL_BARRIER: 0
OQ flits: 6 ; 64 ; 2
IQ flits: 6 ; 1,024 ; 32
OQ messages: 2 ; 32 ; 1
IQ messages: 2 ; 512 ; 16
max_task2 size: 64
io_factor_t2: 16
io_factor_t3: 16
io_factor_t3b: 16

Active SRAM Storage per tile: 127 KiB
Total SRAM Storage per tile: 128 KiB
Agreggated SRAM Storage: 128 MiB

Active DRAM Storage per tile: 0.493164 MiB
Total DRAM Storage per tile: 32 MiB
Agreggated DRAM Storage: 32 GiB

Inter-Die #links: 512
Inter-Die (Gbits): 16,384
Inter-Die (Gbits/mm): 548.034
Bisection BW of Board (Gbits): 8,192
Border IO #Dies: 8
Border IO Die BW (Gbits): 2,048
Off-Board BW Total (Gbits): 16,384
Off-Board BW Density (Gbits/mm): 142
Die side: 7.47 mm
Die border wire density: 548.03 Gbits/mm
HBM wire density: 548.03 Gbits/mm

Tiles per Die: 256 (16x16)
Tile Area: 0.09 mm2, side: 0.30 mm
- Core/Rout Area: 0.05 mm2
- SRAM Area: 0.04 mm2
- SRAM/Logic Ratio: 0.66x

Dies per Package: 4 (2x2)
Die Area: 55.86 mm2, side: 7.47 mm
- Tiles Area: 23.12 mm2
- PHY Area: 23.74 mm2
- MC Area: 9.00 mm2

Packages per Board: 1 (1x1)
Package Area: 823.44 mm2, side: 28.70 mm
- IOdie Area: 160.00 mm2
- Dies Area: 223.44 mm2
- HBM Area: 440.00 mm2

Boards: 1 (1x1)
Board Area: 823.44 mm2
Total Area: 823.44 mm2



ESTIMATED COST OF SILICON AND PACKAGING. ONLY VARIABLE, NO FIXED COSTS
Good dies per wafer 3d: 584
Good dies per wafer 2d: 1,012
--Dies 3D Cost: 41.42 $
--Dies 2.5D Cost: 23.90 $
--Dies 2D Cost: 23.90 $
--HBM Cost: 240.00 $
--IOdie Cost: 16.88 $
--Packaging Cost 3d: 9.94 $
--Packaging Cost 2.5d: 14.48 $
--Packaging Cost 2d: 6.12 $
SiP Cost 3d: 308.24 $
SiP Cost 2.5d: 295.26 $
SiP Cost 2d: 46.90 $
--Board Cost: 0.82 $
Total SiPs Cost 3d: 309.06 $
Total SiPs Cost 2.5d: 296.09 $
Total SiPs Cost 2d: 47.72 $

Perf counters initialized
Mesh connected
Cache structures initialized
proxys initialized
Dataset structures initialized


Starting Simulation
INIT epoch: 1
INIT epoch: 1
INIT epoch: 1
INIT epoch: 1
INIT epoch: 1
INIT epoch: 1
INIT epoch: 1
INIT epoch: 1

===PRINTING FRAME STATS

FCollision In Avg:-nan, SD:-nan, Max:72, Min:0
FCollision Out Avg:-nan, SD:-nan, Max:4, Min:0
FCollision End Avg:-nan, SD:-nan, Max:0, Min:0
FTask1 Avg:-nan, SD:-nan, Max:86, Min:51
FTask2 Avg:-nan, SD:-nan, Max:0, Min:0
FTask3 Avg:-nan, SD:-nan, Max:49, Min:14
FCore Active Avg:-nan, SD:-nan, Max:100, Min:100
FRouter Active Avg:-nan, SD:-nan, Max:96, Min:39
T1 invocations: 389,605
T2 invocations: 0
T3 invocations: 12,005,723
T3b invocations: 0
Total3 invocations: 12,005,723
Total4 invocations: 0

T3/T2 ratio: inf
T3b/T3 ratio: 0

T1 avg ex cycles: 201
T2 avg ex cycles: -nan
T3&b avg ex cycles: 2
T4 avg ex cycles: -nan
Avg. hops NOC1: -nan
Avg. latency NOC1 (T2): -nan
Avg. hops NOC2: 13
Avg. latency NOC2 (T3): 3,280

===PRINTING ACUM STATS at pu_cycles: 100,403

ACollision In Avg:-nan, SD:-nan, Max:72, Min:0
ACollision Out Avg:-nan, SD:-nan, Max:4, Min:0
ACollision End Avg:-nan, SD:-nan, Max:0, Min:0
ATask1 Avg:-nan, SD:-nan, Max:86, Min:51
ATask2 Avg:-nan, SD:-nan, Max:0, Min:0
ATask3 Avg:-nan, SD:-nan, Max:49, Min:14
ACore Active Avg:-nan, SD:-nan, Max:100, Min:100
ARouter Active Avg:-nan, SD:-nan, Max:96, Min:39
T1 invocations: 389,605
T2 invocations: 0
T3 invocations: 12,005,723
T3b invocations: 0
Total3 invocations: 12,005,723
Total4 invocations: 0

T3/T2 ratio: inf
T3b/T3 ratio: 0

T1 avg ex cycles: 201
T2 avg ex cycles: -nan
T3&b avg ex cycles: 2
T4 avg ex cycles: -nan
Avg. hops NOC1: -nan
Avg. latency NOC1 (T2): -nan
Avg. hops NOC2: 13
Avg. latency NOC2 (T3): 3,280
Number of K Nodes Processed: 12,040
Number of K Edges Processed: 12,040
Node Re-explore factor: 2.87
Edge Re-explore factor: 0.09
Nodes/cy: 120
Edges/cy: 120
TEPS: 1,278

---DCache---
DCache Size: 31,152
DRAM words: 129,408
  DHits: 19,910,725
  DMisses: 1,112,831
  DHit Rate (hit/miss): 95%
  DEvictions: 192,316
  DEviction Rate (evict/misses): 17%
  MC Transactions: 1,225,174
  MC Writes: 94,570
Avg. Transactions: 38% , Writes: 3%, Avg. Latency: 0
Max MC id: 27 of 32. Transactions: 41% , Writes: 4%, MC mean Latency: 0
HBM refresh energy (nJ): 0
HBM access energy (nJ): 2,320,969
MemC wire energy 2.5d (nJ): 387,822
MemC wire energy 3d (nJ): 96,955

---Energy---
Leakage Energy (nJ): 10,361
PU Dyn E (nJ): 689,625
Mem Dyn E (nJ): 4,128,289
Route Dyn E (nJ): 831,196
Dynamic Energy (nJ): 5,649,110
Ratio of Dyn/Leak: 545
Total Energy (nJ): 5,659,471
Total Energy (nJ) 3D: 5,954,570
Cores Energy (nJ): 689,905
Route Energy (nJ): 833,117
Route Energy (nJ) 3D: 1,419,082
Mem Energy   (nJ): 4,136,450
Mem Energy   (nJ) 3D: 3,845,583
Avg. Power (mW): 56,367.55
Power Density (mW/mm2): 68.45

---Runtime---
Runtime in K cycles: 100.40
Microseconds: 100.40
Time per iteration (ms): 0.10

---Throughput---
GOP/s (aka OPS/ns): 1,012.57
GOP/s per core: 0.99
FLOP/s: 123.73
FLOP/s per core: 0.12
Max Peak FLOP/s: 1,024.00
Avg. BW GB/s: 3,906.20
Max BW GB/s: 4,096.00

---Traffic---
In-Die bisection_bytes BW (GB/s): 256.00
Inter-board traffic (msg/ns): 0.00, per-link: 0.00
Inter-pack traffic (msg/ns): 0.00, per-link: 0.00
Inter-die traffic (msg/ns): 82.14, per-link: 0.32
Ruche traffic (msg/ns): 101.35, per-link: 0.40
All traffic (msg/ns): 3,289.71, per-link: 3.21
Inter-die reduction wrt all: 40.05
Inter-board reduction wrt inter-die: inf

---Data Movement---
All traffic (msg): 330,297,032
Arith. Intensity FLOP/Loads: 0.20
Arith. Intensity FLOP/Msgs: 0.04
Arith. Intensity OPS/Loads: 1.65
Arith. Intensity OPS/Msgs: 0.31



===Core Utilization Total=== CORE-S:1;; TIME K cy:100 ;; Nodes Proc: 1,498,712 -- Edges Proc: 0

===PRINTING FRAME STATS

FCollision In Avg:11, SD:7, Max:60, Min:0
FCollision Out Avg:0, SD:0, Max:3, Min:0
FCollision End Avg:0, SD:0, Max:0, Min:0
FTask1 Avg:76, SD:4, Max:84, Min:49
FTask2 Avg:0, SD:0, Max:0, Min:0
FTask3 Avg:24, SD:4, Max:51, Min:16
FCore Active Avg:100, SD:0, Max:100, Min:100
FRouter Active Avg:85, SD:5, Max:96, Min:38
T1 invocations: 386,959
T2 invocations: 0
T3 invocations: 12,355,185
T3b invocations: 0
Total3 invocations: 12,355,185
Total4 invocations: 0

T3/T2 ratio: inf
T3b/T3 ratio: 0

T1 avg ex cycles: 201
T2 avg ex cycles: -nan
T3&b avg ex cycles: 2
T4 avg ex cycles: -nan
Avg. hops NOC1: -nan
Avg. latency NOC1 (T2): -nan
Avg. hops NOC2: 12
Avg. latency NOC2 (T3): 3,296

===PRINTING ACUM STATS at pu_cycles: 200,415

ACollision In Avg:11, SD:7, Max:53, Min:0
ACollision Out Avg:0, SD:0, Max:3, Min:0
ACollision End Avg:0, SD:0, Max:0, Min:0
ATask1 Avg:76, SD:4, Max:85, Min:50
ATask2 Avg:0, SD:0, Max:0, Min:0
ATask3 Avg:24, SD:4, Max:50, Min:15
ACore Active Avg:100, SD:0, Max:100, Min:100
ARouter Active Avg:85, SD:4, Max:96, Min:39
T1 invocations: 776,560
T2 invocations: 0
T3 invocations: 24,361,288
T3b invocations: 0
Total3 invocations: 24,361,288
Total4 invocations: 0

T3/T2 ratio: inf
T3b/T3 ratio: 0

T1 avg ex cycles: 201
T2 avg ex cycles: -nan
T3&b avg ex cycles: 2
T4 avg ex cycles: -nan
Avg. hops NOC1: -nan
Avg. latency NOC1 (T2): -nan
Avg. hops NOC2: 13
Avg. latency NOC2 (T3): 3,288
Number of K Nodes Processed: 24,395
Number of K Edges Processed: 24,395
Node Re-explore factor: 5.82
Edge Re-explore factor: 0.19
Nodes/cy: 122
Edges/cy: 122
TEPS: 640

---DCache---
DCache Size: 31,152
DRAM words: 129,408
  DHits: 40,197,005
  DMisses: 1,984,473
  DHit Rate (hit/miss): 95%
  DEvictions: 403,479
  DEviction Rate (evict/misses): 20%
  MC Transactions: 2,213,621
  MC Writes: 200,149
Avg. Transactions: 35% , Writes: 3%, Avg. Latency: 0
Max MC id: 17 of 32. Transactions: 36% , Writes: 4%, MC mean Latency: 0
HBM refresh energy (nJ): 0
HBM access energy (nJ): 4,193,483
MemC wire energy 2.5d (nJ): 700,709
MemC wire energy 3d (nJ): 175,177

---Energy---
Leakage Energy (nJ): 20,681
PU Dyn E (nJ): 1,379,258
Mem Dyn E (nJ): 7,759,126
Route Dyn E (nJ): 1,656,192
Dynamic Energy (nJ): 10,794,577
Ratio of Dyn/Leak: 522
Total Energy (nJ): 10,815,258
Total Energy (nJ) 3D: 11,456,738
Cores Energy (nJ): 1,379,817
Route Energy (nJ): 1,660,027
Route Energy (nJ) 3D: 2,827,038
Mem Energy   (nJ): 7,775,416
Mem Energy   (nJ) 3D: 7,249,884
Avg. Power (mW): 53,964.32
Power Density (mW/mm2): 65.54

---Runtime---
Runtime in K cycles: 200.41
Microseconds: 200.41
Time per iteration (ms): 0.20

---Throughput---
GOP/s (aka OPS/ns): 1,015.90
GOP/s per core: 0.99
FLOP/s: 123.63
FLOP/s per core: 0.12
Max Peak FLOP/s: 1,024.00
Avg. BW GB/s: 3,952.86
Max BW GB/s: 4,096.00

---Traffic---
In-Die bisection_bytes BW (GB/s): 256.00
Inter-board traffic (msg/ns): 0.00, per-link: 0.00
Inter-pack traffic (msg/ns): 0.00, per-link: 0.00
Inter-die traffic (msg/ns): 81.95, per-link: 0.32
Ruche traffic (msg/ns): 101.39, per-link: 0.40
All traffic (msg/ns): 3,268.00, per-link: 3.19
Inter-die reduction wrt all: 39.88
Inter-board reduction wrt inter-die: inf

---Data Movement---
All traffic (msg): 654,955,295
Arith. Intensity FLOP/Loads: 0.20
Arith. Intensity FLOP/Msgs: 0.04
Arith. Intensity OPS/Loads: 1.64
Arith. Intensity OPS/Msgs: 0.31



===Core Utilization Total=== CORE-S:2;; TIME K cy:200 ;; Nodes Proc: 3,037,867 -- Edges Proc: 0

===PRINTING FRAME STATS

FCollision In Avg:11, SD:7, Max:62, Min:0
FCollision Out Avg:0, SD:0, Max:5, Min:0
FCollision End Avg:0, SD:0, Max:0, Min:0
FTask1 Avg:76, SD:4, Max:85, Min:50
FTask2 Avg:0, SD:0, Max:0, Min:0
FTask3 Avg:24, SD:4, Max:50, Min:15
FCore Active Avg:100, SD:0, Max:100, Min:100
FRouter Active Avg:85, SD:4, Max:96, Min:39
T1 invocations: 386,901
T2 invocations: 0
T3 invocations: 12,355,614
T3b invocations: 0
Total3 invocations: 12,355,614
Total4 invocations: 0

T3/T2 ratio: inf
T3b/T3 ratio: 0

T1 avg ex cycles: 201
T2 avg ex cycles: -nan
T3&b avg ex cycles: 2
T4 avg ex cycles: -nan
Avg. hops NOC1: -nan
Avg. latency NOC1 (T2): -nan
Avg. hops NOC2: 12
Avg. latency NOC2 (T3): 3,295

===PRINTING ACUM STATS at pu_cycles: 300,411

ACollision In Avg:11, SD:7, Max:54, Min:0
ACollision Out Avg:0, SD:0, Max:3, Min:0
ACollision End Avg:0, SD:0, Max:0, Min:0
ATask1 Avg:76, SD:4, Max:85, Min:50
ATask2 Avg:0, SD:0, Max:0, Min:0
ATask3 Avg:24, SD:4, Max:50, Min:15
ACore Active Avg:100, SD:0, Max:100, Min:100
ARouter Active Avg:85, SD:4, Max:96, Min:39
T1 invocations: 1,163,856
T2 invocations: 0
T3 invocations: 36,726,366
T3b invocations: 0
Total3 invocations: 36,726,366
Total4 invocations: 0

T3/T2 ratio: inf
T3b/T3 ratio: 0

T1 avg ex cycles: 201
T2 avg ex cycles: -nan
T3&b avg ex cycles: 2
T4 avg ex cycles: -nan
Avg. hops NOC1: -nan
Avg. latency NOC1 (T2): -nan
Avg. hops NOC2: 13
Avg. latency NOC2 (T3): 3,291
Number of K Nodes Processed: 36,751
Number of K Edges Processed: 36,751
Node Re-explore factor: 8.76
Edge Re-explore factor: 0.29
Nodes/cy: 122
Edges/cy: 122
TEPS: 427

---DCache---
DCache Size: 31,152
DRAM words: 129,408
  DHits: 60,463,302
  DMisses: 2,855,869
  DHit Rate (hit/miss): 95%
  DEvictions: 903,428
  DEviction Rate (evict/misses): 32%
  MC Transactions: 3,202,821
  MC Writes: 306,583
Avg. Transactions: 33% , Writes: 3%, Avg. Latency: 0
Max MC id: 30 of 32. Transactions: 34% , Writes: 4%, MC mean Latency: 0
HBM refresh energy (nJ): 0
HBM access energy (nJ): 6,067,424
MemC wire energy 2.5d (nJ): 1,013,835
MemC wire energy 3d (nJ): 253,459

---Energy---
Leakage Energy (nJ): 31,000
PU Dyn E (nJ): 2,069,589
Mem Dyn E (nJ): 11,392,416
Route Dyn E (nJ): 2,480,702
Dynamic Energy (nJ): 15,942,708
Ratio of Dyn/Leak: 514
Total Energy (nJ): 15,973,708
Total Energy (nJ) 3D: 16,961,619
Cores Energy (nJ): 2,070,426
Route Energy (nJ): 2,486,449
Route Energy (nJ) 3D: 4,234,737
Mem Energy   (nJ): 11,416,834
Mem Energy   (nJ) 3D: 10,656,457
Avg. Power (mW): 53,172.85
Power Density (mW/mm2): 64.57

---Runtime---
Runtime in K cycles: 300.41
Microseconds: 300.41
Time per iteration (ms): 0.30

---Throughput---
GOP/s (aka OPS/ns): 1,017.40
GOP/s per core: 0.99
FLOP/s: 123.65
FLOP/s per core: 0.12
Max Peak FLOP/s: 1,024.00
Avg. BW GB/s: 3,969.78
Max BW GB/s: 4,096.00

---Traffic---
In-Die bisection_bytes BW (GB/s): 256.00
Inter-board traffic (msg/ns): 0.00, per-link: 0.00
Inter-pack traffic (msg/ns): 0.00, per-link: 0.00
Inter-die traffic (msg/ns): 81.88, per-link: 0.32
Ruche traffic (msg/ns): 101.26, per-link: 0.40
All traffic (msg/ns): 3,261.10, per-link: 3.18
Inter-die reduction wrt all: 39.83
Inter-board reduction wrt inter-die: inf

---Data Movement---
All traffic (msg): 979,671,641
Arith. Intensity FLOP/Loads: 0.20
Arith. Intensity FLOP/Msgs: 0.04
Arith. Intensity OPS/Loads: 1.64
Arith. Intensity OPS/Msgs: 0.31



===Core Utilization Total=== CORE-S:3;; TIME K cy:300 ;; Nodes Proc: 4,576,411 -- Edges Proc: 0

===PRINTING FRAME STATS

FCollision In Avg:11, SD:7, Max:59, Min:0
FCollision Out Avg:0, SD:0, Max:6, Min:0
FCollision End Avg:0, SD:0, Max:0, Min:0
FTask1 Avg:76, SD:4, Max:85, Min:49
FTask2 Avg:0, SD:0, Max:0, Min:0
FTask3 Avg:24, SD:4, Max:51, Min:15
FCore Active Avg:100, SD:0, Max:100, Min:99
FRouter Active Avg:85, SD:5, Max:96, Min:37
T1 invocations: 386,933
T2 invocations: 0
T3 invocations: 12,354,939
T3b invocations: 0
Total3 invocations: 12,354,939
Total4 invocations: 0

T3/T2 ratio: inf
T3b/T3 ratio: 0

T1 avg ex cycles: 201
T2 avg ex cycles: -nan
T3&b avg ex cycles: 2
T4 avg ex cycles: -nan
Avg. hops NOC1: -nan
Avg. latency NOC1 (T2): -nan
Avg. hops NOC2: 12
Avg. latency NOC2 (T3): 3,296

===PRINTING ACUM STATS at pu_cycles: 400,408

ACollision In Avg:11, SD:7, Max:52, Min:0
ACollision Out Avg:0, SD:0, Max:3, Min:0
ACollision End Avg:0, SD:0, Max:0, Min:0
ATask1 Avg:76, SD:4, Max:85, Min:50
ATask2 Avg:0, SD:0, Max:0, Min:0
ATask3 Avg:24, SD:4, Max:50, Min:15
ACore Active Avg:100, SD:0, Max:100, Min:100
ARouter Active Avg:85, SD:4, Max:96, Min:38
T1 invocations: 1,550,789
T2 invocations: 0
T3 invocations: 49,081,305
T3b invocations: 0
Total3 invocations: 49,081,305
Total4 invocations: 0

T3/T2 ratio: inf
T3b/T3 ratio: 0

T1 avg ex cycles: 201
T2 avg ex cycles: -nan
T3&b avg ex cycles: 2
T4 avg ex cycles: -nan
Avg. hops NOC1: -nan
Avg. latency NOC1 (T2): -nan
Avg. hops NOC2: 13
Avg. latency NOC2 (T3): 3,292
Number of K Nodes Processed: 49,107
Number of K Edges Processed: 49,107
Node Re-explore factor: 11.71
Edge Re-explore factor: 0.38
Nodes/cy: 123
Edges/cy: 123
TEPS: 320

---DCache---
DCache Size: 31,152
DRAM words: 129,408
  DHits: 80,739,761
  DMisses: 3,727,503
  DHit Rate (hit/miss): 96%
  DEvictions: 1,779,037
  DEviction Rate (evict/misses): 48%
  MC Transactions: 4,190,559
  MC Writes: 412,127
Avg. Transactions: 33% , Writes: 3%, Avg. Latency: 0
Max MC id: 28 of 32. Transactions: 33% , Writes: 3%, MC mean Latency: 0
HBM refresh energy (nJ): 1
HBM access energy (nJ): 7,938,594
MemC wire energy 2.5d (nJ): 1,326,498
MemC wire energy 3d (nJ): 331,624

---Energy---
Leakage Energy (nJ): 41,319
PU Dyn E (nJ): 2,759,178
Mem Dyn E (nJ): 15,021,510
Route Dyn E (nJ): 3,305,538
Dynamic Energy (nJ): 21,086,227
Ratio of Dyn/Leak: 510
Total Energy (nJ): 21,127,546
Total Energy (nJ) 3D: 22,461,690
Cores Energy (nJ): 2,760,293
Route Energy (nJ): 3,313,198
Route Energy (nJ) 3D: 5,642,216
Mem Energy   (nJ): 15,054,056
Mem Energy   (nJ) 3D: 14,059,182
Avg. Power (mW): 52,765.05
Power Density (mW/mm2): 64.08

---Runtime---
Runtime in K cycles: 400.41
Microseconds: 400.41
Time per iteration (ms): 0.40

---Throughput---
GOP/s (aka OPS/ns): 1,017.89
GOP/s per core: 0.99
FLOP/s: 123.62
FLOP/s per core: 0.12
Max Peak FLOP/s: 1,024.00
Avg. BW GB/s: 3,977.35
Max BW GB/s: 4,096.00

---Traffic---
In-Die bisection_bytes BW (GB/s): 256.00
Inter-board traffic (msg/ns): 0.00, per-link: 0.00
Inter-pack traffic (msg/ns): 0.00, per-link: 0.00
Inter-die traffic (msg/ns): 81.97, per-link: 0.32
Ruche traffic (msg/ns): 101.22, per-link: 0.40
All traffic (msg/ns): 3,257.16, per-link: 3.18
Inter-die reduction wrt all: 39.74
Inter-board reduction wrt inter-die: inf

---Data Movement---
All traffic (msg): 1,304,192,915
Arith. Intensity FLOP/Loads: 0.20
Arith. Intensity FLOP/Msgs: 0.04
Arith. Intensity OPS/Loads: 1.63
Arith. Intensity OPS/Msgs: 0.31



===Core Utilization Total=== CORE-S:4;; TIME K cy:400 ;; Nodes Proc: 6,112,417 -- Edges Proc: 0

===PRINTING FRAME STATS

FCollision In Avg:11, SD:8, Max:81, Min:2
FCollision Out Avg:0, SD:0, Max:6, Min:0
FCollision End Avg:0, SD:0, Max:0, Min:0
FTask1 Avg:76, SD:4, Max:85, Min:50
FTask2 Avg:0, SD:0, Max:0, Min:0
FTask3 Avg:24, SD:4, Max:50, Min:15
FCore Active Avg:100, SD:0, Max:100, Min:99
FRouter Active Avg:85, SD:5, Max:97, Min:38
T1 invocations: 387,139
T2 invocations: 0
T3 invocations: 12,353,756
T3b invocations: 0
Total3 invocations: 12,353,756
Total4 invocations: 0

T3/T2 ratio: inf
T3b/T3 ratio: 0

T1 avg ex cycles: 201
T2 avg ex cycles: -nan
T3&b avg ex cycles: 2
T4 avg ex cycles: -nan
Avg. hops NOC1: -nan
Avg. latency NOC1 (T2): -nan
Avg. hops NOC2: 12
Avg. latency NOC2 (T3): 3,296

===PRINTING ACUM STATS at pu_cycles: 500,401

ACollision In Avg:11, SD:7, Max:56, Min:1
ACollision Out Avg:0, SD:0, Max:3, Min:0
ACollision End Avg:0, SD:0, Max:0, Min:0
ATask1 Avg:76, SD:4, Max:85, Min:50
ATask2 Avg:0, SD:0, Max:0, Min:0
ATask3 Avg:24, SD:4, Max:50, Min:15
ACore Active Avg:100, SD:0, Max:100, Min:100
ARouter Active Avg:85, SD:4, Max:96, Min:38
T1 invocations: 1,937,912
T2 invocations: 0
T3 invocations: 61,435,285
T3b invocations: 0
Total3 invocations: 61,435,285
Total4 invocations: 0

T3/T2 ratio: inf
T3b/T3 ratio: 0

T1 avg ex cycles: 201
T2 avg ex cycles: -nan
T3&b avg ex cycles: 2
T4 avg ex cycles: -nan
Avg. hops NOC1: -nan
Avg. latency NOC1 (T2): -nan
Avg. hops NOC2: 13
Avg. latency NOC2 (T3): 3,293
Number of K Nodes Processed: 61,460
Number of K Edges Processed: 61,460
Node Re-explore factor: 14.65
Edge Re-explore factor: 0.48
Nodes/cy: 123
Edges/cy: 123
TEPS: 256

---DCache---
DCache Size: 31,152
DRAM words: 129,408
  DHits: 101,042,133
  DMisses: 4,599,169
  DHit Rate (hit/miss): 96%
  DEvictions: 2,656,878
  DEviction Rate (evict/misses): 58%
  MC Transactions: 5,178,660
  MC Writes: 518,048
Avg. Transactions: 32% , Writes: 3%, Avg. Latency: 0
Max MC id: 28 of 32. Transactions: 33% , Writes: 3%, MC mean Latency: 0
HBM refresh energy (nJ): 1
HBM access energy (nJ): 9,810,453
MemC wire energy 2.5d (nJ): 1,639,275
MemC wire energy 3d (nJ): 409,819

---Energy---
Leakage Energy (nJ): 51,638
PU Dyn E (nJ): 3,448,792
Mem Dyn E (nJ): 18,651,645
Route Dyn E (nJ): 4,129,525
Dynamic Energy (nJ): 26,229,962
Ratio of Dyn/Leak: 508
Total Energy (nJ): 26,281,600
Total Energy (nJ) 3D: 27,961,534
Cores Energy (nJ): 3,450,185
Route Energy (nJ): 4,139,098
Route Energy (nJ) 3D: 7,048,488
Mem Energy   (nJ): 18,692,318
Mem Energy   (nJ) 3D: 17,462,861
Avg. Power (mW): 52,521.08
Power Density (mW/mm2): 63.78

---Runtime---
Runtime in K cycles: 500.40
Microseconds: 500.40
Time per iteration (ms): 0.50

---Throughput---
GOP/s (aka OPS/ns): 1,018.19
GOP/s per core: 0.99
FLOP/s: 123.61
FLOP/s per core: 0.12
Max Peak FLOP/s: 1,024.00
Avg. BW GB/s: 3,981.89
Max BW GB/s: 4,096.00

---Traffic---
In-Die bisection_bytes BW (GB/s): 256.00
Inter-board traffic (msg/ns): 0.00, per-link: 0.00
Inter-pack traffic (msg/ns): 0.00, per-link: 0.00
Inter-die traffic (msg/ns): 81.95, per-link: 0.32
Ruche traffic (msg/ns): 101.19, per-link: 0.40
All traffic (msg/ns): 3,254.41, per-link: 3.18
Inter-die reduction wrt all: 39.71
Inter-board reduction wrt inter-die: inf

---Data Movement---
All traffic (msg): 1,628,508,068
Arith. Intensity FLOP/Loads: 0.20
Arith. Intensity FLOP/Msgs: 0.04
Arith. Intensity OPS/Loads: 1.63
Arith. Intensity OPS/Msgs: 0.31



===Core Utilization Total=== CORE-S:5;; TIME K cy:500 ;; Nodes Proc: 7,647,900 -- Edges Proc: 0

===PRINTING FRAME STATS

FCollision In Avg:11, SD:8, Max:74, Min:0
FCollision Out Avg:0, SD:0, Max:6, Min:0
FCollision End Avg:0, SD:0, Max:0, Min:0
FTask1 Avg:76, SD:4, Max:85, Min:49
FTask2 Avg:0, SD:0, Max:0, Min:0
FTask3 Avg:24, SD:4, Max:51, Min:15
FCore Active Avg:100, SD:0, Max:100, Min:99
FRouter Active Avg:85, SD:5, Max:96, Min:39
T1 invocations: 386,944
T2 invocations: 0
T3 invocations: 12,354,824
T3b invocations: 0
Total3 invocations: 12,354,824
Total4 invocations: 0

T3/T2 ratio: inf
T3b/T3 ratio: 0

T1 avg ex cycles: 201
T2 avg ex cycles: -nan
T3&b avg ex cycles: 2
T4 avg ex cycles: -nan
Avg. hops NOC1: -nan
Avg. latency NOC1 (T2): -nan
Avg. hops NOC2: 12
Avg. latency NOC2 (T3): 3,296

===PRINTING ACUM STATS at pu_cycles: 600,413

ACollision In Avg:11, SD:7, Max:59, Min:1
ACollision Out Avg:0, SD:0, Max:4, Min:0
ACollision End Avg:0, SD:0, Max:0, Min:0
ATask1 Avg:76, SD:4, Max:85, Min:50
ATask2 Avg:0, SD:0, Max:0, Min:0
ATask3 Avg:24, SD:4, Max:50, Min:15
ACore Active Avg:100, SD:0, Max:100, Min:100
ARouter Active Avg:85, SD:4, Max:96, Min:38
T1 invocations: 2,324,856
T2 invocations: 0
T3 invocations: 73,790,109
T3b invocations: 0
Total3 invocations: 73,790,109
Total4 invocations: 0

T3/T2 ratio: inf
T3b/T3 ratio: 0

T1 avg ex cycles: 201
T2 avg ex cycles: -nan
T3&b avg ex cycles: 2
T4 avg ex cycles: -nan
Avg. hops NOC1: -nan
Avg. latency NOC1 (T2): -nan
Avg. hops NOC2: 13
Avg. latency NOC2 (T3): 3,293
Number of K Nodes Processed: 73,816
Number of K Edges Processed: 73,816
Node Re-explore factor: 17.60
Edge Re-explore factor: 0.58
Nodes/cy: 123
Edges/cy: 123
TEPS: 214

---DCache---
DCache Size: 31,152
DRAM words: 129,408
  DHits: 121,335,485
  DMisses: 5,470,855
  DHit Rate (hit/miss): 96%
  DEvictions: 3,534,882
  DEviction Rate (evict/misses): 65%
  MC Transactions: 6,166,989
  MC Writes: 624,222
Avg. Transactions: 32% , Writes: 3%, Avg. Latency: 0
Max MC id: 28 of 32. Transactions: 33% , Writes: 3%, MC mean Latency: 0
HBM refresh energy (nJ): 1
HBM access energy (nJ): 11,682,743
MemC wire energy 2.5d (nJ): 1,952,125
MemC wire energy 3d (nJ): 488,031

---Energy---
Leakage Energy (nJ): 61,958
PU Dyn E (nJ): 4,138,417
Mem Dyn E (nJ): 22,282,245
Route Dyn E (nJ): 4,954,666
Dynamic Energy (nJ): 31,375,328
Ratio of Dyn/Leak: 506
Total Energy (nJ): 31,437,286
Total Energy (nJ) 3D: 33,463,364
Cores Energy (nJ): 4,140,088
Route Energy (nJ): 4,966,152
Route Energy (nJ) 3D: 8,456,324
Mem Energy   (nJ): 22,331,047
Mem Energy   (nJ) 3D: 20,866,953
Avg. Power (mW): 52,359.44
Power Density (mW/mm2): 63.59

---Runtime---
Runtime in K cycles: 600.41
Microseconds: 600.41
Time per iteration (ms): 0.60

---Throughput---
GOP/s (aka OPS/ns): 1,018.36
GOP/s per core: 0.99
FLOP/s: 123.60
FLOP/s per core: 0.12
Max Peak FLOP/s: 1,024.00
Avg. BW GB/s: 3,984.83
Max BW GB/s: 4,096.00

---Traffic---
In-Die bisection_bytes BW (GB/s): 256.00
Inter-board traffic (msg/ns): 0.00, per-link: 0.00
Inter-pack traffic (msg/ns): 0.00, per-link: 0.00
Inter-die traffic (msg/ns): 82.03, per-link: 0.32
Ruche traffic (msg/ns): 101.17, per-link: 0.40
All traffic (msg/ns): 3,252.91, per-link: 3.18
Inter-die reduction wrt all: 39.65
Inter-board reduction wrt inter-die: inf

---Data Movement---
All traffic (msg): 1,953,088,761
Arith. Intensity FLOP/Loads: 0.20
Arith. Intensity FLOP/Msgs: 0.04
Arith. Intensity OPS/Loads: 1.63
Arith. Intensity OPS/Msgs: 0.31



===Core Utilization Total=== CORE-S:6;; TIME K cy:600 ;; Nodes Proc: 9,185,732 -- Edges Proc: 0

===PRINTING FRAME STATS

FCollision In Avg:11, SD:8, Max:75, Min:0
FCollision Out Avg:0, SD:0, Max:5, Min:0
FCollision End Avg:0, SD:0, Max:0, Min:0
FTask1 Avg:76, SD:4, Max:85, Min:50
FTask2 Avg:0, SD:0, Max:0, Min:0
FTask3 Avg:24, SD:4, Max:50, Min:15
FCore Active Avg:100, SD:0, Max:100, Min:99
FRouter Active Avg:85, SD:5, Max:97, Min:38
T1 invocations: 387,104
T2 invocations: 0
T3 invocations: 12,355,279
T3b invocations: 0
Total3 invocations: 12,355,279
Total4 invocations: 0

T3/T2 ratio: inf
T3b/T3 ratio: 0

T1 avg ex cycles: 201
T2 avg ex cycles: -nan
T3&b avg ex cycles: 2
T4 avg ex cycles: -nan
Avg. hops NOC1: -nan
Avg. latency NOC1 (T2): -nan
Avg. hops NOC2: 12
Avg. latency NOC2 (T3): 3,296

===PRINTING ACUM STATS at pu_cycles: 700,401

ACollision In Avg:11, SD:7, Max:60, Min:1
ACollision Out Avg:0, SD:0, Max:4, Min:0
ACollision End Avg:0, SD:0, Max:0, Min:0
ATask1 Avg:76, SD:4, Max:85, Min:50
ATask2 Avg:0, SD:0, Max:0, Min:0
ATask3 Avg:24, SD:4, Max:50, Min:15
ACore Active Avg:100, SD:0, Max:100, Min:100
ARouter Active Avg:85, SD:4, Max:96, Min:38
T1 invocations: 2,711,962
T2 invocations: 0
T3 invocations: 86,145,983
T3b invocations: 0
Total3 invocations: 86,145,983
Total4 invocations: 0

T3/T2 ratio: inf
T3b/T3 ratio: 0

T1 avg ex cycles: 201
T2 avg ex cycles: -nan
T3&b avg ex cycles: 2
T4 avg ex cycles: -nan
Avg. hops NOC1: -nan
Avg. latency NOC1 (T2): -nan
Avg. hops NOC2: 13
Avg. latency NOC2 (T3): 3,294
Number of K Nodes Processed: 86,170
Number of K Edges Processed: 86,170
Node Re-explore factor: 20.54
Edge Re-explore factor: 0.67
Nodes/cy: 123
Edges/cy: 123
TEPS: 183

---DCache---
DCache Size: 31,152
DRAM words: 129,408
  DHits: 141,590,140
  DMisses: 6,341,693
  DHit Rate (hit/miss): 96%
  DEvictions: 4,412,158
  DEviction Rate (evict/misses): 70%
  MC Transactions: 7,153,423
  MC Writes: 729,111
Avg. Transactions: 32% , Writes: 3%, Avg. Latency: 0
Max MC id: 28 of 32. Transactions: 33% , Writes: 3%, MC mean Latency: 0
HBM refresh energy (nJ): 1
HBM access energy (nJ): 13,551,444
MemC wire energy 2.5d (nJ): 2,264,375
MemC wire energy 3d (nJ): 566,094

---Energy---
Leakage Energy (nJ): 72,276
PU Dyn E (nJ): 4,828,057
Mem Dyn E (nJ): 25,908,298
Route Dyn E (nJ): 5,778,894
Dynamic Energy (nJ): 36,515,249
Ratio of Dyn/Leak: 505
Total Energy (nJ): 36,587,525
Total Energy (nJ) 3D: 38,959,629
Cores Energy (nJ): 4,830,007
Route Energy (nJ): 5,792,293
Route Energy (nJ) 3D: 9,862,679
Mem Energy   (nJ): 25,965,226
Mem Energy   (nJ) 3D: 24,266,945
Avg. Power (mW): 52,237.97
Power Density (mW/mm2): 63.44

---Runtime---
Runtime in K cycles: 700.40
Microseconds: 700.40
Time per iteration (ms): 0.70

---Throughput---
GOP/s (aka OPS/ns): 1,018.53
GOP/s per core: 0.99
FLOP/s: 123.59
FLOP/s per core: 0.12
Max Peak FLOP/s: 1,024.00
Avg. BW GB/s: 3,987.10
Max BW GB/s: 4,096.00

---Traffic---
In-Die bisection_bytes BW (GB/s): 256.00
Inter-board traffic (msg/ns): 0.00, per-link: 0.00
Inter-pack traffic (msg/ns): 0.00, per-link: 0.00
Inter-die traffic (msg/ns): 82.01, per-link: 0.32
Ruche traffic (msg/ns): 101.20, per-link: 0.40
All traffic (msg/ns): 3,251.50, per-link: 3.18
Inter-die reduction wrt all: 39.65
Inter-board reduction wrt inter-die: inf

---Data Movement---
All traffic (msg): 2,277,351,689
Arith. Intensity FLOP/Loads: 0.20
Arith. Intensity FLOP/Msgs: 0.04
Arith. Intensity OPS/Loads: 1.63
Arith. Intensity OPS/Msgs: 0.31



===Core Utilization Total=== CORE-S:7;; TIME K cy:700 ;; Nodes Proc: 10,721,243 -- Edges Proc: 0

===PRINTING FRAME STATS

FCollision In Avg:11, SD:7, Max:74, Min:0
FCollision Out Avg:0, SD:0, Max:3, Min:0
FCollision End Avg:0, SD:0, Max:0, Min:0
FTask1 Avg:76, SD:4, Max:85, Min:50
FTask2 Avg:0, SD:0, Max:0, Min:0
FTask3 Avg:24, SD:4, Max:50, Min:15
FCore Active Avg:100, SD:0, Max:100, Min:99
FRouter Active Avg:85, SD:5, Max:96, Min:37
T1 invocations: 386,887
T2 invocations: 0
T3 invocations: 12,355,763
T3b invocations: 0
Total3 invocations: 12,355,763
Total4 invocations: 0

T3/T2 ratio: inf
T3b/T3 ratio: 0

T1 avg ex cycles: 201
T2 avg ex cycles: -nan
T3&b avg ex cycles: 2
T4 avg ex cycles: -nan
Avg. hops NOC1: -nan
Avg. latency NOC1 (T2): -nan
Avg. hops NOC2: 12
Avg. latency NOC2 (T3): 3,296

===PRINTING ACUM STATS at pu_cycles: 800,407

ACollision In Avg:11, SD:7, Max:62, Min:1
ACollision Out Avg:0, SD:0, Max:3, Min:0
ACollision End Avg:0, SD:0, Max:0, Min:0
ATask1 Avg:76, SD:4, Max:85, Min:50
ATask2 Avg:0, SD:0, Max:0, Min:0
ATask3 Avg:24, SD:4, Max:50, Min:15
ACore Active Avg:100, SD:0, Max:100, Min:100
ARouter Active Avg:85, SD:4, Max:96, Min:38
T1 invocations: 3,094,374
T2 invocations: 0
T3 invocations: 98,349,957
T3b invocations: 0
Total3 invocations: 98,349,957
Total4 invocations: 0

T3/T2 ratio: inf
T3b/T3 ratio: 0

T1 avg ex cycles: 201
T2 avg ex cycles: -nan
T3&b avg ex cycles: 2
T4 avg ex cycles: -nan
Avg. hops NOC1: -nan
Avg. latency NOC1 (T2): -nan
Avg. hops NOC2: 13
Avg. latency NOC2 (T3): 3,294
Number of K Nodes Processed: 98,526
Number of K Edges Processed: 98,526
Node Re-explore factor: 23.49
Edge Re-explore factor: 0.77
Nodes/cy: 123
Edges/cy: 123
TEPS: 160

---DCache---
DCache Size: 31,152
DRAM words: 129,408
  DHits: 161,865,315
  DMisses: 7,215,734
  DHit Rate (hit/miss): 96%
  DEvictions: 5,292,467
  DEviction Rate (evict/misses): 73%
  MC Transactions: 8,146,365
  MC Writes: 837,402
Avg. Transactions: 32% , Writes: 3%, Avg. Latency: 0
Max MC id: 28 of 32. Transactions: 32% , Writes: 3%, MC mean Latency: 0
HBM refresh energy (nJ): 2
HBM access energy (nJ): 15,432,473
MemC wire energy 2.5d (nJ): 2,578,686
MemC wire energy 3d (nJ): 644,671

---Energy---
Leakage Energy (nJ): 82,596
PU Dyn E (nJ): 5,509,673
Mem Dyn E (nJ): 29,534,359
Route Dyn E (nJ): 6,594,680
Dynamic Energy (nJ): 41,638,713
Ratio of Dyn/Leak: 504
Total Energy (nJ): 41,721,309
Total Energy (nJ) 3D: 44,430,297
Cores Energy (nJ): 5,511,901
Route Energy (nJ): 6,609,993
Route Energy (nJ) 3D: 11,252,994
Mem Energy   (nJ): 29,599,416
Mem Energy   (nJ) 3D: 27,665,402
Avg. Power (mW): 52,125.12
Power Density (mW/mm2): 63.30

---Runtime---
Runtime in K cycles: 800.41
Microseconds: 800.41
Time per iteration (ms): 0.80

---Throughput---
GOP/s (aka OPS/ns): 1,017.14
GOP/s per core: 0.99
FLOP/s: 123.41
FLOP/s per core: 0.12
Max Peak FLOP/s: 1,024.00
Avg. BW GB/s: 3,982.67
Max BW GB/s: 4,096.00

---Traffic---
In-Die bisection_bytes BW (GB/s): 256.00
Inter-board traffic (msg/ns): 0.00, per-link: 0.00
Inter-pack traffic (msg/ns): 0.00, per-link: 0.00
Inter-die traffic (msg/ns): 81.97, per-link: 0.32
Ruche traffic (msg/ns): 101.14, per-link: 0.40
All traffic (msg/ns): 3,245.81, per-link: 3.17
Inter-die reduction wrt all: 39.60
Inter-board reduction wrt inter-die: inf

---Data Movement---
All traffic (msg): 2,597,966,175
Arith. Intensity FLOP/Loads: 0.20
Arith. Intensity FLOP/Msgs: 0.04
Arith. Intensity OPS/Loads: 1.63
Arith. Intensity OPS/Msgs: 0.31



===Core Utilization Total=== CORE-S:8;; TIME K cy:800 ;; Nodes Proc: 12,258,073 -- Edges Proc: 0

===PRINTING FRAME STATS

FCollision In Avg:11, SD:8, Max:76, Min:0
FCollision Out Avg:0, SD:0, Max:7, Min:0
FCollision End Avg:0, SD:0, Max:0, Min:0
FTask1 Avg:76, SD:4, Max:85, Min:50
FTask2 Avg:0, SD:0, Max:0, Min:0
FTask3 Avg:24, SD:4, Max:50, Min:15
FCore Active Avg:100, SD:0, Max:100, Min:100
FRouter Active Avg:85, SD:5, Max:97, Min:38
T1 invocations: 386,908
T2 invocations: 0
T3 invocations: 12,355,621
T3b invocations: 0
Total3 invocations: 12,355,621
Total4 invocations: 0

T3/T2 ratio: inf
T3b/T3 ratio: 0

T1 avg ex cycles: 201
T2 avg ex cycles: -nan
T3&b avg ex cycles: 2
T4 avg ex cycles: -nan
Avg. hops NOC1: -nan
Avg. latency NOC1 (T2): -nan
Avg. hops NOC2: 12
Avg. latency NOC2 (T3): 3,296

===PRINTING ACUM STATS at pu_cycles: 900,403

ACollision In Avg:11, SD:7, Max:58, Min:1
ACollision Out Avg:0, SD:0, Max:3, Min:0
ACollision End Avg:0, SD:0, Max:0, Min:0
ATask1 Avg:76, SD:4, Max:85, Min:50
ATask2 Avg:0, SD:0, Max:0, Min:0
ATask3 Avg:24, SD:4, Max:50, Min:15
ACore Active Avg:100, SD:0, Max:100, Min:100
ARouter Active Avg:85, SD:4, Max:96, Min:38
T1 invocations: 3,485,761
T2 invocations: 0
T3 invocations: 110,857,143
T3b invocations: 0
Total3 invocations: 110,857,143
Total4 invocations: 0

T3/T2 ratio: inf
T3b/T3 ratio: 0

T1 avg ex cycles: 201
T2 avg ex cycles: -nan
T3&b avg ex cycles: 2
T4 avg ex cycles: -nan
Avg. hops NOC1: -nan
Avg. latency NOC1 (T2): -nan
Avg. hops NOC2: 12
Avg. latency NOC2 (T3): 3,294
Number of K Nodes Processed: 110,882
Number of K Edges Processed: 110,882
Node Re-explore factor: 26.44
Edge Re-explore factor: 0.86
Nodes/cy: 123
Edges/cy: 123
TEPS: 143

---DCache---
DCache Size: 31,152
DRAM words: 129,408
  DHits: 182,155,360
  DMisses: 8,087,242
  DHit Rate (hit/miss): 96%
  DEvictions: 6,170,057
  DEviction Rate (evict/misses): 76%
  MC Transactions: 9,133,382
  MC Writes: 942,479
Avg. Transactions: 32% , Writes: 3%, Avg. Latency: 0
Max MC id: 28 of 32. Transactions: 32% , Writes: 3%, MC mean Latency: 0
HBM refresh energy (nJ): 2
HBM access energy (nJ): 17,302,278
MemC wire energy 2.5d (nJ): 2,891,120
MemC wire energy 3d (nJ): 722,780

---Energy---
Leakage Energy (nJ): 92,915
PU Dyn E (nJ): 6,207,368
Mem Dyn E (nJ): 33,176,714
Route Dyn E (nJ): 7,426,735
Dynamic Energy (nJ): 46,810,818
Ratio of Dyn/Leak: 504
Total Energy (nJ): 46,903,733
Total Energy (nJ) 3D: 49,966,798
Cores Energy (nJ): 6,209,874
Route Energy (nJ): 7,443,960
Route Energy (nJ) 3D: 12,675,366
Mem Energy   (nJ): 33,249,899
Mem Energy   (nJ) 3D: 31,081,559
Avg. Power (mW): 52,091.93
Power Density (mW/mm2): 63.26

---Runtime---
Runtime in K cycles: 900.40
Microseconds: 900.40
Time per iteration (ms): 0.90

---Throughput---
GOP/s (aka OPS/ns): 1,018.72
GOP/s per core: 0.99
FLOP/s: 123.58
FLOP/s per core: 0.12
Max Peak FLOP/s: 1,024.00
Avg. BW GB/s: 3,990.00
Max BW GB/s: 4,096.00

---Traffic---
In-Die bisection_bytes BW (GB/s): 256.00
Inter-board traffic (msg/ns): 0.00, per-link: 0.00
Inter-pack traffic (msg/ns): 0.00, per-link: 0.00
Inter-die traffic (msg/ns): 81.94, per-link: 0.32
Ruche traffic (msg/ns): 101.19, per-link: 0.40
All traffic (msg/ns): 3,249.80, per-link: 3.17
Inter-die reduction wrt all: 39.66
Inter-board reduction wrt inter-die: inf

---Data Movement---
All traffic (msg): 2,926,131,268
Arith. Intensity FLOP/Loads: 0.20
Arith. Intensity FLOP/Msgs: 0.04
Arith. Intensity OPS/Loads: 1.63
Arith. Intensity OPS/Msgs: 0.31



===Core Utilization Total=== CORE-S:9;; TIME K cy:900 ;; Nodes Proc: 13,796,189 -- Edges Proc: 0

===PRINTING FRAME STATS

FCollision In Avg:10, SD:6, Max:70, Min:0
FCollision Out Avg:0, SD:0, Max:3, Min:0
FCollision End Avg:0, SD:0, Max:0, Min:0
FTask1 Avg:72, SD:8, Max:80, Min:25
FTask2 Avg:0, SD:0, Max:0, Min:0
FTask3 Avg:23, SD:4, Max:48, Min:15
FCore Active Avg:96, SD:9, Max:100, Min:40
FRouter Active Avg:83, SD:5, Max:97, Min:38
T1 invocations: 369,424
T2 invocations: 0
T3 invocations: 11,915,561
T3b invocations: 0
Total3 invocations: 11,915,561
Total4 invocations: 0

T3/T2 ratio: inf
T3b/T3 ratio: 0

T1 avg ex cycles: 201
T2 avg ex cycles: -nan
T3&b avg ex cycles: 2
T4 avg ex cycles: -nan
Avg. hops NOC1: -nan
Avg. latency NOC1 (T2): -nan
Avg. hops NOC2: 12
Avg. latency NOC2 (T3): 3,246

===PRINTING ACUM STATS at pu_cycles: 1,000,413

ACollision In Avg:11, SD:7, Max:57, Min:0
ACollision Out Avg:0, SD:0, Max:3, Min:0
ACollision End Avg:0, SD:0, Max:0, Min:0
ATask1 Avg:76, SD:4, Max:80, Min:50
ATask2 Avg:0, SD:0, Max:0, Min:0
ATask3 Avg:24, SD:4, Max:50, Min:15
ACore Active Avg:100, SD:1, Max:100, Min:94
ARouter Active Avg:85, SD:4, Max:96, Min:38
T1 invocations: 3,854,821
T2 invocations: 0
T3 invocations: 122,759,230
T3b invocations: 0
Total3 invocations: 122,759,230
Total4 invocations: 0

T3/T2 ratio: inf
T3b/T3 ratio: 0

T1 avg ex cycles: 201
T2 avg ex cycles: -nan
T3&b avg ex cycles: 2
T4 avg ex cycles: -nan
Avg. hops NOC1: -nan
Avg. latency NOC1 (T2): -nan
Avg. hops NOC2: 12
Avg. latency NOC2 (T3): 3,290
Number of K Nodes Processed: 122,792
Number of K Edges Processed: 122,792
Node Re-explore factor: 29.28
Edge Re-explore factor: 0.96
Nodes/cy: 123
Edges/cy: 123
TEPS: 128

---DCache---
DCache Size: 31,152
DRAM words: 129,408
  DHits: 201,774,791
  DMisses: 8,920,565
  DHit Rate (hit/miss): 96%
  DEvictions: 7,008,898
  DEviction Rate (evict/misses): 79%
  MC Transactions: 10,077,763
  MC Writes: 1,044,046
Avg. Transactions: 31% , Writes: 3%, Avg. Latency: 0
Max MC id: 28 of 32. Transactions: 32% , Writes: 3%, MC mean Latency: 0
HBM refresh energy (nJ): 2
HBM access energy (nJ): 19,091,314
MemC wire energy 2.5d (nJ): 3,190,059
MemC wire energy 3d (nJ): 797,515

---Energy---
Leakage Energy (nJ): 103,235
PU Dyn E (nJ): 6,866,435
Mem Dyn E (nJ): 36,655,230
Route Dyn E (nJ): 8,212,209
Dynamic Energy (nJ): 51,733,874
Ratio of Dyn/Leak: 501
Total Energy (nJ): 51,837,109
Total Energy (nJ) 3D: 55,227,683
Cores Energy (nJ): 6,869,219
Route Energy (nJ): 8,231,348
Route Energy (nJ) 3D: 14,014,466
Mem Energy   (nJ): 36,736,543
Mem Energy   (nJ) 3D: 34,343,999
Avg. Power (mW): 51,815.71
Power Density (mW/mm2): 62.93

---Runtime---
Runtime in K cycles: 1,000.41
Microseconds: 1,000.41
Time per iteration (ms): 1.00

---Throughput---
GOP/s (aka OPS/ns): 1,014.33
GOP/s per core: 0.99
FLOP/s: 123.01
FLOP/s per core: 0.12
Max Peak FLOP/s: 1,024.00
Avg. BW GB/s: 3,975.36
Max BW GB/s: 4,096.00

---Traffic---
In-Die bisection_bytes BW (GB/s): 256.00
Inter-board traffic (msg/ns): 0.00, per-link: 0.00
Inter-pack traffic (msg/ns): 0.00, per-link: 0.00
Inter-die traffic (msg/ns): 81.59, per-link: 0.32
Ruche traffic (msg/ns): 100.77, per-link: 0.39
All traffic (msg/ns): 3,233.73, per-link: 3.16
Inter-die reduction wrt all: 39.64
Inter-board reduction wrt inter-die: inf

---Data Movement---
All traffic (msg): 3,235,063,455
Arith. Intensity FLOP/Loads: 0.20
Arith. Intensity FLOP/Msgs: 0.04
Arith. Intensity OPS/Loads: 1.63
Arith. Intensity OPS/Msgs: 0.31



===Core Utilization Total=== CORE-S:10;; TIME K cy:1,000 ;; Nodes Proc: 15,277,124 -- Edges Proc: 0

===PRINTING FRAME STATS

FCollision In Avg:2, SD:2, Max:32, Min:0
FCollision Out Avg:0, SD:0, Max:1, Min:0
FCollision End Avg:0, SD:0, Max:0, Min:0
FTask1 Avg:29, SD:29, Max:89, Min:0
FTask2 Avg:0, SD:0, Max:0, Min:0
FTask3 Avg:10, SD:3, Max:40, Min:6
FCore Active Avg:39, SD:31, Max:100, Min:6
FRouter Active Avg:44, SD:7, Max:92, Min:13
T1 invocations: 147,942
T2 invocations: 0
T3 invocations: 5,071,341
T3b invocations: 0
Total3 invocations: 5,071,341
Total4 invocations: 0

T3/T2 ratio: inf
T3b/T3 ratio: 0

T1 avg ex cycles: 202
T2 avg ex cycles: -nan
T3&b avg ex cycles: 2
T4 avg ex cycles: -nan
Avg. hops NOC1: -nan
Avg. latency NOC1 (T2): -nan
Avg. hops NOC2: 12
Avg. latency NOC2 (T3): 2,785

===PRINTING ACUM STATS at pu_cycles: 1,100,402

ACollision In Avg:10, SD:7, Max:52, Min:0
ACollision Out Avg:0, SD:0, Max:3, Min:0
ACollision End Avg:0, SD:0, Max:0, Min:0
ATask1 Avg:71, SD:1, Max:73, Min:53
ATask2 Avg:0, SD:0, Max:0, Min:0
ATask3 Avg:23, SD:4, Max:47, Min:14
ACore Active Avg:94, SD:3, Max:100, Min:86
ARouter Active Avg:81, SD:4, Max:93, Min:36
T1 invocations: 4,001,145
T2 invocations: 0
T3 invocations: 127,743,285
T3b invocations: 0
Total3 invocations: 127,743,285
Total4 invocations: 0

T3/T2 ratio: inf
T3b/T3 ratio: 0

T1 avg ex cycles: 201
T2 avg ex cycles: -nan
T3&b avg ex cycles: 2
T4 avg ex cycles: -nan
Avg. hops NOC1: -nan
Avg. latency NOC1 (T2): -nan
Avg. hops NOC2: 12
Avg. latency NOC2 (T3): 3,270
Number of K Nodes Processed: 127,786
Number of K Edges Processed: 127,786
Node Re-explore factor: 30.47
Edge Re-explore factor: 1.00
Nodes/cy: 116
Edges/cy: 116
TEPS: 117

---DCache---
DCache Size: 31,152
DRAM words: 129,408
  DHits: 210,551,170
  DMisses: 9,254,922
  DHit Rate (hit/miss): 96%
  DEvictions: 7,344,281
  DEviction Rate (evict/misses): 79%
  MC Transactions: 10,452,603
  MC Writes: 1,082,898
Avg. Transactions: 30% , Writes: 3%, Avg. Latency: 0
Max MC id: 9 of 32. Transactions: 30% , Writes: 3%, MC mean Latency: 0
HBM refresh energy (nJ): 3
HBM access energy (nJ): 19,801,411
MemC wire energy 2.5d (nJ): 3,308,712
MemC wire energy 3d (nJ): 827,178

---Energy---
Leakage Energy (nJ): 113,553
PU Dyn E (nJ): 7,130,014
Mem Dyn E (nJ): 38,066,144
Route Dyn E (nJ): 8,524,773
Dynamic Energy (nJ): 53,720,932
Ratio of Dyn/Leak: 473
Total Energy (nJ): 53,834,485
Total Energy (nJ) 3D: 57,354,120
Cores Energy (nJ): 7,133,077
Route Energy (nJ): 8,545,824
Route Energy (nJ) 3D: 14,546,993
Mem Energy   (nJ): 38,155,585
Mem Energy   (nJ) 3D: 35,674,051
Avg. Power (mW): 48,922.56
Power Density (mW/mm2): 59.41

---Runtime---
Runtime in K cycles: 1,100.40
Microseconds: 1,100.40
Time per iteration (ms): 1.10

---Throughput---
GOP/s (aka OPS/ns): 957.75
GOP/s per core: 0.94
FLOP/s: 116.08
FLOP/s per core: 0.11
Max Peak FLOP/s: 1,024.00
Avg. BW GB/s: 3,758.39
Max BW GB/s: 4,096.00

---Traffic---
In-Die bisection_bytes BW (GB/s): 256.00
Inter-board traffic (msg/ns): 0.00, per-link: 0.00
Inter-pack traffic (msg/ns): 0.00, per-link: 0.00
Inter-die traffic (msg/ns): 76.98, per-link: 0.30
Ruche traffic (msg/ns): 95.24, per-link: 0.37
All traffic (msg/ns): 3,051.59, per-link: 2.98
Inter-die reduction wrt all: 39.64
Inter-board reduction wrt inter-die: inf

---Data Movement---
All traffic (msg): 3,357,972,795
Arith. Intensity FLOP/Loads: 0.20
Arith. Intensity FLOP/Msgs: 0.04
Arith. Intensity OPS/Loads: 1.63
Arith. Intensity OPS/Msgs: 0.31



===Core Utilization Total=== CORE-S:11;; TIME K cy:1,100 ;; Nodes Proc: 15,900,628 -- Edges Proc: 0
======== IT IS COLD ======= Only 10 Tiles active

===PRINTING FRAME STATS

FCollision In Avg:0, SD:0, Max:7, Min:0
FCollision Out Avg:0, SD:0, Max:0, Min:0
FCollision End Avg:0, SD:0, Max:0, Min:0
FTask1 Avg:3, SD:12, Max:99, Min:0
FTask2 Avg:0, SD:0, Max:0, Min:0
FTask3 Avg:1, SD:1, Max:19, Min:0
FCore Active Avg:4, SD:13, Max:100, Min:0
FRouter Active Avg:5, SD:4, Max:61, Min:1
T1 invocations: 13,809
T2 invocations: 0
T3 invocations: 509,215
T3b invocations: 0
Total3 invocations: 509,215
Total4 invocations: 0

T3/T2 ratio: inf
T3b/T3 ratio: 0

T1 avg ex cycles: 206
T2 avg ex cycles: -nan
T3&b avg ex cycles: 2
T4 avg ex cycles: -nan
Avg. hops NOC1: -nan
Avg. latency NOC1 (T2): -nan
Avg. hops NOC2: 11
Avg. latency NOC2 (T3): 2,750

===PRINTING ACUM STATS at pu_cycles: 1,200,313

ACollision In Avg:9, SD:6, Max:48, Min:0
ACollision Out Avg:0, SD:0, Max:2, Min:0
ACollision End Avg:0, SD:0, Max:0, Min:0
ATask1 Avg:66, SD:1, Max:67, Min:53
ATask2 Avg:0, SD:0, Max:0, Min:0
ATask3 Avg:21, SD:4, Max:47, Min:13
ACore Active Avg:87, SD:4, Max:100, Min:79
ARouter Active Avg:75, SD:4, Max:91, Min:33
T1 invocations: 4,015,836
T2 invocations: 0
T3 invocations: 128,259,066
T3b invocations: 0
Total3 invocations: 128,259,066
Total4 invocations: 0

T3/T2 ratio: inf
T3b/T3 ratio: 0

T1 avg ex cycles: 201
T2 avg ex cycles: -nan
T3&b avg ex cycles: 2
T4 avg ex cycles: -nan
Avg. hops NOC1: -nan
Avg. latency NOC1 (T2): -nan
Avg. hops NOC2: 12
Avg. latency NOC2 (T3): 3,268
Number of K Nodes Processed: 128,262
Number of K Edges Processed: 128,262
Node Re-explore factor: 30.58
Edge Re-explore factor: 1.00
Nodes/cy: 107
Edges/cy: 107
TEPS: 107

---DCache---
DCache Size: 31,152
DRAM words: 129,408
  DHits: 211,437,450
  DMisses: 9,286,935
  DHit Rate (hit/miss): 96%
  DEvictions: 7,376,289
  DEviction Rate (evict/misses): 79%
  MC Transactions: 10,488,459
  MC Writes: 1,086,738
Avg. Transactions: 27% , Writes: 3%, Avg. Latency: 0
Max MC id: 9 of 32. Transactions: 27% , Writes: 3%, MC mean Latency: 0
HBM refresh energy (nJ): 3
HBM access energy (nJ): 19,869,336
MemC wire energy 2.5d (nJ): 3,320,062
MemC wire energy 3d (nJ): 830,016

---Energy---
Leakage Energy (nJ): 123,864
PU Dyn E (nJ): 7,156,610
Mem Dyn E (nJ): 38,205,051
Route Dyn E (nJ): 8,554,733
Dynamic Energy (nJ): 53,916,394
Ratio of Dyn/Leak: 435
Total Energy (nJ): 54,040,258
Total Energy (nJ) 3D: 57,572,845
Cores Energy (nJ): 7,159,951
Route Energy (nJ): 8,577,695
Route Energy (nJ) 3D: 14,600,328
Mem Energy   (nJ): 38,302,612
Mem Energy   (nJ) 3D: 35,812,566
Avg. Power (mW): 45,021.80
Power Density (mW/mm2): 54.68

---Runtime---
Runtime in K cycles: 1,200.31
Microseconds: 1,200.31
Time per iteration (ms): 1.20

---Throughput---
GOP/s (aka OPS/ns): 881.33
GOP/s per core: 0.86
FLOP/s: 106.81
FLOP/s per core: 0.10
Max Peak FLOP/s: 1,024.00
Avg. BW GB/s: 3,459.14
Max BW GB/s: 4,096.00

---Traffic---
In-Die bisection_bytes BW (GB/s): 256.00
Inter-board traffic (msg/ns): 0.00, per-link: 0.00
Inter-pack traffic (msg/ns): 0.00, per-link: 0.00
Inter-die traffic (msg/ns): 70.79, per-link: 0.28
Ruche traffic (msg/ns): 87.63, per-link: 0.34
All traffic (msg/ns): 2,807.62, per-link: 2.74
Inter-die reduction wrt all: 39.66
Inter-board reduction wrt inter-die: inf

---Data Movement---
All traffic (msg): 3,370,018,765
Arith. Intensity FLOP/Loads: 0.20
Arith. Intensity FLOP/Msgs: 0.04
Arith. Intensity OPS/Loads: 1.63
Arith. Intensity OPS/Msgs: 0.31



===Core Utilization Total=== CORE-S:12;; TIME K cy:1,200 ;; Nodes Proc: 15,959,389 -- Edges Proc: 0
======== IT IS COLD ======= Only 1 Tiles active

===PRINTING FRAME STATS

FCollision In Avg:0, SD:0, Max:1, Min:0
FCollision Out Avg:0, SD:0, Max:0, Min:0
FCollision End Avg:0, SD:0, Max:0, Min:0
FTask1 Avg:3, SD:12, Max:99, Min:0
FTask2 Avg:0, SD:0, Max:0, Min:0
FTask3 Avg:1, SD:0, Max:3, Min:0
FCore Active Avg:3, SD:12, Max:100, Min:0
FRouter Active Avg:4, SD:3, Max:21, Min:0
T1 invocations: 12,393
T2 invocations: 0
T3 invocations: 425,858
T3b invocations: 0
Total3 invocations: 425,858
Total4 invocations: 0

T3/T2 ratio: inf
T3b/T3 ratio: 0

T1 avg ex cycles: 208
T2 avg ex cycles: -nan
T3&b avg ex cycles: 2
T4 avg ex cycles: -nan
Avg. hops NOC1: -nan
Avg. latency NOC1 (T2): -nan
Avg. hops NOC2: 11
Avg. latency NOC2 (T3): 2,859

===PRINTING ACUM STATS at pu_cycles: 1,300,050

ACollision In Avg:9, SD:6, Max:44, Min:0
ACollision Out Avg:0, SD:0, Max:2, Min:0
ACollision End Avg:0, SD:0, Max:0, Min:0
ATask1 Avg:62, SD:2, Max:67, Min:57
ATask2 Avg:0, SD:0, Max:0, Min:0
ATask3 Avg:20, SD:4, Max:43, Min:12
ACore Active Avg:82, SD:5, Max:100, Min:73
ARouter Active Avg:71, SD:5, Max:84, Min:31
T1 invocations: 4,018,436
T2 invocations: 0
T3 invocations: 128,295,630
T3b invocations: 0
Total3 invocations: 128,295,630
Total4 invocations: 0

T3/T2 ratio: inf
T3b/T3 ratio: 0

T1 avg ex cycles: 201
T2 avg ex cycles: -nan
T3&b avg ex cycles: 2
T4 avg ex cycles: -nan
Avg. hops NOC1: -nan
Avg. latency NOC1 (T2): -nan
Avg. hops NOC2: 12
Avg. latency NOC2 (T3): 3,269
Number of K Nodes Processed: 128,309
Number of K Edges Processed: 128,309
Node Re-explore factor: 30.59
Edge Re-explore factor: 1.00
Nodes/cy: 99
Edges/cy: 99
TEPS: 99

---DCache---
DCache Size: 31,152
DRAM words: 129,408
  DHits: 211,526,030
  DMisses: 9,290,314
  DHit Rate (hit/miss): 96%
  DEvictions: 7,379,668
  DEviction Rate (evict/misses): 79%
  MC Transactions: 10,491,984
  MC Writes: 1,086,884
Avg. Transactions: 25% , Writes: 3%, Avg. Latency: 0
Max MC id: 9 of 32. Transactions: 25% , Writes: 3%, MC mean Latency: 0
HBM refresh energy (nJ): 3
HBM access energy (nJ): 19,876,014
MemC wire energy 2.5d (nJ): 3,321,178
MemC wire energy 3d (nJ): 830,294

---Energy---
Leakage Energy (nJ): 134,156
PU Dyn E (nJ): 7,160,826
Mem Dyn E (nJ): 38,218,541
Route Dyn E (nJ): 8,557,606
Dynamic Energy (nJ): 53,936,973
Ratio of Dyn/Leak: 402
Total Energy (nJ): 54,071,129
Total Energy (nJ) 3D: 57,604,754
Cores Energy (nJ): 7,164,444
Route Energy (nJ): 8,582,476
Route Energy (nJ) 3D: 14,606,984
Mem Energy   (nJ): 38,324,209
Mem Energy   (nJ) 3D: 35,833,325
Avg. Power (mW): 41,591.58
Power Density (mW/mm2): 50.51

---Runtime---
Runtime in K cycles: 1,300.05
Microseconds: 1,300.05
Time per iteration (ms): 1.30

---Throughput---
GOP/s (aka OPS/ns): 814.18
GOP/s per core: 0.80
FLOP/s: 98.68
FLOP/s per core: 0.10
Max Peak FLOP/s: 1,024.00
Avg. BW GB/s: 3,194.97
Max BW GB/s: 4,096.00

---Traffic---
In-Die bisection_bytes BW (GB/s): 256.00
Inter-board traffic (msg/ns): 0.00, per-link: 0.00
Inter-pack traffic (msg/ns): 0.00, per-link: 0.00
Inter-die traffic (msg/ns): 65.38, per-link: 0.26
Ruche traffic (msg/ns): 80.94, per-link: 0.32
All traffic (msg/ns): 2,593.04, per-link: 2.53
Inter-die reduction wrt all: 39.66
Inter-board reduction wrt inter-die: inf

---Data Movement---
All traffic (msg): 3,371,087,948
Arith. Intensity FLOP/Loads: 0.20
Arith. Intensity FLOP/Msgs: 0.04
Arith. Intensity OPS/Loads: 1.63
Arith. Intensity OPS/Msgs: 0.31



===Core Utilization Total=== CORE-S:13;; TIME K cy:1,300 ;; Nodes Proc: 15,965,522 -- Edges Proc: 0
======== IT IS COLD ======= Only 0 Tiles active
Epoch Done Router: 6
Epoch Done Router: 3
Epoch Done Router: 5
Epoch Done Router: 2
Epoch Done Router: 0
Epoch Done Router: 7
Epoch Done Router: 1
Epoch Done Router: 4
##EPOCH## 1 COMPLETED at Time (K cy): 1,309
Nodes processed until now: 128,311,436
Edges processed until now: 0
Program Done Worker Thread: 0
Program Done Router Thread: 5
Program Done Router Thread: 0
Program Done Router Thread: 1
Program Done Router Thread: 2
Program Done Worker Thread: 6
Program Done Router Thread: 4
Program Done Worker Thread: 1
Program Done Worker Thread: 4
Program Done Worker Thread: 3
Program Done Worker Thread: 2
Program Done Router Thread: 3
Program Done Worker Thread: 5
Program Done Worker Thread: 7
Program Done Router Thread: 7
Program Done Router Thread: 6

===PRINTING ACUM STATS at pu_cycles: 1,309,348

ACollision In Avg:8, SD:6, Max:44, Min:0
ACollision Out Avg:0, SD:0, Max:2, Min:0
ACollision End Avg:0, SD:0, Max:0, Min:0
ATask1 Avg:60, SD:0, Max:62, Min:60
ATask2 Avg:0, SD:0, Max:0, Min:0
ATask3 Avg:19, SD:3, Max:40, Min:12
ACore Active Avg:79, SD:3, Max:100, Min:72
ARouter Active Avg:69, SD:4, Max:78, Min:30
T1 invocations: 4,019,154
T2 invocations: 0
T3 invocations: 128,311,436
T3b invocations: 0
Total3 invocations: 128,311,436
Total4 invocations: 0

T3/T2 ratio: inf
T3b/T3 ratio: 0

T1 avg ex cycles: 201
T2 avg ex cycles: -nan
T3&b avg ex cycles: 2
T4 avg ex cycles: -nan
Avg. hops NOC1: -nan
Avg. latency NOC1 (T2): -nan
Avg. hops NOC2: 12
Avg. latency NOC2 (T3): 3,270

Runtime at program end in K cycles: 1,309
Runtime before cooldown in K cycles: 1,000


Number of K Nodes Processed: 128,311
Number of K Edges Processed: 128,311
Node Re-explore factor: 30.59
Edge Re-explore factor: 1.00
Nodes/cy: 98
Edges/cy: 98
TEPS: 98

---DCache---
DCache Size: 31,152
DRAM words: 129,408
  DHits: 211,528,963
  DMisses: 9,290,446
  DHit Rate (hit/miss): 96%
  DEvictions: 7,379,800
  DEviction Rate (evict/misses): 79%
  MC Transactions: 10,492,116
  MC Writes: 1,086,884
Avg. Transactions: 25% , Writes: 3%, Avg. Latency: 0
Max MC id: 9 of 32. Transactions: 25% , Writes: 3%, MC mean Latency: 0
HBM refresh energy (nJ): 3
HBM access energy (nJ): 19,876,264
MemC wire energy 2.5d (nJ): 3,321,220
MemC wire energy 3d (nJ): 830,305

---Energy---
Leakage Energy (nJ): 135,115
PU Dyn E (nJ): 7,162,041
Mem Dyn E (nJ): 38,220,581
Route Dyn E (nJ): 8,558,087
Dynamic Energy (nJ): 53,940,710
Ratio of Dyn/Leak: 399
Total Energy (nJ): 54,075,825
Total Energy (nJ) 3D: 57,609,882
Cores Energy (nJ): 7,165,685
Route Energy (nJ): 8,583,135
Route Energy (nJ) 3D: 14,608,108
Mem Energy   (nJ): 38,327,005
Mem Energy   (nJ) 3D: 35,836,090
Avg. Power (mW): 41,299.81
Power Density (mW/mm2): 50.16

---Runtime---
Runtime in K cycles: 1,309.35
Microseconds: 1,309.35
Time per iteration (ms): 1.31

---Inst---
K Loads: 649,595
K Stores: 388,953
K Instructions: 1,058,643

---Throughput---
GOP/s (aka OPS/ns): 808.53
GOP/s per core: 0.79
FLOP/s: 98.00
FLOP/s per core: 0.10
Max Peak FLOP/s: 1,024.00
Avg. BW GB/s: 3,172.72
Max BW GB/s: 4,096.00

---Traffic---
In-Die bisection_bytes BW (GB/s): 256.00
Inter-board traffic (msg/ns): 0.00, per-link: 0.00
Inter-pack traffic (msg/ns): 0.00, per-link: 0.00
Inter-die traffic (msg/ns): 64.92, per-link: 0.25
Ruche traffic (msg/ns): 80.36, per-link: 0.31
All traffic (msg/ns): 2,574.82, per-link: 2.51
Inter-die reduction wrt all: 39.66
Inter-board reduction wrt inter-die: inf

---Data Movement---
All traffic (msg): 3,371,329,124
Arith. Intensity FLOP/Loads: 0.20
Arith. Intensity FLOP/Msgs: 0.04
Arith. Intensity OPS/Loads: 1.63
Arith. Intensity OPS/Msgs: 0.31

Simulation time: 122.70
Sim noc_cy/s: 10,670.92
Sim Msg/s: 27,475,642.53

Version 31

