Dataset:  Kron22/
Dry run: 0
Open Edge Count File succesfully
Edges Traversed BFS: 128309848
Found Vertices: 4194304, Edges: 128311436
avg degree 31
Array  Kron22/node_array.bin found
Malloc array of size 16777220 bytes
Readin array of size 16777216 bytes
Finished Reading Array Bytes
No reordering Array 32bit
Array  Kron22/edge_array.bin found
Malloc array of size 513245744 bytes
Readin array of size 513245744 bytes
Finished Reading Array Bytes
No reordering Array 32bit
Array  Kron22/edge_values.bin found
Malloc array of size 513245744 bytes
Readin array of size 513245744 bytes
Finished Reading Array Bytes
No reordering Array 32bit
Reading graph elapsed time: 0.240613s

Dataset Footprint: 1027 MiB
Dataset Footprint per Board: 8615.1 Mb
Dataset injection time (ms): 0.525824
Max Dataset Footprint: 1026 MiB

Dataset footprint per tile: 1027 KiB
Proxys footprint per tile: 0 KiB
Reserved SRAM per tile: 28 KiB

Ideal SRAM per tile: 1055 KiB
reserved_words_for_dataset:11649
dataset_words_per_tile:262912
remaining_sram_words:58246
min_dcache_sram_words_required:11852
dataset_words_per_tile:262912
min_pcache_sram_words_required:0
proxys_words_per_tile:0
Dcache footprint ratio: 5
Dataset Cached: 1
DCache: 57456 words, lines: 3591, sets: 3591
Proxys Cached: 0
Pcache: 0 words, sets: 0
Node per tile: 4,096
Edge per tile: 125,305
GRID_X: 32
GRID_SIZE: 1,024
smt_per_tile: 1
noc_freq: 1
pu_freq: 1
RUCHE_X: 8
PROXY_W: 32
DIE_W: 16
DIE_H: 16
DIES: 4
BORDER_TILES_PER_DIE: 64
PACK_W: 32
PACK_H: 32
DIES_PACK_FACTOR: 2
DIES_PER_PACK: 4
PACKAGES: 1
BOARD_W: 32
BOARD_H: 32
BOARDS: 1
MUX_BUS: 1
DCACHE: 1
PCACHE: 0
PROXY_FACTOR: 1
CACHE_WAYS: 1
TORUS: 1
PHY_NOCS: 1
WIDE_NOC_ID: 0
NOC_CONF: 1
noc_width: 32
hbm_channel_bit_width: 512
ld_st_op_byte_width: 4
PROXY_ROUTING: 0
WRITE_THROUGH: 0
ASSERT_MODE: 0
GLOBAL_BARRIER: 0
OQ flits: 36 ; 384 ; 2
IQ flits: 576 ; 6,144 ; 2
OQ messages: 12 ; 192 ; 1
IQ messages: 192 ; 3,072 ; 1
max_task2 size: 64
io_factor_t2: 16
io_factor_t3: 16
io_factor_t3b: 16

Active SRAM Storage per tile: 255 KiB
Total SRAM Storage per tile: 256 KiB
Agreggated SRAM Storage: 256 MiB

Active DRAM Storage per tile: 1.00293 MiB
Total DRAM Storage per tile: 32 MiB
Agreggated DRAM Storage: 32 GiB

Inter-Die #links: 512
Inter-Die (Gbits): 16,384
Inter-Die (Gbits/mm): 507.873
Bisection BW of Board (Gbits): 8,192
Border IO #Dies: 8
Border IO Die BW (Gbits): 2,048
Off-Board BW Total (Gbits): 16,384
Off-Board BW Density (Gbits/mm): 139
Die side: 8.07 mm
Die border wire density: 507.87 Gbits/mm
HBM wire density: 507.87 Gbits/mm

Tiles per Die: 256 (16x16)
Tile Area: 0.13 mm2, side: 0.36 mm
- Core/Rout Area: 0.05 mm2
- SRAM Area: 0.07 mm2
- SRAM/Logic Ratio: 1.32x

Dies per Package: 4 (2x2)
Die Area: 65.04 mm2, side: 8.07 mm
- Tiles Area: 32.30 mm2
- PHY Area: 23.74 mm2
- MC Area: 9.00 mm2

Packages per Board: 1 (1x1)
Package Area: 860.18 mm2, side: 29.33 mm
- IOdie Area: 160.00 mm2
- Dies Area: 260.18 mm2
- HBM Area: 440.00 mm2

Boards: 1 (1x1)
Board Area: 860.18 mm2
Total Area: 860.18 mm2



ESTIMATED COST OF SILICON AND PACKAGING. ONLY VARIABLE, NO FIXED COSTS
Good dies per wafer 3d: 511
Good dies per wafer 2d: 862
--Dies 3D Cost: 47.33 $
--Dies 2.5D Cost: 28.06 $
--Dies 2D Cost: 28.06 $
--HBM Cost: 240.00 $
--IOdie Cost: 16.88 $
--Packaging Cost 3d: 11.04 $
--Packaging Cost 2.5d: 16.56 $
--Packaging Cost 2d: 6.74 $
SiP Cost 3d: 315.25 $
SiP Cost 2.5d: 301.50 $
SiP Cost 2d: 51.68 $
--Board Cost: 0.86 $
Total SiPs Cost 3d: 316.11 $
Total SiPs Cost 2.5d: 302.36 $
Total SiPs Cost 2d: 52.54 $

Perf counters initialized
Mesh connected
Cache structures initialized
proxys initialized
Dataset structures initialized


Starting Simulation
INIT epoch: 1
INIT epoch: 1
INIT epoch: 1
INIT epoch: 1
INIT epoch: 1
INIT epoch: 1
INIT epoch: 1
INIT epoch: 1

===PRINTING FRAME STATS

FCollision In Avg:-nan, SD:-nan, Max:354, Min:33
FCollision Out Avg:-nan, SD:-nan, Max:238, Min:2
FCollision End Avg:-nan, SD:-nan, Max:97, Min:0
FTask1 Avg:-nan, SD:-nan, Max:36, Min:1
FTask2 Avg:-nan, SD:-nan, Max:75, Min:0
FTask3 Avg:-nan, SD:-nan, Max:61, Min:19
FCore Active Avg:-nan, SD:-nan, Max:100, Min:30
FRouter Active Avg:-nan, SD:-nan, Max:99, Min:53
T1 invocations: 119,656
T2 invocations: 476,948
T3 invocations: 14,188,212
T3b invocations: 0
Total3 invocations: 14,188,212
Total4 invocations: 0

T3/T2 ratio: 30
T3b/T3 ratio: 0

T1 avg ex cycles: 125
T2 avg ex cycles: 78
T3&b avg ex cycles: 2
T4 avg ex cycles: -nan
Avg. hops NOC1: 3
Avg. latency NOC1 (T2): 21,916
Avg. hops NOC2: 14
Avg. latency NOC2 (T3): 4,286

===PRINTING ACUM STATS at pu_cycles: 100,738

ACollision In Avg:-nan, SD:-nan, Max:354, Min:33
ACollision Out Avg:-nan, SD:-nan, Max:238, Min:2
ACollision End Avg:-nan, SD:-nan, Max:97, Min:0
ATask1 Avg:-nan, SD:-nan, Max:36, Min:1
ATask2 Avg:-nan, SD:-nan, Max:75, Min:0
ATask3 Avg:-nan, SD:-nan, Max:61, Min:19
ACore Active Avg:-nan, SD:-nan, Max:100, Min:30
ARouter Active Avg:-nan, SD:-nan, Max:99, Min:53
T1 invocations: 119,656
T2 invocations: 476,948
T3 invocations: 14,188,212
T3b invocations: 0
Total3 invocations: 14,188,212
Total4 invocations: 0

T3/T2 ratio: 30
T3b/T3 ratio: 0

T1 avg ex cycles: 125
T2 avg ex cycles: 78
T3&b avg ex cycles: 2
T4 avg ex cycles: -nan
Avg. hops NOC1: 3
Avg. latency NOC1 (T2): 21,916
Avg. hops NOC2: 14
Avg. latency NOC2 (T3): 4,286
Number of K Nodes Processed: 14,255
Number of K Edges Processed: 14,786
Node Re-explore factor: 3.40
Edge Re-explore factor: 0.12
Nodes/cy: 142
Edges/cy: 147
TEPS: 1,274

---DCache---
DCache Size: 57,456
DRAM words: 262,912
  DHits: 33,705,656
  DMisses: 2,278,985
  DHit Rate (hit/miss): 94%
  DEvictions: 591,336
  DEviction Rate (evict/misses): 26%
  MC Transactions: 2,471,087
  MC Writes: 118,529
Avg. Transactions: 77% , Writes: 4%, Avg. Latency: 3
Max MC id: 15 of 32. Transactions: 94% , Writes: 5%, MC mean Latency: 4
HBM refresh energy (nJ): 0
HBM access energy (nJ): 4,681,227
MemC wire energy 2.5d (nJ): 924,632
MemC wire energy 3d (nJ): 231,158

---Energy---
Leakage Energy (nJ): 18,648
PU Dyn E (nJ): 874,101
Mem Dyn E (nJ): 8,513,683
Route Dyn E (nJ): 1,151,832
Dynamic Energy (nJ): 10,539,617
Ratio of Dyn/Leak: 565
Total Energy (nJ): 10,558,265
Total Energy (nJ) 3D: 10,610,889
Cores Energy (nJ): 874,382
Route Energy (nJ): 1,153,760
Route Energy (nJ) 3D: 1,899,858
Mem Energy   (nJ): 8,530,124
Mem Energy   (nJ) 3D: 7,836,650
Avg. Power (mW): 104,809.16
Power Density (mW/mm2): 121.85

---Runtime---
Runtime in K cycles: 100.74
Microseconds: 100.74
Time per iteration (ms): 0.10

---Throughput---
GOP/s (aka OPS/ns): 756.85
GOP/s per core: 0.74
FLOP/s: 286.88
FLOP/s per core: 0.28
Max Peak FLOP/s: 1,024.00
Avg. BW GB/s: 5,999.29
Max BW GB/s: 4,096.00

---Traffic---
In-Die bisection_bytes BW (GB/s): 256.00
Inter-board traffic (msg/ns): 0.00, per-link: 0.00
Inter-pack traffic (msg/ns): 0.00, per-link: 0.00
Inter-die traffic (msg/ns): 104.64, per-link: 0.41
Ruche traffic (msg/ns): 99.85, per-link: 0.39
All traffic (msg/ns): 4,277.46, per-link: 4.18
Inter-die reduction wrt all: 40.88
Inter-board reduction wrt inter-die: inf

---Data Movement---
All traffic (msg): 430,902,591
Arith. Intensity FLOP/Loads: 0.38
Arith. Intensity FLOP/Msgs: 0.07
Arith. Intensity OPS/Loads: 1.01
Arith. Intensity OPS/Msgs: 0.18



===Core Utilization Total=== CORE-S:1;; TIME K cy:100 ;; Nodes Proc: 1,784,403 -- Edges Proc: 1,862,834

===PRINTING FRAME STATS

FCollision In Avg:141, SD:49, Max:354, Min:31
FCollision Out Avg:105, SD:42, Max:257, Min:3
FCollision End Avg:42, SD:38, Max:100, Min:0
FTask1 Avg:11, SD:7, Max:34, Min:0
FTask2 Avg:35, SD:19, Max:78, Min:0
FTask3 Avg:29, SD:5, Max:65, Min:17
FCore Active Avg:76, SD:20, Max:100, Min:21
FRouter Active Avg:92, SD:3, Max:98, Min:56
T1 invocations: 102,970
T2 invocations: 455,817
T3 invocations: 14,703,257
T3b invocations: 0
Total3 invocations: 14,703,257
Total4 invocations: 0

T3/T2 ratio: 32
T3b/T3 ratio: 0

T1 avg ex cycles: 107
T2 avg ex cycles: 79
T3&b avg ex cycles: 2
T4 avg ex cycles: -nan
Avg. hops NOC1: 2
Avg. latency NOC1 (T2): 29,048
Avg. hops NOC2: 13
Avg. latency NOC2 (T3): 3,649

===PRINTING ACUM STATS at pu_cycles: 200,772

ACollision In Avg:141, SD:47, Max:337, Min:32
ACollision Out Avg:103, SD:38, Max:247, Min:3
ACollision End Avg:39, SD:32, Max:98, Min:0
ATask1 Avg:13, SD:6, Max:30, Min:1
ATask2 Avg:36, SD:15, Max:75, Min:0
ATask3 Avg:30, SD:5, Max:63, Min:19
ACore Active Avg:79, SD:16, Max:100, Min:26
ARouter Active Avg:92, SD:3, Max:98, Min:54
T1 invocations: 222,726
T2 invocations: 933,537
T3 invocations: 28,904,597
T3b invocations: 0
Total3 invocations: 28,904,597
Total4 invocations: 0

T3/T2 ratio: 31
T3b/T3 ratio: 0

T1 avg ex cycles: 117
T2 avg ex cycles: 79
T3&b avg ex cycles: 2
T4 avg ex cycles: -nan
Avg. hops NOC1: 3
Avg. latency NOC1 (T2): 25,399
Avg. hops NOC2: 13
Avg. latency NOC2 (T3): 3,962
Number of K Nodes Processed: 28,964
Number of K Edges Processed: 29,546
Node Re-explore factor: 6.91
Edge Re-explore factor: 0.23
Nodes/cy: 144
Edges/cy: 147
TEPS: 639

---DCache---
DCache Size: 57,456
DRAM words: 262,912
  DHits: 67,927,410
  DMisses: 4,288,393
  DHit Rate (hit/miss): 94%
  DEvictions: 1,792,833
  DEviction Rate (evict/misses): 42%
  MC Transactions: 4,674,333
  MC Writes: 251,991
Avg. Transactions: 73% , Writes: 4%, Avg. Latency: 2
Max MC id: 31 of 32. Transactions: 94% , Writes: 5%, MC mean Latency: 2
HBM refresh energy (nJ): 1
HBM access energy (nJ): 8,855,056
MemC wire energy 2.5d (nJ): 1,749,043
MemC wire energy 3d (nJ): 437,261

---Energy---
Leakage Energy (nJ): 37,165
PU Dyn E (nJ): 1,746,847
Mem Dyn E (nJ): 16,459,261
Route Dyn E (nJ): 2,303,567
Dynamic Energy (nJ): 20,509,676
Ratio of Dyn/Leak: 552
Total Energy (nJ): 20,546,841
Total Energy (nJ) 3D: 20,724,887
Cores Energy (nJ): 1,747,406
Route Energy (nJ): 2,307,408
Route Energy (nJ) 3D: 3,797,237
Mem Energy   (nJ): 16,492,027
Mem Energy   (nJ) 3D: 15,180,245
Avg. Power (mW): 102,339.18
Power Density (mW/mm2): 118.97

---Runtime---
Runtime in K cycles: 200.77
Microseconds: 200.77
Time per iteration (ms): 0.20

---Throughput---
GOP/s (aka OPS/ns): 746.22
GOP/s per core: 0.73
FLOP/s: 290.84
FLOP/s per core: 0.28
Max Peak FLOP/s: 1,024.00
Avg. BW GB/s: 6,065.71
Max BW GB/s: 4,096.00

---Traffic---
In-Die bisection_bytes BW (GB/s): 256.00
Inter-board traffic (msg/ns): 0.00, per-link: 0.00
Inter-pack traffic (msg/ns): 0.00, per-link: 0.00
Inter-die traffic (msg/ns): 105.17, per-link: 0.41
Ruche traffic (msg/ns): 100.91, per-link: 0.39
All traffic (msg/ns): 4,270.90, per-link: 4.17
Inter-die reduction wrt all: 40.61
Inter-board reduction wrt inter-die: inf

---Data Movement---
All traffic (msg): 857,477,825
Arith. Intensity FLOP/Loads: 0.38
Arith. Intensity FLOP/Msgs: 0.07
Arith. Intensity OPS/Loads: 0.99
Arith. Intensity OPS/Msgs: 0.17



===Core Utilization Total=== CORE-S:2;; TIME K cy:200 ;; Nodes Proc: 3,631,741 -- Edges Proc: 3,655,554

===PRINTING FRAME STATS

FCollision In Avg:137, SD:48, Max:348, Min:16
FCollision Out Avg:104, SD:45, Max:253, Min:0
FCollision End Avg:40, SD:37, Max:100, Min:0
FTask1 Avg:11, SD:7, Max:33, Min:0
FTask2 Avg:35, SD:20, Max:81, Min:0
FTask3 Avg:29, SD:5, Max:59, Min:18
FCore Active Avg:75, SD:21, Max:100, Min:21
FRouter Active Avg:92, SD:3, Max:98, Min:55
T1 invocations: 102,953
T2 invocations: 453,219
T3 invocations: 14,635,167
T3b invocations: 0
Total3 invocations: 14,635,167
Total4 invocations: 0

T3/T2 ratio: 32
T3b/T3 ratio: 0

T1 avg ex cycles: 107
T2 avg ex cycles: 79
T3&b avg ex cycles: 2
T4 avg ex cycles: -nan
Avg. hops NOC1: 2
Avg. latency NOC1 (T2): 28,284
Avg. hops NOC2: 13
Avg. latency NOC2 (T3): 3,701

===PRINTING ACUM STATS at pu_cycles: 300,691

ACollision In Avg:140, SD:45, Max:331, Min:41
ACollision Out Avg:104, SD:38, Max:249, Min:3
ACollision End Avg:39, SD:30, Max:98, Min:0
ATask1 Avg:12, SD:5, Max:30, Min:1
ATask2 Avg:36, SD:15, Max:75, Min:0
ATask3 Avg:30, SD:5, Max:61, Min:19
ACore Active Avg:77, SD:15, Max:100, Min:26
ARouter Active Avg:92, SD:3, Max:98, Min:55
T1 invocations: 325,439
T2 invocations: 1,386,219
T3 invocations: 43,513,530
T3b invocations: 0
Total3 invocations: 43,513,530
Total4 invocations: 0

T3/T2 ratio: 31
T3b/T3 ratio: 0

T1 avg ex cycles: 114
T2 avg ex cycles: 79
T3&b avg ex cycles: 2
T4 avg ex cycles: -nan
Avg. hops NOC1: 3
Avg. latency NOC1 (T2): 26,340
Avg. hops NOC2: 13
Avg. latency NOC2 (T3): 3,877
Number of K Nodes Processed: 43,587
Number of K Edges Processed: 44,097
Node Re-explore factor: 10.39
Edge Re-explore factor: 0.34
Nodes/cy: 145
Edges/cy: 147
TEPS: 427

---DCache---
DCache Size: 57,456
DRAM words: 262,912
  DHits: 101,889,112
  DMisses: 6,272,405
  DHit Rate (hit/miss): 94%
  DEvictions: 3,294,559
  DEviction Rate (evict/misses): 53%
  MC Transactions: 6,850,003
  MC Writes: 384,298
Avg. Transactions: 71% , Writes: 4%, Avg. Latency: 2
Max MC id: 31 of 32. Transactions: 92% , Writes: 5%, MC mean Latency: 2
HBM refresh energy (nJ): 1
HBM access energy (nJ): 12,976,645
MemC wire energy 2.5d (nJ): 2,563,135
MemC wire energy 3d (nJ): 640,784

---Energy---
Leakage Energy (nJ): 55,662
PU Dyn E (nJ): 2,609,322
Mem Dyn E (nJ): 24,311,288
Route Dyn E (nJ): 3,436,173
Dynamic Energy (nJ): 30,356,783
Ratio of Dyn/Leak: 545
Total Energy (nJ): 30,412,445
Total Energy (nJ) 3D: 30,710,847
Cores Energy (nJ): 2,610,159
Route Energy (nJ): 3,441,925
Route Energy (nJ) 3D: 5,662,679
Mem Energy   (nJ): 24,360,361
Mem Energy   (nJ) 3D: 22,438,010
Avg. Power (mW): 101,141.85
Power Density (mW/mm2): 117.58

---Runtime---
Runtime in K cycles: 300.69
Microseconds: 300.69
Time per iteration (ms): 0.30

---Throughput---
GOP/s (aka OPS/ns): 740.28
GOP/s per core: 0.72
FLOP/s: 291.07
FLOP/s per core: 0.28
Max Peak FLOP/s: 1,024.00
Avg. BW GB/s: 6,067.66
Max BW GB/s: 4,096.00

---Traffic---
In-Die bisection_bytes BW (GB/s): 256.00
Inter-board traffic (msg/ns): 0.00, per-link: 0.00
Inter-pack traffic (msg/ns): 0.00, per-link: 0.00
Inter-die traffic (msg/ns): 104.88, per-link: 0.41
Ruche traffic (msg/ns): 100.79, per-link: 0.39
All traffic (msg/ns): 4,247.75, per-link: 4.15
Inter-die reduction wrt all: 40.50
Inter-board reduction wrt inter-die: inf

---Data Movement---
All traffic (msg): 1,277,260,834
Arith. Intensity FLOP/Loads: 0.38
Arith. Intensity FLOP/Msgs: 0.07
Arith. Intensity OPS/Loads: 0.98
Arith. Intensity OPS/Msgs: 0.17



===Core Utilization Total=== CORE-S:3;; TIME K cy:300 ;; Nodes Proc: 5,445,313 -- Edges Proc: 5,514,810

===PRINTING FRAME STATS

FCollision In Avg:139, SD:50, Max:330, Min:10
FCollision Out Avg:108, SD:47, Max:258, Min:0
FCollision End Avg:40, SD:38, Max:100, Min:0
FTask1 Avg:11, SD:7, Max:37, Min:0
FTask2 Avg:34, SD:20, Max:80, Min:0
FTask3 Avg:29, SD:5, Max:60, Min:17
FCore Active Avg:74, SD:21, Max:100, Min:21
FRouter Active Avg:92, SD:3, Max:98, Min:56
T1 invocations: 101,610
T2 invocations: 446,746
T3 invocations: 14,385,894
T3b invocations: 0
Total3 invocations: 14,385,894
Total4 invocations: 0

T3/T2 ratio: 32
T3b/T3 ratio: 0

T1 avg ex cycles: 107
T2 avg ex cycles: 79
T3&b avg ex cycles: 2
T4 avg ex cycles: -nan
Avg. hops NOC1: 2
Avg. latency NOC1 (T2): 28,429
Avg. hops NOC2: 13
Avg. latency NOC2 (T3): 3,511

===PRINTING ACUM STATS at pu_cycles: 400,683

ACollision In Avg:139, SD:45, Max:320, Min:38
ACollision Out Avg:105, SD:37, Max:251, Min:3
ACollision End Avg:39, SD:29, Max:98, Min:0
ATask1 Avg:12, SD:5, Max:25, Min:1
ATask2 Avg:35, SD:14, Max:70, Min:0
ATask3 Avg:30, SD:5, Max:61, Min:19
ACore Active Avg:77, SD:15, Max:100, Min:28
ARouter Active Avg:92, SD:3, Max:98, Min:55
T1 invocations: 426,999
T2 invocations: 1,830,607
T3 invocations: 57,831,881
T3b invocations: 0
Total3 invocations: 57,831,881
Total4 invocations: 0

T3/T2 ratio: 32
T3b/T3 ratio: 0

T1 avg ex cycles: 112
T2 avg ex cycles: 79
T3&b avg ex cycles: 2
T4 avg ex cycles: -nan
Avg. hops NOC1: 3
Avg. latency NOC1 (T2): 26,843
Avg. hops NOC2: 13
Avg. latency NOC2 (T3): 3,780
Number of K Nodes Processed: 57,965
Number of K Edges Processed: 58,473
Node Re-explore factor: 13.82
Edge Re-explore factor: 0.46
Nodes/cy: 145
Edges/cy: 146
TEPS: 320

---DCache---
DCache Size: 57,456
DRAM words: 262,912
  DHits: 135,610,394
  DMisses: 8,224,083
  DHit Rate (hit/miss): 94%
  DEvictions: 5,050,618
  DEviction Rate (evict/misses): 61%
  MC Transactions: 8,983,321
  MC Writes: 507,703
Avg. Transactions: 70% , Writes: 4%, Avg. Latency: 2
Max MC id: 31 of 32. Transactions: 87% , Writes: 5%, MC mean Latency: 2
HBM refresh energy (nJ): 2
HBM access energy (nJ): 17,018,003
MemC wire energy 2.5d (nJ): 3,361,380
MemC wire energy 3d (nJ): 840,345

---Energy---
Leakage Energy (nJ): 74,172
PU Dyn E (nJ): 3,456,757
Mem Dyn E (nJ): 32,020,169
Route Dyn E (nJ): 4,559,602
Dynamic Energy (nJ): 40,036,528
Ratio of Dyn/Leak: 540
Total Energy (nJ): 40,110,700
Total Energy (nJ) 3D: 40,536,691
Cores Energy (nJ): 3,457,872
Route Energy (nJ): 4,567,267
Route Energy (nJ) 3D: 7,514,293
Mem Energy   (nJ): 32,085,561
Mem Energy   (nJ) 3D: 29,564,526
Avg. Power (mW): 100,105.82
Power Density (mW/mm2): 116.38

---Runtime---
Runtime in K cycles: 400.68
Microseconds: 400.68
Time per iteration (ms): 0.40

---Throughput---
GOP/s (aka OPS/ns): 734.06
GOP/s per core: 0.72
FLOP/s: 289.85
FLOP/s per core: 0.28
Max Peak FLOP/s: 1,024.00
Avg. BW GB/s: 6,040.27
Max BW GB/s: 4,096.00

---Traffic---
In-Die bisection_bytes BW (GB/s): 256.00
Inter-board traffic (msg/ns): 0.00, per-link: 0.00
Inter-pack traffic (msg/ns): 0.00, per-link: 0.00
Inter-die traffic (msg/ns): 104.58, per-link: 0.41
Ruche traffic (msg/ns): 100.18, per-link: 0.39
All traffic (msg/ns): 4,225.96, per-link: 4.13
Inter-die reduction wrt all: 40.41
Inter-board reduction wrt inter-die: inf

---Data Movement---
All traffic (msg): 1,693,271,338
Arith. Intensity FLOP/Loads: 0.38
Arith. Intensity FLOP/Msgs: 0.07
Arith. Intensity OPS/Loads: 0.97
Arith. Intensity OPS/Msgs: 0.17



===Core Utilization Total=== CORE-S:4;; TIME K cy:400 ;; Nodes Proc: 7,233,306 -- Edges Proc: 7,352,118

===PRINTING FRAME STATS

FCollision In Avg:136, SD:50, Max:352, Min:11
FCollision Out Avg:107, SD:50, Max:301, Min:1
FCollision End Avg:39, SD:38, Max:100, Min:0
FTask1 Avg:10, SD:7, Max:31, Min:0
FTask2 Avg:34, SD:20, Max:81, Min:0
FTask3 Avg:28, SD:5, Max:57, Min:16
FCore Active Avg:72, SD:22, Max:100, Min:21
FRouter Active Avg:91, SD:4, Max:97, Min:54
T1 invocations: 98,298
T2 invocations: 434,031
T3 invocations: 14,073,404
T3b invocations: 0
Total3 invocations: 14,073,404
Total4 invocations: 0

T3/T2 ratio: 32
T3b/T3 ratio: 0

T1 avg ex cycles: 106
T2 avg ex cycles: 79
T3&b avg ex cycles: 2
T4 avg ex cycles: -nan
Avg. hops NOC1: 2
Avg. latency NOC1 (T2): 28,601
Avg. hops NOC2: 13
Avg. latency NOC2 (T3): 3,573

===PRINTING ACUM STATS at pu_cycles: 500,645

ACollision In Avg:139, SD:44, Max:327, Min:39
ACollision Out Avg:105, SD:37, Max:252, Min:3
ACollision End Avg:39, SD:27, Max:99, Min:0
ATask1 Avg:11, SD:4, Max:20, Min:1
ATask2 Avg:35, SD:13, Max:63, Min:0
ATask3 Avg:29, SD:5, Max:60, Min:19
ACore Active Avg:76, SD:14, Max:100, Min:30
ARouter Active Avg:92, SD:3, Max:98, Min:55
T1 invocations: 523,927
T2 invocations: 2,260,551
T3 invocations: 71,757,021
T3b invocations: 0
Total3 invocations: 71,757,021
Total4 invocations: 0

T3/T2 ratio: 32
T3b/T3 ratio: 0

T1 avg ex cycles: 111
T2 avg ex cycles: 79
T3&b avg ex cycles: 2
T4 avg ex cycles: -nan
Avg. hops NOC1: 3
Avg. latency NOC1 (T2): 27,195
Avg. hops NOC2: 13
Avg. latency NOC2 (T3): 3,742
Number of K Nodes Processed: 72,030
Number of K Edges Processed: 72,530
Node Re-explore factor: 17.17
Edge Re-explore factor: 0.57
Nodes/cy: 144
Edges/cy: 145
TEPS: 256

---DCache---
DCache Size: 57,456
DRAM words: 262,912
  DHits: 169,127,702
  DMisses: 10,144,707
  DHit Rate (hit/miss): 94%
  DEvictions: 6,864,466
  DEviction Rate (evict/misses): 68%
  MC Transactions: 11,085,263
  MC Writes: 637,339
Avg. Transactions: 69% , Writes: 4%, Avg. Latency: 2
Max MC id: 31 of 32. Transactions: 83% , Writes: 5%, MC mean Latency: 2
HBM refresh energy (nJ): 2
HBM access energy (nJ): 20,999,922
MemC wire energy 2.5d (nJ): 4,147,885
MemC wire energy 3d (nJ): 1,036,971

---Energy---
Leakage Energy (nJ): 92,676
PU Dyn E (nJ): 4,279,733
Mem Dyn E (nJ): 39,588,798
Route Dyn E (nJ): 5,652,046
Dynamic Energy (nJ): 49,520,578
Ratio of Dyn/Leak: 534
Total Energy (nJ): 49,613,254
Total Energy (nJ) 3D: 50,156,095
Cores Energy (nJ): 4,281,127
Route Energy (nJ): 5,661,624
Route Energy (nJ) 3D: 9,315,379
Mem Energy   (nJ): 39,670,503
Mem Energy   (nJ) 3D: 36,559,590
Avg. Power (mW): 99,098.67
Power Density (mW/mm2): 115.21

---Runtime---
Runtime in K cycles: 500.64
Microseconds: 500.64
Time per iteration (ms): 0.50

---Throughput---
GOP/s (aka OPS/ns): 725.90
GOP/s per core: 0.71
FLOP/s: 287.57
FLOP/s per core: 0.28
Max Peak FLOP/s: 1,024.00
Avg. BW GB/s: 5,990.94
Max BW GB/s: 4,096.00

---Traffic---
In-Die bisection_bytes BW (GB/s): 256.00
Inter-board traffic (msg/ns): 0.00, per-link: 0.00
Inter-pack traffic (msg/ns): 0.00, per-link: 0.00
Inter-die traffic (msg/ns): 103.93, per-link: 0.41
Ruche traffic (msg/ns): 99.11, per-link: 0.39
All traffic (msg/ns): 4,191.45, per-link: 4.09
Inter-die reduction wrt all: 40.33
Inter-board reduction wrt inter-die: inf

---Data Movement---
All traffic (msg): 2,098,428,121
Arith. Intensity FLOP/Loads: 0.38
Arith. Intensity FLOP/Msgs: 0.07
Arith. Intensity OPS/Loads: 0.97
Arith. Intensity OPS/Msgs: 0.17



===Core Utilization Total=== CORE-S:5;; TIME K cy:500 ;; Nodes Proc: 8,970,322 -- Edges Proc: 9,194,426

===PRINTING FRAME STATS

FCollision In Avg:126, SD:51, Max:341, Min:9
FCollision Out Avg:99, SD:54, Max:285, Min:0
FCollision End Avg:37, SD:39, Max:100, Min:0
FTask1 Avg:10, SD:7, Max:39, Min:0
FTask2 Avg:33, SD:21, Max:82, Min:0
FTask3 Avg:27, SD:5, Max:55, Min:15
FCore Active Avg:69, SD:23, Max:100, Min:19
FRouter Active Avg:90, SD:5, Max:97, Min:35
T1 invocations: 95,476
T2 invocations: 418,849
T3 invocations: 13,566,167
T3b invocations: 0
Total3 invocations: 13,566,167
Total4 invocations: 0

T3/T2 ratio: 32
T3b/T3 ratio: 0

T1 avg ex cycles: 104
T2 avg ex cycles: 80
T3&b avg ex cycles: 2
T4 avg ex cycles: -nan
Avg. hops NOC1: 2
Avg. latency NOC1 (T2): 28,674
Avg. hops NOC2: 13
Avg. latency NOC2 (T3): 3,686

===PRINTING ACUM STATS at pu_cycles: 600,647

ACollision In Avg:137, SD:43, Max:321, Min:34
ACollision Out Avg:104, SD:38, Max:246, Min:4
ACollision End Avg:39, SD:26, Max:98, Min:0
ATask1 Avg:11, SD:4, Max:17, Min:1
ATask2 Avg:35, SD:11, Max:52, Min:0
ATask3 Avg:29, SD:5, Max:59, Min:19
ACore Active Avg:75, SD:13, Max:98, Min:29
ARouter Active Avg:91, SD:3, Max:97, Min:51
T1 invocations: 620,273
T2 invocations: 2,684,084
T3 invocations: 85,459,156
T3b invocations: 0
Total3 invocations: 85,459,156
Total4 invocations: 0

T3/T2 ratio: 32
T3b/T3 ratio: 0

T1 avg ex cycles: 110
T2 avg ex cycles: 79
T3&b avg ex cycles: 2
T4 avg ex cycles: -nan
Avg. hops NOC1: 3
Avg. latency NOC1 (T2): 27,427
Avg. hops NOC2: 13
Avg. latency NOC2 (T3): 3,735
Number of K Nodes Processed: 85,591
Number of K Edges Processed: 86,138
Node Re-explore factor: 20.41
Edge Re-explore factor: 0.67
Nodes/cy: 142
Edges/cy: 143
TEPS: 214

---DCache---
DCache Size: 57,456
DRAM words: 262,912
  DHits: 201,679,529
  DMisses: 12,002,100
  DHit Rate (hit/miss): 94%
  DEvictions: 8,662,395
  DEviction Rate (evict/misses): 72%
  MC Transactions: 13,118,126
  MC Writes: 763,290
Avg. Transactions: 68% , Writes: 4%, Avg. Latency: 2
Max MC id: 31 of 32. Transactions: 78% , Writes: 5%, MC mean Latency: 2
HBM refresh energy (nJ): 3
HBM access energy (nJ): 24,850,977
MemC wire energy 2.5d (nJ): 4,908,542
MemC wire energy 3d (nJ): 1,227,136

---Energy---
Leakage Energy (nJ): 111,187
PU Dyn E (nJ): 5,091,002
Mem Dyn E (nJ): 46,953,270
Route Dyn E (nJ): 6,725,972
Dynamic Energy (nJ): 58,770,244
Ratio of Dyn/Leak: 529
Total Energy (nJ): 58,881,431
Total Energy (nJ) 3D: 59,551,073
Cores Energy (nJ): 5,092,674
Route Energy (nJ): 6,737,463
Route Energy (nJ) 3D: 11,088,511
Mem Energy   (nJ): 47,051,295
Mem Energy   (nJ) 3D: 43,369,889
Avg. Power (mW): 98,030.01
Power Density (mW/mm2): 113.96

---Runtime---
Runtime in K cycles: 600.65
Microseconds: 600.65
Time per iteration (ms): 0.60

---Throughput---
GOP/s (aka OPS/ns): 718.60
GOP/s per core: 0.70
FLOP/s: 285.41
FLOP/s per core: 0.28
Max Peak FLOP/s: 1,024.00
Avg. BW GB/s: 5,943.93
Max BW GB/s: 4,096.00

---Traffic---
In-Die bisection_bytes BW (GB/s): 256.00
Inter-board traffic (msg/ns): 0.00, per-link: 0.00
Inter-pack traffic (msg/ns): 0.00, per-link: 0.00
Inter-die traffic (msg/ns): 102.99, per-link: 0.40
Ruche traffic (msg/ns): 98.01, per-link: 0.38
All traffic (msg/ns): 4,157.17, per-link: 4.06
Inter-die reduction wrt all: 40.36
Inter-board reduction wrt inter-die: inf

---Data Movement---
All traffic (msg): 2,496,993,286
Arith. Intensity FLOP/Loads: 0.38
Arith. Intensity FLOP/Msgs: 0.07
Arith. Intensity OPS/Loads: 0.97
Arith. Intensity OPS/Msgs: 0.17



===Core Utilization Total=== CORE-S:6;; TIME K cy:600 ;; Nodes Proc: 10,677,382 -- Edges Proc: 11,038,592

===PRINTING FRAME STATS

FCollision In Avg:101, SD:53, Max:316, Min:4
FCollision Out Avg:80, SD:54, Max:247, Min:0
FCollision End Avg:29, SD:37, Max:99, Min:0
FTask1 Avg:9, SD:8, Max:35, Min:0
FTask2 Avg:30, SD:24, Max:83, Min:0
FTask3 Avg:25, SD:5, Max:51, Min:13
FCore Active Avg:64, SD:25, Max:100, Min:18
FRouter Active Avg:88, SD:6, Max:97, Min:30
T1 invocations: 91,662
T2 invocations: 386,931
T3 invocations: 12,656,700
T3b invocations: 0
Total3 invocations: 12,656,700
Total4 invocations: 0

T3/T2 ratio: 33
T3b/T3 ratio: 0

T1 avg ex cycles: 97
T2 avg ex cycles: 80
T3&b avg ex cycles: 2
T4 avg ex cycles: -nan
Avg. hops NOC1: 3
Avg. latency NOC1 (T2): 25,565
Avg. hops NOC2: 13
Avg. latency NOC2 (T3): 4,168

===PRINTING ACUM STATS at pu_cycles: 700,704

ACollision In Avg:132, SD:42, Max:312, Min:37
ACollision Out Avg:101, SD:38, Max:238, Min:3
ACollision End Avg:38, SD:24, Max:98, Min:0
ATask1 Avg:11, SD:3, Max:15, Min:1
ATask2 Avg:34, SD:10, Max:46, Min:0
ATask3 Avg:28, SD:5, Max:58, Min:18
ACore Active Avg:73, SD:12, Max:97, Min:29
ARouter Active Avg:91, SD:3, Max:97, Min:48
T1 invocations: 712,569
T2 invocations: 3,074,764
T3 invocations: 98,211,409
T3b invocations: 0
Total3 invocations: 98,211,409
Total4 invocations: 0

T3/T2 ratio: 32
T3b/T3 ratio: 0

T1 avg ex cycles: 108
T2 avg ex cycles: 79
T3&b avg ex cycles: 2
T4 avg ex cycles: -nan
Avg. hops NOC1: 3
Avg. latency NOC1 (T2): 27,194
Avg. hops NOC2: 13
Avg. latency NOC2 (T3): 3,792
Number of K Nodes Processed: 98,251
Number of K Edges Processed: 98,812
Node Re-explore factor: 23.42
Edge Re-explore factor: 0.77
Nodes/cy: 140
Edges/cy: 141
TEPS: 183

---DCache---
DCache Size: 57,456
DRAM words: 262,912
  DHits: 232,643,680
  DMisses: 13,731,420
  DHit Rate (hit/miss): 94%
  DEvictions: 10,357,127
  DEviction Rate (evict/misses): 75%
  MC Transactions: 15,001,627
  MC Writes: 876,809
Avg. Transactions: 67% , Writes: 4%, Avg. Latency: 2
Max MC id: 29 of 32. Transactions: 77% , Writes: 5%, MC mean Latency: 2
HBM refresh energy (nJ): 4
HBM access energy (nJ): 28,419,082
MemC wire energy 2.5d (nJ): 5,613,311
MemC wire energy 3d (nJ): 1,403,328

---Energy---
Leakage Energy (nJ): 129,709
PU Dyn E (nJ): 5,844,126
Mem Dyn E (nJ): 53,796,085
Route Dyn E (nJ): 7,724,320
Dynamic Energy (nJ): 67,364,532
Ratio of Dyn/Leak: 519
Total Energy (nJ): 67,494,241
Total Energy (nJ) 3D: 68,280,921
Cores Energy (nJ): 5,846,077
Route Energy (nJ): 7,737,725
Route Energy (nJ) 3D: 12,734,388
Mem Energy   (nJ): 53,910,440
Mem Energy   (nJ) 3D: 49,700,457
Avg. Power (mW): 96,323.47
Power Density (mW/mm2): 111.98

---Runtime---
Runtime in K cycles: 700.70
Microseconds: 700.70
Time per iteration (ms): 0.70

---Throughput---
GOP/s (aka OPS/ns): 706.00
GOP/s per core: 0.69
FLOP/s: 281.12
FLOP/s per core: 0.27
Max Peak FLOP/s: 1,024.00
Avg. BW GB/s: 5,852.77
Max BW GB/s: 4,096.00

---Traffic---
In-Die bisection_bytes BW (GB/s): 256.00
Inter-board traffic (msg/ns): 0.00, per-link: 0.00
Inter-pack traffic (msg/ns): 0.00, per-link: 0.00
Inter-die traffic (msg/ns): 101.23, per-link: 0.40
Ruche traffic (msg/ns): 96.67, per-link: 0.38
All traffic (msg/ns): 4,091.01, per-link: 4.00
Inter-die reduction wrt all: 40.41
Inter-board reduction wrt inter-die: inf

---Data Movement---
All traffic (msg): 2,866,585,772
Arith. Intensity FLOP/Loads: 0.38
Arith. Intensity FLOP/Msgs: 0.07
Arith. Intensity OPS/Loads: 0.97
Arith. Intensity OPS/Msgs: 0.17



===Core Utilization Total=== CORE-S:7;; TIME K cy:700 ;; Nodes Proc: 12,235,536 -- Edges Proc: 12,793,770

===PRINTING FRAME STATS

FCollision In Avg:70, SD:52, Max:290, Min:2
FCollision Out Avg:57, SD:51, Max:258, Min:0
FCollision End Avg:22, SD:32, Max:100, Min:0
FTask1 Avg:7, SD:9, Max:40, Min:0
FTask2 Avg:27, SD:27, Max:86, Min:0
FTask3 Avg:22, SD:4, Max:45, Min:11
FCore Active Avg:56, SD:27, Max:100, Min:16
FRouter Active Avg:83, SD:8, Max:95, Min:21
T1 invocations: 84,464
T2 invocations: 333,837
T3 invocations: 11,122,997
T3b invocations: 0
Total3 invocations: 11,122,997
Total4 invocations: 0

T3/T2 ratio: 33
T3b/T3 ratio: 0

T1 avg ex cycles: 91
T2 avg ex cycles: 81
T3&b avg ex cycles: 2
T4 avg ex cycles: -nan
Avg. hops NOC1: 3
Avg. latency NOC1 (T2): 22,412
Avg. hops NOC2: 13
Avg. latency NOC2 (T3): 4,796

===PRINTING ACUM STATS at pu_cycles: 800,646

ACollision In Avg:124, SD:41, Max:297, Min:35
ACollision Out Avg:95, SD:37, Max:236, Min:3
ACollision End Avg:36, SD:21, Max:97, Min:0
ATask1 Avg:10, SD:2, Max:14, Min:1
ATask2 Avg:33, SD:8, Max:43, Min:0
ATask3 Avg:28, SD:5, Max:57, Min:17
ACore Active Avg:71, SD:10, Max:92, Min:31
ARouter Active Avg:90, SD:4, Max:97, Min:45
T1 invocations: 796,758
T2 invocations: 3,405,312
T3 invocations: 109,268,773
T3b invocations: 0
Total3 invocations: 109,268,773
Total4 invocations: 0

T3/T2 ratio: 32
T3b/T3 ratio: 0

T1 avg ex cycles: 106
T2 avg ex cycles: 79
T3&b avg ex cycles: 2
T4 avg ex cycles: -nan
Avg. hops NOC1: 3
Avg. latency NOC1 (T2): 26,724
Avg. hops NOC2: 13
Avg. latency NOC2 (T3): 3,892
Number of K Nodes Processed: 109,355
Number of K Edges Processed: 109,868
Node Re-explore factor: 26.07
Edge Re-explore factor: 0.86
Nodes/cy: 137
Edges/cy: 137
TEPS: 160

---DCache---
DCache Size: 57,456
DRAM words: 262,912
  DHits: 260,779,410
  DMisses: 15,240,925
  DHit Rate (hit/miss): 94%
  DEvictions: 11,838,905
  DEviction Rate (evict/misses): 78%
  MC Transactions: 16,633,582
  MC Writes: 971,403
Avg. Transactions: 65% , Writes: 4%, Avg. Latency: 2
Max MC id: 29 of 32. Transactions: 72% , Writes: 4%, MC mean Latency: 2
HBM refresh energy (nJ): 4
HBM access energy (nJ): 31,510,657
MemC wire energy 2.5d (nJ): 6,223,956
MemC wire energy 3d (nJ): 1,555,989

---Energy---
Leakage Energy (nJ): 148,210
PU Dyn E (nJ): 6,492,610
Mem Dyn E (nJ): 59,736,053
Route Dyn E (nJ): 8,576,894
Dynamic Energy (nJ): 74,805,558
Ratio of Dyn/Leak: 505
Total Energy (nJ): 74,953,768
Total Energy (nJ) 3D: 75,827,785
Cores Energy (nJ): 6,494,838
Route Energy (nJ): 8,592,211
Route Energy (nJ) 3D: 14,134,195
Mem Energy   (nJ): 59,866,718
Mem Energy   (nJ) 3D: 55,198,752
Avg. Power (mW): 93,616.61
Power Density (mW/mm2): 108.83

---Runtime---
Runtime in K cycles: 800.65
Microseconds: 800.65
Time per iteration (ms): 0.80

---Throughput---
GOP/s (aka OPS/ns): 685.58
GOP/s per core: 0.67
FLOP/s: 273.55
FLOP/s per core: 0.27
Max Peak FLOP/s: 1,024.00
Avg. BW GB/s: 5,694.10
Max BW GB/s: 4,096.00

---Traffic---
In-Die bisection_bytes BW (GB/s): 256.00
Inter-board traffic (msg/ns): 0.00, per-link: 0.00
Inter-pack traffic (msg/ns): 0.00, per-link: 0.00
Inter-die traffic (msg/ns): 98.16, per-link: 0.38
Ruche traffic (msg/ns): 94.75, per-link: 0.37
All traffic (msg/ns): 3,973.05, per-link: 3.88
Inter-die reduction wrt all: 40.48
Inter-board reduction wrt inter-die: inf

---Data Movement---
All traffic (msg): 3,181,003,942
Arith. Intensity FLOP/Loads: 0.38
Arith. Intensity FLOP/Msgs: 0.07
Arith. Intensity OPS/Loads: 0.96
Arith. Intensity OPS/Msgs: 0.17



===Core Utilization Total=== CORE-S:8;; TIME K cy:800 ;; Nodes Proc: 13,608,483 -- Edges Proc: 14,335,532

===PRINTING FRAME STATS

FCollision In Avg:40, SD:43, Max:232, Min:1
FCollision Out Avg:37, SD:42, Max:201, Min:0
FCollision End Avg:15, SD:28, Max:99, Min:0
FTask1 Avg:6, SD:10, Max:41, Min:0
FTask2 Avg:21, SD:28, Max:90, Min:0
FTask3 Avg:17, SD:4, Max:36, Min:7
FCore Active Avg:44, SD:29, Max:100, Min:11
FRouter Active Avg:71, SD:11, Max:96, Min:16
T1 invocations: 69,991
T2 invocations: 259,620
T3 invocations: 8,743,888
T3b invocations: 0
Total3 invocations: 8,743,888
Total4 invocations: 0

T3/T2 ratio: 34
T3b/T3 ratio: 0

T1 avg ex cycles: 85
T2 avg ex cycles: 81
T3&b avg ex cycles: 2
T4 avg ex cycles: -nan
Avg. hops NOC1: 3
Avg. latency NOC1 (T2): 18,759
Avg. hops NOC2: 12
Avg. latency NOC2 (T3): 5,059

===PRINTING ACUM STATS at pu_cycles: 900,479

ACollision In Avg:115, SD:39, Max:289, Min:33
ACollision Out Avg:89, SD:35, Max:232, Min:3
ACollision End Avg:33, SD:18, Max:94, Min:0
ATask1 Avg:10, SD:1, Max:12, Min:1
ATask2 Avg:32, SD:5, Max:39, Min:0
ATask3 Avg:26, SD:4, Max:54, Min:17
ACore Active Avg:68, SD:7, Max:90, Min:34
ARouter Active Avg:88, SD:4, Max:96, Min:42
T1 invocations: 866,508
T2 invocations: 3,661,573
T3 invocations: 117,946,721
T3b invocations: 0
Total3 invocations: 117,946,721
Total4 invocations: 0

T3/T2 ratio: 32
T3b/T3 ratio: 0

T1 avg ex cycles: 105
T2 avg ex cycles: 79
T3&b avg ex cycles: 2
T4 avg ex cycles: -nan
Avg. hops NOC1: 3
Avg. latency NOC1 (T2): 26,177
Avg. hops NOC2: 13
Avg. latency NOC2 (T3): 3,974
Number of K Nodes Processed: 118,045
Number of K Edges Processed: 118,418
Node Re-explore factor: 28.14
Edge Re-explore factor: 0.92
Nodes/cy: 131
Edges/cy: 132
TEPS: 142

---DCache---
DCache Size: 57,456
DRAM words: 262,912
  DHits: 283,762,467
  DMisses: 16,416,273
  DHit Rate (hit/miss): 95%
  DEvictions: 12,997,525
  DEviction Rate (evict/misses): 79%
  MC Transactions: 17,897,709
  MC Writes: 1,046,727
Avg. Transactions: 62% , Writes: 4%, Avg. Latency: 2
Max MC id: 10 of 32. Transactions: 67% , Writes: 4%, MC mean Latency: 2
HBM refresh energy (nJ): 5
HBM access energy (nJ): 33,905,419
MemC wire energy 2.5d (nJ): 6,696,967
MemC wire energy 3d (nJ): 1,674,242

---Energy---
Leakage Energy (nJ): 166,690
PU Dyn E (nJ): 6,997,084
Mem Dyn E (nJ): 64,363,455
Route Dyn E (nJ): 9,227,707
Dynamic Energy (nJ): 80,588,246
Ratio of Dyn/Leak: 483
Total Energy (nJ): 80,754,936
Total Energy (nJ) 3D: 81,686,554
Cores Energy (nJ): 6,999,590
Route Energy (nJ): 9,244,933
Route Energy (nJ) 3D: 15,199,276
Mem Energy   (nJ): 64,510,413
Mem Energy   (nJ) 3D: 59,487,688
Avg. Power (mW): 89,679.98
Power Density (mW/mm2): 104.26

---Runtime---
Runtime in K cycles: 900.48
Microseconds: 900.48
Time per iteration (ms): 0.90

---Throughput---
GOP/s (aka OPS/ns): 656.37
GOP/s per core: 0.64
FLOP/s: 262.26
FLOP/s per core: 0.26
Max Peak FLOP/s: 1,024.00
Avg. BW GB/s: 5,459.20
Max BW GB/s: 4,096.00

---Traffic---
In-Die bisection_bytes BW (GB/s): 256.00
Inter-board traffic (msg/ns): 0.00, per-link: 0.00
Inter-pack traffic (msg/ns): 0.00, per-link: 0.00
Inter-die traffic (msg/ns): 93.68, per-link: 0.37
Ruche traffic (msg/ns): 91.55, per-link: 0.36
All traffic (msg/ns): 3,798.60, per-link: 3.71
Inter-die reduction wrt all: 40.55
Inter-board reduction wrt inter-die: inf

---Data Movement---
All traffic (msg): 3,420,559,030
Arith. Intensity FLOP/Loads: 0.38
Arith. Intensity FLOP/Msgs: 0.07
Arith. Intensity OPS/Loads: 0.96
Arith. Intensity OPS/Msgs: 0.17



===Core Utilization Total=== CORE-S:9;; TIME K cy:900 ;; Nodes Proc: 14,698,534 -- Edges Proc: 15,323,487
======== IT IS COLD ======= Only 44 Tiles active

===PRINTING FRAME STATS

FCollision In Avg:20, SD:31, Max:178, Min:0
FCollision Out Avg:20, SD:32, Max:112, Min:0
FCollision End Avg:8, SD:20, Max:99, Min:0
FTask1 Avg:4, SD:8, Max:41, Min:0
FTask2 Avg:12, SD:23, Max:95, Min:0
FTask3 Avg:12, SD:3, Max:27, Min:4
FCore Active Avg:28, SD:26, Max:100, Min:7
FRouter Active Avg:53, SD:14, Max:91, Min:11
T1 invocations: 46,478
T2 invocations: 156,890
T3 invocations: 5,932,743
T3b invocations: 0
Total3 invocations: 5,932,743
Total4 invocations: 0

T3/T2 ratio: 38
T3b/T3 ratio: 0

T1 avg ex cycles: 85
T2 avg ex cycles: 81
T3&b avg ex cycles: 2
T4 avg ex cycles: -nan
Avg. hops NOC1: 3
Avg. latency NOC1 (T2): 16,880
Avg. hops NOC2: 12
Avg. latency NOC2 (T3): 4,711

===PRINTING ACUM STATS at pu_cycles: 1,000,453

ACollision In Avg:105, SD:36, Max:273, Min:30
ACollision Out Avg:82, SD:32, Max:211, Min:2
ACollision End Avg:31, SD:16, Max:85, Min:0
ATask1 Avg:9, SD:1, Max:12, Min:3
ATask2 Avg:30, SD:4, Max:35, Min:3
ATask3 Avg:25, SD:4, Max:51, Min:16
ACore Active Avg:64, SD:6, Max:87, Min:35
ARouter Active Avg:84, SD:4, Max:95, Min:39
T1 invocations: 909,225
T2 invocations: 3,806,353
T3 invocations: 123,555,568
T3b invocations: 0
Total3 invocations: 123,555,568
Total4 invocations: 0

T3/T2 ratio: 32
T3b/T3 ratio: 0

T1 avg ex cycles: 104
T2 avg ex cycles: 80
T3&b avg ex cycles: 2
T4 avg ex cycles: -nan
Avg. hops NOC1: 3
Avg. latency NOC1 (T2): 25,814
Avg. hops NOC2: 13
Avg. latency NOC2 (T3): 4,004
Number of K Nodes Processed: 123,799
Number of K Edges Processed: 123,992
Node Re-explore factor: 29.52
Edge Re-explore factor: 0.97
Nodes/cy: 124
Edges/cy: 124
TEPS: 128

---DCache---
DCache Size: 57,456
DRAM words: 262,912
  DHits: 299,317,376
  DMisses: 17,181,001
  DHit Rate (hit/miss): 95%
  DEvictions: 13,753,787
  DEviction Rate (evict/misses): 80%
  MC Transactions: 18,710,294
  MC Writes: 1,088,741
Avg. Transactions: 58% , Writes: 3%, Avg. Latency: 2
Max MC id: 10 of 32. Transactions: 61% , Writes: 4%, MC mean Latency: 2
HBM refresh energy (nJ): 5
HBM access energy (nJ): 35,444,780
MemC wire energy 2.5d (nJ): 7,001,020
MemC wire energy 3d (nJ): 1,750,255

---Energy---
Leakage Energy (nJ): 185,197
PU Dyn E (nJ): 7,302,417
Mem Dyn E (nJ): 67,307,246
Route Dyn E (nJ): 9,636,329
Dynamic Energy (nJ): 84,245,993
Ratio of Dyn/Leak: 455
Total Energy (nJ): 84,431,190
Total Energy (nJ) 3D: 85,388,159
Cores Energy (nJ): 7,305,202
Route Energy (nJ): 9,655,468
Route Energy (nJ) 3D: 15,863,202
Mem Energy   (nJ): 67,470,520
Mem Energy   (nJ) 3D: 62,219,755
Avg. Power (mW): 84,392.96
Power Density (mW/mm2): 98.11

---Runtime---
Runtime in K cycles: 1,000.45
Microseconds: 1,000.45
Time per iteration (ms): 1.00

---Throughput---
GOP/s (aka OPS/ns): 616.27
GOP/s per core: 0.60
FLOP/s: 246.43
FLOP/s per core: 0.24
Max Peak FLOP/s: 1,024.00
Avg. BW GB/s: 5,132.32
Max BW GB/s: 4,096.00

---Traffic---
In-Die bisection_bytes BW (GB/s): 256.00
Inter-board traffic (msg/ns): 0.00, per-link: 0.00
Inter-pack traffic (msg/ns): 0.00, per-link: 0.00
Inter-die traffic (msg/ns): 88.03, per-link: 0.34
Ruche traffic (msg/ns): 86.87, per-link: 0.34
All traffic (msg/ns): 3,568.18, per-link: 3.48
Inter-die reduction wrt all: 40.53
Inter-board reduction wrt inter-die: inf

---Data Movement---
All traffic (msg): 3,569,791,780
Arith. Intensity FLOP/Loads: 0.38
Arith. Intensity FLOP/Msgs: 0.07
Arith. Intensity OPS/Loads: 0.96
Arith. Intensity OPS/Msgs: 0.17



===Core Utilization Total=== CORE-S:10;; TIME K cy:1,000 ;; Nodes Proc: 15,414,601 -- Edges Proc: 15,766,003
======== IT IS COLD ======= Only 26 Tiles active

===PRINTING FRAME STATS

FCollision In Avg:8, SD:21, Max:100, Min:0
FCollision Out Avg:11, SD:25, Max:99, Min:0
FCollision End Avg:4, SD:16, Max:99, Min:0
FTask1 Avg:2, SD:6, Max:37, Min:0
FTask2 Avg:6, SD:19, Max:99, Min:0
FTask3 Avg:6, SD:2, Max:23, Min:0
FCore Active Avg:14, SD:21, Max:100, Min:3
FRouter Active Avg:29, SD:12, Max:79, Min:3
T1 invocations: 21,443
T2 invocations: 78,661
T3 invocations: 2,790,254
T3b invocations: 0
Total3 invocations: 2,790,254
Total4 invocations: 0

T3/T2 ratio: 35
T3b/T3 ratio: 0

T1 avg ex cycles: 79
T2 avg ex cycles: 83
T3&b avg ex cycles: 2
T4 avg ex cycles: -nan
Avg. hops NOC1: 3
Avg. latency NOC1 (T2): 16,959
Avg. hops NOC2: 12
Avg. latency NOC2 (T3): 4,432

===PRINTING ACUM STATS at pu_cycles: 1,100,513

ACollision In Avg:96, SD:33, Max:248, Min:28
ACollision Out Avg:75, SD:30, Max:197, Min:2
ACollision End Avg:28, SD:14, Max:77, Min:0
ATask1 Avg:9, SD:1, Max:10, Min:4
ATask2 Avg:28, SD:2, Max:29, Min:10
ATask3 Avg:23, SD:4, Max:51, Min:15
ACore Active Avg:59, SD:5, Max:87, Min:35
ARouter Active Avg:79, SD:4, Max:90, Min:35
T1 invocations: 934,242
T2 invocations: 3,913,746
T3 invocations: 126,570,739
T3b invocations: 0
Total3 invocations: 126,570,739
Total4 invocations: 0

T3/T2 ratio: 32
T3b/T3 ratio: 0

T1 avg ex cycles: 103
T2 avg ex cycles: 80
T3&b avg ex cycles: 2
T4 avg ex cycles: -nan
Avg. hops NOC1: 3
Avg. latency NOC1 (T2): 25,567
Avg. hops NOC2: 13
Avg. latency NOC2 (T3): 4,037
Number of K Nodes Processed: 126,581
Number of K Edges Processed: 126,650
Node Re-explore factor: 30.18
Edge Re-explore factor: 0.99
Nodes/cy: 115
Edges/cy: 115
TEPS: 117

---DCache---
DCache Size: 57,456
DRAM words: 262,912
  DHits: 307,022,394
  DMisses: 17,545,173
  DHit Rate (hit/miss): 95%
  DEvictions: 14,114,290
  DEviction Rate (evict/misses): 80%
  MC Transactions: 19,093,684
  MC Writes: 1,106,851
Avg. Transactions: 54% , Writes: 3%, Avg. Latency: 2
Max MC id: 10 of 32. Transactions: 55% , Writes: 3%, MC mean Latency: 2
HBM refresh energy (nJ): 6
HBM access energy (nJ): 36,171,074
MemC wire energy 2.5d (nJ): 7,144,477
MemC wire energy 3d (nJ): 1,786,119

---Energy---
Leakage Energy (nJ): 203,719
PU Dyn E (nJ): 7,496,933
Mem Dyn E (nJ): 68,828,416
Route Dyn E (nJ): 9,856,000
Dynamic Energy (nJ): 86,181,349
Ratio of Dyn/Leak: 423
Total Energy (nJ): 86,385,068
Total Energy (nJ) 3D: 87,376,796
Cores Energy (nJ): 7,499,996
Route Energy (nJ): 9,877,053
Route Energy (nJ) 3D: 16,227,139
Mem Energy   (nJ): 69,008,019
Mem Energy   (nJ) 3D: 63,649,662
Avg. Power (mW): 78,495.27
Power Density (mW/mm2): 91.25

---Runtime---
Runtime in K cycles: 1,100.51
Microseconds: 1,100.51
Time per iteration (ms): 1.10

---Throughput---
GOP/s (aka OPS/ns): 574.90
GOP/s per core: 0.56
FLOP/s: 230.05
FLOP/s per core: 0.22
Max Peak FLOP/s: 1,024.00
Avg. BW GB/s: 4,788.68
Max BW GB/s: 4,096.00

---Traffic---
In-Die bisection_bytes BW (GB/s): 256.00
Inter-board traffic (msg/ns): 0.00, per-link: 0.00
Inter-pack traffic (msg/ns): 0.00, per-link: 0.00
Inter-die traffic (msg/ns): 81.62, per-link: 0.32
Ruche traffic (msg/ns): 80.94, per-link: 0.32
All traffic (msg/ns): 3,317.69, per-link: 3.24
Inter-die reduction wrt all: 40.65
Inter-board reduction wrt inter-die: inf

---Data Movement---
All traffic (msg): 3,651,164,062
Arith. Intensity FLOP/Loads: 0.38
Arith. Intensity FLOP/Msgs: 0.07
Arith. Intensity OPS/Loads: 0.96
Arith. Intensity OPS/Msgs: 0.17



===Core Utilization Total=== CORE-S:11;; TIME K cy:1,100 ;; Nodes Proc: 15,754,951 -- Edges Proc: 15,967,430
======== IT IS COLD ======= Only 10 Tiles active

===PRINTING FRAME STATS

FCollision In Avg:3, SD:14, Max:101, Min:0
FCollision Out Avg:5, SD:17, Max:99, Min:0
FCollision End Avg:2, SD:9, Max:99, Min:0
FTask1 Avg:1, SD:4, Max:36, Min:0
FTask2 Avg:3, SD:12, Max:100, Min:0
FTask3 Avg:2, SD:1, Max:9, Min:0
FCore Active Avg:6, SD:13, Max:100, Min:1
FRouter Active Avg:14, SD:8, Max:74, Min:1
T1 invocations: 9,901
T2 invocations: 31,647
T3 invocations: 1,238,655
T3b invocations: 0
Total3 invocations: 1,238,655
Total4 invocations: 0

T3/T2 ratio: 39
T3b/T3 ratio: 0

T1 avg ex cycles: 81
T2 avg ex cycles: 82
T3&b avg ex cycles: 2
T4 avg ex cycles: -nan
Avg. hops NOC1: 4
Avg. latency NOC1 (T2): 16,809
Avg. hops NOC2: 12
Avg. latency NOC2 (T3): 4,666

===PRINTING ACUM STATS at pu_cycles: 1,200,199

ACollision In Avg:88, SD:30, Max:228, Min:26
ACollision Out Avg:70, SD:28, Max:186, Min:2
ACollision End Avg:26, SD:13, Max:71, Min:0
ATask1 Avg:8, SD:0, Max:10, Min:4
ATask2 Avg:26, SD:1, Max:28, Min:12
ATask3 Avg:21, SD:4, Max:44, Min:14
ACore Active Avg:55, SD:4, Max:80, Min:38
ARouter Active Avg:74, SD:4, Max:85, Min:33
T1 invocations: 943,104
T2 invocations: 3,944,721
T3 invocations: 127,794,735
T3b invocations: 0
Total3 invocations: 127,794,735
Total4 invocations: 0

T3/T2 ratio: 32
T3b/T3 ratio: 0

T1 avg ex cycles: 103
T2 avg ex cycles: 80
T3&b avg ex cycles: 2
T4 avg ex cycles: -nan
Avg. hops NOC1: 3
Avg. latency NOC1 (T2): 25,500
Avg. hops NOC2: 13
Avg. latency NOC2 (T3): 4,044
Number of K Nodes Processed: 127,801
Number of K Edges Processed: 127,813
Node Re-explore factor: 30.47
Edge Re-explore factor: 1.00
Nodes/cy: 106
Edges/cy: 106
TEPS: 107

---DCache---
DCache Size: 57,456
DRAM words: 262,912
  DHits: 310,449,074
  DMisses: 17,705,318
  DHit Rate (hit/miss): 95%
  DEvictions: 14,274,032
  DEviction Rate (evict/misses): 81%
  MC Transactions: 19,262,048
  MC Writes: 1,114,847
Avg. Transactions: 50% , Writes: 3%, Avg. Latency: 2
Max MC id: 10 of 32. Transactions: 51% , Writes: 3%, MC mean Latency: 2
HBM refresh energy (nJ): 6
HBM access energy (nJ): 36,490,023
MemC wire energy 2.5d (nJ): 7,207,476
MemC wire energy 3d (nJ): 1,801,869

---Energy---
Leakage Energy (nJ): 222,172
PU Dyn E (nJ): 7,562,736
Mem Dyn E (nJ): 69,449,287
Route Dyn E (nJ): 9,942,908
Dynamic Energy (nJ): 86,954,932
Ratio of Dyn/Leak: 391
Total Energy (nJ): 87,177,104
Total Energy (nJ) 3D: 88,175,936
Cores Energy (nJ): 7,566,076
Route Energy (nJ): 9,965,868
Route Energy (nJ) 3D: 16,370,307
Mem Energy   (nJ): 69,645,160
Mem Energy   (nJ) 3D: 64,239,553
Avg. Power (mW): 72,635.54
Power Density (mW/mm2): 84.44

---Runtime---
Runtime in K cycles: 1,200.20
Microseconds: 1,200.20
Time per iteration (ms): 1.20

---Throughput---
GOP/s (aka OPS/ns): 531.70
GOP/s per core: 0.52
FLOP/s: 212.82
FLOP/s per core: 0.21
Max Peak FLOP/s: 1,024.00
Avg. BW GB/s: 4,430.39
Max BW GB/s: 4,096.00

---Traffic---
In-Die bisection_bytes BW (GB/s): 256.00
Inter-board traffic (msg/ns): 0.00, per-link: 0.00
Inter-pack traffic (msg/ns): 0.00, per-link: 0.00
Inter-die traffic (msg/ns): 75.47, per-link: 0.29
Ruche traffic (msg/ns): 75.01, per-link: 0.29
All traffic (msg/ns): 3,068.69, per-link: 3.00
Inter-die reduction wrt all: 40.66
Inter-board reduction wrt inter-die: inf

---Data Movement---
All traffic (msg): 3,683,038,197
Arith. Intensity FLOP/Loads: 0.38
Arith. Intensity FLOP/Msgs: 0.07
Arith. Intensity OPS/Loads: 0.96
Arith. Intensity OPS/Msgs: 0.17



===Core Utilization Total=== CORE-S:12;; TIME K cy:1,200 ;; Nodes Proc: 15,903,647 -- Edges Proc: 16,035,690
======== IT IS COLD ======= Only 4 Tiles active

===PRINTING FRAME STATS

FCollision In Avg:1, SD:7, Max:100, Min:0
FCollision Out Avg:2, SD:11, Max:98, Min:0
FCollision End Avg:1, SD:5, Max:74, Min:0
FTask1 Avg:0, SD:2, Max:23, Min:0
FTask2 Avg:1, SD:7, Max:77, Min:0
FTask3 Avg:1, SD:0, Max:9, Min:1
FCore Active Avg:2, SD:7, Max:77, Min:1
FRouter Active Avg:5, SD:5, Max:42, Min:0
T1 invocations: 2,658
T2 invocations: 10,033
T3 invocations: 458,909
T3b invocations: 0
Total3 invocations: 458,909
Total4 invocations: 0

T3/T2 ratio: 46
T3b/T3 ratio: 0

T1 avg ex cycles: 76
T2 avg ex cycles: 87
T3&b avg ex cycles: 2
T4 avg ex cycles: -nan
Avg. hops NOC1: 4
Avg. latency NOC1 (T2): 18,828
Avg. hops NOC2: 12
Avg. latency NOC2 (T3): 4,038

===PRINTING ACUM STATS at pu_cycles: 1,300,215

ACollision In Avg:82, SD:28, Max:210, Min:24
ACollision Out Avg:64, SD:26, Max:171, Min:2
ACollision End Avg:24, SD:12, Max:65, Min:0
ATask1 Avg:7, SD:0, Max:9, Min:4
ATask2 Avg:24, SD:1, Max:26, Min:15
ATask3 Avg:20, SD:3, Max:41, Min:13
ACore Active Avg:51, SD:4, Max:74, Min:38
ARouter Active Avg:69, SD:4, Max:83, Min:30
T1 invocations: 945,619
T2 invocations: 3,957,915
T3 invocations: 128,245,948
T3b invocations: 0
Total3 invocations: 128,245,948
Total4 invocations: 0

T3/T2 ratio: 32
T3b/T3 ratio: 0

T1 avg ex cycles: 103
T2 avg ex cycles: 80
T3&b avg ex cycles: 2
T4 avg ex cycles: -nan
Avg. hops NOC1: 3
Avg. latency NOC1 (T2): 25,474
Avg. hops NOC2: 13
Avg. latency NOC2 (T3): 4,041
Number of K Nodes Processed: 128,248
Number of K Edges Processed: 128,251
Node Re-explore factor: 30.58
Edge Re-explore factor: 1.00
Nodes/cy: 99
Edges/cy: 99
TEPS: 99

---DCache---
DCache Size: 57,456
DRAM words: 262,912
  DHits: 311,733,436
  DMisses: 17,764,543
  DHit Rate (hit/miss): 95%
  DEvictions: 14,333,260
  DEviction Rate (evict/misses): 81%
  MC Transactions: 19,322,206
  MC Writes: 1,115,745
Avg. Transactions: 46% , Writes: 3%, Avg. Latency: 2
Max MC id: 10 of 32. Transactions: 47% , Writes: 3%, MC mean Latency: 2
HBM refresh energy (nJ): 7
HBM access energy (nJ): 36,603,987
MemC wire energy 2.5d (nJ): 7,229,986
MemC wire energy 3d (nJ): 1,807,496

---Energy---
Leakage Energy (nJ): 240,686
PU Dyn E (nJ): 7,589,209
Mem Dyn E (nJ): 69,679,755
Route Dyn E (nJ): 9,976,564
Dynamic Energy (nJ): 87,245,528
Ratio of Dyn/Leak: 362
Total Energy (nJ): 87,486,214
Total Energy (nJ) 3D: 88,489,358
Cores Energy (nJ): 7,592,828
Route Energy (nJ): 10,001,438
Route Energy (nJ) 3D: 16,427,070
Mem Energy   (nJ): 69,891,950
Mem Energy   (nJ) 3D: 64,469,461
Avg. Power (mW): 67,285.96
Power Density (mW/mm2): 78.22

---Runtime---
Runtime in K cycles: 1,300.21
Microseconds: 1,300.21
Time per iteration (ms): 1.30

---Throughput---
GOP/s (aka OPS/ns): 492.44
GOP/s per core: 0.48
FLOP/s: 197.15
FLOP/s per core: 0.19
Max Peak FLOP/s: 1,024.00
Avg. BW GB/s: 4,104.10
Max BW GB/s: 4,096.00

---Traffic---
In-Die bisection_bytes BW (GB/s): 256.00
Inter-board traffic (msg/ns): 0.00, per-link: 0.00
Inter-pack traffic (msg/ns): 0.00, per-link: 0.00
Inter-die traffic (msg/ns): 69.89, per-link: 0.27
Ruche traffic (msg/ns): 69.51, per-link: 0.27
All traffic (msg/ns): 2,842.07, per-link: 2.78
Inter-die reduction wrt all: 40.66
Inter-board reduction wrt inter-die: inf

---Data Movement---
All traffic (msg): 3,695,300,617
Arith. Intensity FLOP/Loads: 0.38
Arith. Intensity FLOP/Msgs: 0.07
Arith. Intensity OPS/Loads: 0.96
Arith. Intensity OPS/Msgs: 0.17



===Core Utilization Total=== CORE-S:13;; TIME K cy:1,300 ;; Nodes Proc: 15,958,275 -- Edges Proc: 16,039,040
======== IT IS COLD ======= Only 0 Tiles active
Epoch Done Router: 6
Epoch Done Router: 0
Epoch Done Router: 3
Epoch Done Router: 7
Epoch Done Router: 2
Epoch Done Router: 1
Epoch Done Router: 4
Epoch Done Router: 5
##EPOCH## 1 COMPLETED at Time (K cy): 1,347
Nodes processed until now: 128,311,436
Edges processed until now: 128,311,436
Program Done Worker Thread: 0
Program Done Router Thread: 7
Program Done Router Thread: 4
Program Done Router Thread: 5
Program Done Worker Thread: 2
Program Done Router Thread: 6
Program Done Worker Thread: 4
Program Done Worker Thread: 6
Program Done Worker Thread: 7
Program Done Router Thread: 2
Program Done Router Thread: 0
Program Done Router Thread: 1
Program Done Router Thread: 3
Program Done Worker Thread: 3
Program Done Worker Thread: 1
Program Done Worker Thread: 5

===PRINTING ACUM STATS at pu_cycles: 1,347,811

ACollision In Avg:79, SD:27, Max:203, Min:23
ACollision Out Avg:62, SD:25, Max:165, Min:2
ACollision End Avg:23, SD:12, Max:63, Min:0
ATask1 Avg:7, SD:0, Max:9, Min:6
ATask2 Avg:23, SD:0, Max:24, Min:21
ATask3 Avg:19, SD:3, Max:39, Min:12
ACore Active Avg:49, SD:4, Max:71, Min:41
ARouter Active Avg:66, SD:4, Max:77, Min:29
T1 invocations: 947,408
T2 invocations: 3,964,364
T3 invocations: 128,311,436
T3b invocations: 0
Total3 invocations: 128,311,436
Total4 invocations: 0

T3/T2 ratio: 32
T3b/T3 ratio: 0

T1 avg ex cycles: 103
T2 avg ex cycles: 80
T3&b avg ex cycles: 2
T4 avg ex cycles: -nan
Avg. hops NOC1: 3
Avg. latency NOC1 (T2): 25,461
Avg. hops NOC2: 13
Avg. latency NOC2 (T3): 4,041

Runtime at program end in K cycles: 1,347
Runtime before cooldown in K cycles: 800


Number of K Nodes Processed: 128,311
Number of K Edges Processed: 128,311
Node Re-explore factor: 30.59
Edge Re-explore factor: 1.00
Nodes/cy: 95
Edges/cy: 95
TEPS: 95

---DCache---
DCache Size: 57,456
DRAM words: 262,912
  DHits: 311,909,817
  DMisses: 17,772,978
  DHit Rate (hit/miss): 95%
  DEvictions: 14,341,695
  DEviction Rate (evict/misses): 81%
  MC Transactions: 19,330,965
  MC Writes: 1,116,069
Avg. Transactions: 45% , Writes: 3%, Avg. Latency: 2
Max MC id: 10 of 32. Transactions: 45% , Writes: 3%, MC mean Latency: 2
HBM refresh energy (nJ): 7
HBM access energy (nJ): 36,620,580
MemC wire energy 2.5d (nJ): 7,233,263
MemC wire energy 3d (nJ): 1,808,316

---Energy---
Leakage Energy (nJ): 249,497
PU Dyn E (nJ): 7,597,749
Mem Dyn E (nJ): 69,723,382
Route Dyn E (nJ): 9,982,681
Dynamic Energy (nJ): 87,303,813
Ratio of Dyn/Leak: 350
Total Energy (nJ): 87,553,310
Total Energy (nJ) 3D: 88,558,185
Cores Energy (nJ): 7,601,501
Route Energy (nJ): 10,008,465
Route Energy (nJ) 3D: 16,438,287
Mem Energy   (nJ): 69,943,345
Mem Energy   (nJ) 3D: 64,518,398
Avg. Power (mW): 64,959.63
Power Density (mW/mm2): 75.52

---Runtime---
Runtime in K cycles: 1,347.81
Microseconds: 1,347.81
Time per iteration (ms): 1.35

---Inst---
K Loads: 666,861
K Stores: 668,528
K Instructions: 641,025

---Throughput---
GOP/s (aka OPS/ns): 475.60
GOP/s per core: 0.46
FLOP/s: 190.40
FLOP/s per core: 0.19
Max Peak FLOP/s: 1,024.00
Avg. BW GB/s: 3,963.14
Max BW GB/s: 4,096.00

---Traffic---
In-Die bisection_bytes BW (GB/s): 256.00
Inter-board traffic (msg/ns): 0.00, per-link: 0.00
Inter-pack traffic (msg/ns): 0.00, per-link: 0.00
Inter-die traffic (msg/ns): 67.46, per-link: 0.26
Ruche traffic (msg/ns): 67.09, per-link: 0.26
All traffic (msg/ns): 2,743.40, per-link: 2.68
Inter-die reduction wrt all: 40.67
Inter-board reduction wrt inter-die: inf

---Data Movement---
All traffic (msg): 3,697,579,542
Arith. Intensity FLOP/Loads: 0.38
Arith. Intensity FLOP/Msgs: 0.07
Arith. Intensity OPS/Loads: 0.96
Arith. Intensity OPS/Msgs: 0.17

Simulation time: 194.33
Sim noc_cy/s: 6,935.62
Sim Msg/s: 19,027,148.55

Version 31

