Dataset:  wikipedia/
Dry run: 0
Dataset Footprint: 2 MiB
Dataset Footprint per Board: 16.777 Mb
Dataset injection time (ms): 0.000511993
Max Dataset Footprint: 0 MiB

Dataset footprint per tile: 0 KiB
Proxys footprint per tile: 0 KiB
Reserved SRAM per tile: 1 KiB

Ideal SRAM per tile: 1 KiB
reserved_words_for_dataset:26124
dataset_words_per_tile:128
remaining_sram_words:130622
min_dcache_sram_words_required:128
dataset_words_per_tile:128
min_pcache_sram_words_required:0
proxys_words_per_tile:0
Dcache footprint ratio: 1
Dataset Cached: 0
DCache: 128 words, lines: 8, sets: 8
Proxys Cached: 0
Pcache: 0 words, sets: 0
GRID_X: 64
GRID_SIZE: 4,096
smt_per_tile: 1
noc_freq: 1
pu_freq: 1
RUCHE_X: 8
PROXY_W: 64
DIE_W: 16
DIE_H: 16
DIES: 16
BORDER_TILES_PER_DIE: 64
PACK_W: 64
PACK_H: 64
DIES_PACK_FACTOR: 4
DIES_PER_PACK: 16
PACKAGES: 1
BOARD_W: 64
BOARD_H: 64
BOARDS: 1
MUX_BUS: 1
DCACHE: 0
PCACHE: 0
PROXY_FACTOR: 1
CACHE_WAYS: 1
TORUS: 1
PHY_NOCS: 1
WIDE_NOC_ID: 0
NOC_CONF: 1
noc_width: 32
hbm_channel_bit_width: 512
ld_st_op_byte_width: 4
PROXY_ROUTING: 0
WRITE_THROUGH: 1
ASSERT_MODE: 0
GLOBAL_BARRIER: 0
OQ flits: 6 ; 32 ; 6
IQ flits: 6 ; 256 ; 6
OQ messages: 2 ; 8 ; 1
IQ messages: 2 ; 64 ; 1
max_task2 size: 4
io_factor_t2: 8
io_factor_t3: 8
io_factor_t3b: 8

Active SRAM Storage per tile: 2 KiB
Total SRAM Storage per tile: 512 KiB
Agreggated SRAM Storage: 2,048 MiB

Inter-Die #links: 512
Inter-Die (Gbits): 16,384
Inter-Die (Gbits/mm): 474.829
Bisection BW of Board (Gbits): 16,384
Border IO #Dies: 16
Border IO Die BW (Gbits): 2,048
Off-Board BW Total (Gbits): 32,768
Off-Board BW Density (Gbits/mm): 210
Die side: 8.63 mm
Die border wire density: 474.83 Gbits/mm
HBM wire density: 474.83 Gbits/mm

Tiles per Die: 256 (16x16)
Tile Area: 0.20 mm2, side: 0.44 mm
- Core/Rout Area: 0.05 mm2
- SRAM Area: 0.14 mm2
- SRAM/Logic Ratio: 2.64x

Dies per Package: 16 (4x4)
Die Area: 74.41 mm2, side: 8.63 mm
- Tiles Area: 50.67 mm2
- PHY Area: 23.74 mm2
- MC Area: 0.00 mm2

Packages per Board: 1 (1x1)
Package Area: 1,510.60 mm2, side: 38.87 mm
- IOdie Area: 320.00 mm2
- Dies Area: 1,190.60 mm2
- HBM Area: 0.00 mm2

Boards: 1 (1x1)
Board Area: 1,510.60 mm2
Total Area: 1,510.60 mm2



ESTIMATED COST OF SILICON AND PACKAGING. ONLY VARIABLE, NO FIXED COSTS
Good dies per wafer 3d: 452
Good dies per wafer 2d: 746
--Dies 3D Cost: 214.05 $
--Dies 2.5D Cost: 129.69 $
--Dies 2D Cost: 129.69 $
--HBM Cost: 960.00 $
--IOdie Cost: 33.76 $
--Packaging Cost 3d: 43.66 $
--Packaging Cost 2.5d: 69.91 $
--Packaging Cost 2d: 24.52 $
SiP Cost 3d: 1,251.47 $
SiP Cost 2.5d: 1,193.36 $
SiP Cost 2d: 187.97 $
--Board Cost: 1.51 $
Total SiPs Cost 3d: 1,252.98 $
Total SiPs Cost 2.5d: 1,194.87 $
Total SiPs Cost 2d: 189.48 $

Perf counters initialized
Mesh connected
Cache structures initialized
Dataset structures initialized


Starting Simulation
INIT epoch: 1
INIT epoch: 1
INIT epoch: 1
INIT epoch: 1
INIT epoch: 1
INIT epoch: 1
INIT epoch: 1
INIT epoch: 1

===PRINTING FRAME STATS

FCollision In Avg:-nan, SD:-nan, Max:12, Min:0
FCollision Out Avg:-nan, SD:-nan, Max:4, Min:0
FCollision End Avg:-nan, SD:-nan, Max:0, Min:0
FTask1 Avg:-nan, SD:-nan, Max:94, Min:94
FTask2 Avg:-nan, SD:-nan, Max:0, Min:0
FTask3 Avg:-nan, SD:-nan, Max:6, Min:6
FCore Active Avg:-nan, SD:-nan, Max:100, Min:99
FRouter Active Avg:-nan, SD:-nan, Max:8, Min:2
T1 invocations: 13,035
T2 invocations: 0
T3 invocations: 67,221
T3b invocations: 0
Total3 invocations: 67,221
Total4 invocations: 0

T3/T2 ratio: inf
T3b/T3 ratio: 0

T1 avg ex cycles: 1,138
T2 avg ex cycles: -nan
T3&b avg ex cycles: 13
T4 avg ex cycles: -nan
Avg. hops NOC1: -nan
Avg. latency NOC1 (T2): -nan
Avg. hops NOC2: 10
Avg. latency NOC2 (T3): 507

===PRINTING ACUM STATS at pu_cycles: 15,323

ACollision In Avg:-nan, SD:-nan, Max:12, Min:0
ACollision Out Avg:-nan, SD:-nan, Max:4, Min:0
ACollision End Avg:-nan, SD:-nan, Max:0, Min:0
ATask1 Avg:-nan, SD:-nan, Max:94, Min:94
ATask2 Avg:-nan, SD:-nan, Max:0, Min:0
ATask3 Avg:-nan, SD:-nan, Max:6, Min:6
ACore Active Avg:-nan, SD:-nan, Max:100, Min:99
ARouter Active Avg:-nan, SD:-nan, Max:8, Min:2
T1 invocations: 13,274
T2 invocations: 0
T3 invocations: 68,355
T3b invocations: 0
Total3 invocations: 68,355
Total4 invocations: 0

T3/T2 ratio: inf
T3b/T3 ratio: 0

T1 avg ex cycles: 1,136
T2 avg ex cycles: -nan
T3&b avg ex cycles: 13
T4 avg ex cycles: -nan
Avg. hops NOC1: -nan
Avg. latency NOC1 (T2): -nan
Avg. hops NOC2: 10
Avg. latency NOC2 (T3): 506

---Energy---
Leakage Energy (nJ): 972
PU Dyn E (nJ): 148,707
Mem Dyn E (nJ): 15,589
Route Dyn E (nJ): 20,607
Dynamic Energy (nJ): 184,904
Ratio of Dyn/Leak: 190
Total Energy (nJ): 185,876
Total Energy (nJ) 3D: 188,575
Cores Energy (nJ): 148,878
Route Energy (nJ): 21,331
Route Energy (nJ) 3D: 24,030
Mem Energy   (nJ): 15,667
Mem Energy   (nJ) 3D: 15,667
Avg. Power (mW): 12,130.53
Power Density (mW/mm2): 8.03

---Runtime---
Runtime in K cycles: 15.32
Microseconds: 15.32
Time per iteration (ms): 0.02

---Throughput---
GOP/s (aka OPS/ns): 1,042.36
GOP/s per core: 0.25
FLOP/s: 271.90
FLOP/s per core: 0.07
Max Peak FLOP/s: 4,096.00
Avg. BW GB/s: 196.28
Max BW GB/s: 16,384.00

---Traffic---
In-Die bisection_bytes BW (GB/s): 256.00
Inter-board traffic (msg/ns): 0.00, per-link: 0.00
Inter-pack traffic (msg/ns): 0.00, per-link: 0.00
Inter-die traffic (msg/ns): 48.03, per-link: 0.05
Ruche traffic (msg/ns): 42.01, per-link: 0.04
All traffic (msg/ns): 185.22, per-link: 0.05
Inter-die reduction wrt all: 3.86
Inter-board reduction wrt inter-die: inf

---Data Movement---
All traffic (msg): 2,838,076
Arith. Intensity FLOP/Loads: 10.16
Arith. Intensity FLOP/Msgs: 1.47
Arith. Intensity OPS/Loads: 38.94
Arith. Intensity OPS/Msgs: 5.63



===Core Utilization Total=== CORE-S:1;; TIME K cy:14 ;; Nodes Proc: 0 -- Edges Proc: 0

===PRINTING FRAME STATS

FCollision In Avg:7, SD:4, Max:23, Min:0
FCollision Out Avg:3, SD:2, Max:16, Min:0
FCollision End Avg:0, SD:0, Max:0, Min:0
FTask1 Avg:89, SD:2, Max:94, Min:84
FTask2 Avg:0, SD:0, Max:0, Min:0
FTask3 Avg:10, SD:2, Max:10, Min:5
FCore Active Avg:99, SD:2, Max:100, Min:93
FRouter Active Avg:11, SD:3, Max:17, Min:3
T1 invocations: 47,506
T2 invocations: 0
T3 invocations: 258,048
T3b invocations: 0
Total3 invocations: 258,048
Total4 invocations: 0

T3/T2 ratio: inf
T3b/T3 ratio: 0

T1 avg ex cycles: 670
T2 avg ex cycles: -nan
T3&b avg ex cycles: 13
T4 avg ex cycles: -nan
Avg. hops NOC1: -nan
Avg. latency NOC1 (T2): -nan
Avg. hops NOC2: 11
Avg. latency NOC2 (T3): 345

===PRINTING ACUM STATS at pu_cycles: 23,437

ACollision In Avg:6, SD:2, Max:12, Min:1
ACollision Out Avg:2, SD:1, Max:10, Min:0
ACollision End Avg:0, SD:0, Max:0, Min:0
ATask1 Avg:91, SD:1, Max:94, Min:90
ATask2 Avg:0, SD:0, Max:0, Min:0
ATask3 Avg:7, SD:1, Max:7, Min:5
ACore Active Avg:98, SD:1, Max:100, Min:96
ARouter Active Avg:8, SD:1, Max:11, Min:3
T1 invocations: 95,659
T2 invocations: 0
T3 invocations: 488,376
T3b invocations: 0
Total3 invocations: 488,376
Total4 invocations: 0

T3/T2 ratio: inf
T3b/T3 ratio: 0

T1 avg ex cycles: 864
T2 avg ex cycles: -nan
T3&b avg ex cycles: 13
T4 avg ex cycles: -nan
Avg. hops NOC1: -nan
Avg. latency NOC1 (T2): -nan
Avg. hops NOC2: 12
Avg. latency NOC2 (T3): 349

---Energy---
Leakage Energy (nJ): 1,487
PU Dyn E (nJ): 820,144
Mem Dyn E (nJ): 111,378
Route Dyn E (nJ): 91,197
Dynamic Energy (nJ): 1,022,720
Ratio of Dyn/Leak: 688
Total Energy (nJ): 1,024,207
Total Energy (nJ) 3D: 1,065,407
Cores Energy (nJ): 820,406
Route Energy (nJ): 92,304
Route Energy (nJ) 3D: 133,504
Mem Energy   (nJ): 111,498
Mem Energy   (nJ) 3D: 111,498
Avg. Power (mW): 43,700.43
Power Density (mW/mm2): 28.93

---Runtime---
Runtime in K cycles: 23.44
Microseconds: 23.44
Time per iteration (ms): 0.02

---Throughput---
GOP/s (aka OPS/ns): 3,797.78
GOP/s per core: 0.93
FLOP/s: 970.61
FLOP/s per core: 0.24
Max Peak FLOP/s: 4,096.00
Avg. BW GB/s: 916.86
Max BW GB/s: 16,384.00

---Traffic---
In-Die bisection_bytes BW (GB/s): 256.00
Inter-board traffic (msg/ns): 0.00, per-link: 0.00
Inter-pack traffic (msg/ns): 0.00, per-link: 0.00
Inter-die traffic (msg/ns): 59.22, per-link: 0.06
Ruche traffic (msg/ns): 55.06, per-link: 0.05
All traffic (msg/ns): 969.28, per-link: 0.24
Inter-die reduction wrt all: 16.37
Inter-board reduction wrt inter-die: inf

---Data Movement---
All traffic (msg): 22,716,982
Arith. Intensity FLOP/Loads: 7.76
Arith. Intensity FLOP/Msgs: 1.00
Arith. Intensity OPS/Loads: 30.38
Arith. Intensity OPS/Msgs: 3.92



===Core Utilization Total=== CORE-S:2;; TIME K cy:23 ;; Nodes Proc: 0 -- Edges Proc: 0
======== IT IS COLD ======= Only 1 Tiles active
Epoch Done Router: 1
Epoch Done Router: 2
Epoch Done Router: 7
Epoch Done Router: 6
Epoch Done Router: 5
Epoch Done Router: 0
Epoch Done Router: 4
Epoch Done Router: 3
##EPOCH## 1 COMPLETED at Time (K cy): 23
Nodes processed until now: 0
Edges processed until now: 0
Program Done Worker Thread: 0
Program Done Router Thread: 3
Program Done Worker Thread: 5
Program Done Router Thread: 4
Program Done Worker Thread: 1
Program Done Worker Thread: 6
Program Done Worker Thread: 7
Program Done Router Thread: 2
Program Done Worker Thread: 3
Program Done Worker Thread: 2
Program Done Router Thread: 6
Program Done Worker Thread: 4
Program Done Router Thread: 5
Program Done Router Thread: 7
Program Done Router Thread: 1
Program Done Router Thread: 0

===PRINTING ACUM STATS at pu_cycles: 23,631

ACollision In Avg:6, SD:2, Max:12, Min:1
ACollision Out Avg:2, SD:1, Max:7, Min:0
ACollision End Avg:0, SD:0, Max:0, Min:0
ATask1 Avg:89, SD:0, Max:89, Min:89
ATask2 Avg:0, SD:0, Max:0, Min:0
ATask3 Avg:7, SD:0, Max:7, Min:7
ACore Active Avg:96, SD:0, Max:96, Min:96
ARouter Active Avg:8, SD:1, Max:10, Min:3
T1 invocations: 100,872
T2 invocations: 0
T3 invocations: 516,096
T3b invocations: 0
Total3 invocations: 516,096
Total4 invocations: 0

T3/T2 ratio: inf
T3b/T3 ratio: 0

T1 avg ex cycles: 850
T2 avg ex cycles: -nan
T3&b avg ex cycles: 13
T4 avg ex cycles: -nan
Avg. hops NOC1: -nan
Avg. latency NOC1 (T2): -nan
Avg. hops NOC2: 12
Avg. latency NOC2 (T3): 345

Runtime at program end in K cycles: 23
Runtime before cooldown in K cycles: 15



---Energy---
Leakage Energy (nJ): 1,499
PU Dyn E (nJ): 851,281
Mem Dyn E (nJ): 117,700
Route Dyn E (nJ): 94,495
Dynamic Energy (nJ): 1,063,476
Ratio of Dyn/Leak: 709
Total Energy (nJ): 1,064,975
Total Energy (nJ) 3D: 1,108,492
Cores Energy (nJ): 851,544
Route Energy (nJ): 95,611
Route Energy (nJ) 3D: 139,129
Mem Energy   (nJ): 117,821
Mem Energy   (nJ) 3D: 117,821
Avg. Power (mW): 45,066.87
Power Density (mW/mm2): 29.83

---Runtime---
Runtime in K cycles: 23.63
Microseconds: 23.63
Time per iteration (ms): 0.02

---Inst---
K Loads: 3,096
K Stores: 2,580
K Instructions: 92,463

---Throughput---
GOP/s (aka OPS/ns): 3,912.79
GOP/s per core: 0.96
FLOP/s: 998.39
FLOP/s per core: 0.24
Max Peak FLOP/s: 4,096.00
Avg. BW GB/s: 960.95
Max BW GB/s: 16,384.00

---Traffic---
In-Die bisection_bytes BW (GB/s): 256.00
Inter-board traffic (msg/ns): 0.00, per-link: 0.00
Inter-pack traffic (msg/ns): 0.00, per-link: 0.00
Inter-die traffic (msg/ns): 58.73, per-link: 0.06
Ruche traffic (msg/ns): 54.61, per-link: 0.05
All traffic (msg/ns): 1,009.05, per-link: 0.25
Inter-die reduction wrt all: 17.18
Inter-board reduction wrt inter-die: inf

---Data Movement---
All traffic (msg): 23,844,820
Arith. Intensity FLOP/Loads: 7.62
Arith. Intensity FLOP/Msgs: 0.99
Arith. Intensity OPS/Loads: 29.86
Arith. Intensity OPS/Msgs: 3.88

Simulation time: 6.38
Sim noc_cy/s: 3,705.44
Sim Msg/s: 3,738,965.48

Version 31

