Dataset:  Kron22/
Dry run: 0
Open Edge Count File succesfully
Edges Traversed BFS: 128309848
Found Vertices: 4194304, Edges: 128311436
avg degree 31
Array  Kron22/node_array.bin found
Malloc array of size 16777220 bytes
Readin array of size 16777216 bytes
Finished Reading Array Bytes
No reordering Array 32bit
Array  Kron22/edge_array.bin found
Malloc array of size 513245744 bytes
Readin array of size 513245744 bytes
Finished Reading Array Bytes
No reordering Array 32bit
Reading graph elapsed time: 0.157787s

Dataset Footprint: 522 MiB
Dataset Footprint per Board: 4383.05 Mb
Dataset injection time (ms): 0.26752
Max Dataset Footprint: 1026 MiB

Dataset footprint per tile: 522 KiB
Proxys footprint per tile: 0 KiB
Reserved SRAM per tile: 15 KiB

Ideal SRAM per tile: 537 KiB
reserved_words_for_dataset:5767
dataset_words_per_tile:133760
remaining_sram_words:28838
min_dcache_sram_words_required:5861
dataset_words_per_tile:133760
min_pcache_sram_words_required:0
proxys_words_per_tile:0
Dcache footprint ratio: 5
Dataset Cached: 1
DCache: 28448 words, lines: 1778, sets: 1778
Proxys Cached: 0
Pcache: 0 words, sets: 0
Node per tile: 4,096
Edge per tile: 125,305
GRID_X: 32
GRID_SIZE: 1,024
smt_per_tile: 1
noc_freq: 1
pu_freq: 1
RUCHE_X: 8
PROXY_W: 32
DIE_W: 16
DIE_H: 16
DIES: 4
BORDER_TILES_PER_DIE: 64
PACK_W: 32
PACK_H: 32
DIES_PACK_FACTOR: 2
DIES_PER_PACK: 4
PACKAGES: 1
BOARD_W: 32
BOARD_H: 32
BOARDS: 1
MUX_BUS: 1
DCACHE: 1
PCACHE: 0
PROXY_FACTOR: 1
CACHE_WAYS: 1
TORUS: 1
PHY_NOCS: 1
WIDE_NOC_ID: 0
NOC_CONF: 1
noc_width: 32
hbm_channel_bit_width: 512
ld_st_op_byte_width: 4
PROXY_ROUTING: 0
WRITE_THROUGH: 1
ASSERT_MODE: 0
GLOBAL_BARRIER: 0
OQ flits: 36 ; 384 ; 2
IQ flits: 288 ; 3,072 ; 2
OQ messages: 12 ; 192 ; 1
IQ messages: 96 ; 1,536 ; 1
max_task2 size: 64
io_factor_t2: 8
io_factor_t3: 8
io_factor_t3b: 8

Active SRAM Storage per tile: 127 KiB
Total SRAM Storage per tile: 128 KiB
Agreggated SRAM Storage: 128 MiB

Active DRAM Storage per tile: 0.509766 MiB
Total DRAM Storage per tile: 32 MiB
Agreggated DRAM Storage: 32 GiB

Inter-Die #links: 512
Inter-Die (Gbits): 16,384
Inter-Die (Gbits/mm): 548.034
Bisection BW of Board (Gbits): 8,192
Border IO #Dies: 8
Border IO Die BW (Gbits): 2,048
Off-Board BW Total (Gbits): 16,384
Off-Board BW Density (Gbits/mm): 142
Die side: 7.47 mm
Die border wire density: 548.03 Gbits/mm
HBM wire density: 548.03 Gbits/mm

Tiles per Die: 256 (16x16)
Tile Area: 0.09 mm2, side: 0.30 mm
- Core/Rout Area: 0.05 mm2
- SRAM Area: 0.04 mm2
- SRAM/Logic Ratio: 0.66x

Dies per Package: 4 (2x2)
Die Area: 55.86 mm2, side: 7.47 mm
- Tiles Area: 23.12 mm2
- PHY Area: 23.74 mm2
- MC Area: 9.00 mm2

Packages per Board: 1 (1x1)
Package Area: 823.44 mm2, side: 28.70 mm
- IOdie Area: 160.00 mm2
- Dies Area: 223.44 mm2
- HBM Area: 440.00 mm2

Boards: 1 (1x1)
Board Area: 823.44 mm2
Total Area: 823.44 mm2



ESTIMATED COST OF SILICON AND PACKAGING. ONLY VARIABLE, NO FIXED COSTS
Good dies per wafer 3d: 584
Good dies per wafer 2d: 1,012
--Dies 3D Cost: 41.42 $
--Dies 2.5D Cost: 23.90 $
--Dies 2D Cost: 23.90 $
--HBM Cost: 240.00 $
--IOdie Cost: 16.88 $
--Packaging Cost 3d: 9.94 $
--Packaging Cost 2.5d: 14.48 $
--Packaging Cost 2d: 6.12 $
SiP Cost 3d: 308.24 $
SiP Cost 2.5d: 295.26 $
SiP Cost 2d: 46.90 $
--Board Cost: 0.82 $
Total SiPs Cost 3d: 309.06 $
Total SiPs Cost 2.5d: 296.09 $
Total SiPs Cost 2d: 47.72 $

Perf counters initialized
Mesh connected
Cache structures initialized
Replicas initialized
Allocated Frontier List
Dataset structures initialized


Starting Simulation
INIT epoch: 1
INIT epoch: 1
INIT epoch: 1
INIT epoch: 1
INIT epoch: 1
INIT epoch: 1
INIT epoch: 1
INIT epoch: 1

===PRINTING FRAME STATS

FCollision In Avg:-nan, SD:-nan, Max:294, Min:3
FCollision Out Avg:-nan, SD:-nan, Max:218, Min:0
FCollision End Avg:-nan, SD:-nan, Max:153, Min:0
FTask1 Avg:-nan, SD:-nan, Max:70, Min:1
FTask2 Avg:-nan, SD:-nan, Max:57, Min:0
FTask3 Avg:-nan, SD:-nan, Max:95, Min:26
FCore Active Avg:-nan, SD:-nan, Max:100, Min:50
FRouter Active Avg:-nan, SD:-nan, Max:74, Min:25
T1 invocations: 835,219
T2 invocations: 468,086
T3 invocations: 5,205,548
T3b invocations: 0
Total3 invocations: 5,205,548
Total4 invocations: 0

T3/T2 ratio: 11
T3b/T3 ratio: 0

T1 avg ex cycles: 42
T2 avg ex cycles: 34
T3&b avg ex cycles: 8
T4 avg ex cycles: -nan
Avg. hops NOC1: 3
Avg. latency NOC1 (T2): 6,873
Avg. hops NOC2: 15
Avg. latency NOC2 (T3): 11,316

===PRINTING ACUM STATS at pu_cycles: 100,195

ACollision In Avg:-nan, SD:-nan, Max:294, Min:3
ACollision Out Avg:-nan, SD:-nan, Max:218, Min:0
ACollision End Avg:-nan, SD:-nan, Max:153, Min:0
ATask1 Avg:-nan, SD:-nan, Max:70, Min:1
ATask2 Avg:-nan, SD:-nan, Max:57, Min:0
ATask3 Avg:-nan, SD:-nan, Max:95, Min:26
ACore Active Avg:-nan, SD:-nan, Max:100, Min:50
ARouter Active Avg:-nan, SD:-nan, Max:74, Min:25
T1 invocations: 835,219
T2 invocations: 468,086
T3 invocations: 5,205,548
T3b invocations: 0
Total3 invocations: 5,205,548
Total4 invocations: 0

T3/T2 ratio: 11
T3b/T3 ratio: 0

T1 avg ex cycles: 42
T2 avg ex cycles: 34
T3&b avg ex cycles: 8
T4 avg ex cycles: -nan
Avg. hops NOC1: 3
Avg. latency NOC1 (T2): 6,873
Avg. hops NOC2: 15
Avg. latency NOC2 (T3): 11,316
Number of K Nodes Processed: 1,247
Number of K Edges Processed: 6,348
Node Re-explore factor: 0.30
Edge Re-explore factor: 0.05
Nodes/cy: 12
Edges/cy: 63
TEPS: 1,281

---DCache---
DCache Size: 28,448
DRAM words: 133,760
  DHits: 14,316,552
  DMisses: 873,572
  DHit Rate (hit/miss): 94%
  DEvictions: 179,897
  DEviction Rate (evict/misses): 21%
  MC Transactions: 968,778
  MC Writes: 87,623
Avg. Transactions: 30% , Writes: 3%, Avg. Latency: 9
Max MC id: 29 of 32. Transactions: 35% , Writes: 3%, MC mean Latency: 9
HBM refresh energy (nJ): 0
HBM access energy (nJ): 1,835,253
MemC wire energy 2.5d (nJ): 306,661
MemC wire energy 3d (nJ): 76,665

---Energy---
Leakage Energy (nJ): 10,339
PU Dyn E (nJ): 471,275
Mem Dyn E (nJ): 3,122,336
Route Dyn E (nJ): 436,546
Dynamic Energy (nJ): 4,030,157
Ratio of Dyn/Leak: 390
Total Energy (nJ): 4,040,496
Total Energy (nJ) 3D: 4,123,595
Cores Energy (nJ): 471,555
Route Energy (nJ): 438,463
Route Energy (nJ) 3D: 751,558
Mem Energy   (nJ): 3,130,479
Mem Energy   (nJ) 3D: 2,900,484
Avg. Power (mW): 40,326.33
Power Density (mW/mm2): 48.97

---Runtime---
Runtime in K cycles: 100.19
Microseconds: 100.19
Time per iteration (ms): 0.10

---Throughput---
GOP/s (aka OPS/ns): 824.50
GOP/s per core: 0.81
FLOP/s: 51.95
FLOP/s per core: 0.05
Max Peak FLOP/s: 1,024.00
Avg. BW GB/s: 2,620.64
Max BW GB/s: 4,096.00

---Traffic---
In-Die bisection_bytes BW (GB/s): 256.00
Inter-board traffic (msg/ns): 0.00, per-link: 0.00
Inter-pack traffic (msg/ns): 0.00, per-link: 0.00
Inter-die traffic (msg/ns): 44.12, per-link: 0.17
Ruche traffic (msg/ns): 48.92, per-link: 0.19
All traffic (msg/ns): 1,796.61, per-link: 1.75
Inter-die reduction wrt all: 40.72
Inter-board reduction wrt inter-die: inf

---Data Movement---
All traffic (msg): 180,011,461
Arith. Intensity FLOP/Loads: 0.15
Arith. Intensity FLOP/Msgs: 0.03
Arith. Intensity OPS/Loads: 2.41
Arith. Intensity OPS/Msgs: 0.46



===Core Utilization Total=== CORE-S:1;; TIME K cy:100 ;; Nodes Proc: 153,241 -- Edges Proc: 924,284

===PRINTING FRAME STATS

FCollision In Avg:2, SD:10, Max:230, Min:0
FCollision Out Avg:1, SD:9, Max:162, Min:0
FCollision End Avg:0, SD:2, Max:55, Min:0
FTask1 Avg:63, SD:7, Max:90, Min:3
FTask2 Avg:16, SD:5, Max:45, Min:0
FTask3 Avg:21, SD:6, Max:70, Min:9
FCore Active Avg:100, SD:2, Max:100, Min:75
FRouter Active Avg:39, SD:5, Max:73, Min:14
T1 invocations: 1,522,691
T2 invocations: 702,769
T3 invocations: 3,425,915
T3b invocations: 0
Total3 invocations: 3,425,915
Total4 invocations: 0

T3/T2 ratio: 5
T3b/T3 ratio: 0

T1 avg ex cycles: 42
T2 avg ex cycles: 23
T3&b avg ex cycles: 6
T4 avg ex cycles: -nan
Avg. hops NOC1: 3
Avg. latency NOC1 (T2): 152
Avg. hops NOC2: 13
Avg. latency NOC2 (T3): 31,029

===PRINTING ACUM STATS at pu_cycles: 200,131

ACollision In Avg:39, SD:23, Max:230, Min:2
ACollision Out Avg:34, SD:24, Max:162, Min:0
ACollision End Avg:7, SD:12, Max:84, Min:0
ATask1 Avg:49, SD:7, Max:72, Min:3
ATask2 Avg:16, SD:5, Max:36, Min:0
ATask3 Avg:32, SD:6, Max:82, Min:19
ACore Active Avg:96, SD:5, Max:100, Min:74
ARouter Active Avg:48, SD:5, Max:73, Min:20
T1 invocations: 2,363,359
T2 invocations: 1,174,127
T3 invocations: 8,668,908
T3b invocations: 0
Total3 invocations: 8,668,908
Total4 invocations: 0

T3/T2 ratio: 7
T3b/T3 ratio: 0

T1 avg ex cycles: 42
T2 avg ex cycles: 27
T3&b avg ex cycles: 7
T4 avg ex cycles: -nan
Avg. hops NOC1: 3
Avg. latency NOC1 (T2): 2,890
Avg. hops NOC2: 14
Avg. latency NOC2 (T3): 19,096
Number of K Nodes Processed: 1,608
Number of K Edges Processed: 9,875
Node Re-explore factor: 0.38
Edge Re-explore factor: 0.08
Nodes/cy: 8
Edges/cy: 49
TEPS: 641

---DCache---
DCache Size: 28,448
DRAM words: 133,760
  DHits: 25,803,495
  DMisses: 1,500,326
  DHit Rate (hit/miss): 95%
  DEvictions: 489,708
  DEviction Rate (evict/misses): 33%
  MC Transactions: 1,681,562
  MC Writes: 167,776
Avg. Transactions: 26% , Writes: 3%, Avg. Latency: 10
Max MC id: 29 of 32. Transactions: 30% , Writes: 3%, MC mean Latency: 10
HBM refresh energy (nJ): 0
HBM access energy (nJ): 3,185,551
MemC wire energy 2.5d (nJ): 532,289
MemC wire energy 3d (nJ): 133,072

---Energy---
Leakage Energy (nJ): 20,652
PU Dyn E (nJ): 962,619
Mem Dyn E (nJ): 5,446,681
Route Dyn E (nJ): 684,484
Dynamic Energy (nJ): 7,093,786
Ratio of Dyn/Leak: 343
Total Energy (nJ): 7,114,438
Total Energy (nJ) 3D: 7,203,430
Cores Energy (nJ): 963,177
Route Energy (nJ): 688,313
Route Energy (nJ) 3D: 1,176,523
Mem Energy   (nJ): 5,462,948
Mem Energy   (nJ) 3D: 5,063,731
Avg. Power (mW): 35,548.91
Power Density (mW/mm2): 43.17

---Runtime---
Runtime in K cycles: 200.13
Microseconds: 200.13
Time per iteration (ms): 0.20

---Throughput---
GOP/s (aka OPS/ns): 882.40
GOP/s per core: 0.86
FLOP/s: 43.32
FLOP/s per core: 0.04
Max Peak FLOP/s: 1,024.00
Avg. BW GB/s: 2,314.65
Max BW GB/s: 4,096.00

---Traffic---
In-Die bisection_bytes BW (GB/s): 256.00
Inter-board traffic (msg/ns): 0.00, per-link: 0.00
Inter-pack traffic (msg/ns): 0.00, per-link: 0.00
Inter-die traffic (msg/ns): 34.35, per-link: 0.13
Ruche traffic (msg/ns): 39.58, per-link: 0.15
All traffic (msg/ns): 1,431.23, per-link: 1.40
Inter-die reduction wrt all: 41.67
Inter-board reduction wrt inter-die: inf

---Data Movement---
All traffic (msg): 286,433,264
Arith. Intensity FLOP/Loads: 0.14
Arith. Intensity FLOP/Msgs: 0.03
Arith. Intensity OPS/Loads: 2.80
Arith. Intensity OPS/Msgs: 0.62



===Core Utilization Total=== CORE-S:2;; TIME K cy:200 ;; Nodes Proc: 199,176 -- Edges Proc: 1,355,512

===PRINTING FRAME STATS

FCollision In Avg:20, SD:20, Max:134, Min:1
FCollision Out Avg:19, SD:21, Max:110, Min:0
FCollision End Avg:8, SD:15, Max:84, Min:0
FTask1 Avg:38, SD:9, Max:71, Min:3
FTask2 Avg:16, SD:9, Max:51, Min:0
FTask3 Avg:42, SD:8, Max:75, Min:15
FCore Active Avg:97, SD:7, Max:100, Min:55
FRouter Active Avg:53, SD:7, Max:74, Min:26
T1 invocations: 917,666
T2 invocations: 455,112
T3 invocations: 6,005,498
T3b invocations: 0
Total3 invocations: 6,005,498
Total4 invocations: 559

T3/T2 ratio: 13
T3b/T3 ratio: 0

T1 avg ex cycles: 43
T2 avg ex cycles: 36
T3&b avg ex cycles: 7
T4 avg ex cycles: 584
Avg. hops NOC1: 3
Avg. latency NOC1 (T2): 1,670
Avg. hops NOC2: 12
Avg. latency NOC2 (T3): 19,074

===PRINTING ACUM STATS at pu_cycles: 300,534

ACollision In Avg:32, SD:16, Max:129, Min:2
ACollision Out Avg:29, SD:17, Max:85, Min:0
ACollision End Avg:8, SD:10, Max:56, Min:0
ATask1 Avg:45, SD:4, Max:59, Min:3
ATask2 Avg:16, SD:5, Max:45, Min:0
ATask3 Avg:35, SD:6, Max:80, Min:23
ACore Active Avg:96, SD:4, Max:100, Min:78
ARouter Active Avg:49, SD:5, Max:67, Min:22
T1 invocations: 3,267,649
T2 invocations: 1,624,651
T3 invocations: 14,668,330
T3b invocations: 0
Total3 invocations: 14,668,330
Total4 invocations: 562

T3/T2 ratio: 9
T3b/T3 ratio: 0

T1 avg ex cycles: 42
T2 avg ex cycles: 30
T3&b avg ex cycles: 7
T4 avg ex cycles: 584
Avg. hops NOC1: 3
Avg. latency NOC1 (T2): 2,559
Avg. hops NOC2: 13
Avg. latency NOC2 (T3): 19,051
Number of K Nodes Processed: 2,748
Number of K Edges Processed: 15,475
Node Re-explore factor: 0.66
Edge Re-explore factor: 0.12
Nodes/cy: 9
Edges/cy: 51
TEPS: 427

---DCache---
DCache Size: 28,448
DRAM words: 133,760
  DHits: 39,929,495
  DMisses: 2,148,745
  DHit Rate (hit/miss): 95%
  DEvictions: 919,414
  DEviction Rate (evict/misses): 43%
  MC Transactions: 2,439,858
  MC Writes: 271,382
Avg. Transactions: 25% , Writes: 3%, Avg. Latency: 10
Max MC id: 29 of 32. Transactions: 29% , Writes: 3%, MC mean Latency: 11
HBM refresh energy (nJ): 0
HBM access energy (nJ): 4,622,066
MemC wire energy 2.5d (nJ): 772,323
MemC wire energy 3d (nJ): 193,081

---Energy---
Leakage Energy (nJ): 31,013
PU Dyn E (nJ): 1,471,328
Mem Dyn E (nJ): 8,117,273
Route Dyn E (nJ): 1,066,176
Dynamic Energy (nJ): 10,654,778
Ratio of Dyn/Leak: 344
Total Energy (nJ): 10,685,791
Total Energy (nJ) 3D: 10,864,164
Cores Energy (nJ): 1,472,165
Route Energy (nJ): 1,071,926
Route Energy (nJ) 3D: 1,829,541
Mem Energy   (nJ): 8,141,701
Mem Energy   (nJ) 3D: 7,562,458
Avg. Power (mW): 35,556.01
Power Density (mW/mm2): 43.18

---Runtime---
Runtime in K cycles: 300.53
Microseconds: 300.53
Time per iteration (ms): 0.30

---Throughput---
GOP/s (aka OPS/ns): 879.26
GOP/s per core: 0.86
FLOP/s: 48.81
FLOP/s per core: 0.05
Max Peak FLOP/s: 1,024.00
Avg. BW GB/s: 2,437.07
Max BW GB/s: 4,096.00

---Traffic---
In-Die bisection_bytes BW (GB/s): 256.00
Inter-board traffic (msg/ns): 0.00, per-link: 0.00
Inter-pack traffic (msg/ns): 0.00, per-link: 0.00
Inter-die traffic (msg/ns): 35.69, per-link: 0.14
Ruche traffic (msg/ns): 41.62, per-link: 0.16
All traffic (msg/ns): 1,476.93, per-link: 1.44
Inter-die reduction wrt all: 41.38
Inter-board reduction wrt inter-die: inf

---Data Movement---
All traffic (msg): 443,869,155
Arith. Intensity FLOP/Loads: 0.15
Arith. Intensity FLOP/Msgs: 0.03
Arith. Intensity OPS/Loads: 2.67
Arith. Intensity OPS/Msgs: 0.60



===Core Utilization Total=== CORE-S:3;; TIME K cy:300 ;; Nodes Proc: 342,907 -- Edges Proc: 2,138,409

===PRINTING FRAME STATS

FCollision In Avg:73, SD:37, Max:248, Min:6
FCollision Out Avg:66, SD:43, Max:225, Min:1
FCollision End Avg:24, SD:34, Max:189, Min:0
FTask1 Avg:5, SD:4, Max:36, Min:0
FTask2 Avg:21, SD:15, Max:56, Min:0
FTask3 Avg:62, SD:9, Max:98, Min:37
FCore Active Avg:88, SD:14, Max:100, Min:43
FRouter Active Avg:81, SD:5, Max:92, Min:41
T1 invocations: 110,328
T2 invocations: 208,095
T3 invocations: 10,726,157
T3b invocations: 0
Total3 invocations: 10,726,157
Total4 invocations: 777

T3/T2 ratio: 52
T3b/T3 ratio: 0

T1 avg ex cycles: 43
T2 avg ex cycles: 103
T3&b avg ex cycles: 6
T4 avg ex cycles: 571
Avg. hops NOC1: 2
Avg. latency NOC1 (T2): 19,427
Avg. hops NOC2: 13
Avg. latency NOC2 (T3): 6,360

===PRINTING ACUM STATS at pu_cycles: 400,630

ACollision In Avg:43, SD:17, Max:138, Min:6
ACollision Out Avg:38, SD:19, Max:94, Min:1
ACollision End Avg:12, SD:13, Max:61, Min:0
ATask1 Avg:35, SD:3, Max:47, Min:4
ATask2 Avg:17, SD:7, Max:39, Min:1
ATask3 Avg:42, SD:6, Max:82, Min:28
ACore Active Avg:94, SD:6, Max:100, Min:69
ARouter Active Avg:57, SD:5, Max:72, Min:26
T1 invocations: 3,388,481
T2 invocations: 1,838,234
T3 invocations: 25,453,955
T3b invocations: 0
Total3 invocations: 25,453,955
Total4 invocations: 1,350

T3/T2 ratio: 14
T3b/T3 ratio: 0

T1 avg ex cycles: 42
T2 avg ex cycles: 38
T3&b avg ex cycles: 7
T4 avg ex cycles: 577
Avg. hops NOC1: 3
Avg. latency NOC1 (T2): 4,464
Avg. hops NOC2: 13
Avg. latency NOC2 (T3): 13,709
Number of K Nodes Processed: 3,559
Number of K Edges Processed: 26,019
Node Re-explore factor: 0.85
Edge Re-explore factor: 0.20
Nodes/cy: 9
Edges/cy: 65
TEPS: 320

---DCache---
DCache Size: 28,448
DRAM words: 133,760
  DHits: 58,168,570
  DMisses: 2,950,158
  DHit Rate (hit/miss): 95%
  DEvictions: 1,545,399
  DEviction Rate (evict/misses): 52%
  MC Transactions: 3,402,166
  MC Writes: 419,317
Avg. Transactions: 27% , Writes: 3%, Avg. Latency: 11
Max MC id: 29 of 32. Transactions: 32% , Writes: 4%, MC mean Latency: 11
HBM refresh energy (nJ): 1
HBM access energy (nJ): 6,445,063
MemC wire energy 2.5d (nJ): 1,076,936
MemC wire energy 3d (nJ): 269,234

---Energy---
Leakage Energy (nJ): 41,342
PU Dyn E (nJ): 2,028,075
Mem Dyn E (nJ): 11,639,690
Route Dyn E (nJ): 1,792,650
Dynamic Energy (nJ): 15,460,416
Ratio of Dyn/Leak: 374
Total Energy (nJ): 15,501,758
Total Energy (nJ) 3D: 15,978,784
Cores Energy (nJ): 2,029,191
Route Energy (nJ): 1,800,315
Route Energy (nJ) 3D: 3,085,042
Mem Energy   (nJ): 11,672,253
Mem Energy   (nJ) 3D: 10,864,551
Avg. Power (mW): 38,693.45
Power Density (mW/mm2): 46.99

---Runtime---
Runtime in K cycles: 400.63
Microseconds: 400.63
Time per iteration (ms): 0.40

---Throughput---
GOP/s (aka OPS/ns): 856.89
GOP/s per core: 0.84
FLOP/s: 63.53
FLOP/s per core: 0.06
Max Peak FLOP/s: 1,024.00
Avg. BW GB/s: 2,779.69
Max BW GB/s: 4,096.00

---Traffic---
In-Die bisection_bytes BW (GB/s): 256.00
Inter-board traffic (msg/ns): 0.00, per-link: 0.00
Inter-pack traffic (msg/ns): 0.00, per-link: 0.00
Inter-die traffic (msg/ns): 45.35, per-link: 0.18
Ruche traffic (msg/ns): 50.36, per-link: 0.20
All traffic (msg/ns): 1,839.57, per-link: 1.80
Inter-die reduction wrt all: 40.56
Inter-board reduction wrt inter-die: inf

---Data Movement---
All traffic (msg): 736,986,807
Arith. Intensity FLOP/Loads: 0.17
Arith. Intensity FLOP/Msgs: 0.03
Arith. Intensity OPS/Loads: 2.34
Arith. Intensity OPS/Msgs: 0.47



===Core Utilization Total=== CORE-S:4;; TIME K cy:400 ;; Nodes Proc: 442,814 -- Edges Proc: 3,479,206

===PRINTING FRAME STATS

FCollision In Avg:101, SD:42, Max:353, Min:6
FCollision Out Avg:92, SD:49, Max:231, Min:3
FCollision End Avg:28, SD:35, Max:124, Min:0
FTask1 Avg:4, SD:4, Max:28, Min:0
FTask2 Avg:20, SD:16, Max:58, Min:0
FTask3 Avg:56, SD:9, Max:100, Min:37
FCore Active Avg:81, SD:16, Max:100, Min:39
FRouter Active Avg:79, SD:9, Max:92, Min:42
T1 invocations: 103,722
T2 invocations: 210,656
T3 invocations: 10,544,209
T3b invocations: 0
Total3 invocations: 10,544,209
Total4 invocations: 932

T3/T2 ratio: 50
T3b/T3 ratio: 0

T1 avg ex cycles: 41
T2 avg ex cycles: 100
T3&b avg ex cycles: 5
T4 avg ex cycles: 567
Avg. hops NOC1: 2
Avg. latency NOC1 (T2): 22,822
Avg. hops NOC2: 13
Avg. latency NOC2 (T3): 4,338

===PRINTING ACUM STATS at pu_cycles: 500,538

ACollision In Avg:54, SD:19, Max:158, Min:8
ACollision Out Avg:49, SD:22, Max:111, Min:2
ACollision End Avg:15, SD:15, Max:69, Min:0
ATask1 Avg:29, SD:3, Max:39, Min:6
ATask2 Avg:18, SD:7, Max:40, Min:1
ATask3 Avg:45, SD:7, Max:82, Min:30
ACore Active Avg:92, SD:7, Max:100, Min:63
ARouter Active Avg:62, SD:5, Max:75, Min:30
T1 invocations: 3,491,972
T2 invocations: 2,047,771
T3 invocations: 35,963,408
T3b invocations: 0
Total3 invocations: 35,963,408
Total4 invocations: 2,278

T3/T2 ratio: 18
T3b/T3 ratio: 0

T1 avg ex cycles: 42
T2 avg ex cycles: 44
T3&b avg ex cycles: 6
T4 avg ex cycles: 573
Avg. hops NOC1: 3
Avg. latency NOC1 (T2): 6,353
Avg. hops NOC2: 13
Avg. latency NOC2 (T3): 10,971
Number of K Nodes Processed: 3,883
Number of K Edges Processed: 36,437
Node Re-explore factor: 0.93
Edge Re-explore factor: 0.28
Nodes/cy: 8
Edges/cy: 73
TEPS: 256

---DCache---
DCache Size: 28,448
DRAM words: 133,760
  DHits: 75,771,225
  DMisses: 3,727,090
  DHit Rate (hit/miss): 95%
  DEvictions: 2,211,980
  DEviction Rate (evict/misses): 59%
  MC Transactions: 4,318,621
  MC Writes: 546,584
Avg. Transactions: 27% , Writes: 3%, Avg. Latency: 11
Max MC id: 24 of 32. Transactions: 32% , Writes: 4%, MC mean Latency: 11
HBM refresh energy (nJ): 1
HBM access energy (nJ): 8,181,195
MemC wire energy 2.5d (nJ): 1,367,035
MemC wire energy 3d (nJ): 341,759

---Energy---
Leakage Energy (nJ): 51,652
PU Dyn E (nJ): 2,547,706
Mem Dyn E (nJ): 14,973,971
Route Dyn E (nJ): 2,504,599
Dynamic Energy (nJ): 20,026,276
Ratio of Dyn/Leak: 388
Total Energy (nJ): 20,077,928
Total Energy (nJ) 3D: 20,858,031
Cores Energy (nJ): 2,549,099
Route Energy (nJ): 2,514,175
Route Energy (nJ) 3D: 4,319,554
Mem Energy   (nJ): 15,014,654
Mem Energy   (nJ) 3D: 13,989,378
Avg. Power (mW): 40,112.69
Power Density (mW/mm2): 48.71

---Runtime---
Runtime in K cycles: 500.54
Microseconds: 500.54
Time per iteration (ms): 0.50

---Throughput---
GOP/s (aka OPS/ns): 829.72
GOP/s per core: 0.81
FLOP/s: 71.85
FLOP/s per core: 0.07
Max Peak FLOP/s: 1,024.00
Avg. BW GB/s: 2,935.26
Max BW GB/s: 4,096.00

---Traffic---
In-Die bisection_bytes BW (GB/s): 256.00
Inter-board traffic (msg/ns): 0.00, per-link: 0.00
Inter-pack traffic (msg/ns): 0.00, per-link: 0.00
Inter-die traffic (msg/ns): 51.05, per-link: 0.20
Ruche traffic (msg/ns): 54.60, per-link: 0.21
All traffic (msg/ns): 2,047.89, per-link: 2.00
Inter-die reduction wrt all: 40.11
Inter-board reduction wrt inter-die: inf

---Data Movement---
All traffic (msg): 1,025,047,412
Arith. Intensity FLOP/Loads: 0.19
Arith. Intensity FLOP/Msgs: 0.04
Arith. Intensity OPS/Loads: 2.17
Arith. Intensity OPS/Msgs: 0.41



===Core Utilization Total=== CORE-S:5;; TIME K cy:500 ;; Nodes Proc: 483,206 -- Edges Proc: 4,636,634

===PRINTING FRAME STATS

FCollision In Avg:104, SD:42, Max:332, Min:6
FCollision Out Avg:96, SD:52, Max:308, Min:2
FCollision End Avg:27, SD:34, Max:106, Min:0
FTask1 Avg:4, SD:4, Max:24, Min:0
FTask2 Avg:20, SD:15, Max:63, Min:0
FTask3 Avg:53, SD:9, Max:100, Min:31
FCore Active Avg:78, SD:17, Max:100, Min:38
FRouter Active Avg:78, SD:11, Max:91, Min:37
T1 invocations: 112,066
T2 invocations: 223,626
T3 invocations: 10,286,333
T3b invocations: 0
Total3 invocations: 10,286,333
Total4 invocations: 1,257

T3/T2 ratio: 46
T3b/T3 ratio: 0

T1 avg ex cycles: 38
T2 avg ex cycles: 92
T3&b avg ex cycles: 5
T4 avg ex cycles: 564
Avg. hops NOC1: 2
Avg. latency NOC1 (T2): 21,385
Avg. hops NOC2: 13
Avg. latency NOC2 (T3): 3,614

===PRINTING ACUM STATS at pu_cycles: 600,664

ACollision In Avg:63, SD:21, Max:166, Min:10
ACollision Out Avg:57, SD:24, Max:124, Min:2
ACollision End Avg:17, SD:16, Max:74, Min:0
ATask1 Avg:25, SD:2, Max:33, Min:5
ATask2 Avg:18, SD:8, Max:40, Min:1
ATask3 Avg:46, SD:7, Max:83, Min:31
ACore Active Avg:90, SD:8, Max:100, Min:60
ARouter Active Avg:64, SD:5, Max:78, Min:31
T1 invocations: 3,604,965
T2 invocations: 2,271,443
T3 invocations: 46,250,404
T3b invocations: 0
Total3 invocations: 46,250,404
Total4 invocations: 3,555

T3/T2 ratio: 20
T3b/T3 ratio: 0

T1 avg ex cycles: 42
T2 avg ex cycles: 49
T3&b avg ex cycles: 6
T4 avg ex cycles: 570
Avg. hops NOC1: 3
Avg. latency NOC1 (T2): 7,826
Avg. hops NOC2: 13
Avg. latency NOC2 (T3): 9,334
Number of K Nodes Processed: 4,084
Number of K Edges Processed: 46,670
Node Re-explore factor: 0.97
Edge Re-explore factor: 0.36
Nodes/cy: 7
Edges/cy: 78
TEPS: 214

---DCache---
DCache Size: 28,448
DRAM words: 133,760
  DHits: 92,966,110
  DMisses: 4,491,620
  DHit Rate (hit/miss): 95%
  DEvictions: 2,910,355
  DEviction Rate (evict/misses): 65%
  MC Transactions: 5,216,899
  MC Writes: 668,854
Avg. Transactions: 27% , Writes: 3%, Avg. Latency: 11
Max MC id: 24 of 32. Transactions: 33% , Writes: 4%, MC mean Latency: 11
HBM refresh energy (nJ): 1
HBM access energy (nJ): 9,882,893
MemC wire energy 2.5d (nJ): 1,651,380
MemC wire energy 3d (nJ): 412,845

---Energy---
Leakage Energy (nJ): 61,984
PU Dyn E (nJ): 3,054,486
Mem Dyn E (nJ): 18,234,132
Route Dyn E (nJ): 3,208,806
Dynamic Energy (nJ): 24,497,425
Ratio of Dyn/Leak: 395
Total Energy (nJ): 24,559,409
Total Energy (nJ) 3D: 25,642,480
Cores Energy (nJ): 3,056,158
Route Energy (nJ): 3,220,297
Route Energy (nJ) 3D: 5,541,903
Mem Energy   (nJ): 18,282,954
Mem Energy   (nJ) 3D: 17,044,419
Avg. Power (mW): 40,887.10
Power Density (mW/mm2): 49.65

---Runtime---
Runtime in K cycles: 600.66
Microseconds: 600.66
Time per iteration (ms): 0.60

---Throughput---
GOP/s (aka OPS/ns): 808.08
GOP/s per core: 0.79
FLOP/s: 77.00
FLOP/s per core: 0.08
Max Peak FLOP/s: 1,024.00
Avg. BW GB/s: 3,022.24
Max BW GB/s: 4,096.00

---Traffic---
In-Die bisection_bytes BW (GB/s): 256.00
Inter-board traffic (msg/ns): 0.00, per-link: 0.00
Inter-pack traffic (msg/ns): 0.00, per-link: 0.00
Inter-die traffic (msg/ns): 54.66, per-link: 0.21
Ruche traffic (msg/ns): 57.19, per-link: 0.22
All traffic (msg/ns): 2,181.06, per-link: 2.13
Inter-die reduction wrt all: 39.90
Inter-board reduction wrt inter-die: inf

---Data Movement---
All traffic (msg): 1,310,086,229
Arith. Intensity FLOP/Loads: 0.20
Arith. Intensity FLOP/Msgs: 0.04
Arith. Intensity OPS/Loads: 2.07
Arith. Intensity OPS/Msgs: 0.37



===Core Utilization Total=== CORE-S:6;; TIME K cy:600 ;; Nodes Proc: 508,069 -- Edges Proc: 5,720,368

===PRINTING FRAME STATS

FCollision In Avg:100, SD:43, Max:350, Min:2
FCollision Out Avg:94, SD:55, Max:293, Min:2
FCollision End Avg:26, SD:35, Max:161, Min:0
FTask1 Avg:5, SD:5, Max:29, Min:0
FTask2 Avg:20, SD:15, Max:60, Min:0
FTask3 Avg:52, SD:9, Max:100, Min:33
FCore Active Avg:77, SD:17, Max:100, Min:36
FRouter Active Avg:77, SD:12, Max:93, Min:36
T1 invocations: 134,759
T2 invocations: 241,692
T3 invocations: 10,101,166
T3b invocations: 0
Total3 invocations: 10,101,166
Total4 invocations: 1,826

T3/T2 ratio: 42
T3b/T3 ratio: 0

T1 avg ex cycles: 37
T2 avg ex cycles: 83
T3&b avg ex cycles: 5
T4 avg ex cycles: 530
Avg. hops NOC1: 2
Avg. latency NOC1 (T2): 18,640
Avg. hops NOC2: 13
Avg. latency NOC2 (T3): 3,253

===PRINTING ACUM STATS at pu_cycles: 700,644

ACollision In Avg:68, SD:22, Max:185, Min:9
ACollision Out Avg:62, SD:26, Max:146, Min:2
ACollision End Avg:18, SD:16, Max:78, Min:0
ATask1 Avg:22, SD:2, Max:31, Min:5
ATask2 Avg:18, SD:8, Max:40, Min:1
ATask3 Avg:47, SD:7, Max:85, Min:32
ACore Active Avg:88, SD:8, Max:100, Min:57
ARouter Active Avg:66, SD:5, Max:79, Min:32
T1 invocations: 3,736,999
T2 invocations: 2,511,107
T3 invocations: 56,243,828
T3b invocations: 0
Total3 invocations: 56,243,828
Total4 invocations: 5,350

T3/T2 ratio: 22
T3b/T3 ratio: 0

T1 avg ex cycles: 42
T2 avg ex cycles: 52
T3&b avg ex cycles: 6
T4 avg ex cycles: 556
Avg. hops NOC1: 3
Avg. latency NOC1 (T2): 8,862
Avg. hops NOC2: 13
Avg. latency NOC2 (T3): 8,250
Number of K Nodes Processed: 4,228
Number of K Edges Processed: 56,707
Node Re-explore factor: 1.01
Edge Re-explore factor: 0.44
Nodes/cy: 6
Edges/cy: 81
TEPS: 183

---DCache---
DCache Size: 28,448
DRAM words: 133,760
  DHits: 109,746,524
  DMisses: 5,242,243
  DHit Rate (hit/miss): 95%
  DEvictions: 3,615,174
  DEviction Rate (evict/misses): 69%
  MC Transactions: 6,091,403
  MC Writes: 781,176
Avg. Transactions: 27% , Writes: 3%, Avg. Latency: 11
Max MC id: 24 of 32. Transactions: 33% , Writes: 4%, MC mean Latency: 11
HBM refresh energy (nJ): 2
HBM access energy (nJ): 11,539,553
MemC wire energy 2.5d (nJ): 1,928,199
MemC wire energy 3d (nJ): 482,050

---Energy---
Leakage Energy (nJ): 72,301
PU Dyn E (nJ): 3,549,350
Mem Dyn E (nJ): 21,404,267
Route Dyn E (nJ): 3,894,157
Dynamic Energy (nJ): 28,847,774
Ratio of Dyn/Leak: 399
Total Energy (nJ): 28,920,075
Total Energy (nJ) 3D: 30,295,741
Cores Energy (nJ): 3,551,300
Route Energy (nJ): 3,907,561
Route Energy (nJ) 3D: 6,729,376
Mem Energy   (nJ): 21,461,215
Mem Energy   (nJ) 3D: 20,015,066
Avg. Power (mW): 41,276.42
Power Density (mW/mm2): 50.13

---Runtime---
Runtime in K cycles: 700.64
Microseconds: 700.64
Time per iteration (ms): 0.70

---Throughput---
GOP/s (aka OPS/ns): 790.73
GOP/s per core: 0.77
FLOP/s: 80.27
FLOP/s per core: 0.08
Max Peak FLOP/s: 1,024.00
Avg. BW GB/s: 3,070.03
Max BW GB/s: 4,096.00

---Traffic---
In-Die bisection_bytes BW (GB/s): 256.00
Inter-board traffic (msg/ns): 0.00, per-link: 0.00
Inter-pack traffic (msg/ns): 0.00, per-link: 0.00
Inter-die traffic (msg/ns): 57.01, per-link: 0.22
Ruche traffic (msg/ns): 58.95, per-link: 0.23
All traffic (msg/ns): 2,264.75, per-link: 2.21
Inter-die reduction wrt all: 39.72
Inter-board reduction wrt inter-die: inf

---Data Movement---
All traffic (msg): 1,586,786,626
Arith. Intensity FLOP/Loads: 0.20
Arith. Intensity FLOP/Msgs: 0.04
Arith. Intensity OPS/Loads: 2.00
Arith. Intensity OPS/Msgs: 0.35



===Core Utilization Total=== CORE-S:7;; TIME K cy:700 ;; Nodes Proc: 526,104 -- Edges Proc: 6,840,980

===PRINTING FRAME STATS

FCollision In Avg:100, SD:44, Max:322, Min:2
FCollision Out Avg:92, SD:53, Max:340, Min:2
FCollision End Avg:25, SD:33, Max:177, Min:0
FTask1 Avg:5, SD:6, Max:29, Min:0
FTask2 Avg:19, SD:15, Max:62, Min:0
FTask3 Avg:50, SD:9, Max:100, Min:31
FCore Active Avg:76, SD:17, Max:100, Min:37
FRouter Active Avg:76, SD:13, Max:94, Min:29
T1 invocations: 146,979
T2 invocations: 257,860
T3 invocations: 9,841,746
T3b invocations: 0
Total3 invocations: 9,841,746
Total4 invocations: 2,376

T3/T2 ratio: 38
T3b/T3 ratio: 0

T1 avg ex cycles: 36
T2 avg ex cycles: 77
T3&b avg ex cycles: 5
T4 avg ex cycles: 480
Avg. hops NOC1: 2
Avg. latency NOC1 (T2): 17,320
Avg. hops NOC2: 13
Avg. latency NOC2 (T3): 2,986

===PRINTING ACUM STATS at pu_cycles: 800,657

ACollision In Avg:72, SD:23, Max:201, Min:9
ACollision Out Avg:66, SD:27, Max:166, Min:2
ACollision End Avg:19, SD:16, Max:81, Min:0
ATask1 Avg:20, SD:2, Max:28, Min:4
ATask2 Avg:18, SD:8, Max:41, Min:1
ATask3 Avg:47, SD:7, Max:87, Min:32
ACore Active Avg:86, SD:9, Max:100, Min:55
ARouter Active Avg:67, SD:6, Max:80, Min:31
T1 invocations: 3,886,288
T2 invocations: 2,768,823
T3 invocations: 66,127,027
T3b invocations: 0
Total3 invocations: 66,127,027
Total4 invocations: 7,761

T3/T2 ratio: 24
T3b/T3 ratio: 0

T1 avg ex cycles: 42
T2 avg ex cycles: 55
T3&b avg ex cycles: 6
T4 avg ex cycles: 533
Avg. hops NOC1: 3
Avg. latency NOC1 (T2): 9,645
Avg. hops NOC2: 13
Avg. latency NOC2 (T3): 7,464
Number of K Nodes Processed: 4,338
Number of K Edges Processed: 66,565
Node Re-explore factor: 1.03
Edge Re-explore factor: 0.52
Nodes/cy: 5
Edges/cy: 83
TEPS: 160

---DCache---
DCache Size: 28,448
DRAM words: 133,760
  DHits: 126,479,849
  DMisses: 5,987,998
  DHit Rate (hit/miss): 95%
  DEvictions: 4,333,439
  DEviction Rate (evict/misses): 72%
  MC Transactions: 6,960,647
  MC Writes: 894,561
Avg. Transactions: 27% , Writes: 3%, Avg. Latency: 11
Max MC id: 24 of 32. Transactions: 34% , Writes: 4%, MC mean Latency: 11
HBM refresh energy (nJ): 2
HBM access energy (nJ): 13,186,249
MemC wire energy 2.5d (nJ): 2,203,353
MemC wire energy 3d (nJ): 550,838

---Energy---
Leakage Energy (nJ): 82,622
PU Dyn E (nJ): 4,042,000
Mem Dyn E (nJ): 24,555,285
Route Dyn E (nJ): 4,571,401
Dynamic Energy (nJ): 33,168,687
Ratio of Dyn/Leak: 401
Total Energy (nJ): 33,251,309
Total Energy (nJ) 3D: 34,917,383
Cores Energy (nJ): 4,044,229
Route Energy (nJ): 4,586,718
Route Energy (nJ) 3D: 7,905,307
Mem Energy   (nJ): 24,620,362
Mem Energy   (nJ) 3D: 22,967,847
Avg. Power (mW): 41,530.03
Power Density (mW/mm2): 50.43

---Runtime---
Runtime in K cycles: 800.66
Microseconds: 800.66
Time per iteration (ms): 0.80

---Throughput---
GOP/s (aka OPS/ns): 777.62
GOP/s per core: 0.76
FLOP/s: 82.59
FLOP/s per core: 0.08
Max Peak FLOP/s: 1,024.00
Avg. BW GB/s: 3,102.96
Max BW GB/s: 4,096.00

---Traffic---
In-Die bisection_bytes BW (GB/s): 256.00
Inter-board traffic (msg/ns): 0.00, per-link: 0.00
Inter-pack traffic (msg/ns): 0.00, per-link: 0.00
Inter-die traffic (msg/ns): 58.58, per-link: 0.23
Ruche traffic (msg/ns): 60.04, per-link: 0.23
All traffic (msg/ns): 2,324.61, per-link: 2.27
Inter-die reduction wrt all: 39.68
Inter-board reduction wrt inter-die: inf

---Data Movement---
All traffic (msg): 1,861,216,261
Arith. Intensity FLOP/Loads: 0.21
Arith. Intensity FLOP/Msgs: 0.04
Arith. Intensity OPS/Loads: 1.96
Arith. Intensity OPS/Msgs: 0.33



===Core Utilization Total=== CORE-S:8;; TIME K cy:800 ;; Nodes Proc: 540,060 -- Edges Proc: 7,791,961

===PRINTING FRAME STATS

FCollision In Avg:94, SD:42, Max:290, Min:3
FCollision Out Avg:87, SD:52, Max:297, Min:0
FCollision End Avg:24, SD:32, Max:196, Min:0
FTask1 Avg:6, SD:6, Max:34, Min:0
FTask2 Avg:20, SD:15, Max:61, Min:0
FTask3 Avg:51, SD:9, Max:100, Min:31
FCore Active Avg:77, SD:17, Max:100, Min:38
FRouter Active Avg:76, SD:11, Max:93, Min:27
T1 invocations: 175,228
T2 invocations: 281,541
T3 invocations: 9,950,687
T3b invocations: 0
Total3 invocations: 9,950,687
Total4 invocations: 3,159

T3/T2 ratio: 35
T3b/T3 ratio: 0

T1 avg ex cycles: 35
T2 avg ex cycles: 71
T3&b avg ex cycles: 5
T4 avg ex cycles: 444
Avg. hops NOC1: 2
Avg. latency NOC1 (T2): 16,197
Avg. hops NOC2: 13
Avg. latency NOC2 (T3): 3,027

===PRINTING ACUM STATS at pu_cycles: 900,966

ACollision In Avg:74, SD:24, Max:206, Min:9
ACollision Out Avg:68, SD:28, Max:180, Min:2
ACollision End Avg:20, SD:15, Max:82, Min:0
ATask1 Avg:18, SD:2, Max:26, Min:4
ATask2 Avg:19, SD:7, Max:37, Min:0
ATask3 Avg:48, SD:7, Max:88, Min:32
ACore Active Avg:85, SD:9, Max:100, Min:53
ARouter Active Avg:68, SD:7, Max:81, Min:31
T1 invocations: 4,065,671
T2 invocations: 3,053,368
T3 invocations: 76,175,411
T3b invocations: 0
Total3 invocations: 76,175,411
Total4 invocations: 10,987

T3/T2 ratio: 25
T3b/T3 ratio: 0

T1 avg ex cycles: 42
T2 avg ex cycles: 56
T3&b avg ex cycles: 6
T4 avg ex cycles: 508
Avg. hops NOC1: 3
Avg. latency NOC1 (T2): 10,245
Avg. hops NOC2: 13
Avg. latency NOC2 (T3): 6,878
Number of K Nodes Processed: 4,430
Number of K Edges Processed: 76,543
Node Re-explore factor: 1.06
Edge Re-explore factor: 0.60
Nodes/cy: 5
Edges/cy: 85
TEPS: 142

---DCache---
DCache Size: 28,448
DRAM words: 133,760
  DHits: 143,562,493
  DMisses: 6,745,916
  DHit Rate (hit/miss): 96%
  DEvictions: 5,064,562
  DEviction Rate (evict/misses): 75%
  MC Transactions: 7,839,405
  MC Writes: 1,005,685
Avg. Transactions: 27% , Writes: 3%, Avg. Latency: 11
Max MC id: 24 of 32. Transactions: 34% , Writes: 4%, MC mean Latency: 11
HBM refresh energy (nJ): 2
HBM access energy (nJ): 14,850,968
MemC wire energy 2.5d (nJ): 2,481,519
MemC wire energy 3d (nJ): 620,380

---Energy---
Leakage Energy (nJ): 92,973
PU Dyn E (nJ): 4,547,736
Mem Dyn E (nJ): 27,750,740
Route Dyn E (nJ): 5,263,453
Dynamic Energy (nJ): 37,561,929
Ratio of Dyn/Leak: 404
Total Energy (nJ): 37,654,902
Total Energy (nJ) 3D: 39,620,398
Cores Energy (nJ): 4,550,244
Route Energy (nJ): 5,280,688
Route Energy (nJ) 3D: 9,107,324
Mem Energy   (nJ): 27,823,970
Mem Energy   (nJ) 3D: 25,962,831
Avg. Power (mW): 41,793.92
Power Density (mW/mm2): 50.76

---Runtime---
Runtime in K cycles: 900.97
Microseconds: 900.97
Time per iteration (ms): 0.90

---Throughput---
GOP/s (aka OPS/ns): 769.63
GOP/s per core: 0.75
FLOP/s: 84.55
FLOP/s per core: 0.08
Max Peak FLOP/s: 1,024.00
Avg. BW GB/s: 3,134.52
Max BW GB/s: 4,096.00

---Traffic---
In-Die bisection_bytes BW (GB/s): 256.00
Inter-board traffic (msg/ns): 0.00, per-link: 0.00
Inter-pack traffic (msg/ns): 0.00, per-link: 0.00
Inter-die traffic (msg/ns): 59.82, per-link: 0.23
Ruche traffic (msg/ns): 61.14, per-link: 0.24
All traffic (msg/ns): 2,376.99, per-link: 2.32
Inter-die reduction wrt all: 39.73
Inter-board reduction wrt inter-die: inf

---Data Movement---
All traffic (msg): 2,141,585,632
Arith. Intensity FLOP/Loads: 0.21
Arith. Intensity FLOP/Msgs: 0.04
Arith. Intensity OPS/Loads: 1.92
Arith. Intensity OPS/Msgs: 0.32



===Core Utilization Total=== CORE-S:9;; TIME K cy:900 ;; Nodes Proc: 551,487 -- Edges Proc: 8,830,561

===PRINTING FRAME STATS

FCollision In Avg:90, SD:45, Max:320, Min:1
FCollision Out Avg:86, SD:54, Max:258, Min:0
FCollision End Avg:24, SD:32, Max:180, Min:0
FTask1 Avg:6, SD:7, Max:37, Min:0
FTask2 Avg:19, SD:15, Max:67, Min:0
FTask3 Avg:49, SD:9, Max:100, Min:32
FCore Active Avg:76, SD:18, Max:100, Min:34
FRouter Active Avg:74, SD:16, Max:94, Min:34
T1 invocations: 189,335
T2 invocations: 291,450
T3 invocations: 9,692,688
T3b invocations: 0
Total3 invocations: 9,692,688
Total4 invocations: 4,102

T3/T2 ratio: 33
T3b/T3 ratio: 0

T1 avg ex cycles: 34
T2 avg ex cycles: 67
T3&b avg ex cycles: 5
T4 avg ex cycles: 384
Avg. hops NOC1: 2
Avg. latency NOC1 (T2): 13,316
Avg. hops NOC2: 13
Avg. latency NOC2 (T3): 3,019

===PRINTING ACUM STATS at pu_cycles: 1,001,069

ACollision In Avg:76, SD:24, Max:195, Min:10
ACollision Out Avg:70, SD:28, Max:172, Min:3
ACollision End Avg:20, SD:15, Max:78, Min:0
ATask1 Avg:17, SD:2, Max:23, Min:3
ATask2 Avg:19, SD:7, Max:34, Min:0
ATask3 Avg:48, SD:7, Max:89, Min:32
ACore Active Avg:84, SD:9, Max:100, Min:54
ARouter Active Avg:69, SD:6, Max:82, Min:31
T1 invocations: 4,255,948
T2 invocations: 3,345,756
T3 invocations: 85,886,788
T3b invocations: 0
Total3 invocations: 85,886,788
Total4 invocations: 15,105

T3/T2 ratio: 26
T3b/T3 ratio: 0

T1 avg ex cycles: 41
T2 avg ex cycles: 57
T3&b avg ex cycles: 6
T4 avg ex cycles: 474
Avg. hops NOC1: 3
Avg. latency NOC1 (T2): 10,510
Avg. hops NOC2: 13
Avg. latency NOC2 (T3): 6,442
Number of K Nodes Processed: 4,507
Number of K Edges Processed: 86,204
Node Re-explore factor: 1.07
Edge Re-explore factor: 0.67
Nodes/cy: 5
Edges/cy: 86
TEPS: 128

---DCache---
DCache Size: 28,448
DRAM words: 133,760
  DHits: 160,112,947
  DMisses: 7,487,900
  DHit Rate (hit/miss): 96%
  DEvictions: 5,784,696
  DEviction Rate (evict/misses): 77%
  MC Transactions: 8,697,720
  MC Writes: 1,111,689
Avg. Transactions: 27% , Writes: 3%, Avg. Latency: 11
Max MC id: 24 of 32. Transactions: 33% , Writes: 4%, MC mean Latency: 11
HBM refresh energy (nJ): 2
HBM access energy (nJ): 16,476,960
MemC wire energy 2.5d (nJ): 2,753,214
MemC wire energy 3d (nJ): 688,303

---Energy---
Leakage Energy (nJ): 103,303
PU Dyn E (nJ): 5,039,481
Mem Dyn E (nJ): 30,859,380
Route Dyn E (nJ): 5,923,167
Dynamic Energy (nJ): 41,822,029
Ratio of Dyn/Leak: 405
Total Energy (nJ): 41,925,332
Total Energy (nJ) 3D: 44,164,555
Cores Energy (nJ): 5,042,268
Route Energy (nJ): 5,942,318
Route Energy (nJ) 3D: 10,246,451
Mem Energy   (nJ): 30,940,747
Mem Energy   (nJ) 3D: 28,875,837
Avg. Power (mW): 41,880.56
Power Density (mW/mm2): 50.86

---Runtime---
Runtime in K cycles: 1,001.07
Microseconds: 1,001.07
Time per iteration (ms): 1.00

---Throughput---
GOP/s (aka OPS/ns): 761.68
GOP/s per core: 0.74
FLOP/s: 85.80
FLOP/s per core: 0.08
Max Peak FLOP/s: 1,024.00
Avg. BW GB/s: 3,149.02
Max BW GB/s: 4,096.00

---Traffic---
In-Die bisection_bytes BW (GB/s): 256.00
Inter-board traffic (msg/ns): 0.00, per-link: 0.00
Inter-pack traffic (msg/ns): 0.00, per-link: 0.00
Inter-die traffic (msg/ns): 60.43, per-link: 0.24
Ruche traffic (msg/ns): 62.22, per-link: 0.24
All traffic (msg/ns): 2,404.66, per-link: 2.35
Inter-die reduction wrt all: 39.79
Inter-board reduction wrt inter-die: inf

---Data Movement---
All traffic (msg): 2,407,234,877
Arith. Intensity FLOP/Loads: 0.21
Arith. Intensity FLOP/Msgs: 0.04
Arith. Intensity OPS/Loads: 1.90
Arith. Intensity OPS/Msgs: 0.32



===Core Utilization Total=== CORE-S:10;; TIME K cy:1,000 ;; Nodes Proc: 561,157 -- Edges Proc: 10,489,878

===PRINTING FRAME STATS

FCollision In Avg:86, SD:48, Max:338, Min:1
FCollision Out Avg:84, SD:57, Max:295, Min:0
FCollision End Avg:22, SD:31, Max:180, Min:0
FTask1 Avg:7, SD:8, Max:39, Min:0
FTask2 Avg:18, SD:16, Max:65, Min:0
FTask3 Avg:46, SD:8, Max:100, Min:29
FCore Active Avg:73, SD:20, Max:100, Min:30
FRouter Active Avg:70, SD:19, Max:95, Min:31
T1 invocations: 214,573
T2 invocations: 307,824
T3 invocations: 9,071,318
T3b invocations: 0
Total3 invocations: 9,071,318
Total4 invocations: 6,073

T3/T2 ratio: 29
T3b/T3 ratio: 0

T1 avg ex cycles: 34
T2 avg ex cycles: 60
T3&b avg ex cycles: 5
T4 avg ex cycles: 301
Avg. hops NOC1: 2
Avg. latency NOC1 (T2): 10,817
Avg. hops NOC2: 13
Avg. latency NOC2 (T3): 2,839

===PRINTING ACUM STATS at pu_cycles: 1,100,912

ACollision In Avg:77, SD:24, Max:188, Min:16
ACollision Out Avg:71, SD:28, Max:160, Min:3
ACollision End Avg:20, SD:14, Max:85, Min:0
ATask1 Avg:16, SD:2, Max:22, Min:3
ATask2 Avg:19, SD:6, Max:31, Min:0
ATask3 Avg:48, SD:7, Max:90, Min:32
ACore Active Avg:83, SD:9, Max:100, Min:55
ARouter Active Avg:69, SD:6, Max:83, Min:32
T1 invocations: 4,470,028
T2 invocations: 3,652,983
T3 invocations: 94,923,657
T3b invocations: 0
Total3 invocations: 94,923,657
Total4 invocations: 21,171

T3/T2 ratio: 26
T3b/T3 ratio: 0

T1 avg ex cycles: 41
T2 avg ex cycles: 57
T3&b avg ex cycles: 6
T4 avg ex cycles: 425
Avg. hops NOC1: 2
Avg. latency NOC1 (T2): 10,536
Avg. hops NOC2: 13
Avg. latency NOC2 (T3): 6,099
Number of K Nodes Processed: 4,568
Number of K Edges Processed: 95,204
Node Re-explore factor: 1.09
Edge Re-explore factor: 0.74
Nodes/cy: 4
Edges/cy: 86
TEPS: 117

---DCache---
DCache Size: 28,448
DRAM words: 133,760
  DHits: 175,682,876
  DMisses: 8,194,542
  DHit Rate (hit/miss): 96%
  DEvictions: 6,478,671
  DEviction Rate (evict/misses): 79%
  MC Transactions: 9,515,401
  MC Writes: 1,213,448
Avg. Transactions: 27% , Writes: 3%, Avg. Latency: 11
Max MC id: 24 of 32. Transactions: 32% , Writes: 4%, MC mean Latency: 10
HBM refresh energy (nJ): 3
HBM access energy (nJ): 18,025,975
MemC wire energy 2.5d (nJ): 3,012,046
MemC wire energy 3d (nJ): 753,012

---Energy---
Leakage Energy (nJ): 113,606
PU Dyn E (nJ): 5,504,551
Mem Dyn E (nJ): 33,802,009
Route Dyn E (nJ): 6,536,990
Dynamic Energy (nJ): 45,843,551
Ratio of Dyn/Leak: 404
Total Energy (nJ): 45,957,157
Total Energy (nJ) 3D: 48,444,515
Cores Energy (nJ): 5,507,616
Route Energy (nJ): 6,558,051
Route Energy (nJ) 3D: 11,304,444
Mem Energy   (nJ): 33,891,491
Mem Energy   (nJ) 3D: 31,632,456
Avg. Power (mW): 41,744.62
Power Density (mW/mm2): 50.70

---Runtime---
Runtime in K cycles: 1,100.91
Microseconds: 1,100.91
Time per iteration (ms): 1.10

---Throughput---
GOP/s (aka OPS/ns): 752.48
GOP/s per core: 0.73
FLOP/s: 86.22
FLOP/s per core: 0.08
Max Peak FLOP/s: 1,024.00
Avg. BW GB/s: 3,142.70
Max BW GB/s: 4,096.00

---Traffic---
In-Die bisection_bytes BW (GB/s): 256.00
Inter-board traffic (msg/ns): 0.00, per-link: 0.00
Inter-pack traffic (msg/ns): 0.00, per-link: 0.00
Inter-die traffic (msg/ns): 60.47, per-link: 0.24
Ruche traffic (msg/ns): 62.84, per-link: 0.25
All traffic (msg/ns): 2,410.87, per-link: 2.35
Inter-die reduction wrt all: 39.87
Inter-board reduction wrt inter-die: inf

---Data Movement---
All traffic (msg): 2,654,154,278
Arith. Intensity FLOP/Loads: 0.22
Arith. Intensity FLOP/Msgs: 0.04
Arith. Intensity OPS/Loads: 1.88
Arith. Intensity OPS/Msgs: 0.31



===Core Utilization Total=== CORE-S:11;; TIME K cy:1,100 ;; Nodes Proc: 568,843 -- Edges Proc: 12,224,345

===PRINTING FRAME STATS

FCollision In Avg:68, SD:49, Max:301, Min:0
FCollision Out Avg:67, SD:56, Max:278, Min:0
FCollision End Avg:18, SD:29, Max:180, Min:0
FTask1 Avg:8, SD:8, Max:42, Min:0
FTask2 Avg:18, SD:17, Max:68, Min:0
FTask3 Avg:45, SD:8, Max:100, Min:26
FCore Active Avg:72, SD:21, Max:100, Min:27
FRouter Active Avg:71, SD:16, Max:95, Min:30
T1 invocations: 230,005
T2 invocations: 324,842
T3 invocations: 8,828,707
T3b invocations: 0
Total3 invocations: 8,828,707
Total4 invocations: 9,690

T3/T2 ratio: 27
T3b/T3 ratio: 0

T1 avg ex cycles: 33
T2 avg ex cycles: 57
T3&b avg ex cycles: 5
T4 avg ex cycles: 212
Avg. hops NOC1: 2
Avg. latency NOC1 (T2): 9,649
Avg. hops NOC2: 13
Avg. latency NOC2 (T3): 2,814

===PRINTING ACUM STATS at pu_cycles: 1,200,941

ACollision In Avg:76, SD:25, Max:184, Min:16
ACollision Out Avg:71, SD:28, Max:155, Min:3
ACollision End Avg:20, SD:14, Max:93, Min:0
ATask1 Avg:15, SD:2, Max:20, Min:3
ATask2 Avg:19, SD:6, Max:29, Min:0
ATask3 Avg:47, SD:7, Max:91, Min:32
ACore Active Avg:82, SD:9, Max:100, Min:54
ARouter Active Avg:69, SD:6, Max:83, Min:32
T1 invocations: 4,697,893
T2 invocations: 3,977,011
T3 invocations: 103,709,995
T3b invocations: 0
Total3 invocations: 103,709,995
Total4 invocations: 30,830

T3/T2 ratio: 26
T3b/T3 ratio: 0

T1 avg ex cycles: 40
T2 avg ex cycles: 57
T3&b avg ex cycles: 6
T4 avg ex cycles: 358
Avg. hops NOC1: 2
Avg. latency NOC1 (T2): 10,461
Avg. hops NOC2: 13
Avg. latency NOC2 (T3): 5,821
Number of K Nodes Processed: 4,622
Number of K Edges Processed: 104,076
Node Re-explore factor: 1.10
Edge Re-explore factor: 0.81
Nodes/cy: 4
Edges/cy: 87
TEPS: 107

---DCache---
DCache Size: 28,448
DRAM words: 133,760
  DHits: 190,956,948
  DMisses: 8,898,378
  DHit Rate (hit/miss): 96%
  DEvictions: 7,176,818
  DEviction Rate (evict/misses): 81%
  MC Transactions: 10,324,828
  MC Writes: 1,309,952
Avg. Transactions: 27% , Writes: 3%, Avg. Latency: 11
Max MC id: 24 of 32. Transactions: 32% , Writes: 4%, MC mean Latency: 10
HBM refresh energy (nJ): 3
HBM access energy (nJ): 19,559,354
MemC wire energy 2.5d (nJ): 3,268,266
MemC wire energy 3d (nJ): 817,066

---Energy---
Leakage Energy (nJ): 123,928
PU Dyn E (nJ): 5,961,487
Mem Dyn E (nJ): 36,702,800
Route Dyn E (nJ): 7,141,192
Dynamic Energy (nJ): 49,805,478
Ratio of Dyn/Leak: 402
Total Energy (nJ): 49,929,406
Total Energy (nJ) 3D: 52,656,964
Cores Energy (nJ): 5,964,829
Route Energy (nJ): 7,164,166
Route Energy (nJ) 3D: 12,342,923
Mem Energy   (nJ): 36,800,412
Mem Energy   (nJ) 3D: 34,349,213
Avg. Power (mW): 41,575.24
Power Density (mW/mm2): 50.49

---Runtime---
Runtime in K cycles: 1,200.94
Microseconds: 1,200.94
Time per iteration (ms): 1.20

---Throughput---
GOP/s (aka OPS/ns): 744.05
GOP/s per core: 0.73
FLOP/s: 86.36
FLOP/s per core: 0.08
Max Peak FLOP/s: 1,024.00
Avg. BW GB/s: 3,131.51
Max BW GB/s: 4,096.00

---Traffic---
In-Die bisection_bytes BW (GB/s): 256.00
Inter-board traffic (msg/ns): 0.00, per-link: 0.00
Inter-pack traffic (msg/ns): 0.00, per-link: 0.00
Inter-die traffic (msg/ns): 60.42, per-link: 0.24
Ruche traffic (msg/ns): 63.42, per-link: 0.25
All traffic (msg/ns): 2,411.55, per-link: 2.36
Inter-die reduction wrt all: 39.91
Inter-board reduction wrt inter-die: inf

---Data Movement---
All traffic (msg): 2,896,127,747
Arith. Intensity FLOP/Loads: 0.22
Arith. Intensity FLOP/Msgs: 0.04
Arith. Intensity OPS/Loads: 1.87
Arith. Intensity OPS/Msgs: 0.31



===Core Utilization Total=== CORE-S:12;; TIME K cy:1,200 ;; Nodes Proc: 575,631 -- Edges Proc: 13,747,531

===PRINTING FRAME STATS

FCollision In Avg:53, SD:46, Max:275, Min:1
FCollision Out Avg:54, SD:54, Max:230, Min:0
FCollision End Avg:16, SD:27, Max:177, Min:0
FTask1 Avg:8, SD:9, Max:42, Min:0
FTask2 Avg:18, SD:17, Max:70, Min:0
FTask3 Avg:43, SD:8, Max:100, Min:28
FCore Active Avg:71, SD:22, Max:100, Min:32
FRouter Active Avg:70, SD:13, Max:95, Min:26
T1 invocations: 245,258
T2 invocations: 336,267
T3 invocations: 8,630,148
T3b invocations: 0
Total3 invocations: 8,630,148
Total4 invocations: 13,176

T3/T2 ratio: 26
T3b/T3 ratio: 0

T1 avg ex cycles: 33
T2 avg ex cycles: 54
T3&b avg ex cycles: 5
T4 avg ex cycles: 168
Avg. hops NOC1: 3
Avg. latency NOC1 (T2): 9,214
Avg. hops NOC2: 13
Avg. latency NOC2 (T3): 3,071

===PRINTING ACUM STATS at pu_cycles: 1,300,865

ACollision In Avg:74, SD:25, Max:185, Min:15
ACollision Out Avg:69, SD:29, Max:149, Min:3
ACollision End Avg:20, SD:14, Max:100, Min:0
ATask1 Avg:15, SD:2, Max:18, Min:3
ATask2 Avg:18, SD:5, Max:28, Min:0
ATask3 Avg:47, SD:7, Max:92, Min:31
ACore Active Avg:82, SD:8, Max:100, Min:53
ARouter Active Avg:69, SD:6, Max:83, Min:32
T1 invocations: 4,945,448
T2 invocations: 4,314,155
T3 invocations: 112,343,215
T3b invocations: 0
Total3 invocations: 112,343,215
Total4 invocations: 44,049

T3/T2 ratio: 26
T3b/T3 ratio: 0

T1 avg ex cycles: 40
T2 avg ex cycles: 57
T3&b avg ex cycles: 6
T4 avg ex cycles: 301
Avg. hops NOC1: 2
Avg. latency NOC1 (T2): 10,368
Avg. hops NOC2: 13
Avg. latency NOC2 (T3): 5,610
Number of K Nodes Processed: 4,668
Number of K Edges Processed: 112,689
Node Re-explore factor: 1.11
Edge Re-explore factor: 0.88
Nodes/cy: 4
Edges/cy: 87
TEPS: 99

---DCache---
DCache Size: 28,448
DRAM words: 133,760
  DHits: 205,863,274
  DMisses: 9,594,402
  DHit Rate (hit/miss): 96%
  DEvictions: 7,867,324
  DEviction Rate (evict/misses): 82%
  MC Transactions: 11,127,886
  MC Writes: 1,408,381
Avg. Transactions: 27% , Writes: 3%, Avg. Latency: 11
Max MC id: 24 of 32. Transactions: 32% , Writes: 4%, MC mean Latency: 10
HBM refresh energy (nJ): 3
HBM access energy (nJ): 21,080,667
MemC wire energy 2.5d (nJ): 3,522,469
MemC wire energy 3d (nJ): 880,617

---Energy---
Leakage Energy (nJ): 134,240
PU Dyn E (nJ): 6,415,408
Mem Dyn E (nJ): 39,573,249
Route Dyn E (nJ): 7,725,166
Dynamic Energy (nJ): 53,713,824
Ratio of Dyn/Leak: 400
Total Energy (nJ): 53,848,064
Total Energy (nJ) 3D: 56,802,282
Cores Energy (nJ): 6,419,028
Route Energy (nJ): 7,750,052
Route Energy (nJ) 3D: 13,346,122
Mem Energy   (nJ): 39,678,984
Mem Energy   (nJ) 3D: 37,037,132
Avg. Power (mW): 41,394.04
Power Density (mW/mm2): 50.27

---Runtime---
Runtime in K cycles: 1,300.87
Microseconds: 1,300.87
Time per iteration (ms): 1.30

---Throughput---
GOP/s (aka OPS/ns): 736.93
GOP/s per core: 0.72
FLOP/s: 86.36
FLOP/s per core: 0.08
Max Peak FLOP/s: 1,024.00
Avg. BW GB/s: 3,119.32
Max BW GB/s: 4,096.00

---Traffic---
In-Die bisection_bytes BW (GB/s): 256.00
Inter-board traffic (msg/ns): 0.00, per-link: 0.00
Inter-pack traffic (msg/ns): 0.00, per-link: 0.00
Inter-die traffic (msg/ns): 60.25, per-link: 0.24
Ruche traffic (msg/ns): 63.74, per-link: 0.25
All traffic (msg/ns): 2,406.49, per-link: 2.35
Inter-die reduction wrt all: 39.94
Inter-board reduction wrt inter-die: inf

---Data Movement---
All traffic (msg): 3,130,512,398
Arith. Intensity FLOP/Loads: 0.22
Arith. Intensity FLOP/Msgs: 0.04
Arith. Intensity OPS/Loads: 1.86
Arith. Intensity OPS/Msgs: 0.31



===Core Utilization Total=== CORE-S:13;; TIME K cy:1,300 ;; Nodes Proc: 581,507 -- Edges Proc: 15,123,401

===PRINTING FRAME STATS

FCollision In Avg:40, SD:40, Max:232, Min:0
FCollision Out Avg:38, SD:44, Max:214, Min:0
FCollision End Avg:13, SD:24, Max:189, Min:0
FTask1 Avg:8, SD:9, Max:45, Min:0
FTask2 Avg:18, SD:17, Max:70, Min:0
FTask3 Avg:43, SD:8, Max:100, Min:26
FCore Active Avg:71, SD:22, Max:100, Min:28
FRouter Active Avg:71, SD:10, Max:95, Min:19
T1 invocations: 249,372
T2 invocations: 344,576
T3 invocations: 8,526,355
T3b invocations: 0
Total3 invocations: 8,526,355
Total4 invocations: 16,760

T3/T2 ratio: 25
T3b/T3 ratio: 0

T1 avg ex cycles: 33
T2 avg ex cycles: 53
T3&b avg ex cycles: 5
T4 avg ex cycles: 137
Avg. hops NOC1: 3
Avg. latency NOC1 (T2): 7,863
Avg. hops NOC2: 13
Avg. latency NOC2 (T3): 2,827

===PRINTING ACUM STATS at pu_cycles: 1,400,915

ACollision In Avg:72, SD:25, Max:185, Min:14
ACollision Out Avg:67, SD:29, Max:142, Min:3
ACollision End Avg:19, SD:13, Max:103, Min:0
ATask1 Avg:14, SD:2, Max:17, Min:2
ATask2 Avg:18, SD:5, Max:26, Min:0
ATask3 Avg:47, SD:7, Max:92, Min:31
ACore Active Avg:81, SD:8, Max:100, Min:52
ARouter Active Avg:69, SD:5, Max:83, Min:31
T1 invocations: 5,196,627
T2 invocations: 4,655,323
T3 invocations: 120,869,439
T3b invocations: 0
Total3 invocations: 120,869,439
Total4 invocations: 60,838

T3/T2 ratio: 26
T3b/T3 ratio: 0

T1 avg ex cycles: 40
T2 avg ex cycles: 57
T3&b avg ex cycles: 6
T4 avg ex cycles: 256
Avg. hops NOC1: 3
Avg. latency NOC1 (T2): 10,186
Avg. hops NOC2: 13
Avg. latency NOC2 (T3): 5,412
Number of K Nodes Processed: 4,711
Number of K Edges Processed: 121,193
Node Re-explore factor: 1.12
Edge Re-explore factor: 0.94
Nodes/cy: 3
Edges/cy: 87
TEPS: 92

---DCache---
DCache Size: 28,448
DRAM words: 133,760
  DHits: 220,699,012
  DMisses: 10,283,732
  DHit Rate (hit/miss): 96%
  DEvictions: 8,552,258
  DEviction Rate (evict/misses): 83%
  MC Transactions: 11,919,972
  MC Writes: 1,503,028
Avg. Transactions: 27% , Writes: 3%, Avg. Latency: 10
Max MC id: 24 of 32. Transactions: 31% , Writes: 4%, MC mean Latency: 10
HBM refresh energy (nJ): 4
HBM access energy (nJ): 22,581,194
MemC wire energy 2.5d (nJ): 3,773,199
MemC wire energy 3d (nJ): 943,300

---Energy---
Leakage Energy (nJ): 144,564
PU Dyn E (nJ): 6,864,949
Mem Dyn E (nJ): 42,405,967
Route Dyn E (nJ): 8,305,538
Dynamic Energy (nJ): 57,576,455
Ratio of Dyn/Leak: 398
Total Energy (nJ): 57,721,019
Total Energy (nJ) 3D: 60,901,634
Cores Energy (nJ): 6,868,848
Route Energy (nJ): 8,332,338
Route Energy (nJ) 3D: 14,342,853
Mem Energy   (nJ): 42,519,834
Mem Energy   (nJ) 3D: 39,689,934
Avg. Power (mW): 41,202.37
Power Density (mW/mm2): 50.04

---Runtime---
Runtime in K cycles: 1,400.91
Microseconds: 1,400.91
Time per iteration (ms): 1.40

---Throughput---
GOP/s (aka OPS/ns): 730.39
GOP/s per core: 0.71
FLOP/s: 86.28
FLOP/s per core: 0.08
Max Peak FLOP/s: 1,024.00
Avg. BW GB/s: 3,105.72
Max BW GB/s: 4,096.00

---Traffic---
In-Die bisection_bytes BW (GB/s): 256.00
Inter-board traffic (msg/ns): 0.00, per-link: 0.00
Inter-pack traffic (msg/ns): 0.00, per-link: 0.00
Inter-die traffic (msg/ns): 60.15, per-link: 0.23
Ruche traffic (msg/ns): 63.91, per-link: 0.25
All traffic (msg/ns): 2,400.69, per-link: 2.34
Inter-die reduction wrt all: 39.91
Inter-board reduction wrt inter-die: inf

---Data Movement---
All traffic (msg): 3,363,160,470
Arith. Intensity FLOP/Loads: 0.22
Arith. Intensity FLOP/Msgs: 0.04
Arith. Intensity OPS/Loads: 1.85
Arith. Intensity OPS/Msgs: 0.30



===Core Utilization Total=== CORE-S:14;; TIME K cy:1,400 ;; Nodes Proc: 586,834 -- Edges Proc: 16,265,099

===PRINTING FRAME STATS

FCollision In Avg:26, SD:33, Max:188, Min:0
FCollision Out Avg:25, SD:34, Max:152, Min:0
FCollision End Avg:10, SD:19, Max:139, Min:0
FTask1 Avg:8, SD:10, Max:42, Min:0
FTask2 Avg:16, SD:18, Max:76, Min:0
FTask3 Avg:39, SD:8, Max:92, Min:21
FCore Active Avg:66, SD:24, Max:100, Min:29
FRouter Active Avg:66, SD:13, Max:93, Min:17
T1 invocations: 256,644
T2 invocations: 333,192
T3 invocations: 7,731,631
T3b invocations: 0
Total3 invocations: 7,731,631
Total4 invocations: 19,205

T3/T2 ratio: 23
T3b/T3 ratio: 0

T1 avg ex cycles: 33
T2 avg ex cycles: 50
T3&b avg ex cycles: 5
T4 avg ex cycles: 125
Avg. hops NOC1: 3
Avg. latency NOC1 (T2): 5,387
Avg. hops NOC2: 13
Avg. latency NOC2 (T3): 2,630

===PRINTING ACUM STATS at pu_cycles: 1,501,070

ACollision In Avg:69, SD:24, Max:181, Min:14
ACollision Out Avg:64, SD:28, Max:135, Min:3
ACollision End Avg:19, SD:13, Max:101, Min:1
ATask1 Avg:14, SD:2, Max:16, Min:2
ATask2 Avg:18, SD:4, Max:25, Min:0
ATask3 Avg:46, SD:7, Max:92, Min:31
ACore Active Avg:80, SD:8, Max:100, Min:50
ARouter Active Avg:69, SD:5, Max:82, Min:30
T1 invocations: 5,457,191
T2 invocations: 4,989,110
T3 invocations: 128,660,260
T3b invocations: 0
Total3 invocations: 128,660,260
Total4 invocations: 80,106

T3/T2 ratio: 26
T3b/T3 ratio: 0

T1 avg ex cycles: 39
T2 avg ex cycles: 56
T3&b avg ex cycles: 6
T4 avg ex cycles: 225
Avg. hops NOC1: 3
Avg. latency NOC1 (T2): 9,864
Avg. hops NOC2: 13
Avg. latency NOC2 (T3): 5,243
Number of K Nodes Processed: 4,746
Number of K Edges Processed: 128,869
Node Re-explore factor: 1.13
Edge Re-explore factor: 1.00
Nodes/cy: 3
Edges/cy: 86
TEPS: 85

---DCache---
DCache Size: 28,448
DRAM words: 133,760
  DHits: 234,396,229
  DMisses: 10,920,355
  DHit Rate (hit/miss): 96%
  DEvictions: 9,185,090
  DEviction Rate (evict/misses): 84%
  MC Transactions: 12,650,537
  MC Writes: 1,590,273
Avg. Transactions: 26% , Writes: 3%, Avg. Latency: 10
Max MC id: 24 of 32. Transactions: 29% , Writes: 4%, MC mean Latency: 10
HBM refresh energy (nJ): 4
HBM access energy (nJ): 23,965,177
MemC wire energy 2.5d (nJ): 4,004,456
MemC wire energy 3d (nJ): 1,001,114

---Energy---
Leakage Energy (nJ): 154,900
PU Dyn E (nJ): 7,281,874
Mem Dyn E (nJ): 45,013,028
Route Dyn E (nJ): 8,831,483
Dynamic Energy (nJ): 61,126,386
Ratio of Dyn/Leak: 395
Total Energy (nJ): 61,281,286
Total Energy (nJ) 3D: 64,662,460
Cores Energy (nJ): 7,286,052
Route Energy (nJ): 8,860,199
Route Energy (nJ) 3D: 15,244,715
Mem Energy   (nJ): 45,135,035
Mem Energy   (nJ) 3D: 42,131,693
Avg. Power (mW): 40,825.07
Power Density (mW/mm2): 49.58

---Runtime---
Runtime in K cycles: 1,501.07
Microseconds: 1,501.07
Time per iteration (ms): 1.50

---Throughput---
GOP/s (aka OPS/ns): 721.85
GOP/s per core: 0.70
FLOP/s: 85.71
FLOP/s per core: 0.08
Max Peak FLOP/s: 1,024.00
Avg. BW GB/s: 3,077.35
Max BW GB/s: 4,096.00

---Traffic---
In-Die bisection_bytes BW (GB/s): 256.00
Inter-board traffic (msg/ns): 0.00, per-link: 0.00
Inter-pack traffic (msg/ns): 0.00, per-link: 0.00
Inter-die traffic (msg/ns): 59.75, per-link: 0.23
Ruche traffic (msg/ns): 63.66, per-link: 0.25
All traffic (msg/ns): 2,380.89, per-link: 2.33
Inter-die reduction wrt all: 39.85
Inter-board reduction wrt inter-die: inf

---Data Movement---
All traffic (msg): 3,573,877,989
Arith. Intensity FLOP/Loads: 0.22
Arith. Intensity FLOP/Msgs: 0.04
Arith. Intensity OPS/Loads: 1.85
Arith. Intensity OPS/Msgs: 0.30



===Core Utilization Total=== CORE-S:15;; TIME K cy:1,500 ;; Nodes Proc: 591,281 -- Edges Proc: 17,071,046

===PRINTING FRAME STATS

FCollision In Avg:19, SD:29, Max:192, Min:0
FCollision Out Avg:18, SD:30, Max:132, Min:0
FCollision End Avg:8, SD:17, Max:110, Min:0
FTask1 Avg:7, SD:11, Max:46, Min:0
FTask2 Avg:13, SD:19, Max:75, Min:0
FTask3 Avg:32, SD:6, Max:76, Min:19
FCore Active Avg:54, SD:25, Max:100, Min:23
FRouter Active Avg:58, SD:14, Max:93, Min:12
T1 invocations: 217,703
T2 invocations: 282,016
T3 invocations: 6,318,403
T3b invocations: 0
Total3 invocations: 6,318,403
Total4 invocations: 19,268

T3/T2 ratio: 22
T3b/T3 ratio: 0

T1 avg ex cycles: 33
T2 avg ex cycles: 48
T3&b avg ex cycles: 5
T4 avg ex cycles: 107
Avg. hops NOC1: 3
Avg. latency NOC1 (T2): 4,263
Avg. hops NOC2: 13
Avg. latency NOC2 (T3): 2,234

===PRINTING ACUM STATS at pu_cycles: 1,600,666

ACollision In Avg:66, SD:24, Max:172, Min:13
ACollision Out Avg:61, SD:28, Max:129, Min:3
ACollision End Avg:18, SD:12, Max:95, Min:1
ATask1 Avg:14, SD:1, Max:16, Min:3
ATask2 Avg:18, SD:3, Max:23, Min:0
ATask3 Avg:45, SD:7, Max:91, Min:30
ACore Active Avg:78, SD:7, Max:100, Min:48
ARouter Active Avg:68, SD:5, Max:82, Min:29
T1 invocations: 5,668,836
T2 invocations: 5,263,646
T3 invocations: 134,832,861
T3b invocations: 0
Total3 invocations: 134,832,861
Total4 invocations: 99,218

T3/T2 ratio: 26
T3b/T3 ratio: 0

T1 avg ex cycles: 39
T2 avg ex cycles: 56
T3&b avg ex cycles: 6
T4 avg ex cycles: 202
Avg. hops NOC1: 3
Avg. latency NOC1 (T2): 9,570
Avg. hops NOC2: 13
Avg. latency NOC2 (T3): 5,104
Number of K Nodes Processed: 4,774
Number of K Edges Processed: 135,074
Node Re-explore factor: 1.14
Edge Re-explore factor: 1.05
Nodes/cy: 3
Edges/cy: 84
TEPS: 80

---DCache---
DCache Size: 28,448
DRAM words: 133,760
  DHits: 245,796,681
  DMisses: 11,440,574
  DHit Rate (hit/miss): 96%
  DEvictions: 9,704,236
  DEviction Rate (evict/misses): 85%
  MC Transactions: 13,246,806
  MC Writes: 1,662,112
Avg. Transactions: 26% , Writes: 3%, Avg. Latency: 10
Max MC id: 29 of 32. Transactions: 28% , Writes: 3%, MC mean Latency: 10
HBM refresh energy (nJ): 4
HBM access energy (nJ): 25,094,749
MemC wire energy 2.5d (nJ): 4,193,201
MemC wire energy 3d (nJ): 1,048,300

---Energy---
Leakage Energy (nJ): 165,177
PU Dyn E (nJ): 7,612,948
Mem Dyn E (nJ): 47,119,627
Route Dyn E (nJ): 9,247,471
Dynamic Energy (nJ): 63,980,046
Ratio of Dyn/Leak: 387
Total Energy (nJ): 64,145,223
Total Energy (nJ) 3D: 67,679,147
Cores Energy (nJ): 7,617,403
Route Energy (nJ): 9,278,092
Route Energy (nJ) 3D: 15,956,916
Mem Energy   (nJ): 47,249,729
Mem Energy   (nJ) 3D: 44,104,828
Avg. Power (mW): 40,074.08
Power Density (mW/mm2): 48.67

---Runtime---
Runtime in K cycles: 1,600.67
Microseconds: 1,600.67
Time per iteration (ms): 1.60

---Throughput---
GOP/s (aka OPS/ns): 706.91
GOP/s per core: 0.69
FLOP/s: 84.24
FLOP/s per core: 0.08
Max Peak FLOP/s: 1,024.00
Avg. BW GB/s: 3,018.04
Max BW GB/s: 4,096.00

---Traffic---
In-Die bisection_bytes BW (GB/s): 256.00
Inter-board traffic (msg/ns): 0.00, per-link: 0.00
Inter-pack traffic (msg/ns): 0.00, per-link: 0.00
Inter-die traffic (msg/ns): 58.74, per-link: 0.23
Ruche traffic (msg/ns): 62.71, per-link: 0.24
All traffic (msg/ns): 2,336.78, per-link: 2.28
Inter-die reduction wrt all: 39.78
Inter-board reduction wrt inter-die: inf

---Data Movement---
All traffic (msg): 3,740,400,637
Arith. Intensity FLOP/Loads: 0.22
Arith. Intensity FLOP/Msgs: 0.04
Arith. Intensity OPS/Loads: 1.85
Arith. Intensity OPS/Msgs: 0.30



===Core Utilization Total=== CORE-S:16;; TIME K cy:1,600 ;; Nodes Proc: 594,750 -- Edges Proc: 17,720,017

===PRINTING FRAME STATS

FCollision In Avg:11, SD:21, Max:179, Min:0
FCollision Out Avg:11, SD:23, Max:191, Min:0
FCollision End Avg:5, SD:14, Max:191, Min:0
FTask1 Avg:5, SD:10, Max:53, Min:0
FTask2 Avg:10, SD:18, Max:83, Min:0
FTask3 Avg:24, SD:5, Max:54, Min:14
FCore Active Avg:40, SD:25, Max:100, Min:15
FRouter Active Avg:45, SD:16, Max:93, Min:11
T1 invocations: 162,456
T2 invocations: 212,474
T3 invocations: 4,663,171
T3b invocations: 0
Total3 invocations: 4,663,171
Total4 invocations: 16,028

T3/T2 ratio: 22
T3b/T3 ratio: 0

T1 avg ex cycles: 33
T2 avg ex cycles: 47
T3&b avg ex cycles: 5
T4 avg ex cycles: 96
Avg. hops NOC1: 3
Avg. latency NOC1 (T2): 3,519
Avg. hops NOC2: 12
Avg. latency NOC2 (T3): 1,906

===PRINTING ACUM STATS at pu_cycles: 1,700,619

ACollision In Avg:62, SD:23, Max:172, Min:13
ACollision Out Avg:58, SD:27, Max:127, Min:2
ACollision End Avg:17, SD:11, Max:92, Min:1
ATask1 Avg:13, SD:1, Max:14, Min:4
ATask2 Avg:17, SD:2, Max:22, Min:0
ATask3 Avg:44, SD:7, Max:89, Min:29
ACore Active Avg:76, SD:7, Max:100, Min:47
ARouter Active Avg:67, SD:4, Max:81, Min:28
T1 invocations: 5,838,191
T2 invocations: 5,477,426
T3 invocations: 139,491,450
T3b invocations: 0
Total3 invocations: 139,491,450
Total4 invocations: 115,261

T3/T2 ratio: 25
T3b/T3 ratio: 0

T1 avg ex cycles: 39
T2 avg ex cycles: 55
T3&b avg ex cycles: 6
T4 avg ex cycles: 188
Avg. hops NOC1: 3
Avg. latency NOC1 (T2): 9,330
Avg. hops NOC2: 13
Avg. latency NOC2 (T3): 4,996
Number of K Nodes Processed: 4,792
Number of K Edges Processed: 139,647
Node Re-explore factor: 1.14
Edge Re-explore factor: 1.09
Nodes/cy: 3
Edges/cy: 82
TEPS: 75

---DCache---
DCache Size: 28,448
DRAM words: 133,760
  DHits: 254,514,530
  DMisses: 11,828,210
  DHit Rate (hit/miss): 96%
  DEvictions: 10,091,222
  DEviction Rate (evict/misses): 85%
  MC Transactions: 13,688,131
  MC Writes: 1,713,733
Avg. Transactions: 25% , Writes: 3%, Avg. Latency: 10
Max MC id: 29 of 32. Transactions: 27% , Writes: 3%, MC mean Latency: 10
HBM refresh energy (nJ): 5
HBM access energy (nJ): 25,930,795
MemC wire energy 2.5d (nJ): 4,332,900
MemC wire energy 3d (nJ): 1,083,225

---Energy---
Leakage Energy (nJ): 175,492
PU Dyn E (nJ): 7,865,067
Mem Dyn E (nJ): 48,694,900
Route Dyn E (nJ): 9,553,644
Dynamic Energy (nJ): 66,113,612
Ratio of Dyn/Leak: 377
Total Energy (nJ): 66,289,104
Total Energy (nJ) 3D: 69,934,237
Cores Energy (nJ): 7,869,800
Route Energy (nJ): 9,586,177
Route Energy (nJ) 3D: 16,480,985
Mem Energy   (nJ): 48,833,126
Mem Energy   (nJ) 3D: 45,583,451
Avg. Power (mW): 38,979.40
Power Density (mW/mm2): 47.34

---Runtime---
Runtime in K cycles: 1,700.62
Microseconds: 1,700.62
Time per iteration (ms): 1.70

---Throughput---
GOP/s (aka OPS/ns): 686.94
GOP/s per core: 0.67
FLOP/s: 82.02
FLOP/s per core: 0.08
Max Peak FLOP/s: 1,024.00
Avg. BW GB/s: 2,935.18
Max BW GB/s: 4,096.00

---Traffic---
In-Die bisection_bytes BW (GB/s): 256.00
Inter-board traffic (msg/ns): 0.00, per-link: 0.00
Inter-pack traffic (msg/ns): 0.00, per-link: 0.00
Inter-die traffic (msg/ns): 57.10, per-link: 0.22
Ruche traffic (msg/ns): 61.19, per-link: 0.24
All traffic (msg/ns): 2,271.56, per-link: 2.22
Inter-die reduction wrt all: 39.78
Inter-board reduction wrt inter-die: inf

---Data Movement---
All traffic (msg): 3,863,058,563
Arith. Intensity FLOP/Loads: 0.22
Arith. Intensity FLOP/Msgs: 0.04
Arith. Intensity OPS/Loads: 1.84
Arith. Intensity OPS/Msgs: 0.30



===Core Utilization Total=== CORE-S:17;; TIME K cy:1,700 ;; Nodes Proc: 597,040 -- Edges Proc: 18,106,891
======== IT IS COLD ======= Only 39 Tiles active

===PRINTING FRAME STATS

FCollision In Avg:4, SD:12, Max:102, Min:0
FCollision Out Avg:5, SD:15, Max:151, Min:0
FCollision End Avg:3, SD:10, Max:132, Min:0
FTask1 Avg:3, SD:9, Max:57, Min:0
FTask2 Avg:6, SD:15, Max:96, Min:0
FTask3 Avg:13, SD:3, Max:35, Min:4
FCore Active Avg:23, SD:21, Max:100, Min:9
FRouter Active Avg:27, SD:15, Max:86, Min:7
T1 invocations: 99,557
T2 invocations: 124,117
T3 invocations: 2,603,339
T3b invocations: 0
Total3 invocations: 2,603,339
Total4 invocations: 10,173

T3/T2 ratio: 21
T3b/T3 ratio: 0

T1 avg ex cycles: 33
T2 avg ex cycles: 46
T3&b avg ex cycles: 5
T4 avg ex cycles: 93
Avg. hops NOC1: 4
Avg. latency NOC1 (T2): 2,852
Avg. hops NOC2: 12
Avg. latency NOC2 (T3): 1,504

===PRINTING ACUM STATS at pu_cycles: 1,800,553

ACollision In Avg:59, SD:22, Max:162, Min:12
ACollision Out Avg:55, SD:25, Max:124, Min:2
ACollision End Avg:16, SD:11, Max:88, Min:1
ATask1 Avg:13, SD:1, Max:14, Min:5
ATask2 Avg:17, SD:2, Max:22, Min:0
ATask3 Avg:42, SD:7, Max:86, Min:28
ACore Active Avg:73, SD:7, Max:100, Min:50
ARouter Active Avg:65, SD:4, Max:79, Min:27
T1 invocations: 5,946,815
T2 invocations: 5,611,778
T3 invocations: 142,172,743
T3b invocations: 0
Total3 invocations: 142,172,743
Total4 invocations: 125,666

T3/T2 ratio: 25
T3b/T3 ratio: 0

T1 avg ex cycles: 39
T2 avg ex cycles: 55
T3&b avg ex cycles: 6
T4 avg ex cycles: 180
Avg. hops NOC1: 3
Avg. latency NOC1 (T2): 9,180
Avg. hops NOC2: 13
Avg. latency NOC2 (T3): 4,933
Number of K Nodes Processed: 4,803
Number of K Edges Processed: 142,209
Node Re-explore factor: 1.15
Edge Re-explore factor: 1.11
Nodes/cy: 3
Edges/cy: 79
TEPS: 71

---DCache---
DCache Size: 28,448
DRAM words: 133,760
  DHits: 259,608,064
  DMisses: 12,044,641
  DHit Rate (hit/miss): 96%
  DEvictions: 10,305,120
  DEviction Rate (evict/misses): 86%
  MC Transactions: 13,931,387
  MC Writes: 1,739,918
Avg. Transactions: 24% , Writes: 3%, Avg. Latency: 11
Max MC id: 29 of 32. Transactions: 25% , Writes: 3%, MC mean Latency: 10
HBM refresh energy (nJ): 5
HBM access energy (nJ): 26,391,619
MemC wire energy 2.5d (nJ): 4,409,901
MemC wire energy 3d (nJ): 1,102,475

---Energy---
Leakage Energy (nJ): 185,804
PU Dyn E (nJ): 8,013,628
Mem Dyn E (nJ): 49,589,565
Route Dyn E (nJ): 9,732,741
Dynamic Energy (nJ): 67,335,934
Ratio of Dyn/Leak: 362
Total Energy (nJ): 67,521,738
Total Energy (nJ) 3D: 71,237,118
Cores Energy (nJ): 8,018,639
Route Energy (nJ): 9,767,185
Route Energy (nJ) 3D: 16,789,991
Mem Energy   (nJ): 49,735,914
Mem Energy   (nJ) 3D: 46,428,488
Avg. Power (mW): 37,500.56
Power Density (mW/mm2): 45.54

---Runtime---
Runtime in K cycles: 1,800.55
Microseconds: 1,800.55
Time per iteration (ms): 1.80

---Throughput---
GOP/s (aka OPS/ns): 660.96
GOP/s per core: 0.65
FLOP/s: 78.96
FLOP/s per core: 0.08
Max Peak FLOP/s: 1,024.00
Avg. BW GB/s: 2,825.59
Max BW GB/s: 4,096.00

---Traffic---
In-Die bisection_bytes BW (GB/s): 256.00
Inter-board traffic (msg/ns): 0.00, per-link: 0.00
Inter-pack traffic (msg/ns): 0.00, per-link: 0.00
Inter-die traffic (msg/ns): 54.92, per-link: 0.21
Ruche traffic (msg/ns): 58.95, per-link: 0.23
All traffic (msg/ns): 2,185.47, per-link: 2.13
Inter-die reduction wrt all: 39.79
Inter-board reduction wrt inter-die: inf

---Data Movement---
All traffic (msg): 3,935,054,238
Arith. Intensity FLOP/Loads: 0.22
Arith. Intensity FLOP/Msgs: 0.04
Arith. Intensity OPS/Loads: 1.84
Arith. Intensity OPS/Msgs: 0.30



===Core Utilization Total=== CORE-S:18;; TIME K cy:1,800 ;; Nodes Proc: 598,377 -- Edges Proc: 18,249,800
======== IT IS COLD ======= Only 21 Tiles active

===PRINTING FRAME STATS

FCollision In Avg:1, SD:7, Max:94, Min:0
FCollision Out Avg:2, SD:9, Max:102, Min:0
FCollision End Avg:1, SD:4, Max:46, Min:0
FTask1 Avg:1, SD:5, Max:53, Min:0
FTask2 Avg:2, SD:8, Max:90, Min:0
FTask3 Avg:6, SD:2, Max:35, Min:3
FCore Active Avg:9, SD:12, Max:100, Min:3
FRouter Active Avg:12, SD:9, Max:65, Min:2
T1 invocations: 36,972
T2 invocations: 43,197
T3 invocations: 1,078,086
T3b invocations: 0
Total3 invocations: 1,078,086
Total4 invocations: 4,465

T3/T2 ratio: 25
T3b/T3 ratio: 0

T1 avg ex cycles: 34
T2 avg ex cycles: 44
T3&b avg ex cycles: 5
T4 avg ex cycles: 78
Avg. hops NOC1: 4
Avg. latency NOC1 (T2): 2,490
Avg. hops NOC2: 12
Avg. latency NOC2 (T3): 1,437

===PRINTING ACUM STATS at pu_cycles: 1,900,147

ACollision In Avg:56, SD:21, Max:154, Min:11
ACollision Out Avg:53, SD:24, Max:118, Min:2
ACollision End Avg:16, SD:10, Max:88, Min:1
ATask1 Avg:12, SD:0, Max:14, Min:5
ATask2 Avg:16, SD:1, Max:21, Min:0
ATask3 Avg:41, SD:7, Max:86, Min:27
ACore Active Avg:70, SD:6, Max:100, Min:48
ARouter Active Avg:62, SD:4, Max:76, Min:25
T1 invocations: 5,983,950
T2 invocations: 5,651,549
T3 invocations: 143,218,588
T3b invocations: 0
Total3 invocations: 143,218,588
Total4 invocations: 130,086

T3/T2 ratio: 25
T3b/T3 ratio: 0

T1 avg ex cycles: 39
T2 avg ex cycles: 55
T3&b avg ex cycles: 5
T4 avg ex cycles: 177
Avg. hops NOC1: 3
Avg. latency NOC1 (T2): 9,131
Avg. hops NOC2: 13
Avg. latency NOC2 (T3): 4,907
Number of K Nodes Processed: 4,807
Number of K Edges Processed: 143,236
Node Re-explore factor: 1.15
Edge Re-explore factor: 1.12
Nodes/cy: 3
Edges/cy: 75
TEPS: 68

---DCache---
DCache Size: 28,448
DRAM words: 133,760
  DHits: 261,696,400
  DMisses: 12,130,336
  DHit Rate (hit/miss): 96%
  DEvictions: 10,389,621
  DEviction Rate (evict/misses): 86%
  MC Transactions: 14,026,125
  MC Writes: 1,748,869
Avg. Transactions: 23% , Writes: 3%, Avg. Latency: 11
Max MC id: 29 of 32. Transactions: 24% , Writes: 3%, MC mean Latency: 10
HBM refresh energy (nJ): 5
HBM access energy (nJ): 26,571,091
MemC wire energy 2.5d (nJ): 4,439,890
MemC wire energy 3d (nJ): 1,109,973

---Energy---
Leakage Energy (nJ): 196,081
PU Dyn E (nJ): 8,068,455
Mem Dyn E (nJ): 49,923,160
Route Dyn E (nJ): 9,801,439
Dynamic Energy (nJ): 67,793,055
Ratio of Dyn/Leak: 346
Total Energy (nJ): 67,989,136
Total Energy (nJ) 3D: 71,728,917
Cores Energy (nJ): 8,073,744
Route Energy (nJ): 9,837,789
Route Energy (nJ) 3D: 16,907,488
Mem Energy   (nJ): 50,077,604
Mem Energy   (nJ) 3D: 46,747,687
Avg. Power (mW): 35,780.99
Power Density (mW/mm2): 43.45

---Runtime---
Runtime in K cycles: 1,900.15
Microseconds: 1,900.15
Time per iteration (ms): 1.90

---Throughput---
GOP/s (aka OPS/ns): 630.45
GOP/s per core: 0.62
FLOP/s: 75.37
FLOP/s per core: 0.07
Max Peak FLOP/s: 1,024.00
Avg. BW GB/s: 2,694.52
Max BW GB/s: 4,096.00

---Traffic---
In-Die bisection_bytes BW (GB/s): 256.00
Inter-board traffic (msg/ns): 0.00, per-link: 0.00
Inter-pack traffic (msg/ns): 0.00, per-link: 0.00
Inter-die traffic (msg/ns): 52.46, per-link: 0.20
Ruche traffic (msg/ns): 56.30, per-link: 0.22
All traffic (msg/ns): 2,085.08, per-link: 2.04
Inter-die reduction wrt all: 39.75
Inter-board reduction wrt inter-die: inf

---Data Movement---
All traffic (msg): 3,961,950,382
Arith. Intensity FLOP/Loads: 0.22
Arith. Intensity FLOP/Msgs: 0.04
Arith. Intensity OPS/Loads: 1.84
Arith. Intensity OPS/Msgs: 0.30



===Core Utilization Total=== CORE-S:19;; TIME K cy:1,900 ;; Nodes Proc: 598,894 -- Edges Proc: 18,275,718
======== IT IS COLD ======= Only 9 Tiles active

===PRINTING FRAME STATS

FCollision In Avg:0, SD:5, Max:94, Min:0
FCollision Out Avg:1, SD:7, Max:102, Min:0
FCollision End Avg:0, SD:4, Max:81, Min:0
FTask1 Avg:0, SD:3, Max:57, Min:0
FTask2 Avg:1, SD:7, Max:93, Min:0
FTask3 Avg:2, SD:1, Max:13, Min:1
FCore Active Avg:4, SD:9, Max:100, Min:1
FRouter Active Avg:5, SD:7, Max:52, Min:0
T1 invocations: 9,154
T2 invocations: 15,732
T3 invocations: 433,197
T3b invocations: 0
Total3 invocations: 433,197
Total4 invocations: 1,800

T3/T2 ratio: 28
T3b/T3 ratio: 0

T1 avg ex cycles: 35
T2 avg ex cycles: 57
T3&b avg ex cycles: 5
T4 avg ex cycles: 51
Avg. hops NOC1: 3
Avg. latency NOC1 (T2): 4,124
Avg. hops NOC2: 13
Avg. latency NOC2 (T3): 954

===PRINTING ACUM STATS at pu_cycles: 2,000,093

ACollision In Avg:53, SD:20, Max:146, Min:11
ACollision Out Avg:50, SD:23, Max:117, Min:2
ACollision End Avg:15, SD:10, Max:84, Min:1
ATask1 Avg:11, SD:0, Max:13, Min:5
ATask2 Avg:15, SD:1, Max:20, Min:1
ATask3 Avg:39, SD:6, Max:79, Min:26
ACore Active Avg:66, SD:6, Max:98, Min:46
ARouter Active Avg:59, SD:4, Max:73, Min:24
T1 invocations: 5,993,805
T2 invocations: 5,673,617
T3 invocations: 143,647,493
T3b invocations: 0
Total3 invocations: 143,647,493
Total4 invocations: 131,888

T3/T2 ratio: 25
T3b/T3 ratio: 0

T1 avg ex cycles: 39
T2 avg ex cycles: 55
T3&b avg ex cycles: 5
T4 avg ex cycles: 175
Avg. hops NOC1: 3
Avg. latency NOC1 (T2): 9,114
Avg. hops NOC2: 13
Avg. latency NOC2 (T3): 4,896
Number of K Nodes Processed: 4,809
Number of K Edges Processed: 143,655
Node Re-explore factor: 1.15
Edge Re-explore factor: 1.12
Nodes/cy: 2
Edges/cy: 72
TEPS: 64

---DCache---
DCache Size: 28,448
DRAM words: 133,760
  DHits: 262,543,607
  DMisses: 12,163,691
  DHit Rate (hit/miss): 96%
  DEvictions: 10,422,149
  DEviction Rate (evict/misses): 86%
  MC Transactions: 14,062,962
  MC Writes: 1,752,341
Avg. Transactions: 22% , Writes: 3%, Avg. Latency: 11
Max MC id: 29 of 32. Transactions: 23% , Writes: 3%, MC mean Latency: 10
HBM refresh energy (nJ): 5
HBM access energy (nJ): 26,640,875
MemC wire energy 2.5d (nJ): 4,451,551
MemC wire energy 3d (nJ): 1,112,888

---Energy---
Leakage Energy (nJ): 206,395
PU Dyn E (nJ): 8,091,477
Mem Dyn E (nJ): 50,066,215
Route Dyn E (nJ): 9,832,965
Dynamic Energy (nJ): 67,990,658
Ratio of Dyn/Leak: 329
Total Energy (nJ): 68,197,053
Total Energy (nJ) 3D: 71,949,500
Cores Energy (nJ): 8,097,044
Route Energy (nJ): 9,871,226
Route Energy (nJ) 3D: 16,962,337
Mem Energy   (nJ): 50,228,783
Mem Energy   (nJ) 3D: 46,890,120
Avg. Power (mW): 34,096.94
Power Density (mW/mm2): 41.41

---Runtime---
Runtime in K cycles: 2,000.09
Microseconds: 2,000.09
Time per iteration (ms): 2.00

---Throughput---
GOP/s (aka OPS/ns): 600.62
GOP/s per core: 0.59
FLOP/s: 71.82
FLOP/s per core: 0.07
Max Peak FLOP/s: 1,024.00
Avg. BW GB/s: 2,568.20
Max BW GB/s: 4,096.00

---Traffic---
In-Die bisection_bytes BW (GB/s): 256.00
Inter-board traffic (msg/ns): 0.00, per-link: 0.00
Inter-pack traffic (msg/ns): 0.00, per-link: 0.00
Inter-die traffic (msg/ns): 50.03, per-link: 0.20
Ruche traffic (msg/ns): 53.67, per-link: 0.21
All traffic (msg/ns): 1,986.93, per-link: 1.94
Inter-die reduction wrt all: 39.71
Inter-board reduction wrt inter-die: inf

---Data Movement---
All traffic (msg): 3,974,053,009
Arith. Intensity FLOP/Loads: 0.22
Arith. Intensity FLOP/Msgs: 0.04
Arith. Intensity OPS/Loads: 1.84
Arith. Intensity OPS/Msgs: 0.30



===Core Utilization Total=== CORE-S:20;; TIME K cy:2,000 ;; Nodes Proc: 599,104 -- Edges Proc: 18,275,962
======== IT IS COLD ======= Only 1 Tiles active

===PRINTING FRAME STATS

FCollision In Avg:0, SD:3, Max:98, Min:0
FCollision Out Avg:0, SD:3, Max:97, Min:0
FCollision End Avg:0, SD:1, Max:26, Min:0
FTask1 Avg:0, SD:2, Max:37, Min:0
FTask2 Avg:0, SD:3, Max:60, Min:0
FTask3 Avg:1, SD:1, Max:7, Min:0
FCore Active Avg:1, SD:4, Max:94, Min:0
FRouter Active Avg:2, SD:3, Max:31, Min:0
T1 invocations: 4,260
T2 invocations: 5,280
T3 invocations: 168,676
T3b invocations: 0
Total3 invocations: 168,676
Total4 invocations: 756

T3/T2 ratio: 32
T3b/T3 ratio: 0

T1 avg ex cycles: 34
T2 avg ex cycles: 49
T3&b avg ex cycles: 5
T4 avg ex cycles: 58
Avg. hops NOC1: 3
Avg. latency NOC1 (T2): 1,885
Avg. hops NOC2: 10
Avg. latency NOC2 (T3): 1,179

===PRINTING ACUM STATS at pu_cycles: 2,100,095

ACollision In Avg:51, SD:19, Max:139, Min:10
ACollision Out Avg:48, SD:22, Max:108, Min:2
ACollision End Avg:14, SD:9, Max:80, Min:1
ATask1 Avg:11, SD:0, Max:12, Min:5
ATask2 Avg:15, SD:1, Max:19, Min:1
ATask3 Avg:37, SD:6, Max:75, Min:24
ACore Active Avg:64, SD:6, Max:97, Min:46
ARouter Active Avg:57, SD:4, Max:69, Min:23
T1 invocations: 6,002,507
T2 invocations: 5,683,060
T3 invocations: 143,767,782
T3b invocations: 0
Total3 invocations: 143,767,782
Total4 invocations: 132,514

T3/T2 ratio: 25
T3b/T3 ratio: 0

T1 avg ex cycles: 39
T2 avg ex cycles: 55
T3&b avg ex cycles: 5
T4 avg ex cycles: 175
Avg. hops NOC1: 3
Avg. latency NOC1 (T2): 9,104
Avg. hops NOC2: 13
Avg. latency NOC2 (T3): 4,893
Number of K Nodes Processed: 4,810
Number of K Edges Processed: 143,785
Node Re-explore factor: 1.15
Edge Re-explore factor: 1.12
Nodes/cy: 2
Edges/cy: 68
TEPS: 61

---DCache---
DCache Size: 28,448
DRAM words: 133,760
  DHits: 262,807,969
  DMisses: 12,174,312
  DHit Rate (hit/miss): 96%
  DEvictions: 10,432,436
  DEviction Rate (evict/misses): 86%
  MC Transactions: 14,074,256
  MC Writes: 1,753,012
Avg. Transactions: 21% , Writes: 3%, Avg. Latency: 11
Max MC id: 29 of 32. Transactions: 22% , Writes: 3%, MC mean Latency: 10
HBM refresh energy (nJ): 6
HBM access energy (nJ): 26,662,270
MemC wire energy 2.5d (nJ): 4,455,126
MemC wire energy 3d (nJ): 1,113,781

---Energy---
Leakage Energy (nJ): 216,715
PU Dyn E (nJ): 8,099,577
Mem Dyn E (nJ): 50,113,138
Route Dyn E (nJ): 9,841,635
Dynamic Energy (nJ): 68,054,351
Ratio of Dyn/Leak: 314
Total Energy (nJ): 68,271,066
Total Energy (nJ) 3D: 72,027,111
Cores Energy (nJ): 8,105,422
Route Energy (nJ): 9,881,810
Route Energy (nJ) 3D: 16,979,200
Mem Energy   (nJ): 50,283,834
Mem Energy   (nJ) 3D: 46,942,490
Avg. Power (mW): 32,508.56
Power Density (mW/mm2): 39.48

---Runtime---
Runtime in K cycles: 2,100.09
Microseconds: 2,100.09
Time per iteration (ms): 2.10

---Throughput---
GOP/s (aka OPS/ns): 572.63
GOP/s per core: 0.56
FLOP/s: 68.46
FLOP/s per core: 0.07
Max Peak FLOP/s: 1,024.00
Avg. BW GB/s: 2,448.78
Max BW GB/s: 4,096.00

---Traffic---
In-Die bisection_bytes BW (GB/s): 256.00
Inter-board traffic (msg/ns): 0.00, per-link: 0.00
Inter-pack traffic (msg/ns): 0.00, per-link: 0.00
Inter-die traffic (msg/ns): 47.69, per-link: 0.19
Ruche traffic (msg/ns): 51.15, per-link: 0.20
All traffic (msg/ns): 1,893.98, per-link: 1.85
Inter-die reduction wrt all: 39.71
Inter-board reduction wrt inter-die: inf

---Data Movement---
All traffic (msg): 3,977,547,822
Arith. Intensity FLOP/Loads: 0.22
Arith. Intensity FLOP/Msgs: 0.04
Arith. Intensity OPS/Loads: 1.84
Arith. Intensity OPS/Msgs: 0.30



===Core Utilization Total=== CORE-S:21;; TIME K cy:2,100 ;; Nodes Proc: 599,219 -- Edges Proc: 18,276,075
======== IT IS COLD ======= Only 0 Tiles active

===PRINTING FRAME STATS

FCollision In Avg:0, SD:3, Max:99, Min:0
FCollision Out Avg:0, SD:5, Max:99, Min:0
FCollision End Avg:0, SD:1, Max:16, Min:0
FTask1 Avg:0, SD:1, Max:37, Min:0
FTask2 Avg:0, SD:2, Max:47, Min:0
FTask3 Avg:0, SD:0, Max:7, Min:0
FCore Active Avg:1, SD:3, Max:54, Min:0
FRouter Active Avg:1, SD:3, Max:42, Min:0
T1 invocations: 2,693
T2 invocations: 2,384
T3 invocations: 86,829
T3b invocations: 0
Total3 invocations: 86,829
Total4 invocations: 430

T3/T2 ratio: 36
T3b/T3 ratio: 0

T1 avg ex cycles: 34
T2 avg ex cycles: 43
T3&b avg ex cycles: 5
T4 avg ex cycles: 64
Avg. hops NOC1: 4
Avg. latency NOC1 (T2): 2,359
Avg. hops NOC2: 11
Avg. latency NOC2 (T3): 2,393

===PRINTING ACUM STATS at pu_cycles: 2,200,032

ACollision In Avg:49, SD:18, Max:133, Min:10
ACollision Out Avg:46, SD:21, Max:103, Min:2
ACollision End Avg:14, SD:9, Max:77, Min:1
ATask1 Avg:11, SD:0, Max:12, Min:6
ATask2 Avg:14, SD:1, Max:18, Min:1
ATask3 Avg:36, SD:6, Max:72, Min:23
ACore Active Avg:62, SD:6, Max:93, Min:44
ARouter Active Avg:55, SD:4, Max:66, Min:22
T1 invocations: 6,003,164
T2 invocations: 5,684,407
T3 invocations: 143,811,345
T3b invocations: 0
Total3 invocations: 143,811,345
Total4 invocations: 132,723

T3/T2 ratio: 25
T3b/T3 ratio: 0

T1 avg ex cycles: 39
T2 avg ex cycles: 55
T3&b avg ex cycles: 5
T4 avg ex cycles: 175
Avg. hops NOC1: 3
Avg. latency NOC1 (T2): 9,104
Avg. hops NOC2: 13
Avg. latency NOC2 (T3): 4,892
Number of K Nodes Processed: 4,810
Number of K Edges Processed: 143,828
Node Re-explore factor: 1.15
Edge Re-explore factor: 1.12
Nodes/cy: 2
Edges/cy: 65
TEPS: 58

---DCache---
DCache Size: 28,448
DRAM words: 133,760
  DHits: 262,895,858
  DMisses: 12,177,858
  DHit Rate (hit/miss): 96%
  DEvictions: 10,435,354
  DEviction Rate (evict/misses): 86%
  MC Transactions: 14,078,292
  MC Writes: 1,753,502
Avg. Transactions: 20% , Writes: 2%, Avg. Latency: 11
Max MC id: 29 of 32. Transactions: 21% , Writes: 3%, MC mean Latency: 10
HBM refresh energy (nJ): 6
HBM access energy (nJ): 26,669,916
MemC wire energy 2.5d (nJ): 4,456,403
MemC wire energy 3d (nJ): 1,114,101

---Energy---
Leakage Energy (nJ): 227,027
PU Dyn E (nJ): 8,101,828
Mem Dyn E (nJ): 50,128,158
Route Dyn E (nJ): 9,845,123
Dynamic Energy (nJ): 68,075,110
Ratio of Dyn/Leak: 300
Total Energy (nJ): 68,302,137
Total Energy (nJ) 3D: 72,060,104
Cores Energy (nJ): 8,107,951
Route Energy (nJ): 9,887,210
Route Energy (nJ) 3D: 16,987,479
Mem Energy   (nJ): 50,306,977
Mem Energy   (nJ) 3D: 46,964,674
Avg. Power (mW): 31,045.97
Power Density (mW/mm2): 37.70

---Runtime---
Runtime in K cycles: 2,200.03
Microseconds: 2,200.03
Time per iteration (ms): 2.20

---Throughput---
GOP/s (aka OPS/ns): 546.77
GOP/s per core: 0.53
FLOP/s: 65.37
FLOP/s per core: 0.06
Max Peak FLOP/s: 1,024.00
Avg. BW GB/s: 2,338.29
Max BW GB/s: 4,096.00

---Traffic---
In-Die bisection_bytes BW (GB/s): 256.00
Inter-board traffic (msg/ns): 0.00, per-link: 0.00
Inter-pack traffic (msg/ns): 0.00, per-link: 0.00
Inter-die traffic (msg/ns): 45.54, per-link: 0.18
Ruche traffic (msg/ns): 48.84, per-link: 0.19
All traffic (msg/ns): 1,808.63, per-link: 1.77
Inter-die reduction wrt all: 39.72
Inter-board reduction wrt inter-die: inf

---Data Movement---
All traffic (msg): 3,979,047,543
Arith. Intensity FLOP/Loads: 0.22
Arith. Intensity FLOP/Msgs: 0.04
Arith. Intensity OPS/Loads: 1.84
Arith. Intensity OPS/Msgs: 0.30



===Core Utilization Total=== CORE-S:22;; TIME K cy:2,200 ;; Nodes Proc: 599,288 -- Edges Proc: 18,276,145
======== IT IS COLD ======= Only 0 Tiles active

===PRINTING FRAME STATS

FCollision In Avg:0, SD:5, Max:100, Min:0
FCollision Out Avg:2, SD:10, Max:100, Min:0
FCollision End Avg:0, SD:3, Max:100, Min:0
FTask1 Avg:0, SD:0, Max:2, Min:0
FTask2 Avg:0, SD:1, Max:19, Min:0
FTask3 Avg:0, SD:0, Max:1, Min:0
FCore Active Avg:0, SD:1, Max:19, Min:0
FRouter Active Avg:0, SD:1, Max:9, Min:0
T1 invocations: 152
T2 invocations: 247
T3 invocations: 8,805
T3b invocations: 0
Total3 invocations: 8,805
Total4 invocations: 71

T3/T2 ratio: 36
T3b/T3 ratio: 0

T1 avg ex cycles: 38
T2 avg ex cycles: 87
T3&b avg ex cycles: 5
T4 avg ex cycles: 27
Avg. hops NOC1: 2
Avg. latency NOC1 (T2): 18,162
Avg. hops NOC2: 20
Avg. latency NOC2 (T3): 4,553

===PRINTING ACUM STATS at pu_cycles: 2,306,386

ACollision In Avg:46, SD:17, Max:127, Min:9
ACollision Out Avg:44, SD:20, Max:99, Min:2
ACollision End Avg:13, SD:8, Max:73, Min:1
ATask1 Avg:10, SD:0, Max:11, Min:5
ATask2 Avg:13, SD:1, Max:17, Min:6
ATask3 Avg:34, SD:6, Max:69, Min:22
ACore Active Avg:58, SD:5, Max:89, Min:45
ARouter Active Avg:52, SD:4, Max:63, Min:21
T1 invocations: 6,003,497
T2 invocations: 5,685,486
T3 invocations: 143,837,395
T3b invocations: 0
Total3 invocations: 143,837,395
Total4 invocations: 132,891

T3/T2 ratio: 25
T3b/T3 ratio: 0

T1 avg ex cycles: 39
T2 avg ex cycles: 55
T3&b avg ex cycles: 5
T4 avg ex cycles: 175
Avg. hops NOC1: 3
Avg. latency NOC1 (T2): 9,105
Avg. hops NOC2: 13
Avg. latency NOC2 (T3): 4,892
Number of K Nodes Processed: 4,810
Number of K Edges Processed: 143,837
Node Re-explore factor: 1.15
Edge Re-explore factor: 1.12
Nodes/cy: 2
Edges/cy: 62
TEPS: 56

---DCache---
DCache Size: 28,448
DRAM words: 133,760
  DHits: 262,914,056
  DMisses: 12,178,548
  DHit Rate (hit/miss): 96%
  DEvictions: 10,436,044
  DEviction Rate (evict/misses): 86%
  MC Transactions: 14,079,027
  MC Writes: 1,753,547
Avg. Transactions: 19% , Writes: 2%, Avg. Latency: 11
Max MC id: 29 of 32. Transactions: 20% , Writes: 2%, MC mean Latency: 10
HBM refresh energy (nJ): 6
HBM access energy (nJ): 26,671,308
MemC wire energy 2.5d (nJ): 4,456,636
MemC wire energy 3d (nJ): 1,114,159

---Energy---
Leakage Energy (nJ): 238,002
PU Dyn E (nJ): 8,103,254
Mem Dyn E (nJ): 50,133,714
Route Dyn E (nJ): 9,846,474
Dynamic Energy (nJ): 68,083,442
Ratio of Dyn/Leak: 286
Total Energy (nJ): 68,321,444
Total Energy (nJ) 3D: 72,080,383
Cores Energy (nJ): 8,109,673
Route Energy (nJ): 9,890,595
Route Energy (nJ) 3D: 16,992,011
Mem Energy   (nJ): 50,321,177
Mem Energy   (nJ) 3D: 46,978,700
Avg. Power (mW): 29,622.73
Power Density (mW/mm2): 35.97

---Runtime---
Runtime in K cycles: 2,306.39
Microseconds: 2,306.39
Time per iteration (ms): 2.31

---Throughput---
GOP/s (aka OPS/ns): 521.64
GOP/s per core: 0.51
FLOP/s: 62.36
FLOP/s per core: 0.06
Max Peak FLOP/s: 1,024.00
Avg. BW GB/s: 2,230.98
Max BW GB/s: 4,096.00

---Traffic---
In-Die bisection_bytes BW (GB/s): 256.00
Inter-board traffic (msg/ns): 0.00, per-link: 0.00
Inter-pack traffic (msg/ns): 0.00, per-link: 0.00
Inter-die traffic (msg/ns): 43.44, per-link: 0.17
Ruche traffic (msg/ns): 46.59, per-link: 0.18
All traffic (msg/ns): 1,725.49, per-link: 1.69
Inter-die reduction wrt all: 39.72
Inter-board reduction wrt inter-die: inf

---Data Movement---
All traffic (msg): 3,979,644,865
Arith. Intensity FLOP/Loads: 0.22
Arith. Intensity FLOP/Msgs: 0.04
Arith. Intensity OPS/Loads: 1.84
Arith. Intensity OPS/Msgs: 0.30



===Core Utilization Total=== CORE-S:23;; TIME K cy:2,300 ;; Nodes Proc: 599,302 -- Edges Proc: 18,276,160
======== IT IS COLD ======= Only 0 Tiles active

===PRINTING FRAME STATS

FCollision In Avg:0, SD:5, Max:94, Min:0
FCollision Out Avg:1, SD:7, Max:100, Min:0
FCollision End Avg:0, SD:3, Max:100, Min:0
FTask1 Avg:0, SD:0, Max:10, Min:0
FTask2 Avg:0, SD:1, Max:19, Min:0
FTask3 Avg:0, SD:0, Max:1, Min:0
FCore Active Avg:0, SD:1, Max:19, Min:0
FRouter Active Avg:0, SD:2, Max:24, Min:0
T1 invocations: 548
T2 invocations: 576
T3 invocations: 33,026
T3b invocations: 0
Total3 invocations: 33,026
Total4 invocations: 163

T3/T2 ratio: 57
T3b/T3 ratio: 0

T1 avg ex cycles: 36
T2 avg ex cycles: 69
T3&b avg ex cycles: 5
T4 avg ex cycles: 39
Avg. hops NOC1: 4
Avg. latency NOC1 (T2): 8,772
Avg. hops NOC2: 14
Avg. latency NOC2 (T3): 1,452

===PRINTING ACUM STATS at pu_cycles: 2,400,112

ACollision In Avg:44, SD:16, Max:122, Min:9
ACollision Out Avg:42, SD:19, Max:95, Min:2
ACollision End Avg:12, SD:8, Max:70, Min:1
ATask1 Avg:10, SD:0, Max:10, Min:6
ATask2 Avg:13, SD:1, Max:17, Min:6
ATask3 Avg:32, SD:5, Max:66, Min:21
ACore Active Avg:55, SD:5, Max:85, Min:44
ARouter Active Avg:49, SD:4, Max:61, Min:20
T1 invocations: 6,004,045
T2 invocations: 5,685,921
T3 invocations: 143,870,421
T3b invocations: 0
Total3 invocations: 143,870,421
Total4 invocations: 133,054

T3/T2 ratio: 25
T3b/T3 ratio: 0

T1 avg ex cycles: 39
T2 avg ex cycles: 55
T3&b avg ex cycles: 5
T4 avg ex cycles: 174
Avg. hops NOC1: 3
Avg. latency NOC1 (T2): 9,105
Avg. hops NOC2: 13
Avg. latency NOC2 (T3): 4,891
Number of K Nodes Processed: 4,811
Number of K Edges Processed: 143,870
Node Re-explore factor: 1.15
Edge Re-explore factor: 1.12
Nodes/cy: 2
Edges/cy: 60
TEPS: 53

---DCache---
DCache Size: 28,448
DRAM words: 133,760
  DHits: 262,979,194
  DMisses: 12,181,330
  DHit Rate (hit/miss): 96%
  DEvictions: 10,438,826
  DEviction Rate (evict/misses): 86%
  MC Transactions: 14,081,953
  MC Writes: 1,753,691
Avg. Transactions: 18% , Writes: 2%, Avg. Latency: 11
Max MC id: 29 of 32. Transactions: 19% , Writes: 2%, MC mean Latency: 10
HBM refresh energy (nJ): 7
HBM access energy (nJ): 26,676,851
MemC wire energy 2.5d (nJ): 4,457,562
MemC wire energy 3d (nJ): 1,114,391

---Energy---
Leakage Energy (nJ): 247,674
PU Dyn E (nJ): 8,104,785
Mem Dyn E (nJ): 50,143,373
Route Dyn E (nJ): 9,849,011
Dynamic Energy (nJ): 68,097,169
Ratio of Dyn/Leak: 275
Total Energy (nJ): 68,344,843
Total Energy (nJ) 3D: 72,104,747
Cores Energy (nJ): 8,111,465
Route Energy (nJ): 9,894,925
Route Energy (nJ) 3D: 16,998,001
Mem Energy   (nJ): 50,338,454
Mem Energy   (nJ) 3D: 46,995,282
Avg. Power (mW): 28,475.69
Power Density (mW/mm2): 34.58

---Runtime---
Runtime in K cycles: 2,400.11
Microseconds: 2,400.11
Time per iteration (ms): 2.40

---Throughput---
GOP/s (aka OPS/ns): 501.36
GOP/s per core: 0.49
FLOP/s: 59.94
FLOP/s per core: 0.06
Max Peak FLOP/s: 1,024.00
Avg. BW GB/s: 2,144.19
Max BW GB/s: 4,096.00

---Traffic---
In-Die bisection_bytes BW (GB/s): 256.00
Inter-board traffic (msg/ns): 0.00, per-link: 0.00
Inter-pack traffic (msg/ns): 0.00, per-link: 0.00
Inter-die traffic (msg/ns): 41.76, per-link: 0.16
Ruche traffic (msg/ns): 44.78, per-link: 0.17
All traffic (msg/ns): 1,658.50, per-link: 1.62
Inter-die reduction wrt all: 39.71
Inter-board reduction wrt inter-die: inf

---Data Movement---
All traffic (msg): 3,980,589,900
Arith. Intensity FLOP/Loads: 0.22
Arith. Intensity FLOP/Msgs: 0.04
Arith. Intensity OPS/Loads: 1.84
Arith. Intensity OPS/Msgs: 0.30



===Core Utilization Total=== CORE-S:24;; TIME K cy:2,400 ;; Nodes Proc: 599,338 -- Edges Proc: 18,276,199
======== IT IS COLD ======= Only 1 Tiles active

===PRINTING FRAME STATS

FCollision In Avg:0, SD:4, Max:94, Min:0
FCollision Out Avg:1, SD:7, Max:95, Min:0
FCollision End Avg:0, SD:3, Max:95, Min:0
FTask1 Avg:0, SD:0, Max:10, Min:0
FTask2 Avg:0, SD:2, Max:53, Min:0
FTask3 Avg:0, SD:0, Max:1, Min:0
FCore Active Avg:0, SD:2, Max:53, Min:0
FRouter Active Avg:1, SD:2, Max:26, Min:0
T1 invocations: 613
T2 invocations: 903
T3 invocations: 61,438
T3b invocations: 0
Total3 invocations: 61,438
Total4 invocations: 286

T3/T2 ratio: 68
T3b/T3 ratio: 0

T1 avg ex cycles: 38
T2 avg ex cycles: 84
T3&b avg ex cycles: 5
T4 avg ex cycles: 27
Avg. hops NOC1: 3
Avg. latency NOC1 (T2): 23,846
Avg. hops NOC2: 10
Avg. latency NOC2 (T3): 249

===PRINTING ACUM STATS at pu_cycles: 2,500,245

ACollision In Avg:43, SD:16, Max:117, Min:9
ACollision Out Avg:41, SD:19, Max:94, Min:2
ACollision End Avg:12, SD:8, Max:70, Min:1
ATask1 Avg:9, SD:0, Max:10, Min:6
ATask2 Avg:12, SD:1, Max:17, Min:8
ATask3 Avg:31, SD:5, Max:66, Min:21
ACore Active Avg:54, SD:5, Max:85, Min:42
ARouter Active Avg:48, SD:4, Max:61, Min:19
T1 invocations: 6,004,319
T2 invocations: 5,686,619
T3 invocations: 143,934,827
T3b invocations: 0
Total3 invocations: 143,934,827
Total4 invocations: 133,328

T3/T2 ratio: 25
T3b/T3 ratio: 0

T1 avg ex cycles: 39
T2 avg ex cycles: 55
T3&b avg ex cycles: 5
T4 avg ex cycles: 174
Avg. hops NOC1: 3
Avg. latency NOC1 (T2): 9,107
Avg. hops NOC2: 13
Avg. latency NOC2 (T3): 4,889
Number of K Nodes Processed: 4,811
Number of K Edges Processed: 143,957
Node Re-explore factor: 1.15
Edge Re-explore factor: 1.12
Nodes/cy: 2
Edges/cy: 58
TEPS: 51

---DCache---
DCache Size: 28,448
DRAM words: 133,760
  DHits: 263,155,317
  DMisses: 12,187,864
  DHit Rate (hit/miss): 96%
  DEvictions: 10,445,360
  DEviction Rate (evict/misses): 86%
  MC Transactions: 14,089,097
  MC Writes: 1,754,301
Avg. Transactions: 18% , Writes: 2%, Avg. Latency: 11
Max MC id: 29 of 32. Transactions: 18% , Writes: 2%, MC mean Latency: 10
HBM refresh energy (nJ): 7
HBM access energy (nJ): 26,690,385
MemC wire energy 2.5d (nJ): 4,459,824
MemC wire energy 3d (nJ): 1,114,956

---Energy---
Leakage Energy (nJ): 258,007
PU Dyn E (nJ): 8,107,649
Mem Dyn E (nJ): 50,166,256
Route Dyn E (nJ): 9,851,766
Dynamic Energy (nJ): 68,125,671
Ratio of Dyn/Leak: 264
Total Energy (nJ): 68,383,678
Total Energy (nJ) 3D: 72,142,905
Cores Energy (nJ): 8,114,608
Route Energy (nJ): 9,899,596
Route Energy (nJ) 3D: 17,003,690
Mem Energy   (nJ): 50,369,475
Mem Energy   (nJ) 3D: 47,024,608
Avg. Power (mW): 27,350.79
Power Density (mW/mm2): 33.22

---Runtime---
Runtime in K cycles: 2,500.24
Microseconds: 2,500.24
Time per iteration (ms): 2.50

---Throughput---
GOP/s (aka OPS/ns): 481.43
GOP/s per core: 0.47
FLOP/s: 57.57
FLOP/s per core: 0.06
Max Peak FLOP/s: 1,024.00
Avg. BW GB/s: 2,058.97
Max BW GB/s: 4,096.00

---Traffic---
In-Die bisection_bytes BW (GB/s): 256.00
Inter-board traffic (msg/ns): 0.00, per-link: 0.00
Inter-pack traffic (msg/ns): 0.00, per-link: 0.00
Inter-die traffic (msg/ns): 40.12, per-link: 0.16
Ruche traffic (msg/ns): 43.01, per-link: 0.17
All traffic (msg/ns): 1,592.43, per-link: 1.56
Inter-die reduction wrt all: 39.69
Inter-board reduction wrt inter-die: inf

---Data Movement---
All traffic (msg): 3,981,476,637
Arith. Intensity FLOP/Loads: 0.22
Arith. Intensity FLOP/Msgs: 0.04
Arith. Intensity OPS/Loads: 1.84
Arith. Intensity OPS/Msgs: 0.30



===Core Utilization Total=== CORE-S:25;; TIME K cy:2,500 ;; Nodes Proc: 599,396 -- Edges Proc: 18,276,245
======== IT IS COLD ======= Only 0 Tiles active
Epoch Done Router: 7
Epoch Done Router: 6
##EPOCH## 1 COMPLETED at Time (K cy): 2,502
Nodes processed until now: 4,811,438
Edges processed until now: 143,957,901
Epoch Done Router: 3
Epoch Done Router: 5
Epoch Done Router: 4
Epoch Done Router: 1
Epoch Done Router: 0
Epoch Done Router: 2
Program Done Router Thread: 2
Program Done Worker Thread: 0
Program Done Router Thread: 1
Program Done Worker Thread: 6
Program Done Router Thread: 4
Program Done Router Thread: 7
Program Done Worker Thread: 2
Program Done Router Thread: 5
Program Done Worker Thread: 3
Program Done Router Thread: 6
Program Done Worker Thread: 1
Program Done Worker Thread: 7
Program Done Worker Thread: 5
Program Done Worker Thread: 4
Program Done Router Thread: 3
Program Done Router Thread: 0

===PRINTING ACUM STATS at pu_cycles: 2,502,706

ACollision In Avg:43, SD:16, Max:117, Min:9
ACollision Out Avg:40, SD:18, Max:91, Min:2
ACollision End Avg:12, SD:8, Max:68, Min:1
ATask1 Avg:9, SD:0, Max:10, Min:8
ATask2 Avg:12, SD:1, Max:16, Min:10
ATask3 Avg:31, SD:5, Max:63, Min:21
ACore Active Avg:53, SD:5, Max:84, Min:42
ARouter Active Avg:47, SD:3, Max:59, Min:19
T1 invocations: 6,006,603
T2 invocations: 5,689,887
T3 invocations: 143,957,901
T3b invocations: 0
Total3 invocations: 143,957,901
Total4 invocations: 133,466

T3/T2 ratio: 25
T3b/T3 ratio: 0

T1 avg ex cycles: 39
T2 avg ex cycles: 55
T3&b avg ex cycles: 5
T4 avg ex cycles: 174
Avg. hops NOC1: 3
Avg. latency NOC1 (T2): 9,104
Avg. hops NOC2: 13
Avg. latency NOC2 (T3): 4,888

Runtime at program end in K cycles: 2,502
Runtime before cooldown in K cycles: 1,600


Number of K Nodes Processed: 4,811
Number of K Edges Processed: 143,957
Node Re-explore factor: 1.15
Edge Re-explore factor: 1.12
Nodes/cy: 2
Edges/cy: 58
TEPS: 51

---DCache---
DCache Size: 28,448
DRAM words: 133,760
  DHits: 263,156,713
  DMisses: 12,187,919
  DHit Rate (hit/miss): 96%
  DEvictions: 10,445,415
  DEviction Rate (evict/misses): 86%
  MC Transactions: 14,089,152
  MC Writes: 1,754,301
Avg. Transactions: 18% , Writes: 2%, Avg. Latency: 11
Max MC id: 29 of 32. Transactions: 18% , Writes: 2%, MC mean Latency: 10
HBM refresh energy (nJ): 7
HBM access energy (nJ): 26,690,489
MemC wire energy 2.5d (nJ): 4,459,841
MemC wire energy 3d (nJ): 1,114,960

---Energy---
Leakage Energy (nJ): 258,261
PU Dyn E (nJ): 8,109,541
Mem Dyn E (nJ): 50,171,701
Route Dyn E (nJ): 9,855,066
Dynamic Energy (nJ): 68,136,309
Ratio of Dyn/Leak: 264
Total Energy (nJ): 68,394,570
Total Energy (nJ) 3D: 72,157,201
Cores Energy (nJ): 8,116,506
Route Energy (nJ): 9,902,943
Route Energy (nJ) 3D: 17,010,454
Mem Energy   (nJ): 50,375,121
Mem Energy   (nJ) 3D: 47,030,241
Avg. Power (mW): 27,328.25
Power Density (mW/mm2): 33.19

---Runtime---
Runtime in K cycles: 2,502.71
Microseconds: 2,502.71
Time per iteration (ms): 2.50

---Inst---
K Loads: 653,427
K Stores: 633,977
K Instructions: 1,204,010

---Throughput---
GOP/s (aka OPS/ns): 481.08
GOP/s per core: 0.47
FLOP/s: 57.52
FLOP/s per core: 0.06
Max Peak FLOP/s: 1,024.00
Avg. BW GB/s: 2,057.62
Max BW GB/s: 4,096.00

---Traffic---
In-Die bisection_bytes BW (GB/s): 256.00
Inter-board traffic (msg/ns): 0.00, per-link: 0.00
Inter-pack traffic (msg/ns): 0.00, per-link: 0.00
Inter-die traffic (msg/ns): 40.08, per-link: 0.16
Ruche traffic (msg/ns): 42.97, per-link: 0.17
All traffic (msg/ns): 1,591.49, per-link: 1.55
Inter-die reduction wrt all: 39.71
Inter-board reduction wrt inter-die: inf

---Data Movement---
All traffic (msg): 3,983,034,963
Arith. Intensity FLOP/Loads: 0.22
Arith. Intensity FLOP/Msgs: 0.04
Arith. Intensity OPS/Loads: 1.84
Arith. Intensity OPS/Msgs: 0.30

Simulation time: 303.80
Sim noc_cy/s: 8,238.08
Sim Msg/s: 13,110,836.89

Version 31

