Dataset:  Kron22/
Dry run: 0
Open Edge Count File succesfully
Edges Traversed BFS: 128309848
Found Vertices: 4194304, Edges: 128311436
avg degree 31
Array  Kron22/node_array.bin found
Malloc array of size 16777220 bytes
Readin array of size 16777216 bytes
Finished Reading Array Bytes
No reordering Array 32bit
Array  Kron22/edge_array.bin found
Malloc array of size 513245744 bytes
Readin array of size 513245744 bytes
Finished Reading Array Bytes
No reordering Array 32bit
Reading graph elapsed time: 0.114905s

Dataset Footprint: 505 MiB
Dataset Footprint per Board: 4240.44 Mb
Dataset injection time (ms): 0.258816
Max Dataset Footprint: 1026 MiB

Dataset footprint per tile: 505 KiB
Proxys footprint per tile: 0 KiB
Reserved SRAM per tile: 4 KiB

Ideal SRAM per tile: 509 KiB
reserved_words_for_dataset:6303
dataset_words_per_tile:129408
remaining_sram_words:31518
min_dcache_sram_words_required:6386
dataset_words_per_tile:129408
min_pcache_sram_words_required:0
proxys_words_per_tile:0
Dcache footprint ratio: 5
Dataset Cached: 1
DCache: 31152 words, lines: 1947, sets: 1947
Proxys Cached: 0
Pcache: 0 words, sets: 0
Node per tile: 4,096
Edge per tile: 125,305
GRID_X: 32
GRID_SIZE: 1,024
smt_per_tile: 1
noc_freq: 1
pu_freq: 1
RUCHE_X: 0
PROXY_W: 32
DIE_W: 32
DIE_H: 32
DIES: 1
BORDER_TILES_PER_DIE: 128
PACK_W: 32
PACK_H: 32
DIES_PACK_FACTOR: 1
DIES_PER_PACK: 1
PACKAGES: 1
BOARD_W: 32
BOARD_H: 32
BOARDS: 1
MUX_BUS: 1
DCACHE: 1
PCACHE: 0
PROXY_FACTOR: 1
CACHE_WAYS: 1
TORUS: 1
PHY_NOCS: 1
WIDE_NOC_ID: 0
NOC_CONF: 1
noc_width: 32
hbm_channel_bit_width: 512
ld_st_op_byte_width: 4
PROXY_ROUTING: 0
WRITE_THROUGH: 0
ASSERT_MODE: 0
GLOBAL_BARRIER: 0
OQ flits: 6 ; 64 ; 2
IQ flits: 6 ; 1,024 ; 32
OQ messages: 2 ; 32 ; 1
IQ messages: 2 ; 512 ; 16
max_task2 size: 64
io_factor_t2: 16
io_factor_t3: 16
io_factor_t3b: 16

Active SRAM Storage per tile: 127 KiB
Total SRAM Storage per tile: 128 KiB
Agreggated SRAM Storage: 128 MiB

Active DRAM Storage per tile: 0.493164 MiB
Total DRAM Storage per tile: 8 MiB
Agreggated DRAM Storage: 8 GiB

Inter-Die #links: 1,024
Inter-Die (Gbits): 32,768
Inter-Die (Gbits/mm): 678.587
Bisection BW of Board (Gbits): 8,192
Border IO #Dies: 4
Border IO Die BW (Gbits): 4,096
Off-Board BW Total (Gbits): 16,384
Off-Board BW Density (Gbits/mm): 223
Die side: 12.07 mm
Die border wire density: 678.59 Gbits/mm
HBM wire density: 339.29 Gbits/mm

Tiles per Die: 1,024 (32x32)
Tile Area: 0.09 mm2, side: 0.30 mm
- Core/Rout Area: 0.05 mm2
- SRAM Area: 0.04 mm2
- SRAM/Logic Ratio: 0.70x

Dies per Package: 1 (1x1)
Die Area: 145.74 mm2, side: 12.07 mm
- Tiles Area: 89.25 mm2
- PHY Area: 47.49 mm2
- MC Area: 9.00 mm2

Packages per Board: 1 (1x1)
Package Area: 335.74 mm2, side: 18.32 mm
- IOdie Area: 80.00 mm2
- Dies Area: 145.74 mm2
- HBM Area: 110.00 mm2

Boards: 1 (1x1)
Board Area: 335.74 mm2
Total Area: 335.74 mm2



ESTIMATED COST OF SILICON AND PACKAGING. ONLY VARIABLE, NO FIXED COSTS
Good dies per wafer 3d: 235
Good dies per wafer 2d: 354
--Dies 3D Cost: 25.73 $
--Dies 2.5D Cost: 17.08 $
--Dies 2D Cost: 17.08 $
--HBM Cost: 60.00 $
--IOdie Cost: 8.44 $
--Packaging Cost 3d: 5.98 $
--Packaging Cost 2.5d: 9.81 $
--Packaging Cost 2d: 3.83 $
SiP Cost 3d: 100.15 $
SiP Cost 2.5d: 95.33 $
SiP Cost 2d: 29.35 $
--Board Cost: 0.34 $
Total SiPs Cost 3d: 100.49 $
Total SiPs Cost 2.5d: 95.66 $
Total SiPs Cost 2d: 29.69 $

Perf counters initialized
Mesh connected
Cache structures initialized
proxys initialized
Dataset structures initialized


Starting Simulation
INIT epoch: 1
INIT epoch: 1
INIT epoch: 1
INIT epoch: 1
INIT epoch: 1
INIT epoch: 1
INIT epoch: 1
INIT epoch: 1

===PRINTING FRAME STATS

FCollision In Avg:-nan, SD:-nan, Max:79, Min:5
FCollision Out Avg:-nan, SD:-nan, Max:52, Min:9
FCollision End Avg:-nan, SD:-nan, Max:19, Min:0
FTask1 Avg:-nan, SD:-nan, Max:64, Min:35
FTask2 Avg:-nan, SD:-nan, Max:0, Min:0
FTask3 Avg:-nan, SD:-nan, Max:65, Min:36
FCore Active Avg:-nan, SD:-nan, Max:100, Min:94
FRouter Active Avg:-nan, SD:-nan, Max:77, Min:66
T1 invocations: 235,195
T2 invocations: 0
T3 invocations: 6,831,148
T3b invocations: 0
Total3 invocations: 6,831,148
Total4 invocations: 0

T3/T2 ratio: inf
T3b/T3 ratio: 0

T1 avg ex cycles: 240
T2 avg ex cycles: -nan
T3&b avg ex cycles: 7
T4 avg ex cycles: -nan
Avg. hops NOC1: -nan
Avg. latency NOC1 (T2): -nan
Avg. hops NOC2: 18
Avg. latency NOC2 (T3): 5,483

===PRINTING ACUM STATS at pu_cycles: 100,565

ACollision In Avg:-nan, SD:-nan, Max:79, Min:5
ACollision Out Avg:-nan, SD:-nan, Max:52, Min:9
ACollision End Avg:-nan, SD:-nan, Max:19, Min:0
ATask1 Avg:-nan, SD:-nan, Max:64, Min:35
ATask2 Avg:-nan, SD:-nan, Max:0, Min:0
ATask3 Avg:-nan, SD:-nan, Max:65, Min:36
ACore Active Avg:-nan, SD:-nan, Max:100, Min:94
ARouter Active Avg:-nan, SD:-nan, Max:77, Min:66
T1 invocations: 235,195
T2 invocations: 0
T3 invocations: 6,831,148
T3b invocations: 0
Total3 invocations: 6,831,148
Total4 invocations: 0

T3/T2 ratio: inf
T3b/T3 ratio: 0

T1 avg ex cycles: 240
T2 avg ex cycles: -nan
T3&b avg ex cycles: 7
T4 avg ex cycles: -nan
Avg. hops NOC1: -nan
Avg. latency NOC1 (T2): -nan
Avg. hops NOC2: 18
Avg. latency NOC2 (T3): 5,483
Number of K Nodes Processed: 6,900
Number of K Edges Processed: 6,900
Node Re-explore factor: 1.65
Edge Re-explore factor: 0.05
Nodes/cy: 69
Edges/cy: 69
TEPS: 1,276

---DCache---
DCache Size: 31,152
DRAM words: 129,408
  DHits: 11,439,116
  DMisses: 746,588
  DHit Rate (hit/miss): 94%
  DEvictions: 94,907
  DEviction Rate (evict/misses): 13%
  MC Transactions: 802,399
  MC Writes: 46,575
Avg. Transactions: 100% , Writes: 6%, Avg. Latency: 53
Max MC id: 4 of 8. Transactions: 100% , Writes: 6%, MC mean Latency: 53
HBM refresh energy (nJ): 0
HBM access energy (nJ): 1,520,064
MemC wire energy 2.5d (nJ): 484,400
MemC wire energy 3d (nJ): 121,100

---Energy---
Leakage Energy (nJ): 9,375
PU Dyn E (nJ): 401,456
Mem Dyn E (nJ): 2,819,323
Route Dyn E (nJ): 501,572
Dynamic Energy (nJ): 3,722,352
Ratio of Dyn/Leak: 397
Total Energy (nJ): 3,731,727
Total Energy (nJ) 3D: 3,633,892
Cores Energy (nJ): 401,736
Route Energy (nJ): 502,494
Route Energy (nJ) 3D: 767,960
Mem Energy   (nJ): 2,827,497
Mem Energy   (nJ) 3D: 2,464,197
Avg. Power (mW): 37,107.61
Power Density (mW/mm2): 110.53

---Runtime---
Runtime in K cycles: 100.56
Microseconds: 100.56
Time per iteration (ms): 0.10

---Throughput---
GOP/s (aka OPS/ns): 587.51
GOP/s per core: 0.57
FLOP/s: 72.16
FLOP/s per core: 0.07
Max Peak FLOP/s: 1,024.00
Avg. BW GB/s: 2,235.59
Max BW GB/s: 4,096.00

---Traffic---
In-Die bisection_bytes BW (GB/s): 512.00
Inter-board traffic (msg/ns): 0.00, per-link: 0.00
Inter-pack traffic (msg/ns): 0.00, per-link: 0.00
Inter-die traffic (msg/ns): 0.00, per-link: 0.00
Ruche traffic (msg/ns): 0.00, per-link: 0.00
All traffic (msg/ns): 2,716.59, per-link: 2.65
Inter-die reduction wrt all: inf
Inter-board reduction wrt inter-die: -nan

---Data Movement---
All traffic (msg): 273,193,629
Arith. Intensity FLOP/Loads: 0.20
Arith. Intensity FLOP/Msgs: 0.03
Arith. Intensity OPS/Loads: 1.67
Arith. Intensity OPS/Msgs: 0.22



===Core Utilization Total=== CORE-S:1;; TIME K cy:100 ;; Nodes Proc: 858,627 -- Edges Proc: 0

===PRINTING FRAME STATS

FCollision In Avg:8, SD:1, Max:26, Min:5
FCollision Out Avg:0, SD:2, Max:40, Min:0
FCollision End Avg:0, SD:0, Max:0, Min:0
FTask1 Avg:72, SD:10, Max:87, Min:39
FTask2 Avg:0, SD:0, Max:0, Min:0
FTask3 Avg:28, SD:10, Max:61, Min:13
FCore Active Avg:100, SD:0, Max:100, Min:100
FRouter Active Avg:88, SD:2, Max:92, Min:69
T1 invocations: 304,895
T2 invocations: 0
T3 invocations: 9,752,165
T3b invocations: 0
Total3 invocations: 9,752,165
Total4 invocations: 0

T3/T2 ratio: inf
T3b/T3 ratio: 0

T1 avg ex cycles: 243
T2 avg ex cycles: -nan
T3&b avg ex cycles: 3
T4 avg ex cycles: -nan
Avg. hops NOC1: -nan
Avg. latency NOC1 (T2): -nan
Avg. hops NOC2: 17
Avg. latency NOC2 (T3): 4,176

===PRINTING ACUM STATS at pu_cycles: 200,583

ACollision In Avg:17, SD:5, Max:44, Min:6
ACollision Out Avg:14, SD:4, Max:40, Min:5
ACollision End Avg:0, SD:1, Max:10, Min:0
ATask1 Avg:64, SD:6, Max:75, Min:39
ATask2 Avg:0, SD:0, Max:0, Min:0
ATask3 Avg:36, SD:6, Max:61, Min:24
ACore Active Avg:100, SD:0, Max:100, Min:97
ARouter Active Avg:79, SD:1, Max:84, Min:69
T1 invocations: 540,259
T2 invocations: 0
T3 invocations: 16,593,658
T3b invocations: 0
Total3 invocations: 16,593,658
Total4 invocations: 0

T3/T2 ratio: inf
T3b/T3 ratio: 0

T1 avg ex cycles: 242
T2 avg ex cycles: -nan
T3&b avg ex cycles: 4
T4 avg ex cycles: -nan
Avg. hops NOC1: -nan
Avg. latency NOC1 (T2): -nan
Avg. hops NOC2: 17
Avg. latency NOC2 (T3): 4,714
Number of K Nodes Processed: 16,666
Number of K Edges Processed: 16,666
Node Re-explore factor: 3.97
Edge Re-explore factor: 0.13
Nodes/cy: 83
Edges/cy: 83
TEPS: 640

---DCache---
DCache Size: 31,152
DRAM words: 129,408
  DHits: 27,091,951
  DMisses: 1,446,596
  DHit Rate (hit/miss): 95%
  DEvictions: 277,091
  DEviction Rate (evict/misses): 19%
  MC Transactions: 1,602,495
  MC Writes: 138,193
Avg. Transactions: 100% , Writes: 9%, Avg. Latency: 40
Max MC id: 1 of 8. Transactions: 100% , Writes: 9%, MC mean Latency: 40
HBM refresh energy (nJ): 0
HBM access energy (nJ): 3,035,766
MemC wire energy 2.5d (nJ): 967,410
MemC wire energy 3d (nJ): 241,852

---Energy---
Leakage Energy (nJ): 18,699
PU Dyn E (nJ): 946,023
Mem Dyn E (nJ): 5,955,875
Route Dyn E (nJ): 1,173,352
Dynamic Energy (nJ): 8,075,250
Ratio of Dyn/Leak: 432
Total Energy (nJ): 8,093,949
Total Energy (nJ) 3D: 7,989,407
Cores Energy (nJ): 946,582
Route Energy (nJ): 1,175,190
Route Energy (nJ) 3D: 1,796,205
Mem Energy   (nJ): 5,972,178
Mem Energy   (nJ) 3D: 5,246,620
Avg. Power (mW): 40,352.12
Power Density (mW/mm2): 120.19

---Runtime---
Runtime in K cycles: 200.58
Microseconds: 200.58
Time per iteration (ms): 0.20

---Throughput---
GOP/s (aka OPS/ns): 695.88
GOP/s per core: 0.68
FLOP/s: 84.81
FLOP/s per core: 0.08
Max Peak FLOP/s: 1,024.00
Avg. BW GB/s: 2,696.27
Max BW GB/s: 4,096.00

---Traffic---
In-Die bisection_bytes BW (GB/s): 512.00
Inter-board traffic (msg/ns): 0.00, per-link: 0.00
Inter-pack traffic (msg/ns): 0.00, per-link: 0.00
Inter-die traffic (msg/ns): 0.00, per-link: 0.00
Ruche traffic (msg/ns): 0.00, per-link: 0.00
All traffic (msg/ns): 3,147.12, per-link: 3.07
Inter-die reduction wrt all: inf
Inter-board reduction wrt inter-die: -nan

---Data Movement---
All traffic (msg): 631,259,055
Arith. Intensity FLOP/Loads: 0.20
Arith. Intensity FLOP/Msgs: 0.03
Arith. Intensity OPS/Loads: 1.64
Arith. Intensity OPS/Msgs: 0.22



===Core Utilization Total=== CORE-S:2;; TIME K cy:200 ;; Nodes Proc: 2,075,235 -- Edges Proc: 0

===PRINTING FRAME STATS

FCollision In Avg:8, SD:1, Max:14, Min:5
FCollision Out Avg:0, SD:0, Max:1, Min:0
FCollision End Avg:0, SD:0, Max:1, Min:0
FTask1 Avg:72, SD:10, Max:88, Min:40
FTask2 Avg:0, SD:0, Max:0, Min:0
FTask3 Avg:28, SD:10, Max:60, Min:12
FCore Active Avg:100, SD:0, Max:100, Min:100
FRouter Active Avg:88, SD:2, Max:92, Min:83
T1 invocations: 303,194
T2 invocations: 0
T3 invocations: 9,698,012
T3b invocations: 0
Total3 invocations: 9,698,012
Total4 invocations: 0

T3/T2 ratio: inf
T3b/T3 ratio: 0

T1 avg ex cycles: 244
T2 avg ex cycles: -nan
T3&b avg ex cycles: 3
T4 avg ex cycles: -nan
Avg. hops NOC1: -nan
Avg. latency NOC1 (T2): -nan
Avg. hops NOC2: 17
Avg. latency NOC2 (T3): 4,202

===PRINTING ACUM STATS at pu_cycles: 300,558

ACollision In Avg:14, SD:3, Max:32, Min:6
ACollision Out Avg:10, SD:2, Max:18, Min:3
ACollision End Avg:0, SD:0, Max:7, Min:0
ATask1 Avg:67, SD:4, Max:78, Min:46
ATask2 Avg:0, SD:0, Max:0, Min:0
ATask3 Avg:33, SD:4, Max:54, Min:22
ACore Active Avg:100, SD:0, Max:100, Min:98
ARouter Active Avg:82, SD:1, Max:86, Min:78
T1 invocations: 843,891
T2 invocations: 0
T3 invocations: 26,295,249
T3b invocations: 0
Total3 invocations: 26,295,249
Total4 invocations: 0

T3/T2 ratio: inf
T3b/T3 ratio: 0

T1 avg ex cycles: 243
T2 avg ex cycles: -nan
T3&b avg ex cycles: 4
T4 avg ex cycles: -nan
Avg. hops NOC1: -nan
Avg. latency NOC1 (T2): -nan
Avg. hops NOC2: 17
Avg. latency NOC2 (T3): 4,526
Number of K Nodes Processed: 26,363
Number of K Edges Processed: 26,363
Node Re-explore factor: 6.29
Edge Re-explore factor: 0.21
Nodes/cy: 88
Edges/cy: 88
TEPS: 427

---DCache---
DCache Size: 31,152
DRAM words: 129,408
  DHits: 42,660,587
  DMisses: 2,143,204
  DHit Rate (hit/miss): 95%
  DEvictions: 467,128
  DEviction Rate (evict/misses): 22%
  MC Transactions: 2,402,396
  MC Writes: 233,026
Avg. Transactions: 100% , Writes: 10%, Avg. Latency: 36
Max MC id: 7 of 8. Transactions: 100% , Writes: 10%, MC mean Latency: 35
HBM refresh energy (nJ): 0
HBM access energy (nJ): 4,551,098
MemC wire energy 2.5d (nJ): 1,450,302
MemC wire energy 3d (nJ): 362,575

---Energy---
Leakage Energy (nJ): 28,020
PU Dyn E (nJ): 1,487,974
Mem Dyn E (nJ): 9,085,391
Route Dyn E (nJ): 1,843,164
Dynamic Energy (nJ): 12,416,530
Ratio of Dyn/Leak: 443
Total Energy (nJ): 12,444,550
Total Energy (nJ) 3D: 12,332,347
Cores Energy (nJ): 1,488,811
Route Energy (nJ): 1,845,918
Route Energy (nJ) 3D: 2,821,442
Mem Energy   (nJ): 9,109,821
Mem Energy   (nJ) 3D: 8,022,094
Avg. Power (mW): 41,404.82
Power Density (mW/mm2): 123.33

---Runtime---
Runtime in K cycles: 300.56
Microseconds: 300.56
Time per iteration (ms): 0.30

---Throughput---
GOP/s (aka OPS/ns): 730.91
GOP/s per core: 0.71
FLOP/s: 88.91
FLOP/s per core: 0.09
Max Peak FLOP/s: 1,024.00
Avg. BW GB/s: 2,844.70
Max BW GB/s: 4,096.00

---Traffic---
In-Die bisection_bytes BW (GB/s): 512.00
Inter-board traffic (msg/ns): 0.00, per-link: 0.00
Inter-pack traffic (msg/ns): 0.00, per-link: 0.00
Inter-die traffic (msg/ns): 0.00, per-link: 0.00
Ruche traffic (msg/ns): 0.00, per-link: 0.00
All traffic (msg/ns): 3,288.16, per-link: 3.21
Inter-die reduction wrt all: inf
Inter-board reduction wrt inter-die: -nan

---Data Movement---
All traffic (msg): 988,282,234
Arith. Intensity FLOP/Loads: 0.20
Arith. Intensity FLOP/Msgs: 0.03
Arith. Intensity OPS/Loads: 1.64
Arith. Intensity OPS/Msgs: 0.22



===Core Utilization Total=== CORE-S:3;; TIME K cy:300 ;; Nodes Proc: 3,282,693 -- Edges Proc: 0

===PRINTING FRAME STATS

FCollision In Avg:9, SD:1, Max:14, Min:6
FCollision Out Avg:0, SD:0, Max:1, Min:0
FCollision End Avg:0, SD:0, Max:0, Min:0
FTask1 Avg:74, SD:8, Max:86, Min:47
FTask2 Avg:0, SD:0, Max:0, Min:0
FTask3 Avg:26, SD:8, Max:53, Min:14
FCore Active Avg:100, SD:0, Max:100, Min:100
FRouter Active Avg:90, SD:1, Max:94, Min:85
T1 invocations: 323,450
T2 invocations: 0
T3 invocations: 10,336,677
T3b invocations: 0
Total3 invocations: 10,336,677
Total4 invocations: 0

T3/T2 ratio: inf
T3b/T3 ratio: 0

T1 avg ex cycles: 234
T2 avg ex cycles: -nan
T3&b avg ex cycles: 3
T4 avg ex cycles: -nan
Avg. hops NOC1: -nan
Avg. latency NOC1 (T2): -nan
Avg. hops NOC2: 17
Avg. latency NOC2 (T3): 3,943

===PRINTING ACUM STATS at pu_cycles: 400,549

ACollision In Avg:13, SD:3, Max:26, Min:6
ACollision Out Avg:7, SD:2, Max:13, Min:2
ACollision End Avg:0, SD:0, Max:5, Min:0
ATask1 Avg:68, SD:3, Max:75, Min:49
ATask2 Avg:0, SD:0, Max:0, Min:0
ATask3 Avg:31, SD:3, Max:51, Min:25
ACore Active Avg:100, SD:0, Max:100, Min:99
ARouter Active Avg:84, SD:1, Max:88, Min:81
T1 invocations: 1,167,570
T2 invocations: 0
T3 invocations: 36,643,666
T3b invocations: 0
Total3 invocations: 36,643,666
Total4 invocations: 0

T3/T2 ratio: inf
T3b/T3 ratio: 0

T1 avg ex cycles: 240
T2 avg ex cycles: -nan
T3&b avg ex cycles: 4
T4 avg ex cycles: -nan
Avg. hops NOC1: -nan
Avg. latency NOC1 (T2): -nan
Avg. hops NOC2: 17
Avg. latency NOC2 (T3): 4,361
Number of K Nodes Processed: 36,702
Number of K Edges Processed: 36,702
Node Re-explore factor: 8.75
Edge Re-explore factor: 0.29
Nodes/cy: 92
Edges/cy: 92
TEPS: 320

---DCache---
DCache Size: 31,152
DRAM words: 129,408
  DHits: 59,196,822
  DMisses: 2,859,969
  DHit Rate (hit/miss): 95%
  DEvictions: 905,666
  DEviction Rate (evict/misses): 32%
  MC Transactions: 3,202,249
  MC Writes: 307,366
Avg. Transactions: 100% , Writes: 10%, Avg. Latency: 32
Max MC id: 3 of 8. Transactions: 100% , Writes: 10%, MC mean Latency: 33
HBM refresh energy (nJ): 1
HBM access energy (nJ): 6,066,340
MemC wire energy 2.5d (nJ): 1,933,165
MemC wire energy 3d (nJ): 483,291

---Energy---
Leakage Energy (nJ): 37,341
PU Dyn E (nJ): 2,065,477
Mem Dyn E (nJ): 12,288,847
Route Dyn E (nJ): 2,555,038
Dynamic Energy (nJ): 16,909,362
Ratio of Dyn/Leak: 453
Total Energy (nJ): 16,946,703
Total Energy (nJ) 3D: 16,849,124
Cores Energy (nJ): 2,066,592
Route Energy (nJ): 2,558,709
Route Energy (nJ) 3D: 3,911,003
Mem Energy   (nJ): 12,321,404
Mem Energy   (nJ) 3D: 10,871,530
Avg. Power (mW): 42,308.69
Power Density (mW/mm2): 126.02

---Runtime---
Runtime in K cycles: 400.55
Microseconds: 400.55
Time per iteration (ms): 0.40

---Throughput---
GOP/s (aka OPS/ns): 761.56
GOP/s per core: 0.74
FLOP/s: 92.55
FLOP/s per core: 0.09
Max Peak FLOP/s: 1,024.00
Avg. BW GB/s: 2,970.96
Max BW GB/s: 4,096.00

---Traffic---
In-Die bisection_bytes BW (GB/s): 512.00
Inter-board traffic (msg/ns): 0.00, per-link: 0.00
Inter-pack traffic (msg/ns): 0.00, per-link: 0.00
Inter-die traffic (msg/ns): 0.00, per-link: 0.00
Ruche traffic (msg/ns): 0.00, per-link: 0.00
All traffic (msg/ns): 3,410.67, per-link: 3.33
Inter-die reduction wrt all: inf
Inter-board reduction wrt inter-die: -nan

---Data Movement---
All traffic (msg): 1,366,141,341
Arith. Intensity FLOP/Loads: 0.20
Arith. Intensity FLOP/Msgs: 0.03
Arith. Intensity OPS/Loads: 1.64
Arith. Intensity OPS/Msgs: 0.22



===Core Utilization Total=== CORE-S:4;; TIME K cy:400 ;; Nodes Proc: 4,569,381 -- Edges Proc: 0

===PRINTING FRAME STATS

FCollision In Avg:8, SD:1, Max:15, Min:6
FCollision Out Avg:0, SD:0, Max:1, Min:0
FCollision End Avg:0, SD:0, Max:0, Min:0
FTask1 Avg:73, SD:9, Max:88, Min:47
FTask2 Avg:0, SD:0, Max:0, Min:0
FTask3 Avg:27, SD:9, Max:53, Min:12
FCore Active Avg:100, SD:0, Max:100, Min:100
FRouter Active Avg:89, SD:1, Max:94, Min:84
T1 invocations: 311,740
T2 invocations: 0
T3 invocations: 9,963,884
T3b invocations: 0
Total3 invocations: 9,963,884
Total4 invocations: 0

T3/T2 ratio: inf
T3b/T3 ratio: 0

T1 avg ex cycles: 240
T2 avg ex cycles: -nan
T3&b avg ex cycles: 3
T4 avg ex cycles: -nan
Avg. hops NOC1: -nan
Avg. latency NOC1 (T2): -nan
Avg. hops NOC2: 17
Avg. latency NOC2 (T3): 4,086

===PRINTING ACUM STATS at pu_cycles: 500,567

ACollision In Avg:12, SD:2, Max:23, Min:6
ACollision Out Avg:6, SD:1, Max:11, Min:2
ACollision End Avg:0, SD:0, Max:4, Min:0
ATask1 Avg:69, SD:4, Max:77, Min:50
ATask2 Avg:0, SD:0, Max:0, Min:0
ATask3 Avg:31, SD:4, Max:50, Min:22
ACore Active Avg:100, SD:0, Max:100, Min:99
ARouter Active Avg:85, SD:1, Max:89, Min:82
T1 invocations: 1,477,164
T2 invocations: 0
T3 invocations: 46,539,256
T3b invocations: 0
Total3 invocations: 46,539,256
Total4 invocations: 0

T3/T2 ratio: inf
T3b/T3 ratio: 0

T1 avg ex cycles: 240
T2 avg ex cycles: -nan
T3&b avg ex cycles: 3
T4 avg ex cycles: -nan
Avg. hops NOC1: -nan
Avg. latency NOC1 (T2): -nan
Avg. hops NOC2: 17
Avg. latency NOC2 (T3): 4,303
Number of K Nodes Processed: 46,662
Number of K Edges Processed: 46,662
Node Re-explore factor: 11.13
Edge Re-explore factor: 0.36
Nodes/cy: 93
Edges/cy: 93
TEPS: 256

---DCache---
DCache Size: 31,152
DRAM words: 129,408
  DHits: 75,123,579
  DMisses: 3,564,173
  DHit Rate (hit/miss): 95%
  DEvictions: 1,608,666
  DEviction Rate (evict/misses): 45%
  MC Transactions: 4,002,330
  MC Writes: 395,178
Avg. Transactions: 100% , Writes: 10%, Avg. Latency: 31
Max MC id: 3 of 8. Transactions: 100% , Writes: 10%, MC mean Latency: 31
HBM refresh energy (nJ): 1
HBM access energy (nJ): 7,582,013
MemC wire energy 2.5d (nJ): 2,416,166
MemC wire energy 3d (nJ): 604,041

---Energy---
Leakage Energy (nJ): 46,666
PU Dyn E (nJ): 2,618,068
Mem Dyn E (nJ): 15,441,788
Route Dyn E (nJ): 3,236,915
Dynamic Energy (nJ): 21,296,771
Ratio of Dyn/Leak: 456
Total Energy (nJ): 21,343,437
Total Energy (nJ) 3D: 21,244,501
Cores Energy (nJ): 2,619,461
Route Energy (nJ): 3,241,502
Route Energy (nJ) 3D: 4,954,690
Mem Energy   (nJ): 15,482,474
Mem Energy   (nJ) 3D: 13,670,350
Avg. Power (mW): 42,638.52
Power Density (mW/mm2): 127.00

---Runtime---
Runtime in K cycles: 500.57
Microseconds: 500.57
Time per iteration (ms): 0.50

---Throughput---
GOP/s (aka OPS/ns): 772.56
GOP/s per core: 0.75
FLOP/s: 93.83
FLOP/s per core: 0.09
Max Peak FLOP/s: 1,024.00
Avg. BW GB/s: 3,017.44
Max BW GB/s: 4,096.00

---Traffic---
In-Die bisection_bytes BW (GB/s): 512.00
Inter-board traffic (msg/ns): 0.00, per-link: 0.00
Inter-pack traffic (msg/ns): 0.00, per-link: 0.00
Inter-die traffic (msg/ns): 0.00, per-link: 0.00
Ruche traffic (msg/ns): 0.00, per-link: 0.00
All traffic (msg/ns): 3,454.41, per-link: 3.37
Inter-die reduction wrt all: inf
Inter-board reduction wrt inter-die: -nan

---Data Movement---
All traffic (msg): 1,729,164,092
Arith. Intensity FLOP/Loads: 0.20
Arith. Intensity FLOP/Msgs: 0.03
Arith. Intensity OPS/Loads: 1.64
Arith. Intensity OPS/Msgs: 0.22



===Core Utilization Total=== CORE-S:5;; TIME K cy:500 ;; Nodes Proc: 5,807,810 -- Edges Proc: 0

===PRINTING FRAME STATS

FCollision In Avg:8, SD:1, Max:12, Min:5
FCollision Out Avg:0, SD:0, Max:1, Min:0
FCollision End Avg:0, SD:0, Max:0, Min:0
FTask1 Avg:73, SD:10, Max:87, Min:43
FTask2 Avg:0, SD:0, Max:0, Min:0
FTask3 Avg:27, SD:10, Max:57, Min:13
FCore Active Avg:100, SD:0, Max:100, Min:100
FRouter Active Avg:88, SD:2, Max:93, Min:84
T1 invocations: 304,314
T2 invocations: 0
T3 invocations: 9,732,282
T3b invocations: 0
Total3 invocations: 9,732,282
Total4 invocations: 0

T3/T2 ratio: inf
T3b/T3 ratio: 0

T1 avg ex cycles: 244
T2 avg ex cycles: -nan
T3&b avg ex cycles: 3
T4 avg ex cycles: -nan
Avg. hops NOC1: -nan
Avg. latency NOC1 (T2): -nan
Avg. hops NOC2: 17
Avg. latency NOC2 (T3): 4,183

===PRINTING ACUM STATS at pu_cycles: 600,556

ACollision In Avg:11, SD:2, Max:20, Min:6
ACollision Out Avg:5, SD:1, Max:9, Min:2
ACollision End Avg:0, SD:0, Max:3, Min:0
ATask1 Avg:70, SD:3, Max:78, Min:48
ATask2 Avg:0, SD:0, Max:0, Min:0
ATask3 Avg:30, SD:3, Max:52, Min:22
ACore Active Avg:100, SD:0, Max:100, Min:99
ARouter Active Avg:86, SD:1, Max:89, Min:82
T1 invocations: 1,782,341
T2 invocations: 0
T3 invocations: 56,305,744
T3b invocations: 0
Total3 invocations: 56,305,744
Total4 invocations: 0

T3/T2 ratio: inf
T3b/T3 ratio: 0

T1 avg ex cycles: 241
T2 avg ex cycles: -nan
T3&b avg ex cycles: 3
T4 avg ex cycles: -nan
Avg. hops NOC1: -nan
Avg. latency NOC1 (T2): -nan
Avg. hops NOC2: 17
Avg. latency NOC2 (T3): 4,282
Number of K Nodes Processed: 56,394
Number of K Edges Processed: 56,394
Node Re-explore factor: 13.45
Edge Re-explore factor: 0.44
Nodes/cy: 94
Edges/cy: 94
TEPS: 214

---DCache---
DCache Size: 31,152
DRAM words: 129,408
  DHits: 90,372,814
  DMisses: 4,260,375
  DHit Rate (hit/miss): 95%
  DEvictions: 2,307,939
  DEviction Rate (evict/misses): 54%
  MC Transactions: 4,802,417
  MC Writes: 489,703
Avg. Transactions: 100% , Writes: 10%, Avg. Latency: 30
Max MC id: 7 of 8. Transactions: 100% , Writes: 10%, MC mean Latency: 30
HBM refresh energy (nJ): 1
HBM access energy (nJ): 9,097,698
MemC wire energy 2.5d (nJ): 2,899,170
MemC wire energy 3d (nJ): 724,793

---Energy---
Leakage Energy (nJ): 55,987
PU Dyn E (nJ): 3,162,909
Mem Dyn E (nJ): 18,574,187
Route Dyn E (nJ): 3,909,419
Dynamic Energy (nJ): 25,646,516
Ratio of Dyn/Leak: 458
Total Energy (nJ): 25,702,503
Total Energy (nJ) 3D: 25,597,248
Cores Energy (nJ): 3,164,581
Route Energy (nJ): 3,914,922
Route Energy (nJ) 3D: 5,984,045
Mem Energy   (nJ): 18,623,001
Mem Energy   (nJ) 3D: 16,448,623
Avg. Power (mW): 42,797.85
Power Density (mW/mm2): 127.47

---Runtime---
Runtime in K cycles: 600.56
Microseconds: 600.56
Time per iteration (ms): 0.60

---Throughput---
GOP/s (aka OPS/ns): 778.04
GOP/s per core: 0.76
FLOP/s: 94.46
FLOP/s per core: 0.09
Max Peak FLOP/s: 1,024.00
Avg. BW GB/s: 3,041.47
Max BW GB/s: 4,096.00

---Traffic---
In-Die bisection_bytes BW (GB/s): 512.00
Inter-board traffic (msg/ns): 0.00, per-link: 0.00
Inter-pack traffic (msg/ns): 0.00, per-link: 0.00
Inter-die traffic (msg/ns): 0.00, per-link: 0.00
Ruche traffic (msg/ns): 0.00, per-link: 0.00
All traffic (msg/ns): 3,476.07, per-link: 3.39
Inter-die reduction wrt all: inf
Inter-board reduction wrt inter-die: -nan

---Data Movement---
All traffic (msg): 2,087,574,157
Arith. Intensity FLOP/Loads: 0.20
Arith. Intensity FLOP/Msgs: 0.03
Arith. Intensity OPS/Loads: 1.63
Arith. Intensity OPS/Msgs: 0.22



===Core Utilization Total=== CORE-S:6;; TIME K cy:600 ;; Nodes Proc: 7,017,815 -- Edges Proc: 0

===PRINTING FRAME STATS

FCollision In Avg:9, SD:1, Max:15, Min:6
FCollision Out Avg:0, SD:0, Max:1, Min:0
FCollision End Avg:0, SD:0, Max:0, Min:0
FTask1 Avg:73, SD:9, Max:87, Min:44
FTask2 Avg:0, SD:0, Max:0, Min:0
FTask3 Avg:27, SD:9, Max:56, Min:13
FCore Active Avg:100, SD:0, Max:100, Min:100
FRouter Active Avg:89, SD:1, Max:94, Min:84
T1 invocations: 316,715
T2 invocations: 0
T3 invocations: 10,121,930
T3b invocations: 0
Total3 invocations: 10,121,930
Total4 invocations: 0

T3/T2 ratio: inf
T3b/T3 ratio: 0

T1 avg ex cycles: 237
T2 avg ex cycles: -nan
T3&b avg ex cycles: 3
T4 avg ex cycles: -nan
Avg. hops NOC1: -nan
Avg. latency NOC1 (T2): -nan
Avg. hops NOC2: 17
Avg. latency NOC2 (T3): 4,029

===PRINTING ACUM STATS at pu_cycles: 700,550

ACollision In Avg:11, SD:2, Max:18, Min:7
ACollision Out Avg:4, SD:1, Max:8, Min:1
ACollision End Avg:0, SD:0, Max:3, Min:0
ATask1 Avg:70, SD:3, Max:77, Min:50
ATask2 Avg:0, SD:0, Max:0, Min:0
ATask3 Avg:30, SD:3, Max:50, Min:23
ACore Active Avg:100, SD:0, Max:100, Min:99
ARouter Active Avg:86, SD:1, Max:89, Min:83
T1 invocations: 2,100,266
T2 invocations: 0
T3 invocations: 66,470,219
T3b invocations: 0
Total3 invocations: 66,470,219
Total4 invocations: 0

T3/T2 ratio: inf
T3b/T3 ratio: 0

T1 avg ex cycles: 240
T2 avg ex cycles: -nan
T3&b avg ex cycles: 3
T4 avg ex cycles: -nan
Avg. hops NOC1: -nan
Avg. latency NOC1 (T2): -nan
Avg. hops NOC2: 17
Avg. latency NOC2 (T3): 4,243
Number of K Nodes Processed: 66,518
Number of K Edges Processed: 66,518
Node Re-explore factor: 15.86
Edge Re-explore factor: 0.52
Nodes/cy: 95
Edges/cy: 95
TEPS: 183

---DCache---
DCache Size: 31,152
DRAM words: 129,408
  DHits: 106,182,403
  DMisses: 4,969,510
  DHit Rate (hit/miss): 96%
  DEvictions: 3,020,305
  DEviction Rate (evict/misses): 61%
  MC Transactions: 5,602,250
  MC Writes: 570,638
Avg. Transactions: 100% , Writes: 10%, Avg. Latency: 29
Max MC id: 0 of 8. Transactions: 100% , Writes: 10%, MC mean Latency: 29
HBM refresh energy (nJ): 1
HBM access energy (nJ): 10,612,902
MemC wire energy 2.5d (nJ): 3,382,021
MemC wire energy 3d (nJ): 845,505

---Energy---
Leakage Energy (nJ): 65,309
PU Dyn E (nJ): 3,730,160
Mem Dyn E (nJ): 21,751,404
Route Dyn E (nJ): 4,610,707
Dynamic Energy (nJ): 30,092,272
Ratio of Dyn/Leak: 461
Total Energy (nJ): 30,157,581
Total Energy (nJ) 3D: 30,061,355
Cores Energy (nJ): 3,732,110
Route Energy (nJ): 4,617,126
Route Energy (nJ) 3D: 7,057,417
Mem Energy   (nJ): 21,808,345
Mem Energy   (nJ) 3D: 19,271,829
Avg. Power (mW): 43,048.43
Power Density (mW/mm2): 128.22

---Runtime---
Runtime in K cycles: 700.55
Microseconds: 700.55
Time per iteration (ms): 0.70

---Throughput---
GOP/s (aka OPS/ns): 786.67
GOP/s per core: 0.77
FLOP/s: 95.49
FLOP/s per core: 0.09
Max Peak FLOP/s: 1,024.00
Avg. BW GB/s: 3,077.06
Max BW GB/s: 4,096.00

---Traffic---
In-Die bisection_bytes BW (GB/s): 512.00
Inter-board traffic (msg/ns): 0.00, per-link: 0.00
Inter-pack traffic (msg/ns): 0.00, per-link: 0.00
Inter-die traffic (msg/ns): 0.00, per-link: 0.00
Ruche traffic (msg/ns): 0.00, per-link: 0.00
All traffic (msg/ns): 3,511.73, per-link: 3.43
Inter-die reduction wrt all: inf
Inter-board reduction wrt inter-die: -nan

---Data Movement---
All traffic (msg): 2,460,145,900
Arith. Intensity FLOP/Loads: 0.20
Arith. Intensity FLOP/Msgs: 0.03
Arith. Intensity OPS/Loads: 1.63
Arith. Intensity OPS/Msgs: 0.22



===Core Utilization Total=== CORE-S:7;; TIME K cy:700 ;; Nodes Proc: 8,276,021 -- Edges Proc: 0

===PRINTING FRAME STATS

FCollision In Avg:9, SD:1, Max:13, Min:6
FCollision Out Avg:0, SD:0, Max:1, Min:0
FCollision End Avg:0, SD:0, Max:1, Min:0
FTask1 Avg:73, SD:9, Max:87, Min:42
FTask2 Avg:0, SD:0, Max:0, Min:0
FTask3 Avg:27, SD:9, Max:58, Min:13
FCore Active Avg:100, SD:0, Max:100, Min:100
FRouter Active Avg:89, SD:1, Max:93, Min:85
T1 invocations: 315,861
T2 invocations: 0
T3 invocations: 10,093,851
T3b invocations: 0
Total3 invocations: 10,093,851
Total4 invocations: 0

T3/T2 ratio: inf
T3b/T3 ratio: 0

T1 avg ex cycles: 238
T2 avg ex cycles: -nan
T3&b avg ex cycles: 3
T4 avg ex cycles: -nan
Avg. hops NOC1: -nan
Avg. latency NOC1 (T2): -nan
Avg. hops NOC2: 17
Avg. latency NOC2 (T3): 4,032

===PRINTING ACUM STATS at pu_cycles: 800,585

ACollision In Avg:11, SD:1, Max:17, Min:7
ACollision Out Avg:4, SD:1, Max:7, Min:1
ACollision End Avg:0, SD:0, Max:2, Min:0
ATask1 Avg:71, SD:3, Max:77, Min:51
ATask2 Avg:0, SD:0, Max:0, Min:0
ATask3 Avg:29, SD:3, Max:49, Min:23
ACore Active Avg:100, SD:0, Max:100, Min:99
ARouter Active Avg:87, SD:1, Max:90, Min:84
T1 invocations: 2,416,340
T2 invocations: 0
T3 invocations: 76,574,500
T3b invocations: 0
Total3 invocations: 76,574,500
Total4 invocations: 0

T3/T2 ratio: inf
T3b/T3 ratio: 0

T1 avg ex cycles: 240
T2 avg ex cycles: -nan
T3&b avg ex cycles: 3
T4 avg ex cycles: -nan
Avg. hops NOC1: -nan
Avg. latency NOC1 (T2): -nan
Avg. hops NOC2: 17
Avg. latency NOC2 (T3): 4,216
Number of K Nodes Processed: 76,613
Number of K Edges Processed: 76,613
Node Re-explore factor: 18.27
Edge Re-explore factor: 0.60
Nodes/cy: 96
Edges/cy: 96
TEPS: 160

---DCache---
DCache Size: 31,152
DRAM words: 129,408
  DHits: 121,992,016
  DMisses: 5,676,513
  DHit Rate (hit/miss): 96%
  DEvictions: 3,730,384
  DEviction Rate (evict/misses): 66%
  MC Transactions: 6,402,572
  MC Writes: 654,531
Avg. Transactions: 100% , Writes: 10%, Avg. Latency: 28
Max MC id: 1 of 8. Transactions: 100% , Writes: 10%, MC mean Latency: 28
HBM refresh energy (nJ): 2
HBM access energy (nJ): 12,129,032
MemC wire energy 2.5d (nJ): 3,865,167
MemC wire energy 3d (nJ): 966,292

---Energy---
Leakage Energy (nJ): 74,635
PU Dyn E (nJ): 4,294,032
Mem Dyn E (nJ): 24,923,919
Route Dyn E (nJ): 5,305,869
Dynamic Energy (nJ): 34,523,821
Ratio of Dyn/Leak: 463
Total Energy (nJ): 34,598,456
Total Energy (nJ) 3D: 34,507,796
Cores Energy (nJ): 4,296,261
Route Energy (nJ): 5,313,205
Route Energy (nJ) 3D: 8,121,421
Mem Energy   (nJ): 24,988,991
Mem Energy   (nJ) 3D: 22,090,115
Avg. Power (mW): 43,216.47
Power Density (mW/mm2): 128.72

---Runtime---
Runtime in K cycles: 800.59
Microseconds: 800.59
Time per iteration (ms): 0.80

---Throughput---
GOP/s (aka OPS/ns): 792.49
GOP/s per core: 0.77
FLOP/s: 96.17
FLOP/s per core: 0.09
Max Peak FLOP/s: 1,024.00
Avg. BW GB/s: 3,101.17
Max BW GB/s: 4,096.00

---Traffic---
In-Die bisection_bytes BW (GB/s): 512.00
Inter-board traffic (msg/ns): 0.00, per-link: 0.00
Inter-pack traffic (msg/ns): 0.00, per-link: 0.00
Inter-die traffic (msg/ns): 0.00, per-link: 0.00
Ruche traffic (msg/ns): 0.00, per-link: 0.00
All traffic (msg/ns): 3,534.62, per-link: 3.45
Inter-die reduction wrt all: inf
Inter-board reduction wrt inter-die: -nan

---Data Movement---
All traffic (msg): 2,829,766,966
Arith. Intensity FLOP/Loads: 0.20
Arith. Intensity FLOP/Msgs: 0.03
Arith. Intensity OPS/Loads: 1.63
Arith. Intensity OPS/Msgs: 0.22



===Core Utilization Total=== CORE-S:8;; TIME K cy:800 ;; Nodes Proc: 9,531,740 -- Edges Proc: 0

===PRINTING FRAME STATS

FCollision In Avg:8, SD:1, Max:13, Min:6
FCollision Out Avg:0, SD:0, Max:1, Min:0
FCollision End Avg:0, SD:0, Max:0, Min:0
FTask1 Avg:73, SD:9, Max:87, Min:45
FTask2 Avg:0, SD:0, Max:0, Min:0
FTask3 Avg:27, SD:9, Max:55, Min:13
FCore Active Avg:100, SD:0, Max:100, Min:100
FRouter Active Avg:88, SD:1, Max:93, Min:84
T1 invocations: 306,703
T2 invocations: 0
T3 invocations: 9,799,367
T3b invocations: 0
Total3 invocations: 9,799,367
Total4 invocations: 0

T3/T2 ratio: inf
T3b/T3 ratio: 0

T1 avg ex cycles: 243
T2 avg ex cycles: -nan
T3&b avg ex cycles: 3
T4 avg ex cycles: -nan
Avg. hops NOC1: -nan
Avg. latency NOC1 (T2): -nan
Avg. hops NOC2: 17
Avg. latency NOC2 (T3): 4,156

===PRINTING ACUM STATS at pu_cycles: 900,552

ACollision In Avg:10, SD:1, Max:16, Min:7
ACollision Out Avg:3, SD:1, Max:6, Min:1
ACollision End Avg:0, SD:0, Max:2, Min:0
ATask1 Avg:71, SD:3, Max:78, Min:52
ATask2 Avg:0, SD:0, Max:0, Min:0
ATask3 Avg:29, SD:3, Max:48, Min:22
ACore Active Avg:100, SD:0, Max:100, Min:99
ARouter Active Avg:87, SD:1, Max:90, Min:84
T1 invocations: 2,716,908
T2 invocations: 0
T3 invocations: 86,181,971
T3b invocations: 0
Total3 invocations: 86,181,971
Total4 invocations: 0

T3/T2 ratio: inf
T3b/T3 ratio: 0

T1 avg ex cycles: 240
T2 avg ex cycles: -nan
T3&b avg ex cycles: 3
T4 avg ex cycles: -nan
Avg. hops NOC1: -nan
Avg. latency NOC1 (T2): -nan
Avg. hops NOC2: 17
Avg. latency NOC2 (T3): 4,209
Number of K Nodes Processed: 86,405
Number of K Edges Processed: 86,405
Node Re-explore factor: 20.60
Edge Re-explore factor: 0.67
Nodes/cy: 96
Edges/cy: 96
TEPS: 142

---DCache---
DCache Size: 31,152
DRAM words: 129,408
  DHits: 137,631,431
  DMisses: 6,375,736
  DHit Rate (hit/miss): 96%
  DEvictions: 4,432,079
  DEviction Rate (evict/misses): 70%
  MC Transactions: 7,202,333
  MC Writes: 746,887
Avg. Transactions: 100% , Writes: 10%, Avg. Latency: 28
Max MC id: 6 of 8. Transactions: 100% , Writes: 10%, MC mean Latency: 28
HBM refresh energy (nJ): 2
HBM access energy (nJ): 13,644,099
MemC wire energy 2.5d (nJ): 4,347,975
MemC wire energy 3d (nJ): 1,086,994

---Energy---
Leakage Energy (nJ): 83,954
PU Dyn E (nJ): 4,830,624
Mem Dyn E (nJ): 28,044,638
Route Dyn E (nJ): 5,967,645
Dynamic Energy (nJ): 38,842,909
Ratio of Dyn/Leak: 463
Total Energy (nJ): 38,926,863
Total Energy (nJ) 3D: 38,824,352
Cores Energy (nJ): 4,833,131
Route Energy (nJ): 5,975,897
Route Energy (nJ) 3D: 9,134,368
Mem Energy   (nJ): 28,117,835
Mem Energy   (nJ) 3D: 24,856,854
Avg. Power (mW): 43,225.56
Power Density (mW/mm2): 128.75

---Runtime---
Runtime in K cycles: 900.55
Microseconds: 900.55
Time per iteration (ms): 0.90

---Throughput---
GOP/s (aka OPS/ns): 792.58
GOP/s per core: 0.77
FLOP/s: 96.17
FLOP/s per core: 0.09
Max Peak FLOP/s: 1,024.00
Avg. BW GB/s: 3,102.38
Max BW GB/s: 4,096.00

---Traffic---
In-Die bisection_bytes BW (GB/s): 512.00
Inter-board traffic (msg/ns): 0.00, per-link: 0.00
Inter-pack traffic (msg/ns): 0.00, per-link: 0.00
Inter-die traffic (msg/ns): 0.00, per-link: 0.00
Ruche traffic (msg/ns): 0.00, per-link: 0.00
All traffic (msg/ns): 3,534.35, per-link: 3.45
Inter-die reduction wrt all: inf
Inter-board reduction wrt inter-die: -nan

---Data Movement---
All traffic (msg): 3,182,863,355
Arith. Intensity FLOP/Loads: 0.20
Arith. Intensity FLOP/Msgs: 0.03
Arith. Intensity OPS/Loads: 1.63
Arith. Intensity OPS/Msgs: 0.22



===Core Utilization Total=== CORE-S:9;; TIME K cy:900 ;; Nodes Proc: 10,750,178 -- Edges Proc: 0

===PRINTING FRAME STATS

FCollision In Avg:9, SD:1, Max:14, Min:6
FCollision Out Avg:0, SD:0, Max:2, Min:0
FCollision End Avg:0, SD:0, Max:0, Min:0
FTask1 Avg:73, SD:9, Max:88, Min:36
FTask2 Avg:0, SD:0, Max:0, Min:0
FTask3 Avg:27, SD:9, Max:64, Min:12
FCore Active Avg:100, SD:0, Max:100, Min:100
FRouter Active Avg:89, SD:2, Max:93, Min:85
T1 invocations: 312,305
T2 invocations: 0
T3 invocations: 9,977,753
T3b invocations: 0
Total3 invocations: 9,977,753
Total4 invocations: 0

T3/T2 ratio: inf
T3b/T3 ratio: 0

T1 avg ex cycles: 240
T2 avg ex cycles: -nan
T3&b avg ex cycles: 3
T4 avg ex cycles: -nan
Avg. hops NOC1: -nan
Avg. latency NOC1 (T2): -nan
Avg. hops NOC2: 17
Avg. latency NOC2 (T3): 4,085

===PRINTING ACUM STATS at pu_cycles: 1,000,588

ACollision In Avg:10, SD:1, Max:16, Min:7
ACollision Out Avg:3, SD:1, Max:5, Min:1
ACollision End Avg:0, SD:0, Max:2, Min:0
ATask1 Avg:71, SD:3, Max:78, Min:50
ATask2 Avg:0, SD:0, Max:0, Min:0
ATask3 Avg:29, SD:3, Max:50, Min:22
ACore Active Avg:100, SD:0, Max:100, Min:99
ARouter Active Avg:87, SD:1, Max:90, Min:84
T1 invocations: 3,035,152
T2 invocations: 0
T3 invocations: 96,357,351
T3b invocations: 0
Total3 invocations: 96,357,351
Total4 invocations: 0

T3/T2 ratio: inf
T3b/T3 ratio: 0

T1 avg ex cycles: 240
T2 avg ex cycles: -nan
T3&b avg ex cycles: 3
T4 avg ex cycles: -nan
Avg. hops NOC1: -nan
Avg. latency NOC1 (T2): -nan
Avg. hops NOC2: 17
Avg. latency NOC2 (T3): 4,196
Number of K Nodes Processed: 96,388
Number of K Edges Processed: 96,388
Node Re-explore factor: 22.98
Edge Re-explore factor: 0.75
Nodes/cy: 96
Edges/cy: 96
TEPS: 128

---DCache---
DCache Size: 31,152
DRAM words: 129,408
  DHits: 153,582,321
  DMisses: 7,082,059
  DHit Rate (hit/miss): 96%
  DEvictions: 5,140,739
  DEviction Rate (evict/misses): 73%
  MC Transactions: 8,002,616
  MC Writes: 832,771
Avg. Transactions: 100% , Writes: 10%, Avg. Latency: 28
Max MC id: 6 of 8. Transactions: 100% , Writes: 11%, MC mean Latency: 28
HBM refresh energy (nJ): 2
HBM access energy (nJ): 15,160,155
MemC wire energy 2.5d (nJ): 4,831,098
MemC wire energy 3d (nJ): 1,207,774

---Energy---
Leakage Energy (nJ): 93,280
PU Dyn E (nJ): 5,398,243
Mem Dyn E (nJ): 31,225,474
Route Dyn E (nJ): 6,667,637
Dynamic Energy (nJ): 43,291,354
Ratio of Dyn/Leak: 464
Total Energy (nJ): 43,384,634
Total Energy (nJ) 3D: 43,290,264
Cores Energy (nJ): 5,401,028
Route Energy (nJ): 6,676,805
Route Energy (nJ) 3D: 10,205,758
Mem Energy   (nJ): 31,306,802
Mem Energy   (nJ) 3D: 27,683,478
Avg. Power (mW): 43,359.14
Power Density (mW/mm2): 129.15

---Runtime---
Runtime in K cycles: 1,000.59
Microseconds: 1,000.59
Time per iteration (ms): 1.00

---Throughput---
GOP/s (aka OPS/ns): 797.20
GOP/s per core: 0.78
FLOP/s: 96.72
FLOP/s per core: 0.09
Max Peak FLOP/s: 1,024.00
Avg. BW GB/s: 3,121.39
Max BW GB/s: 4,096.00

---Traffic---
In-Die bisection_bytes BW (GB/s): 512.00
Inter-board traffic (msg/ns): 0.00, per-link: 0.00
Inter-pack traffic (msg/ns): 0.00, per-link: 0.00
Inter-die traffic (msg/ns): 0.00, per-link: 0.00
Ruche traffic (msg/ns): 0.00, per-link: 0.00
All traffic (msg/ns): 3,552.78, per-link: 3.47
Inter-die reduction wrt all: inf
Inter-board reduction wrt inter-die: -nan

---Data Movement---
All traffic (msg): 3,554,869,258
Arith. Intensity FLOP/Loads: 0.20
Arith. Intensity FLOP/Msgs: 0.03
Arith. Intensity OPS/Loads: 1.63
Arith. Intensity OPS/Msgs: 0.22



===Core Utilization Total=== CORE-S:10;; TIME K cy:1,000 ;; Nodes Proc: 11,993,302 -- Edges Proc: 0

===PRINTING FRAME STATS

FCollision In Avg:9, SD:1, Max:14, Min:6
FCollision Out Avg:0, SD:0, Max:2, Min:0
FCollision End Avg:0, SD:0, Max:1, Min:0
FTask1 Avg:73, SD:9, Max:87, Min:44
FTask2 Avg:0, SD:0, Max:0, Min:0
FTask3 Avg:27, SD:9, Max:56, Min:13
FCore Active Avg:100, SD:0, Max:100, Min:92
FRouter Active Avg:90, SD:2, Max:93, Min:85
T1 invocations: 316,840
T2 invocations: 0
T3 invocations: 10,114,980
T3b invocations: 0
Total3 invocations: 10,114,980
Total4 invocations: 0

T3/T2 ratio: inf
T3b/T3 ratio: 0

T1 avg ex cycles: 237
T2 avg ex cycles: -nan
T3&b avg ex cycles: 3
T4 avg ex cycles: -nan
Avg. hops NOC1: -nan
Avg. latency NOC1 (T2): -nan
Avg. hops NOC2: 17
Avg. latency NOC2 (T3): 4,026

===PRINTING ACUM STATS at pu_cycles: 1,100,573

ACollision In Avg:10, SD:1, Max:15, Min:7
ACollision Out Avg:3, SD:1, Max:5, Min:1
ACollision End Avg:0, SD:0, Max:2, Min:0
ATask1 Avg:71, SD:3, Max:78, Min:51
ATask2 Avg:0, SD:0, Max:0, Min:0
ATask3 Avg:29, SD:3, Max:49, Min:22
ACore Active Avg:100, SD:0, Max:100, Min:99
ARouter Active Avg:87, SD:1, Max:90, Min:84
T1 invocations: 3,349,919
T2 invocations: 0
T3 invocations: 106,397,398
T3b invocations: 0
Total3 invocations: 106,397,398
Total4 invocations: 0

T3/T2 ratio: inf
T3b/T3 ratio: 0

T1 avg ex cycles: 240
T2 avg ex cycles: -nan
T3&b avg ex cycles: 3
T4 avg ex cycles: -nan
Avg. hops NOC1: -nan
Avg. latency NOC1 (T2): -nan
Avg. hops NOC2: 17
Avg. latency NOC2 (T3): 4,180
Number of K Nodes Processed: 106,501
Number of K Edges Processed: 106,501
Node Re-explore factor: 25.39
Edge Re-explore factor: 0.83
Nodes/cy: 97
Edges/cy: 97
TEPS: 117

---DCache---
DCache Size: 31,152
DRAM words: 129,408
  DHits: 169,728,081
  DMisses: 7,791,264
  DHit Rate (hit/miss): 96%
  DEvictions: 5,852,417
  DEviction Rate (evict/misses): 75%
  MC Transactions: 8,802,413
  MC Writes: 915,181
Avg. Transactions: 100% , Writes: 10%, Avg. Latency: 27
Max MC id: 5 of 8. Transactions: 100% , Writes: 10%, MC mean Latency: 27
HBM refresh energy (nJ): 3
HBM access energy (nJ): 16,675,291
MemC wire energy 2.5d (nJ): 5,313,927
MemC wire energy 3d (nJ): 1,328,482

---Energy---
Leakage Energy (nJ): 102,601
PU Dyn E (nJ): 5,959,453
Mem Dyn E (nJ): 34,394,628
Route Dyn E (nJ): 7,361,488
Dynamic Energy (nJ): 47,715,570
Ratio of Dyn/Leak: 465
Total Energy (nJ): 47,818,171
Total Energy (nJ) 3D: 47,728,910
Cores Energy (nJ): 5,962,517
Route Energy (nJ): 7,371,572
Route Energy (nJ) 3D: 11,267,756
Mem Energy   (nJ): 34,484,083
Mem Energy   (nJ) 3D: 30,498,638
Avg. Power (mW): 43,448.43
Power Density (mW/mm2): 129.41

---Runtime---
Runtime in K cycles: 1,100.57
Microseconds: 1,100.57
Time per iteration (ms): 1.10

---Throughput---
GOP/s (aka OPS/ns): 800.14
GOP/s per core: 0.78
FLOP/s: 97.07
FLOP/s per core: 0.09
Max Peak FLOP/s: 1,024.00
Avg. BW GB/s: 3,133.30
Max BW GB/s: 4,096.00

---Traffic---
In-Die bisection_bytes BW (GB/s): 512.00
Inter-board traffic (msg/ns): 0.00, per-link: 0.00
Inter-pack traffic (msg/ns): 0.00, per-link: 0.00
Inter-die traffic (msg/ns): 0.00, per-link: 0.00
Ruche traffic (msg/ns): 0.00, per-link: 0.00
All traffic (msg/ns): 3,565.18, per-link: 3.48
Inter-die reduction wrt all: inf
Inter-board reduction wrt inter-die: -nan

---Data Movement---
All traffic (msg): 3,923,735,389
Arith. Intensity FLOP/Loads: 0.20
Arith. Intensity FLOP/Msgs: 0.03
Arith. Intensity OPS/Loads: 1.63
Arith. Intensity OPS/Msgs: 0.22



===Core Utilization Total=== CORE-S:11;; TIME K cy:1,100 ;; Nodes Proc: 13,249,810 -- Edges Proc: 0

===PRINTING FRAME STATS

FCollision In Avg:8, SD:1, Max:14, Min:3
FCollision Out Avg:0, SD:0, Max:1, Min:0
FCollision End Avg:0, SD:0, Max:1, Min:0
FTask1 Avg:71, SD:12, Max:87, Min:0
FTask2 Avg:0, SD:0, Max:0, Min:0
FTask3 Avg:27, SD:9, Max:57, Min:12
FCore Active Avg:98, SD:10, Max:100, Min:12
FRouter Active Avg:88, SD:2, Max:94, Min:81
T1 invocations: 307,531
T2 invocations: 0
T3 invocations: 9,860,372
T3b invocations: 0
Total3 invocations: 9,860,372
Total4 invocations: 0

T3/T2 ratio: inf
T3b/T3 ratio: 0

T1 avg ex cycles: 237
T2 avg ex cycles: -nan
T3&b avg ex cycles: 3
T4 avg ex cycles: -nan
Avg. hops NOC1: -nan
Avg. latency NOC1 (T2): -nan
Avg. hops NOC2: 17
Avg. latency NOC2 (T3): 4,022

===PRINTING ACUM STATS at pu_cycles: 1,200,534

ACollision In Avg:10, SD:1, Max:14, Min:7
ACollision Out Avg:2, SD:1, Max:4, Min:1
ACollision End Avg:0, SD:0, Max:2, Min:0
ATask1 Avg:71, SD:3, Max:79, Min:52
ATask2 Avg:0, SD:0, Max:0, Min:0
ATask3 Avg:28, SD:3, Max:48, Min:21
ACore Active Avg:100, SD:1, Max:100, Min:92
ARouter Active Avg:87, SD:1, Max:90, Min:84
T1 invocations: 3,659,280
T2 invocations: 0
T3 invocations: 116,334,735
T3b invocations: 0
Total3 invocations: 116,334,735
Total4 invocations: 0

T3/T2 ratio: inf
T3b/T3 ratio: 0

T1 avg ex cycles: 240
T2 avg ex cycles: -nan
T3&b avg ex cycles: 3
T4 avg ex cycles: -nan
Avg. hops NOC1: -nan
Avg. latency NOC1 (T2): -nan
Avg. hops NOC2: 17
Avg. latency NOC2 (T3): 4,167
Number of K Nodes Processed: 116,360
Number of K Edges Processed: 116,360
Node Re-explore factor: 27.74
Edge Re-explore factor: 0.91
Nodes/cy: 97
Edges/cy: 97
TEPS: 107

---DCache---
DCache Size: 31,152
DRAM words: 129,408
  DHits: 185,507,288
  DMisses: 8,491,639
  DHit Rate (hit/miss): 96%
  DEvictions: 6,554,888
  DEviction Rate (evict/misses): 77%
  MC Transactions: 9,602,145
  MC Writes: 1,006,536
Avg. Transactions: 100% , Writes: 10%, Avg. Latency: 27
Max MC id: 2 of 8. Transactions: 100% , Writes: 11%, MC mean Latency: 27
HBM refresh energy (nJ): 3
HBM access energy (nJ): 18,190,303
MemC wire energy 2.5d (nJ): 5,796,717
MemC wire energy 3d (nJ): 1,449,179

---Energy---
Leakage Energy (nJ): 111,920
PU Dyn E (nJ): 6,511,551
Mem Dyn E (nJ): 37,547,685
Route Dyn E (nJ): 8,043,168
Dynamic Energy (nJ): 52,102,404
Ratio of Dyn/Leak: 466
Total Energy (nJ): 52,214,324
Total Energy (nJ) 3D: 52,123,761
Cores Energy (nJ): 6,514,892
Route Energy (nJ): 8,054,168
Route Energy (nJ) 3D: 12,311,143
Mem Energy   (nJ): 37,645,265
Mem Energy   (nJ) 3D: 33,297,727
Avg. Power (mW): 43,492.58
Power Density (mW/mm2): 129.54

---Runtime---
Runtime in K cycles: 1,200.53
Microseconds: 1,200.53
Time per iteration (ms): 1.20

---Throughput---
GOP/s (aka OPS/ns): 801.52
GOP/s per core: 0.78
FLOP/s: 97.22
FLOP/s per core: 0.09
Max Peak FLOP/s: 1,024.00
Avg. BW GB/s: 3,140.01
Max BW GB/s: 4,096.00

---Traffic---
In-Die bisection_bytes BW (GB/s): 512.00
Inter-board traffic (msg/ns): 0.00, per-link: 0.00
Inter-pack traffic (msg/ns): 0.00, per-link: 0.00
Inter-die traffic (msg/ns): 0.00, per-link: 0.00
Ruche traffic (msg/ns): 0.00, per-link: 0.00
All traffic (msg/ns): 3,570.69, per-link: 3.49
Inter-die reduction wrt all: inf
Inter-board reduction wrt inter-die: -nan

---Data Movement---
All traffic (msg): 4,286,739,023
Arith. Intensity FLOP/Loads: 0.20
Arith. Intensity FLOP/Msgs: 0.03
Arith. Intensity OPS/Loads: 1.63
Arith. Intensity OPS/Msgs: 0.22



===Core Utilization Total=== CORE-S:12;; TIME K cy:1,200 ;; Nodes Proc: 14,477,986 -- Edges Proc: 0

===PRINTING FRAME STATS

FCollision In Avg:7, SD:2, Max:12, Min:2
FCollision Out Avg:0, SD:0, Max:1, Min:0
FCollision End Avg:0, SD:0, Max:0, Min:0
FTask1 Avg:56, SD:28, Max:87, Min:0
FTask2 Avg:0, SD:0, Max:0, Min:0
FTask3 Avg:19, SD:4, Max:41, Min:11
FCore Active Avg:75, SD:30, Max:100, Min:11
FRouter Active Avg:84, SD:3, Max:91, Min:75
T1 invocations: 274,795
T2 invocations: 0
T3 invocations: 9,000,859
T3b invocations: 0
Total3 invocations: 9,000,859
Total4 invocations: 0

T3/T2 ratio: inf
T3b/T3 ratio: 0

T1 avg ex cycles: 208
T2 avg ex cycles: -nan
T3&b avg ex cycles: 2
T4 avg ex cycles: -nan
Avg. hops NOC1: -nan
Avg. latency NOC1 (T2): -nan
Avg. hops NOC2: 17
Avg. latency NOC2 (T3): 3,203

===PRINTING ACUM STATS at pu_cycles: 1,300,454

ACollision In Avg:10, SD:1, Max:14, Min:7
ACollision Out Avg:2, SD:1, Max:4, Min:1
ACollision End Avg:0, SD:0, Max:2, Min:0
ATask1 Avg:70, SD:3, Max:78, Min:53
ATask2 Avg:0, SD:0, Max:0, Min:0
ATask3 Avg:28, SD:3, Max:47, Min:21
ACore Active Avg:98, SD:3, Max:100, Min:86
ARouter Active Avg:87, SD:1, Max:90, Min:84
T1 invocations: 3,933,369
T2 invocations: 0
T3 invocations: 125,304,848
T3b invocations: 0
Total3 invocations: 125,304,848
Total4 invocations: 0

T3/T2 ratio: inf
T3b/T3 ratio: 0

T1 avg ex cycles: 238
T2 avg ex cycles: -nan
T3&b avg ex cycles: 3
T4 avg ex cycles: -nan
Avg. hops NOC1: -nan
Avg. latency NOC1 (T2): -nan
Avg. hops NOC2: 17
Avg. latency NOC2 (T3): 4,097
Number of K Nodes Processed: 125,344
Number of K Edges Processed: 125,344
Node Re-explore factor: 29.88
Edge Re-explore factor: 0.98
Nodes/cy: 96
Edges/cy: 96
TEPS: 99

---DCache---
DCache Size: 31,152
DRAM words: 129,408
  DHits: 200,352,598
  DMisses: 9,113,163
  DHit Rate (hit/miss): 96%
  DEvictions: 7,177,648
  DEviction Rate (evict/misses): 79%
  MC Transactions: 10,303,646
  MC Writes: 1,081,252
Avg. Transactions: 99% , Writes: 10%, Avg. Latency: 26
Max MC id: 3 of 8. Transactions: 99% , Writes: 10%, MC mean Latency: 26
HBM refresh energy (nJ): 3
HBM access energy (nJ): 19,519,226
MemC wire energy 2.5d (nJ): 6,220,206
MemC wire energy 3d (nJ): 1,555,052

---Energy---
Leakage Energy (nJ): 121,235
PU Dyn E (nJ): 7,002,129
Mem Dyn E (nJ): 40,345,601
Route Dyn E (nJ): 8,643,978
Dynamic Energy (nJ): 55,991,709
Ratio of Dyn/Leak: 462
Total Energy (nJ): 56,112,944
Total Energy (nJ) 3D: 56,022,753
Cores Energy (nJ): 7,005,749
Route Energy (nJ): 8,655,894
Route Energy (nJ) 3D: 13,230,857
Mem Energy   (nJ): 40,451,302
Mem Energy   (nJ) 3D: 35,786,147
Avg. Power (mW): 43,148.73
Power Density (mW/mm2): 128.52

---Runtime---
Runtime in K cycles: 1,300.45
Microseconds: 1,300.45
Time per iteration (ms): 1.30

---Throughput---
GOP/s (aka OPS/ns): 795.80
GOP/s per core: 0.78
FLOP/s: 96.48
FLOP/s per core: 0.09
Max Peak FLOP/s: 1,024.00
Avg. BW GB/s: 3,120.67
Max BW GB/s: 4,096.00

---Traffic---
In-Die bisection_bytes BW (GB/s): 512.00
Inter-board traffic (msg/ns): 0.00, per-link: 0.00
Inter-pack traffic (msg/ns): 0.00, per-link: 0.00
Inter-die traffic (msg/ns): 0.00, per-link: 0.00
Ruche traffic (msg/ns): 0.00, per-link: 0.00
All traffic (msg/ns): 3,542.60, per-link: 3.46
Inter-die reduction wrt all: inf
Inter-board reduction wrt inter-die: -nan

---Data Movement---
All traffic (msg): 4,606,990,790
Arith. Intensity FLOP/Loads: 0.20
Arith. Intensity FLOP/Msgs: 0.03
Arith. Intensity OPS/Loads: 1.63
Arith. Intensity OPS/Msgs: 0.22



===Core Utilization Total=== CORE-S:13;; TIME K cy:1,300 ;; Nodes Proc: 15,595,669 -- Edges Proc: 0
======== IT IS COLD ======= Only 62 Tiles active

===PRINTING FRAME STATS

FCollision In Avg:1, SD:1, Max:8, Min:0
FCollision Out Avg:0, SD:0, Max:0, Min:0
FCollision End Avg:0, SD:0, Max:0, Min:0
FTask1 Avg:17, SD:27, Max:95, Min:0
FTask2 Avg:0, SD:0, Max:0, Min:0
FTask3 Avg:6, SD:2, Max:23, Min:3
FCore Active Avg:22, SD:28, Max:100, Min:3
FRouter Active Avg:35, SD:6, Max:86, Min:24
T1 invocations: 80,786
T2 invocations: 0
T3 invocations: 2,787,257
T3b invocations: 0
Total3 invocations: 2,787,257
Total4 invocations: 0

T3/T2 ratio: inf
T3b/T3 ratio: 0

T1 avg ex cycles: 212
T2 avg ex cycles: -nan
T3&b avg ex cycles: 2
T4 avg ex cycles: -nan
Avg. hops NOC1: -nan
Avg. latency NOC1 (T2): -nan
Avg. hops NOC2: 16
Avg. latency NOC2 (T3): 2,729

===PRINTING ACUM STATS at pu_cycles: 1,400,451

ACollision In Avg:9, SD:1, Max:13, Min:6
ACollision Out Avg:2, SD:0, Max:4, Min:1
ACollision End Avg:0, SD:0, Max:1, Min:0
ATask1 Avg:66, SD:4, Max:76, Min:56
ATask2 Avg:0, SD:0, Max:0, Min:0
ATask3 Avg:26, SD:3, Max:44, Min:20
ACore Active Avg:93, SD:4, Max:100, Min:80
ARouter Active Avg:83, SD:1, Max:87, Min:80
T1 invocations: 4,013,460
T2 invocations: 0
T3 invocations: 128,059,833
T3b invocations: 0
Total3 invocations: 128,059,833
Total4 invocations: 0

T3/T2 ratio: inf
T3b/T3 ratio: 0

T1 avg ex cycles: 237
T2 avg ex cycles: -nan
T3&b avg ex cycles: 3
T4 avg ex cycles: -nan
Avg. hops NOC1: -nan
Avg. latency NOC1 (T2): -nan
Avg. hops NOC2: 17
Avg. latency NOC2 (T3): 4,068
Number of K Nodes Processed: 128,076
Number of K Edges Processed: 128,076
Node Re-explore factor: 30.54
Edge Re-explore factor: 1.00
Nodes/cy: 91
Edges/cy: 91
TEPS: 92

---DCache---
DCache Size: 31,152
DRAM words: 129,408
  DHits: 205,260,722
  DMisses: 9,291,441
  DHit Rate (hit/miss): 96%
  DEvictions: 7,356,051
  DEviction Rate (evict/misses): 79%
  MC Transactions: 10,498,649
  MC Writes: 1,097,546
Avg. Transactions: 94% , Writes: 10%, Avg. Latency: 25
Max MC id: 3 of 8. Transactions: 94% , Writes: 10%, MC mean Latency: 25
HBM refresh energy (nJ): 3
HBM access energy (nJ): 19,888,640
MemC wire energy 2.5d (nJ): 6,337,927
MemC wire energy 3d (nJ): 1,584,482

---Energy---
Leakage Energy (nJ): 130,558
PU Dyn E (nJ): 7,146,654
Mem Dyn E (nJ): 41,154,507
Route Dyn E (nJ): 8,821,752
Dynamic Energy (nJ): 57,122,913
Ratio of Dyn/Leak: 438
Total Energy (nJ): 57,253,471
Total Energy (nJ) 3D: 57,169,078
Cores Energy (nJ): 7,150,551
Route Energy (nJ): 8,834,584
Route Energy (nJ) 3D: 13,503,637
Mem Energy   (nJ): 41,268,335
Mem Energy   (nJ) 3D: 36,514,890
Avg. Power (mW): 40,882.17
Power Density (mW/mm2): 121.77

---Runtime---
Runtime in K cycles: 1,400.45
Microseconds: 1,400.45
Time per iteration (ms): 1.40

---Throughput---
GOP/s (aka OPS/ns): 754.33
GOP/s per core: 0.74
FLOP/s: 91.42
FLOP/s per core: 0.09
Max Peak FLOP/s: 1,024.00
Avg. BW GB/s: 2,960.35
Max BW GB/s: 4,096.00

---Traffic---
In-Die bisection_bytes BW (GB/s): 512.00
Inter-board traffic (msg/ns): 0.00, per-link: 0.00
Inter-pack traffic (msg/ns): 0.00, per-link: 0.00
Inter-die traffic (msg/ns): 0.00, per-link: 0.00
Ruche traffic (msg/ns): 0.00, per-link: 0.00
All traffic (msg/ns): 3,357.16, per-link: 3.28
Inter-die reduction wrt all: inf
Inter-board reduction wrt inter-die: -nan

---Data Movement---
All traffic (msg): 4,701,537,219
Arith. Intensity FLOP/Loads: 0.20
Arith. Intensity FLOP/Msgs: 0.03
Arith. Intensity OPS/Loads: 1.63
Arith. Intensity OPS/Msgs: 0.22



===Core Utilization Total=== CORE-S:14;; TIME K cy:1,400 ;; Nodes Proc: 15,936,889 -- Edges Proc: 0
======== IT IS COLD ======= Only 5 Tiles active

===PRINTING FRAME STATS

FCollision In Avg:0, SD:0, Max:2, Min:0
FCollision Out Avg:0, SD:0, Max:0, Min:0
FCollision End Avg:0, SD:0, Max:0, Min:0
FTask1 Avg:1, SD:9, Max:92, Min:0
FTask2 Avg:0, SD:0, Max:0, Min:0
FTask3 Avg:1, SD:1, Max:10, Min:0
FCore Active Avg:2, SD:9, Max:100, Min:0
FRouter Active Avg:3, SD:3, Max:43, Min:1
T1 invocations: 6,497
T2 invocations: 0
T3 invocations: 239,603
T3b invocations: 0
Total3 invocations: 239,603
Total4 invocations: 0

T3/T2 ratio: inf
T3b/T3 ratio: 0

T1 avg ex cycles: 226
T2 avg ex cycles: -nan
T3&b avg ex cycles: 2
T4 avg ex cycles: -nan
Avg. hops NOC1: -nan
Avg. latency NOC1 (T2): -nan
Avg. hops NOC2: 15
Avg. latency NOC2 (T3): 3,739

===PRINTING ACUM STATS at pu_cycles: 1,500,157

ACollision In Avg:8, SD:1, Max:12, Min:6
ACollision Out Avg:2, SD:0, Max:4, Min:1
ACollision End Avg:0, SD:0, Max:1, Min:0
ATask1 Avg:62, SD:3, Max:71, Min:53
ATask2 Avg:0, SD:0, Max:0, Min:0
ATask3 Avg:24, SD:3, Max:44, Min:18
ACore Active Avg:86, SD:4, Max:100, Min:75
ARouter Active Avg:78, SD:1, Max:86, Min:75
T1 invocations: 4,020,746
T2 invocations: 0
T3 invocations: 128,300,108
T3b invocations: 0
Total3 invocations: 128,300,108
Total4 invocations: 0

T3/T2 ratio: inf
T3b/T3 ratio: 0

T1 avg ex cycles: 237
T2 avg ex cycles: -nan
T3&b avg ex cycles: 3
T4 avg ex cycles: -nan
Avg. hops NOC1: -nan
Avg. latency NOC1 (T2): -nan
Avg. hops NOC2: 17
Avg. latency NOC2 (T3): 4,068
Number of K Nodes Processed: 128,301
Number of K Edges Processed: 128,301
Node Re-explore factor: 30.59
Edge Re-explore factor: 1.00
Nodes/cy: 86
Edges/cy: 86
TEPS: 86

---DCache---
DCache Size: 31,152
DRAM words: 129,408
  DHits: 205,675,742
  DMisses: 9,306,867
  DHit Rate (hit/miss): 96%
  DEvictions: 7,371,478
  DEviction Rate (evict/misses): 79%
  MC Transactions: 10,516,053
  MC Writes: 1,099,519
Avg. Transactions: 88% , Writes: 9%, Avg. Latency: 25
Max MC id: 5 of 8. Transactions: 88% , Writes: 9%, MC mean Latency: 25
HBM refresh energy (nJ): 4
HBM access energy (nJ): 19,921,610
MemC wire energy 2.5d (nJ): 6,348,434
MemC wire energy 3d (nJ): 1,587,108

---Energy---
Leakage Energy (nJ): 139,853
PU Dyn E (nJ): 7,159,698
Mem Dyn E (nJ): 41,226,121
Route Dyn E (nJ): 8,836,973
Dynamic Energy (nJ): 57,222,792
Ratio of Dyn/Leak: 409
Total Energy (nJ): 57,362,645
Total Energy (nJ) 3D: 57,278,427
Cores Energy (nJ): 7,163,873
Route Energy (nJ): 8,850,718
Route Energy (nJ) 3D: 13,527,826
Mem Energy   (nJ): 41,348,053
Mem Energy   (nJ) 3D: 36,586,728
Avg. Power (mW): 38,237.76
Power Density (mW/mm2): 113.89

---Runtime---
Runtime in K cycles: 1,500.16
Microseconds: 1,500.16
Time per iteration (ms): 1.50

---Throughput---
GOP/s (aka OPS/ns): 705.48
GOP/s per core: 0.69
FLOP/s: 85.50
FLOP/s per core: 0.08
Max Peak FLOP/s: 1,024.00
Avg. BW GB/s: 2,768.74
Max BW GB/s: 4,096.00

---Traffic---
In-Die bisection_bytes BW (GB/s): 512.00
Inter-board traffic (msg/ns): 0.00, per-link: 0.00
Inter-pack traffic (msg/ns): 0.00, per-link: 0.00
Inter-die traffic (msg/ns): 0.00, per-link: 0.00
Ruche traffic (msg/ns): 0.00, per-link: 0.00
All traffic (msg/ns): 3,139.45, per-link: 3.07
Inter-die reduction wrt all: inf
Inter-board reduction wrt inter-die: -nan

---Data Movement---
All traffic (msg): 4,709,664,185
Arith. Intensity FLOP/Loads: 0.20
Arith. Intensity FLOP/Msgs: 0.03
Arith. Intensity OPS/Loads: 1.63
Arith. Intensity OPS/Msgs: 0.22



===Core Utilization Total=== CORE-S:15;; TIME K cy:1,500 ;; Nodes Proc: 15,964,542 -- Edges Proc: 0
======== IT IS COLD ======= Only 0 Tiles active
Epoch Done Router: 3
Epoch Done Router: 5
Epoch Done Router: 2
Epoch Done Router: 1
Epoch Done Router: 4
Epoch Done Router: 6
##EPOCH## 1 COMPLETED at Time (K cy): 1,528
Nodes processed until now: 128,311,436
Edges processed until now: 0
Epoch Done Router: 0
Epoch Done Router: 7
Program Done Router Thread: 7
Program Done Router Thread: 3
Program Done Worker Thread: 0
Program Done Router Thread: 5
Program Done Worker Thread: 3
Program Done Router Thread: 1
Program Done Router Thread: 0
Program Done Worker Thread: 5
Program Done Worker Thread: 1
Program Done Router Thread: 6
Program Done Router Thread: 2
Program Done Worker Thread: 2
Program Done Worker Thread: 6
Program Done Worker Thread: 4
Program Done Worker Thread: 7
Program Done Router Thread: 4

===PRINTING ACUM STATS at pu_cycles: 1,528,193

ACollision In Avg:8, SD:1, Max:12, Min:6
ACollision Out Avg:2, SD:0, Max:4, Min:1
ACollision End Avg:0, SD:0, Max:1, Min:0
ATask1 Avg:61, SD:3, Max:70, Min:52
ATask2 Avg:0, SD:0, Max:0, Min:0
ATask3 Avg:24, SD:3, Max:41, Min:18
ACore Active Avg:85, SD:4, Max:100, Min:73
ARouter Active Avg:77, SD:1, Max:80, Min:74
T1 invocations: 4,022,324
T2 invocations: 0
T3 invocations: 128,311,436
T3b invocations: 0
Total3 invocations: 128,311,436
Total4 invocations: 0

T3/T2 ratio: inf
T3b/T3 ratio: 0

T1 avg ex cycles: 237
T2 avg ex cycles: -nan
T3&b avg ex cycles: 3
T4 avg ex cycles: -nan
Avg. hops NOC1: -nan
Avg. latency NOC1 (T2): -nan
Avg. hops NOC2: 17
Avg. latency NOC2 (T3): 4,069

Runtime at program end in K cycles: 1,528
Runtime before cooldown in K cycles: 1,200


Number of K Nodes Processed: 128,311
Number of K Edges Processed: 128,311
Node Re-explore factor: 30.59
Edge Re-explore factor: 1.00
Nodes/cy: 84
Edges/cy: 84
TEPS: 84

---DCache---
DCache Size: 31,152
DRAM words: 129,408
  DHits: 205,694,197
  DMisses: 9,307,610
  DHit Rate (hit/miss): 96%
  DEvictions: 7,372,221
  DEviction Rate (evict/misses): 79%
  MC Transactions: 10,516,796
  MC Writes: 1,099,519
Avg. Transactions: 86% , Writes: 9%, Avg. Latency: 25
Max MC id: 5 of 8. Transactions: 86% , Writes: 9%, MC mean Latency: 25
HBM refresh energy (nJ): 4
HBM access energy (nJ): 19,923,018
MemC wire energy 2.5d (nJ): 6,348,883
MemC wire energy 3d (nJ): 1,587,221

---Energy---
Leakage Energy (nJ): 142,466
PU Dyn E (nJ): 7,162,157
Mem Dyn E (nJ): 41,230,216
Route Dyn E (nJ): 8,837,736
Dynamic Energy (nJ): 57,230,109
Ratio of Dyn/Leak: 402
Total Energy (nJ): 57,372,575
Total Energy (nJ) 3D: 57,288,425
Cores Energy (nJ): 7,166,410
Route Energy (nJ): 8,851,738
Route Energy (nJ) 3D: 13,529,250
Mem Energy   (nJ): 41,354,428
Mem Energy   (nJ) 3D: 36,592,766
Avg. Power (mW): 37,542.75
Power Density (mW/mm2): 111.82

---Runtime---
Runtime in K cycles: 1,528.19
Microseconds: 1,528.19
Time per iteration (ms): 1.53

---Inst---
K Loads: 649,601
K Stores: 388,956
K Instructions: 1,058,669

---Throughput---
GOP/s (aka OPS/ns): 692.76
GOP/s per core: 0.68
FLOP/s: 83.96
FLOP/s per core: 0.08
Max Peak FLOP/s: 1,024.00
Avg. BW GB/s: 2,718.40
Max BW GB/s: 4,096.00

---Traffic---
In-Die bisection_bytes BW (GB/s): 512.00
Inter-board traffic (msg/ns): 0.00, per-link: 0.00
Inter-pack traffic (msg/ns): 0.00, per-link: 0.00
Inter-die traffic (msg/ns): 0.00, per-link: 0.00
Ruche traffic (msg/ns): 0.00, per-link: 0.00
All traffic (msg/ns): 3,082.11, per-link: 3.01
Inter-die reduction wrt all: inf
Inter-board reduction wrt inter-die: -nan

---Data Movement---
All traffic (msg): 4,710,065,792
Arith. Intensity FLOP/Loads: 0.20
Arith. Intensity FLOP/Msgs: 0.03
Arith. Intensity OPS/Loads: 1.63
Arith. Intensity OPS/Msgs: 0.22

Simulation time: 123.40
Sim noc_cy/s: 12,383.78
Sim Msg/s: 38,168,226.05

Version 31

