Dataset:  Kron22/
Dry run: 0
Open Edge Count File succesfully
Edges Traversed BFS: 128309848
Found Vertices: 4194304, Edges: 128311436
avg degree 31
Array  Kron22/node_array.bin found
Malloc array of size 16777220 bytes
Readin array of size 16777216 bytes
Finished Reading Array Bytes
No reordering Array 32bit
Array  Kron22/edge_array.bin found
Malloc array of size 513245744 bytes
Readin array of size 513245744 bytes
Finished Reading Array Bytes
No reordering Array 32bit
Array  Kron22/edge_values.bin found
Malloc array of size 513245744 bytes
Readin array of size 513245744 bytes
Finished Reading Array Bytes
No reordering Array 32bit
Reading graph elapsed time: 0.261452s

Dataset Footprint: 1027 MiB
Dataset Footprint per Board: 8615.1 Mb
Dataset injection time (ms): 0.525824
Max Dataset Footprint: 1026 MiB

Dataset footprint per tile: 1027 KiB
Proxys footprint per tile: 0 KiB
Reserved SRAM per tile: 28 KiB

Ideal SRAM per tile: 1055 KiB
reserved_words_for_dataset:24756
dataset_words_per_tile:262912
remaining_sram_words:123782
min_dcache_sram_words_required:25138
dataset_words_per_tile:262912
min_pcache_sram_words_required:0
proxys_words_per_tile:0
Dcache footprint ratio: 3
Dataset Cached: 1
DCache: 122336 words, lines: 7646, sets: 7646
Proxys Cached: 0
Pcache: 0 words, sets: 0
Node per tile: 4,096
Edge per tile: 125,305
GRID_X: 32
GRID_SIZE: 1,024
smt_per_tile: 1
noc_freq: 1
pu_freq: 1
RUCHE_X: 8
PROXY_W: 32
DIE_W: 16
DIE_H: 16
DIES: 4
BORDER_TILES_PER_DIE: 64
PACK_W: 32
PACK_H: 32
DIES_PACK_FACTOR: 2
DIES_PER_PACK: 4
PACKAGES: 1
BOARD_W: 32
BOARD_H: 32
BOARDS: 1
MUX_BUS: 1
DCACHE: 1
PCACHE: 0
PROXY_FACTOR: 1
CACHE_WAYS: 1
TORUS: 1
PHY_NOCS: 1
WIDE_NOC_ID: 0
NOC_CONF: 1
noc_width: 32
hbm_channel_bit_width: 512
ld_st_op_byte_width: 4
PROXY_ROUTING: 0
WRITE_THROUGH: 0
ASSERT_MODE: 0
GLOBAL_BARRIER: 0
OQ flits: 36 ; 384 ; 2
IQ flits: 576 ; 6,144 ; 2
OQ messages: 12 ; 192 ; 1
IQ messages: 192 ; 3,072 ; 1
max_task2 size: 64
io_factor_t2: 16
io_factor_t3: 16
io_factor_t3b: 16

Active SRAM Storage per tile: 511 KiB
Total SRAM Storage per tile: 512 KiB
Agreggated SRAM Storage: 512 MiB

Active DRAM Storage per tile: 1.00293 MiB
Total DRAM Storage per tile: 32 MiB
Agreggated DRAM Storage: 32 GiB

Inter-Die #links: 512
Inter-Die (Gbits): 16,384
Inter-Die (Gbits/mm): 448.481
Bisection BW of Board (Gbits): 8,192
Border IO #Dies: 8
Border IO Die BW (Gbits): 2,048
Off-Board BW Total (Gbits): 16,384
Off-Board BW Density (Gbits/mm): 134
Die side: 9.13 mm
Die border wire density: 448.48 Gbits/mm
HBM wire density: 448.48 Gbits/mm

Tiles per Die: 256 (16x16)
Tile Area: 0.20 mm2, side: 0.44 mm
- Core/Rout Area: 0.05 mm2
- SRAM Area: 0.14 mm2
- SRAM/Logic Ratio: 2.64x

Dies per Package: 4 (2x2)
Die Area: 83.41 mm2, side: 9.13 mm
- Tiles Area: 50.67 mm2
- PHY Area: 23.74 mm2
- MC Area: 9.00 mm2

Packages per Board: 1 (1x1)
Package Area: 933.65 mm2, side: 30.56 mm
- IOdie Area: 160.00 mm2
- Dies Area: 333.65 mm2
- HBM Area: 440.00 mm2

Boards: 1 (1x1)
Board Area: 933.65 mm2
Total Area: 933.65 mm2



ESTIMATED COST OF SILICON AND PACKAGING. ONLY VARIABLE, NO FIXED COSTS
Good dies per wafer 3d: 407
Good dies per wafer 2d: 660
--Dies 3D Cost: 59.43 $
--Dies 2.5D Cost: 36.65 $
--Dies 2D Cost: 36.65 $
--HBM Cost: 240.00 $
--IOdie Cost: 16.88 $
--Packaging Cost 3d: 13.28 $
--Packaging Cost 2.5d: 20.86 $
--Packaging Cost 2d: 8.03 $
SiP Cost 3d: 329.59 $
SiP Cost 2.5d: 314.38 $
SiP Cost 2d: 61.56 $
--Board Cost: 0.93 $
Total SiPs Cost 3d: 330.52 $
Total SiPs Cost 2.5d: 315.32 $
Total SiPs Cost 2d: 62.49 $

Perf counters initialized
Mesh connected
Cache structures initialized
proxys initialized
Dataset structures initialized


Starting Simulation
INIT epoch: 1
INIT epoch: 1
INIT epoch: 1
INIT epoch: 1
INIT epoch: 1
INIT epoch: 1
INIT epoch: 1
INIT epoch: 1

===PRINTING FRAME STATS

FCollision In Avg:-nan, SD:-nan, Max:353, Min:33
FCollision Out Avg:-nan, SD:-nan, Max:241, Min:4
FCollision End Avg:-nan, SD:-nan, Max:97, Min:0
FTask1 Avg:-nan, SD:-nan, Max:37, Min:1
FTask2 Avg:-nan, SD:-nan, Max:78, Min:0
FTask3 Avg:-nan, SD:-nan, Max:63, Min:15
FCore Active Avg:-nan, SD:-nan, Max:100, Min:33
FRouter Active Avg:-nan, SD:-nan, Max:98, Min:54
T1 invocations: 118,156
T2 invocations: 467,154
T3 invocations: 14,002,546
T3b invocations: 0
Total3 invocations: 14,002,546
Total4 invocations: 0

T3/T2 ratio: 30
T3b/T3 ratio: 0

T1 avg ex cycles: 124
T2 avg ex cycles: 77
T3&b avg ex cycles: 2
T4 avg ex cycles: -nan
Avg. hops NOC1: 3
Avg. latency NOC1 (T2): 22,939
Avg. hops NOC2: 13
Avg. latency NOC2 (T3): 3,598

===PRINTING ACUM STATS at pu_cycles: 100,702

ACollision In Avg:-nan, SD:-nan, Max:353, Min:33
ACollision Out Avg:-nan, SD:-nan, Max:241, Min:4
ACollision End Avg:-nan, SD:-nan, Max:97, Min:0
ATask1 Avg:-nan, SD:-nan, Max:37, Min:1
ATask2 Avg:-nan, SD:-nan, Max:78, Min:0
ATask3 Avg:-nan, SD:-nan, Max:63, Min:15
ACore Active Avg:-nan, SD:-nan, Max:100, Min:33
ARouter Active Avg:-nan, SD:-nan, Max:98, Min:54
T1 invocations: 118,156
T2 invocations: 467,154
T3 invocations: 14,002,546
T3b invocations: 0
Total3 invocations: 14,002,546
Total4 invocations: 0

T3/T2 ratio: 30
T3b/T3 ratio: 0

T1 avg ex cycles: 124
T2 avg ex cycles: 77
T3&b avg ex cycles: 2
T4 avg ex cycles: -nan
Avg. hops NOC1: 3
Avg. latency NOC1 (T2): 22,939
Avg. hops NOC2: 13
Avg. latency NOC2 (T3): 3,598
Number of K Nodes Processed: 14,084
Number of K Edges Processed: 14,573
Node Re-explore factor: 3.36
Edge Re-explore factor: 0.11
Nodes/cy: 140
Edges/cy: 145
TEPS: 1,274

---DCache---
DCache Size: 122,336
DRAM words: 262,912
  DHits: 37,091,444
  DMisses: 2,172,393
  DHit Rate (hit/miss): 94%
  DEvictions: 227,514
  DEviction Rate (evict/misses): 10%
  MC Transactions: 2,247,466
  MC Writes: 43,760
Avg. Transactions: 70% , Writes: 1%, Avg. Latency: 3
Max MC id: 15 of 32. Transactions: 91% , Writes: 2%, MC mean Latency: 4
HBM refresh energy (nJ): 0
HBM access energy (nJ): 4,257,599
MemC wire energy 2.5d (nJ): 1,053,272
MemC wire energy 3d (nJ): 263,318

---Energy---
Leakage Energy (nJ): 35,140
PU Dyn E (nJ): 860,978
Mem Dyn E (nJ): 9,183,867
Route Dyn E (nJ): 1,349,893
Dynamic Energy (nJ): 11,394,738
Ratio of Dyn/Leak: 324
Total Energy (nJ): 11,429,878
Total Energy (nJ) 3D: 11,372,934
Cores Energy (nJ): 861,259
Route Energy (nJ): 1,351,820
Route Energy (nJ) 3D: 2,084,829
Mem Energy   (nJ): 9,216,800
Mem Energy   (nJ) 3D: 8,426,846
Avg. Power (mW): 113,502.00
Power Density (mW/mm2): 121.57

---Runtime---
Runtime in K cycles: 100.70
Microseconds: 100.70
Time per iteration (ms): 0.10

---Throughput---
GOP/s (aka OPS/ns): 745.70
GOP/s per core: 0.73
FLOP/s: 282.69
FLOP/s per core: 0.28
Max Peak FLOP/s: 1,024.00
Avg. BW GB/s: 5,913.34
Max BW GB/s: 4,096.00

---Traffic---
In-Die bisection_bytes BW (GB/s): 256.00
Inter-board traffic (msg/ns): 0.00, per-link: 0.00
Inter-pack traffic (msg/ns): 0.00, per-link: 0.00
Inter-die traffic (msg/ns): 102.87, per-link: 0.40
Ruche traffic (msg/ns): 98.67, per-link: 0.39
All traffic (msg/ns): 4,175.57, per-link: 4.08
Inter-die reduction wrt all: 40.59
Inter-board reduction wrt inter-die: inf

---Data Movement---
All traffic (msg): 420,488,414
Arith. Intensity FLOP/Loads: 0.38
Arith. Intensity FLOP/Msgs: 0.07
Arith. Intensity OPS/Loads: 1.01
Arith. Intensity OPS/Msgs: 0.18



===Core Utilization Total=== CORE-S:1;; TIME K cy:100 ;; Nodes Proc: 1,786,677 -- Edges Proc: 1,848,875

===PRINTING FRAME STATS

FCollision In Avg:144, SD:50, Max:356, Min:32
FCollision Out Avg:110, SD:44, Max:292, Min:3
FCollision End Avg:43, SD:38, Max:100, Min:0
FTask1 Avg:11, SD:7, Max:35, Min:0
FTask2 Avg:35, SD:18, Max:78, Min:0
FTask3 Avg:29, SD:5, Max:60, Min:18
FCore Active Avg:75, SD:19, Max:100, Min:20
FRouter Active Avg:92, SD:3, Max:98, Min:56
T1 invocations: 100,691
T2 invocations: 452,264
T3 invocations: 14,585,757
T3b invocations: 0
Total3 invocations: 14,585,757
Total4 invocations: 0

T3/T2 ratio: 32
T3b/T3 ratio: 0

T1 avg ex cycles: 109
T2 avg ex cycles: 79
T3&b avg ex cycles: 2
T4 avg ex cycles: -nan
Avg. hops NOC1: 2
Avg. latency NOC1 (T2): 29,884
Avg. hops NOC2: 13
Avg. latency NOC2 (T3): 3,398

===PRINTING ACUM STATS at pu_cycles: 200,781

ACollision In Avg:145, SD:48, Max:347, Min:40
ACollision Out Avg:109, SD:39, Max:252, Min:3
ACollision End Avg:41, SD:33, Max:98, Min:0
ATask1 Avg:13, SD:6, Max:32, Min:1
ATask2 Avg:35, SD:15, Max:76, Min:0
ATask3 Avg:29, SD:5, Max:61, Min:18
ACore Active Avg:77, SD:15, Max:100, Min:26
ARouter Active Avg:92, SD:3, Max:98, Min:55
T1 invocations: 219,007
T2 invocations: 921,476
T3 invocations: 28,606,824
T3b invocations: 0
Total3 invocations: 28,606,824
Total4 invocations: 0

T3/T2 ratio: 31
T3b/T3 ratio: 0

T1 avg ex cycles: 117
T2 avg ex cycles: 78
T3&b avg ex cycles: 2
T4 avg ex cycles: -nan
Avg. hops NOC1: 3
Avg. latency NOC1 (T2): 26,338
Avg. hops NOC2: 13
Avg. latency NOC2 (T3): 3,500
Number of K Nodes Processed: 28,674
Number of K Edges Processed: 29,183
Node Re-explore factor: 6.84
Edge Re-explore factor: 0.23
Nodes/cy: 143
Edges/cy: 145
TEPS: 639

---DCache---
DCache Size: 122,336
DRAM words: 262,912
  DHits: 74,858,727
  DMisses: 4,084,837
  DHit Rate (hit/miss): 95%
  DEvictions: 1,103,959
  DEviction Rate (evict/misses): 27%
  MC Transactions: 4,243,993
  MC Writes: 103,717
Avg. Transactions: 66% , Writes: 2%, Avg. Latency: 2
Max MC id: 31 of 32. Transactions: 86% , Writes: 1%, MC mean Latency: 2
HBM refresh energy (nJ): 1
HBM access energy (nJ): 8,039,820
MemC wire energy 2.5d (nJ): 1,988,942
MemC wire energy 3d (nJ): 497,236

---Energy---
Leakage Energy (nJ): 70,063
PU Dyn E (nJ): 1,726,938
Mem Dyn E (nJ): 17,851,408
Route Dyn E (nJ): 2,711,573
Dynamic Energy (nJ): 22,289,920
Ratio of Dyn/Leak: 318
Total Energy (nJ): 22,359,983
Total Energy (nJ) 3D: 22,340,068
Cores Energy (nJ): 1,727,497
Route Energy (nJ): 2,715,414
Route Energy (nJ) 3D: 4,187,206
Mem Energy   (nJ): 17,917,072
Mem Energy   (nJ) 3D: 16,425,365
Avg. Power (mW): 111,365.03
Power Density (mW/mm2): 119.28

---Runtime---
Runtime in K cycles: 200.78
Microseconds: 200.78
Time per iteration (ms): 0.20

---Throughput---
GOP/s (aka OPS/ns): 737.78
GOP/s per core: 0.72
FLOP/s: 287.49
FLOP/s per core: 0.28
Max Peak FLOP/s: 1,024.00
Avg. BW GB/s: 5,997.19
Max BW GB/s: 4,096.00

---Traffic---
In-Die bisection_bytes BW (GB/s): 256.00
Inter-board traffic (msg/ns): 0.00, per-link: 0.00
Inter-pack traffic (msg/ns): 0.00, per-link: 0.00
Inter-die traffic (msg/ns): 103.86, per-link: 0.41
Ruche traffic (msg/ns): 99.49, per-link: 0.39
All traffic (msg/ns): 4,187.51, per-link: 4.09
Inter-die reduction wrt all: 40.32
Inter-board reduction wrt inter-die: inf

---Data Movement---
All traffic (msg): 840,772,206
Arith. Intensity FLOP/Loads: 0.38
Arith. Intensity FLOP/Msgs: 0.07
Arith. Intensity OPS/Loads: 0.99
Arith. Intensity OPS/Msgs: 0.18



===Core Utilization Total=== CORE-S:2;; TIME K cy:200 ;; Nodes Proc: 3,593,609 -- Edges Proc: 3,627,666

===PRINTING FRAME STATS

FCollision In Avg:137, SD:49, Max:380, Min:18
FCollision Out Avg:106, SD:46, Max:283, Min:0
FCollision End Avg:40, SD:38, Max:100, Min:0
FTask1 Avg:11, SD:7, Max:35, Min:0
FTask2 Avg:35, SD:20, Max:79, Min:0
FTask3 Avg:28, SD:5, Max:59, Min:16
FCore Active Avg:74, SD:21, Max:100, Min:20
FRouter Active Avg:92, SD:3, Max:98, Min:56
T1 invocations: 103,531
T2 invocations: 447,021
T3 invocations: 14,436,903
T3b invocations: 0
Total3 invocations: 14,436,903
Total4 invocations: 0

T3/T2 ratio: 32
T3b/T3 ratio: 0

T1 avg ex cycles: 105
T2 avg ex cycles: 79
T3&b avg ex cycles: 2
T4 avg ex cycles: -nan
Avg. hops NOC1: 2
Avg. latency NOC1 (T2): 28,905
Avg. hops NOC2: 13
Avg. latency NOC2 (T3): 3,647

===PRINTING ACUM STATS at pu_cycles: 300,671

ACollision In Avg:142, SD:46, Max:344, Min:38
ACollision Out Avg:108, SD:39, Max:261, Min:4
ACollision End Avg:41, SD:31, Max:98, Min:0
ATask1 Avg:12, SD:5, Max:30, Min:1
ATask2 Avg:35, SD:14, Max:76, Min:0
ATask3 Avg:29, SD:5, Max:61, Min:19
ACore Active Avg:76, SD:15, Max:100, Min:24
ARouter Active Avg:92, SD:3, Max:98, Min:55
T1 invocations: 321,819
T2 invocations: 1,367,006
T3 invocations: 42,996,939
T3b invocations: 0
Total3 invocations: 42,996,939
Total4 invocations: 0

T3/T2 ratio: 31
T3b/T3 ratio: 0

T1 avg ex cycles: 113
T2 avg ex cycles: 79
T3&b avg ex cycles: 2
T4 avg ex cycles: -nan
Avg. hops NOC1: 3
Avg. latency NOC1 (T2): 27,150
Avg. hops NOC2: 13
Avg. latency NOC2 (T3): 3,553
Number of K Nodes Processed: 43,101
Number of K Edges Processed: 43,616
Node Re-explore factor: 10.28
Edge Re-explore factor: 0.34
Nodes/cy: 143
Edges/cy: 145
TEPS: 427

---DCache---
DCache Size: 122,336
DRAM words: 262,912
  DHits: 112,487,452
  DMisses: 5,970,405
  DHit Rate (hit/miss): 95%
  DEvictions: 2,089,663
  DEviction Rate (evict/misses): 35%
  MC Transactions: 6,212,177
  MC Writes: 163,310
Avg. Transactions: 65% , Writes: 2%, Avg. Latency: 2
Max MC id: 31 of 32. Transactions: 84% , Writes: 1%, MC mean Latency: 2
HBM refresh energy (nJ): 1
HBM access energy (nJ): 11,768,348
MemC wire energy 2.5d (nJ): 2,911,329
MemC wire energy 3d (nJ): 727,832

---Energy---
Leakage Energy (nJ): 104,920
PU Dyn E (nJ): 2,577,895
Mem Dyn E (nJ): 26,396,168
Route Dyn E (nJ): 4,051,638
Dynamic Energy (nJ): 33,025,701
Ratio of Dyn/Leak: 315
Total Energy (nJ): 33,130,621
Total Energy (nJ) 3D: 33,145,013
Cores Energy (nJ): 2,578,732
Route Energy (nJ): 4,057,390
Route Energy (nJ) 3D: 6,255,279
Mem Energy   (nJ): 26,494,500
Mem Energy   (nJ) 3D: 24,311,003
Avg. Power (mW): 110,188.95
Power Density (mW/mm2): 118.02

---Runtime---
Runtime in K cycles: 300.67
Microseconds: 300.67
Time per iteration (ms): 0.30

---Throughput---
GOP/s (aka OPS/ns): 731.25
GOP/s per core: 0.71
FLOP/s: 287.62
FLOP/s per core: 0.28
Max Peak FLOP/s: 1,024.00
Avg. BW GB/s: 5,995.49
Max BW GB/s: 4,096.00

---Traffic---
In-Die bisection_bytes BW (GB/s): 256.00
Inter-board traffic (msg/ns): 0.00, per-link: 0.00
Inter-pack traffic (msg/ns): 0.00, per-link: 0.00
Inter-die traffic (msg/ns): 103.83, per-link: 0.41
Ruche traffic (msg/ns): 99.47, per-link: 0.39
All traffic (msg/ns): 4,171.30, per-link: 4.07
Inter-die reduction wrt all: 40.18
Inter-board reduction wrt inter-die: inf

---Data Movement---
All traffic (msg): 1,254,189,896
Arith. Intensity FLOP/Loads: 0.38
Arith. Intensity FLOP/Msgs: 0.07
Arith. Intensity OPS/Loads: 0.98
Arith. Intensity OPS/Msgs: 0.18



===Core Utilization Total=== CORE-S:3;; TIME K cy:300 ;; Nodes Proc: 5,381,996 -- Edges Proc: 5,465,040

===PRINTING FRAME STATS

FCollision In Avg:134, SD:49, Max:346, Min:14
FCollision Out Avg:104, SD:48, Max:255, Min:0
FCollision End Avg:39, SD:38, Max:100, Min:0
FTask1 Avg:11, SD:7, Max:29, Min:0
FTask2 Avg:34, SD:21, Max:79, Min:0
FTask3 Avg:28, SD:5, Max:59, Min:17
FCore Active Avg:73, SD:22, Max:100, Min:21
FRouter Active Avg:92, SD:3, Max:98, Min:56
T1 invocations: 103,194
T2 invocations: 448,300
T3 invocations: 14,368,855
T3b invocations: 0
Total3 invocations: 14,368,855
Total4 invocations: 0

T3/T2 ratio: 32
T3b/T3 ratio: 0

T1 avg ex cycles: 105
T2 avg ex cycles: 79
T3&b avg ex cycles: 2
T4 avg ex cycles: -nan
Avg. hops NOC1: 2
Avg. latency NOC1 (T2): 28,149
Avg. hops NOC2: 13
Avg. latency NOC2 (T3): 3,745

===PRINTING ACUM STATS at pu_cycles: 400,618

ACollision In Avg:140, SD:45, Max:337, Min:37
ACollision Out Avg:107, SD:38, Max:253, Min:3
ACollision End Avg:40, SD:29, Max:99, Min:0
ATask1 Avg:12, SD:5, Max:25, Min:1
ATask2 Avg:35, SD:14, Max:72, Min:0
ATask3 Avg:29, SD:5, Max:60, Min:18
ACore Active Avg:75, SD:15, Max:100, Min:27
ARouter Active Avg:92, SD:3, Max:98, Min:55
T1 invocations: 425,045
T2 invocations: 1,813,906
T3 invocations: 57,306,206
T3b invocations: 0
Total3 invocations: 57,306,206
Total4 invocations: 0

T3/T2 ratio: 32
T3b/T3 ratio: 0

T1 avg ex cycles: 112
T2 avg ex cycles: 79
T3&b avg ex cycles: 2
T4 avg ex cycles: -nan
Avg. hops NOC1: 3
Avg. latency NOC1 (T2): 27,417
Avg. hops NOC2: 13
Avg. latency NOC2 (T3): 3,598
Number of K Nodes Processed: 57,466
Number of K Edges Processed: 58,004
Node Re-explore factor: 13.70
Edge Re-explore factor: 0.45
Nodes/cy: 143
Edges/cy: 145
TEPS: 320

---DCache---
DCache Size: 122,336
DRAM words: 262,912
  DHits: 150,120,122
  DMisses: 7,851,263
  DHit Rate (hit/miss): 95%
  DEvictions: 3,114,265
  DEviction Rate (evict/misses): 40%
  MC Transactions: 8,176,906
  MC Writes: 225,101
Avg. Transactions: 64% , Writes: 2%, Avg. Latency: 2
Max MC id: 31 of 32. Transactions: 81% , Writes: 2%, MC mean Latency: 2
HBM refresh energy (nJ): 2
HBM access energy (nJ): 15,490,330
MemC wire energy 2.5d (nJ): 3,832,097
MemC wire energy 3d (nJ): 958,024

---Energy---
Leakage Energy (nJ): 139,797
PU Dyn E (nJ): 3,426,291
Mem Dyn E (nJ): 34,920,568
Route Dyn E (nJ): 5,390,262
Dynamic Energy (nJ): 43,737,121
Ratio of Dyn/Leak: 313
Total Energy (nJ): 43,876,918
Total Energy (nJ) 3D: 43,926,405
Cores Energy (nJ): 3,427,406
Route Energy (nJ): 5,397,926
Route Energy (nJ) 3D: 8,321,486
Mem Energy   (nJ): 35,051,586
Mem Energy   (nJ) 3D: 32,177,513
Avg. Power (mW): 109,523.08
Power Density (mW/mm2): 117.31

---Runtime---
Runtime in K cycles: 400.62
Microseconds: 400.62
Time per iteration (ms): 0.40

---Throughput---
GOP/s (aka OPS/ns): 727.62
GOP/s per core: 0.71
FLOP/s: 287.36
FLOP/s per core: 0.28
Max Peak FLOP/s: 1,024.00
Avg. BW GB/s: 5,987.95
Max BW GB/s: 4,096.00

---Traffic---
In-Die bisection_bytes BW (GB/s): 256.00
Inter-board traffic (msg/ns): 0.00, per-link: 0.00
Inter-pack traffic (msg/ns): 0.00, per-link: 0.00
Inter-die traffic (msg/ns): 103.84, per-link: 0.41
Ruche traffic (msg/ns): 99.26, per-link: 0.39
All traffic (msg/ns): 4,161.37, per-link: 4.06
Inter-die reduction wrt all: 40.08
Inter-board reduction wrt inter-die: inf

---Data Movement---
All traffic (msg): 1,667,119,727
Arith. Intensity FLOP/Loads: 0.38
Arith. Intensity FLOP/Msgs: 0.07
Arith. Intensity OPS/Loads: 0.97
Arith. Intensity OPS/Msgs: 0.17



===Core Utilization Total=== CORE-S:4;; TIME K cy:400 ;; Nodes Proc: 7,169,123 -- Edges Proc: 7,299,933

===PRINTING FRAME STATS

FCollision In Avg:136, SD:51, Max:342, Min:8
FCollision Out Avg:108, SD:52, Max:304, Min:1
FCollision End Avg:40, SD:39, Max:100, Min:0
FTask1 Avg:10, SD:7, Max:33, Min:0
FTask2 Avg:33, SD:20, Max:80, Min:0
FTask3 Avg:28, SD:5, Max:56, Min:17
FCore Active Avg:71, SD:22, Max:100, Min:22
FRouter Active Avg:91, SD:4, Max:97, Min:52
T1 invocations: 98,483
T2 invocations: 426,021
T3 invocations: 13,969,533
T3b invocations: 0
Total3 invocations: 13,969,533
Total4 invocations: 0

T3/T2 ratio: 33
T3b/T3 ratio: 0

T1 avg ex cycles: 105
T2 avg ex cycles: 80
T3&b avg ex cycles: 2
T4 avg ex cycles: -nan
Avg. hops NOC1: 2
Avg. latency NOC1 (T2): 28,874
Avg. hops NOC2: 13
Avg. latency NOC2 (T3): 3,638

===PRINTING ACUM STATS at pu_cycles: 500,699

ACollision In Avg:140, SD:44, Max:334, Min:37
ACollision Out Avg:107, SD:39, Max:255, Min:2
ACollision End Avg:40, SD:28, Max:98, Min:0
ATask1 Avg:11, SD:4, Max:21, Min:1
ATask2 Avg:35, SD:13, Max:63, Min:0
ATask3 Avg:29, SD:5, Max:59, Min:19
ACore Active Avg:74, SD:14, Max:100, Min:30
ARouter Active Avg:91, SD:3, Max:98, Min:55
T1 invocations: 524,303
T2 invocations: 2,244,759
T3 invocations: 71,385,589
T3b invocations: 0
Total3 invocations: 71,385,589
Total4 invocations: 0

T3/T2 ratio: 32
T3b/T3 ratio: 0

T1 avg ex cycles: 110
T2 avg ex cycles: 79
T3&b avg ex cycles: 2
T4 avg ex cycles: -nan
Avg. hops NOC1: 3
Avg. latency NOC1 (T2): 27,689
Avg. hops NOC2: 13
Avg. latency NOC2 (T3): 3,607
Number of K Nodes Processed: 71,441
Number of K Edges Processed: 71,924
Node Re-explore factor: 17.03
Edge Re-explore factor: 0.56
Nodes/cy: 143
Edges/cy: 144
TEPS: 256

---DCache---
DCache Size: 122,336
DRAM words: 262,912
  DHits: 186,953,667
  DMisses: 9,670,141
  DHit Rate (hit/miss): 95%
  DEvictions: 4,148,092
  DEviction Rate (evict/misses): 43%
  MC Transactions: 10,075,642
  MC Writes: 285,333
Avg. Transactions: 63% , Writes: 2%, Avg. Latency: 2
Max MC id: 31 of 32. Transactions: 78% , Writes: 2%, MC mean Latency: 2
HBM refresh energy (nJ): 2
HBM access energy (nJ): 19,087,296
MemC wire energy 2.5d (nJ): 4,721,938
MemC wire energy 3d (nJ): 1,180,484

---Energy---
Leakage Energy (nJ): 174,720
PU Dyn E (nJ): 4,257,744
Mem Dyn E (nJ): 43,214,835
Route Dyn E (nJ): 6,699,314
Dynamic Energy (nJ): 54,171,894
Ratio of Dyn/Leak: 310
Total Energy (nJ): 54,346,614
Total Energy (nJ) 3D: 54,442,333
Cores Energy (nJ): 4,259,138
Route Energy (nJ): 6,708,893
Route Energy (nJ) 3D: 10,346,065
Mem Energy   (nJ): 43,378,584
Mem Energy   (nJ) 3D: 39,837,131
Avg. Power (mW): 108,541.49
Power Density (mW/mm2): 116.26

---Runtime---
Runtime in K cycles: 500.70
Microseconds: 500.70
Time per iteration (ms): 0.50

---Throughput---
GOP/s (aka OPS/ns): 721.92
GOP/s per core: 0.71
FLOP/s: 286.10
FLOP/s per core: 0.28
Max Peak FLOP/s: 1,024.00
Avg. BW GB/s: 5,959.86
Max BW GB/s: 4,096.00

---Traffic---
In-Die bisection_bytes BW (GB/s): 256.00
Inter-board traffic (msg/ns): 0.00, per-link: 0.00
Inter-pack traffic (msg/ns): 0.00, per-link: 0.00
Inter-die traffic (msg/ns): 103.16, per-link: 0.40
Ruche traffic (msg/ns): 98.13, per-link: 0.38
All traffic (msg/ns): 4,137.95, per-link: 4.04
Inter-die reduction wrt all: 40.11
Inter-board reduction wrt inter-die: inf

---Data Movement---
All traffic (msg): 2,071,866,388
Arith. Intensity FLOP/Loads: 0.38
Arith. Intensity FLOP/Msgs: 0.07
Arith. Intensity OPS/Loads: 0.97
Arith. Intensity OPS/Msgs: 0.17



===Core Utilization Total=== CORE-S:5;; TIME K cy:500 ;; Nodes Proc: 8,903,989 -- Edges Proc: 9,135,133

===PRINTING FRAME STATS

FCollision In Avg:126, SD:51, Max:370, Min:7
FCollision Out Avg:99, SD:55, Max:304, Min:0
FCollision End Avg:37, SD:39, Max:100, Min:0
FTask1 Avg:10, SD:7, Max:36, Min:0
FTask2 Avg:32, SD:21, Max:80, Min:0
FTask3 Avg:27, SD:5, Max:55, Min:16
FCore Active Avg:68, SD:23, Max:100, Min:20
FRouter Active Avg:90, SD:5, Max:97, Min:34
T1 invocations: 96,064
T2 invocations: 417,085
T3 invocations: 13,443,481
T3b invocations: 0
Total3 invocations: 13,443,481
Total4 invocations: 0

T3/T2 ratio: 32
T3b/T3 ratio: 0

T1 avg ex cycles: 103
T2 avg ex cycles: 79
T3&b avg ex cycles: 2
T4 avg ex cycles: -nan
Avg. hops NOC1: 2
Avg. latency NOC1 (T2): 28,642
Avg. hops NOC2: 13
Avg. latency NOC2 (T3): 3,682

===PRINTING ACUM STATS at pu_cycles: 600,636

ACollision In Avg:137, SD:43, Max:332, Min:34
ACollision Out Avg:106, SD:39, Max:255, Min:2
ACollision End Avg:40, SD:26, Max:98, Min:0
ATask1 Avg:11, SD:4, Max:17, Min:1
ATask2 Avg:34, SD:12, Max:52, Min:0
ATask3 Avg:28, SD:5, Max:59, Min:19
ACore Active Avg:73, SD:13, Max:100, Min:29
ARouter Active Avg:91, SD:3, Max:97, Min:51
T1 invocations: 620,028
T2 invocations: 2,658,066
T3 invocations: 84,732,264
T3b invocations: 0
Total3 invocations: 84,732,264
Total4 invocations: 0

T3/T2 ratio: 32
T3b/T3 ratio: 0

T1 avg ex cycles: 109
T2 avg ex cycles: 79
T3&b avg ex cycles: 2
T4 avg ex cycles: -nan
Avg. hops NOC1: 3
Avg. latency NOC1 (T2): 27,838
Avg. hops NOC2: 13
Avg. latency NOC2 (T3): 3,618
Number of K Nodes Processed: 84,876
Number of K Edges Processed: 85,383
Node Re-explore factor: 20.24
Edge Re-explore factor: 0.67
Nodes/cy: 141
Edges/cy: 142
TEPS: 214

---DCache---
DCache Size: 122,336
DRAM words: 262,912
  DHits: 222,891,204
  DMisses: 11,434,543
  DHit Rate (hit/miss): 95%
  DEvictions: 5,260,456
  DEviction Rate (evict/misses): 46%
  MC Transactions: 11,916,622
  MC Writes: 344,814
Avg. Transactions: 62% , Writes: 2%, Avg. Latency: 2
Max MC id: 31 of 32. Transactions: 73% , Writes: 2%, MC mean Latency: 2
HBM refresh energy (nJ): 3
HBM access energy (nJ): 22,574,848
MemC wire energy 2.5d (nJ): 5,584,711
MemC wire energy 3d (nJ): 1,396,178

---Energy---
Leakage Energy (nJ): 209,594
PU Dyn E (nJ): 5,047,008
Mem Dyn E (nJ): 51,198,307
Route Dyn E (nJ): 7,948,288
Dynamic Energy (nJ): 64,193,603
Ratio of Dyn/Leak: 306
Total Energy (nJ): 64,403,197
Total Energy (nJ) 3D: 64,528,797
Cores Energy (nJ): 5,048,680
Route Energy (nJ): 7,959,778
Route Energy (nJ) 3D: 12,273,911
Mem Energy   (nJ): 51,394,739
Mem Energy   (nJ) 3D: 47,206,206
Avg. Power (mW): 107,225.00
Power Density (mW/mm2): 114.84

---Runtime---
Runtime in K cycles: 600.64
Microseconds: 600.64
Time per iteration (ms): 0.60

---Throughput---
GOP/s (aka OPS/ns): 712.43
GOP/s per core: 0.70
FLOP/s: 282.94
FLOP/s per core: 0.28
Max Peak FLOP/s: 1,024.00
Avg. BW GB/s: 5,892.82
Max BW GB/s: 4,096.00

---Traffic---
In-Die bisection_bytes BW (GB/s): 256.00
Inter-board traffic (msg/ns): 0.00, per-link: 0.00
Inter-pack traffic (msg/ns): 0.00, per-link: 0.00
Inter-die traffic (msg/ns): 102.16, per-link: 0.40
Ruche traffic (msg/ns): 97.10, per-link: 0.38
All traffic (msg/ns): 4,091.03, per-link: 4.00
Inter-die reduction wrt all: 40.05
Inter-board reduction wrt inter-die: inf

---Data Movement---
All traffic (msg): 2,457,222,526
Arith. Intensity FLOP/Loads: 0.38
Arith. Intensity FLOP/Msgs: 0.07
Arith. Intensity OPS/Loads: 0.97
Arith. Intensity OPS/Msgs: 0.17



===Core Utilization Total=== CORE-S:6;; TIME K cy:600 ;; Nodes Proc: 10,573,254 -- Edges Proc: 10,979,408

===PRINTING FRAME STATS

FCollision In Avg:104, SD:54, Max:330, Min:5
FCollision Out Avg:82, SD:54, Max:253, Min:0
FCollision End Avg:30, SD:37, Max:100, Min:0
FTask1 Avg:9, SD:8, Max:39, Min:0
FTask2 Avg:31, SD:24, Max:84, Min:0
FTask3 Avg:25, SD:5, Max:52, Min:13
FCore Active Avg:65, SD:24, Max:100, Min:19
FRouter Active Avg:88, SD:6, Max:96, Min:31
T1 invocations: 92,001
T2 invocations: 391,075
T3 invocations: 12,764,219
T3b invocations: 0
Total3 invocations: 12,764,219
Total4 invocations: 0

T3/T2 ratio: 33
T3b/T3 ratio: 0

T1 avg ex cycles: 98
T2 avg ex cycles: 80
T3&b avg ex cycles: 2
T4 avg ex cycles: -nan
Avg. hops NOC1: 3
Avg. latency NOC1 (T2): 25,923
Avg. hops NOC2: 13
Avg. latency NOC2 (T3): 4,026

===PRINTING ACUM STATS at pu_cycles: 700,720

ACollision In Avg:133, SD:43, Max:318, Min:35
ACollision Out Avg:103, SD:39, Max:251, Min:2
ACollision End Avg:38, SD:24, Max:98, Min:0
ATask1 Avg:11, SD:3, Max:15, Min:1
ATask2 Avg:34, SD:10, Max:46, Min:0
ATask3 Avg:28, SD:5, Max:58, Min:18
ACore Active Avg:72, SD:12, Max:96, Min:29
ARouter Active Avg:91, SD:3, Max:97, Min:48
T1 invocations: 712,650
T2 invocations: 3,053,499
T3 invocations: 97,606,806
T3b invocations: 0
Total3 invocations: 97,606,806
Total4 invocations: 0

T3/T2 ratio: 32
T3b/T3 ratio: 0

T1 avg ex cycles: 108
T2 avg ex cycles: 79
T3&b avg ex cycles: 2
T4 avg ex cycles: -nan
Avg. hops NOC1: 3
Avg. latency NOC1 (T2): 27,597
Avg. hops NOC2: 13
Avg. latency NOC2 (T3): 3,673
Number of K Nodes Processed: 97,648
Number of K Edges Processed: 98,179
Node Re-explore factor: 23.28
Edge Re-explore factor: 0.77
Nodes/cy: 139
Edges/cy: 140
TEPS: 183

---DCache---
DCache Size: 122,336
DRAM words: 262,912
  DHits: 256,972,403
  DMisses: 13,116,371
  DHit Rate (hit/miss): 95%
  DEvictions: 6,429,722
  DEviction Rate (evict/misses): 49%
  MC Transactions: 13,677,074
  MC Writes: 406,082
Avg. Transactions: 61% , Writes: 2%, Avg. Latency: 2
Max MC id: 29 of 32. Transactions: 71% , Writes: 2%, MC mean Latency: 2
HBM refresh energy (nJ): 4
HBM access energy (nJ): 25,909,848
MemC wire energy 2.5d (nJ): 6,409,744
MemC wire energy 3d (nJ): 1,602,436

---Energy---
Leakage Energy (nJ): 244,518
PU Dyn E (nJ): 5,807,636
Mem Dyn E (nJ): 58,852,782
Route Dyn E (nJ): 9,150,594
Dynamic Energy (nJ): 73,811,012
Ratio of Dyn/Leak: 302
Total Energy (nJ): 74,055,530
Total Energy (nJ) 3D: 74,214,742
Cores Energy (nJ): 5,809,586
Route Energy (nJ): 9,163,999
Route Energy (nJ) 3D: 14,130,519
Mem Energy   (nJ): 59,081,945
Mem Energy   (nJ) 3D: 54,274,637
Avg. Power (mW): 105,684.91
Power Density (mW/mm2): 113.20

---Runtime---
Runtime in K cycles: 700.72
Microseconds: 700.72
Time per iteration (ms): 0.70

---Throughput---
GOP/s (aka OPS/ns): 701.63
GOP/s per core: 0.69
FLOP/s: 279.35
FLOP/s per core: 0.27
Max Peak FLOP/s: 1,024.00
Avg. BW GB/s: 5,816.10
Max BW GB/s: 4,096.00

---Traffic---
In-Die bisection_bytes BW (GB/s): 256.00
Inter-board traffic (msg/ns): 0.00, per-link: 0.00
Inter-pack traffic (msg/ns): 0.00, per-link: 0.00
Inter-die traffic (msg/ns): 100.71, per-link: 0.39
Ruche traffic (msg/ns): 95.95, per-link: 0.37
All traffic (msg/ns): 4,036.19, per-link: 3.94
Inter-die reduction wrt all: 40.08
Inter-board reduction wrt inter-die: inf

---Data Movement---
All traffic (msg): 2,828,238,313
Arith. Intensity FLOP/Loads: 0.38
Arith. Intensity FLOP/Msgs: 0.07
Arith. Intensity OPS/Loads: 0.97
Arith. Intensity OPS/Msgs: 0.17



===Core Utilization Total=== CORE-S:7;; TIME K cy:700 ;; Nodes Proc: 12,151,803 -- Edges Proc: 12,692,941

===PRINTING FRAME STATS

FCollision In Avg:73, SD:53, Max:290, Min:3
FCollision Out Avg:59, SD:51, Max:282, Min:0
FCollision End Avg:23, SD:32, Max:100, Min:0
FTask1 Avg:8, SD:9, Max:39, Min:0
FTask2 Avg:27, SD:26, Max:87, Min:0
FTask3 Avg:22, SD:4, Max:44, Min:12
FCore Active Avg:57, SD:26, Max:100, Min:16
FRouter Active Avg:83, SD:8, Max:96, Min:21
T1 invocations: 84,923
T2 invocations: 338,511
T3 invocations: 11,342,680
T3b invocations: 0
Total3 invocations: 11,342,680
Total4 invocations: 0

T3/T2 ratio: 34
T3b/T3 ratio: 0

T1 avg ex cycles: 91
T2 avg ex cycles: 82
T3&b avg ex cycles: 2
T4 avg ex cycles: -nan
Avg. hops NOC1: 3
Avg. latency NOC1 (T2): 22,944
Avg. hops NOC2: 13
Avg. latency NOC2 (T3): 4,636

===PRINTING ACUM STATS at pu_cycles: 800,596

ACollision In Avg:125, SD:41, Max:314, Min:36
ACollision Out Avg:97, SD:38, Max:255, Min:2
ACollision End Avg:36, SD:22, Max:98, Min:0
ATask1 Avg:10, SD:2, Max:13, Min:1
ATask2 Avg:33, SD:8, Max:40, Min:0
ATask3 Avg:27, SD:5, Max:56, Min:18
ACore Active Avg:70, SD:9, Max:93, Min:31
ARouter Active Avg:90, SD:4, Max:97, Min:45
T1 invocations: 796,709
T2 invocations: 3,390,663
T3 invocations: 108,887,177
T3b invocations: 0
Total3 invocations: 108,887,177
Total4 invocations: 0

T3/T2 ratio: 32
T3b/T3 ratio: 0

T1 avg ex cycles: 106
T2 avg ex cycles: 79
T3&b avg ex cycles: 2
T4 avg ex cycles: -nan
Avg. hops NOC1: 3
Avg. latency NOC1 (T2): 27,128
Avg. hops NOC2: 13
Avg. latency NOC2 (T3): 3,775
Number of K Nodes Processed: 108,962
Number of K Edges Processed: 109,466
Node Re-explore factor: 25.98
Edge Re-explore factor: 0.85
Nodes/cy: 136
Edges/cy: 137
TEPS: 160

---DCache---
DCache Size: 122,336
DRAM words: 262,912
  DHits: 287,471,575
  DMisses: 14,603,855
  DHit Rate (hit/miss): 95%
  DEvictions: 7,517,951
  DEviction Rate (evict/misses): 51%
  MC Transactions: 15,230,615
  MC Writes: 459,584
Avg. Transactions: 59% , Writes: 2%, Avg. Latency: 2
Max MC id: 29 of 32. Transactions: 66% , Writes: 2%, MC mean Latency: 2
HBM refresh energy (nJ): 4
HBM access energy (nJ): 28,852,877
MemC wire energy 2.5d (nJ): 7,137,809
MemC wire energy 3d (nJ): 1,784,452

---Energy---
Leakage Energy (nJ): 279,370
PU Dyn E (nJ): 6,469,347
Mem Dyn E (nJ): 65,586,667
Route Dyn E (nJ): 10,189,063
Dynamic Energy (nJ): 82,245,078
Ratio of Dyn/Leak: 294
Total Energy (nJ): 82,524,448
Total Energy (nJ) 3D: 82,697,793
Cores Energy (nJ): 6,471,576
Route Energy (nJ): 10,204,379
Route Energy (nJ) 3D: 15,731,081
Mem Energy   (nJ): 65,848,494
Mem Energy   (nJ) 3D: 60,495,137
Avg. Power (mW): 103,078.77
Power Density (mW/mm2): 110.40

---Runtime---
Runtime in K cycles: 800.60
Microseconds: 800.60
Time per iteration (ms): 0.80

---Throughput---
GOP/s (aka OPS/ns): 683.10
GOP/s per core: 0.67
FLOP/s: 272.60
FLOP/s per core: 0.27
Max Peak FLOP/s: 1,024.00
Avg. BW GB/s: 5,674.33
Max BW GB/s: 4,096.00

---Traffic---
In-Die bisection_bytes BW (GB/s): 256.00
Inter-board traffic (msg/ns): 0.00, per-link: 0.00
Inter-pack traffic (msg/ns): 0.00, per-link: 0.00
Inter-die traffic (msg/ns): 97.95, per-link: 0.38
Ruche traffic (msg/ns): 94.12, per-link: 0.37
All traffic (msg/ns): 3,932.81, per-link: 3.84
Inter-die reduction wrt all: 40.15
Inter-board reduction wrt inter-die: inf

---Data Movement---
All traffic (msg): 3,148,591,568
Arith. Intensity FLOP/Loads: 0.38
Arith. Intensity FLOP/Msgs: 0.07
Arith. Intensity OPS/Loads: 0.96
Arith. Intensity OPS/Msgs: 0.17



===Core Utilization Total=== CORE-S:8;; TIME K cy:800 ;; Nodes Proc: 13,552,180 -- Edges Proc: 14,180,860

===PRINTING FRAME STATS

FCollision In Avg:42, SD:43, Max:258, Min:1
FCollision Out Avg:38, SD:42, Max:222, Min:0
FCollision End Avg:16, SD:28, Max:99, Min:0
FTask1 Avg:6, SD:9, Max:45, Min:0
FTask2 Avg:21, SD:28, Max:91, Min:0
FTask3 Avg:17, SD:4, Max:36, Min:7
FCore Active Avg:44, SD:29, Max:100, Min:11
FRouter Active Avg:72, SD:11, Max:94, Min:15
T1 invocations: 73,036
T2 invocations: 262,937
T3 invocations: 8,843,908
T3b invocations: 0
Total3 invocations: 8,843,908
Total4 invocations: 0

T3/T2 ratio: 34
T3b/T3 ratio: 0

T1 avg ex cycles: 84
T2 avg ex cycles: 81
T3&b avg ex cycles: 2
T4 avg ex cycles: -nan
Avg. hops NOC1: 3
Avg. latency NOC1 (T2): 19,321
Avg. hops NOC2: 12
Avg. latency NOC2 (T3): 4,977

===PRINTING ACUM STATS at pu_cycles: 900,466

ACollision In Avg:116, SD:39, Max:307, Min:33
ACollision Out Avg:91, SD:36, Max:246, Min:2
ACollision End Avg:34, SD:19, Max:90, Min:0
ATask1 Avg:10, SD:1, Max:12, Min:2
ATask2 Avg:31, SD:5, Max:38, Min:0
ATask3 Avg:26, SD:4, Max:54, Min:17
ACore Active Avg:67, SD:7, Max:91, Min:33
ARouter Active Avg:88, SD:4, Max:96, Min:42
T1 invocations: 869,590
T2 invocations: 3,654,621
T3 invocations: 117,722,401
T3b invocations: 0
Total3 invocations: 117,722,401
Total4 invocations: 0

T3/T2 ratio: 32
T3b/T3 ratio: 0

T1 avg ex cycles: 104
T2 avg ex cycles: 79
T3&b avg ex cycles: 2
T4 avg ex cycles: -nan
Avg. hops NOC1: 3
Avg. latency NOC1 (T2): 26,565
Avg. hops NOC2: 13
Avg. latency NOC2 (T3): 3,866
Number of K Nodes Processed: 117,771
Number of K Edges Processed: 118,155
Node Re-explore factor: 28.08
Edge Re-explore factor: 0.92
Nodes/cy: 131
Edges/cy: 131
TEPS: 142

---DCache---
DCache Size: 122,336
DRAM words: 262,912
  DHits: 311,572,529
  DMisses: 15,746,233
  DHit Rate (hit/miss): 95%
  DEvictions: 8,356,620
  DEviction Rate (evict/misses): 53%
  MC Transactions: 16,414,922
  MC Writes: 493,741
Avg. Transactions: 57% , Writes: 2%, Avg. Latency: 2
Max MC id: 29 of 32. Transactions: 61% , Writes: 2%, MC mean Latency: 2
HBM refresh energy (nJ): 5
HBM access energy (nJ): 31,096,428
MemC wire energy 2.5d (nJ): 7,692,834
MemC wire energy 3d (nJ): 1,923,208

---Energy---
Leakage Energy (nJ): 314,220
PU Dyn E (nJ): 6,985,960
Mem Dyn E (nJ): 70,781,924
Route Dyn E (nJ): 10,980,504
Dynamic Energy (nJ): 88,748,389
Ratio of Dyn/Leak: 282
Total Energy (nJ): 89,062,609
Total Energy (nJ) 3D: 89,242,048
Cores Energy (nJ): 6,988,467
Route Energy (nJ): 10,997,731
Route Energy (nJ) 3D: 16,946,795
Mem Energy   (nJ): 71,076,412
Mem Energy   (nJ) 3D: 65,306,787
Avg. Power (mW): 98,907.24
Power Density (mW/mm2): 105.94

---Runtime---
Runtime in K cycles: 900.47
Microseconds: 900.47
Time per iteration (ms): 0.90

---Throughput---
GOP/s (aka OPS/ns): 655.36
GOP/s per core: 0.64
FLOP/s: 261.84
FLOP/s per core: 0.26
Max Peak FLOP/s: 1,024.00
Avg. BW GB/s: 5,450.28
Max BW GB/s: 4,096.00

---Traffic---
In-Die bisection_bytes BW (GB/s): 256.00
Inter-board traffic (msg/ns): 0.00, per-link: 0.00
Inter-pack traffic (msg/ns): 0.00, per-link: 0.00
Inter-die traffic (msg/ns): 93.64, per-link: 0.37
Ruche traffic (msg/ns): 91.11, per-link: 0.36
All traffic (msg/ns): 3,766.83, per-link: 3.68
Inter-die reduction wrt all: 40.23
Inter-board reduction wrt inter-die: inf

---Data Movement---
All traffic (msg): 3,391,898,931
Arith. Intensity FLOP/Loads: 0.38
Arith. Intensity FLOP/Msgs: 0.07
Arith. Intensity OPS/Loads: 0.96
Arith. Intensity OPS/Msgs: 0.17



===Core Utilization Total=== CORE-S:9;; TIME K cy:900 ;; Nodes Proc: 14,658,032 -- Edges Proc: 15,170,329
======== IT IS COLD ======= Only 54 Tiles active

===PRINTING FRAME STATS

FCollision In Avg:20, SD:31, Max:174, Min:0
FCollision Out Avg:23, SD:34, Max:157, Min:0
FCollision End Avg:10, SD:22, Max:99, Min:0
FTask1 Avg:4, SD:8, Max:40, Min:0
FTask2 Avg:14, SD:25, Max:95, Min:0
FTask3 Avg:12, SD:3, Max:24, Min:3
FCore Active Avg:29, SD:27, Max:100, Min:7
FRouter Active Avg:54, SD:14, Max:91, Min:10
T1 invocations: 48,987
T2 invocations: 174,237
T3 invocations: 5,929,714
T3b invocations: 0
Total3 invocations: 5,929,714
Total4 invocations: 0

T3/T2 ratio: 34
T3b/T3 ratio: 0

T1 avg ex cycles: 82
T2 avg ex cycles: 81
T3&b avg ex cycles: 2
T4 avg ex cycles: -nan
Avg. hops NOC1: 3
Avg. latency NOC1 (T2): 17,483
Avg. hops NOC2: 12
Avg. latency NOC2 (T3): 5,037

===PRINTING ACUM STATS at pu_cycles: 1,000,611

ACollision In Avg:106, SD:36, Max:294, Min:31
ACollision Out Avg:84, SD:34, Max:232, Min:1
ACollision End Avg:32, SD:17, Max:86, Min:0
ATask1 Avg:9, SD:1, Max:11, Min:3
ATask2 Avg:30, SD:3, Max:33, Min:3
ATask3 Avg:25, SD:4, Max:51, Min:16
ACore Active Avg:64, SD:6, Max:90, Min:34
ARouter Active Avg:84, SD:4, Max:94, Min:38
T1 invocations: 919,059
T2 invocations: 3,830,303
T3 invocations: 123,668,391
T3b invocations: 0
Total3 invocations: 123,668,391
Total4 invocations: 0

T3/T2 ratio: 32
T3b/T3 ratio: 0

T1 avg ex cycles: 103
T2 avg ex cycles: 79
T3&b avg ex cycles: 2
T4 avg ex cycles: -nan
Avg. hops NOC1: 3
Avg. latency NOC1 (T2): 26,147
Avg. hops NOC2: 13
Avg. latency NOC2 (T3): 3,923
Number of K Nodes Processed: 123,693
Number of K Edges Processed: 123,899
Node Re-explore factor: 29.49
Edge Re-explore factor: 0.97
Nodes/cy: 124
Edges/cy: 124
TEPS: 128

---DCache---
DCache Size: 122,336
DRAM words: 262,912
  DHits: 327,998,651
  DMisses: 16,503,631
  DHit Rate (hit/miss): 95%
  DEvictions: 8,937,271
  DEviction Rate (evict/misses): 54%
  MC Transactions: 17,198,115
  MC Writes: 516,552
Avg. Transactions: 54% , Writes: 2%, Avg. Latency: 2
Max MC id: 10 of 32. Transactions: 56% , Writes: 2%, MC mean Latency: 2
HBM refresh energy (nJ): 5
HBM access energy (nJ): 32,580,109
MemC wire energy 2.5d (nJ): 8,059,876
MemC wire energy 3d (nJ): 2,014,969

---Energy---
Leakage Energy (nJ): 349,166
PU Dyn E (nJ): 7,332,156
Mem Dyn E (nJ): 74,245,559
Route Dyn E (nJ): 11,498,971
Dynamic Energy (nJ): 93,076,686
Ratio of Dyn/Leak: 267
Total Energy (nJ): 93,425,852
Total Energy (nJ) 3D: 93,604,542
Cores Energy (nJ): 7,334,941
Route Energy (nJ): 11,518,113
Route Energy (nJ) 3D: 17,741,710
Mem Energy   (nJ): 74,572,798
Mem Energy   (nJ) 3D: 68,527,891
Avg. Power (mW): 93,368.80
Power Density (mW/mm2): 100.00

---Runtime---
Runtime in K cycles: 1,000.61
Microseconds: 1,000.61
Time per iteration (ms): 1.00

---Throughput---
GOP/s (aka OPS/ns): 618.67
GOP/s per core: 0.60
FLOP/s: 247.39
FLOP/s per core: 0.24
Max Peak FLOP/s: 1,024.00
Avg. BW GB/s: 5,149.50
Max BW GB/s: 4,096.00

---Traffic---
In-Die bisection_bytes BW (GB/s): 256.00
Inter-board traffic (msg/ns): 0.00, per-link: 0.00
Inter-pack traffic (msg/ns): 0.00, per-link: 0.00
Inter-die traffic (msg/ns): 88.07, per-link: 0.34
Ruche traffic (msg/ns): 86.65, per-link: 0.34
All traffic (msg/ns): 3,548.94, per-link: 3.47
Inter-die reduction wrt all: 40.30
Inter-board reduction wrt inter-die: inf

---Data Movement---
All traffic (msg): 3,551,103,475
Arith. Intensity FLOP/Loads: 0.38
Arith. Intensity FLOP/Msgs: 0.07
Arith. Intensity OPS/Loads: 0.96
Arith. Intensity OPS/Msgs: 0.17



===Core Utilization Total=== CORE-S:10;; TIME K cy:1,000 ;; Nodes Proc: 15,400,327 -- Edges Proc: 15,649,933
======== IT IS COLD ======= Only 26 Tiles active

===PRINTING FRAME STATS

FCollision In Avg:8, SD:21, Max:121, Min:0
FCollision Out Avg:11, SD:25, Max:102, Min:0
FCollision End Avg:5, SD:15, Max:98, Min:0
FTask1 Avg:2, SD:6, Max:39, Min:0
FTask2 Avg:7, SD:19, Max:98, Min:0
FTask3 Avg:6, SD:2, Max:20, Min:1
FCore Active Avg:15, SD:21, Max:100, Min:4
FRouter Active Avg:32, SD:12, Max:82, Min:4
T1 invocations: 24,812
T2 invocations: 89,670
T3 invocations: 3,200,300
T3b invocations: 0
Total3 invocations: 3,200,300
Total4 invocations: 0

T3/T2 ratio: 36
T3b/T3 ratio: 0

T1 avg ex cycles: 82
T2 avg ex cycles: 80
T3&b avg ex cycles: 2
T4 avg ex cycles: -nan
Avg. hops NOC1: 3
Avg. latency NOC1 (T2): 16,464
Avg. hops NOC2: 12
Avg. latency NOC2 (T3): 4,946

===PRINTING ACUM STATS at pu_cycles: 1,100,271

ACollision In Avg:98, SD:33, Max:267, Min:28
ACollision Out Avg:77, SD:31, Max:213, Min:1
ACollision End Avg:29, SD:15, Max:78, Min:0
ATask1 Avg:9, SD:1, Max:10, Min:4
ATask2 Avg:28, SD:2, Max:29, Min:12
ATask3 Avg:23, SD:4, Max:47, Min:15
ACore Active Avg:59, SD:5, Max:85, Min:40
ARouter Active Avg:80, SD:4, Max:92, Min:35
T1 invocations: 943,239
T2 invocations: 3,915,971
T3 invocations: 126,813,827
T3b invocations: 0
Total3 invocations: 126,813,827
Total4 invocations: 0

T3/T2 ratio: 32
T3b/T3 ratio: 0

T1 avg ex cycles: 102
T2 avg ex cycles: 79
T3&b avg ex cycles: 2
T4 avg ex cycles: -nan
Avg. hops NOC1: 3
Avg. latency NOC1 (T2): 25,932
Avg. hops NOC2: 13
Avg. latency NOC2 (T3): 3,945
Number of K Nodes Processed: 126,846
Number of K Edges Processed: 126,906
Node Re-explore factor: 30.24
Edge Re-explore factor: 0.99
Nodes/cy: 115
Edges/cy: 115
TEPS: 117

---DCache---
DCache Size: 122,336
DRAM words: 262,912
  DHits: 336,824,192
  DMisses: 16,898,589
  DHit Rate (hit/miss): 95%
  DEvictions: 9,252,543
  DEviction Rate (evict/misses): 55%
  MC Transactions: 17,601,703
  MC Writes: 524,494
Avg. Transactions: 50% , Writes: 1%, Avg. Latency: 2
Max MC id: 29 of 32. Transactions: 51% , Writes: 2%, MC mean Latency: 2
HBM refresh energy (nJ): 6
HBM access energy (nJ): 33,344,666
MemC wire energy 2.5d (nJ): 8,249,017
MemC wire energy 3d (nJ): 2,062,254

---Energy---
Leakage Energy (nJ): 383,943
PU Dyn E (nJ): 7,506,145
Mem Dyn E (nJ): 76,028,344
Route Dyn E (nJ): 11,762,825
Dynamic Energy (nJ): 95,297,314
Ratio of Dyn/Leak: 248
Total Energy (nJ): 95,681,257
Total Energy (nJ) 3D: 95,856,905
Cores Energy (nJ): 7,509,207
Route Energy (nJ): 11,783,873
Route Energy (nJ) 3D: 18,146,284
Mem Energy   (nJ): 76,388,177
Mem Energy   (nJ) 3D: 70,201,414
Avg. Power (mW): 86,961.54
Power Density (mW/mm2): 93.14

---Runtime---
Runtime in K cycles: 1,100.27
Microseconds: 1,100.27
Time per iteration (ms): 1.10

---Throughput---
GOP/s (aka OPS/ns): 575.79
GOP/s per core: 0.56
FLOP/s: 230.37
FLOP/s per core: 0.22
Max Peak FLOP/s: 1,024.00
Avg. BW GB/s: 4,796.15
Max BW GB/s: 4,096.00

---Traffic---
In-Die bisection_bytes BW (GB/s): 256.00
Inter-board traffic (msg/ns): 0.00, per-link: 0.00
Inter-pack traffic (msg/ns): 0.00, per-link: 0.00
Inter-die traffic (msg/ns): 81.84, per-link: 0.32
Ruche traffic (msg/ns): 81.04, per-link: 0.32
All traffic (msg/ns): 3,301.16, per-link: 3.22
Inter-die reduction wrt all: 40.34
Inter-board reduction wrt inter-die: inf

---Data Movement---
All traffic (msg): 3,632,172,739
Arith. Intensity FLOP/Loads: 0.38
Arith. Intensity FLOP/Msgs: 0.07
Arith. Intensity OPS/Loads: 0.96
Arith. Intensity OPS/Msgs: 0.17



===Core Utilization Total=== CORE-S:11;; TIME K cy:1,100 ;; Nodes Proc: 15,784,563 -- Edges Proc: 15,857,758
======== IT IS COLD ======= Only 9 Tiles active

===PRINTING FRAME STATS

FCollision In Avg:2, SD:13, Max:100, Min:0
FCollision Out Avg:4, SD:17, Max:99, Min:0
FCollision End Avg:2, SD:10, Max:98, Min:0
FTask1 Avg:1, SD:4, Max:41, Min:0
FTask2 Avg:2, SD:12, Max:100, Min:0
FTask3 Avg:2, SD:1, Max:8, Min:0
FCore Active Avg:5, SD:13, Max:100, Min:1
FRouter Active Avg:12, SD:9, Max:78, Min:1
T1 invocations: 8,152
T2 invocations: 29,271
T3 invocations: 1,039,290
T3b invocations: 0
Total3 invocations: 1,039,290
Total4 invocations: 0

T3/T2 ratio: 36
T3b/T3 ratio: 0

T1 avg ex cycles: 77
T2 avg ex cycles: 81
T3&b avg ex cycles: 2
T4 avg ex cycles: -nan
Avg. hops NOC1: 3
Avg. latency NOC1 (T2): 17,410
Avg. hops NOC2: 12
Avg. latency NOC2 (T3): 3,407

===PRINTING ACUM STATS at pu_cycles: 1,200,191

ACollision In Avg:90, SD:31, Max:245, Min:26
ACollision Out Avg:71, SD:29, Max:205, Min:1
ACollision End Avg:27, SD:14, Max:71, Min:0
ATask1 Avg:8, SD:0, Max:10, Min:6
ATask2 Avg:26, SD:1, Max:27, Min:12
ATask3 Avg:21, SD:4, Max:44, Min:14
ACore Active Avg:55, SD:4, Max:79, Min:40
ARouter Active Avg:74, SD:4, Max:85, Min:33
T1 invocations: 952,496
T2 invocations: 3,950,582
T3 invocations: 127,876,632
T3b invocations: 0
Total3 invocations: 127,876,632
Total4 invocations: 0

T3/T2 ratio: 32
T3b/T3 ratio: 0

T1 avg ex cycles: 102
T2 avg ex cycles: 79
T3&b avg ex cycles: 2
T4 avg ex cycles: -nan
Avg. hops NOC1: 3
Avg. latency NOC1 (T2): 25,856
Avg. hops NOC2: 13
Avg. latency NOC2 (T3): 3,944
Number of K Nodes Processed: 127,879
Number of K Edges Processed: 127,897
Node Re-explore factor: 30.49
Edge Re-explore factor: 1.00
Nodes/cy: 107
Edges/cy: 107
TEPS: 107

---DCache---
DCache Size: 122,336
DRAM words: 262,912
  DHits: 339,756,118
  DMisses: 17,028,159
  DHit Rate (hit/miss): 95%
  DEvictions: 9,357,021
  DEviction Rate (evict/misses): 55%
  MC Transactions: 17,734,144
  MC Writes: 527,250
Avg. Transactions: 46% , Writes: 1%, Avg. Latency: 2
Max MC id: 24 of 32. Transactions: 47% , Writes: 1%, MC mean Latency: 2
HBM refresh energy (nJ): 6
HBM access energy (nJ): 33,595,562
MemC wire energy 2.5d (nJ): 8,311,085
MemC wire energy 3d (nJ): 2,077,771

---Energy---
Leakage Energy (nJ): 418,810
PU Dyn E (nJ): 7,570,790
Mem Dyn E (nJ): 76,637,871
Route Dyn E (nJ): 11,854,677
Dynamic Energy (nJ): 96,063,338
Ratio of Dyn/Leak: 229
Total Energy (nJ): 96,482,148
Total Energy (nJ) 3D: 96,660,270
Cores Energy (nJ): 7,574,130
Route Energy (nJ): 11,877,637
Route Energy (nJ) 3D: 18,289,073
Mem Energy   (nJ): 77,030,381
Mem Energy   (nJ) 3D: 70,797,067
Avg. Power (mW): 80,388.99
Power Density (mW/mm2): 86.10

---Runtime---
Runtime in K cycles: 1,200.19
Microseconds: 1,200.19
Time per iteration (ms): 1.20

---Throughput---
GOP/s (aka OPS/ns): 532.35
GOP/s per core: 0.52
FLOP/s: 213.02
FLOP/s per core: 0.21
Max Peak FLOP/s: 1,024.00
Avg. BW GB/s: 4,434.67
Max BW GB/s: 4,096.00

---Traffic---
In-Die bisection_bytes BW (GB/s): 256.00
Inter-board traffic (msg/ns): 0.00, per-link: 0.00
Inter-pack traffic (msg/ns): 0.00, per-link: 0.00
Inter-die traffic (msg/ns): 75.57, per-link: 0.30
Ruche traffic (msg/ns): 74.97, per-link: 0.29
All traffic (msg/ns): 3,049.86, per-link: 2.98
Inter-die reduction wrt all: 40.36
Inter-board reduction wrt inter-die: inf

---Data Movement---
All traffic (msg): 3,660,414,104
Arith. Intensity FLOP/Loads: 0.38
Arith. Intensity FLOP/Msgs: 0.07
Arith. Intensity OPS/Loads: 0.96
Arith. Intensity OPS/Msgs: 0.17



===Core Utilization Total=== CORE-S:12;; TIME K cy:1,200 ;; Nodes Proc: 15,910,415 -- Edges Proc: 15,991,227
======== IT IS COLD ======= Only 4 Tiles active

===PRINTING FRAME STATS

FCollision In Avg:1, SD:8, Max:100, Min:0
FCollision Out Avg:2, SD:10, Max:98, Min:0
FCollision End Avg:0, SD:5, Max:72, Min:0
FTask1 Avg:0, SD:2, Max:33, Min:0
FTask2 Avg:1, SD:6, Max:88, Min:0
FTask3 Avg:1, SD:0, Max:5, Min:0
FCore Active Avg:2, SD:7, Max:100, Min:0
FRouter Active Avg:4, SD:6, Max:49, Min:0
T1 invocations: 2,389
T2 invocations: 8,103
T3 invocations: 381,794
T3b invocations: 0
Total3 invocations: 381,794
Total4 invocations: 0

T3/T2 ratio: 47
T3b/T3 ratio: 0

T1 avg ex cycles: 75
T2 avg ex cycles: 91
T3&b avg ex cycles: 2
T4 avg ex cycles: -nan
Avg. hops NOC1: 4
Avg. latency NOC1 (T2): 18,191
Avg. hops NOC2: 12
Avg. latency NOC2 (T3): 5,462

===PRINTING ACUM STATS at pu_cycles: 1,300,159

ACollision In Avg:83, SD:28, Max:226, Min:24
ACollision Out Avg:66, SD:27, Max:180, Min:1
ACollision End Avg:25, SD:13, Max:66, Min:0
ATask1 Avg:7, SD:0, Max:9, Min:6
ATask2 Avg:24, SD:1, Max:25, Min:16
ATask3 Avg:20, SD:3, Max:40, Min:13
ACore Active Avg:51, SD:4, Max:73, Min:40
ARouter Active Avg:69, SD:4, Max:82, Min:30
T1 invocations: 954,614
T2 invocations: 3,959,685
T3 invocations: 128,254,659
T3b invocations: 0
Total3 invocations: 128,254,659
Total4 invocations: 0

T3/T2 ratio: 32
T3b/T3 ratio: 0

T1 avg ex cycles: 102
T2 avg ex cycles: 80
T3&b avg ex cycles: 2
T4 avg ex cycles: -nan
Avg. hops NOC1: 3
Avg. latency NOC1 (T2): 25,841
Avg. hops NOC2: 13
Avg. latency NOC2 (T3): 3,949
Number of K Nodes Processed: 128,256
Number of K Edges Processed: 128,259
Node Re-explore factor: 30.58
Edge Re-explore factor: 1.00
Nodes/cy: 99
Edges/cy: 99
TEPS: 99

---DCache---
DCache Size: 122,336
DRAM words: 262,912
  DHits: 340,825,212
  DMisses: 17,075,978
  DHit Rate (hit/miss): 95%
  DEvictions: 9,396,106
  DEviction Rate (evict/misses): 55%
  MC Transactions: 17,783,395
  MC Writes: 528,674
Avg. Transactions: 43% , Writes: 1%, Avg. Latency: 2
Max MC id: 24 of 32. Transactions: 43% , Writes: 1%, MC mean Latency: 2
HBM refresh energy (nJ): 7
HBM access energy (nJ): 33,688,863
MemC wire energy 2.5d (nJ): 8,334,167
MemC wire energy 3d (nJ): 2,083,542

---Energy---
Leakage Energy (nJ): 453,694
PU Dyn E (nJ): 7,591,860
Mem Dyn E (nJ): 76,855,187
Route Dyn E (nJ): 11,887,630
Dynamic Energy (nJ): 96,334,678
Ratio of Dyn/Leak: 212
Total Energy (nJ): 96,788,372
Total Energy (nJ) 3D: 96,966,329
Cores Energy (nJ): 7,595,479
Route Energy (nJ): 11,912,503
Route Energy (nJ) 3D: 18,341,085
Mem Energy   (nJ): 77,280,391
Mem Energy   (nJ) 3D: 71,029,766
Avg. Power (mW): 74,443.49
Power Density (mW/mm2): 79.73

---Runtime---
Runtime in K cycles: 1,300.16
Microseconds: 1,300.16
Time per iteration (ms): 1.30

---Throughput---
GOP/s (aka OPS/ns): 492.72
GOP/s per core: 0.48
FLOP/s: 197.21
FLOP/s per core: 0.19
Max Peak FLOP/s: 1,024.00
Avg. BW GB/s: 4,105.36
Max BW GB/s: 4,096.00

---Traffic---
In-Die bisection_bytes BW (GB/s): 256.00
Inter-board traffic (msg/ns): 0.00, per-link: 0.00
Inter-pack traffic (msg/ns): 0.00, per-link: 0.00
Inter-die traffic (msg/ns): 69.95, per-link: 0.27
Ruche traffic (msg/ns): 69.44, per-link: 0.27
All traffic (msg/ns): 2,823.06, per-link: 2.76
Inter-die reduction wrt all: 40.36
Inter-board reduction wrt inter-die: inf

---Data Movement---
All traffic (msg): 3,670,428,950
Arith. Intensity FLOP/Loads: 0.38
Arith. Intensity FLOP/Msgs: 0.07
Arith. Intensity OPS/Loads: 0.96
Arith. Intensity OPS/Msgs: 0.17



===Core Utilization Total=== CORE-S:13;; TIME K cy:1,300 ;; Nodes Proc: 15,956,942 -- Edges Proc: 16,039,040
======== IT IS COLD ======= Only 4 Tiles active
Epoch Done Router: 7
Epoch Done Router: 2
Epoch Done Router: 0
Epoch Done Router: 1
Epoch Done Router: 6
Epoch Done Router: 5
Epoch Done Router: 3
Epoch Done Router: 4
##EPOCH## 1 COMPLETED at Time (K cy): 1,346
Nodes processed until now: 128,311,436
Edges processed until now: 128,311,436
Program Done Worker Thread: 0
Program Done Router Thread: 1
Program Done Router Thread: 6
Program Done Router Thread: 3
Program Done Router Thread: 2
Program Done Worker Thread: 1
Program Done Worker Thread: 4
Program Done Worker Thread: 2
Program Done Worker Thread: 6
Program Done Worker Thread: 3
Program Done Worker Thread: 7
Program Done Worker Thread: 5
Program Done Router Thread: 0
Program Done Router Thread: 4
Program Done Router Thread: 5
Program Done Router Thread: 7

===PRINTING ACUM STATS at pu_cycles: 1,346,403

ACollision In Avg:80, SD:27, Max:218, Min:23
ACollision Out Avg:64, SD:26, Max:174, Min:1
ACollision End Avg:24, SD:12, Max:64, Min:0
ATask1 Avg:7, SD:0, Max:9, Min:6
ATask2 Avg:23, SD:0, Max:24, Min:21
ATask3 Avg:19, SD:3, Max:39, Min:12
ACore Active Avg:49, SD:4, Max:71, Min:41
ARouter Active Avg:66, SD:4, Max:77, Min:29
T1 invocations: 955,273
T2 invocations: 3,964,364
T3 invocations: 128,311,436
T3b invocations: 0
Total3 invocations: 128,311,436
Total4 invocations: 0

T3/T2 ratio: 32
T3b/T3 ratio: 0

T1 avg ex cycles: 102
T2 avg ex cycles: 80
T3&b avg ex cycles: 2
T4 avg ex cycles: -nan
Avg. hops NOC1: 3
Avg. latency NOC1 (T2): 25,831
Avg. hops NOC2: 13
Avg. latency NOC2 (T3): 3,952

Runtime at program end in K cycles: 1,346
Runtime before cooldown in K cycles: 800


Number of K Nodes Processed: 128,311
Number of K Edges Processed: 128,311
Node Re-explore factor: 30.59
Edge Re-explore factor: 1.00
Nodes/cy: 95
Edges/cy: 95
TEPS: 95

---DCache---
DCache Size: 122,336
DRAM words: 262,912
  DHits: 340,978,295
  DMisses: 17,082,937
  DHit Rate (hit/miss): 95%
  DEvictions: 9,403,048
  DEviction Rate (evict/misses): 55%
  MC Transactions: 17,790,548
  MC Writes: 528,866
Avg. Transactions: 41% , Writes: 1%, Avg. Latency: 2
Max MC id: 24 of 32. Transactions: 42% , Writes: 1%, MC mean Latency: 2
HBM refresh energy (nJ): 7
HBM access energy (nJ): 33,702,414
MemC wire energy 2.5d (nJ): 8,337,519
MemC wire energy 3d (nJ): 2,084,380

---Energy---
Leakage Energy (nJ): 469,831
PU Dyn E (nJ): 7,598,278
Mem Dyn E (nJ): 76,896,855
Route Dyn E (nJ): 11,892,944
Dynamic Energy (nJ): 96,388,078
Ratio of Dyn/Leak: 205
Total Energy (nJ): 96,857,909
Total Energy (nJ) 3D: 97,036,177
Cores Energy (nJ): 7,602,026
Route Energy (nJ): 11,918,700
Route Energy (nJ) 3D: 18,350,108
Mem Energy   (nJ): 77,337,183
Mem Energy   (nJ) 3D: 71,084,044
Avg. Power (mW): 71,938.27
Power Density (mW/mm2): 77.05

---Runtime---
Runtime in K cycles: 1,346.40
Microseconds: 1,346.40
Time per iteration (ms): 1.35

---Inst---
K Loads: 666,885
K Stores: 668,557
K Instructions: 641,141

---Throughput---
GOP/s (aka OPS/ns): 476.19
GOP/s per core: 0.47
FLOP/s: 190.60
FLOP/s per core: 0.19
Max Peak FLOP/s: 1,024.00
Avg. BW GB/s: 3,967.44
Max BW GB/s: 4,096.00

---Traffic---
In-Die bisection_bytes BW (GB/s): 256.00
Inter-board traffic (msg/ns): 0.00, per-link: 0.00
Inter-pack traffic (msg/ns): 0.00, per-link: 0.00
Inter-die traffic (msg/ns): 67.58, per-link: 0.26
Ruche traffic (msg/ns): 67.09, per-link: 0.26
All traffic (msg/ns): 2,727.30, per-link: 2.66
Inter-die reduction wrt all: 40.36
Inter-board reduction wrt inter-die: inf

---Data Movement---
All traffic (msg): 3,672,049,406
Arith. Intensity FLOP/Loads: 0.38
Arith. Intensity FLOP/Msgs: 0.07
Arith. Intensity OPS/Loads: 0.96
Arith. Intensity OPS/Msgs: 0.17

Simulation time: 145.94
Sim noc_cy/s: 9,225.94
Sim Msg/s: 25,161,941.90

Version 31

