Dataset:  Kron22/
Dry run: 0
Open Edge Count File succesfully
Edges Traversed BFS: 128309848
Found Vertices: 4194304, Edges: 128311436
avg degree 31
Array  Kron22/node_array.bin found
Malloc array of size 16777220 bytes
Readin array of size 16777216 bytes
Finished Reading Array Bytes
No reordering Array 32bit
Array  Kron22/edge_array.bin found
Malloc array of size 513245744 bytes
Readin array of size 513245744 bytes
Finished Reading Array Bytes
No reordering Array 32bit
Reading graph elapsed time: 0.126466s

Dataset Footprint: 505 MiB
Dataset Footprint per Board: 4240.44 Mb
Dataset injection time (ms): 0.258816
Max Dataset Footprint: 1026 MiB

Dataset footprint per tile: 505 KiB
Proxys footprint per tile: 0 KiB
Reserved SRAM per tile: 4 KiB

Ideal SRAM per tile: 509 KiB
reserved_words_for_dataset:3026
dataset_words_per_tile:129408
remaining_sram_words:15134
min_dcache_sram_words_required:3077
dataset_words_per_tile:129408
min_pcache_sram_words_required:0
proxys_words_per_tile:0
Dcache footprint ratio: 9
Dataset Cached: 1
DCache: 14928 words, lines: 933, sets: 933
Proxys Cached: 0
Pcache: 0 words, sets: 0
Node per tile: 4,096
Edge per tile: 125,305
GRID_X: 32
GRID_SIZE: 1,024
smt_per_tile: 1
noc_freq: 1
pu_freq: 1
RUCHE_X: 0
PROXY_W: 32
DIE_W: 32
DIE_H: 32
DIES: 1
BORDER_TILES_PER_DIE: 128
PACK_W: 32
PACK_H: 32
DIES_PACK_FACTOR: 1
DIES_PER_PACK: 1
PACKAGES: 1
BOARD_W: 32
BOARD_H: 32
BOARDS: 1
MUX_BUS: 1
DCACHE: 1
PCACHE: 0
PROXY_FACTOR: 1
CACHE_WAYS: 1
TORUS: 1
PHY_NOCS: 1
WIDE_NOC_ID: 0
NOC_CONF: 1
noc_width: 32
hbm_channel_bit_width: 512
ld_st_op_byte_width: 4
PROXY_ROUTING: 0
WRITE_THROUGH: 0
ASSERT_MODE: 0
GLOBAL_BARRIER: 0
OQ flits: 6 ; 64 ; 2
IQ flits: 6 ; 1,024 ; 32
OQ messages: 2 ; 32 ; 1
IQ messages: 2 ; 512 ; 16
max_task2 size: 64
io_factor_t2: 16
io_factor_t3: 16
io_factor_t3b: 16

Active SRAM Storage per tile: 63 KiB
Total SRAM Storage per tile: 64 KiB
Agreggated SRAM Storage: 64 MiB

Active DRAM Storage per tile: 0.493164 MiB
Total DRAM Storage per tile: 8 MiB
Agreggated DRAM Storage: 8 GiB

Inter-Die #links: 1,024
Inter-Die (Gbits): 32,768
Inter-Die (Gbits/mm): 725.87
Bisection BW of Board (Gbits): 8,192
Border IO #Dies: 4
Border IO Die BW (Gbits): 4,096
Off-Board BW Total (Gbits): 16,384
Off-Board BW Density (Gbits/mm): 229
Die side: 11.29 mm
Die border wire density: 725.87 Gbits/mm
HBM wire density: 362.93 Gbits/mm

Tiles per Die: 1,024 (32x32)
Tile Area: 0.07 mm2, side: 0.26 mm
- Core/Rout Area: 0.05 mm2
- SRAM Area: 0.02 mm2
- SRAM/Logic Ratio: 0.35x

Dies per Package: 1 (1x1)
Die Area: 127.37 mm2, side: 11.29 mm
- Tiles Area: 70.88 mm2
- PHY Area: 47.49 mm2
- MC Area: 9.00 mm2

Packages per Board: 1 (1x1)
Package Area: 317.37 mm2, side: 17.81 mm
- IOdie Area: 80.00 mm2
- Dies Area: 127.37 mm2
- HBM Area: 110.00 mm2

Boards: 1 (1x1)
Board Area: 317.37 mm2
Total Area: 317.37 mm2



ESTIMATED COST OF SILICON AND PACKAGING. ONLY VARIABLE, NO FIXED COSTS
Good dies per wafer 3d: 270
Good dies per wafer 2d: 413
--Dies 3D Cost: 22.40 $
--Dies 2.5D Cost: 14.64 $
--Dies 2D Cost: 14.64 $
--HBM Cost: 60.00 $
--IOdie Cost: 8.44 $
--Packaging Cost 3d: 5.36 $
--Packaging Cost 2.5d: 8.59 $
--Packaging Cost 2d: 3.46 $
SiP Cost 3d: 96.19 $
SiP Cost 2.5d: 91.67 $
SiP Cost 2d: 26.54 $
--Board Cost: 0.32 $
Total SiPs Cost 3d: 96.51 $
Total SiPs Cost 2.5d: 91.99 $
Total SiPs Cost 2d: 26.86 $

Perf counters initialized
Mesh connected
Cache structures initialized
proxys initialized
Dataset structures initialized


Starting Simulation
INIT epoch: 1
INIT epoch: 1
INIT epoch: 1
INIT epoch: 1
INIT epoch: 1
INIT epoch: 1
INIT epoch: 1
INIT epoch: 1

===PRINTING FRAME STATS

FCollision In Avg:-nan, SD:-nan, Max:82, Min:4
FCollision Out Avg:-nan, SD:-nan, Max:65, Min:13
FCollision End Avg:-nan, SD:-nan, Max:19, Min:0
FTask1 Avg:-nan, SD:-nan, Max:65, Min:31
FTask2 Avg:-nan, SD:-nan, Max:0, Min:0
FTask3 Avg:-nan, SD:-nan, Max:67, Min:35
FCore Active Avg:-nan, SD:-nan, Max:100, Min:92
FRouter Active Avg:-nan, SD:-nan, Max:74, Min:60
T1 invocations: 206,713
T2 invocations: 0
T3 invocations: 5,790,920
T3b invocations: 0
Total3 invocations: 5,790,920
Total4 invocations: 0

T3/T2 ratio: inf
T3b/T3 ratio: 0

T1 avg ex cycles: 255
T2 avg ex cycles: -nan
T3&b avg ex cycles: 8
T4 avg ex cycles: -nan
Avg. hops NOC1: -nan
Avg. latency NOC1 (T2): -nan
Avg. hops NOC2: 18
Avg. latency NOC2 (T3): 6,236

===PRINTING ACUM STATS at pu_cycles: 100,639

ACollision In Avg:-nan, SD:-nan, Max:82, Min:4
ACollision Out Avg:-nan, SD:-nan, Max:65, Min:13
ACollision End Avg:-nan, SD:-nan, Max:19, Min:0
ATask1 Avg:-nan, SD:-nan, Max:65, Min:31
ATask2 Avg:-nan, SD:-nan, Max:0, Min:0
ATask3 Avg:-nan, SD:-nan, Max:67, Min:35
ACore Active Avg:-nan, SD:-nan, Max:100, Min:92
ARouter Active Avg:-nan, SD:-nan, Max:74, Min:60
T1 invocations: 206,713
T2 invocations: 0
T3 invocations: 5,790,920
T3b invocations: 0
Total3 invocations: 5,790,920
Total4 invocations: 0

T3/T2 ratio: inf
T3b/T3 ratio: 0

T1 avg ex cycles: 255
T2 avg ex cycles: -nan
T3&b avg ex cycles: 8
T4 avg ex cycles: -nan
Avg. hops NOC1: -nan
Avg. latency NOC1 (T2): -nan
Avg. hops NOC2: 18
Avg. latency NOC2 (T3): 6,236
Number of K Nodes Processed: 5,848
Number of K Edges Processed: 5,848
Node Re-explore factor: 1.39
Edge Re-explore factor: 0.05
Nodes/cy: 58
Edges/cy: 58
TEPS: 1,275

---DCache---
DCache Size: 14,928
DRAM words: 129,408
  DHits: 9,709,365
  DMisses: 708,715
  DHit Rate (hit/miss): 93%
  DEvictions: 170,616
  DEviction Rate (evict/misses): 24%
  MC Transactions: 802,992
  MC Writes: 83,721
Avg. Transactions: 100% , Writes: 10%, Avg. Latency: 63
Max MC id: 6 of 8. Transactions: 100% , Writes: 10%, MC mean Latency: 62
HBM refresh energy (nJ): 0
HBM access energy (nJ): 1,521,188
MemC wire energy 2.5d (nJ): 432,003
MemC wire energy 3d (nJ): 108,001

---Energy---
Leakage Energy (nJ): 5,260
PU Dyn E (nJ): 343,210
Mem Dyn E (nJ): 2,515,526
Route Dyn E (nJ): 382,384
Dynamic Energy (nJ): 3,241,121
Ratio of Dyn/Leak: 616
Total Energy (nJ): 3,246,381
Total Energy (nJ) 3D: 3,149,476
Cores Energy (nJ): 343,491
Route Energy (nJ): 383,307
Route Energy (nJ) 3D: 610,404
Mem Energy   (nJ): 2,519,584
Mem Energy   (nJ) 3D: 2,195,582
Avg. Power (mW): 32,257.68
Power Density (mW/mm2): 101.64

---Runtime---
Runtime in K cycles: 100.64
Microseconds: 100.64
Time per iteration (ms): 0.10

---Throughput---
GOP/s (aka OPS/ns): 501.69
GOP/s per core: 0.49
FLOP/s: 61.70
FLOP/s per core: 0.06
Max Peak FLOP/s: 1,024.00
Avg. BW GB/s: 1,899.22
Max BW GB/s: 4,096.00

---Traffic---
In-Die bisection_bytes BW (GB/s): 512.00
Inter-board traffic (msg/ns): 0.00, per-link: 0.00
Inter-pack traffic (msg/ns): 0.00, per-link: 0.00
Inter-die traffic (msg/ns): 0.00, per-link: 0.00
Ruche traffic (msg/ns): 0.00, per-link: 0.00
All traffic (msg/ns): 2,359.42, per-link: 2.30
Inter-die reduction wrt all: inf
Inter-board reduction wrt inter-die: -nan

---Data Movement---
All traffic (msg): 237,449,538
Arith. Intensity FLOP/Loads: 0.21
Arith. Intensity FLOP/Msgs: 0.03
Arith. Intensity OPS/Loads: 1.67
Arith. Intensity OPS/Msgs: 0.21



===Core Utilization Total=== CORE-S:1;; TIME K cy:100 ;; Nodes Proc: 727,382 -- Edges Proc: 0

===PRINTING FRAME STATS

FCollision In Avg:5, SD:1, Max:28, Min:3
FCollision Out Avg:0, SD:2, Max:38, Min:0
FCollision End Avg:0, SD:0, Max:4, Min:0
FTask1 Avg:65, SD:10, Max:87, Min:42
FTask2 Avg:0, SD:0, Max:0, Min:0
FTask3 Avg:35, SD:10, Max:57, Min:13
FCore Active Avg:100, SD:0, Max:100, Min:97
FRouter Active Avg:79, SD:2, Max:84, Min:64
T1 invocations: 237,886
T2 invocations: 0
T3 invocations: 7,602,899
T3b invocations: 0
Total3 invocations: 7,602,899
Total4 invocations: 0

T3/T2 ratio: inf
T3b/T3 ratio: 0

T1 avg ex cycles: 279
T2 avg ex cycles: -nan
T3&b avg ex cycles: 5
T4 avg ex cycles: -nan
Avg. hops NOC1: -nan
Avg. latency NOC1 (T2): -nan
Avg. hops NOC2: 17
Avg. latency NOC2 (T3): 5,365

===PRINTING ACUM STATS at pu_cycles: 200,613

ACollision In Avg:17, SD:5, Max:44, Min:4
ACollision Out Avg:17, SD:4, Max:38, Min:7
ACollision End Avg:0, SD:1, Max:10, Min:0
ATask1 Avg:58, SD:4, Max:70, Min:42
ATask2 Avg:0, SD:0, Max:0, Min:0
ATask3 Avg:41, SD:4, Max:56, Min:30
ACore Active Avg:100, SD:1, Max:100, Min:96
ARouter Active Avg:72, SD:2, Max:77, Min:64
T1 invocations: 445,461
T2 invocations: 0
T3 invocations: 13,414,594
T3b invocations: 0
Total3 invocations: 13,414,594
Total4 invocations: 0

T3/T2 ratio: inf
T3b/T3 ratio: 0

T1 avg ex cycles: 268
T2 avg ex cycles: -nan
T3&b avg ex cycles: 6
T4 avg ex cycles: -nan
Avg. hops NOC1: -nan
Avg. latency NOC1 (T2): -nan
Avg. hops NOC2: 18
Avg. latency NOC2 (T3): 5,743
Number of K Nodes Processed: 13,457
Number of K Edges Processed: 13,457
Node Re-explore factor: 3.21
Edge Re-explore factor: 0.10
Nodes/cy: 67
Edges/cy: 67
TEPS: 640

---DCache---
DCache Size: 14,928
DRAM words: 129,408
  DHits: 21,966,513
  DMisses: 1,344,379
  DHit Rate (hit/miss): 94%
  DEvictions: 486,213
  DEviction Rate (evict/misses): 36%
  MC Transactions: 1,602,867
  MC Writes: 240,806
Avg. Transactions: 100% , Writes: 15%, Avg. Latency: 56
Max MC id: 6 of 8. Transactions: 100% , Writes: 15%, MC mean Latency: 56
HBM refresh energy (nJ): 0
HBM access energy (nJ): 3,036,471
MemC wire energy 2.5d (nJ): 862,329
MemC wire energy 3d (nJ): 215,582

---Energy---
Leakage Energy (nJ): 10,485
PU Dyn E (nJ): 768,894
Mem Dyn E (nJ): 5,183,398
Route Dyn E (nJ): 850,660
Dynamic Energy (nJ): 6,802,952
Ratio of Dyn/Leak: 649
Total Energy (nJ): 6,813,437
Total Energy (nJ) 3D: 6,671,897
Cores Energy (nJ): 769,453
Route Energy (nJ): 852,499
Route Energy (nJ) 3D: 1,357,705
Mem Energy   (nJ): 5,191,486
Mem Energy   (nJ) 3D: 4,544,739
Avg. Power (mW): 33,963.09
Power Density (mW/mm2): 107.01

---Runtime---
Runtime in K cycles: 200.61
Microseconds: 200.61
Time per iteration (ms): 0.20

---Throughput---
GOP/s (aka OPS/ns): 565.31
GOP/s per core: 0.55
FLOP/s: 68.97
FLOP/s per core: 0.07
Max Peak FLOP/s: 1,024.00
Avg. BW GB/s: 2,183.23
Max BW GB/s: 4,096.00

---Traffic---
In-Die bisection_bytes BW (GB/s): 512.00
Inter-board traffic (msg/ns): 0.00, per-link: 0.00
Inter-pack traffic (msg/ns): 0.00, per-link: 0.00
Inter-die traffic (msg/ns): 0.00, per-link: 0.00
Ruche traffic (msg/ns): 0.00, per-link: 0.00
All traffic (msg/ns): 2,608.23, per-link: 2.55
Inter-die reduction wrt all: inf
Inter-board reduction wrt inter-die: -nan

---Data Movement---
All traffic (msg): 523,244,321
Arith. Intensity FLOP/Loads: 0.20
Arith. Intensity FLOP/Msgs: 0.03
Arith. Intensity OPS/Loads: 1.65
Arith. Intensity OPS/Msgs: 0.22



===Core Utilization Total=== CORE-S:2;; TIME K cy:200 ;; Nodes Proc: 1,674,357 -- Edges Proc: 0

===PRINTING FRAME STATS

FCollision In Avg:6, SD:1, Max:10, Min:4
FCollision Out Avg:0, SD:0, Max:1, Min:0
FCollision End Avg:0, SD:0, Max:1, Min:0
FTask1 Avg:69, SD:9, Max:87, Min:39
FTask2 Avg:0, SD:0, Max:0, Min:0
FTask3 Avg:31, SD:9, Max:61, Min:13
FCore Active Avg:100, SD:0, Max:100, Min:100
FRouter Active Avg:83, SD:2, Max:88, Min:78
T1 invocations: 264,583
T2 invocations: 0
T3 invocations: 8,461,825
T3b invocations: 0
Total3 invocations: 8,461,825
Total4 invocations: 0

T3/T2 ratio: inf
T3b/T3 ratio: 0

T1 avg ex cycles: 265
T2 avg ex cycles: -nan
T3&b avg ex cycles: 4
T4 avg ex cycles: -nan
Avg. hops NOC1: -nan
Avg. latency NOC1 (T2): -nan
Avg. hops NOC2: 17
Avg. latency NOC2 (T3): 4,804

===PRINTING ACUM STATS at pu_cycles: 300,636

ACollision In Avg:14, SD:4, Max:31, Min:4
ACollision Out Avg:11, SD:3, Max:24, Min:4
ACollision End Avg:0, SD:0, Max:7, Min:0
ATask1 Avg:62, SD:4, Max:69, Min:49
ATask2 Avg:0, SD:0, Max:0, Min:0
ATask3 Avg:38, SD:4, Max:50, Min:31
ACore Active Avg:100, SD:0, Max:100, Min:97
ARouter Active Avg:76, SD:2, Max:80, Min:71
T1 invocations: 708,734
T2 invocations: 0
T3 invocations: 21,833,944
T3b invocations: 0
Total3 invocations: 21,833,944
Total4 invocations: 0

T3/T2 ratio: inf
T3b/T3 ratio: 0

T1 avg ex cycles: 267
T2 avg ex cycles: -nan
T3&b avg ex cycles: 5
T4 avg ex cycles: -nan
Avg. hops NOC1: -nan
Avg. latency NOC1 (T2): -nan
Avg. hops NOC2: 17
Avg. latency NOC2 (T3): 5,379
Number of K Nodes Processed: 21,922
Number of K Edges Processed: 21,922
Node Re-explore factor: 5.23
Edge Re-explore factor: 0.17
Nodes/cy: 73
Edges/cy: 73
TEPS: 427

---DCache---
DCache Size: 14,928
DRAM words: 129,408
  DHits: 35,570,649
  DMisses: 2,004,315
  DHit Rate (hit/miss): 95%
  DEvictions: 1,070,788
  DEviction Rate (evict/misses): 53%
  MC Transactions: 2,403,019
  MC Writes: 373,926
Avg. Transactions: 100% , Writes: 16%, Avg. Latency: 51
Max MC id: 0 of 8. Transactions: 100% , Writes: 16%, MC mean Latency: 51
HBM refresh energy (nJ): 0
HBM access energy (nJ): 4,552,279
MemC wire energy 2.5d (nJ): 1,292,804
MemC wire energy 3d (nJ): 323,201

---Energy---
Leakage Energy (nJ): 15,713
PU Dyn E (nJ): 1,238,814
Mem Dyn E (nJ): 7,927,472
Route Dyn E (nJ): 1,367,986
Dynamic Energy (nJ): 10,534,272
Ratio of Dyn/Leak: 670
Total Energy (nJ): 10,549,985
Total Energy (nJ) 3D: 10,392,826
Cores Energy (nJ): 1,239,651
Route Energy (nJ): 1,370,741
Route Energy (nJ) 3D: 2,183,185
Mem Energy   (nJ): 7,939,594
Mem Energy   (nJ) 3D: 6,969,990
Avg. Power (mW): 35,092.22
Power Density (mW/mm2): 110.57

---Runtime---
Runtime in K cycles: 300.64
Microseconds: 300.64
Time per iteration (ms): 0.30

---Throughput---
GOP/s (aka OPS/ns): 608.27
GOP/s per core: 0.59
FLOP/s: 74.03
FLOP/s per core: 0.07
Max Peak FLOP/s: 1,024.00
Avg. BW GB/s: 2,363.52
Max BW GB/s: 4,096.00

---Traffic---
In-Die bisection_bytes BW (GB/s): 512.00
Inter-board traffic (msg/ns): 0.00, per-link: 0.00
Inter-pack traffic (msg/ns): 0.00, per-link: 0.00
Inter-die traffic (msg/ns): 0.00, per-link: 0.00
Ruche traffic (msg/ns): 0.00, per-link: 0.00
All traffic (msg/ns): 2,781.48, per-link: 2.72
Inter-die reduction wrt all: inf
Inter-board reduction wrt inter-die: -nan

---Data Movement---
All traffic (msg): 836,212,753
Arith. Intensity FLOP/Loads: 0.20
Arith. Intensity FLOP/Msgs: 0.03
Arith. Intensity OPS/Loads: 1.64
Arith. Intensity OPS/Msgs: 0.22



===Core Utilization Total=== CORE-S:3;; TIME K cy:300 ;; Nodes Proc: 2,729,738 -- Edges Proc: 0

===PRINTING FRAME STATS

FCollision In Avg:5, SD:1, Max:7, Min:3
FCollision Out Avg:0, SD:0, Max:1, Min:0
FCollision End Avg:0, SD:0, Max:1, Min:0
FTask1 Avg:65, SD:11, Max:88, Min:42
FTask2 Avg:0, SD:0, Max:0, Min:0
FTask3 Avg:35, SD:11, Max:58, Min:12
FCore Active Avg:100, SD:0, Max:100, Min:100
FRouter Active Avg:79, SD:2, Max:85, Min:73
T1 invocations: 241,462
T2 invocations: 0
T3 invocations: 7,719,843
T3b invocations: 0
Total3 invocations: 7,719,843
Total4 invocations: 0

T3/T2 ratio: inf
T3b/T3 ratio: 0

T1 avg ex cycles: 278
T2 avg ex cycles: -nan
T3&b avg ex cycles: 5
T4 avg ex cycles: -nan
Avg. hops NOC1: -nan
Avg. latency NOC1 (T2): -nan
Avg. hops NOC2: 17
Avg. latency NOC2 (T3): 5,286

===PRINTING ACUM STATS at pu_cycles: 400,606

ACollision In Avg:11, SD:3, Max:24, Min:4
ACollision Out Avg:9, SD:2, Max:16, Min:3
ACollision End Avg:0, SD:0, Max:5, Min:0
ATask1 Avg:63, SD:3, Max:71, Min:50
ATask2 Avg:0, SD:0, Max:0, Min:0
ATask3 Avg:37, SD:3, Max:50, Min:28
ACore Active Avg:100, SD:0, Max:100, Min:98
ARouter Active Avg:77, SD:1, Max:81, Min:72
T1 invocations: 950,677
T2 invocations: 0
T3 invocations: 29,570,797
T3b invocations: 0
Total3 invocations: 29,570,797
Total4 invocations: 0

T3/T2 ratio: inf
T3b/T3 ratio: 0

T1 avg ex cycles: 270
T2 avg ex cycles: -nan
T3&b avg ex cycles: 5
T4 avg ex cycles: -nan
Avg. hops NOC1: -nan
Avg. latency NOC1 (T2): -nan
Avg. hops NOC2: 17
Avg. latency NOC2 (T3): 5,355
Number of K Nodes Processed: 29,640
Number of K Edges Processed: 29,640
Node Re-explore factor: 7.07
Edge Re-explore factor: 0.23
Nodes/cy: 74
Edges/cy: 74
TEPS: 320

---DCache---
DCache Size: 14,928
DRAM words: 129,408
  DHits: 47,967,872
  DMisses: 2,642,361
  DHit Rate (hit/miss): 95%
  DEvictions: 1,710,612
  DEviction Rate (evict/misses): 65%
  MC Transactions: 3,202,776
  MC Writes: 528,683
Avg. Transactions: 100% , Writes: 16%, Avg. Latency: 50
Max MC id: 2 of 8. Transactions: 100% , Writes: 16%, MC mean Latency: 51
HBM refresh energy (nJ): 1
HBM access energy (nJ): 6,067,338
MemC wire energy 2.5d (nJ): 1,723,067
MemC wire energy 3d (nJ): 430,767

---Energy---
Leakage Energy (nJ): 20,938
PU Dyn E (nJ): 1,670,854
Mem Dyn E (nJ): 10,605,352
Route Dyn E (nJ): 1,842,976
Dynamic Energy (nJ): 14,119,182
Ratio of Dyn/Leak: 674
Total Energy (nJ): 14,140,120
Total Energy (nJ) 3D: 13,942,360
Cores Energy (nJ): 1,671,969
Route Energy (nJ): 1,846,647
Route Energy (nJ) 3D: 2,941,187
Mem Energy   (nJ): 10,621,505
Mem Energy   (nJ) 3D: 9,329,204
Avg. Power (mW): 35,296.82
Power Density (mW/mm2): 111.22

---Runtime---
Runtime in K cycles: 400.61
Microseconds: 400.61
Time per iteration (ms): 0.40

---Throughput---
GOP/s (aka OPS/ns): 615.88
GOP/s per core: 0.60
FLOP/s: 74.88
FLOP/s per core: 0.07
Max Peak FLOP/s: 1,024.00
Avg. BW GB/s: 2,399.06
Max BW GB/s: 4,096.00

---Traffic---
In-Die bisection_bytes BW (GB/s): 512.00
Inter-board traffic (msg/ns): 0.00, per-link: 0.00
Inter-pack traffic (msg/ns): 0.00, per-link: 0.00
Inter-die traffic (msg/ns): 0.00, per-link: 0.00
Ruche traffic (msg/ns): 0.00, per-link: 0.00
All traffic (msg/ns): 2,810.07, per-link: 2.74
Inter-die reduction wrt all: inf
Inter-board reduction wrt inter-die: -nan

---Data Movement---
All traffic (msg): 1,125,730,494
Arith. Intensity FLOP/Loads: 0.20
Arith. Intensity FLOP/Msgs: 0.03
Arith. Intensity OPS/Loads: 1.64
Arith. Intensity OPS/Msgs: 0.22



===Core Utilization Total=== CORE-S:4;; TIME K cy:400 ;; Nodes Proc: 3,690,533 -- Edges Proc: 0

===PRINTING FRAME STATS

FCollision In Avg:6, SD:1, Max:9, Min:4
FCollision Out Avg:0, SD:0, Max:1, Min:0
FCollision End Avg:0, SD:0, Max:1, Min:0
FTask1 Avg:68, SD:10, Max:87, Min:38
FTask2 Avg:0, SD:0, Max:0, Min:0
FTask3 Avg:32, SD:10, Max:62, Min:13
FCore Active Avg:100, SD:0, Max:100, Min:100
FRouter Active Avg:82, SD:2, Max:89, Min:77
T1 invocations: 260,520
T2 invocations: 0
T3 invocations: 8,333,331
T3b invocations: 0
Total3 invocations: 8,333,331
Total4 invocations: 0

T3/T2 ratio: inf
T3b/T3 ratio: 0

T1 avg ex cycles: 268
T2 avg ex cycles: -nan
T3&b avg ex cycles: 4
T4 avg ex cycles: -nan
Avg. hops NOC1: -nan
Avg. latency NOC1 (T2): -nan
Avg. hops NOC2: 17
Avg. latency NOC2 (T3): 4,878

===PRINTING ACUM STATS at pu_cycles: 500,661

ACollision In Avg:10, SD:2, Max:21, Min:5
ACollision Out Avg:7, SD:2, Max:13, Min:3
ACollision End Avg:0, SD:0, Max:4, Min:0
ATask1 Avg:64, SD:3, Max:71, Min:52
ATask2 Avg:0, SD:0, Max:0, Min:0
ATask3 Avg:36, SD:3, Max:48, Min:29
ACore Active Avg:100, SD:0, Max:100, Min:98
ARouter Active Avg:78, SD:1, Max:81, Min:74
T1 invocations: 1,212,400
T2 invocations: 0
T3 invocations: 37,947,902
T3b invocations: 0
Total3 invocations: 37,947,902
Total4 invocations: 0

T3/T2 ratio: inf
T3b/T3 ratio: 0

T1 avg ex cycles: 269
T2 avg ex cycles: -nan
T3&b avg ex cycles: 5
T4 avg ex cycles: -nan
Avg. hops NOC1: -nan
Avg. latency NOC1 (T2): -nan
Avg. hops NOC2: 17
Avg. latency NOC2 (T3): 5,250
Number of K Nodes Processed: 37,973
Number of K Edges Processed: 37,973
Node Re-explore factor: 9.05
Edge Re-explore factor: 0.30
Nodes/cy: 76
Edges/cy: 76
TEPS: 256

---DCache---
DCache Size: 14,928
DRAM words: 129,408
  DHits: 61,361,737
  DMisses: 3,298,082
  DHit Rate (hit/miss): 95%
  DEvictions: 2,368,300
  DEviction Rate (evict/misses): 72%
  MC Transactions: 4,003,151
  MC Writes: 666,202
Avg. Transactions: 100% , Writes: 17%, Avg. Latency: 48
Max MC id: 0 of 8. Transactions: 100% , Writes: 17%, MC mean Latency: 49
HBM refresh energy (nJ): 1
HBM access energy (nJ): 7,583,569
MemC wire energy 2.5d (nJ): 2,153,662
MemC wire energy 3d (nJ): 538,416

---Energy---
Leakage Energy (nJ): 26,167
PU Dyn E (nJ): 2,138,159
Mem Dyn E (nJ): 13,344,590
Route Dyn E (nJ): 2,357,662
Dynamic Energy (nJ): 17,840,410
Ratio of Dyn/Leak: 682
Total Energy (nJ): 17,866,577
Total Energy (nJ) 3D: 17,651,542
Cores Energy (nJ): 2,139,553
Route Energy (nJ): 2,362,249
Route Energy (nJ) 3D: 3,762,461
Mem Energy   (nJ): 13,364,776
Mem Energy   (nJ) 3D: 11,749,529
Avg. Power (mW): 35,685.98
Power Density (mW/mm2): 112.44

---Runtime---
Runtime in K cycles: 500.66
Microseconds: 500.66
Time per iteration (ms): 0.50

---Throughput---
GOP/s (aka OPS/ns): 630.77
GOP/s per core: 0.62
FLOP/s: 76.63
FLOP/s per core: 0.07
Max Peak FLOP/s: 1,024.00
Avg. BW GB/s: 2,461.23
Max BW GB/s: 4,096.00

---Traffic---
In-Die bisection_bytes BW (GB/s): 512.00
Inter-board traffic (msg/ns): 0.00, per-link: 0.00
Inter-pack traffic (msg/ns): 0.00, per-link: 0.00
Inter-die traffic (msg/ns): 0.00, per-link: 0.00
Ruche traffic (msg/ns): 0.00, per-link: 0.00
All traffic (msg/ns): 2,870.70, per-link: 2.80
Inter-die reduction wrt all: inf
Inter-board reduction wrt inter-die: -nan

---Data Movement---
All traffic (msg): 1,437,245,683
Arith. Intensity FLOP/Loads: 0.20
Arith. Intensity FLOP/Msgs: 0.03
Arith. Intensity OPS/Loads: 1.64
Arith. Intensity OPS/Msgs: 0.22



===Core Utilization Total=== CORE-S:5;; TIME K cy:500 ;; Nodes Proc: 4,727,535 -- Edges Proc: 0

===PRINTING FRAME STATS

FCollision In Avg:5, SD:1, Max:8, Min:3
FCollision Out Avg:0, SD:0, Max:2, Min:0
FCollision End Avg:0, SD:0, Max:1, Min:0
FTask1 Avg:66, SD:10, Max:88, Min:42
FTask2 Avg:0, SD:0, Max:0, Min:0
FTask3 Avg:34, SD:10, Max:58, Min:12
FCore Active Avg:100, SD:0, Max:100, Min:100
FRouter Active Avg:80, SD:2, Max:85, Min:73
T1 invocations: 245,193
T2 invocations: 0
T3 invocations: 7,845,812
T3b invocations: 0
Total3 invocations: 7,845,812
Total4 invocations: 0

T3/T2 ratio: inf
T3b/T3 ratio: 0

T1 avg ex cycles: 275
T2 avg ex cycles: -nan
T3&b avg ex cycles: 4
T4 avg ex cycles: -nan
Avg. hops NOC1: -nan
Avg. latency NOC1 (T2): -nan
Avg. hops NOC2: 17
Avg. latency NOC2 (T3): 5,201

===PRINTING ACUM STATS at pu_cycles: 600,622

ACollision In Avg:9, SD:2, Max:18, Min:5
ACollision Out Avg:6, SD:1, Max:11, Min:2
ACollision End Avg:0, SD:0, Max:3, Min:0
ATask1 Avg:64, SD:3, Max:72, Min:52
ATask2 Avg:0, SD:0, Max:0, Min:0
ATask3 Avg:36, SD:3, Max:48, Min:27
ACore Active Avg:100, SD:0, Max:100, Min:99
ARouter Active Avg:78, SD:1, Max:82, Min:74
T1 invocations: 1,456,796
T2 invocations: 0
T3 invocations: 45,758,645
T3b invocations: 0
Total3 invocations: 45,758,645
Total4 invocations: 0

T3/T2 ratio: inf
T3b/T3 ratio: 0

T1 avg ex cycles: 270
T2 avg ex cycles: -nan
T3&b avg ex cycles: 5
T4 avg ex cycles: -nan
Avg. hops NOC1: -nan
Avg. latency NOC1 (T2): -nan
Avg. hops NOC2: 17
Avg. latency NOC2 (T3): 5,242
Number of K Nodes Processed: 45,815
Number of K Edges Processed: 45,815
Node Re-explore factor: 10.92
Edge Re-explore factor: 0.36
Nodes/cy: 76
Edges/cy: 76
TEPS: 214

---DCache---
DCache Size: 14,928
DRAM words: 129,408
  DHits: 74,018,890
  DMisses: 3,940,033
  DHit Rate (hit/miss): 95%
  DEvictions: 3,011,987
  DEviction Rate (evict/misses): 76%
  MC Transactions: 4,802,891
  MC Writes: 817,118
Avg. Transactions: 100% , Writes: 17%, Avg. Latency: 48
Max MC id: 2 of 8. Transactions: 100% , Writes: 17%, MC mean Latency: 49
HBM refresh energy (nJ): 1
HBM access energy (nJ): 9,098,596
MemC wire energy 2.5d (nJ): 2,583,916
MemC wire energy 3d (nJ): 645,979

---Energy---
Leakage Energy (nJ): 31,392
PU Dyn E (nJ): 2,574,311
Mem Dyn E (nJ): 16,030,662
Route Dyn E (nJ): 2,835,566
Dynamic Energy (nJ): 21,440,539
Ratio of Dyn/Leak: 683
Total Energy (nJ): 21,471,931
Total Energy (nJ) 3D: 21,218,032
Cores Energy (nJ): 2,575,983
Route Energy (nJ): 2,841,070
Route Energy (nJ) 3D: 4,525,108
Mem Energy   (nJ): 16,054,879
Mem Energy   (nJ) 3D: 14,116,942
Avg. Power (mW): 35,749.49
Power Density (mW/mm2): 112.64

---Runtime---
Runtime in K cycles: 600.62
Microseconds: 600.62
Time per iteration (ms): 0.60

---Throughput---
GOP/s (aka OPS/ns): 633.12
GOP/s per core: 0.62
FLOP/s: 76.89
FLOP/s per core: 0.08
Max Peak FLOP/s: 1,024.00
Avg. BW GB/s: 2,472.69
Max BW GB/s: 4,096.00

---Traffic---
In-Die bisection_bytes BW (GB/s): 512.00
Inter-board traffic (msg/ns): 0.00, per-link: 0.00
Inter-pack traffic (msg/ns): 0.00, per-link: 0.00
Inter-die traffic (msg/ns): 0.00, per-link: 0.00
Ruche traffic (msg/ns): 0.00, per-link: 0.00
All traffic (msg/ns): 2,877.73, per-link: 2.81
Inter-die reduction wrt all: inf
Inter-board reduction wrt inter-die: -nan

---Data Movement---
All traffic (msg): 1,728,430,103
Arith. Intensity FLOP/Loads: 0.20
Arith. Intensity FLOP/Msgs: 0.03
Arith. Intensity OPS/Loads: 1.64
Arith. Intensity OPS/Msgs: 0.22



===Core Utilization Total=== CORE-S:6;; TIME K cy:600 ;; Nodes Proc: 5,702,849 -- Edges Proc: 0

===PRINTING FRAME STATS

FCollision In Avg:6, SD:1, Max:8, Min:4
FCollision Out Avg:0, SD:0, Max:1, Min:0
FCollision End Avg:0, SD:0, Max:1, Min:0
FTask1 Avg:68, SD:10, Max:88, Min:40
FTask2 Avg:0, SD:0, Max:0, Min:0
FTask3 Avg:32, SD:10, Max:60, Min:12
FCore Active Avg:100, SD:0, Max:100, Min:100
FRouter Active Avg:82, SD:2, Max:87, Min:76
T1 invocations: 257,238
T2 invocations: 0
T3 invocations: 8,230,145
T3b invocations: 0
Total3 invocations: 8,230,145
Total4 invocations: 0

T3/T2 ratio: inf
T3b/T3 ratio: 0

T1 avg ex cycles: 269
T2 avg ex cycles: -nan
T3&b avg ex cycles: 4
T4 avg ex cycles: -nan
Avg. hops NOC1: -nan
Avg. latency NOC1 (T2): -nan
Avg. hops NOC2: 17
Avg. latency NOC2 (T3): 4,941

===PRINTING ACUM STATS at pu_cycles: 700,639

ACollision In Avg:9, SD:2, Max:17, Min:5
ACollision Out Avg:5, SD:1, Max:9, Min:2
ACollision End Avg:0, SD:0, Max:3, Min:0
ATask1 Avg:65, SD:3, Max:72, Min:53
ATask2 Avg:0, SD:0, Max:0, Min:0
ATask3 Avg:35, SD:3, Max:47, Min:28
ACore Active Avg:100, SD:0, Max:100, Min:99
ARouter Active Avg:79, SD:1, Max:82, Min:75
T1 invocations: 1,713,258
T2 invocations: 0
T3 invocations: 53,955,631
T3b invocations: 0
Total3 invocations: 53,955,631
Total4 invocations: 0

T3/T2 ratio: inf
T3b/T3 ratio: 0

T1 avg ex cycles: 270
T2 avg ex cycles: -nan
T3&b avg ex cycles: 5
T4 avg ex cycles: -nan
Avg. hops NOC1: -nan
Avg. latency NOC1 (T2): -nan
Avg. hops NOC2: 17
Avg. latency NOC2 (T3): 5,197
Number of K Nodes Processed: 54,048
Number of K Edges Processed: 54,048
Node Re-explore factor: 12.89
Edge Re-explore factor: 0.42
Nodes/cy: 77
Edges/cy: 77
TEPS: 183

---DCache---
DCache Size: 14,928
DRAM words: 129,408
  DHits: 87,271,470
  DMisses: 4,593,096
  DHit Rate (hit/miss): 95%
  DEvictions: 3,666,945
  DEviction Rate (evict/misses): 80%
  MC Transactions: 5,602,950
  MC Writes: 957,286
Avg. Transactions: 100% , Writes: 17%, Avg. Latency: 47
Max MC id: 3 of 8. Transactions: 100% , Writes: 17%, MC mean Latency: 48
HBM refresh energy (nJ): 1
HBM access energy (nJ): 10,614,228
MemC wire energy 2.5d (nJ): 3,014,341
MemC wire energy 3d (nJ): 753,585

---Energy---
Leakage Energy (nJ): 36,619
PU Dyn E (nJ): 3,032,090
Mem Dyn E (nJ): 18,753,711
Route Dyn E (nJ): 3,340,736
Dynamic Energy (nJ): 25,126,537
Ratio of Dyn/Leak: 686
Total Energy (nJ): 25,163,156
Total Energy (nJ) 3D: 24,886,457
Cores Energy (nJ): 3,034,040
Route Energy (nJ): 3,347,156
Route Energy (nJ) 3D: 5,331,213
Mem Energy   (nJ): 18,781,960
Mem Energy   (nJ) 3D: 16,521,205
Avg. Power (mW): 35,914.58
Power Density (mW/mm2): 113.16

---Runtime---
Runtime in K cycles: 700.64
Microseconds: 700.64
Time per iteration (ms): 0.70

---Throughput---
GOP/s (aka OPS/ns): 639.31
GOP/s per core: 0.62
FLOP/s: 77.62
FLOP/s per core: 0.08
Max Peak FLOP/s: 1,024.00
Avg. BW GB/s: 2,498.54
Max BW GB/s: 4,096.00

---Traffic---
In-Die bisection_bytes BW (GB/s): 512.00
Inter-board traffic (msg/ns): 0.00, per-link: 0.00
Inter-pack traffic (msg/ns): 0.00, per-link: 0.00
Inter-die traffic (msg/ns): 0.00, per-link: 0.00
Ruche traffic (msg/ns): 0.00, per-link: 0.00
All traffic (msg/ns): 2,903.94, per-link: 2.84
Inter-die reduction wrt all: inf
Inter-board reduction wrt inter-die: -nan

---Data Movement---
All traffic (msg): 2,034,613,068
Arith. Intensity FLOP/Loads: 0.20
Arith. Intensity FLOP/Msgs: 0.03
Arith. Intensity OPS/Loads: 1.63
Arith. Intensity OPS/Msgs: 0.22



===Core Utilization Total=== CORE-S:7;; TIME K cy:700 ;; Nodes Proc: 6,725,577 -- Edges Proc: 0

===PRINTING FRAME STATS

FCollision In Avg:5, SD:1, Max:9, Min:3
FCollision Out Avg:0, SD:0, Max:3, Min:0
FCollision End Avg:0, SD:0, Max:1, Min:0
FTask1 Avg:66, SD:10, Max:88, Min:42
FTask2 Avg:0, SD:0, Max:0, Min:0
FTask3 Avg:34, SD:10, Max:58, Min:12
FCore Active Avg:100, SD:0, Max:100, Min:100
FRouter Active Avg:80, SD:2, Max:87, Min:73
T1 invocations: 247,185
T2 invocations: 0
T3 invocations: 7,909,901
T3b invocations: 0
Total3 invocations: 7,909,901
Total4 invocations: 0

T3/T2 ratio: inf
T3b/T3 ratio: 0

T1 avg ex cycles: 274
T2 avg ex cycles: -nan
T3&b avg ex cycles: 4
T4 avg ex cycles: -nan
Avg. hops NOC1: -nan
Avg. latency NOC1 (T2): -nan
Avg. hops NOC2: 17
Avg. latency NOC2 (T3): 5,153

===PRINTING ACUM STATS at pu_cycles: 800,651

ACollision In Avg:8, SD:1, Max:15, Min:5
ACollision Out Avg:4, SD:1, Max:8, Min:2
ACollision End Avg:0, SD:0, Max:3, Min:0
ATask1 Avg:65, SD:3, Max:73, Min:53
ATask2 Avg:0, SD:0, Max:0, Min:0
ATask3 Avg:35, SD:3, Max:47, Min:27
ACore Active Avg:100, SD:0, Max:100, Min:99
ARouter Active Avg:79, SD:1, Max:83, Min:75
T1 invocations: 1,962,026
T2 invocations: 0
T3 invocations: 61,919,777
T3b invocations: 0
Total3 invocations: 61,919,777
Total4 invocations: 0

T3/T2 ratio: inf
T3b/T3 ratio: 0

T1 avg ex cycles: 271
T2 avg ex cycles: -nan
T3&b avg ex cycles: 5
T4 avg ex cycles: -nan
Avg. hops NOC1: -nan
Avg. latency NOC1 (T2): -nan
Avg. hops NOC2: 17
Avg. latency NOC2 (T3): 5,190
Number of K Nodes Processed: 61,958
Number of K Edges Processed: 61,958
Node Re-explore factor: 14.77
Edge Re-explore factor: 0.48
Nodes/cy: 77
Edges/cy: 77
TEPS: 160

---DCache---
DCache Size: 14,928
DRAM words: 129,408
  DHits: 99,997,844
  DMisses: 5,236,236
  DHit Rate (hit/miss): 95%
  DEvictions: 4,311,945
  DEviction Rate (evict/misses): 82%
  MC Transactions: 6,402,966
  MC Writes: 1,106,971
Avg. Transactions: 100% , Writes: 17%, Avg. Latency: 47
Max MC id: 7 of 8. Transactions: 100% , Writes: 17%, MC mean Latency: 47
HBM refresh energy (nJ): 2
HBM access energy (nJ): 12,129,778
MemC wire energy 2.5d (nJ): 3,444,743
MemC wire energy 3d (nJ): 861,186

---Energy---
Leakage Energy (nJ): 41,846
PU Dyn E (nJ): 3,475,936
Mem Dyn E (nJ): 21,452,957
Route Dyn E (nJ): 3,828,509
Dynamic Energy (nJ): 28,757,403
Ratio of Dyn/Leak: 687
Total Energy (nJ): 28,799,249
Total Energy (nJ) 3D: 28,489,437
Cores Energy (nJ): 3,478,165
Route Energy (nJ): 3,835,845
Route Energy (nJ) 3D: 6,109,591
Mem Energy   (nJ): 21,485,240
Mem Energy   (nJ) 3D: 18,901,682
Avg. Power (mW): 35,969.79
Power Density (mW/mm2): 113.34

---Runtime---
Runtime in K cycles: 800.65
Microseconds: 800.65
Time per iteration (ms): 0.80

---Throughput---
GOP/s (aka OPS/ns): 641.41
GOP/s per core: 0.63
FLOP/s: 77.85
FLOP/s per core: 0.08
Max Peak FLOP/s: 1,024.00
Avg. BW GB/s: 2,508.33
Max BW GB/s: 4,096.00

---Traffic---
In-Die bisection_bytes BW (GB/s): 512.00
Inter-board traffic (msg/ns): 0.00, per-link: 0.00
Inter-pack traffic (msg/ns): 0.00, per-link: 0.00
Inter-die traffic (msg/ns): 0.00, per-link: 0.00
Ruche traffic (msg/ns): 0.00, per-link: 0.00
All traffic (msg/ns): 2,911.70, per-link: 2.84
Inter-die reduction wrt all: inf
Inter-board reduction wrt inter-die: -nan

---Data Movement---
All traffic (msg): 2,331,258,806
Arith. Intensity FLOP/Loads: 0.20
Arith. Intensity FLOP/Msgs: 0.03
Arith. Intensity OPS/Loads: 1.63
Arith. Intensity OPS/Msgs: 0.22



===Core Utilization Total=== CORE-S:8;; TIME K cy:800 ;; Nodes Proc: 7,710,555 -- Edges Proc: 0

===PRINTING FRAME STATS

FCollision In Avg:6, SD:1, Max:9, Min:4
FCollision Out Avg:0, SD:0, Max:2, Min:0
FCollision End Avg:0, SD:0, Max:1, Min:0
FTask1 Avg:68, SD:10, Max:86, Min:43
FTask2 Avg:0, SD:0, Max:0, Min:0
FTask3 Avg:32, SD:10, Max:57, Min:14
FCore Active Avg:100, SD:0, Max:100, Min:100
FRouter Active Avg:82, SD:2, Max:87, Min:76
T1 invocations: 256,443
T2 invocations: 0
T3 invocations: 8,195,700
T3b invocations: 0
Total3 invocations: 8,195,700
Total4 invocations: 0

T3/T2 ratio: inf
T3b/T3 ratio: 0

T1 avg ex cycles: 270
T2 avg ex cycles: -nan
T3&b avg ex cycles: 4
T4 avg ex cycles: -nan
Avg. hops NOC1: -nan
Avg. latency NOC1 (T2): -nan
Avg. hops NOC2: 17
Avg. latency NOC2 (T3): 4,964

===PRINTING ACUM STATS at pu_cycles: 900,621

ACollision In Avg:8, SD:1, Max:14, Min:5
ACollision Out Avg:4, SD:1, Max:7, Min:2
ACollision End Avg:0, SD:0, Max:2, Min:0
ATask1 Avg:65, SD:3, Max:72, Min:53
ATask2 Avg:0, SD:0, Max:0, Min:0
ATask3 Avg:35, SD:3, Max:47, Min:27
ACore Active Avg:100, SD:0, Max:100, Min:99
ARouter Active Avg:79, SD:1, Max:83, Min:75
T1 invocations: 2,217,072
T2 invocations: 0
T3 invocations: 70,061,268
T3b invocations: 0
Total3 invocations: 70,061,268
Total4 invocations: 0

T3/T2 ratio: inf
T3b/T3 ratio: 0

T1 avg ex cycles: 270
T2 avg ex cycles: -nan
T3&b avg ex cycles: 5
T4 avg ex cycles: -nan
Avg. hops NOC1: -nan
Avg. latency NOC1 (T2): -nan
Avg. hops NOC2: 17
Avg. latency NOC2 (T3): 5,164
Number of K Nodes Processed: 70,154
Number of K Edges Processed: 70,154
Node Re-explore factor: 16.73
Edge Re-explore factor: 0.55
Nodes/cy: 78
Edges/cy: 78
TEPS: 142

---DCache---
DCache Size: 14,928
DRAM words: 129,408
  DHits: 113,179,175
  DMisses: 5,888,576
  DHit Rate (hit/miss): 95%
  DEvictions: 4,966,106
  DEviction Rate (evict/misses): 84%
  MC Transactions: 7,202,837
  MC Writes: 1,247,572
Avg. Transactions: 100% , Writes: 17%, Avg. Latency: 47
Max MC id: 3 of 8. Transactions: 100% , Writes: 17%, MC mean Latency: 47
HBM refresh energy (nJ): 2
HBM access energy (nJ): 13,645,054
MemC wire energy 2.5d (nJ): 3,875,067
MemC wire energy 3d (nJ): 968,767

---Energy---
Leakage Energy (nJ): 47,071
PU Dyn E (nJ): 3,930,754
Mem Dyn E (nJ): 24,170,544
Route Dyn E (nJ): 4,327,560
Dynamic Energy (nJ): 32,428,859
Ratio of Dyn/Leak: 689
Total Energy (nJ): 32,475,930
Total Energy (nJ) 3D: 32,139,760
Cores Energy (nJ): 3,933,261
Route Energy (nJ): 4,335,813
Route Energy (nJ) 3D: 6,905,943
Mem Energy   (nJ): 24,206,857
Mem Energy   (nJ) 3D: 21,300,557
Avg. Power (mW): 36,059.49
Power Density (mW/mm2): 113.62

---Runtime---
Runtime in K cycles: 900.62
Microseconds: 900.62
Time per iteration (ms): 0.90

---Throughput---
GOP/s (aka OPS/ns): 644.85
GOP/s per core: 0.63
FLOP/s: 78.26
FLOP/s per core: 0.08
Max Peak FLOP/s: 1,024.00
Avg. BW GB/s: 2,522.65
Max BW GB/s: 4,096.00

---Traffic---
In-Die bisection_bytes BW (GB/s): 512.00
Inter-board traffic (msg/ns): 0.00, per-link: 0.00
Inter-pack traffic (msg/ns): 0.00, per-link: 0.00
Inter-die traffic (msg/ns): 0.00, per-link: 0.00
Ruche traffic (msg/ns): 0.00, per-link: 0.00
All traffic (msg/ns): 2,924.80, per-link: 2.86
Inter-die reduction wrt all: inf
Inter-board reduction wrt inter-die: -nan

---Data Movement---
All traffic (msg): 2,634,134,577
Arith. Intensity FLOP/Loads: 0.20
Arith. Intensity FLOP/Msgs: 0.03
Arith. Intensity OPS/Loads: 1.63
Arith. Intensity OPS/Msgs: 0.22



===Core Utilization Total=== CORE-S:9;; TIME K cy:900 ;; Nodes Proc: 8,728,408 -- Edges Proc: 0

===PRINTING FRAME STATS

FCollision In Avg:5, SD:1, Max:8, Min:3
FCollision Out Avg:0, SD:0, Max:1, Min:0
FCollision End Avg:0, SD:0, Max:1, Min:0
FTask1 Avg:66, SD:10, Max:86, Min:43
FTask2 Avg:0, SD:0, Max:0, Min:0
FTask3 Avg:34, SD:10, Max:57, Min:14
FCore Active Avg:100, SD:0, Max:100, Min:100
FRouter Active Avg:81, SD:2, Max:86, Min:74
T1 invocations: 247,566
T2 invocations: 0
T3 invocations: 7,926,852
T3b invocations: 0
Total3 invocations: 7,926,852
Total4 invocations: 0

T3/T2 ratio: inf
T3b/T3 ratio: 0

T1 avg ex cycles: 275
T2 avg ex cycles: -nan
T3&b avg ex cycles: 4
T4 avg ex cycles: -nan
Avg. hops NOC1: -nan
Avg. latency NOC1 (T2): -nan
Avg. hops NOC2: 17
Avg. latency NOC2 (T3): 5,140

===PRINTING ACUM STATS at pu_cycles: 1,000,640

ACollision In Avg:8, SD:1, Max:13, Min:5
ACollision Out Avg:4, SD:1, Max:7, Min:1
ACollision End Avg:0, SD:0, Max:2, Min:0
ATask1 Avg:65, SD:3, Max:73, Min:53
ATask2 Avg:0, SD:0, Max:0, Min:0
ATask3 Avg:35, SD:3, Max:47, Min:27
ACore Active Avg:100, SD:0, Max:100, Min:99
ARouter Active Avg:79, SD:1, Max:83, Min:76
T1 invocations: 2,465,933
T2 invocations: 0
T3 invocations: 78,017,628
T3b invocations: 0
Total3 invocations: 78,017,628
Total4 invocations: 0

T3/T2 ratio: inf
T3b/T3 ratio: 0

T1 avg ex cycles: 271
T2 avg ex cycles: -nan
T3&b avg ex cycles: 5
T4 avg ex cycles: -nan
Avg. hops NOC1: -nan
Avg. latency NOC1 (T2): -nan
Avg. hops NOC2: 17
Avg. latency NOC2 (T3): 5,162
Number of K Nodes Processed: 78,079
Number of K Edges Processed: 78,079
Node Re-explore factor: 18.62
Edge Re-explore factor: 0.61
Nodes/cy: 78
Edges/cy: 78
TEPS: 128

---DCache---
DCache Size: 14,928
DRAM words: 129,408
  DHits: 125,908,321
  DMisses: 6,532,032
  DHit Rate (hit/miss): 95%
  DEvictions: 5,611,104
  DEviction Rate (evict/misses): 86%
  MC Transactions: 8,002,964
  MC Writes: 1,397,249
Avg. Transactions: 100% , Writes: 17%, Avg. Latency: 47
Max MC id: 3 of 8. Transactions: 100% , Writes: 17%, MC mean Latency: 47
HBM refresh energy (nJ): 2
HBM access energy (nJ): 15,160,815
MemC wire energy 2.5d (nJ): 4,305,529
MemC wire energy 3d (nJ): 1,076,382

---Energy---
Leakage Energy (nJ): 52,299
PU Dyn E (nJ): 4,375,073
Mem Dyn E (nJ): 26,869,828
Route Dyn E (nJ): 4,818,364
Dynamic Energy (nJ): 36,063,266
Ratio of Dyn/Leak: 690
Total Energy (nJ): 36,115,565
Total Energy (nJ) 3D: 35,748,037
Cores Energy (nJ): 4,377,859
Route Energy (nJ): 4,827,533
Route Energy (nJ) 3D: 7,689,151
Mem Energy   (nJ): 26,910,174
Mem Energy   (nJ) 3D: 23,681,027
Avg. Power (mW): 36,092.47
Power Density (mW/mm2): 113.72

---Runtime---
Runtime in K cycles: 1,000.64
Microseconds: 1,000.64
Time per iteration (ms): 1.00

---Throughput---
GOP/s (aka OPS/ns): 646.02
GOP/s per core: 0.63
FLOP/s: 78.40
FLOP/s per core: 0.08
Max Peak FLOP/s: 1,024.00
Avg. BW GB/s: 2,527.96
Max BW GB/s: 4,096.00

---Traffic---
In-Die bisection_bytes BW (GB/s): 512.00
Inter-board traffic (msg/ns): 0.00, per-link: 0.00
Inter-pack traffic (msg/ns): 0.00, per-link: 0.00
Inter-die traffic (msg/ns): 0.00, per-link: 0.00
Ruche traffic (msg/ns): 0.00, per-link: 0.00
All traffic (msg/ns): 2,930.47, per-link: 2.86
Inter-die reduction wrt all: inf
Inter-board reduction wrt inter-die: -nan

---Data Movement---
All traffic (msg): 2,932,348,534
Arith. Intensity FLOP/Loads: 0.20
Arith. Intensity FLOP/Msgs: 0.03
Arith. Intensity OPS/Loads: 1.63
Arith. Intensity OPS/Msgs: 0.22



===Core Utilization Total=== CORE-S:10;; TIME K cy:1,000 ;; Nodes Proc: 9,714,889 -- Edges Proc: 0

===PRINTING FRAME STATS

FCollision In Avg:6, SD:1, Max:10, Min:4
FCollision Out Avg:0, SD:1, Max:3, Min:0
FCollision End Avg:0, SD:0, Max:1, Min:0
FTask1 Avg:68, SD:10, Max:87, Min:38
FTask2 Avg:0, SD:0, Max:0, Min:0
FTask3 Avg:32, SD:10, Max:62, Min:13
FCore Active Avg:100, SD:0, Max:100, Min:100
FRouter Active Avg:82, SD:2, Max:87, Min:77
T1 invocations: 256,110
T2 invocations: 0
T3 invocations: 8,177,556
T3b invocations: 0
Total3 invocations: 8,177,556
Total4 invocations: 0

T3/T2 ratio: inf
T3b/T3 ratio: 0

T1 avg ex cycles: 270
T2 avg ex cycles: -nan
T3&b avg ex cycles: 4
T4 avg ex cycles: -nan
Avg. hops NOC1: -nan
Avg. latency NOC1 (T2): -nan
Avg. hops NOC2: 17
Avg. latency NOC2 (T3): 4,979

===PRINTING ACUM STATS at pu_cycles: 1,100,634

ACollision In Avg:8, SD:1, Max:13, Min:5
ACollision Out Avg:3, SD:1, Max:6, Min:1
ACollision End Avg:0, SD:0, Max:2, Min:0
ATask1 Avg:65, SD:3, Max:72, Min:53
ATask2 Avg:0, SD:0, Max:0, Min:0
ATask3 Avg:34, SD:3, Max:47, Min:27
ACore Active Avg:100, SD:0, Max:100, Min:99
ARouter Active Avg:80, SD:1, Max:83, Min:76
T1 invocations: 2,722,477
T2 invocations: 0
T3 invocations: 86,219,437
T3b invocations: 0
Total3 invocations: 86,219,437
Total4 invocations: 0

T3/T2 ratio: inf
T3b/T3 ratio: 0

T1 avg ex cycles: 271
T2 avg ex cycles: -nan
T3&b avg ex cycles: 5
T4 avg ex cycles: -nan
Avg. hops NOC1: -nan
Avg. latency NOC1 (T2): -nan
Avg. hops NOC2: 17
Avg. latency NOC2 (T3): 5,144
Number of K Nodes Processed: 86,258
Number of K Edges Processed: 86,258
Node Re-explore factor: 20.57
Edge Re-explore factor: 0.67
Nodes/cy: 78
Edges/cy: 78
TEPS: 117

---DCache---
DCache Size: 14,928
DRAM words: 129,408
  DHits: 139,055,823
  DMisses: 7,184,021
  DHit Rate (hit/miss): 95%
  DEvictions: 6,264,838
  DEviction Rate (evict/misses): 87%
  MC Transactions: 8,803,052
  MC Writes: 1,538,363
Avg. Transactions: 100% , Writes: 17%, Avg. Latency: 46
Max MC id: 1 of 8. Transactions: 100% , Writes: 17%, MC mean Latency: 46
HBM refresh energy (nJ): 3
HBM access energy (nJ): 16,676,501
MemC wire energy 2.5d (nJ): 4,735,970
MemC wire energy 3d (nJ): 1,183,992

---Energy---
Leakage Energy (nJ): 57,525
PU Dyn E (nJ): 4,832,506
Mem Dyn E (nJ): 29,592,144
Route Dyn E (nJ): 5,321,451
Dynamic Energy (nJ): 39,746,102
Ratio of Dyn/Leak: 691
Total Energy (nJ): 39,803,627
Total Energy (nJ) 3D: 39,412,050
Cores Energy (nJ): 4,835,569
Route Energy (nJ): 5,331,536
Route Energy (nJ) 3D: 8,491,937
Mem Energy   (nJ): 29,636,522
Mem Energy   (nJ) 3D: 26,084,545
Avg. Power (mW): 36,164.27
Power Density (mW/mm2): 113.95

---Runtime---
Runtime in K cycles: 1,100.63
Microseconds: 1,100.63
Time per iteration (ms): 1.10

---Throughput---
GOP/s (aka OPS/ns): 648.77
GOP/s per core: 0.63
FLOP/s: 78.72
FLOP/s per core: 0.08
Max Peak FLOP/s: 1,024.00
Avg. BW GB/s: 2,539.49
Max BW GB/s: 4,096.00

---Traffic---
In-Die bisection_bytes BW (GB/s): 512.00
Inter-board traffic (msg/ns): 0.00, per-link: 0.00
Inter-pack traffic (msg/ns): 0.00, per-link: 0.00
Inter-die traffic (msg/ns): 0.00, per-link: 0.00
Ruche traffic (msg/ns): 0.00, per-link: 0.00
All traffic (msg/ns): 2,941.45, per-link: 2.87
Inter-die reduction wrt all: inf
Inter-board reduction wrt inter-die: -nan

---Data Movement---
All traffic (msg): 3,237,456,220
Arith. Intensity FLOP/Loads: 0.20
Arith. Intensity FLOP/Msgs: 0.03
Arith. Intensity OPS/Loads: 1.63
Arith. Intensity OPS/Msgs: 0.22



===Core Utilization Total=== CORE-S:11;; TIME K cy:1,100 ;; Nodes Proc: 10,732,354 -- Edges Proc: 0

===PRINTING FRAME STATS

FCollision In Avg:5, SD:1, Max:9, Min:3
FCollision Out Avg:0, SD:0, Max:1, Min:0
FCollision End Avg:0, SD:0, Max:1, Min:0
FTask1 Avg:67, SD:10, Max:87, Min:40
FTask2 Avg:0, SD:0, Max:0, Min:0
FTask3 Avg:33, SD:10, Max:60, Min:13
FCore Active Avg:100, SD:0, Max:100, Min:100
FRouter Active Avg:81, SD:2, Max:86, Min:74
T1 invocations: 248,984
T2 invocations: 0
T3 invocations: 7,967,449
T3b invocations: 0
Total3 invocations: 7,967,449
Total4 invocations: 0

T3/T2 ratio: inf
T3b/T3 ratio: 0

T1 avg ex cycles: 274
T2 avg ex cycles: -nan
T3&b avg ex cycles: 4
T4 avg ex cycles: -nan
Avg. hops NOC1: -nan
Avg. latency NOC1 (T2): -nan
Avg. hops NOC2: 17
Avg. latency NOC2 (T3): 5,113

===PRINTING ACUM STATS at pu_cycles: 1,200,620

ACollision In Avg:7, SD:1, Max:12, Min:5
ACollision Out Avg:3, SD:1, Max:6, Min:1
ACollision End Avg:0, SD:0, Max:2, Min:0
ATask1 Avg:66, SD:3, Max:73, Min:53
ATask2 Avg:0, SD:0, Max:0, Min:0
ATask3 Avg:34, SD:3, Max:47, Min:27
ACore Active Avg:100, SD:0, Max:100, Min:99
ARouter Active Avg:80, SD:1, Max:83, Min:76
T1 invocations: 2,970,825
T2 invocations: 0
T3 invocations: 94,159,056
T3b invocations: 0
Total3 invocations: 94,159,056
Total4 invocations: 0

T3/T2 ratio: inf
T3b/T3 ratio: 0

T1 avg ex cycles: 271
T2 avg ex cycles: -nan
T3&b avg ex cycles: 4
T4 avg ex cycles: -nan
Avg. hops NOC1: -nan
Avg. latency NOC1 (T2): -nan
Avg. hops NOC2: 17
Avg. latency NOC2 (T3): 5,142
Number of K Nodes Processed: 94,224
Number of K Edges Processed: 94,224
Node Re-explore factor: 22.46
Edge Re-explore factor: 0.73
Nodes/cy: 78
Edges/cy: 78
TEPS: 107

---DCache---
DCache Size: 14,928
DRAM words: 129,408
  DHits: 151,879,899
  DMisses: 7,828,936
  DHit Rate (hit/miss): 95%
  DEvictions: 6,911,415
  DEviction Rate (evict/misses): 88%
  MC Transactions: 9,602,941
  MC Writes: 1,686,421
Avg. Transactions: 100% , Writes: 18%, Avg. Latency: 46
Max MC id: 3 of 8. Transactions: 100% , Writes: 18%, MC mean Latency: 46
HBM refresh energy (nJ): 3
HBM access energy (nJ): 18,191,811
MemC wire energy 2.5d (nJ): 5,166,303
MemC wire energy 3d (nJ): 1,291,576

---Energy---
Leakage Energy (nJ): 62,751
PU Dyn E (nJ): 5,275,824
Mem Dyn E (nJ): 32,290,348
Route Dyn E (nJ): 5,807,370
Dynamic Energy (nJ): 43,373,543
Ratio of Dyn/Leak: 691
Total Energy (nJ): 43,436,294
Total Energy (nJ) 3D: 43,010,554
Cores Energy (nJ): 5,279,166
Route Energy (nJ): 5,818,371
Route Energy (nJ) 3D: 9,267,358
Mem Energy   (nJ): 32,338,757
Mem Energy   (nJ) 3D: 28,464,030
Avg. Power (mW): 36,178.22
Power Density (mW/mm2): 113.99

---Runtime---
Runtime in K cycles: 1,200.62
Microseconds: 1,200.62
Time per iteration (ms): 1.20

---Throughput---
GOP/s (aka OPS/ns): 649.32
GOP/s per core: 0.63
FLOP/s: 78.78
FLOP/s per core: 0.08
Max Peak FLOP/s: 1,024.00
Avg. BW GB/s: 2,542.13
Max BW GB/s: 4,096.00

---Traffic---
In-Die bisection_bytes BW (GB/s): 512.00
Inter-board traffic (msg/ns): 0.00, per-link: 0.00
Inter-pack traffic (msg/ns): 0.00, per-link: 0.00
Inter-die traffic (msg/ns): 0.00, per-link: 0.00
Ruche traffic (msg/ns): 0.00, per-link: 0.00
All traffic (msg/ns): 2,942.71, per-link: 2.87
Inter-die reduction wrt all: inf
Inter-board reduction wrt inter-die: -nan

---Data Movement---
All traffic (msg): 3,533,081,729
Arith. Intensity FLOP/Loads: 0.20
Arith. Intensity FLOP/Msgs: 0.03
Arith. Intensity OPS/Loads: 1.63
Arith. Intensity OPS/Msgs: 0.22



===Core Utilization Total=== CORE-S:12;; TIME K cy:1,200 ;; Nodes Proc: 11,724,062 -- Edges Proc: 0

===PRINTING FRAME STATS

FCollision In Avg:5, SD:1, Max:8, Min:3
FCollision Out Avg:0, SD:0, Max:1, Min:0
FCollision End Avg:0, SD:0, Max:1, Min:0
FTask1 Avg:67, SD:10, Max:86, Min:47
FTask2 Avg:0, SD:0, Max:0, Min:0
FTask3 Avg:33, SD:10, Max:53, Min:14
FCore Active Avg:100, SD:0, Max:100, Min:100
FRouter Active Avg:82, SD:2, Max:87, Min:76
T1 invocations: 254,020
T2 invocations: 0
T3 invocations: 8,129,925
T3b invocations: 0
Total3 invocations: 8,129,925
Total4 invocations: 0

T3/T2 ratio: inf
T3b/T3 ratio: 0

T1 avg ex cycles: 271
T2 avg ex cycles: -nan
T3&b avg ex cycles: 4
T4 avg ex cycles: -nan
Avg. hops NOC1: -nan
Avg. latency NOC1 (T2): -nan
Avg. hops NOC2: 17
Avg. latency NOC2 (T3): 5,009

===PRINTING ACUM STATS at pu_cycles: 1,300,636

ACollision In Avg:7, SD:1, Max:11, Min:5
ACollision Out Avg:3, SD:1, Max:5, Min:1
ACollision End Avg:0, SD:0, Max:2, Min:0
ATask1 Avg:66, SD:3, Max:72, Min:54
ATask2 Avg:0, SD:0, Max:0, Min:0
ATask3 Avg:34, SD:3, Max:46, Min:27
ACore Active Avg:100, SD:0, Max:100, Min:99
ARouter Active Avg:80, SD:1, Max:83, Min:76
T1 invocations: 3,225,799
T2 invocations: 0
T3 invocations: 102,320,934
T3b invocations: 0
Total3 invocations: 102,320,934
Total4 invocations: 0

T3/T2 ratio: inf
T3b/T3 ratio: 0

T1 avg ex cycles: 271
T2 avg ex cycles: -nan
T3&b avg ex cycles: 4
T4 avg ex cycles: -nan
Avg. hops NOC1: -nan
Avg. latency NOC1 (T2): -nan
Avg. hops NOC2: 17
Avg. latency NOC2 (T3): 5,131
Number of K Nodes Processed: 102,354
Number of K Edges Processed: 102,354
Node Re-explore factor: 24.40
Edge Re-explore factor: 0.80
Nodes/cy: 79
Edges/cy: 79
TEPS: 99

---DCache---
DCache Size: 14,928
DRAM words: 129,408
  DHits: 164,994,178
  DMisses: 8,479,237
  DHit Rate (hit/miss): 95%
  DEvictions: 7,563,552
  DEviction Rate (evict/misses): 89%
  MC Transactions: 10,403,012
  MC Writes: 1,829,326
Avg. Transactions: 100% , Writes: 18%, Avg. Latency: 46
Max MC id: 7 of 8. Transactions: 100% , Writes: 18%, MC mean Latency: 46
HBM refresh energy (nJ): 3
HBM access energy (nJ): 19,707,465
MemC wire energy 2.5d (nJ): 5,596,735
MemC wire energy 3d (nJ): 1,399,184

---Energy---
Leakage Energy (nJ): 67,978
PU Dyn E (nJ): 5,731,185
Mem Dyn E (nJ): 35,009,187
Route Dyn E (nJ): 6,309,232
Dynamic Energy (nJ): 47,049,605
Ratio of Dyn/Leak: 692
Total Energy (nJ): 47,117,583
Total Energy (nJ) 3D: 46,667,075
Cores Energy (nJ): 5,734,805
Route Energy (nJ): 6,321,150
Route Energy (nJ) 3D: 10,068,193
Mem Energy   (nJ): 35,061,629
Mem Energy   (nJ) 3D: 30,864,078
Avg. Power (mW): 36,226.57
Power Density (mW/mm2): 114.15

---Runtime---
Runtime in K cycles: 1,300.64
Microseconds: 1,300.64
Time per iteration (ms): 1.30

---Throughput---
GOP/s (aka OPS/ns): 651.14
GOP/s per core: 0.64
FLOP/s: 78.99
FLOP/s per core: 0.08
Max Peak FLOP/s: 1,024.00
Avg. BW GB/s: 2,549.78
Max BW GB/s: 4,096.00

---Traffic---
In-Die bisection_bytes BW (GB/s): 512.00
Inter-board traffic (msg/ns): 0.00, per-link: 0.00
Inter-pack traffic (msg/ns): 0.00, per-link: 0.00
Inter-die traffic (msg/ns): 0.00, per-link: 0.00
Ruche traffic (msg/ns): 0.00, per-link: 0.00
All traffic (msg/ns): 2,950.46, per-link: 2.88
Inter-die reduction wrt all: inf
Inter-board reduction wrt inter-die: -nan

---Data Movement---
All traffic (msg): 3,837,470,756
Arith. Intensity FLOP/Loads: 0.20
Arith. Intensity FLOP/Msgs: 0.03
Arith. Intensity OPS/Loads: 1.63
Arith. Intensity OPS/Msgs: 0.22



===Core Utilization Total=== CORE-S:13;; TIME K cy:1,300 ;; Nodes Proc: 12,734,554 -- Edges Proc: 0

===PRINTING FRAME STATS

FCollision In Avg:6, SD:1, Max:11, Min:3
FCollision Out Avg:0, SD:0, Max:2, Min:0
FCollision End Avg:0, SD:0, Max:1, Min:0
FTask1 Avg:67, SD:10, Max:86, Min:42
FTask2 Avg:0, SD:0, Max:0, Min:0
FTask3 Avg:33, SD:10, Max:58, Min:14
FCore Active Avg:100, SD:0, Max:100, Min:100
FRouter Active Avg:81, SD:2, Max:86, Min:75
T1 invocations: 250,917
T2 invocations: 0
T3 invocations: 8,018,429
T3b invocations: 0
Total3 invocations: 8,018,429
Total4 invocations: 0

T3/T2 ratio: inf
T3b/T3 ratio: 0

T1 avg ex cycles: 273
T2 avg ex cycles: -nan
T3&b avg ex cycles: 4
T4 avg ex cycles: -nan
Avg. hops NOC1: -nan
Avg. latency NOC1 (T2): -nan
Avg. hops NOC2: 17
Avg. latency NOC2 (T3): 5,080

===PRINTING ACUM STATS at pu_cycles: 1,400,636

ACollision In Avg:7, SD:1, Max:11, Min:5
ACollision Out Avg:3, SD:1, Max:5, Min:1
ACollision End Avg:0, SD:0, Max:1, Min:0
ATask1 Avg:66, SD:3, Max:73, Min:53
ATask2 Avg:0, SD:0, Max:0, Min:0
ATask3 Avg:34, SD:3, Max:47, Min:27
ACore Active Avg:100, SD:0, Max:100, Min:99
ARouter Active Avg:80, SD:1, Max:84, Min:76
T1 invocations: 3,476,870
T2 invocations: 0
T3 invocations: 110,339,875
T3b invocations: 0
Total3 invocations: 110,339,875
Total4 invocations: 0

T3/T2 ratio: inf
T3b/T3 ratio: 0

T1 avg ex cycles: 271
T2 avg ex cycles: -nan
T3&b avg ex cycles: 4
T4 avg ex cycles: -nan
Avg. hops NOC1: -nan
Avg. latency NOC1 (T2): -nan
Avg. hops NOC2: 17
Avg. latency NOC2 (T3): 5,127
Number of K Nodes Processed: 110,374
Number of K Edges Processed: 110,374
Node Re-explore factor: 26.32
Edge Re-explore factor: 0.86
Nodes/cy: 79
Edges/cy: 79
TEPS: 92

---DCache---
DCache Size: 14,928
DRAM words: 129,408
  DHits: 177,908,927
  DMisses: 9,126,113
  DHit Rate (hit/miss): 95%
  DEvictions: 8,212,183
  DEviction Rate (evict/misses): 90%
  MC Transactions: 11,203,091
  MC Writes: 1,975,688
Avg. Transactions: 100% , Writes: 18%, Avg. Latency: 46
Max MC id: 4 of 8. Transactions: 100% , Writes: 18%, MC mean Latency: 46
HBM refresh energy (nJ): 3
HBM access energy (nJ): 21,223,135
MemC wire energy 2.5d (nJ): 6,027,171
MemC wire energy 3d (nJ): 1,506,793

---Energy---
Leakage Energy (nJ): 73,205
PU Dyn E (nJ): 6,178,780
Mem Dyn E (nJ): 37,714,943
Route Dyn E (nJ): 6,800,764
Dynamic Energy (nJ): 50,694,487
Ratio of Dyn/Leak: 693
Total Energy (nJ): 50,767,692
Total Energy (nJ) 3D: 50,286,276
Cores Energy (nJ): 6,182,679
Route Energy (nJ): 6,813,597
Route Energy (nJ) 3D: 10,852,560
Mem Energy   (nJ): 37,771,416
Mem Energy   (nJ) 3D: 33,251,038
Avg. Power (mW): 36,246.17
Power Density (mW/mm2): 114.21

---Runtime---
Runtime in K cycles: 1,400.64
Microseconds: 1,400.64
Time per iteration (ms): 1.40

---Throughput---
GOP/s (aka OPS/ns): 651.88
GOP/s per core: 0.64
FLOP/s: 79.08
FLOP/s per core: 0.08
Max Peak FLOP/s: 1,024.00
Avg. BW GB/s: 2,553.09
Max BW GB/s: 4,096.00

---Traffic---
In-Die bisection_bytes BW (GB/s): 512.00
Inter-board traffic (msg/ns): 0.00, per-link: 0.00
Inter-pack traffic (msg/ns): 0.00, per-link: 0.00
Inter-die traffic (msg/ns): 0.00, per-link: 0.00
Ruche traffic (msg/ns): 0.00, per-link: 0.00
All traffic (msg/ns): 2,953.08, per-link: 2.88
Inter-die reduction wrt all: inf
Inter-board reduction wrt inter-die: -nan

---Data Movement---
All traffic (msg): 4,136,187,471
Arith. Intensity FLOP/Loads: 0.20
Arith. Intensity FLOP/Msgs: 0.03
Arith. Intensity OPS/Loads: 1.63
Arith. Intensity OPS/Msgs: 0.22



===Core Utilization Total=== CORE-S:14;; TIME K cy:1,400 ;; Nodes Proc: 13,732,106 -- Edges Proc: 0

===PRINTING FRAME STATS

FCollision In Avg:5, SD:1, Max:8, Min:3
FCollision Out Avg:0, SD:0, Max:1, Min:0
FCollision End Avg:0, SD:0, Max:1, Min:0
FTask1 Avg:65, SD:13, Max:86, Min:3
FTask2 Avg:0, SD:0, Max:0, Min:0
FTask3 Avg:32, SD:10, Max:54, Min:13
FCore Active Avg:97, SD:11, Max:100, Min:17
FRouter Active Avg:81, SD:2, Max:87, Min:76
T1 invocations: 252,372
T2 invocations: 0
T3 invocations: 8,118,001
T3b invocations: 0
Total3 invocations: 8,118,001
Total4 invocations: 0

T3/T2 ratio: inf
T3b/T3 ratio: 0

T1 avg ex cycles: 264
T2 avg ex cycles: -nan
T3&b avg ex cycles: 4
T4 avg ex cycles: -nan
Avg. hops NOC1: -nan
Avg. latency NOC1 (T2): -nan
Avg. hops NOC2: 17
Avg. latency NOC2 (T3): 4,835

===PRINTING ACUM STATS at pu_cycles: 1,500,565

ACollision In Avg:7, SD:1, Max:11, Min:5
ACollision Out Avg:2, SD:0, Max:5, Min:1
ACollision End Avg:0, SD:0, Max:1, Min:0
ATask1 Avg:66, SD:3, Max:73, Min:54
ATask2 Avg:0, SD:0, Max:0, Min:0
ATask3 Avg:34, SD:3, Max:46, Min:27
ACore Active Avg:100, SD:1, Max:100, Min:94
ARouter Active Avg:80, SD:1, Max:84, Min:76
T1 invocations: 3,727,190
T2 invocations: 0
T3 invocations: 118,400,937
T3b invocations: 0
Total3 invocations: 118,400,937
Total4 invocations: 0

T3/T2 ratio: inf
T3b/T3 ratio: 0

T1 avg ex cycles: 271
T2 avg ex cycles: -nan
T3&b avg ex cycles: 4
T4 avg ex cycles: -nan
Avg. hops NOC1: -nan
Avg. latency NOC1 (T2): -nan
Avg. hops NOC2: 17
Avg. latency NOC2 (T3): 5,107
Number of K Nodes Processed: 118,489
Number of K Edges Processed: 118,489
Node Re-explore factor: 28.25
Edge Re-explore factor: 0.92
Nodes/cy: 79
Edges/cy: 79
TEPS: 86

---DCache---
DCache Size: 14,928
DRAM words: 129,408
  DHits: 191,034,820
  DMisses: 9,774,032
  DHit Rate (hit/miss): 95%
  DEvictions: 8,861,631
  DEviction Rate (evict/misses): 91%
  MC Transactions: 12,002,393
  MC Writes: 2,120,342
Avg. Transactions: 100% , Writes: 18%, Avg. Latency: 46
Max MC id: 6 of 8. Transactions: 100% , Writes: 18%, MC mean Latency: 46
HBM refresh energy (nJ): 4
HBM access energy (nJ): 22,737,333
MemC wire energy 2.5d (nJ): 6,457,189
MemC wire energy 3d (nJ): 1,614,297

---Energy---
Leakage Energy (nJ): 78,428
PU Dyn E (nJ): 6,626,207
Mem Dyn E (nJ): 40,423,038
Route Dyn E (nJ): 7,293,325
Dynamic Energy (nJ): 54,342,570
Ratio of Dyn/Leak: 693
Total Energy (nJ): 54,420,998
Total Energy (nJ) 3D: 53,909,599
Cores Energy (nJ): 6,630,383
Route Energy (nJ): 7,307,074
Route Energy (nJ) 3D: 11,638,567
Mem Energy   (nJ): 40,483,540
Mem Energy   (nJ) 3D: 35,640,649
Avg. Power (mW): 36,267.00
Power Density (mW/mm2): 114.27

---Runtime---
Runtime in K cycles: 1,500.57
Microseconds: 1,500.57
Time per iteration (ms): 1.50

---Throughput---
GOP/s (aka OPS/ns): 652.57
GOP/s per core: 0.64
FLOP/s: 79.15
FLOP/s per core: 0.08
Max Peak FLOP/s: 1,024.00
Avg. BW GB/s: 2,556.69
Max BW GB/s: 4,096.00

---Traffic---
In-Die bisection_bytes BW (GB/s): 512.00
Inter-board traffic (msg/ns): 0.00, per-link: 0.00
Inter-pack traffic (msg/ns): 0.00, per-link: 0.00
Inter-die traffic (msg/ns): 0.00, per-link: 0.00
Ruche traffic (msg/ns): 0.00, per-link: 0.00
All traffic (msg/ns): 2,955.89, per-link: 2.89
Inter-die reduction wrt all: inf
Inter-board reduction wrt inter-die: -nan

---Data Movement---
All traffic (msg): 4,435,499,705
Arith. Intensity FLOP/Loads: 0.20
Arith. Intensity FLOP/Msgs: 0.03
Arith. Intensity OPS/Loads: 1.63
Arith. Intensity OPS/Msgs: 0.22



===Core Utilization Total=== CORE-S:15;; TIME K cy:1,500 ;; Nodes Proc: 14,741,961 -- Edges Proc: 0

===PRINTING FRAME STATS

FCollision In Avg:5, SD:1, Max:9, Min:2
FCollision Out Avg:0, SD:0, Max:0, Min:0
FCollision End Avg:0, SD:0, Max:0, Min:0
FTask1 Avg:50, SD:29, Max:89, Min:0
FTask2 Avg:0, SD:0, Max:0, Min:0
FTask3 Avg:21, SD:6, Max:44, Min:9
FCore Active Avg:71, SD:32, Max:100, Min:9
FRouter Active Avg:78, SD:3, Max:89, Min:68
T1 invocations: 234,249
T2 invocations: 0
T3 invocations: 7,722,102
T3b invocations: 0
Total3 invocations: 7,722,102
Total4 invocations: 0

T3/T2 ratio: inf
T3b/T3 ratio: 0

T1 avg ex cycles: 220
T2 avg ex cycles: -nan
T3&b avg ex cycles: 3
T4 avg ex cycles: -nan
Avg. hops NOC1: -nan
Avg. latency NOC1 (T2): -nan
Avg. hops NOC2: 16
Avg. latency NOC2 (T3): 3,528

===PRINTING ACUM STATS at pu_cycles: 1,600,446

ACollision In Avg:7, SD:1, Max:10, Min:5
ACollision Out Avg:2, SD:0, Max:4, Min:1
ACollision End Avg:0, SD:0, Max:1, Min:0
ATask1 Avg:65, SD:3, Max:74, Min:54
ATask2 Avg:0, SD:0, Max:0, Min:0
ATask3 Avg:33, SD:2, Max:46, Min:26
ACore Active Avg:98, SD:2, Max:100, Min:89
ARouter Active Avg:80, SD:1, Max:84, Min:76
T1 invocations: 3,962,171
T2 invocations: 0
T3 invocations: 126,143,760
T3b invocations: 0
Total3 invocations: 126,143,760
Total4 invocations: 0

T3/T2 ratio: inf
T3b/T3 ratio: 0

T1 avg ex cycles: 268
T2 avg ex cycles: -nan
T3&b avg ex cycles: 4
T4 avg ex cycles: -nan
Avg. hops NOC1: -nan
Avg. latency NOC1 (T2): -nan
Avg. hops NOC2: 17
Avg. latency NOC2 (T3): 5,011
Number of K Nodes Processed: 126,197
Number of K Edges Processed: 126,197
Node Re-explore factor: 30.09
Edge Re-explore factor: 0.98
Nodes/cy: 79
Edges/cy: 79
TEPS: 80

---DCache---
DCache Size: 14,928
DRAM words: 129,408
  DHits: 204,466,501
  DMisses: 10,371,958
  DHit Rate (hit/miss): 95%
  DEvictions: 9,460,146
  DEviction Rate (evict/misses): 91%
  MC Transactions: 12,729,059
  MC Writes: 2,245,741
Avg. Transactions: 99% , Writes: 18%, Avg. Latency: 44
Max MC id: 2 of 8. Transactions: 100% , Writes: 18%, MC mean Latency: 44
HBM refresh energy (nJ): 4
HBM access energy (nJ): 24,113,929
MemC wire energy 2.5d (nJ): 6,848,129
MemC wire energy 3d (nJ): 1,712,032

---Energy---
Leakage Energy (nJ): 83,648
PU Dyn E (nJ): 7,047,527
Mem Dyn E (nJ): 42,928,035
Route Dyn E (nJ): 7,753,266
Dynamic Energy (nJ): 57,728,829
Ratio of Dyn/Leak: 690
Total Energy (nJ): 57,812,477
Total Energy (nJ) 3D: 57,281,032
Cores Energy (nJ): 7,051,981
Route Energy (nJ): 7,767,931
Route Energy (nJ) 3D: 12,372,583
Mem Energy   (nJ): 42,992,565
Mem Energy   (nJ) 3D: 37,856,468
Avg. Power (mW): 36,122.73
Power Density (mW/mm2): 113.82

---Runtime---
Runtime in K cycles: 1,600.45
Microseconds: 1,600.45
Time per iteration (ms): 1.60

---Throughput---
GOP/s (aka OPS/ns): 650.85
GOP/s per core: 0.64
FLOP/s: 78.90
FLOP/s per core: 0.08
Max Peak FLOP/s: 1,024.00
Avg. BW GB/s: 2,552.55
Max BW GB/s: 4,096.00

---Traffic---
In-Die bisection_bytes BW (GB/s): 512.00
Inter-board traffic (msg/ns): 0.00, per-link: 0.00
Inter-pack traffic (msg/ns): 0.00, per-link: 0.00
Inter-die traffic (msg/ns): 0.00, per-link: 0.00
Ruche traffic (msg/ns): 0.00, per-link: 0.00
All traffic (msg/ns): 2,945.91, per-link: 2.88
Inter-die reduction wrt all: inf
Inter-board reduction wrt inter-die: -nan

---Data Movement---
All traffic (msg): 4,714,771,379
Arith. Intensity FLOP/Loads: 0.20
Arith. Intensity FLOP/Msgs: 0.03
Arith. Intensity OPS/Loads: 1.63
Arith. Intensity OPS/Msgs: 0.22



===Core Utilization Total=== CORE-S:16;; TIME K cy:1,600 ;; Nodes Proc: 15,703,682 -- Edges Proc: 0
======== IT IS COLD ======= Only 57 Tiles active

===PRINTING FRAME STATS

FCollision In Avg:0, SD:0, Max:7, Min:0
FCollision Out Avg:0, SD:0, Max:0, Min:0
FCollision End Avg:0, SD:0, Max:0, Min:0
FTask1 Avg:13, SD:23, Max:96, Min:0
FTask2 Avg:0, SD:0, Max:0, Min:0
FTask3 Avg:4, SD:1, Max:22, Min:2
FCore Active Avg:17, SD:24, Max:100, Min:2
FRouter Active Avg:26, SD:5, Max:82, Min:15
T1 invocations: 59,382
T2 invocations: 0
T3 invocations: 2,062,507
T3b invocations: 0
Total3 invocations: 2,062,507
Total4 invocations: 0

T3/T2 ratio: inf
T3b/T3 ratio: 0

T1 avg ex cycles: 218
T2 avg ex cycles: -nan
T3&b avg ex cycles: 2
T4 avg ex cycles: -nan
Avg. hops NOC1: -nan
Avg. latency NOC1 (T2): -nan
Avg. hops NOC2: 16
Avg. latency NOC2 (T3): 2,840

===PRINTING ACUM STATS at pu_cycles: 1,700,458

ACollision In Avg:6, SD:1, Max:10, Min:5
ACollision Out Avg:2, SD:0, Max:4, Min:1
ACollision End Avg:0, SD:0, Max:1, Min:0
ATask1 Avg:62, SD:3, Max:70, Min:53
ATask2 Avg:0, SD:0, Max:0, Min:0
ATask3 Avg:32, SD:2, Max:43, Min:25
ACore Active Avg:93, SD:3, Max:100, Min:84
ARouter Active Avg:77, SD:1, Max:83, Min:73
T1 invocations: 4,022,866
T2 invocations: 0
T3 invocations: 128,228,659
T3b invocations: 0
Total3 invocations: 128,228,659
Total4 invocations: 0

T3/T2 ratio: inf
T3b/T3 ratio: 0

T1 avg ex cycles: 267
T2 avg ex cycles: -nan
T3&b avg ex cycles: 4
T4 avg ex cycles: -nan
Avg. hops NOC1: -nan
Avg. latency NOC1 (T2): -nan
Avg. hops NOC2: 17
Avg. latency NOC2 (T3): 4,976
Number of K Nodes Processed: 128,233
Number of K Edges Processed: 128,233
Node Re-explore factor: 30.57
Edge Re-explore factor: 1.00
Nodes/cy: 75
Edges/cy: 75
TEPS: 75

---DCache---
DCache Size: 14,928
DRAM words: 129,408
  DHits: 208,184,983
  DMisses: 10,525,555
  DHit Rate (hit/miss): 95%
  DEvictions: 9,613,769
  DEviction Rate (evict/misses): 91%
  MC Transactions: 12,917,618
  MC Writes: 2,280,570
Avg. Transactions: 95% , Writes: 17%, Avg. Latency: 43
Max MC id: 1 of 8. Transactions: 95% , Writes: 17%, MC mean Latency: 43
HBM refresh energy (nJ): 4
HBM access energy (nJ): 24,471,135
MemC wire energy 2.5d (nJ): 6,949,572
MemC wire energy 3d (nJ): 1,737,393

---Energy---
Leakage Energy (nJ): 88,875
PU Dyn E (nJ): 7,156,975
Mem Dyn E (nJ): 43,584,499
Route Dyn E (nJ): 7,871,220
Dynamic Energy (nJ): 58,612,695
Ratio of Dyn/Leak: 659
Total Energy (nJ): 58,701,570
Total Energy (nJ) 3D: 58,164,095
Cores Energy (nJ): 7,161,708
Route Energy (nJ): 7,886,801
Route Energy (nJ) 3D: 12,561,505
Mem Energy   (nJ): 43,653,061
Mem Energy   (nJ) 3D: 38,440,882
Avg. Power (mW): 34,521.03
Power Density (mW/mm2): 108.77

---Runtime---
Runtime in K cycles: 1,700.46
Microseconds: 1,700.46
Time per iteration (ms): 1.70

---Throughput---
GOP/s (aka OPS/ns): 622.14
GOP/s per core: 0.61
FLOP/s: 75.40
FLOP/s per core: 0.07
Max Peak FLOP/s: 1,024.00
Avg. BW GB/s: 2,441.39
Max BW GB/s: 4,096.00

---Traffic---
In-Die bisection_bytes BW (GB/s): 512.00
Inter-board traffic (msg/ns): 0.00, per-link: 0.00
Inter-pack traffic (msg/ns): 0.00, per-link: 0.00
Inter-die traffic (msg/ns): 0.00, per-link: 0.00
Ruche traffic (msg/ns): 0.00, per-link: 0.00
All traffic (msg/ns): 2,814.93, per-link: 2.75
Inter-die reduction wrt all: inf
Inter-board reduction wrt inter-die: -nan

---Data Movement---
All traffic (msg): 4,786,662,668
Arith. Intensity FLOP/Loads: 0.20
Arith. Intensity FLOP/Msgs: 0.03
Arith. Intensity OPS/Loads: 1.63
Arith. Intensity OPS/Msgs: 0.22



===Core Utilization Total=== CORE-S:17;; TIME K cy:1,700 ;; Nodes Proc: 15,954,072 -- Edges Proc: 0
======== IT IS COLD ======= Only 8 Tiles active

===PRINTING FRAME STATS

FCollision In Avg:0, SD:0, Max:2, Min:0
FCollision Out Avg:0, SD:0, Max:0, Min:0
FCollision End Avg:0, SD:0, Max:0, Min:0
FTask1 Avg:2, SD:9, Max:95, Min:0
FTask2 Avg:0, SD:0, Max:0, Min:0
FTask3 Avg:1, SD:1, Max:8, Min:0
FCore Active Avg:2, SD:10, Max:100, Min:0
FRouter Active Avg:4, SD:8, Max:39, Min:0
T1 invocations: 7,933
T2 invocations: 0
T3 invocations: 316,025
T3b invocations: 0
Total3 invocations: 316,025
Total4 invocations: 0

T3/T2 ratio: inf
T3b/T3 ratio: 0

T1 avg ex cycles: 219
T2 avg ex cycles: -nan
T3&b avg ex cycles: 2
T4 avg ex cycles: -nan
Avg. hops NOC1: -nan
Avg. latency NOC1 (T2): -nan
Avg. hops NOC2: 15
Avg. latency NOC2 (T3): 2,887

===PRINTING ACUM STATS at pu_cycles: 1,800,026

ACollision In Avg:6, SD:1, Max:9, Min:4
ACollision Out Avg:2, SD:0, Max:4, Min:1
ACollision End Avg:0, SD:0, Max:1, Min:0
ATask1 Avg:58, SD:3, Max:66, Min:50
ATask2 Avg:0, SD:0, Max:0, Min:0
ATask3 Avg:30, SD:2, Max:43, Min:23
ACore Active Avg:88, SD:3, Max:100, Min:79
ARouter Active Avg:72, SD:1, Max:79, Min:69
T1 invocations: 4,025,362
T2 invocations: 0
T3 invocations: 128,305,580
T3b invocations: 0
Total3 invocations: 128,305,580
Total4 invocations: 0

T3/T2 ratio: inf
T3b/T3 ratio: 0

T1 avg ex cycles: 267
T2 avg ex cycles: -nan
T3&b avg ex cycles: 4
T4 avg ex cycles: -nan
Avg. hops NOC1: -nan
Avg. latency NOC1 (T2): -nan
Avg. hops NOC2: 17
Avg. latency NOC2 (T3): 4,976
Number of K Nodes Processed: 128,305
Number of K Edges Processed: 128,305
Node Re-explore factor: 30.59
Edge Re-explore factor: 1.00
Nodes/cy: 71
Edges/cy: 71
TEPS: 71

---DCache---
DCache Size: 14,928
DRAM words: 129,408
  DHits: 208,316,460
  DMisses: 10,531,396
  DHit Rate (hit/miss): 95%
  DEvictions: 9,619,609
  DEviction Rate (evict/misses): 91%
  MC Transactions: 12,924,498
  MC Writes: 2,281,609
Avg. Transactions: 90% , Writes: 16%, Avg. Latency: 43
Max MC id: 2 of 8. Transactions: 90% , Writes: 16%, MC mean Latency: 44
HBM refresh energy (nJ): 5
HBM access energy (nJ): 24,484,169
MemC wire energy 2.5d (nJ): 6,953,274
MemC wire energy 3d (nJ): 1,738,318

---Energy---
Leakage Energy (nJ): 94,079
PU Dyn E (nJ): 7,161,397
Mem Dyn E (nJ): 43,608,636
Route Dyn E (nJ): 7,875,718
Dynamic Energy (nJ): 58,645,751
Ratio of Dyn/Leak: 623
Total Energy (nJ): 58,739,830
Total Energy (nJ) 3D: 58,202,250
Cores Energy (nJ): 7,166,407
Route Energy (nJ): 7,892,211
Route Energy (nJ) 3D: 12,569,586
Mem Energy   (nJ): 43,681,213
Mem Energy   (nJ) 3D: 38,466,258
Avg. Power (mW): 32,632.77
Power Density (mW/mm2): 102.82

---Runtime---
Runtime in K cycles: 1,800.03
Microseconds: 1,800.03
Time per iteration (ms): 1.80

---Throughput---
GOP/s (aka OPS/ns): 588.09
GOP/s per core: 0.57
FLOP/s: 71.27
FLOP/s per core: 0.07
Max Peak FLOP/s: 1,024.00
Avg. BW GB/s: 2,307.74
Max BW GB/s: 4,096.00

---Traffic---
In-Die bisection_bytes BW (GB/s): 512.00
Inter-board traffic (msg/ns): 0.00, per-link: 0.00
Inter-pack traffic (msg/ns): 0.00, per-link: 0.00
Inter-die traffic (msg/ns): 0.00, per-link: 0.00
Ruche traffic (msg/ns): 0.00, per-link: 0.00
All traffic (msg/ns): 2,660.73, per-link: 2.60
Inter-die reduction wrt all: inf
Inter-board reduction wrt inter-die: -nan

---Data Movement---
All traffic (msg): 4,789,388,454
Arith. Intensity FLOP/Loads: 0.20
Arith. Intensity FLOP/Msgs: 0.03
Arith. Intensity OPS/Loads: 1.63
Arith. Intensity OPS/Msgs: 0.22



===Core Utilization Total=== CORE-S:18;; TIME K cy:1,800 ;; Nodes Proc: 15,964,999 -- Edges Proc: 0
======== IT IS COLD ======= Only 0 Tiles active
Epoch Done Router: 4
##EPOCH## 1 COMPLETED at Time (K cy): 1,843
Nodes processed until now: 128,311,436
Edges processed until now: 0
Epoch Done Router: 2
Epoch Done Router: 0
Epoch Done Router: 5
Epoch Done Router: 1
Epoch Done Router: 6
Epoch Done Router: 3
Epoch Done Router: 7
Program Done Router Thread: 7
Program Done Router Thread: 6
Program Done Worker Thread: 2
Program Done Router Thread: 4
Program Done Router Thread: 3
Program Done Worker Thread: 6
Program Done Worker Thread: 4
Program Done Router Thread: 1
Program Done Worker Thread: 0
Program Done Router Thread: 2
Program Done Router Thread: 0
Program Done Worker Thread: 3
Program Done Worker Thread: 5
Program Done Router Thread: 5
Program Done Worker Thread: 1
Program Done Worker Thread: 7

===PRINTING ACUM STATS at pu_cycles: 1,843,472

ACollision In Avg:6, SD:1, Max:9, Min:4
ACollision Out Avg:2, SD:0, Max:4, Min:1
ACollision End Avg:0, SD:0, Max:1, Min:0
ATask1 Avg:57, SD:3, Max:65, Min:49
ATask2 Avg:0, SD:0, Max:0, Min:0
ATask3 Avg:29, SD:2, Max:40, Min:23
ACore Active Avg:86, SD:3, Max:100, Min:78
ARouter Active Avg:71, SD:1, Max:74, Min:67
T1 invocations: 4,025,923
T2 invocations: 0
T3 invocations: 128,311,436
T3b invocations: 0
Total3 invocations: 128,311,436
Total4 invocations: 0

T3/T2 ratio: inf
T3b/T3 ratio: 0

T1 avg ex cycles: 267
T2 avg ex cycles: -nan
T3&b avg ex cycles: 4
T4 avg ex cycles: -nan
Avg. hops NOC1: -nan
Avg. latency NOC1 (T2): -nan
Avg. hops NOC2: 17
Avg. latency NOC2 (T3): 4,976

Runtime at program end in K cycles: 1,843
Runtime before cooldown in K cycles: 1,500


Number of K Nodes Processed: 128,311
Number of K Edges Processed: 128,311
Node Re-explore factor: 30.59
Edge Re-explore factor: 1.00
Nodes/cy: 70
Edges/cy: 70
TEPS: 70

---DCache---
DCache Size: 14,928
DRAM words: 129,408
  DHits: 208,327,103
  DMisses: 10,531,865
  DHit Rate (hit/miss): 95%
  DEvictions: 9,620,078
  DEviction Rate (evict/misses): 91%
  MC Transactions: 12,924,972
  MC Writes: 2,281,614
Avg. Transactions: 88% , Writes: 15%, Avg. Latency: 43
Max MC id: 2 of 8. Transactions: 88% , Writes: 16%, MC mean Latency: 44
HBM refresh energy (nJ): 5
HBM access energy (nJ): 24,485,066
MemC wire energy 2.5d (nJ): 6,953,529
MemC wire energy 3d (nJ): 1,738,382

---Energy---
Leakage Energy (nJ): 96,350
PU Dyn E (nJ): 7,162,288
Mem Dyn E (nJ): 43,610,581
Route Dyn E (nJ): 7,876,097
Dynamic Energy (nJ): 58,648,966
Ratio of Dyn/Leak: 609
Total Energy (nJ): 58,745,316
Total Energy (nJ) 3D: 58,207,770
Cores Energy (nJ): 7,167,419
Route Energy (nJ): 7,892,988
Route Energy (nJ) 3D: 12,570,588
Mem Energy   (nJ): 43,684,910
Mem Energy   (nJ) 3D: 38,469,763
Avg. Power (mW): 31,866.67
Power Density (mW/mm2): 100.41

---Runtime---
Runtime in K cycles: 1,843.47
Microseconds: 1,843.47
Time per iteration (ms): 1.84

---Inst---
K Loads: 649,609
K Stores: 388,960
K Instructions: 1,058,697

---Throughput---
GOP/s (aka OPS/ns): 574.30
GOP/s per core: 0.56
FLOP/s: 69.60
FLOP/s per core: 0.07
Max Peak FLOP/s: 1,024.00
Avg. BW GB/s: 2,253.51
Max BW GB/s: 4,096.00

---Traffic---
In-Die bisection_bytes BW (GB/s): 512.00
Inter-board traffic (msg/ns): 0.00, per-link: 0.00
Inter-pack traffic (msg/ns): 0.00, per-link: 0.00
Inter-die traffic (msg/ns): 0.00, per-link: 0.00
Ruche traffic (msg/ns): 0.00, per-link: 0.00
All traffic (msg/ns): 2,598.15, per-link: 2.54
Inter-die reduction wrt all: inf
Inter-board reduction wrt inter-die: -nan

---Data Movement---
All traffic (msg): 4,789,613,488
Arith. Intensity FLOP/Loads: 0.20
Arith. Intensity FLOP/Msgs: 0.03
Arith. Intensity OPS/Loads: 1.63
Arith. Intensity OPS/Msgs: 0.22

Simulation time: 172.54
Sim noc_cy/s: 10,684.01
Sim Msg/s: 27,758,637.50

Version 31

