Dataset:  Kron22/
Dry run: 0
Open Edge Count File succesfully
Edges Traversed BFS: 128309848
Found Vertices: 4194304, Edges: 128311436
avg degree 31
Array  Kron22/node_array.bin found
Malloc array of size 16777220 bytes
Readin array of size 16777216 bytes
Finished Reading Array Bytes
No reordering Array 32bit
Array  Kron22/edge_array.bin found
Malloc array of size 513245744 bytes
Readin array of size 513245744 bytes
Finished Reading Array Bytes
No reordering Array 32bit
Array  Kron22/edge_values.bin found
Malloc array of size 513245744 bytes
Readin array of size 513245744 bytes
Finished Reading Array Bytes
No reordering Array 32bit
Reading graph elapsed time: 0.390541s

Dataset Footprint: 522 MiB
Dataset Footprint per Board: 4383.05 Mb
Dataset injection time (ms): 0.26752
Max Dataset Footprint: 1026 MiB

Dataset footprint per tile: 522 KiB
Proxys footprint per tile: 0 KiB
Reserved SRAM per tile: 15 KiB

Ideal SRAM per tile: 537 KiB
reserved_words_for_dataset:12321
dataset_words_per_tile:133760
remaining_sram_words:61606
min_dcache_sram_words_required:12512
dataset_words_per_tile:133760
min_pcache_sram_words_required:0
proxys_words_per_tile:0
Dcache footprint ratio: 3
Dataset Cached: 1
DCache: 60880 words, lines: 3805, sets: 3805
Proxys Cached: 0
Pcache: 0 words, sets: 0
Node per tile: 4,096
Edge per tile: 125,305
GRID_X: 32
GRID_SIZE: 1,024
smt_per_tile: 1
noc_freq: 1
pu_freq: 1
RUCHE_X: 8
PROXY_W: 32
DIE_W: 16
DIE_H: 16
DIES: 4
BORDER_TILES_PER_DIE: 64
PACK_W: 32
PACK_H: 32
DIES_PACK_FACTOR: 2
DIES_PER_PACK: 4
PACKAGES: 1
BOARD_W: 32
BOARD_H: 32
BOARDS: 1
MUX_BUS: 1
DCACHE: 1
PCACHE: 0
PROXY_FACTOR: 1
CACHE_WAYS: 1
TORUS: 1
PHY_NOCS: 1
WIDE_NOC_ID: 0
NOC_CONF: 1
noc_width: 32
hbm_channel_bit_width: 512
ld_st_op_byte_width: 4
PROXY_ROUTING: 0
WRITE_THROUGH: 1
ASSERT_MODE: 0
GLOBAL_BARRIER: 0
OQ flits: 36 ; 384 ; 2
IQ flits: 288 ; 3,072 ; 2
OQ messages: 12 ; 192 ; 1
IQ messages: 96 ; 1,536 ; 1
max_task2 size: 64
io_factor_t2: 8
io_factor_t3: 8
io_factor_t3b: 8

Active SRAM Storage per tile: 255 KiB
Total SRAM Storage per tile: 256 KiB
Agreggated SRAM Storage: 256 MiB

Active DRAM Storage per tile: 0.509766 MiB
Total DRAM Storage per tile: 32 MiB
Agreggated DRAM Storage: 32 GiB

Inter-Die #links: 512
Inter-Die (Gbits): 16,384
Inter-Die (Gbits/mm): 507.873
Bisection BW of Board (Gbits): 8,192
Border IO #Dies: 8
Border IO Die BW (Gbits): 2,048
Off-Board BW Total (Gbits): 16,384
Off-Board BW Density (Gbits/mm): 139
Die side: 8.07 mm
Die border wire density: 507.87 Gbits/mm
HBM wire density: 507.87 Gbits/mm

Tiles per Die: 256 (16x16)
Tile Area: 0.13 mm2, side: 0.36 mm
- Core/Rout Area: 0.05 mm2
- SRAM Area: 0.07 mm2
- SRAM/Logic Ratio: 1.32x

Dies per Package: 4 (2x2)
Die Area: 65.04 mm2, side: 8.07 mm
- Tiles Area: 32.30 mm2
- PHY Area: 23.74 mm2
- MC Area: 9.00 mm2

Packages per Board: 1 (1x1)
Package Area: 860.18 mm2, side: 29.33 mm
- IOdie Area: 160.00 mm2
- Dies Area: 260.18 mm2
- HBM Area: 440.00 mm2

Boards: 1 (1x1)
Board Area: 860.18 mm2
Total Area: 860.18 mm2



ESTIMATED COST OF SILICON AND PACKAGING. ONLY VARIABLE, NO FIXED COSTS
Good dies per wafer 3d: 511
Good dies per wafer 2d: 862
--Dies 3D Cost: 47.33 $
--Dies 2.5D Cost: 28.06 $
--Dies 2D Cost: 28.06 $
--HBM Cost: 240.00 $
--IOdie Cost: 16.88 $
--Packaging Cost 3d: 11.04 $
--Packaging Cost 2.5d: 16.56 $
--Packaging Cost 2d: 6.74 $
SiP Cost 3d: 315.25 $
SiP Cost 2.5d: 301.50 $
SiP Cost 2d: 51.68 $
--Board Cost: 0.86 $
Total SiPs Cost 3d: 316.11 $
Total SiPs Cost 2.5d: 302.36 $
Total SiPs Cost 2d: 52.54 $

Perf counters initialized
Mesh connected
Cache structures initialized
Replicas initialized
Allocated Frontier List
Dataset structures initialized


Starting Simulation
INIT epoch: 1
INIT epoch: 1
INIT epoch: 1
INIT epoch: 1
INIT epoch: 1
INIT epoch: 1
INIT epoch: 1
INIT epoch: 1

===PRINTING FRAME STATS

FCollision In Avg:-nan, SD:-nan, Max:303, Min:3
FCollision Out Avg:-nan, SD:-nan, Max:258, Min:4
FCollision End Avg:-nan, SD:-nan, Max:168, Min:0
FTask1 Avg:-nan, SD:-nan, Max:10, Min:0
FTask2 Avg:-nan, SD:-nan, Max:58, Min:0
FTask3 Avg:-nan, SD:-nan, Max:74, Min:29
FCore Active Avg:-nan, SD:-nan, Max:99, Min:39
FRouter Active Avg:-nan, SD:-nan, Max:89, Min:38
T1 invocations: 40,629
T2 invocations: 138,620
T3 invocations: 8,246,546
T3b invocations: 0
Total3 invocations: 8,246,546
Total4 invocations: 1,239

T3/T2 ratio: 59
T3b/T3 ratio: 0

T1 avg ex cycles: 54
T2 avg ex cycles: 126
T3&b avg ex cycles: 6
T4 avg ex cycles: 288
Avg. hops NOC1: 3
Avg. latency NOC1 (T2): 29,875
Avg. hops NOC2: 14
Avg. latency NOC2 (T3): 2,527

===PRINTING ACUM STATS at pu_cycles: 100,597

ACollision In Avg:-nan, SD:-nan, Max:303, Min:3
ACollision Out Avg:-nan, SD:-nan, Max:258, Min:4
ACollision End Avg:-nan, SD:-nan, Max:168, Min:0
ATask1 Avg:-nan, SD:-nan, Max:10, Min:0
ATask2 Avg:-nan, SD:-nan, Max:58, Min:0
ATask3 Avg:-nan, SD:-nan, Max:74, Min:29
ACore Active Avg:-nan, SD:-nan, Max:99, Min:39
ARouter Active Avg:-nan, SD:-nan, Max:89, Min:38
T1 invocations: 40,698
T2 invocations: 139,285
T3 invocations: 8,274,718
T3b invocations: 0
Total3 invocations: 8,274,718
Total4 invocations: 1,242

T3/T2 ratio: 59
T3b/T3 ratio: 0

T1 avg ex cycles: 54
T2 avg ex cycles: 126
T3&b avg ex cycles: 6
T4 avg ex cycles: 287
Avg. hops NOC1: 3
Avg. latency NOC1 (T2): 29,896
Avg. hops NOC2: 14
Avg. latency NOC2 (T3): 2,532
Number of K Nodes Processed: 1,419
Number of K Edges Processed: 8,634
Node Re-explore factor: 0.34
Edge Re-explore factor: 0.07
Nodes/cy: 14
Edges/cy: 86
TEPS: 1,275

---DCache---
DCache Size: 60,880
DRAM words: 133,760
  DHits: 16,150,080
  DMisses: 869,178
  DHit Rate (hit/miss): 95%
  DEvictions: 100,896
  DEviction Rate (evict/misses): 12%
  MC Transactions: 926,564
  MC Writes: 51,438
Avg. Transactions: 29% , Writes: 2%, Avg. Latency: 15
Max MC id: 31 of 32. Transactions: 38% , Writes: 1%, MC mean Latency: 15
HBM refresh energy (nJ): 0
HBM access energy (nJ): 1,755,282
MemC wire energy 2.5d (nJ): 346,702
MemC wire energy 3d (nJ): 86,675

---Energy---
Leakage Energy (nJ): 18,622
PU Dyn E (nJ): 543,697
Mem Dyn E (nJ): 3,618,430
Route Dyn E (nJ): 683,530
Dynamic Energy (nJ): 4,845,657
Ratio of Dyn/Leak: 260
Total Energy (nJ): 4,864,279
Total Energy (nJ) 3D: 5,052,982
Cores Energy (nJ): 543,978
Route Energy (nJ): 685,454
Route Energy (nJ) 3D: 1,134,184
Mem Energy   (nJ): 3,634,847
Mem Energy   (nJ) 3D: 3,374,821
Avg. Power (mW): 48,354.11
Power Density (mW/mm2): 56.21

---Runtime---
Runtime in K cycles: 100.60
Microseconds: 100.60
Time per iteration (ms): 0.10

---Throughput---
GOP/s (aka OPS/ns): 515.55
GOP/s per core: 0.50
FLOP/s: 167.66
FLOP/s per core: 0.16
Max Peak FLOP/s: 1,024.00
Avg. BW GB/s: 3,195.08
Max BW GB/s: 4,096.00

---Traffic---
In-Die bisection_bytes BW (GB/s): 256.00
Inter-board traffic (msg/ns): 0.00, per-link: 0.00
Inter-pack traffic (msg/ns): 0.00, per-link: 0.00
Inter-die traffic (msg/ns): 62.72, per-link: 0.25
Ruche traffic (msg/ns): 54.22, per-link: 0.21
All traffic (msg/ns): 2,462.57, per-link: 2.40
Inter-die reduction wrt all: 39.26
Inter-board reduction wrt inter-die: inf

---Data Movement---
All traffic (msg): 247,727,335
Arith. Intensity FLOP/Loads: 0.42
Arith. Intensity FLOP/Msgs: 0.07
Arith. Intensity OPS/Loads: 1.30
Arith. Intensity OPS/Msgs: 0.21



===Core Utilization Total=== CORE-S:1;; TIME K cy:100 ;; Nodes Proc: 179,228 -- Edges Proc: 1,072,725

===PRINTING FRAME STATS

FCollision In Avg:120, SD:38, Max:267, Min:10
FCollision Out Avg:110, SD:46, Max:270, Min:6
FCollision End Avg:37, SD:37, Max:167, Min:0
FTask1 Avg:3, SD:2, Max:13, Min:0
FTask2 Avg:24, SD:15, Max:60, Min:0
FTask3 Avg:45, SD:6, Max:71, Min:28
FCore Active Avg:72, SD:16, Max:100, Min:35
FRouter Active Avg:86, SD:4, Max:95, Min:47
T1 invocations: 63,266
T2 invocations: 206,904
T3 invocations: 12,115,573
T3b invocations: 0
Total3 invocations: 12,115,573
Total4 invocations: 543

T3/T2 ratio: 59
T3b/T3 ratio: 0

T1 avg ex cycles: 42
T2 avg ex cycles: 117
T3&b avg ex cycles: 4
T4 avg ex cycles: 562
Avg. hops NOC1: 2
Avg. latency NOC1 (T2): 31,261
Avg. hops NOC2: 13
Avg. latency NOC2 (T3): 2,501

===PRINTING ACUM STATS at pu_cycles: 200,563

ACollision In Avg:117, SD:36, Max:266, Min:7
ACollision Out Avg:112, SD:41, Max:233, Min:8
ACollision End Avg:37, SD:31, Max:150, Min:0
ATask1 Avg:2, SD:2, Max:8, Min:0
ATask2 Avg:20, SD:12, Max:53, Min:0
ATask3 Avg:46, SD:6, Max:69, Min:34
ACore Active Avg:70, SD:12, Max:99, Min:40
ARouter Active Avg:78, SD:4, Max:90, Min:43
T1 invocations: 103,706
T2 invocations: 345,595
T3 invocations: 20,339,579
T3b invocations: 0
Total3 invocations: 20,339,579
Total4 invocations: 1,780

T3/T2 ratio: 59
T3b/T3 ratio: 0

T1 avg ex cycles: 47
T2 avg ex cycles: 121
T3&b avg ex cycles: 5
T4 avg ex cycles: 371
Avg. hops NOC1: 3
Avg. latency NOC1 (T2): 30,720
Avg. hops NOC2: 13
Avg. latency NOC2 (T3): 2,518
Number of K Nodes Processed: 2,173
Number of K Edges Processed: 20,756
Node Re-explore factor: 0.52
Edge Re-explore factor: 0.16
Nodes/cy: 11
Edges/cy: 103
TEPS: 640

---DCache---
DCache Size: 60,880
DRAM words: 133,760
  DHits: 37,952,636
  DMisses: 1,712,253
  DHit Rate (hit/miss): 96%
  DEvictions: 325,962
  DEviction Rate (evict/misses): 19%
  MC Transactions: 1,854,767
  MC Writes: 130,712
Avg. Transactions: 29% , Writes: 2%, Avg. Latency: 14
Max MC id: 31 of 32. Transactions: 43% , Writes: 3%, MC mean Latency: 13
HBM refresh energy (nJ): 0
HBM access energy (nJ): 3,513,670
MemC wire energy 2.5d (nJ): 694,017
MemC wire energy 3d (nJ): 173,504

---Energy---
Leakage Energy (nJ): 37,127
PU Dyn E (nJ): 1,255,934
Mem Dyn E (nJ): 7,703,980
Route Dyn E (nJ): 1,623,784
Dynamic Energy (nJ): 10,583,699
Ratio of Dyn/Leak: 285
Total Energy (nJ): 10,620,826
Total Energy (nJ) 3D: 11,157,418
Cores Energy (nJ): 1,256,493
Route Energy (nJ): 1,627,621
Route Energy (nJ) 3D: 2,684,725
Mem Energy   (nJ): 7,736,712
Mem Energy   (nJ) 3D: 7,216,199
Avg. Power (mW): 52,955.06
Power Density (mW/mm2): 61.56

---Runtime---
Runtime in K cycles: 200.56
Microseconds: 200.56
Time per iteration (ms): 0.20

---Throughput---
GOP/s (aka OPS/ns): 558.10
GOP/s per core: 0.55
FLOP/s: 204.07
FLOP/s per core: 0.20
Max Peak FLOP/s: 1,024.00
Avg. BW GB/s: 3,687.88
Max BW GB/s: 4,096.00

---Traffic---
In-Die bisection_bytes BW (GB/s): 256.00
Inter-board traffic (msg/ns): 0.00, per-link: 0.00
Inter-pack traffic (msg/ns): 0.00, per-link: 0.00
Inter-die traffic (msg/ns): 75.47, per-link: 0.29
Ruche traffic (msg/ns): 67.29, per-link: 0.26
All traffic (msg/ns): 2,897.67, per-link: 2.83
Inter-die reduction wrt all: 38.40
Inter-board reduction wrt inter-die: inf

---Data Movement---
All traffic (msg): 581,166,285
Arith. Intensity FLOP/Loads: 0.45
Arith. Intensity FLOP/Msgs: 0.07
Arith. Intensity OPS/Loads: 1.22
Arith. Intensity OPS/Msgs: 0.19



===Core Utilization Total=== CORE-S:2;; TIME K cy:200 ;; Nodes Proc: 271,983 -- Edges Proc: 2,559,688

===PRINTING FRAME STATS

FCollision In Avg:119, SD:38, Max:307, Min:11
FCollision Out Avg:106, SD:46, Max:259, Min:3
FCollision End Avg:34, SD:35, Max:177, Min:0
FTask1 Avg:3, SD:3, Max:19, Min:0
FTask2 Avg:24, SD:15, Max:66, Min:0
FTask3 Avg:42, SD:6, Max:71, Min:27
FCore Active Avg:70, SD:16, Max:100, Min:31
FRouter Active Avg:87, SD:4, Max:96, Min:52
T1 invocations: 89,775
T2 invocations: 233,659
T3 invocations: 12,369,609
T3b invocations: 0
Total3 invocations: 12,369,609
Total4 invocations: 964

T3/T2 ratio: 53
T3b/T3 ratio: 0

T1 avg ex cycles: 38
T2 avg ex cycles: 105
T3&b avg ex cycles: 3
T4 avg ex cycles: 561
Avg. hops NOC1: 2
Avg. latency NOC1 (T2): 24,911
Avg. hops NOC2: 13
Avg. latency NOC2 (T3): 2,149

===PRINTING ACUM STATS at pu_cycles: 300,913

ACollision In Avg:118, SD:33, Max:271, Min:9
ACollision Out Avg:110, SD:38, Max:239, Min:11
ACollision End Avg:36, SD:27, Max:104, Min:0
ATask1 Avg:3, SD:2, Max:12, Min:0
ATask2 Avg:22, SD:11, Max:52, Min:0
ATask3 Avg:45, SD:5, Max:67, Min:33
ACore Active Avg:70, SD:12, Max:98, Min:38
ARouter Active Avg:81, SD:4, Max:91, Min:46
T1 invocations: 193,548
T2 invocations: 581,614
T3 invocations: 32,800,638
T3b invocations: 0
Total3 invocations: 32,800,638
Total4 invocations: 2,744

T3/T2 ratio: 56
T3b/T3 ratio: 0

T1 avg ex cycles: 43
T2 avg ex cycles: 114
T3&b avg ex cycles: 4
T4 avg ex cycles: 438
Avg. hops NOC1: 3
Avg. latency NOC1 (T2): 28,368
Avg. hops NOC2: 13
Avg. latency NOC2 (T3): 2,380
Number of K Nodes Processed: 2,586
Number of K Edges Processed: 33,111
Node Re-explore factor: 0.62
Edge Re-explore factor: 0.26
Nodes/cy: 9
Edges/cy: 110
TEPS: 426

---DCache---
DCache Size: 60,880
DRAM words: 133,760
  DHits: 59,980,053
  DMisses: 2,555,999
  DHit Rate (hit/miss): 96%
  DEvictions: 633,557
  DEviction Rate (evict/misses): 25%
  MC Transactions: 2,778,117
  MC Writes: 204,623
Avg. Transactions: 29% , Writes: 2%, Avg. Latency: 13
Max MC id: 31 of 32. Transactions: 42% , Writes: 3%, MC mean Latency: 13
HBM refresh energy (nJ): 0
HBM access energy (nJ): 5,262,864
MemC wire energy 2.5d (nJ): 1,039,516
MemC wire energy 3d (nJ): 259,879

---Energy---
Leakage Energy (nJ): 55,703
PU Dyn E (nJ): 1,981,091
Mem Dyn E (nJ): 11,797,852
Route Dyn E (nJ): 2,599,060
Dynamic Energy (nJ): 16,378,003
Ratio of Dyn/Leak: 294
Total Energy (nJ): 16,433,706
Total Energy (nJ) 3D: 17,345,915
Cores Energy (nJ): 1,981,929
Route Energy (nJ): 2,604,817
Route Energy (nJ) 3D: 4,296,663
Mem Energy   (nJ): 11,846,961
Mem Energy   (nJ) 3D: 11,067,324
Avg. Power (mW): 54,612.81
Power Density (mW/mm2): 63.49

---Runtime---
Runtime in K cycles: 300.91
Microseconds: 300.91
Time per iteration (ms): 0.30

---Throughput---
GOP/s (aka OPS/ns): 569.92
GOP/s per core: 0.56
FLOP/s: 218.75
FLOP/s per core: 0.21
Max Peak FLOP/s: 1,024.00
Avg. BW GB/s: 3,861.43
Max BW GB/s: 4,096.00

---Traffic---
In-Die bisection_bytes BW (GB/s): 256.00
Inter-board traffic (msg/ns): 0.00, per-link: 0.00
Inter-pack traffic (msg/ns): 0.00, per-link: 0.00
Inter-die traffic (msg/ns): 80.26, per-link: 0.31
Ruche traffic (msg/ns): 72.08, per-link: 0.28
All traffic (msg/ns): 3,082.30, per-link: 3.01
Inter-die reduction wrt all: 38.40
Inter-board reduction wrt inter-die: inf

---Data Movement---
All traffic (msg): 927,503,078
Arith. Intensity FLOP/Loads: 0.46
Arith. Intensity FLOP/Msgs: 0.07
Arith. Intensity OPS/Loads: 1.19
Arith. Intensity OPS/Msgs: 0.18



===Core Utilization Total=== CORE-S:3;; TIME K cy:300 ;; Nodes Proc: 323,833 -- Edges Proc: 4,067,382

===PRINTING FRAME STATS

FCollision In Avg:115, SD:35, Max:280, Min:12
FCollision Out Avg:100, SD:46, Max:313, Min:7
FCollision End Avg:31, SD:33, Max:200, Min:0
FTask1 Avg:4, SD:4, Max:31, Min:0
FTask2 Avg:24, SD:15, Max:67, Min:0
FTask3 Avg:41, SD:6, Max:73, Min:27
FCore Active Avg:70, SD:16, Max:100, Min:30
FRouter Active Avg:88, SD:4, Max:96, Min:36
T1 invocations: 118,129
T2 invocations: 266,135
T3 invocations: 12,604,625
T3b invocations: 0
Total3 invocations: 12,604,625
Total4 invocations: 1,444

T3/T2 ratio: 47
T3b/T3 ratio: 0

T1 avg ex cycles: 35
T2 avg ex cycles: 93
T3&b avg ex cycles: 3
T4 avg ex cycles: 558
Avg. hops NOC1: 2
Avg. latency NOC1 (T2): 21,447
Avg. hops NOC2: 13
Avg. latency NOC2 (T3): 2,016

===PRINTING ACUM STATS at pu_cycles: 400,756

ACollision In Avg:117, SD:30, Max:265, Min:34
ACollision Out Avg:108, SD:36, Max:246, Min:10
ACollision End Avg:35, SD:24, Max:119, Min:0
ATask1 Avg:3, SD:2, Max:14, Min:0
ATask2 Avg:22, SD:10, Max:53, Min:0
ATask3 Avg:44, SD:5, Max:67, Min:32
ACore Active Avg:70, SD:11, Max:98, Min:39
ARouter Active Avg:83, SD:3, Max:92, Min:43
T1 invocations: 311,368
T2 invocations: 847,214
T3 invocations: 45,383,278
T3b invocations: 0
Total3 invocations: 45,383,278
Total4 invocations: 4,185

T3/T2 ratio: 54
T3b/T3 ratio: 0

T1 avg ex cycles: 40
T2 avg ex cycles: 108
T3&b avg ex cycles: 4
T4 avg ex cycles: 479
Avg. hops NOC1: 3
Avg. latency NOC1 (T2): 26,212
Avg. hops NOC2: 13
Avg. latency NOC2 (T3): 2,281
Number of K Nodes Processed: 2,854
Number of K Edges Processed: 45,730
Node Re-explore factor: 0.68
Edge Re-explore factor: 0.36
Nodes/cy: 7
Edges/cy: 114
TEPS: 320

---DCache---
DCache Size: 60,880
DRAM words: 133,760
  DHits: 82,304,107
  DMisses: 3,403,401
  DHit Rate (hit/miss): 96%
  DEvictions: 1,042,752
  DEviction Rate (evict/misses): 31%
  MC Transactions: 3,701,844
  MC Writes: 275,209
Avg. Transactions: 29% , Writes: 2%, Avg. Latency: 13
Max MC id: 31 of 32. Transactions: 41% , Writes: 3%, MC mean Latency: 12
HBM refresh energy (nJ): 1
HBM access energy (nJ): 7,012,773
MemC wire energy 2.5d (nJ): 1,385,156
MemC wire energy 3d (nJ): 346,289

---Energy---
Leakage Energy (nJ): 74,185
PU Dyn E (nJ): 2,712,755
Mem Dyn E (nJ): 15,901,541
Route Dyn E (nJ): 3,588,742
Dynamic Energy (nJ): 22,203,040
Ratio of Dyn/Leak: 299
Total Energy (nJ): 22,277,225
Total Energy (nJ) 3D: 23,572,513
Cores Energy (nJ): 2,713,871
Route Energy (nJ): 3,596,409
Route Energy (nJ) 3D: 5,930,565
Mem Energy   (nJ): 15,966,945
Mem Energy   (nJ) 3D: 14,928,077
Avg. Power (mW): 55,588.00
Power Density (mW/mm2): 64.62

---Runtime---
Runtime in K cycles: 400.76
Microseconds: 400.76
Time per iteration (ms): 0.40

---Throughput---
GOP/s (aka OPS/ns): 577.13
GOP/s per core: 0.56
FLOP/s: 227.13
FLOP/s per core: 0.22
Max Peak FLOP/s: 1,024.00
Avg. BW GB/s: 3,956.07
Max BW GB/s: 4,096.00

---Traffic---
In-Die bisection_bytes BW (GB/s): 256.00
Inter-board traffic (msg/ns): 0.00, per-link: 0.00
Inter-pack traffic (msg/ns): 0.00, per-link: 0.00
Inter-die traffic (msg/ns): 83.18, per-link: 0.32
Ruche traffic (msg/ns): 75.14, per-link: 0.29
All traffic (msg/ns): 3,189.23, per-link: 3.11
Inter-die reduction wrt all: 38.34
Inter-board reduction wrt inter-die: inf

---Data Movement---
All traffic (msg): 1,278,103,688
Arith. Intensity FLOP/Loads: 0.46
Arith. Intensity FLOP/Msgs: 0.07
Arith. Intensity OPS/Loads: 1.17
Arith. Intensity OPS/Msgs: 0.18



===Core Utilization Total=== CORE-S:4;; TIME K cy:400 ;; Nodes Proc: 356,806 -- Edges Proc: 5,664,577

===PRINTING FRAME STATS

FCollision In Avg:108, SD:37, Max:280, Min:9
FCollision Out Avg:88, SD:44, Max:236, Min:1
FCollision End Avg:28, SD:31, Max:138, Min:0
FTask1 Avg:5, SD:5, Max:30, Min:0
FTask2 Avg:25, SD:15, Max:66, Min:0
FTask3 Avg:41, SD:7, Max:77, Min:26
FCore Active Avg:73, SD:16, Max:100, Min:26
FRouter Active Avg:89, SD:4, Max:96, Min:37
T1 invocations: 161,893
T2 invocations: 310,225
T3 invocations: 13,041,501
T3b invocations: 0
Total3 invocations: 13,041,501
Total4 invocations: 2,272

T3/T2 ratio: 42
T3b/T3 ratio: 0

T1 avg ex cycles: 33
T2 avg ex cycles: 82
T3&b avg ex cycles: 3
T4 avg ex cycles: 539
Avg. hops NOC1: 2
Avg. latency NOC1 (T2): 16,211
Avg. hops NOC2: 13
Avg. latency NOC2 (T3): 2,054

===PRINTING ACUM STATS at pu_cycles: 500,702

ACollision In Avg:115, SD:29, Max:251, Min:35
ACollision Out Avg:104, SD:34, Max:240, Min:11
ACollision End Avg:33, SD:21, Max:123, Min:0
ATask1 Avg:3, SD:2, Max:15, Min:0
ATask2 Avg:23, SD:9, Max:52, Min:0
ATask3 Avg:43, SD:5, Max:69, Min:32
ACore Active Avg:70, SD:11, Max:97, Min:39
ARouter Active Avg:84, SD:3, Max:92, Min:42
T1 invocations: 472,389
T2 invocations: 1,154,923
T3 invocations: 58,286,842
T3b invocations: 0
Total3 invocations: 58,286,842
Total4 invocations: 6,448

T3/T2 ratio: 50
T3b/T3 ratio: 0

T1 avg ex cycles: 37
T2 avg ex cycles: 101
T3&b avg ex cycles: 4
T4 avg ex cycles: 500
Avg. hops NOC1: 2
Avg. latency NOC1 (T2): 23,546
Avg. hops NOC2: 13
Avg. latency NOC2 (T3): 2,229
Number of K Nodes Processed: 3,045
Number of K Edges Processed: 58,777
Node Re-explore factor: 0.73
Edge Re-explore factor: 0.46
Nodes/cy: 6
Edges/cy: 117
TEPS: 256

---DCache---
DCache Size: 60,880
DRAM words: 133,760
  DHits: 105,316,738
  DMisses: 4,279,392
  DHit Rate (hit/miss): 96%
  DEvictions: 1,540,426
  DEviction Rate (evict/misses): 36%
  MC Transactions: 4,655,655
  MC Writes: 346,758
Avg. Transactions: 29% , Writes: 2%, Avg. Latency: 13
Max MC id: 31 of 32. Transactions: 41% , Writes: 3%, MC mean Latency: 12
HBM refresh energy (nJ): 1
HBM access energy (nJ): 8,819,672
MemC wire energy 2.5d (nJ): 1,742,054
MemC wire energy 3d (nJ): 435,513

---Energy---
Leakage Energy (nJ): 92,686
PU Dyn E (nJ): 3,466,961
Mem Dyn E (nJ): 20,123,356
Route Dyn E (nJ): 4,609,943
Dynamic Energy (nJ): 28,200,260
Ratio of Dyn/Leak: 304
Total Energy (nJ): 28,292,946
Total Energy (nJ) 3D: 29,980,886
Cores Energy (nJ): 3,468,355
Route Energy (nJ): 4,619,522
Route Energy (nJ) 3D: 7,614,002
Mem Energy   (nJ): 20,205,071
Mem Energy   (nJ) 3D: 18,898,530
Avg. Power (mW): 56,506.56
Power Density (mW/mm2): 65.69

---Runtime---
Runtime in K cycles: 500.70
Microseconds: 500.70
Time per iteration (ms): 0.50

---Throughput---
GOP/s (aka OPS/ns): 586.15
GOP/s per core: 0.57
FLOP/s: 233.38
FLOP/s per core: 0.23
Max Peak FLOP/s: 1,024.00
Avg. BW GB/s: 4,032.14
Max BW GB/s: 4,096.00

---Traffic---
In-Die bisection_bytes BW (GB/s): 256.00
Inter-board traffic (msg/ns): 0.00, per-link: 0.00
Inter-pack traffic (msg/ns): 0.00, per-link: 0.00
Inter-die traffic (msg/ns): 85.53, per-link: 0.33
Ruche traffic (msg/ns): 77.84, per-link: 0.30
All traffic (msg/ns): 3,273.48, per-link: 3.20
Inter-die reduction wrt all: 38.27
Inter-board reduction wrt inter-die: inf

---Data Movement---
All traffic (msg): 1,639,039,887
Arith. Intensity FLOP/Loads: 0.47
Arith. Intensity FLOP/Msgs: 0.07
Arith. Intensity OPS/Loads: 1.17
Arith. Intensity OPS/Msgs: 0.18



===Core Utilization Total=== CORE-S:5;; TIME K cy:500 ;; Nodes Proc: 380,930 -- Edges Proc: 7,288,617

===PRINTING FRAME STATS

FCollision In Avg:102, SD:36, Max:273, Min:11
FCollision Out Avg:81, SD:43, Max:217, Min:0
FCollision End Avg:25, SD:30, Max:100, Min:0
FTask1 Avg:6, SD:6, Max:29, Min:0
FTask2 Avg:25, SD:15, Max:67, Min:0
FTask3 Avg:41, SD:7, Max:83, Min:27
FCore Active Avg:75, SD:17, Max:100, Min:31
FRouter Active Avg:89, SD:4, Max:96, Min:33
T1 invocations: 209,296
T2 invocations: 356,463
T3 invocations: 13,289,149
T3b invocations: 0
Total3 invocations: 13,289,149
Total4 invocations: 3,241

T3/T2 ratio: 37
T3b/T3 ratio: 0

T1 avg ex cycles: 31
T2 avg ex cycles: 73
T3&b avg ex cycles: 3
T4 avg ex cycles: 510
Avg. hops NOC1: 2
Avg. latency NOC1 (T2): 13,190
Avg. hops NOC2: 13
Avg. latency NOC2 (T3): 2,183

===PRINTING ACUM STATS at pu_cycles: 601,026

ACollision In Avg:113, SD:29, Max:246, Min:39
ACollision Out Avg:100, SD:33, Max:236, Min:13
ACollision End Avg:32, SD:19, Max:119, Min:0
ATask1 Avg:4, SD:2, Max:13, Min:0
ATask2 Avg:23, SD:9, Max:48, Min:0
ATask3 Avg:43, SD:6, Max:71, Min:31
ACore Active Avg:71, SD:11, Max:98, Min:39
ARouter Active Avg:85, SD:3, Max:92, Min:40
T1 invocations: 683,508
T2 invocations: 1,514,207
T3 invocations: 71,719,493
T3b invocations: 0
Total3 invocations: 71,719,493
Total4 invocations: 9,719

T3/T2 ratio: 47
T3b/T3 ratio: 0

T1 avg ex cycles: 36
T2 avg ex cycles: 94
T3&b avg ex cycles: 4
T4 avg ex cycles: 504
Avg. hops NOC1: 2
Avg. latency NOC1 (T2): 21,085
Avg. hops NOC2: 13
Avg. latency NOC2 (T3): 2,221
Number of K Nodes Processed: 3,197
Number of K Edges Processed: 72,148
Node Re-explore factor: 0.76
Edge Re-explore factor: 0.56
Nodes/cy: 5
Edges/cy: 120
TEPS: 213

---DCache---
DCache Size: 60,880
DRAM words: 133,760
  DHits: 128,812,343
  DMisses: 5,173,712
  DHit Rate (hit/miss): 96%
  DEvictions: 2,131,930
  DEviction Rate (evict/misses): 41%
  MC Transactions: 5,628,742
  MC Writes: 418,716
Avg. Transactions: 29% , Writes: 2%, Avg. Latency: 12
Max MC id: 31 of 32. Transactions: 40% , Writes: 3%, MC mean Latency: 12
HBM refresh energy (nJ): 1
HBM access energy (nJ): 10,663,088
MemC wire energy 2.5d (nJ): 2,106,163
MemC wire energy 3d (nJ): 526,541

---Energy---
Leakage Energy (nJ): 111,258
PU Dyn E (nJ): 4,257,967
Mem Dyn E (nJ): 24,468,109
Route Dyn E (nJ): 5,664,450
Dynamic Energy (nJ): 34,390,527
Ratio of Dyn/Leak: 309
Total Energy (nJ): 34,501,785
Total Energy (nJ) 3D: 36,600,255
Cores Energy (nJ): 4,259,640
Route Energy (nJ): 5,675,948
Route Energy (nJ) 3D: 9,354,041
Mem Energy   (nJ): 24,566,197
Mem Energy   (nJ) 3D: 22,986,574
Avg. Power (mW): 57,404.81
Power Density (mW/mm2): 66.74

---Runtime---
Runtime in K cycles: 601.03
Microseconds: 601.03
Time per iteration (ms): 0.60

---Throughput---
GOP/s (aka OPS/ns): 598.29
GOP/s per core: 0.58
FLOP/s: 239.14
FLOP/s per core: 0.23
Max Peak FLOP/s: 1,024.00
Avg. BW GB/s: 4,110.70
Max BW GB/s: 4,096.00

---Traffic---
In-Die bisection_bytes BW (GB/s): 256.00
Inter-board traffic (msg/ns): 0.00, per-link: 0.00
Inter-pack traffic (msg/ns): 0.00, per-link: 0.00
Inter-die traffic (msg/ns): 87.36, per-link: 0.34
Ruche traffic (msg/ns): 80.05, per-link: 0.31
All traffic (msg/ns): 3,348.36, per-link: 3.27
Inter-die reduction wrt all: 38.33
Inter-board reduction wrt inter-die: inf

---Data Movement---
All traffic (msg): 2,012,449,611
Arith. Intensity FLOP/Loads: 0.47
Arith. Intensity FLOP/Msgs: 0.07
Arith. Intensity OPS/Loads: 1.17
Arith. Intensity OPS/Msgs: 0.18



===Core Utilization Total=== CORE-S:6;; TIME K cy:600 ;; Nodes Proc: 399,875 -- Edges Proc: 8,992,721

===PRINTING FRAME STATS

FCollision In Avg:97, SD:36, Max:303, Min:10
FCollision Out Avg:76, SD:43, Max:241, Min:3
FCollision End Avg:24, SD:28, Max:100, Min:0
FTask1 Avg:8, SD:7, Max:34, Min:0
FTask2 Avg:26, SD:15, Max:66, Min:0
FTask3 Avg:42, SD:7, Max:90, Min:25
FCore Active Avg:77, SD:16, Max:100, Min:32
FRouter Active Avg:90, SD:4, Max:97, Min:33
T1 invocations: 261,677
T2 invocations: 406,617
T3 invocations: 13,509,130
T3b invocations: 0
Total3 invocations: 13,509,130
Total4 invocations: 4,657

T3/T2 ratio: 33
T3b/T3 ratio: 0

T1 avg ex cycles: 31
T2 avg ex cycles: 65
T3&b avg ex cycles: 3
T4 avg ex cycles: 461
Avg. hops NOC1: 2
Avg. latency NOC1 (T2): 10,598
Avg. hops NOC2: 13
Avg. latency NOC2 (T3): 2,267

===PRINTING ACUM STATS at pu_cycles: 701,061

ACollision In Avg:111, SD:29, Max:247, Min:36
ACollision Out Avg:97, SD:32, Max:215, Min:12
ACollision End Avg:31, SD:17, Max:108, Min:0
ATask1 Avg:5, SD:2, Max:12, Min:0
ATask2 Avg:24, SD:8, Max:47, Min:0
ATask3 Avg:43, SD:6, Max:73, Min:31
ACore Active Avg:72, SD:11, Max:98, Min:38
ARouter Active Avg:86, SD:3, Max:93, Min:39
T1 invocations: 946,274
T2 invocations: 1,922,415
T3 invocations: 85,253,776
T3b invocations: 0
Total3 invocations: 85,253,776
Total4 invocations: 14,396

T3/T2 ratio: 44
T3b/T3 ratio: 0

T1 avg ex cycles: 34
T2 avg ex cycles: 88
T3&b avg ex cycles: 4
T4 avg ex cycles: 490
Avg. hops NOC1: 2
Avg. latency NOC1 (T2): 18,856
Avg. hops NOC2: 13
Avg. latency NOC2 (T3): 2,229
Number of K Nodes Processed: 3,321
Number of K Edges Processed: 85,647
Node Re-explore factor: 0.79
Edge Re-explore factor: 0.67
Nodes/cy: 5
Edges/cy: 122
TEPS: 183

---DCache---
DCache Size: 60,880
DRAM words: 133,760
  DHits: 152,677,308
  DMisses: 6,085,862
  DHit Rate (hit/miss): 96%
  DEvictions: 2,796,186
  DEviction Rate (evict/misses): 46%
  MC Transactions: 6,616,653
  MC Writes: 487,800
Avg. Transactions: 29% , Writes: 2%, Avg. Latency: 12
Max MC id: 31 of 32. Transactions: 39% , Writes: 3%, MC mean Latency: 12
HBM refresh energy (nJ): 2
HBM access energy (nJ): 12,534,587
MemC wire energy 2.5d (nJ): 2,475,820
MemC wire energy 3d (nJ): 618,955

---Energy---
Leakage Energy (nJ): 129,775
PU Dyn E (nJ): 5,063,709
Mem Dyn E (nJ): 28,872,558
Route Dyn E (nJ): 6,721,326
Dynamic Energy (nJ): 40,657,594
Ratio of Dyn/Leak: 313
Total Energy (nJ): 40,787,369
Total Energy (nJ) 3D: 43,290,399
Cores Energy (nJ): 5,065,660
Route Energy (nJ): 6,734,738
Route Energy (nJ) 3D: 11,094,633
Mem Energy   (nJ): 28,986,971
Mem Energy   (nJ) 3D: 27,130,106
Avg. Power (mW): 58,179.49
Power Density (mW/mm2): 67.64

---Runtime---
Runtime in K cycles: 701.06
Microseconds: 701.06
Time per iteration (ms): 0.70

---Throughput---
GOP/s (aka OPS/ns): 610.58
GOP/s per core: 0.60
FLOP/s: 243.67
FLOP/s per core: 0.24
Max Peak FLOP/s: 1,024.00
Avg. BW GB/s: 4,175.92
Max BW GB/s: 4,096.00

---Traffic---
In-Die bisection_bytes BW (GB/s): 256.00
Inter-board traffic (msg/ns): 0.00, per-link: 0.00
Inter-pack traffic (msg/ns): 0.00, per-link: 0.00
Inter-die traffic (msg/ns): 88.80, per-link: 0.35
Ruche traffic (msg/ns): 81.99, per-link: 0.32
All traffic (msg/ns): 3,403.59, per-link: 3.32
Inter-die reduction wrt all: 38.33
Inter-board reduction wrt inter-die: inf

---Data Movement---
All traffic (msg): 2,386,127,203
Arith. Intensity FLOP/Loads: 0.47
Arith. Intensity FLOP/Msgs: 0.07
Arith. Intensity OPS/Loads: 1.17
Arith. Intensity OPS/Msgs: 0.18



===Core Utilization Total=== CORE-S:7;; TIME K cy:700 ;; Nodes Proc: 415,503 -- Edges Proc: 10,770,922

===PRINTING FRAME STATS

FCollision In Avg:90, SD:38, Max:249, Min:2
FCollision Out Avg:69, SD:40, Max:207, Min:1
FCollision End Avg:22, SD:27, Max:112, Min:0
FTask1 Avg:9, SD:7, Max:36, Min:0
FTask2 Avg:26, SD:14, Max:66, Min:0
FTask3 Avg:42, SD:7, Max:90, Min:27
FCore Active Avg:79, SD:15, Max:100, Min:33
FRouter Active Avg:90, SD:5, Max:97, Min:43
T1 invocations: 295,396
T2 invocations: 442,482
T3 invocations: 13,498,464
T3b invocations: 0
Total3 invocations: 13,498,464
Total4 invocations: 7,902

T3/T2 ratio: 31
T3b/T3 ratio: 0

T1 avg ex cycles: 30
T2 avg ex cycles: 60
T3&b avg ex cycles: 3
T4 avg ex cycles: 316
Avg. hops NOC1: 2
Avg. latency NOC1 (T2): 9,064
Avg. hops NOC2: 13
Avg. latency NOC2 (T3): 2,304

===PRINTING ACUM STATS at pu_cycles: 800,957

ACollision In Avg:108, SD:29, Max:243, Min:32
ACollision Out Avg:93, SD:31, Max:199, Min:11
ACollision End Avg:30, SD:16, Max:97, Min:0
ATask1 Avg:5, SD:2, Max:10, Min:0
ATask2 Avg:24, SD:7, Max:41, Min:0
ATask3 Avg:43, SD:6, Max:75, Min:30
ACore Active Avg:73, SD:10, Max:97, Min:38
ARouter Active Avg:86, SD:3, Max:93, Min:40
T1 invocations: 1,238,593
T2 invocations: 2,359,937
T3 invocations: 98,621,018
T3b invocations: 0
Total3 invocations: 98,621,018
Total4 invocations: 22,255

T3/T2 ratio: 42
T3b/T3 ratio: 0

T1 avg ex cycles: 33
T2 avg ex cycles: 83
T3&b avg ex cycles: 4
T4 avg ex cycles: 428
Avg. hops NOC1: 2
Avg. latency NOC1 (T2): 17,040
Avg. hops NOC2: 13
Avg. latency NOC2 (T3): 2,239
Number of K Nodes Processed: 3,427
Number of K Edges Processed: 99,126
Node Re-explore factor: 0.82
Edge Re-explore factor: 0.77
Nodes/cy: 4
Edges/cy: 124
TEPS: 160

---DCache---
DCache Size: 60,880
DRAM words: 133,760
  DHits: 176,468,430
  DMisses: 7,017,722
  DHit Rate (hit/miss): 96%
  DEvictions: 3,531,036
  DEviction Rate (evict/misses): 50%
  MC Transactions: 7,633,465
  MC Writes: 565,727
Avg. Transactions: 30% , Writes: 2%, Avg. Latency: 12
Max MC id: 31 of 32. Transactions: 37% , Writes: 3%, MC mean Latency: 12
HBM refresh energy (nJ): 2
HBM access energy (nJ): 14,460,836
MemC wire energy 2.5d (nJ): 2,856,291
MemC wire energy 3d (nJ): 714,073

---Energy---
Leakage Energy (nJ): 148,267
PU Dyn E (nJ): 5,864,504
Mem Dyn E (nJ): 33,322,669
Route Dyn E (nJ): 7,769,429
Dynamic Energy (nJ): 46,956,603
Ratio of Dyn/Leak: 317
Total Energy (nJ): 47,104,870
Total Energy (nJ) 3D: 49,997,749
Cores Energy (nJ): 5,866,734
Route Energy (nJ): 7,784,752
Route Energy (nJ) 3D: 12,819,849
Mem Energy   (nJ): 33,453,385
Mem Energy   (nJ) 3D: 31,311,167
Avg. Power (mW): 58,810.74
Power Density (mW/mm2): 68.37

---Runtime---
Runtime in K cycles: 800.96
Microseconds: 800.96
Time per iteration (ms): 0.80

---Throughput---
GOP/s (aka OPS/ns): 620.40
GOP/s per core: 0.61
FLOP/s: 246.64
FLOP/s per core: 0.24
Max Peak FLOP/s: 1,024.00
Avg. BW GB/s: 4,219.57
Max BW GB/s: 4,096.00

---Traffic---
In-Die bisection_bytes BW (GB/s): 256.00
Inter-board traffic (msg/ns): 0.00, per-link: 0.00
Inter-pack traffic (msg/ns): 0.00, per-link: 0.00
Inter-die traffic (msg/ns): 89.85, per-link: 0.35
Ruche traffic (msg/ns): 83.39, per-link: 0.33
All traffic (msg/ns): 3,442.16, per-link: 3.36
Inter-die reduction wrt all: 38.31
Inter-board reduction wrt inter-die: inf

---Data Movement---
All traffic (msg): 2,757,020,468
Arith. Intensity FLOP/Loads: 0.47
Arith. Intensity FLOP/Msgs: 0.07
Arith. Intensity OPS/Loads: 1.18
Arith. Intensity OPS/Msgs: 0.18



===Core Utilization Total=== CORE-S:8;; TIME K cy:800 ;; Nodes Proc: 428,834 -- Edges Proc: 12,533,407

===PRINTING FRAME STATS

FCollision In Avg:76, SD:39, Max:222, Min:6
FCollision Out Avg:58, SD:39, Max:184, Min:0
FCollision End Avg:20, SD:25, Max:100, Min:0
FTask1 Avg:10, SD:8, Max:44, Min:0
FTask2 Avg:26, SD:16, Max:72, Min:0
FTask3 Avg:40, SD:7, Max:91, Min:25
FCore Active Avg:79, SD:17, Max:100, Min:33
FRouter Active Avg:89, SD:5, Max:97, Min:45
T1 invocations: 347,458
T2 invocations: 485,977
T3 invocations: 13,213,303
T3b invocations: 0
Total3 invocations: 13,213,303
Total4 invocations: 12,819

T3/T2 ratio: 27
T3b/T3 ratio: 0

T1 avg ex cycles: 30
T2 avg ex cycles: 55
T3&b avg ex cycles: 3
T4 avg ex cycles: 236
Avg. hops NOC1: 3
Avg. latency NOC1 (T2): 7,062
Avg. hops NOC2: 13
Avg. latency NOC2 (T3): 2,508

===PRINTING ACUM STATS at pu_cycles: 901,022

ACollision In Avg:104, SD:28, Max:238, Min:29
ACollision Out Avg:89, SD:30, Max:184, Min:10
ACollision End Avg:29, SD:15, Max:94, Min:0
ATask1 Avg:6, SD:2, Max:10, Min:1
ATask2 Avg:24, SD:6, Max:39, Min:0
ATask3 Avg:42, SD:6, Max:77, Min:30
ACore Active Avg:74, SD:9, Max:98, Min:41
ARouter Active Avg:86, SD:3, Max:94, Min:40
T1 invocations: 1,589,535
T2 invocations: 2,848,073
T3 invocations: 111,908,594
T3b invocations: 0
Total3 invocations: 111,908,594
Total4 invocations: 35,138

T3/T2 ratio: 39
T3b/T3 ratio: 0

T1 avg ex cycles: 32
T2 avg ex cycles: 78
T3&b avg ex cycles: 3
T4 avg ex cycles: 358
Avg. hops NOC1: 2
Avg. latency NOC1 (T2): 15,329
Avg. hops NOC2: 13
Avg. latency NOC2 (T3): 2,270
Number of K Nodes Processed: 3,516
Number of K Edges Processed: 112,386
Node Re-explore factor: 0.84
Edge Re-explore factor: 0.88
Nodes/cy: 4
Edges/cy: 125
TEPS: 142

---DCache---
DCache Size: 60,880
DRAM words: 133,760
  DHits: 200,664,790
  DMisses: 7,945,690
  DHit Rate (hit/miss): 96%
  DEvictions: 4,313,502
  DEviction Rate (evict/misses): 54%
  MC Transactions: 8,637,166
  MC Writes: 636,637
Avg. Transactions: 30% , Writes: 2%, Avg. Latency: 12
Max MC id: 31 of 32. Transactions: 36% , Writes: 3%, MC mean Latency: 12
HBM refresh energy (nJ): 2
HBM access energy (nJ): 16,362,247
MemC wire energy 2.5d (nJ): 3,231,856
MemC wire energy 3d (nJ): 807,964

---Energy---
Leakage Energy (nJ): 166,791
PU Dyn E (nJ): 6,672,241
Mem Dyn E (nJ): 37,749,625
Route Dyn E (nJ): 8,808,675
Dynamic Energy (nJ): 53,230,542
Ratio of Dyn/Leak: 319
Total Energy (nJ): 53,397,333
Total Energy (nJ) 3D: 56,677,630
Cores Energy (nJ): 6,674,749
Route Energy (nJ): 8,825,912
Route Energy (nJ) 3D: 14,530,100
Mem Energy   (nJ): 37,896,672
Mem Energy   (nJ) 3D: 35,472,780
Avg. Power (mW): 59,263.07
Power Density (mW/mm2): 68.90

---Runtime---
Runtime in K cycles: 901.02
Microseconds: 901.02
Time per iteration (ms): 0.90

---Throughput---
GOP/s (aka OPS/ns): 630.24
GOP/s per core: 0.62
FLOP/s: 248.75
FLOP/s per core: 0.24
Max Peak FLOP/s: 1,024.00
Avg. BW GB/s: 4,253.00
Max BW GB/s: 4,096.00

---Traffic---
In-Die bisection_bytes BW (GB/s): 256.00
Inter-board traffic (msg/ns): 0.00, per-link: 0.00
Inter-pack traffic (msg/ns): 0.00, per-link: 0.00
Inter-die traffic (msg/ns): 90.33, per-link: 0.35
Ruche traffic (msg/ns): 84.66, per-link: 0.33
All traffic (msg/ns): 3,468.06, per-link: 3.39
Inter-die reduction wrt all: 38.39
Inter-board reduction wrt inter-die: inf

---Data Movement---
All traffic (msg): 3,124,802,309
Arith. Intensity FLOP/Loads: 0.47
Arith. Intensity FLOP/Msgs: 0.07
Arith. Intensity OPS/Loads: 1.19
Arith. Intensity OPS/Msgs: 0.18



===Core Utilization Total=== CORE-S:9;; TIME K cy:900 ;; Nodes Proc: 439,818 -- Edges Proc: 14,268,801

===PRINTING FRAME STATS

FCollision In Avg:54, SD:37, Max:224, Min:3
FCollision Out Avg:42, SD:34, Max:159, Min:0
FCollision End Avg:16, SD:21, Max:100, Min:0
FTask1 Avg:11, SD:9, Max:43, Min:0
FTask2 Avg:25, SD:18, Max:73, Min:0
FTask3 Avg:38, SD:7, Max:88, Min:22
FCore Active Avg:76, SD:20, Max:100, Min:30
FRouter Active Avg:86, SD:6, Max:97, Min:42
T1 invocations: 382,417
T2 invocations: 509,712
T3 invocations: 12,304,211
T3b invocations: 0
Total3 invocations: 12,304,211
Total4 invocations: 19,370

T3/T2 ratio: 24
T3b/T3 ratio: 0

T1 avg ex cycles: 29
T2 avg ex cycles: 50
T3&b avg ex cycles: 3
T4 avg ex cycles: 178
Avg. hops NOC1: 3
Avg. latency NOC1 (T2): 5,219
Avg. hops NOC2: 13
Avg. latency NOC2 (T3): 2,611

===PRINTING ACUM STATS at pu_cycles: 1,000,982

ACollision In Avg:99, SD:28, Max:233, Min:27
ACollision Out Avg:84, SD:29, Max:180, Min:9
ACollision End Avg:27, SD:13, Max:85, Min:0
ATask1 Avg:6, SD:2, Max:9, Min:1
ATask2 Avg:24, SD:5, Max:38, Min:0
ATask3 Avg:42, SD:6, Max:78, Min:29
ACore Active Avg:74, SD:9, Max:98, Min:44
ARouter Active Avg:86, SD:4, Max:94, Min:41
T1 invocations: 1,974,625
T2 invocations: 3,359,979
T3 invocations: 124,265,945
T3b invocations: 0
Total3 invocations: 124,265,945
Total4 invocations: 54,555

T3/T2 ratio: 37
T3b/T3 ratio: 0

T1 avg ex cycles: 32
T2 avg ex cycles: 74
T3&b avg ex cycles: 3
T4 avg ex cycles: 294
Avg. hops NOC1: 2
Avg. latency NOC1 (T2): 13,788
Avg. hops NOC2: 13
Avg. latency NOC2 (T3): 2,304
Number of K Nodes Processed: 3,587
Number of K Edges Processed: 124,651
Node Re-explore factor: 0.86
Edge Re-explore factor: 0.97
Nodes/cy: 4
Edges/cy: 125
TEPS: 128

---DCache---
DCache Size: 60,880
DRAM words: 133,760
  DHits: 223,443,076
  DMisses: 8,835,235
  DHit Rate (hit/miss): 96%
  DEvictions: 5,093,989
  DEviction Rate (evict/misses): 58%
  MC Transactions: 9,600,095
  MC Writes: 705,763
Avg. Transactions: 30% , Writes: 2%, Avg. Latency: 12
Max MC id: 31 of 32. Transactions: 34% , Writes: 2%, MC mean Latency: 12
HBM refresh energy (nJ): 2
HBM access energy (nJ): 18,186,419
MemC wire energy 2.5d (nJ): 3,592,165
MemC wire energy 3d (nJ): 898,041

---Energy---
Leakage Energy (nJ): 185,295
PU Dyn E (nJ): 7,434,120
Mem Dyn E (nJ): 41,947,900
Route Dyn E (nJ): 9,757,266
Dynamic Energy (nJ): 59,139,287
Ratio of Dyn/Leak: 319
Total Energy (nJ): 59,324,582
Total Energy (nJ) 3D: 62,940,082
Cores Energy (nJ): 7,436,906
Route Energy (nJ): 9,776,415
Route Energy (nJ) 3D: 16,086,040
Mem Energy   (nJ): 42,111,261
Mem Energy   (nJ) 3D: 39,417,137
Avg. Power (mW): 59,266.38
Power Density (mW/mm2): 68.90

---Runtime---
Runtime in K cycles: 1,000.98
Microseconds: 1,000.98
Time per iteration (ms): 1.00

---Throughput---
GOP/s (aka OPS/ns): 635.69
GOP/s per core: 0.62
FLOP/s: 248.58
FLOP/s per core: 0.24
Max Peak FLOP/s: 1,024.00
Avg. BW GB/s: 4,251.11
Max BW GB/s: 4,096.00

---Traffic---
In-Die bisection_bytes BW (GB/s): 256.00
Inter-board traffic (msg/ns): 0.00, per-link: 0.00
Inter-pack traffic (msg/ns): 0.00, per-link: 0.00
Inter-die traffic (msg/ns): 89.74, per-link: 0.35
Ruche traffic (msg/ns): 85.41, per-link: 0.33
All traffic (msg/ns): 3,456.86, per-link: 3.38
Inter-die reduction wrt all: 38.52
Inter-board reduction wrt inter-die: inf

---Data Movement---
All traffic (msg): 3,460,257,365
Arith. Intensity FLOP/Loads: 0.47
Arith. Intensity FLOP/Msgs: 0.07
Arith. Intensity OPS/Loads: 1.20
Arith. Intensity OPS/Msgs: 0.18



===Core Utilization Total=== CORE-S:10;; TIME K cy:1,000 ;; Nodes Proc: 448,748 -- Edges Proc: 15,683,541

===PRINTING FRAME STATS

FCollision In Avg:34, SD:30, Max:170, Min:0
FCollision Out Avg:28, SD:30, Max:128, Min:0
FCollision End Avg:12, SD:18, Max:121, Min:0
FTask1 Avg:10, SD:10, Max:46, Min:0
FTask2 Avg:21, SD:20, Max:76, Min:0
FTask3 Avg:31, SD:6, Max:74, Min:19
FCore Active Avg:66, SD:24, Max:100, Min:24
FRouter Active Avg:78, SD:8, Max:97, Min:35
T1 invocations: 362,298
T2 invocations: 470,036
T3 invocations: 10,276,820
T3b invocations: 0
Total3 invocations: 10,276,820
Total4 invocations: 24,965

T3/T2 ratio: 22
T3b/T3 ratio: 0

T1 avg ex cycles: 29
T2 avg ex cycles: 46
T3&b avg ex cycles: 3
T4 avg ex cycles: 135
Avg. hops NOC1: 3
Avg. latency NOC1 (T2): 3,926
Avg. hops NOC2: 12
Avg. latency NOC2 (T3): 2,347

===PRINTING ACUM STATS at pu_cycles: 1,101,116

ACollision In Avg:93, SD:27, Max:220, Min:26
ACollision Out Avg:79, SD:28, Max:170, Min:8
ACollision End Avg:26, SD:12, Max:78, Min:0
ATask1 Avg:6, SD:2, Max:9, Min:1
ATask2 Avg:24, SD:4, Max:36, Min:1
ATask3 Avg:41, SD:6, Max:78, Min:29
ACore Active Avg:73, SD:7, Max:96, Min:44
ARouter Active Avg:86, SD:4, Max:94, Min:40
T1 invocations: 2,337,180
T2 invocations: 3,824,761
T3 invocations: 134,462,855
T3b invocations: 0
Total3 invocations: 134,462,855
Total4 invocations: 79,528

T3/T2 ratio: 35
T3b/T3 ratio: 0

T1 avg ex cycles: 31
T2 avg ex cycles: 70
T3&b avg ex cycles: 3
T4 avg ex cycles: 244
Avg. hops NOC1: 3
Avg. latency NOC1 (T2): 12,587
Avg. hops NOC2: 13
Avg. latency NOC2 (T3): 2,305
Number of K Nodes Processed: 3,640
Number of K Edges Processed: 134,770
Node Re-explore factor: 0.87
Edge Re-explore factor: 1.05
Nodes/cy: 3
Edges/cy: 122
TEPS: 117

---DCache---
DCache Size: 60,880
DRAM words: 133,760
  DHits: 242,744,780
  DMisses: 9,583,601
  DHit Rate (hit/miss): 96%
  DEvictions: 5,779,873
  DEviction Rate (evict/misses): 60%
  MC Transactions: 10,409,357
  MC Writes: 763,567
Avg. Transactions: 30% , Writes: 2%, Avg. Latency: 12
Max MC id: 31 of 32. Transactions: 33% , Writes: 2%, MC mean Latency: 12
HBM refresh energy (nJ): 3
HBM access energy (nJ): 19,719,485
MemC wire energy 2.5d (nJ): 3,894,975
MemC wire energy 3d (nJ): 973,744

---Energy---
Leakage Energy (nJ): 203,831
PU Dyn E (nJ): 8,068,556
Mem Dyn E (nJ): 45,455,377
Route Dyn E (nJ): 10,528,499
Dynamic Energy (nJ): 64,052,432
Ratio of Dyn/Leak: 314
Total Energy (nJ): 64,256,263
Total Energy (nJ) 3D: 68,132,377
Cores Energy (nJ): 8,071,621
Route Energy (nJ): 10,549,564
Route Energy (nJ) 3D: 17,346,909
Mem Energy   (nJ): 45,635,079
Mem Energy   (nJ) 3D: 42,713,848
Avg. Power (mW): 58,355.58
Power Density (mW/mm2): 67.84

---Runtime---
Runtime in K cycles: 1,101.12
Microseconds: 1,101.12
Time per iteration (ms): 1.10

---Throughput---
GOP/s (aka OPS/ns): 630.84
GOP/s per core: 0.62
FLOP/s: 244.35
FLOP/s per core: 0.24
Max Peak FLOP/s: 1,024.00
Avg. BW GB/s: 4,182.30
Max BW GB/s: 4,096.00

---Traffic---
In-Die bisection_bytes BW (GB/s): 256.00
Inter-board traffic (msg/ns): 0.00, per-link: 0.00
Inter-pack traffic (msg/ns): 0.00, per-link: 0.00
Inter-die traffic (msg/ns): 87.78, per-link: 0.34
Ruche traffic (msg/ns): 84.80, per-link: 0.33
All traffic (msg/ns): 3,389.69, per-link: 3.31
Inter-die reduction wrt all: 38.61
Inter-board reduction wrt inter-die: inf

---Data Movement---
All traffic (msg): 3,732,437,723
Arith. Intensity FLOP/Loads: 0.47
Arith. Intensity FLOP/Msgs: 0.07
Arith. Intensity OPS/Loads: 1.21
Arith. Intensity OPS/Msgs: 0.19



===Core Utilization Total=== CORE-S:11;; TIME K cy:1,100 ;; Nodes Proc: 455,401 -- Edges Proc: 16,880,265

===PRINTING FRAME STATS

FCollision In Avg:16, SD:21, Max:125, Min:0
FCollision Out Avg:16, SD:25, Max:100, Min:0
FCollision End Avg:7, SD:14, Max:92, Min:0
FTask1 Avg:7, SD:10, Max:47, Min:0
FTask2 Avg:14, SD:20, Max:85, Min:0
FTask3 Avg:21, SD:4, Max:53, Min:11
FCore Active Avg:44, SD:26, Max:100, Min:16
FRouter Active Avg:60, SD:11, Max:91, Min:21
T1 invocations: 260,483
T2 invocations: 329,130
T3 invocations: 6,735,614
T3b invocations: 0
Total3 invocations: 6,735,614
Total4 invocations: 22,991

T3/T2 ratio: 20
T3b/T3 ratio: 0

T1 avg ex cycles: 29
T2 avg ex cycles: 43
T3&b avg ex cycles: 3
T4 avg ex cycles: 108
Avg. hops NOC1: 3
Avg. latency NOC1 (T2): 3,227
Avg. hops NOC2: 12
Avg. latency NOC2 (T3): 1,886

===PRINTING ACUM STATS at pu_cycles: 1,200,879

ACollision In Avg:87, SD:26, Max:210, Min:24
ACollision Out Avg:74, SD:27, Max:163, Min:8
ACollision End Avg:24, SD:11, Max:72, Min:0
ATask1 Avg:7, SD:1, Max:8, Min:1
ATask2 Avg:23, SD:3, Max:34, Min:4
ATask3 Avg:39, SD:6, Max:76, Min:27
ACore Active Avg:71, SD:7, Max:94, Min:45
ARouter Active Avg:84, SD:4, Max:93, Min:39
T1 invocations: 2,603,816
T2 invocations: 4,159,347
T3 invocations: 141,262,053
T3b invocations: 0
Total3 invocations: 141,262,053
Total4 invocations: 102,619

T3/T2 ratio: 34
T3b/T3 ratio: 0

T1 avg ex cycles: 31
T2 avg ex cycles: 68
T3&b avg ex cycles: 3
T4 avg ex cycles: 214
Avg. hops NOC1: 3
Avg. latency NOC1 (T2): 11,834
Avg. hops NOC2: 13
Avg. latency NOC2 (T3): 2,286
Number of K Nodes Processed: 3,673
Number of K Edges Processed: 141,367
Node Re-explore factor: 0.88
Edge Re-explore factor: 1.10
Nodes/cy: 3
Edges/cy: 118
TEPS: 107

---DCache---
DCache Size: 60,880
DRAM words: 133,760
  DHits: 255,744,026
  DMisses: 10,084,757
  DHit Rate (hit/miss): 96%
  DEvictions: 6,251,440
  DEviction Rate (evict/misses): 62%
  MC Transactions: 10,949,748
  MC Writes: 801,262
Avg. Transactions: 28% , Writes: 2%, Avg. Latency: 12
Max MC id: 28 of 32. Transactions: 31% , Writes: 2%, MC mean Latency: 12
HBM refresh energy (nJ): 3
HBM access energy (nJ): 20,743,202
MemC wire energy 2.5d (nJ): 4,097,178
MemC wire energy 3d (nJ): 1,024,295

---Energy---
Leakage Energy (nJ): 222,298
PU Dyn E (nJ): 8,497,943
Mem Dyn E (nJ): 47,806,013
Route Dyn E (nJ): 11,034,847
Dynamic Energy (nJ): 67,338,803
Ratio of Dyn/Leak: 303
Total Energy (nJ): 67,561,101
Total Energy (nJ) 3D: 71,606,939
Cores Energy (nJ): 8,501,285
Route Energy (nJ): 11,057,821
Route Energy (nJ) 3D: 18,176,542
Mem Energy   (nJ): 48,001,996
Mem Energy   (nJ) 3D: 44,929,113
Avg. Power (mW): 56,259.71
Power Density (mW/mm2): 65.40

---Runtime---
Runtime in K cycles: 1,200.88
Microseconds: 1,200.88
Time per iteration (ms): 1.20

---Throughput---
GOP/s (aka OPS/ns): 611.79
GOP/s per core: 0.60
FLOP/s: 235.33
FLOP/s per core: 0.23
Max Peak FLOP/s: 1,024.00
Avg. BW GB/s: 4,030.88
Max BW GB/s: 4,096.00

---Traffic---
In-Die bisection_bytes BW (GB/s): 256.00
Inter-board traffic (msg/ns): 0.00, per-link: 0.00
Inter-pack traffic (msg/ns): 0.00, per-link: 0.00
Inter-die traffic (msg/ns): 84.04, per-link: 0.33
Ruche traffic (msg/ns): 82.17, per-link: 0.32
All traffic (msg/ns): 3,257.58, per-link: 3.18
Inter-die reduction wrt all: 38.76
Inter-board reduction wrt inter-die: inf

---Data Movement---
All traffic (msg): 3,911,961,696
Arith. Intensity FLOP/Loads: 0.47
Arith. Intensity FLOP/Msgs: 0.07
Arith. Intensity OPS/Loads: 1.22
Arith. Intensity OPS/Msgs: 0.19



===Core Utilization Total=== CORE-S:12;; TIME K cy:1,200 ;; Nodes Proc: 459,557 -- Edges Proc: 17,633,152
======== IT IS COLD ======= Only 53 Tiles active

===PRINTING FRAME STATS

FCollision In Avg:5, SD:13, Max:100, Min:0
FCollision Out Avg:7, SD:17, Max:99, Min:0
FCollision End Avg:3, SD:10, Max:98, Min:0
FTask1 Avg:3, SD:8, Max:50, Min:0
FTask2 Avg:6, SD:15, Max:95, Min:0
FTask3 Avg:9, SD:2, Max:20, Min:5
FCore Active Avg:20, SD:21, Max:100, Min:6
FRouter Active Avg:31, SD:11, Max:74, Min:5
T1 invocations: 118,240
T2 invocations: 148,164
T3 invocations: 2,950,887
T3b invocations: 0
Total3 invocations: 2,950,887
Total4 invocations: 12,882

T3/T2 ratio: 20
T3b/T3 ratio: 0

T1 avg ex cycles: 29
T2 avg ex cycles: 42
T3&b avg ex cycles: 3
T4 avg ex cycles: 88
Avg. hops NOC1: 4
Avg. latency NOC1 (T2): 3,014
Avg. hops NOC2: 12
Avg. latency NOC2 (T3): 1,439

===PRINTING ACUM STATS at pu_cycles: 1,300,875

ACollision In Avg:81, SD:24, Max:200, Min:22
ACollision Out Avg:69, SD:26, Max:151, Min:7
ACollision End Avg:23, SD:11, Max:67, Min:0
ATask1 Avg:6, SD:1, Max:8, Min:1
ATask2 Avg:22, SD:2, Max:32, Min:5
ATask3 Avg:37, SD:6, Max:71, Min:26
ACore Active Avg:67, SD:6, Max:91, Min:44
ARouter Active Avg:79, SD:4, Max:90, Min:36
T1 invocations: 2,723,722
T2 invocations: 4,308,055
T3 invocations: 144,232,715
T3b invocations: 0
Total3 invocations: 144,232,715
Total4 invocations: 115,525

T3/T2 ratio: 33
T3b/T3 ratio: 0

T1 avg ex cycles: 31
T2 avg ex cycles: 67
T3&b avg ex cycles: 3
T4 avg ex cycles: 200
Avg. hops NOC1: 3
Avg. latency NOC1 (T2): 11,530
Avg. hops NOC2: 13
Avg. latency NOC2 (T3): 2,269
Number of K Nodes Processed: 3,687
Number of K Edges Processed: 144,256
Node Re-explore factor: 0.88
Edge Re-explore factor: 1.12
Nodes/cy: 3
Edges/cy: 111
TEPS: 99

---DCache---
DCache Size: 60,880
DRAM words: 133,760
  DHits: 261,647,619
  DMisses: 10,302,913
  DHit Rate (hit/miss): 96%
  DEvictions: 6,460,066
  DEviction Rate (evict/misses): 63%
  MC Transactions: 11,185,307
  MC Writes: 818,442
Avg. Transactions: 27% , Writes: 2%, Avg. Latency: 12
Max MC id: 31 of 32. Transactions: 28% , Writes: 2%, MC mean Latency: 12
HBM refresh energy (nJ): 3
HBM access energy (nJ): 21,189,445
MemC wire energy 2.5d (nJ): 4,185,320
MemC wire energy 3d (nJ): 1,046,330

---Energy---
Leakage Energy (nJ): 240,809
PU Dyn E (nJ): 8,685,501
Mem Dyn E (nJ): 48,834,256
Route Dyn E (nJ): 11,253,046
Dynamic Energy (nJ): 68,772,803
Ratio of Dyn/Leak: 286
Total Energy (nJ): 69,013,612
Total Energy (nJ) 3D: 73,132,238
Cores Energy (nJ): 8,689,122
Route Energy (nJ): 11,277,932
Route Energy (nJ) 3D: 18,535,548
Mem Energy   (nJ): 49,046,558
Mem Energy   (nJ) 3D: 45,907,569
Avg. Power (mW): 53,051.69
Power Density (mW/mm2): 61.68

---Runtime---
Runtime in K cycles: 1,300.88
Microseconds: 1,300.88
Time per iteration (ms): 1.30

---Throughput---
GOP/s (aka OPS/ns): 578.32
GOP/s per core: 0.56
FLOP/s: 221.76
FLOP/s per core: 0.22
Max Peak FLOP/s: 1,024.00
Avg. BW GB/s: 3,799.95
Max BW GB/s: 4,096.00

---Traffic---
In-Die bisection_bytes BW (GB/s): 256.00
Inter-board traffic (msg/ns): 0.00, per-link: 0.00
Inter-pack traffic (msg/ns): 0.00, per-link: 0.00
Inter-die traffic (msg/ns): 78.95, per-link: 0.31
Ruche traffic (msg/ns): 77.62, per-link: 0.30
All traffic (msg/ns): 3,066.85, per-link: 2.99
Inter-die reduction wrt all: 38.84
Inter-board reduction wrt inter-die: inf

---Data Movement---
All traffic (msg): 3,989,593,891
Arith. Intensity FLOP/Loads: 0.47
Arith. Intensity FLOP/Msgs: 0.07
Arith. Intensity OPS/Loads: 1.22
Arith. Intensity OPS/Msgs: 0.19



===Core Utilization Total=== CORE-S:13;; TIME K cy:1,300 ;; Nodes Proc: 461,359 -- Edges Proc: 17,997,107
======== IT IS COLD ======= Only 21 Tiles active

===PRINTING FRAME STATS

FCollision In Avg:1, SD:5, Max:74, Min:0
FCollision Out Avg:1, SD:8, Max:84, Min:0
FCollision End Avg:1, SD:4, Max:73, Min:0
FTask1 Avg:1, SD:4, Max:52, Min:0
FTask2 Avg:1, SD:7, Max:91, Min:0
FTask3 Avg:2, SD:1, Max:12, Min:1
FCore Active Avg:5, SD:10, Max:100, Min:1
FRouter Active Avg:8, SD:8, Max:66, Min:1
T1 invocations: 28,468
T2 invocations: 33,647
T3 invocations: 720,200
T3b invocations: 0
Total3 invocations: 720,200
Total4 invocations: 3,678

T3/T2 ratio: 21
T3b/T3 ratio: 0

T1 avg ex cycles: 29
T2 avg ex cycles: 42
T3&b avg ex cycles: 3
T4 avg ex cycles: 75
Avg. hops NOC1: 4
Avg. latency NOC1 (T2): 2,748
Avg. hops NOC2: 12
Avg. latency NOC2 (T3): 1,304

===PRINTING ACUM STATS at pu_cycles: 1,400,135

ACollision In Avg:75, SD:22, Max:187, Min:20
ACollision Out Avg:64, SD:24, Max:147, Min:7
ACollision End Avg:21, SD:10, Max:62, Min:1
ATask1 Avg:6, SD:0, Max:8, Min:2
ATask2 Avg:20, SD:2, Max:31, Min:10
ATask3 Avg:35, SD:5, Max:67, Min:24
ACore Active Avg:62, SD:6, Max:87, Min:46
ARouter Active Avg:74, SD:4, Max:85, Min:34
T1 invocations: 2,750,851
T2 invocations: 4,339,081
T3 invocations: 144,934,063
T3b invocations: 0
Total3 invocations: 144,934,063
Total4 invocations: 119,135

T3/T2 ratio: 33
T3b/T3 ratio: 0

T1 avg ex cycles: 31
T2 avg ex cycles: 67
T3&b avg ex cycles: 3
T4 avg ex cycles: 196
Avg. hops NOC1: 3
Avg. latency NOC1 (T2): 11,465
Avg. hops NOC2: 13
Avg. latency NOC2 (T3): 2,264
Number of K Nodes Processed: 3,691
Number of K Edges Processed: 144,939
Node Re-explore factor: 0.88
Edge Re-explore factor: 1.13
Nodes/cy: 3
Edges/cy: 104
TEPS: 92

---DCache---
DCache Size: 60,880
DRAM words: 133,760
  DHits: 263,068,059
  DMisses: 10,356,271
  DHit Rate (hit/miss): 96%
  DEvictions: 6,509,257
  DEviction Rate (evict/misses): 63%
  MC Transactions: 11,242,682
  MC Writes: 822,438
Avg. Transactions: 25% , Writes: 2%, Avg. Latency: 12
Max MC id: 31 of 32. Transactions: 26% , Writes: 2%, MC mean Latency: 12
HBM refresh energy (nJ): 4
HBM access energy (nJ): 21,298,136
MemC wire energy 2.5d (nJ): 4,206,788
MemC wire energy 3d (nJ): 1,051,697

---Energy---
Leakage Energy (nJ): 259,183
PU Dyn E (nJ): 8,726,518
Mem Dyn E (nJ): 49,074,660
Route Dyn E (nJ): 11,304,462
Dynamic Energy (nJ): 69,105,641
Ratio of Dyn/Leak: 267
Total Energy (nJ): 69,364,824
Total Energy (nJ) 3D: 73,499,204
Cores Energy (nJ): 8,730,415
Route Energy (nJ): 11,331,247
Route Energy (nJ) 3D: 18,620,718
Mem Energy   (nJ): 49,303,162
Mem Energy   (nJ) 3D: 46,148,071
Avg. Power (mW): 49,541.53
Power Density (mW/mm2): 57.59

---Runtime---
Runtime in K cycles: 1,400.13
Microseconds: 1,400.13
Time per iteration (ms): 1.40

---Throughput---
GOP/s (aka OPS/ns): 540.16
GOP/s per core: 0.53
FLOP/s: 206.94
FLOP/s per core: 0.20
Max Peak FLOP/s: 1,024.00
Avg. BW GB/s: 3,546.68
Max BW GB/s: 4,096.00

---Traffic---
In-Die bisection_bytes BW (GB/s): 256.00
Inter-board traffic (msg/ns): 0.00, per-link: 0.00
Inter-pack traffic (msg/ns): 0.00, per-link: 0.00
Inter-die traffic (msg/ns): 73.67, per-link: 0.29
Ruche traffic (msg/ns): 72.55, per-link: 0.28
All traffic (msg/ns): 2,862.32, per-link: 2.80
Inter-die reduction wrt all: 38.85
Inter-board reduction wrt inter-die: inf

---Data Movement---
All traffic (msg): 4,007,629,229
Arith. Intensity FLOP/Loads: 0.47
Arith. Intensity FLOP/Msgs: 0.07
Arith. Intensity OPS/Loads: 1.22
Arith. Intensity OPS/Msgs: 0.19



===Core Utilization Total=== CORE-S:14;; TIME K cy:1,400 ;; Nodes Proc: 461,824 -- Edges Proc: 18,049,222
======== IT IS COLD ======= Only 1 Tiles active

===PRINTING FRAME STATS

FCollision In Avg:0, SD:4, Max:97, Min:0
FCollision Out Avg:0, SD:5, Max:98, Min:0
FCollision End Avg:0, SD:2, Max:45, Min:0
FTask1 Avg:0, SD:1, Max:17, Min:0
FTask2 Avg:0, SD:3, Max:73, Min:0
FTask3 Avg:1, SD:0, Max:6, Min:0
FCore Active Avg:1, SD:4, Max:100, Min:0
FRouter Active Avg:2, SD:4, Max:44, Min:0
T1 invocations: 4,529
T2 invocations: 6,003
T3 invocations: 180,295
T3b invocations: 0
Total3 invocations: 180,295
Total4 invocations: 718

T3/T2 ratio: 30
T3b/T3 ratio: 0

T1 avg ex cycles: 30
T2 avg ex cycles: 53
T3&b avg ex cycles: 3
T4 avg ex cycles: 67
Avg. hops NOC1: 3
Avg. latency NOC1 (T2): 3,827
Avg. hops NOC2: 12
Avg. latency NOC2 (T3): 466

===PRINTING ACUM STATS at pu_cycles: 1,500,070

ACollision In Avg:70, SD:21, Max:175, Min:19
ACollision Out Avg:60, SD:22, Max:132, Min:6
ACollision End Avg:20, SD:9, Max:58, Min:1
ATask1 Avg:6, SD:0, Max:7, Min:3
ATask2 Avg:19, SD:2, Max:28, Min:12
ATask3 Avg:32, SD:5, Max:63, Min:22
ACore Active Avg:58, SD:5, Max:85, Min:46
ARouter Active Avg:70, SD:4, Max:82, Min:31
T1 invocations: 2,755,800
T2 invocations: 4,348,882
T3 invocations: 145,115,861
T3b invocations: 0
Total3 invocations: 145,115,861
Total4 invocations: 119,868

T3/T2 ratio: 33
T3b/T3 ratio: 0

T1 avg ex cycles: 31
T2 avg ex cycles: 67
T3&b avg ex cycles: 3
T4 avg ex cycles: 196
Avg. hops NOC1: 3
Avg. latency NOC1 (T2): 11,449
Avg. hops NOC2: 13
Avg. latency NOC2 (T3): 2,261
Number of K Nodes Processed: 3,693
Number of K Edges Processed: 145,116
Node Re-explore factor: 0.88
Edge Re-explore factor: 1.13
Nodes/cy: 2
Edges/cy: 97
TEPS: 86

---DCache---
DCache Size: 60,880
DRAM words: 133,760
  DHits: 263,430,699
  DMisses: 10,369,009
  DHit Rate (hit/miss): 96%
  DEvictions: 6,521,943
  DEviction Rate (evict/misses): 63%
  MC Transactions: 11,256,788
  MC Writes: 823,805
Avg. Transactions: 23% , Writes: 2%, Avg. Latency: 12
Max MC id: 31 of 32. Transactions: 25% , Writes: 2%, MC mean Latency: 12
HBM refresh energy (nJ): 4
HBM access energy (nJ): 21,324,859
MemC wire energy 2.5d (nJ): 4,212,066
MemC wire energy 3d (nJ): 1,053,017

---Energy---
Leakage Energy (nJ): 277,682
PU Dyn E (nJ): 8,739,098
Mem Dyn E (nJ): 49,139,830
Route Dyn E (nJ): 11,319,046
Dynamic Energy (nJ): 69,197,975
Ratio of Dyn/Leak: 249
Total Energy (nJ): 69,475,657
Total Energy (nJ) 3D: 73,615,181
Cores Energy (nJ): 8,743,273
Route Energy (nJ): 11,347,743
Route Energy (nJ) 3D: 18,646,317
Mem Energy   (nJ): 49,384,642
Mem Energy   (nJ) 3D: 46,225,592
Avg. Power (mW): 46,314.94
Power Density (mW/mm2): 53.84

---Runtime---
Runtime in K cycles: 1,500.07
Microseconds: 1,500.07
Time per iteration (ms): 1.50

---Throughput---
GOP/s (aka OPS/ns): 504.89
GOP/s per core: 0.49
FLOP/s: 193.43
FLOP/s per core: 0.19
Max Peak FLOP/s: 1,024.00
Avg. BW GB/s: 3,315.07
Max BW GB/s: 4,096.00

---Traffic---
In-Die bisection_bytes BW (GB/s): 256.00
Inter-board traffic (msg/ns): 0.00, per-link: 0.00
Inter-pack traffic (msg/ns): 0.00, per-link: 0.00
Inter-die traffic (msg/ns): 68.86, per-link: 0.27
Ruche traffic (msg/ns): 67.80, per-link: 0.26
All traffic (msg/ns): 2,675.01, per-link: 2.61
Inter-die reduction wrt all: 38.85
Inter-board reduction wrt inter-die: inf

---Data Movement---
All traffic (msg): 4,012,698,478
Arith. Intensity FLOP/Loads: 0.47
Arith. Intensity FLOP/Msgs: 0.07
Arith. Intensity OPS/Loads: 1.22
Arith. Intensity OPS/Msgs: 0.19



===Core Utilization Total=== CORE-S:15;; TIME K cy:1,500 ;; Nodes Proc: 462,039 -- Edges Proc: 18,049,699
======== IT IS COLD ======= Only 1 Tiles active

===PRINTING FRAME STATS

FCollision In Avg:0, SD:3, Max:97, Min:0
FCollision Out Avg:0, SD:5, Max:98, Min:0
FCollision End Avg:0, SD:2, Max:61, Min:0
FTask1 Avg:0, SD:0, Max:14, Min:0
FTask2 Avg:0, SD:3, Max:75, Min:0
FTask3 Avg:0, SD:0, Max:4, Min:0
FCore Active Avg:0, SD:3, Max:76, Min:0
FRouter Active Avg:1, SD:3, Max:43, Min:0
T1 invocations: 2,136
T2 invocations: 2,772
T3 invocations: 68,718
T3b invocations: 0
Total3 invocations: 68,718
Total4 invocations: 417

T3/T2 ratio: 25
T3b/T3 ratio: 0

T1 avg ex cycles: 30
T2 avg ex cycles: 52
T3&b avg ex cycles: 4
T4 avg ex cycles: 67
Avg. hops NOC1: 3
Avg. latency NOC1 (T2): 5,238
Avg. hops NOC2: 11
Avg. latency NOC2 (T3): 807

===PRINTING ACUM STATS at pu_cycles: 1,600,031

ACollision In Avg:66, SD:20, Max:164, Min:18
ACollision Out Avg:56, SD:21, Max:124, Min:6
ACollision End Avg:18, SD:9, Max:54, Min:1
ATask1 Avg:5, SD:0, Max:7, Min:3
ATask2 Avg:18, SD:2, Max:26, Min:12
ATask3 Avg:30, SD:5, Max:63, Min:21
ACore Active Avg:55, SD:5, Max:82, Min:43
ARouter Active Avg:65, SD:4, Max:78, Min:29
T1 invocations: 2,758,595
T2 invocations: 4,353,139
T3 invocations: 145,182,988
T3b invocations: 0
Total3 invocations: 145,182,988
Total4 invocations: 120,298

T3/T2 ratio: 33
T3b/T3 ratio: 0

T1 avg ex cycles: 31
T2 avg ex cycles: 67
T3&b avg ex cycles: 3
T4 avg ex cycles: 195
Avg. hops NOC1: 3
Avg. latency NOC1 (T2): 11,443
Avg. hops NOC2: 13
Avg. latency NOC2 (T3): 2,260
Number of K Nodes Processed: 3,694
Number of K Edges Processed: 145,185
Node Re-explore factor: 0.88
Edge Re-explore factor: 1.13
Nodes/cy: 2
Edges/cy: 91
TEPS: 80

---DCache---
DCache Size: 60,880
DRAM words: 133,760
  DHits: 263,575,896
  DMisses: 10,373,177
  DHit Rate (hit/miss): 96%
  DEvictions: 6,526,111
  DEviction Rate (evict/misses): 63%
  MC Transactions: 11,261,421
  MC Writes: 824,270
Avg. Transactions: 22% , Writes: 2%, Avg. Latency: 12
Max MC id: 31 of 32. Transactions: 23% , Writes: 2%, MC mean Latency: 12
HBM refresh energy (nJ): 4
HBM access energy (nJ): 21,333,635
MemC wire energy 2.5d (nJ): 4,213,800
MemC wire energy 3d (nJ): 1,053,450

---Energy---
Leakage Energy (nJ): 296,186
PU Dyn E (nJ): 8,744,696
Mem Dyn E (nJ): 49,164,528
Route Dyn E (nJ): 11,323,489
Dynamic Energy (nJ): 69,232,714
Ratio of Dyn/Leak: 234
Total Energy (nJ): 69,528,900
Total Energy (nJ) 3D: 73,670,460
Cores Energy (nJ): 8,749,150
Route Energy (nJ): 11,354,098
Route Energy (nJ) 3D: 18,656,008
Mem Energy   (nJ): 49,425,653
Mem Energy   (nJ) 3D: 46,265,303
Avg. Power (mW): 43,454.72
Power Density (mW/mm2): 50.52

---Runtime---
Runtime in K cycles: 1,600.03
Microseconds: 1,600.03
Time per iteration (ms): 1.60

---Throughput---
GOP/s (aka OPS/ns): 473.65
GOP/s per core: 0.46
FLOP/s: 181.46
FLOP/s per core: 0.18
Max Peak FLOP/s: 1,024.00
Avg. BW GB/s: 3,109.86
Max BW GB/s: 4,096.00

---Traffic---
In-Die bisection_bytes BW (GB/s): 256.00
Inter-board traffic (msg/ns): 0.00, per-link: 0.00
Inter-pack traffic (msg/ns): 0.00, per-link: 0.00
Inter-die traffic (msg/ns): 64.57, per-link: 0.25
Ruche traffic (msg/ns): 63.58, per-link: 0.25
All traffic (msg/ns): 2,508.99, per-link: 2.45
Inter-die reduction wrt all: 38.86
Inter-board reduction wrt inter-die: inf

---Data Movement---
All traffic (msg): 4,014,456,256
Arith. Intensity FLOP/Loads: 0.47
Arith. Intensity FLOP/Msgs: 0.07
Arith. Intensity OPS/Loads: 1.22
Arith. Intensity OPS/Msgs: 0.19



===Core Utilization Total=== CORE-S:16;; TIME K cy:1,600 ;; Nodes Proc: 462,237 -- Edges Proc: 18,050,122
======== IT IS COLD ======= Only 0 Tiles active

===PRINTING FRAME STATS

FCollision In Avg:0, SD:3, Max:90, Min:0
FCollision Out Avg:0, SD:5, Max:98, Min:0
FCollision End Avg:0, SD:2, Max:61, Min:0
FTask1 Avg:0, SD:1, Max:22, Min:0
FTask2 Avg:0, SD:3, Max:75, Min:0
FTask3 Avg:0, SD:0, Max:5, Min:0
FCore Active Avg:1, SD:3, Max:76, Min:0
FRouter Active Avg:1, SD:4, Max:43, Min:0
T1 invocations: 2,267
T2 invocations: 2,658
T3 invocations: 83,140
T3b invocations: 0
Total3 invocations: 83,140
Total4 invocations: 542

T3/T2 ratio: 31
T3b/T3 ratio: 0

T1 avg ex cycles: 30
T2 avg ex cycles: 53
T3&b avg ex cycles: 3
T4 avg ex cycles: 55
Avg. hops NOC1: 3
Avg. latency NOC1 (T2): 5,246
Avg. hops NOC2: 14
Avg. latency NOC2 (T3): 385

===PRINTING ACUM STATS at pu_cycles: 1,700,094

ACollision In Avg:62, SD:18, Max:154, Min:17
ACollision Out Avg:53, SD:20, Max:117, Min:5
ACollision End Avg:17, SD:8, Max:51, Min:1
ATask1 Avg:5, SD:0, Max:7, Min:4
ATask2 Avg:17, SD:2, Max:25, Min:13
ATask3 Avg:28, SD:4, Max:56, Min:20
ACore Active Avg:52, SD:5, Max:77, Min:41
ARouter Active Avg:61, SD:3, Max:75, Min:28
T1 invocations: 2,761,160
T2 invocations: 4,355,137
T3 invocations: 145,267,661
T3b invocations: 0
Total3 invocations: 145,267,661
Total4 invocations: 120,838

T3/T2 ratio: 33
T3b/T3 ratio: 0

T1 avg ex cycles: 31
T2 avg ex cycles: 67
T3&b avg ex cycles: 3
T4 avg ex cycles: 195
Avg. hops NOC1: 3
Avg. latency NOC1 (T2): 11,438
Avg. hops NOC2: 13
Avg. latency NOC2 (T3): 2,259
Number of K Nodes Processed: 3,696
Number of K Edges Processed: 145,267
Node Re-explore factor: 0.88
Edge Re-explore factor: 1.13
Nodes/cy: 2
Edges/cy: 85
TEPS: 75

---DCache---
DCache Size: 60,880
DRAM words: 133,760
  DHits: 263,750,053
  DMisses: 10,376,590
  DHit Rate (hit/miss): 96%
  DEvictions: 6,529,524
  DEviction Rate (evict/misses): 63%
  MC Transactions: 11,265,136
  MC Writes: 824,572
Avg. Transactions: 21% , Writes: 2%, Avg. Latency: 12
Max MC id: 31 of 32. Transactions: 22% , Writes: 2%, MC mean Latency: 12
HBM refresh energy (nJ): 5
HBM access energy (nJ): 21,340,673
MemC wire energy 2.5d (nJ): 4,215,190
MemC wire energy 3d (nJ): 1,053,798

---Energy---
Leakage Energy (nJ): 314,709
PU Dyn E (nJ): 8,748,632
Mem Dyn E (nJ): 49,184,229
Route Dyn E (nJ): 11,330,430
Dynamic Energy (nJ): 69,263,291
Ratio of Dyn/Leak: 220
Total Energy (nJ): 69,578,000
Total Energy (nJ) 3D: 73,722,594
Cores Energy (nJ): 8,753,364
Route Energy (nJ): 11,362,952
Route Energy (nJ) 3D: 18,668,939
Mem Energy   (nJ): 49,461,684
Mem Energy   (nJ) 3D: 46,300,292
Avg. Power (mW): 40,925.97
Power Density (mW/mm2): 47.58

---Runtime---
Runtime in K cycles: 1,700.09
Microseconds: 1,700.09
Time per iteration (ms): 1.70

---Throughput---
GOP/s (aka OPS/ns): 446.02
GOP/s per core: 0.44
FLOP/s: 170.85
FLOP/s per core: 0.17
Max Peak FLOP/s: 1,024.00
Avg. BW GB/s: 2,928.13
Max BW GB/s: 4,096.00

---Traffic---
In-Die bisection_bytes BW (GB/s): 256.00
Inter-board traffic (msg/ns): 0.00, per-link: 0.00
Inter-pack traffic (msg/ns): 0.00, per-link: 0.00
Inter-die traffic (msg/ns): 60.82, per-link: 0.24
Ruche traffic (msg/ns): 59.89, per-link: 0.23
All traffic (msg/ns): 2,362.65, per-link: 2.31
Inter-die reduction wrt all: 38.85
Inter-board reduction wrt inter-die: inf

---Data Movement---
All traffic (msg): 4,016,723,978
Arith. Intensity FLOP/Loads: 0.47
Arith. Intensity FLOP/Msgs: 0.07
Arith. Intensity OPS/Loads: 1.22
Arith. Intensity OPS/Msgs: 0.19



===Core Utilization Total=== CORE-S:17;; TIME K cy:1,700 ;; Nodes Proc: 462,465 -- Edges Proc: 18,050,582
======== IT IS COLD ======= Only 1 Tiles active
Epoch Done Router: 7
Epoch Done Router: 1
Epoch Done Router: 5
Epoch Done Router: 4
Epoch Done Router: 2
##EPOCH## 1 COMPLETED at Time (K cy): 1,785
Nodes processed until now: 3,696,786
Edges processed until now: 145,343,135
Epoch Done Router: 6
Epoch Done Router: 3
Epoch Done Router: 0
Program Done Router Thread: 0
Program Done Worker Thread: 0
Program Done Router Thread: 6
Program Done Worker Thread: 7
Program Done Worker Thread: 3
Program Done Router Thread: 1
Program Done Router Thread: 2
Program Done Worker Thread: 4
Program Done Router Thread: 5
Program Done Router Thread: 7
Program Done Worker Thread: 5
Program Done Worker Thread: 2
Program Done Worker Thread: 1
Program Done Router Thread: 4
Program Done Router Thread: 3
Program Done Worker Thread: 6

===PRINTING ACUM STATS at pu_cycles: 1,785,073

ACollision In Avg:59, SD:18, Max:147, Min:16
ACollision Out Avg:50, SD:19, Max:111, Min:5
ACollision End Avg:17, SD:8, Max:49, Min:1
ATask1 Avg:5, SD:0, Max:8, Min:4
ATask2 Avg:16, SD:1, Max:24, Min:13
ATask3 Avg:27, SD:4, Max:53, Min:19
ACore Active Avg:49, SD:5, Max:76, Min:39
ARouter Active Avg:59, SD:3, Max:72, Min:26
T1 invocations: 2,763,526
T2 invocations: 4,359,750
T3 invocations: 145,343,135
T3b invocations: 0
Total3 invocations: 145,343,135
Total4 invocations: 121,221

T3/T2 ratio: 33
T3b/T3 ratio: 0

T1 avg ex cycles: 31
T2 avg ex cycles: 67
T3&b avg ex cycles: 3
T4 avg ex cycles: 194
Avg. hops NOC1: 3
Avg. latency NOC1 (T2): 11,431
Avg. hops NOC2: 13
Avg. latency NOC2 (T3): 2,258

Runtime at program end in K cycles: 1,785
Runtime before cooldown in K cycles: 1,101


Number of K Nodes Processed: 3,696
Number of K Edges Processed: 145,343
Node Re-explore factor: 0.88
Edge Re-explore factor: 1.13
Nodes/cy: 2
Edges/cy: 81
TEPS: 72

---DCache---
DCache Size: 60,880
DRAM words: 133,760
  DHits: 263,904,025
  DMisses: 10,382,001
  DHit Rate (hit/miss): 96%
  DEvictions: 6,534,935
  DEviction Rate (evict/misses): 63%
  MC Transactions: 11,270,853
  MC Writes: 824,877
Avg. Transactions: 20% , Writes: 1%, Avg. Latency: 12
Max MC id: 31 of 32. Transactions: 21% , Writes: 2%, MC mean Latency: 12
HBM refresh energy (nJ): 5
HBM access energy (nJ): 21,351,503
MemC wire energy 2.5d (nJ): 4,217,329
MemC wire energy 3d (nJ): 1,054,332

---Energy---
Leakage Energy (nJ): 330,440
PU Dyn E (nJ): 8,755,143
Mem Dyn E (nJ): 49,213,702
Route Dyn E (nJ): 11,336,640
Dynamic Energy (nJ): 69,305,485
Ratio of Dyn/Leak: 210
Total Energy (nJ): 69,635,925
Total Energy (nJ) 3D: 73,783,007
Cores Energy (nJ): 8,760,112
Route Energy (nJ): 11,370,788
Route Energy (nJ) 3D: 18,680,867
Mem Energy   (nJ): 49,505,025
Mem Energy   (nJ) 3D: 46,342,029
Avg. Power (mW): 39,010.13
Power Density (mW/mm2): 45.35

---Runtime---
Runtime in K cycles: 1,785.07
Microseconds: 1,785.07
Time per iteration (ms): 1.79

---Inst---
K Loads: 621,727
K Stores: 623,688
K Instructions: 758,790

---Throughput---
GOP/s (aka OPS/ns): 425.08
GOP/s per core: 0.42
FLOP/s: 162.84
FLOP/s per core: 0.16
Max Peak FLOP/s: 1,024.00
Avg. BW GB/s: 2,790.73
Max BW GB/s: 4,096.00

---Traffic---
In-Die bisection_bytes BW (GB/s): 256.00
Inter-board traffic (msg/ns): 0.00, per-link: 0.00
Inter-pack traffic (msg/ns): 0.00, per-link: 0.00
Inter-die traffic (msg/ns): 57.95, per-link: 0.23
Ruche traffic (msg/ns): 57.06, per-link: 0.22
All traffic (msg/ns): 2,251.42, per-link: 2.20
Inter-die reduction wrt all: 38.85
Inter-board reduction wrt inter-die: inf

---Data Movement---
All traffic (msg): 4,018,944,245
Arith. Intensity FLOP/Loads: 0.47
Arith. Intensity FLOP/Msgs: 0.07
Arith. Intensity OPS/Loads: 1.22
Arith. Intensity OPS/Msgs: 0.19

Simulation time: 204.48
Sim noc_cy/s: 8,730.02
Sim Msg/s: 19,654,920.42

Version 31

