Dataset:  Kron22/
Dry run: 0
Open Edge Count File succesfully
Edges Traversed BFS: 128309848
Found Vertices: 4194304, Edges: 128311436
avg degree 31
Array  Kron22/node_array.bin found
Malloc array of size 16777220 bytes
Readin array of size 16777216 bytes
Finished Reading Array Bytes
No reordering Array 32bit
Array  Kron22/edge_array.bin found
Malloc array of size 513245744 bytes
Readin array of size 513245744 bytes
Finished Reading Array Bytes
No reordering Array 32bit
Array  Kron22/edge_values.bin found
Malloc array of size 513245744 bytes
Readin array of size 513245744 bytes
Finished Reading Array Bytes
No reordering Array 32bit
Reading graph elapsed time: 0.20168s

Dataset Footprint: 522 MiB
Dataset Footprint per Board: 4383.05 Mb
Dataset injection time (ms): 0.26752
Max Dataset Footprint: 1026 MiB

Dataset footprint per tile: 522 KiB
Proxys footprint per tile: 0 KiB
Reserved SRAM per tile: 15 KiB

Ideal SRAM per tile: 537 KiB
reserved_words_for_dataset:3360
dataset_words_per_tile:133760
remaining_sram_words:12454
min_dcache_sram_words_required:3425
dataset_words_per_tile:133760
min_pcache_sram_words_required:0
proxys_words_per_tile:0
Dcache footprint ratio: 11
Dataset Cached: 1
DCache: 12256 words, lines: 766, sets: 766
Proxys Cached: 0
Pcache: 0 words, sets: 0
Node per tile: 4,096
Edge per tile: 125,305
GRID_X: 32
GRID_SIZE: 1,024
smt_per_tile: 1
noc_freq: 1
pu_freq: 1
RUCHE_X: 0
PROXY_W: 32
DIE_W: 32
DIE_H: 32
DIES: 1
BORDER_TILES_PER_DIE: 128
PACK_W: 32
PACK_H: 32
DIES_PACK_FACTOR: 1
DIES_PER_PACK: 1
PACKAGES: 1
BOARD_W: 32
BOARD_H: 32
BOARDS: 1
MUX_BUS: 1
DCACHE: 1
PCACHE: 0
PROXY_FACTOR: 1
CACHE_WAYS: 1
TORUS: 1
PHY_NOCS: 1
WIDE_NOC_ID: 0
NOC_CONF: 1
noc_width: 32
hbm_channel_bit_width: 512
ld_st_op_byte_width: 4
PROXY_ROUTING: 0
WRITE_THROUGH: 1
ASSERT_MODE: 0
GLOBAL_BARRIER: 0
OQ flits: 36 ; 384 ; 2
IQ flits: 288 ; 3,072 ; 2
OQ messages: 12 ; 192 ; 1
IQ messages: 96 ; 1,536 ; 1
max_task2 size: 64
io_factor_t2: 8
io_factor_t3: 8
io_factor_t3b: 8

Active SRAM Storage per tile: 63 KiB
Total SRAM Storage per tile: 64 KiB
Agreggated SRAM Storage: 64 MiB

Active DRAM Storage per tile: 0.509766 MiB
Total DRAM Storage per tile: 8 MiB
Agreggated DRAM Storage: 8 GiB

Inter-Die #links: 1,024
Inter-Die (Gbits): 32,768
Inter-Die (Gbits/mm): 725.87
Bisection BW of Board (Gbits): 8,192
Border IO #Dies: 4
Border IO Die BW (Gbits): 4,096
Off-Board BW Total (Gbits): 16,384
Off-Board BW Density (Gbits/mm): 229
Die side: 11.29 mm
Die border wire density: 725.87 Gbits/mm
HBM wire density: 362.93 Gbits/mm

Tiles per Die: 1,024 (32x32)
Tile Area: 0.07 mm2, side: 0.26 mm
- Core/Rout Area: 0.05 mm2
- SRAM Area: 0.02 mm2
- SRAM/Logic Ratio: 0.35x

Dies per Package: 1 (1x1)
Die Area: 127.37 mm2, side: 11.29 mm
- Tiles Area: 70.88 mm2
- PHY Area: 47.49 mm2
- MC Area: 9.00 mm2

Packages per Board: 1 (1x1)
Package Area: 317.37 mm2, side: 17.81 mm
- IOdie Area: 80.00 mm2
- Dies Area: 127.37 mm2
- HBM Area: 110.00 mm2

Boards: 1 (1x1)
Board Area: 317.37 mm2
Total Area: 317.37 mm2



ESTIMATED COST OF SILICON AND PACKAGING. ONLY VARIABLE, NO FIXED COSTS
Good dies per wafer 3d: 270
Good dies per wafer 2d: 413
--Dies 3D Cost: 22.40 $
--Dies 2.5D Cost: 14.64 $
--Dies 2D Cost: 14.64 $
--HBM Cost: 60.00 $
--IOdie Cost: 8.44 $
--Packaging Cost 3d: 5.36 $
--Packaging Cost 2.5d: 8.59 $
--Packaging Cost 2d: 3.46 $
SiP Cost 3d: 96.19 $
SiP Cost 2.5d: 91.67 $
SiP Cost 2d: 26.54 $
--Board Cost: 0.32 $
Total SiPs Cost 3d: 96.51 $
Total SiPs Cost 2.5d: 91.99 $
Total SiPs Cost 2d: 26.86 $

Perf counters initialized
Mesh connected
Cache structures initialized
Replicas initialized
Allocated Frontier List
Dataset structures initialized


Starting Simulation
INIT epoch: 1
INIT epoch: 1
INIT epoch: 1
INIT epoch: 1
INIT epoch: 1
INIT epoch: 1
INIT epoch: 1
INIT epoch: 1

===PRINTING FRAME STATS

FCollision In Avg:-nan, SD:-nan, Max:225, Min:1
FCollision Out Avg:-nan, SD:-nan, Max:262, Min:33
FCollision End Avg:-nan, SD:-nan, Max:172, Min:0
FTask1 Avg:-nan, SD:-nan, Max:7, Min:0
FTask2 Avg:-nan, SD:-nan, Max:55, Min:0
FTask3 Avg:-nan, SD:-nan, Max:91, Min:25
FCore Active Avg:-nan, SD:-nan, Max:100, Min:29
FRouter Active Avg:-nan, SD:-nan, Max:78, Min:33
T1 invocations: 22,072
T2 invocations: 62,328
T3 invocations: 3,752,313
T3b invocations: 0
Total3 invocations: 3,752,313
Total4 invocations: 1,004

T3/T2 ratio: 60
T3b/T3 ratio: 0

T1 avg ex cycles: 66
T2 avg ex cycles: 169
T3&b avg ex cycles: 11
T4 avg ex cycles: 358
Avg. hops NOC1: 4
Avg. latency NOC1 (T2): 39,802
Avg. hops NOC2: 18
Avg. latency NOC2 (T3): 3,601

===PRINTING ACUM STATS at pu_cycles: 100,541

ACollision In Avg:-nan, SD:-nan, Max:225, Min:1
ACollision Out Avg:-nan, SD:-nan, Max:262, Min:33
ACollision End Avg:-nan, SD:-nan, Max:172, Min:0
ATask1 Avg:-nan, SD:-nan, Max:7, Min:0
ATask2 Avg:-nan, SD:-nan, Max:55, Min:0
ATask3 Avg:-nan, SD:-nan, Max:91, Min:25
ACore Active Avg:-nan, SD:-nan, Max:100, Min:29
ARouter Active Avg:-nan, SD:-nan, Max:78, Min:33
T1 invocations: 22,072
T2 invocations: 62,328
T3 invocations: 3,752,313
T3b invocations: 0
Total3 invocations: 3,752,313
Total4 invocations: 1,004

T3/T2 ratio: 60
T3b/T3 ratio: 0

T1 avg ex cycles: 66
T2 avg ex cycles: 169
T3&b avg ex cycles: 11
T4 avg ex cycles: 358
Avg. hops NOC1: 4
Avg. latency NOC1 (T2): 39,802
Avg. hops NOC2: 18
Avg. latency NOC2 (T3): 3,601
Number of K Nodes Processed: 913
Number of K Edges Processed: 3,985
Node Re-explore factor: 0.22
Edge Re-explore factor: 0.03
Nodes/cy: 9
Edges/cy: 40
TEPS: 1,276

---DCache---
DCache Size: 12,256
DRAM words: 133,760
  DHits: 8,030,589
  DMisses: 621,821
  DHit Rate (hit/miss): 93%
  DEvictions: 212,177
  DEviction Rate (evict/misses): 34%
  MC Transactions: 745,250
  MC Writes: 121,480
Avg. Transactions: 93% , Writes: 15%, Avg. Latency: 32
Max MC id: 7 of 8. Transactions: 100% , Writes: 17%, MC mean Latency: 30
HBM refresh energy (nJ): 0
HBM access energy (nJ): 1,411,801
MemC wire energy 2.5d (nJ): 400,938
MemC wire energy 3d (nJ): 100,235

---Energy---
Leakage Energy (nJ): 5,255
PU Dyn E (nJ): 261,927
Mem Dyn E (nJ): 2,282,726
Route Dyn E (nJ): 239,016
Dynamic Energy (nJ): 2,783,669
Ratio of Dyn/Leak: 530
Total Energy (nJ): 2,788,924
Total Energy (nJ) 3D: 2,630,172
Cores Energy (nJ): 262,207
Route Energy (nJ): 239,937
Route Energy (nJ) 3D: 381,889
Mem Energy   (nJ): 2,286,780
Mem Energy   (nJ) 3D: 1,986,076
Avg. Power (mW): 27,739.17
Power Density (mW/mm2): 87.40

---Runtime---
Runtime in K cycles: 100.54
Microseconds: 100.54
Time per iteration (ms): 0.10

---Throughput---
GOP/s (aka OPS/ns): 268.74
GOP/s per core: 0.26
FLOP/s: 75.76
FLOP/s per core: 0.07
Max Peak FLOP/s: 1,024.00
Avg. BW GB/s: 1,537.52
Max BW GB/s: 4,096.00

---Traffic---
In-Die bisection_bytes BW (GB/s): 512.00
Inter-board traffic (msg/ns): 0.00, per-link: 0.00
Inter-pack traffic (msg/ns): 0.00, per-link: 0.00
Inter-die traffic (msg/ns): 0.00, per-link: 0.00
Ruche traffic (msg/ns): 0.00, per-link: 0.00
All traffic (msg/ns): 1,560.60, per-link: 1.52
Inter-die reduction wrt all: inf
Inter-board reduction wrt inter-die: -nan

---Data Movement---
All traffic (msg): 156,903,953
Arith. Intensity FLOP/Loads: 0.40
Arith. Intensity FLOP/Msgs: 0.05
Arith. Intensity OPS/Loads: 1.41
Arith. Intensity OPS/Msgs: 0.17



===Core Utilization Total=== CORE-S:1;; TIME K cy:100 ;; Nodes Proc: 114,050 -- Edges Proc: 641,697

===PRINTING FRAME STATS

FCollision In Avg:111, SD:40, Max:284, Min:1
FCollision Out Avg:146, SD:48, Max:296, Min:35
FCollision End Avg:46, SD:44, Max:217, Min:0
FTask1 Avg:1, SD:1, Max:10, Min:0
FTask2 Avg:17, SD:14, Max:69, Min:0
FTask3 Avg:34, SD:10, Max:84, Min:19
FCore Active Avg:53, SD:19, Max:100, Min:20
FRouter Active Avg:67, SD:6, Max:86, Min:39
T1 invocations: 26,017
T2 invocations: 99,929
T3 invocations: 6,052,889
T3b invocations: 0
Total3 invocations: 6,052,889
Total4 invocations: 151

T3/T2 ratio: 61
T3b/T3 ratio: 0

T1 avg ex cycles: 53
T2 avg ex cycles: 177
T3&b avg ex cycles: 6
T4 avg ex cycles: 592
Avg. hops NOC1: 2
Avg. latency NOC1 (T2): 65,023
Avg. hops NOC2: 17
Avg. latency NOC2 (T3): 3,337

===PRINTING ACUM STATS at pu_cycles: 200,474

ACollision In Avg:104, SD:33, Max:240, Min:1
ACollision Out Avg:144, SD:41, Max:275, Min:49
ACollision End Avg:44, SD:37, Max:194, Min:0
ATask1 Avg:1, SD:1, Max:7, Min:0
ATask2 Avg:14, SD:10, Max:45, Min:0
ATask3 Avg:37, SD:9, Max:84, Min:22
ACore Active Avg:53, SD:14, Max:100, Min:25
ARouter Active Avg:57, SD:6, Max:72, Min:39
T1 invocations: 48,407
T2 invocations: 163,642
T3 invocations: 9,848,181
T3b invocations: 0
Total3 invocations: 9,848,181
Total4 invocations: 1,169

T3/T2 ratio: 60
T3b/T3 ratio: 0

T1 avg ex cycles: 59
T2 avg ex cycles: 174
T3&b avg ex cycles: 8
T4 avg ex cycles: 389
Avg. hops NOC1: 3
Avg. latency NOC1 (T2): 55,256
Avg. hops NOC2: 17
Avg. latency NOC2 (T3): 3,439
Number of K Nodes Processed: 1,554
Number of K Edges Processed: 10,153
Node Re-explore factor: 0.37
Edge Re-explore factor: 0.08
Nodes/cy: 8
Edges/cy: 51
TEPS: 640

---DCache---
DCache Size: 12,256
DRAM words: 133,760
  DHits: 19,843,723
  DMisses: 1,217,935
  DHit Rate (hit/miss): 94%
  DEvictions: 649,620
  DEviction Rate (evict/misses): 53%
  MC Transactions: 1,537,399
  MC Writes: 316,858
Avg. Transactions: 96% , Writes: 20%, Avg. Latency: 29
Max MC id: 3 of 8. Transactions: 100% , Writes: 21%, MC mean Latency: 27
HBM refresh energy (nJ): 0
HBM access energy (nJ): 2,912,448
MemC wire energy 2.5d (nJ): 827,108
MemC wire energy 3d (nJ): 206,777

---Energy---
Leakage Energy (nJ): 10,478
PU Dyn E (nJ): 637,410
Mem Dyn E (nJ): 4,884,393
Route Dyn E (nJ): 621,203
Dynamic Energy (nJ): 6,143,007
Ratio of Dyn/Leak: 586
Total Energy (nJ): 6,153,485
Total Energy (nJ) 3D: 5,902,086
Cores Energy (nJ): 637,969
Route Energy (nJ): 623,040
Route Energy (nJ) 3D: 991,972
Mem Energy   (nJ): 4,892,476
Mem Energy   (nJ) 3D: 4,272,145
Avg. Power (mW): 30,694.68
Power Density (mW/mm2): 96.72

---Runtime---
Runtime in K cycles: 200.47
Microseconds: 200.47
Time per iteration (ms): 0.20

---Throughput---
GOP/s (aka OPS/ns): 299.80
GOP/s per core: 0.29
FLOP/s: 99.51
FLOP/s per core: 0.10
Max Peak FLOP/s: 1,024.00
Avg. BW GB/s: 1,878.61
Max BW GB/s: 4,096.00

---Traffic---
In-Die bisection_bytes BW (GB/s): 512.00
Inter-board traffic (msg/ns): 0.00, per-link: 0.00
Inter-pack traffic (msg/ns): 0.00, per-link: 0.00
Inter-die traffic (msg/ns): 0.00, per-link: 0.00
Ruche traffic (msg/ns): 0.00, per-link: 0.00
All traffic (msg/ns): 1,969.37, per-link: 1.92
Inter-die reduction wrt all: inf
Inter-board reduction wrt inter-die: -nan

---Data Movement---
All traffic (msg): 394,806,705
Arith. Intensity FLOP/Loads: 0.43
Arith. Intensity FLOP/Msgs: 0.05
Arith. Intensity OPS/Loads: 1.29
Arith. Intensity OPS/Msgs: 0.15



===Core Utilization Total=== CORE-S:2;; TIME K cy:200 ;; Nodes Proc: 195,461 -- Edges Proc: 1,388,228

===PRINTING FRAME STATS

FCollision In Avg:115, SD:40, Max:232, Min:2
FCollision Out Avg:148, SD:50, Max:300, Min:19
FCollision End Avg:44, SD:43, Max:188, Min:0
FTask1 Avg:1, SD:1, Max:9, Min:0
FTask2 Avg:17, SD:13, Max:75, Min:0
FTask3 Avg:31, SD:11, Max:78, Min:14
FCore Active Avg:49, SD:20, Max:100, Min:14
FRouter Active Avg:65, SD:5, Max:80, Min:51
T1 invocations: 27,825
T2 invocations: 99,304
T3 invocations: 6,046,775
T3b invocations: 0
Total3 invocations: 6,046,775
Total4 invocations: 152

T3/T2 ratio: 61
T3b/T3 ratio: 0

T1 avg ex cycles: 50
T2 avg ex cycles: 171
T3&b avg ex cycles: 5
T4 avg ex cycles: 604
Avg. hops NOC1: 2
Avg. latency NOC1 (T2): 65,390
Avg. hops NOC2: 17
Avg. latency NOC2 (T3): 3,662

===PRINTING ACUM STATS at pu_cycles: 300,740

ACollision In Avg:108, SD:31, Max:228, Min:2
ACollision Out Avg:145, SD:40, Max:279, Min:42
ACollision End Avg:44, SD:35, Max:191, Min:0
ATask1 Avg:1, SD:1, Max:6, Min:0
ATask2 Avg:15, SD:10, Max:44, Min:0
ATask3 Avg:35, SD:8, Max:72, Min:21
ACore Active Avg:51, SD:15, Max:99, Min:23
ARouter Active Avg:60, SD:4, Max:70, Min:51
T1 invocations: 76,313
T2 invocations: 263,514
T3 invocations: 15,916,537
T3b invocations: 0
Total3 invocations: 15,916,537
Total4 invocations: 1,324

T3/T2 ratio: 60
T3b/T3 ratio: 0

T1 avg ex cycles: 56
T2 avg ex cycles: 173
T3&b avg ex cycles: 7
T4 avg ex cycles: 414
Avg. hops NOC1: 3
Avg. latency NOC1 (T2): 59,048
Avg. hops NOC2: 17
Avg. latency NOC2 (T3): 3,530
Number of K Nodes Processed: 1,948
Number of K Edges Processed: 16,117
Node Re-explore factor: 0.46
Edge Re-explore factor: 0.13
Nodes/cy: 6
Edges/cy: 54
TEPS: 427

---DCache---
DCache Size: 12,256
DRAM words: 133,760
  DHits: 31,290,645
  DMisses: 1,784,036
  DHit Rate (hit/miss): 95%
  DEvictions: 1,142,119
  DEviction Rate (evict/misses): 64%
  MC Transactions: 2,284,401
  MC Writes: 497,269
Avg. Transactions: 95% , Writes: 21%, Avg. Latency: 28
Max MC id: 0 of 8. Transactions: 100% , Writes: 22%, MC mean Latency: 49
HBM refresh energy (nJ): 0
HBM access energy (nJ): 4,327,569
MemC wire energy 2.5d (nJ): 1,228,989
MemC wire energy 3d (nJ): 307,247

---Energy---
Leakage Energy (nJ): 15,718
PU Dyn E (nJ): 994,945
Mem Dyn E (nJ): 7,342,953
Route Dyn E (nJ): 988,282
Dynamic Energy (nJ): 9,326,180
Ratio of Dyn/Leak: 593
Total Energy (nJ): 9,341,898
Total Energy (nJ) 3D: 9,007,096
Cores Energy (nJ): 995,783
Route Energy (nJ): 991,038
Route Energy (nJ) 3D: 1,577,977
Mem Energy   (nJ): 7,355,078
Mem Energy   (nJ) 3D: 6,433,337
Avg. Power (mW): 31,063.04
Power Density (mW/mm2): 97.88

---Runtime---
Runtime in K cycles: 300.74
Microseconds: 300.74
Time per iteration (ms): 0.30

---Throughput---
GOP/s (aka OPS/ns): 300.19
GOP/s per core: 0.29
FLOP/s: 106.48
FLOP/s per core: 0.10
Max Peak FLOP/s: 1,024.00
Avg. BW GB/s: 1,951.96
Max BW GB/s: 4,096.00

---Traffic---
In-Die bisection_bytes BW (GB/s): 512.00
Inter-board traffic (msg/ns): 0.00, per-link: 0.00
Inter-pack traffic (msg/ns): 0.00, per-link: 0.00
Inter-die traffic (msg/ns): 0.00, per-link: 0.00
Ruche traffic (msg/ns): 0.00, per-link: 0.00
All traffic (msg/ns): 2,072.50, per-link: 2.02
Inter-die reduction wrt all: inf
Inter-board reduction wrt inter-die: -nan

---Data Movement---
All traffic (msg): 623,282,975
Arith. Intensity FLOP/Loads: 0.44
Arith. Intensity FLOP/Msgs: 0.05
Arith. Intensity OPS/Loads: 1.24
Arith. Intensity OPS/Msgs: 0.14



===Core Utilization Total=== CORE-S:3;; TIME K cy:300 ;; Nodes Proc: 244,228 -- Edges Proc: 2,093,971

===PRINTING FRAME STATS

FCollision In Avg:114, SD:36, Max:258, Min:4
FCollision Out Avg:142, SD:46, Max:293, Min:22
FCollision End Avg:42, SD:42, Max:177, Min:0
FTask1 Avg:2, SD:2, Max:13, Min:0
FTask2 Avg:17, SD:13, Max:57, Min:0
FTask3 Avg:30, SD:8, Max:75, Min:15
FCore Active Avg:49, SD:18, Max:100, Min:15
FRouter Active Avg:69, SD:5, Max:82, Min:57
T1 invocations: 36,698
T2 invocations: 111,919
T3 invocations: 6,528,383
T3b invocations: 0
Total3 invocations: 6,528,383
Total4 invocations: 288

T3/T2 ratio: 58
T3b/T3 ratio: 0

T1 avg ex cycles: 44
T2 avg ex cycles: 157
T3&b avg ex cycles: 5
T4 avg ex cycles: 595
Avg. hops NOC1: 2
Avg. latency NOC1 (T2): 62,329
Avg. hops NOC2: 17
Avg. latency NOC2 (T3): 2,954

===PRINTING ACUM STATS at pu_cycles: 400,622

ACollision In Avg:109, SD:29, Max:210, Min:3
ACollision Out Avg:144, SD:38, Max:282, Min:40
ACollision End Avg:43, SD:33, Max:181, Min:0
ATask1 Avg:1, SD:1, Max:8, Min:0
ATask2 Avg:15, SD:9, Max:42, Min:0
ATask3 Avg:34, SD:8, Max:67, Min:20
ACore Active Avg:51, SD:14, Max:97, Min:22
ARouter Active Avg:62, SD:3, Max:70, Min:53
T1 invocations: 112,439
T2 invocations: 373,249
T3 invocations: 22,309,218
T3b invocations: 0
Total3 invocations: 22,309,218
Total4 invocations: 1,609

T3/T2 ratio: 60
T3b/T3 ratio: 0

T1 avg ex cycles: 52
T2 avg ex cycles: 168
T3&b avg ex cycles: 6
T4 avg ex cycles: 446
Avg. hops NOC1: 3
Avg. latency NOC1 (T2): 60,020
Avg. hops NOC2: 17
Avg. latency NOC2 (T3): 3,339
Number of K Nodes Processed: 2,237
Number of K Edges Processed: 22,649
Node Re-explore factor: 0.53
Edge Re-explore factor: 0.18
Nodes/cy: 6
Edges/cy: 57
TEPS: 320

---DCache---
DCache Size: 12,256
DRAM words: 133,760
  DHits: 43,590,252
  DMisses: 2,390,494
  DHit Rate (hit/miss): 95%
  DEvictions: 1,705,016
  DEviction Rate (evict/misses): 71%
  MC Transactions: 3,078,190
  MC Writes: 683,938
Avg. Transactions: 96% , Writes: 21%, Avg. Latency: 26
Max MC id: 7 of 8. Transactions: 100% , Writes: 22%, MC mean Latency: 42
HBM refresh energy (nJ): 1
HBM access energy (nJ): 5,831,323
MemC wire energy 2.5d (nJ): 1,656,041
MemC wire energy 3d (nJ): 414,010

---Energy---
Leakage Energy (nJ): 20,939
PU Dyn E (nJ): 1,367,416
Mem Dyn E (nJ): 9,942,603
Route Dyn E (nJ): 1,380,735
Dynamic Energy (nJ): 12,690,754
Ratio of Dyn/Leak: 606
Total Energy (nJ): 12,711,693
Total Energy (nJ) 3D: 12,289,679
Cores Energy (nJ): 1,368,531
Route Energy (nJ): 1,384,406
Route Energy (nJ) 3D: 2,204,422
Mem Energy   (nJ): 9,958,756
Mem Energy   (nJ) 3D: 8,716,725
Avg. Power (mW): 31,729.89
Power Density (mW/mm2): 99.98

---Runtime---
Runtime in K cycles: 400.62
Microseconds: 400.62
Time per iteration (ms): 0.40

---Throughput---
GOP/s (aka OPS/ns): 302.12
GOP/s per core: 0.30
FLOP/s: 111.75
FLOP/s per core: 0.11
Max Peak FLOP/s: 1,024.00
Avg. BW GB/s: 2,009.51
Max BW GB/s: 4,096.00

---Traffic---
In-Die bisection_bytes BW (GB/s): 512.00
Inter-board traffic (msg/ns): 0.00, per-link: 0.00
Inter-pack traffic (msg/ns): 0.00, per-link: 0.00
Inter-die traffic (msg/ns): 0.00, per-link: 0.00
Ruche traffic (msg/ns): 0.00, per-link: 0.00
All traffic (msg/ns): 2,164.66, per-link: 2.11
Inter-die reduction wrt all: inf
Inter-board reduction wrt inter-die: -nan

---Data Movement---
All traffic (msg): 867,210,997
Arith. Intensity FLOP/Loads: 0.45
Arith. Intensity FLOP/Msgs: 0.05
Arith. Intensity OPS/Loads: 1.21
Arith. Intensity OPS/Msgs: 0.14



===Core Utilization Total=== CORE-S:4;; TIME K cy:400 ;; Nodes Proc: 280,501 -- Edges Proc: 2,909,778

===PRINTING FRAME STATS

FCollision In Avg:114, SD:36, Max:254, Min:3
FCollision Out Avg:137, SD:47, Max:288, Min:20
FCollision End Avg:40, SD:41, Max:200, Min:0
FTask1 Avg:2, SD:2, Max:13, Min:0
FTask2 Avg:18, SD:13, Max:65, Min:0
FTask3 Avg:30, SD:9, Max:76, Min:14
FCore Active Avg:49, SD:19, Max:100, Min:14
FRouter Active Avg:69, SD:5, Max:86, Min:56
T1 invocations: 43,855
T2 invocations: 122,709
T3 invocations: 6,645,643
T3b invocations: 0
Total3 invocations: 6,645,643
Total4 invocations: 421

T3/T2 ratio: 54
T3b/T3 ratio: 0

T1 avg ex cycles: 42
T2 avg ex cycles: 148
T3&b avg ex cycles: 5
T4 avg ex cycles: 592
Avg. hops NOC1: 2
Avg. latency NOC1 (T2): 54,491
Avg. hops NOC2: 17
Avg. latency NOC2 (T3): 2,875

===PRINTING ACUM STATS at pu_cycles: 500,626

ACollision In Avg:110, SD:27, Max:212, Min:5
ACollision Out Avg:143, SD:36, Max:282, Min:40
ACollision End Avg:43, SD:32, Max:179, Min:0
ATask1 Avg:2, SD:1, Max:8, Min:0
ATask2 Avg:16, SD:9, Max:42, Min:0
ATask3 Avg:33, SD:7, Max:67, Min:20
ACore Active Avg:50, SD:14, Max:92, Min:21
ARouter Active Avg:64, SD:3, Max:71, Min:56
T1 invocations: 156,463
T2 invocations: 497,786
T3 invocations: 29,020,494
T3b invocations: 0
Total3 invocations: 29,020,494
Total4 invocations: 2,031

T3/T2 ratio: 58
T3b/T3 ratio: 0

T1 avg ex cycles: 49
T2 avg ex cycles: 163
T3&b avg ex cycles: 6
T4 avg ex cycles: 477
Avg. hops NOC1: 3
Avg. latency NOC1 (T2): 58,622
Avg. hops NOC2: 17
Avg. latency NOC2 (T3): 3,246
Number of K Nodes Processed: 2,455
Number of K Edges Processed: 29,350
Node Re-explore factor: 0.59
Edge Re-explore factor: 0.23
Nodes/cy: 5
Edges/cy: 59
TEPS: 256

---DCache---
DCache Size: 12,256
DRAM words: 133,760
  DHits: 56,098,129
  DMisses: 3,012,828
  DHit Rate (hit/miss): 95%
  DEvictions: 2,297,925
  DEviction Rate (evict/misses): 76%
  MC Transactions: 3,891,458
  MC Writes: 874,146
Avg. Transactions: 97% , Writes: 22%, Avg. Latency: 26
Max MC id: 7 of 8. Transactions: 100% , Writes: 22%, MC mean Latency: 44
HBM refresh energy (nJ): 1
HBM access energy (nJ): 7,371,978
MemC wire energy 2.5d (nJ): 2,093,572
MemC wire energy 3d (nJ): 523,393

---Energy---
Leakage Energy (nJ): 26,165
PU Dyn E (nJ): 1,758,940
Mem Dyn E (nJ): 12,617,606
Route Dyn E (nJ): 1,795,496
Dynamic Energy (nJ): 16,172,043
Ratio of Dyn/Leak: 618
Total Energy (nJ): 16,198,208
Total Energy (nJ) 3D: 15,694,371
Cores Energy (nJ): 1,760,334
Route Energy (nJ): 1,800,084
Route Energy (nJ) 3D: 2,866,426
Mem Energy   (nJ): 12,637,791
Mem Energy   (nJ) 3D: 11,067,611
Avg. Power (mW): 32,355.91
Power Density (mW/mm2): 101.95

---Runtime---
Runtime in K cycles: 500.63
Microseconds: 500.63
Time per iteration (ms): 0.50

---Throughput---
GOP/s (aka OPS/ns): 305.52
GOP/s per core: 0.30
FLOP/s: 116.40
FLOP/s per core: 0.11
Max Peak FLOP/s: 1,024.00
Avg. BW GB/s: 2,063.91
Max BW GB/s: 4,096.00

---Traffic---
In-Die bisection_bytes BW (GB/s): 512.00
Inter-board traffic (msg/ns): 0.00, per-link: 0.00
Inter-pack traffic (msg/ns): 0.00, per-link: 0.00
Inter-die traffic (msg/ns): 0.00, per-link: 0.00
Ruche traffic (msg/ns): 0.00, per-link: 0.00
All traffic (msg/ns): 2,245.38, per-link: 2.19
Inter-die reduction wrt all: inf
Inter-board reduction wrt inter-die: -nan

---Data Movement---
All traffic (msg): 1,124,094,707
Arith. Intensity FLOP/Loads: 0.45
Arith. Intensity FLOP/Msgs: 0.05
Arith. Intensity OPS/Loads: 1.19
Arith. Intensity OPS/Msgs: 0.14



===Core Utilization Total=== CORE-S:5;; TIME K cy:500 ;; Nodes Proc: 307,397 -- Edges Proc: 3,742,816

===PRINTING FRAME STATS

FCollision In Avg:109, SD:33, Max:300, Min:4
FCollision Out Avg:131, SD:47, Max:290, Min:13
FCollision End Avg:36, SD:40, Max:195, Min:0
FTask1 Avg:2, SD:2, Max:12, Min:0
FTask2 Avg:18, SD:14, Max:61, Min:0
FTask3 Avg:29, SD:9, Max:74, Min:14
FCore Active Avg:50, SD:20, Max:100, Min:14
FRouter Active Avg:69, SD:4, Max:80, Min:58
T1 invocations: 52,051
T2 invocations: 128,506
T3 invocations: 6,646,282
T3b invocations: 0
Total3 invocations: 6,646,282
Total4 invocations: 573

T3/T2 ratio: 52
T3b/T3 ratio: 0

T1 avg ex cycles: 41
T2 avg ex cycles: 144
T3&b avg ex cycles: 5
T4 avg ex cycles: 594
Avg. hops NOC1: 2
Avg. latency NOC1 (T2): 46,727
Avg. hops NOC2: 17
Avg. latency NOC2 (T3): 3,242

===PRINTING ACUM STATS at pu_cycles: 600,878

ACollision In Avg:110, SD:25, Max:214, Min:6
ACollision Out Avg:141, SD:35, Max:282, Min:43
ACollision End Avg:42, SD:30, Max:162, Min:0
ATask1 Avg:2, SD:1, Max:8, Min:0
ATask2 Avg:16, SD:9, Max:43, Min:0
ATask3 Avg:32, SD:7, Max:65, Min:19
ACore Active Avg:50, SD:14, Max:92, Min:20
ARouter Active Avg:65, SD:2, Max:71, Min:57
T1 invocations: 208,615
T2 invocations: 627,511
T3 invocations: 35,722,261
T3b invocations: 0
Total3 invocations: 35,722,261
Total4 invocations: 2,603

T3/T2 ratio: 57
T3b/T3 ratio: 0

T1 avg ex cycles: 47
T2 avg ex cycles: 159
T3&b avg ex cycles: 6
T4 avg ex cycles: 502
Avg. hops NOC1: 2
Avg. latency NOC1 (T2): 56,191
Avg. hops NOC2: 17
Avg. latency NOC2 (T3): 3,261
Number of K Nodes Processed: 2,619
Number of K Edges Processed: 35,948
Node Re-explore factor: 0.62
Edge Re-explore factor: 0.28
Nodes/cy: 4
Edges/cy: 60
TEPS: 214

---DCache---
DCache Size: 12,256
DRAM words: 133,760
  DHits: 68,514,376
  DMisses: 3,619,858
  DHit Rate (hit/miss): 95%
  DEvictions: 2,883,466
  DEviction Rate (evict/misses): 80%
  MC Transactions: 4,676,930
  MC Writes: 1,051,897
Avg. Transactions: 97% , Writes: 22%, Avg. Latency: 25
Max MC id: 0 of 8. Transactions: 100% , Writes: 22%, MC mean Latency: 42
HBM refresh energy (nJ): 1
HBM access energy (nJ): 8,859,976
MemC wire energy 2.5d (nJ): 2,516,150
MemC wire energy 3d (nJ): 629,037

---Energy---
Leakage Energy (nJ): 31,405
PU Dyn E (nJ): 2,146,106
Mem Dyn E (nJ): 15,215,688
Route Dyn E (nJ): 2,203,226
Dynamic Energy (nJ): 19,565,021
Ratio of Dyn/Leak: 623
Total Energy (nJ): 19,596,426
Total Energy (nJ) 3D: 19,017,806
Cores Energy (nJ): 2,147,779
Route Energy (nJ): 2,208,732
Route Energy (nJ) 3D: 3,517,225
Mem Energy   (nJ): 15,239,916
Mem Energy   (nJ) 3D: 13,352,803
Avg. Power (mW): 32,612.99
Power Density (mW/mm2): 102.76

---Runtime---
Runtime in K cycles: 600.88
Microseconds: 600.88
Time per iteration (ms): 0.60

---Throughput---
GOP/s (aka OPS/ns): 307.05
GOP/s per core: 0.30
FLOP/s: 119.21
FLOP/s per core: 0.12
Max Peak FLOP/s: 1,024.00
Avg. BW GB/s: 2,093.97
Max BW GB/s: 4,096.00

---Traffic---
In-Die bisection_bytes BW (GB/s): 512.00
Inter-board traffic (msg/ns): 0.00, per-link: 0.00
Inter-pack traffic (msg/ns): 0.00, per-link: 0.00
Inter-die traffic (msg/ns): 0.00, per-link: 0.00
Ruche traffic (msg/ns): 0.00, per-link: 0.00
All traffic (msg/ns): 2,290.63, per-link: 2.24
Inter-die reduction wrt all: inf
Inter-board reduction wrt inter-die: -nan

---Data Movement---
All traffic (msg): 1,376,391,566
Arith. Intensity FLOP/Loads: 0.46
Arith. Intensity FLOP/Msgs: 0.05
Arith. Intensity OPS/Loads: 1.18
Arith. Intensity OPS/Msgs: 0.13



===Core Utilization Total=== CORE-S:6;; TIME K cy:600 ;; Nodes Proc: 327,931 -- Edges Proc: 4,519,875

===PRINTING FRAME STATS

FCollision In Avg:109, SD:33, Max:269, Min:4
FCollision Out Avg:128, SD:47, Max:274, Min:13
FCollision End Avg:34, SD:39, Max:200, Min:0
FTask1 Avg:2, SD:2, Max:18, Min:0
FTask2 Avg:18, SD:13, Max:65, Min:0
FTask3 Avg:29, SD:9, Max:69, Min:14
FCore Active Avg:50, SD:19, Max:100, Min:16
FRouter Active Avg:70, SD:4, Max:80, Min:60
T1 invocations: 59,988
T2 invocations: 136,916
T3 invocations: 6,642,750
T3b invocations: 0
Total3 invocations: 6,642,750
Total4 invocations: 699

T3/T2 ratio: 49
T3b/T3 ratio: 0

T1 avg ex cycles: 40
T2 avg ex cycles: 138
T3&b avg ex cycles: 4
T4 avg ex cycles: 592
Avg. hops NOC1: 2
Avg. latency NOC1 (T2): 45,446
Avg. hops NOC2: 17
Avg. latency NOC2 (T3): 3,037

===PRINTING ACUM STATS at pu_cycles: 700,834

ACollision In Avg:110, SD:23, Max:218, Min:19
ACollision Out Avg:139, SD:33, Max:278, Min:41
ACollision End Avg:41, SD:28, Max:148, Min:0
ATask1 Avg:2, SD:1, Max:10, Min:0
ATask2 Avg:17, SD:9, Max:42, Min:0
ATask3 Avg:32, SD:7, Max:64, Min:19
ACore Active Avg:50, SD:14, Max:92, Min:20
ARouter Active Avg:65, SD:2, Max:71, Min:59
T1 invocations: 267,766
T2 invocations: 763,225
T3 invocations: 42,320,573
T3b invocations: 0
Total3 invocations: 42,320,573
Total4 invocations: 3,293

T3/T2 ratio: 55
T3b/T3 ratio: 0

T1 avg ex cycles: 46
T2 avg ex cycles: 155
T3&b avg ex cycles: 5
T4 avg ex cycles: 521
Avg. hops NOC1: 2
Avg. latency NOC1 (T2): 54,299
Avg. hops NOC2: 17
Avg. latency NOC2 (T3): 3,221
Number of K Nodes Processed: 2,755
Number of K Edges Processed: 42,640
Node Re-explore factor: 0.66
Edge Re-explore factor: 0.33
Nodes/cy: 4
Edges/cy: 61
TEPS: 183

---DCache---
DCache Size: 12,256
DRAM words: 133,760
  DHits: 81,011,172
  DMisses: 4,230,049
  DHit Rate (hit/miss): 95%
  DEvictions: 3,475,150
  DEviction Rate (evict/misses): 82%
  MC Transactions: 5,464,568
  MC Writes: 1,228,753
Avg. Transactions: 97% , Writes: 22%, Avg. Latency: 25
Max MC id: 7 of 8. Transactions: 100% , Writes: 22%, MC mean Latency: 43
HBM refresh energy (nJ): 2
HBM access energy (nJ): 10,352,077
MemC wire energy 2.5d (nJ): 2,939,893
MemC wire energy 3d (nJ): 734,973

---Energy---
Leakage Energy (nJ): 36,629
PU Dyn E (nJ): 2,528,563
Mem Dyn E (nJ): 17,811,123
Route Dyn E (nJ): 2,614,839
Dynamic Energy (nJ): 22,954,525
Ratio of Dyn/Leak: 627
Total Energy (nJ): 22,991,154
Total Energy (nJ) 3D: 22,339,183
Cores Energy (nJ): 2,530,514
Route Energy (nJ): 2,621,260
Route Energy (nJ) 3D: 4,174,209
Mem Energy   (nJ): 17,839,380
Mem Energy   (nJ) 3D: 15,634,461
Avg. Power (mW): 32,805.42
Power Density (mW/mm2): 103.37

---Runtime---
Runtime in K cycles: 700.83
Microseconds: 700.83
Time per iteration (ms): 0.70

---Throughput---
GOP/s (aka OPS/ns): 307.72
GOP/s per core: 0.30
FLOP/s: 121.03
FLOP/s per core: 0.12
Max Peak FLOP/s: 1,024.00
Avg. BW GB/s: 2,111.44
Max BW GB/s: 4,096.00

---Traffic---
In-Die bisection_bytes BW (GB/s): 512.00
Inter-board traffic (msg/ns): 0.00, per-link: 0.00
Inter-pack traffic (msg/ns): 0.00, per-link: 0.00
Inter-die traffic (msg/ns): 0.00, per-link: 0.00
Ruche traffic (msg/ns): 0.00, per-link: 0.00
All traffic (msg/ns): 2,326.65, per-link: 2.27
Inter-die reduction wrt all: inf
Inter-board reduction wrt inter-die: -nan

---Data Movement---
All traffic (msg): 1,630,595,309
Arith. Intensity FLOP/Loads: 0.46
Arith. Intensity FLOP/Msgs: 0.05
Arith. Intensity OPS/Loads: 1.17
Arith. Intensity OPS/Msgs: 0.13



===Core Utilization Total=== CORE-S:7;; TIME K cy:700 ;; Nodes Proc: 344,772 -- Edges Proc: 5,372,282

===PRINTING FRAME STATS

FCollision In Avg:106, SD:30, Max:258, Min:5
FCollision Out Avg:123, SD:46, Max:287, Min:8
FCollision End Avg:32, SD:37, Max:192, Min:0
FTask1 Avg:3, SD:3, Max:20, Min:0
FTask2 Avg:19, SD:13, Max:65, Min:0
FTask3 Avg:30, SD:9, Max:74, Min:15
FCore Active Avg:52, SD:19, Max:100, Min:16
FRouter Active Avg:71, SD:3, Max:81, Min:61
T1 invocations: 74,805
T2 invocations: 155,486
T3 invocations: 7,089,749
T3b invocations: 0
Total3 invocations: 7,089,749
Total4 invocations: 956

T3/T2 ratio: 46
T3b/T3 ratio: 0

T1 avg ex cycles: 38
T2 avg ex cycles: 126
T3&b avg ex cycles: 4
T4 avg ex cycles: 584
Avg. hops NOC1: 2
Avg. latency NOC1 (T2): 37,781
Avg. hops NOC2: 17
Avg. latency NOC2 (T3): 2,909

===PRINTING ACUM STATS at pu_cycles: 800,844

ACollision In Avg:109, SD:22, Max:209, Min:28
ACollision Out Avg:137, SD:32, Max:266, Min:44
ACollision End Avg:40, SD:26, Max:141, Min:0
ATask1 Avg:2, SD:1, Max:11, Min:0
ATask2 Avg:17, SD:8, Max:43, Min:0
ATask3 Avg:32, SD:7, Max:63, Min:18
ACore Active Avg:51, SD:13, Max:93, Min:20
ARouter Active Avg:66, SD:2, Max:72, Min:60
T1 invocations: 343,092
T2 invocations: 919,787
T3 invocations: 49,431,669
T3b invocations: 0
Total3 invocations: 49,431,669
Total4 invocations: 4,259

T3/T2 ratio: 54
T3b/T3 ratio: 0

T1 avg ex cycles: 44
T2 avg ex cycles: 150
T3&b avg ex cycles: 5
T4 avg ex cycles: 535
Avg. hops NOC1: 2
Avg. latency NOC1 (T2): 51,462
Avg. hops NOC2: 17
Avg. latency NOC2 (T3): 3,178
Number of K Nodes Processed: 2,877
Number of K Edges Processed: 49,769
Node Re-explore factor: 0.69
Edge Re-explore factor: 0.39
Nodes/cy: 4
Edges/cy: 62
TEPS: 160

---DCache---
DCache Size: 12,256
DRAM words: 133,760
  DHits: 94,284,321
  DMisses: 4,881,829
  DHit Rate (hit/miss): 95%
  DEvictions: 4,114,005
  DEviction Rate (evict/misses): 84%
  MC Transactions: 6,303,163
  MC Writes: 1,414,850
Avg. Transactions: 98% , Writes: 22%, Avg. Latency: 25
Max MC id: 0 of 8. Transactions: 100% , Writes: 22%, MC mean Latency: 42
HBM refresh energy (nJ): 2
HBM access energy (nJ): 11,940,711
MemC wire energy 2.5d (nJ): 3,391,050
MemC wire energy 3d (nJ): 847,762

---Energy---
Leakage Energy (nJ): 41,856
PU Dyn E (nJ): 2,943,506
Mem Dyn E (nJ): 20,583,186
Route Dyn E (nJ): 3,054,121
Dynamic Energy (nJ): 26,580,814
Ratio of Dyn/Leak: 635
Total Energy (nJ): 26,622,670
Total Energy (nJ) 3D: 25,893,220
Cores Energy (nJ): 2,945,735
Route Energy (nJ): 3,061,459
Route Energy (nJ) 3D: 4,875,297
Mem Energy   (nJ): 20,615,476
Mem Energy   (nJ) 3D: 18,072,189
Avg. Power (mW): 33,243.27
Power Density (mW/mm2): 104.75

---Runtime---
Runtime in K cycles: 800.84
Microseconds: 800.84
Time per iteration (ms): 0.80

---Throughput---
GOP/s (aka OPS/ns): 311.64
GOP/s per core: 0.30
FLOP/s: 123.76
FLOP/s per core: 0.12
Max Peak FLOP/s: 1,024.00
Avg. BW GB/s: 2,146.69
Max BW GB/s: 4,096.00

---Traffic---
In-Die bisection_bytes BW (GB/s): 512.00
Inter-board traffic (msg/ns): 0.00, per-link: 0.00
Inter-pack traffic (msg/ns): 0.00, per-link: 0.00
Inter-die traffic (msg/ns): 0.00, per-link: 0.00
Ruche traffic (msg/ns): 0.00, per-link: 0.00
All traffic (msg/ns): 2,374.99, per-link: 2.32
Inter-die reduction wrt all: inf
Inter-board reduction wrt inter-die: -nan

---Data Movement---
All traffic (msg): 1,901,995,584
Arith. Intensity FLOP/Loads: 0.46
Arith. Intensity FLOP/Msgs: 0.05
Arith. Intensity OPS/Loads: 1.17
Arith. Intensity OPS/Msgs: 0.13



===Core Utilization Total=== CORE-S:8;; TIME K cy:800 ;; Nodes Proc: 359,865 -- Edges Proc: 6,228,173

===PRINTING FRAME STATS

FCollision In Avg:104, SD:28, Max:220, Min:4
FCollision Out Avg:125, SD:45, Max:240, Min:8
FCollision End Avg:31, SD:36, Max:165, Min:0
FTask1 Avg:3, SD:3, Max:19, Min:0
FTask2 Avg:18, SD:13, Max:53, Min:0
FTask3 Avg:28, SD:8, Max:65, Min:14
FCore Active Avg:50, SD:19, Max:100, Min:16
FRouter Active Avg:68, SD:3, Max:78, Min:58
T1 invocations: 77,204
T2 invocations: 150,371
T3 invocations: 6,687,574
T3b invocations: 0
Total3 invocations: 6,687,574
Total4 invocations: 963

T3/T2 ratio: 44
T3b/T3 ratio: 0

T1 avg ex cycles: 38
T2 avg ex cycles: 125
T3&b avg ex cycles: 4
T4 avg ex cycles: 586
Avg. hops NOC1: 2
Avg. latency NOC1 (T2): 35,176
Avg. hops NOC2: 17
Avg. latency NOC2 (T3): 3,123

===PRINTING ACUM STATS at pu_cycles: 900,616

ACollision In Avg:109, SD:20, Max:196, Min:35
ACollision Out Avg:136, SD:31, Max:256, Min:50
ACollision End Avg:39, SD:24, Max:131, Min:0
ATask1 Avg:2, SD:1, Max:10, Min:0
ATask2 Avg:17, SD:8, Max:41, Min:0
ATask3 Avg:31, SD:7, Max:60, Min:18
ACore Active Avg:51, SD:13, Max:90, Min:21
ARouter Active Avg:66, SD:2, Max:72, Min:60
T1 invocations: 419,640
T2 invocations: 1,070,126
T3 invocations: 56,086,614
T3b invocations: 0
Total3 invocations: 56,086,614
Total4 invocations: 5,215

T3/T2 ratio: 52
T3b/T3 ratio: 0

T1 avg ex cycles: 43
T2 avg ex cycles: 147
T3&b avg ex cycles: 5
T4 avg ex cycles: 545
Avg. hops NOC1: 2
Avg. latency NOC1 (T2): 49,188
Avg. hops NOC2: 17
Avg. latency NOC2 (T3): 3,172
Number of K Nodes Processed: 2,974
Number of K Edges Processed: 56,349
Node Re-explore factor: 0.71
Edge Re-explore factor: 0.44
Nodes/cy: 3
Edges/cy: 63
TEPS: 142

---DCache---
DCache Size: 12,256
DRAM words: 133,760
  DHits: 106,688,597
  DMisses: 5,488,712
  DHit Rate (hit/miss): 95%
  DEvictions: 4,710,463
  DEviction Rate (evict/misses): 86%
  MC Transactions: 7,084,239
  MC Writes: 1,588,379
Avg. Transactions: 98% , Writes: 22%, Avg. Latency: 25
Max MC id: 0 of 8. Transactions: 100% , Writes: 22%, MC mean Latency: 43
HBM refresh energy (nJ): 2
HBM access energy (nJ): 13,420,382
MemC wire energy 2.5d (nJ): 3,811,262
MemC wire energy 3d (nJ): 952,816

---Energy---
Leakage Energy (nJ): 47,071
PU Dyn E (nJ): 3,328,383
Mem Dyn E (nJ): 23,162,302
Route Dyn E (nJ): 3,455,278
Dynamic Energy (nJ): 29,945,964
Ratio of Dyn/Leak: 636
Total Energy (nJ): 29,993,035
Total Energy (nJ) 3D: 29,186,672
Cores Energy (nJ): 3,330,890
Route Energy (nJ): 3,463,530
Route Energy (nJ) 3D: 5,515,614
Mem Energy   (nJ): 23,198,615
Mem Energy   (nJ) 3D: 20,340,168
Avg. Power (mW): 33,302.80
Power Density (mW/mm2): 104.93

---Runtime---
Runtime in K cycles: 900.62
Microseconds: 900.62
Time per iteration (ms): 0.90

---Throughput---
GOP/s (aka OPS/ns): 312.23
GOP/s per core: 0.30
FLOP/s: 124.72
FLOP/s per core: 0.12
Max Peak FLOP/s: 1,024.00
Avg. BW GB/s: 2,155.15
Max BW GB/s: 4,096.00

---Traffic---
In-Die bisection_bytes BW (GB/s): 512.00
Inter-board traffic (msg/ns): 0.00, per-link: 0.00
Inter-pack traffic (msg/ns): 0.00, per-link: 0.00
Inter-die traffic (msg/ns): 0.00, per-link: 0.00
Ruche traffic (msg/ns): 0.00, per-link: 0.00
All traffic (msg/ns): 2,388.02, per-link: 2.33
Inter-die reduction wrt all: inf
Inter-board reduction wrt inter-die: -nan

---Data Movement---
All traffic (msg): 2,150,688,415
Arith. Intensity FLOP/Loads: 0.47
Arith. Intensity FLOP/Msgs: 0.05
Arith. Intensity OPS/Loads: 1.16
Arith. Intensity OPS/Msgs: 0.13



===Core Utilization Total=== CORE-S:9;; TIME K cy:900 ;; Nodes Proc: 371,744 -- Edges Proc: 7,054,130

===PRINTING FRAME STATS

FCollision In Avg:101, SD:26, Max:246, Min:4
FCollision Out Avg:119, SD:43, Max:277, Min:29
FCollision End Avg:29, SD:35, Max:107, Min:0
FTask1 Avg:4, SD:3, Max:18, Min:0
FTask2 Avg:21, SD:14, Max:67, Min:0
FTask3 Avg:30, SD:9, Max:72, Min:15
FCore Active Avg:56, SD:20, Max:99, Min:18
FRouter Active Avg:71, SD:3, Max:80, Min:62
T1 invocations: 94,582
T2 invocations: 172,168
T3 invocations: 6,967,382
T3b invocations: 0
Total3 invocations: 6,967,382
Total4 invocations: 1,300

T3/T2 ratio: 40
T3b/T3 ratio: 0

T1 avg ex cycles: 38
T2 avg ex cycles: 125
T3&b avg ex cycles: 4
T4 avg ex cycles: 588
Avg. hops NOC1: 2
Avg. latency NOC1 (T2): 31,593
Avg. hops NOC2: 17
Avg. latency NOC2 (T3): 3,226

===PRINTING ACUM STATS at pu_cycles: 1,000,948

ACollision In Avg:108, SD:19, Max:184, Min:36
ACollision Out Avg:134, SD:29, Max:247, Min:55
ACollision End Avg:38, SD:22, Max:121, Min:0
ATask1 Avg:2, SD:1, Max:9, Min:0
ATask2 Avg:17, SD:8, Max:41, Min:0
ATask3 Avg:31, SD:7, Max:58, Min:18
ACore Active Avg:51, SD:13, Max:90, Min:22
ARouter Active Avg:67, SD:2, Max:72, Min:61
T1 invocations: 514,916
T2 invocations: 1,244,645
T3 invocations: 63,125,979
T3b invocations: 0
Total3 invocations: 63,125,979
Total4 invocations: 6,526

T3/T2 ratio: 51
T3b/T3 ratio: 0

T1 avg ex cycles: 42
T2 avg ex cycles: 144
T3&b avg ex cycles: 5
T4 avg ex cycles: 553
Avg. hops NOC1: 2
Avg. latency NOC1 (T2): 46,731
Avg. hops NOC2: 17
Avg. latency NOC2 (T3): 3,183
Number of K Nodes Processed: 3,059
Number of K Edges Processed: 63,388
Node Re-explore factor: 0.73
Edge Re-explore factor: 0.49
Nodes/cy: 3
Edges/cy: 63
TEPS: 128

---DCache---
DCache Size: 12,256
DRAM words: 133,760
  DHits: 119,850,816
  DMisses: 6,130,574
  DHit Rate (hit/miss): 95%
  DEvictions: 5,344,427
  DEviction Rate (evict/misses): 87%
  MC Transactions: 7,905,919
  MC Writes: 1,767,534
Avg. Transactions: 99% , Writes: 22%, Avg. Latency: 25
Max MC id: 5 of 8. Transactions: 100% , Writes: 23%, MC mean Latency: 23
HBM refresh energy (nJ): 2
HBM access energy (nJ): 14,976,972
MemC wire energy 2.5d (nJ): 4,253,319
MemC wire energy 3d (nJ): 1,063,330

---Energy---
Leakage Energy (nJ): 52,315
PU Dyn E (nJ): 3,741,473
Mem Dyn E (nJ): 25,885,604
Route Dyn E (nJ): 3,892,651
Dynamic Energy (nJ): 33,519,728
Ratio of Dyn/Leak: 641
Total Energy (nJ): 33,572,043
Total Energy (nJ) 3D: 32,693,893
Cores Energy (nJ): 3,744,259
Route Energy (nJ): 3,901,823
Route Energy (nJ) 3D: 6,213,662
Mem Energy   (nJ): 25,925,962
Mem Energy   (nJ) 3D: 22,735,972
Avg. Power (mW): 33,540.25
Power Density (mW/mm2): 105.68

---Runtime---
Runtime in K cycles: 1,000.95
Microseconds: 1,000.95
Time per iteration (ms): 1.00

---Throughput---
GOP/s (aka OPS/ns): 314.99
GOP/s per core: 0.31
FLOP/s: 126.35
FLOP/s per core: 0.12
Max Peak FLOP/s: 1,024.00
Avg. BW GB/s: 2,175.74
Max BW GB/s: 4,096.00

---Traffic---
In-Die bisection_bytes BW (GB/s): 512.00
Inter-board traffic (msg/ns): 0.00, per-link: 0.00
Inter-pack traffic (msg/ns): 0.00, per-link: 0.00
Inter-die traffic (msg/ns): 0.00, per-link: 0.00
Ruche traffic (msg/ns): 0.00, per-link: 0.00
All traffic (msg/ns): 2,418.15, per-link: 2.36
Inter-die reduction wrt all: inf
Inter-board reduction wrt inter-die: -nan

---Data Movement---
All traffic (msg): 2,420,445,447
Arith. Intensity FLOP/Loads: 0.47
Arith. Intensity FLOP/Msgs: 0.05
Arith. Intensity OPS/Loads: 1.16
Arith. Intensity OPS/Msgs: 0.13



===Core Utilization Total=== CORE-S:10;; TIME K cy:1,000 ;; Nodes Proc: 382,458 -- Edges Proc: 8,004,560

===PRINTING FRAME STATS

FCollision In Avg:102, SD:27, Max:248, Min:4
FCollision Out Avg:119, SD:42, Max:224, Min:28
FCollision End Avg:29, SD:36, Max:157, Min:0
FTask1 Avg:4, SD:4, Max:22, Min:0
FTask2 Avg:18, SD:13, Max:59, Min:0
FTask3 Avg:28, SD:8, Max:77, Min:15
FCore Active Avg:51, SD:19, Max:100, Min:16
FRouter Active Avg:68, SD:4, Max:79, Min:57
T1 invocations: 102,503
T2 invocations: 174,453
T3 invocations: 6,761,618
T3b invocations: 0
Total3 invocations: 6,761,618
Total4 invocations: 1,451

T3/T2 ratio: 39
T3b/T3 ratio: 0

T1 avg ex cycles: 35
T2 avg ex cycles: 107
T3&b avg ex cycles: 4
T4 avg ex cycles: 577
Avg. hops NOC1: 2
Avg. latency NOC1 (T2): 29,274
Avg. hops NOC2: 17
Avg. latency NOC2 (T3): 2,949

===PRINTING ACUM STATS at pu_cycles: 1,100,700

ACollision In Avg:107, SD:18, Max:182, Min:38
ACollision Out Avg:133, SD:28, Max:239, Min:58
ACollision End Avg:37, SD:21, Max:125, Min:0
ATask1 Avg:2, SD:1, Max:8, Min:0
ATask2 Avg:18, SD:7, Max:39, Min:0
ATask3 Avg:31, SD:7, Max:57, Min:18
ACore Active Avg:51, SD:12, Max:88, Min:23
ARouter Active Avg:67, SD:2, Max:72, Min:61
T1 invocations: 613,685
T2 invocations: 1,410,303
T3 invocations: 69,585,944
T3b invocations: 0
Total3 invocations: 69,585,944
Total4 invocations: 7,927

T3/T2 ratio: 49
T3b/T3 ratio: 0

T1 avg ex cycles: 41
T2 avg ex cycles: 139
T3&b avg ex cycles: 5
T4 avg ex cycles: 557
Avg. hops NOC1: 2
Avg. latency NOC1 (T2): 44,638
Avg. hops NOC2: 17
Avg. latency NOC2 (T3): 3,158
Number of K Nodes Processed: 3,131
Number of K Edges Processed: 70,076
Node Re-explore factor: 0.75
Edge Re-explore factor: 0.55
Nodes/cy: 3
Edges/cy: 64
TEPS: 117

---DCache---
DCache Size: 12,256
DRAM words: 133,760
  DHits: 132,426,763
  DMisses: 6,743,655
  DHit Rate (hit/miss): 95%
  DEvictions: 5,952,334
  DEviction Rate (evict/misses): 88%
  MC Transactions: 8,687,449
  MC Writes: 1,935,379
Avg. Transactions: 99% , Writes: 22%, Avg. Latency: 25
Max MC id: 7 of 8. Transactions: 100% , Writes: 22%, MC mean Latency: 41
HBM refresh energy (nJ): 3
HBM access energy (nJ): 16,457,503
MemC wire energy 2.5d (nJ): 4,673,776
MemC wire energy 3d (nJ): 1,168,444

---Energy---
Leakage Energy (nJ): 57,528
PU Dyn E (nJ): 4,117,974
Mem Dyn E (nJ): 28,450,790
Route Dyn E (nJ): 4,288,347
Dynamic Energy (nJ): 36,857,112
Ratio of Dyn/Leak: 641
Total Energy (nJ): 36,914,640
Total Energy (nJ) 3D: 35,956,150
Cores Energy (nJ): 4,121,038
Route Energy (nJ): 4,298,432
Route Energy (nJ) 3D: 6,845,274
Mem Energy   (nJ): 28,495,171
Mem Energy   (nJ) 3D: 24,989,839
Avg. Power (mW): 33,537.42
Power Density (mW/mm2): 105.67

---Runtime---
Runtime in K cycles: 1,100.70
Microseconds: 1,100.70
Time per iteration (ms): 1.10

---Throughput---
GOP/s (aka OPS/ns): 315.02
GOP/s per core: 0.31
FLOP/s: 126.52
FLOP/s per core: 0.12
Max Peak FLOP/s: 1,024.00
Avg. BW GB/s: 2,174.16
Max BW GB/s: 4,096.00

---Traffic---
In-Die bisection_bytes BW (GB/s): 512.00
Inter-board traffic (msg/ns): 0.00, per-link: 0.00
Inter-pack traffic (msg/ns): 0.00, per-link: 0.00
Inter-die traffic (msg/ns): 0.00, per-link: 0.00
Ruche traffic (msg/ns): 0.00, per-link: 0.00
All traffic (msg/ns): 2,422.06, per-link: 2.37
Inter-die reduction wrt all: inf
Inter-board reduction wrt inter-die: -nan

---Data Movement---
All traffic (msg): 2,665,961,713
Arith. Intensity FLOP/Loads: 0.47
Arith. Intensity FLOP/Msgs: 0.05
Arith. Intensity OPS/Loads: 1.16
Arith. Intensity OPS/Msgs: 0.13



===Core Utilization Total=== CORE-S:11;; TIME K cy:1,100 ;; Nodes Proc: 391,239 -- Edges Proc: 8,824,709

===PRINTING FRAME STATS

FCollision In Avg:98, SD:27, Max:218, Min:4
FCollision Out Avg:113, SD:44, Max:198, Min:14
FCollision End Avg:28, SD:34, Max:140, Min:0
FTask1 Avg:4, SD:4, Max:25, Min:0
FTask2 Avg:19, SD:14, Max:61, Min:0
FTask3 Avg:29, SD:9, Max:69, Min:14
FCore Active Avg:53, SD:21, Max:100, Min:16
FRouter Active Avg:69, SD:3, Max:78, Min:62
T1 invocations: 113,936
T2 invocations: 188,142
T3 invocations: 6,860,634
T3b invocations: 0
Total3 invocations: 6,860,634
Total4 invocations: 1,774

T3/T2 ratio: 36
T3b/T3 ratio: 0

T1 avg ex cycles: 35
T2 avg ex cycles: 105
T3&b avg ex cycles: 4
T4 avg ex cycles: 534
Avg. hops NOC1: 2
Avg. latency NOC1 (T2): 26,521
Avg. hops NOC2: 17
Avg. latency NOC2 (T3): 3,256

===PRINTING ACUM STATS at pu_cycles: 1,201,123

ACollision In Avg:107, SD:17, Max:185, Min:43
ACollision Out Avg:131, SD:27, Max:232, Min:58
ACollision End Avg:36, SD:19, Max:126, Min:0
ATask1 Avg:2, SD:1, Max:8, Min:0
ATask2 Avg:18, SD:7, Max:39, Min:0
ATask3 Avg:31, SD:6, Max:56, Min:18
ACore Active Avg:51, SD:12, Max:89, Min:24
ARouter Active Avg:67, SD:2, Max:72, Min:61
T1 invocations: 731,102
T2 invocations: 1,607,821
T3 invocations: 76,728,281
T3b invocations: 0
Total3 invocations: 76,728,281
Total4 invocations: 9,755

T3/T2 ratio: 48
T3b/T3 ratio: 0

T1 avg ex cycles: 40
T2 avg ex cycles: 135
T3&b avg ex cycles: 5
T4 avg ex cycles: 553
Avg. hops NOC1: 2
Avg. latency NOC1 (T2): 42,441
Avg. hops NOC2: 17
Avg. latency NOC2 (T3): 3,172
Number of K Nodes Processed: 3,197
Number of K Edges Processed: 76,970
Node Re-explore factor: 0.76
Edge Re-explore factor: 0.60
Nodes/cy: 3
Edges/cy: 64
TEPS: 107

---DCache---
DCache Size: 12,256
DRAM words: 133,760
  DHits: 145,398,599
  DMisses: 7,374,791
  DHit Rate (hit/miss): 95%
  DEvictions: 6,577,798
  DEviction Rate (evict/misses): 89%
  MC Transactions: 9,490,830
  MC Writes: 2,106,900
Avg. Transactions: 99% , Writes: 22%, Avg. Latency: 25
Max MC id: 5 of 8. Transactions: 100% , Writes: 22%, MC mean Latency: 29
HBM refresh energy (nJ): 3
HBM access energy (nJ): 17,979,428
MemC wire energy 2.5d (nJ): 5,105,989
MemC wire energy 3d (nJ): 1,276,497

---Energy---
Leakage Energy (nJ): 62,777
PU Dyn E (nJ): 4,540,727
Mem Dyn E (nJ): 31,138,376
Route Dyn E (nJ): 4,726,664
Dynamic Energy (nJ): 40,405,767
Ratio of Dyn/Leak: 644
Total Energy (nJ): 40,468,544
Total Energy (nJ) 3D: 39,446,211
Cores Energy (nJ): 4,544,071
Route Energy (nJ): 4,737,669
Route Energy (nJ) 3D: 7,544,827
Mem Energy   (nJ): 31,186,805
Mem Energy   (nJ) 3D: 27,357,314
Avg. Power (mW): 33,692.26
Power Density (mW/mm2): 106.16

---Runtime---
Runtime in K cycles: 1,201.12
Microseconds: 1,201.12
Time per iteration (ms): 1.20

---Throughput---
GOP/s (aka OPS/ns): 318.09
GOP/s per core: 0.31
FLOP/s: 127.90
FLOP/s per core: 0.12
Max Peak FLOP/s: 1,024.00
Avg. BW GB/s: 2,193.04
Max BW GB/s: 4,096.00

---Traffic---
In-Die bisection_bytes BW (GB/s): 512.00
Inter-board traffic (msg/ns): 0.00, per-link: 0.00
Inter-pack traffic (msg/ns): 0.00, per-link: 0.00
Inter-die traffic (msg/ns): 0.00, per-link: 0.00
Ruche traffic (msg/ns): 0.00, per-link: 0.00
All traffic (msg/ns): 2,444.28, per-link: 2.39
Inter-die reduction wrt all: inf
Inter-board reduction wrt inter-die: -nan

---Data Movement---
All traffic (msg): 2,935,881,740
Arith. Intensity FLOP/Loads: 0.47
Arith. Intensity FLOP/Msgs: 0.05
Arith. Intensity OPS/Loads: 1.17
Arith. Intensity OPS/Msgs: 0.13



===Core Utilization Total=== CORE-S:12;; TIME K cy:1,200 ;; Nodes Proc: 399,486 -- Edges Proc: 9,718,584

===PRINTING FRAME STATS

FCollision In Avg:94, SD:28, Max:243, Min:4
FCollision Out Avg:106, SD:44, Max:190, Min:6
FCollision End Avg:27, SD:35, Max:110, Min:0
FTask1 Avg:5, SD:5, Max:36, Min:0
FTask2 Avg:21, SD:15, Max:70, Min:0
FTask3 Avg:30, SD:9, Max:71, Min:16
FCore Active Avg:57, SD:21, Max:100, Min:18
FRouter Active Avg:73, SD:4, Max:84, Min:62
T1 invocations: 136,839
T2 invocations: 215,519
T3 invocations: 7,290,484
T3b invocations: 0
Total3 invocations: 7,290,484
Total4 invocations: 2,439

T3/T2 ratio: 34
T3b/T3 ratio: 0

T1 avg ex cycles: 35
T2 avg ex cycles: 99
T3&b avg ex cycles: 4
T4 avg ex cycles: 475
Avg. hops NOC1: 2
Avg. latency NOC1 (T2): 23,129
Avg. hops NOC2: 17
Avg. latency NOC2 (T3): 3,012

===PRINTING ACUM STATS at pu_cycles: 1,301,010

ACollision In Avg:106, SD:16, Max:178, Min:48
ACollision Out Avg:129, SD:26, Max:224, Min:58
ACollision End Avg:35, SD:18, Max:124, Min:0
ATask1 Avg:3, SD:1, Max:8, Min:0
ATask2 Avg:18, SD:7, Max:39, Min:0
ATask3 Avg:31, SD:6, Max:56, Min:18
ACore Active Avg:52, SD:12, Max:86, Min:24
ARouter Active Avg:67, SD:2, Max:72, Min:62
T1 invocations: 868,007
T2 invocations: 1,823,401
T3 invocations: 84,018,675
T3b invocations: 0
Total3 invocations: 84,018,675
Total4 invocations: 12,196

T3/T2 ratio: 46
T3b/T3 ratio: 0

T1 avg ex cycles: 39
T2 avg ex cycles: 131
T3&b avg ex cycles: 5
T4 avg ex cycles: 538
Avg. hops NOC1: 2
Avg. latency NOC1 (T2): 40,154
Avg. hops NOC2: 17
Avg. latency NOC2 (T3): 3,158
Number of K Nodes Processed: 3,261
Number of K Edges Processed: 84,297
Node Re-explore factor: 0.78
Edge Re-explore factor: 0.66
Nodes/cy: 3
Edges/cy: 65
TEPS: 99

---DCache---
DCache Size: 12,256
DRAM words: 133,760
  DHits: 159,092,905
  DMisses: 8,048,602
  DHit Rate (hit/miss): 95%
  DEvictions: 7,247,172
  DEviction Rate (evict/misses): 90%
  MC Transactions: 10,347,268
  MC Writes: 2,288,626
Avg. Transactions: 99% , Writes: 22%, Avg. Latency: 25
Max MC id: 7 of 8. Transactions: 100% , Writes: 22%, MC mean Latency: 42
HBM refresh energy (nJ): 3
HBM access energy (nJ): 19,601,864
MemC wire energy 2.5d (nJ): 5,566,745
MemC wire energy 3d (nJ): 1,391,686

---Energy---
Leakage Energy (nJ): 67,998
PU Dyn E (nJ): 4,974,981
Mem Dyn E (nJ): 33,975,782
Route Dyn E (nJ): 5,180,963
Dynamic Energy (nJ): 44,131,726
Ratio of Dyn/Leak: 649
Total Energy (nJ): 44,199,724
Total Energy (nJ) 3D: 43,101,631
Cores Energy (nJ): 4,978,602
Route Energy (nJ): 5,192,884
Route Energy (nJ) 3D: 8,269,849
Mem Energy   (nJ): 34,028,239
Mem Energy   (nJ) 3D: 29,853,180
Avg. Power (mW): 33,973.39
Power Density (mW/mm2): 107.05

---Runtime---
Runtime in K cycles: 1,301.01
Microseconds: 1,301.01
Time per iteration (ms): 1.30

---Throughput---
GOP/s (aka OPS/ns): 321.87
GOP/s per core: 0.31
FLOP/s: 129.35
FLOP/s per core: 0.13
Max Peak FLOP/s: 1,024.00
Avg. BW GB/s: 2,214.15
Max BW GB/s: 4,096.00

---Traffic---
In-Die bisection_bytes BW (GB/s): 512.00
Inter-board traffic (msg/ns): 0.00, per-link: 0.00
Inter-pack traffic (msg/ns): 0.00, per-link: 0.00
Inter-die traffic (msg/ns): 0.00, per-link: 0.00
Ruche traffic (msg/ns): 0.00, per-link: 0.00
All traffic (msg/ns): 2,472.11, per-link: 2.41
Inter-die reduction wrt all: inf
Inter-board reduction wrt inter-die: -nan

---Data Movement---
All traffic (msg): 3,216,235,903
Arith. Intensity FLOP/Loads: 0.47
Arith. Intensity FLOP/Msgs: 0.05
Arith. Intensity OPS/Loads: 1.17
Arith. Intensity OPS/Msgs: 0.13



===Core Utilization Total=== CORE-S:13;; TIME K cy:1,300 ;; Nodes Proc: 407,636 -- Edges Proc: 10,698,565

===PRINTING FRAME STATS

FCollision In Avg:96, SD:28, Max:199, Min:3
FCollision Out Avg:113, SD:44, Max:221, Min:18
FCollision End Avg:27, SD:35, Max:123, Min:0
FTask1 Avg:5, SD:5, Max:24, Min:0
FTask2 Avg:18, SD:14, Max:64, Min:0
FTask3 Avg:27, SD:8, Max:66, Min:11
FCore Active Avg:51, SD:20, Max:100, Min:15
FRouter Active Avg:66, SD:3, Max:80, Min:58
T1 invocations: 135,686
T2 invocations: 200,849
T3 invocations: 6,410,764
T3b invocations: 0
Total3 invocations: 6,410,764
Total4 invocations: 2,791

T3/T2 ratio: 32
T3b/T3 ratio: 0

T1 avg ex cycles: 34
T2 avg ex cycles: 94
T3&b avg ex cycles: 4
T4 avg ex cycles: 419
Avg. hops NOC1: 2
Avg. latency NOC1 (T2): 22,679
Avg. hops NOC2: 17
Avg. latency NOC2 (T3): 3,213

===PRINTING ACUM STATS at pu_cycles: 1,400,930

ACollision In Avg:105, SD:15, Max:175, Min:53
ACollision Out Avg:128, SD:25, Max:224, Min:57
ACollision End Avg:35, SD:17, Max:122, Min:0
ATask1 Avg:3, SD:1, Max:8, Min:0
ATask2 Avg:18, SD:7, Max:38, Min:0
ATask3 Avg:30, SD:6, Max:57, Min:18
ACore Active Avg:52, SD:12, Max:87, Min:24
ARouter Active Avg:67, SD:2, Max:72, Min:62
T1 invocations: 1,003,221
T2 invocations: 2,023,715
T3 invocations: 90,412,813
T3b invocations: 0
Total3 invocations: 90,412,813
Total4 invocations: 14,981

T3/T2 ratio: 45
T3b/T3 ratio: 0

T1 avg ex cycles: 38
T2 avg ex cycles: 127
T3&b avg ex cycles: 5
T4 avg ex cycles: 516
Avg. hops NOC1: 2
Avg. latency NOC1 (T2): 38,430
Avg. hops NOC2: 17
Avg. latency NOC2 (T3): 3,162
Number of K Nodes Processed: 3,311
Number of K Edges Processed: 90,660
Node Re-explore factor: 0.79
Edge Re-explore factor: 0.71
Nodes/cy: 2
Edges/cy: 65
TEPS: 92

---DCache---
DCache Size: 12,256
DRAM words: 133,760
  DHits: 171,267,584
  DMisses: 8,639,310
  DHit Rate (hit/miss): 95%
  DEvictions: 7,835,755
  DEviction Rate (evict/misses): 91%
  MC Transactions: 11,096,434
  MC Writes: 2,446,517
Avg. Transactions: 99% , Writes: 22%, Avg. Latency: 25
Max MC id: 7 of 8. Transactions: 100% , Writes: 22%, MC mean Latency: 43
HBM refresh energy (nJ): 4
HBM access energy (nJ): 21,021,084
MemC wire energy 2.5d (nJ): 5,969,790
MemC wire energy 3d (nJ): 1,492,448

---Energy---
Leakage Energy (nJ): 73,220
PU Dyn E (nJ): 5,355,457
Mem Dyn E (nJ): 36,458,142
Route Dyn E (nJ): 5,571,231
Dynamic Energy (nJ): 47,384,831
Ratio of Dyn/Leak: 647
Total Energy (nJ): 47,458,051
Total Energy (nJ) 3D: 46,289,452
Cores Energy (nJ): 5,359,356
Route Energy (nJ): 5,584,067
Route Energy (nJ) 3D: 8,892,812
Mem Energy   (nJ): 36,514,628
Mem Energy   (nJ) 3D: 32,037,285
Avg. Power (mW): 33,876.10
Power Density (mW/mm2): 106.74

---Runtime---
Runtime in K cycles: 1,400.93
Microseconds: 1,400.93
Time per iteration (ms): 1.40

---Throughput---
GOP/s (aka OPS/ns): 322.18
GOP/s per core: 0.31
FLOP/s: 129.21
FLOP/s per core: 0.13
Max Peak FLOP/s: 1,024.00
Avg. BW GB/s: 2,209.82
Max BW GB/s: 4,096.00

---Traffic---
In-Die bisection_bytes BW (GB/s): 512.00
Inter-board traffic (msg/ns): 0.00, per-link: 0.00
Inter-pack traffic (msg/ns): 0.00, per-link: 0.00
Inter-die traffic (msg/ns): 0.00, per-link: 0.00
Ruche traffic (msg/ns): 0.00, per-link: 0.00
All traffic (msg/ns): 2,468.24, per-link: 2.41
Inter-die reduction wrt all: inf
Inter-board reduction wrt inter-die: -nan

---Data Movement---
All traffic (msg): 3,457,826,723
Arith. Intensity FLOP/Loads: 0.47
Arith. Intensity FLOP/Msgs: 0.05
Arith. Intensity OPS/Loads: 1.17
Arith. Intensity OPS/Msgs: 0.13



===Core Utilization Total=== CORE-S:14;; TIME K cy:1,400 ;; Nodes Proc: 413,850 -- Edges Proc: 11,543,929

===PRINTING FRAME STATS

FCollision In Avg:92, SD:30, Max:263, Min:3
FCollision Out Avg:105, SD:44, Max:215, Min:14
FCollision End Avg:26, SD:33, Max:118, Min:0
FTask1 Avg:5, SD:5, Max:27, Min:0
FTask2 Avg:19, SD:14, Max:69, Min:0
FTask3 Avg:28, SD:8, Max:66, Min:14
FCore Active Avg:53, SD:19, Max:100, Min:15
FRouter Active Avg:69, SD:4, Max:81, Min:55
T1 invocations: 156,027
T2 invocations: 224,705
T3 invocations: 6,911,085
T3b invocations: 0
Total3 invocations: 6,911,085
Total4 invocations: 3,933

T3/T2 ratio: 31
T3b/T3 ratio: 0

T1 avg ex cycles: 33
T2 avg ex cycles: 86
T3&b avg ex cycles: 4
T4 avg ex cycles: 345
Avg. hops NOC1: 2
Avg. latency NOC1 (T2): 20,355
Avg. hops NOC2: 17
Avg. latency NOC2 (T3): 3,063

===PRINTING ACUM STATS at pu_cycles: 1,500,773

ACollision In Avg:104, SD:15, Max:180, Min:57
ACollision Out Avg:126, SD:25, Max:223, Min:56
ACollision End Avg:34, SD:17, Max:121, Min:0
ATask1 Avg:3, SD:1, Max:9, Min:0
ATask2 Avg:18, SD:7, Max:38, Min:0
ATask3 Avg:30, SD:6, Max:57, Min:18
ACore Active Avg:52, SD:12, Max:87, Min:24
ARouter Active Avg:67, SD:2, Max:72, Min:63
T1 invocations: 1,155,553
T2 invocations: 2,239,270
T3 invocations: 97,035,664
T3b invocations: 0
Total3 invocations: 97,035,664
Total4 invocations: 18,840

T3/T2 ratio: 43
T3b/T3 ratio: 0

T1 avg ex cycles: 38
T2 avg ex cycles: 123
T3&b avg ex cycles: 5
T4 avg ex cycles: 481
Avg. hops NOC1: 2
Avg. latency NOC1 (T2): 36,660
Avg. hops NOC2: 17
Avg. latency NOC2 (T3): 3,143
Number of K Nodes Processed: 3,360
Number of K Edges Processed: 97,525
Node Re-explore factor: 0.80
Edge Re-explore factor: 0.76
Nodes/cy: 2
Edges/cy: 65
TEPS: 85

---DCache---
DCache Size: 12,256
DRAM words: 133,760
  DHits: 184,255,360
  DMisses: 9,286,062
  DHit Rate (hit/miss): 95%
  DEvictions: 8,479,695
  DEviction Rate (evict/misses): 91%
  MC Transactions: 11,915,192
  MC Writes: 2,617,669
Avg. Transactions: 99% , Writes: 22%, Avg. Latency: 25
Max MC id: 5 of 8. Transactions: 100% , Writes: 22%, MC mean Latency: 33
HBM refresh energy (nJ): 4
HBM access energy (nJ): 22,572,139
MemC wire energy 2.5d (nJ): 6,410,275
MemC wire energy 3d (nJ): 1,602,569

---Energy---
Leakage Energy (nJ): 78,438
PU Dyn E (nJ): 5,750,051
Mem Dyn E (nJ): 39,135,922
Route Dyn E (nJ): 5,977,345
Dynamic Energy (nJ): 50,863,318
Ratio of Dyn/Leak: 648
Total Energy (nJ): 50,941,756
Total Energy (nJ) 3D: 49,683,985
Cores Energy (nJ): 5,754,228
Route Energy (nJ): 5,991,097
Route Energy (nJ) 3D: 9,541,032
Mem Energy   (nJ): 39,196,433
Mem Energy   (nJ) 3D: 34,388,726
Avg. Power (mW): 33,943.68
Power Density (mW/mm2): 106.95

---Runtime---
Runtime in K cycles: 1,500.77
Microseconds: 1,500.77
Time per iteration (ms): 1.50

---Throughput---
GOP/s (aka OPS/ns): 323.51
GOP/s per core: 0.32
FLOP/s: 129.35
FLOP/s per core: 0.13
Max Peak FLOP/s: 1,024.00
Avg. BW GB/s: 2,211.03
Max BW GB/s: 4,096.00

---Traffic---
In-Die bisection_bytes BW (GB/s): 512.00
Inter-board traffic (msg/ns): 0.00, per-link: 0.00
Inter-pack traffic (msg/ns): 0.00, per-link: 0.00
Inter-die traffic (msg/ns): 0.00, per-link: 0.00
Ruche traffic (msg/ns): 0.00, per-link: 0.00
All traffic (msg/ns): 2,472.38, per-link: 2.41
Inter-die reduction wrt all: inf
Inter-board reduction wrt inter-die: -nan

---Data Movement---
All traffic (msg): 3,710,479,548
Arith. Intensity FLOP/Loads: 0.47
Arith. Intensity FLOP/Msgs: 0.05
Arith. Intensity OPS/Loads: 1.17
Arith. Intensity OPS/Msgs: 0.13



===Core Utilization Total=== CORE-S:15;; TIME K cy:1,500 ;; Nodes Proc: 419,893 -- Edges Proc: 12,461,978

===PRINTING FRAME STATS

FCollision In Avg:85, SD:32, Max:188, Min:5
FCollision Out Avg:96, SD:44, Max:239, Min:13
FCollision End Avg:25, SD:32, Max:103, Min:0
FTask1 Avg:6, SD:6, Max:28, Min:0
FTask2 Avg:22, SD:16, Max:73, Min:0
FTask3 Avg:30, SD:9, Max:73, Min:16
FCore Active Avg:59, SD:21, Max:100, Min:19
FRouter Active Avg:72, SD:4, Max:83, Min:61
T1 invocations: 174,993
T2 invocations: 252,629
T3 invocations: 7,185,380
T3b invocations: 0
Total3 invocations: 7,185,380
Total4 invocations: 5,480

T3/T2 ratio: 28
T3b/T3 ratio: 0

T1 avg ex cycles: 34
T2 avg ex cycles: 89
T3&b avg ex cycles: 4
T4 avg ex cycles: 291
Avg. hops NOC1: 2
Avg. latency NOC1 (T2): 17,969
Avg. hops NOC2: 17
Avg. latency NOC2 (T3): 3,314

===PRINTING ACUM STATS at pu_cycles: 1,601,251

ACollision In Avg:103, SD:15, Max:179, Min:58
ACollision Out Avg:125, SD:25, Max:224, Min:54
ACollision End Avg:34, SD:16, Max:119, Min:1
ATask1 Avg:3, SD:1, Max:9, Min:0
ATask2 Avg:18, SD:6, Max:37, Min:2
ATask3 Avg:30, SD:6, Max:57, Min:18
ACore Active Avg:52, SD:12, Max:87, Min:27
ARouter Active Avg:68, SD:2, Max:72, Min:63
T1 invocations: 1,335,471
T2 invocations: 2,504,346
T3 invocations: 104,498,330
T3b invocations: 0
Total3 invocations: 104,498,330
Total4 invocations: 24,442

T3/T2 ratio: 42
T3b/T3 ratio: 0

T1 avg ex cycles: 37
T2 avg ex cycles: 120
T3&b avg ex cycles: 5
T4 avg ex cycles: 438
Avg. hops NOC1: 2
Avg. latency NOC1 (T2): 34,722
Avg. hops NOC2: 17
Avg. latency NOC2 (T3): 3,161
Number of K Nodes Processed: 3,407
Number of K Edges Processed: 104,826
Node Re-explore factor: 0.81
Edge Re-explore factor: 0.82
Nodes/cy: 2
Edges/cy: 65
TEPS: 80

---DCache---
DCache Size: 12,256
DRAM words: 133,760
  DHits: 198,013,416
  DMisses: 9,973,351
  DHit Rate (hit/miss): 95%
  DEvictions: 9,163,552
  DEviction Rate (evict/misses): 92%
  MC Transactions: 12,783,139
  MC Writes: 2,797,445
Avg. Transactions: 100% , Writes: 22%, Avg. Latency: 25
Max MC id: 5 of 8. Transactions: 100% , Writes: 22%, MC mean Latency: 35
HBM refresh energy (nJ): 4
HBM access energy (nJ): 24,216,378
MemC wire energy 2.5d (nJ): 6,877,224
MemC wire energy 3d (nJ): 1,719,306

---Energy---
Leakage Energy (nJ): 83,690
PU Dyn E (nJ): 6,205,183
Mem Dyn E (nJ): 42,025,517
Route Dyn E (nJ): 6,447,523
Dynamic Energy (nJ): 54,678,224
Ratio of Dyn/Leak: 653
Total Energy (nJ): 54,761,914
Total Energy (nJ) 3D: 53,433,169
Cores Energy (nJ): 6,209,640
Route Energy (nJ): 6,462,195
Route Energy (nJ) 3D: 10,291,368
Mem Energy   (nJ): 42,090,079
Mem Energy   (nJ) 3D: 36,932,162
Avg. Power (mW): 34,199.46
Power Density (mW/mm2): 107.76

---Runtime---
Runtime in K cycles: 1,601.25
Microseconds: 1,601.25
Time per iteration (ms): 1.60

---Throughput---
GOP/s (aka OPS/ns): 327.78
GOP/s per core: 0.32
FLOP/s: 130.68
FLOP/s per core: 0.13
Max Peak FLOP/s: 1,024.00
Avg. BW GB/s: 2,232.01
Max BW GB/s: 4,096.00

---Traffic---
In-Die bisection_bytes BW (GB/s): 512.00
Inter-board traffic (msg/ns): 0.00, per-link: 0.00
Inter-pack traffic (msg/ns): 0.00, per-link: 0.00
Inter-die traffic (msg/ns): 0.00, per-link: 0.00
Ruche traffic (msg/ns): 0.00, per-link: 0.00
All traffic (msg/ns): 2,498.04, per-link: 2.44
Inter-die reduction wrt all: inf
Inter-board reduction wrt inter-die: -nan

---Data Movement---
All traffic (msg): 3,999,985,108
Arith. Intensity FLOP/Loads: 0.47
Arith. Intensity FLOP/Msgs: 0.05
Arith. Intensity OPS/Loads: 1.18
Arith. Intensity OPS/Msgs: 0.13



===Core Utilization Total=== CORE-S:16;; TIME K cy:1,600 ;; Nodes Proc: 425,808 -- Edges Proc: 13,391,774

===PRINTING FRAME STATS

FCollision In Avg:69, SD:32, Max:184, Min:3
FCollision Out Avg:81, SD:44, Max:236, Min:6
FCollision End Avg:23, SD:32, Max:111, Min:0
FTask1 Avg:7, SD:7, Max:45, Min:0
FTask2 Avg:24, SD:18, Max:72, Min:0
FTask3 Avg:30, SD:10, Max:74, Min:15
FCore Active Avg:63, SD:23, Max:100, Min:17
FRouter Active Avg:70, SD:4, Max:82, Min:57
T1 invocations: 180,767
T2 invocations: 252,354
T3 invocations: 6,655,528
T3b invocations: 0
Total3 invocations: 6,655,528
Total4 invocations: 6,821

T3/T2 ratio: 26
T3b/T3 ratio: 0

T1 avg ex cycles: 39
T2 avg ex cycles: 99
T3&b avg ex cycles: 5
T4 avg ex cycles: 244
Avg. hops NOC1: 2
Avg. latency NOC1 (T2): 15,966
Avg. hops NOC2: 17
Avg. latency NOC2 (T3): 4,090

===PRINTING ACUM STATS at pu_cycles: 1,701,240

ACollision In Avg:101, SD:15, Max:173, Min:55
ACollision Out Avg:122, SD:24, Max:224, Min:53
ACollision End Avg:33, SD:16, Max:118, Min:1
ATask1 Avg:3, SD:1, Max:8, Min:0
ATask2 Avg:19, SD:6, Max:37, Min:2
ATask3 Avg:30, SD:6, Max:57, Min:18
ACore Active Avg:53, SD:12, Max:88, Min:27
ARouter Active Avg:68, SD:2, Max:73, Min:63
T1 invocations: 1,514,692
T2 invocations: 2,756,166
T3 invocations: 111,135,311
T3b invocations: 0
Total3 invocations: 111,135,311
Total4 invocations: 31,219

T3/T2 ratio: 40
T3b/T3 ratio: 0

T1 avg ex cycles: 37
T2 avg ex cycles: 118
T3&b avg ex cycles: 5
T4 avg ex cycles: 396
Avg. hops NOC1: 2
Avg. latency NOC1 (T2): 33,009
Avg. hops NOC2: 17
Avg. latency NOC2 (T3): 3,218
Number of K Nodes Processed: 3,447
Number of K Edges Processed: 111,629
Node Re-explore factor: 0.82
Edge Re-explore factor: 0.87
Nodes/cy: 2
Edges/cy: 66
TEPS: 75

---DCache---
DCache Size: 12,256
DRAM words: 133,760
  DHits: 210,817,981
  DMisses: 10,624,891
  DHit Rate (hit/miss): 95%
  DEvictions: 9,812,282
  DEviction Rate (evict/misses): 92%
  MC Transactions: 13,603,153
  MC Writes: 2,965,201
Avg. Transactions: 100% , Writes: 22%, Avg. Latency: 26
Max MC id: 7 of 8. Transactions: 100% , Writes: 22%, MC mean Latency: 45
HBM refresh energy (nJ): 5
HBM access energy (nJ): 25,769,813
MemC wire energy 2.5d (nJ): 7,318,385
MemC wire energy 3d (nJ): 1,829,596

---Energy---
Leakage Energy (nJ): 88,916
PU Dyn E (nJ): 6,613,223
Mem Dyn E (nJ): 44,719,692
Route Dyn E (nJ): 6,867,199
Dynamic Energy (nJ): 58,200,115
Ratio of Dyn/Leak: 655
Total Energy (nJ): 58,289,031
Total Energy (nJ) 3D: 56,878,661
Cores Energy (nJ): 6,617,958
Route Energy (nJ): 6,882,787
Route Energy (nJ) 3D: 10,961,206
Mem Energy   (nJ): 44,788,286
Mem Energy   (nJ) 3D: 39,299,498
Avg. Power (mW): 34,262.67
Power Density (mW/mm2): 107.96

---Runtime---
Runtime in K cycles: 1,701.24
Microseconds: 1,701.24
Time per iteration (ms): 1.70

---Throughput---
GOP/s (aka OPS/ns): 329.53
GOP/s per core: 0.32
FLOP/s: 130.91
FLOP/s per core: 0.13
Max Peak FLOP/s: 1,024.00
Avg. BW GB/s: 2,234.96
Max BW GB/s: 4,096.00

---Traffic---
In-Die bisection_bytes BW (GB/s): 512.00
Inter-board traffic (msg/ns): 0.00, per-link: 0.00
Inter-pack traffic (msg/ns): 0.00, per-link: 0.00
Inter-die traffic (msg/ns): 0.00, per-link: 0.00
Ruche traffic (msg/ns): 0.00, per-link: 0.00
All traffic (msg/ns): 2,503.99, per-link: 2.45
Inter-die reduction wrt all: inf
Inter-board reduction wrt inter-die: -nan

---Data Movement---
All traffic (msg): 4,259,887,396
Arith. Intensity FLOP/Loads: 0.47
Arith. Intensity FLOP/Msgs: 0.05
Arith. Intensity OPS/Loads: 1.18
Arith. Intensity OPS/Msgs: 0.13



===Core Utilization Total=== CORE-S:17;; TIME K cy:1,700 ;; Nodes Proc: 430,871 -- Edges Proc: 14,285,238

===PRINTING FRAME STATS

FCollision In Avg:61, SD:34, Max:217, Min:3
FCollision Out Avg:73, SD:42, Max:226, Min:3
FCollision End Avg:22, SD:32, Max:199, Min:0
FTask1 Avg:7, SD:8, Max:47, Min:0
FTask2 Avg:25, SD:19, Max:73, Min:0
FTask3 Avg:31, SD:10, Max:78, Min:12
FCore Active Avg:65, SD:26, Max:100, Min:19
FRouter Active Avg:70, SD:3, Max:79, Min:58
T1 invocations: 185,094
T2 invocations: 252,333
T3 invocations: 6,624,900
T3b invocations: 0
Total3 invocations: 6,624,900
Total4 invocations: 8,457

T3/T2 ratio: 26
T3b/T3 ratio: 0

T1 avg ex cycles: 41
T2 avg ex cycles: 100
T3&b avg ex cycles: 5
T4 avg ex cycles: 204
Avg. hops NOC1: 2
Avg. latency NOC1 (T2): 14,017
Avg. hops NOC2: 17
Avg. latency NOC2 (T3): 4,832

===PRINTING ACUM STATS at pu_cycles: 1,800,825

ACollision In Avg:99, SD:15, Max:168, Min:52
ACollision Out Avg:119, SD:24, Max:219, Min:51
ACollision End Avg:32, SD:15, Max:118, Min:1
ATask1 Avg:3, SD:1, Max:8, Min:0
ATask2 Avg:19, SD:6, Max:37, Min:2
ATask3 Avg:30, SD:6, Max:58, Min:18
ACore Active Avg:53, SD:11, Max:88, Min:27
ARouter Active Avg:68, SD:2, Max:73, Min:63
T1 invocations: 1,699,363
T2 invocations: 3,005,507
T3 invocations: 117,706,045
T3b invocations: 0
Total3 invocations: 117,706,045
Total4 invocations: 39,677

T3/T2 ratio: 39
T3b/T3 ratio: 0

T1 avg ex cycles: 38
T2 avg ex cycles: 116
T3&b avg ex cycles: 5
T4 avg ex cycles: 355
Avg. hops NOC1: 2
Avg. latency NOC1 (T2): 31,424
Avg. hops NOC2: 17
Avg. latency NOC2 (T3): 3,303
Number of K Nodes Processed: 3,486
Number of K Edges Processed: 118,208
Node Re-explore factor: 0.83
Edge Re-explore factor: 0.92
Nodes/cy: 2
Edges/cy: 66
TEPS: 71

---DCache---
DCache Size: 12,256
DRAM words: 133,760
  DHits: 223,372,531
  DMisses: 11,259,460
  DHit Rate (hit/miss): 95%
  DEvictions: 10,444,505
  DEviction Rate (evict/misses): 93%
  MC Transactions: 14,400,878
  MC Writes: 3,127,548
Avg. Transactions: 100% , Writes: 22%, Avg. Latency: 26
Max MC id: 7 of 8. Transactions: 100% , Writes: 22%, MC mean Latency: 46
HBM refresh energy (nJ): 5
HBM access energy (nJ): 27,281,023
MemC wire energy 2.5d (nJ): 7,747,554
MemC wire energy 3d (nJ): 1,936,889

---Energy---
Leakage Energy (nJ): 94,121
PU Dyn E (nJ): 7,013,303
Mem Dyn E (nJ): 47,344,841
Route Dyn E (nJ): 7,274,175
Dynamic Energy (nJ): 61,632,320
Ratio of Dyn/Leak: 655
Total Energy (nJ): 61,726,441
Total Energy (nJ) 3D: 60,235,896
Cores Energy (nJ): 7,018,315
Route Energy (nJ): 7,290,676
Route Energy (nJ) 3D: 11,610,796
Mem Energy   (nJ): 47,417,450
Mem Energy   (nJ) 3D: 41,606,784
Avg. Power (mW): 34,276.76
Power Density (mW/mm2): 108.00

---Runtime---
Runtime in K cycles: 1,800.83
Microseconds: 1,800.83
Time per iteration (ms): 1.80

---Throughput---
GOP/s (aka OPS/ns): 330.99
GOP/s per core: 0.32
FLOP/s: 130.94
FLOP/s per core: 0.13
Max Peak FLOP/s: 1,024.00
Avg. BW GB/s: 2,235.44
Max BW GB/s: 4,096.00

---Traffic---
In-Die bisection_bytes BW (GB/s): 512.00
Inter-board traffic (msg/ns): 0.00, per-link: 0.00
Inter-pack traffic (msg/ns): 0.00, per-link: 0.00
Inter-die traffic (msg/ns): 0.00, per-link: 0.00
Ruche traffic (msg/ns): 0.00, per-link: 0.00
All traffic (msg/ns): 2,505.68, per-link: 2.45
Inter-die reduction wrt all: inf
Inter-board reduction wrt inter-die: -nan

---Data Movement---
All traffic (msg): 4,512,292,370
Arith. Intensity FLOP/Loads: 0.47
Arith. Intensity FLOP/Msgs: 0.05
Arith. Intensity OPS/Loads: 1.19
Arith. Intensity OPS/Msgs: 0.13



===Core Utilization Total=== CORE-S:18;; TIME K cy:1,800 ;; Nodes Proc: 435,843 -- Edges Proc: 15,100,822

===PRINTING FRAME STATS

FCollision In Avg:51, SD:34, Max:158, Min:2
FCollision Out Avg:63, SD:38, Max:159, Min:4
FCollision End Avg:20, SD:29, Max:149, Min:0
FTask1 Avg:8, SD:8, Max:45, Min:0
FTask2 Avg:25, SD:19, Max:74, Min:0
FTask3 Avg:31, SD:11, Max:71, Min:13
FCore Active Avg:65, SD:27, Max:100, Min:16
FRouter Active Avg:69, SD:4, Max:80, Min:58
T1 invocations: 193,036
T2 invocations: 257,216
T3 invocations: 6,463,760
T3b invocations: 0
Total3 invocations: 6,463,760
Total4 invocations: 9,365

T3/T2 ratio: 25
T3b/T3 ratio: 0

T1 avg ex cycles: 42
T2 avg ex cycles: 99
T3&b avg ex cycles: 5
T4 avg ex cycles: 195
Avg. hops NOC1: 3
Avg. latency NOC1 (T2): 12,754
Avg. hops NOC2: 17
Avg. latency NOC2 (T3): 5,561

===PRINTING ACUM STATS at pu_cycles: 1,901,104

ACollision In Avg:96, SD:15, Max:166, Min:50
ACollision Out Avg:116, SD:24, Max:210, Min:51
ACollision End Avg:32, SD:14, Max:112, Min:1
ATask1 Avg:4, SD:1, Max:8, Min:0
ATask2 Avg:19, SD:6, Max:38, Min:2
ATask3 Avg:30, SD:6, Max:58, Min:19
ACore Active Avg:54, SD:11, Max:89, Min:27
ARouter Active Avg:68, SD:2, Max:73, Min:63
T1 invocations: 1,894,083
T2 invocations: 3,265,273
T3 invocations: 124,229,097
T3b invocations: 0
Total3 invocations: 124,229,097
Total4 invocations: 49,074

T3/T2 ratio: 38
T3b/T3 ratio: 0

T1 avg ex cycles: 38
T2 avg ex cycles: 115
T3&b avg ex cycles: 5
T4 avg ex cycles: 324
Avg. hops NOC1: 2
Avg. latency NOC1 (T2): 29,942
Avg. hops NOC2: 17
Avg. latency NOC2 (T3): 3,424
Number of K Nodes Processed: 3,521
Number of K Edges Processed: 124,592
Node Re-explore factor: 0.84
Edge Re-explore factor: 0.97
Nodes/cy: 2
Edges/cy: 66
TEPS: 67

---DCache---
DCache Size: 12,256
DRAM words: 133,760
  DHits: 235,664,322
  DMisses: 11,892,318
  DHit Rate (hit/miss): 95%
  DEvictions: 11,074,893
  DEviction Rate (evict/misses): 93%
  MC Transactions: 15,197,157
  MC Writes: 3,290,136
Avg. Transactions: 100% , Writes: 22%, Avg. Latency: 27
Max MC id: 5 of 8. Transactions: 100% , Writes: 22%, MC mean Latency: 37
HBM refresh energy (nJ): 5
HBM access energy (nJ): 28,789,494
MemC wire energy 2.5d (nJ): 8,175,946
MemC wire energy 3d (nJ): 2,043,986

---Energy---
Leakage Energy (nJ): 99,362
PU Dyn E (nJ): 7,411,712
Mem Dyn E (nJ): 49,960,055
Route Dyn E (nJ): 7,669,858
Dynamic Energy (nJ): 65,041,625
Ratio of Dyn/Leak: 655
Total Energy (nJ): 65,140,987
Total Energy (nJ) 3D: 63,564,144
Cores Energy (nJ): 7,417,003
Route Energy (nJ): 7,687,277
Route Energy (nJ) 3D: 12,242,393
Mem Energy   (nJ): 50,036,708
Mem Energy   (nJ) 3D: 43,904,749
Avg. Power (mW): 34,264.82
Power Density (mW/mm2): 107.97

---Runtime---
Runtime in K cycles: 1,901.10
Microseconds: 1,901.10
Time per iteration (ms): 1.90

---Throughput---
GOP/s (aka OPS/ns): 332.26
GOP/s per core: 0.32
FLOP/s: 130.85
FLOP/s per core: 0.13
Max Peak FLOP/s: 1,024.00
Avg. BW GB/s: 2,234.23
Max BW GB/s: 4,096.00

---Traffic---
In-Die bisection_bytes BW (GB/s): 512.00
Inter-board traffic (msg/ns): 0.00, per-link: 0.00
Inter-pack traffic (msg/ns): 0.00, per-link: 0.00
Inter-die traffic (msg/ns): 0.00, per-link: 0.00
Ruche traffic (msg/ns): 0.00, per-link: 0.00
All traffic (msg/ns): 2,503.12, per-link: 2.44
Inter-die reduction wrt all: inf
Inter-board reduction wrt inter-die: -nan

---Data Movement---
All traffic (msg): 4,758,697,339
Arith. Intensity FLOP/Loads: 0.47
Arith. Intensity FLOP/Msgs: 0.05
Arith. Intensity OPS/Loads: 1.19
Arith. Intensity OPS/Msgs: 0.13



===Core Utilization Total=== CORE-S:19;; TIME K cy:1,900 ;; Nodes Proc: 440,452 -- Edges Proc: 15,845,648

===PRINTING FRAME STATS

FCollision In Avg:38, SD:35, Max:154, Min:2
FCollision Out Avg:44, SD:38, Max:125, Min:0
FCollision End Avg:18, SD:28, Max:100, Min:0
FTask1 Avg:8, SD:9, Max:48, Min:0
FTask2 Avg:23, SD:20, Max:76, Min:0
FTask3 Avg:28, SD:10, Max:62, Min:12
FCore Active Avg:60, SD:28, Max:100, Min:16
FRouter Active Avg:70, SD:5, Max:84, Min:57
T1 invocations: 206,082
T2 invocations: 270,303
T3 invocations: 6,304,482
T3b invocations: 0
Total3 invocations: 6,304,482
Total4 invocations: 12,142

T3/T2 ratio: 23
T3b/T3 ratio: 0

T1 avg ex cycles: 39
T2 avg ex cycles: 86
T3&b avg ex cycles: 5
T4 avg ex cycles: 163
Avg. hops NOC1: 3
Avg. latency NOC1 (T2): 10,547
Avg. hops NOC2: 17
Avg. latency NOC2 (T3): 5,116

===PRINTING ACUM STATS at pu_cycles: 2,000,776

ACollision In Avg:93, SD:15, Max:165, Min:48
ACollision Out Avg:113, SD:24, Max:202, Min:49
ACollision End Avg:31, SD:14, Max:107, Min:1
ATask1 Avg:4, SD:1, Max:8, Min:0
ATask2 Avg:19, SD:5, Max:38, Min:2
ATask3 Avg:30, SD:6, Max:59, Min:19
ACore Active Avg:54, SD:10, Max:89, Min:26
ARouter Active Avg:68, SD:2, Max:73, Min:63
T1 invocations: 2,099,921
T2 invocations: 3,533,323
T3 invocations: 130,490,555
T3b invocations: 0
Total3 invocations: 130,490,555
Total4 invocations: 61,214

T3/T2 ratio: 37
T3b/T3 ratio: 0

T1 avg ex cycles: 38
T2 avg ex cycles: 113
T3&b avg ex cycles: 5
T4 avg ex cycles: 292
Avg. hops NOC1: 2
Avg. latency NOC1 (T2): 28,467
Avg. hops NOC2: 17
Avg. latency NOC2 (T3): 3,504
Number of K Nodes Processed: 3,554
Number of K Edges Processed: 130,777
Node Re-explore factor: 0.85
Edge Re-explore factor: 1.02
Nodes/cy: 2
Edges/cy: 65
TEPS: 64

---DCache---
DCache Size: 12,256
DRAM words: 133,760
  DHits: 247,652,738
  DMisses: 12,517,500
  DHit Rate (hit/miss): 95%
  DEvictions: 11,697,934
  DEviction Rate (evict/misses): 93%
  MC Transactions: 15,981,047
  MC Writes: 3,448,089
Avg. Transactions: 100% , Writes: 22%, Avg. Latency: 27
Max MC id: 5 of 8. Transactions: 100% , Writes: 22%, MC mean Latency: 38
HBM refresh energy (nJ): 5
HBM access energy (nJ): 30,274,495
MemC wire energy 2.5d (nJ): 8,597,672
MemC wire energy 3d (nJ): 2,149,418

---Energy---
Leakage Energy (nJ): 104,571
PU Dyn E (nJ): 7,797,342
Mem Dyn E (nJ): 52,521,531
Route Dyn E (nJ): 8,050,547
Dynamic Energy (nJ): 68,369,420
Ratio of Dyn/Leak: 654
Total Energy (nJ): 68,473,991
Total Energy (nJ) 3D: 66,806,944
Cores Energy (nJ): 7,802,911
Route Energy (nJ): 8,068,879
Route Energy (nJ) 3D: 12,850,086
Mem Energy   (nJ): 52,602,202
Mem Energy   (nJ) 3D: 46,153,948
Avg. Power (mW): 34,223.72
Power Density (mW/mm2): 107.84

---Runtime---
Runtime in K cycles: 2,000.78
Microseconds: 2,000.78
Time per iteration (ms): 2.00

---Throughput---
GOP/s (aka OPS/ns): 333.20
GOP/s per core: 0.33
FLOP/s: 130.53
FLOP/s per core: 0.13
Max Peak FLOP/s: 1,024.00
Avg. BW GB/s: 2,229.74
Max BW GB/s: 4,096.00

---Traffic---
In-Die bisection_bytes BW (GB/s): 512.00
Inter-board traffic (msg/ns): 0.00, per-link: 0.00
Inter-pack traffic (msg/ns): 0.00, per-link: 0.00
Inter-die traffic (msg/ns): 0.00, per-link: 0.00
Ruche traffic (msg/ns): 0.00, per-link: 0.00
All traffic (msg/ns): 2,497.22, per-link: 2.44
Inter-die reduction wrt all: inf
Inter-board reduction wrt inter-die: -nan

---Data Movement---
All traffic (msg): 4,996,377,616
Arith. Intensity FLOP/Loads: 0.47
Arith. Intensity FLOP/Msgs: 0.05
Arith. Intensity OPS/Loads: 1.20
Arith. Intensity OPS/Msgs: 0.13



===Core Utilization Total=== CORE-S:20;; TIME K cy:2,000 ;; Nodes Proc: 444,385 -- Edges Proc: 16,617,781

===PRINTING FRAME STATS

FCollision In Avg:29, SD:33, Max:160, Min:1
FCollision Out Avg:32, SD:37, Max:114, Min:0
FCollision End Avg:15, SD:27, Max:100, Min:0
FTask1 Avg:8, SD:10, Max:50, Min:0
FTask2 Avg:20, SD:22, Max:88, Min:0
FTask3 Avg:25, SD:8, Max:59, Min:11
FCore Active Avg:55, SD:28, Max:100, Min:15
FRouter Active Avg:70, SD:6, Max:125, Min:54
T1 invocations: 212,938
T2 invocations: 277,119
T3 invocations: 6,060,590
T3b invocations: 0
Total3 invocations: 6,060,590
Total4 invocations: 15,339

T3/T2 ratio: 22
T3b/T3 ratio: 0

T1 avg ex cycles: 36
T2 avg ex cycles: 75
T3&b avg ex cycles: 4
T4 avg ex cycles: 133
Avg. hops NOC1: 3
Avg. latency NOC1 (T2): 8,758
Avg. hops NOC2: 17
Avg. latency NOC2 (T3): 4,194

===PRINTING ACUM STATS at pu_cycles: 2,101,008

ACollision In Avg:90, SD:15, Max:161, Min:46
ACollision Out Avg:109, SD:23, Max:193, Min:46
ACollision End Avg:30, SD:13, Max:102, Min:1
ATask1 Avg:4, SD:1, Max:8, Min:1
ATask2 Avg:20, SD:5, Max:36, Min:3
ATask3 Avg:30, SD:6, Max:58, Min:19
ACore Active Avg:54, SD:10, Max:90, Min:27
ARouter Active Avg:68, SD:2, Max:73, Min:63
T1 invocations: 2,317,492
T2 invocations: 3,812,706
T3 invocations: 136,602,205
T3b invocations: 0
Total3 invocations: 136,602,205
Total4 invocations: 76,630

T3/T2 ratio: 36
T3b/T3 ratio: 0

T1 avg ex cycles: 38
T2 avg ex cycles: 110
T3&b avg ex cycles: 5
T4 avg ex cycles: 261
Avg. hops NOC1: 2
Avg. latency NOC1 (T2): 27,018
Avg. hops NOC2: 17
Avg. latency NOC2 (T3): 3,534
Number of K Nodes Processed: 3,584
Number of K Edges Processed: 136,883
Node Re-explore factor: 0.85
Edge Re-explore factor: 1.07
Nodes/cy: 2
Edges/cy: 65
TEPS: 61

---DCache---
DCache Size: 12,256
DRAM words: 133,760
  DHits: 259,502,246
  DMisses: 13,131,497
  DHit Rate (hit/miss): 95%
  DEvictions: 12,310,183
  DEviction Rate (evict/misses): 94%
  MC Transactions: 16,745,264
  MC Writes: 3,597,619
Avg. Transactions: 100% , Writes: 21%, Avg. Latency: 27
Max MC id: 5 of 8. Transactions: 100% , Writes: 22%, MC mean Latency: 38
HBM refresh energy (nJ): 6
HBM access energy (nJ): 31,722,228
MemC wire energy 2.5d (nJ): 9,008,814
MemC wire energy 3d (nJ): 2,252,204

---Energy---
Leakage Energy (nJ): 109,810
PU Dyn E (nJ): 8,180,948
Mem Dyn E (nJ): 55,028,497
Route Dyn E (nJ): 8,431,765
Dynamic Energy (nJ): 71,641,210
Ratio of Dyn/Leak: 652
Total Energy (nJ): 71,751,020
Total Energy (nJ) 3D: 70,002,021
Cores Energy (nJ): 8,186,795
Route Energy (nJ): 8,451,016
Route Energy (nJ) 3D: 13,458,627
Mem Energy   (nJ): 55,113,210
Mem Energy   (nJ) 3D: 48,356,599
Avg. Power (mW): 34,150.76
Power Density (mW/mm2): 107.61

---Runtime---
Runtime in K cycles: 2,101.01
Microseconds: 2,101.01
Time per iteration (ms): 2.10

---Throughput---
GOP/s (aka OPS/ns): 334.01
GOP/s per core: 0.33
FLOP/s: 130.15
FLOP/s per core: 0.13
Max Peak FLOP/s: 1,024.00
Avg. BW GB/s: 2,224.05
Max BW GB/s: 4,096.00

---Traffic---
In-Die bisection_bytes BW (GB/s): 512.00
Inter-board traffic (msg/ns): 0.00, per-link: 0.00
Inter-pack traffic (msg/ns): 0.00, per-link: 0.00
Inter-die traffic (msg/ns): 0.00, per-link: 0.00
Ruche traffic (msg/ns): 0.00, per-link: 0.00
All traffic (msg/ns): 2,490.91, per-link: 2.43
Inter-die reduction wrt all: inf
Inter-board reduction wrt inter-die: -nan

---Data Movement---
All traffic (msg): 5,233,419,107
Arith. Intensity FLOP/Loads: 0.47
Arith. Intensity FLOP/Msgs: 0.05
Arith. Intensity OPS/Loads: 1.20
Arith. Intensity OPS/Msgs: 0.13



===Core Utilization Total=== CORE-S:21;; TIME K cy:2,100 ;; Nodes Proc: 448,367 -- Edges Proc: 17,296,962

===PRINTING FRAME STATS

FCollision In Avg:22, SD:28, Max:153, Min:1
FCollision Out Avg:24, SD:31, Max:133, Min:0
FCollision End Avg:11, SD:21, Max:98, Min:0
FTask1 Avg:7, SD:10, Max:50, Min:0
FTask2 Avg:17, SD:22, Max:88, Min:0
FTask3 Avg:22, SD:5, Max:46, Min:9
FCore Active Avg:47, SD:27, Max:100, Min:15
FRouter Active Avg:68, SD:9, Max:92, Min:44
T1 invocations: 226,279
T2 invocations: 286,846
T3 invocations: 6,003,482
T3b invocations: 0
Total3 invocations: 6,003,482
Total4 invocations: 17,381

T3/T2 ratio: 21
T3b/T3 ratio: 0

T1 avg ex cycles: 32
T2 avg ex cycles: 59
T3&b avg ex cycles: 4
T4 avg ex cycles: 126
Avg. hops NOC1: 3
Avg. latency NOC1 (T2): 5,886
Avg. hops NOC2: 17
Avg. latency NOC2 (T3): 3,069

===PRINTING ACUM STATS at pu_cycles: 2,201,118

ACollision In Avg:87, SD:15, Max:156, Min:44
ACollision Out Avg:105, SD:23, Max:187, Min:44
ACollision End Avg:29, SD:13, Max:100, Min:2
ATask1 Avg:4, SD:1, Max:7, Min:1
ATask2 Avg:19, SD:4, Max:35, Min:3
ATask3 Avg:29, SD:6, Max:57, Min:18
ACore Active Avg:54, SD:9, Max:90, Min:28
ARouter Active Avg:68, SD:2, Max:73, Min:63
T1 invocations: 2,545,622
T2 invocations: 4,100,573
T3 invocations: 142,625,301
T3b invocations: 0
Total3 invocations: 142,625,301
Total4 invocations: 94,043

T3/T2 ratio: 35
T3b/T3 ratio: 0

T1 avg ex cycles: 38
T2 avg ex cycles: 106
T3&b avg ex cycles: 5
T4 avg ex cycles: 236
Avg. hops NOC1: 2
Avg. latency NOC1 (T2): 25,537
Avg. hops NOC2: 17
Avg. latency NOC2 (T3): 3,515
Number of K Nodes Processed: 3,611
Number of K Edges Processed: 142,788
Node Re-explore factor: 0.86
Edge Re-explore factor: 1.11
Nodes/cy: 2
Edges/cy: 65
TEPS: 58

---DCache---
DCache Size: 12,256
DRAM words: 133,760
  DHits: 271,191,285
  DMisses: 13,740,893
  DHit Rate (hit/miss): 95%
  DEvictions: 12,917,986
  DEviction Rate (evict/misses): 94%
  MC Transactions: 17,500,528
  MC Writes: 3,742,886
Avg. Transactions: 99% , Writes: 21%, Avg. Latency: 27
Max MC id: 7 of 8. Transactions: 100% , Writes: 21%, MC mean Latency: 45
HBM refresh energy (nJ): 6
HBM access energy (nJ): 33,153,000
MemC wire energy 2.5d (nJ): 9,415,140
MemC wire energy 3d (nJ): 2,353,785

---Energy---
Leakage Energy (nJ): 115,042
PU Dyn E (nJ): 8,557,884
Mem Dyn E (nJ): 57,500,889
Route Dyn E (nJ): 8,796,642
Dynamic Energy (nJ): 74,855,416
Ratio of Dyn/Leak: 651
Total Energy (nJ): 74,970,458
Total Energy (nJ) 3D: 73,133,413
Cores Energy (nJ): 8,564,010
Route Energy (nJ): 8,816,810
Route Energy (nJ) 3D: 14,041,120
Mem Energy   (nJ): 57,589,638
Mem Energy   (nJ) 3D: 50,528,283
Avg. Power (mW): 34,060.17
Power Density (mW/mm2): 107.32

---Runtime---
Runtime in K cycles: 2,201.12
Microseconds: 2,201.12
Time per iteration (ms): 2.20

---Throughput---
GOP/s (aka OPS/ns): 334.71
GOP/s per core: 0.33
FLOP/s: 129.65
FLOP/s per core: 0.13
Max Peak FLOP/s: 1,024.00
Avg. BW GB/s: 2,217.01
Max BW GB/s: 4,096.00

---Traffic---
In-Die bisection_bytes BW (GB/s): 512.00
Inter-board traffic (msg/ns): 0.00, per-link: 0.00
Inter-pack traffic (msg/ns): 0.00, per-link: 0.00
Inter-die traffic (msg/ns): 0.00, per-link: 0.00
Ruche traffic (msg/ns): 0.00, per-link: 0.00
All traffic (msg/ns): 2,481.24, per-link: 2.42
Inter-die reduction wrt all: inf
Inter-board reduction wrt inter-die: -nan

---Data Movement---
All traffic (msg): 5,461,493,198
Arith. Intensity FLOP/Loads: 0.47
Arith. Intensity FLOP/Msgs: 0.05
Arith. Intensity OPS/Loads: 1.21
Arith. Intensity OPS/Msgs: 0.13



===Core Utilization Total=== CORE-S:22;; TIME K cy:2,200 ;; Nodes Proc: 451,677 -- Edges Proc: 17,917,429
======== IT IS COLD ======= Only 55 Tiles active

===PRINTING FRAME STATS

FCollision In Avg:12, SD:23, Max:153, Min:0
FCollision Out Avg:13, SD:26, Max:119, Min:0
FCollision End Avg:5, SD:15, Max:101, Min:0
FTask1 Avg:4, SD:8, Max:46, Min:0
FTask2 Avg:9, SD:18, Max:91, Min:0
FTask3 Avg:13, SD:3, Max:37, Min:6
FCore Active Avg:29, SD:23, Max:100, Min:10
FRouter Active Avg:51, SD:10, Max:82, Min:29
T1 invocations: 147,836
T2 invocations: 183,374
T3 invocations: 3,934,220
T3b invocations: 0
Total3 invocations: 3,934,220
Total4 invocations: 13,499

T3/T2 ratio: 21
T3b/T3 ratio: 0

T1 avg ex cycles: 30
T2 avg ex cycles: 53
T3&b avg ex cycles: 3
T4 avg ex cycles: 107
Avg. hops NOC1: 4
Avg. latency NOC1 (T2): 4,525
Avg. hops NOC2: 17
Avg. latency NOC2 (T3): 2,020

===PRINTING ACUM STATS at pu_cycles: 2,300,411

ACollision In Avg:84, SD:15, Max:150, Min:42
ACollision Out Avg:101, SD:23, Max:179, Min:42
ACollision End Avg:28, SD:12, Max:96, Min:2
ATask1 Avg:4, SD:1, Max:7, Min:1
ATask2 Avg:19, SD:4, Max:33, Min:7
ATask3 Avg:29, SD:5, Max:56, Min:18
ACore Active Avg:53, SD:9, Max:87, Min:30
ARouter Active Avg:67, SD:2, Max:72, Min:62
T1 invocations: 2,687,901
T2 invocations: 4,277,130
T3 invocations: 146,439,786
T3b invocations: 0
Total3 invocations: 146,439,786
Total4 invocations: 107,367

T3/T2 ratio: 34
T3b/T3 ratio: 0

T1 avg ex cycles: 37
T2 avg ex cycles: 104
T3&b avg ex cycles: 5
T4 avg ex cycles: 220
Avg. hops NOC1: 3
Avg. latency NOC1 (T2): 24,664
Avg. hops NOC2: 17
Avg. latency NOC2 (T3): 3,474
Number of K Nodes Processed: 3,627
Number of K Edges Processed: 146,569
Node Re-explore factor: 0.86
Edge Re-explore factor: 1.14
Nodes/cy: 2
Edges/cy: 64
TEPS: 56

---DCache---
DCache Size: 12,256
DRAM words: 133,760
  DHits: 278,804,649
  DMisses: 14,125,537
  DHit Rate (hit/miss): 95%
  DEvictions: 13,302,117
  DEviction Rate (evict/misses): 94%
  MC Transactions: 17,968,200
  MC Writes: 3,825,662
Avg. Transactions: 98% , Writes: 21%, Avg. Latency: 27
Max MC id: 1 of 8. Transactions: 98% , Writes: 21%, MC mean Latency: 22
HBM refresh energy (nJ): 6
HBM access energy (nJ): 34,038,958
MemC wire energy 2.5d (nJ): 9,666,744
MemC wire energy 3d (nJ): 2,416,686

---Energy---
Leakage Energy (nJ): 120,232
PU Dyn E (nJ): 8,789,200
Mem Dyn E (nJ): 59,032,562
Route Dyn E (nJ): 9,027,770
Dynamic Energy (nJ): 76,849,532
Ratio of Dyn/Leak: 639
Total Energy (nJ): 76,969,764
Total Energy (nJ) 3D: 75,081,283
Cores Energy (nJ): 8,795,602
Route Energy (nJ): 9,048,847
Route Energy (nJ) 3D: 14,410,424
Mem Energy   (nJ): 59,125,314
Mem Energy   (nJ) 3D: 51,875,256
Avg. Power (mW): 33,459.14
Power Density (mW/mm2): 105.43

---Runtime---
Runtime in K cycles: 2,300.41
Microseconds: 2,300.41
Time per iteration (ms): 2.30

---Throughput---
GOP/s (aka OPS/ns): 329.72
GOP/s per core: 0.32
FLOP/s: 127.21
FLOP/s per core: 0.12
Max Peak FLOP/s: 1,024.00
Avg. BW GB/s: 2,176.69
Max BW GB/s: 4,096.00

---Traffic---
In-Die bisection_bytes BW (GB/s): 512.00
Inter-board traffic (msg/ns): 0.00, per-link: 0.00
Inter-pack traffic (msg/ns): 0.00, per-link: 0.00
Inter-die traffic (msg/ns): 0.00, per-link: 0.00
Ruche traffic (msg/ns): 0.00, per-link: 0.00
All traffic (msg/ns): 2,436.78, per-link: 2.38
Inter-die reduction wrt all: inf
Inter-board reduction wrt inter-die: -nan

---Data Movement---
All traffic (msg): 5,605,591,227
Arith. Intensity FLOP/Loads: 0.47
Arith. Intensity FLOP/Msgs: 0.05
Arith. Intensity OPS/Loads: 1.21
Arith. Intensity OPS/Msgs: 0.14



===Core Utilization Total=== CORE-S:23;; TIME K cy:2,300 ;; Nodes Proc: 453,747 -- Edges Proc: 18,318,857
======== IT IS COLD ======= Only 21 Tiles active

===PRINTING FRAME STATS

FCollision In Avg:4, SD:15, Max:99, Min:0
FCollision Out Avg:6, SD:18, Max:114, Min:0
FCollision End Avg:3, SD:10, Max:99, Min:0
FTask1 Avg:2, SD:5, Max:34, Min:0
FTask2 Avg:4, SD:14, Max:97, Min:0
FTask3 Avg:6, SD:2, Max:26, Min:1
FCore Active Avg:12, SD:17, Max:100, Min:4
FRouter Active Avg:25, SD:9, Max:69, Min:10
T1 invocations: 58,581
T2 invocations: 78,232
T3 invocations: 1,679,583
T3b invocations: 0
Total3 invocations: 1,679,583
Total4 invocations: 6,809

T3/T2 ratio: 21
T3b/T3 ratio: 0

T1 avg ex cycles: 31
T2 avg ex cycles: 57
T3&b avg ex cycles: 4
T4 avg ex cycles: 85
Avg. hops NOC1: 4
Avg. latency NOC1 (T2): 5,021
Avg. hops NOC2: 17
Avg. latency NOC2 (T3): 1,865

===PRINTING ACUM STATS at pu_cycles: 2,400,543

ACollision In Avg:81, SD:14, Max:144, Min:40
ACollision Out Avg:97, SD:22, Max:171, Min:40
ACollision End Avg:27, SD:12, Max:92, Min:2
ATask1 Avg:4, SD:1, Max:7, Min:1
ATask2 Avg:18, SD:4, Max:32, Min:9
ATask3 Avg:28, SD:5, Max:54, Min:17
ACore Active Avg:51, SD:8, Max:84, Min:32
ARouter Active Avg:66, SD:2, Max:72, Min:61
T1 invocations: 2,752,547
T2 invocations: 4,366,115
T3 invocations: 148,186,655
T3b invocations: 0
Total3 invocations: 148,186,655
Total4 invocations: 114,339

T3/T2 ratio: 34
T3b/T3 ratio: 0

T1 avg ex cycles: 37
T2 avg ex cycles: 103
T3&b avg ex cycles: 5
T4 avg ex cycles: 212
Avg. hops NOC1: 3
Avg. latency NOC1 (T2): 24,269
Avg. hops NOC2: 17
Avg. latency NOC2 (T3): 3,458
Number of K Nodes Processed: 3,635
Number of K Edges Processed: 148,208
Node Re-explore factor: 0.87
Edge Re-explore factor: 1.16
Nodes/cy: 2
Edges/cy: 62
TEPS: 53

---DCache---
DCache Size: 12,256
DRAM words: 133,760
  DHits: 282,143,172
  DMisses: 14,287,749
  DHit Rate (hit/miss): 95%
  DEvictions: 13,464,256
  DEviction Rate (evict/misses): 94%
  MC Transactions: 18,162,012
  MC Writes: 3,857,232
Avg. Transactions: 95% , Writes: 20%, Avg. Latency: 27
Max MC id: 7 of 8. Transactions: 95% , Writes: 20%, MC mean Latency: 44
HBM refresh energy (nJ): 7
HBM access energy (nJ): 34,406,115
MemC wire energy 2.5d (nJ): 9,771,013
MemC wire energy 3d (nJ): 2,442,753

---Energy---
Leakage Energy (nJ): 125,465
PU Dyn E (nJ): 8,905,302
Mem Dyn E (nJ): 59,697,413
Route Dyn E (nJ): 9,135,781
Dynamic Energy (nJ): 77,738,495
Ratio of Dyn/Leak: 620
Total Energy (nJ): 77,863,960
Total Energy (nJ) 3D: 75,961,425
Cores Energy (nJ): 8,911,983
Route Energy (nJ): 9,157,776
Route Energy (nJ) 3D: 14,583,501
Mem Energy   (nJ): 59,794,202
Mem Energy   (nJ) 3D: 52,465,942
Avg. Power (mW): 32,435.98
Power Density (mW/mm2): 102.20

---Runtime---
Runtime in K cycles: 2,400.54
Microseconds: 2,400.54
Time per iteration (ms): 2.40

---Throughput---
GOP/s (aka OPS/ns): 320.32
GOP/s per core: 0.31
FLOP/s: 123.47
FLOP/s per core: 0.12
Max Peak FLOP/s: 1,024.00
Avg. BW GB/s: 2,112.47
Max BW GB/s: 4,096.00

---Traffic---
In-Die bisection_bytes BW (GB/s): 512.00
Inter-board traffic (msg/ns): 0.00, per-link: 0.00
Inter-pack traffic (msg/ns): 0.00, per-link: 0.00
Inter-die traffic (msg/ns): 0.00, per-link: 0.00
Ruche traffic (msg/ns): 0.00, per-link: 0.00
All traffic (msg/ns): 2,362.82, per-link: 2.31
Inter-die reduction wrt all: inf
Inter-board reduction wrt inter-die: -nan

---Data Movement---
All traffic (msg): 5,672,062,936
Arith. Intensity FLOP/Loads: 0.47
Arith. Intensity FLOP/Msgs: 0.05
Arith. Intensity OPS/Loads: 1.22
Arith. Intensity OPS/Msgs: 0.14



===Core Utilization Total=== CORE-S:24;; TIME K cy:2,400 ;; Nodes Proc: 454,645 -- Edges Proc: 18,496,232
======== IT IS COLD ======= Only 21 Tiles active

===PRINTING FRAME STATS

FCollision In Avg:1, SD:8, Max:95, Min:0
FCollision Out Avg:2, SD:9, Max:94, Min:0
FCollision End Avg:1, SD:5, Max:90, Min:0
FTask1 Avg:1, SD:3, Max:44, Min:0
FTask2 Avg:2, SD:8, Max:97, Min:0
FTask3 Avg:2, SD:1, Max:7, Min:1
FCore Active Avg:4, SD:10, Max:99, Min:1
FRouter Active Avg:9, SD:6, Max:51, Min:4
T1 invocations: 23,370
T2 invocations: 30,035
T3 invocations: 590,230
T3b invocations: 0
Total3 invocations: 590,230
Total4 invocations: 2,491

T3/T2 ratio: 20
T3b/T3 ratio: 0

T1 avg ex cycles: 30
T2 avg ex cycles: 51
T3&b avg ex cycles: 4
T4 avg ex cycles: 90
Avg. hops NOC1: 4
Avg. latency NOC1 (T2): 4,084
Avg. hops NOC2: 17
Avg. latency NOC2 (T3): 1,386

===PRINTING ACUM STATS at pu_cycles: 2,500,822

ACollision In Avg:77, SD:14, Max:138, Min:38
ACollision Out Avg:93, SD:21, Max:164, Min:39
ACollision End Avg:26, SD:11, Max:88, Min:2
ATask1 Avg:4, SD:1, Max:7, Min:2
ATask2 Avg:18, SD:4, Max:31, Min:12
ATask3 Avg:27, SD:5, Max:52, Min:17
ACore Active Avg:49, SD:8, Max:81, Min:34
ARouter Active Avg:63, SD:2, Max:69, Min:59
T1 invocations: 2,777,970
T2 invocations: 4,396,161
T3 invocations: 148,781,367
T3b invocations: 0
Total3 invocations: 148,781,367
Total4 invocations: 116,862

T3/T2 ratio: 34
T3b/T3 ratio: 0

T1 avg ex cycles: 37
T2 avg ex cycles: 103
T3&b avg ex cycles: 5
T4 avg ex cycles: 209
Avg. hops NOC1: 3
Avg. latency NOC1 (T2): 24,131
Avg. hops NOC2: 17
Avg. latency NOC2 (T3): 3,450
Number of K Nodes Processed: 3,637
Number of K Edges Processed: 148,782
Node Re-explore factor: 0.87
Edge Re-explore factor: 1.16
Nodes/cy: 1
Edges/cy: 59
TEPS: 51

---DCache---
DCache Size: 12,256
DRAM words: 133,760
  DHits: 283,326,123
  DMisses: 14,344,615
  DHit Rate (hit/miss): 95%
  DEvictions: 13,521,110
  DEviction Rate (evict/misses): 94%
  MC Transactions: 18,227,888
  MC Writes: 3,866,236
Avg. Transactions: 91% , Writes: 19%, Avg. Latency: 27
Max MC id: 7 of 8. Transactions: 92% , Writes: 19%, MC mean Latency: 44
HBM refresh energy (nJ): 7
HBM access energy (nJ): 34,530,911
MemC wire energy 2.5d (nJ): 9,806,454
MemC wire energy 3d (nJ): 2,451,613

---Energy---
Leakage Energy (nJ): 130,706
PU Dyn E (nJ): 8,942,940
Mem Dyn E (nJ): 59,920,781
Route Dyn E (nJ): 9,171,660
Dynamic Energy (nJ): 78,035,382
Ratio of Dyn/Leak: 597
Total Energy (nJ): 78,166,088
Total Energy (nJ) 3D: 76,258,281
Cores Energy (nJ): 8,949,901
Route Energy (nJ): 9,194,574
Route Energy (nJ) 3D: 14,641,607
Mem Energy   (nJ): 60,021,615
Mem Energy   (nJ) 3D: 52,666,774
Avg. Power (mW): 31,256.16
Power Density (mW/mm2): 98.49

---Runtime---
Runtime in K cycles: 2,500.82
Microseconds: 2,500.82
Time per iteration (ms): 2.50

---Throughput---
GOP/s (aka OPS/ns): 308.90
GOP/s per core: 0.30
FLOP/s: 118.99
FLOP/s per core: 0.12
Max Peak FLOP/s: 1,024.00
Avg. BW GB/s: 2,035.97
Max BW GB/s: 4,096.00

---Traffic---
In-Die bisection_bytes BW (GB/s): 512.00
Inter-board traffic (msg/ns): 0.00, per-link: 0.00
Inter-pack traffic (msg/ns): 0.00, per-link: 0.00
Inter-die traffic (msg/ns): 0.00, per-link: 0.00
Ruche traffic (msg/ns): 0.00, per-link: 0.00
All traffic (msg/ns): 2,276.94, per-link: 2.22
Inter-die reduction wrt all: inf
Inter-board reduction wrt inter-die: -nan

---Data Movement---
All traffic (msg): 5,694,223,266
Arith. Intensity FLOP/Loads: 0.47
Arith. Intensity FLOP/Msgs: 0.05
Arith. Intensity OPS/Loads: 1.22
Arith. Intensity OPS/Msgs: 0.14



===Core Utilization Total=== CORE-S:25;; TIME K cy:2,500 ;; Nodes Proc: 454,966 -- Edges Proc: 18,534,037
======== IT IS COLD ======= Only 4 Tiles active

===PRINTING FRAME STATS

FCollision In Avg:0, SD:4, Max:72, Min:0
FCollision Out Avg:1, SD:7, Max:94, Min:0
FCollision End Avg:0, SD:3, Max:74, Min:0
FTask1 Avg:0, SD:2, Max:30, Min:0
FTask2 Avg:0, SD:4, Max:97, Min:0
FTask3 Avg:1, SD:1, Max:6, Min:0
FCore Active Avg:2, SD:6, Max:99, Min:0
FRouter Active Avg:3, SD:4, Max:51, Min:0
T1 invocations: 8,424
T2 invocations: 9,167
T3 invocations: 237,173
T3b invocations: 0
Total3 invocations: 237,173
Total4 invocations: 884

T3/T2 ratio: 26
T3b/T3 ratio: 0

T1 avg ex cycles: 30
T2 avg ex cycles: 52
T3&b avg ex cycles: 4
T4 avg ex cycles: 91
Avg. hops NOC1: 5
Avg. latency NOC1 (T2): 4,373
Avg. hops NOC2: 15
Avg. latency NOC2 (T3): 1,138

===PRINTING ACUM STATS at pu_cycles: 2,600,057

ACollision In Avg:74, SD:13, Max:132, Min:37
ACollision Out Avg:90, SD:20, Max:158, Min:37
ACollision End Avg:25, SD:11, Max:85, Min:2
ATask1 Avg:4, SD:1, Max:6, Min:2
ATask2 Avg:17, SD:3, Max:29, Min:12
ATask3 Avg:26, SD:5, Max:50, Min:16
ACore Active Avg:48, SD:8, Max:78, Min:33
ARouter Active Avg:61, SD:2, Max:66, Min:56
T1 invocations: 2,782,649
T2 invocations: 4,401,011
T3 invocations: 148,911,662
T3b invocations: 0
Total3 invocations: 148,911,662
Total4 invocations: 117,272

T3/T2 ratio: 34
T3b/T3 ratio: 0

T1 avg ex cycles: 37
T2 avg ex cycles: 103
T3&b avg ex cycles: 5
T4 avg ex cycles: 209
Avg. hops NOC1: 3
Avg. latency NOC1 (T2): 24,108
Avg. hops NOC2: 17
Avg. latency NOC2 (T3): 3,447
Number of K Nodes Processed: 3,637
Number of K Edges Processed: 148,912
Node Re-explore factor: 0.87
Edge Re-explore factor: 1.16
Nodes/cy: 1
Edges/cy: 57
TEPS: 49

---DCache---
DCache Size: 12,256
DRAM words: 133,760
  DHits: 283,591,169
  DMisses: 14,356,579
  DHit Rate (hit/miss): 95%
  DEvictions: 13,533,074
  DEviction Rate (evict/misses): 94%
  MC Transactions: 18,240,937
  MC Writes: 3,867,321
Avg. Transactions: 88% , Writes: 19%, Avg. Latency: 27
Max MC id: 7 of 8. Transactions: 88% , Writes: 19%, MC mean Latency: 43
HBM refresh energy (nJ): 7
HBM access energy (nJ): 34,555,631
MemC wire energy 2.5d (nJ): 9,813,474
MemC wire energy 3d (nJ): 2,453,369

---Energy---
Leakage Energy (nJ): 135,893
PU Dyn E (nJ): 8,949,708
Mem Dyn E (nJ): 59,964,454
Route Dyn E (nJ): 9,179,748
Dynamic Energy (nJ): 78,093,911
Ratio of Dyn/Leak: 575
Total Energy (nJ): 78,229,804
Total Energy (nJ) 3D: 76,321,535
Cores Energy (nJ): 8,956,944
Route Energy (nJ): 9,203,571
Route Energy (nJ) 3D: 14,655,408
Mem Energy   (nJ): 60,069,289
Mem Energy   (nJ) 3D: 52,709,183
Avg. Power (mW): 30,087.73
Power Density (mW/mm2): 94.80

---Runtime---
Runtime in K cycles: 2,600.06
Microseconds: 2,600.06
Time per iteration (ms): 2.60

---Throughput---
GOP/s (aka OPS/ns): 297.37
GOP/s per core: 0.29
FLOP/s: 114.52
FLOP/s per core: 0.11
Max Peak FLOP/s: 1,024.00
Avg. BW GB/s: 1,959.71
Max BW GB/s: 4,096.00

---Traffic---
In-Die bisection_bytes BW (GB/s): 512.00
Inter-board traffic (msg/ns): 0.00, per-link: 0.00
Inter-pack traffic (msg/ns): 0.00, per-link: 0.00
Inter-die traffic (msg/ns): 0.00, per-link: 0.00
Ruche traffic (msg/ns): 0.00, per-link: 0.00
All traffic (msg/ns): 2,191.93, per-link: 2.14
Inter-die reduction wrt all: inf
Inter-board reduction wrt inter-die: -nan

---Data Movement---
All traffic (msg): 5,699,145,806
Arith. Intensity FLOP/Loads: 0.47
Arith. Intensity FLOP/Msgs: 0.05
Arith. Intensity OPS/Loads: 1.22
Arith. Intensity OPS/Msgs: 0.14



===Core Utilization Total=== CORE-S:26;; TIME K cy:2,600 ;; Nodes Proc: 454,994 -- Edges Proc: 18,561,380
======== IT IS COLD ======= Only 1 Tiles active
Epoch Done Router: 3
Epoch Done Router: 1
Epoch Done Router: 2
Epoch Done Router: 6
Epoch Done Router: 5
Epoch Done Router: 4
Epoch Done Router: 0
Epoch Done Router: 7
##EPOCH## 1 COMPLETED at Time (K cy): 2,618
Nodes processed until now: 3,637,952
Edges processed until now: 148,926,903
Program Done Worker Thread: 0
Program Done Worker Thread: 1
Program Done Worker Thread: 4
Program Done Worker Thread: 6
Program Done Router Thread: 0
Program Done Router Thread: 7
Program Done Worker Thread: 7
Program Done Router Thread: 4
Program Done Router Thread: 6
Program Done Router Thread: 2
Program Done Worker Thread: 2
Program Done Worker Thread: 5
Program Done Router Thread: 1
Program Done Router Thread: 5
Program Done Router Thread: 3
Program Done Worker Thread: 3

===PRINTING ACUM STATS at pu_cycles: 2,618,514

ACollision In Avg:74, SD:13, Max:132, Min:37
ACollision Out Avg:89, SD:20, Max:157, Min:37
ACollision End Avg:25, SD:11, Max:84, Min:2
ATask1 Avg:4, SD:1, Max:6, Min:3
ATask2 Avg:17, SD:3, Max:29, Min:12
ATask3 Avg:26, SD:5, Max:50, Min:16
ACore Active Avg:47, SD:8, Max:78, Min:33
ARouter Active Avg:61, SD:2, Max:66, Min:56
T1 invocations: 2,783,917
T2 invocations: 4,403,796
T3 invocations: 148,926,903
T3b invocations: 0
Total3 invocations: 148,926,903
Total4 invocations: 117,323

T3/T2 ratio: 34
T3b/T3 ratio: 0

T1 avg ex cycles: 37
T2 avg ex cycles: 103
T3&b avg ex cycles: 5
T4 avg ex cycles: 209
Avg. hops NOC1: 3
Avg. latency NOC1 (T2): 24,098
Avg. hops NOC2: 17
Avg. latency NOC2 (T3): 3,447

Runtime at program end in K cycles: 2,618
Runtime before cooldown in K cycles: 2,101


Number of K Nodes Processed: 3,637
Number of K Edges Processed: 148,926
Node Re-explore factor: 0.87
Edge Re-explore factor: 1.16
Nodes/cy: 1
Edges/cy: 57
TEPS: 49

---DCache---
DCache Size: 12,256
DRAM words: 133,760
  DHits: 283,621,421
  DMisses: 14,357,960
  DHit Rate (hit/miss): 95%
  DEvictions: 13,534,454
  DEviction Rate (evict/misses): 94%
  MC Transactions: 18,242,438
  MC Writes: 3,867,441
Avg. Transactions: 87% , Writes: 18%, Avg. Latency: 27
Max MC id: 7 of 8. Transactions: 88% , Writes: 19%, MC mean Latency: 43
HBM refresh energy (nJ): 7
HBM access energy (nJ): 34,558,474
MemC wire energy 2.5d (nJ): 9,814,282
MemC wire energy 3d (nJ): 2,453,570

---Energy---
Leakage Energy (nJ): 136,858
PU Dyn E (nJ): 8,952,158
Mem Dyn E (nJ): 59,971,731
Route Dyn E (nJ): 9,180,915
Dynamic Energy (nJ): 78,104,805
Ratio of Dyn/Leak: 571
Total Energy (nJ): 78,241,663
Total Energy (nJ) 3D: 76,333,482
Cores Energy (nJ): 8,959,446
Route Energy (nJ): 9,204,908
Route Energy (nJ) 3D: 14,657,438
Mem Energy   (nJ): 60,077,309
Mem Energy   (nJ) 3D: 52,716,598
Avg. Power (mW): 29,880.18
Power Density (mW/mm2): 94.15

---Runtime---
Runtime in K cycles: 2,618.51
Microseconds: 2,618.51
Time per iteration (ms): 2.62

---Inst---
K Loads: 635,997
K Stores: 638,164
K Instructions: 773,360

---Throughput---
GOP/s (aka OPS/ns): 295.34
GOP/s per core: 0.29
FLOP/s: 113.75
FLOP/s per core: 0.11
Max Peak FLOP/s: 1,024.00
Avg. BW GB/s: 1,946.39
Max BW GB/s: 4,096.00

---Traffic---
In-Die bisection_bytes BW (GB/s): 512.00
Inter-board traffic (msg/ns): 0.00, per-link: 0.00
Inter-pack traffic (msg/ns): 0.00, per-link: 0.00
Inter-die traffic (msg/ns): 0.00, per-link: 0.00
Ruche traffic (msg/ns): 0.00, per-link: 0.00
All traffic (msg/ns): 2,176.75, per-link: 2.13
Inter-die reduction wrt all: inf
Inter-board reduction wrt inter-die: -nan

---Data Movement---
All traffic (msg): 5,699,842,986
Arith. Intensity FLOP/Loads: 0.47
Arith. Intensity FLOP/Msgs: 0.05
Arith. Intensity OPS/Loads: 1.22
Arith. Intensity OPS/Msgs: 0.14

Simulation time: 214.02
Sim noc_cy/s: 12,235.09
Sim Msg/s: 26,632,691.64

Version 31

