Dataset:  Kron22/
Dry run: 0
Dataset Footprint: 2 MiB
Dataset Footprint per Board: 16.777 Mb
Dataset injection time (ms): 0.00102399
Max Dataset Footprint: 0 MiB

Dataset footprint per tile: 0 KiB
Proxys footprint per tile: 0 KiB
Reserved SRAM per tile: 1 KiB

Ideal SRAM per tile: 1 KiB
reserved_words_for_dataset:26124
dataset_words_per_tile:128
remaining_sram_words:130622
min_dcache_sram_words_required:128
dataset_words_per_tile:128
min_pcache_sram_words_required:0
proxys_words_per_tile:0
Dcache footprint ratio: 1
Dataset Cached: 0
DCache: 128 words, lines: 8, sets: 8
Proxys Cached: 0
Pcache: 0 words, sets: 0
GRID_X: 64
GRID_SIZE: 4,096
smt_per_tile: 1
noc_freq: 1
pu_freq: 1
RUCHE_X: 0
PROXY_W: 64
DIE_W: 16
DIE_H: 16
DIES: 16
BORDER_TILES_PER_DIE: 64
PACK_W: 64
PACK_H: 64
DIES_PACK_FACTOR: 4
DIES_PER_PACK: 16
PACKAGES: 1
BOARD_W: 64
BOARD_H: 64
BOARDS: 1
MUX_BUS: 1
DCACHE: 0
PCACHE: 0
PROXY_FACTOR: 1
CACHE_WAYS: 1
TORUS: 0
PHY_NOCS: 1
WIDE_NOC_ID: 0
NOC_CONF: 1
noc_width: 32
hbm_channel_bit_width: 512
ld_st_op_byte_width: 4
PROXY_ROUTING: 0
WRITE_THROUGH: 1
ASSERT_MODE: 0
GLOBAL_BARRIER: 0
OQ flits: 6 ; 32 ; 6
IQ flits: 6 ; 256 ; 6
OQ messages: 2 ; 8 ; 1
IQ messages: 2 ; 64 ; 1
max_task2 size: 4
io_factor_t2: 8
io_factor_t3: 8
io_factor_t3b: 8

Active SRAM Storage per tile: 2 KiB
Total SRAM Storage per tile: 512 KiB
Agreggated SRAM Storage: 2,048 MiB

Inter-Die #links: 384
Inter-Die (Gbits): 12,288
Inter-Die (Gbits/mm): 375.4
Bisection BW of Board (Gbits): 12,288
Border IO #Dies: 16
Border IO Die BW (Gbits): 1,024
Off-Board BW Total (Gbits): 16,384
Off-Board BW Density (Gbits/mm): 109
Die side: 8.18 mm
Die border wire density: 375.40 Gbits/mm
HBM wire density: 500.53 Gbits/mm

Tiles per Die: 256 (16x16)
Tile Area: 0.19 mm2, side: 0.44 mm
- Core/Rout Area: 0.05 mm2
- SRAM Area: 0.14 mm2
- SRAM/Logic Ratio: 2.96x

Dies per Package: 16 (4x4)
Die Area: 66.97 mm2, side: 8.18 mm
- Tiles Area: 49.16 mm2
- PHY Area: 17.81 mm2
- MC Area: 0.00 mm2

Packages per Board: 1 (1x1)
Package Area: 1,391.45 mm2, side: 37.30 mm
- IOdie Area: 320.00 mm2
- Dies Area: 1,071.45 mm2
- HBM Area: 0.00 mm2

Boards: 1 (1x1)
Board Area: 1,391.45 mm2
Total Area: 1,391.45 mm2



ESTIMATED COST OF SILICON AND PACKAGING. ONLY VARIABLE, NO FIXED COSTS
Good dies per wafer 3d: 497
Good dies per wafer 2d: 836
--Dies 3D Cost: 194.67 $
--Dies 2.5D Cost: 115.73 $
--Dies 2D Cost: 115.73 $
--HBM Cost: 960.00 $
--IOdie Cost: 33.76 $
--Packaging Cost 3d: 40.05 $
--Packaging Cost 2.5d: 62.93 $
--Packaging Cost 2d: 22.42 $
SiP Cost 3d: 1,228.48 $
SiP Cost 2.5d: 1,172.42 $
SiP Cost 2d: 171.91 $
--Board Cost: 1.39 $
Total SiPs Cost 3d: 1,229.87 $
Total SiPs Cost 2.5d: 1,173.81 $
Total SiPs Cost 2d: 173.31 $

Perf counters initialized
Mesh connected
Cache structures initialized
Dataset structures initialized


Starting Simulation
INIT epoch: 1
INIT epoch: 1
INIT epoch: 1
INIT epoch: 1
INIT epoch: 1
INIT epoch: 1
INIT epoch: 1
INIT epoch: 1

===PRINTING FRAME STATS

FCollision In Avg:-nan, SD:-nan, Max:29, Min:0
FCollision Out Avg:-nan, SD:-nan, Max:20, Min:0
FCollision End Avg:-nan, SD:-nan, Max:0, Min:0
FTask1 Avg:-nan, SD:-nan, Max:85, Min:70
FTask2 Avg:-nan, SD:-nan, Max:0, Min:0
FTask3 Avg:-nan, SD:-nan, Max:8, Min:5
FCore Active Avg:-nan, SD:-nan, Max:90, Min:79
FRouter Active Avg:-nan, SD:-nan, Max:27, Min:1
T1 invocations: 38,394
T2 invocations: 0
T3 invocations: 159,524
T3b invocations: 0
Total3 invocations: 159,524
Total4 invocations: 0

T3/T2 ratio: inf
T3b/T3 ratio: 0

T1 avg ex cycles: 675
T2 avg ex cycles: -nan
T3&b avg ex cycles: 13
T4 avg ex cycles: -nan
Avg. hops NOC1: -nan
Avg. latency NOC1 (T2): -nan
Avg. hops NOC2: 17
Avg. latency NOC2 (T3): 516

===PRINTING ACUM STATS at pu_cycles: 16,907

ACollision In Avg:-nan, SD:-nan, Max:29, Min:0
ACollision Out Avg:-nan, SD:-nan, Max:20, Min:0
ACollision End Avg:-nan, SD:-nan, Max:0, Min:0
ATask1 Avg:-nan, SD:-nan, Max:85, Min:70
ATask2 Avg:-nan, SD:-nan, Max:0, Min:0
ATask3 Avg:-nan, SD:-nan, Max:8, Min:5
ACore Active Avg:-nan, SD:-nan, Max:90, Min:79
ARouter Active Avg:-nan, SD:-nan, Max:27, Min:1
T1 invocations: 38,718
T2 invocations: 0
T3 invocations: 160,910
T3b invocations: 0
Total3 invocations: 160,910
Total4 invocations: 0

T3/T2 ratio: inf
T3b/T3 ratio: 0

T1 avg ex cycles: 677
T2 avg ex cycles: -nan
T3&b avg ex cycles: 13
T4 avg ex cycles: -nan
Avg. hops NOC1: -nan
Avg. latency NOC1 (T2): -nan
Avg. hops NOC2: 17
Avg. latency NOC2 (T3): 516

---Energy---
Leakage Energy (nJ): 945
PU Dyn E (nJ): 260,349
Mem Dyn E (nJ): 36,697
Route Dyn E (nJ): 27,428
Dynamic Energy (nJ): 324,475
Ratio of Dyn/Leak: 343
Total Energy (nJ): 325,420
Total Energy (nJ) 3D: 336,346
Cores Energy (nJ): 260,538
Route Energy (nJ): 28,099
Route Energy (nJ) 3D: 39,025
Mem Energy   (nJ): 36,783
Mem Energy   (nJ) 3D: 36,783
Avg. Power (mW): 19,247.67
Power Density (mW/mm2): 13.83

---Runtime---
Runtime in K cycles: 16.91
Microseconds: 16.91
Time per iteration (ms): 0.02

---Throughput---
GOP/s (aka OPS/ns): 1,675.33
GOP/s per core: 0.41
FLOP/s: 426.09
FLOP/s per core: 0.10
Max Peak FLOP/s: 4,096.00
Avg. BW GB/s: 418.76
Max BW GB/s: 16,384.00

---Traffic---
In-Die bisection_bytes BW (GB/s): 128.00
Inter-board traffic (msg/ns): 0.00, per-link: 0.00
Inter-pack traffic (msg/ns): 0.00, per-link: 0.00
Inter-die traffic (msg/ns): 58.94, per-link: 0.06
Ruche traffic (msg/ns): 0.00, per-link: 0.00
All traffic (msg/ns): 664.34, per-link: 0.16
Inter-die reduction wrt all: 11.27
Inter-board reduction wrt inter-die: inf

---Data Movement---
All traffic (msg): 11,232,080
Arith. Intensity FLOP/Loads: 7.46
Arith. Intensity FLOP/Msgs: 0.64
Arith. Intensity GOPS/Loads: 0.00
Arith. Intensity GOPS/Msgs: 0.00



===Core Utilization Total=== CORE-S:1;; TIME K cy:16 ;; Nodes Proc: 0 -- Edges Proc: 0

===PRINTING FRAME STATS

FCollision In Avg:16, SD:12, Max:93, Min:0
FCollision Out Avg:14, SD:9, Max:64, Min:0
FCollision End Avg:0, SD:0, Max:0, Min:0
FTask1 Avg:71, SD:14, Max:85, Min:7
FTask2 Avg:0, SD:0, Max:0, Min:0
FTask3 Avg:8, SD:4, Max:26, Min:5
FCore Active Avg:80, SD:10, Max:90, Min:32
FRouter Active Avg:22, SD:11, Max:87, Min:1
T1 invocations: 58,579
T2 invocations: 0
T3 invocations: 257,853
T3b invocations: 0
Total3 invocations: 257,853
Total4 invocations: 0

T3/T2 ratio: inf
T3b/T3 ratio: 0

T1 avg ex cycles: 582
T2 avg ex cycles: -nan
T3&b avg ex cycles: 13
T4 avg ex cycles: -nan
Avg. hops NOC1: -nan
Avg. latency NOC1 (T2): -nan
Avg. hops NOC2: 23
Avg. latency NOC2 (T3): 481

===PRINTING ACUM STATS at pu_cycles: 26,943

ACollision In Avg:13, SD:5, Max:29, Min:0
ACollision Out Avg:11, SD:4, Max:22, Min:0
ACollision End Avg:0, SD:0, Max:0, Min:0
ATask1 Avg:77, SD:4, Max:83, Min:70
ATask2 Avg:0, SD:0, Max:0, Min:0
ATask3 Avg:7, SD:1, Max:8, Min:5
ACore Active Avg:84, SD:3, Max:88, Min:79
ARouter Active Avg:18, SD:5, Max:27, Min:2
T1 invocations: 110,903
T2 invocations: 0
T3 invocations: 478,648
T3b invocations: 0
Total3 invocations: 478,648
Total4 invocations: 0

T3/T2 ratio: inf
T3b/T3 ratio: 0

T1 avg ex cycles: 676
T2 avg ex cycles: -nan
T3&b avg ex cycles: 13
T4 avg ex cycles: -nan
Avg. hops NOC1: -nan
Avg. latency NOC1 (T2): -nan
Avg. hops NOC2: 22
Avg. latency NOC2 (T3): 490

---Energy---
Leakage Energy (nJ): 1,507
PU Dyn E (nJ): 745,844
Mem Dyn E (nJ): 109,159
Route Dyn E (nJ): 86,375
Dynamic Energy (nJ): 941,378
Ratio of Dyn/Leak: 625
Total Energy (nJ): 942,885
Total Energy (nJ) 3D: 987,450
Cores Energy (nJ): 746,144
Route Energy (nJ): 87,444
Route Energy (nJ) 3D: 132,008
Mem Energy   (nJ): 109,297
Mem Energy   (nJ) 3D: 109,297
Avg. Power (mW): 34,995.53
Power Density (mW/mm2): 25.15

---Runtime---
Runtime in K cycles: 26.94
Microseconds: 26.94
Time per iteration (ms): 0.03

---Throughput---
GOP/s (aka OPS/ns): 3,015.89
GOP/s per core: 0.74
FLOP/s: 764.92
FLOP/s per core: 0.19
Max Peak FLOP/s: 4,096.00
Avg. BW GB/s: 781.67
Max BW GB/s: 16,384.00

---Traffic---
In-Die bisection_bytes BW (GB/s): 128.00
Inter-board traffic (msg/ns): 0.00, per-link: 0.00
Inter-pack traffic (msg/ns): 0.00, per-link: 0.00
Inter-die traffic (msg/ns): 72.96, per-link: 0.07
Ruche traffic (msg/ns): 0.00, per-link: 0.00
All traffic (msg/ns): 1,596.09, per-link: 0.39
Inter-die reduction wrt all: 21.88
Inter-board reduction wrt inter-die: inf

---Data Movement---
All traffic (msg): 43,003,330
Arith. Intensity FLOP/Loads: 7.18
Arith. Intensity FLOP/Msgs: 0.48
Arith. Intensity GOPS/Loads: 0.00
Arith. Intensity GOPS/Msgs: 0.00



===Core Utilization Total=== CORE-S:2;; TIME K cy:26 ;; Nodes Proc: 0 -- Edges Proc: 0
======== IT IS COLD ======= Only 1 Tiles active
Epoch Done Router: 4
Epoch Done Router: 5
Epoch Done Router: 7
Epoch Done Router: 1
Epoch Done Router: 0
Epoch Done Router: 3
Epoch Done Router: 6
Epoch Done Router: 2
##EPOCH## 1 COMPLETED at Time (K cy): 27
Nodes processed until now: 0
Edges processed until now: 0
Program Done Worker Thread: 0
Program Done Router Thread: 6
Program Done Router Thread: 7
Program Done Worker Thread: 6
Program Done Router Thread: 2
Program Done Worker Thread: 7
Program Done Worker Thread: 3
Program Done Worker Thread: 2
Program Done Router Thread: 3
Program Done Worker Thread: 1
Program Done Router Thread: 5
Program Done Worker Thread: 4
Program Done Router Thread: 0
Program Done Worker Thread: 5
Program Done Router Thread: 4
Program Done Router Thread: 1

===PRINTING ACUM STATS at pu_cycles: 27,137

ACollision In Avg:12, SD:4, Max:22, Min:0
ACollision Out Avg:10, SD:3, Max:21, Min:0
ACollision End Avg:0, SD:0, Max:0, Min:0
ATask1 Avg:77, SD:0, Max:77, Min:77
ATask2 Avg:0, SD:0, Max:0, Min:0
ATask3 Avg:6, SD:0, Max:6, Min:6
ACore Active Avg:83, SD:0, Max:83, Min:83
ARouter Active Avg:17, SD:4, Max:22, Min:2
T1 invocations: 119,777
T2 invocations: 0
T3 invocations: 516,096
T3b invocations: 0
Total3 invocations: 516,096
Total4 invocations: 0

T3/T2 ratio: inf
T3b/T3 ratio: 0

T1 avg ex cycles: 716
T2 avg ex cycles: -nan
T3&b avg ex cycles: 13
T4 avg ex cycles: -nan
Avg. hops NOC1: -nan
Avg. latency NOC1 (T2): -nan
Avg. hops NOC2: 23
Avg. latency NOC2 (T3): 480

Runtime at program end in K cycles: 27
Runtime before cooldown in K cycles: 16



---Energy---
Leakage Energy (nJ): 1,517
PU Dyn E (nJ): 851,281
Mem Dyn E (nJ): 117,700
Route Dyn E (nJ): 92,188
Dynamic Energy (nJ): 1,061,169
Ratio of Dyn/Leak: 699
Total Energy (nJ): 1,062,686
Total Energy (nJ) 3D: 1,111,396
Cores Energy (nJ): 851,583
Route Energy (nJ): 93,265
Route Energy (nJ) 3D: 141,975
Mem Energy   (nJ): 117,839
Mem Energy   (nJ) 3D: 117,839
Avg. Power (mW): 39,160.05
Power Density (mW/mm2): 28.14

---Runtime---
Runtime in K cycles: 27.14
Microseconds: 27.14
Time per iteration (ms): 0.03

---Inst---
K Loads: 3,096
K Stores: 2,580
K Instructions: 92,463

---Throughput---
GOP/s (aka OPS/ns): 3,407.27
GOP/s per core: 0.83
FLOP/s: 869.40
FLOP/s per core: 0.21
Max Peak FLOP/s: 4,096.00
Avg. BW GB/s: 836.80
Max BW GB/s: 16,384.00

---Traffic---
In-Die bisection_bytes BW (GB/s): 128.00
Inter-board traffic (msg/ns): 0.00, per-link: 0.00
Inter-pack traffic (msg/ns): 0.00, per-link: 0.00
Inter-die traffic (msg/ns): 72.44, per-link: 0.07
Ruche traffic (msg/ns): 0.00, per-link: 0.00
All traffic (msg/ns): 1,724.31, per-link: 0.42
Inter-die reduction wrt all: 23.80
Inter-board reduction wrt inter-die: inf

---Data Movement---
All traffic (msg): 46,792,704
Arith. Intensity FLOP/Loads: 7.62
Arith. Intensity FLOP/Msgs: 0.50
Arith. Intensity GOPS/Loads: 0.00
Arith. Intensity GOPS/Msgs: 0.00

Simulation time: 6.35
Sim noc_cy/s: 4,272.09
Sim Msg/s: 7,366,428.06

Version 31

