Dataset:  Kron22/
Dry run: 0
Open Edge Count File succesfully
Edges Traversed BFS: 128309848
Found Vertices: 4194304, Edges: 128311436
avg degree 31
Array  Kron22/node_array.bin found
Malloc array of size 16777220 bytes
Readin array of size 16777216 bytes
Finished Reading Array Bytes
No reordering Array 32bit
Array  Kron22/edge_array.bin found
Malloc array of size 513245744 bytes
Readin array of size 513245744 bytes
Finished Reading Array Bytes
No reordering Array 32bit
Array  Kron22/edge_values.bin found
Malloc array of size 513245744 bytes
Readin array of size 513245744 bytes
Finished Reading Array Bytes
No reordering Array 32bit
Reading graph elapsed time: 0.22311s

Dataset Footprint: 522 MiB
Dataset Footprint per Board: 4383.05 Mb
Dataset injection time (ms): 0.26752
Max Dataset Footprint: 1026 MiB

Dataset footprint per tile: 522 KiB
Proxys footprint per tile: 0 KiB
Reserved SRAM per tile: 15 KiB

Ideal SRAM per tile: 537 KiB
reserved_words_for_dataset:25428
dataset_words_per_tile:133760
remaining_sram_words:127142
min_dcache_sram_words_required:25771
dataset_words_per_tile:133760
min_pcache_sram_words_required:0
proxys_words_per_tile:0
Dcache footprint ratio: 2
Dataset Cached: 1
DCache: 125904 words, lines: 7869, sets: 7869
Proxys Cached: 0
Pcache: 0 words, sets: 0
Node per tile: 4,096
Edge per tile: 125,305
GRID_X: 32
GRID_SIZE: 1,024
smt_per_tile: 1
noc_freq: 1
pu_freq: 1
RUCHE_X: 0
PROXY_W: 32
DIE_W: 32
DIE_H: 32
DIES: 1
BORDER_TILES_PER_DIE: 128
PACK_W: 32
PACK_H: 32
DIES_PACK_FACTOR: 1
DIES_PER_PACK: 1
PACKAGES: 1
BOARD_W: 32
BOARD_H: 32
BOARDS: 1
MUX_BUS: 1
DCACHE: 1
PCACHE: 0
PROXY_FACTOR: 1
CACHE_WAYS: 1
TORUS: 1
PHY_NOCS: 1
WIDE_NOC_ID: 0
NOC_CONF: 1
noc_width: 32
hbm_channel_bit_width: 512
ld_st_op_byte_width: 4
PROXY_ROUTING: 0
WRITE_THROUGH: 1
ASSERT_MODE: 0
GLOBAL_BARRIER: 0
OQ flits: 36 ; 384 ; 2
IQ flits: 288 ; 3,072 ; 2
OQ messages: 12 ; 192 ; 1
IQ messages: 96 ; 1,536 ; 1
max_task2 size: 64
io_factor_t2: 8
io_factor_t3: 8
io_factor_t3b: 8

Active SRAM Storage per tile: 511 KiB
Total SRAM Storage per tile: 512 KiB
Agreggated SRAM Storage: 512 MiB

Active DRAM Storage per tile: 0.509766 MiB
Total DRAM Storage per tile: 8 MiB
Agreggated DRAM Storage: 8 GiB

Inter-Die #links: 1,024
Inter-Die (Gbits): 32,768
Inter-Die (Gbits/mm): 512.055
Bisection BW of Board (Gbits): 8,192
Border IO #Dies: 4
Border IO Die BW (Gbits): 4,096
Off-Board BW Total (Gbits): 16,384
Off-Board BW Density (Gbits/mm): 193
Die side: 16.00 mm
Die border wire density: 512.06 Gbits/mm
HBM wire density: 256.03 Gbits/mm

Tiles per Die: 1,024 (32x32)
Tile Area: 0.19 mm2, side: 0.44 mm
- Core/Rout Area: 0.05 mm2
- SRAM Area: 0.14 mm2
- SRAM/Logic Ratio: 2.80x

Dies per Package: 1 (1x1)
Die Area: 255.94 mm2, side: 16.00 mm
- Tiles Area: 199.45 mm2
- PHY Area: 47.49 mm2
- MC Area: 9.00 mm2

Packages per Board: 1 (1x1)
Package Area: 445.94 mm2, side: 21.12 mm
- IOdie Area: 80.00 mm2
- Dies Area: 255.94 mm2
- HBM Area: 110.00 mm2

Boards: 1 (1x1)
Board Area: 445.94 mm2
Total Area: 445.94 mm2



ESTIMATED COST OF SILICON AND PACKAGING. ONLY VARIABLE, NO FIXED COSTS
Good dies per wafer 3d: 127
Good dies per wafer 2d: 180
--Dies 3D Cost: 47.61 $
--Dies 2.5D Cost: 33.59 $
--Dies 2D Cost: 33.59 $
--HBM Cost: 60.00 $
--IOdie Cost: 8.44 $
--Packaging Cost 3d: 10.09 $
--Packaging Cost 2.5d: 18.06 $
--Packaging Cost 2d: 6.31 $
SiP Cost 3d: 126.14 $
SiP Cost 2.5d: 120.10 $
SiP Cost 2d: 48.34 $
--Board Cost: 0.45 $
Total SiPs Cost 3d: 126.59 $
Total SiPs Cost 2.5d: 120.54 $
Total SiPs Cost 2d: 48.79 $

Perf counters initialized
Mesh connected
Cache structures initialized
Replicas initialized
Allocated Frontier List
Dataset structures initialized


Starting Simulation
INIT epoch: 1
INIT epoch: 1
INIT epoch: 1
INIT epoch: 1
INIT epoch: 1
INIT epoch: 1
INIT epoch: 1
INIT epoch: 1

===PRINTING FRAME STATS

FCollision In Avg:101, SD:33, Max:208, Min:2
FCollision Out Avg:129, SD:40, Max:255, Min:41
FCollision End Avg:39, SD:38, Max:177, Min:0
FTask1 Avg:2, SD:1, Max:7, Min:0
FTask2 Avg:14, SD:11, Max:55, Min:0
FTask3 Avg:42, SD:8, Max:69, Min:25
FCore Active Avg:58, SD:12, Max:99, Min:33
FRouter Active Avg:61, SD:8, Max:83, Min:46
T1 invocations: 29,476
T2 invocations: 92,796
T3 invocations: 5,563,445
T3b invocations: 0
Total3 invocations: 5,563,445
Total4 invocations: 1,107

T3/T2 ratio: 60
T3b/T3 ratio: 0

T1 avg ex cycles: 60
T2 avg ex cycles: 159
T3&b avg ex cycles: 8
T4 avg ex cycles: 326
Avg. hops NOC1: 4
Avg. latency NOC1 (T2): 37,823
Avg. hops NOC2: 18
Avg. latency NOC2 (T3): 2,754

===PRINTING ACUM STATS at pu_cycles: 100,329

ACollision In Avg:101, SD:33, Max:208, Min:2
ACollision Out Avg:129, SD:40, Max:255, Min:41
ACollision End Avg:39, SD:38, Max:177, Min:0
ATask1 Avg:2, SD:1, Max:7, Min:0
ATask2 Avg:14, SD:11, Max:55, Min:0
ATask3 Avg:42, SD:8, Max:69, Min:25
ACore Active Avg:58, SD:12, Max:99, Min:33
ARouter Active Avg:61, SD:8, Max:83, Min:46
T1 invocations: 29,476
T2 invocations: 92,796
T3 invocations: 5,563,445
T3b invocations: 0
Total3 invocations: 5,563,445
Total4 invocations: 1,107

T3/T2 ratio: 60
T3b/T3 ratio: 0

T1 avg ex cycles: 60
T2 avg ex cycles: 159
T3&b avg ex cycles: 8
T4 avg ex cycles: 326
Avg. hops NOC1: 4
Avg. latency NOC1 (T2): 37,823
Avg. hops NOC2: 18
Avg. latency NOC2 (T3): 2,754
Number of K Nodes Processed: 1,144
Number of K Edges Processed: 5,769
Node Re-explore factor: 0.27
Edge Re-explore factor: 0.04
Nodes/cy: 11
Edges/cy: 58
TEPS: 1,279

---DCache---
DCache Size: 125,904
DRAM words: 133,760
  DHits: 11,342,852
  DMisses: 654,095
  DHit Rate (hit/miss): 95%
  DEvictions: 26,280
  DEviction Rate (evict/misses): 4%
  MC Transactions: 673,522
  MC Writes: 16,948
Avg. Transactions: 84% , Writes: 2%, Avg. Latency: 29
Max MC id: 7 of 8. Transactions: 88% , Writes: 3%, MC mean Latency: 28
HBM refresh energy (nJ): 0
HBM access energy (nJ): 1,275,920
MemC wire energy 2.5d (nJ): 607,843
MemC wire energy 3d (nJ): 151,961

---Energy---
Leakage Energy (nJ): 34,010
PU Dyn E (nJ): 376,526
Mem Dyn E (nJ): 3,279,490
Route Dyn E (nJ): 593,064
Dynamic Energy (nJ): 4,249,081
Ratio of Dyn/Leak: 125
Total Energy (nJ): 4,283,091
Total Energy (nJ) 3D: 4,037,174
Cores Energy (nJ): 376,806
Route Energy (nJ): 593,984
Route Energy (nJ) 3D: 803,950
Mem Energy   (nJ): 3,312,301
Mem Energy   (nJ) 3D: 2,856,419
Avg. Power (mW): 42,690.46
Power Density (mW/mm2): 95.73

---Runtime---
Runtime in K cycles: 100.33
Microseconds: 100.33
Time per iteration (ms): 0.10

---Throughput---
GOP/s (aka OPS/ns): 372.38
GOP/s per core: 0.36
FLOP/s: 112.82
FLOP/s per core: 0.11
Max Peak FLOP/s: 1,024.00
Avg. BW GB/s: 2,218.67
Max BW GB/s: 4,096.00

---Traffic---
In-Die bisection_bytes BW (GB/s): 512.00
Inter-board traffic (msg/ns): 0.00, per-link: 0.00
Inter-pack traffic (msg/ns): 0.00, per-link: 0.00
Inter-die traffic (msg/ns): 0.00, per-link: 0.00
Ruche traffic (msg/ns): 0.00, per-link: 0.00
All traffic (msg/ns): 2,172.46, per-link: 2.12
Inter-die reduction wrt all: inf
Inter-board reduction wrt inter-die: -nan

---Data Movement---
All traffic (msg): 217,961,100
Arith. Intensity FLOP/Loads: 0.41
Arith. Intensity FLOP/Msgs: 0.05
Arith. Intensity OPS/Loads: 1.35
Arith. Intensity OPS/Msgs: 0.17



===Core Utilization Total=== CORE-S:1;; TIME K cy:100 ;; Nodes Proc: 144,210 -- Edges Proc: 837,766

===PRINTING FRAME STATS

FCollision In Avg:115, SD:33, Max:229, Min:9
FCollision Out Avg:128, SD:42, Max:277, Min:36
FCollision End Avg:43, SD:40, Max:200, Min:0
FTask1 Avg:2, SD:2, Max:9, Min:0
FTask2 Avg:22, SD:16, Max:62, Min:0
FTask3 Avg:37, SD:5, Max:64, Min:25
FCore Active Avg:61, SD:16, Max:100, Min:27
FRouter Active Avg:85, SD:5, Max:93, Min:49
T1 invocations: 43,648
T2 invocations: 152,200
T3 invocations: 9,207,096
T3b invocations: 0
Total3 invocations: 9,207,096
Total4 invocations: 305

T3/T2 ratio: 60
T3b/T3 ratio: 0

T1 avg ex cycles: 45
T2 avg ex cycles: 151
T3&b avg ex cycles: 4
T4 avg ex cycles: 545
Avg. hops NOC1: 2
Avg. latency NOC1 (T2): 43,721
Avg. hops NOC2: 17
Avg. latency NOC2 (T3): 2,224

===PRINTING ACUM STATS at pu_cycles: 200,324

ACollision In Avg:108, SD:29, Max:219, Min:8
ACollision Out Avg:128, SD:37, Max:260, Min:45
ACollision End Avg:41, SD:34, Max:150, Min:0
ATask1 Avg:2, SD:1, Max:8, Min:0
ATask2 Avg:18, SD:12, Max:52, Min:0
ATask3 Avg:39, SD:5, Max:65, Min:25
ACore Active Avg:60, SD:12, Max:96, Min:32
ARouter Active Avg:73, SD:5, Max:84, Min:49
T1 invocations: 72,491
T2 invocations: 242,460
T3 invocations: 14,662,910
T3b invocations: 0
Total3 invocations: 14,662,910
Total4 invocations: 1,382

T3/T2 ratio: 60
T3b/T3 ratio: 0

T1 avg ex cycles: 51
T2 avg ex cycles: 154
T3&b avg ex cycles: 5
T4 avg ex cycles: 374
Avg. hops NOC1: 3
Avg. latency NOC1 (T2): 41,579
Avg. hops NOC2: 17
Avg. latency NOC2 (T3): 2,417
Number of K Nodes Processed: 1,886
Number of K Edges Processed: 15,061
Node Re-explore factor: 0.45
Edge Re-explore factor: 0.12
Nodes/cy: 9
Edges/cy: 75
TEPS: 641

---DCache---
DCache Size: 125,904
DRAM words: 133,760
  DHits: 28,729,378
  DMisses: 1,280,310
  DHit Rate (hit/miss): 96%
  DEvictions: 79,056
  DEviction Rate (evict/misses): 6%
  MC Transactions: 1,332,446
  MC Writes: 47,416
Avg. Transactions: 83% , Writes: 3%, Avg. Latency: 25
Max MC id: 0 of 8. Transactions: 84% , Writes: 3%, MC mean Latency: 27
HBM refresh energy (nJ): 0
HBM access energy (nJ): 2,524,185
MemC wire energy 2.5d (nJ): 1,202,512
MemC wire energy 3d (nJ): 300,628

---Energy---
Leakage Energy (nJ): 67,907
PU Dyn E (nJ): 919,071
Mem Dyn E (nJ): 7,142,558
Route Dyn E (nJ): 1,527,455
Dynamic Energy (nJ): 9,589,085
Ratio of Dyn/Leak: 141
Total Energy (nJ): 9,656,992
Total Energy (nJ) 3D: 9,295,883
Cores Energy (nJ): 919,629
Route Energy (nJ): 1,529,291
Route Energy (nJ) 3D: 2,070,066
Mem Energy   (nJ): 7,208,072
Mem Energy   (nJ) 3D: 6,306,188
Avg. Power (mW): 48,206.86
Power Density (mW/mm2): 108.10

---Runtime---
Runtime in K cycles: 200.32
Microseconds: 200.32
Time per iteration (ms): 0.20

---Throughput---
GOP/s (aka OPS/ns): 419.37
GOP/s per core: 0.41
FLOP/s: 146.89
FLOP/s per core: 0.14
Max Peak FLOP/s: 1,024.00
Avg. BW GB/s: 2,707.76
Max BW GB/s: 4,096.00

---Traffic---
In-Die bisection_bytes BW (GB/s): 512.00
Inter-board traffic (msg/ns): 0.00, per-link: 0.00
Inter-pack traffic (msg/ns): 0.00, per-link: 0.00
Inter-die traffic (msg/ns): 0.00, per-link: 0.00
Ruche traffic (msg/ns): 0.00, per-link: 0.00
All traffic (msg/ns): 2,739.41, per-link: 2.68
Inter-die reduction wrt all: inf
Inter-board reduction wrt inter-die: -nan

---Data Movement---
All traffic (msg): 548,770,299
Arith. Intensity FLOP/Loads: 0.44
Arith. Intensity FLOP/Msgs: 0.05
Arith. Intensity OPS/Loads: 1.25
Arith. Intensity OPS/Msgs: 0.15



===Core Utilization Total=== CORE-S:2;; TIME K cy:200 ;; Nodes Proc: 236,839 -- Edges Proc: 1,941,295

===PRINTING FRAME STATS

FCollision In Avg:117, SD:32, Max:266, Min:7
FCollision Out Avg:124, SD:43, Max:265, Min:22
FCollision End Avg:41, SD:39, Max:191, Min:0
FTask1 Avg:2, SD:2, Max:13, Min:0
FTask2 Avg:23, SD:15, Max:64, Min:0
FTask3 Avg:34, SD:5, Max:56, Min:23
FCore Active Avg:60, SD:16, Max:100, Min:24
FRouter Active Avg:87, SD:2, Max:94, Min:79
T1 invocations: 54,854
T2 invocations: 171,024
T3 invocations: 9,725,514
T3b invocations: 0
Total3 invocations: 9,725,514
Total4 invocations: 457

T3/T2 ratio: 57
T3b/T3 ratio: 0

T1 avg ex cycles: 41
T2 avg ex cycles: 140
T3&b avg ex cycles: 4
T4 avg ex cycles: 562
Avg. hops NOC1: 2
Avg. latency NOC1 (T2): 38,640
Avg. hops NOC2: 17
Avg. latency NOC2 (T3): 1,945

===PRINTING ACUM STATS at pu_cycles: 300,921

ACollision In Avg:111, SD:26, Max:232, Min:10
ACollision Out Avg:127, SD:34, Max:260, Min:39
ACollision End Avg:41, SD:31, Max:140, Min:0
ATask1 Avg:2, SD:1, Max:9, Min:0
ATask2 Avg:20, SD:11, Max:51, Min:0
ATask3 Avg:37, SD:4, Max:61, Min:28
ACore Active Avg:60, SD:11, Max:91, Min:30
ARouter Active Avg:78, SD:3, Max:85, Min:71
T1 invocations: 127,906
T2 invocations: 417,955
T3 invocations: 24,576,648
T3b invocations: 0
Total3 invocations: 24,576,648
Total4 invocations: 1,842

T3/T2 ratio: 59
T3b/T3 ratio: 0

T1 avg ex cycles: 47
T2 avg ex cycles: 148
T3&b avg ex cycles: 5
T4 avg ex cycles: 421
Avg. hops NOC1: 3
Avg. latency NOC1 (T2): 40,414
Avg. hops NOC2: 17
Avg. latency NOC2 (T3): 2,232
Number of K Nodes Processed: 2,295
Number of K Edges Processed: 24,830
Node Re-explore factor: 0.55
Edge Re-explore factor: 0.19
Nodes/cy: 8
Edges/cy: 83
TEPS: 426

---DCache---
DCache Size: 125,904
DRAM words: 133,760
  DHits: 46,710,628
  DMisses: 1,924,081
  DHit Rate (hit/miss): 96%
  DEvictions: 136,377
  DEviction Rate (evict/misses): 7%
  MC Transactions: 2,009,332
  MC Writes: 78,354
Avg. Transactions: 83% , Writes: 3%, Avg. Latency: 23
Max MC id: 5 of 8. Transactions: 85% , Writes: 3%, MC mean Latency: 23
HBM refresh energy (nJ): 0
HBM access energy (nJ): 3,806,478
MemC wire energy 2.5d (nJ): 1,813,391
MemC wire energy 3d (nJ): 453,348

---Energy---
Leakage Energy (nJ): 102,008
PU Dyn E (nJ): 1,499,944
Mem Dyn E (nJ): 11,171,750
Route Dyn E (nJ): 2,548,191
Dynamic Energy (nJ): 15,219,886
Ratio of Dyn/Leak: 149
Total Energy (nJ): 15,321,894
Total Energy (nJ) 3D: 14,864,002
Cores Energy (nJ): 1,500,782
Route Energy (nJ): 2,550,949
Route Energy (nJ) 3D: 3,453,101
Mem Energy   (nJ): 11,270,163
Mem Energy   (nJ) 3D: 9,910,120
Avg. Power (mW): 50,916.67
Power Density (mW/mm2): 114.18

---Runtime---
Runtime in K cycles: 300.92
Microseconds: 300.92
Time per iteration (ms): 0.30

---Throughput---
GOP/s (aka OPS/ns): 437.83
GOP/s per core: 0.43
FLOP/s: 164.04
FLOP/s per core: 0.16
Max Peak FLOP/s: 1,024.00
Avg. BW GB/s: 2,931.50
Max BW GB/s: 4,096.00

---Traffic---
In-Die bisection_bytes BW (GB/s): 512.00
Inter-board traffic (msg/ns): 0.00, per-link: 0.00
Inter-pack traffic (msg/ns): 0.00, per-link: 0.00
Inter-die traffic (msg/ns): 0.00, per-link: 0.00
Ruche traffic (msg/ns): 0.00, per-link: 0.00
All traffic (msg/ns): 3,019.78, per-link: 2.95
Inter-die reduction wrt all: inf
Inter-board reduction wrt inter-die: -nan

---Data Movement---
All traffic (msg): 908,714,926
Arith. Intensity FLOP/Loads: 0.45
Arith. Intensity FLOP/Msgs: 0.05
Arith. Intensity OPS/Loads: 1.20
Arith. Intensity OPS/Msgs: 0.14



===Core Utilization Total=== CORE-S:3;; TIME K cy:300 ;; Nodes Proc: 287,908 -- Edges Proc: 3,109,233

===PRINTING FRAME STATS

FCollision In Avg:114, SD:29, Max:274, Min:8
FCollision Out Avg:119, SD:43, Max:272, Min:31
FCollision End Avg:38, SD:38, Max:199, Min:0
FTask1 Avg:3, SD:2, Max:15, Min:0
FTask2 Avg:23, SD:15, Max:64, Min:0
FTask3 Avg:33, SD:5, Max:55, Min:22
FCore Active Avg:59, SD:16, Max:100, Min:23
FRouter Active Avg:88, SD:3, Max:94, Min:78
T1 invocations: 70,183
T2 invocations: 183,231
T3 invocations: 9,843,136
T3b invocations: 0
Total3 invocations: 9,843,136
Total4 invocations: 709

T3/T2 ratio: 54
T3b/T3 ratio: 0

T1 avg ex cycles: 38
T2 avg ex cycles: 129
T3&b avg ex cycles: 3
T4 avg ex cycles: 558
Avg. hops NOC1: 2
Avg. latency NOC1 (T2): 34,547
Avg. hops NOC2: 17
Avg. latency NOC2 (T3): 1,860

===PRINTING ACUM STATS at pu_cycles: 400,728

ACollision In Avg:112, SD:23, Max:226, Min:10
ACollision Out Avg:125, SD:32, Max:257, Min:44
ACollision End Avg:40, SD:28, Max:124, Min:0
ATask1 Avg:2, SD:1, Max:10, Min:0
ATask2 Avg:21, SD:10, Max:48, Min:0
ATask3 Avg:36, SD:4, Max:59, Min:27
ACore Active Avg:59, SD:11, Max:87, Min:29
ARouter Active Avg:80, SD:2, Max:86, Min:72
T1 invocations: 196,656
T2 invocations: 596,844
T3 invocations: 34,181,133
T3b invocations: 0
Total3 invocations: 34,181,133
Total4 invocations: 2,534

T3/T2 ratio: 57
T3b/T3 ratio: 0

T1 avg ex cycles: 44
T2 avg ex cycles: 142
T3&b avg ex cycles: 4
T4 avg ex cycles: 458
Avg. hops NOC1: 3
Avg. latency NOC1 (T2): 38,642
Avg. hops NOC2: 17
Avg. latency NOC2 (T3): 2,124
Number of K Nodes Processed: 2,562
Number of K Edges Processed: 34,628
Node Re-explore factor: 0.61
Edge Re-explore factor: 0.27
Nodes/cy: 6
Edges/cy: 86
TEPS: 320

---DCache---
DCache Size: 125,904
DRAM words: 133,760
  DHits: 64,722,190
  DMisses: 2,556,095
  DHit Rate (hit/miss): 96%
  DEvictions: 186,708
  DEviction Rate (evict/misses): 7%
  MC Transactions: 2,669,099
  MC Writes: 104,001
Avg. Transactions: 83% , Writes: 3%, Avg. Latency: 23
Max MC id: 7 of 8. Transactions: 85% , Writes: 3%, MC mean Latency: 23
HBM refresh energy (nJ): 1
HBM access energy (nJ): 5,056,341
MemC wire energy 2.5d (nJ): 2,408,821
MemC wire energy 3d (nJ): 602,205

---Energy---
Leakage Energy (nJ): 135,841
PU Dyn E (nJ): 2,053,752
Mem Dyn E (nJ): 15,062,836
Route Dyn E (nJ): 3,537,489
Dynamic Energy (nJ): 20,654,078
Ratio of Dyn/Leak: 152
Total Energy (nJ): 20,789,919
Total Energy (nJ) 3D: 20,235,703
Cores Energy (nJ): 2,054,868
Route Energy (nJ): 3,541,161
Route Energy (nJ) 3D: 4,793,561
Mem Energy   (nJ): 15,193,891
Mem Energy   (nJ) 3D: 13,387,275
Avg. Power (mW): 51,880.38
Power Density (mW/mm2): 116.34

---Runtime---
Runtime in K cycles: 400.73
Microseconds: 400.73
Time per iteration (ms): 0.40

---Throughput---
GOP/s (aka OPS/ns): 441.43
GOP/s per core: 0.43
FLOP/s: 170.85
FLOP/s per core: 0.17
Max Peak FLOP/s: 1,024.00
Avg. BW GB/s: 3,005.90
Max BW GB/s: 4,096.00

---Traffic---
In-Die bisection_bytes BW (GB/s): 512.00
Inter-board traffic (msg/ns): 0.00, per-link: 0.00
Inter-pack traffic (msg/ns): 0.00, per-link: 0.00
Inter-die traffic (msg/ns): 0.00, per-link: 0.00
Ruche traffic (msg/ns): 0.00, per-link: 0.00
All traffic (msg/ns): 3,138.58, per-link: 3.07
Inter-die reduction wrt all: inf
Inter-board reduction wrt inter-die: -nan

---Data Movement---
All traffic (msg): 1,257,715,189
Arith. Intensity FLOP/Loads: 0.46
Arith. Intensity FLOP/Msgs: 0.05
Arith. Intensity OPS/Loads: 1.18
Arith. Intensity OPS/Msgs: 0.14



===Core Utilization Total=== CORE-S:4;; TIME K cy:400 ;; Nodes Proc: 320,991 -- Edges Proc: 4,307,847

===PRINTING FRAME STATS

FCollision In Avg:111, SD:26, Max:245, Min:10
FCollision Out Avg:111, SD:42, Max:252, Min:19
FCollision End Avg:34, SD:36, Max:162, Min:0
FTask1 Avg:3, SD:3, Max:18, Min:0
FTask2 Avg:23, SD:14, Max:66, Min:0
FTask3 Avg:32, SD:5, Max:60, Min:20
FCore Active Avg:60, SD:16, Max:100, Min:21
FRouter Active Avg:88, SD:2, Max:95, Min:81
T1 invocations: 95,561
T2 invocations: 210,935
T3 invocations: 10,100,523
T3b invocations: 0
Total3 invocations: 10,100,523
Total4 invocations: 1,146

T3/T2 ratio: 48
T3b/T3 ratio: 0

T1 avg ex cycles: 35
T2 avg ex cycles: 113
T3&b avg ex cycles: 3
T4 avg ex cycles: 556
Avg. hops NOC1: 2
Avg. latency NOC1 (T2): 28,952
Avg. hops NOC2: 17
Avg. latency NOC2 (T3): 1,767

===PRINTING ACUM STATS at pu_cycles: 500,701

ACollision In Avg:112, SD:21, Max:218, Min:11
ACollision Out Avg:122, SD:31, Max:252, Min:43
ACollision End Avg:39, SD:26, Max:120, Min:0
ATask1 Avg:2, SD:1, Max:10, Min:0
ATask2 Avg:21, SD:10, Max:45, Min:0
ATask3 Avg:35, SD:4, Max:58, Min:26
ACore Active Avg:60, SD:10, Max:87, Min:28
ARouter Active Avg:82, SD:2, Max:87, Min:77
T1 invocations: 293,082
T2 invocations: 812,240
T3 invocations: 44,482,163
T3b invocations: 0
Total3 invocations: 44,482,163
Total4 invocations: 3,692

T3/T2 ratio: 55
T3b/T3 ratio: 0

T1 avg ex cycles: 41
T2 avg ex cycles: 135
T3&b avg ex cycles: 4
T4 avg ex cycles: 489
Avg. hops NOC1: 2
Avg. latency NOC1 (T2): 36,123
Avg. hops NOC2: 17
Avg. latency NOC2 (T3): 2,046
Number of K Nodes Processed: 2,757
Number of K Edges Processed: 44,733
Node Re-explore factor: 0.66
Edge Re-explore factor: 0.35
Nodes/cy: 6
Edges/cy: 89
TEPS: 256

---DCache---
DCache Size: 125,904
DRAM words: 133,760
  DHits: 83,268,953
  DMisses: 3,194,609
  DHit Rate (hit/miss): 96%
  DEvictions: 243,243
  DEviction Rate (evict/misses): 8%
  MC Transactions: 3,336,622
  MC Writes: 130,826
Avg. Transactions: 83% , Writes: 3%, Avg. Latency: 22
Max MC id: 7 of 8. Transactions: 84% , Writes: 3%, MC mean Latency: 22
HBM refresh energy (nJ): 1
HBM access energy (nJ): 6,320,896
MemC wire energy 2.5d (nJ): 3,011,250
MemC wire energy 3d (nJ): 752,813

---Energy---
Leakage Energy (nJ): 169,730
PU Dyn E (nJ): 2,652,590
Mem Dyn E (nJ): 19,111,875
Route Dyn E (nJ): 4,597,964
Dynamic Energy (nJ): 26,362,430
Ratio of Dyn/Leak: 155
Total Energy (nJ): 26,532,160
Total Energy (nJ) 3D: 25,901,569
Cores Energy (nJ): 2,653,984
Route Energy (nJ): 4,602,553
Route Energy (nJ) 3D: 6,230,399
Mem Energy   (nJ): 19,275,624
Mem Energy   (nJ) 3D: 17,017,186
Avg. Power (mW): 52,990.03
Power Density (mW/mm2): 118.83

---Runtime---
Runtime in K cycles: 500.70
Microseconds: 500.70
Time per iteration (ms): 0.50

---Throughput---
GOP/s (aka OPS/ns): 450.67
GOP/s per core: 0.44
FLOP/s: 178.01
FLOP/s per core: 0.17
Max Peak FLOP/s: 1,024.00
Avg. BW GB/s: 3,097.70
Max BW GB/s: 4,096.00

---Traffic---
In-Die bisection_bytes BW (GB/s): 512.00
Inter-board traffic (msg/ns): 0.00, per-link: 0.00
Inter-pack traffic (msg/ns): 0.00, per-link: 0.00
Inter-die traffic (msg/ns): 0.00, per-link: 0.00
Ruche traffic (msg/ns): 0.00, per-link: 0.00
All traffic (msg/ns): 3,256.63, per-link: 3.18
Inter-die reduction wrt all: inf
Inter-board reduction wrt inter-die: -nan

---Data Movement---
All traffic (msg): 1,630,596,523
Arith. Intensity FLOP/Loads: 0.46
Arith. Intensity FLOP/Msgs: 0.05
Arith. Intensity OPS/Loads: 1.17
Arith. Intensity OPS/Msgs: 0.14



===Core Utilization Total=== CORE-S:5;; TIME K cy:500 ;; Nodes Proc: 344,965 -- Edges Proc: 5,580,569

===PRINTING FRAME STATS

FCollision In Avg:107, SD:24, Max:204, Min:11
FCollision Out Avg:104, SD:42, Max:183, Min:14
FCollision End Avg:31, SD:34, Max:100, Min:0
FTask1 Avg:4, SD:4, Max:20, Min:0
FTask2 Avg:23, SD:14, Max:73, Min:0
FTask3 Avg:33, SD:5, Max:62, Min:20
FCore Active Avg:61, SD:16, Max:100, Min:25
FRouter Active Avg:90, SD:2, Max:96, Min:84
T1 invocations: 120,945
T2 invocations: 238,651
T3 invocations: 10,372,418
T3b invocations: 0
Total3 invocations: 10,372,418
Total4 invocations: 1,603

T3/T2 ratio: 43
T3b/T3 ratio: 0

T1 avg ex cycles: 33
T2 avg ex cycles: 101
T3&b avg ex cycles: 3
T4 avg ex cycles: 554
Avg. hops NOC1: 2
Avg. latency NOC1 (T2): 23,815
Avg. hops NOC2: 17
Avg. latency NOC2 (T3): 1,762

===PRINTING ACUM STATS at pu_cycles: 601,032

ACollision In Avg:111, SD:19, Max:205, Min:29
ACollision Out Avg:119, SD:29, Max:241, Min:41
ACollision End Avg:38, SD:24, Max:111, Min:0
ATask1 Avg:3, SD:2, Max:9, Min:0
ATask2 Avg:22, SD:9, Max:43, Min:0
ATask3 Avg:35, SD:4, Max:57, Min:25
ACore Active Avg:60, SD:10, Max:87, Min:28
ARouter Active Avg:83, SD:1, Max:88, Min:79
T1 invocations: 415,098
T2 invocations: 1,052,432
T3 invocations: 54,902,334
T3b invocations: 0
Total3 invocations: 54,902,334
Total4 invocations: 5,314

T3/T2 ratio: 52
T3b/T3 ratio: 0

T1 avg ex cycles: 39
T2 avg ex cycles: 127
T3&b avg ex cycles: 4
T4 avg ex cycles: 509
Avg. hops NOC1: 2
Avg. latency NOC1 (T2): 33,297
Avg. hops NOC2: 17
Avg. latency NOC2 (T3): 1,993
Number of K Nodes Processed: 2,910
Number of K Edges Processed: 55,147
Node Re-explore factor: 0.69
Edge Re-explore factor: 0.43
Nodes/cy: 5
Edges/cy: 92
TEPS: 213

---DCache---
DCache Size: 125,904
DRAM words: 133,760
  DHits: 102,374,068
  DMisses: 3,843,383
  DHit Rate (hit/miss): 96%
  DEvictions: 306,754
  DEviction Rate (evict/misses): 8%
  MC Transactions: 4,015,083
  MC Writes: 158,446
Avg. Transactions: 84% , Writes: 3%, Avg. Latency: 21
Max MC id: 7 of 8. Transactions: 86% , Writes: 3%, MC mean Latency: 21
HBM refresh energy (nJ): 1
HBM access energy (nJ): 7,606,173
MemC wire energy 2.5d (nJ): 3,623,551
MemC wire energy 3d (nJ): 905,888

---Energy---
Leakage Energy (nJ): 203,741
PU Dyn E (nJ): 3,260,111
Mem Dyn E (nJ): 23,219,334
Route Dyn E (nJ): 5,678,710
Dynamic Energy (nJ): 32,158,155
Ratio of Dyn/Leak: 158
Total Energy (nJ): 32,361,896
Total Energy (nJ) 3D: 31,654,703
Cores Energy (nJ): 3,261,784
Route Energy (nJ): 5,684,217
Route Energy (nJ) 3D: 7,694,687
Mem Energy   (nJ): 23,415,895
Mem Energy   (nJ) 3D: 20,698,232
Avg. Power (mW): 53,843.88
Power Density (mW/mm2): 120.74

---Runtime---
Runtime in K cycles: 601.03
Microseconds: 601.03
Time per iteration (ms): 0.60

---Throughput---
GOP/s (aka OPS/ns): 458.42
GOP/s per core: 0.45
FLOP/s: 183.01
FLOP/s per core: 0.18
Max Peak FLOP/s: 1,024.00
Avg. BW GB/s: 3,162.41
Max BW GB/s: 4,096.00

---Traffic---
In-Die bisection_bytes BW (GB/s): 512.00
Inter-board traffic (msg/ns): 0.00, per-link: 0.00
Inter-pack traffic (msg/ns): 0.00, per-link: 0.00
Inter-die traffic (msg/ns): 0.00, per-link: 0.00
Ruche traffic (msg/ns): 0.00, per-link: 0.00
All traffic (msg/ns): 3,345.00, per-link: 3.27
Inter-die reduction wrt all: inf
Inter-board reduction wrt inter-die: -nan

---Data Movement---
All traffic (msg): 2,010,451,601
Arith. Intensity FLOP/Loads: 0.47
Arith. Intensity FLOP/Msgs: 0.05
Arith. Intensity OPS/Loads: 1.16
Arith. Intensity OPS/Msgs: 0.14



===Core Utilization Total=== CORE-S:6;; TIME K cy:600 ;; Nodes Proc: 364,076 -- Edges Proc: 6,839,049

===PRINTING FRAME STATS

FCollision In Avg:105, SD:22, Max:214, Min:13
FCollision Out Avg:101, SD:41, Max:184, Min:19
FCollision End Avg:29, SD:32, Max:100, Min:0
FTask1 Avg:5, SD:4, Max:22, Min:0
FTask2 Avg:24, SD:14, Max:65, Min:0
FTask3 Avg:34, SD:6, Max:64, Min:21
FCore Active Avg:63, SD:15, Max:100, Min:28
FRouter Active Avg:91, SD:2, Max:95, Min:85
T1 invocations: 151,985
T2 invocations: 271,725
T3 invocations: 10,734,851
T3b invocations: 0
Total3 invocations: 10,734,851
Total4 invocations: 2,135

T3/T2 ratio: 40
T3b/T3 ratio: 0

T1 avg ex cycles: 32
T2 avg ex cycles: 90
T3&b avg ex cycles: 3
T4 avg ex cycles: 545
Avg. hops NOC1: 2
Avg. latency NOC1 (T2): 19,295
Avg. hops NOC2: 17
Avg. latency NOC2 (T3): 1,773

===PRINTING ACUM STATS at pu_cycles: 700,701

ACollision In Avg:110, SD:17, Max:198, Min:39
ACollision Out Avg:117, SD:27, Max:229, Min:40
ACollision End Avg:36, SD:22, Max:107, Min:0
ATask1 Avg:3, SD:2, Max:10, Min:0
ATask2 Avg:22, SD:8, Max:42, Min:0
ATask3 Avg:35, SD:4, Max:57, Min:25
ACore Active Avg:60, SD:9, Max:86, Min:30
ARouter Active Avg:84, SD:1, Max:89, Min:80
T1 invocations: 565,903
T2 invocations: 1,322,459
T3 invocations: 65,555,821
T3b invocations: 0
Total3 invocations: 65,555,821
Total4 invocations: 7,432

T3/T2 ratio: 50
T3b/T3 ratio: 0

T1 avg ex cycles: 37
T2 avg ex cycles: 119
T3&b avg ex cycles: 4
T4 avg ex cycles: 519
Avg. hops NOC1: 2
Avg. latency NOC1 (T2): 30,452
Avg. hops NOC2: 17
Avg. latency NOC2 (T3): 1,957
Number of K Nodes Processed: 3,037
Number of K Edges Processed: 65,859
Node Re-explore factor: 0.72
Edge Re-explore factor: 0.51
Nodes/cy: 4
Edges/cy: 94
TEPS: 183

---DCache---
DCache Size: 125,904
DRAM words: 133,760
  DHits: 122,061,895
  DMisses: 4,500,924
  DHit Rate (hit/miss): 96%
  DEvictions: 379,077
  DEviction Rate (evict/misses): 8%
  MC Transactions: 4,703,498
  MC Writes: 187,163
Avg. Transactions: 84% , Writes: 3%, Avg. Latency: 21
Max MC id: 5 of 8. Transactions: 86% , Writes: 3%, MC mean Latency: 21
HBM refresh energy (nJ): 2
HBM access energy (nJ): 8,910,306
MemC wire energy 2.5d (nJ): 4,244,835
MemC wire energy 3d (nJ): 1,061,209

---Energy---
Leakage Energy (nJ): 237,527
PU Dyn E (nJ): 3,884,404
Mem Dyn E (nJ): 27,407,387
Route Dyn E (nJ): 6,777,308
Dynamic Energy (nJ): 38,069,100
Ratio of Dyn/Leak: 160
Total Energy (nJ): 38,306,627
Total Energy (nJ) 3D: 37,522,414
Cores Energy (nJ): 3,886,355
Route Energy (nJ): 6,783,729
Route Energy (nJ) 3D: 9,183,143
Mem Energy   (nJ): 27,636,544
Mem Energy   (nJ) 3D: 24,452,918
Avg. Power (mW): 54,669.01
Power Density (mW/mm2): 122.59

---Runtime---
Runtime in K cycles: 700.70
Microseconds: 700.70
Time per iteration (ms): 0.70

---Throughput---
GOP/s (aka OPS/ns): 467.08
GOP/s per core: 0.46
FLOP/s: 187.40
FLOP/s per core: 0.18
Max Peak FLOP/s: 1,024.00
Avg. BW GB/s: 3,222.94
Max BW GB/s: 4,096.00

---Traffic---
In-Die bisection_bytes BW (GB/s): 512.00
Inter-board traffic (msg/ns): 0.00, per-link: 0.00
Inter-pack traffic (msg/ns): 0.00, per-link: 0.00
Inter-die traffic (msg/ns): 0.00, per-link: 0.00
Ruche traffic (msg/ns): 0.00, per-link: 0.00
All traffic (msg/ns): 3,420.49, per-link: 3.34
Inter-die reduction wrt all: inf
Inter-board reduction wrt inter-die: -nan

---Data Movement---
All traffic (msg): 2,396,740,204
Arith. Intensity FLOP/Loads: 0.47
Arith. Intensity FLOP/Msgs: 0.05
Arith. Intensity OPS/Loads: 1.16
Arith. Intensity OPS/Msgs: 0.14



===Core Utilization Total=== CORE-S:7;; TIME K cy:700 ;; Nodes Proc: 380,010 -- Edges Proc: 8,204,968

===PRINTING FRAME STATS

FCollision In Avg:102, SD:22, Max:201, Min:11
FCollision Out Avg:96, SD:42, Max:259, Min:11
FCollision End Avg:28, SD:33, Max:100, Min:0
FTask1 Avg:5, SD:5, Max:27, Min:0
FTask2 Avg:23, SD:15, Max:71, Min:0
FTask3 Avg:33, SD:6, Max:65, Min:22
FCore Active Avg:63, SD:17, Max:100, Min:23
FRouter Active Avg:91, SD:2, Max:95, Min:85
T1 invocations: 176,991
T2 invocations: 293,430
T3 invocations: 10,728,537
T3b invocations: 0
Total3 invocations: 10,728,537
Total4 invocations: 2,936

T3/T2 ratio: 37
T3b/T3 ratio: 0

T1 avg ex cycles: 31
T2 avg ex cycles: 81
T3&b avg ex cycles: 3
T4 avg ex cycles: 477
Avg. hops NOC1: 2
Avg. latency NOC1 (T2): 16,967
Avg. hops NOC2: 17
Avg. latency NOC2 (T3): 1,747

===PRINTING ACUM STATS at pu_cycles: 800,734

ACollision In Avg:109, SD:15, Max:190, Min:45
ACollision Out Avg:114, SD:26, Max:219, Min:40
ACollision End Avg:35, SD:19, Max:99, Min:0
ATask1 Avg:3, SD:2, Max:10, Min:0
ATask2 Avg:22, SD:7, Max:42, Min:1
ATask3 Avg:35, SD:5, Max:57, Min:24
ACore Active Avg:61, SD:9, Max:87, Min:30
ARouter Active Avg:85, SD:1, Max:89, Min:81
T1 invocations: 743,756
T2 invocations: 1,617,352
T3 invocations: 76,318,551
T3b invocations: 0
Total3 invocations: 76,318,551
Total4 invocations: 10,386

T3/T2 ratio: 47
T3b/T3 ratio: 0

T1 avg ex cycles: 35
T2 avg ex cycles: 112
T3&b avg ex cycles: 4
T4 avg ex cycles: 507
Avg. hops NOC1: 2
Avg. latency NOC1 (T2): 27,987
Avg. hops NOC2: 17
Avg. latency NOC2 (T3): 1,926
Number of K Nodes Processed: 3,144
Number of K Edges Processed: 76,585
Node Re-explore factor: 0.75
Edge Re-explore factor: 0.60
Nodes/cy: 4
Edges/cy: 96
TEPS: 160

---DCache---
DCache Size: 125,904
DRAM words: 133,760
  DHits: 141,824,734
  DMisses: 5,135,019
  DHit Rate (hit/miss): 97%
  DEvictions: 452,405
  DEviction Rate (evict/misses): 9%
  MC Transactions: 5,367,108
  MC Writes: 214,711
Avg. Transactions: 84% , Writes: 3%, Avg. Latency: 20
Max MC id: 5 of 8. Transactions: 85% , Writes: 3%, MC mean Latency: 20
HBM refresh energy (nJ): 2
HBM access energy (nJ): 10,167,449
MemC wire energy 2.5d (nJ): 4,843,733
MemC wire energy 3d (nJ): 1,210,933

---Energy---
Leakage Energy (nJ): 271,437
PU Dyn E (nJ): 4,519,088
Mem Dyn E (nJ): 31,549,326
Route Dyn E (nJ): 7,892,312
Dynamic Energy (nJ): 43,960,725
Ratio of Dyn/Leak: 162
Total Energy (nJ): 44,232,162
Total Energy (nJ) 3D: 43,393,528
Cores Energy (nJ): 4,521,316
Route Energy (nJ): 7,899,649
Route Energy (nJ) 3D: 10,693,814
Mem Energy   (nJ): 31,811,198
Mem Energy   (nJ) 3D: 28,178,398
Avg. Power (mW): 55,239.52
Power Density (mW/mm2): 123.87

---Runtime---
Runtime in K cycles: 800.73
Microseconds: 800.73
Time per iteration (ms): 0.80

---Throughput---
GOP/s (aka OPS/ns): 475.12
GOP/s per core: 0.46
FLOP/s: 190.88
FLOP/s per core: 0.19
Max Peak FLOP/s: 1,024.00
Avg. BW GB/s: 3,272.24
Max BW GB/s: 4,096.00

---Traffic---
In-Die bisection_bytes BW (GB/s): 512.00
Inter-board traffic (msg/ns): 0.00, per-link: 0.00
Inter-pack traffic (msg/ns): 0.00, per-link: 0.00
Inter-die traffic (msg/ns): 0.00, per-link: 0.00
Ruche traffic (msg/ns): 0.00, per-link: 0.00
All traffic (msg/ns): 3,481.31, per-link: 3.40
Inter-die reduction wrt all: inf
Inter-board reduction wrt inter-die: -nan

---Data Movement---
All traffic (msg): 2,787,602,020
Arith. Intensity FLOP/Loads: 0.47
Arith. Intensity FLOP/Msgs: 0.05
Arith. Intensity OPS/Loads: 1.17
Arith. Intensity OPS/Msgs: 0.14



===Core Utilization Total=== CORE-S:8;; TIME K cy:800 ;; Nodes Proc: 393,453 -- Edges Proc: 9,583,701

===PRINTING FRAME STATS

FCollision In Avg:99, SD:24, Max:223, Min:8
FCollision Out Avg:91, SD:41, Max:173, Min:15
FCollision End Avg:27, SD:31, Max:100, Min:0
FTask1 Avg:6, SD:6, Max:30, Min:0
FTask2 Avg:24, SD:14, Max:76, Min:0
FTask3 Avg:34, SD:6, Max:71, Min:22
FCore Active Avg:66, SD:16, Max:100, Min:26
FRouter Active Avg:91, SD:2, Max:95, Min:86
T1 invocations: 216,668
T2 invocations: 334,153
T3 invocations: 10,987,440
T3b invocations: 0
Total3 invocations: 10,987,440
Total4 invocations: 4,377

T3/T2 ratio: 33
T3b/T3 ratio: 0

T1 avg ex cycles: 30
T2 avg ex cycles: 72
T3&b avg ex cycles: 3
T4 avg ex cycles: 404
Avg. hops NOC1: 2
Avg. latency NOC1 (T2): 14,304
Avg. hops NOC2: 17
Avg. latency NOC2 (T3): 1,753

===PRINTING ACUM STATS at pu_cycles: 901,025

ACollision In Avg:108, SD:15, Max:185, Min:51
ACollision Out Avg:111, SD:25, Max:213, Min:41
ACollision End Avg:34, SD:18, Max:98, Min:0
ATask1 Avg:4, SD:2, Max:9, Min:0
ATask2 Avg:22, SD:7, Max:39, Min:2
ATask3 Avg:35, SD:5, Max:57, Min:24
ACore Active Avg:61, SD:9, Max:86, Min:33
ARouter Active Avg:86, SD:1, Max:90, Min:83
T1 invocations: 961,205
T2 invocations: 1,951,002
T3 invocations: 87,314,513
T3b invocations: 0
Total3 invocations: 87,314,513
Total4 invocations: 14,777

T3/T2 ratio: 45
T3b/T3 ratio: 0

T1 avg ex cycles: 34
T2 avg ex cycles: 106
T3&b avg ex cycles: 4
T4 avg ex cycles: 477
Avg. hops NOC1: 2
Avg. latency NOC1 (T2): 25,645
Avg. hops NOC2: 17
Avg. latency NOC2 (T3): 1,905
Number of K Nodes Processed: 3,234
Number of K Edges Processed: 87,615
Node Re-explore factor: 0.77
Edge Re-explore factor: 0.68
Nodes/cy: 4
Edges/cy: 97
TEPS: 142

---DCache---
DCache Size: 125,904
DRAM words: 133,760
  DHits: 162,213,890
  DMisses: 5,782,863
  DHit Rate (hit/miss): 97%
  DEvictions: 539,011
  DEviction Rate (evict/misses): 9%
  MC Transactions: 6,046,944
  MC Writes: 244,703
Avg. Transactions: 84% , Writes: 3%, Avg. Latency: 20
Max MC id: 5 of 8. Transactions: 85% , Writes: 3%, MC mean Latency: 20
HBM refresh energy (nJ): 2
HBM access energy (nJ): 11,455,330
MemC wire energy 2.5d (nJ): 5,457,275
MemC wire energy 3d (nJ): 1,364,319

---Energy---
Leakage Energy (nJ): 305,434
PU Dyn E (nJ): 5,173,671
Mem Dyn E (nJ): 35,796,504
Route Dyn E (nJ): 9,029,336
Dynamic Energy (nJ): 49,999,512
Ratio of Dyn/Leak: 164
Total Energy (nJ): 50,304,946
Total Energy (nJ) 3D: 49,408,703
Cores Energy (nJ): 5,176,179
Route Energy (nJ): 9,037,592
Route Energy (nJ) 3D: 12,234,306
Mem Energy   (nJ): 36,091,175
Mem Energy   (nJ) 3D: 31,998,219
Avg. Power (mW): 55,830.80
Power Density (mW/mm2): 125.20

---Runtime---
Runtime in K cycles: 901.02
Microseconds: 901.02
Time per iteration (ms): 0.90

---Throughput---
GOP/s (aka OPS/ns): 483.99
GOP/s per core: 0.47
FLOP/s: 194.06
FLOP/s per core: 0.19
Max Peak FLOP/s: 1,024.00
Avg. BW GB/s: 3,319.74
Max BW GB/s: 4,096.00

---Traffic---
In-Die bisection_bytes BW (GB/s): 512.00
Inter-board traffic (msg/ns): 0.00, per-link: 0.00
Inter-pack traffic (msg/ns): 0.00, per-link: 0.00
Inter-die traffic (msg/ns): 0.00, per-link: 0.00
Ruche traffic (msg/ns): 0.00, per-link: 0.00
All traffic (msg/ns): 3,536.45, per-link: 3.45
Inter-die reduction wrt all: inf
Inter-board reduction wrt inter-die: -nan

---Data Movement---
All traffic (msg): 3,186,426,472
Arith. Intensity FLOP/Loads: 0.47
Arith. Intensity FLOP/Msgs: 0.05
Arith. Intensity OPS/Loads: 1.17
Arith. Intensity OPS/Msgs: 0.14



===Core Utilization Total=== CORE-S:9;; TIME K cy:900 ;; Nodes Proc: 404,679 -- Edges Proc: 10,970,278

===PRINTING FRAME STATS

FCollision In Avg:95, SD:26, Max:192, Min:11
FCollision Out Avg:87, SD:40, Max:224, Min:9
FCollision End Avg:26, SD:30, Max:173, Min:0
FTask1 Avg:7, SD:6, Max:28, Min:0
FTask2 Avg:24, SD:15, Max:72, Min:0
FTask3 Avg:34, SD:6, Max:76, Min:21
FCore Active Avg:67, SD:16, Max:100, Min:27
FRouter Active Avg:92, SD:2, Max:96, Min:86
T1 invocations: 245,408
T2 invocations: 362,888
T3 invocations: 11,074,692
T3b invocations: 0
Total3 invocations: 11,074,692
Total4 invocations: 6,479

T3/T2 ratio: 31
T3b/T3 ratio: 0

T1 avg ex cycles: 30
T2 avg ex cycles: 67
T3&b avg ex cycles: 3
T4 avg ex cycles: 316
Avg. hops NOC1: 2
Avg. latency NOC1 (T2): 12,536
Avg. hops NOC2: 17
Avg. latency NOC2 (T3): 1,840

===PRINTING ACUM STATS at pu_cycles: 1,001,149

ACollision In Avg:107, SD:14, Max:178, Min:57
ACollision Out Avg:109, SD:24, Max:204, Min:40
ACollision End Avg:34, SD:16, Max:90, Min:0
ATask1 Avg:4, SD:2, Max:8, Min:0
ATask2 Avg:22, SD:6, Max:37, Min:4
ATask3 Avg:34, SD:5, Max:58, Min:24
ACore Active Avg:62, SD:9, Max:87, Min:37
ARouter Active Avg:86, SD:1, Max:90, Min:83
T1 invocations: 1,208,008
T2 invocations: 2,314,906
T3 invocations: 98,433,295
T3b invocations: 0
Total3 invocations: 98,433,295
Total4 invocations: 21,279

T3/T2 ratio: 43
T3b/T3 ratio: 0

T1 avg ex cycles: 33
T2 avg ex cycles: 99
T3&b avg ex cycles: 4
T4 avg ex cycles: 428
Avg. hops NOC1: 2
Avg. latency NOC1 (T2): 23,582
Avg. hops NOC2: 17
Avg. latency NOC2 (T3): 1,898
Number of K Nodes Processed: 3,315
Number of K Edges Processed: 98,705
Node Re-explore factor: 0.79
Edge Re-explore factor: 0.77
Nodes/cy: 3
Edges/cy: 99
TEPS: 128

---DCache---
DCache Size: 125,904
DRAM words: 133,760
  DHits: 182,810,416
  DMisses: 6,433,431
  DHit Rate (hit/miss): 97%
  DEvictions: 632,428
  DEviction Rate (evict/misses): 10%
  MC Transactions: 6,730,220
  MC Writes: 275,430
Avg. Transactions: 84% , Writes: 3%, Avg. Latency: 20
Max MC id: 5 of 8. Transactions: 86% , Writes: 4%, MC mean Latency: 20
HBM refresh energy (nJ): 2
HBM access energy (nJ): 12,749,728
MemC wire energy 2.5d (nJ): 6,073,921
MemC wire energy 3d (nJ): 1,518,480

---Energy---
Leakage Energy (nJ): 339,375
PU Dyn E (nJ): 5,839,779
Mem Dyn E (nJ): 40,082,975
Route Dyn E (nJ): 10,182,389
Dynamic Energy (nJ): 56,105,143
Ratio of Dyn/Leak: 165
Total Energy (nJ): 56,444,518
Total Energy (nJ) 3D: 55,494,013
Cores Energy (nJ): 5,842,565
Route Energy (nJ): 10,191,562
Route Energy (nJ) 3D: 13,796,498
Mem Energy   (nJ): 40,410,391
Mem Energy   (nJ) 3D: 35,854,950
Avg. Power (mW): 56,379.74
Power Density (mW/mm2): 126.43

---Runtime---
Runtime in K cycles: 1,001.15
Microseconds: 1,001.15
Time per iteration (ms): 1.00

---Throughput---
GOP/s (aka OPS/ns): 492.84
GOP/s per core: 0.48
FLOP/s: 196.84
FLOP/s per core: 0.19
Max Peak FLOP/s: 1,024.00
Avg. BW GB/s: 3,363.20
Max BW GB/s: 4,096.00

---Traffic---
In-Die bisection_bytes BW (GB/s): 512.00
Inter-board traffic (msg/ns): 0.00, per-link: 0.00
Inter-pack traffic (msg/ns): 0.00, per-link: 0.00
Inter-die traffic (msg/ns): 0.00, per-link: 0.00
Ruche traffic (msg/ns): 0.00, per-link: 0.00
All traffic (msg/ns): 3,586.56, per-link: 3.50
Inter-die reduction wrt all: inf
Inter-board reduction wrt inter-die: -nan

---Data Movement---
All traffic (msg): 3,590,682,413
Arith. Intensity FLOP/Loads: 0.47
Arith. Intensity FLOP/Msgs: 0.05
Arith. Intensity OPS/Loads: 1.18
Arith. Intensity OPS/Msgs: 0.14



===Core Utilization Total=== CORE-S:10;; TIME K cy:1,000 ;; Nodes Proc: 414,739 -- Edges Proc: 12,340,773

===PRINTING FRAME STATS

FCollision In Avg:87, SD:30, Max:182, Min:8
FCollision Out Avg:80, SD:38, Max:160, Min:6
FCollision End Avg:23, SD:28, Max:100, Min:0
FTask1 Avg:8, SD:7, Max:35, Min:0
FTask2 Avg:23, SD:15, Max:73, Min:0
FTask3 Avg:34, SD:6, Max:74, Min:19
FCore Active Avg:67, SD:16, Max:100, Min:26
FRouter Active Avg:92, SD:2, Max:96, Min:85
T1 invocations: 275,079
T2 invocations: 390,687
T3 invocations: 11,083,176
T3b invocations: 0
Total3 invocations: 11,083,176
Total4 invocations: 10,163

T3/T2 ratio: 28
T3b/T3 ratio: 0

T1 avg ex cycles: 30
T2 avg ex cycles: 61
T3&b avg ex cycles: 3
T4 avg ex cycles: 233
Avg. hops NOC1: 2
Avg. latency NOC1 (T2): 10,420
Avg. hops NOC2: 17
Avg. latency NOC2 (T3): 1,831

===PRINTING ACUM STATS at pu_cycles: 1,100,768

ACollision In Avg:105, SD:14, Max:172, Min:58
ACollision Out Avg:106, SD:23, Max:189, Min:39
ACollision End Avg:33, SD:15, Max:83, Min:0
ATask1 Avg:4, SD:2, Max:8, Min:1
ATask2 Avg:23, SD:5, Max:35, Min:5
ATask3 Avg:34, SD:5, Max:59, Min:24
ACore Active Avg:62, SD:8, Max:86, Min:38
ARouter Active Avg:87, SD:1, Max:91, Min:84
T1 invocations: 1,477,642
T2 invocations: 2,699,592
T3 invocations: 109,316,329
T3b invocations: 0
Total3 invocations: 109,316,329
Total4 invocations: 31,360

T3/T2 ratio: 40
T3b/T3 ratio: 0

T1 avg ex cycles: 33
T2 avg ex cycles: 94
T3&b avg ex cycles: 4
T4 avg ex cycles: 364
Avg. hops NOC1: 2
Avg. latency NOC1 (T2): 21,703
Avg. hops NOC2: 17
Avg. latency NOC2 (T3): 1,891
Number of K Nodes Processed: 3,385
Number of K Edges Processed: 109,730
Node Re-explore factor: 0.81
Edge Re-explore factor: 0.86
Nodes/cy: 3
Edges/cy: 100
TEPS: 117

---DCache---
DCache Size: 125,904
DRAM words: 133,760
  DHits: 203,221,543
  DMisses: 7,058,123
  DHit Rate (hit/miss): 97%
  DEvictions: 731,916
  DEviction Rate (evict/misses): 10%
  MC Transactions: 7,387,598
  MC Writes: 306,066
Avg. Transactions: 84% , Writes: 3%, Avg. Latency: 19
Max MC id: 5 of 8. Transactions: 85% , Writes: 4%, MC mean Latency: 19
HBM refresh energy (nJ): 3
HBM access energy (nJ): 13,995,065
MemC wire energy 2.5d (nJ): 6,667,194
MemC wire energy 3d (nJ): 1,666,799

---Energy---
Leakage Energy (nJ): 373,144
PU Dyn E (nJ): 6,497,704
Mem Dyn E (nJ): 44,259,516
Route Dyn E (nJ): 11,308,007
Dynamic Energy (nJ): 62,065,228
Ratio of Dyn/Leak: 166
Total Energy (nJ): 62,438,372
Total Energy (nJ) 3D: 61,441,421
Cores Energy (nJ): 6,500,768
Route Energy (nJ): 11,318,093
Route Energy (nJ) 3D: 15,321,539
Mem Energy   (nJ): 44,619,511
Mem Energy   (nJ) 3D: 39,619,115
Avg. Power (mW): 56,722.55
Power Density (mW/mm2): 127.20

---Runtime---
Runtime in K cycles: 1,100.77
Microseconds: 1,100.77
Time per iteration (ms): 1.10

---Throughput---
GOP/s (aka OPS/ns): 500.29
GOP/s per core: 0.49
FLOP/s: 198.81
FLOP/s per core: 0.19
Max Peak FLOP/s: 1,024.00
Avg. BW GB/s: 3,394.51
Max BW GB/s: 4,096.00

---Traffic---
In-Die bisection_bytes BW (GB/s): 512.00
Inter-board traffic (msg/ns): 0.00, per-link: 0.00
Inter-pack traffic (msg/ns): 0.00, per-link: 0.00
Inter-die traffic (msg/ns): 0.00, per-link: 0.00
Ruche traffic (msg/ns): 0.00, per-link: 0.00
All traffic (msg/ns): 3,620.33, per-link: 3.54
Inter-die reduction wrt all: inf
Inter-board reduction wrt inter-die: -nan

---Data Movement---
All traffic (msg): 3,985,147,943
Arith. Intensity FLOP/Loads: 0.47
Arith. Intensity FLOP/Msgs: 0.05
Arith. Intensity OPS/Loads: 1.18
Arith. Intensity OPS/Msgs: 0.14



===Core Utilization Total=== CORE-S:11;; TIME K cy:1,100 ;; Nodes Proc: 423,480 -- Edges Proc: 13,714,034

===PRINTING FRAME STATS

FCollision In Avg:74, SD:33, Max:172, Min:6
FCollision Out Avg:68, SD:38, Max:164, Min:4
FCollision End Avg:20, SD:25, Max:99, Min:0
FTask1 Avg:9, SD:8, Max:39, Min:0
FTask2 Avg:23, SD:17, Max:74, Min:0
FTask3 Avg:33, SD:6, Max:76, Min:19
FCore Active Avg:67, SD:19, Max:100, Min:27
FRouter Active Avg:91, SD:2, Max:95, Min:84
T1 invocations: 306,229
T2 invocations: 425,020
T3 invocations: 10,865,525
T3b invocations: 0
Total3 invocations: 10,865,525
Total4 invocations: 14,405

T3/T2 ratio: 26
T3b/T3 ratio: 0

T1 avg ex cycles: 29
T2 avg ex cycles: 55
T3&b avg ex cycles: 3
T4 avg ex cycles: 188
Avg. hops NOC1: 2
Avg. latency NOC1 (T2): 8,201
Avg. hops NOC2: 17
Avg. latency NOC2 (T3): 1,887

===PRINTING ACUM STATS at pu_cycles: 1,200,729

ACollision In Avg:102, SD:15, Max:168, Min:54
ACollision Out Avg:103, SD:23, Max:175, Min:38
ACollision End Avg:32, SD:14, Max:81, Min:0
ATask1 Avg:5, SD:2, Max:8, Min:1
ATask2 Avg:23, SD:5, Max:32, Min:7
ATask3 Avg:34, SD:5, Max:60, Min:24
ACore Active Avg:63, SD:8, Max:87, Min:41
ARouter Active Avg:87, SD:1, Max:91, Min:84
T1 invocations: 1,786,402
T2 invocations: 3,122,614
T3 invocations: 120,172,417
T3b invocations: 0
Total3 invocations: 120,172,417
Total4 invocations: 45,816

T3/T2 ratio: 38
T3b/T3 ratio: 0

T1 avg ex cycles: 32
T2 avg ex cycles: 89
T3&b avg ex cycles: 4
T4 avg ex cycles: 309
Avg. hops NOC1: 2
Avg. latency NOC1 (T2): 19,865
Avg. hops NOC2: 17
Avg. latency NOC2 (T3): 1,890
Number of K Nodes Processed: 3,446
Number of K Edges Processed: 120,608
Node Re-explore factor: 0.82
Edge Re-explore factor: 0.94
Nodes/cy: 3
Edges/cy: 100
TEPS: 107

---DCache---
DCache Size: 125,904
DRAM words: 133,760
  DHits: 223,220,869
  DMisses: 7,673,252
  DHit Rate (hit/miss): 97%
  DEvictions: 841,814
  DEviction Rate (evict/misses): 11%
  MC Transactions: 8,037,785
  MC Writes: 338,697
Avg. Transactions: 84% , Writes: 4%, Avg. Latency: 19
Max MC id: 7 of 8. Transactions: 84% , Writes: 4%, MC mean Latency: 19
HBM refresh energy (nJ): 3
HBM access energy (nJ): 15,226,779
MemC wire energy 2.5d (nJ): 7,253,978
MemC wire energy 3d (nJ): 1,813,495

---Energy---
Leakage Energy (nJ): 407,030
PU Dyn E (nJ): 7,161,624
Mem Dyn E (nJ): 48,412,875
Route Dyn E (nJ): 12,430,549
Dynamic Energy (nJ): 68,005,048
Ratio of Dyn/Leak: 167
Total Energy (nJ): 68,412,078
Total Energy (nJ) 3D: 67,372,461
Cores Energy (nJ): 7,164,966
Route Energy (nJ): 12,441,551
Route Energy (nJ) 3D: 16,842,418
Mem Energy   (nJ): 48,805,561
Mem Energy   (nJ) 3D: 43,365,077
Avg. Power (mW): 56,975.45
Power Density (mW/mm2): 127.76

---Runtime---
Runtime in K cycles: 1,200.73
Microseconds: 1,200.73
Time per iteration (ms): 1.20

---Throughput---
GOP/s (aka OPS/ns): 507.64
GOP/s per core: 0.50
FLOP/s: 200.35
FLOP/s per core: 0.20
Max Peak FLOP/s: 1,024.00
Avg. BW GB/s: 3,420.50
Max BW GB/s: 4,096.00

---Traffic---
In-Die bisection_bytes BW (GB/s): 512.00
Inter-board traffic (msg/ns): 0.00, per-link: 0.00
Inter-pack traffic (msg/ns): 0.00, per-link: 0.00
Inter-die traffic (msg/ns): 0.00, per-link: 0.00
Ruche traffic (msg/ns): 0.00, per-link: 0.00
All traffic (msg/ns): 3,646.52, per-link: 3.56
Inter-die reduction wrt all: inf
Inter-board reduction wrt inter-die: -nan

---Data Movement---
All traffic (msg): 4,378,481,067
Arith. Intensity FLOP/Loads: 0.47
Arith. Intensity FLOP/Msgs: 0.05
Arith. Intensity OPS/Loads: 1.19
Arith. Intensity OPS/Msgs: 0.14



===Core Utilization Total=== CORE-S:12;; TIME K cy:1,200 ;; Nodes Proc: 431,314 -- Edges Proc: 15,085,722

===PRINTING FRAME STATS

FCollision In Avg:53, SD:34, Max:197, Min:5
FCollision Out Avg:49, SD:37, Max:155, Min:2
FCollision End Avg:17, SD:24, Max:99, Min:0
FTask1 Avg:10, SD:9, Max:40, Min:0
FTask2 Avg:22, SD:20, Max:77, Min:0
FTask3 Avg:31, SD:6, Max:72, Min:18
FCore Active Avg:65, SD:22, Max:100, Min:25
FRouter Active Avg:90, SD:4, Max:176, Min:81
T1 invocations: 340,642
T2 invocations: 444,605
T3 invocations: 10,186,968
T3b invocations: 0
Total3 invocations: 10,186,968
Total4 invocations: 19,572

T3/T2 ratio: 23
T3b/T3 ratio: 0

T1 avg ex cycles: 29
T2 avg ex cycles: 50
T3&b avg ex cycles: 3
T4 avg ex cycles: 159
Avg. hops NOC1: 3
Avg. latency NOC1 (T2): 6,023
Avg. hops NOC2: 17
Avg. latency NOC2 (T3): 2,054

===PRINTING ACUM STATS at pu_cycles: 1,300,903

ACollision In Avg:98, SD:15, Max:163, Min:51
ACollision Out Avg:99, SD:23, Max:163, Min:35
ACollision End Avg:30, SD:13, Max:75, Min:0
ATask1 Avg:5, SD:1, Max:7, Min:1
ATask2 Avg:23, SD:3, Max:31, Min:8
ATask3 Avg:34, SD:5, Max:61, Min:23
ACore Active Avg:63, SD:7, Max:87, Min:43
ARouter Active Avg:87, SD:1, Max:92, Min:84
T1 invocations: 2,136,588
T2 invocations: 3,571,864
T3 invocations: 130,483,459
T3b invocations: 0
Total3 invocations: 130,483,459
Total4 invocations: 65,545

T3/T2 ratio: 37
T3b/T3 ratio: 0

T1 avg ex cycles: 32
T2 avg ex cycles: 84
T3&b avg ex cycles: 3
T4 avg ex cycles: 265
Avg. hops NOC1: 2
Avg. latency NOC1 (T2): 18,120
Avg. hops NOC2: 17
Avg. latency NOC2 (T3): 1,902
Number of K Nodes Processed: 3,498
Number of K Edges Processed: 130,807
Node Re-explore factor: 0.83
Edge Re-explore factor: 1.02
Nodes/cy: 3
Edges/cy: 101
TEPS: 99

---DCache---
DCache Size: 125,904
DRAM words: 133,760
  DHits: 242,357,956
  DMisses: 8,265,621
  DHit Rate (hit/miss): 97%
  DEvictions: 949,482
  DEviction Rate (evict/misses): 11%
  MC Transactions: 8,659,922
  MC Writes: 366,457
Avg. Transactions: 83% , Writes: 4%, Avg. Latency: 19
Max MC id: 6 of 8. Transactions: 84% , Writes: 4%, MC mean Latency: 19
HBM refresh energy (nJ): 3
HBM access energy (nJ): 16,405,356
MemC wire energy 2.5d (nJ): 7,815,447
MemC wire energy 3d (nJ): 1,953,862

---Energy---
Leakage Energy (nJ): 440,987
PU Dyn E (nJ): 7,802,424
Mem Dyn E (nJ): 52,385,464
Route Dyn E (nJ): 13,505,374
Dynamic Energy (nJ): 73,693,263
Ratio of Dyn/Leak: 167
Total Energy (nJ): 74,134,250
Total Energy (nJ) 3D: 73,054,058
Cores Energy (nJ): 7,806,045
Route Energy (nJ): 13,517,294
Route Energy (nJ) 3D: 18,298,688
Mem Energy   (nJ): 52,810,912
Mem Energy   (nJ) 3D: 46,949,326
Avg. Power (mW): 56,986.76
Power Density (mW/mm2): 127.79

---Runtime---
Runtime in K cycles: 1,300.90
Microseconds: 1,300.90
Time per iteration (ms): 1.30

---Throughput---
GOP/s (aka OPS/ns): 513.33
GOP/s per core: 0.50
FLOP/s: 200.75
FLOP/s per core: 0.20
Max Peak FLOP/s: 1,024.00
Avg. BW GB/s: 3,429.42
Max BW GB/s: 4,096.00

---Traffic---
In-Die bisection_bytes BW (GB/s): 512.00
Inter-board traffic (msg/ns): 0.00, per-link: 0.00
Inter-pack traffic (msg/ns): 0.00, per-link: 0.00
Inter-die traffic (msg/ns): 0.00, per-link: 0.00
Ruche traffic (msg/ns): 0.00, per-link: 0.00
All traffic (msg/ns): 3,655.19, per-link: 3.57
Inter-die reduction wrt all: inf
Inter-board reduction wrt inter-die: -nan

---Data Movement---
All traffic (msg): 4,755,046,271
Arith. Intensity FLOP/Loads: 0.47
Arith. Intensity FLOP/Msgs: 0.05
Arith. Intensity OPS/Loads: 1.20
Arith. Intensity OPS/Msgs: 0.14



===Core Utilization Total=== CORE-S:13;; TIME K cy:1,300 ;; Nodes Proc: 437,783 -- Edges Proc: 16,324,682

===PRINTING FRAME STATS

FCollision In Avg:29, SD:28, Max:121, Min:3
FCollision Out Avg:28, SD:31, Max:128, Min:0
FCollision End Avg:11, SD:18, Max:98, Min:0
FTask1 Avg:9, SD:10, Max:45, Min:0
FTask2 Avg:18, SD:21, Max:84, Min:0
FTask3 Avg:25, SD:5, Max:65, Min:11
FCore Active Avg:55, SD:26, Max:100, Min:19
FRouter Active Avg:82, SD:5, Max:96, Min:68
T1 invocations: 319,074
T2 invocations: 403,091
T3 invocations: 8,346,114
T3b invocations: 0
Total3 invocations: 8,346,114
Total4 invocations: 22,430

T3/T2 ratio: 21
T3b/T3 ratio: 0

T1 avg ex cycles: 29
T2 avg ex cycles: 45
T3&b avg ex cycles: 3
T4 avg ex cycles: 132
Avg. hops NOC1: 3
Avg. latency NOC1 (T2): 4,373
Avg. hops NOC2: 17
Avg. latency NOC2 (T3): 2,147

===PRINTING ACUM STATS at pu_cycles: 1,400,915

ACollision In Avg:94, SD:15, Max:155, Min:48
ACollision Out Avg:94, SD:22, Max:156, Min:33
ACollision End Avg:29, SD:12, Max:71, Min:1
ATask1 Avg:5, SD:1, Max:7, Min:1
ATask2 Avg:22, SD:2, Max:29, Min:11
ATask3 Avg:33, SD:5, Max:61, Min:22
ACore Active Avg:62, SD:6, Max:85, Min:44
ARouter Active Avg:87, SD:1, Max:91, Min:84
T1 invocations: 2,458,325
T2 invocations: 3,975,785
T3 invocations: 138,819,539
T3b invocations: 0
Total3 invocations: 138,819,539
Total4 invocations: 88,019

T3/T2 ratio: 35
T3b/T3 ratio: 0

T1 avg ex cycles: 31
T2 avg ex cycles: 80
T3&b avg ex cycles: 3
T4 avg ex cycles: 231
Avg. hops NOC1: 2
Avg. latency NOC1 (T2): 16,719
Avg. hops NOC2: 17
Avg. latency NOC2 (T3): 1,916
Number of K Nodes Processed: 3,535
Number of K Edges Processed: 139,040
Node Re-explore factor: 0.84
Edge Re-explore factor: 1.08
Nodes/cy: 3
Edges/cy: 99
TEPS: 92

---DCache---
DCache Size: 125,904
DRAM words: 133,760
  DHits: 258,434,010
  DMisses: 8,758,043
  DHit Rate (hit/miss): 97%
  DEvictions: 1,045,012
  DEviction Rate (evict/misses): 12%
  MC Transactions: 9,177,079
  MC Writes: 390,161
Avg. Transactions: 82% , Writes: 3%, Avg. Latency: 18
Max MC id: 2 of 8. Transactions: 82% , Writes: 3%, MC mean Latency: 18
HBM refresh energy (nJ): 4
HBM access energy (nJ): 17,385,058
MemC wire energy 2.5d (nJ): 8,282,174
MemC wire energy 3d (nJ): 2,070,543

---Energy---
Leakage Energy (nJ): 474,890
PU Dyn E (nJ): 8,326,062
Mem Dyn E (nJ): 55,653,951
Route Dyn E (nJ): 14,363,292
Dynamic Energy (nJ): 78,343,305
Ratio of Dyn/Leak: 165
Total Energy (nJ): 78,818,195
Total Energy (nJ) 3D: 77,691,693
Cores Energy (nJ): 8,329,961
Route Energy (nJ): 14,376,128
Route Energy (nJ) 3D: 19,461,256
Mem Energy   (nJ): 56,112,107
Mem Energy   (nJ) 3D: 49,900,476
Avg. Power (mW): 56,261.94
Power Density (mW/mm2): 126.16

---Runtime---
Runtime in K cycles: 1,400.91
Microseconds: 1,400.91
Time per iteration (ms): 1.40

---Throughput---
GOP/s (aka OPS/ns): 511.44
GOP/s per core: 0.50
FLOP/s: 198.24
FLOP/s per core: 0.19
Max Peak FLOP/s: 1,024.00
Avg. BW GB/s: 3,389.74
Max BW GB/s: 4,096.00

---Traffic---
In-Die bisection_bytes BW (GB/s): 512.00
Inter-board traffic (msg/ns): 0.00, per-link: 0.00
Inter-pack traffic (msg/ns): 0.00, per-link: 0.00
Inter-die traffic (msg/ns): 0.00, per-link: 0.00
Ruche traffic (msg/ns): 0.00, per-link: 0.00
All traffic (msg/ns): 3,609.53, per-link: 3.52
Inter-die reduction wrt all: inf
Inter-board reduction wrt inter-die: -nan

---Data Movement---
All traffic (msg): 5,056,644,502
Arith. Intensity FLOP/Loads: 0.47
Arith. Intensity FLOP/Msgs: 0.05
Arith. Intensity OPS/Loads: 1.21
Arith. Intensity OPS/Msgs: 0.14



===Core Utilization Total=== CORE-S:14;; TIME K cy:1,400 ;; Nodes Proc: 442,480 -- Edges Proc: 17,319,572

===PRINTING FRAME STATS

FCollision In Avg:13, SD:19, Max:109, Min:0
FCollision Out Avg:14, SD:22, Max:115, Min:0
FCollision End Avg:5, SD:12, Max:94, Min:0
FTask1 Avg:6, SD:10, Max:52, Min:0
FTask2 Avg:10, SD:18, Max:88, Min:0
FTask3 Avg:15, SD:3, Max:42, Min:8
FCore Active Avg:32, SD:25, Max:100, Min:11
FRouter Active Avg:58, SD:9, Max:91, Min:38
T1 invocations: 208,045
T2 invocations: 257,306
T3 invocations: 4,782,906
T3b invocations: 0
Total3 invocations: 4,782,906
Total4 invocations: 17,242

T3/T2 ratio: 19
T3b/T3 ratio: 0

T1 avg ex cycles: 29
T2 avg ex cycles: 40
T3&b avg ex cycles: 3
T4 avg ex cycles: 114
Avg. hops NOC1: 3
Avg. latency NOC1 (T2): 3,080
Avg. hops NOC2: 17
Avg. latency NOC2 (T3): 1,610

===PRINTING ACUM STATS at pu_cycles: 1,501,021

ACollision In Avg:88, SD:14, Max:148, Min:45
ACollision Out Avg:88, SD:21, Max:152, Min:31
ACollision End Avg:27, SD:12, Max:66, Min:1
ATask1 Avg:5, SD:1, Max:7, Min:2
ATask2 Avg:21, SD:2, Max:27, Min:14
ATask3 Avg:32, SD:5, Max:60, Min:22
ACore Active Avg:60, SD:5, Max:83, Min:46
ARouter Active Avg:85, SD:1, Max:90, Min:82
T1 invocations: 2,670,768
T2 invocations: 4,236,792
T3 invocations: 143,670,829
T3b invocations: 0
Total3 invocations: 143,670,829
Total4 invocations: 105,335

T3/T2 ratio: 34
T3b/T3 ratio: 0

T1 avg ex cycles: 31
T2 avg ex cycles: 77
T3&b avg ex cycles: 3
T4 avg ex cycles: 212
Avg. hops NOC1: 3
Avg. latency NOC1 (T2): 15,880
Avg. hops NOC2: 17
Avg. latency NOC2 (T3): 1,907
Number of K Nodes Processed: 3,557
Number of K Edges Processed: 143,716
Node Re-explore factor: 0.85
Edge Re-explore factor: 1.12
Nodes/cy: 2
Edges/cy: 96
TEPS: 85

---DCache---
DCache Size: 125,904
DRAM words: 133,760
  DHits: 267,991,230
  DMisses: 9,024,850
  DHit Rate (hit/miss): 97%
  DEvictions: 1,107,574
  DEviction Rate (evict/misses): 12%
  MC Transactions: 9,457,960
  MC Writes: 403,968
Avg. Transactions: 79% , Writes: 3%, Avg. Latency: 18
Max MC id: 7 of 8. Transactions: 79% , Writes: 3%, MC mean Latency: 18
HBM refresh energy (nJ): 4
HBM access energy (nJ): 17,917,159
MemC wire energy 2.5d (nJ): 8,535,665
MemC wire energy 3d (nJ): 2,133,916

---Energy---
Leakage Energy (nJ): 508,824
PU Dyn E (nJ): 8,636,380
Mem Dyn E (nJ): 57,512,306
Route Dyn E (nJ): 14,858,241
Dynamic Energy (nJ): 81,006,928
Ratio of Dyn/Leak: 159
Total Energy (nJ): 81,515,752
Total Energy (nJ) 3D: 80,374,361
Cores Energy (nJ): 8,640,558
Route Energy (nJ): 14,871,995
Route Energy (nJ) 3D: 20,132,352
Mem Energy   (nJ): 58,003,200
Mem Energy   (nJ) 3D: 51,601,451
Avg. Power (mW): 54,306.87
Power Density (mW/mm2): 121.78

---Runtime---
Runtime in K cycles: 1,501.02
Microseconds: 1,501.02
Time per iteration (ms): 1.50

---Throughput---
GOP/s (aka OPS/ns): 496.98
GOP/s per core: 0.49
FLOP/s: 191.45
FLOP/s per core: 0.19
Max Peak FLOP/s: 1,024.00
Avg. BW GB/s: 3,276.24
Max BW GB/s: 4,096.00

---Traffic---
In-Die bisection_bytes BW (GB/s): 512.00
Inter-board traffic (msg/ns): 0.00, per-link: 0.00
Inter-pack traffic (msg/ns): 0.00, per-link: 0.00
Inter-die traffic (msg/ns): 0.00, per-link: 0.00
Ruche traffic (msg/ns): 0.00, per-link: 0.00
All traffic (msg/ns): 3,484.45, per-link: 3.40
Inter-die reduction wrt all: inf
Inter-board reduction wrt inter-die: -nan

---Data Movement---
All traffic (msg): 5,230,233,723
Arith. Intensity FLOP/Loads: 0.47
Arith. Intensity FLOP/Msgs: 0.05
Arith. Intensity OPS/Loads: 1.22
Arith. Intensity OPS/Msgs: 0.14



===Core Utilization Total=== CORE-S:15;; TIME K cy:1,500 ;; Nodes Proc: 445,197 -- Edges Proc: 17,910,496
======== IT IS COLD ======= Only 38 Tiles active

===PRINTING FRAME STATS

FCollision In Avg:3, SD:12, Max:102, Min:0
FCollision Out Avg:4, SD:14, Max:91, Min:0
FCollision End Avg:2, SD:7, Max:87, Min:0
FTask1 Avg:2, SD:6, Max:47, Min:0
FTask2 Avg:3, SD:11, Max:99, Min:0
FTask3 Avg:5, SD:1, Max:17, Min:1
FCore Active Avg:10, SD:15, Max:100, Min:3
FRouter Active Avg:23, SD:9, Max:80, Min:10
T1 invocations: 66,948
T2 invocations: 78,918
T3 invocations: 1,528,079
T3b invocations: 0
Total3 invocations: 1,528,079
Total4 invocations: 6,620

T3/T2 ratio: 19
T3b/T3 ratio: 0

T1 avg ex cycles: 29
T2 avg ex cycles: 38
T3&b avg ex cycles: 3
T4 avg ex cycles: 97
Avg. hops NOC1: 4
Avg. latency NOC1 (T2): 2,935
Avg. hops NOC2: 17
Avg. latency NOC2 (T3): 1,038

===PRINTING ACUM STATS at pu_cycles: 1,600,268

ACollision In Avg:83, SD:14, Max:145, Min:42
ACollision Out Avg:83, SD:20, Max:146, Min:29
ACollision End Avg:26, SD:11, Max:62, Min:1
ATask1 Avg:5, SD:0, Max:7, Min:3
ATask2 Avg:20, SD:1, Max:25, Min:15
ATask3 Avg:30, SD:5, Max:57, Min:21
ACore Active Avg:57, SD:5, Max:81, Min:45
ARouter Active Avg:81, SD:2, Max:87, Min:77
T1 invocations: 2,735,485
T2 invocations: 4,313,917
T3 invocations: 145,182,508
T3b invocations: 0
Total3 invocations: 145,182,508
Total4 invocations: 111,901

T3/T2 ratio: 34
T3b/T3 ratio: 0

T1 avg ex cycles: 31
T2 avg ex cycles: 77
T3&b avg ex cycles: 3
T4 avg ex cycles: 205
Avg. hops NOC1: 3
Avg. latency NOC1 (T2): 15,647
Avg. hops NOC2: 17
Avg. latency NOC2 (T3): 1,897
Number of K Nodes Processed: 3,565
Number of K Edges Processed: 145,192
Node Re-explore factor: 0.85
Edge Re-explore factor: 1.13
Nodes/cy: 2
Edges/cy: 91
TEPS: 80

---DCache---
DCache Size: 125,904
DRAM words: 133,760
  DHits: 271,090,300
  DMisses: 9,100,449
  DHit Rate (hit/miss): 97%
  DEvictions: 1,126,808
  DEviction Rate (evict/misses): 12%
  MC Transactions: 9,537,764
  MC Writes: 408,150
Avg. Transactions: 75% , Writes: 3%, Avg. Latency: 18
Max MC id: 7 of 8. Transactions: 75% , Writes: 3%, MC mean Latency: 18
HBM refresh energy (nJ): 4
HBM access energy (nJ): 18,068,340
MemC wire energy 2.5d (nJ): 8,607,687
MemC wire energy 3d (nJ): 2,151,922

---Energy---
Leakage Energy (nJ): 542,467
PU Dyn E (nJ): 8,730,759
Mem Dyn E (nJ): 58,065,840
Route Dyn E (nJ): 15,014,084
Dynamic Energy (nJ): 81,810,683
Ratio of Dyn/Leak: 151
Total Energy (nJ): 82,353,150
Total Energy (nJ) 3D: 81,212,917
Cores Energy (nJ): 8,735,213
Route Energy (nJ): 15,028,747
Route Energy (nJ) 3D: 20,344,279
Mem Energy   (nJ): 58,589,191
Mem Energy   (nJ) 3D: 52,133,427
Avg. Power (mW): 51,462.10
Power Density (mW/mm2): 115.40

---Runtime---
Runtime in K cycles: 1,600.27
Microseconds: 1,600.27
Time per iteration (ms): 1.60

---Throughput---
GOP/s (aka OPS/ns): 471.82
GOP/s per core: 0.46
FLOP/s: 181.40
FLOP/s per core: 0.18
Max Peak FLOP/s: 1,024.00
Avg. BW GB/s: 3,105.22
Max BW GB/s: 4,096.00

---Traffic---
In-Die bisection_bytes BW (GB/s): 512.00
Inter-board traffic (msg/ns): 0.00, per-link: 0.00
Inter-pack traffic (msg/ns): 0.00, per-link: 0.00
Inter-die traffic (msg/ns): 0.00, per-link: 0.00
Ruche traffic (msg/ns): 0.00, per-link: 0.00
All traffic (msg/ns): 3,302.30, per-link: 3.22
Inter-die reduction wrt all: inf
Inter-board reduction wrt inter-die: -nan

---Data Movement---
All traffic (msg): 5,284,559,323
Arith. Intensity FLOP/Loads: 0.47
Arith. Intensity FLOP/Msgs: 0.05
Arith. Intensity OPS/Loads: 1.22
Arith. Intensity OPS/Msgs: 0.14



===Core Utilization Total=== CORE-S:16;; TIME K cy:1,600 ;; Nodes Proc: 446,266 -- Edges Proc: 18,060,229
======== IT IS COLD ======= Only 11 Tiles active
Epoch Done Router: 0
Epoch Done Router: 6
Epoch Done Router: 5
Epoch Done Router: 3
Epoch Done Router: 2
Epoch Done Router: 4
Epoch Done Router: 7
##EPOCH## 1 COMPLETED at Time (K cy): 1,687
Nodes processed until now: 3,566,820
Edges processed until now: 145,459,748
Epoch Done Router: 1
Program Done Router Thread: 1
Program Done Router Thread: 2
Program Done Router Thread: 4
Program Done Router Thread: 7
Program Done Router Thread: 3
Program Done Worker Thread: 4
Program Done Router Thread: 5
Program Done Worker Thread: 2
Program Done Worker Thread: 5
Program Done Router Thread: 0
Program Done Worker Thread: 1
Program Done Worker Thread: 3
Program Done Worker Thread: 0
Program Done Worker Thread: 7
Program Done Router Thread: 6
Program Done Worker Thread: 6

===PRINTING ACUM STATS at pu_cycles: 1,687,396

ACollision In Avg:79, SD:13, Max:138, Min:40
ACollision Out Avg:79, SD:19, Max:139, Min:28
ACollision End Avg:25, SD:10, Max:59, Min:1
ATask1 Avg:5, SD:0, Max:8, Min:4
ATask2 Avg:19, SD:1, Max:25, Min:17
ATask3 Avg:29, SD:4, Max:54, Min:20
ACore Active Avg:54, SD:5, Max:81, Min:43
ARouter Active Avg:77, SD:1, Max:84, Min:73
T1 invocations: 2,750,110
T2 invocations: 4,333,940
T3 invocations: 145,459,748
T3b invocations: 0
Total3 invocations: 145,459,748
Total4 invocations: 113,136

T3/T2 ratio: 34
T3b/T3 ratio: 0

T1 avg ex cycles: 31
T2 avg ex cycles: 77
T3&b avg ex cycles: 3
T4 avg ex cycles: 204
Avg. hops NOC1: 3
Avg. latency NOC1 (T2): 15,588
Avg. hops NOC2: 17
Avg. latency NOC2 (T3): 1,895

Runtime at program end in K cycles: 1,687
Runtime before cooldown in K cycles: 1,400


Number of K Nodes Processed: 3,566
Number of K Edges Processed: 145,459
Node Re-explore factor: 0.85
Edge Re-explore factor: 1.13
Nodes/cy: 2
Edges/cy: 86
TEPS: 76

---DCache---
DCache Size: 125,904
DRAM words: 133,760
  DHits: 271,656,011
  DMisses: 9,118,123
  DHit Rate (hit/miss): 97%
  DEvictions: 1,130,317
  DEviction Rate (evict/misses): 12%
  MC Transactions: 9,556,059
  MC Writes: 408,768
Avg. Transactions: 71% , Writes: 3%, Avg. Latency: 18
Max MC id: 3 of 8. Transactions: 71% , Writes: 3%, MC mean Latency: 18
HBM refresh energy (nJ): 4
HBM access energy (nJ): 18,102,998
MemC wire energy 2.5d (nJ): 8,624,197
MemC wire energy 3d (nJ): 2,156,049

---Energy---
Leakage Energy (nJ): 572,003
PU Dyn E (nJ): 8,750,848
Mem Dyn E (nJ): 58,184,786
Route Dyn E (nJ): 15,043,692
Dynamic Energy (nJ): 81,979,326
Ratio of Dyn/Leak: 143
Total Energy (nJ): 82,551,329
Total Energy (nJ) 3D: 81,409,195
Cores Energy (nJ): 8,755,544
Route Energy (nJ): 15,059,153
Route Energy (nJ) 3D: 20,385,166
Mem Energy   (nJ): 58,736,632
Mem Energy   (nJ) 3D: 52,268,484
Avg. Power (mW): 48,922.32
Power Density (mW/mm2): 109.70

---Runtime---
Runtime in K cycles: 1,687.40
Microseconds: 1,687.40
Time per iteration (ms): 1.69

---Inst---
K Loads: 621,474
K Stores: 623,520
K Instructions: 756,914

---Throughput---
GOP/s (aka OPS/ns): 448.57
GOP/s per core: 0.44
FLOP/s: 172.41
FLOP/s per core: 0.17
Max Peak FLOP/s: 1,024.00
Avg. BW GB/s: 2,951.28
Max BW GB/s: 4,096.00

---Traffic---
In-Die bisection_bytes BW (GB/s): 512.00
Inter-board traffic (msg/ns): 0.00, per-link: 0.00
Inter-pack traffic (msg/ns): 0.00, per-link: 0.00
Inter-die traffic (msg/ns): 0.00, per-link: 0.00
Ruche traffic (msg/ns): 0.00, per-link: 0.00
All traffic (msg/ns): 3,137.96, per-link: 3.06
Inter-die reduction wrt all: inf
Inter-board reduction wrt inter-die: -nan

---Data Movement---
All traffic (msg): 5,294,979,786
Arith. Intensity FLOP/Loads: 0.47
Arith. Intensity FLOP/Msgs: 0.05
Arith. Intensity OPS/Loads: 1.22
Arith. Intensity OPS/Msgs: 0.14

Simulation time: 152.15
Sim noc_cy/s: 11,090.14
Sim Msg/s: 34,800,404.25

Version 31

