Dataset:  Kron22/
Dry run: 0
Open Edge Count File succesfully
Edges Traversed BFS: 128309848
Found Vertices: 4194304, Edges: 128311436
avg degree 31
Array  Kron22/node_array.bin found
Malloc array of size 16777220 bytes
Readin array of size 16777216 bytes
Finished Reading Array Bytes
No reordering Array 32bit
Array  Kron22/edge_array.bin found
Malloc array of size 513245744 bytes
Readin array of size 513245744 bytes
Finished Reading Array Bytes
No reordering Array 32bit
Array  Kron22/edge_values.bin found
Malloc array of size 513245744 bytes
Readin array of size 513245744 bytes
Finished Reading Array Bytes
No reordering Array 32bit
Reading graph elapsed time: 0.24821s

Dataset Footprint: 1027 MiB
Dataset Footprint per Board: 8615.1 Mb
Dataset injection time (ms): 0.525824
Max Dataset Footprint: 1026 MiB

Dataset footprint per tile: 1027 KiB
Proxys footprint per tile: 0 KiB
Reserved SRAM per tile: 28 KiB

Ideal SRAM per tile: 1055 KiB
reserved_words_for_dataset:24756
dataset_words_per_tile:262912
remaining_sram_words:123782
min_dcache_sram_words_required:25138
dataset_words_per_tile:262912
min_pcache_sram_words_required:0
proxys_words_per_tile:0
Dcache footprint ratio: 3
Dataset Cached: 1
DCache: 122336 words, lines: 7646, sets: 7646
Proxys Cached: 0
Pcache: 0 words, sets: 0
Node per tile: 4,096
Edge per tile: 125,305
GRID_X: 32
GRID_SIZE: 1,024
smt_per_tile: 1
noc_freq: 1
pu_freq: 1
RUCHE_X: 0
PROXY_W: 32
DIE_W: 32
DIE_H: 32
DIES: 1
BORDER_TILES_PER_DIE: 128
PACK_W: 32
PACK_H: 32
DIES_PACK_FACTOR: 1
DIES_PER_PACK: 1
PACKAGES: 1
BOARD_W: 32
BOARD_H: 32
BOARDS: 1
MUX_BUS: 1
DCACHE: 1
PCACHE: 0
PROXY_FACTOR: 1
CACHE_WAYS: 1
TORUS: 1
PHY_NOCS: 1
WIDE_NOC_ID: 0
NOC_CONF: 1
noc_width: 32
hbm_channel_bit_width: 512
ld_st_op_byte_width: 4
PROXY_ROUTING: 0
WRITE_THROUGH: 0
ASSERT_MODE: 0
GLOBAL_BARRIER: 0
OQ flits: 36 ; 384 ; 2
IQ flits: 576 ; 6,144 ; 2
OQ messages: 12 ; 192 ; 1
IQ messages: 192 ; 3,072 ; 1
max_task2 size: 64
io_factor_t2: 16
io_factor_t3: 16
io_factor_t3b: 16

Active SRAM Storage per tile: 511 KiB
Total SRAM Storage per tile: 512 KiB
Agreggated SRAM Storage: 512 MiB

Active DRAM Storage per tile: 1.00293 MiB
Total DRAM Storage per tile: 8 MiB
Agreggated DRAM Storage: 8 GiB

Inter-Die #links: 1,024
Inter-Die (Gbits): 32,768
Inter-Die (Gbits/mm): 512.055
Bisection BW of Board (Gbits): 8,192
Border IO #Dies: 4
Border IO Die BW (Gbits): 4,096
Off-Board BW Total (Gbits): 16,384
Off-Board BW Density (Gbits/mm): 193
Die side: 16.00 mm
Die border wire density: 512.06 Gbits/mm
HBM wire density: 256.03 Gbits/mm

Tiles per Die: 1,024 (32x32)
Tile Area: 0.19 mm2, side: 0.44 mm
- Core/Rout Area: 0.05 mm2
- SRAM Area: 0.14 mm2
- SRAM/Logic Ratio: 2.80x

Dies per Package: 1 (1x1)
Die Area: 255.94 mm2, side: 16.00 mm
- Tiles Area: 199.45 mm2
- PHY Area: 47.49 mm2
- MC Area: 9.00 mm2

Packages per Board: 1 (1x1)
Package Area: 445.94 mm2, side: 21.12 mm
- IOdie Area: 80.00 mm2
- Dies Area: 255.94 mm2
- HBM Area: 110.00 mm2

Boards: 1 (1x1)
Board Area: 445.94 mm2
Total Area: 445.94 mm2



ESTIMATED COST OF SILICON AND PACKAGING. ONLY VARIABLE, NO FIXED COSTS
Good dies per wafer 3d: 127
Good dies per wafer 2d: 180
--Dies 3D Cost: 47.61 $
--Dies 2.5D Cost: 33.59 $
--Dies 2D Cost: 33.59 $
--HBM Cost: 60.00 $
--IOdie Cost: 8.44 $
--Packaging Cost 3d: 10.09 $
--Packaging Cost 2.5d: 18.06 $
--Packaging Cost 2d: 6.31 $
SiP Cost 3d: 126.14 $
SiP Cost 2.5d: 120.10 $
SiP Cost 2d: 48.34 $
--Board Cost: 0.45 $
Total SiPs Cost 3d: 126.59 $
Total SiPs Cost 2.5d: 120.54 $
Total SiPs Cost 2d: 48.79 $

Perf counters initialized
Mesh connected
Cache structures initialized
proxys initialized
Dataset structures initialized


Starting Simulation
INIT epoch: 1
INIT epoch: 1
INIT epoch: 1
INIT epoch: 1
INIT epoch: 1
INIT epoch: 1
INIT epoch: 1
INIT epoch: 1

===PRINTING FRAME STATS

FCollision In Avg:-nan, SD:-nan, Max:243, Min:4
FCollision Out Avg:-nan, SD:-nan, Max:185, Min:11
FCollision End Avg:-nan, SD:-nan, Max:96, Min:0
FTask1 Avg:-nan, SD:-nan, Max:29, Min:0
FTask2 Avg:-nan, SD:-nan, Max:73, Min:0
FTask3 Avg:-nan, SD:-nan, Max:73, Min:18
FCore Active Avg:-nan, SD:-nan, Max:100, Min:61
FRouter Active Avg:-nan, SD:-nan, Max:58, Min:40
T1 invocations: 46,114
T2 invocations: 134,248
T3 invocations: 3,247,625
T3b invocations: 0
Total3 invocations: 3,247,625
Total4 invocations: 0

T3/T2 ratio: 24
T3b/T3 ratio: 0

T1 avg ex cycles: 199
T2 avg ex cycles: 269
T3&b avg ex cycles: 14
T4 avg ex cycles: -nan
Avg. hops NOC1: 5
Avg. latency NOC1 (T2): 30,007
Avg. hops NOC2: 21
Avg. latency NOC2 (T3): 27,635

===PRINTING ACUM STATS at pu_cycles: 101,187

ACollision In Avg:-nan, SD:-nan, Max:243, Min:4
ACollision Out Avg:-nan, SD:-nan, Max:185, Min:11
ACollision End Avg:-nan, SD:-nan, Max:96, Min:0
ATask1 Avg:-nan, SD:-nan, Max:29, Min:0
ATask2 Avg:-nan, SD:-nan, Max:73, Min:0
ATask3 Avg:-nan, SD:-nan, Max:73, Min:18
ACore Active Avg:-nan, SD:-nan, Max:100, Min:61
ARouter Active Avg:-nan, SD:-nan, Max:58, Min:40
T1 invocations: 46,235
T2 invocations: 134,518
T3 invocations: 3,256,484
T3b invocations: 0
Total3 invocations: 3,256,484
Total4 invocations: 0

T3/T2 ratio: 24
T3b/T3 ratio: 0

T1 avg ex cycles: 199
T2 avg ex cycles: 269
T3&b avg ex cycles: 14
T4 avg ex cycles: -nan
Avg. hops NOC1: 5
Avg. latency NOC1 (T2): 29,988
Avg. hops NOC2: 21
Avg. latency NOC2 (T3): 27,631
Number of K Nodes Processed: 3,374
Number of K Edges Processed: 4,175
Node Re-explore factor: 0.80
Edge Re-explore factor: 0.03
Nodes/cy: 33
Edges/cy: 41
TEPS: 1,268

---DCache---
DCache Size: 122,336
DRAM words: 262,912
  DHits: 10,485,029
  DMisses: 790,688
  DHit Rate (hit/miss): 93%
  DEvictions: 18,195
  DEviction Rate (evict/misses): 2%
  MC Transactions: 807,043
  MC Writes: 5,303
Avg. Transactions: 100% , Writes: 1%, Avg. Latency: 88
Max MC id: 7 of 8. Transactions: 100% , Writes: 0%, MC mean Latency: 85
HBM refresh energy (nJ): 0
HBM access energy (nJ): 1,528,862
MemC wire energy 2.5d (nJ): 728,344
MemC wire energy 3d (nJ): 182,086

---Energy---
Leakage Energy (nJ): 34,301
PU Dyn E (nJ): 231,324
Mem Dyn E (nJ): 3,272,626
Route Dyn E (nJ): 425,740
Dynamic Energy (nJ): 3,929,690
Ratio of Dyn/Leak: 115
Total Energy (nJ): 3,963,991
Total Energy (nJ) 3D: 3,568,460
Cores Energy (nJ): 231,606
Route Energy (nJ): 426,667
Route Energy (nJ) 3D: 577,395
Mem Energy   (nJ): 3,305,718
Mem Energy   (nJ) 3D: 2,759,460
Avg. Power (mW): 39,174.90
Power Density (mW/mm2): 87.85

---Runtime---
Runtime in K cycles: 101.19
Microseconds: 101.19
Time per iteration (ms): 0.10

---Throughput---
GOP/s (aka OPS/ns): 215.06
GOP/s per core: 0.21
FLOP/s: 71.67
FLOP/s per core: 0.07
Max Peak FLOP/s: 1,024.00
Avg. BW GB/s: 1,506.41
Max BW GB/s: 4,096.00

---Traffic---
In-Die bisection_bytes BW (GB/s): 512.00
Inter-board traffic (msg/ns): 0.00, per-link: 0.00
Inter-pack traffic (msg/ns): 0.00, per-link: 0.00
Inter-die traffic (msg/ns): 0.00, per-link: 0.00
Ruche traffic (msg/ns): 0.00, per-link: 0.00
All traffic (msg/ns): 1,639.27, per-link: 1.60
Inter-die reduction wrt all: inf
Inter-board reduction wrt inter-die: -nan

---Data Movement---
All traffic (msg): 165,872,660
Arith. Intensity FLOP/Loads: 0.38
Arith. Intensity FLOP/Msgs: 0.04
Arith. Intensity OPS/Loads: 1.14
Arith. Intensity OPS/Msgs: 0.13



===Core Utilization Total=== CORE-S:1;; TIME K cy:100 ;; Nodes Proc: 398,982 -- Edges Proc: 556,242

===PRINTING FRAME STATS

FCollision In Avg:115, SD:35, Max:273, Min:20
FCollision Out Avg:131, SD:32, Max:193, Min:36
FCollision End Avg:40, SD:35, Max:106, Min:0
FTask1 Avg:6, SD:3, Max:16, Min:0
FTask2 Avg:38, SD:20, Max:89, Min:0
FTask3 Avg:17, SD:7, Max:69, Min:8
FCore Active Avg:61, SD:21, Max:100, Min:11
FRouter Active Avg:58, SD:4, Max:71, Min:48
T1 invocations: 43,101
T2 invocations: 169,600
T3 invocations: 5,951,237
T3b invocations: 0
Total3 invocations: 5,951,237
Total4 invocations: 0

T3/T2 ratio: 35
T3b/T3 ratio: 0

T1 avg ex cycles: 133
T2 avg ex cycles: 231
T3&b avg ex cycles: 3
T4 avg ex cycles: -nan
Avg. hops NOC1: 3
Avg. latency NOC1 (T2): 71,507
Avg. hops NOC2: 15
Avg. latency NOC2 (T3): 12,067

===PRINTING ACUM STATS at pu_cycles: 200,855

ACollision In Avg:102, SD:29, Max:240, Min:30
ACollision Out Avg:117, SD:32, Max:179, Min:34
ACollision End Avg:33, SD:30, Max:98, Min:0
ATask1 Avg:7, SD:4, Max:19, Min:0
ATask2 Avg:37, SD:17, Max:74, Min:0
ATask3 Avg:31, SD:5, Max:58, Min:20
ACore Active Avg:76, SD:14, Max:100, Min:39
ARouter Active Avg:53, SD:3, Max:61, Min:46
T1 invocations: 90,884
T2 invocations: 308,740
T3 invocations: 9,314,213
T3b invocations: 0
Total3 invocations: 9,314,213
Total4 invocations: 0

T3/T2 ratio: 30
T3b/T3 ratio: 0

T1 avg ex cycles: 168
T2 avg ex cycles: 248
T3&b avg ex cycles: 7
T4 avg ex cycles: -nan
Avg. hops NOC1: 3
Avg. latency NOC1 (T2): 52,771
Avg. hops NOC2: 17
Avg. latency NOC2 (T3): 17,686
Number of K Nodes Processed: 9,323
Number of K Edges Processed: 9,558
Node Re-explore factor: 2.22
Edge Re-explore factor: 0.07
Nodes/cy: 46
Edges/cy: 48
TEPS: 639

---DCache---
DCache Size: 122,336
DRAM words: 262,912
  DHits: 25,595,903
  DMisses: 1,521,700
  DHit Rate (hit/miss): 94%
  DEvictions: 79,864
  DEviction Rate (evict/misses): 5%
  MC Transactions: 1,563,879
  MC Writes: 25,219
Avg. Transactions: 97% , Writes: 2%, Avg. Latency: 66
Max MC id: 1 of 8. Transactions: 100% , Writes: 1%, MC mean Latency: 76
HBM refresh energy (nJ): 1
HBM access energy (nJ): 2,962,612
MemC wire energy 2.5d (nJ): 1,411,377
MemC wire energy 3d (nJ): 352,844

---Energy---
Leakage Energy (nJ): 68,087
PU Dyn E (nJ): 577,556
Mem Dyn E (nJ): 6,972,871
Route Dyn E (nJ): 980,003
Dynamic Energy (nJ): 8,530,430
Ratio of Dyn/Leak: 125
Total Energy (nJ): 8,598,517
Total Energy (nJ) 3D: 7,886,941
Cores Energy (nJ): 578,115
Route Energy (nJ): 981,843
Route Energy (nJ) 3D: 1,328,800
Mem Energy   (nJ): 7,038,558
Mem Energy   (nJ) 3D: 5,980,026
Avg. Power (mW): 42,809.57
Power Density (mW/mm2): 96.00

---Runtime---
Runtime in K cycles: 200.85
Microseconds: 200.85
Time per iteration (ms): 0.20

---Throughput---
GOP/s (aka OPS/ns): 255.36
GOP/s per core: 0.25
FLOP/s: 93.93
FLOP/s per core: 0.09
Max Peak FLOP/s: 1,024.00
Avg. BW GB/s: 1,974.98
Max BW GB/s: 4,096.00

---Traffic---
In-Die bisection_bytes BW (GB/s): 512.00
Inter-board traffic (msg/ns): 0.00, per-link: 0.00
Inter-pack traffic (msg/ns): 0.00, per-link: 0.00
Inter-die traffic (msg/ns): 0.00, per-link: 0.00
Ruche traffic (msg/ns): 0.00, per-link: 0.00
All traffic (msg/ns): 1,870.78, per-link: 1.83
Inter-die reduction wrt all: inf
Inter-board reduction wrt inter-die: -nan

---Data Movement---
All traffic (msg): 375,756,022
Arith. Intensity FLOP/Loads: 0.38
Arith. Intensity FLOP/Msgs: 0.05
Arith. Intensity OPS/Loads: 1.04
Arith. Intensity OPS/Msgs: 0.14



===Core Utilization Total=== CORE-S:2;; TIME K cy:200 ;; Nodes Proc: 1,132,790 -- Edges Proc: 1,261,678

===PRINTING FRAME STATS

FCollision In Avg:155, SD:52, Max:301, Min:32
FCollision Out Avg:173, SD:31, Max:284, Min:24
FCollision End Avg:58, SD:44, Max:125, Min:0
FTask1 Avg:4, SD:3, Max:19, Min:0
FTask2 Avg:19, SD:17, Max:89, Min:0
FTask3 Avg:12, SD:6, Max:71, Min:4
FCore Active Avg:35, SD:20, Max:100, Min:8
FRouter Active Avg:57, SD:5, Max:73, Min:43
T1 invocations: 47,656
T2 invocations: 170,502
T3 invocations: 5,494,709
T3b invocations: 0
Total3 invocations: 5,494,709
Total4 invocations: 0

T3/T2 ratio: 32
T3b/T3 ratio: 0

T1 avg ex cycles: 94
T2 avg ex cycles: 114
T3&b avg ex cycles: 2
T4 avg ex cycles: -nan
Avg. hops NOC1: 3
Avg. latency NOC1 (T2): 80,348
Avg. hops NOC2: 17
Avg. latency NOC2 (T3): 4,247

===PRINTING ACUM STATS at pu_cycles: 300,847

ACollision In Avg:119, SD:33, Max:259, Min:42
ACollision Out Avg:136, SD:27, Max:184, Min:47
ACollision End Avg:41, SD:30, Max:98, Min:0
ATask1 Avg:6, SD:3, Max:15, Min:0
ATask2 Avg:31, SD:14, Max:74, Min:0
ATask3 Avg:25, SD:4, Max:49, Min:16
ACore Active Avg:62, SD:14, Max:100, Min:29
ARouter Active Avg:54, SD:3, Max:62, Min:46
T1 invocations: 138,540
T2 invocations: 479,242
T3 invocations: 14,808,922
T3b invocations: 0
Total3 invocations: 14,808,922
Total4 invocations: 0

T3/T2 ratio: 31
T3b/T3 ratio: 0

T1 avg ex cycles: 142
T2 avg ex cycles: 200
T3&b avg ex cycles: 5
T4 avg ex cycles: -nan
Avg. hops NOC1: 3
Avg. latency NOC1 (T2): 62,582
Avg. hops NOC2: 17
Avg. latency NOC2 (T3): 12,700
Number of K Nodes Processed: 14,824
Number of K Edges Processed: 15,031
Node Re-explore factor: 3.53
Edge Re-explore factor: 0.12
Nodes/cy: 49
Edges/cy: 50
TEPS: 426

---DCache---
DCache Size: 122,336
DRAM words: 262,912
  DHits: 40,736,526
  DMisses: 2,241,297
  DHit Rate (hit/miss): 95%
  DEvictions: 242,800
  DEviction Rate (evict/misses): 11%
  MC Transactions: 2,306,082
  MC Writes: 43,187
Avg. Transactions: 96% , Writes: 2%, Avg. Latency: 49
Max MC id: 1 of 8. Transactions: 100% , Writes: 2%, MC mean Latency: 70
HBM refresh energy (nJ): 1
HBM access energy (nJ): 4,368,641
MemC wire energy 2.5d (nJ): 2,081,204
MemC wire energy 3d (nJ): 520,301

---Energy---
Leakage Energy (nJ): 101,983
PU Dyn E (nJ): 902,729
Mem Dyn E (nJ): 10,550,283
Route Dyn E (nJ): 1,547,920
Dynamic Energy (nJ): 13,000,932
Ratio of Dyn/Leak: 127
Total Energy (nJ): 13,102,915
Total Energy (nJ) 3D: 12,090,032
Cores Energy (nJ): 903,567
Route Energy (nJ): 1,550,677
Route Energy (nJ) 3D: 2,098,697
Mem Energy   (nJ): 10,648,672
Mem Energy   (nJ) 3D: 9,087,769
Avg. Power (mW): 43,553.42
Power Density (mW/mm2): 97.67

---Runtime---
Runtime in K cycles: 300.85
Microseconds: 300.85
Time per iteration (ms): 0.30

---Throughput---
GOP/s (aka OPS/ns): 262.04
GOP/s per core: 0.26
FLOP/s: 99.13
FLOP/s per core: 0.10
Max Peak FLOP/s: 1,024.00
Avg. BW GB/s: 2,077.99
Max BW GB/s: 4,096.00

---Traffic---
In-Die bisection_bytes BW (GB/s): 512.00
Inter-board traffic (msg/ns): 0.00, per-link: 0.00
Inter-pack traffic (msg/ns): 0.00, per-link: 0.00
Inter-die traffic (msg/ns): 0.00, per-link: 0.00
Ruche traffic (msg/ns): 0.00, per-link: 0.00
All traffic (msg/ns): 1,955.36, per-link: 1.91
Inter-die reduction wrt all: inf
Inter-board reduction wrt inter-die: -nan

---Data Movement---
All traffic (msg): 588,263,258
Arith. Intensity FLOP/Loads: 0.38
Arith. Intensity FLOP/Msgs: 0.05
Arith. Intensity OPS/Loads: 1.01
Arith. Intensity OPS/Msgs: 0.13



===Core Utilization Total=== CORE-S:3;; TIME K cy:300 ;; Nodes Proc: 1,852,430 -- Edges Proc: 1,918,915

===PRINTING FRAME STATS

FCollision In Avg:150, SD:52, Max:314, Min:27
FCollision Out Avg:167, SD:31, Max:222, Min:38
FCollision End Avg:59, SD:44, Max:123, Min:0
FTask1 Avg:5, SD:3, Max:22, Min:0
FTask2 Avg:21, SD:19, Max:91, Min:0
FTask3 Avg:13, SD:5, Max:64, Min:5
FCore Active Avg:39, SD:21, Max:100, Min:9
FRouter Active Avg:61, SD:5, Max:74, Min:48
T1 invocations: 51,312
T2 invocations: 185,625
T3 invocations: 6,045,925
T3b invocations: 0
Total3 invocations: 6,045,925
Total4 invocations: 0

T3/T2 ratio: 33
T3b/T3 ratio: 0

T1 avg ex cycles: 93
T2 avg ex cycles: 116
T3&b avg ex cycles: 2
T4 avg ex cycles: -nan
Avg. hops NOC1: 2
Avg. latency NOC1 (T2): 87,756
Avg. hops NOC2: 17
Avg. latency NOC2 (T3): 3,915

===PRINTING ACUM STATS at pu_cycles: 401,107

ACollision In Avg:127, SD:36, Max:269, Min:48
ACollision Out Avg:143, SD:25, Max:187, Min:49
ACollision End Avg:46, SD:31, Max:98, Min:0
ATask1 Avg:6, SD:2, Max:16, Min:0
ATask2 Avg:29, SD:14, Max:76, Min:0
ATask3 Avg:22, SD:4, Max:43, Min:14
ACore Active Avg:56, SD:14, Max:100, Min:24
ARouter Active Avg:56, SD:3, Max:64, Min:50
T1 invocations: 189,653
T2 invocations: 663,874
T3 invocations: 20,811,759
T3b invocations: 0
Total3 invocations: 20,811,759
Total4 invocations: 0

T3/T2 ratio: 31
T3b/T3 ratio: 0

T1 avg ex cycles: 129
T2 avg ex cycles: 177
T3&b avg ex cycles: 4
T4 avg ex cycles: -nan
Avg. hops NOC1: 3
Avg. latency NOC1 (T2): 69,583
Avg. hops NOC2: 17
Avg. latency NOC2 (T3): 10,150
Number of K Nodes Processed: 20,893
Number of K Edges Processed: 21,134
Node Re-explore factor: 4.98
Edge Re-explore factor: 0.16
Nodes/cy: 52
Edges/cy: 53
TEPS: 320

---DCache---
DCache Size: 122,336
DRAM words: 262,912
  DHits: 57,430,671
  DMisses: 3,039,849
  DHit Rate (hit/miss): 95%
  DEvictions: 570,076
  DEviction Rate (evict/misses): 19%
  MC Transactions: 3,129,943
  MC Writes: 62,917
Avg. Transactions: 98% , Writes: 2%, Avg. Latency: 39
Max MC id: 1 of 8. Transactions: 100% , Writes: 2%, MC mean Latency: 68
HBM refresh energy (nJ): 2
HBM access energy (nJ): 5,929,364
MemC wire energy 2.5d (nJ): 2,824,726
MemC wire energy 3d (nJ): 706,181

---Energy---
Leakage Energy (nJ): 135,969
PU Dyn E (nJ): 1,258,952
Mem Dyn E (nJ): 14,501,981
Route Dyn E (nJ): 2,171,163
Dynamic Energy (nJ): 17,932,097
Ratio of Dyn/Leak: 132
Total Energy (nJ): 18,068,066
Total Energy (nJ) 3D: 16,718,192
Cores Energy (nJ): 1,260,069
Route Energy (nJ): 2,174,838
Route Energy (nJ) 3D: 2,943,509
Mem Energy   (nJ): 14,633,160
Mem Energy   (nJ) 3D: 12,514,615
Avg. Power (mW): 45,045.50
Power Density (mW/mm2): 101.01

---Runtime---
Runtime in K cycles: 401.11
Microseconds: 401.11
Time per iteration (ms): 0.40

---Throughput---
GOP/s (aka OPS/ns): 271.51
GOP/s per core: 0.27
FLOP/s: 104.34
FLOP/s per core: 0.10
Max Peak FLOP/s: 1,024.00
Avg. BW GB/s: 2,182.67
Max BW GB/s: 4,096.00

---Traffic---
In-Die bisection_bytes BW (GB/s): 512.00
Inter-board traffic (msg/ns): 0.00, per-link: 0.00
Inter-pack traffic (msg/ns): 0.00, per-link: 0.00
Inter-die traffic (msg/ns): 0.00, per-link: 0.00
Ruche traffic (msg/ns): 0.00, per-link: 0.00
All traffic (msg/ns): 2,048.63, per-link: 2.00
Inter-die reduction wrt all: inf
Inter-board reduction wrt inter-die: -nan

---Data Movement---
All traffic (msg): 821,719,400
Arith. Intensity FLOP/Loads: 0.38
Arith. Intensity FLOP/Msgs: 0.05
Arith. Intensity OPS/Loads: 1.00
Arith. Intensity OPS/Msgs: 0.13



===Core Utilization Total=== CORE-S:4;; TIME K cy:400 ;; Nodes Proc: 2,560,922 -- Edges Proc: 2,699,322

===PRINTING FRAME STATS

FCollision In Avg:124, SD:40, Max:272, Min:35
FCollision Out Avg:134, SD:30, Max:183, Min:31
FCollision End Avg:48, SD:37, Max:105, Min:0
FTask1 Avg:5, SD:4, Max:23, Min:0
FTask2 Avg:40, SD:21, Max:89, Min:0
FTask3 Avg:13, SD:5, Max:57, Min:5
FCore Active Avg:59, SD:22, Max:100, Min:10
FRouter Active Avg:65, SD:3, Max:75, Min:57
T1 invocations: 46,540
T2 invocations: 203,208
T3 invocations: 6,137,935
T3b invocations: 0
Total3 invocations: 6,137,935
Total4 invocations: 0

T3/T2 ratio: 30
T3b/T3 ratio: 0

T1 avg ex cycles: 121
T2 avg ex cycles: 200
T3&b avg ex cycles: 2
T4 avg ex cycles: -nan
Avg. hops NOC1: 2
Avg. latency NOC1 (T2): 76,728
Avg. hops NOC2: 18
Avg. latency NOC2 (T3): 6,130

===PRINTING ACUM STATS at pu_cycles: 501,411

ACollision In Avg:126, SD:35, Max:267, Min:52
ACollision Out Avg:142, SD:24, Max:182, Min:49
ACollision End Avg:46, SD:30, Max:99, Min:0
ATask1 Avg:6, SD:2, Max:14, Min:0
ATask2 Avg:31, SD:13, Max:74, Min:0
ATask3 Avg:20, SD:3, Max:41, Min:13
ACore Active Avg:57, SD:14, Max:98, Min:23
ARouter Active Avg:58, SD:2, Max:64, Min:52
T1 invocations: 236,331
T2 invocations: 868,633
T3 invocations: 26,987,946
T3b invocations: 0
Total3 invocations: 26,987,946
Total4 invocations: 0

T3/T2 ratio: 31
T3b/T3 ratio: 0

T1 avg ex cycles: 127
T2 avg ex cycles: 182
T3&b avg ex cycles: 4
T4 avg ex cycles: -nan
Avg. hops NOC1: 3
Avg. latency NOC1 (T2): 71,303
Avg. hops NOC2: 17
Avg. latency NOC2 (T3): 9,240
Number of K Nodes Processed: 26,998
Number of K Edges Processed: 27,573
Node Re-explore factor: 6.44
Edge Re-explore factor: 0.21
Nodes/cy: 54
Edges/cy: 55
TEPS: 256

---DCache---
DCache Size: 122,336
DRAM words: 262,912
  DHits: 74,281,793
  DMisses: 3,881,533
  DHit Rate (hit/miss): 95%
  DEvictions: 974,843
  DEviction Rate (evict/misses): 25%
  MC Transactions: 4,008,908
  MC Writes: 91,173
Avg. Transactions: 100% , Writes: 2%, Avg. Latency: 38
Max MC id: 6 of 8. Transactions: 100% , Writes: 2%, MC mean Latency: 30
HBM refresh energy (nJ): 2
HBM access energy (nJ): 7,594,475
MemC wire energy 2.5d (nJ): 3,617,978
MemC wire energy 3d (nJ): 904,495

---Energy---
Leakage Energy (nJ): 169,971
PU Dyn E (nJ): 1,634,362
Mem Dyn E (nJ): 18,675,686
Route Dyn E (nJ): 2,857,379
Dynamic Energy (nJ): 23,167,427
Ratio of Dyn/Leak: 136
Total Energy (nJ): 23,337,398
Total Energy (nJ) 3D: 21,635,531
Cores Energy (nJ): 1,635,757
Route Energy (nJ): 2,861,974
Route Energy (nJ) 3D: 3,873,590
Mem Energy   (nJ): 18,839,667
Mem Energy   (nJ) 3D: 16,126,183
Avg. Power (mW): 46,543.45
Power Density (mW/mm2): 104.37

---Runtime---
Runtime in K cycles: 501.41
Microseconds: 501.41
Time per iteration (ms): 0.50

---Throughput---
GOP/s (aka OPS/ns): 280.47
GOP/s per core: 0.27
FLOP/s: 108.73
FLOP/s per core: 0.11
Max Peak FLOP/s: 1,024.00
Avg. BW GB/s: 2,269.77
Max BW GB/s: 4,096.00

---Traffic---
In-Die bisection_bytes BW (GB/s): 512.00
Inter-board traffic (msg/ns): 0.00, per-link: 0.00
Inter-pack traffic (msg/ns): 0.00, per-link: 0.00
Inter-die traffic (msg/ns): 0.00, per-link: 0.00
Ruche traffic (msg/ns): 0.00, per-link: 0.00
All traffic (msg/ns): 2,147.89, per-link: 2.10
Inter-die reduction wrt all: inf
Inter-board reduction wrt inter-die: -nan

---Data Movement---
All traffic (msg): 1,076,973,953
Arith. Intensity FLOP/Loads: 0.38
Arith. Intensity FLOP/Msgs: 0.05
Arith. Intensity OPS/Loads: 0.99
Arith. Intensity OPS/Msgs: 0.13



===Core Utilization Total=== CORE-S:5;; TIME K cy:500 ;; Nodes Proc: 3,343,763 -- Edges Proc: 3,503,333

===PRINTING FRAME STATS

FCollision In Avg:142, SD:48, Max:353, Min:26
FCollision Out Avg:161, SD:29, Max:206, Min:47
FCollision End Avg:53, SD:40, Max:109, Min:0
FTask1 Avg:4, SD:3, Max:20, Min:0
FTask2 Avg:24, SD:17, Max:86, Min:0
FTask3 Avg:12, SD:5, Max:65, Min:5
FCore Active Avg:40, SD:19, Max:100, Min:7
FRouter Active Avg:53, SD:5, Max:70, Min:42
T1 invocations: 42,919
T2 invocations: 158,105
T3 invocations: 5,363,308
T3b invocations: 0
Total3 invocations: 5,363,308
Total4 invocations: 0

T3/T2 ratio: 34
T3b/T3 ratio: 0

T1 avg ex cycles: 106
T2 avg ex cycles: 157
T3&b avg ex cycles: 2
T4 avg ex cycles: -nan
Avg. hops NOC1: 3
Avg. latency NOC1 (T2): 84,172
Avg. hops NOC2: 16
Avg. latency NOC2 (T3): 5,861

===PRINTING ACUM STATS at pu_cycles: 600,665

ACollision In Avg:129, SD:34, Max:267, Min:60
ACollision Out Avg:145, SD:22, Max:182, Min:53
ACollision End Avg:47, SD:29, Max:99, Min:0
ATask1 Avg:6, SD:2, Max:14, Min:0
ATask2 Avg:30, SD:12, Max:63, Min:0
ATask3 Avg:19, SD:3, Max:37, Min:13
ACore Active Avg:54, SD:13, Max:90, Min:20
ARouter Active Avg:57, SD:2, Max:64, Min:53
T1 invocations: 279,140
T2 invocations: 1,025,909
T3 invocations: 32,329,137
T3b invocations: 0
Total3 invocations: 32,329,137
Total4 invocations: 0

T3/T2 ratio: 32
T3b/T3 ratio: 0

T1 avg ex cycles: 124
T2 avg ex cycles: 178
T3&b avg ex cycles: 4
T4 avg ex cycles: -nan
Avg. hops NOC1: 3
Avg. latency NOC1 (T2): 73,274
Avg. hops NOC2: 17
Avg. latency NOC2 (T3): 8,680
Number of K Nodes Processed: 32,369
Number of K Edges Processed: 32,582
Node Re-explore factor: 7.72
Edge Re-explore factor: 0.25
Nodes/cy: 54
Edges/cy: 54
TEPS: 214

---DCache---
DCache Size: 122,336
DRAM words: 262,912
  DHits: 88,454,213
  DMisses: 4,544,019
  DHit Rate (hit/miss): 95%
  DEvictions: 1,306,729
  DEviction Rate (evict/misses): 29%
  MC Transactions: 4,696,066
  MC Writes: 111,502
Avg. Transactions: 98% , Writes: 2%, Avg. Latency: 35
Max MC id: 2 of 8. Transactions: 100% , Writes: 3%, MC mean Latency: 43
HBM refresh energy (nJ): 3
HBM access energy (nJ): 8,896,227
MemC wire energy 2.5d (nJ): 4,238,128
MemC wire energy 3d (nJ): 1,059,532

---Energy---
Leakage Energy (nJ): 203,617
PU Dyn E (nJ): 1,942,085
Mem Dyn E (nJ): 22,020,224
Route Dyn E (nJ): 3,359,041
Dynamic Energy (nJ): 27,321,351
Ratio of Dyn/Leak: 134
Total Energy (nJ): 27,524,968
Total Energy (nJ) 3D: 25,535,594
Cores Energy (nJ): 1,943,757
Route Energy (nJ): 3,364,545
Route Energy (nJ) 3D: 4,553,768
Mem Energy   (nJ): 22,216,665
Mem Energy   (nJ) 3D: 19,038,069
Avg. Power (mW): 45,824.16
Power Density (mW/mm2): 102.76

---Runtime---
Runtime in K cycles: 600.66
Microseconds: 600.66
Time per iteration (ms): 0.60

---Throughput---
GOP/s (aka OPS/ns): 277.57
GOP/s per core: 0.27
FLOP/s: 108.01
FLOP/s per core: 0.11
Max Peak FLOP/s: 1,024.00
Avg. BW GB/s: 2,256.29
Max BW GB/s: 4,096.00

---Traffic---
In-Die bisection_bytes BW (GB/s): 512.00
Inter-board traffic (msg/ns): 0.00, per-link: 0.00
Inter-pack traffic (msg/ns): 0.00, per-link: 0.00
Inter-die traffic (msg/ns): 0.00, per-link: 0.00
Ruche traffic (msg/ns): 0.00, per-link: 0.00
All traffic (msg/ns): 2,108.87, per-link: 2.06
Inter-die reduction wrt all: inf
Inter-board reduction wrt inter-die: -nan

---Data Movement---
All traffic (msg): 1,266,725,051
Arith. Intensity FLOP/Loads: 0.38
Arith. Intensity FLOP/Msgs: 0.05
Arith. Intensity OPS/Loads: 0.99
Arith. Intensity OPS/Msgs: 0.13



===Core Utilization Total=== CORE-S:6;; TIME K cy:600 ;; Nodes Proc: 4,032,277 -- Edges Proc: 4,128,802

===PRINTING FRAME STATS

FCollision In Avg:147, SD:51, Max:320, Min:24
FCollision Out Avg:168, SD:34, Max:271, Min:30
FCollision End Avg:58, SD:45, Max:122, Min:0
FTask1 Avg:4, SD:3, Max:21, Min:0
FTask2 Avg:20, SD:18, Max:90, Min:0
FTask3 Avg:13, SD:6, Max:75, Min:6
FCore Active Avg:37, SD:21, Max:100, Min:8
FRouter Active Avg:59, SD:4, Max:72, Min:51
T1 invocations: 48,664
T2 invocations: 176,515
T3 invocations: 5,753,179
T3b invocations: 0
Total3 invocations: 5,753,179
Total4 invocations: 0

T3/T2 ratio: 33
T3b/T3 ratio: 0

T1 avg ex cycles: 93
T2 avg ex cycles: 115
T3&b avg ex cycles: 2
T4 avg ex cycles: -nan
Avg. hops NOC1: 2
Avg. latency NOC1 (T2): 89,137
Avg. hops NOC2: 17
Avg. latency NOC2 (T3): 4,055

===PRINTING ACUM STATS at pu_cycles: 700,960

ACollision In Avg:131, SD:35, Max:272, Min:66
ACollision Out Avg:148, SD:22, Max:182, Min:55
ACollision End Avg:49, SD:29, Max:99, Min:0
ATask1 Avg:5, SD:2, Max:13, Min:0
ATask2 Avg:28, SD:11, Max:60, Min:0
ATask3 Avg:18, SD:3, Max:34, Min:12
ACore Active Avg:52, SD:12, Max:87, Min:19
ARouter Active Avg:57, SD:2, Max:65, Min:53
T1 invocations: 327,837
T2 invocations: 1,202,943
T3 invocations: 38,098,455
T3b invocations: 0
Total3 invocations: 38,098,455
Total4 invocations: 0

T3/T2 ratio: 32
T3b/T3 ratio: 0

T1 avg ex cycles: 120
T2 avg ex cycles: 169
T3&b avg ex cycles: 3
T4 avg ex cycles: -nan
Avg. hops NOC1: 3
Avg. latency NOC1 (T2): 75,603
Avg. hops NOC2: 17
Avg. latency NOC2 (T3): 7,981
Number of K Nodes Processed: 38,139
Number of K Edges Processed: 38,365
Node Re-explore factor: 9.09
Edge Re-explore factor: 0.30
Nodes/cy: 54
Edges/cy: 55
TEPS: 183

---DCache---
DCache Size: 122,336
DRAM words: 262,912
  DHits: 104,427,098
  DMisses: 5,306,962
  DHit Rate (hit/miss): 95%
  DEvictions: 1,714,779
  DEviction Rate (evict/misses): 32%
  MC Transactions: 5,491,466
  MC Writes: 139,166
Avg. Transactions: 98% , Writes: 2%, Avg. Latency: 32
Max MC id: 2 of 8. Transactions: 100% , Writes: 3%, MC mean Latency: 46
HBM refresh energy (nJ): 4
HBM access energy (nJ): 10,403,033
MemC wire energy 2.5d (nJ): 4,955,964
MemC wire energy 3d (nJ): 1,238,991

---Energy---
Leakage Energy (nJ): 237,615
PU Dyn E (nJ): 2,283,649
Mem Dyn E (nJ): 25,825,068
Route Dyn E (nJ): 3,957,028
Dynamic Energy (nJ): 32,065,746
Ratio of Dyn/Leak: 135
Total Energy (nJ): 32,303,361
Total Energy (nJ) 3D: 29,987,320
Cores Energy (nJ): 2,285,600
Route Energy (nJ): 3,963,451
Route Energy (nJ) 3D: 5,364,383
Mem Energy   (nJ): 26,054,310
Mem Energy   (nJ) 3D: 22,337,337
Avg. Power (mW): 46,084.46
Power Density (mW/mm2): 103.34

---Runtime---
Runtime in K cycles: 700.96
Microseconds: 700.96
Time per iteration (ms): 0.70

---Throughput---
GOP/s (aka OPS/ns): 278.91
GOP/s per core: 0.27
FLOP/s: 109.03
FLOP/s per core: 0.11
Max Peak FLOP/s: 1,024.00
Avg. BW GB/s: 2,276.23
Max BW GB/s: 4,096.00

---Traffic---
In-Die bisection_bytes BW (GB/s): 512.00
Inter-board traffic (msg/ns): 0.00, per-link: 0.00
Inter-pack traffic (msg/ns): 0.00, per-link: 0.00
Inter-die traffic (msg/ns): 0.00, per-link: 0.00
Ruche traffic (msg/ns): 0.00, per-link: 0.00
All traffic (msg/ns): 2,126.94, per-link: 2.08
Inter-die reduction wrt all: inf
Inter-board reduction wrt inter-die: -nan

---Data Movement---
All traffic (msg): 1,490,902,637
Arith. Intensity FLOP/Loads: 0.38
Arith. Intensity FLOP/Msgs: 0.05
Arith. Intensity OPS/Loads: 0.98
Arith. Intensity OPS/Msgs: 0.13



===Core Utilization Total=== CORE-S:7;; TIME K cy:700 ;; Nodes Proc: 4,717,867 -- Edges Proc: 4,866,759

===PRINTING FRAME STATS

FCollision In Avg:145, SD:53, Max:332, Min:11
FCollision Out Avg:165, SD:35, Max:254, Min:6
FCollision End Avg:59, SD:45, Max:123, Min:0
FTask1 Avg:4, SD:4, Max:25, Min:0
FTask2 Avg:19, SD:19, Max:96, Min:0
FTask3 Avg:12, SD:5, Max:64, Min:4
FCore Active Avg:36, SD:21, Max:100, Min:7
FRouter Active Avg:59, SD:5, Max:75, Min:47
T1 invocations: 49,861
T2 invocations: 180,456
T3 invocations: 5,693,745
T3b invocations: 0
Total3 invocations: 5,693,745
Total4 invocations: 0

T3/T2 ratio: 32
T3b/T3 ratio: 0

T1 avg ex cycles: 92
T2 avg ex cycles: 110
T3&b avg ex cycles: 2
T4 avg ex cycles: -nan
Avg. hops NOC1: 2
Avg. latency NOC1 (T2): 88,712
Avg. hops NOC2: 17
Avg. latency NOC2 (T3): 3,964

===PRINTING ACUM STATS at pu_cycles: 801,124

ACollision In Avg:133, SD:35, Max:279, Min:68
ACollision Out Avg:150, SD:21, Max:183, Min:56
ACollision End Avg:50, SD:29, Max:99, Min:0
ATask1 Avg:5, SD:2, Max:13, Min:0
ATask2 Avg:27, SD:11, Max:57, Min:0
ATask3 Avg:17, SD:3, Max:32, Min:11
ACore Active Avg:50, SD:12, Max:82, Min:17
ARouter Active Avg:58, SD:2, Max:64, Min:53
T1 invocations: 377,761
T2 invocations: 1,383,186
T3 invocations: 43,790,921
T3b invocations: 0
Total3 invocations: 43,790,921
Total4 invocations: 0

T3/T2 ratio: 32
T3b/T3 ratio: 0

T1 avg ex cycles: 116
T2 avg ex cycles: 161
T3&b avg ex cycles: 3
T4 avg ex cycles: -nan
Avg. hops NOC1: 3
Avg. latency NOC1 (T2): 77,319
Avg. hops NOC2: 17
Avg. latency NOC2 (T3): 7,454
Number of K Nodes Processed: 43,837
Number of K Edges Processed: 44,129
Node Re-explore factor: 10.45
Edge Re-explore factor: 0.34
Nodes/cy: 55
Edges/cy: 55
TEPS: 160

---DCache---
DCache Size: 122,336
DRAM words: 262,912
  DHits: 120,280,439
  DMisses: 6,063,572
  DHit Rate (hit/miss): 95%
  DEvictions: 2,121,624
  DEviction Rate (evict/misses): 35%
  MC Transactions: 6,277,024
  MC Writes: 163,115
Avg. Transactions: 98% , Writes: 3%, Avg. Latency: 29
Max MC id: 2 of 8. Transactions: 100% , Writes: 3%, MC mean Latency: 48
HBM refresh energy (nJ): 4
HBM access energy (nJ): 11,891,194
MemC wire energy 2.5d (nJ): 5,664,918
MemC wire energy 3d (nJ): 1,416,230

---Energy---
Leakage Energy (nJ): 271,569
PU Dyn E (nJ): 2,623,072
Mem Dyn E (nJ): 29,589,413
Route Dyn E (nJ): 4,552,497
Dynamic Energy (nJ): 36,764,983
Ratio of Dyn/Leak: 135
Total Energy (nJ): 37,036,552
Total Energy (nJ) 3D: 34,399,613
Cores Energy (nJ): 2,625,302
Route Energy (nJ): 4,559,838
Route Energy (nJ) 3D: 6,171,588
Mem Energy   (nJ): 29,851,413
Mem Energy   (nJ) 3D: 25,602,724
Avg. Power (mW): 46,230.74
Power Density (mW/mm2): 103.67

---Runtime---
Runtime in K cycles: 801.12
Microseconds: 801.12
Time per iteration (ms): 0.80

---Throughput---
GOP/s (aka OPS/ns): 279.88
GOP/s per core: 0.27
FLOP/s: 109.68
FLOP/s per core: 0.11
Max Peak FLOP/s: 1,024.00
Avg. BW GB/s: 2,289.03
Max BW GB/s: 4,096.00

---Traffic---
In-Die bisection_bytes BW (GB/s): 512.00
Inter-board traffic (msg/ns): 0.00, per-link: 0.00
Inter-pack traffic (msg/ns): 0.00, per-link: 0.00
Inter-die traffic (msg/ns): 0.00, per-link: 0.00
Ruche traffic (msg/ns): 0.00, per-link: 0.00
All traffic (msg/ns): 2,139.28, per-link: 2.09
Inter-die reduction wrt all: inf
Inter-board reduction wrt inter-die: -nan

---Data Movement---
All traffic (msg): 1,713,828,548
Arith. Intensity FLOP/Loads: 0.38
Arith. Intensity FLOP/Msgs: 0.05
Arith. Intensity OPS/Loads: 0.98
Arith. Intensity OPS/Msgs: 0.13



===Core Utilization Total=== CORE-S:8;; TIME K cy:800 ;; Nodes Proc: 5,434,420 -- Edges Proc: 5,786,024

===PRINTING FRAME STATS

FCollision In Avg:135, SD:48, Max:298, Min:16
FCollision Out Avg:149, SD:36, Max:197, Min:17
FCollision End Avg:53, SD:42, Max:131, Min:0
FTask1 Avg:5, SD:4, Max:23, Min:0
FTask2 Avg:26, SD:19, Max:92, Min:0
FTask3 Avg:14, SD:5, Max:74, Min:6
FCore Active Avg:46, SD:21, Max:100, Min:9
FRouter Active Avg:65, SD:4, Max:80, Min:56
T1 invocations: 54,466
T2 invocations: 205,751
T3 invocations: 6,695,300
T3b invocations: 0
Total3 invocations: 6,695,300
Total4 invocations: 0

T3/T2 ratio: 33
T3b/T3 ratio: 0

T1 avg ex cycles: 101
T2 avg ex cycles: 130
T3&b avg ex cycles: 2
T4 avg ex cycles: -nan
Avg. hops NOC1: 2
Avg. latency NOC1 (T2): 73,183
Avg. hops NOC2: 17
Avg. latency NOC2 (T3): 4,482

===PRINTING ACUM STATS at pu_cycles: 901,206

ACollision In Avg:133, SD:35, Max:279, Min:66
ACollision Out Avg:150, SD:22, Max:183, Min:54
ACollision End Avg:51, SD:29, Max:99, Min:0
ATask1 Avg:5, SD:2, Max:11, Min:0
ATask2 Avg:27, SD:11, Max:58, Min:0
ATask3 Avg:17, SD:3, Max:31, Min:11
ACore Active Avg:49, SD:12, Max:83, Min:16
ARouter Active Avg:58, SD:2, Max:64, Min:54
T1 invocations: 432,187
T2 invocations: 1,588,748
T3 invocations: 50,480,558
T3b invocations: 0
Total3 invocations: 50,480,558
Total4 invocations: 0

T3/T2 ratio: 32
T3b/T3 ratio: 0

T1 avg ex cycles: 114
T2 avg ex cycles: 157
T3&b avg ex cycles: 3
T4 avg ex cycles: -nan
Avg. hops NOC1: 3
Avg. latency NOC1 (T2): 76,781
Avg. hops NOC2: 17
Avg. latency NOC2 (T3): 7,058
Number of K Nodes Processed: 50,541
Number of K Edges Processed: 50,817
Node Re-explore factor: 12.05
Edge Re-explore factor: 0.40
Nodes/cy: 56
Edges/cy: 56
TEPS: 142

---DCache---
DCache Size: 122,336
DRAM words: 262,912
  DHits: 138,320,332
  DMisses: 6,940,575
  DHit Rate (hit/miss): 95%
  DEvictions: 2,594,564
  DEviction Rate (evict/misses): 37%
  MC Transactions: 7,189,992
  MC Writes: 191,114
Avg. Transactions: 100% , Writes: 3%, Avg. Latency: 27
Max MC id: 2 of 8. Transactions: 100% , Writes: 3%, MC mean Latency: 49
HBM refresh energy (nJ): 5
HBM access energy (nJ): 13,620,720
MemC wire energy 2.5d (nJ): 6,488,858
MemC wire energy 3d (nJ): 1,622,215

---Energy---
Leakage Energy (nJ): 305,496
PU Dyn E (nJ): 3,018,936
Mem Dyn E (nJ): 33,963,632
Route Dyn E (nJ): 5,242,342
Dynamic Energy (nJ): 42,224,910
Ratio of Dyn/Leak: 138
Total Energy (nJ): 42,530,406
Total Energy (nJ) 3D: 39,519,743
Cores Energy (nJ): 3,021,444
Route Energy (nJ): 5,250,600
Route Energy (nJ) 3D: 7,106,580
Mem Energy   (nJ): 34,258,362
Mem Energy   (nJ) 3D: 29,391,718
Avg. Power (mW): 47,192.77
Power Density (mW/mm2): 105.83

---Runtime---
Runtime in K cycles: 901.21
Microseconds: 901.21
Time per iteration (ms): 0.90

---Throughput---
GOP/s (aka OPS/ns): 285.93
GOP/s per core: 0.28
FLOP/s: 112.32
FLOP/s per core: 0.11
Max Peak FLOP/s: 1,024.00
Avg. BW GB/s: 2,343.55
Max BW GB/s: 4,096.00

---Traffic---
In-Die bisection_bytes BW (GB/s): 512.00
Inter-board traffic (msg/ns): 0.00, per-link: 0.00
Inter-pack traffic (msg/ns): 0.00, per-link: 0.00
Inter-die traffic (msg/ns): 0.00, per-link: 0.00
Ruche traffic (msg/ns): 0.00, per-link: 0.00
All traffic (msg/ns): 2,188.58, per-link: 2.14
Inter-die reduction wrt all: inf
Inter-board reduction wrt inter-die: -nan

---Data Movement---
All traffic (msg): 1,972,362,230
Arith. Intensity FLOP/Loads: 0.38
Arith. Intensity FLOP/Msgs: 0.05
Arith. Intensity OPS/Loads: 0.98
Arith. Intensity OPS/Msgs: 0.13



===Core Utilization Total=== CORE-S:9;; TIME K cy:900 ;; Nodes Proc: 6,291,117 -- Edges Proc: 6,579,155

===PRINTING FRAME STATS

FCollision In Avg:115, SD:38, Max:280, Min:27
FCollision Out Avg:129, SD:33, Max:190, Min:16
FCollision End Avg:43, SD:36, Max:118, Min:0
FTask1 Avg:5, SD:3, Max:21, Min:0
FTask2 Avg:42, SD:22, Max:86, Min:0
FTask3 Avg:13, SD:6, Max:75, Min:6
FCore Active Avg:60, SD:23, Max:100, Min:10
FRouter Active Avg:63, SD:4, Max:76, Min:54
T1 invocations: 41,771
T2 invocations: 183,212
T3 invocations: 5,961,666
T3b invocations: 0
Total3 invocations: 5,961,666
Total4 invocations: 0

T3/T2 ratio: 33
T3b/T3 ratio: 0

T1 avg ex cycles: 129
T2 avg ex cycles: 234
T3&b avg ex cycles: 2
T4 avg ex cycles: -nan
Avg. hops NOC1: 2
Avg. latency NOC1 (T2): 76,485
Avg. hops NOC2: 17
Avg. latency NOC2 (T3): 7,071

===PRINTING ACUM STATS at pu_cycles: 1,001,355

ACollision In Avg:131, SD:34, Max:275, Min:64
ACollision Out Avg:148, SD:22, Max:184, Min:52
ACollision End Avg:50, SD:28, Max:99, Min:0
ATask1 Avg:5, SD:2, Max:10, Min:0
ATask2 Avg:29, SD:11, Max:61, Min:0
ATask3 Avg:16, SD:3, Max:29, Min:11
ACore Active Avg:50, SD:12, Max:85, Min:16
ARouter Active Avg:59, SD:2, Max:65, Min:55
T1 invocations: 473,915
T2 invocations: 1,772,184
T3 invocations: 56,446,564
T3b invocations: 0
Total3 invocations: 56,446,564
Total4 invocations: 0

T3/T2 ratio: 32
T3b/T3 ratio: 0

T1 avg ex cycles: 115
T2 avg ex cycles: 165
T3&b avg ex cycles: 3
T4 avg ex cycles: -nan
Avg. hops NOC1: 3
Avg. latency NOC1 (T2): 76,752
Avg. hops NOC2: 17
Avg. latency NOC2 (T3): 7,063
Number of K Nodes Processed: 56,475
Number of K Edges Processed: 56,819
Node Re-explore factor: 13.46
Edge Re-explore factor: 0.44
Nodes/cy: 56
Edges/cy: 57
TEPS: 128

---DCache---
DCache Size: 122,336
DRAM words: 262,912
  DHits: 154,456,096
  DMisses: 7,725,429
  DHit Rate (hit/miss): 95%
  DEvictions: 3,024,043
  DEviction Rate (evict/misses): 39%
  MC Transactions: 8,008,490
  MC Writes: 217,734
Avg. Transactions: 100% , Writes: 3%, Avg. Latency: 29
Max MC id: 3 of 8. Transactions: 100% , Writes: 3%, MC mean Latency: 23
HBM refresh energy (nJ): 5
HBM access energy (nJ): 15,171,283
MemC wire energy 2.5d (nJ): 7,227,540
MemC wire energy 3d (nJ): 1,806,885

---Energy---
Leakage Energy (nJ): 339,445
PU Dyn E (nJ): 3,373,131
Mem Dyn E (nJ): 37,882,316
Route Dyn E (nJ): 5,869,534
Dynamic Energy (nJ): 47,124,981
Ratio of Dyn/Leak: 139
Total Energy (nJ): 47,464,426
Total Energy (nJ) 3D: 44,121,800
Cores Energy (nJ): 3,375,918
Route Energy (nJ): 5,878,709
Route Energy (nJ) 3D: 7,956,738
Mem Energy   (nJ): 38,209,799
Mem Energy   (nJ) 3D: 32,789,144
Avg. Power (mW): 47,400.20
Power Density (mW/mm2): 106.29

---Runtime---
Runtime in K cycles: 1,001.36
Microseconds: 1,001.36
Time per iteration (ms): 1.00

---Throughput---
GOP/s (aka OPS/ns): 287.10
GOP/s per core: 0.28
FLOP/s: 113.05
FLOP/s per core: 0.11
Max Peak FLOP/s: 1,024.00
Avg. BW GB/s: 2,357.85
Max BW GB/s: 4,096.00

---Traffic---
In-Die bisection_bytes BW (GB/s): 512.00
Inter-board traffic (msg/ns): 0.00, per-link: 0.00
Inter-pack traffic (msg/ns): 0.00, per-link: 0.00
Inter-die traffic (msg/ns): 0.00, per-link: 0.00
Ruche traffic (msg/ns): 0.00, per-link: 0.00
All traffic (msg/ns): 2,203.81, per-link: 2.15
Inter-die reduction wrt all: inf
Inter-board reduction wrt inter-die: -nan

---Data Movement---
All traffic (msg): 2,206,791,462
Arith. Intensity FLOP/Loads: 0.38
Arith. Intensity FLOP/Msgs: 0.05
Arith. Intensity OPS/Loads: 0.98
Arith. Intensity OPS/Msgs: 0.13



===Core Utilization Total=== CORE-S:10;; TIME K cy:1,000 ;; Nodes Proc: 7,029,757 -- Edges Proc: 7,272,197

===PRINTING FRAME STATS

FCollision In Avg:117, SD:41, Max:293, Min:30
FCollision Out Avg:131, SD:34, Max:243, Min:20
FCollision End Avg:43, SD:36, Max:128, Min:0
FTask1 Avg:5, SD:3, Max:21, Min:0
FTask2 Avg:43, SD:23, Max:93, Min:0
FTask3 Avg:14, SD:8, Max:64, Min:4
FCore Active Avg:62, SD:24, Max:100, Min:9
FRouter Active Avg:61, SD:4, Max:75, Min:52
T1 invocations: 40,531
T2 invocations: 177,116
T3 invocations: 5,785,562
T3b invocations: 0
Total3 invocations: 5,785,562
Total4 invocations: 0

T3/T2 ratio: 33
T3b/T3 ratio: 0

T1 avg ex cycles: 133
T2 avg ex cycles: 246
T3&b avg ex cycles: 2
T4 avg ex cycles: -nan
Avg. hops NOC1: 2
Avg. latency NOC1 (T2): 78,120
Avg. hops NOC2: 17
Avg. latency NOC2 (T3): 7,926

===PRINTING ACUM STATS at pu_cycles: 1,101,264

ACollision In Avg:130, SD:34, Max:272, Min:63
ACollision Out Avg:147, SD:21, Max:190, Min:53
ACollision End Avg:49, SD:28, Max:99, Min:0
ATask1 Avg:5, SD:2, Max:10, Min:0
ATask2 Avg:30, SD:11, Max:60, Min:0
ATask3 Avg:16, SD:3, Max:29, Min:11
ACore Active Avg:51, SD:12, Max:85, Min:15
ARouter Active Avg:59, SD:2, Max:65, Min:55
T1 invocations: 514,391
T2 invocations: 1,948,933
T3 invocations: 62,210,700
T3b invocations: 0
Total3 invocations: 62,210,700
Total4 invocations: 0

T3/T2 ratio: 32
T3b/T3 ratio: 0

T1 avg ex cycles: 117
T2 avg ex cycles: 172
T3&b avg ex cycles: 3
T4 avg ex cycles: -nan
Avg. hops NOC1: 3
Avg. latency NOC1 (T2): 76,863
Avg. hops NOC2: 17
Avg. latency NOC2 (T3): 7,141
Number of K Nodes Processed: 62,262
Number of K Edges Processed: 62,530
Node Re-explore factor: 14.84
Edge Re-explore factor: 0.49
Nodes/cy: 57
Edges/cy: 57
TEPS: 117

---DCache---
DCache Size: 122,336
DRAM words: 262,912
  DHits: 170,095,439
  DMisses: 8,479,570
  DHit Rate (hit/miss): 95%
  DEvictions: 3,447,384
  DEviction Rate (evict/misses): 41%
  MC Transactions: 8,796,926
  MC Writes: 246,193
Avg. Transactions: 100% , Writes: 3%, Avg. Latency: 30
Max MC id: 5 of 8. Transactions: 100% , Writes: 3%, MC mean Latency: 27
HBM refresh energy (nJ): 6
HBM access energy (nJ): 16,664,896
MemC wire energy 2.5d (nJ): 7,939,092
MemC wire energy 3d (nJ): 1,984,773

---Energy---
Leakage Energy (nJ): 373,312
PU Dyn E (nJ): 3,713,087
Mem Dyn E (nJ): 41,654,984
Route Dyn E (nJ): 6,456,714
Dynamic Energy (nJ): 51,824,786
Ratio of Dyn/Leak: 139
Total Energy (nJ): 52,198,098
Total Energy (nJ) 3D: 48,529,691
Cores Energy (nJ): 3,716,153
Route Energy (nJ): 6,466,805
Route Energy (nJ) 3D: 8,752,717
Mem Energy   (nJ): 42,015,141
Mem Energy   (nJ) 3D: 36,060,823
Avg. Power (mW): 47,398.35
Power Density (mW/mm2): 106.29

---Runtime---
Runtime in K cycles: 1,101.26
Microseconds: 1,101.26
Time per iteration (ms): 1.10

---Throughput---
GOP/s (aka OPS/ns): 287.11
GOP/s per core: 0.28
FLOP/s: 113.22
FLOP/s per core: 0.11
Max Peak FLOP/s: 1,024.00
Avg. BW GB/s: 2,361.07
Max BW GB/s: 4,096.00

---Traffic---
In-Die bisection_bytes BW (GB/s): 512.00
Inter-board traffic (msg/ns): 0.00, per-link: 0.00
Inter-pack traffic (msg/ns): 0.00, per-link: 0.00
Inter-die traffic (msg/ns): 0.00, per-link: 0.00
Ruche traffic (msg/ns): 0.00, per-link: 0.00
All traffic (msg/ns): 2,204.17, per-link: 2.15
Inter-die reduction wrt all: inf
Inter-board reduction wrt inter-die: -nan

---Data Movement---
All traffic (msg): 2,427,369,063
Arith. Intensity FLOP/Loads: 0.38
Arith. Intensity FLOP/Msgs: 0.05
Arith. Intensity OPS/Loads: 0.97
Arith. Intensity OPS/Msgs: 0.13



===Core Utilization Total=== CORE-S:11;; TIME K cy:1,100 ;; Nodes Proc: 7,755,390 -- Edges Proc: 8,056,517

===PRINTING FRAME STATS

FCollision In Avg:140, SD:50, Max:329, Min:19
FCollision Out Avg:161, SD:35, Max:289, Min:16
FCollision End Avg:53, SD:42, Max:127, Min:0
FTask1 Avg:4, SD:3, Max:18, Min:0
FTask2 Avg:26, SD:19, Max:93, Min:0
FTask3 Avg:12, SD:6, Max:72, Min:4
FCore Active Avg:43, SD:21, Max:100, Min:8
FRouter Active Avg:57, SD:4, Max:74, Min:49
T1 invocations: 43,082
T2 invocations: 167,764
T3 invocations: 5,442,218
T3b invocations: 0
Total3 invocations: 5,442,218
Total4 invocations: 0

T3/T2 ratio: 32
T3b/T3 ratio: 0

T1 avg ex cycles: 104
T2 avg ex cycles: 159
T3&b avg ex cycles: 2
T4 avg ex cycles: -nan
Avg. hops NOC1: 2
Avg. latency NOC1 (T2): 80,303
Avg. hops NOC2: 17
Avg. latency NOC2 (T3): 4,520

===PRINTING ACUM STATS at pu_cycles: 1,200,608

ACollision In Avg:131, SD:33, Max:274, Min:65
ACollision Out Avg:148, SD:21, Max:198, Min:55
ACollision End Avg:49, SD:27, Max:99, Min:0
ATask1 Avg:5, SD:2, Max:10, Min:0
ATask2 Avg:30, SD:11, Max:58, Min:0
ATask3 Avg:16, SD:3, Max:28, Min:10
ACore Active Avg:51, SD:12, Max:82, Min:15
ARouter Active Avg:59, SD:2, Max:64, Min:55
T1 invocations: 557,291
T2 invocations: 2,114,174
T3 invocations: 67,609,214
T3b invocations: 0
Total3 invocations: 67,609,214
Total4 invocations: 0

T3/T2 ratio: 32
T3b/T3 ratio: 0

T1 avg ex cycles: 116
T2 avg ex cycles: 171
T3&b avg ex cycles: 3
T4 avg ex cycles: -nan
Avg. hops NOC1: 3
Avg. latency NOC1 (T2): 77,143
Avg. hops NOC2: 17
Avg. latency NOC2 (T3): 6,924
Number of K Nodes Processed: 67,694
Number of K Edges Processed: 67,925
Node Re-explore factor: 16.14
Edge Re-explore factor: 0.53
Nodes/cy: 56
Edges/cy: 57
TEPS: 107

---DCache---
DCache Size: 122,336
DRAM words: 262,912
  DHits: 185,199,157
  DMisses: 9,192,790
  DHit Rate (hit/miss): 95%
  DEvictions: 3,849,619
  DEviction Rate (evict/misses): 42%
  MC Transactions: 9,539,454
  MC Writes: 271,929
Avg. Transactions: 99% , Writes: 3%, Avg. Latency: 29
Max MC id: 5 of 8. Transactions: 100% , Writes: 3%, MC mean Latency: 29
HBM refresh energy (nJ): 6
HBM access energy (nJ): 18,071,541
MemC wire energy 2.5d (nJ): 8,609,212
MemC wire energy 3d (nJ): 2,152,303

---Energy---
Leakage Energy (nJ): 406,989
PU Dyn E (nJ): 4,031,313
Mem Dyn E (nJ): 45,209,027
Route Dyn E (nJ): 7,006,273
Dynamic Energy (nJ): 56,246,614
Ratio of Dyn/Leak: 138
Total Energy (nJ): 56,653,603
Total Energy (nJ) 3D: 52,677,170
Cores Energy (nJ): 4,034,655
Route Energy (nJ): 7,017,274
Route Energy (nJ) 3D: 9,497,750
Mem Energy   (nJ): 45,601,674
Mem Energy   (nJ) 3D: 39,144,765
Avg. Power (mW): 47,187.43
Power Density (mW/mm2): 105.81

---Runtime---
Runtime in K cycles: 1,200.61
Microseconds: 1,200.61
Time per iteration (ms): 1.20

---Throughput---
GOP/s (aka OPS/ns): 285.71
GOP/s per core: 0.28
FLOP/s: 112.81
FLOP/s per core: 0.11
Max Peak FLOP/s: 1,024.00
Avg. BW GB/s: 2,352.26
Max BW GB/s: 4,096.00

---Traffic---
In-Die bisection_bytes BW (GB/s): 512.00
Inter-board traffic (msg/ns): 0.00, per-link: 0.00
Inter-pack traffic (msg/ns): 0.00, per-link: 0.00
Inter-die traffic (msg/ns): 0.00, per-link: 0.00
Ruche traffic (msg/ns): 0.00, per-link: 0.00
All traffic (msg/ns): 2,193.87, per-link: 2.14
Inter-die reduction wrt all: inf
Inter-board reduction wrt inter-die: -nan

---Data Movement---
All traffic (msg): 2,633,972,870
Arith. Intensity FLOP/Loads: 0.38
Arith. Intensity FLOP/Msgs: 0.05
Arith. Intensity OPS/Loads: 0.97
Arith. Intensity OPS/Msgs: 0.13



===Core Utilization Total=== CORE-S:12;; TIME K cy:1,200 ;; Nodes Proc: 8,436,100 -- Edges Proc: 8,805,211

===PRINTING FRAME STATS

FCollision In Avg:129, SD:49, Max:344, Min:4
FCollision Out Avg:141, SD:35, Max:353, Min:3
FCollision End Avg:51, SD:41, Max:146, Min:0
FTask1 Avg:4, SD:3, Max:23, Min:0
FTask2 Avg:29, SD:20, Max:91, Min:0
FTask3 Avg:12, SD:6, Max:67, Min:5
FCore Active Avg:46, SD:20, Max:100, Min:10
FRouter Active Avg:64, SD:4, Max:82, Min:52
T1 invocations: 45,953
T2 invocations: 196,060
T3 invocations: 5,555,544
T3b invocations: 0
Total3 invocations: 5,555,544
Total4 invocations: 0

T3/T2 ratio: 28
T3b/T3 ratio: 0

T1 avg ex cycles: 99
T2 avg ex cycles: 154
T3&b avg ex cycles: 2
T4 avg ex cycles: -nan
Avg. hops NOC1: 2
Avg. latency NOC1 (T2): 86,973
Avg. hops NOC2: 20
Avg. latency NOC2 (T3): 4,269

===PRINTING ACUM STATS at pu_cycles: 1,301,341

ACollision In Avg:131, SD:33, Max:276, Min:63
ACollision Out Avg:147, SD:20, Max:202, Min:56
ACollision End Avg:50, SD:27, Max:99, Min:0
ATask1 Avg:5, SD:2, Max:10, Min:0
ATask2 Avg:30, SD:10, Max:57, Min:0
ATask3 Avg:16, SD:3, Max:28, Min:10
ACore Active Avg:50, SD:11, Max:79, Min:17
ARouter Active Avg:59, SD:2, Max:64, Min:55
T1 invocations: 603,562
T2 invocations: 2,312,235
T3 invocations: 73,222,439
T3b invocations: 0
Total3 invocations: 73,222,439
Total4 invocations: 0

T3/T2 ratio: 32
T3b/T3 ratio: 0

T1 avg ex cycles: 115
T2 avg ex cycles: 170
T3&b avg ex cycles: 3
T4 avg ex cycles: -nan
Avg. hops NOC1: 3
Avg. latency NOC1 (T2): 77,993
Avg. hops NOC2: 17
Avg. latency NOC2 (T3): 6,736
Number of K Nodes Processed: 73,257
Number of K Edges Processed: 74,313
Node Re-explore factor: 17.47
Edge Re-explore factor: 0.58
Nodes/cy: 56
Edges/cy: 57
TEPS: 99

---DCache---
DCache Size: 122,336
DRAM words: 262,912
  DHits: 201,927,093
  DMisses: 10,025,742
  DHit Rate (hit/miss): 95%
  DEvictions: 4,323,846
  DEviction Rate (evict/misses): 43%
  MC Transactions: 10,407,854
  MC Writes: 301,860
Avg. Transactions: 100% , Writes: 3%, Avg. Latency: 28
Max MC id: 2 of 8. Transactions: 100% , Writes: 3%, MC mean Latency: 46
HBM refresh energy (nJ): 7
HBM access energy (nJ): 19,716,638
MemC wire energy 2.5d (nJ): 9,392,929
MemC wire energy 3d (nJ): 2,348,232

---Energy---
Leakage Energy (nJ): 441,136
PU Dyn E (nJ): 4,386,423
Mem Dyn E (nJ): 49,270,199
Route Dyn E (nJ): 7,686,293
Dynamic Energy (nJ): 61,342,915
Ratio of Dyn/Leak: 139
Total Energy (nJ): 61,784,051
Total Energy (nJ) 3D: 57,460,581
Cores Energy (nJ): 4,390,045
Route Energy (nJ): 7,698,217
Route Energy (nJ) 3D: 10,419,445
Mem Energy   (nJ): 49,695,789
Mem Energy   (nJ) 3D: 42,651,092
Avg. Power (mW): 47,477.22
Power Density (mW/mm2): 106.46

---Runtime---
Runtime in K cycles: 1,301.34
Microseconds: 1,301.34
Time per iteration (ms): 1.30

---Throughput---
GOP/s (aka OPS/ns): 286.50
GOP/s per core: 0.28
FLOP/s: 113.32
FLOP/s per core: 0.11
Max Peak FLOP/s: 1,024.00
Avg. BW GB/s: 2,360.12
Max BW GB/s: 4,096.00

---Traffic---
In-Die bisection_bytes BW (GB/s): 512.00
Inter-board traffic (msg/ns): 0.00, per-link: 0.00
Inter-pack traffic (msg/ns): 0.00, per-link: 0.00
Inter-die traffic (msg/ns): 0.00, per-link: 0.00
Ruche traffic (msg/ns): 0.00, per-link: 0.00
All traffic (msg/ns): 2,217.56, per-link: 2.17
Inter-die reduction wrt all: inf
Inter-board reduction wrt inter-die: -nan

---Data Movement---
All traffic (msg): 2,885,806,801
Arith. Intensity FLOP/Loads: 0.38
Arith. Intensity FLOP/Msgs: 0.05
Arith. Intensity OPS/Loads: 0.97
Arith. Intensity OPS/Msgs: 0.13



===Core Utilization Total=== CORE-S:13;; TIME K cy:1,300 ;; Nodes Proc: 9,155,628 -- Edges Proc: 9,562,991

===PRINTING FRAME STATS

FCollision In Avg:141, SD:47, Max:296, Min:2
FCollision Out Avg:161, SD:33, Max:257, Min:32
FCollision End Avg:49, SD:40, Max:117, Min:0
FTask1 Avg:5, SD:3, Max:18, Min:0
FTask2 Avg:25, SD:18, Max:88, Min:0
FTask3 Avg:14, SD:6, Max:70, Min:5
FCore Active Avg:44, SD:21, Max:100, Min:7
FRouter Active Avg:54, SD:5, Max:74, Min:44
T1 invocations: 44,805
T2 invocations: 156,973
T3 invocations: 5,962,298
T3b invocations: 0
Total3 invocations: 5,962,298
Total4 invocations: 0

T3/T2 ratio: 38
T3b/T3 ratio: 0

T1 avg ex cycles: 115
T2 avg ex cycles: 166
T3&b avg ex cycles: 2
T4 avg ex cycles: -nan
Avg. hops NOC1: 3
Avg. latency NOC1 (T2): 72,127
Avg. hops NOC2: 14
Avg. latency NOC2 (T3): 7,376

===PRINTING ACUM STATS at pu_cycles: 1,400,671

ACollision In Avg:132, SD:33, Max:272, Min:59
ACollision Out Avg:148, SD:20, Max:206, Min:57
ACollision End Avg:49, SD:26, Max:100, Min:0
ATask1 Avg:5, SD:1, Max:9, Min:0
ATask2 Avg:29, SD:10, Max:54, Min:0
ATask3 Avg:15, SD:3, Max:29, Min:10
ACore Active Avg:50, SD:11, Max:76, Min:17
ARouter Active Avg:59, SD:2, Max:64, Min:55
T1 invocations: 647,942
T2 invocations: 2,467,324
T3 invocations: 79,145,288
T3b invocations: 0
Total3 invocations: 79,145,288
Total4 invocations: 0

T3/T2 ratio: 32
T3b/T3 ratio: 0

T1 avg ex cycles: 115
T2 avg ex cycles: 170
T3&b avg ex cycles: 3
T4 avg ex cycles: -nan
Avg. hops NOC1: 3
Avg. latency NOC1 (T2): 77,613
Avg. hops NOC2: 17
Avg. latency NOC2 (T3): 6,786
Number of K Nodes Processed: 79,225
Number of K Edges Processed: 79,418
Node Re-explore factor: 18.89
Edge Re-explore factor: 0.62
Nodes/cy: 57
Edges/cy: 57
TEPS: 92

---DCache---
DCache Size: 122,336
DRAM words: 262,912
  DHits: 217,033,563
  DMisses: 10,708,220
  DHit Rate (hit/miss): 95%
  DEvictions: 4,731,065
  DEviction Rate (evict/misses): 44%
  MC Transactions: 11,117,561
  MC Writes: 325,743
Avg. Transactions: 99% , Writes: 3%, Avg. Latency: 28
Max MC id: 7 of 8. Transactions: 100% , Writes: 3%, MC mean Latency: 24
HBM refresh energy (nJ): 8
HBM access energy (nJ): 21,061,107
MemC wire energy 2.5d (nJ): 10,033,429
MemC wire energy 3d (nJ): 2,508,357

---Energy---
Leakage Energy (nJ): 474,807
PU Dyn E (nJ): 4,712,821
Mem Dyn E (nJ): 52,774,900
Route Dyn E (nJ): 8,191,676
Dynamic Energy (nJ): 65,679,397
Ratio of Dyn/Leak: 138
Total Energy (nJ): 66,154,204
Total Energy (nJ) 3D: 61,529,284
Cores Energy (nJ): 4,716,719
Route Energy (nJ): 8,204,510
Route Energy (nJ) 3D: 11,104,661
Mem Energy   (nJ): 53,232,976
Mem Energy   (nJ) 3D: 45,707,904
Avg. Power (mW): 47,230.37
Power Density (mW/mm2): 105.91

---Runtime---
Runtime in K cycles: 1,400.67
Microseconds: 1,400.67
Time per iteration (ms): 1.40

---Throughput---
GOP/s (aka OPS/ns): 285.95
GOP/s per core: 0.28
FLOP/s: 113.13
FLOP/s per core: 0.11
Max Peak FLOP/s: 1,024.00
Avg. BW GB/s: 2,358.54
Max BW GB/s: 4,096.00

---Traffic---
In-Die bisection_bytes BW (GB/s): 512.00
Inter-board traffic (msg/ns): 0.00, per-link: 0.00
Inter-pack traffic (msg/ns): 0.00, per-link: 0.00
Inter-die traffic (msg/ns): 0.00, per-link: 0.00
Ruche traffic (msg/ns): 0.00, per-link: 0.00
All traffic (msg/ns): 2,197.96, per-link: 2.15
Inter-die reduction wrt all: inf
Inter-board reduction wrt inter-die: -nan

---Data Movement---
All traffic (msg): 3,078,615,312
Arith. Intensity FLOP/Loads: 0.38
Arith. Intensity FLOP/Msgs: 0.05
Arith. Intensity OPS/Loads: 0.97
Arith. Intensity OPS/Msgs: 0.13



===Core Utilization Total=== CORE-S:14;; TIME K cy:1,400 ;; Nodes Proc: 9,864,903 -- Edges Proc: 10,287,636

===PRINTING FRAME STATS

FCollision In Avg:138, SD:52, Max:302, Min:3
FCollision Out Avg:153, SD:39, Max:276, Min:14
FCollision End Avg:50, SD:44, Max:129, Min:0
FTask1 Avg:4, SD:4, Max:19, Min:0
FTask2 Avg:24, SD:20, Max:92, Min:0
FTask3 Avg:14, SD:5, Max:66, Min:6
FCore Active Avg:42, SD:22, Max:100, Min:9
FRouter Active Avg:64, SD:5, Max:77, Min:47
T1 invocations: 47,549
T2 invocations: 188,897
T3 invocations: 6,248,148
T3b invocations: 0
Total3 invocations: 6,248,148
Total4 invocations: 0

T3/T2 ratio: 33
T3b/T3 ratio: 0

T1 avg ex cycles: 95
T2 avg ex cycles: 129
T3&b avg ex cycles: 2
T4 avg ex cycles: -nan
Avg. hops NOC1: 2
Avg. latency NOC1 (T2): 81,888
Avg. hops NOC2: 17
Avg. latency NOC2 (T3): 4,222

===PRINTING ACUM STATS at pu_cycles: 1,500,951

ACollision In Avg:132, SD:32, Max:274, Min:56
ACollision Out Avg:148, SD:19, Max:211, Min:56
ACollision End Avg:49, SD:26, Max:99, Min:0
ATask1 Avg:5, SD:1, Max:9, Min:0
ATask2 Avg:29, SD:9, Max:51, Min:0
ATask3 Avg:15, SD:3, Max:28, Min:10
ACore Active Avg:49, SD:10, Max:74, Min:17
ARouter Active Avg:59, SD:2, Max:64, Min:55
T1 invocations: 690,677
T2 invocations: 2,639,713
T3 invocations: 84,774,745
T3b invocations: 0
Total3 invocations: 84,774,745
Total4 invocations: 0

T3/T2 ratio: 32
T3b/T3 ratio: 0

T1 avg ex cycles: 113
T2 avg ex cycles: 167
T3&b avg ex cycles: 3
T4 avg ex cycles: -nan
Avg. hops NOC1: 3
Avg. latency NOC1 (T2): 77,933
Avg. hops NOC2: 17
Avg. latency NOC2 (T3): 6,586
Number of K Nodes Processed: 85,454
Number of K Edges Processed: 85,872
Node Re-explore factor: 20.37
Edge Re-explore factor: 0.67
Nodes/cy: 57
Edges/cy: 57
TEPS: 85

---DCache---
DCache Size: 122,336
DRAM words: 262,912
  DHits: 234,771,888
  DMisses: 11,551,766
  DHit Rate (hit/miss): 95%
  DEvictions: 5,258,882
  DEviction Rate (evict/misses): 46%
  MC Transactions: 11,993,240
  MC Writes: 353,355
Avg. Transactions: 100% , Writes: 3%, Avg. Latency: 27
Max MC id: 4 of 8. Transactions: 100% , Writes: 3%, MC mean Latency: 24
HBM refresh energy (nJ): 8
HBM access energy (nJ): 22,719,993
MemC wire energy 2.5d (nJ): 10,823,716
MemC wire energy 3d (nJ): 2,705,929

---Energy---
Leakage Energy (nJ): 508,800
PU Dyn E (nJ): 5,044,612
Mem Dyn E (nJ): 56,808,916
Route Dyn E (nJ): 8,796,904
Dynamic Energy (nJ): 70,650,432
Ratio of Dyn/Leak: 139
Total Energy (nJ): 71,159,232
Total Energy (nJ) 3D: 66,155,868
Cores Energy (nJ): 5,048,790
Route Energy (nJ): 8,810,656
Route Energy (nJ) 3D: 11,925,080
Mem Energy   (nJ): 57,299,787
Mem Energy   (nJ) 3D: 49,182,000
Avg. Power (mW): 47,409.43
Power Density (mW/mm2): 106.31

---Runtime---
Runtime in K cycles: 1,500.95
Microseconds: 1,500.95
Time per iteration (ms): 1.50

---Throughput---
GOP/s (aka OPS/ns): 285.29
GOP/s per core: 0.28
FLOP/s: 113.09
FLOP/s per core: 0.11
Max Peak FLOP/s: 1,024.00
Avg. BW GB/s: 2,357.02
Max BW GB/s: 4,096.00

---Traffic---
In-Die bisection_bytes BW (GB/s): 512.00
Inter-board traffic (msg/ns): 0.00, per-link: 0.00
Inter-pack traffic (msg/ns): 0.00, per-link: 0.00
Inter-die traffic (msg/ns): 0.00, per-link: 0.00
Ruche traffic (msg/ns): 0.00, per-link: 0.00
All traffic (msg/ns): 2,203.54, per-link: 2.15
Inter-die reduction wrt all: inf
Inter-board reduction wrt inter-die: -nan

---Data Movement---
All traffic (msg): 3,307,398,779
Arith. Intensity FLOP/Loads: 0.38
Arith. Intensity FLOP/Msgs: 0.05
Arith. Intensity OPS/Loads: 0.97
Arith. Intensity OPS/Msgs: 0.13



===Core Utilization Total=== CORE-S:15;; TIME K cy:1,500 ;; Nodes Proc: 10,665,946 -- Edges Proc: 11,087,949

===PRINTING FRAME STATS

FCollision In Avg:105, SD:46, Max:302, Min:2
FCollision Out Avg:116, SD:43, Max:197, Min:2
FCollision End Avg:36, SD:38, Max:119, Min:0
FTask1 Avg:5, SD:4, Max:30, Min:0
FTask2 Avg:42, SD:26, Max:92, Min:0
FTask3 Avg:14, SD:7, Max:67, Min:5
FCore Active Avg:61, SD:28, Max:100, Min:9
FRouter Active Avg:64, SD:4, Max:79, Min:52
T1 invocations: 40,008
T2 invocations: 180,230
T3 invocations: 5,640,337
T3b invocations: 0
Total3 invocations: 5,640,337
Total4 invocations: 0

T3/T2 ratio: 31
T3b/T3 ratio: 0

T1 avg ex cycles: 131
T2 avg ex cycles: 241
T3&b avg ex cycles: 2
T4 avg ex cycles: -nan
Avg. hops NOC1: 2
Avg. latency NOC1 (T2): 70,442
Avg. hops NOC2: 18
Avg. latency NOC2 (T3): 7,611

===PRINTING ACUM STATS at pu_cycles: 1,601,353

ACollision In Avg:130, SD:32, Max:272, Min:52
ACollision Out Avg:146, SD:19, Max:208, Min:54
ACollision End Avg:49, SD:25, Max:99, Min:0
ATask1 Avg:5, SD:1, Max:9, Min:0
ATask2 Avg:30, SD:9, Max:52, Min:0
ATask3 Avg:15, SD:3, Max:28, Min:10
ACore Active Avg:50, SD:10, Max:73, Min:16
ARouter Active Avg:60, SD:2, Max:65, Min:55
T1 invocations: 736,819
T2 invocations: 2,845,287
T3 invocations: 91,054,281
T3b invocations: 0
Total3 invocations: 91,054,281
Total4 invocations: 0

T3/T2 ratio: 32
T3b/T3 ratio: 0

T1 avg ex cycles: 114
T2 avg ex cycles: 171
T3&b avg ex cycles: 3
T4 avg ex cycles: -nan
Avg. hops NOC1: 3
Avg. latency NOC1 (T2): 77,594
Avg. hops NOC2: 17
Avg. latency NOC2 (T3): 6,638
Number of K Nodes Processed: 91,097
Number of K Edges Processed: 91,798
Node Re-explore factor: 21.72
Edge Re-explore factor: 0.72
Nodes/cy: 57
Edges/cy: 57
TEPS: 80

---DCache---
DCache Size: 122,336
DRAM words: 262,912
  DHits: 250,846,977
  DMisses: 12,331,715
  DHit Rate (hit/miss): 95%
  DEvictions: 5,778,935
  DEviction Rate (evict/misses): 47%
  MC Transactions: 12,807,363
  MC Writes: 382,741
Avg. Transactions: 100% , Writes: 3%, Avg. Latency: 28
Max MC id: 2 of 8. Transactions: 100% , Writes: 3%, MC mean Latency: 41
HBM refresh energy (nJ): 9
HBM access energy (nJ): 24,262,268
MemC wire energy 2.5d (nJ): 11,558,450
MemC wire energy 3d (nJ): 2,889,612

---Energy---
Leakage Energy (nJ): 542,835
PU Dyn E (nJ): 5,429,867
Mem Dyn E (nJ): 60,820,325
Route Dyn E (nJ): 9,485,371
Dynamic Energy (nJ): 75,735,564
Ratio of Dyn/Leak: 140
Total Energy (nJ): 76,278,399
Total Energy (nJ) 3D: 70,967,728
Cores Energy (nJ): 5,434,324
Route Energy (nJ): 9,500,044
Route Energy (nJ) 3D: 12,858,211
Mem Energy   (nJ): 61,344,031
Mem Energy   (nJ) 3D: 52,675,194
Avg. Power (mW): 47,633.72
Power Density (mW/mm2): 106.82

---Runtime---
Runtime in K cycles: 1,601.35
Microseconds: 1,601.35
Time per iteration (ms): 1.60

---Throughput---
GOP/s (aka OPS/ns): 287.61
GOP/s per core: 0.28
FLOP/s: 114.15
FLOP/s per core: 0.11
Max Peak FLOP/s: 1,024.00
Avg. BW GB/s: 2,377.47
Max BW GB/s: 4,096.00

---Traffic---
In-Die bisection_bytes BW (GB/s): 512.00
Inter-board traffic (msg/ns): 0.00, per-link: 0.00
Inter-pack traffic (msg/ns): 0.00, per-link: 0.00
Inter-die traffic (msg/ns): 0.00, per-link: 0.00
Ruche traffic (msg/ns): 0.00, per-link: 0.00
All traffic (msg/ns): 2,224.01, per-link: 2.17
Inter-die reduction wrt all: inf
Inter-board reduction wrt inter-die: -nan

---Data Movement---
All traffic (msg): 3,561,422,371
Arith. Intensity FLOP/Loads: 0.38
Arith. Intensity FLOP/Msgs: 0.05
Arith. Intensity OPS/Loads: 0.97
Arith. Intensity OPS/Msgs: 0.13



===Core Utilization Total=== CORE-S:16;; TIME K cy:1,600 ;; Nodes Proc: 11,344,138 -- Edges Proc: 11,812,122

===PRINTING FRAME STATS

FCollision In Avg:104, SD:46, Max:283, Min:1
FCollision Out Avg:116, SD:44, Max:187, Min:1
FCollision End Avg:35, SD:37, Max:121, Min:0
FTask1 Avg:5, SD:4, Max:25, Min:0
FTask2 Avg:37, SD:25, Max:91, Min:0
FTask3 Avg:13, SD:6, Max:62, Min:5
FCore Active Avg:55, SD:27, Max:100, Min:8
FRouter Active Avg:62, SD:4, Max:72, Min:50
T1 invocations: 40,565
T2 invocations: 178,304
T3 invocations: 5,801,831
T3b invocations: 0
Total3 invocations: 5,801,831
Total4 invocations: 0

T3/T2 ratio: 33
T3b/T3 ratio: 0

T1 avg ex cycles: 123
T2 avg ex cycles: 210
T3&b avg ex cycles: 2
T4 avg ex cycles: -nan
Avg. hops NOC1: 3
Avg. latency NOC1 (T2): 70,048
Avg. hops NOC2: 17
Avg. latency NOC2 (T3): 7,106

===PRINTING ACUM STATS at pu_cycles: 1,701,374

ACollision In Avg:129, SD:32, Max:269, Min:49
ACollision Out Avg:145, SD:20, Max:205, Min:53
ACollision End Avg:48, SD:24, Max:99, Min:0
ATask1 Avg:5, SD:1, Max:8, Min:0
ATask2 Avg:30, SD:9, Max:51, Min:0
ATask3 Avg:15, SD:3, Max:27, Min:10
ACore Active Avg:50, SD:10, Max:73, Min:16
ARouter Active Avg:60, SD:2, Max:65, Min:55
T1 invocations: 777,384
T2 invocations: 3,023,889
T3 invocations: 96,862,266
T3b invocations: 0
Total3 invocations: 96,862,266
Total4 invocations: 0

T3/T2 ratio: 32
T3b/T3 ratio: 0

T1 avg ex cycles: 115
T2 avg ex cycles: 173
T3&b avg ex cycles: 3
T4 avg ex cycles: -nan
Avg. hops NOC1: 3
Avg. latency NOC1 (T2): 77,151
Avg. hops NOC2: 17
Avg. latency NOC2 (T3): 6,666
Number of K Nodes Processed: 96,892
Number of K Edges Processed: 97,535
Node Re-explore factor: 23.10
Edge Re-explore factor: 0.76
Nodes/cy: 57
Edges/cy: 57
TEPS: 75

---DCache---
DCache Size: 122,336
DRAM words: 262,912
  DHits: 266,860,204
  DMisses: 13,089,634
  DHit Rate (hit/miss): 95%
  DEvictions: 6,311,903
  DEviction Rate (evict/misses): 48%
  MC Transactions: 13,595,588
  MC Writes: 408,989
Avg. Transactions: 100% , Writes: 3%, Avg. Latency: 28
Max MC id: 2 of 8. Transactions: 100% , Writes: 3%, MC mean Latency: 42
HBM refresh energy (nJ): 9
HBM access energy (nJ): 25,755,481
MemC wire energy 2.5d (nJ): 12,269,811
MemC wire energy 3d (nJ): 3,067,453

---Energy---
Leakage Energy (nJ): 576,741
PU Dyn E (nJ): 5,771,268
Mem Dyn E (nJ): 64,607,645
Route Dyn E (nJ): 10,082,780
Dynamic Energy (nJ): 80,461,693
Ratio of Dyn/Leak: 140
Total Energy (nJ): 81,038,434
Total Energy (nJ) 3D: 75,405,747
Cores Energy (nJ): 5,776,003
Route Energy (nJ): 10,098,369
Route Energy (nJ) 3D: 13,668,040
Mem Energy   (nJ): 65,164,063
Mem Energy   (nJ) 3D: 55,961,705
Avg. Power (mW): 47,631.17
Power Density (mW/mm2): 106.81

---Runtime---
Runtime in K cycles: 1,701.37
Microseconds: 1,701.37
Time per iteration (ms): 1.70

---Throughput---
GOP/s (aka OPS/ns): 287.57
GOP/s per core: 0.28
FLOP/s: 114.23
FLOP/s per core: 0.11
Max Peak FLOP/s: 1,024.00
Avg. BW GB/s: 2,379.14
Max BW GB/s: 4,096.00

---Traffic---
In-Die bisection_bytes BW (GB/s): 512.00
Inter-board traffic (msg/ns): 0.00, per-link: 0.00
Inter-pack traffic (msg/ns): 0.00, per-link: 0.00
Inter-die traffic (msg/ns): 0.00, per-link: 0.00
Ruche traffic (msg/ns): 0.00, per-link: 0.00
All traffic (msg/ns): 2,224.83, per-link: 2.17
Inter-die reduction wrt all: inf
Inter-board reduction wrt inter-die: -nan

---Data Movement---
All traffic (msg): 3,785,265,195
Arith. Intensity FLOP/Loads: 0.38
Arith. Intensity FLOP/Msgs: 0.05
Arith. Intensity OPS/Loads: 0.97
Arith. Intensity OPS/Msgs: 0.13



===Core Utilization Total=== CORE-S:17;; TIME K cy:1,700 ;; Nodes Proc: 12,041,010 -- Edges Proc: 12,661,411

===PRINTING FRAME STATS

FCollision In Avg:114, SD:57, Max:276, Min:1
FCollision Out Avg:131, SD:50, Max:206, Min:1
FCollision End Avg:35, SD:41, Max:119, Min:0
FTask1 Avg:4, SD:5, Max:29, Min:0
FTask2 Avg:25, SD:21, Max:90, Min:0
FTask3 Avg:13, SD:7, Max:72, Min:5
FCore Active Avg:43, SD:24, Max:100, Min:7
FRouter Active Avg:57, SD:4, Max:68, Min:43
T1 invocations: 40,027
T2 invocations: 163,266
T3 invocations: 5,714,696
T3b invocations: 0
Total3 invocations: 5,714,696
Total4 invocations: 0

T3/T2 ratio: 35
T3b/T3 ratio: 0

T1 avg ex cycles: 109
T2 avg ex cycles: 157
T3&b avg ex cycles: 2
T4 avg ex cycles: -nan
Avg. hops NOC1: 3
Avg. latency NOC1 (T2): 65,297
Avg. hops NOC2: 16
Avg. latency NOC2 (T3): 5,741

===PRINTING ACUM STATS at pu_cycles: 1,800,851

ACollision In Avg:128, SD:32, Max:262, Min:47
ACollision Out Avg:144, SD:20, Max:201, Min:52
ACollision End Avg:47, SD:23, Max:99, Min:0
ATask1 Avg:5, SD:1, Max:8, Min:0
ATask2 Avg:30, SD:8, Max:50, Min:0
ATask3 Avg:15, SD:3, Max:27, Min:10
ACore Active Avg:50, SD:9, Max:72, Min:15
ARouter Active Avg:60, SD:2, Max:64, Min:55
T1 invocations: 817,401
T2 invocations: 3,186,788
T3 invocations: 102,559,783
T3b invocations: 0
Total3 invocations: 102,559,783
Total4 invocations: 0

T3/T2 ratio: 32
T3b/T3 ratio: 0

T1 avg ex cycles: 114
T2 avg ex cycles: 173
T3&b avg ex cycles: 3
T4 avg ex cycles: -nan
Avg. hops NOC1: 3
Avg. latency NOC1 (T2): 76,549
Avg. hops NOC2: 17
Avg. latency NOC2 (T3): 6,615
Number of K Nodes Processed: 102,607
Number of K Edges Processed: 102,801
Node Re-explore factor: 24.46
Edge Re-explore factor: 0.80
Nodes/cy: 57
Edges/cy: 57
TEPS: 71

---DCache---
DCache Size: 122,336
DRAM words: 262,912
  DHits: 282,035,988
  DMisses: 13,787,991
  DHit Rate (hit/miss): 95%
  DEvictions: 6,818,574
  DEviction Rate (evict/misses): 49%
  MC Transactions: 14,318,418
  MC Writes: 430,048
Avg. Transactions: 99% , Writes: 3%, Avg. Latency: 28
Max MC id: 0 of 8. Transactions: 100% , Writes: 3%, MC mean Latency: 26
HBM refresh energy (nJ): 10
HBM access energy (nJ): 27,124,811
MemC wire energy 2.5d (nJ): 12,922,154
MemC wire energy 3d (nJ): 3,230,538

---Energy---
Leakage Energy (nJ): 610,462
PU Dyn E (nJ): 6,094,471
Mem Dyn E (nJ): 68,136,055
Route Dyn E (nJ): 10,620,194
Dynamic Energy (nJ): 84,850,720
Ratio of Dyn/Leak: 139
Total Energy (nJ): 85,461,182
Total Energy (nJ) 3D: 79,529,501
Cores Energy (nJ): 6,099,483
Route Energy (nJ): 10,636,694
Route Energy (nJ) 3D: 14,396,629
Mem Energy   (nJ): 68,725,006
Mem Energy   (nJ) 3D: 59,033,390
Avg. Power (mW): 47,456.00
Power Density (mW/mm2): 106.42

---Runtime---
Runtime in K cycles: 1,800.85
Microseconds: 1,800.85
Time per iteration (ms): 1.80

---Throughput---
GOP/s (aka OPS/ns): 286.74
GOP/s per core: 0.28
FLOP/s: 114.00
FLOP/s per core: 0.11
Max Peak FLOP/s: 1,024.00
Avg. BW GB/s: 2,375.11
Max BW GB/s: 4,096.00

---Traffic---
In-Die bisection_bytes BW (GB/s): 512.00
Inter-board traffic (msg/ns): 0.00, per-link: 0.00
Inter-pack traffic (msg/ns): 0.00, per-link: 0.00
Inter-die traffic (msg/ns): 0.00, per-link: 0.00
Ruche traffic (msg/ns): 0.00, per-link: 0.00
All traffic (msg/ns): 2,214.53, per-link: 2.16
Inter-die reduction wrt all: inf
Inter-board reduction wrt inter-die: -nan

---Data Movement---
All traffic (msg): 3,988,035,154
Arith. Intensity FLOP/Loads: 0.38
Arith. Intensity FLOP/Msgs: 0.05
Arith. Intensity OPS/Loads: 0.97
Arith. Intensity OPS/Msgs: 0.13



===Core Utilization Total=== CORE-S:18;; TIME K cy:1,800 ;; Nodes Proc: 12,753,319 -- Edges Proc: 13,384,048

===PRINTING FRAME STATS

FCollision In Avg:101, SD:62, Max:296, Min:2
FCollision Out Avg:119, SD:51, Max:201, Min:2
FCollision End Avg:31, SD:40, Max:121, Min:0
FTask1 Avg:4, SD:5, Max:40, Min:0
FTask2 Avg:19, SD:21, Max:87, Min:0
FTask3 Avg:12, SD:5, Max:70, Min:4
FCore Active Avg:35, SD:24, Max:100, Min:7
FRouter Active Avg:59, SD:5, Max:73, Min:46
T1 invocations: 41,289
T2 invocations: 173,359
T3 invocations: 5,635,774
T3b invocations: 0
Total3 invocations: 5,635,774
Total4 invocations: 0

T3/T2 ratio: 33
T3b/T3 ratio: 0

T1 avg ex cycles: 96
T2 avg ex cycles: 111
T3&b avg ex cycles: 2
T4 avg ex cycles: -nan
Avg. hops NOC1: 3
Avg. latency NOC1 (T2): 61,884
Avg. hops NOC2: 17
Avg. latency NOC2 (T3): 3,477

===PRINTING ACUM STATS at pu_cycles: 1,900,948

ACollision In Avg:126, SD:32, Max:256, Min:44
ACollision Out Avg:143, SD:20, Max:198, Min:49
ACollision End Avg:46, SD:22, Max:98, Min:0
ATask1 Avg:5, SD:1, Max:7, Min:0
ATask2 Avg:29, SD:8, Max:48, Min:0
ATask3 Avg:15, SD:2, Max:29, Min:10
ACore Active Avg:49, SD:9, Max:69, Min:15
ARouter Active Avg:59, SD:2, Max:64, Min:55
T1 invocations: 858,770
T2 invocations: 3,361,191
T3 invocations: 108,218,452
T3b invocations: 0
Total3 invocations: 108,218,452
Total4 invocations: 0

T3/T2 ratio: 32
T3b/T3 ratio: 0

T1 avg ex cycles: 113
T2 avg ex cycles: 169
T3&b avg ex cycles: 3
T4 avg ex cycles: -nan
Avg. hops NOC1: 3
Avg. latency NOC1 (T2): 75,791
Avg. hops NOC2: 17
Avg. latency NOC2 (T3): 6,452
Number of K Nodes Processed: 108,235
Number of K Edges Processed: 108,407
Node Re-explore factor: 25.81
Edge Re-explore factor: 0.84
Nodes/cy: 57
Edges/cy: 57
TEPS: 67

---DCache---
DCache Size: 122,336
DRAM words: 262,912
  DHits: 297,669,061
  DMisses: 14,526,331
  DHit Rate (hit/miss): 95%
  DEvictions: 7,378,877
  DEviction Rate (evict/misses): 51%
  MC Transactions: 15,083,601
  MC Writes: 453,103
Avg. Transactions: 99% , Writes: 3%, Avg. Latency: 27
Max MC id: 0 of 8. Transactions: 100% , Writes: 3%, MC mean Latency: 27
HBM refresh energy (nJ): 10
HBM access energy (nJ): 28,574,373
MemC wire energy 2.5d (nJ): 13,612,720
MemC wire energy 3d (nJ): 3,403,180

---Energy---
Leakage Energy (nJ): 644,394
PU Dyn E (nJ): 6,427,075
Mem Dyn E (nJ): 71,820,767
Route Dyn E (nJ): 11,202,759
Dynamic Energy (nJ): 89,450,602
Ratio of Dyn/Leak: 139
Total Energy (nJ): 90,094,996
Total Energy (nJ) 3D: 83,851,640
Cores Energy (nJ): 6,432,366
Route Energy (nJ): 11,220,176
Route Energy (nJ) 3D: 15,186,360
Mem Energy   (nJ): 72,442,453
Mem Energy   (nJ) 3D: 62,232,914
Avg. Power (mW): 47,394.77
Power Density (mW/mm2): 106.28

---Runtime---
Runtime in K cycles: 1,900.95
Microseconds: 1,900.95
Time per iteration (ms): 1.90

---Throughput---
GOP/s (aka OPS/ns): 286.26
GOP/s per core: 0.28
FLOP/s: 113.95
FLOP/s per core: 0.11
Max Peak FLOP/s: 1,024.00
Avg. BW GB/s: 2,373.57
Max BW GB/s: 4,096.00

---Traffic---
In-Die bisection_bytes BW (GB/s): 512.00
Inter-board traffic (msg/ns): 0.00, per-link: 0.00
Inter-pack traffic (msg/ns): 0.00, per-link: 0.00
Inter-die traffic (msg/ns): 0.00, per-link: 0.00
Ruche traffic (msg/ns): 0.00, per-link: 0.00
All traffic (msg/ns): 2,212.68, per-link: 2.16
Inter-die reduction wrt all: inf
Inter-board reduction wrt inter-die: -nan

---Data Movement---
All traffic (msg): 4,206,192,971
Arith. Intensity FLOP/Loads: 0.38
Arith. Intensity FLOP/Msgs: 0.05
Arith. Intensity OPS/Loads: 0.97
Arith. Intensity OPS/Msgs: 0.13



===Core Utilization Total=== CORE-S:19;; TIME K cy:1,900 ;; Nodes Proc: 13,465,834 -- Edges Proc: 14,067,828

===PRINTING FRAME STATS

FCollision In Avg:74, SD:56, Max:263, Min:1
FCollision Out Avg:87, SD:51, Max:184, Min:3
FCollision End Avg:21, SD:34, Max:114, Min:0
FTask1 Avg:4, SD:6, Max:34, Min:0
FTask2 Avg:19, SD:24, Max:95, Min:0
FTask3 Avg:13, SD:5, Max:62, Min:5
FCore Active Avg:36, SD:26, Max:100, Min:8
FRouter Active Avg:64, SD:5, Max:77, Min:47
T1 invocations: 42,007
T2 invocations: 182,292
T3 invocations: 5,914,300
T3b invocations: 0
Total3 invocations: 5,914,300
Total4 invocations: 0

T3/T2 ratio: 32
T3b/T3 ratio: 0

T1 avg ex cycles: 91
T2 avg ex cycles: 108
T3&b avg ex cycles: 2
T4 avg ex cycles: -nan
Avg. hops NOC1: 3
Avg. latency NOC1 (T2): 49,426
Avg. hops NOC2: 17
Avg. latency NOC2 (T3): 3,308

===PRINTING ACUM STATS at pu_cycles: 2,000,691

ACollision In Avg:124, SD:31, Max:249, Min:42
ACollision Out Avg:140, SD:20, Max:194, Min:51
ACollision End Avg:45, SD:21, Max:96, Min:0
ATask1 Avg:5, SD:1, Max:7, Min:1
ATask2 Avg:29, SD:7, Max:45, Min:0
ATask3 Avg:15, SD:2, Max:29, Min:10
ACore Active Avg:48, SD:8, Max:67, Min:16
ARouter Active Avg:60, SD:2, Max:64, Min:55
T1 invocations: 900,639
T2 invocations: 3,542,972
T3 invocations: 114,095,751
T3b invocations: 0
Total3 invocations: 114,095,751
Total4 invocations: 0

T3/T2 ratio: 32
T3b/T3 ratio: 0

T1 avg ex cycles: 112
T2 avg ex cycles: 166
T3&b avg ex cycles: 3
T4 avg ex cycles: -nan
Avg. hops NOC1: 3
Avg. latency NOC1 (T2): 74,429
Avg. hops NOC2: 17
Avg. latency NOC2 (T3): 6,285
Number of K Nodes Processed: 114,150
Number of K Edges Processed: 114,446
Node Re-explore factor: 27.22
Edge Re-explore factor: 0.89
Nodes/cy: 57
Edges/cy: 57
TEPS: 64

---DCache---
DCache Size: 122,336
DRAM words: 262,912
  DHits: 314,426,671
  DMisses: 15,317,616
  DHit Rate (hit/miss): 95%
  DEvictions: 7,988,110
  DEviction Rate (evict/misses): 52%
  MC Transactions: 15,903,314
  MC Writes: 477,737
Avg. Transactions: 99% , Writes: 3%, Avg. Latency: 26
Max MC id: 0 of 8. Transactions: 100% , Writes: 3%, MC mean Latency: 28
HBM refresh energy (nJ): 11
HBM access energy (nJ): 30,127,238
MemC wire energy 2.5d (nJ): 14,352,498
MemC wire energy 3d (nJ): 3,588,125

---Energy---
Leakage Energy (nJ): 678,205
PU Dyn E (nJ): 6,774,630
Mem Dyn E (nJ): 75,737,290
Route Dyn E (nJ): 11,827,300
Dynamic Energy (nJ): 94,339,220
Ratio of Dyn/Leak: 139
Total Energy (nJ): 95,017,425
Total Energy (nJ) 3D: 88,440,345
Cores Energy (nJ): 6,780,198
Route Energy (nJ): 11,845,631
Route Energy (nJ) 3D: 16,032,925
Mem Energy   (nJ): 76,391,596
Mem Energy   (nJ) 3D: 65,627,222
Avg. Power (mW): 47,492.30
Power Density (mW/mm2): 106.50

---Runtime---
Runtime in K cycles: 2,000.69
Microseconds: 2,000.69
Time per iteration (ms): 2.00

---Throughput---
GOP/s (aka OPS/ns): 286.40
GOP/s per core: 0.28
FLOP/s: 114.19
FLOP/s per core: 0.11
Max Peak FLOP/s: 1,024.00
Avg. BW GB/s: 2,377.99
Max BW GB/s: 4,096.00

---Traffic---
In-Die bisection_bytes BW (GB/s): 512.00
Inter-board traffic (msg/ns): 0.00, per-link: 0.00
Inter-pack traffic (msg/ns): 0.00, per-link: 0.00
Inter-die traffic (msg/ns): 0.00, per-link: 0.00
Ruche traffic (msg/ns): 0.00, per-link: 0.00
All traffic (msg/ns): 2,219.06, per-link: 2.17
Inter-die reduction wrt all: inf
Inter-board reduction wrt inter-die: -nan

---Data Movement---
All traffic (msg): 4,439,656,139
Arith. Intensity FLOP/Loads: 0.38
Arith. Intensity FLOP/Msgs: 0.05
Arith. Intensity OPS/Loads: 0.96
Arith. Intensity OPS/Msgs: 0.13



===Core Utilization Total=== CORE-S:20;; TIME K cy:2,000 ;; Nodes Proc: 14,194,277 -- Edges Proc: 14,717,950

===PRINTING FRAME STATS

FCollision In Avg:28, SD:36, Max:184, Min:1
FCollision Out Avg:28, SD:36, Max:165, Min:0
FCollision End Avg:12, SD:24, Max:102, Min:0
FTask1 Avg:4, SD:7, Max:38, Min:0
FTask2 Avg:19, SD:29, Max:97, Min:0
FTask3 Avg:12, SD:4, Max:51, Min:3
FCore Active Avg:35, SD:30, Max:100, Min:8
FRouter Active Avg:67, SD:7, Max:90, Min:49
T1 invocations: 44,900
T2 invocations: 175,165
T3 invocations: 5,711,290
T3b invocations: 0
Total3 invocations: 5,711,290
Total4 invocations: 0

T3/T2 ratio: 33
T3b/T3 ratio: 0

T1 avg ex cycles: 90
T2 avg ex cycles: 111
T3&b avg ex cycles: 2
T4 avg ex cycles: -nan
Avg. hops NOC1: 3
Avg. latency NOC1 (T2): 26,000
Avg. hops NOC2: 17
Avg. latency NOC2 (T3): 6,037

===PRINTING ACUM STATS at pu_cycles: 2,100,564

ACollision In Avg:119, SD:30, Max:242, Min:40
ACollision Out Avg:134, SD:20, Max:189, Min:50
ACollision End Avg:43, SD:20, Max:91, Min:0
ATask1 Avg:5, SD:1, Max:7, Min:2
ATask2 Avg:28, SD:6, Max:43, Min:1
ATask3 Avg:15, SD:2, Max:30, Min:10
ACore Active Avg:48, SD:7, Max:66, Min:18
ARouter Active Avg:60, SD:1, Max:64, Min:55
T1 invocations: 945,606
T2 invocations: 3,719,058
T3 invocations: 119,833,033
T3b invocations: 0
Total3 invocations: 119,833,033
Total4 invocations: 0

T3/T2 ratio: 32
T3b/T3 ratio: 0

T1 avg ex cycles: 111
T2 avg ex cycles: 164
T3&b avg ex cycles: 3
T4 avg ex cycles: -nan
Avg. hops NOC1: 3
Avg. latency NOC1 (T2): 72,152
Avg. hops NOC2: 17
Avg. latency NOC2 (T3): 6,277
Number of K Nodes Processed: 119,857
Number of K Edges Processed: 120,181
Node Re-explore factor: 28.58
Edge Re-explore factor: 0.94
Nodes/cy: 57
Edges/cy: 57
TEPS: 61

---DCache---
DCache Size: 122,336
DRAM words: 262,912
  DHits: 330,682,906
  DMisses: 16,075,005
  DHit Rate (hit/miss): 95%
  DEvictions: 8,566,771
  DEviction Rate (evict/misses): 53%
  MC Transactions: 16,686,401
  MC Writes: 500,853
Avg. Transactions: 99% , Writes: 3%, Avg. Latency: 25
Max MC id: 0 of 8. Transactions: 100% , Writes: 3%, MC mean Latency: 28
HBM refresh energy (nJ): 12
HBM access energy (nJ): 31,610,718
MemC wire energy 2.5d (nJ): 15,059,222
MemC wire energy 3d (nJ): 3,764,806

---Energy---
Leakage Energy (nJ): 712,060
PU Dyn E (nJ): 7,113,548
Mem Dyn E (nJ): 79,507,050
Route Dyn E (nJ): 12,427,162
Dynamic Energy (nJ): 99,047,761
Ratio of Dyn/Leak: 139
Total Energy (nJ): 99,759,821
Total Energy (nJ) 3D: 92,865,071
Cores Energy (nJ): 7,119,395
Route Energy (nJ): 12,446,409
Route Energy (nJ) 3D: 16,846,076
Mem Energy   (nJ): 80,194,018
Mem Energy   (nJ) 3D: 68,899,601
Avg. Power (mW): 47,491.92
Power Density (mW/mm2): 106.50

---Runtime---
Runtime in K cycles: 2,100.56
Microseconds: 2,100.56
Time per iteration (ms): 2.10

---Throughput---
GOP/s (aka OPS/ns): 286.25
GOP/s per core: 0.28
FLOP/s: 114.25
FLOP/s per core: 0.11
Max Peak FLOP/s: 1,024.00
Avg. BW GB/s: 2,378.75
Max BW GB/s: 4,096.00

---Traffic---
In-Die bisection_bytes BW (GB/s): 512.00
Inter-board traffic (msg/ns): 0.00, per-link: 0.00
Inter-pack traffic (msg/ns): 0.00, per-link: 0.00
Inter-die traffic (msg/ns): 0.00, per-link: 0.00
Ruche traffic (msg/ns): 0.00, per-link: 0.00
All traffic (msg/ns): 2,220.33, per-link: 2.17
Inter-die reduction wrt all: inf
Inter-board reduction wrt inter-die: -nan

---Data Movement---
All traffic (msg): 4,663,943,262
Arith. Intensity FLOP/Loads: 0.38
Arith. Intensity FLOP/Msgs: 0.05
Arith. Intensity OPS/Loads: 0.96
Arith. Intensity OPS/Msgs: 0.13



===Core Utilization Total=== CORE-S:21;; TIME K cy:2,100 ;; Nodes Proc: 14,912,942 -- Edges Proc: 15,351,270
======== IT IS COLD ======= Only 50 Tiles active

===PRINTING FRAME STATS

FCollision In Avg:17, SD:29, Max:139, Min:0
FCollision Out Avg:19, SD:31, Max:117, Min:0
FCollision End Avg:7, SD:19, Max:99, Min:0
FTask1 Avg:3, SD:7, Max:43, Min:0
FTask2 Avg:11, SD:23, Max:97, Min:0
FTask3 Avg:9, SD:3, Max:40, Min:2
FCore Active Avg:23, SD:25, Max:100, Min:6
FRouter Active Avg:56, SD:10, Max:88, Min:36
T1 invocations: 34,962
T2 invocations: 123,042
T3 invocations: 4,627,623
T3b invocations: 0
Total3 invocations: 4,627,623
Total4 invocations: 0

T3/T2 ratio: 38
T3b/T3 ratio: 0

T1 avg ex cycles: 85
T2 avg ex cycles: 93
T3&b avg ex cycles: 2
T4 avg ex cycles: -nan
Avg. hops NOC1: 3
Avg. latency NOC1 (T2): 19,097
Avg. hops NOC2: 16
Avg. latency NOC2 (T3): 5,283

===PRINTING ACUM STATS at pu_cycles: 2,200,470

ACollision In Avg:115, SD:29, Max:235, Min:39
ACollision Out Avg:129, SD:20, Max:180, Min:48
ACollision End Avg:42, SD:18, Max:87, Min:2
ATask1 Avg:5, SD:1, Max:7, Min:2
ATask2 Avg:28, SD:5, Max:41, Min:4
ATask3 Avg:14, SD:2, Max:30, Min:10
ACore Active Avg:47, SD:6, Max:65, Min:21
ARouter Active Avg:60, SD:1, Max:64, Min:56
T1 invocations: 978,589
T2 invocations: 3,830,464
T3 invocations: 124,312,012
T3b invocations: 0
Total3 invocations: 124,312,012
Total4 invocations: 0

T3/T2 ratio: 32
T3b/T3 ratio: 0

T1 avg ex cycles: 110
T2 avg ex cycles: 162
T3&b avg ex cycles: 3
T4 avg ex cycles: -nan
Avg. hops NOC1: 3
Avg. latency NOC1 (T2): 70,588
Avg. hops NOC2: 17
Avg. latency NOC2 (T3): 6,231
Number of K Nodes Processed: 124,429
Number of K Edges Processed: 124,577
Node Re-explore factor: 29.67
Edge Re-explore factor: 0.97
Nodes/cy: 57
Edges/cy: 57
TEPS: 58

---DCache---
DCache Size: 122,336
DRAM words: 262,912
  DHits: 343,473,088
  DMisses: 16,652,848
  DHit Rate (hit/miss): 95%
  DEvictions: 9,014,442
  DEviction Rate (evict/misses): 54%
  MC Transactions: 17,281,358
  MC Writes: 516,563
Avg. Transactions: 98% , Writes: 3%, Avg. Latency: 25
Max MC id: 0 of 8. Transactions: 99% , Writes: 3%, MC mean Latency: 27
HBM refresh energy (nJ): 12
HBM access energy (nJ): 32,737,804
MemC wire energy 2.5d (nJ): 15,596,162
MemC wire energy 3d (nJ): 3,899,040

---Energy---
Leakage Energy (nJ): 745,927
PU Dyn E (nJ): 7,354,328
Mem Dyn E (nJ): 82,335,289
Route Dyn E (nJ): 12,865,285
Dynamic Energy (nJ): 102,554,904
Ratio of Dyn/Leak: 137
Total Energy (nJ): 103,300,831
Total Energy (nJ) 3D: 96,158,488
Cores Energy (nJ): 7,360,453
Route Energy (nJ): 12,885,448
Route Energy (nJ) 3D: 17,440,226
Mem Energy   (nJ): 83,054,931
Mem Energy   (nJ) 3D: 71,357,809
Avg. Power (mW): 46,944.89
Power Density (mW/mm2): 105.27

---Runtime---
Runtime in K cycles: 2,200.47
Microseconds: 2,200.47
Time per iteration (ms): 2.20

---Throughput---
GOP/s (aka OPS/ns): 282.36
GOP/s per core: 0.28
FLOP/s: 112.79
FLOP/s per core: 0.11
Max Peak FLOP/s: 1,024.00
Avg. BW GB/s: 2,349.42
Max BW GB/s: 4,096.00

---Traffic---
In-Die bisection_bytes BW (GB/s): 512.00
Inter-board traffic (msg/ns): 0.00, per-link: 0.00
Inter-pack traffic (msg/ns): 0.00, per-link: 0.00
Inter-die traffic (msg/ns): 0.00, per-link: 0.00
Ruche traffic (msg/ns): 0.00, per-link: 0.00
All traffic (msg/ns): 2,194.55, per-link: 2.14
Inter-die reduction wrt all: inf
Inter-board reduction wrt inter-die: -nan

---Data Movement---
All traffic (msg): 4,829,041,450
Arith. Intensity FLOP/Loads: 0.38
Arith. Intensity FLOP/Msgs: 0.05
Arith. Intensity OPS/Loads: 0.96
Arith. Intensity OPS/Msgs: 0.13



===Core Utilization Total=== CORE-S:22;; TIME K cy:2,200 ;; Nodes Proc: 15,486,813 -- Edges Proc: 15,787,272
======== IT IS COLD ======= Only 31 Tiles active

===PRINTING FRAME STATS

FCollision In Avg:7, SD:21, Max:193, Min:0
FCollision Out Avg:10, SD:24, Max:99, Min:0
FCollision End Avg:4, SD:14, Max:98, Min:0
FTask1 Avg:2, SD:6, Max:38, Min:0
FTask2 Avg:6, SD:18, Max:99, Min:0
FTask3 Avg:5, SD:1, Max:16, Min:0
FCore Active Avg:12, SD:20, Max:100, Min:3
FRouter Active Avg:35, SD:10, Max:69, Min:18
T1 invocations: 20,649
T2 invocations: 68,540
T3 invocations: 2,500,476
T3b invocations: 0
Total3 invocations: 2,500,476
Total4 invocations: 0

T3/T2 ratio: 36
T3b/T3 ratio: 0

T1 avg ex cycles: 84
T2 avg ex cycles: 88
T3&b avg ex cycles: 2
T4 avg ex cycles: -nan
Avg. hops NOC1: 4
Avg. latency NOC1 (T2): 17,938
Avg. hops NOC2: 16
Avg. latency NOC2 (T3): 4,872

===PRINTING ACUM STATS at pu_cycles: 2,300,318

ACollision In Avg:110, SD:28, Max:225, Min:37
ACollision Out Avg:124, SD:19, Max:172, Min:46
ACollision End Avg:40, SD:17, Max:83, Min:2
ATask1 Avg:5, SD:0, Max:6, Min:2
ATask2 Avg:27, SD:5, Max:40, Min:8
ATask3 Avg:14, SD:2, Max:29, Min:10
ACore Active Avg:45, SD:6, Max:63, Min:25
ARouter Active Avg:59, SD:1, Max:63, Min:55
T1 invocations: 999,794
T2 invocations: 3,916,701
T3 invocations: 126,885,152
T3b invocations: 0
Total3 invocations: 126,885,152
Total4 invocations: 0

T3/T2 ratio: 32
T3b/T3 ratio: 0

T1 avg ex cycles: 110
T2 avg ex cycles: 160
T3&b avg ex cycles: 3
T4 avg ex cycles: -nan
Avg. hops NOC1: 3
Avg. latency NOC1 (T2): 69,442
Avg. hops NOC2: 17
Avg. latency NOC2 (T3): 6,219
Number of K Nodes Processed: 126,897
Number of K Edges Processed: 126,951
Node Re-explore factor: 30.25
Edge Re-explore factor: 0.99
Nodes/cy: 55
Edges/cy: 55
TEPS: 56

---DCache---
DCache Size: 122,336
DRAM words: 262,912
  DHits: 350,465,554
  DMisses: 16,965,815
  DHit Rate (hit/miss): 95%
  DEvictions: 9,263,196
  DEviction Rate (evict/misses): 55%
  MC Transactions: 17,603,598
  MC Writes: 525,469
Avg. Transactions: 96% , Writes: 3%, Avg. Latency: 24
Max MC id: 5 of 8. Transactions: 96% , Writes: 3%, MC mean Latency: 27
HBM refresh energy (nJ): 13
HBM access energy (nJ): 33,348,256
MemC wire energy 2.5d (nJ): 15,886,979
MemC wire energy 3d (nJ): 3,971,745

---Energy---
Leakage Energy (nJ): 779,774
PU Dyn E (nJ): 7,513,708
Mem Dyn E (nJ): 83,961,019
Route Dyn E (nJ): 13,128,559
Dynamic Energy (nJ): 104,603,287
Ratio of Dyn/Leak: 134
Total Energy (nJ): 105,383,061
Total Energy (nJ) 3D: 98,115,814
Cores Energy (nJ): 7,520,110
Route Energy (nJ): 13,149,636
Route Energy (nJ) 3D: 17,797,624
Mem Energy   (nJ): 84,713,315
Mem Energy   (nJ) 3D: 72,798,081
Avg. Power (mW): 45,812.39
Power Density (mW/mm2): 102.73

---Runtime---
Runtime in K cycles: 2,300.32
Microseconds: 2,300.32
Time per iteration (ms): 2.30

---Throughput---
GOP/s (aka OPS/ns): 275.88
GOP/s per core: 0.27
FLOP/s: 110.25
FLOP/s per core: 0.11
Max Peak FLOP/s: 1,024.00
Avg. BW GB/s: 2,295.93
Max BW GB/s: 4,096.00

---Traffic---
In-Die bisection_bytes BW (GB/s): 512.00
Inter-board traffic (msg/ns): 0.00, per-link: 0.00
Inter-pack traffic (msg/ns): 0.00, per-link: 0.00
Inter-die traffic (msg/ns): 0.00, per-link: 0.00
Ruche traffic (msg/ns): 0.00, per-link: 0.00
All traffic (msg/ns): 2,141.84, per-link: 2.09
Inter-die reduction wrt all: inf
Inter-board reduction wrt inter-die: -nan

---Data Movement---
All traffic (msg): 4,926,908,177
Arith. Intensity FLOP/Loads: 0.38
Arith. Intensity FLOP/Msgs: 0.05
Arith. Intensity OPS/Loads: 0.96
Arith. Intensity OPS/Msgs: 0.13



===Core Utilization Total=== CORE-S:23;; TIME K cy:2,300 ;; Nodes Proc: 15,793,006 -- Edges Proc: 16,011,576
======== IT IS COLD ======= Only 11 Tiles active

===PRINTING FRAME STATS

FCollision In Avg:3, SD:13, Max:102, Min:0
FCollision Out Avg:5, SD:18, Max:98, Min:0
FCollision End Avg:2, SD:9, Max:98, Min:0
FTask1 Avg:1, SD:3, Max:34, Min:0
FTask2 Avg:2, SD:12, Max:100, Min:0
FTask3 Avg:2, SD:1, Max:10, Min:0
FCore Active Avg:5, SD:13, Max:100, Min:1
FRouter Active Avg:15, SD:9, Max:66, Min:6
T1 invocations: 8,022
T2 invocations: 28,173
T3 invocations: 973,550
T3b invocations: 0
Total3 invocations: 973,550
Total4 invocations: 0

T3/T2 ratio: 35
T3b/T3 ratio: 0

T1 avg ex cycles: 78
T2 avg ex cycles: 86
T3&b avg ex cycles: 2
T4 avg ex cycles: -nan
Avg. hops NOC1: 4
Avg. latency NOC1 (T2): 18,564
Avg. hops NOC2: 16
Avg. latency NOC2 (T3): 4,637

===PRINTING ACUM STATS at pu_cycles: 2,400,331

ACollision In Avg:105, SD:27, Max:216, Min:35
ACollision Out Avg:119, SD:18, Max:165, Min:44
ACollision End Avg:39, SD:17, Max:80, Min:2
ATask1 Avg:4, SD:0, Max:6, Min:3
ATask2 Avg:26, SD:4, Max:38, Min:11
ATask3 Avg:13, SD:2, Max:28, Min:9
ACore Active Avg:44, SD:5, Max:62, Min:27
ARouter Active Avg:57, SD:1, Max:61, Min:53
T1 invocations: 1,007,335
T2 invocations: 3,947,372
T3 invocations: 127,848,607
T3b invocations: 0
Total3 invocations: 127,848,607
Total4 invocations: 0

T3/T2 ratio: 32
T3b/T3 ratio: 0

T1 avg ex cycles: 110
T2 avg ex cycles: 159
T3&b avg ex cycles: 3
T4 avg ex cycles: -nan
Avg. hops NOC1: 3
Avg. latency NOC1 (T2): 69,046
Avg. hops NOC2: 17
Avg. latency NOC2 (T3): 6,206
Number of K Nodes Processed: 127,858
Number of K Edges Processed: 127,872
Node Re-explore factor: 30.48
Edge Re-explore factor: 1.00
Nodes/cy: 53
Edges/cy: 53
TEPS: 53

---DCache---
DCache Size: 122,336
DRAM words: 262,912
  DHits: 353,193,339
  DMisses: 17,087,672
  DHit Rate (hit/miss): 95%
  DEvictions: 9,362,281
  DEviction Rate (evict/misses): 55%
  MC Transactions: 17,727,700
  MC Writes: 527,645
Avg. Transactions: 92% , Writes: 3%, Avg. Latency: 24
Max MC id: 6 of 8. Transactions: 93% , Writes: 3%, MC mean Latency: 18
HBM refresh energy (nJ): 13
HBM access energy (nJ): 33,583,354
MemC wire energy 2.5d (nJ): 15,998,979
MemC wire energy 3d (nJ): 3,999,745

---Energy---
Leakage Energy (nJ): 813,677
PU Dyn E (nJ): 7,571,351
Mem Dyn E (nJ): 84,576,092
Route Dyn E (nJ): 13,225,326
Dynamic Energy (nJ): 105,372,769
Ratio of Dyn/Leak: 130
Total Energy (nJ): 106,186,446
Total Energy (nJ) 3D: 98,869,459
Cores Energy (nJ): 7,578,031
Route Energy (nJ): 13,247,320
Route Energy (nJ) 3D: 17,929,566
Mem Energy   (nJ): 85,361,096
Mem Energy   (nJ) 3D: 73,361,862
Avg. Power (mW): 44,238.25
Power Density (mW/mm2): 99.20

---Runtime---
Runtime in K cycles: 2,400.33
Microseconds: 2,400.33
Time per iteration (ms): 2.40

---Throughput---
GOP/s (aka OPS/ns): 266.37
GOP/s per core: 0.26
FLOP/s: 106.48
FLOP/s per core: 0.10
Max Peak FLOP/s: 1,024.00
Avg. BW GB/s: 2,217.23
Max BW GB/s: 4,096.00

---Traffic---
In-Die bisection_bytes BW (GB/s): 512.00
Inter-board traffic (msg/ns): 0.00, per-link: 0.00
Inter-pack traffic (msg/ns): 0.00, per-link: 0.00
Inter-die traffic (msg/ns): 0.00, per-link: 0.00
Ruche traffic (msg/ns): 0.00, per-link: 0.00
All traffic (msg/ns): 2,067.67, per-link: 2.02
Inter-die reduction wrt all: inf
Inter-board reduction wrt inter-die: -nan

---Data Movement---
All traffic (msg): 4,963,098,502
Arith. Intensity FLOP/Loads: 0.38
Arith. Intensity FLOP/Msgs: 0.05
Arith. Intensity OPS/Loads: 0.96
Arith. Intensity OPS/Msgs: 0.13



===Core Utilization Total=== CORE-S:24;; TIME K cy:2,400 ;; Nodes Proc: 15,910,947 -- Edges Proc: 16,039,040
======== IT IS COLD ======= Only 1 Tiles active

===PRINTING FRAME STATS

FCollision In Avg:1, SD:7, Max:92, Min:0
FCollision Out Avg:2, SD:10, Max:93, Min:0
FCollision End Avg:0, SD:4, Max:78, Min:0
FTask1 Avg:0, SD:2, Max:31, Min:0
FTask2 Avg:1, SD:7, Max:98, Min:0
FTask3 Avg:1, SD:0, Max:6, Min:0
FCore Active Avg:2, SD:8, Max:99, Min:0
FRouter Active Avg:6, SD:6, Max:52, Min:2
T1 invocations: 3,322
T2 invocations: 8,381
T3 invocations: 386,520
T3b invocations: 0
Total3 invocations: 386,520
Total4 invocations: 0

T3/T2 ratio: 46
T3b/T3 ratio: 0

T1 avg ex cycles: 83
T2 avg ex cycles: 90
T3&b avg ex cycles: 2
T4 avg ex cycles: -nan
Avg. hops NOC1: 5
Avg. latency NOC1 (T2): 18,958
Avg. hops NOC2: 16
Avg. latency NOC2 (T3): 4,514

===PRINTING ACUM STATS at pu_cycles: 2,500,117

ACollision In Avg:101, SD:26, Max:207, Min:34
ACollision Out Avg:114, SD:18, Max:158, Min:43
ACollision End Avg:37, SD:16, Max:77, Min:3
ATask1 Avg:4, SD:0, Max:6, Min:3
ATask2 Avg:25, SD:4, Max:36, Min:11
ATask3 Avg:13, SD:2, Max:27, Min:9
ACore Active Avg:42, SD:5, Max:60, Min:27
ARouter Active Avg:55, SD:1, Max:59, Min:51
T1 invocations: 1,011,069
T2 invocations: 3,960,063
T3 invocations: 128,233,388
T3b invocations: 0
Total3 invocations: 128,233,388
Total4 invocations: 0

T3/T2 ratio: 32
T3b/T3 ratio: 0

T1 avg ex cycles: 110
T2 avg ex cycles: 159
T3&b avg ex cycles: 3
T4 avg ex cycles: -nan
Avg. hops NOC1: 3
Avg. latency NOC1 (T2): 68,885
Avg. hops NOC2: 17
Avg. latency NOC2 (T3): 6,203
Number of K Nodes Processed: 128,233
Number of K Edges Processed: 128,234
Node Re-explore factor: 30.57
Edge Re-explore factor: 1.00
Nodes/cy: 51
Edges/cy: 51
TEPS: 51

---DCache---
DCache Size: 122,336
DRAM words: 262,912
  DHits: 354,267,476
  DMisses: 17,135,166
  DHit Rate (hit/miss): 95%
  DEvictions: 9,401,821
  DEviction Rate (evict/misses): 55%
  MC Transactions: 17,775,946
  MC Writes: 528,385
Avg. Transactions: 89% , Writes: 3%, Avg. Latency: 24
Max MC id: 6 of 8. Transactions: 89% , Writes: 3%, MC mean Latency: 18
HBM refresh energy (nJ): 14
HBM access energy (nJ): 33,674,752
MemC wire energy 2.5d (nJ): 16,042,520
MemC wire energy 3d (nJ): 4,010,630

---Energy---
Leakage Energy (nJ): 847,503
PU Dyn E (nJ): 7,595,196
Mem Dyn E (nJ): 84,819,739
Route Dyn E (nJ): 13,264,484
Dynamic Energy (nJ): 105,679,420
Ratio of Dyn/Leak: 125
Total Energy (nJ): 106,526,923
Total Energy (nJ) 3D: 99,191,142
Cores Energy (nJ): 7,602,155
Route Energy (nJ): 13,287,392
Route Energy (nJ) 3D: 17,983,501
Mem Energy   (nJ): 85,637,377
Mem Energy   (nJ) 3D: 73,605,487
Avg. Power (mW): 42,608.78
Power Density (mW/mm2): 95.55

---Runtime---
Runtime in K cycles: 2,500.12
Microseconds: 2,500.12
Time per iteration (ms): 2.50

---Throughput---
GOP/s (aka OPS/ns): 256.54
GOP/s per core: 0.25
FLOP/s: 102.55
FLOP/s per core: 0.10
Max Peak FLOP/s: 1,024.00
Avg. BW GB/s: 2,135.39
Max BW GB/s: 4,096.00

---Traffic---
In-Die bisection_bytes BW (GB/s): 512.00
Inter-board traffic (msg/ns): 0.00, per-link: 0.00
Inter-pack traffic (msg/ns): 0.00, per-link: 0.00
Inter-die traffic (msg/ns): 0.00, per-link: 0.00
Ruche traffic (msg/ns): 0.00, per-link: 0.00
All traffic (msg/ns): 1,990.97, per-link: 1.94
Inter-die reduction wrt all: inf
Inter-board reduction wrt inter-die: -nan

---Data Movement---
All traffic (msg): 4,977,668,764
Arith. Intensity FLOP/Loads: 0.38
Arith. Intensity FLOP/Msgs: 0.05
Arith. Intensity OPS/Loads: 0.96
Arith. Intensity OPS/Msgs: 0.13



===Core Utilization Total=== CORE-S:25;; TIME K cy:2,500 ;; Nodes Proc: 15,956,251 -- Edges Proc: 16,039,040
======== IT IS COLD ======= Only 0 Tiles active
Epoch Done Router: 0
Epoch Done Router: 1
Epoch Done Router: 2
Epoch Done Router: 3
Epoch Done Router: 4
Epoch Done Router: 5
Epoch Done Router: 7
Epoch Done Router: 6
##EPOCH## 1 COMPLETED at Time (K cy): 2,587
Nodes processed until now: 128,311,436
Edges processed until now: 128,311,436
Program Done Worker Thread: 0
Program Done Router Thread: 0
Program Done Router Thread: 5
Program Done Router Thread: 7
Program Done Worker Thread: 5
Program Done Router Thread: 6
Program Done Worker Thread: 1
Program Done Worker Thread: 7
Program Done Worker Thread: 3
Program Done Router Thread: 1
Program Done Worker Thread: 4
Program Done Worker Thread: 6
Program Done Worker Thread: 2
Program Done Router Thread: 4
Program Done Router Thread: 2
Program Done Router Thread: 3

===PRINTING ACUM STATS at pu_cycles: 2,587,995

ACollision In Avg:98, SD:25, Max:200, Min:33
ACollision Out Avg:110, SD:17, Max:153, Min:41
ACollision End Avg:36, SD:15, Max:74, Min:3
ATask1 Avg:4, SD:0, Max:5, Min:3
ATask2 Avg:24, SD:4, Max:35, Min:11
ATask3 Avg:13, SD:2, Max:26, Min:9
ACore Active Avg:40, SD:5, Max:58, Min:26
ARouter Active Avg:53, SD:1, Max:57, Min:49
T1 invocations: 1,011,656
T2 invocations: 3,964,364
T3 invocations: 128,311,436
T3b invocations: 0
Total3 invocations: 128,311,436
Total4 invocations: 0

T3/T2 ratio: 32
T3b/T3 ratio: 0

T1 avg ex cycles: 109
T2 avg ex cycles: 159
T3&b avg ex cycles: 3
T4 avg ex cycles: -nan
Avg. hops NOC1: 3
Avg. latency NOC1 (T2): 68,832
Avg. hops NOC2: 17
Avg. latency NOC2 (T3): 6,200

Runtime at program end in K cycles: 2,587
Runtime before cooldown in K cycles: 2,000


Number of K Nodes Processed: 128,311
Number of K Edges Processed: 128,311
Node Re-explore factor: 30.59
Edge Re-explore factor: 1.00
Nodes/cy: 50
Edges/cy: 50
TEPS: 50

---DCache---
DCache Size: 122,336
DRAM words: 262,912
  DHits: 354,492,959
  DMisses: 17,145,296
  DHit Rate (hit/miss): 95%
  DEvictions: 9,410,816
  DEviction Rate (evict/misses): 55%
  MC Transactions: 17,786,076
  MC Writes: 528,385
Avg. Transactions: 86% , Writes: 3%, Avg. Latency: 24
Max MC id: 6 of 8. Transactions: 86% , Writes: 3%, MC mean Latency: 18
HBM refresh energy (nJ): 14
HBM access energy (nJ): 33,693,942
MemC wire energy 2.5d (nJ): 16,051,662
MemC wire energy 3d (nJ): 4,012,916

---Energy---
Leakage Energy (nJ): 877,292
PU Dyn E (nJ): 7,601,781
Mem Dyn E (nJ): 84,875,778
Route Dyn E (nJ): 13,273,289
Dynamic Energy (nJ): 105,750,848
Ratio of Dyn/Leak: 121
Total Energy (nJ): 106,628,140
Total Energy (nJ) 3D: 99,288,620
Cores Energy (nJ): 7,608,984
Route Energy (nJ): 13,297,002
Route Energy (nJ) 3D: 17,996,228
Mem Energy   (nJ): 85,722,156
Mem Energy   (nJ) 3D: 73,683,409
Avg. Power (mW): 41,201.06
Power Density (mW/mm2): 92.39

---Runtime---
Runtime in K cycles: 2,587.99
Microseconds: 2,587.99
Time per iteration (ms): 2.59

---Inst---
K Loads: 667,040
K Stores: 668,745
K Instructions: 641,909

---Throughput---
GOP/s (aka OPS/ns): 248.03
GOP/s per core: 0.24
FLOP/s: 99.16
FLOP/s per core: 0.10
Max Peak FLOP/s: 1,024.00
Avg. BW GB/s: 2,064.59
Max BW GB/s: 4,096.00

---Traffic---
In-Die bisection_bytes BW (GB/s): 512.00
Inter-board traffic (msg/ns): 0.00, per-link: 0.00
Inter-pack traffic (msg/ns): 0.00, per-link: 0.00
Inter-die traffic (msg/ns): 0.00, per-link: 0.00
Ruche traffic (msg/ns): 0.00, per-link: 0.00
All traffic (msg/ns): 1,924.62, per-link: 1.88
Inter-die reduction wrt all: inf
Inter-board reduction wrt inter-die: -nan

---Data Movement---
All traffic (msg): 4,980,908,650
Arith. Intensity FLOP/Loads: 0.38
Arith. Intensity FLOP/Msgs: 0.05
Arith. Intensity OPS/Loads: 0.96
Arith. Intensity OPS/Msgs: 0.13

Simulation time: 276.87
Sim noc_cy/s: 9,347.39
Sim Msg/s: 17,990,187.16

Version 31

