Dataset:  Kron22/
Dry run: 0
Open Edge Count File succesfully
Edges Traversed BFS: 128309848
Found Vertices: 4194304, Edges: 128311436
avg degree 31
Array  Kron22/node_array.bin found
Malloc array of size 16777220 bytes
Readin array of size 16777216 bytes
Finished Reading Array Bytes
No reordering Array 32bit
Array  Kron22/edge_array.bin found
Malloc array of size 513245744 bytes
Readin array of size 513245744 bytes
Finished Reading Array Bytes
No reordering Array 32bit
Array  Kron22/edge_values.bin found
Malloc array of size 513245744 bytes
Readin array of size 513245744 bytes
Finished Reading Array Bytes
No reordering Array 32bit
Reading graph elapsed time: 0.298976s

Dataset Footprint: 1027 MiB
Dataset Footprint per Board: 8615.1 Mb
Dataset injection time (ms): 0.525824
Max Dataset Footprint: 1026 MiB

Dataset footprint per tile: 1027 KiB
Proxys footprint per tile: 0 KiB
Reserved SRAM per tile: 28 KiB

Ideal SRAM per tile: 1055 KiB
reserved_words_for_dataset:6720
dataset_words_per_tile:262912
remaining_sram_words:25478
min_dcache_sram_words_required:6851
dataset_words_per_tile:262912
min_pcache_sram_words_required:0
proxys_words_per_tile:0
Dcache footprint ratio: 11
Dataset Cached: 1
DCache: 25072 words, lines: 1567, sets: 1567
Proxys Cached: 0
Pcache: 0 words, sets: 0
Node per tile: 4,096
Edge per tile: 125,305
GRID_X: 32
GRID_SIZE: 1,024
smt_per_tile: 1
noc_freq: 1
pu_freq: 1
RUCHE_X: 8
PROXY_W: 32
DIE_W: 16
DIE_H: 16
DIES: 4
BORDER_TILES_PER_DIE: 64
PACK_W: 32
PACK_H: 32
DIES_PACK_FACTOR: 2
DIES_PER_PACK: 4
PACKAGES: 1
BOARD_W: 32
BOARD_H: 32
BOARDS: 1
MUX_BUS: 1
DCACHE: 1
PCACHE: 0
PROXY_FACTOR: 1
CACHE_WAYS: 1
TORUS: 1
PHY_NOCS: 1
WIDE_NOC_ID: 0
NOC_CONF: 1
noc_width: 32
hbm_channel_bit_width: 512
ld_st_op_byte_width: 4
PROXY_ROUTING: 0
WRITE_THROUGH: 0
ASSERT_MODE: 0
GLOBAL_BARRIER: 0
OQ flits: 36 ; 384 ; 2
IQ flits: 576 ; 6,144 ; 2
OQ messages: 12 ; 192 ; 1
IQ messages: 192 ; 3,072 ; 1
max_task2 size: 64
io_factor_t2: 16
io_factor_t3: 16
io_factor_t3b: 16

Active SRAM Storage per tile: 127 KiB
Total SRAM Storage per tile: 128 KiB
Agreggated SRAM Storage: 128 MiB

Active DRAM Storage per tile: 1.00293 MiB
Total DRAM Storage per tile: 32 MiB
Agreggated DRAM Storage: 32 GiB

Inter-Die #links: 512
Inter-Die (Gbits): 16,384
Inter-Die (Gbits/mm): 548.034
Bisection BW of Board (Gbits): 8,192
Border IO #Dies: 8
Border IO Die BW (Gbits): 2,048
Off-Board BW Total (Gbits): 16,384
Off-Board BW Density (Gbits/mm): 142
Die side: 7.47 mm
Die border wire density: 548.03 Gbits/mm
HBM wire density: 548.03 Gbits/mm

Tiles per Die: 256 (16x16)
Tile Area: 0.09 mm2, side: 0.30 mm
- Core/Rout Area: 0.05 mm2
- SRAM Area: 0.04 mm2
- SRAM/Logic Ratio: 0.66x

Dies per Package: 4 (2x2)
Die Area: 55.86 mm2, side: 7.47 mm
- Tiles Area: 23.12 mm2
- PHY Area: 23.74 mm2
- MC Area: 9.00 mm2

Packages per Board: 1 (1x1)
Package Area: 823.44 mm2, side: 28.70 mm
- IOdie Area: 160.00 mm2
- Dies Area: 223.44 mm2
- HBM Area: 440.00 mm2

Boards: 1 (1x1)
Board Area: 823.44 mm2
Total Area: 823.44 mm2



ESTIMATED COST OF SILICON AND PACKAGING. ONLY VARIABLE, NO FIXED COSTS
Good dies per wafer 3d: 584
Good dies per wafer 2d: 1,012
--Dies 3D Cost: 41.42 $
--Dies 2.5D Cost: 23.90 $
--Dies 2D Cost: 23.90 $
--HBM Cost: 240.00 $
--IOdie Cost: 16.88 $
--Packaging Cost 3d: 9.94 $
--Packaging Cost 2.5d: 14.48 $
--Packaging Cost 2d: 6.12 $
SiP Cost 3d: 308.24 $
SiP Cost 2.5d: 295.26 $
SiP Cost 2d: 46.90 $
--Board Cost: 0.82 $
Total SiPs Cost 3d: 309.06 $
Total SiPs Cost 2.5d: 296.09 $
Total SiPs Cost 2d: 47.72 $

Perf counters initialized
Mesh connected
Cache structures initialized
proxys initialized
Dataset structures initialized


Starting Simulation
INIT epoch: 1
INIT epoch: 1
INIT epoch: 1
INIT epoch: 1
INIT epoch: 1
INIT epoch: 1
INIT epoch: 1
INIT epoch: 1

===PRINTING FRAME STATS

FCollision In Avg:-nan, SD:-nan, Max:356, Min:32
FCollision Out Avg:-nan, SD:-nan, Max:239, Min:2
FCollision End Avg:-nan, SD:-nan, Max:97, Min:0
FTask1 Avg:-nan, SD:-nan, Max:36, Min:2
FTask2 Avg:-nan, SD:-nan, Max:76, Min:0
FTask3 Avg:-nan, SD:-nan, Max:63, Min:18
FCore Active Avg:-nan, SD:-nan, Max:100, Min:32
FRouter Active Avg:-nan, SD:-nan, Max:99, Min:53
T1 invocations: 113,837
T2 invocations: 450,747
T3 invocations: 13,560,340
T3b invocations: 0
Total3 invocations: 13,560,340
Total4 invocations: 0

T3/T2 ratio: 30
T3b/T3 ratio: 0

T1 avg ex cycles: 124
T2 avg ex cycles: 78
T3&b avg ex cycles: 2
T4 avg ex cycles: -nan
Avg. hops NOC1: 3
Avg. latency NOC1 (T2): 22,374
Avg. hops NOC2: 14
Avg. latency NOC2 (T3): 4,035

===PRINTING ACUM STATS at pu_cycles: 100,574

ACollision In Avg:-nan, SD:-nan, Max:356, Min:32
ACollision Out Avg:-nan, SD:-nan, Max:239, Min:2
ACollision End Avg:-nan, SD:-nan, Max:97, Min:0
ATask1 Avg:-nan, SD:-nan, Max:36, Min:2
ATask2 Avg:-nan, SD:-nan, Max:76, Min:0
ATask3 Avg:-nan, SD:-nan, Max:63, Min:18
ACore Active Avg:-nan, SD:-nan, Max:100, Min:32
ARouter Active Avg:-nan, SD:-nan, Max:99, Min:53
T1 invocations: 113,837
T2 invocations: 450,747
T3 invocations: 13,560,340
T3b invocations: 0
Total3 invocations: 13,560,340
Total4 invocations: 0

T3/T2 ratio: 30
T3b/T3 ratio: 0

T1 avg ex cycles: 124
T2 avg ex cycles: 78
T3&b avg ex cycles: 2
T4 avg ex cycles: -nan
Avg. hops NOC1: 3
Avg. latency NOC1 (T2): 22,374
Avg. hops NOC2: 14
Avg. latency NOC2 (T3): 4,035
Number of K Nodes Processed: 14,119
Number of K Edges Processed: 14,630
Node Re-explore factor: 3.37
Edge Re-explore factor: 0.11
Nodes/cy: 140
Edges/cy: 145
TEPS: 1,276

---DCache---
DCache Size: 25,072
DRAM words: 262,912
  DHits: 33,709,183
  DMisses: 2,307,595
  DHit Rate (hit/miss): 94%
  DEvictions: 1,319,996
  DEviction Rate (evict/misses): 57%
  MC Transactions: 2,570,896
  MC Writes: 198,051
Avg. Transactions: 80% , Writes: 6%, Avg. Latency: 3
Max MC id: 15 of 32. Transactions: 100% , Writes: 7%, MC mean Latency: 4
HBM refresh energy (nJ): 0
HBM access energy (nJ): 4,870,305
MemC wire energy 2.5d (nJ): 813,803
MemC wire energy 3d (nJ): 203,451

---Energy---
Leakage Energy (nJ): 10,379
PU Dyn E (nJ): 831,998
Mem Dyn E (nJ): 7,872,493
Route Dyn E (nJ): 977,399
Dynamic Energy (nJ): 9,681,889
Ratio of Dyn/Leak: 933
Total Energy (nJ): 9,692,268
Total Energy (nJ) 3D: 9,790,173
Cores Energy (nJ): 832,278
Route Energy (nJ): 979,323
Route Energy (nJ) 3D: 1,687,580
Mem Energy   (nJ): 7,880,667
Mem Energy   (nJ) 3D: 7,270,315
Avg. Power (mW): 96,369.51
Power Density (mW/mm2): 117.03

---Runtime---
Runtime in K cycles: 100.57
Microseconds: 100.57
Time per iteration (ms): 0.10

---Throughput---
GOP/s (aka OPS/ns): 720.66
GOP/s per core: 0.70
FLOP/s: 273.74
FLOP/s per core: 0.27
Max Peak FLOP/s: 1,024.00
Avg. BW GB/s: 5,725.86
Max BW GB/s: 4,096.00

---Traffic---
In-Die bisection_bytes BW (GB/s): 256.00
Inter-board traffic (msg/ns): 0.00, per-link: 0.00
Inter-pack traffic (msg/ns): 0.00, per-link: 0.00
Inter-die traffic (msg/ns): 103.58, per-link: 0.40
Ruche traffic (msg/ns): 99.17, per-link: 0.39
All traffic (msg/ns): 4,119.70, per-link: 4.02
Inter-die reduction wrt all: 39.77
Inter-board reduction wrt inter-die: inf

---Data Movement---
All traffic (msg): 414,334,373
Arith. Intensity FLOP/Loads: 0.38
Arith. Intensity FLOP/Msgs: 0.07
Arith. Intensity OPS/Loads: 1.01
Arith. Intensity OPS/Msgs: 0.17



===Core Utilization Total=== CORE-S:1;; TIME K cy:100 ;; Nodes Proc: 1,783,497 -- Edges Proc: 1,876,093

===PRINTING FRAME STATS

FCollision In Avg:138, SD:49, Max:354, Min:23
FCollision Out Avg:104, SD:45, Max:272, Min:3
FCollision End Avg:41, SD:38, Max:100, Min:0
FTask1 Avg:11, SD:7, Max:35, Min:0
FTask2 Avg:35, SD:20, Max:77, Min:0
FTask3 Avg:30, SD:5, Max:61, Min:17
FCore Active Avg:76, SD:20, Max:100, Min:21
FRouter Active Avg:92, SD:3, Max:98, Min:58
T1 invocations: 102,972
T2 invocations: 457,410
T3 invocations: 14,665,411
T3b invocations: 0
Total3 invocations: 14,665,411
Total4 invocations: 0

T3/T2 ratio: 32
T3b/T3 ratio: 0

T1 avg ex cycles: 108
T2 avg ex cycles: 79
T3&b avg ex cycles: 2
T4 avg ex cycles: -nan
Avg. hops NOC1: 2
Avg. latency NOC1 (T2): 28,924
Avg. hops NOC2: 13
Avg. latency NOC2 (T3): 3,659

===PRINTING ACUM STATS at pu_cycles: 200,684

ACollision In Avg:141, SD:47, Max:324, Min:41
ACollision Out Avg:104, SD:39, Max:251, Min:3
ACollision End Avg:40, SD:32, Max:98, Min:0
ATask1 Avg:13, SD:6, Max:32, Min:1
ATask2 Avg:36, SD:16, Max:76, Min:0
ATask3 Avg:31, SD:5, Max:62, Min:20
ACore Active Avg:79, SD:16, Max:100, Min:29
ARouter Active Avg:92, SD:3, Max:98, Min:55
T1 invocations: 221,085
T2 invocations: 926,930
T3 invocations: 28,700,947
T3b invocations: 0
Total3 invocations: 28,700,947
Total4 invocations: 0

T3/T2 ratio: 31
T3b/T3 ratio: 0

T1 avg ex cycles: 117
T2 avg ex cycles: 78
T3&b avg ex cycles: 2
T4 avg ex cycles: -nan
Avg. hops NOC1: 3
Avg. latency NOC1 (T2): 25,625
Avg. hops NOC2: 13
Avg. latency NOC2 (T3): 3,836
Number of K Nodes Processed: 28,806
Number of K Edges Processed: 29,357
Node Re-explore factor: 6.87
Edge Re-explore factor: 0.23
Nodes/cy: 144
Edges/cy: 146
TEPS: 639

---DCache---
DCache Size: 25,072
DRAM words: 262,912
  DHits: 68,137,444
  DMisses: 4,401,624
  DHit Rate (hit/miss): 94%
  DEvictions: 3,077,179
  DEviction Rate (evict/misses): 70%
  MC Transactions: 4,950,216
  MC Writes: 428,896
Avg. Transactions: 77% , Writes: 7%, Avg. Latency: 2
Max MC id: 31 of 32. Transactions: 97% , Writes: 7%, MC mean Latency: 2
HBM refresh energy (nJ): 1
HBM access energy (nJ): 9,377,689
MemC wire energy 2.5d (nJ): 1,566,963
MemC wire energy 3d (nJ): 391,741

---Energy---
Leakage Energy (nJ): 20,709
PU Dyn E (nJ): 1,732,895
Mem Dyn E (nJ): 15,502,604
Route Dyn E (nJ): 2,017,210
Dynamic Energy (nJ): 19,252,708
Ratio of Dyn/Leak: 930
Total Energy (nJ): 19,273,417
Total Energy (nJ) 3D: 19,572,641
Cores Energy (nJ): 1,733,454
Route Energy (nJ): 2,021,049
Route Energy (nJ) 3D: 3,495,495
Mem Energy   (nJ): 15,518,915
Mem Energy   (nJ) 3D: 14,343,693
Avg. Power (mW): 96,038.63
Power Density (mW/mm2): 116.63

---Runtime---
Runtime in K cycles: 200.68
Microseconds: 200.68
Time per iteration (ms): 0.20

---Throughput---
GOP/s (aka OPS/ns): 740.53
GOP/s per core: 0.72
FLOP/s: 288.66
FLOP/s per core: 0.28
Max Peak FLOP/s: 1,024.00
Avg. BW GB/s: 6,021.12
Max BW GB/s: 4,096.00

---Traffic---
In-Die bisection_bytes BW (GB/s): 256.00
Inter-board traffic (msg/ns): 0.00, per-link: 0.00
Inter-pack traffic (msg/ns): 0.00, per-link: 0.00
Inter-die traffic (msg/ns): 104.33, per-link: 0.41
Ruche traffic (msg/ns): 101.18, per-link: 0.40
All traffic (msg/ns): 4,259.36, per-link: 4.16
Inter-die reduction wrt all: 40.82
Inter-board reduction wrt inter-die: inf

---Data Movement---
All traffic (msg): 854,785,665
Arith. Intensity FLOP/Loads: 0.38
Arith. Intensity FLOP/Msgs: 0.07
Arith. Intensity OPS/Loads: 0.99
Arith. Intensity OPS/Msgs: 0.17



===Core Utilization Total=== CORE-S:2;; TIME K cy:200 ;; Nodes Proc: 3,608,230 -- Edges Proc: 3,672,011

===PRINTING FRAME STATS

FCollision In Avg:135, SD:46, Max:332, Min:19
FCollision Out Avg:104, SD:45, Max:263, Min:0
FCollision End Avg:40, SD:38, Max:100, Min:0
FTask1 Avg:11, SD:7, Max:34, Min:0
FTask2 Avg:35, SD:20, Max:78, Min:0
FTask3 Avg:30, SD:5, Max:59, Min:17
FCore Active Avg:75, SD:21, Max:100, Min:20
FRouter Active Avg:92, SD:3, Max:98, Min:56
T1 invocations: 103,674
T2 invocations: 449,692
T3 invocations: 14,486,795
T3b invocations: 0
Total3 invocations: 14,486,795
Total4 invocations: 0

T3/T2 ratio: 32
T3b/T3 ratio: 0

T1 avg ex cycles: 106
T2 avg ex cycles: 79
T3&b avg ex cycles: 2
T4 avg ex cycles: -nan
Avg. hops NOC1: 2
Avg. latency NOC1 (T2): 27,988
Avg. hops NOC2: 13
Avg. latency NOC2 (T3): 3,876

===PRINTING ACUM STATS at pu_cycles: 300,684

ACollision In Avg:139, SD:45, Max:320, Min:39
ACollision Out Avg:104, SD:38, Max:252, Min:4
ACollision End Avg:40, SD:30, Max:98, Min:0
ATask1 Avg:12, SD:5, Max:30, Min:1
ATask2 Avg:35, SD:15, Max:76, Min:0
ATask3 Avg:30, SD:5, Max:61, Min:20
ACore Active Avg:78, SD:15, Max:100, Min:26
ARouter Active Avg:92, SD:3, Max:98, Min:55
T1 invocations: 325,449
T2 invocations: 1,378,873
T3 invocations: 43,233,074
T3b invocations: 0
Total3 invocations: 43,233,074
Total4 invocations: 0

T3/T2 ratio: 31
T3b/T3 ratio: 0

T1 avg ex cycles: 113
T2 avg ex cycles: 79
T3&b avg ex cycles: 2
T4 avg ex cycles: -nan
Avg. hops NOC1: 3
Avg. latency NOC1 (T2): 26,394
Avg. hops NOC2: 13
Avg. latency NOC2 (T3): 3,852
Number of K Nodes Processed: 43,302
Number of K Edges Processed: 43,821
Node Re-explore factor: 10.32
Edge Re-explore factor: 0.34
Nodes/cy: 144
Edges/cy: 146
TEPS: 427

---DCache---
DCache Size: 25,072
DRAM words: 262,912
  DHits: 102,003,801
  DMisses: 6,458,835
  DHit Rate (hit/miss): 94%
  DEvictions: 5,070,059
  DEviction Rate (evict/misses): 78%
  MC Transactions: 7,289,291
  MC Writes: 657,231
Avg. Transactions: 76% , Writes: 7%, Avg. Latency: 2
Max MC id: 31 of 32. Transactions: 97% , Writes: 8%, MC mean Latency: 2
HBM refresh energy (nJ): 1
HBM access energy (nJ): 13,808,832
MemC wire energy 2.5d (nJ): 2,307,384
MemC wire energy 3d (nJ): 576,846

---Energy---
Leakage Energy (nJ): 31,028
PU Dyn E (nJ): 2,593,765
Mem Dyn E (nJ): 22,951,865
Route Dyn E (nJ): 3,016,302
Dynamic Energy (nJ): 28,561,933
Ratio of Dyn/Leak: 921
Total Energy (nJ): 28,592,961
Total Energy (nJ) 3D: 29,067,975
Cores Energy (nJ): 2,594,602
Route Energy (nJ): 3,022,055
Route Energy (nJ) 3D: 5,227,607
Mem Energy   (nJ): 22,976,305
Mem Energy   (nJ) 3D: 21,245,767
Avg. Power (mW): 95,093.06
Power Density (mW/mm2): 115.48

---Runtime---
Runtime in K cycles: 300.68
Microseconds: 300.68
Time per iteration (ms): 0.30

---Throughput---
GOP/s (aka OPS/ns): 736.06
GOP/s per core: 0.72
FLOP/s: 289.29
FLOP/s per core: 0.28
Max Peak FLOP/s: 1,024.00
Avg. BW GB/s: 6,030.74
Max BW GB/s: 4,096.00

---Traffic---
In-Die bisection_bytes BW (GB/s): 256.00
Inter-board traffic (msg/ns): 0.00, per-link: 0.00
Inter-pack traffic (msg/ns): 0.00, per-link: 0.00
Inter-die traffic (msg/ns): 104.16, per-link: 0.41
Ruche traffic (msg/ns): 100.76, per-link: 0.39
All traffic (msg/ns): 4,247.40, per-link: 4.15
Inter-die reduction wrt all: 40.78
Inter-board reduction wrt inter-die: inf

---Data Movement---
All traffic (msg): 1,277,126,525
Arith. Intensity FLOP/Loads: 0.38
Arith. Intensity FLOP/Msgs: 0.07
Arith. Intensity OPS/Loads: 0.98
Arith. Intensity OPS/Msgs: 0.17



===Core Utilization Total=== CORE-S:3;; TIME K cy:300 ;; Nodes Proc: 5,399,401 -- Edges Proc: 5,498,547

===PRINTING FRAME STATS

FCollision In Avg:134, SD:47, Max:331, Min:13
FCollision Out Avg:104, SD:45, Max:251, Min:0
FCollision End Avg:39, SD:38, Max:100, Min:0
FTask1 Avg:10, SD:7, Max:36, Min:0
FTask2 Avg:34, SD:21, Max:81, Min:0
FTask3 Avg:29, SD:5, Max:59, Min:15
FCore Active Avg:74, SD:21, Max:100, Min:21
FRouter Active Avg:92, SD:3, Max:98, Min:53
T1 invocations: 102,556
T2 invocations: 443,180
T3 invocations: 14,383,142
T3b invocations: 0
Total3 invocations: 14,383,142
Total4 invocations: 0

T3/T2 ratio: 32
T3b/T3 ratio: 0

T1 avg ex cycles: 105
T2 avg ex cycles: 80
T3&b avg ex cycles: 2
T4 avg ex cycles: -nan
Avg. hops NOC1: 2
Avg. latency NOC1 (T2): 28,380
Avg. hops NOC2: 13
Avg. latency NOC2 (T3): 3,677

===PRINTING ACUM STATS at pu_cycles: 400,703

ACollision In Avg:138, SD:43, Max:323, Min:43
ACollision Out Avg:104, SD:37, Max:252, Min:3
ACollision End Avg:40, SD:29, Max:98, Min:0
ATask1 Avg:12, SD:5, Max:25, Min:1
ATask2 Avg:35, SD:14, Max:72, Min:0
ATask3 Avg:30, SD:5, Max:61, Min:20
ACore Active Avg:77, SD:15, Max:100, Min:28
ARouter Active Avg:92, SD:3, Max:98, Min:55
T1 invocations: 427,745
T2 invocations: 1,821,261
T3 invocations: 57,587,914
T3b invocations: 0
Total3 invocations: 57,587,914
Total4 invocations: 0

T3/T2 ratio: 32
T3b/T3 ratio: 0

T1 avg ex cycles: 111
T2 avg ex cycles: 79
T3&b avg ex cycles: 2
T4 avg ex cycles: -nan
Avg. hops NOC1: 3
Avg. latency NOC1 (T2): 26,876
Avg. hops NOC2: 13
Avg. latency NOC2 (T3): 3,808
Number of K Nodes Processed: 57,676
Number of K Edges Processed: 58,235
Node Re-explore factor: 13.75
Edge Re-explore factor: 0.45
Nodes/cy: 144
Edges/cy: 145
TEPS: 320

---DCache---
DCache Size: 25,072
DRAM words: 262,912
  DHits: 135,707,388
  DMisses: 8,498,336
  DHit Rate (hit/miss): 94%
  DEvictions: 7,082,012
  DEviction Rate (evict/misses): 83%
  MC Transactions: 9,603,755
  MC Writes: 878,223
Avg. Transactions: 75% , Writes: 7%, Avg. Latency: 2
Max MC id: 31 of 32. Transactions: 93% , Writes: 8%, MC mean Latency: 2
HBM refresh energy (nJ): 2
HBM access energy (nJ): 18,193,353
MemC wire energy 2.5d (nJ): 3,040,014
MemC wire energy 3d (nJ): 760,004

---Energy---
Leakage Energy (nJ): 41,350
PU Dyn E (nJ): 3,443,264
Mem Dyn E (nJ): 30,321,515
Route Dyn E (nJ): 4,008,092
Dynamic Energy (nJ): 37,772,872
Ratio of Dyn/Leak: 913
Total Energy (nJ): 37,814,222
Total Energy (nJ) 3D: 38,465,385
Cores Energy (nJ): 3,444,380
Route Energy (nJ): 4,015,758
Route Energy (nJ) 3D: 6,946,931
Mem Energy   (nJ): 30,354,085
Mem Energy   (nJ) 3D: 28,074,074
Avg. Power (mW): 94,369.70
Power Density (mW/mm2): 114.60

---Runtime---
Runtime in K cycles: 400.70
Microseconds: 400.70
Time per iteration (ms): 0.40

---Throughput---
GOP/s (aka OPS/ns): 730.93
GOP/s per core: 0.71
FLOP/s: 288.76
FLOP/s per core: 0.28
Max Peak FLOP/s: 1,024.00
Avg. BW GB/s: 6,016.61
Max BW GB/s: 4,096.00

---Traffic---
In-Die bisection_bytes BW (GB/s): 256.00
Inter-board traffic (msg/ns): 0.00, per-link: 0.00
Inter-pack traffic (msg/ns): 0.00, per-link: 0.00
Inter-die traffic (msg/ns): 103.96, per-link: 0.41
Ruche traffic (msg/ns): 100.31, per-link: 0.39
All traffic (msg/ns): 4,232.67, per-link: 4.13
Inter-die reduction wrt all: 40.72
Inter-board reduction wrt inter-die: inf

---Data Movement---
All traffic (msg): 1,696,044,161
Arith. Intensity FLOP/Loads: 0.38
Arith. Intensity FLOP/Msgs: 0.07
Arith. Intensity OPS/Loads: 0.97
Arith. Intensity OPS/Msgs: 0.17



===Core Utilization Total=== CORE-S:4;; TIME K cy:400 ;; Nodes Proc: 7,170,422 -- Edges Proc: 7,359,545

===PRINTING FRAME STATS

FCollision In Avg:135, SD:49, Max:337, Min:9
FCollision Out Avg:106, SD:51, Max:276, Min:0
FCollision End Avg:39, SD:39, Max:100, Min:0
FTask1 Avg:10, SD:7, Max:37, Min:0
FTask2 Avg:34, SD:21, Max:80, Min:0
FTask3 Avg:29, SD:5, Max:58, Min:16
FCore Active Avg:73, SD:22, Max:100, Min:19
FRouter Active Avg:91, SD:4, Max:98, Min:54
T1 invocations: 99,566
T2 invocations: 434,036
T3 invocations: 14,087,794
T3b invocations: 0
Total3 invocations: 14,087,794
Total4 invocations: 0

T3/T2 ratio: 32
T3b/T3 ratio: 0

T1 avg ex cycles: 105
T2 avg ex cycles: 79
T3&b avg ex cycles: 2
T4 avg ex cycles: -nan
Avg. hops NOC1: 2
Avg. latency NOC1 (T2): 28,090
Avg. hops NOC2: 13
Avg. latency NOC2 (T3): 3,777

===PRINTING ACUM STATS at pu_cycles: 500,680

ACollision In Avg:137, SD:42, Max:319, Min:43
ACollision Out Avg:105, SD:37, Max:253, Min:2
ACollision End Avg:39, SD:27, Max:98, Min:0
ATask1 Avg:11, SD:4, Max:20, Min:1
ATask2 Avg:35, SD:13, Max:63, Min:0
ATask3 Avg:30, SD:5, Max:60, Min:20
ACore Active Avg:76, SD:14, Max:100, Min:30
ARouter Active Avg:92, SD:3, Max:98, Min:55
T1 invocations: 526,775
T2 invocations: 2,253,127
T3 invocations: 71,610,921
T3b invocations: 0
Total3 invocations: 71,610,921
Total4 invocations: 0

T3/T2 ratio: 32
T3b/T3 ratio: 0

T1 avg ex cycles: 110
T2 avg ex cycles: 79
T3&b avg ex cycles: 2
T4 avg ex cycles: -nan
Avg. hops NOC1: 3
Avg. latency NOC1 (T2): 27,119
Avg. hops NOC2: 13
Avg. latency NOC2 (T3): 3,797
Number of K Nodes Processed: 71,751
Number of K Edges Processed: 72,304
Node Re-explore factor: 17.11
Edge Re-explore factor: 0.56
Nodes/cy: 143
Edges/cy: 144
TEPS: 256

---DCache---
DCache Size: 25,072
DRAM words: 262,912
  DHits: 168,825,694
  DMisses: 10,495,536
  DHit Rate (hit/miss): 94%
  DEvictions: 9,070,825
  DEviction Rate (evict/misses): 86%
  MC Transactions: 11,871,861
  MC Writes: 1,098,976
Avg. Transactions: 74% , Writes: 7%, Avg. Latency: 2
Max MC id: 31 of 32. Transactions: 89% , Writes: 8%, MC mean Latency: 2
HBM refresh energy (nJ): 2
HBM access energy (nJ): 22,490,053
MemC wire energy 2.5d (nJ): 3,757,970
MemC wire energy 3d (nJ): 939,493

---Energy---
Leakage Energy (nJ): 51,667
PU Dyn E (nJ): 4,271,586
Mem Dyn E (nJ): 37,536,174
Route Dyn E (nJ): 4,977,478
Dynamic Energy (nJ): 46,785,238
Ratio of Dyn/Leak: 906
Total Energy (nJ): 46,836,905
Total Energy (nJ) 3D: 47,658,803
Cores Energy (nJ): 4,272,980
Route Energy (nJ): 4,987,056
Route Energy (nJ) 3D: 8,627,432
Mem Energy   (nJ): 37,576,869
Mem Energy   (nJ) 3D: 34,758,391
Avg. Power (mW): 93,546.59
Power Density (mW/mm2): 113.60

---Runtime---
Runtime in K cycles: 500.68
Microseconds: 500.68
Time per iteration (ms): 0.50

---Throughput---
GOP/s (aka OPS/ns): 724.32
GOP/s per core: 0.71
FLOP/s: 287.04
FLOP/s per core: 0.28
Max Peak FLOP/s: 1,024.00
Avg. BW GB/s: 5,979.34
Max BW GB/s: 4,096.00

---Traffic---
In-Die bisection_bytes BW (GB/s): 256.00
Inter-board traffic (msg/ns): 0.00, per-link: 0.00
Inter-pack traffic (msg/ns): 0.00, per-link: 0.00
Inter-die traffic (msg/ns): 103.50, per-link: 0.40
Ruche traffic (msg/ns): 99.47, per-link: 0.39
All traffic (msg/ns): 4,205.43, per-link: 4.11
Inter-die reduction wrt all: 40.63
Inter-board reduction wrt inter-die: inf

---Data Movement---
All traffic (msg): 2,105,573,428
Arith. Intensity FLOP/Loads: 0.38
Arith. Intensity FLOP/Msgs: 0.07
Arith. Intensity OPS/Loads: 0.97
Arith. Intensity OPS/Msgs: 0.17



===Core Utilization Total=== CORE-S:5;; TIME K cy:500 ;; Nodes Proc: 8,957,459 -- Edges Proc: 9,141,213

===PRINTING FRAME STATS

FCollision In Avg:126, SD:52, Max:358, Min:8
FCollision Out Avg:98, SD:53, Max:300, Min:0
FCollision End Avg:36, SD:39, Max:100, Min:0
FTask1 Avg:10, SD:7, Max:39, Min:0
FTask2 Avg:33, SD:22, Max:84, Min:0
FTask3 Avg:28, SD:5, Max:56, Min:16
FCore Active Avg:71, SD:23, Max:100, Min:20
FRouter Active Avg:90, SD:5, Max:97, Min:33
T1 invocations: 97,493
T2 invocations: 424,010
T3 invocations: 13,738,642
T3b invocations: 0
Total3 invocations: 13,738,642
Total4 invocations: 0

T3/T2 ratio: 32
T3b/T3 ratio: 0

T1 avg ex cycles: 104
T2 avg ex cycles: 79
T3&b avg ex cycles: 2
T4 avg ex cycles: -nan
Avg. hops NOC1: 2
Avg. latency NOC1 (T2): 28,016
Avg. hops NOC2: 13
Avg. latency NOC2 (T3): 3,873

===PRINTING ACUM STATS at pu_cycles: 600,772

ACollision In Avg:135, SD:42, Max:317, Min:37
ACollision Out Avg:103, SD:37, Max:247, Min:2
ACollision End Avg:39, SD:25, Max:98, Min:0
ATask1 Avg:11, SD:4, Max:17, Min:1
ATask2 Avg:34, SD:12, Max:53, Min:0
ATask3 Avg:30, SD:5, Max:59, Min:20
ACore Active Avg:75, SD:13, Max:100, Min:29
ARouter Active Avg:91, SD:3, Max:97, Min:51
T1 invocations: 625,285
T2 invocations: 2,681,776
T3 invocations: 85,449,787
T3b invocations: 0
Total3 invocations: 85,449,787
Total4 invocations: 0

T3/T2 ratio: 32
T3b/T3 ratio: 0

T1 avg ex cycles: 109
T2 avg ex cycles: 79
T3&b avg ex cycles: 2
T4 avg ex cycles: -nan
Avg. hops NOC1: 3
Avg. latency NOC1 (T2): 27,257
Avg. hops NOC2: 13
Avg. latency NOC2 (T3): 3,815
Number of K Nodes Processed: 85,499
Number of K Edges Processed: 86,030
Node Re-explore factor: 20.38
Edge Re-explore factor: 0.67
Nodes/cy: 142
Edges/cy: 143
TEPS: 214

---DCache---
DCache Size: 25,072
DRAM words: 262,912
  DHits: 201,643,656
  DMisses: 12,437,555
  DHit Rate (hit/miss): 94%
  DEvictions: 11,010,561
  DEviction Rate (evict/misses): 89%
  MC Transactions: 14,067,316
  MC Writes: 1,307,040
Avg. Transactions: 73% , Writes: 7%, Avg. Latency: 2
Max MC id: 29 of 32. Transactions: 87% , Writes: 8%, MC mean Latency: 2
HBM refresh energy (nJ): 3
HBM access energy (nJ): 26,649,123
MemC wire energy 2.5d (nJ): 4,452,929
MemC wire energy 3d (nJ): 1,113,232

---Energy---
Leakage Energy (nJ): 61,995
PU Dyn E (nJ): 5,090,911
Mem Dyn E (nJ): 44,566,157
Route Dyn E (nJ): 5,931,381
Dynamic Energy (nJ): 55,588,450
Ratio of Dyn/Leak: 897
Total Energy (nJ): 55,650,445
Total Energy (nJ) 3D: 56,653,104
Cores Energy (nJ): 5,092,583
Route Energy (nJ): 5,942,875
Route Energy (nJ) 3D: 10,285,230
Mem Energy   (nJ): 44,614,988
Mem Energy   (nJ) 3D: 41,275,291
Avg. Power (mW): 92,631.56
Power Density (mW/mm2): 112.49

---Runtime---
Runtime in K cycles: 600.77
Microseconds: 600.77
Time per iteration (ms): 0.60

---Throughput---
GOP/s (aka OPS/ns): 718.42
GOP/s per core: 0.70
FLOP/s: 285.35
FLOP/s per core: 0.28
Max Peak FLOP/s: 1,024.00
Avg. BW GB/s: 5,942.58
Max BW GB/s: 4,096.00

---Traffic---
In-Die bisection_bytes BW (GB/s): 256.00
Inter-board traffic (msg/ns): 0.00, per-link: 0.00
Inter-pack traffic (msg/ns): 0.00, per-link: 0.00
Inter-die traffic (msg/ns): 102.70, per-link: 0.40
Ruche traffic (msg/ns): 98.40, per-link: 0.38
All traffic (msg/ns): 4,176.99, per-link: 4.08
Inter-die reduction wrt all: 40.67
Inter-board reduction wrt inter-die: inf

---Data Movement---
All traffic (msg): 2,509,418,887
Arith. Intensity FLOP/Loads: 0.38
Arith. Intensity FLOP/Msgs: 0.07
Arith. Intensity OPS/Loads: 0.97
Arith. Intensity OPS/Msgs: 0.17



===Core Utilization Total=== CORE-S:6;; TIME K cy:600 ;; Nodes Proc: 10,647,681 -- Edges Proc: 10,958,434

===PRINTING FRAME STATS

FCollision In Avg:100, SD:53, Max:321, Min:5
FCollision Out Avg:78, SD:55, Max:279, Min:0
FCollision End Avg:29, SD:36, Max:99, Min:0
FTask1 Avg:9, SD:8, Max:40, Min:0
FTask2 Avg:31, SD:25, Max:85, Min:0
FTask3 Avg:26, SD:5, Max:53, Min:15
FCore Active Avg:66, SD:25, Max:100, Min:18
FRouter Active Avg:89, SD:6, Max:98, Min:25
T1 invocations: 95,000
T2 invocations: 401,391
T3 invocations: 12,924,971
T3b invocations: 0
Total3 invocations: 12,924,971
Total4 invocations: 0

T3/T2 ratio: 32
T3b/T3 ratio: 0

T1 avg ex cycles: 98
T2 avg ex cycles: 80
T3&b avg ex cycles: 2
T4 avg ex cycles: -nan
Avg. hops NOC1: 3
Avg. latency NOC1 (T2): 25,112
Avg. hops NOC2: 13
Avg. latency NOC2 (T3): 4,397

===PRINTING ACUM STATS at pu_cycles: 700,728

ACollision In Avg:130, SD:41, Max:312, Min:35
ACollision Out Avg:100, SD:37, Max:246, Min:2
ACollision End Avg:37, SD:23, Max:98, Min:0
ATask1 Avg:11, SD:3, Max:15, Min:1
ATask2 Avg:34, SD:10, Max:45, Min:0
ATask3 Avg:29, SD:5, Max:58, Min:20
ACore Active Avg:74, SD:12, Max:96, Min:29
ARouter Active Avg:91, SD:3, Max:97, Min:47
T1 invocations: 719,966
T2 invocations: 3,080,630
T3 invocations: 98,325,889
T3b invocations: 0
Total3 invocations: 98,325,889
Total4 invocations: 0

T3/T2 ratio: 32
T3b/T3 ratio: 0

T1 avg ex cycles: 108
T2 avg ex cycles: 79
T3&b avg ex cycles: 2
T4 avg ex cycles: -nan
Avg. hops NOC1: 3
Avg. latency NOC1 (T2): 26,977
Avg. hops NOC2: 13
Avg. latency NOC2 (T3): 3,891
Number of K Nodes Processed: 98,408
Number of K Edges Processed: 99,031
Node Re-explore factor: 23.46
Edge Re-explore factor: 0.77
Nodes/cy: 140
Edges/cy: 141
TEPS: 183

---DCache---
DCache Size: 25,072
DRAM words: 262,912
  DHits: 233,465,012
  DMisses: 14,274,094
  DHit Rate (hit/miss): 94%
  DEvictions: 12,851,772
  DEviction Rate (evict/misses): 90%
  MC Transactions: 16,127,921
  MC Writes: 1,494,378
Avg. Transactions: 72% , Writes: 7%, Avg. Latency: 2
Max MC id: 29 of 32. Transactions: 84% , Writes: 8%, MC mean Latency: 2
HBM refresh energy (nJ): 4
HBM access energy (nJ): 30,552,733
MemC wire energy 2.5d (nJ): 5,105,202
MemC wire energy 3d (nJ): 1,276,300

---Energy---
Leakage Energy (nJ): 72,310
PU Dyn E (nJ): 5,852,649
Mem Dyn E (nJ): 51,161,555
Route Dyn E (nJ): 6,828,398
Dynamic Energy (nJ): 63,842,602
Ratio of Dyn/Leak: 883
Total Energy (nJ): 63,914,912
Total Energy (nJ) 3D: 65,081,740
Cores Energy (nJ): 5,854,599
Route Energy (nJ): 6,841,803
Route Energy (nJ) 3D: 11,837,532
Mem Energy   (nJ): 51,218,510
Mem Energy   (nJ) 3D: 47,389,609
Avg. Power (mW): 91,212.16
Power Density (mW/mm2): 110.77

---Runtime---
Runtime in K cycles: 700.73
Microseconds: 700.73
Time per iteration (ms): 0.70

---Throughput---
GOP/s (aka OPS/ns): 707.23
GOP/s per core: 0.69
FLOP/s: 281.47
FLOP/s per core: 0.27
Max Peak FLOP/s: 1,024.00
Avg. BW GB/s: 5,860.35
Max BW GB/s: 4,096.00

---Traffic---
In-Die bisection_bytes BW (GB/s): 256.00
Inter-board traffic (msg/ns): 0.00, per-link: 0.00
Inter-pack traffic (msg/ns): 0.00, per-link: 0.00
Inter-die traffic (msg/ns): 101.34, per-link: 0.40
Ruche traffic (msg/ns): 97.47, per-link: 0.38
All traffic (msg/ns): 4,119.36, per-link: 4.02
Inter-die reduction wrt all: 40.65
Inter-board reduction wrt inter-die: inf

---Data Movement---
All traffic (msg): 2,886,550,288
Arith. Intensity FLOP/Loads: 0.38
Arith. Intensity FLOP/Msgs: 0.07
Arith. Intensity OPS/Loads: 0.97
Arith. Intensity OPS/Msgs: 0.17



===Core Utilization Total=== CORE-S:7;; TIME K cy:700 ;; Nodes Proc: 12,245,698 -- Edges Proc: 12,670,446

===PRINTING FRAME STATS

FCollision In Avg:70, SD:51, Max:329, Min:3
FCollision Out Avg:58, SD:50, Max:248, Min:0
FCollision End Avg:22, SD:32, Max:99, Min:0
FTask1 Avg:7, SD:9, Max:39, Min:0
FTask2 Avg:27, SD:26, Max:88, Min:0
FTask3 Avg:23, SD:5, Max:45, Min:11
FCore Active Avg:57, SD:27, Max:100, Min:15
FRouter Active Avg:83, SD:8, Max:95, Min:28
T1 invocations: 84,540
T2 invocations: 336,081
T3 invocations: 11,245,624
T3b invocations: 0
Total3 invocations: 11,245,624
Total4 invocations: 0

T3/T2 ratio: 33
T3b/T3 ratio: 0

T1 avg ex cycles: 90
T2 avg ex cycles: 81
T3&b avg ex cycles: 2
T4 avg ex cycles: -nan
Avg. hops NOC1: 3
Avg. latency NOC1 (T2): 22,079
Avg. hops NOC2: 13
Avg. latency NOC2 (T3): 4,648

===PRINTING ACUM STATS at pu_cycles: 800,644

ACollision In Avg:123, SD:40, Max:305, Min:35
ACollision Out Avg:94, SD:36, Max:241, Min:2
ACollision End Avg:36, SD:20, Max:98, Min:0
ATask1 Avg:10, SD:2, Max:13, Min:1
ATask2 Avg:33, SD:8, Max:40, Min:0
ATask3 Avg:28, SD:5, Max:57, Min:19
ACore Active Avg:72, SD:9, Max:95, Min:28
ARouter Active Avg:90, SD:4, Max:97, Min:45
T1 invocations: 804,833
T2 invocations: 3,419,493
T3 invocations: 109,613,371
T3b invocations: 0
Total3 invocations: 109,613,371
Total4 invocations: 0

T3/T2 ratio: 32
T3b/T3 ratio: 0

T1 avg ex cycles: 106
T2 avg ex cycles: 79
T3&b avg ex cycles: 2
T4 avg ex cycles: -nan
Avg. hops NOC1: 3
Avg. latency NOC1 (T2): 26,493
Avg. hops NOC2: 13
Avg. latency NOC2 (T3): 3,969
Number of K Nodes Processed: 109,646
Number of K Edges Processed: 110,129
Node Re-explore factor: 26.14
Edge Re-explore factor: 0.86
Nodes/cy: 137
Edges/cy: 138
TEPS: 160

---DCache---
DCache Size: 25,072
DRAM words: 262,912
  DHits: 261,731,910
  DMisses: 15,837,363
  DHit Rate (hit/miss): 94%
  DEvictions: 14,417,323
  DEviction Rate (evict/misses): 91%
  MC Transactions: 17,871,450
  MC Writes: 1,649,260
Avg. Transactions: 70% , Writes: 6%, Avg. Latency: 2
Max MC id: 30 of 32. Transactions: 76% , Writes: 7%, MC mean Latency: 2
HBM refresh energy (nJ): 4
HBM access energy (nJ): 33,855,674
MemC wire energy 2.5d (nJ): 5,657,106
MemC wire energy 3d (nJ): 1,414,276

---Energy---
Leakage Energy (nJ): 82,621
PU Dyn E (nJ): 6,513,846
Mem Dyn E (nJ): 56,798,450
Route Dyn E (nJ): 7,593,010
Dynamic Energy (nJ): 70,905,307
Ratio of Dyn/Leak: 858
Total Energy (nJ): 70,987,928
Total Energy (nJ) 3D: 72,297,713
Cores Energy (nJ): 6,516,075
Route Energy (nJ): 7,608,327
Route Energy (nJ) 3D: 13,160,941
Mem Energy   (nJ): 56,863,527
Mem Energy   (nJ) 3D: 52,620,697
Avg. Power (mW): 88,663.54
Power Density (mW/mm2): 107.67

---Runtime---
Runtime in K cycles: 800.64
Microseconds: 800.64
Time per iteration (ms): 0.80

---Throughput---
GOP/s (aka OPS/ns): 687.93
GOP/s per core: 0.67
FLOP/s: 274.42
FLOP/s per core: 0.27
Max Peak FLOP/s: 1,024.00
Avg. BW GB/s: 5,712.47
Max BW GB/s: 4,096.00

---Traffic---
In-Die bisection_bytes BW (GB/s): 256.00
Inter-board traffic (msg/ns): 0.00, per-link: 0.00
Inter-pack traffic (msg/ns): 0.00, per-link: 0.00
Inter-die traffic (msg/ns): 98.41, per-link: 0.38
Ruche traffic (msg/ns): 95.27, per-link: 0.37
All traffic (msg/ns): 4,007.27, per-link: 3.91
Inter-die reduction wrt all: 40.72
Inter-board reduction wrt inter-die: inf

---Data Movement---
All traffic (msg): 3,208,400,196
Arith. Intensity FLOP/Loads: 0.38
Arith. Intensity FLOP/Msgs: 0.07
Arith. Intensity OPS/Loads: 0.96
Arith. Intensity OPS/Msgs: 0.17



===Core Utilization Total=== CORE-S:8;; TIME K cy:800 ;; Nodes Proc: 13,648,655 -- Edges Proc: 14,259,992

===PRINTING FRAME STATS

FCollision In Avg:38, SD:42, Max:252, Min:1
FCollision Out Avg:36, SD:42, Max:219, Min:0
FCollision End Avg:14, SD:27, Max:99, Min:0
FTask1 Avg:6, SD:9, Max:44, Min:0
FTask2 Avg:19, SD:27, Max:91, Min:0
FTask3 Avg:17, SD:4, Max:32, Min:7
FCore Active Avg:41, SD:29, Max:100, Min:10
FRouter Active Avg:69, SD:11, Max:93, Min:15
T1 invocations: 69,264
T2 invocations: 234,953
T3 invocations: 8,317,348
T3b invocations: 0
Total3 invocations: 8,317,348
Total4 invocations: 0

T3/T2 ratio: 35
T3b/T3 ratio: 0

T1 avg ex cycles: 83
T2 avg ex cycles: 81
T3&b avg ex cycles: 2
T4 avg ex cycles: -nan
Avg. hops NOC1: 3
Avg. latency NOC1 (T2): 19,195
Avg. hops NOC2: 12
Avg. latency NOC2 (T3): 5,040

===PRINTING ACUM STATS at pu_cycles: 900,536

ACollision In Avg:113, SD:38, Max:295, Min:31
ACollision Out Avg:88, SD:35, Max:230, Min:1
ACollision End Avg:33, SD:18, Max:92, Min:0
ATask1 Avg:10, SD:2, Max:13, Min:2
ATask2 Avg:31, SD:5, Max:39, Min:0
ATask3 Avg:27, SD:4, Max:54, Min:18
ACore Active Avg:68, SD:7, Max:90, Min:28
ARouter Active Avg:88, SD:4, Max:96, Min:42
T1 invocations: 871,338
T2 invocations: 3,647,091
T3 invocations: 117,635,296
T3b invocations: 0
Total3 invocations: 117,635,296
Total4 invocations: 0

T3/T2 ratio: 32
T3b/T3 ratio: 0

T1 avg ex cycles: 104
T2 avg ex cycles: 79
T3&b avg ex cycles: 2
T4 avg ex cycles: -nan
Avg. hops NOC1: 3
Avg. latency NOC1 (T2): 26,030
Avg. hops NOC2: 13
Avg. latency NOC2 (T3): 4,044
Number of K Nodes Processed: 117,822
Number of K Edges Processed: 118,167
Node Re-explore factor: 28.09
Edge Re-explore factor: 0.92
Nodes/cy: 131
Edges/cy: 131
TEPS: 142

---DCache---
DCache Size: 25,072
DRAM words: 262,912
  DHits: 283,362,798
  DMisses: 16,968,715
  DHit Rate (hit/miss): 94%
  DEvictions: 15,547,667
  DEviction Rate (evict/misses): 92%
  MC Transactions: 19,116,971
  MC Writes: 1,752,196
Avg. Transactions: 66% , Writes: 6%, Avg. Latency: 2
Max MC id: 10 of 32. Transactions: 72% , Writes: 7%, MC mean Latency: 2
HBM refresh energy (nJ): 5
HBM access energy (nJ): 36,215,189
MemC wire energy 2.5d (nJ): 6,051,369
MemC wire energy 3d (nJ): 1,512,842

---Energy---
Leakage Energy (nJ): 92,929
PU Dyn E (nJ): 6,970,761
Mem Dyn E (nJ): 60,812,458
Route Dyn E (nJ): 8,122,793
Dynamic Energy (nJ): 75,906,013
Ratio of Dyn/Leak: 817
Total Energy (nJ): 75,998,942
Total Energy (nJ) 3D: 77,387,993
Cores Energy (nJ): 6,973,268
Route Energy (nJ): 8,140,021
Route Energy (nJ) 3D: 14,067,599
Mem Energy   (nJ): 60,885,653
Mem Energy   (nJ) 3D: 56,347,127
Avg. Power (mW): 84,393.01
Power Density (mW/mm2): 102.49

---Runtime---
Runtime in K cycles: 900.54
Microseconds: 900.54
Time per iteration (ms): 0.90

---Throughput---
GOP/s (aka OPS/ns): 654.09
GOP/s per core: 0.64
FLOP/s: 261.20
FLOP/s per core: 0.26
Max Peak FLOP/s: 1,024.00
Avg. BW GB/s: 5,439.00
Max BW GB/s: 4,096.00

---Traffic---
In-Die bisection_bytes BW (GB/s): 256.00
Inter-board traffic (msg/ns): 0.00, per-link: 0.00
Inter-pack traffic (msg/ns): 0.00, per-link: 0.00
Inter-die traffic (msg/ns): 93.49, per-link: 0.37
Ruche traffic (msg/ns): 91.64, per-link: 0.36
All traffic (msg/ns): 3,807.45, per-link: 3.72
Inter-die reduction wrt all: 40.72
Inter-board reduction wrt inter-die: inf

---Data Movement---
All traffic (msg): 3,428,745,074
Arith. Intensity FLOP/Loads: 0.38
Arith. Intensity FLOP/Msgs: 0.07
Arith. Intensity OPS/Loads: 0.96
Arith. Intensity OPS/Msgs: 0.17



===Core Utilization Total=== CORE-S:9;; TIME K cy:900 ;; Nodes Proc: 14,666,520 -- Edges Proc: 15,139,988
======== IT IS COLD ======= Only 40 Tiles active

===PRINTING FRAME STATS

FCollision In Avg:19, SD:32, Max:201, Min:0
FCollision Out Avg:22, SD:35, Max:181, Min:0
FCollision End Avg:9, SD:22, Max:99, Min:0
FTask1 Avg:4, SD:8, Max:45, Min:0
FTask2 Avg:13, SD:25, Max:94, Min:0
FTask3 Avg:11, SD:3, Max:24, Min:4
FCore Active Avg:28, SD:27, Max:100, Min:7
FRouter Active Avg:52, SD:13, Max:88, Min:9
T1 invocations: 44,431
T2 invocations: 160,235
T3 invocations: 5,592,149
T3b invocations: 0
Total3 invocations: 5,592,149
Total4 invocations: 0

T3/T2 ratio: 35
T3b/T3 ratio: 0

T1 avg ex cycles: 82
T2 avg ex cycles: 82
T3&b avg ex cycles: 2
T4 avg ex cycles: -nan
Avg. hops NOC1: 3
Avg. latency NOC1 (T2): 17,491
Avg. hops NOC2: 12
Avg. latency NOC2 (T3): 4,921

===PRINTING ACUM STATS at pu_cycles: 1,000,440

ACollision In Avg:104, SD:35, Max:284, Min:28
ACollision Out Avg:81, SD:33, Max:227, Min:1
ACollision End Avg:31, SD:16, Max:83, Min:0
ATask1 Avg:9, SD:1, Max:12, Min:3
ATask2 Avg:30, SD:3, Max:35, Min:0
ATask3 Avg:25, SD:4, Max:50, Min:17
ACore Active Avg:64, SD:6, Max:88, Min:32
ARouter Active Avg:84, SD:4, Max:93, Min:38
T1 invocations: 916,797
T2 invocations: 3,817,824
T3 invocations: 123,302,202
T3b invocations: 0
Total3 invocations: 123,302,202
Total4 invocations: 0

T3/T2 ratio: 32
T3b/T3 ratio: 0

T1 avg ex cycles: 103
T2 avg ex cycles: 79
T3&b avg ex cycles: 2
T4 avg ex cycles: -nan
Avg. hops NOC1: 3
Avg. latency NOC1 (T2): 25,648
Avg. hops NOC2: 13
Avg. latency NOC2 (T3): 4,093
Number of K Nodes Processed: 123,368
Number of K Edges Processed: 123,579
Node Re-explore factor: 29.41
Edge Re-explore factor: 0.96
Nodes/cy: 123
Edges/cy: 124
TEPS: 128

---DCache---
DCache Size: 25,072
DRAM words: 262,912
  DHits: 298,571,093
  DMisses: 17,728,334
  DHit Rate (hit/miss): 94%
  DEvictions: 16,307,641
  DEviction Rate (evict/misses): 92%
  MC Transactions: 19,946,464
  MC Writes: 1,818,002
Avg. Transactions: 62% , Writes: 6%, Avg. Latency: 2
Max MC id: 10 of 32. Transactions: 65% , Writes: 6%, MC mean Latency: 2
HBM refresh energy (nJ): 5
HBM access energy (nJ): 37,786,581
MemC wire energy 2.5d (nJ): 6,313,940
MemC wire energy 3d (nJ): 1,578,485

---Energy---
Leakage Energy (nJ): 103,238
PU Dyn E (nJ): 7,306,339
Mem Dyn E (nJ): 63,559,626
Route Dyn E (nJ): 8,494,667
Dynamic Energy (nJ): 79,360,633
Ratio of Dyn/Leak: 769
Total Energy (nJ): 79,463,871
Total Energy (nJ) 3D: 80,922,903
Cores Energy (nJ): 7,309,124
Route Energy (nJ): 8,513,806
Route Energy (nJ) 3D: 14,708,293
Mem Energy   (nJ): 63,640,942
Mem Energy   (nJ) 3D: 58,905,487
Avg. Power (mW): 79,428.92
Power Density (mW/mm2): 96.46

---Runtime---
Runtime in K cycles: 1,000.44
Microseconds: 1,000.44
Time per iteration (ms): 1.00

---Throughput---
GOP/s (aka OPS/ns): 616.66
GOP/s per core: 0.60
FLOP/s: 246.55
FLOP/s per core: 0.24
Max Peak FLOP/s: 1,024.00
Avg. BW GB/s: 5,132.69
Max BW GB/s: 4,096.00

---Traffic---
In-Die bisection_bytes BW (GB/s): 256.00
Inter-board traffic (msg/ns): 0.00, per-link: 0.00
Inter-pack traffic (msg/ns): 0.00, per-link: 0.00
Inter-die traffic (msg/ns): 87.74, per-link: 0.34
Ruche traffic (msg/ns): 86.83, per-link: 0.34
All traffic (msg/ns): 3,582.43, per-link: 3.50
Inter-die reduction wrt all: 40.83
Inter-board reduction wrt inter-die: inf

---Data Movement---
All traffic (msg): 3,584,008,542
Arith. Intensity FLOP/Loads: 0.38
Arith. Intensity FLOP/Msgs: 0.07
Arith. Intensity OPS/Loads: 0.96
Arith. Intensity OPS/Msgs: 0.17



===Core Utilization Total=== CORE-S:10;; TIME K cy:1,000 ;; Nodes Proc: 15,359,282 -- Edges Proc: 15,607,923
======== IT IS COLD ======= Only 29 Tiles active

===PRINTING FRAME STATS

FCollision In Avg:9, SD:22, Max:103, Min:0
FCollision Out Avg:13, SD:28, Max:105, Min:0
FCollision End Avg:5, SD:17, Max:99, Min:0
FTask1 Avg:2, SD:6, Max:39, Min:0
FTask2 Avg:7, SD:21, Max:99, Min:0
FTask3 Avg:6, SD:2, Max:17, Min:0
FCore Active Avg:16, SD:22, Max:100, Min:4
FRouter Active Avg:32, SD:12, Max:83, Min:6
T1 invocations: 24,199
T2 invocations: 89,850
T3 invocations: 3,170,975
T3b invocations: 0
Total3 invocations: 3,170,975
Total4 invocations: 0

T3/T2 ratio: 35
T3b/T3 ratio: 0

T1 avg ex cycles: 80
T2 avg ex cycles: 83
T3&b avg ex cycles: 2
T4 avg ex cycles: -nan
Avg. hops NOC1: 3
Avg. latency NOC1 (T2): 17,564
Avg. hops NOC2: 12
Avg. latency NOC2 (T3): 4,853

===PRINTING ACUM STATS at pu_cycles: 1,100,471

ACollision In Avg:95, SD:32, Max:259, Min:26
ACollision Out Avg:75, SD:30, Max:205, Min:1
ACollision End Avg:28, SD:14, Max:75, Min:0
ATask1 Avg:9, SD:1, Max:10, Min:5
ATask2 Avg:28, SD:2, Max:31, Min:9
ATask3 Avg:24, SD:4, Max:47, Min:16
ACore Active Avg:60, SD:5, Max:83, Min:38
ARouter Active Avg:79, SD:4, Max:90, Min:35
T1 invocations: 942,193
T2 invocations: 3,910,638
T3 invocations: 126,498,069
T3b invocations: 0
Total3 invocations: 126,498,069
Total4 invocations: 0

T3/T2 ratio: 32
T3b/T3 ratio: 0

T1 avg ex cycles: 102
T2 avg ex cycles: 80
T3&b avg ex cycles: 2
T4 avg ex cycles: -nan
Avg. hops NOC1: 3
Avg. latency NOC1 (T2): 25,458
Avg. hops NOC2: 13
Avg. latency NOC2 (T3): 4,113
Number of K Nodes Processed: 126,519
Number of K Edges Processed: 126,598
Node Re-explore factor: 30.16
Edge Re-explore factor: 0.99
Nodes/cy: 115
Edges/cy: 115
TEPS: 117

---DCache---
DCache Size: 25,072
DRAM words: 262,912
  DHits: 307,320,297
  DMisses: 18,148,597
  DHit Rate (hit/miss): 94%
  DEvictions: 16,726,753
  DEviction Rate (evict/misses): 92%
  MC Transactions: 20,397,512
  MC Writes: 1,847,666
Avg. Transactions: 58% , Writes: 5%, Avg. Latency: 2
Max MC id: 10 of 32. Transactions: 59% , Writes: 6%, MC mean Latency: 2
HBM refresh energy (nJ): 6
HBM access energy (nJ): 38,641,046
MemC wire energy 2.5d (nJ): 6,456,717
MemC wire energy 3d (nJ): 1,614,179

---Energy---
Leakage Energy (nJ): 113,561
PU Dyn E (nJ): 7,493,113
Mem Dyn E (nJ): 65,069,503
Route Dyn E (nJ): 8,699,122
Dynamic Energy (nJ): 81,261,738
Ratio of Dyn/Leak: 716
Total Energy (nJ): 81,375,299
Total Energy (nJ) 3D: 82,874,158
Cores Energy (nJ): 7,496,176
Route Energy (nJ): 8,720,174
Route Energy (nJ) 3D: 15,061,571
Mem Energy   (nJ): 65,158,949
Mem Energy   (nJ) 3D: 60,316,412
Avg. Power (mW): 73,945.88
Power Density (mW/mm2): 89.80

---Runtime---
Runtime in K cycles: 1,100.47
Microseconds: 1,100.47
Time per iteration (ms): 1.10

---Throughput---
GOP/s (aka OPS/ns): 574.67
GOP/s per core: 0.56
FLOP/s: 229.93
FLOP/s per core: 0.22
Max Peak FLOP/s: 1,024.00
Avg. BW GB/s: 4,786.33
Max BW GB/s: 4,096.00

---Traffic---
In-Die bisection_bytes BW (GB/s): 256.00
Inter-board traffic (msg/ns): 0.00, per-link: 0.00
Inter-pack traffic (msg/ns): 0.00, per-link: 0.00
Inter-die traffic (msg/ns): 81.52, per-link: 0.32
Ruche traffic (msg/ns): 81.14, per-link: 0.32
All traffic (msg/ns): 3,334.48, per-link: 3.26
Inter-die reduction wrt all: 40.91
Inter-board reduction wrt inter-die: inf

---Data Movement---
All traffic (msg): 3,669,499,153
Arith. Intensity FLOP/Loads: 0.38
Arith. Intensity FLOP/Msgs: 0.07
Arith. Intensity OPS/Loads: 0.96
Arith. Intensity OPS/Msgs: 0.17



===Core Utilization Total=== CORE-S:11;; TIME K cy:1,100 ;; Nodes Proc: 15,745,379 -- Edges Proc: 15,918,394
======== IT IS COLD ======= Only 9 Tiles active

===PRINTING FRAME STATS

FCollision In Avg:3, SD:14, Max:100, Min:0
FCollision Out Avg:5, SD:17, Max:99, Min:0
FCollision End Avg:2, SD:9, Max:99, Min:0
FTask1 Avg:1, SD:4, Max:39, Min:0
FTask2 Avg:3, SD:13, Max:100, Min:0
FTask3 Avg:3, SD:1, Max:17, Min:0
FCore Active Avg:6, SD:14, Max:100, Min:1
FRouter Active Avg:14, SD:9, Max:69, Min:1
T1 invocations: 9,689
T2 invocations: 36,456
T3 invocations: 1,327,122
T3b invocations: 0
Total3 invocations: 1,327,122
Total4 invocations: 0

T3/T2 ratio: 36
T3b/T3 ratio: 0

T1 avg ex cycles: 84
T2 avg ex cycles: 81
T3&b avg ex cycles: 2
T4 avg ex cycles: -nan
Avg. hops NOC1: 4
Avg. latency NOC1 (T2): 16,714
Avg. hops NOC2: 12
Avg. latency NOC2 (T3): 4,484

===PRINTING ACUM STATS at pu_cycles: 1,200,247

ACollision In Avg:87, SD:29, Max:237, Min:23
ACollision Out Avg:69, SD:28, Max:189, Min:1
ACollision End Avg:26, SD:13, Max:69, Min:0
ATask1 Avg:8, SD:0, Max:10, Min:5
ATask2 Avg:26, SD:1, Max:28, Min:15
ATask3 Avg:22, SD:4, Max:47, Min:15
ACore Active Avg:55, SD:4, Max:83, Min:42
ARouter Active Avg:74, SD:4, Max:87, Min:33
T1 invocations: 951,126
T2 invocations: 3,948,518
T3 invocations: 127,813,124
T3b invocations: 0
Total3 invocations: 127,813,124
Total4 invocations: 0

T3/T2 ratio: 32
T3b/T3 ratio: 0

T1 avg ex cycles: 102
T2 avg ex cycles: 80
T3&b avg ex cycles: 2
T4 avg ex cycles: -nan
Avg. hops NOC1: 3
Avg. latency NOC1 (T2): 25,373
Avg. hops NOC2: 13
Avg. latency NOC2 (T3): 4,118
Number of K Nodes Processed: 127,823
Number of K Edges Processed: 127,839
Node Re-explore factor: 30.48
Edge Re-explore factor: 1.00
Nodes/cy: 106
Edges/cy: 107
TEPS: 107

---DCache---
DCache Size: 25,072
DRAM words: 262,912
  DHits: 310,987,923
  DMisses: 18,321,168
  DHit Rate (hit/miss): 94%
  DEvictions: 16,899,367
  DEviction Rate (evict/misses): 92%
  MC Transactions: 20,581,338
  MC Writes: 1,858,761
Avg. Transactions: 54% , Writes: 5%, Avg. Latency: 2
Max MC id: 10 of 32. Transactions: 55% , Writes: 5%, MC mean Latency: 2
HBM refresh energy (nJ): 6
HBM access energy (nJ): 38,989,286
MemC wire energy 2.5d (nJ): 6,514,906
MemC wire energy 3d (nJ): 1,628,726

---Energy---
Leakage Energy (nJ): 123,857
PU Dyn E (nJ): 7,567,935
Mem Dyn E (nJ): 65,684,147
Route Dyn E (nJ): 8,781,696
Dynamic Energy (nJ): 82,033,779
Ratio of Dyn/Leak: 662
Total Energy (nJ): 82,157,636
Total Energy (nJ) 3D: 83,672,327
Cores Energy (nJ): 7,571,275
Route Energy (nJ): 8,804,657
Route Energy (nJ) 3D: 15,205,528
Mem Energy   (nJ): 65,781,703
Mem Energy   (nJ) 3D: 60,895,524
Avg. Power (mW): 68,450.61
Power Density (mW/mm2): 83.13

---Runtime---
Runtime in K cycles: 1,200.25
Microseconds: 1,200.25
Time per iteration (ms): 1.20

---Throughput---
GOP/s (aka OPS/ns): 532.05
GOP/s per core: 0.52
FLOP/s: 212.95
FLOP/s per core: 0.21
Max Peak FLOP/s: 1,024.00
Avg. BW GB/s: 4,432.86
Max BW GB/s: 4,096.00

---Traffic---
In-Die bisection_bytes BW (GB/s): 256.00
Inter-board traffic (msg/ns): 0.00, per-link: 0.00
Inter-pack traffic (msg/ns): 0.00, per-link: 0.00
Inter-die traffic (msg/ns): 75.39, per-link: 0.29
Ruche traffic (msg/ns): 75.20, per-link: 0.29
All traffic (msg/ns): 3,086.16, per-link: 3.01
Inter-die reduction wrt all: 40.94
Inter-board reduction wrt inter-die: inf

---Data Movement---
All traffic (msg): 3,704,152,290
Arith. Intensity FLOP/Loads: 0.38
Arith. Intensity FLOP/Msgs: 0.07
Arith. Intensity OPS/Loads: 0.96
Arith. Intensity OPS/Msgs: 0.17



===Core Utilization Total=== CORE-S:12;; TIME K cy:1,200 ;; Nodes Proc: 15,904,976 -- Edges Proc: 16,023,735
======== IT IS COLD ======= Only 2 Tiles active

===PRINTING FRAME STATS

FCollision In Avg:1, SD:7, Max:96, Min:0
FCollision Out Avg:2, SD:10, Max:98, Min:0
FCollision End Avg:1, SD:6, Max:98, Min:0
FTask1 Avg:0, SD:2, Max:34, Min:0
FTask2 Avg:1, SD:8, Max:98, Min:0
FTask3 Avg:1, SD:0, Max:6, Min:0
FCore Active Avg:2, SD:8, Max:100, Min:0
FRouter Active Avg:5, SD:6, Max:54, Min:0
T1 invocations: 3,394
T2 invocations: 11,599
T3 invocations: 433,767
T3b invocations: 0
Total3 invocations: 433,767
Total4 invocations: 0

T3/T2 ratio: 37
T3b/T3 ratio: 0

T1 avg ex cycles: 83
T2 avg ex cycles: 81
T3&b avg ex cycles: 2
T4 avg ex cycles: -nan
Avg. hops NOC1: 4
Avg. latency NOC1 (T2): 16,564
Avg. hops NOC2: 12
Avg. latency NOC2 (T3): 3,678

===PRINTING ACUM STATS at pu_cycles: 1,300,081

ACollision In Avg:81, SD:27, Max:219, Min:22
ACollision Out Avg:64, SD:26, Max:174, Min:1
ACollision End Avg:24, SD:12, Max:64, Min:0
ATask1 Avg:7, SD:0, Max:9, Min:6
ATask2 Avg:24, SD:0, Max:25, Min:16
ATask3 Avg:20, SD:3, Max:41, Min:14
ACore Active Avg:51, SD:4, Max:74, Min:43
ARouter Active Avg:69, SD:4, Max:81, Min:30
T1 invocations: 955,630
T2 invocations: 3,960,921
T3 invocations: 128,252,785
T3b invocations: 0
Total3 invocations: 128,252,785
Total4 invocations: 0

T3/T2 ratio: 32
T3b/T3 ratio: 0

T1 avg ex cycles: 102
T2 avg ex cycles: 80
T3&b avg ex cycles: 2
T4 avg ex cycles: -nan
Avg. hops NOC1: 3
Avg. latency NOC1 (T2): 25,342
Avg. hops NOC2: 13
Avg. latency NOC2 (T3): 4,115
Number of K Nodes Processed: 128,253
Number of K Edges Processed: 128,256
Node Re-explore factor: 30.58
Edge Re-explore factor: 1.00
Nodes/cy: 99
Edges/cy: 99
TEPS: 99

---DCache---
DCache Size: 25,072
DRAM words: 262,912
  DHits: 312,217,204
  DMisses: 18,378,782
  DHit Rate (hit/miss): 94%
  DEvictions: 16,956,983
  DEviction Rate (evict/misses): 92%
  MC Transactions: 20,641,873
  MC Writes: 1,861,667
Avg. Transactions: 50% , Writes: 4%, Avg. Latency: 2
Max MC id: 10 of 32. Transactions: 50% , Writes: 5%, MC mean Latency: 2
HBM refresh energy (nJ): 7
HBM access energy (nJ): 39,103,964
MemC wire energy 2.5d (nJ): 6,534,068
MemC wire energy 3d (nJ): 1,633,517

---Energy---
Leakage Energy (nJ): 134,159
PU Dyn E (nJ): 7,593,071
Mem Dyn E (nJ): 65,887,380
Route Dyn E (nJ): 8,810,746
Dynamic Energy (nJ): 82,291,197
Ratio of Dyn/Leak: 613
Total Energy (nJ): 82,425,356
Total Energy (nJ) 3D: 83,946,312
Cores Energy (nJ): 7,596,690
Route Energy (nJ): 8,835,617
Route Energy (nJ) 3D: 15,257,124
Mem Energy   (nJ): 65,993,050
Mem Energy   (nJ) 3D: 61,092,499
Avg. Power (mW): 63,400.17
Power Density (mW/mm2): 76.99

---Runtime---
Runtime in K cycles: 1,300.08
Microseconds: 1,300.08
Time per iteration (ms): 1.30

---Throughput---
GOP/s (aka OPS/ns): 492.84
GOP/s per core: 0.48
FLOP/s: 197.25
FLOP/s per core: 0.19
Max Peak FLOP/s: 1,024.00
Avg. BW GB/s: 4,106.10
Max BW GB/s: 4,096.00

---Traffic---
In-Die bisection_bytes BW (GB/s): 256.00
Inter-board traffic (msg/ns): 0.00, per-link: 0.00
Inter-pack traffic (msg/ns): 0.00, per-link: 0.00
Inter-die traffic (msg/ns): 69.83, per-link: 0.27
Ruche traffic (msg/ns): 69.68, per-link: 0.27
All traffic (msg/ns): 2,858.38, per-link: 2.79
Inter-die reduction wrt all: 40.93
Inter-board reduction wrt inter-die: inf

---Data Movement---
All traffic (msg): 3,716,127,693
Arith. Intensity FLOP/Loads: 0.38
Arith. Intensity FLOP/Msgs: 0.07
Arith. Intensity OPS/Loads: 0.96
Arith. Intensity OPS/Msgs: 0.17



===Core Utilization Total=== CORE-S:13;; TIME K cy:1,300 ;; Nodes Proc: 15,958,804 -- Edges Proc: 16,036,028
======== IT IS COLD ======= Only 1 Tiles active
Epoch Done Router: 0
Epoch Done Router: 1
Epoch Done Router: 5
Epoch Done Router: 7
Epoch Done Router: 3
Epoch Done Router: 6
Epoch Done Router: 4
Epoch Done Router: 2
##EPOCH## 1 COMPLETED at Time (K cy): 1,363
Nodes processed until now: 128,311,436
Edges processed until now: 128,311,436
Program Done Router Thread: 5
Program Done Router Thread: 2
Program Done Worker Thread: 5
Program Done Worker Thread: 0
Program Done Router Thread: 3
Program Done Worker Thread: 6
Program Done Router Thread: 1
Program Done Router Thread: 6
Program Done Worker Thread: 2
Program Done Worker Thread: 7
Program Done Worker Thread: 3
Program Done Router Thread: 0
Program Done Worker Thread: 1
Program Done Worker Thread: 4
Program Done Router Thread: 7
Program Done Router Thread: 4

===PRINTING ACUM STATS at pu_cycles: 1,363,076

ACollision In Avg:77, SD:26, Max:209, Min:21
ACollision Out Avg:61, SD:25, Max:166, Min:1
ACollision End Avg:23, SD:11, Max:61, Min:0
ATask1 Avg:7, SD:0, Max:9, Min:6
ATask2 Avg:23, SD:0, Max:24, Min:21
ATask3 Avg:19, SD:3, Max:39, Min:13
ACore Active Avg:49, SD:3, Max:70, Min:42
ARouter Active Avg:65, SD:4, Max:77, Min:29
T1 invocations: 955,929
T2 invocations: 3,964,364
T3 invocations: 128,311,436
T3b invocations: 0
Total3 invocations: 128,311,436
Total4 invocations: 0

T3/T2 ratio: 32
T3b/T3 ratio: 0

T1 avg ex cycles: 102
T2 avg ex cycles: 80
T3&b avg ex cycles: 2
T4 avg ex cycles: -nan
Avg. hops NOC1: 3
Avg. latency NOC1 (T2): 25,336
Avg. hops NOC2: 13
Avg. latency NOC2 (T3): 4,117

Runtime at program end in K cycles: 1,363
Runtime before cooldown in K cycles: 800


Number of K Nodes Processed: 128,311
Number of K Edges Processed: 128,311
Node Re-explore factor: 30.59
Edge Re-explore factor: 1.00
Nodes/cy: 94
Edges/cy: 94
TEPS: 94

---DCache---
DCache Size: 25,072
DRAM words: 262,912
  DHits: 312,379,067
  DMisses: 18,386,328
  DHit Rate (hit/miss): 94%
  DEvictions: 16,964,530
  DEviction Rate (evict/misses): 92%
  MC Transactions: 20,649,714
  MC Writes: 1,861,961
Avg. Transactions: 47% , Writes: 4%, Avg. Latency: 2
Max MC id: 10 of 32. Transactions: 48% , Writes: 5%, MC mean Latency: 2
HBM refresh energy (nJ): 7
HBM access energy (nJ): 39,118,818
MemC wire energy 2.5d (nJ): 6,536,550
MemC wire energy 3d (nJ): 1,634,137

---Energy---
Leakage Energy (nJ): 140,660
PU Dyn E (nJ): 7,598,333
Mem Dyn E (nJ): 65,917,554
Route Dyn E (nJ): 8,814,924
Dynamic Energy (nJ): 82,330,812
Ratio of Dyn/Leak: 585
Total Energy (nJ): 82,471,472
Total Energy (nJ) 3D: 83,993,678
Cores Energy (nJ): 7,602,127
Route Energy (nJ): 8,840,999
Route Energy (nJ) 3D: 15,265,618
Mem Energy   (nJ): 66,028,345
Mem Energy   (nJ) 3D: 61,125,933
Avg. Power (mW): 60,503.94
Power Density (mW/mm2): 73.48

---Runtime---
Runtime in K cycles: 1,363.08
Microseconds: 1,363.08
Time per iteration (ms): 1.36

---Inst---
K Loads: 666,887
K Stores: 668,560
K Instructions: 641,153

---Throughput---
GOP/s (aka OPS/ns): 470.37
GOP/s per core: 0.46
FLOP/s: 188.27
FLOP/s per core: 0.18
Max Peak FLOP/s: 1,024.00
Avg. BW GB/s: 3,918.92
Max BW GB/s: 4,096.00

---Traffic---
In-Die bisection_bytes BW (GB/s): 256.00
Inter-board traffic (msg/ns): 0.00, per-link: 0.00
Inter-pack traffic (msg/ns): 0.00, per-link: 0.00
Inter-die traffic (msg/ns): 66.64, per-link: 0.26
Ruche traffic (msg/ns): 66.49, per-link: 0.26
All traffic (msg/ns): 2,727.57, per-link: 2.66
Inter-die reduction wrt all: 40.93
Inter-board reduction wrt inter-die: inf

---Data Movement---
All traffic (msg): 3,717,879,594
Arith. Intensity FLOP/Loads: 0.38
Arith. Intensity FLOP/Msgs: 0.07
Arith. Intensity OPS/Loads: 0.96
Arith. Intensity OPS/Msgs: 0.17

Simulation time: 158.10
Sim noc_cy/s: 8,621.81
Sim Msg/s: 23,516,552.28

Version 31

