Dataset:  Kron22/
Dry run: 0
Open Edge Count File succesfully
Edges Traversed BFS: 128309848
Found Vertices: 4194304, Edges: 128311436
avg degree 31
Array  Kron22/node_array.bin found
Malloc array of size 16777220 bytes
Readin array of size 16777216 bytes
Finished Reading Array Bytes
No reordering Array 32bit
Array  Kron22/edge_array.bin found
Malloc array of size 513245744 bytes
Readin array of size 513245744 bytes
Finished Reading Array Bytes
No reordering Array 32bit
Reading graph elapsed time: 0.127787s

Dataset Footprint: 505 MiB
Dataset Footprint per Board: 4240.44 Mb
Dataset injection time (ms): 0.258816
Max Dataset Footprint: 1026 MiB

Dataset footprint per tile: 505 KiB
Proxys footprint per tile: 0 KiB
Reserved SRAM per tile: 4 KiB

Ideal SRAM per tile: 509 KiB
reserved_words_for_dataset:12857
dataset_words_per_tile:129408
remaining_sram_words:64286
min_dcache_sram_words_required:13023
dataset_words_per_tile:129408
min_pcache_sram_words_required:0
proxys_words_per_tile:0
Dcache footprint ratio: 3
Dataset Cached: 1
DCache: 63664 words, lines: 3979, sets: 3979
Proxys Cached: 0
Pcache: 0 words, sets: 0
Node per tile: 4,096
Edge per tile: 125,305
GRID_X: 32
GRID_SIZE: 1,024
smt_per_tile: 1
noc_freq: 1
pu_freq: 1
RUCHE_X: 0
PROXY_W: 32
DIE_W: 32
DIE_H: 32
DIES: 1
BORDER_TILES_PER_DIE: 128
PACK_W: 32
PACK_H: 32
DIES_PACK_FACTOR: 1
DIES_PER_PACK: 1
PACKAGES: 1
BOARD_W: 32
BOARD_H: 32
BOARDS: 1
MUX_BUS: 1
DCACHE: 1
PCACHE: 0
PROXY_FACTOR: 1
CACHE_WAYS: 1
TORUS: 1
PHY_NOCS: 1
WIDE_NOC_ID: 0
NOC_CONF: 1
noc_width: 32
hbm_channel_bit_width: 512
ld_st_op_byte_width: 4
PROXY_ROUTING: 0
WITHIN_REGION: 0
WRITE_THROUGH: 0
ASSERT_MODE: 0
GLOBAL_BARRIER: 0
OQ flits: 6 ; 64 ; 2
IQ flits: 6 ; 1,024 ; 32
OQ messages: 2 ; 32 ; 1
IQ messages: 2 ; 512 ; 16
max_task2 size: 64
io_factor_t2: 16
io_factor_t3: 16
io_factor_t3b: 16

Active SRAM Storage per tile: 255 KiB
Total SRAM Storage per tile: 256 KiB
Agreggated SRAM Storage: 256 MiB

Active DRAM Storage per tile: 0.493164 MiB
Total DRAM Storage per tile: 8 MiB
Agreggated DRAM Storage: 8 GiB

Inter-Die #links: 1,024
Inter-Die (Gbits): 32,768
Inter-Die (Gbits/mm): 606.445
Bisection BW of Board (Gbits): 8,192
Border IO #Dies: 4
Border IO Die BW (Gbits): 4,096
Off-Board BW Total (Gbits): 16,384
Off-Board BW Density (Gbits/mm): 212
Die side: 13.51 mm
Die border wire density: 606.44 Gbits/mm
HBM wire density: 303.22 Gbits/mm

Tiles per Die: 1,024 (32x32)
Tile Area: 0.12 mm2, side: 0.35 mm
- Core/Rout Area: 0.05 mm2
- SRAM Area: 0.07 mm2
- SRAM/Logic Ratio: 1.40x

Dies per Package: 1 (1x1)
Die Area: 182.47 mm2, side: 13.51 mm
- Tiles Area: 125.98 mm2
- PHY Area: 47.49 mm2
- MC Area: 9.00 mm2

Packages per Board: 1 (1x1)
Package Area: 372.47 mm2, side: 19.30 mm
- IOdie Area: 80.00 mm2
- Dies Area: 182.47 mm2
- HBM Area: 110.00 mm2

Boards: 1 (1x1)
Board Area: 372.47 mm2
Total Area: 372.47 mm2



ESTIMATED COST OF SILICON AND PACKAGING. ONLY VARIABLE, NO FIXED COSTS
Good dies per wafer 3d: 186
Good dies per wafer 2d: 272
--Dies 3D Cost: 32.51 $
--Dies 2.5D Cost: 22.23 $
--Dies 2D Cost: 22.23 $
--HBM Cost: 60.00 $
--IOdie Cost: 8.44 $
--Packaging Cost 3d: 7.25 $
--Packaging Cost 2.5d: 12.38 $
--Packaging Cost 2d: 4.60 $
SiP Cost 3d: 108.20 $
SiP Cost 2.5d: 103.05 $
SiP Cost 2d: 35.27 $
--Board Cost: 0.37 $
Total SiPs Cost 3d: 108.58 $
Total SiPs Cost 2.5d: 103.43 $
Total SiPs Cost 2d: 35.64 $

Perf counters initialized
Mesh connected
Cache structures initialized
proxys initialized
Dataset structures initialized


Starting Simulation
INIT epoch: 1
INIT epoch: 1
INIT epoch: 1
INIT epoch: 1
INIT epoch: 1
INIT epoch: 1
INIT epoch: 1
INIT epoch: 1

===PRINTING FRAME STATS

FCollision In Avg:-nan, SD:-nan, Max:76, Min:6
FCollision Out Avg:-nan, SD:-nan, Max:51, Min:12
FCollision End Avg:-nan, SD:-nan, Max:17, Min:0
FTask1 Avg:-nan, SD:-nan, Max:65, Min:39
FTask2 Avg:-nan, SD:-nan, Max:0, Min:0
FTask3 Avg:-nan, SD:-nan, Max:60, Min:35
FCore Active Avg:-nan, SD:-nan, Max:100, Min:95
FRouter Active Avg:-nan, SD:-nan, Max:80, Min:68
T1 invocations: 255,413
T2 invocations: 0
T3 invocations: 7,482,544
T3b invocations: 0
Total3 invocations: 7,482,544
Total4 invocations: 0

T3/T2 ratio: inf
T3b/T3 ratio: 0

T1 avg ex cycles: 227
T2 avg ex cycles: -nan
T3&b avg ex cycles: 6
T4 avg ex cycles: -nan
Avg. hops NOC1: -nan
Avg. latency NOC1 (T2): -nan
Avg. hops NOC2: 18
Avg. latency NOC2 (T3): 5,006

===PRINTING ACUM STATS at pu_cycles: 100,511

ACollision In Avg:-nan, SD:-nan, Max:76, Min:6
ACollision Out Avg:-nan, SD:-nan, Max:51, Min:12
ACollision End Avg:-nan, SD:-nan, Max:17, Min:0
ATask1 Avg:-nan, SD:-nan, Max:65, Min:39
ATask2 Avg:-nan, SD:-nan, Max:0, Min:0
ATask3 Avg:-nan, SD:-nan, Max:60, Min:35
ACore Active Avg:-nan, SD:-nan, Max:100, Min:95
ARouter Active Avg:-nan, SD:-nan, Max:80, Min:68
T1 invocations: 255,701
T2 invocations: 0
T3 invocations: 7,487,920
T3b invocations: 0
Total3 invocations: 7,487,920
Total4 invocations: 0

T3/T2 ratio: inf
T3b/T3 ratio: 0

T1 avg ex cycles: 227
T2 avg ex cycles: -nan
T3&b avg ex cycles: 6
T4 avg ex cycles: -nan
Avg. hops NOC1: -nan
Avg. latency NOC1 (T2): -nan
Avg. hops NOC2: 18
Avg. latency NOC2 (T3): 5,007
Number of K Nodes Processed: 7,552
Number of K Edges Processed: 7,552
Node Re-explore factor: 1.80
Edge Re-explore factor: 0.06
Nodes/cy: 75
Edges/cy: 75
TEPS: 1,277

---DCache---
DCache Size: 63,664
DRAM words: 129,408
  DHits: 10,730,024
  DMisses: 760,005
  DHit Rate (hit/miss): 93%
  DEvictions: 50,997
  DEviction Rate (evict/misses): 7%
  MC Transactions: 802,058
  MC Writes: 25,119
Avg. Transactions: 100% , Writes: 3%, Avg. Latency: 46
Max MC id: 4 of 8. Transactions: 100% , Writes: 3%, MC mean Latency: 46
HBM refresh energy (nJ): 0
HBM access energy (nJ): 1,519,418
MemC wire energy 2.5d (nJ): 575,280
MemC wire energy 3d (nJ): 143,820

---Energy---
Leakage Energy (nJ): 17,604
PU Dyn E (nJ): 438,037
Mem Dyn E (nJ): 3,212,471
Route Dyn E (nJ): 649,481
Dynamic Energy (nJ): 4,299,990
Ratio of Dyn/Leak: 244
Total Energy (nJ): 4,317,594
Total Energy (nJ) 3D: 4,175,456
Cores Energy (nJ): 438,317
Route Energy (nJ): 650,403
Route Energy (nJ) 3D: 939,725
Mem Energy   (nJ): 3,228,874
Mem Energy   (nJ) 3D: 2,797,415
Avg. Power (mW): 42,956.43
Power Density (mW/mm2): 115.33

---Runtime---
Runtime in K cycles: 100.51
Microseconds: 100.51
Time per iteration (ms): 0.10

---Throughput---
GOP/s (aka OPS/ns): 641.64
GOP/s per core: 0.63
GFLOP/s: 78.71
GFLOP/s per core: 0.08
Max Peak GFLOP/s: 1,024.00
Avg. BW GB/s: 2,448.21
Max BW GB/s: 4,096.00

---Traffic---
In-Die bisection_bytes BW (GB/s): 512.00
Inter-board traffic (msg/ns): 0.00, per-link: 0.00
Inter-pack traffic (msg/ns): 0.00, per-link: 0.00
Inter-die traffic (msg/ns): 0.00, per-link: 0.00
Ruche traffic (msg/ns): 0.00, per-link: 0.00
All traffic (msg/ns): 2,939.38, per-link: 2.87
Inter-die reduction wrt all: inf
Inter-board reduction wrt inter-die: -nan

---Data Movement---
All traffic (msg): 295,439,602
Arith. Intensity FLOP/Loads: 0.20
Arith. Intensity FLOP/Msgs: 0.03
Arith. Intensity OPS/Loads: 1.66
Arith. Intensity OPS/Msgs: 0.22



===Core Utilization Total=== CORE-S:1;; TIME K cy:100 ;; Nodes Proc: 939,485 -- Edges Proc: 0

===PRINTING FRAME STATS

FCollision In Avg:11, SD:2, Max:20, Min:8
FCollision Out Avg:0, SD:0, Max:2, Min:0
FCollision End Avg:0, SD:0, Max:0, Min:0
FTask1 Avg:75, SD:6, Max:86, Min:51
FTask2 Avg:0, SD:0, Max:0, Min:0
FTask3 Avg:25, SD:6, Max:49, Min:14
FCore Active Avg:100, SD:0, Max:100, Min:99
FRouter Active Avg:92, SD:1, Max:96, Min:88
T1 invocations: 348,909
T2 invocations: 0
T3 invocations: 11,129,585
T3b invocations: 0
Total3 invocations: 11,129,585
Total4 invocations: 0

T3/T2 ratio: inf
T3b/T3 ratio: 0

T1 avg ex cycles: 220
T2 avg ex cycles: -nan
T3&b avg ex cycles: 2
T4 avg ex cycles: -nan
Avg. hops NOC1: -nan
Avg. latency NOC1 (T2): -nan
Avg. hops NOC2: 17
Avg. latency NOC2 (T3): 3,661

===PRINTING ACUM STATS at pu_cycles: 200,527

ACollision In Avg:19, SD:5, Max:44, Min:8
ACollision Out Avg:14, SD:3, Max:25, Min:6
ACollision End Avg:0, SD:1, Max:9, Min:0
ATask1 Avg:66, SD:5, Max:75, Min:49
ATask2 Avg:0, SD:0, Max:0, Min:0
ATask3 Avg:34, SD:5, Max:51, Min:25
ACore Active Avg:100, SD:0, Max:100, Min:97
ARouter Active Avg:83, SD:1, Max:87, Min:79
T1 invocations: 605,679
T2 invocations: 0
T3 invocations: 18,655,013
T3b invocations: 0
Total3 invocations: 18,655,013
Total4 invocations: 0

T3/T2 ratio: inf
T3b/T3 ratio: 0

T1 avg ex cycles: 223
T2 avg ex cycles: -nan
T3&b avg ex cycles: 4
T4 avg ex cycles: -nan
Avg. hops NOC1: -nan
Avg. latency NOC1 (T2): -nan
Avg. hops NOC2: 17
Avg. latency NOC2 (T3): 4,204
Number of K Nodes Processed: 18,684
Number of K Edges Processed: 18,684
Node Re-explore factor: 4.45
Edge Re-explore factor: 0.15
Nodes/cy: 93
Edges/cy: 93
TEPS: 640

---DCache---
DCache Size: 63,664
DRAM words: 129,408
  DHits: 26,496,707
  DMisses: 1,500,094
  DHit Rate (hit/miss): 95%
  DEvictions: 150,702
  DEviction Rate (evict/misses): 10%
  MC Transactions: 1,602,119
  MC Writes: 75,288
Avg. Transactions: 100% , Writes: 5%, Avg. Latency: 29
Max MC id: 1 of 8. Transactions: 100% , Writes: 5%, MC mean Latency: 30
HBM refresh energy (nJ): 0
HBM access energy (nJ): 3,035,054
MemC wire energy 2.5d (nJ): 1,149,127
MemC wire energy 3d (nJ): 287,282

---Energy---
Leakage Energy (nJ): 35,121
PU Dyn E (nJ): 1,061,197
Mem Dyn E (nJ): 6,939,885
Route Dyn E (nJ): 1,562,291
Dynamic Energy (nJ): 9,563,374
Ratio of Dyn/Leak: 272
Total Energy (nJ): 9,598,495
Total Energy (nJ) 3D: 9,432,598
Cores Energy (nJ): 1,061,756
Route Energy (nJ): 1,564,129
Route Energy (nJ) 3D: 2,260,076
Mem Energy   (nJ): 6,972,611
Mem Energy   (nJ) 3D: 6,110,766
Avg. Power (mW): 47,866.35
Power Density (mW/mm2): 128.51

---Runtime---
Runtime in K cycles: 200.53
Microseconds: 200.53
Time per iteration (ms): 0.20

---Throughput---
GOP/s (aka OPS/ns): 780.97
GOP/s per core: 0.76
GFLOP/s: 95.12
GFLOP/s per core: 0.09
Max Peak GFLOP/s: 1,024.00
Avg. BW GB/s: 3,029.96
Max BW GB/s: 4,096.00

---Traffic---
In-Die bisection_bytes BW (GB/s): 512.00
Inter-board traffic (msg/ns): 0.00, per-link: 0.00
Inter-pack traffic (msg/ns): 0.00, per-link: 0.00
Inter-die traffic (msg/ns): 0.00, per-link: 0.00
Ruche traffic (msg/ns): 0.00, per-link: 0.00
All traffic (msg/ns): 3,496.55, per-link: 3.41
Inter-die reduction wrt all: inf
Inter-board reduction wrt inter-die: -nan

---Data Movement---
All traffic (msg): 701,152,557
Arith. Intensity FLOP/Loads: 0.20
Arith. Intensity FLOP/Msgs: 0.03
Arith. Intensity OPS/Loads: 1.64
Arith. Intensity OPS/Msgs: 0.22



===Core Utilization Total=== CORE-S:2;; TIME K cy:200 ;; Nodes Proc: 2,327,096 -- Edges Proc: 0

===PRINTING FRAME STATS

FCollision In Avg:12, SD:2, Max:20, Min:8
FCollision Out Avg:0, SD:0, Max:3, Min:0
FCollision End Avg:0, SD:0, Max:0, Min:0
FTask1 Avg:75, SD:6, Max:86, Min:48
FTask2 Avg:0, SD:0, Max:0, Min:0
FTask3 Avg:25, SD:6, Max:52, Min:14
FCore Active Avg:100, SD:0, Max:100, Min:100
FRouter Active Avg:93, SD:1, Max:96, Min:88
T1 invocations: 351,998
T2 invocations: 0
T3 invocations: 11,213,311
T3b invocations: 0
Total3 invocations: 11,213,311
Total4 invocations: 0

T3/T2 ratio: inf
T3b/T3 ratio: 0

T1 avg ex cycles: 219
T2 avg ex cycles: -nan
T3&b avg ex cycles: 2
T4 avg ex cycles: -nan
Avg. hops NOC1: -nan
Avg. latency NOC1 (T2): -nan
Avg. hops NOC2: 17
Avg. latency NOC2 (T3): 3,633

===PRINTING ACUM STATS at pu_cycles: 300,510

ACollision In Avg:17, SD:3, Max:37, Min:8
ACollision Out Avg:9, SD:2, Max:20, Min:4
ACollision End Avg:0, SD:0, Max:6, Min:0
ATask1 Avg:69, SD:4, Max:78, Min:50
ATask2 Avg:0, SD:0, Max:0, Min:0
ATask3 Avg:31, SD:4, Max:50, Min:22
ACore Active Avg:100, SD:0, Max:100, Min:98
ARouter Active Avg:86, SD:1, Max:90, Min:81
T1 invocations: 956,064
T2 invocations: 0
T3 invocations: 29,812,330
T3b invocations: 0
Total3 invocations: 29,812,330
Total4 invocations: 0

T3/T2 ratio: inf
T3b/T3 ratio: 0

T1 avg ex cycles: 222
T2 avg ex cycles: -nan
T3&b avg ex cycles: 3
T4 avg ex cycles: -nan
Avg. hops NOC1: -nan
Avg. latency NOC1 (T2): -nan
Avg. hops NOC2: 17
Avg. latency NOC2 (T3): 3,990
Number of K Nodes Processed: 29,896
Number of K Edges Processed: 29,896
Node Re-explore factor: 7.13
Edge Re-explore factor: 0.23
Nodes/cy: 99
Edges/cy: 99
TEPS: 427

---DCache---
DCache Size: 63,664
DRAM words: 129,408
  DHits: 42,513,921
  DMisses: 2,241,235
  DHit Rate (hit/miss): 95%
  DEvictions: 248,377
  DEviction Rate (evict/misses): 11%
  MC Transactions: 2,401,988
  MC Writes: 124,405
Avg. Transactions: 100% , Writes: 5%, Avg. Latency: 24
Max MC id: 3 of 8. Transactions: 100% , Writes: 5%, MC mean Latency: 24
HBM refresh energy (nJ): 0
HBM access energy (nJ): 4,550,326
MemC wire energy 2.5d (nJ): 1,722,836
MemC wire energy 3d (nJ): 430,709

---Energy---
Leakage Energy (nJ): 52,633
PU Dyn E (nJ): 1,684,340
Mem Dyn E (nJ): 10,669,583
Route Dyn E (nJ): 2,476,565
Dynamic Energy (nJ): 14,830,489
Ratio of Dyn/Leak: 282
Total Energy (nJ): 14,883,122
Total Energy (nJ) 3D: 14,694,220
Cores Energy (nJ): 1,685,177
Route Energy (nJ): 2,479,319
Route Energy (nJ) 3D: 3,582,545
Mem Energy   (nJ): 10,718,626
Mem Energy   (nJ) 3D: 9,426,499
Avg. Power (mW): 49,526.21
Power Density (mW/mm2): 132.97

---Runtime---
Runtime in K cycles: 300.51
Microseconds: 300.51
Time per iteration (ms): 0.30

---Throughput---
GOP/s (aka OPS/ns): 827.63
GOP/s per core: 0.81
GFLOP/s: 100.63
GFLOP/s per core: 0.10
Max Peak GFLOP/s: 1,024.00
Avg. BW GB/s: 3,224.14
Max BW GB/s: 4,096.00

---Traffic---
In-Die bisection_bytes BW (GB/s): 512.00
Inter-board traffic (msg/ns): 0.00, per-link: 0.00
Inter-pack traffic (msg/ns): 0.00, per-link: 0.00
Inter-die traffic (msg/ns): 0.00, per-link: 0.00
Ruche traffic (msg/ns): 0.00, per-link: 0.00
All traffic (msg/ns): 3,685.11, per-link: 3.60
Inter-die reduction wrt all: inf
Inter-board reduction wrt inter-die: -nan

---Data Movement---
All traffic (msg): 1,107,412,340
Arith. Intensity FLOP/Loads: 0.20
Arith. Intensity FLOP/Msgs: 0.03
Arith. Intensity OPS/Loads: 1.64
Arith. Intensity OPS/Msgs: 0.22



===Core Utilization Total=== CORE-S:3;; TIME K cy:300 ;; Nodes Proc: 3,722,811 -- Edges Proc: 0

===PRINTING FRAME STATS

FCollision In Avg:12, SD:2, Max:19, Min:8
FCollision Out Avg:0, SD:0, Max:2, Min:0
FCollision End Avg:0, SD:0, Max:0, Min:0
FTask1 Avg:75, SD:6, Max:86, Min:54
FTask2 Avg:0, SD:0, Max:0, Min:0
FTask3 Avg:25, SD:6, Max:46, Min:14
FCore Active Avg:100, SD:0, Max:100, Min:100
FRouter Active Avg:93, SD:1, Max:96, Min:88
T1 invocations: 353,247
T2 invocations: 0
T3 invocations: 11,257,098
T3b invocations: 0
Total3 invocations: 11,257,098
Total4 invocations: 0

T3/T2 ratio: inf
T3b/T3 ratio: 0

T1 avg ex cycles: 218
T2 avg ex cycles: -nan
T3&b avg ex cycles: 2
T4 avg ex cycles: -nan
Avg. hops NOC1: -nan
Avg. latency NOC1 (T2): -nan
Avg. hops NOC2: 17
Avg. latency NOC2 (T3): 3,619

===PRINTING ACUM STATS at pu_cycles: 400,512

ACollision In Avg:15, SD:2, Max:27, Min:8
ACollision Out Avg:7, SD:2, Max:13, Min:3
ACollision End Avg:0, SD:0, Max:4, Min:0
ATask1 Avg:71, SD:4, Max:80, Min:51
ATask2 Avg:0, SD:0, Max:0, Min:0
ATask3 Avg:29, SD:4, Max:49, Min:20
ACore Active Avg:100, SD:0, Max:100, Min:99
ARouter Active Avg:88, SD:1, Max:91, Min:84
T1 invocations: 1,310,580
T2 invocations: 0
T3 invocations: 41,114,218
T3b invocations: 0
Total3 invocations: 41,114,218
Total4 invocations: 0

T3/T2 ratio: inf
T3b/T3 ratio: 0

T1 avg ex cycles: 221
T2 avg ex cycles: -nan
T3&b avg ex cycles: 3
T4 avg ex cycles: -nan
Avg. hops NOC1: -nan
Avg. latency NOC1 (T2): -nan
Avg. hops NOC2: 17
Avg. latency NOC2 (T3): 3,888
Number of K Nodes Processed: 41,154
Number of K Edges Processed: 41,154
Node Re-explore factor: 9.81
Edge Re-explore factor: 0.32
Nodes/cy: 103
Edges/cy: 103
TEPS: 320

---DCache---
DCache Size: 63,664
DRAM words: 129,408
  DHits: 57,692,053
  DMisses: 2,982,036
  DHit Rate (hit/miss): 95%
  DEvictions: 343,918
  DEviction Rate (evict/misses): 12%
  MC Transactions: 3,202,086
  MC Writes: 172,224
Avg. Transactions: 100% , Writes: 5%, Avg. Latency: 21
Max MC id: 6 of 8. Transactions: 100% , Writes: 5%, MC mean Latency: 21
HBM refresh energy (nJ): 1
HBM access energy (nJ): 6,066,031
MemC wire energy 2.5d (nJ): 2,296,710
MemC wire energy 3d (nJ): 574,178

---Energy---
Leakage Energy (nJ): 70,148
PU Dyn E (nJ): 2,314,975
Mem Dyn E (nJ): 14,405,406
Route Dyn E (nJ): 3,400,994
Dynamic Energy (nJ): 20,121,376
Ratio of Dyn/Leak: 287
Total Energy (nJ): 20,191,524
Total Energy (nJ) 3D: 19,984,019
Cores Energy (nJ): 2,316,091
Route Energy (nJ): 3,404,664
Route Energy (nJ) 3D: 4,919,692
Mem Energy   (nJ): 14,470,770
Mem Energy   (nJ) 3D: 12,748,237
Avg. Power (mW): 50,414.28
Power Density (mW/mm2): 135.35

---Runtime---
Runtime in K cycles: 400.51
Microseconds: 400.51
Time per iteration (ms): 0.40

---Throughput---
GOP/s (aka OPS/ns): 853.74
GOP/s per core: 0.83
GFLOP/s: 103.71
GFLOP/s per core: 0.10
Max Peak GFLOP/s: 1,024.00
Avg. BW GB/s: 3,332.64
Max BW GB/s: 4,096.00

---Traffic---
In-Die bisection_bytes BW (GB/s): 512.00
Inter-board traffic (msg/ns): 0.00, per-link: 0.00
Inter-pack traffic (msg/ns): 0.00, per-link: 0.00
Inter-die traffic (msg/ns): 0.00, per-link: 0.00
Ruche traffic (msg/ns): 0.00, per-link: 0.00
All traffic (msg/ns): 3,790.00, per-link: 3.70
Inter-die reduction wrt all: inf
Inter-board reduction wrt inter-die: -nan

---Data Movement---
All traffic (msg): 1,517,940,092
Arith. Intensity FLOP/Loads: 0.20
Arith. Intensity FLOP/Msgs: 0.03
Arith. Intensity OPS/Loads: 1.64
Arith. Intensity OPS/Msgs: 0.23



===Core Utilization Total=== CORE-S:4;; TIME K cy:400 ;; Nodes Proc: 5,123,691 -- Edges Proc: 0

===PRINTING FRAME STATS

FCollision In Avg:11, SD:2, Max:20, Min:8
FCollision Out Avg:0, SD:0, Max:2, Min:0
FCollision End Avg:0, SD:0, Max:0, Min:0
FTask1 Avg:75, SD:7, Max:86, Min:47
FTask2 Avg:0, SD:0, Max:0, Min:0
FTask3 Avg:25, SD:7, Max:53, Min:14
FCore Active Avg:100, SD:0, Max:100, Min:100
FRouter Active Avg:93, SD:1, Max:96, Min:89
T1 invocations: 351,310
T2 invocations: 0
T3 invocations: 11,186,714
T3b invocations: 0
Total3 invocations: 11,186,714
Total4 invocations: 0

T3/T2 ratio: inf
T3b/T3 ratio: 0

T1 avg ex cycles: 219
T2 avg ex cycles: -nan
T3&b avg ex cycles: 2
T4 avg ex cycles: -nan
Avg. hops NOC1: -nan
Avg. latency NOC1 (T2): -nan
Avg. hops NOC2: 17
Avg. latency NOC2 (T3): 3,641

===PRINTING ACUM STATS at pu_cycles: 500,494

ACollision In Avg:15, SD:2, Max:24, Min:9
ACollision Out Avg:6, SD:1, Max:10, Min:3
ACollision End Avg:0, SD:0, Max:3, Min:0
ATask1 Avg:72, SD:4, Max:82, Min:52
ATask2 Avg:0, SD:0, Max:0, Min:0
ATask3 Avg:28, SD:4, Max:48, Min:18
ACore Active Avg:100, SD:0, Max:100, Min:99
ARouter Active Avg:89, SD:1, Max:92, Min:85
T1 invocations: 1,659,833
T2 invocations: 0
T3 invocations: 52,241,240
T3b invocations: 0
Total3 invocations: 52,241,240
Total4 invocations: 0

T3/T2 ratio: inf
T3b/T3 ratio: 0

T1 avg ex cycles: 220
T2 avg ex cycles: -nan
T3&b avg ex cycles: 3
T4 avg ex cycles: -nan
Avg. hops NOC1: -nan
Avg. latency NOC1 (T2): -nan
Avg. hops NOC2: 17
Avg. latency NOC2 (T3): 3,835
Number of K Nodes Processed: 52,338
Number of K Edges Processed: 52,338
Node Re-explore factor: 12.48
Edge Re-explore factor: 0.41
Nodes/cy: 105
Edges/cy: 105
TEPS: 256

---DCache---
DCache Size: 63,664
DRAM words: 129,408
  DHits: 72,790,141
  DMisses: 3,720,273
  DHit Rate (hit/miss): 95%
  DEvictions: 443,645
  DEviction Rate (evict/misses): 12%
  MC Transactions: 4,001,868
  MC Writes: 222,431
Avg. Transactions: 100% , Writes: 6%, Avg. Latency: 19
Max MC id: 3 of 8. Transactions: 100% , Writes: 6%, MC mean Latency: 19
HBM refresh energy (nJ): 1
HBM access energy (nJ): 7,581,138
MemC wire energy 2.5d (nJ): 2,870,357
MemC wire energy 3d (nJ): 717,589

---Energy---
Leakage Energy (nJ): 87,659
PU Dyn E (nJ): 2,936,316
Mem Dyn E (nJ): 18,117,611
Route Dyn E (nJ): 4,312,284
Dynamic Energy (nJ): 25,366,212
Ratio of Dyn/Leak: 289
Total Energy (nJ): 25,453,871
Total Energy (nJ) 3D: 25,222,079
Cores Energy (nJ): 2,937,709
Route Energy (nJ): 4,316,870
Route Energy (nJ) 3D: 6,237,846
Mem Energy   (nJ): 18,199,291
Mem Energy   (nJ) 3D: 16,046,524
Avg. Power (mW): 50,857.50
Power Density (mW/mm2): 136.54

---Runtime---
Runtime in K cycles: 500.49
Microseconds: 500.49
Time per iteration (ms): 0.50

---Throughput---
GOP/s (aka OPS/ns): 866.69
GOP/s per core: 0.85
GFLOP/s: 105.23
GFLOP/s per core: 0.10
Max Peak GFLOP/s: 1,024.00
Avg. BW GB/s: 3,386.77
Max BW GB/s: 4,096.00

---Traffic---
In-Die bisection_bytes BW (GB/s): 512.00
Inter-board traffic (msg/ns): 0.00, per-link: 0.00
Inter-pack traffic (msg/ns): 0.00, per-link: 0.00
Inter-die traffic (msg/ns): 0.00, per-link: 0.00
Ruche traffic (msg/ns): 0.00, per-link: 0.00
All traffic (msg/ns): 3,842.14, per-link: 3.75
Inter-die reduction wrt all: inf
Inter-board reduction wrt inter-die: -nan

---Data Movement---
All traffic (msg): 1,922,969,324
Arith. Intensity FLOP/Loads: 0.20
Arith. Intensity FLOP/Msgs: 0.03
Arith. Intensity OPS/Loads: 1.63
Arith. Intensity OPS/Msgs: 0.23



===Core Utilization Total=== CORE-S:5;; TIME K cy:500 ;; Nodes Proc: 6,513,710 -- Edges Proc: 0

===PRINTING FRAME STATS

FCollision In Avg:12, SD:2, Max:19, Min:8
FCollision Out Avg:0, SD:0, Max:3, Min:0
FCollision End Avg:0, SD:0, Max:0, Min:0
FTask1 Avg:75, SD:6, Max:86, Min:41
FTask2 Avg:0, SD:0, Max:0, Min:0
FTask3 Avg:25, SD:6, Max:59, Min:14
FCore Active Avg:100, SD:0, Max:100, Min:100
FRouter Active Avg:93, SD:1, Max:96, Min:89
T1 invocations: 354,754
T2 invocations: 0
T3 invocations: 11,296,725
T3b invocations: 0
Total3 invocations: 11,296,725
Total4 invocations: 0

T3/T2 ratio: inf
T3b/T3 ratio: 0

T1 avg ex cycles: 217
T2 avg ex cycles: -nan
T3&b avg ex cycles: 2
T4 avg ex cycles: -nan
Avg. hops NOC1: -nan
Avg. latency NOC1 (T2): -nan
Avg. hops NOC2: 17
Avg. latency NOC2 (T3): 3,608

===PRINTING ACUM STATS at pu_cycles: 600,497

ACollision In Avg:14, SD:2, Max:22, Min:9
ACollision Out Avg:5, SD:1, Max:9, Min:2
ACollision End Avg:0, SD:0, Max:3, Min:0
ATask1 Avg:72, SD:4, Max:80, Min:51
ATask2 Avg:0, SD:0, Max:0, Min:0
ATask3 Avg:28, SD:4, Max:49, Min:20
ACore Active Avg:100, SD:0, Max:100, Min:99
ARouter Active Avg:89, SD:1, Max:92, Min:86
T1 invocations: 2,015,140
T2 invocations: 0
T3 invocations: 63,559,917
T3b invocations: 0
Total3 invocations: 63,559,917
Total4 invocations: 0

T3/T2 ratio: inf
T3b/T3 ratio: 0

T1 avg ex cycles: 220
T2 avg ex cycles: -nan
T3&b avg ex cycles: 3
T4 avg ex cycles: -nan
Avg. hops NOC1: -nan
Avg. latency NOC1 (T2): -nan
Avg. hops NOC2: 17
Avg. latency NOC2 (T3): 3,795
Number of K Nodes Processed: 63,636
Number of K Edges Processed: 63,636
Node Re-explore factor: 15.17
Edge Re-explore factor: 0.50
Nodes/cy: 106
Edges/cy: 106
TEPS: 214

---DCache---
DCache Size: 63,664
DRAM words: 129,408
  DHits: 88,038,039
  DMisses: 4,462,525
  DHit Rate (hit/miss): 95%
  DEvictions: 598,364
  DEviction Rate (evict/misses): 13%
  MC Transactions: 4,801,896
  MC Writes: 268,943
Avg. Transactions: 100% , Writes: 6%, Avg. Latency: 18
Max MC id: 1 of 8. Transactions: 100% , Writes: 6%, MC mean Latency: 18
HBM refresh energy (nJ): 1
HBM access energy (nJ): 9,096,711
MemC wire energy 2.5d (nJ): 3,444,181
MemC wire energy 3d (nJ): 861,045

---Energy---
Leakage Energy (nJ): 105,174
PU Dyn E (nJ): 3,568,211
Mem Dyn E (nJ): 21,856,599
Route Dyn E (nJ): 5,240,447
Dynamic Energy (nJ): 30,665,258
Ratio of Dyn/Leak: 292
Total Energy (nJ): 30,770,432
Total Energy (nJ) 3D: 30,521,737
Cores Energy (nJ): 3,569,883
Route Energy (nJ): 5,245,950
Route Energy (nJ) 3D: 7,580,391
Mem Energy   (nJ): 21,954,600
Mem Energy   (nJ) 3D: 19,371,465
Avg. Power (mW): 51,241.61
Power Density (mW/mm2): 137.57

---Runtime---
Runtime in K cycles: 600.50
Microseconds: 600.50
Time per iteration (ms): 0.60

---Throughput---
GOP/s (aka OPS/ns): 877.90
GOP/s per core: 0.86
GFLOP/s: 106.56
GFLOP/s per core: 0.10
Max Peak GFLOP/s: 1,024.00
Avg. BW GB/s: 3,433.05
Max BW GB/s: 4,096.00

---Traffic---
In-Die bisection_bytes BW (GB/s): 512.00
Inter-board traffic (msg/ns): 0.00, per-link: 0.00
Inter-pack traffic (msg/ns): 0.00, per-link: 0.00
Inter-die traffic (msg/ns): 0.00, per-link: 0.00
Ruche traffic (msg/ns): 0.00, per-link: 0.00
All traffic (msg/ns): 3,888.43, per-link: 3.80
Inter-die reduction wrt all: inf
Inter-board reduction wrt inter-die: -nan

---Data Movement---
All traffic (msg): 2,334,988,638
Arith. Intensity FLOP/Loads: 0.20
Arith. Intensity FLOP/Msgs: 0.03
Arith. Intensity OPS/Loads: 1.63
Arith. Intensity OPS/Msgs: 0.23



===Core Utilization Total=== CORE-S:6;; TIME K cy:600 ;; Nodes Proc: 7,918,022 -- Edges Proc: 0

===PRINTING FRAME STATS

FCollision In Avg:12, SD:2, Max:20, Min:9
FCollision Out Avg:1, SD:0, Max:3, Min:0
FCollision End Avg:0, SD:0, Max:0, Min:0
FTask1 Avg:75, SD:6, Max:86, Min:43
FTask2 Avg:0, SD:0, Max:0, Min:0
FTask3 Avg:25, SD:6, Max:57, Min:14
FCore Active Avg:100, SD:0, Max:100, Min:99
FRouter Active Avg:93, SD:1, Max:95, Min:88
T1 invocations: 356,920
T2 invocations: 0
T3 invocations: 11,351,393
T3b invocations: 0
Total3 invocations: 11,351,393
Total4 invocations: 0

T3/T2 ratio: inf
T3b/T3 ratio: 0

T1 avg ex cycles: 216
T2 avg ex cycles: -nan
T3&b avg ex cycles: 2
T4 avg ex cycles: -nan
Avg. hops NOC1: -nan
Avg. latency NOC1 (T2): -nan
Avg. hops NOC2: 17
Avg. latency NOC2 (T3): 3,585

===PRINTING ACUM STATS at pu_cycles: 700,517

ACollision In Avg:14, SD:2, Max:21, Min:9
ACollision Out Avg:4, SD:1, Max:7, Min:2
ACollision End Avg:0, SD:0, Max:2, Min:0
ATask1 Avg:73, SD:4, Max:80, Min:50
ATask2 Avg:0, SD:0, Max:0, Min:0
ATask3 Avg:27, SD:4, Max:50, Min:20
ACore Active Avg:100, SD:0, Max:100, Min:99
ARouter Active Avg:90, SD:1, Max:93, Min:87
T1 invocations: 2,372,977
T2 invocations: 0
T3 invocations: 74,950,416
T3b invocations: 0
Total3 invocations: 74,950,416
Total4 invocations: 0

T3/T2 ratio: inf
T3b/T3 ratio: 0

T1 avg ex cycles: 219
T2 avg ex cycles: -nan
T3&b avg ex cycles: 3
T4 avg ex cycles: -nan
Avg. hops NOC1: -nan
Avg. latency NOC1 (T2): -nan
Avg. hops NOC2: 17
Avg. latency NOC2 (T3): 3,763
Number of K Nodes Processed: 74,989
Number of K Edges Processed: 74,989
Node Re-explore factor: 17.88
Edge Re-explore factor: 0.58
Nodes/cy: 107
Edges/cy: 107
TEPS: 183

---DCache---
DCache Size: 63,664
DRAM words: 129,408
  DHits: 103,515,956
  DMisses: 5,206,836
  DHit Rate (hit/miss): 95%
  DEvictions: 1,211,899
  DEviction Rate (evict/misses): 23%
  MC Transactions: 5,602,058
  MC Writes: 314,120
Avg. Transactions: 100% , Writes: 6%, Avg. Latency: 17
Max MC id: 4 of 8. Transactions: 100% , Writes: 6%, MC mean Latency: 17
HBM refresh energy (nJ): 1
HBM access energy (nJ): 10,612,538
MemC wire energy 2.5d (nJ): 4,018,101
MemC wire energy 3d (nJ): 1,004,525

---Energy---
Leakage Energy (nJ): 122,692
PU Dyn E (nJ): 4,203,607
Mem Dyn E (nJ): 25,607,985
Route Dyn E (nJ): 6,171,369
Dynamic Energy (nJ): 35,982,961
Ratio of Dyn/Leak: 293
Total Energy (nJ): 36,105,653
Total Energy (nJ) 3D: 35,841,213
Cores Energy (nJ): 4,205,557
Route Energy (nJ): 6,177,788
Route Energy (nJ) 3D: 8,926,923
Mem Energy   (nJ): 25,722,309
Mem Energy   (nJ) 3D: 22,708,734
Avg. Power (mW): 51,541.44
Power Density (mW/mm2): 138.38

---Runtime---
Runtime in K cycles: 700.52
Microseconds: 700.52
Time per iteration (ms): 0.70

---Throughput---
GOP/s (aka OPS/ns): 886.64
GOP/s per core: 0.87
GFLOP/s: 107.59
GFLOP/s per core: 0.11
Max Peak GFLOP/s: 1,024.00
Avg. BW GB/s: 3,469.22
Max BW GB/s: 4,096.00

---Traffic---
In-Die bisection_bytes BW (GB/s): 512.00
Inter-board traffic (msg/ns): 0.00, per-link: 0.00
Inter-pack traffic (msg/ns): 0.00, per-link: 0.00
Inter-die traffic (msg/ns): 0.00, per-link: 0.00
Ruche traffic (msg/ns): 0.00, per-link: 0.00
All traffic (msg/ns): 3,923.15, per-link: 3.83
Inter-die reduction wrt all: inf
Inter-board reduction wrt inter-die: -nan

---Data Movement---
All traffic (msg): 2,748,235,052
Arith. Intensity FLOP/Loads: 0.20
Arith. Intensity FLOP/Msgs: 0.03
Arith. Intensity OPS/Loads: 1.63
Arith. Intensity OPS/Msgs: 0.23



===Core Utilization Total=== CORE-S:7;; TIME K cy:700 ;; Nodes Proc: 9,330,149 -- Edges Proc: 0

===PRINTING FRAME STATS

FCollision In Avg:12, SD:2, Max:19, Min:8
FCollision Out Avg:0, SD:0, Max:2, Min:0
FCollision End Avg:0, SD:0, Max:0, Min:0
FTask1 Avg:75, SD:6, Max:86, Min:52
FTask2 Avg:0, SD:0, Max:0, Min:0
FTask3 Avg:25, SD:6, Max:48, Min:14
FCore Active Avg:100, SD:0, Max:100, Min:100
FRouter Active Avg:93, SD:1, Max:96, Min:90
T1 invocations: 352,517
T2 invocations: 0
T3 invocations: 11,235,377
T3b invocations: 0
Total3 invocations: 11,235,377
Total4 invocations: 0

T3/T2 ratio: inf
T3b/T3 ratio: 0

T1 avg ex cycles: 218
T2 avg ex cycles: -nan
T3&b avg ex cycles: 2
T4 avg ex cycles: -nan
Avg. hops NOC1: -nan
Avg. latency NOC1 (T2): -nan
Avg. hops NOC2: 17
Avg. latency NOC2 (T3): 3,625

===PRINTING ACUM STATS at pu_cycles: 800,494

ACollision In Avg:14, SD:1, Max:20, Min:9
ACollision Out Avg:4, SD:1, Max:7, Min:2
ACollision End Avg:0, SD:0, Max:2, Min:0
ATask1 Avg:73, SD:4, Max:81, Min:51
ATask2 Avg:0, SD:0, Max:0, Min:0
ATask3 Avg:27, SD:4, Max:49, Min:19
ACore Active Avg:100, SD:0, Max:100, Min:99
ARouter Active Avg:90, SD:1, Max:93, Min:87
T1 invocations: 2,722,027
T2 invocations: 0
T3 invocations: 86,077,536
T3b invocations: 0
Total3 invocations: 86,077,536
Total4 invocations: 0

T3/T2 ratio: inf
T3b/T3 ratio: 0

T1 avg ex cycles: 219
T2 avg ex cycles: -nan
T3&b avg ex cycles: 3
T4 avg ex cycles: -nan
Avg. hops NOC1: -nan
Avg. latency NOC1 (T2): -nan
Avg. hops NOC2: 17
Avg. latency NOC2 (T3): 3,745
Number of K Nodes Processed: 86,221
Number of K Edges Processed: 86,221
Node Re-explore factor: 20.56
Edge Re-explore factor: 0.67
Nodes/cy: 108
Edges/cy: 108
TEPS: 160

---DCache---
DCache Size: 63,664
DRAM words: 129,408
  DHits: 119,092,733
  DMisses: 5,948,121
  DHit Rate (hit/miss): 95%
  DEvictions: 1,936,407
  DEviction Rate (evict/misses): 33%
  MC Transactions: 6,401,845
  MC Writes: 362,797
Avg. Transactions: 100% , Writes: 6%, Avg. Latency: 16
Max MC id: 0 of 8. Transactions: 100% , Writes: 6%, MC mean Latency: 16
HBM refresh energy (nJ): 2
HBM access energy (nJ): 12,127,655
MemC wire energy 2.5d (nJ): 4,591,751
MemC wire energy 3d (nJ): 1,147,938

---Energy---
Leakage Energy (nJ): 140,203
PU Dyn E (nJ): 4,824,781
Mem Dyn E (nJ): 29,327,100
Route Dyn E (nJ): 7,081,928
Dynamic Energy (nJ): 41,233,810
Ratio of Dyn/Leak: 294
Total Energy (nJ): 41,374,013
Total Energy (nJ) 3D: 41,084,958
Cores Energy (nJ): 4,827,009
Route Energy (nJ): 7,089,263
Route Energy (nJ) 3D: 10,244,021
Mem Energy   (nJ): 29,457,741
Mem Energy   (nJ) 3D: 26,013,928
Avg. Power (mW): 51,685.60
Power Density (mW/mm2): 138.76

---Runtime---
Runtime in K cycles: 800.49
Microseconds: 800.49
Time per iteration (ms): 0.80

---Throughput---
GOP/s (aka OPS/ns): 890.61
GOP/s per core: 0.87
GFLOP/s: 108.06
GFLOP/s per core: 0.11
Max Peak GFLOP/s: 1,024.00
Avg. BW GB/s: 3,485.99
Max BW GB/s: 4,096.00

---Traffic---
In-Die bisection_bytes BW (GB/s): 512.00
Inter-board traffic (msg/ns): 0.00, per-link: 0.00
Inter-pack traffic (msg/ns): 0.00, per-link: 0.00
Inter-die traffic (msg/ns): 0.00, per-link: 0.00
Ruche traffic (msg/ns): 0.00, per-link: 0.00
All traffic (msg/ns): 3,938.79, per-link: 3.85
Inter-die reduction wrt all: inf
Inter-board reduction wrt inter-die: -nan

---Data Movement---
All traffic (msg): 3,152,978,767
Arith. Intensity FLOP/Loads: 0.20
Arith. Intensity FLOP/Msgs: 0.03
Arith. Intensity OPS/Loads: 1.63
Arith. Intensity OPS/Msgs: 0.23



===Core Utilization Total=== CORE-S:8;; TIME K cy:800 ;; Nodes Proc: 10,727,725 -- Edges Proc: 0

===PRINTING FRAME STATS

FCollision In Avg:12, SD:2, Max:22, Min:8
FCollision Out Avg:1, SD:0, Max:3, Min:0
FCollision End Avg:0, SD:0, Max:0, Min:0
FTask1 Avg:75, SD:6, Max:86, Min:50
FTask2 Avg:0, SD:0, Max:0, Min:0
FTask3 Avg:25, SD:6, Max:50, Min:14
FCore Active Avg:100, SD:0, Max:100, Min:99
FRouter Active Avg:93, SD:1, Max:96, Min:88
T1 invocations: 353,797
T2 invocations: 0
T3 invocations: 11,250,961
T3b invocations: 0
Total3 invocations: 11,250,961
Total4 invocations: 0

T3/T2 ratio: inf
T3b/T3 ratio: 0

T1 avg ex cycles: 218
T2 avg ex cycles: -nan
T3&b avg ex cycles: 2
T4 avg ex cycles: -nan
Avg. hops NOC1: -nan
Avg. latency NOC1 (T2): -nan
Avg. hops NOC2: 17
Avg. latency NOC2 (T3): 3,621

===PRINTING ACUM STATS at pu_cycles: 900,490

ACollision In Avg:13, SD:1, Max:19, Min:9
ACollision Out Avg:3, SD:1, Max:6, Min:2
ACollision End Avg:0, SD:0, Max:2, Min:0
ATask1 Avg:73, SD:4, Max:82, Min:51
ATask2 Avg:0, SD:0, Max:0, Min:0
ATask3 Avg:27, SD:4, Max:49, Min:18
ACore Active Avg:100, SD:0, Max:100, Min:99
ARouter Active Avg:90, SD:1, Max:93, Min:88
T1 invocations: 3,076,198
T2 invocations: 0
T3 invocations: 97,333,923
T3b invocations: 0
Total3 invocations: 97,333,923
Total4 invocations: 0

T3/T2 ratio: inf
T3b/T3 ratio: 0

T1 avg ex cycles: 219
T2 avg ex cycles: -nan
T3&b avg ex cycles: 3
T4 avg ex cycles: -nan
Avg. hops NOC1: -nan
Avg. latency NOC1 (T2): -nan
Avg. hops NOC2: 17
Avg. latency NOC2 (T3): 3,731
Number of K Nodes Processed: 97,474
Number of K Edges Processed: 97,474
Node Re-explore factor: 23.24
Edge Re-explore factor: 0.76
Nodes/cy: 108
Edges/cy: 108
TEPS: 142

---DCache---
DCache Size: 63,664
DRAM words: 129,408
  DHits: 134,555,790
  DMisses: 6,690,103
  DHit Rate (hit/miss): 95%
  DEvictions: 2,665,581
  DEviction Rate (evict/misses): 40%
  MC Transactions: 7,201,808
  MC Writes: 410,719
Avg. Transactions: 100% , Writes: 6%, Avg. Latency: 15
Max MC id: 6 of 8. Transactions: 100% , Writes: 6%, MC mean Latency: 16
HBM refresh energy (nJ): 2
HBM access energy (nJ): 13,643,105
MemC wire energy 2.5d (nJ): 5,165,528
MemC wire energy 3d (nJ): 1,291,382

---Energy---
Leakage Energy (nJ): 157,717
PU Dyn E (nJ): 5,453,854
Mem Dyn E (nJ): 33,061,679
Route Dyn E (nJ): 8,001,678
Dynamic Energy (nJ): 46,517,212
Ratio of Dyn/Leak: 295
Total Energy (nJ): 46,674,929
Total Energy (nJ) 3D: 46,365,258
Cores Energy (nJ): 5,456,361
Route Energy (nJ): 8,009,929
Route Energy (nJ) 3D: 11,574,405
Mem Energy   (nJ): 33,208,639
Mem Energy   (nJ) 3D: 29,334,493
Avg. Power (mW): 51,832.81
Power Density (mW/mm2): 139.16

---Runtime---
Runtime in K cycles: 900.49
Microseconds: 900.49
Time per iteration (ms): 0.90

---Throughput---
GOP/s (aka OPS/ns): 894.96
GOP/s per core: 0.87
GFLOP/s: 108.58
GFLOP/s per core: 0.11
Max Peak GFLOP/s: 1,024.00
Avg. BW GB/s: 3,503.75
Max BW GB/s: 4,096.00

---Traffic---
In-Die bisection_bytes BW (GB/s): 512.00
Inter-board traffic (msg/ns): 0.00, per-link: 0.00
Inter-pack traffic (msg/ns): 0.00, per-link: 0.00
Inter-die traffic (msg/ns): 0.00, per-link: 0.00
Ruche traffic (msg/ns): 0.00, per-link: 0.00
All traffic (msg/ns): 3,955.16, per-link: 3.86
Inter-die reduction wrt all: inf
Inter-board reduction wrt inter-die: -nan

---Data Movement---
All traffic (msg): 3,561,581,140
Arith. Intensity FLOP/Loads: 0.20
Arith. Intensity FLOP/Msgs: 0.03
Arith. Intensity OPS/Loads: 1.63
Arith. Intensity OPS/Msgs: 0.23



===Core Utilization Total=== CORE-S:9;; TIME K cy:900 ;; Nodes Proc: 12,127,982 -- Edges Proc: 0

===PRINTING FRAME STATS

FCollision In Avg:12, SD:2, Max:21, Min:8
FCollision Out Avg:1, SD:0, Max:3, Min:0
FCollision End Avg:0, SD:0, Max:0, Min:0
FTask1 Avg:75, SD:6, Max:86, Min:48
FTask2 Avg:0, SD:0, Max:0, Min:0
FTask3 Avg:25, SD:6, Max:52, Min:14
FCore Active Avg:100, SD:0, Max:100, Min:99
FRouter Active Avg:93, SD:1, Max:96, Min:88
T1 invocations: 354,540
T2 invocations: 0
T3 invocations: 11,271,363
T3b invocations: 0
Total3 invocations: 11,271,363
Total4 invocations: 0

T3/T2 ratio: inf
T3b/T3 ratio: 0

T1 avg ex cycles: 217
T2 avg ex cycles: -nan
T3&b avg ex cycles: 2
T4 avg ex cycles: -nan
Avg. hops NOC1: -nan
Avg. latency NOC1 (T2): -nan
Avg. hops NOC2: 17
Avg. latency NOC2 (T3): 3,612

===PRINTING ACUM STATS at pu_cycles: 1,000,504

ACollision In Avg:13, SD:1, Max:18, Min:9
ACollision Out Avg:3, SD:1, Max:5, Min:2
ACollision End Avg:0, SD:0, Max:2, Min:0
ATask1 Avg:73, SD:4, Max:82, Min:51
ATask2 Avg:0, SD:0, Max:0, Min:0
ATask3 Avg:27, SD:4, Max:49, Min:18
ACore Active Avg:100, SD:0, Max:100, Min:99
ARouter Active Avg:91, SD:1, Max:93, Min:88
T1 invocations: 3,429,401
T2 invocations: 0
T3 invocations: 108,579,895
T3b invocations: 0
Total3 invocations: 108,579,895
Total4 invocations: 0

T3/T2 ratio: inf
T3b/T3 ratio: 0

T1 avg ex cycles: 219
T2 avg ex cycles: -nan
T3&b avg ex cycles: 3
T4 avg ex cycles: -nan
Avg. hops NOC1: -nan
Avg. latency NOC1 (T2): -nan
Avg. hops NOC2: 17
Avg. latency NOC2 (T3): 3,718
Number of K Nodes Processed: 108,746
Number of K Edges Processed: 108,746
Node Re-explore factor: 25.93
Edge Re-explore factor: 0.85
Nodes/cy: 109
Edges/cy: 109
TEPS: 128

---DCache---
DCache Size: 63,664
DRAM words: 129,408
  DHits: 150,147,424
  DMisses: 7,432,691
  DHit Rate (hit/miss): 95%
  DEvictions: 3,395,577
  DEviction Rate (evict/misses): 46%
  MC Transactions: 8,001,930
  MC Writes: 458,461
Avg. Transactions: 100% , Writes: 6%, Avg. Latency: 15
Max MC id: 7 of 8. Transactions: 100% , Writes: 6%, MC mean Latency: 15
HBM refresh energy (nJ): 2
HBM access energy (nJ): 15,158,856
MemC wire energy 2.5d (nJ): 5,739,419
MemC wire energy 3d (nJ): 1,434,855

---Energy---
Leakage Energy (nJ): 175,234
PU Dyn E (nJ): 6,081,232
Mem Dyn E (nJ): 36,796,520
Route Dyn E (nJ): 8,923,653
Dynamic Energy (nJ): 51,801,406
Ratio of Dyn/Leak: 296
Total Energy (nJ): 51,976,640
Total Energy (nJ) 3D: 51,647,259
Cores Energy (nJ): 6,084,016
Route Energy (nJ): 8,932,821
Route Energy (nJ) 3D: 12,908,005
Mem Energy   (nJ): 36,959,803
Mem Energy   (nJ) 3D: 32,655,238
Avg. Power (mW): 51,950.46
Power Density (mW/mm2): 139.47

---Runtime---
Runtime in K cycles: 1,000.50
Microseconds: 1,000.50
Time per iteration (ms): 1.00

---Throughput---
GOP/s (aka OPS/ns): 898.19
GOP/s per core: 0.88
GFLOP/s: 108.95
GFLOP/s per core: 0.11
Max Peak GFLOP/s: 1,024.00
Avg. BW GB/s: 3,517.36
Max BW GB/s: 4,096.00

---Traffic---
In-Die bisection_bytes BW (GB/s): 512.00
Inter-board traffic (msg/ns): 0.00, per-link: 0.00
Inter-pack traffic (msg/ns): 0.00, per-link: 0.00
Inter-die traffic (msg/ns): 0.00, per-link: 0.00
Ruche traffic (msg/ns): 0.00, per-link: 0.00
All traffic (msg/ns): 3,969.04, per-link: 3.88
Inter-die reduction wrt all: inf
Inter-board reduction wrt inter-die: -nan

---Data Movement---
All traffic (msg): 3,971,038,278
Arith. Intensity FLOP/Loads: 0.20
Arith. Intensity FLOP/Msgs: 0.03
Arith. Intensity OPS/Loads: 1.63
Arith. Intensity OPS/Msgs: 0.23



===Core Utilization Total=== CORE-S:10;; TIME K cy:1,000 ;; Nodes Proc: 13,530,382 -- Edges Proc: 0

===PRINTING FRAME STATS

FCollision In Avg:11, SD:2, Max:21, Min:7
FCollision Out Avg:0, SD:0, Max:2, Min:0
FCollision End Avg:0, SD:0, Max:0, Min:0
FTask1 Avg:74, SD:8, Max:84, Min:30
FTask2 Avg:0, SD:0, Max:0, Min:0
FTask3 Avg:25, SD:6, Max:48, Min:14
FCore Active Avg:98, SD:6, Max:100, Min:50
FRouter Active Avg:92, SD:1, Max:96, Min:88
T1 invocations: 349,166
T2 invocations: 0
T3 invocations: 11,180,171
T3b invocations: 0
Total3 invocations: 11,180,171
Total4 invocations: 0

T3/T2 ratio: inf
T3b/T3 ratio: 0

T1 avg ex cycles: 216
T2 avg ex cycles: -nan
T3&b avg ex cycles: 2
T4 avg ex cycles: -nan
Avg. hops NOC1: -nan
Avg. latency NOC1 (T2): -nan
Avg. hops NOC2: 17
Avg. latency NOC2 (T3): 3,579

===PRINTING ACUM STATS at pu_cycles: 1,100,418

ACollision In Avg:13, SD:1, Max:17, Min:9
ACollision Out Avg:3, SD:1, Max:5, Min:1
ACollision End Avg:0, SD:0, Max:2, Min:0
ATask1 Avg:73, SD:4, Max:80, Min:52
ATask2 Avg:0, SD:0, Max:0, Min:0
ATask3 Avg:26, SD:4, Max:48, Min:18
ACore Active Avg:100, SD:1, Max:100, Min:95
ARouter Active Avg:91, SD:1, Max:94, Min:88
T1 invocations: 3,778,765
T2 invocations: 0
T3 invocations: 119,757,003
T3b invocations: 0
Total3 invocations: 119,757,003
Total4 invocations: 0

T3/T2 ratio: inf
T3b/T3 ratio: 0

T1 avg ex cycles: 219
T2 avg ex cycles: -nan
T3&b avg ex cycles: 2
T4 avg ex cycles: -nan
Avg. hops NOC1: -nan
Avg. latency NOC1 (T2): -nan
Avg. hops NOC2: 17
Avg. latency NOC2 (T3): 3,706
Number of K Nodes Processed: 119,921
Number of K Edges Processed: 119,921
Node Re-explore factor: 28.59
Edge Re-explore factor: 0.93
Nodes/cy: 109
Edges/cy: 109
TEPS: 117

---DCache---
DCache Size: 63,664
DRAM words: 129,408
  DHits: 165,773,382
  DMisses: 8,170,919
  DHit Rate (hit/miss): 95%
  DEvictions: 4,121,597
  DEviction Rate (evict/misses): 50%
  MC Transactions: 8,800,960
  MC Writes: 509,994
Avg. Transactions: 100% , Writes: 6%, Avg. Latency: 15
Max MC id: 4 of 8. Transactions: 100% , Writes: 6%, MC mean Latency: 15
HBM refresh energy (nJ): 3
HBM access energy (nJ): 16,672,538
MemC wire energy 2.5d (nJ): 6,312,527
MemC wire energy 3d (nJ): 1,578,132

---Energy---
Leakage Energy (nJ): 192,733
PU Dyn E (nJ): 6,703,197
Mem Dyn E (nJ): 40,519,285
Route Dyn E (nJ): 9,834,433
Dynamic Energy (nJ): 57,056,916
Ratio of Dyn/Leak: 296
Total Energy (nJ): 57,249,649
Total Energy (nJ) 3D: 56,896,159
Cores Energy (nJ): 6,706,260
Route Energy (nJ): 9,844,516
Route Energy (nJ) 3D: 14,225,421
Mem Energy   (nJ): 40,698,873
Mem Energy   (nJ) 3D: 35,964,478
Avg. Power (mW): 52,025.37
Power Density (mW/mm2): 139.68

---Runtime---
Runtime in K cycles: 1,100.42
Microseconds: 1,100.42
Time per iteration (ms): 1.10

---Throughput---
GOP/s (aka OPS/ns): 900.21
GOP/s per core: 0.88
GFLOP/s: 109.18
GFLOP/s per core: 0.11
Max Peak GFLOP/s: 1,024.00
Avg. BW GB/s: 3,526.54
Max BW GB/s: 4,096.00

---Traffic---
In-Die bisection_bytes BW (GB/s): 512.00
Inter-board traffic (msg/ns): 0.00, per-link: 0.00
Inter-pack traffic (msg/ns): 0.00, per-link: 0.00
Inter-die traffic (msg/ns): 0.00, per-link: 0.00
Ruche traffic (msg/ns): 0.00, per-link: 0.00
All traffic (msg/ns): 3,976.62, per-link: 3.88
Inter-die reduction wrt all: inf
Inter-board reduction wrt inter-die: -nan

---Data Movement---
All traffic (msg): 4,375,943,216
Arith. Intensity FLOP/Loads: 0.20
Arith. Intensity FLOP/Msgs: 0.03
Arith. Intensity OPS/Loads: 1.63
Arith. Intensity OPS/Msgs: 0.23



===Core Utilization Total=== CORE-S:11;; TIME K cy:1,100 ;; Nodes Proc: 14,920,456 -- Edges Proc: 0

===PRINTING FRAME STATS

FCollision In Avg:5, SD:2, Max:11, Min:2
FCollision Out Avg:0, SD:0, Max:1, Min:0
FCollision End Avg:0, SD:0, Max:0, Min:0
FTask1 Avg:44, SD:30, Max:88, Min:0
FTask2 Avg:0, SD:0, Max:0, Min:0
FTask3 Avg:14, SD:2, Max:29, Min:9
FCore Active Avg:59, SD:31, Max:100, Min:9
FRouter Active Avg:72, SD:4, Max:86, Min:59
T1 invocations: 220,523
T2 invocations: 0
T3 invocations: 7,321,112
T3b invocations: 0
Total3 invocations: 7,321,112
Total4 invocations: 0

T3/T2 ratio: inf
T3b/T3 ratio: 0

T1 avg ex cycles: 205
T2 avg ex cycles: -nan
T3&b avg ex cycles: 2
T4 avg ex cycles: -nan
Avg. hops NOC1: -nan
Avg. latency NOC1 (T2): -nan
Avg. hops NOC2: 16
Avg. latency NOC2 (T3): 2,980

===PRINTING ACUM STATS at pu_cycles: 1,200,487

ACollision In Avg:12, SD:1, Max:16, Min:9
ACollision Out Avg:3, SD:1, Max:5, Min:1
ACollision End Avg:0, SD:0, Max:1, Min:0
ATask1 Avg:71, SD:2, Max:78, Min:53
ATask2 Avg:0, SD:0, Max:0, Min:0
ATask3 Avg:25, SD:4, Max:47, Min:17
ACore Active Avg:96, SD:3, Max:100, Min:88
ARouter Active Avg:89, SD:1, Max:92, Min:86
T1 invocations: 4,003,223
T2 invocations: 0
T3 invocations: 127,220,363
T3b invocations: 0
Total3 invocations: 127,220,363
Total4 invocations: 0

T3/T2 ratio: inf
T3b/T3 ratio: 0

T1 avg ex cycles: 218
T2 avg ex cycles: -nan
T3&b avg ex cycles: 2
T4 avg ex cycles: -nan
Avg. hops NOC1: -nan
Avg. latency NOC1 (T2): -nan
Avg. hops NOC2: 17
Avg. latency NOC2 (T3): 3,664
Number of K Nodes Processed: 127,227
Number of K Edges Processed: 127,227
Node Re-explore factor: 30.33
Edge Re-explore factor: 0.99
Nodes/cy: 106
Edges/cy: 106
TEPS: 107

---DCache---
DCache Size: 63,664
DRAM words: 129,408
  DHits: 177,428,283
  DMisses: 8,633,106
  DHit Rate (hit/miss): 95%
  DEvictions: 4,581,289
  DEviction Rate (evict/misses): 53%
  MC Transactions: 9,289,828
  MC Writes: 534,261
Avg. Transactions: 97% , Writes: 6%, Avg. Latency: 14
Max MC id: 4 of 8. Transactions: 97% , Writes: 6%, MC mean Latency: 14
HBM refresh energy (nJ): 3
HBM access energy (nJ): 17,598,650
MemC wire energy 2.5d (nJ): 6,663,170
MemC wire energy 3d (nJ): 1,665,792

---Energy---
Leakage Energy (nJ): 210,260
PU Dyn E (nJ): 7,105,435
Mem Dyn E (nJ): 42,897,195
Route Dyn E (nJ): 10,418,827
Dynamic Energy (nJ): 60,421,456
Ratio of Dyn/Leak: 287
Total Energy (nJ): 60,631,716
Total Energy (nJ) 3D: 60,275,572
Cores Energy (nJ): 7,108,776
Route Energy (nJ): 10,429,826
Route Energy (nJ) 3D: 15,071,059
Mem Energy   (nJ): 43,093,114
Mem Energy   (nJ) 3D: 38,095,737
Avg. Power (mW): 50,505.93
Power Density (mW/mm2): 135.60

---Runtime---
Runtime in K cycles: 1,200.49
Microseconds: 1,200.49
Time per iteration (ms): 1.20

---Throughput---
GOP/s (aka OPS/ns): 874.87
GOP/s per core: 0.85
GFLOP/s: 106.04
GFLOP/s per core: 0.10
Max Peak GFLOP/s: 1,024.00
Avg. BW GB/s: 3,431.71
Max BW GB/s: 4,096.00

---Traffic---
In-Die bisection_bytes BW (GB/s): 512.00
Inter-board traffic (msg/ns): 0.00, per-link: 0.00
Inter-pack traffic (msg/ns): 0.00, per-link: 0.00
Inter-die traffic (msg/ns): 0.00, per-link: 0.00
Ruche traffic (msg/ns): 0.00, per-link: 0.00
All traffic (msg/ns): 3,861.39, per-link: 3.77
Inter-die reduction wrt all: inf
Inter-board reduction wrt inter-die: -nan

---Data Movement---
All traffic (msg): 4,635,544,212
Arith. Intensity FLOP/Loads: 0.20
Arith. Intensity FLOP/Msgs: 0.03
Arith. Intensity OPS/Loads: 1.63
Arith. Intensity OPS/Msgs: 0.23



===Core Utilization Total=== CORE-S:12;; TIME K cy:1,200 ;; Nodes Proc: 15,830,304 -- Edges Proc: 0
======== IT IS COLD ======= Only 29 Tiles active

===PRINTING FRAME STATS

FCollision In Avg:0, SD:1, Max:8, Min:0
FCollision Out Avg:0, SD:0, Max:0, Min:0
FCollision End Avg:0, SD:0, Max:0, Min:0
FTask1 Avg:6, SD:17, Max:98, Min:0
FTask2 Avg:0, SD:0, Max:0, Min:0
FTask3 Avg:2, SD:2, Max:29, Min:1
FCore Active Avg:8, SD:18, Max:100, Min:1
FRouter Active Avg:15, SD:7, Max:85, Min:7
T1 invocations: 29,090
T2 invocations: 0
T3 invocations: 1,098,193
T3b invocations: 0
Total3 invocations: 1,098,193
Total4 invocations: 0

T3/T2 ratio: inf
T3b/T3 ratio: 0

T1 avg ex cycles: 216
T2 avg ex cycles: -nan
T3&b avg ex cycles: 2
T4 avg ex cycles: -nan
Avg. hops NOC1: -nan
Avg. latency NOC1 (T2): -nan
Avg. hops NOC2: 15
Avg. latency NOC2 (T3): 2,685

===PRINTING ACUM STATS at pu_cycles: 1,300,273

ACollision In Avg:11, SD:1, Max:15, Min:8
ACollision Out Avg:2, SD:0, Max:4, Min:1
ACollision End Avg:0, SD:0, Max:1, Min:0
ATask1 Avg:66, SD:2, Max:75, Min:53
ATask2 Avg:0, SD:0, Max:0, Min:0
ATask3 Avg:24, SD:3, Max:47, Min:16
ACore Active Avg:90, SD:4, Max:100, Min:82
ARouter Active Avg:83, SD:1, Max:92, Min:80
T1 invocations: 4,028,936
T2 invocations: 0
T3 invocations: 128,217,180
T3b invocations: 0
Total3 invocations: 128,217,180
Total4 invocations: 0

T3/T2 ratio: inf
T3b/T3 ratio: 0

T1 avg ex cycles: 218
T2 avg ex cycles: -nan
T3&b avg ex cycles: 2
T4 avg ex cycles: -nan
Avg. hops NOC1: -nan
Avg. latency NOC1 (T2): -nan
Avg. hops NOC2: 17
Avg. latency NOC2 (T3): 3,656
Number of K Nodes Processed: 128,230
Number of K Edges Processed: 128,230
Node Re-explore factor: 30.57
Edge Re-explore factor: 1.00
Nodes/cy: 99
Edges/cy: 99
TEPS: 99

---DCache---
DCache Size: 63,664
DRAM words: 129,408
  DHits: 179,261,353
  DMisses: 8,694,865
  DHit Rate (hit/miss): 95%
  DEvictions: 4,643,038
  DEviction Rate (evict/misses): 53%
  MC Transactions: 9,355,235
  MC Writes: 537,877
Avg. Transactions: 90% , Writes: 5%, Avg. Latency: 14
Max MC id: 7 of 8. Transactions: 90% , Writes: 5%, MC mean Latency: 14
HBM refresh energy (nJ): 3
HBM access energy (nJ): 17,722,557
MemC wire energy 2.5d (nJ): 6,710,083
MemC wire energy 3d (nJ): 1,677,521

---Energy---
Leakage Energy (nJ): 227,737
PU Dyn E (nJ): 7,152,819
Mem Dyn E (nJ): 43,214,964
Route Dyn E (nJ): 10,492,937
Dynamic Energy (nJ): 60,860,720
Ratio of Dyn/Leak: 267
Total Energy (nJ): 61,088,457
Total Energy (nJ) 3D: 60,730,141
Cores Energy (nJ): 7,156,438
Route Energy (nJ): 10,504,851
Route Energy (nJ) 3D: 15,179,097
Mem Energy   (nJ): 43,427,169
Mem Energy   (nJ) 3D: 38,394,606
Avg. Power (mW): 46,981.25
Power Density (mW/mm2): 126.13

---Runtime---
Runtime in K cycles: 1,300.27
Microseconds: 1,300.27
Time per iteration (ms): 1.30

---Throughput---
GOP/s (aka OPS/ns): 813.20
GOP/s per core: 0.79
GFLOP/s: 98.53
GFLOP/s per core: 0.10
Max Peak GFLOP/s: 1,024.00
Avg. BW GB/s: 3,192.04
Max BW GB/s: 4,096.00

---Traffic---
In-Die bisection_bytes BW (GB/s): 512.00
Inter-board traffic (msg/ns): 0.00, per-link: 0.00
Inter-pack traffic (msg/ns): 0.00, per-link: 0.00
Inter-die traffic (msg/ns): 0.00, per-link: 0.00
Ruche traffic (msg/ns): 0.00, per-link: 0.00
All traffic (msg/ns): 3,590.54, per-link: 3.51
Inter-die reduction wrt all: inf
Inter-board reduction wrt inter-die: -nan

---Data Movement---
All traffic (msg): 4,668,678,901
Arith. Intensity FLOP/Loads: 0.20
Arith. Intensity FLOP/Msgs: 0.03
Arith. Intensity OPS/Loads: 1.63
Arith. Intensity OPS/Msgs: 0.23



===Core Utilization Total=== CORE-S:13;; TIME K cy:1,300 ;; Nodes Proc: 15,955,395 -- Edges Proc: 0
======== IT IS COLD ======= Only 2 Tiles active

===PRINTING FRAME STATS

FCollision In Avg:0, SD:0, Max:1, Min:0
FCollision Out Avg:0, SD:0, Max:0, Min:0
FCollision End Avg:0, SD:0, Max:0, Min:0
FTask1 Avg:5, SD:16, Max:98, Min:0
FTask2 Avg:0, SD:0, Max:0, Min:0
FTask3 Avg:2, SD:1, Max:5, Min:0
FCore Active Avg:6, SD:16, Max:100, Min:0
FRouter Active Avg:11, SD:7, Max:31, Min:0
T1 invocations: 21,448
T2 invocations: 0
T3 invocations: 777,090
T3b invocations: 0
Total3 invocations: 777,090
Total4 invocations: 0

T3/T2 ratio: inf
T3b/T3 ratio: 0

T1 avg ex cycles: 219
T2 avg ex cycles: -nan
T3&b avg ex cycles: 2
T4 avg ex cycles: -nan
Avg. hops NOC1: -nan
Avg. latency NOC1 (T2): -nan
Avg. hops NOC2: 15
Avg. latency NOC2 (T3): 2,719

===PRINTING ACUM STATS at pu_cycles: 1,400,186

ACollision In Avg:11, SD:1, Max:15, Min:8
ACollision Out Avg:2, SD:0, Max:4, Min:1
ACollision End Avg:0, SD:0, Max:1, Min:0
ATask1 Avg:65, SD:3, Max:75, Min:57
ATask2 Avg:0, SD:0, Max:0, Min:0
ATask3 Avg:23, SD:3, Max:43, Min:16
ACore Active Avg:88, SD:4, Max:100, Min:77
ARouter Active Avg:82, SD:3, Max:87, Min:75
T1 invocations: 4,032,828
T2 invocations: 0
T3 invocations: 128,248,282
T3b invocations: 0
Total3 invocations: 128,248,282
Total4 invocations: 0

T3/T2 ratio: inf
T3b/T3 ratio: 0

T1 avg ex cycles: 218
T2 avg ex cycles: -nan
T3&b avg ex cycles: 2
T4 avg ex cycles: -nan
Avg. hops NOC1: -nan
Avg. latency NOC1 (T2): -nan
Avg. hops NOC2: 17
Avg. latency NOC2 (T3): 3,657
Number of K Nodes Processed: 128,302
Number of K Edges Processed: 128,302
Node Re-explore factor: 30.59
Edge Re-explore factor: 1.00
Nodes/cy: 92
Edges/cy: 92
TEPS: 92

---DCache---
DCache Size: 63,664
DRAM words: 129,408
  DHits: 179,395,463
  DMisses: 8,699,426
  DHit Rate (hit/miss): 95%
  DEvictions: 4,647,599
  DEviction Rate (evict/misses): 53%
  MC Transactions: 9,360,084
  MC Writes: 538,165
Avg. Transactions: 84% , Writes: 5%, Avg. Latency: 14
Max MC id: 7 of 8. Transactions: 84% , Writes: 5%, MC mean Latency: 14
HBM refresh energy (nJ): 3
HBM access energy (nJ): 17,731,743
MemC wire energy 2.5d (nJ): 6,713,561
MemC wire energy 3d (nJ): 1,678,390

---Energy---
Leakage Energy (nJ): 245,236
PU Dyn E (nJ): 7,158,917
Mem Dyn E (nJ): 43,236,386
Route Dyn E (nJ): 10,495,661
Dynamic Energy (nJ): 60,890,964
Ratio of Dyn/Leak: 248
Total Energy (nJ): 61,136,200
Total Energy (nJ) 3D: 60,776,489
Cores Energy (nJ): 7,162,814
Route Energy (nJ): 10,508,490
Route Energy (nJ) 3D: 15,183,950
Mem Energy   (nJ): 43,464,896
Mem Energy   (nJ) 3D: 38,429,725
Avg. Power (mW): 43,662.91
Power Density (mW/mm2): 117.22

---Runtime---
Runtime in K cycles: 1,400.19
Microseconds: 1,400.19
Time per iteration (ms): 1.40

---Throughput---
GOP/s (aka OPS/ns): 755.77
GOP/s per core: 0.74
GFLOP/s: 91.59
GFLOP/s per core: 0.09
Max Peak GFLOP/s: 1,024.00
Avg. BW GB/s: 2,965.54
Max BW GB/s: 4,096.00

---Traffic---
In-Die bisection_bytes BW (GB/s): 512.00
Inter-board traffic (msg/ns): 0.00, per-link: 0.00
Inter-pack traffic (msg/ns): 0.00, per-link: 0.00
Inter-die traffic (msg/ns): 0.00, per-link: 0.00
Ruche traffic (msg/ns): 0.00, per-link: 0.00
All traffic (msg/ns): 3,335.25, per-link: 3.26
Inter-die reduction wrt all: inf
Inter-board reduction wrt inter-die: -nan

---Data Movement---
All traffic (msg): 4,669,966,446
Arith. Intensity FLOP/Loads: 0.20
Arith. Intensity FLOP/Msgs: 0.03
Arith. Intensity OPS/Loads: 1.63
Arith. Intensity OPS/Msgs: 0.23



===Core Utilization Total=== CORE-S:14;; TIME K cy:1,400 ;; Nodes Proc: 15,964,625 -- Edges Proc: 0
======== IT IS COLD ======= Only 0 Tiles active
Epoch Done Router: 0
Epoch Done Router: 6
Epoch Done Router: 4
Epoch Done Router: 2
Epoch Done Router: 7
Epoch Done Router: 1
Epoch Done Router: 5
##EPOCH## 1 COMPLETED at Time (K cy): 1,462
Nodes processed until now: 128,311,436
Edges processed until now: 0
Epoch Done Router: 3
Program Done Worker Thread: 4
Program Done Worker Thread: 3
Program Done Router Thread: 5
Program Done Worker Thread: 0
Program Done Worker Thread: 1
Program Done Worker Thread: 2
Program Done Worker Thread: 6
Program Done Router Thread: 3
Program Done Router Thread: 6
Program Done Router Thread: 4
Program Done Router Thread: 2
Program Done Router Thread: 7
Program Done Router Thread: 1
Program Done Router Thread: 0
Program Done Worker Thread: 7
Program Done Worker Thread: 5

===PRINTING ACUM STATS at pu_cycles: 1,462,923

ACollision In Avg:10, SD:1, Max:13, Min:7
ACollision Out Avg:2, SD:0, Max:4, Min:1
ACollision End Avg:0, SD:0, Max:1, Min:0
ATask1 Avg:59, SD:2, Max:67, Min:54
ATask2 Avg:0, SD:0, Max:0, Min:0
ATask3 Avg:21, SD:3, Max:39, Min:14
ACore Active Avg:80, SD:3, Max:100, Min:72
ARouter Active Avg:74, SD:1, Max:78, Min:71
T1 invocations: 4,034,924
T2 invocations: 0
T3 invocations: 128,311,436
T3b invocations: 0
Total3 invocations: 128,311,436
Total4 invocations: 0

T3/T2 ratio: inf
T3b/T3 ratio: 0

T1 avg ex cycles: 218
T2 avg ex cycles: -nan
T3&b avg ex cycles: 2
T4 avg ex cycles: -nan
Avg. hops NOC1: -nan
Avg. latency NOC1 (T2): -nan
Avg. hops NOC2: 17
Avg. latency NOC2 (T3): 3,658

Runtime at program end in K cycles: 1,462
Runtime before cooldown in K cycles: 1,100


Number of K Nodes Processed: 128,311
Number of K Edges Processed: 128,311
Node Re-explore factor: 30.59
Edge Re-explore factor: 1.00
Nodes/cy: 88
Edges/cy: 88
TEPS: 88

---DCache---
DCache Size: 63,664
DRAM words: 129,408
  DHits: 179,411,638
  DMisses: 8,700,020
  DHit Rate (hit/miss): 95%
  DEvictions: 4,648,193
  DEviction Rate (evict/misses): 53%
  MC Transactions: 9,360,678
  MC Writes: 538,165
Avg. Transactions: 80% , Writes: 5%, Avg. Latency: 14
Max MC id: 7 of 8. Transactions: 80% , Writes: 5%, MC mean Latency: 14
HBM refresh energy (nJ): 4
HBM access energy (nJ): 17,732,868
MemC wire energy 2.5d (nJ): 6,713,987
MemC wire energy 3d (nJ): 1,678,497

---Energy---
Leakage Energy (nJ): 256,224
PU Dyn E (nJ): 7,162,616
Mem Dyn E (nJ): 43,246,202
Route Dyn E (nJ): 10,500,268
Dynamic Energy (nJ): 60,909,086
Ratio of Dyn/Leak: 238
Total Energy (nJ): 61,165,310
Total Energy (nJ) 3D: 60,807,331
Cores Energy (nJ): 7,166,688
Route Energy (nJ): 10,513,672
Route Energy (nJ) 3D: 15,191,184
Mem Energy   (nJ): 43,484,951
Mem Energy   (nJ) 3D: 38,449,461
Avg. Power (mW): 41,810.34
Power Density (mW/mm2): 112.25

---Runtime---
Runtime in K cycles: 1,462.92
Microseconds: 1,462.92
Time per iteration (ms): 1.46

---Inst---
K Loads: 649,627
K Stores: 388,969
K Instructions: 1,058,769

---Throughput---
GOP/s (aka OPS/ns): 723.74
GOP/s per core: 0.71
GFLOP/s: 87.71
GFLOP/s per core: 0.09
Max Peak GFLOP/s: 1,024.00
Avg. BW GB/s: 2,839.78
Max BW GB/s: 4,096.00

---Traffic---
In-Die bisection_bytes BW (GB/s): 512.00
Inter-board traffic (msg/ns): 0.00, per-link: 0.00
Inter-pack traffic (msg/ns): 0.00, per-link: 0.00
Inter-die traffic (msg/ns): 0.00, per-link: 0.00
Ruche traffic (msg/ns): 0.00, per-link: 0.00
All traffic (msg/ns): 3,193.55, per-link: 3.12
Inter-die reduction wrt all: inf
Inter-board reduction wrt inter-die: -nan

---Data Movement---
All traffic (msg): 4,671,913,892
Arith. Intensity FLOP/Loads: 0.20
Arith. Intensity FLOP/Msgs: 0.03
Arith. Intensity OPS/Loads: 1.63
Arith. Intensity OPS/Msgs: 0.23

Simulation time: 82.41
Sim time / DUT time: 55.01
Sim noc_cy/s: 17,752.35
Sim Msg/s: 56,692,970.04

Version 32

