Dataset:  Kron22/
Dry run: 0
Open Edge Count File succesfully
Edges Traversed BFS: 128309848
Found Vertices: 4194304, Edges: 128311436
avg degree 31
Array  Kron22/node_array.bin found
Malloc array of size 16777220 bytes
Readin array of size 16777216 bytes
Finished Reading Array Bytes
No reordering Array 32bit
Array  Kron22/edge_array.bin found
Malloc array of size 513245744 bytes
Readin array of size 513245744 bytes
Finished Reading Array Bytes
No reordering Array 32bit
Array  Kron22/edge_values.bin found
Malloc array of size 513245744 bytes
Readin array of size 513245744 bytes
Finished Reading Array Bytes
No reordering Array 32bit
Reading graph elapsed time: 0.273801s

Dataset Footprint: 522 MiB
Dataset Footprint per Board: 4383.05 Mb
Dataset injection time (ms): 0.26752
Max Dataset Footprint: 1026 MiB

Dataset footprint per tile: 522 KiB
Proxys footprint per tile: 0 KiB
Reserved SRAM per tile: 15 KiB

Ideal SRAM per tile: 537 KiB
reserved_words_for_dataset:5767
dataset_words_per_tile:133760
remaining_sram_words:28838
min_dcache_sram_words_required:5861
dataset_words_per_tile:133760
min_pcache_sram_words_required:0
proxys_words_per_tile:0
Dcache footprint ratio: 5
Dataset Cached: 1
DCache: 28448 words, lines: 1778, sets: 1778
Proxys Cached: 0
Pcache: 0 words, sets: 0
Node per tile: 4,096
Edge per tile: 125,305
GRID_X: 32
GRID_SIZE: 1,024
smt_per_tile: 1
noc_freq: 1
pu_freq: 1
RUCHE_X: 0
PROXY_W: 32
DIE_W: 32
DIE_H: 32
DIES: 1
BORDER_TILES_PER_DIE: 128
PACK_W: 32
PACK_H: 32
DIES_PACK_FACTOR: 1
DIES_PER_PACK: 1
PACKAGES: 1
BOARD_W: 32
BOARD_H: 32
BOARDS: 1
MUX_BUS: 1
DCACHE: 1
PCACHE: 0
PROXY_FACTOR: 1
CACHE_WAYS: 1
TORUS: 1
PHY_NOCS: 1
WIDE_NOC_ID: 0
NOC_CONF: 1
noc_width: 32
hbm_channel_bit_width: 512
ld_st_op_byte_width: 4
PROXY_ROUTING: 0
WITHIN_REGION: 0
WRITE_THROUGH: 1
ASSERT_MODE: 0
GLOBAL_BARRIER: 0
OQ flits: 36 ; 384 ; 2
IQ flits: 288 ; 3,072 ; 2
OQ messages: 12 ; 192 ; 1
IQ messages: 96 ; 1,536 ; 1
max_task2 size: 64
io_factor_t2: 8
io_factor_t3: 8
io_factor_t3b: 8

Active SRAM Storage per tile: 127 KiB
Total SRAM Storage per tile: 128 KiB
Agreggated SRAM Storage: 128 MiB

Active DRAM Storage per tile: 0.509766 MiB
Total DRAM Storage per tile: 8 MiB
Agreggated DRAM Storage: 8 GiB

Inter-Die #links: 1,024
Inter-Die (Gbits): 32,768
Inter-Die (Gbits/mm): 678.587
Bisection BW of Board (Gbits): 8,192
Border IO #Dies: 4
Border IO Die BW (Gbits): 4,096
Off-Board BW Total (Gbits): 16,384
Off-Board BW Density (Gbits/mm): 223
Die side: 12.07 mm
Die border wire density: 678.59 Gbits/mm
HBM wire density: 339.29 Gbits/mm

Tiles per Die: 1,024 (32x32)
Tile Area: 0.09 mm2, side: 0.30 mm
- Core/Rout Area: 0.05 mm2
- SRAM Area: 0.04 mm2
- SRAM/Logic Ratio: 0.70x

Dies per Package: 1 (1x1)
Die Area: 145.74 mm2, side: 12.07 mm
- Tiles Area: 89.25 mm2
- PHY Area: 47.49 mm2
- MC Area: 9.00 mm2

Packages per Board: 1 (1x1)
Package Area: 335.74 mm2, side: 18.32 mm
- IOdie Area: 80.00 mm2
- Dies Area: 145.74 mm2
- HBM Area: 110.00 mm2

Boards: 1 (1x1)
Board Area: 335.74 mm2
Total Area: 335.74 mm2



ESTIMATED COST OF SILICON AND PACKAGING. ONLY VARIABLE, NO FIXED COSTS
Good dies per wafer 3d: 235
Good dies per wafer 2d: 354
--Dies 3D Cost: 25.73 $
--Dies 2.5D Cost: 17.08 $
--Dies 2D Cost: 17.08 $
--HBM Cost: 60.00 $
--IOdie Cost: 8.44 $
--Packaging Cost 3d: 5.98 $
--Packaging Cost 2.5d: 9.81 $
--Packaging Cost 2d: 3.83 $
SiP Cost 3d: 100.15 $
SiP Cost 2.5d: 95.33 $
SiP Cost 2d: 29.35 $
--Board Cost: 0.34 $
Total SiPs Cost 3d: 100.49 $
Total SiPs Cost 2.5d: 95.66 $
Total SiPs Cost 2d: 29.69 $

Perf counters initialized
Mesh connected
Cache structures initialized
Replicas initialized
Allocated Frontier List
Dataset structures initialized


Starting Simulation
INIT epoch: 1
INIT epoch: 1
INIT epoch: 1
INIT epoch: 1
INIT epoch: 1
INIT epoch: 1
INIT epoch: 1
INIT epoch: 1

===PRINTING FRAME STATS

FCollision In Avg:-nan, SD:-nan, Max:246, Min:1
FCollision Out Avg:-nan, SD:-nan, Max:247, Min:40
FCollision End Avg:-nan, SD:-nan, Max:171, Min:0
FTask1 Avg:-nan, SD:-nan, Max:9, Min:0
FTask2 Avg:-nan, SD:-nan, Max:51, Min:0
FTask3 Avg:-nan, SD:-nan, Max:82, Min:29
FCore Active Avg:-nan, SD:-nan, Max:99, Min:35
FRouter Active Avg:-nan, SD:-nan, Max:79, Min:47
T1 invocations: 28,145
T2 invocations: 83,918
T3 invocations: 5,074,207
T3b invocations: 0
Total3 invocations: 5,074,207
Total4 invocations: 1,038

T3/T2 ratio: 60
T3b/T3 ratio: 0

T1 avg ex cycles: 61
T2 avg ex cycles: 165
T3&b avg ex cycles: 9
T4 avg ex cycles: 368
Avg. hops NOC1: 4
Avg. latency NOC1 (T2): 36,584
Avg. hops NOC2: 17
Avg. latency NOC2 (T3): 3,066

===PRINTING ACUM STATS at pu_cycles: 100,590

ACollision In Avg:-nan, SD:-nan, Max:246, Min:1
ACollision Out Avg:-nan, SD:-nan, Max:247, Min:40
ACollision End Avg:-nan, SD:-nan, Max:171, Min:0
ATask1 Avg:-nan, SD:-nan, Max:9, Min:0
ATask2 Avg:-nan, SD:-nan, Max:51, Min:0
ATask3 Avg:-nan, SD:-nan, Max:82, Min:29
ACore Active Avg:-nan, SD:-nan, Max:99, Min:35
ARouter Active Avg:-nan, SD:-nan, Max:79, Min:47
T1 invocations: 28,179
T2 invocations: 84,055
T3 invocations: 5,078,869
T3b invocations: 0
Total3 invocations: 5,078,869
Total4 invocations: 1,039

T3/T2 ratio: 60
T3b/T3 ratio: 0

T1 avg ex cycles: 61
T2 avg ex cycles: 165
T3&b avg ex cycles: 9
T4 avg ex cycles: 369
Avg. hops NOC1: 4
Avg. latency NOC1 (T2): 36,592
Avg. hops NOC2: 17
Avg. latency NOC2 (T3): 3,065
Number of K Nodes Processed: 1,102
Number of K Edges Processed: 5,441
Node Re-explore factor: 0.26
Edge Re-explore factor: 0.04
Nodes/cy: 11
Edges/cy: 54
TEPS: 1,276

---DCache---
DCache Size: 28,448
DRAM words: 133,760
  DHits: 9,883,274
  DMisses: 673,814
  DHit Rate (hit/miss): 94%
  DEvictions: 128,068
  DEviction Rate (evict/misses): 19%
  MC Transactions: 750,989
  MC Writes: 70,465
Avg. Transactions: 93% , Writes: 9%, Avg. Latency: 32
Max MC id: 7 of 8. Transactions: 100% , Writes: 10%, MC mean Latency: 36
HBM refresh energy (nJ): 0
HBM access energy (nJ): 1,422,673
MemC wire energy 2.5d (nJ): 453,364
MemC wire energy 3d (nJ): 113,341

---Energy---
Leakage Energy (nJ): 9,378
PU Dyn E (nJ): 344,520
Mem Dyn E (nJ): 2,625,779
Route Dyn E (nJ): 361,997
Dynamic Energy (nJ): 3,332,296
Ratio of Dyn/Leak: 355
Total Energy (nJ): 3,341,674
Total Energy (nJ) 3D: 3,193,244
Cores Energy (nJ): 344,800
Route Energy (nJ): 362,919
Route Energy (nJ) 3D: 554,512
Mem Energy   (nJ): 2,633,955
Mem Energy   (nJ) 3D: 2,293,932
Avg. Power (mW): 33,220.73
Power Density (mW/mm2): 98.95

---Runtime---
Runtime in K cycles: 100.59
Microseconds: 100.59
Time per iteration (ms): 0.10

---Throughput---
GOP/s (aka OPS/ns): 342.88
GOP/s per core: 0.33
GFLOP/s: 102.20
GFLOP/s per core: 0.10
Max Peak GFLOP/s: 1,024.00
Avg. BW GB/s: 2,023.85
Max BW GB/s: 4,096.00

---Traffic---
In-Die bisection_bytes BW (GB/s): 512.00
Inter-board traffic (msg/ns): 0.00, per-link: 0.00
Inter-pack traffic (msg/ns): 0.00, per-link: 0.00
Inter-die traffic (msg/ns): 0.00, per-link: 0.00
Ruche traffic (msg/ns): 0.00, per-link: 0.00
All traffic (msg/ns): 2,021.99, per-link: 1.97
Inter-die reduction wrt all: inf
Inter-board reduction wrt inter-die: -nan

---Data Movement---
All traffic (msg): 203,392,045
Arith. Intensity FLOP/Loads: 0.41
Arith. Intensity FLOP/Msgs: 0.05
Arith. Intensity OPS/Loads: 1.37
Arith. Intensity OPS/Msgs: 0.17



===Core Utilization Total=== CORE-S:1;; TIME K cy:100 ;; Nodes Proc: 139,571 -- Edges Proc: 743,150

===PRINTING FRAME STATS

FCollision In Avg:112, SD:36, Max:268, Min:3
FCollision Out Avg:136, SD:45, Max:288, Min:39
FCollision End Avg:45, SD:41, Max:200, Min:0
FTask1 Avg:2, SD:2, Max:14, Min:0
FTask2 Avg:20, SD:15, Max:62, Min:0
FTask3 Avg:35, SD:8, Max:88, Min:22
FCore Active Avg:57, SD:18, Max:100, Min:25
FRouter Active Avg:79, SD:5, Max:134, Min:57
T1 invocations: 34,917
T2 invocations: 129,039
T3 invocations: 7,892,408
T3b invocations: 0
Total3 invocations: 7,892,408
Total4 invocations: 198

T3/T2 ratio: 61
T3b/T3 ratio: 0

T1 avg ex cycles: 48
T2 avg ex cycles: 161
T3&b avg ex cycles: 5
T4 avg ex cycles: 581
Avg. hops NOC1: 2
Avg. latency NOC1 (T2): 50,695
Avg. hops NOC2: 17
Avg. latency NOC2 (T3): 2,671

===PRINTING ACUM STATS at pu_cycles: 200,718

ACollision In Avg:105, SD:30, Max:237, Min:3
ACollision Out Avg:133, SD:38, Max:265, Min:48
ACollision End Avg:43, SD:35, Max:185, Min:0
ATask1 Avg:2, SD:1, Max:8, Min:0
ATask2 Avg:17, SD:11, Max:49, Min:0
ATask3 Avg:40, SD:7, Max:76, Min:27
ACore Active Avg:59, SD:13, Max:100, Min:31
ARouter Active Avg:69, SD:4, Max:96, Min:57
T1 invocations: 63,210
T2 invocations: 215,563
T3 invocations: 13,064,755
T3b invocations: 0
Total3 invocations: 13,064,755
Total4 invocations: 1,255

T3/T2 ratio: 61
T3b/T3 ratio: 0

T1 avg ex cycles: 54
T2 avg ex cycles: 163
T3&b avg ex cycles: 6
T4 avg ex cycles: 401
Avg. hops NOC1: 3
Avg. latency NOC1 (T2): 45,177
Avg. hops NOC2: 17
Avg. latency NOC2 (T3): 2,830
Number of K Nodes Processed: 1,780
Number of K Edges Processed: 13,342
Node Re-explore factor: 0.42
Edge Re-explore factor: 0.10
Nodes/cy: 9
Edges/cy: 66
TEPS: 639

---DCache---
DCache Size: 28,448
DRAM words: 133,760
  DHits: 23,386,687
  DMisses: 1,292,516
  DHit Rate (hit/miss): 95%
  DEvictions: 416,509
  DEviction Rate (evict/misses): 32%
  MC Transactions: 1,486,854
  MC Writes: 183,912
Avg. Transactions: 93% , Writes: 11%, Avg. Latency: 27
Max MC id: 7 of 8. Transactions: 100% , Writes: 13%, MC mean Latency: 39
HBM refresh energy (nJ): 0
HBM access energy (nJ): 2,816,696
MemC wire energy 2.5d (nJ): 897,599
MemC wire energy 3d (nJ): 224,400

---Energy---
Leakage Energy (nJ): 18,712
PU Dyn E (nJ): 826,451
Mem Dyn E (nJ): 5,504,268
Route Dyn E (nJ): 915,823
Dynamic Energy (nJ): 7,246,544
Ratio of Dyn/Leak: 387
Total Energy (nJ): 7,265,256
Total Energy (nJ) 3D: 7,076,771
Cores Energy (nJ): 827,010
Route Energy (nJ): 917,663
Route Energy (nJ) 3D: 1,402,377
Mem Energy   (nJ): 5,520,583
Mem Energy   (nJ) 3D: 4,847,384
Avg. Power (mW): 36,196.34
Power Density (mW/mm2): 107.81

---Runtime---
Runtime in K cycles: 200.72
Microseconds: 200.72
Time per iteration (ms): 0.20

---Throughput---
GOP/s (aka OPS/ns): 379.53
GOP/s per core: 0.37
GFLOP/s: 131.04
GFLOP/s per core: 0.13
Max Peak GFLOP/s: 1,024.00
Avg. BW GB/s: 2,431.17
Max BW GB/s: 4,096.00

---Traffic---
In-Die bisection_bytes BW (GB/s): 512.00
Inter-board traffic (msg/ns): 0.00, per-link: 0.00
Inter-pack traffic (msg/ns): 0.00, per-link: 0.00
Inter-die traffic (msg/ns): 0.00, per-link: 0.00
Ruche traffic (msg/ns): 0.00, per-link: 0.00
All traffic (msg/ns): 2,497.90, per-link: 2.44
Inter-die reduction wrt all: inf
Inter-board reduction wrt inter-die: -nan

---Data Movement---
All traffic (msg): 501,373,152
Arith. Intensity FLOP/Loads: 0.43
Arith. Intensity FLOP/Msgs: 0.05
Arith. Intensity OPS/Loads: 1.26
Arith. Intensity OPS/Msgs: 0.15



===Core Utilization Total=== CORE-S:2;; TIME K cy:200 ;; Nodes Proc: 223,540 -- Edges Proc: 1,742,201

===PRINTING FRAME STATS

FCollision In Avg:117, SD:34, Max:257, Min:7
FCollision Out Avg:134, SD:44, Max:355, Min:30
FCollision End Avg:43, SD:40, Max:190, Min:0
FTask1 Avg:2, SD:2, Max:8, Min:0
FTask2 Avg:22, SD:15, Max:68, Min:0
FTask3 Avg:33, SD:7, Max:82, Min:20
FCore Active Avg:57, SD:18, Max:100, Min:20
FRouter Active Avg:80, SD:4, Max:90, Min:70
T1 invocations: 42,702
T2 invocations: 143,797
T3 invocations: 8,446,871
T3b invocations: 0
Total3 invocations: 8,446,871
Total4 invocations: 279

T3/T2 ratio: 59
T3b/T3 ratio: 0

T1 avg ex cycles: 44
T2 avg ex cycles: 154
T3&b avg ex cycles: 4
T4 avg ex cycles: 579
Avg. hops NOC1: 2
Avg. latency NOC1 (T2): 48,761
Avg. hops NOC2: 17
Avg. latency NOC2 (T3): 2,438

===PRINTING ACUM STATS at pu_cycles: 300,640

ACollision In Avg:109, SD:27, Max:234, Min:18
ACollision Out Avg:133, SD:35, Max:267, Min:48
ACollision End Avg:43, SD:32, Max:167, Min:0
ATask1 Avg:2, SD:1, Max:8, Min:0
ATask2 Avg:19, SD:11, Max:52, Min:0
ATask3 Avg:37, SD:6, Max:72, Min:27
ACore Active Avg:58, SD:13, Max:100, Min:30
ARouter Active Avg:73, SD:3, Max:93, Min:62
T1 invocations: 106,019
T2 invocations: 360,479
T3 invocations: 21,558,332
T3b invocations: 0
Total3 invocations: 21,558,332
Total4 invocations: 1,535

T3/T2 ratio: 60
T3b/T3 ratio: 0

T1 avg ex cycles: 50
T2 avg ex cycles: 159
T3&b avg ex cycles: 5
T4 avg ex cycles: 434
Avg. hops NOC1: 3
Avg. latency NOC1 (T2): 46,581
Avg. hops NOC2: 17
Avg. latency NOC2 (T3): 2,694
Number of K Nodes Processed: 2,182
Number of K Edges Processed: 21,820
Node Re-explore factor: 0.52
Edge Re-explore factor: 0.17
Nodes/cy: 7
Edges/cy: 73
TEPS: 427

---DCache---
DCache Size: 28,448
DRAM words: 133,760
  DHits: 37,360,657
  DMisses: 1,942,588
  DHit Rate (hit/miss): 95%
  DEvictions: 811,864
  DEviction Rate (evict/misses): 42%
  MC Transactions: 2,256,716
  MC Writes: 298,941
Avg. Transactions: 94% , Writes: 12%, Avg. Latency: 25
Max MC id: 7 of 8. Transactions: 100% , Writes: 14%, MC mean Latency: 39
HBM refresh energy (nJ): 0
HBM access energy (nJ): 4,275,122
MemC wire energy 2.5d (nJ): 1,362,356
MemC wire energy 3d (nJ): 340,589

---Energy---
Leakage Energy (nJ): 28,027
PU Dyn E (nJ): 1,323,548
Mem Dyn E (nJ): 8,494,913
Route Dyn E (nJ): 1,498,810
Dynamic Energy (nJ): 11,317,272
Ratio of Dyn/Leak: 404
Total Energy (nJ): 11,345,299
Total Energy (nJ) 3D: 11,116,801
Cores Energy (nJ): 1,324,385
Route Energy (nJ): 1,501,566
Route Energy (nJ) 3D: 2,294,835
Mem Energy   (nJ): 8,519,349
Mem Energy   (nJ) 3D: 7,497,582
Avg. Power (mW): 37,737.16
Power Density (mW/mm2): 112.40

---Runtime---
Runtime in K cycles: 300.64
Microseconds: 300.64
Time per iteration (ms): 0.30

---Throughput---
GOP/s (aka OPS/ns): 389.89
GOP/s per core: 0.38
GFLOP/s: 144.08
GFLOP/s per core: 0.14
Max Peak GFLOP/s: 1,024.00
Avg. BW GB/s: 2,592.33
Max BW GB/s: 4,096.00

---Traffic---
In-Die bisection_bytes BW (GB/s): 512.00
Inter-board traffic (msg/ns): 0.00, per-link: 0.00
Inter-pack traffic (msg/ns): 0.00, per-link: 0.00
Inter-die traffic (msg/ns): 0.00, per-link: 0.00
Ruche traffic (msg/ns): 0.00, per-link: 0.00
All traffic (msg/ns): 2,711.15, per-link: 2.65
Inter-die reduction wrt all: inf
Inter-board reduction wrt inter-die: -nan

---Data Movement---
All traffic (msg): 815,081,141
Arith. Intensity FLOP/Loads: 0.45
Arith. Intensity FLOP/Msgs: 0.05
Arith. Intensity OPS/Loads: 1.21
Arith. Intensity OPS/Msgs: 0.14



===Core Utilization Total=== CORE-S:3;; TIME K cy:300 ;; Nodes Proc: 273,357 -- Edges Proc: 2,770,955

===PRINTING FRAME STATS

FCollision In Avg:115, SD:33, Max:249, Min:9
FCollision Out Avg:124, SD:43, Max:279, Min:33
FCollision End Avg:40, SD:39, Max:190, Min:0
FTask1 Avg:2, SD:2, Max:13, Min:0
FTask2 Avg:24, SD:15, Max:69, Min:0
FTask3 Avg:34, SD:7, Max:83, Min:20
FCore Active Avg:60, SD:17, Max:100, Min:24
FRouter Active Avg:84, SD:3, Max:92, Min:76
T1 invocations: 59,310
T2 invocations: 167,159
T3 invocations: 9,191,730
T3b invocations: 0
Total3 invocations: 9,191,730
Total4 invocations: 540

T3/T2 ratio: 55
T3b/T3 ratio: 0

T1 avg ex cycles: 41
T2 avg ex cycles: 144
T3&b avg ex cycles: 4
T4 avg ex cycles: 577
Avg. hops NOC1: 2
Avg. latency NOC1 (T2): 39,554
Avg. hops NOC2: 17
Avg. latency NOC2 (T3): 2,350

===PRINTING ACUM STATS at pu_cycles: 400,637

ACollision In Avg:110, SD:25, Max:220, Min:16
ACollision Out Avg:131, SD:34, Max:270, Min:46
ACollision End Avg:42, SD:30, Max:160, Min:0
ATask1 Avg:2, SD:1, Max:9, Min:0
ATask2 Avg:20, SD:11, Max:51, Min:0
ATask3 Avg:36, SD:6, Max:75, Min:26
ACore Active Avg:58, SD:13, Max:100, Min:29
ARouter Active Avg:76, SD:2, Max:91, Min:69
T1 invocations: 165,113
T2 invocations: 527,322
T3 invocations: 30,722,151
T3b invocations: 0
Total3 invocations: 30,722,151
Total4 invocations: 2,072

T3/T2 ratio: 58
T3b/T3 ratio: 0

T1 avg ex cycles: 47
T2 avg ex cycles: 155
T3&b avg ex cycles: 5
T4 avg ex cycles: 471
Avg. hops NOC1: 3
Avg. latency NOC1 (T2): 44,336
Avg. hops NOC2: 17
Avg. latency NOC2 (T3): 2,595
Number of K Nodes Processed: 2,457
Number of K Edges Processed: 30,989
Node Re-explore factor: 0.59
Edge Re-explore factor: 0.24
Nodes/cy: 6
Edges/cy: 77
TEPS: 320

---DCache---
DCache Size: 28,448
DRAM words: 133,760
  DHits: 52,447,420
  DMisses: 2,642,157
  DHit Rate (hit/miss): 95%
  DEvictions: 1,322,797
  DEviction Rate (evict/misses): 50%
  MC Transactions: 3,079,122
  MC Writes: 416,504
Avg. Transactions: 96% , Writes: 13%, Avg. Latency: 24
Max MC id: 7 of 8. Transactions: 100% , Writes: 14%, MC mean Latency: 41
HBM refresh energy (nJ): 1
HBM access energy (nJ): 5,833,088
MemC wire energy 2.5d (nJ): 1,858,835
MemC wire energy 3d (nJ): 464,709

---Energy---
Leakage Energy (nJ): 37,350
PU Dyn E (nJ): 1,854,535
Mem Dyn E (nJ): 11,686,077
Route Dyn E (nJ): 2,130,608
Dynamic Energy (nJ): 15,671,221
Ratio of Dyn/Leak: 420
Total Energy (nJ): 15,708,571
Total Energy (nJ) 3D: 15,442,103
Cores Energy (nJ): 1,855,650
Route Energy (nJ): 2,134,280
Route Energy (nJ) 3D: 3,261,938
Mem Energy   (nJ): 11,718,641
Mem Energy   (nJ) 3D: 10,324,515
Avg. Power (mW): 39,208.99
Power Density (mW/mm2): 116.78

---Runtime---
Runtime in K cycles: 400.64
Microseconds: 400.64
Time per iteration (ms): 0.40

---Throughput---
GOP/s (aka OPS/ns): 400.34
GOP/s per core: 0.39
GFLOP/s: 153.90
GFLOP/s per core: 0.15
Max Peak GFLOP/s: 1,024.00
Avg. BW GB/s: 2,717.91
Max BW GB/s: 4,096.00

---Traffic---
In-Die bisection_bytes BW (GB/s): 512.00
Inter-board traffic (msg/ns): 0.00, per-link: 0.00
Inter-pack traffic (msg/ns): 0.00, per-link: 0.00
Inter-die traffic (msg/ns): 0.00, per-link: 0.00
Ruche traffic (msg/ns): 0.00, per-link: 0.00
All traffic (msg/ns): 2,881.93, per-link: 2.81
Inter-die reduction wrt all: inf
Inter-board reduction wrt inter-die: -nan

---Data Movement---
All traffic (msg): 1,154,608,924
Arith. Intensity FLOP/Loads: 0.46
Arith. Intensity FLOP/Msgs: 0.05
Arith. Intensity OPS/Loads: 1.18
Arith. Intensity OPS/Msgs: 0.14



===Core Utilization Total=== CORE-S:4;; TIME K cy:400 ;; Nodes Proc: 307,642 -- Edges Proc: 3,925,605

===PRINTING FRAME STATS

FCollision In Avg:110, SD:32, Max:268, Min:5
FCollision Out Avg:125, SD:45, Max:279, Min:19
FCollision End Avg:36, SD:39, Max:180, Min:0
FTask1 Avg:2, SD:3, Max:20, Min:0
FTask2 Avg:21, SD:15, Max:70, Min:0
FTask3 Avg:29, SD:7, Max:84, Min:18
FCore Active Avg:53, SD:18, Max:100, Min:18
FRouter Active Avg:78, SD:3, Max:90, Min:68
T1 invocations: 66,588
T2 invocations: 159,731
T3 invocations: 8,128,312
T3b invocations: 0
Total3 invocations: 8,128,312
Total4 invocations: 741

T3/T2 ratio: 51
T3b/T3 ratio: 0

T1 avg ex cycles: 38
T2 avg ex cycles: 134
T3&b avg ex cycles: 4
T4 avg ex cycles: 574
Avg. hops NOC1: 2
Avg. latency NOC1 (T2): 37,098
Avg. hops NOC2: 17
Avg. latency NOC2 (T3): 2,464

===PRINTING ACUM STATS at pu_cycles: 500,358

ACollision In Avg:110, SD:23, Max:219, Min:14
ACollision Out Avg:130, SD:32, Max:272, Min:44
ACollision End Avg:41, SD:28, Max:164, Min:0
ATask1 Avg:2, SD:1, Max:11, Min:0
ATask2 Avg:20, SD:10, Max:53, Min:0
ATask3 Avg:35, SD:6, Max:70, Min:25
ACore Active Avg:57, SD:12, Max:99, Min:27
ARouter Active Avg:76, SD:2, Max:88, Min:70
T1 invocations: 231,714
T2 invocations: 686,242
T3 invocations: 38,833,226
T3b invocations: 0
Total3 invocations: 38,833,226
Total4 invocations: 2,817

T3/T2 ratio: 57
T3b/T3 ratio: 0

T1 avg ex cycles: 44
T2 avg ex cycles: 150
T3&b avg ex cycles: 5
T4 avg ex cycles: 498
Avg. hops NOC1: 3
Avg. latency NOC1 (T2): 42,683
Avg. hops NOC2: 17
Avg. latency NOC2 (T3): 2,567
Number of K Nodes Processed: 2,636
Number of K Edges Processed: 39,094
Node Re-explore factor: 0.63
Edge Re-explore factor: 0.30
Nodes/cy: 5
Edges/cy: 78
TEPS: 256

---DCache---
DCache Size: 28,448
DRAM words: 133,760
  DHits: 66,454,464
  DMisses: 3,255,516
  DHit Rate (hit/miss): 95%
  DEvictions: 1,805,522
  DEviction Rate (evict/misses): 55%
  MC Transactions: 3,792,921
  MC Writes: 514,057
Avg. Transactions: 95% , Writes: 13%, Avg. Latency: 23
Max MC id: 7 of 8. Transactions: 100% , Writes: 14%, MC mean Latency: 42
HBM refresh energy (nJ): 1
HBM access energy (nJ): 7,185,309
MemC wire energy 2.5d (nJ): 2,289,748
MemC wire energy 3d (nJ): 572,437

---Energy---
Leakage Energy (nJ): 46,646
PU Dyn E (nJ): 2,322,490
Mem Dyn E (nJ): 14,475,051
Route Dyn E (nJ): 2,687,943
Dynamic Energy (nJ): 19,485,485
Ratio of Dyn/Leak: 418
Total Energy (nJ): 19,532,131
Total Energy (nJ) 3D: 19,237,458
Cores Energy (nJ): 2,323,883
Route Energy (nJ): 2,692,528
Route Energy (nJ) 3D: 4,115,165
Mem Energy   (nJ): 14,515,721
Mem Energy   (nJ) 3D: 12,798,410
Avg. Power (mW): 39,036.31
Power Density (mW/mm2): 116.27

---Runtime---
Runtime in K cycles: 500.36
Microseconds: 500.36
Time per iteration (ms): 0.50

---Throughput---
GOP/s (aka OPS/ns): 396.64
GOP/s per core: 0.39
GFLOP/s: 155.52
GFLOP/s per core: 0.15
Max Peak GFLOP/s: 1,024.00
Avg. BW GB/s: 2,719.04
Max BW GB/s: 4,096.00

---Traffic---
In-Die bisection_bytes BW (GB/s): 512.00
Inter-board traffic (msg/ns): 0.00, per-link: 0.00
Inter-pack traffic (msg/ns): 0.00, per-link: 0.00
Inter-die traffic (msg/ns): 0.00, per-link: 0.00
Ruche traffic (msg/ns): 0.00, per-link: 0.00
All traffic (msg/ns): 2,905.57, per-link: 2.84
Inter-die reduction wrt all: inf
Inter-board reduction wrt inter-die: -nan

---Data Movement---
All traffic (msg): 1,453,824,787
Arith. Intensity FLOP/Loads: 0.46
Arith. Intensity FLOP/Msgs: 0.05
Arith. Intensity OPS/Loads: 1.17
Arith. Intensity OPS/Msgs: 0.14



===Core Utilization Total=== CORE-S:5;; TIME K cy:500 ;; Nodes Proc: 330,010 -- Edges Proc: 4,928,747

===PRINTING FRAME STATS

FCollision In Avg:105, SD:28, Max:277, Min:8
FCollision Out Avg:110, SD:43, Max:265, Min:14
FCollision End Avg:32, SD:35, Max:137, Min:0
FTask1 Avg:3, SD:3, Max:22, Min:0
FTask2 Avg:24, SD:16, Max:70, Min:0
FTask3 Avg:33, SD:7, Max:81, Min:19
FCore Active Avg:60, SD:18, Max:100, Min:19
FRouter Active Avg:85, SD:3, Max:91, Min:76
T1 invocations: 94,536
T2 invocations: 202,408
T3 invocations: 9,324,441
T3b invocations: 0
Total3 invocations: 9,324,441
Total4 invocations: 1,194

T3/T2 ratio: 46
T3b/T3 ratio: 0

T1 avg ex cycles: 36
T2 avg ex cycles: 120
T3&b avg ex cycles: 4
T4 avg ex cycles: 571
Avg. hops NOC1: 2
Avg. latency NOC1 (T2): 29,432
Avg. hops NOC2: 17
Avg. latency NOC2 (T3): 2,387

===PRINTING ACUM STATS at pu_cycles: 600,828

ACollision In Avg:109, SD:21, Max:217, Min:28
ACollision Out Avg:127, SD:31, Max:270, Min:48
ACollision End Avg:39, SD:25, Max:153, Min:0
ATask1 Avg:2, SD:1, Max:10, Min:0
ATask2 Avg:21, SD:9, Max:52, Min:0
ATask3 Avg:35, SD:6, Max:72, Min:24
ACore Active Avg:58, SD:12, Max:99, Min:28
ARouter Active Avg:78, SD:2, Max:88, Min:72
T1 invocations: 326,206
T2 invocations: 889,907
T3 invocations: 48,185,585
T3b invocations: 0
Total3 invocations: 48,185,585
Total4 invocations: 4,015

T3/T2 ratio: 54
T3b/T3 ratio: 0

T1 avg ex cycles: 42
T2 avg ex cycles: 143
T3&b avg ex cycles: 4
T4 avg ex cycles: 520
Avg. hops NOC1: 2
Avg. latency NOC1 (T2): 39,667
Avg. hops NOC2: 17
Avg. latency NOC2 (T3): 2,534
Number of K Nodes Processed: 2,795
Number of K Edges Processed: 48,494
Node Re-explore factor: 0.67
Edge Re-explore factor: 0.38
Nodes/cy: 5
Edges/cy: 81
TEPS: 214

---DCache---
DCache Size: 28,448
DRAM words: 133,760
  DHits: 82,146,353
  DMisses: 3,960,408
  DHit Rate (hit/miss): 95%
  DEvictions: 2,400,551
  DEviction Rate (evict/misses): 61%
  MC Transactions: 4,612,634
  MC Writes: 624,131
Avg. Transactions: 96% , Writes: 13%, Avg. Latency: 23
Max MC id: 7 of 8. Transactions: 100% , Writes: 14%, MC mean Latency: 43
HBM refresh energy (nJ): 1
HBM access energy (nJ): 8,738,173
MemC wire energy 2.5d (nJ): 2,784,600
MemC wire energy 3d (nJ): 696,150

---Energy---
Leakage Energy (nJ): 56,012
PU Dyn E (nJ): 2,867,352
Mem Dyn E (nJ): 17,682,082
Route Dyn E (nJ): 3,335,778
Dynamic Energy (nJ): 23,885,213
Ratio of Dyn/Leak: 426
Total Energy (nJ): 23,941,225
Total Energy (nJ) 3D: 23,618,288
Cores Energy (nJ): 2,869,025
Route Energy (nJ): 3,341,283
Route Energy (nJ) 3D: 5,106,797
Mem Energy   (nJ): 17,730,917
Mem Energy   (nJ) 3D: 15,642,467
Avg. Power (mW): 39,847.05
Power Density (mW/mm2): 118.69

---Runtime---
Runtime in K cycles: 600.83
Microseconds: 600.83
Time per iteration (ms): 0.60

---Throughput---
GOP/s (aka OPS/ns): 404.24
GOP/s per core: 0.39
GFLOP/s: 160.79
GFLOP/s per core: 0.16
Max Peak GFLOP/s: 1,024.00
Avg. BW GB/s: 2,788.00
Max BW GB/s: 4,096.00

---Traffic---
In-Die bisection_bytes BW (GB/s): 512.00
Inter-board traffic (msg/ns): 0.00, per-link: 0.00
Inter-pack traffic (msg/ns): 0.00, per-link: 0.00
Inter-die traffic (msg/ns): 0.00, per-link: 0.00
Ruche traffic (msg/ns): 0.00, per-link: 0.00
All traffic (msg/ns): 2,997.87, per-link: 2.93
Inter-die reduction wrt all: inf
Inter-board reduction wrt inter-die: -nan

---Data Movement---
All traffic (msg): 1,801,202,455
Arith. Intensity FLOP/Loads: 0.46
Arith. Intensity FLOP/Msgs: 0.05
Arith. Intensity OPS/Loads: 1.17
Arith. Intensity OPS/Msgs: 0.13



===Core Utilization Total=== CORE-S:6;; TIME K cy:600 ;; Nodes Proc: 349,726 -- Edges Proc: 6,065,023

===PRINTING FRAME STATS

FCollision In Avg:104, SD:27, Max:267, Min:9
FCollision Out Avg:104, SD:43, Max:261, Min:15
FCollision End Avg:31, SD:35, Max:167, Min:0
FTask1 Avg:4, SD:4, Max:21, Min:0
FTask2 Avg:25, SD:16, Max:70, Min:0
FTask3 Avg:34, SD:7, Max:67, Min:19
FCore Active Avg:64, SD:17, Max:100, Min:23
FRouter Active Avg:87, SD:2, Max:93, Min:81
T1 invocations: 124,308
T2 invocations: 235,553
T3 invocations: 9,998,875
T3b invocations: 0
Total3 invocations: 9,998,875
Total4 invocations: 1,665

T3/T2 ratio: 42
T3b/T3 ratio: 0

T1 avg ex cycles: 34
T2 avg ex cycles: 108
T3&b avg ex cycles: 3
T4 avg ex cycles: 567
Avg. hops NOC1: 2
Avg. latency NOC1 (T2): 23,563
Avg. hops NOC2: 17
Avg. latency NOC2 (T3): 2,268

===PRINTING ACUM STATS at pu_cycles: 700,670

ACollision In Avg:109, SD:19, Max:210, Min:39
ACollision Out Avg:123, SD:29, Max:267, Min:50
ACollision End Avg:38, SD:23, Max:137, Min:0
ATask1 Avg:3, SD:1, Max:10, Min:0
ATask2 Avg:21, SD:9, Max:52, Min:0
ATask3 Avg:35, SD:6, Max:71, Min:24
ACore Active Avg:59, SD:12, Max:98, Min:29
ARouter Active Avg:79, SD:2, Max:88, Min:74
T1 invocations: 448,660
T2 invocations: 1,121,175
T3 invocations: 58,002,470
T3b invocations: 0
Total3 invocations: 58,002,470
Total4 invocations: 5,662

T3/T2 ratio: 52
T3b/T3 ratio: 0

T1 avg ex cycles: 40
T2 avg ex cycles: 135
T3&b avg ex cycles: 4
T4 avg ex cycles: 534
Avg. hops NOC1: 2
Avg. latency NOC1 (T2): 36,311
Avg. hops NOC2: 17
Avg. latency NOC2 (T3): 2,482
Number of K Nodes Processed: 2,925
Number of K Edges Processed: 58,521
Node Re-explore factor: 0.70
Edge Re-explore factor: 0.46
Nodes/cy: 4
Edges/cy: 84
TEPS: 183

---DCache---
DCache Size: 28,448
DRAM words: 133,760
  DHits: 98,162,620
  DMisses: 4,707,723
  DHit Rate (hit/miss): 95%
  DEvictions: 3,063,484
  DEviction Rate (evict/misses): 65%
  MC Transactions: 5,478,458
  MC Writes: 735,938
Avg. Transactions: 98% , Writes: 13%, Avg. Latency: 23
Max MC id: 7 of 8. Transactions: 100% , Writes: 13%, MC mean Latency: 43
HBM refresh energy (nJ): 2
HBM access energy (nJ): 10,378,390
MemC wire energy 2.5d (nJ): 3,307,289
MemC wire energy 3d (nJ): 826,822

---Energy---
Leakage Energy (nJ): 65,320
PU Dyn E (nJ): 3,438,735
Mem Dyn E (nJ): 21,050,969
Route Dyn E (nJ): 4,015,727
Dynamic Energy (nJ): 28,505,431
Ratio of Dyn/Leak: 436
Total Energy (nJ): 28,570,751
Total Energy (nJ) 3D: 28,215,671
Cores Energy (nJ): 3,440,685
Route Energy (nJ): 4,022,147
Route Energy (nJ) 3D: 6,147,535
Mem Energy   (nJ): 21,107,919
Mem Energy   (nJ) 3D: 18,627,453
Avg. Power (mW): 40,776.33
Power Density (mW/mm2): 121.45

---Runtime---
Runtime in K cycles: 700.67
Microseconds: 700.67
Time per iteration (ms): 0.70

---Throughput---
GOP/s (aka OPS/ns): 413.76
GOP/s per core: 0.40
GFLOP/s: 165.84
GFLOP/s per core: 0.16
Max Peak GFLOP/s: 1,024.00
Avg. BW GB/s: 2,859.43
Max BW GB/s: 4,096.00

---Traffic---
In-Die bisection_bytes BW (GB/s): 512.00
Inter-board traffic (msg/ns): 0.00, per-link: 0.00
Inter-pack traffic (msg/ns): 0.00, per-link: 0.00
Inter-die traffic (msg/ns): 0.00, per-link: 0.00
Ruche traffic (msg/ns): 0.00, per-link: 0.00
All traffic (msg/ns): 3,091.38, per-link: 3.02
Inter-die reduction wrt all: inf
Inter-board reduction wrt inter-die: -nan

---Data Movement---
All traffic (msg): 2,166,035,569
Arith. Intensity FLOP/Loads: 0.47
Arith. Intensity FLOP/Msgs: 0.05
Arith. Intensity OPS/Loads: 1.16
Arith. Intensity OPS/Msgs: 0.13



===Core Utilization Total=== CORE-S:7;; TIME K cy:700 ;; Nodes Proc: 365,888 -- Edges Proc: 7,349,061

===PRINTING FRAME STATS

FCollision In Avg:100, SD:25, Max:237, Min:7
FCollision Out Avg:101, SD:43, Max:257, Min:15
FCollision End Avg:29, SD:34, Max:176, Min:0
FTask1 Avg:5, SD:4, Max:21, Min:0
FTask2 Avg:25, SD:16, Max:68, Min:0
FTask3 Avg:33, SD:7, Max:68, Min:19
FCore Active Avg:64, SD:18, Max:100, Min:21
FRouter Active Avg:85, SD:2, Max:91, Min:78
T1 invocations: 140,653
T2 invocations: 247,284
T3 invocations: 9,595,036
T3b invocations: 0
Total3 invocations: 9,595,036
Total4 invocations: 1,954

T3/T2 ratio: 39
T3b/T3 ratio: 0

T1 avg ex cycles: 34
T2 avg ex cycles: 105
T3&b avg ex cycles: 4
T4 avg ex cycles: 562
Avg. hops NOC1: 2
Avg. latency NOC1 (T2): 20,816
Avg. hops NOC2: 17
Avg. latency NOC2 (T3): 2,540

===PRINTING ACUM STATS at pu_cycles: 801,084

ACollision In Avg:108, SD:18, Max:209, Min:50
ACollision Out Avg:120, SD:28, Max:262, Min:50
ACollision End Avg:37, SD:21, Max:123, Min:0
ATask1 Avg:3, SD:2, Max:9, Min:0
ATask2 Avg:22, SD:9, Max:54, Min:0
ATask3 Avg:34, SD:6, Max:71, Min:24
ACore Active Avg:59, SD:12, Max:97, Min:30
ARouter Active Avg:80, SD:2, Max:87, Min:75
T1 invocations: 592,306
T2 invocations: 1,375,205
T3 invocations: 67,856,953
T3b invocations: 0
Total3 invocations: 67,856,953
Total4 invocations: 7,660

T3/T2 ratio: 49
T3b/T3 ratio: 0

T1 avg ex cycles: 38
T2 avg ex cycles: 130
T3&b avg ex cycles: 4
T4 avg ex cycles: 541
Avg. hops NOC1: 2
Avg. latency NOC1 (T2): 33,473
Avg. hops NOC2: 17
Avg. latency NOC2 (T3): 2,496
Number of K Nodes Processed: 3,028
Number of K Edges Processed: 68,172
Node Re-explore factor: 0.72
Edge Re-explore factor: 0.53
Nodes/cy: 4
Edges/cy: 85
TEPS: 160

---DCache---
DCache Size: 28,448
DRAM words: 133,760
  DHits: 113,275,371
  DMisses: 5,430,702
  DHit Rate (hit/miss): 95%
  DEvictions: 3,725,416
  DEviction Rate (evict/misses): 69%
  MC Transactions: 6,314,246
  MC Writes: 841,403
Avg. Transactions: 99% , Writes: 13%, Avg. Latency: 23
Max MC id: 5 of 8. Transactions: 100% , Writes: 14%, MC mean Latency: 23
HBM refresh energy (nJ): 2
HBM access energy (nJ): 11,961,707
MemC wire energy 2.5d (nJ): 3,811,846
MemC wire energy 3d (nJ): 952,961

---Energy---
Leakage Energy (nJ): 74,681
PU Dyn E (nJ): 4,018,055
Mem Dyn E (nJ): 24,344,115
Route Dyn E (nJ): 4,701,202
Dynamic Energy (nJ): 33,063,373
Ratio of Dyn/Leak: 443
Total Energy (nJ): 33,138,054
Total Energy (nJ) 3D: 32,767,356
Cores Energy (nJ): 4,020,285
Route Energy (nJ): 4,708,543
Route Energy (nJ) 3D: 7,196,729
Mem Energy   (nJ): 24,409,227
Mem Energy   (nJ) 3D: 21,550,343
Avg. Power (mW): 41,366.52
Power Density (mW/mm2): 123.21

---Runtime---
Runtime in K cycles: 801.08
Microseconds: 801.08
Time per iteration (ms): 0.80

---Throughput---
GOP/s (aka OPS/ns): 421.84
GOP/s per core: 0.41
GFLOP/s: 169.75
GFLOP/s per core: 0.17
Max Peak GFLOP/s: 1,024.00
Avg. BW GB/s: 2,914.79
Max BW GB/s: 4,096.00

---Traffic---
In-Die bisection_bytes BW (GB/s): 512.00
Inter-board traffic (msg/ns): 0.00, per-link: 0.00
Inter-pack traffic (msg/ns): 0.00, per-link: 0.00
Inter-die traffic (msg/ns): 0.00, per-link: 0.00
Ruche traffic (msg/ns): 0.00, per-link: 0.00
All traffic (msg/ns): 3,161.45, per-link: 3.09
Inter-die reduction wrt all: inf
Inter-board reduction wrt inter-die: -nan

---Data Movement---
All traffic (msg): 2,532,588,769
Arith. Intensity FLOP/Loads: 0.47
Arith. Intensity FLOP/Msgs: 0.05
Arith. Intensity OPS/Loads: 1.16
Arith. Intensity OPS/Msgs: 0.13



===Core Utilization Total=== CORE-S:8;; TIME K cy:800 ;; Nodes Proc: 378,727 -- Edges Proc: 8,581,997

===PRINTING FRAME STATS

FCollision In Avg:96, SD:26, Max:220, Min:8
FCollision Out Avg:98, SD:39, Max:247, Min:21
FCollision End Avg:27, SD:32, Max:114, Min:0
FTask1 Avg:5, SD:5, Max:22, Min:0
FTask2 Avg:26, SD:17, Max:72, Min:0
FTask3 Avg:33, SD:8, Max:73, Min:20
FCore Active Avg:65, SD:19, Max:100, Min:21
FRouter Active Avg:83, SD:2, Max:90, Min:77
T1 invocations: 157,363
T2 invocations: 260,088
T3 invocations: 9,379,868
T3b invocations: 0
Total3 invocations: 9,379,868
Total4 invocations: 2,492

T3/T2 ratio: 36
T3b/T3 ratio: 0

T1 avg ex cycles: 33
T2 avg ex cycles: 101
T3&b avg ex cycles: 4
T4 avg ex cycles: 514
Avg. hops NOC1: 2
Avg. latency NOC1 (T2): 18,921
Avg. hops NOC2: 17
Avg. latency NOC2 (T3): 2,880

===PRINTING ACUM STATS at pu_cycles: 900,705

ACollision In Avg:106, SD:17, Max:200, Min:57
ACollision Out Avg:118, SD:26, Max:248, Min:51
ACollision End Avg:36, SD:20, Max:116, Min:0
ATask1 Avg:3, SD:2, Max:9, Min:0
ATask2 Avg:22, SD:8, Max:54, Min:0
ATask3 Avg:34, SD:6, Max:69, Min:23
ACore Active Avg:60, SD:12, Max:97, Min:30
ARouter Active Avg:80, SD:1, Max:87, Min:76
T1 invocations: 746,505
T2 invocations: 1,628,306
T3 invocations: 76,979,208
T3b invocations: 0
Total3 invocations: 76,979,208
Total4 invocations: 10,109

T3/T2 ratio: 47
T3b/T3 ratio: 0

T1 avg ex cycles: 37
T2 avg ex cycles: 125
T3&b avg ex cycles: 4
T4 avg ex cycles: 534
Avg. hops NOC1: 2
Avg. latency NOC1 (T2): 31,197
Avg. hops NOC2: 17
Avg. latency NOC2 (T3): 2,536
Number of K Nodes Processed: 3,114
Number of K Edges Processed: 77,493
Node Re-explore factor: 0.74
Edge Re-explore factor: 0.60
Nodes/cy: 3
Edges/cy: 86
TEPS: 142

---DCache---
DCache Size: 28,448
DRAM words: 133,760
  DHits: 128,428,747
  DMisses: 6,136,566
  DHit Rate (hit/miss): 95%
  DEvictions: 4,388,761
  DEviction Rate (evict/misses): 72%
  MC Transactions: 7,130,140
  MC Writes: 944,979
Avg. Transactions: 99% , Writes: 13%, Avg. Latency: 23
Max MC id: 5 of 8. Transactions: 100% , Writes: 13%, MC mean Latency: 26
HBM refresh energy (nJ): 2
HBM access energy (nJ): 13,507,337
MemC wire energy 2.5d (nJ): 4,304,393
MemC wire energy 3d (nJ): 1,076,098

---Energy---
Leakage Energy (nJ): 83,969
PU Dyn E (nJ): 4,556,084
Mem Dyn E (nJ): 27,510,242
Route Dyn E (nJ): 5,328,836
Dynamic Energy (nJ): 37,395,163
Ratio of Dyn/Leak: 445
Total Energy (nJ): 37,479,132
Total Energy (nJ) 3D: 37,071,208
Cores Energy (nJ): 4,558,591
Route Energy (nJ): 5,337,089
Route Energy (nJ) 3D: 8,157,460
Mem Energy   (nJ): 27,583,451
Mem Energy   (nJ) 3D: 24,355,157
Avg. Power (mW): 41,610.88
Power Density (mW/mm2): 123.94

---Runtime---
Runtime in K cycles: 900.71
Microseconds: 900.71
Time per iteration (ms): 0.90

---Throughput---
GOP/s (aka OPS/ns): 425.27
GOP/s per core: 0.42
GFLOP/s: 171.23
GFLOP/s per core: 0.17
Max Peak GFLOP/s: 1,024.00
Avg. BW GB/s: 2,932.72
Max BW GB/s: 4,096.00

---Traffic---
In-Die bisection_bytes BW (GB/s): 512.00
Inter-board traffic (msg/ns): 0.00, per-link: 0.00
Inter-pack traffic (msg/ns): 0.00, per-link: 0.00
Inter-die traffic (msg/ns): 0.00, per-link: 0.00
Ruche traffic (msg/ns): 0.00, per-link: 0.00
All traffic (msg/ns): 3,186.55, per-link: 3.11
Inter-die reduction wrt all: inf
Inter-board reduction wrt inter-die: -nan

---Data Movement---
All traffic (msg): 2,870,142,404
Arith. Intensity FLOP/Loads: 0.47
Arith. Intensity FLOP/Msgs: 0.05
Arith. Intensity OPS/Loads: 1.16
Arith. Intensity OPS/Msgs: 0.13



===Core Utilization Total=== CORE-S:9;; TIME K cy:900 ;; Nodes Proc: 389,473 -- Edges Proc: 9,765,261

===PRINTING FRAME STATS

FCollision In Avg:93, SD:26, Max:203, Min:8
FCollision Out Avg:98, SD:40, Max:175, Min:22
FCollision End Avg:27, SD:31, Max:132, Min:0
FTask1 Avg:6, SD:5, Max:29, Min:0
FTask2 Avg:26, SD:16, Max:74, Min:0
FTask3 Avg:32, SD:8, Max:71, Min:18
FCore Active Avg:65, SD:19, Max:100, Min:21
FRouter Active Avg:83, SD:4, Max:165, Min:75
T1 invocations: 174,424
T2 invocations: 273,324
T3 invocations: 9,236,658
T3b invocations: 0
Total3 invocations: 9,236,658
Total4 invocations: 3,283

T3/T2 ratio: 34
T3b/T3 ratio: 0

T1 avg ex cycles: 34
T2 avg ex cycles: 97
T3&b avg ex cycles: 4
T4 avg ex cycles: 441
Avg. hops NOC1: 2
Avg. latency NOC1 (T2): 17,335
Avg. hops NOC2: 17
Avg. latency NOC2 (T3): 3,043

===PRINTING ACUM STATS at pu_cycles: 1,000,800

ACollision In Avg:105, SD:17, Max:187, Min:53
ACollision Out Avg:116, SD:25, Max:231, Min:51
ACollision End Avg:35, SD:18, Max:116, Min:1
ATask1 Avg:3, SD:2, Max:10, Min:0
ATask2 Avg:23, SD:8, Max:49, Min:0
ATask3 Avg:34, SD:6, Max:68, Min:23
ACore Active Avg:61, SD:11, Max:97, Min:30
ARouter Active Avg:80, SD:1, Max:90, Min:77
T1 invocations: 923,491
T2 invocations: 1,904,611
T3 invocations: 86,365,123
T3b invocations: 0
Total3 invocations: 86,365,123
Total4 invocations: 13,433

T3/T2 ratio: 45
T3b/T3 ratio: 0

T1 avg ex cycles: 37
T2 avg ex cycles: 121
T3&b avg ex cycles: 4
T4 avg ex cycles: 512
Avg. hops NOC1: 2
Avg. latency NOC1 (T2): 29,179
Avg. hops NOC2: 17
Avg. latency NOC2 (T3): 2,597
Number of K Nodes Processed: 3,188
Number of K Edges Processed: 86,681
Node Re-explore factor: 0.76
Edge Re-explore factor: 0.68
Nodes/cy: 3
Edges/cy: 87
TEPS: 128

---DCache---
DCache Size: 28,448
DRAM words: 133,760
  DHits: 143,448,430
  DMisses: 6,836,218
  DHit Rate (hit/miss): 95%
  DEvictions: 5,055,225
  DEviction Rate (evict/misses): 74%
  MC Transactions: 7,936,464
  MC Writes: 1,045,166
Avg. Transactions: 99% , Writes: 13%, Avg. Latency: 23
Max MC id: 7 of 8. Transactions: 100% , Writes: 13%, MC mean Latency: 43
HBM refresh energy (nJ): 2
HBM access energy (nJ): 15,034,837
MemC wire energy 2.5d (nJ): 4,791,162
MemC wire energy 3d (nJ): 1,197,791

---Energy---
Leakage Energy (nJ): 93,300
PU Dyn E (nJ): 5,111,053
Mem Dyn E (nJ): 30,677,363
Route Dyn E (nJ): 5,973,293
Dynamic Energy (nJ): 41,761,709
Ratio of Dyn/Leak: 448
Total Energy (nJ): 41,855,009
Total Energy (nJ) 3D: 41,423,098
Cores Energy (nJ): 5,113,839
Route Energy (nJ): 5,982,463
Route Energy (nJ) 3D: 9,143,924
Mem Energy   (nJ): 30,758,708
Mem Energy   (nJ) 3D: 27,165,336
Avg. Power (mW): 41,821.55
Power Density (mW/mm2): 124.57

---Runtime---
Runtime in K cycles: 1,000.80
Microseconds: 1,000.80
Time per iteration (ms): 1.00

---Throughput---
GOP/s (aka OPS/ns): 429.73
GOP/s per core: 0.42
GFLOP/s: 172.78
GFLOP/s per core: 0.17
Max Peak GFLOP/s: 1,024.00
Avg. BW GB/s: 2,954.24
Max BW GB/s: 4,096.00

---Traffic---
In-Die bisection_bytes BW (GB/s): 512.00
Inter-board traffic (msg/ns): 0.00, per-link: 0.00
Inter-pack traffic (msg/ns): 0.00, per-link: 0.00
Inter-die traffic (msg/ns): 0.00, per-link: 0.00
Ruche traffic (msg/ns): 0.00, per-link: 0.00
All traffic (msg/ns): 3,213.22, per-link: 3.14
Inter-die reduction wrt all: inf
Inter-board reduction wrt inter-die: -nan

---Data Movement---
All traffic (msg): 3,215,794,057
Arith. Intensity FLOP/Loads: 0.47
Arith. Intensity FLOP/Msgs: 0.05
Arith. Intensity OPS/Loads: 1.17
Arith. Intensity OPS/Msgs: 0.13



===Core Utilization Total=== CORE-S:10;; TIME K cy:1,000 ;; Nodes Proc: 398,881 -- Edges Proc: 10,957,742

===PRINTING FRAME STATS

FCollision In Avg:83, SD:30, Max:205, Min:6
FCollision Out Avg:84, SD:43, Max:245, Min:10
FCollision End Avg:26, SD:32, Max:151, Min:0
FTask1 Avg:7, SD:6, Max:43, Min:0
FTask2 Avg:28, SD:18, Max:78, Min:0
FTask3 Avg:32, SD:8, Max:73, Min:18
FCore Active Avg:68, SD:20, Max:100, Min:23
FRouter Active Avg:84, SD:3, Max:92, Min:77
T1 invocations: 200,672
T2 invocations: 303,746
T3 invocations: 9,079,620
T3b invocations: 0
Total3 invocations: 9,079,620
Total4 invocations: 5,103

T3/T2 ratio: 30
T3b/T3 ratio: 0

T1 avg ex cycles: 34
T2 avg ex cycles: 93
T3&b avg ex cycles: 4
T4 avg ex cycles: 344
Avg. hops NOC1: 2
Avg. latency NOC1 (T2): 15,326
Avg. hops NOC2: 18
Avg. latency NOC2 (T3): 3,200

===PRINTING ACUM STATS at pu_cycles: 1,100,830

ACollision In Avg:103, SD:16, Max:185, Min:53
ACollision Out Avg:113, SD:25, Max:233, Min:50
ACollision End Avg:34, SD:17, Max:119, Min:1
ATask1 Avg:4, SD:2, Max:11, Min:0
ATask2 Avg:23, SD:8, Max:49, Min:0
ATask3 Avg:34, SD:6, Max:68, Min:23
ACore Active Avg:61, SD:11, Max:98, Min:30
ARouter Active Avg:81, SD:1, Max:89, Min:77
T1 invocations: 1,125,401
T2 invocations: 2,208,335
T3 invocations: 95,478,816
T3b invocations: 0
Total3 invocations: 95,478,816
Total4 invocations: 18,561

T3/T2 ratio: 43
T3b/T3 ratio: 0

T1 avg ex cycles: 36
T2 avg ex cycles: 117
T3&b avg ex cycles: 4
T4 avg ex cycles: 466
Avg. hops NOC1: 2
Avg. latency NOC1 (T2): 27,274
Avg. hops NOC2: 17
Avg. latency NOC2 (T3): 2,653
Number of K Nodes Processed: 3,255
Number of K Edges Processed: 95,980
Node Re-explore factor: 0.78
Edge Re-explore factor: 0.75
Nodes/cy: 3
Edges/cy: 87
TEPS: 117

---DCache---
DCache Size: 28,448
DRAM words: 133,760
  DHits: 158,213,377
  DMisses: 7,557,343
  DHit Rate (hit/miss): 95%
  DEvictions: 5,751,833
  DEviction Rate (evict/misses): 76%
  MC Transactions: 8,770,459
  MC Writes: 1,150,299
Avg. Transactions: 100% , Writes: 13%, Avg. Latency: 23
Max MC id: 1 of 8. Transactions: 100% , Writes: 13%, MC mean Latency: 19
HBM refresh energy (nJ): 3
HBM access energy (nJ): 16,614,757
MemC wire energy 2.5d (nJ): 5,294,637
MemC wire energy 3d (nJ): 1,323,659

---Energy---
Leakage Energy (nJ): 102,625
PU Dyn E (nJ): 5,662,397
Mem Dyn E (nJ): 33,898,323
Route Dyn E (nJ): 6,624,645
Dynamic Energy (nJ): 46,185,366
Ratio of Dyn/Leak: 450
Total Energy (nJ): 46,287,991
Total Energy (nJ) 3D: 45,823,212
Cores Energy (nJ): 5,665,461
Route Energy (nJ): 6,634,732
Route Energy (nJ) 3D: 10,140,930
Mem Energy   (nJ): 33,987,799
Mem Energy   (nJ) 3D: 30,016,821
Avg. Power (mW): 42,048.26
Power Density (mW/mm2): 125.24

---Runtime---
Runtime in K cycles: 1,100.83
Microseconds: 1,100.83
Time per iteration (ms): 1.10

---Throughput---
GOP/s (aka OPS/ns): 433.61
GOP/s per core: 0.42
GFLOP/s: 173.83
GFLOP/s per core: 0.17
Max Peak GFLOP/s: 1,024.00
Avg. BW GB/s: 2,968.23
Max BW GB/s: 4,096.00

---Traffic---
In-Die bisection_bytes BW (GB/s): 512.00
Inter-board traffic (msg/ns): 0.00, per-link: 0.00
Inter-pack traffic (msg/ns): 0.00, per-link: 0.00
Inter-die traffic (msg/ns): 0.00, per-link: 0.00
Ruche traffic (msg/ns): 0.00, per-link: 0.00
All traffic (msg/ns): 3,238.56, per-link: 3.16
Inter-die reduction wrt all: inf
Inter-board reduction wrt inter-die: -nan

---Data Movement---
All traffic (msg): 3,565,100,285
Arith. Intensity FLOP/Loads: 0.47
Arith. Intensity FLOP/Msgs: 0.05
Arith. Intensity OPS/Loads: 1.17
Arith. Intensity OPS/Msgs: 0.13



===Core Utilization Total=== CORE-S:11;; TIME K cy:1,100 ;; Nodes Proc: 407,310 -- Edges Proc: 12,135,214

===PRINTING FRAME STATS

FCollision In Avg:71, SD:31, Max:190, Min:4
FCollision Out Avg:76, SD:40, Max:202, Min:12
FCollision End Avg:23, SD:32, Max:132, Min:0
FTask1 Avg:8, SD:7, Max:34, Min:0
FTask2 Avg:30, SD:20, Max:76, Min:0
FTask3 Avg:33, SD:9, Max:72, Min:16
FCore Active Avg:71, SD:24, Max:100, Min:19
FRouter Active Avg:80, SD:3, Max:89, Min:67
T1 invocations: 215,520
T2 invocations: 300,853
T3 invocations: 8,836,226
T3b invocations: 0
Total3 invocations: 8,836,226
Total4 invocations: 7,038

T3/T2 ratio: 29
T3b/T3 ratio: 0

T1 avg ex cycles: 36
T2 avg ex cycles: 100
T3&b avg ex cycles: 4
T4 avg ex cycles: 263
Avg. hops NOC1: 2
Avg. latency NOC1 (T2): 12,957
Avg. hops NOC2: 16
Avg. latency NOC2 (T3): 4,640

===PRINTING ACUM STATS at pu_cycles: 1,200,962

ACollision In Avg:100, SD:16, Max:180, Min:56
ACollision Out Avg:110, SD:24, Max:225, Min:48
ACollision End Avg:33, SD:16, Max:118, Min:1
ATask1 Avg:4, SD:2, Max:10, Min:0
ATask2 Avg:24, SD:8, Max:50, Min:3
ATask3 Avg:34, SD:6, Max:68, Min:22
ACore Active Avg:62, SD:11, Max:98, Min:34
ARouter Active Avg:81, SD:1, Max:89, Min:77
T1 invocations: 1,343,164
T2 invocations: 2,511,261
T3 invocations: 104,377,529
T3b invocations: 0
Total3 invocations: 104,377,529
Total4 invocations: 25,640

T3/T2 ratio: 42
T3b/T3 ratio: 0

T1 avg ex cycles: 36
T2 avg ex cycles: 115
T3&b avg ex cycles: 4
T4 avg ex cycles: 410
Avg. hops NOC1: 2
Avg. latency NOC1 (T2): 25,546
Avg. hops NOC2: 17
Avg. latency NOC2 (T3): 2,822
Number of K Nodes Processed: 3,312
Number of K Edges Processed: 104,590
Node Re-explore factor: 0.79
Edge Re-explore factor: 0.82
Nodes/cy: 3
Edges/cy: 87
TEPS: 107

---DCache---
DCache Size: 28,448
DRAM words: 133,760
  DHits: 172,476,491
  DMisses: 8,240,074
  DHit Rate (hit/miss): 95%
  DEvictions: 6,416,558
  DEviction Rate (evict/misses): 78%
  MC Transactions: 9,557,564
  MC Writes: 1,248,040
Avg. Transactions: 99% , Writes: 13%, Avg. Latency: 24
Max MC id: 7 of 8. Transactions: 100% , Writes: 13%, MC mean Latency: 45
HBM refresh energy (nJ): 3
HBM access energy (nJ): 18,105,849
MemC wire energy 2.5d (nJ): 5,769,804
MemC wire energy 3d (nJ): 1,442,451

---Energy---
Leakage Energy (nJ): 111,960
PU Dyn E (nJ): 6,193,881
Mem Dyn E (nJ): 36,958,275
Route Dyn E (nJ): 7,218,147
Dynamic Energy (nJ): 50,370,303
Ratio of Dyn/Leak: 450
Total Energy (nJ): 50,482,263
Total Energy (nJ) 3D: 49,975,229
Cores Energy (nJ): 6,197,224
Route Energy (nJ): 7,229,151
Route Energy (nJ) 3D: 11,049,470
Mem Energy   (nJ): 37,055,889
Mem Energy   (nJ) 3D: 32,728,536
Avg. Power (mW): 42,034.85
Power Density (mW/mm2): 125.20

---Runtime---
Runtime in K cycles: 1,200.96
Microseconds: 1,200.96
Time per iteration (ms): 1.20

---Throughput---
GOP/s (aka OPS/ns): 436.07
GOP/s per core: 0.43
GFLOP/s: 173.96
GFLOP/s per core: 0.17
Max Peak GFLOP/s: 1,024.00
Avg. BW GB/s: 2,969.64
Max BW GB/s: 4,096.00

---Traffic---
In-Die bisection_bytes BW (GB/s): 512.00
Inter-board traffic (msg/ns): 0.00, per-link: 0.00
Inter-pack traffic (msg/ns): 0.00, per-link: 0.00
Inter-die traffic (msg/ns): 0.00, per-link: 0.00
Ruche traffic (msg/ns): 0.00, per-link: 0.00
All traffic (msg/ns): 3,235.36, per-link: 3.16
Inter-die reduction wrt all: inf
Inter-board reduction wrt inter-die: -nan

---Data Movement---
All traffic (msg): 3,885,547,338
Arith. Intensity FLOP/Loads: 0.47
Arith. Intensity FLOP/Msgs: 0.05
Arith. Intensity OPS/Loads: 1.18
Arith. Intensity OPS/Msgs: 0.13



===Core Utilization Total=== CORE-S:12;; TIME K cy:1,200 ;; Nodes Proc: 414,409 -- Edges Proc: 13,220,292

===PRINTING FRAME STATS

FCollision In Avg:61, SD:31, Max:176, Min:4
FCollision Out Avg:62, SD:39, Max:182, Min:4
FCollision End Avg:22, SD:30, Max:167, Min:0
FTask1 Avg:8, SD:8, Max:45, Min:0
FTask2 Avg:29, SD:21, Max:81, Min:0
FTask3 Avg:31, SD:7, Max:70, Min:17
FCore Active Avg:70, SD:22, Max:100, Min:23
FRouter Active Avg:84, SD:4, Max:165, Min:75
T1 invocations: 241,633
T2 invocations: 336,550
T3 invocations: 8,636,355
T3b invocations: 0
Total3 invocations: 8,636,355
Total4 invocations: 9,587

T3/T2 ratio: 26
T3b/T3 ratio: 0

T1 avg ex cycles: 36
T2 avg ex cycles: 88
T3&b avg ex cycles: 4
T4 avg ex cycles: 229
Avg. hops NOC1: 2
Avg. latency NOC1 (T2): 10,946
Avg. hops NOC2: 18
Avg. latency NOC2 (T3): 3,756

===PRINTING ACUM STATS at pu_cycles: 1,300,945

ACollision In Avg:97, SD:16, Max:177, Min:53
ACollision Out Avg:106, SD:24, Max:221, Min:46
ACollision End Avg:32, SD:16, Max:122, Min:1
ATask1 Avg:4, SD:2, Max:10, Min:1
ATask2 Avg:24, SD:7, Max:50, Min:5
ATask3 Avg:33, SD:6, Max:68, Min:23
ACore Active Avg:63, SD:11, Max:98, Min:36
ARouter Active Avg:81, SD:2, Max:89, Min:77
T1 invocations: 1,583,574
T2 invocations: 2,846,447
T3 invocations: 112,965,732
T3b invocations: 0
Total3 invocations: 112,965,732
Total4 invocations: 35,212

T3/T2 ratio: 40
T3b/T3 ratio: 0

T1 avg ex cycles: 36
T2 avg ex cycles: 112
T3&b avg ex cycles: 4
T4 avg ex cycles: 361
Avg. hops NOC1: 2
Avg. latency NOC1 (T2): 23,828
Avg. hops NOC2: 17
Avg. latency NOC2 (T3): 2,893
Number of K Nodes Processed: 3,361
Number of K Edges Processed: 113,499
Node Re-explore factor: 0.80
Edge Re-explore factor: 0.88
Nodes/cy: 3
Edges/cy: 87
TEPS: 99

---DCache---
DCache Size: 28,448
DRAM words: 133,760
  DHits: 186,920,202
  DMisses: 8,944,520
  DHit Rate (hit/miss): 95%
  DEvictions: 7,107,036
  DEviction Rate (evict/misses): 79%
  MC Transactions: 10,367,142
  MC Writes: 1,346,395
Avg. Transactions: 100% , Writes: 13%, Avg. Latency: 25
Max MC id: 7 of 8. Transactions: 100% , Writes: 13%, MC mean Latency: 46
HBM refresh energy (nJ): 3
HBM access energy (nJ): 19,639,513
MemC wire energy 2.5d (nJ): 6,258,538
MemC wire energy 3d (nJ): 1,564,634

---Energy---
Leakage Energy (nJ): 121,281
PU Dyn E (nJ): 6,724,910
Mem Dyn E (nJ): 40,069,271
Route Dyn E (nJ): 7,841,078
Dynamic Energy (nJ): 54,635,260
Ratio of Dyn/Leak: 450
Total Energy (nJ): 54,756,541
Total Energy (nJ) 3D: 54,212,652
Cores Energy (nJ): 6,728,531
Route Energy (nJ): 7,852,999
Route Energy (nJ) 3D: 12,003,014
Mem Energy   (nJ): 40,175,012
Mem Energy   (nJ) 3D: 35,481,108
Avg. Power (mW): 42,089.82
Power Density (mW/mm2): 125.37

---Runtime---
Runtime in K cycles: 1,300.94
Microseconds: 1,300.94
Time per iteration (ms): 1.30

---Throughput---
GOP/s (aka OPS/ns): 438.44
GOP/s per core: 0.43
GFLOP/s: 174.02
GFLOP/s per core: 0.17
Max Peak GFLOP/s: 1,024.00
Avg. BW GB/s: 2,969.20
Max BW GB/s: 4,096.00

---Traffic---
In-Die bisection_bytes BW (GB/s): 512.00
Inter-board traffic (msg/ns): 0.00, per-link: 0.00
Inter-pack traffic (msg/ns): 0.00, per-link: 0.00
Inter-die traffic (msg/ns): 0.00, per-link: 0.00
Ruche traffic (msg/ns): 0.00, per-link: 0.00
All traffic (msg/ns): 3,243.71, per-link: 3.17
Inter-die reduction wrt all: inf
Inter-board reduction wrt inter-die: -nan

---Data Movement---
All traffic (msg): 4,219,885,800
Arith. Intensity FLOP/Loads: 0.47
Arith. Intensity FLOP/Msgs: 0.05
Arith. Intensity OPS/Loads: 1.19
Arith. Intensity OPS/Msgs: 0.14



===Core Utilization Total=== CORE-S:13;; TIME K cy:1,300 ;; Nodes Proc: 420,482 -- Edges Proc: 14,271,388

===PRINTING FRAME STATS

FCollision In Avg:43, SD:33, Max:183, Min:3
FCollision Out Avg:42, SD:37, Max:201, Min:1
FCollision End Avg:18, SD:28, Max:193, Min:0
FTask1 Avg:9, SD:9, Max:49, Min:0
FTask2 Avg:28, SD:21, Max:77, Min:0
FTask3 Avg:31, SD:8, Max:76, Min:17
FCore Active Avg:71, SD:25, Max:100, Min:20
FRouter Active Avg:84, SD:3, Max:91, Min:74
T1 invocations: 256,870
T2 invocations: 344,919
T3 invocations: 8,698,258
T3b invocations: 0
Total3 invocations: 8,698,258
Total4 invocations: 12,656

T3/T2 ratio: 25
T3b/T3 ratio: 0

T1 avg ex cycles: 37
T2 avg ex cycles: 83
T3&b avg ex cycles: 4
T4 avg ex cycles: 184
Avg. hops NOC1: 3
Avg. latency NOC1 (T2): 8,416
Avg. hops NOC2: 17
Avg. latency NOC2 (T3): 4,564

===PRINTING ACUM STATS at pu_cycles: 1,401,128

ACollision In Avg:93, SD:16, Max:173, Min:50
ACollision Out Avg:102, SD:24, Max:220, Min:43
ACollision End Avg:31, SD:15, Max:127, Min:1
ATask1 Avg:5, SD:2, Max:9, Min:1
ATask2 Avg:24, SD:7, Max:51, Min:5
ATask3 Avg:33, SD:6, Max:69, Min:23
ACore Active Avg:63, SD:11, Max:98, Min:35
ARouter Active Avg:81, SD:2, Max:89, Min:77
T1 invocations: 1,842,731
T2 invocations: 3,192,110
T3 invocations: 121,713,169
T3b invocations: 0
Total3 invocations: 121,713,169
Total4 invocations: 47,907

T3/T2 ratio: 38
T3b/T3 ratio: 0

T1 avg ex cycles: 36
T2 avg ex cycles: 109
T3&b avg ex cycles: 4
T4 avg ex cycles: 315
Avg. hops NOC1: 2
Avg. latency NOC1 (T2): 22,157
Avg. hops NOC2: 17
Avg. latency NOC2 (T3): 3,012
Number of K Nodes Processed: 3,407
Number of K Edges Processed: 122,086
Node Re-explore factor: 0.81
Edge Re-explore factor: 0.95
Nodes/cy: 2
Edges/cy: 87
TEPS: 92

---DCache---
DCache Size: 28,448
DRAM words: 133,760
  DHits: 201,455,876
  DMisses: 9,645,117
  DHit Rate (hit/miss): 95%
  DEvictions: 7,797,485
  DEviction Rate (evict/misses): 81%
  MC Transactions: 11,175,444
  MC Writes: 1,447,983
Avg. Transactions: 100% , Writes: 13%, Avg. Latency: 25
Max MC id: 7 of 8. Transactions: 100% , Writes: 13%, MC mean Latency: 47
HBM refresh energy (nJ): 4
HBM access energy (nJ): 21,170,761
MemC wire energy 2.5d (nJ): 6,746,502
MemC wire energy 3d (nJ): 1,686,625

---Energy---
Leakage Energy (nJ): 130,621
PU Dyn E (nJ): 7,258,451
Mem Dyn E (nJ): 43,180,187
Route Dyn E (nJ): 8,437,458
Dynamic Energy (nJ): 58,876,097
Ratio of Dyn/Leak: 451
Total Energy (nJ): 59,006,718
Total Energy (nJ) 3D: 58,412,500
Cores Energy (nJ): 7,262,351
Route Energy (nJ): 8,450,296
Route Energy (nJ) 3D: 12,915,955
Mem Energy   (nJ): 43,294,071
Mem Energy   (nJ) 3D: 38,234,194
Avg. Power (mW): 42,113.72
Power Density (mW/mm2): 125.44

---Runtime---
Runtime in K cycles: 1,401.13
Microseconds: 1,401.13
Time per iteration (ms): 1.40

---Throughput---
GOP/s (aka OPS/ns): 441.10
GOP/s per core: 0.43
GFLOP/s: 173.97
GFLOP/s per core: 0.17
Max Peak GFLOP/s: 1,024.00
Avg. BW GB/s: 2,969.02
Max BW GB/s: 4,096.00

---Traffic---
In-Die bisection_bytes BW (GB/s): 512.00
Inter-board traffic (msg/ns): 0.00, per-link: 0.00
Inter-pack traffic (msg/ns): 0.00, per-link: 0.00
Inter-die traffic (msg/ns): 0.00, per-link: 0.00
Ruche traffic (msg/ns): 0.00, per-link: 0.00
All traffic (msg/ns): 3,241.81, per-link: 3.17
Inter-die reduction wrt all: inf
Inter-board reduction wrt inter-die: -nan

---Data Movement---
All traffic (msg): 4,542,195,047
Arith. Intensity FLOP/Loads: 0.47
Arith. Intensity FLOP/Msgs: 0.05
Arith. Intensity OPS/Loads: 1.19
Arith. Intensity OPS/Msgs: 0.14



===Core Utilization Total=== CORE-S:14;; TIME K cy:1,400 ;; Nodes Proc: 426,194 -- Edges Proc: 15,357,222

===PRINTING FRAME STATS

FCollision In Avg:41, SD:32, Max:159, Min:2
FCollision Out Avg:42, SD:36, Max:140, Min:1
FCollision End Avg:17, SD:25, Max:100, Min:0
FTask1 Avg:9, SD:10, Max:53, Min:0
FTask2 Avg:25, SD:21, Max:79, Min:0
FTask3 Avg:28, SD:7, Max:63, Min:16
FCore Active Avg:65, SD:25, Max:100, Min:19
FRouter Active Avg:81, SD:4, Max:91, Min:67
T1 invocations: 277,855
T2 invocations: 356,193
T3 invocations: 8,197,642
T3b invocations: 0
Total3 invocations: 8,197,642
Total4 invocations: 15,408

T3/T2 ratio: 23
T3b/T3 ratio: 0

T1 avg ex cycles: 34
T2 avg ex cycles: 72
T3&b avg ex cycles: 4
T4 avg ex cycles: 167
Avg. hops NOC1: 3
Avg. latency NOC1 (T2): 7,307
Avg. hops NOC2: 17
Avg. latency NOC2 (T3): 3,758

===PRINTING ACUM STATS at pu_cycles: 1,501,528

ACollision In Avg:90, SD:16, Max:168, Min:48
ACollision Out Avg:98, SD:23, Max:214, Min:41
ACollision End Avg:30, SD:14, Max:123, Min:1
ATask1 Avg:5, SD:2, Max:9, Min:0
ATask2 Avg:24, SD:6, Max:48, Min:5
ATask3 Avg:33, SD:6, Max:68, Min:22
ACore Active Avg:63, SD:10, Max:97, Min:35
ARouter Active Avg:81, SD:2, Max:88, Min:77
T1 invocations: 2,121,294
T2 invocations: 3,548,588
T3 invocations: 129,919,903
T3b invocations: 0
Total3 invocations: 129,919,903
Total4 invocations: 63,327

T3/T2 ratio: 37
T3b/T3 ratio: 0

T1 avg ex cycles: 36
T2 avg ex cycles: 105
T3&b avg ex cycles: 4
T4 avg ex cycles: 279
Avg. hops NOC1: 2
Avg. latency NOC1 (T2): 20,665
Avg. hops NOC2: 17
Avg. latency NOC2 (T3): 3,059
Number of K Nodes Processed: 3,448
Number of K Edges Processed: 130,198
Node Re-explore factor: 0.82
Edge Re-explore factor: 1.01
Nodes/cy: 2
Edges/cy: 87
TEPS: 85

---DCache---
DCache Size: 28,448
DRAM words: 133,760
  DHits: 215,792,163
  DMisses: 10,328,226
  DHit Rate (hit/miss): 95%
  DEvictions: 8,472,650
  DEviction Rate (evict/misses): 82%
  MC Transactions: 11,957,996
  MC Writes: 1,542,890
Avg. Transactions: 100% , Writes: 13%, Avg. Latency: 25
Max MC id: 7 of 8. Transactions: 100% , Writes: 13%, MC mean Latency: 47
HBM refresh energy (nJ): 4
HBM access energy (nJ): 22,653,227
MemC wire energy 2.5d (nJ): 7,218,920
MemC wire energy 3d (nJ): 1,804,730

---Energy---
Leakage Energy (nJ): 139,980
PU Dyn E (nJ): 7,766,732
Mem Dyn E (nJ): 46,174,265
Route Dyn E (nJ): 8,999,080
Dynamic Energy (nJ): 62,940,076
Ratio of Dyn/Leak: 450
Total Energy (nJ): 63,080,056
Total Energy (nJ) 3D: 62,428,772
Cores Energy (nJ): 7,770,911
Route Energy (nJ): 9,012,838
Route Energy (nJ) 3D: 13,775,743
Mem Energy   (nJ): 46,296,309
Mem Energy   (nJ) 3D: 40,882,119
Avg. Power (mW): 42,010.58
Power Density (mW/mm2): 125.13

---Runtime---
Runtime in K cycles: 1,501.53
Microseconds: 1,501.53
Time per iteration (ms): 1.50

---Throughput---
GOP/s (aka OPS/ns): 442.42
GOP/s per core: 0.43
GFLOP/s: 173.21
GFLOP/s per core: 0.17
Max Peak GFLOP/s: 1,024.00
Avg. BW GB/s: 2,957.69
Max BW GB/s: 4,096.00

---Traffic---
In-Die bisection_bytes BW (GB/s): 512.00
Inter-board traffic (msg/ns): 0.00, per-link: 0.00
Inter-pack traffic (msg/ns): 0.00, per-link: 0.00
Inter-die traffic (msg/ns): 0.00, per-link: 0.00
Ruche traffic (msg/ns): 0.00, per-link: 0.00
All traffic (msg/ns): 3,227.68, per-link: 3.15
Inter-die reduction wrt all: inf
Inter-board reduction wrt inter-die: -nan

---Data Movement---
All traffic (msg): 4,846,455,370
Arith. Intensity FLOP/Loads: 0.47
Arith. Intensity FLOP/Msgs: 0.05
Arith. Intensity OPS/Loads: 1.20
Arith. Intensity OPS/Msgs: 0.14



===Core Utilization Total=== CORE-S:15;; TIME K cy:1,500 ;; Nodes Proc: 431,389 -- Edges Proc: 16,438,328

===PRINTING FRAME STATS

FCollision In Avg:29, SD:29, Max:131, Min:2
FCollision Out Avg:30, SD:32, Max:130, Min:0
FCollision End Avg:13, SD:22, Max:99, Min:0
FTask1 Avg:8, SD:10, Max:46, Min:0
FTask2 Avg:21, SD:23, Max:82, Min:0
FTask3 Avg:25, SD:6, Max:55, Min:13
FCore Active Avg:57, SD:27, Max:100, Min:18
FRouter Active Avg:79, SD:5, Max:91, Min:66
T1 invocations: 276,472
T2 invocations: 354,737
T3 invocations: 7,565,188
T3b invocations: 0
Total3 invocations: 7,565,188
Total4 invocations: 18,797

T3/T2 ratio: 21
T3b/T3 ratio: 0

T1 avg ex cycles: 31
T2 avg ex cycles: 60
T3&b avg ex cycles: 3
T4 avg ex cycles: 138
Avg. hops NOC1: 3
Avg. latency NOC1 (T2): 5,826
Avg. hops NOC2: 17
Avg. latency NOC2 (T3): 3,013

===PRINTING ACUM STATS at pu_cycles: 1,600,845

ACollision In Avg:86, SD:16, Max:160, Min:45
ACollision Out Avg:93, SD:23, Max:202, Min:39
ACollision End Avg:29, SD:14, Max:116, Min:1
ATask1 Avg:5, SD:1, Max:8, Min:1
ATask2 Avg:24, SD:6, Max:48, Min:5
ATask3 Avg:32, SD:6, Max:67, Min:22
ACore Active Avg:63, SD:10, Max:97, Min:35
ARouter Active Avg:81, SD:2, Max:88, Min:77
T1 invocations: 2,396,608
T2 invocations: 3,901,067
T3 invocations: 137,441,249
T3b invocations: 0
Total3 invocations: 137,441,249
Total4 invocations: 82,107

T3/T2 ratio: 35
T3b/T3 ratio: 0

T1 avg ex cycles: 35
T2 avg ex cycles: 101
T3&b avg ex cycles: 4
T4 avg ex cycles: 246
Avg. hops NOC1: 2
Avg. latency NOC1 (T2): 19,321
Avg. hops NOC2: 17
Avg. latency NOC2 (T3): 3,056
Number of K Nodes Processed: 3,482
Number of K Edges Processed: 137,674
Node Re-explore factor: 0.83
Edge Re-explore factor: 1.07
Nodes/cy: 2
Edges/cy: 86
TEPS: 80

---DCache---
DCache Size: 28,448
DRAM words: 133,760
  DHits: 229,503,965
  DMisses: 10,963,102
  DHit Rate (hit/miss): 95%
  DEvictions: 9,102,719
  DEviction Rate (evict/misses): 83%
  MC Transactions: 12,682,300
  MC Writes: 1,629,175
Avg. Transactions: 99% , Writes: 13%, Avg. Latency: 25
Max MC id: 7 of 8. Transactions: 100% , Writes: 13%, MC mean Latency: 46
HBM refresh energy (nJ): 4
HBM access energy (nJ): 24,025,349
MemC wire energy 2.5d (nJ): 7,656,175
MemC wire energy 3d (nJ): 1,914,044

---Energy---
Leakage Energy (nJ): 149,239
PU Dyn E (nJ): 8,236,802
Mem Dyn E (nJ): 48,946,433
Route Dyn E (nJ): 9,519,115
Dynamic Energy (nJ): 66,702,351
Ratio of Dyn/Leak: 447
Total Energy (nJ): 66,851,590
Total Energy (nJ) 3D: 66,147,602
Cores Energy (nJ): 8,241,258
Route Energy (nJ): 9,533,783
Route Energy (nJ) 3D: 14,571,926
Mem Energy   (nJ): 49,076,550
Mem Energy   (nJ) 3D: 43,334,419
Avg. Power (mW): 41,760.19
Power Density (mW/mm2): 124.38

---Runtime---
Runtime in K cycles: 1,600.85
Microseconds: 1,600.85
Time per iteration (ms): 1.60

---Throughput---
GOP/s (aka OPS/ns): 442.02
GOP/s per core: 0.43
GFLOP/s: 171.81
GFLOP/s per core: 0.17
Max Peak GFLOP/s: 1,024.00
Avg. BW GB/s: 2,935.91
Max BW GB/s: 4,096.00

---Traffic---
In-Die bisection_bytes BW (GB/s): 512.00
Inter-board traffic (msg/ns): 0.00, per-link: 0.00
Inter-pack traffic (msg/ns): 0.00, per-link: 0.00
Inter-die traffic (msg/ns): 0.00, per-link: 0.00
Ruche traffic (msg/ns): 0.00, per-link: 0.00
All traffic (msg/ns): 3,203.36, per-link: 3.13
Inter-die reduction wrt all: inf
Inter-board reduction wrt inter-die: -nan

---Data Movement---
All traffic (msg): 5,128,088,242
Arith. Intensity FLOP/Loads: 0.47
Arith. Intensity FLOP/Msgs: 0.05
Arith. Intensity OPS/Loads: 1.21
Arith. Intensity OPS/Msgs: 0.14



===Core Utilization Total=== CORE-S:16;; TIME K cy:1,600 ;; Nodes Proc: 435,542 -- Edges Proc: 17,416,911

===PRINTING FRAME STATS

FCollision In Avg:16, SD:24, Max:130, Min:1
FCollision Out Avg:18, SD:28, Max:156, Min:0
FCollision End Avg:8, SD:18, Max:149, Min:0
FTask1 Avg:6, SD:10, Max:46, Min:0
FTask2 Avg:14, SD:22, Max:88, Min:0
FTask3 Avg:18, SD:4, Max:54, Min:10
FCore Active Avg:40, SD:26, Max:100, Min:12
FRouter Active Avg:65, SD:9, Max:90, Min:43
T1 invocations: 213,911
T2 invocations: 272,273
T3 invocations: 5,570,630
T3b invocations: 0
Total3 invocations: 5,570,630
Total4 invocations: 17,616

T3/T2 ratio: 20
T3b/T3 ratio: 0

T1 avg ex cycles: 29
T2 avg ex cycles: 52
T3&b avg ex cycles: 3
T4 avg ex cycles: 116
Avg. hops NOC1: 3
Avg. latency NOC1 (T2): 4,576
Avg. hops NOC2: 17
Avg. latency NOC2 (T3): 2,347

===PRINTING ACUM STATS at pu_cycles: 1,700,689

ACollision In Avg:82, SD:16, Max:152, Min:42
ACollision Out Avg:89, SD:22, Max:191, Min:37
ACollision End Avg:28, SD:13, Max:110, Min:1
ATask1 Avg:5, SD:1, Max:8, Min:1
ATask2 Avg:23, SD:5, Max:42, Min:8
ATask3 Avg:32, SD:5, Max:65, Min:21
ACore Active Avg:62, SD:9, Max:96, Min:36
ARouter Active Avg:80, SD:2, Max:87, Min:76
T1 invocations: 2,610,055
T2 invocations: 4,169,365
T3 invocations: 142,960,136
T3b invocations: 0
Total3 invocations: 142,960,136
Total4 invocations: 99,719

T3/T2 ratio: 34
T3b/T3 ratio: 0

T1 avg ex cycles: 35
T2 avg ex cycles: 98
T3&b avg ex cycles: 4
T4 avg ex cycles: 223
Avg. hops NOC1: 3
Avg. latency NOC1 (T2): 18,363
Avg. hops NOC2: 17
Avg. latency NOC2 (T3): 3,025
Number of K Nodes Processed: 3,505
Number of K Edges Processed: 143,102
Node Re-explore factor: 0.84
Edge Re-explore factor: 1.12
Nodes/cy: 2
Edges/cy: 84
TEPS: 75

---DCache---
DCache Size: 28,448
DRAM words: 133,760
  DHits: 240,082,496
  DMisses: 11,436,998
  DHit Rate (hit/miss): 95%
  DEvictions: 9,574,610
  DEviction Rate (evict/misses): 84%
  MC Transactions: 13,221,331
  MC Writes: 1,693,016
Avg. Transactions: 97% , Writes: 12%, Avg. Latency: 24
Max MC id: 7 of 8. Transactions: 99% , Writes: 13%, MC mean Latency: 45
HBM refresh energy (nJ): 5
HBM access energy (nJ): 25,046,489
MemC wire energy 2.5d (nJ): 7,981,583
MemC wire energy 3d (nJ): 1,995,396

---Energy---
Leakage Energy (nJ): 158,547
PU Dyn E (nJ): 8,581,263
Mem Dyn E (nJ): 51,002,419
Route Dyn E (nJ): 9,895,765
Dynamic Energy (nJ): 69,479,448
Ratio of Dyn/Leak: 438
Total Energy (nJ): 69,637,995
Total Energy (nJ) 3D: 68,889,299
Cores Energy (nJ): 8,585,996
Route Energy (nJ): 9,911,348
Route Energy (nJ) 3D: 15,148,839
Mem Energy   (nJ): 51,140,651
Mem Energy   (nJ) 3D: 45,154,464
Avg. Power (mW): 40,946.93
Power Density (mW/mm2): 121.96

---Runtime---
Runtime in K cycles: 1,700.69
Microseconds: 1,700.69
Time per iteration (ms): 1.70

---Throughput---
GOP/s (aka OPS/ns): 434.98
GOP/s per core: 0.42
GFLOP/s: 168.11
GFLOP/s per core: 0.16
Max Peak GFLOP/s: 1,024.00
Avg. BW GB/s: 2,874.73
Max BW GB/s: 4,096.00

---Traffic---
In-Die bisection_bytes BW (GB/s): 512.00
Inter-board traffic (msg/ns): 0.00, per-link: 0.00
Inter-pack traffic (msg/ns): 0.00, per-link: 0.00
Inter-die traffic (msg/ns): 0.00, per-link: 0.00
Ruche traffic (msg/ns): 0.00, per-link: 0.00
All traffic (msg/ns): 3,135.63, per-link: 3.06
Inter-die reduction wrt all: inf
Inter-board reduction wrt inter-die: -nan

---Data Movement---
All traffic (msg): 5,332,726,614
Arith. Intensity FLOP/Loads: 0.47
Arith. Intensity FLOP/Msgs: 0.05
Arith. Intensity OPS/Loads: 1.21
Arith. Intensity OPS/Msgs: 0.14



===Core Utilization Total=== CORE-S:17;; TIME K cy:1,700 ;; Nodes Proc: 438,548 -- Edges Proc: 18,201,543
======== IT IS COLD ======= Only 45 Tiles active

===PRINTING FRAME STATS

FCollision In Avg:5, SD:14, Max:109, Min:0
FCollision Out Avg:7, SD:19, Max:149, Min:0
FCollision End Avg:3, SD:12, Max:148, Min:0
FTask1 Avg:3, SD:7, Max:46, Min:0
FTask2 Avg:6, SD:16, Max:93, Min:0
FTask3 Avg:8, SD:2, Max:24, Min:2
FCore Active Avg:18, SD:20, Max:100, Min:5
FRouter Active Avg:34, SD:10, Max:78, Min:18
T1 invocations: 97,693
T2 invocations: 127,868
T3 invocations: 2,451,526
T3b invocations: 0
Total3 invocations: 2,451,526
Total4 invocations: 9,314

T3/T2 ratio: 19
T3b/T3 ratio: 0

T1 avg ex cycles: 29
T2 avg ex cycles: 50
T3&b avg ex cycles: 3
T4 avg ex cycles: 100
Avg. hops NOC1: 4
Avg. latency NOC1 (T2): 4,070
Avg. hops NOC2: 17
Avg. latency NOC2 (T3): 1,820

===PRINTING ACUM STATS at pu_cycles: 1,801,010

ACollision In Avg:78, SD:15, Max:143, Min:40
ACollision Out Avg:84, SD:21, Max:181, Min:35
ACollision End Avg:27, SD:12, Max:104, Min:1
ATask1 Avg:5, SD:1, Max:8, Min:1
ATask2 Avg:23, SD:5, Max:40, Min:12
ATask3 Avg:30, SD:5, Max:62, Min:20
ACore Active Avg:59, SD:8, Max:93, Min:39
ARouter Active Avg:77, SD:2, Max:84, Min:73
T1 invocations: 2,714,797
T2 invocations: 4,301,374
T3 invocations: 145,456,684
T3b invocations: 0
Total3 invocations: 145,456,684
Total4 invocations: 109,154

T3/T2 ratio: 34
T3b/T3 ratio: 0

T1 avg ex cycles: 35
T2 avg ex cycles: 97
T3&b avg ex cycles: 4
T4 avg ex cycles: 213
Avg. hops NOC1: 3
Avg. latency NOC1 (T2): 17,924
Avg. hops NOC2: 17
Avg. latency NOC2 (T3): 3,005
Number of K Nodes Processed: 3,515
Number of K Edges Processed: 145,486
Node Re-explore factor: 0.84
Edge Re-explore factor: 1.13
Nodes/cy: 2
Edges/cy: 81
TEPS: 71

---DCache---
DCache Size: 28,448
DRAM words: 133,760
  DHits: 244,939,295
  DMisses: 11,648,679
  DHit Rate (hit/miss): 95%
  DEvictions: 9,785,998
  DEviction Rate (evict/misses): 84%
  MC Transactions: 13,460,487
  MC Writes: 1,720,281
Avg. Transactions: 93% , Writes: 12%, Avg. Latency: 24
Max MC id: 7 of 8. Transactions: 95% , Writes: 12%, MC mean Latency: 44
HBM refresh energy (nJ): 5
HBM access energy (nJ): 25,499,546
MemC wire energy 2.5d (nJ): 8,125,959
MemC wire energy 3d (nJ): 2,031,490

---Energy---
Leakage Energy (nJ): 167,900
PU Dyn E (nJ): 8,741,299
Mem Dyn E (nJ): 51,927,402
Route Dyn E (nJ): 10,065,814
Dynamic Energy (nJ): 70,734,515
Ratio of Dyn/Leak: 421
Total Energy (nJ): 70,902,415
Total Energy (nJ) 3D: 70,135,437
Cores Energy (nJ): 8,746,311
Route Energy (nJ): 10,082,316
Route Energy (nJ) 3D: 15,409,807
Mem Energy   (nJ): 52,073,788
Mem Energy   (nJ) 3D: 45,979,319
Avg. Power (mW): 39,368.14
Power Density (mW/mm2): 117.26

---Runtime---
Runtime in K cycles: 1,801.01
Microseconds: 1,801.01
Time per iteration (ms): 1.80

---Throughput---
GOP/s (aka OPS/ns): 419.10
GOP/s per core: 0.41
GFLOP/s: 161.53
GFLOP/s per core: 0.16
Max Peak GFLOP/s: 1,024.00
Avg. BW GB/s: 2,763.13
Max BW GB/s: 4,096.00

---Traffic---
In-Die bisection_bytes BW (GB/s): 512.00
Inter-board traffic (msg/ns): 0.00, per-link: 0.00
Inter-pack traffic (msg/ns): 0.00, per-link: 0.00
Inter-die traffic (msg/ns): 0.00, per-link: 0.00
Ruche traffic (msg/ns): 0.00, per-link: 0.00
All traffic (msg/ns): 3,012.21, per-link: 2.94
Inter-die reduction wrt all: inf
Inter-board reduction wrt inter-die: -nan

---Data Movement---
All traffic (msg): 5,425,019,628
Arith. Intensity FLOP/Loads: 0.47
Arith. Intensity FLOP/Msgs: 0.05
Arith. Intensity OPS/Loads: 1.22
Arith. Intensity OPS/Msgs: 0.14



===Core Utilization Total=== CORE-S:18;; TIME K cy:1,800 ;; Nodes Proc: 439,781 -- Edges Proc: 18,552,765
======== IT IS COLD ======= Only 15 Tiles active

===PRINTING FRAME STATS

FCollision In Avg:1, SD:8, Max:99, Min:0
FCollision Out Avg:2, SD:12, Max:141, Min:0
FCollision End Avg:1, SD:7, Max:97, Min:0
FTask1 Avg:1, SD:3, Max:41, Min:0
FTask2 Avg:1, SD:8, Max:100, Min:0
FTask3 Avg:2, SD:1, Max:7, Min:0
FCore Active Avg:4, SD:10, Max:100, Min:1
FRouter Active Avg:8, SD:6, Max:46, Min:3
T1 invocations: 18,726
T2 invocations: 24,169
T3 invocations: 513,683
T3b invocations: 0
Total3 invocations: 513,683
Total4 invocations: 2,080

T3/T2 ratio: 21
T3b/T3 ratio: 0

T1 avg ex cycles: 30
T2 avg ex cycles: 55
T3&b avg ex cycles: 3
T4 avg ex cycles: 84
Avg. hops NOC1: 3
Avg. latency NOC1 (T2): 4,833
Avg. hops NOC2: 17
Avg. latency NOC2 (T3): 1,629

===PRINTING ACUM STATS at pu_cycles: 1,900,655

ACollision In Avg:74, SD:14, Max:136, Min:38
ACollision Out Avg:80, SD:20, Max:171, Min:33
ACollision End Avg:25, SD:11, Max:98, Min:2
ATask1 Avg:5, SD:1, Max:7, Min:3
ATask2 Avg:21, SD:4, Max:38, Min:14
ATask3 Avg:29, SD:5, Max:59, Min:19
ACore Active Avg:56, SD:8, Max:91, Min:41
ARouter Active Avg:74, SD:2, Max:80, Min:70
T1 invocations: 2,736,928
T2 invocations: 4,326,390
T3 invocations: 145,981,774
T3b invocations: 0
Total3 invocations: 145,981,774
Total4 invocations: 111,288

T3/T2 ratio: 34
T3b/T3 ratio: 0

T1 avg ex cycles: 35
T2 avg ex cycles: 96
T3&b avg ex cycles: 4
T4 avg ex cycles: 211
Avg. hops NOC1: 3
Avg. latency NOC1 (T2): 17,849
Avg. hops NOC2: 17
Avg. latency NOC2 (T3): 3,001
Number of K Nodes Processed: 3,517
Number of K Edges Processed: 145,985
Node Re-explore factor: 0.84
Edge Re-explore factor: 1.14
Nodes/cy: 2
Edges/cy: 77
TEPS: 68

---DCache---
DCache Size: 28,448
DRAM words: 133,760
  DHits: 245,968,064
  DMisses: 11,691,507
  DHit Rate (hit/miss): 95%
  DEvictions: 9,828,818
  DEviction Rate (evict/misses): 84%
  MC Transactions: 13,507,198
  MC Writes: 1,724,159
Avg. Transactions: 89% , Writes: 11%, Avg. Latency: 24
Max MC id: 7 of 8. Transactions: 90% , Writes: 12%, MC mean Latency: 44
HBM refresh energy (nJ): 5
HBM access energy (nJ): 25,588,035
MemC wire energy 2.5d (nJ): 8,154,158
MemC wire energy 3d (nJ): 2,038,539

---Energy---
Leakage Energy (nJ): 177,189
PU Dyn E (nJ): 8,774,587
Mem Dyn E (nJ): 52,112,381
Route Dyn E (nJ): 10,101,408
Dynamic Energy (nJ): 70,988,376
Ratio of Dyn/Leak: 401
Total Energy (nJ): 71,165,565
Total Energy (nJ) 3D: 70,396,277
Cores Energy (nJ): 8,779,876
Route Energy (nJ): 10,118,823
Route Energy (nJ) 3D: 15,465,153
Mem Energy   (nJ): 52,266,866
Mem Energy   (nJ) 3D: 46,151,248
Avg. Power (mW): 37,442.65
Power Density (mW/mm2): 111.52

---Runtime---
Runtime in K cycles: 1,900.65
Microseconds: 1,900.65
Time per iteration (ms): 1.90

---Throughput---
GOP/s (aka OPS/ns): 398.78
GOP/s per core: 0.39
GFLOP/s: 153.61
GFLOP/s per core: 0.15
Max Peak GFLOP/s: 1,024.00
Avg. BW GB/s: 2,627.82
Max BW GB/s: 4,096.00

---Traffic---
In-Die bisection_bytes BW (GB/s): 512.00
Inter-board traffic (msg/ns): 0.00, per-link: 0.00
Inter-pack traffic (msg/ns): 0.00, per-link: 0.00
Inter-die traffic (msg/ns): 0.00, per-link: 0.00
Ruche traffic (msg/ns): 0.00, per-link: 0.00
All traffic (msg/ns): 2,864.39, per-link: 2.80
Inter-die reduction wrt all: inf
Inter-board reduction wrt inter-die: -nan

---Data Movement---
All traffic (msg): 5,444,224,892
Arith. Intensity FLOP/Loads: 0.47
Arith. Intensity FLOP/Msgs: 0.05
Arith. Intensity OPS/Loads: 1.22
Arith. Intensity OPS/Msgs: 0.14



===Core Utilization Total=== CORE-S:19;; TIME K cy:1,900 ;; Nodes Proc: 440,018 -- Edges Proc: 18,611,191
======== IT IS COLD ======= Only 3 Tiles active

===PRINTING FRAME STATS

FCollision In Avg:0, SD:5, Max:95, Min:0
FCollision Out Avg:1, SD:5, Max:95, Min:0
FCollision End Avg:0, SD:3, Max:67, Min:0
FTask1 Avg:0, SD:2, Max:35, Min:0
FTask2 Avg:0, SD:5, Max:87, Min:0
FTask3 Avg:1, SD:1, Max:7, Min:0
FCore Active Avg:1, SD:6, Max:93, Min:0
FRouter Active Avg:3, SD:4, Max:41, Min:1
T1 invocations: 7,501
T2 invocations: 10,131
T3 invocations: 216,073
T3b invocations: 0
Total3 invocations: 216,073
Total4 invocations: 953

T3/T2 ratio: 21
T3b/T3 ratio: 0

T1 avg ex cycles: 30
T2 avg ex cycles: 48
T3&b avg ex cycles: 3
T4 avg ex cycles: 78
Avg. hops NOC1: 3
Avg. latency NOC1 (T2): 4,179
Avg. hops NOC2: 16
Avg. latency NOC2 (T3): 2,588

===PRINTING ACUM STATS at pu_cycles: 2,000,150

ACollision In Avg:70, SD:13, Max:129, Min:36
ACollision Out Avg:77, SD:19, Max:163, Min:31
ACollision End Avg:24, SD:11, Max:94, Min:2
ATask1 Avg:5, SD:1, Max:7, Min:4
ATask2 Avg:21, SD:4, Max:38, Min:15
ATask3 Avg:28, SD:5, Max:56, Min:19
ACore Active Avg:54, SD:8, Max:87, Min:39
ARouter Active Avg:71, SD:2, Max:76, Min:66
T1 invocations: 2,743,087
T2 invocations: 4,333,076
T3 invocations: 146,131,177
T3b invocations: 0
Total3 invocations: 146,131,177
Total4 invocations: 112,008

T3/T2 ratio: 34
T3b/T3 ratio: 0

T1 avg ex cycles: 35
T2 avg ex cycles: 96
T3&b avg ex cycles: 4
T4 avg ex cycles: 210
Avg. hops NOC1: 3
Avg. latency NOC1 (T2): 17,827
Avg. hops NOC2: 17
Avg. latency NOC2 (T3): 3,000
Number of K Nodes Processed: 3,518
Number of K Edges Processed: 146,152
Node Re-explore factor: 0.84
Edge Re-explore factor: 1.14
Nodes/cy: 2
Edges/cy: 73
TEPS: 64

---DCache---
DCache Size: 28,448
DRAM words: 133,760
  DHits: 246,312,836
  DMisses: 11,706,239
  DHit Rate (hit/miss): 95%
  DEvictions: 9,843,548
  DEviction Rate (evict/misses): 84%
  MC Transactions: 13,523,124
  MC Writes: 1,725,352
Avg. Transactions: 85% , Writes: 11%, Avg. Latency: 24
Max MC id: 7 of 8. Transactions: 86% , Writes: 11%, MC mean Latency: 44
HBM refresh energy (nJ): 5
HBM access energy (nJ): 25,618,206
MemC wire energy 2.5d (nJ): 8,163,772
MemC wire energy 3d (nJ): 2,040,943

---Energy---
Leakage Energy (nJ): 186,465
PU Dyn E (nJ): 8,783,242
Mem Dyn E (nJ): 52,170,838
Route Dyn E (nJ): 10,112,113
Dynamic Energy (nJ): 71,066,193
Ratio of Dyn/Leak: 381
Total Energy (nJ): 71,252,658
Total Energy (nJ) 3D: 70,481,825
Cores Energy (nJ): 8,788,808
Route Energy (nJ): 10,130,439
Route Energy (nJ) 3D: 15,482,436
Mem Energy   (nJ): 52,333,410
Mem Energy   (nJ) 3D: 46,210,581
Avg. Power (mW): 35,623.66
Power Density (mW/mm2): 106.11

---Runtime---
Runtime in K cycles: 2,000.15
Microseconds: 2,000.15
Time per iteration (ms): 2.00

---Throughput---
GOP/s (aka OPS/ns): 379.37
GOP/s per core: 0.37
GFLOP/s: 146.10
GFLOP/s per core: 0.14
Max Peak GFLOP/s: 1,024.00
Avg. BW GB/s: 2,499.48
Max BW GB/s: 4,096.00

---Traffic---
In-Die bisection_bytes BW (GB/s): 512.00
Inter-board traffic (msg/ns): 0.00, per-link: 0.00
Inter-pack traffic (msg/ns): 0.00, per-link: 0.00
Inter-die traffic (msg/ns): 0.00, per-link: 0.00
Ruche traffic (msg/ns): 0.00, per-link: 0.00
All traffic (msg/ns): 2,724.82, per-link: 2.66
Inter-die reduction wrt all: inf
Inter-board reduction wrt inter-die: -nan

---Data Movement---
All traffic (msg): 5,450,043,237
Arith. Intensity FLOP/Loads: 0.47
Arith. Intensity FLOP/Msgs: 0.05
Arith. Intensity OPS/Loads: 1.22
Arith. Intensity OPS/Msgs: 0.14



===Core Utilization Total=== CORE-S:20;; TIME K cy:2,000 ;; Nodes Proc: 440,127 -- Edges Proc: 18,615,569
======== IT IS COLD ======= Only 0 Tiles active
Epoch Done Router: 7
Epoch Done Router: 0
Epoch Done Router: 6
Epoch Done Router: 5
Epoch Done Router: 4
Epoch Done Router: 2
##EPOCH## 1 COMPLETED at Time (K cy): 2,098
Nodes processed until now: 3,518,914
Edges processed until now: 146,203,816
Epoch Done Router: 1
Epoch Done Router: 3
Program Done Router Thread: 3
Program Done Worker Thread: 6
Program Done Worker Thread: 2
Program Done Router Thread: 5
Program Done Router Thread: 1
Program Done Worker Thread: 7
Program Done Worker Thread: 4
Program Done Worker Thread: 5
Program Done Router Thread: 7
Program Done Router Thread: 0
Program Done Router Thread: 2
Program Done Router Thread: 4
Program Done Worker Thread: 0
Program Done Router Thread: 6
Program Done Worker Thread: 3
Program Done Worker Thread: 1

===PRINTING ACUM STATS at pu_cycles: 2,098,504

ACollision In Avg:67, SD:13, Max:123, Min:34
ACollision Out Avg:73, SD:18, Max:155, Min:30
ACollision End Avg:23, SD:10, Max:89, Min:2
ATask1 Avg:4, SD:1, Max:6, Min:3
ATask2 Avg:19, SD:4, Max:34, Min:14
ATask3 Avg:26, SD:4, Max:54, Min:18
ACore Active Avg:51, SD:7, Max:85, Min:38
ARouter Active Avg:67, SD:1, Max:73, Min:63
T1 invocations: 2,744,844
T2 invocations: 4,336,872
T3 invocations: 146,203,816
T3b invocations: 0
Total3 invocations: 146,203,816
Total4 invocations: 112,562

T3/T2 ratio: 34
T3b/T3 ratio: 0

T1 avg ex cycles: 35
T2 avg ex cycles: 96
T3&b avg ex cycles: 4
T4 avg ex cycles: 209
Avg. hops NOC1: 3
Avg. latency NOC1 (T2): 17,817
Avg. hops NOC2: 17
Avg. latency NOC2 (T3): 2,999

Runtime at program end in K cycles: 2,098
Runtime before cooldown in K cycles: 1,600


Number of K Nodes Processed: 3,518
Number of K Edges Processed: 146,203
Node Re-explore factor: 0.84
Edge Re-explore factor: 1.14
Nodes/cy: 2
Edges/cy: 70
TEPS: 61

---DCache---
DCache Size: 28,448
DRAM words: 133,760
  DHits: 246,418,403
  DMisses: 11,710,583
  DHit Rate (hit/miss): 95%
  DEvictions: 9,847,892
  DEviction Rate (evict/misses): 84%
  MC Transactions: 13,527,876
  MC Writes: 1,725,760
Avg. Transactions: 81% , Writes: 10%, Avg. Latency: 24
Max MC id: 7 of 8. Transactions: 82% , Writes: 11%, MC mean Latency: 44
HBM refresh energy (nJ): 6
HBM access energy (nJ): 25,627,208
MemC wire energy 2.5d (nJ): 8,166,641
MemC wire energy 3d (nJ): 2,041,660

---Energy---
Leakage Energy (nJ): 195,634
PU Dyn E (nJ): 8,788,493
Mem Dyn E (nJ): 52,193,059
Route Dyn E (nJ): 10,116,560
Dynamic Energy (nJ): 71,098,112
Ratio of Dyn/Leak: 363
Total Energy (nJ): 71,293,746
Total Energy (nJ) 3D: 70,523,115
Cores Energy (nJ): 8,794,334
Route Energy (nJ): 10,135,788
Route Energy (nJ) 3D: 15,490,137
Mem Energy   (nJ): 52,363,625
Mem Energy   (nJ) 3D: 46,238,644
Avg. Power (mW): 33,973.60
Power Density (mW/mm2): 101.19

---Runtime---
Runtime in K cycles: 2,098.50
Microseconds: 2,098.50
Time per iteration (ms): 2.10

---Inst---
K Loads: 624,233
K Stores: 626,331
K Instructions: 759,224

---Throughput---
GOP/s (aka OPS/ns): 361.79
GOP/s per core: 0.35
GFLOP/s: 139.34
GFLOP/s per core: 0.14
Max Peak GFLOP/s: 1,024.00
Avg. BW GB/s: 2,383.73
Max BW GB/s: 4,096.00

---Traffic---
In-Die bisection_bytes BW (GB/s): 512.00
Inter-board traffic (msg/ns): 0.00, per-link: 0.00
Inter-pack traffic (msg/ns): 0.00, per-link: 0.00
Inter-die traffic (msg/ns): 0.00, per-link: 0.00
Ruche traffic (msg/ns): 0.00, per-link: 0.00
All traffic (msg/ns): 2,598.24, per-link: 2.54
Inter-die reduction wrt all: inf
Inter-board reduction wrt inter-die: -nan

---Data Movement---
All traffic (msg): 5,452,423,012
Arith. Intensity FLOP/Loads: 0.47
Arith. Intensity FLOP/Msgs: 0.05
Arith. Intensity OPS/Loads: 1.22
Arith. Intensity OPS/Msgs: 0.14

Simulation time: 171.84
Sim time / DUT time: 79.97
Sim noc_cy/s: 12,211.80
Sim Msg/s: 31,729,230.68

Version 32

