Dataset:  wikipedia/
Dry run: 0
Open Edge Count File succesfully
Edges Traversed BFS: 95554407
Found Vertices: 4206592, Edges: 101311613
avg degree 25
Array  wikipedia/node_array.bin found
Malloc array of size 16826372 bytes
Readin array of size 16825160 bytes
Finished Reading Array Bytes
No reordering Array 32bit
Array  wikipedia/edge_array.bin found
Malloc array of size 405246452 bytes
Readin array of size 405246452 bytes
Finished Reading Array Bytes
No reordering Array 32bit
Array  wikipedia/edge_values.bin found
Malloc array of size 405246452 bytes
Readin array of size 405246452 bytes
Finished Reading Array Bytes
No reordering Array 32bit
Reading graph elapsed time: 0.27956s

Dataset Footprint: 821 MiB
Dataset Footprint per Board: 6888.1 Mb
Dataset injection time (ms): 0.420416
Max Dataset Footprint: 821 MiB

Dataset footprint per tile: 821 KiB
Proxys footprint per tile: 0 KiB
Reserved SRAM per tile: 221 KiB

Ideal SRAM per tile: 1042 KiB
reserved_words_for_dataset:93509
dataset_words_per_tile:210208
remaining_sram_words:467546
min_dcache_sram_words_required:94417
dataset_words_per_tile:210208
min_pcache_sram_words_required:0
proxys_words_per_tile:0
Dcache footprint ratio: 1
Dataset Cached: 0
DCache: 210208 words, lines: 13138, sets: 13138
Proxys Cached: 0
Pcache: 0 words, sets: 0
Node per tile: 4,108
Edge per tile: 98,938
GRID_X: 32
GRID_SIZE: 1,024
smt_per_tile: 4
noc_freq: 1
pu_freq: 1
RUCHE_X: 4
PROXY_W: 32
DIE_W: 8
DIE_H: 8
DIES: 16
BORDER_TILES_PER_DIE: 32
PACK_W: 32
PACK_H: 32
DIES_PACK_FACTOR: 4
DIES_PER_PACK: 16
PACKAGES: 1
BOARD_W: 32
BOARD_H: 32
BOARDS: 1
MUX_BUS: 1
DCACHE: 1
PCACHE: 0
PROXY_FACTOR: 1
CACHE_WAYS: 1
TORUS: 1
PHY_NOCS: 1
WIDE_NOC_ID: 0
NOC_CONF: 1
noc_width: 32
hbm_channel_bit_width: 512
ld_st_op_byte_width: 4
PROXY_ROUTING: 0
WITHIN_REGION: 0
WRITE_THROUGH: 0
ASSERT_MODE: 0
GLOBAL_BARRIER: 0
OQ flits: 144 ; 6,144 ; 2
IQ flits: 1,152 ; 49,152 ; 2
OQ messages: 48 ; 3,072 ; 1
IQ messages: 384 ; 24,576 ; 1
max_task2 size: 64
io_factor_t2: 8
io_factor_t3: 8
io_factor_t3b: 8

Active SRAM Storage per tile: 1,042 KiB
Total SRAM Storage per tile: 2,048 KiB
Agreggated SRAM Storage: 2,048 MiB

Active DRAM Storage per tile: 0 MiB
Total DRAM Storage per tile: 128 MiB
Agreggated DRAM Storage: 128 GiB

Inter-Die #links: 256
Inter-Die (Gbits): 8,192
Inter-Die (Gbits/mm): 245.576
Bisection BW of Board (Gbits): 8,192
Border IO #Dies: 16
Border IO Die BW (Gbits): 1,024
Off-Board BW Total (Gbits): 16,384
Off-Board BW Density (Gbits/mm): 72
Die side: 8.34 mm
Die border wire density: 245.58 Gbits/mm
HBM wire density: 491.15 Gbits/mm

Tiles per Die: 64 (8x8)
Tile Area: 0.76 mm2, side: 0.87 mm
- Core/Rout Area: 0.19 mm2
- SRAM Area: 0.57 mm2
- SRAM/Logic Ratio: 3.08x

Dies per Package: 16 (4x4)
Die Area: 69.55 mm2, side: 8.34 mm
- Tiles Area: 48.68 mm2
- PHY Area: 11.87 mm2
- MC Area: 9.00 mm2

Packages per Board: 1 (1x1)
Package Area: 3,192.77 mm2, side: 56.50 mm
- IOdie Area: 320.00 mm2
- Dies Area: 1,112.77 mm2
- HBM Area: 1,760.00 mm2

Boards: 1 (1x1)
Board Area: 3,192.77 mm2
Total Area: 3,192.77 mm2



ESTIMATED COST OF SILICON AND PACKAGING. ONLY VARIABLE, NO FIXED COSTS
Good dies per wafer 3d: 481
Good dies per wafer 2d: 802
--Dies 3D Cost: 201.15 $
--Dies 2.5D Cost: 120.64 $
--Dies 2D Cost: 120.64 $
--HBM Cost: 960.00 $
--IOdie Cost: 33.76 $
--Packaging Cost 3d: 41.27 $
--Packaging Cost 2.5d: 65.38 $
--Packaging Cost 2d: 23.16 $
SiP Cost 3d: 1,236.17 $
SiP Cost 2.5d: 1,179.78 $
SiP Cost 2d: 177.56 $
--Board Cost: 3.19 $
Total SiPs Cost 3d: 1,239.37 $
Total SiPs Cost 2.5d: 1,182.97 $
Total SiPs Cost 2d: 180.75 $

Perf counters initialized
Mesh connected
Cache structures initialized
proxys initialized
Dataset structures initialized


Starting Simulation
INIT epoch: 1
INIT epoch: 1
INIT epoch: 1
INIT epoch: 1
INIT epoch: 1
INIT epoch: 1
INIT epoch: 1
INIT epoch: 1

===PRINTING FRAME STATS

FCollision In Avg:-nan, SD:-nan, Max:640, Min:36
FCollision Out Avg:-nan, SD:-nan, Max:479, Min:3
FCollision End Avg:-nan, SD:-nan, Max:97, Min:0
FTask1 Avg:-nan, SD:-nan, Max:148, Min:3
FTask2 Avg:-nan, SD:-nan, Max:358, Min:0
FTask3 Avg:-nan, SD:-nan, Max:238, Min:1
FCore Active Avg:-nan, SD:-nan, Max:100, Min:2
FRouter Active Avg:-nan, SD:-nan, Max:98, Min:7
T1 invocations: 196,406
T2 invocations: 522,615
T3 invocations: 8,846,808
T3b invocations: 0
Total3 invocations: 8,846,808
Total4 invocations: 0

T3/T2 ratio: 17
T3b/T3 ratio: 0

T1 avg ex cycles: 117
T2 avg ex cycles: 84
T3&b avg ex cycles: 3
T4 avg ex cycles: -nan
Avg. hops NOC1: 7
Avg. latency NOC1 (T2): 17,621
Avg. hops NOC2: 8
Avg. latency NOC2 (T3): 12,349

===PRINTING ACUM STATS at pu_cycles: 101,251

ACollision In Avg:-nan, SD:-nan, Max:640, Min:36
ACollision Out Avg:-nan, SD:-nan, Max:479, Min:3
ACollision End Avg:-nan, SD:-nan, Max:97, Min:0
ATask1 Avg:-nan, SD:-nan, Max:148, Min:3
ATask2 Avg:-nan, SD:-nan, Max:358, Min:0
ATask3 Avg:-nan, SD:-nan, Max:238, Min:1
ACore Active Avg:-nan, SD:-nan, Max:100, Min:2
ARouter Active Avg:-nan, SD:-nan, Max:98, Min:7
T1 invocations: 196,517
T2 invocations: 523,570
T3 invocations: 8,856,214
T3b invocations: 0
Total3 invocations: 8,856,214
Total4 invocations: 0

T3/T2 ratio: 17
T3b/T3 ratio: 0

T1 avg ex cycles: 117
T2 avg ex cycles: 84
T3&b avg ex cycles: 3
T4 avg ex cycles: -nan
Avg. hops NOC1: 7
Avg. latency NOC1 (T2): 17,657
Avg. hops NOC2: 8
Avg. latency NOC2 (T3): 12,347
Number of K Nodes Processed: 8,928
Number of K Edges Processed: 10,267
Node Re-explore factor: 2.12
Edge Re-explore factor: 0.10
Nodes/cy: 88
Edges/cy: 101
TEPS: 944

---DCache---
DCache Size: 210,208
DRAM words: 0
  DHits: 0
  DMisses: 0

---Energy---
Leakage Energy (nJ): 72,930
PU Dyn E (nJ): 625,494
Mem Dyn E (nJ): 4,033,731
Route Dyn E (nJ): 963,848
Dynamic Energy (nJ): 5,623,074
Ratio of Dyn/Leak: 77
Total Energy (nJ): 5,696,004
Total Energy (nJ) 3D: 6,171,944
Cores Energy (nJ): 626,622
Route Energy (nJ): 968,129
Route Energy (nJ) 3D: 1,444,069
Mem Energy   (nJ): 4,101,254
Mem Energy   (nJ) 3D: 4,101,254
Avg. Power (mW): 56,256.27
Power Density (mW/mm2): 17.62

---Runtime---
Runtime in K cycles: 101.25
Microseconds: 101.25
Time per iteration (ms): 0.10

---Throughput---
GOP/s (aka OPS/ns): 613.52
GOP/s per core: 0.60
GFLOP/s: 185.58
GFLOP/s per core: 0.18
Max Peak GFLOP/s: 4,096.00
Avg. BW GB/s: 4,000.30
Max BW GB/s: 16,384.00

---Traffic---
In-Die bisection_bytes BW (GB/s): 128.00
Inter-board traffic (msg/ns): 0.00, per-link: 0.00
Inter-pack traffic (msg/ns): 0.00, per-link: 0.00
Inter-die traffic (msg/ns): 93.58, per-link: 0.18
Ruche traffic (msg/ns): 150.07, per-link: 0.29
All traffic (msg/ns): 1,465.76, per-link: 1.43
Inter-die reduction wrt all: 15.66
Inter-board reduction wrt inter-die: inf

---Data Movement---
All traffic (msg): 148,409,629
Arith. Intensity FLOP/Loads: 0.37
Arith. Intensity FLOP/Msgs: 0.13
Arith. Intensity OPS/Loads: 1.23
Arith. Intensity OPS/Msgs: 0.42



===Core Utilization Total=== CORE-S:1;; TIME K cy:100 ;; Nodes Proc: 1,176,560 -- Edges Proc: 1,496,285

===PRINTING FRAME STATS

FCollision In Avg:204, SD:90, Max:607, Min:8
FCollision Out Avg:151, SD:79, Max:497, Min:0
FCollision End Avg:21, SD:37, Max:100, Min:0
FTask1 Avg:12, SD:22, Max:129, Min:0
FTask2 Avg:36, SD:61, Max:359, Min:0
FTask3 Avg:25, SD:32, Max:238, Min:1
FCore Active Avg:18, SD:20, Max:100, Min:0
FRouter Active Avg:47, SD:21, Max:185, Min:7
T1 invocations: 131,745
T2 invocations: 401,224
T3 invocations: 8,595,964
T3b invocations: 0
Total3 invocations: 8,595,964
Total4 invocations: 0

T3/T2 ratio: 21
T3b/T3 ratio: 0

T1 avg ex cycles: 96
T2 avg ex cycles: 91
T3&b avg ex cycles: 3
T4 avg ex cycles: -nan
Avg. hops NOC1: 5
Avg. latency NOC1 (T2): 32,606
Avg. hops NOC2: 7
Avg. latency NOC2 (T3): 12,988

===PRINTING ACUM STATS at pu_cycles: 201,423

ACollision In Avg:214, SD:87, Max:624, Min:35
ACollision Out Avg:161, SD:74, Max:486, Min:2
ACollision End Avg:22, SD:34, Max:99, Min:0
ATask1 Avg:18, SD:19, Max:76, Min:1
ATask2 Avg:40, SD:50, Max:232, Min:0
ATask3 Avg:26, SD:30, Max:227, Min:1
ACore Active Avg:21, SD:17, Max:100, Min:1
ARouter Active Avg:50, SD:19, Max:138, Min:7
T1 invocations: 329,397
T2 invocations: 945,230
T3 invocations: 17,482,317
T3b invocations: 0
Total3 invocations: 17,482,317
Total4 invocations: 0

T3/T2 ratio: 18
T3b/T3 ratio: 0

T1 avg ex cycles: 109
T2 avg ex cycles: 87
T3&b avg ex cycles: 3
T4 avg ex cycles: -nan
Avg. hops NOC1: 6
Avg. latency NOC1 (T2): 23,795
Avg. hops NOC2: 8
Avg. latency NOC2 (T3): 12,655
Number of K Nodes Processed: 17,536
Number of K Edges Processed: 18,695
Node Re-explore factor: 4.17
Edge Re-explore factor: 0.18
Nodes/cy: 87
Edges/cy: 93
TEPS: 474

---DCache---
DCache Size: 210,208
DRAM words: 0
  DHits: 0
  DMisses: 0

---Energy---
Leakage Energy (nJ): 145,082
PU Dyn E (nJ): 1,163,627
Mem Dyn E (nJ): 7,688,429
Route Dyn E (nJ): 1,828,120
Dynamic Energy (nJ): 10,680,176
Ratio of Dyn/Leak: 74
Total Energy (nJ): 10,825,258
Total Energy (nJ) 3D: 11,726,825
Cores Energy (nJ): 1,165,870
Route Energy (nJ): 1,836,636
Route Energy (nJ) 3D: 2,738,202
Mem Energy   (nJ): 7,822,754
Mem Energy   (nJ) 3D: 7,822,754
Avg. Power (mW): 53,743.90
Power Density (mW/mm2): 16.83

---Runtime---
Runtime in K cycles: 201.42
Microseconds: 201.42
Time per iteration (ms): 0.20

---Throughput---
GOP/s (aka OPS/ns): 552.31
GOP/s per core: 0.54
GFLOP/s: 178.90
GFLOP/s per core: 0.17
Max Peak GFLOP/s: 4,096.00
Avg. BW GB/s: 3,832.82
Max BW GB/s: 16,384.00

---Traffic---
In-Die bisection_bytes BW (GB/s): 128.00
Inter-board traffic (msg/ns): 0.00, per-link: 0.00
Inter-pack traffic (msg/ns): 0.00, per-link: 0.00
Inter-die traffic (msg/ns): 86.76, per-link: 0.17
Ruche traffic (msg/ns): 146.20, per-link: 0.29
All traffic (msg/ns): 1,402.99, per-link: 1.37
Inter-die reduction wrt all: 16.17
Inter-board reduction wrt inter-die: inf

---Data Movement---
All traffic (msg): 282,593,506
Arith. Intensity FLOP/Loads: 0.37
Arith. Intensity FLOP/Msgs: 0.13
Arith. Intensity OPS/Loads: 1.16
Arith. Intensity OPS/Msgs: 0.39



===Core Utilization Total=== CORE-S:2;; TIME K cy:200 ;; Nodes Proc: 2,361,786 -- Edges Proc: 3,222,913

===PRINTING FRAME STATS

FCollision In Avg:192, SD:89, Max:595, Min:0
FCollision Out Avg:147, SD:79, Max:478, Min:0
FCollision End Avg:20, SD:36, Max:100, Min:0
FTask1 Avg:11, SD:20, Max:119, Min:0
FTask2 Avg:33, SD:58, Max:333, Min:0
FTask3 Avg:23, SD:32, Max:259, Min:1
FCore Active Avg:17, SD:19, Max:96, Min:0
FRouter Active Avg:42, SD:21, Max:97, Min:6
T1 invocations: 118,080
T2 invocations: 359,561
T3 invocations: 7,911,336
T3b invocations: 0
Total3 invocations: 7,911,336
Total4 invocations: 0

T3/T2 ratio: 22
T3b/T3 ratio: 0

T1 avg ex cycles: 95
T2 avg ex cycles: 94
T3&b avg ex cycles: 3
T4 avg ex cycles: -nan
Avg. hops NOC1: 5
Avg. latency NOC1 (T2): 39,597
Avg. hops NOC2: 7
Avg. latency NOC2 (T3): 13,778

===PRINTING ACUM STATS at pu_cycles: 301,467

ACollision In Avg:207, SD:84, Max:564, Min:24
ACollision Out Avg:156, SD:73, Max:478, Min:4
ACollision End Avg:21, SD:32, Max:99, Min:0
ATask1 Avg:15, SD:16, Max:52, Min:1
ATask2 Avg:38, SD:43, Max:154, Min:0
ATask3 Avg:25, SD:29, Max:214, Min:1
ACore Active Avg:20, SD:16, Max:94, Min:1
ARouter Active Avg:47, SD:18, Max:121, Min:9
T1 invocations: 448,001
T2 invocations: 1,310,451
T3 invocations: 25,437,797
T3b invocations: 0
Total3 invocations: 25,437,797
Total4 invocations: 0

T3/T2 ratio: 19
T3b/T3 ratio: 0

T1 avg ex cycles: 105
T2 avg ex cycles: 89
T3&b avg ex cycles: 3
T4 avg ex cycles: -nan
Avg. hops NOC1: 6
Avg. latency NOC1 (T2): 28,095
Avg. hops NOC2: 7
Avg. latency NOC2 (T3): 13,012
Number of K Nodes Processed: 25,446
Number of K Edges Processed: 26,447
Node Re-explore factor: 6.05
Edge Re-explore factor: 0.26
Nodes/cy: 84
Edges/cy: 88
TEPS: 317

---DCache---
DCache Size: 210,208
DRAM words: 0
  DHits: 0
  DMisses: 0

---Energy---
Leakage Energy (nJ): 217,142
PU Dyn E (nJ): 1,655,459
Mem Dyn E (nJ): 11,039,638
Route Dyn E (nJ): 2,577,224
Dynamic Energy (nJ): 15,272,321
Ratio of Dyn/Leak: 70
Total Energy (nJ): 15,489,463
Total Energy (nJ) 3D: 16,755,415
Cores Energy (nJ): 1,658,815
Route Energy (nJ): 2,589,968
Route Energy (nJ) 3D: 3,855,920
Mem Energy   (nJ): 11,240,681
Mem Energy   (nJ) 3D: 11,240,681
Avg. Power (mW): 51,380.30
Power Density (mW/mm2): 16.09

---Runtime---
Runtime in K cycles: 301.47
Microseconds: 301.47
Time per iteration (ms): 0.30

---Throughput---
GOP/s (aka OPS/ns): 516.88
GOP/s per core: 0.50
GFLOP/s: 172.08
GFLOP/s per core: 0.17
Max Peak GFLOP/s: 4,096.00
Avg. BW GB/s: 3,677.11
Max BW GB/s: 16,384.00

---Traffic---
In-Die bisection_bytes BW (GB/s): 128.00
Inter-board traffic (msg/ns): 0.00, per-link: 0.00
Inter-pack traffic (msg/ns): 0.00, per-link: 0.00
Inter-die traffic (msg/ns): 80.52, per-link: 0.16
Ruche traffic (msg/ns): 140.82, per-link: 0.28
All traffic (msg/ns): 1,324.79, per-link: 1.29
Inter-die reduction wrt all: 16.45
Inter-board reduction wrt inter-die: inf

---Data Movement---
All traffic (msg): 399,380,196
Arith. Intensity FLOP/Loads: 0.38
Arith. Intensity FLOP/Msgs: 0.13
Arith. Intensity OPS/Loads: 1.13
Arith. Intensity OPS/Msgs: 0.39



===Core Utilization Total=== CORE-S:3;; TIME K cy:300 ;; Nodes Proc: 3,405,310 -- Edges Proc: 4,798,196

===PRINTING FRAME STATS

FCollision In Avg:172, SD:87, Max:596, Min:0
FCollision Out Avg:128, SD:77, Max:469, Min:0
FCollision End Avg:16, SD:32, Max:100, Min:0
FTask1 Avg:13, SD:23, Max:138, Min:0
FTask2 Avg:38, SD:64, Max:336, Min:0
FTask3 Avg:27, SD:34, Max:211, Min:1
FCore Active Avg:19, SD:21, Max:100, Min:0
FRouter Active Avg:47, SD:21, Max:98, Min:6
T1 invocations: 136,951
T2 invocations: 425,996
T3 invocations: 9,082,839
T3b invocations: 0
Total3 invocations: 9,082,839
Total4 invocations: 0

T3/T2 ratio: 21
T3b/T3 ratio: 0

T1 avg ex cycles: 95
T2 avg ex cycles: 92
T3&b avg ex cycles: 3
T4 avg ex cycles: -nan
Avg. hops NOC1: 5
Avg. latency NOC1 (T2): 32,626
Avg. hops NOC2: 7
Avg. latency NOC2 (T3): 9,451

===PRINTING ACUM STATS at pu_cycles: 401,627

ACollision In Avg:198, SD:82, Max:565, Min:18
ACollision Out Avg:149, SD:71, Max:458, Min:3
ACollision End Avg:20, SD:30, Max:99, Min:0
ATask1 Avg:15, SD:13, Max:41, Min:1
ATask2 Avg:38, SD:39, Max:116, Min:0
ATask3 Avg:25, SD:29, Max:209, Min:1
ACore Active Avg:19, SD:14, Max:83, Min:1
ARouter Active Avg:47, SD:17, Max:113, Min:9
T1 invocations: 584,952
T2 invocations: 1,736,447
T3 invocations: 34,520,636
T3b invocations: 0
Total3 invocations: 34,520,636
Total4 invocations: 0

T3/T2 ratio: 20
T3b/T3 ratio: 0

T1 avg ex cycles: 103
T2 avg ex cycles: 89
T3&b avg ex cycles: 3
T4 avg ex cycles: -nan
Avg. hops NOC1: 6
Avg. latency NOC1 (T2): 29,207
Avg. hops NOC2: 7
Avg. latency NOC2 (T3): 12,075
Number of K Nodes Processed: 34,534
Number of K Edges Processed: 35,358
Node Re-explore factor: 8.21
Edge Re-explore factor: 0.35
Nodes/cy: 86
Edges/cy: 88
TEPS: 238

---DCache---
DCache Size: 210,208
DRAM words: 0
  DHits: 0
  DMisses: 0

---Energy---
Leakage Energy (nJ): 289,286
PU Dyn E (nJ): 2,215,143
Mem Dyn E (nJ): 14,852,955
Route Dyn E (nJ): 3,441,238
Dynamic Energy (nJ): 20,509,337
Ratio of Dyn/Leak: 71
Total Energy (nJ): 20,798,623
Total Energy (nJ) 3D: 22,476,548
Cores Energy (nJ): 2,219,615
Route Energy (nJ): 3,458,217
Route Energy (nJ) 3D: 5,136,142
Mem Energy   (nJ): 15,120,792
Mem Energy   (nJ) 3D: 15,120,792
Avg. Power (mW): 51,785.92
Power Density (mW/mm2): 16.22

---Runtime---
Runtime in K cycles: 401.63
Microseconds: 401.63
Time per iteration (ms): 0.40

---Throughput---
GOP/s (aka OPS/ns): 514.67
GOP/s per core: 0.50
GFLOP/s: 173.96
GFLOP/s per core: 0.17
Max Peak GFLOP/s: 4,096.00
Avg. BW GB/s: 3,713.49
Max BW GB/s: 16,384.00

---Traffic---
In-Die bisection_bytes BW (GB/s): 128.00
Inter-board traffic (msg/ns): 0.00, per-link: 0.00
Inter-pack traffic (msg/ns): 0.00, per-link: 0.00
Inter-die traffic (msg/ns): 80.09, per-link: 0.16
Ruche traffic (msg/ns): 145.32, per-link: 0.28
All traffic (msg/ns): 1,327.20, per-link: 1.30
Inter-die reduction wrt all: 16.57
Inter-board reduction wrt inter-die: inf

---Data Movement---
All traffic (msg): 533,040,752
Arith. Intensity FLOP/Loads: 0.38
Arith. Intensity FLOP/Msgs: 0.13
Arith. Intensity OPS/Loads: 1.11
Arith. Intensity OPS/Msgs: 0.39



===Core Utilization Total=== CORE-S:4;; TIME K cy:400 ;; Nodes Proc: 4,543,169 -- Edges Proc: 6,051,967

===PRINTING FRAME STATS

FCollision In Avg:151, SD:89, Max:591, Min:0
FCollision Out Avg:117, SD:83, Max:437, Min:0
FCollision End Avg:13, SD:30, Max:100, Min:0
FTask1 Avg:9, SD:19, Max:138, Min:0
FTask2 Avg:28, SD:56, Max:317, Min:0
FTask3 Avg:20, SD:30, Max:316, Min:1
FCore Active Avg:14, SD:18, Max:98, Min:0
FRouter Active Avg:39, SD:21, Max:97, Min:4
T1 invocations: 90,765
T2 invocations: 304,173
T3 invocations: 6,761,608
T3b invocations: 0
Total3 invocations: 6,761,608
Total4 invocations: 0

T3/T2 ratio: 22
T3b/T3 ratio: 0

T1 avg ex cycles: 99
T2 avg ex cycles: 93
T3&b avg ex cycles: 3
T4 avg ex cycles: -nan
Avg. hops NOC1: 6
Avg. latency NOC1 (T2): 28,538
Avg. hops NOC2: 7
Avg. latency NOC2 (T3): 9,548

===PRINTING ACUM STATS at pu_cycles: 501,059

ACollision In Avg:189, SD:80, Max:570, Min:14
ACollision Out Avg:143, SD:71, Max:449, Min:2
ACollision End Avg:19, SD:28, Max:99, Min:0
ATask1 Avg:14, SD:11, Max:34, Min:1
ATask2 Avg:36, SD:34, Max:94, Min:0
ATask3 Avg:24, SD:28, Max:230, Min:1
ACore Active Avg:18, SD:13, Max:82, Min:1
ARouter Active Avg:45, SD:17, Max:106, Min:8
T1 invocations: 675,114
T2 invocations: 2,039,768
T3 invocations: 41,267,086
T3b invocations: 0
Total3 invocations: 41,267,086
Total4 invocations: 0

T3/T2 ratio: 20
T3b/T3 ratio: 0

T1 avg ex cycles: 102
T2 avg ex cycles: 90
T3&b avg ex cycles: 3
T4 avg ex cycles: -nan
Avg. hops NOC1: 6
Avg. latency NOC1 (T2): 29,101
Avg. hops NOC2: 7
Avg. latency NOC2 (T3): 11,660
Number of K Nodes Processed: 41,284
Number of K Edges Processed: 41,892
Node Re-explore factor: 9.81
Edge Re-explore factor: 0.41
Nodes/cy: 82
Edges/cy: 84
TEPS: 191

---DCache---
DCache Size: 210,208
DRAM words: 0
  DHits: 0
  DMisses: 0

---Energy---
Leakage Energy (nJ): 360,906
PU Dyn E (nJ): 2,622,718
Mem Dyn E (nJ): 17,647,918
Route Dyn E (nJ): 4,098,820
Dynamic Energy (nJ): 24,369,457
Ratio of Dyn/Leak: 68
Total Energy (nJ): 24,730,363
Total Energy (nJ) 3D: 26,721,172
Cores Energy (nJ): 2,628,297
Route Energy (nJ): 4,120,002
Route Energy (nJ) 3D: 6,110,811
Mem Energy   (nJ): 17,982,065
Mem Energy   (nJ) 3D: 17,982,065
Avg. Power (mW): 49,356.19
Power Density (mW/mm2): 15.46

---Runtime---
Runtime in K cycles: 501.06
Microseconds: 501.06
Time per iteration (ms): 0.50

---Throughput---
GOP/s (aka OPS/ns): 485.76
GOP/s per core: 0.47
GFLOP/s: 165.76
GFLOP/s per core: 0.16
Max Peak GFLOP/s: 4,096.00
Avg. BW GB/s: 3,536.69
Max BW GB/s: 16,384.00

---Traffic---
In-Die bisection_bytes BW (GB/s): 128.00
Inter-board traffic (msg/ns): 0.00, per-link: 0.00
Inter-pack traffic (msg/ns): 0.00, per-link: 0.00
Inter-die traffic (msg/ns): 76.19, per-link: 0.15
Ruche traffic (msg/ns): 140.79, per-link: 0.27
All traffic (msg/ns): 1,265.92, per-link: 1.24
Inter-die reduction wrt all: 16.62
Inter-board reduction wrt inter-die: inf

---Data Movement---
All traffic (msg): 634,302,388
Arith. Intensity FLOP/Loads: 0.38
Arith. Intensity FLOP/Msgs: 0.13
Arith. Intensity OPS/Loads: 1.10
Arith. Intensity OPS/Msgs: 0.38



===Core Utilization Total=== CORE-S:5;; TIME K cy:500 ;; Nodes Proc: 5,341,580 -- Edges Proc: 7,108,627

===PRINTING FRAME STATS

FCollision In Avg:139, SD:88, Max:526, Min:0
FCollision Out Avg:108, SD:78, Max:418, Min:0
FCollision End Avg:11, SD:27, Max:100, Min:0
FTask1 Avg:10, SD:19, Max:120, Min:0
FTask2 Avg:29, SD:50, Max:277, Min:0
FTask3 Avg:20, SD:29, Max:292, Min:1
FCore Active Avg:15, SD:16, Max:99, Min:0
FRouter Active Avg:41, SD:18, Max:100, Min:7
T1 invocations: 104,121
T2 invocations: 328,088
T3 invocations: 6,900,816
T3b invocations: 0
Total3 invocations: 6,900,816
Total4 invocations: 0

T3/T2 ratio: 21
T3b/T3 ratio: 0

T1 avg ex cycles: 102
T2 avg ex cycles: 91
T3&b avg ex cycles: 3
T4 avg ex cycles: -nan
Avg. hops NOC1: 7
Avg. latency NOC1 (T2): 50,397
Avg. hops NOC2: 7
Avg. latency NOC2 (T3): 15,527

===PRINTING ACUM STATS at pu_cycles: 600,949

ACollision In Avg:180, SD:78, Max:555, Min:12
ACollision Out Avg:137, SD:70, Max:439, Min:2
ACollision End Avg:17, SD:26, Max:99, Min:0
ATask1 Avg:13, SD:10, Max:30, Min:0
ATask2 Avg:35, SD:29, Max:79, Min:0
ATask3 Avg:24, SD:27, Max:240, Min:1
ACore Active Avg:18, SD:12, Max:82, Min:1
ARouter Active Avg:45, SD:16, Max:102, Min:11
T1 invocations: 779,163
T2 invocations: 2,369,478
T3 invocations: 48,149,117
T3b invocations: 0
Total3 invocations: 48,149,117
Total4 invocations: 0

T3/T2 ratio: 20
T3b/T3 ratio: 0

T1 avg ex cycles: 102
T2 avg ex cycles: 90
T3&b avg ex cycles: 3
T4 avg ex cycles: -nan
Avg. hops NOC1: 6
Avg. latency NOC1 (T2): 32,050
Avg. hops NOC2: 7
Avg. latency NOC2 (T3): 12,217
Number of K Nodes Processed: 48,175
Number of K Edges Processed: 48,747
Node Re-explore factor: 11.45
Edge Re-explore factor: 0.48
Nodes/cy: 80
Edges/cy: 81
TEPS: 159

---DCache---
DCache Size: 210,208
DRAM words: 0
  DHits: 0
  DMisses: 0

---Energy---
Leakage Energy (nJ): 432,855
PU Dyn E (nJ): 3,053,410
Mem Dyn E (nJ): 20,565,755
Route Dyn E (nJ): 4,817,056
Dynamic Energy (nJ): 28,436,223
Ratio of Dyn/Leak: 66
Total Energy (nJ): 28,869,078
Total Energy (nJ) 3D: 31,205,850
Cores Energy (nJ): 3,060,101
Route Energy (nJ): 4,842,462
Route Energy (nJ) 3D: 7,179,234
Mem Energy   (nJ): 20,966,516
Mem Energy   (nJ) 3D: 20,966,516
Avg. Power (mW): 48,039.15
Power Density (mW/mm2): 15.05

---Runtime---
Runtime in K cycles: 600.95
Microseconds: 600.95
Time per iteration (ms): 0.60

---Throughput---
GOP/s (aka OPS/ns): 470.70
GOP/s per core: 0.46
GFLOP/s: 161.11
GFLOP/s per core: 0.16
Max Peak GFLOP/s: 4,096.00
Avg. BW GB/s: 3,436.37
Max BW GB/s: 16,384.00

---Traffic---
In-Die bisection_bytes BW (GB/s): 128.00
Inter-board traffic (msg/ns): 0.00, per-link: 0.00
Inter-pack traffic (msg/ns): 0.00, per-link: 0.00
Inter-die traffic (msg/ns): 75.06, per-link: 0.15
Ruche traffic (msg/ns): 138.10, per-link: 0.27
All traffic (msg/ns): 1,238.65, per-link: 1.21
Inter-die reduction wrt all: 16.50
Inter-board reduction wrt inter-die: inf

---Data Movement---
All traffic (msg): 744,367,715
Arith. Intensity FLOP/Loads: 0.38
Arith. Intensity FLOP/Msgs: 0.13
Arith. Intensity OPS/Loads: 1.10
Arith. Intensity OPS/Msgs: 0.38



===Core Utilization Total=== CORE-S:6;; TIME K cy:600 ;; Nodes Proc: 6,211,725 -- Edges Proc: 8,027,026

===PRINTING FRAME STATS

FCollision In Avg:123, SD:84, Max:473, Min:0
FCollision Out Avg:96, SD:76, Max:404, Min:0
FCollision End Avg:10, SD:26, Max:100, Min:0
FTask1 Avg:9, SD:17, Max:123, Min:0
FTask2 Avg:28, SD:53, Max:360, Min:0
FTask3 Avg:20, SD:29, Max:295, Min:1
FCore Active Avg:14, SD:16, Max:100, Min:0
FRouter Active Avg:41, SD:19, Max:100, Min:6
T1 invocations: 93,472
T2 invocations: 299,744
T3 invocations: 6,667,529
T3b invocations: 0
Total3 invocations: 6,667,529
Total4 invocations: 0

T3/T2 ratio: 22
T3b/T3 ratio: 0

T1 avg ex cycles: 100
T2 avg ex cycles: 97
T3&b avg ex cycles: 3
T4 avg ex cycles: -nan
Avg. hops NOC1: 7
Avg. latency NOC1 (T2): 43,298
Avg. hops NOC2: 8
Avg. latency NOC2 (T3): 9,894

===PRINTING ACUM STATS at pu_cycles: 701,091

ACollision In Avg:172, SD:76, Max:527, Min:10
ACollision Out Avg:131, SD:69, Max:434, Min:2
ACollision End Avg:16, SD:24, Max:99, Min:0
ATask1 Avg:12, SD:8, Max:26, Min:0
ATask2 Avg:34, SD:24, Max:68, Min:0
ATask3 Avg:23, SD:27, Max:248, Min:2
ACore Active Avg:17, SD:10, Max:83, Min:1
ARouter Active Avg:44, SD:15, Max:99, Min:13
T1 invocations: 871,644
T2 invocations: 2,670,367
T3 invocations: 54,764,517
T3b invocations: 0
Total3 invocations: 54,764,517
Total4 invocations: 0

T3/T2 ratio: 21
T3b/T3 ratio: 0

T1 avg ex cycles: 102
T2 avg ex cycles: 91
T3&b avg ex cycles: 3
T4 avg ex cycles: -nan
Avg. hops NOC1: 6
Avg. latency NOC1 (T2): 33,207
Avg. hops NOC2: 7
Avg. latency NOC2 (T3): 11,935
Number of K Nodes Processed: 54,874
Number of K Edges Processed: 55,465
Node Re-explore factor: 13.04
Edge Re-explore factor: 0.55
Nodes/cy: 78
Edges/cy: 79
TEPS: 136

---DCache---
DCache Size: 210,208
DRAM words: 0
  DHits: 0
  DMisses: 0

---Energy---
Leakage Energy (nJ): 504,986
PU Dyn E (nJ): 3,464,551
Mem Dyn E (nJ): 23,366,217
Route Dyn E (nJ): 5,520,191
Dynamic Energy (nJ): 32,350,959
Ratio of Dyn/Leak: 64
Total Energy (nJ): 32,855,945
Total Energy (nJ) 3D: 35,527,596
Cores Energy (nJ): 3,472,355
Route Energy (nJ): 5,549,829
Route Energy (nJ) 3D: 8,221,481
Mem Energy   (nJ): 23,833,761
Mem Energy   (nJ) 3D: 23,833,761
Avg. Power (mW): 46,864.02
Power Density (mW/mm2): 14.68

---Runtime---
Runtime in K cycles: 701.09
Microseconds: 701.09
Time per iteration (ms): 0.70

---Throughput---
GOP/s (aka OPS/ns): 456.44
GOP/s per core: 0.45
GFLOP/s: 157.03
GFLOP/s per core: 0.15
Max Peak GFLOP/s: 4,096.00
Avg. BW GB/s: 3,346.63
Max BW GB/s: 16,384.00

---Traffic---
In-Die bisection_bytes BW (GB/s): 128.00
Inter-board traffic (msg/ns): 0.00, per-link: 0.00
Inter-pack traffic (msg/ns): 0.00, per-link: 0.00
Inter-die traffic (msg/ns): 73.85, per-link: 0.14
Ruche traffic (msg/ns): 136.55, per-link: 0.27
All traffic (msg/ns): 1,214.41, per-link: 1.19
Inter-die reduction wrt all: 16.44
Inter-board reduction wrt inter-die: inf

---Data Movement---
All traffic (msg): 851,410,555
Arith. Intensity FLOP/Loads: 0.38
Arith. Intensity FLOP/Msgs: 0.13
Arith. Intensity OPS/Loads: 1.09
Arith. Intensity OPS/Msgs: 0.38



===Core Utilization Total=== CORE-S:7;; TIME K cy:700 ;; Nodes Proc: 7,081,997 -- Edges Proc: 8,848,189

===PRINTING FRAME STATS

FCollision In Avg:117, SD:87, Max:440, Min:0
FCollision Out Avg:91, SD:73, Max:388, Min:0
FCollision End Avg:9, SD:24, Max:100, Min:0
FTask1 Avg:10, SD:18, Max:100, Min:0
FTask2 Avg:30, SD:51, Max:335, Min:0
FTask3 Avg:21, SD:30, Max:273, Min:0
FCore Active Avg:15, SD:17, Max:95, Min:0
FRouter Active Avg:44, SD:20, Max:98, Min:7
T1 invocations: 97,094
T2 invocations: 332,917
T3 invocations: 7,103,851
T3b invocations: 0
Total3 invocations: 7,103,851
Total4 invocations: 0

T3/T2 ratio: 21
T3b/T3 ratio: 0

T1 avg ex cycles: 105
T2 avg ex cycles: 92
T3&b avg ex cycles: 3
T4 avg ex cycles: -nan
Avg. hops NOC1: 7
Avg. latency NOC1 (T2): 33,982
Avg. hops NOC2: 8
Avg. latency NOC2 (T3): 8,050

===PRINTING ACUM STATS at pu_cycles: 801,279

ACollision In Avg:165, SD:74, Max:507, Min:9
ACollision Out Avg:126, SD:67, Max:428, Min:2
ACollision End Avg:15, SD:22, Max:99, Min:0
ATask1 Avg:12, SD:7, Max:23, Min:0
ATask2 Avg:33, SD:20, Max:59, Min:0
ATask3 Avg:23, SD:26, Max:248, Min:2
ACore Active Avg:17, SD:9, Max:81, Min:1
ARouter Active Avg:44, SD:14, Max:95, Min:17
T1 invocations: 969,924
T2 invocations: 3,006,974
T3 invocations: 61,962,791
T3b invocations: 0
Total3 invocations: 61,962,791
Total4 invocations: 0

T3/T2 ratio: 21
T3b/T3 ratio: 0

T1 avg ex cycles: 102
T2 avg ex cycles: 91
T3&b avg ex cycles: 3
T4 avg ex cycles: -nan
Avg. hops NOC1: 6
Avg. latency NOC1 (T2): 33,306
Avg. hops NOC2: 7
Avg. latency NOC2 (T3): 11,481
Number of K Nodes Processed: 61,983
Number of K Edges Processed: 62,487
Node Re-explore factor: 14.73
Edge Re-explore factor: 0.62
Nodes/cy: 77
Edges/cy: 78
TEPS: 119

---DCache---
DCache Size: 210,208
DRAM words: 0
  DHits: 0
  DMisses: 0

---Energy---
Leakage Energy (nJ): 577,150
PU Dyn E (nJ): 3,909,256
Mem Dyn E (nJ): 26,394,159
Route Dyn E (nJ): 6,289,152
Dynamic Energy (nJ): 36,592,568
Ratio of Dyn/Leak: 63
Total Energy (nJ): 37,169,718
Total Energy (nJ) 3D: 40,208,910
Cores Energy (nJ): 3,918,177
Route Energy (nJ): 6,323,026
Route Energy (nJ) 3D: 9,362,217
Mem Energy   (nJ): 26,928,516
Mem Energy   (nJ) 3D: 26,928,516
Avg. Power (mW): 46,387.98
Power Density (mW/mm2): 14.53

---Runtime---
Runtime in K cycles: 801.28
Microseconds: 801.28
Time per iteration (ms): 0.80

---Throughput---
GOP/s (aka OPS/ns): 449.79
GOP/s per core: 0.44
GFLOP/s: 155.25
GFLOP/s per core: 0.15
Max Peak GFLOP/s: 4,096.00
Avg. BW GB/s: 3,307.63
Max BW GB/s: 16,384.00

---Traffic---
In-Die bisection_bytes BW (GB/s): 128.00
Inter-board traffic (msg/ns): 0.00, per-link: 0.00
Inter-pack traffic (msg/ns): 0.00, per-link: 0.00
Inter-die traffic (msg/ns): 73.61, per-link: 0.14
Ruche traffic (msg/ns): 136.79, per-link: 0.27
All traffic (msg/ns): 1,208.77, per-link: 1.18
Inter-die reduction wrt all: 16.42
Inter-board reduction wrt inter-die: inf

---Data Movement---
All traffic (msg): 968,561,481
Arith. Intensity FLOP/Loads: 0.38
Arith. Intensity FLOP/Msgs: 0.13
Arith. Intensity OPS/Loads: 1.09
Arith. Intensity OPS/Msgs: 0.37



===Core Utilization Total=== CORE-S:8;; TIME K cy:800 ;; Nodes Proc: 7,917,520 -- Edges Proc: 9,617,707

===PRINTING FRAME STATS

FCollision In Avg:101, SD:84, Max:427, Min:0
FCollision Out Avg:78, SD:72, Max:411, Min:0
FCollision End Avg:8, SD:23, Max:100, Min:0
FTask1 Avg:8, SD:16, Max:105, Min:0
FTask2 Avg:27, SD:51, Max:309, Min:0
FTask3 Avg:20, SD:29, Max:229, Min:0
FCore Active Avg:14, SD:16, Max:91, Min:0
FRouter Active Avg:42, SD:21, Max:99, Min:5
T1 invocations: 83,835
T2 invocations: 285,938
T3 invocations: 6,754,518
T3b invocations: 0
Total3 invocations: 6,754,518
Total4 invocations: 0

T3/T2 ratio: 24
T3b/T3 ratio: 0

T1 avg ex cycles: 103
T2 avg ex cycles: 98
T3&b avg ex cycles: 3
T4 avg ex cycles: -nan
Avg. hops NOC1: 8
Avg. latency NOC1 (T2): 30,760
Avg. hops NOC2: 8
Avg. latency NOC2 (T3): 7,080

===PRINTING ACUM STATS at pu_cycles: 900,903

ACollision In Avg:158, SD:72, Max:493, Min:8
ACollision Out Avg:121, SD:66, Max:426, Min:1
ACollision End Avg:14, SD:21, Max:99, Min:0
ATask1 Avg:12, SD:6, Max:22, Min:0
ATask2 Avg:33, SD:17, Max:53, Min:0
ATask3 Avg:22, SD:26, Max:244, Min:2
ACore Active Avg:17, SD:9, Max:78, Min:1
ARouter Active Avg:44, SD:13, Max:95, Min:18
T1 invocations: 1,053,499
T2 invocations: 3,292,961
T3 invocations: 68,670,670
T3b invocations: 0
Total3 invocations: 68,670,670
Total4 invocations: 0

T3/T2 ratio: 21
T3b/T3 ratio: 0

T1 avg ex cycles: 103
T2 avg ex cycles: 92
T3&b avg ex cycles: 3
T4 avg ex cycles: -nan
Avg. hops NOC1: 6
Avg. latency NOC1 (T2): 33,084
Avg. hops NOC2: 7
Avg. latency NOC2 (T3): 11,052
Number of K Nodes Processed: 68,727
Number of K Edges Processed: 69,079
Node Re-explore factor: 16.34
Edge Re-explore factor: 0.68
Nodes/cy: 76
Edges/cy: 77
TEPS: 106

---DCache---
DCache Size: 210,208
DRAM words: 0
  DHits: 0
  DMisses: 0

---Energy---
Leakage Energy (nJ): 648,908
PU Dyn E (nJ): 4,313,720
Mem Dyn E (nJ): 29,172,100
Route Dyn E (nJ): 7,024,091
Dynamic Energy (nJ): 40,509,911
Ratio of Dyn/Leak: 62
Total Energy (nJ): 41,158,819
Total Energy (nJ) 3D: 44,546,666
Cores Energy (nJ): 4,323,749
Route Energy (nJ): 7,062,176
Route Energy (nJ) 3D: 10,450,023
Mem Energy   (nJ): 29,772,894
Mem Energy   (nJ) 3D: 29,772,894
Avg. Power (mW): 45,686.18
Power Density (mW/mm2): 14.31

---Runtime---
Runtime in K cycles: 900.90
Microseconds: 900.90
Time per iteration (ms): 0.90

---Throughput---
GOP/s (aka OPS/ns): 440.20
GOP/s per core: 0.43
GFLOP/s: 152.67
GFLOP/s per core: 0.15
Max Peak GFLOP/s: 4,096.00
Avg. BW GB/s: 3,251.50
Max BW GB/s: 16,384.00

---Traffic---
In-Die bisection_bytes BW (GB/s): 128.00
Inter-board traffic (msg/ns): 0.00, per-link: 0.00
Inter-pack traffic (msg/ns): 0.00, per-link: 0.00
Inter-die traffic (msg/ns): 73.26, per-link: 0.14
Ruche traffic (msg/ns): 136.57, per-link: 0.27
All traffic (msg/ns): 1,198.58, per-link: 1.17
Inter-die reduction wrt all: 16.36
Inter-board reduction wrt inter-die: inf

---Data Movement---
All traffic (msg): 1,079,803,580
Arith. Intensity FLOP/Loads: 0.38
Arith. Intensity FLOP/Msgs: 0.13
Arith. Intensity OPS/Loads: 1.09
Arith. Intensity OPS/Msgs: 0.37



===Core Utilization Total=== CORE-S:9;; TIME K cy:900 ;; Nodes Proc: 8,773,413 -- Edges Proc: 10,033,323
======== IT IS COLD ======= Only 59 Tiles active

===PRINTING FRAME STATS

FCollision In Avg:88, SD:83, Max:438, Min:0
FCollision Out Avg:69, SD:69, Max:385, Min:0
FCollision End Avg:7, SD:21, Max:100, Min:0
FTask1 Avg:8, SD:18, Max:141, Min:0
FTask2 Avg:25, SD:53, Max:339, Min:0
FTask3 Avg:17, SD:27, Max:269, Min:1
FCore Active Avg:13, SD:17, Max:100, Min:0
FRouter Active Avg:38, SD:21, Max:99, Min:3
T1 invocations: 81,241
T2 invocations: 264,697
T3 invocations: 5,968,114
T3b invocations: 0
Total3 invocations: 5,968,114
Total4 invocations: 0

T3/T2 ratio: 23
T3b/T3 ratio: 0

T1 avg ex cycles: 103
T2 avg ex cycles: 98
T3&b avg ex cycles: 3
T4 avg ex cycles: -nan
Avg. hops NOC1: 8
Avg. latency NOC1 (T2): 27,968
Avg. hops NOC2: 8
Avg. latency NOC2 (T3): 6,882

===PRINTING ACUM STATS at pu_cycles: 1,001,371

ACollision In Avg:151, SD:71, Max:464, Min:7
ACollision Out Avg:115, SD:65, Max:414, Min:1
ACollision End Avg:14, SD:19, Max:99, Min:0
ATask1 Avg:11, SD:5, Max:20, Min:0
ATask2 Avg:32, SD:15, Max:47, Min:0
ATask3 Avg:22, SD:25, Max:227, Min:2
ACore Active Avg:16, SD:8, Max:72, Min:2
ARouter Active Avg:43, SD:13, Max:95, Min:19
T1 invocations: 1,135,465
T2 invocations: 3,561,848
T3 invocations: 74,677,942
T3b invocations: 0
Total3 invocations: 74,677,942
Total4 invocations: 0

T3/T2 ratio: 21
T3b/T3 ratio: 0

T1 avg ex cycles: 103
T2 avg ex cycles: 92
T3&b avg ex cycles: 3
T4 avg ex cycles: -nan
Avg. hops NOC1: 6
Avg. latency NOC1 (T2): 32,689
Avg. hops NOC2: 7
Avg. latency NOC2 (T3): 10,719
Number of K Nodes Processed: 74,695
Number of K Edges Processed: 75,073
Node Re-explore factor: 17.76
Edge Re-explore factor: 0.74
Nodes/cy: 75
Edges/cy: 75
TEPS: 95

---DCache---
DCache Size: 210,208
DRAM words: 0
  DHits: 0
  DMisses: 0

---Energy---
Leakage Energy (nJ): 721,274
PU Dyn E (nJ): 4,688,918
Mem Dyn E (nJ): 31,725,641
Route Dyn E (nJ): 7,678,441
Dynamic Energy (nJ): 44,093,000
Ratio of Dyn/Leak: 61
Total Energy (nJ): 44,814,274
Total Energy (nJ) 3D: 48,514,792
Cores Energy (nJ): 4,700,065
Route Energy (nJ): 7,720,774
Route Energy (nJ) 3D: 11,421,291
Mem Energy   (nJ): 32,393,435
Mem Energy   (nJ) 3D: 32,393,435
Avg. Power (mW): 44,752.92
Power Density (mW/mm2): 14.02

---Runtime---
Runtime in K cycles: 1,001.37
Microseconds: 1,001.37
Time per iteration (ms): 1.00

---Throughput---
GOP/s (aka OPS/ns): 429.82
GOP/s per core: 0.42
GFLOP/s: 149.47
GFLOP/s per core: 0.15
Max Peak GFLOP/s: 4,096.00
Avg. BW GB/s: 3,181.33
Max BW GB/s: 16,384.00

---Traffic---
In-Die bisection_bytes BW (GB/s): 128.00
Inter-board traffic (msg/ns): 0.00, per-link: 0.00
Inter-pack traffic (msg/ns): 0.00, per-link: 0.00
Inter-die traffic (msg/ns): 72.00, per-link: 0.14
Ruche traffic (msg/ns): 134.70, per-link: 0.26
All traffic (msg/ns): 1,177.58, per-link: 1.15
Inter-die reduction wrt all: 16.36
Inter-board reduction wrt inter-die: inf

---Data Movement---
All traffic (msg): 1,179,195,394
Arith. Intensity FLOP/Loads: 0.38
Arith. Intensity FLOP/Msgs: 0.13
Arith. Intensity OPS/Loads: 1.08
Arith. Intensity OPS/Msgs: 0.37



===Core Utilization Total=== CORE-S:10;; TIME K cy:1,000 ;; Nodes Proc: 9,584,363 -- Edges Proc: 10,394,071
======== IT IS COLD ======= Only 43 Tiles active

===PRINTING FRAME STATS

FCollision In Avg:80, SD:81, Max:371, Min:0
FCollision Out Avg:65, SD:65, Max:331, Min:0
FCollision End Avg:6, SD:19, Max:100, Min:0
FTask1 Avg:7, SD:17, Max:115, Min:0
FTask2 Avg:23, SD:49, Max:334, Min:0
FTask3 Avg:17, SD:26, Max:248, Min:1
FCore Active Avg:12, SD:16, Max:96, Min:0
FRouter Active Avg:38, SD:21, Max:99, Min:3
T1 invocations: 74,273
T2 invocations: 247,711
T3 invocations: 5,694,433
T3b invocations: 0
Total3 invocations: 5,694,433
Total4 invocations: 0

T3/T2 ratio: 23
T3b/T3 ratio: 0

T1 avg ex cycles: 103
T2 avg ex cycles: 96
T3&b avg ex cycles: 3
T4 avg ex cycles: -nan
Avg. hops NOC1: 8
Avg. latency NOC1 (T2): 26,015
Avg. hops NOC2: 8
Avg. latency NOC2 (T3): 7,416

===PRINTING ACUM STATS at pu_cycles: 1,100,847

ACollision In Avg:145, SD:70, Max:452, Min:7
ACollision Out Avg:111, SD:63, Max:390, Min:1
ACollision End Avg:13, SD:18, Max:99, Min:0
ATask1 Avg:11, SD:4, Max:18, Min:0
ATask2 Avg:31, SD:12, Max:43, Min:0
ATask3 Avg:21, SD:25, Max:217, Min:2
ACore Active Avg:16, SD:7, Max:69, Min:2
ARouter Active Avg:43, SD:13, Max:95, Min:19
T1 invocations: 1,209,503
T2 invocations: 3,807,894
T3 invocations: 80,334,006
T3b invocations: 0
Total3 invocations: 80,334,006
Total4 invocations: 0

T3/T2 ratio: 21
T3b/T3 ratio: 0

T1 avg ex cycles: 103
T2 avg ex cycles: 92
T3&b avg ex cycles: 3
T4 avg ex cycles: -nan
Avg. hops NOC1: 7
Avg. latency NOC1 (T2): 32,243
Avg. hops NOC2: 7
Avg. latency NOC2 (T3): 10,487
Number of K Nodes Processed: 80,396
Number of K Edges Processed: 80,758
Node Re-explore factor: 19.11
Edge Re-explore factor: 0.80
Nodes/cy: 73
Edges/cy: 73
TEPS: 87

---DCache---
DCache Size: 210,208
DRAM words: 0
  DHits: 0
  DMisses: 0

---Energy---
Leakage Energy (nJ): 792,925
PU Dyn E (nJ): 5,029,487
Mem Dyn E (nJ): 34,059,876
Route Dyn E (nJ): 8,317,231
Dynamic Energy (nJ): 47,406,594
Ratio of Dyn/Leak: 60
Total Energy (nJ): 48,199,519
Total Energy (nJ) 3D: 52,205,286
Cores Energy (nJ): 5,041,742
Route Energy (nJ): 8,363,769
Route Energy (nJ) 3D: 12,369,536
Mem Energy   (nJ): 34,794,008
Mem Energy   (nJ) 3D: 34,794,008
Avg. Power (mW): 43,784.03
Power Density (mW/mm2): 13.71

---Runtime---
Runtime in K cycles: 1,100.85
Microseconds: 1,100.85
Time per iteration (ms): 1.10

---Throughput---
GOP/s (aka OPS/ns): 418.88
GOP/s per core: 0.41
GFLOP/s: 145.96
GFLOP/s per core: 0.14
Max Peak GFLOP/s: 4,096.00
Avg. BW GB/s: 3,106.77
Max BW GB/s: 16,384.00

---Traffic---
In-Die bisection_bytes BW (GB/s): 128.00
Inter-board traffic (msg/ns): 0.00, per-link: 0.00
Inter-pack traffic (msg/ns): 0.00, per-link: 0.00
Inter-die traffic (msg/ns): 70.85, per-link: 0.14
Ruche traffic (msg/ns): 133.08, per-link: 0.26
All traffic (msg/ns): 1,158.89, per-link: 1.13
Inter-die reduction wrt all: 16.36
Inter-board reduction wrt inter-die: inf

---Data Movement---
All traffic (msg): 1,275,759,101
Arith. Intensity FLOP/Loads: 0.38
Arith. Intensity FLOP/Msgs: 0.13
Arith. Intensity OPS/Loads: 1.08
Arith. Intensity OPS/Msgs: 0.36



===Core Utilization Total=== CORE-S:11;; TIME K cy:1,100 ;; Nodes Proc: 10,242,162 -- Edges Proc: 10,831,159
======== IT IS COLD ======= Only 41 Tiles active

===PRINTING FRAME STATS

FCollision In Avg:61, SD:73, Max:365, Min:0
FCollision Out Avg:51, SD:59, Max:326, Min:0
FCollision End Avg:4, SD:17, Max:100, Min:0
FTask1 Avg:6, SD:15, Max:105, Min:0
FTask2 Avg:18, SD:43, Max:353, Min:0
FTask3 Avg:13, SD:23, Max:254, Min:0
FCore Active Avg:9, SD:14, Max:89, Min:0
FRouter Active Avg:31, SD:21, Max:100, Min:2
T1 invocations: 58,061
T2 invocations: 194,993
T3 invocations: 4,505,803
T3b invocations: 0
Total3 invocations: 4,505,803
Total4 invocations: 0

T3/T2 ratio: 23
T3b/T3 ratio: 0

T1 avg ex cycles: 103
T2 avg ex cycles: 96
T3&b avg ex cycles: 3
T4 avg ex cycles: -nan
Avg. hops NOC1: 8
Avg. latency NOC1 (T2): 27,131
Avg. hops NOC2: 8
Avg. latency NOC2 (T3): 6,908

===PRINTING ACUM STATS at pu_cycles: 1,201,077

ACollision In Avg:138, SD:68, Max:441, Min:6
ACollision Out Avg:106, SD:61, Max:367, Min:1
ACollision End Avg:12, SD:17, Max:99, Min:0
ATask1 Avg:11, SD:3, Max:17, Min:0
ATask2 Avg:30, SD:10, Max:39, Min:0
ATask3 Avg:21, SD:24, Max:212, Min:1
ACore Active Avg:15, SD:7, Max:64, Min:2
ARouter Active Avg:42, SD:13, Max:94, Min:18
T1 invocations: 1,268,476
T2 invocations: 4,013,218
T3 invocations: 84,848,025
T3b invocations: 0
Total3 invocations: 84,848,025
Total4 invocations: 0

T3/T2 ratio: 21
T3b/T3 ratio: 0

T1 avg ex cycles: 103
T2 avg ex cycles: 93
T3&b avg ex cycles: 3
T4 avg ex cycles: -nan
Avg. hops NOC1: 7
Avg. latency NOC1 (T2): 31,993
Avg. hops NOC2: 8
Avg. latency NOC2 (T3): 10,298
Number of K Nodes Processed: 84,861
Number of K Edges Processed: 85,132
Node Re-explore factor: 20.17
Edge Re-explore factor: 0.84
Nodes/cy: 71
Edges/cy: 71
TEPS: 80

---DCache---
DCache Size: 210,208
DRAM words: 0
  DHits: 0
  DMisses: 0

---Energy---
Leakage Energy (nJ): 865,119
PU Dyn E (nJ): 5,313,070
Mem Dyn E (nJ): 35,990,798
Route Dyn E (nJ): 8,835,997
Dynamic Energy (nJ): 50,139,865
Ratio of Dyn/Leak: 58
Total Energy (nJ): 51,004,984
Total Energy (nJ) 3D: 55,262,020
Cores Energy (nJ): 5,326,440
Route Energy (nJ): 8,886,772
Route Energy (nJ) 3D: 13,143,808
Mem Energy   (nJ): 36,791,772
Mem Energy   (nJ) 3D: 36,791,772
Avg. Power (mW): 42,466.04
Power Density (mW/mm2): 13.30

---Runtime---
Runtime in K cycles: 1,201.08
Microseconds: 1,201.08
Time per iteration (ms): 1.20

---Throughput---
GOP/s (aka OPS/ns): 405.11
GOP/s per core: 0.40
GFLOP/s: 141.44
GFLOP/s per core: 0.14
Max Peak GFLOP/s: 4,096.00
Avg. BW GB/s: 3,008.95
Max BW GB/s: 16,384.00

---Traffic---
In-Die bisection_bytes BW (GB/s): 128.00
Inter-board traffic (msg/ns): 0.00, per-link: 0.00
Inter-pack traffic (msg/ns): 0.00, per-link: 0.00
Inter-die traffic (msg/ns): 68.98, per-link: 0.13
Ruche traffic (msg/ns): 129.46, per-link: 0.25
All traffic (msg/ns): 1,127.65, per-link: 1.10
Inter-die reduction wrt all: 16.35
Inter-board reduction wrt inter-die: inf

---Data Movement---
All traffic (msg): 1,354,389,993
Arith. Intensity FLOP/Loads: 0.38
Arith. Intensity FLOP/Msgs: 0.13
Arith. Intensity OPS/Loads: 1.08
Arith. Intensity OPS/Msgs: 0.36



===Core Utilization Total=== CORE-S:12;; TIME K cy:1,200 ;; Nodes Proc: 10,748,595 -- Edges Proc: 11,116,624
======== IT IS COLD ======= Only 31 Tiles active

===PRINTING FRAME STATS

FCollision In Avg:43, SD:62, Max:347, Min:0
FCollision Out Avg:38, SD:51, Max:283, Min:0
FCollision End Avg:4, SD:15, Max:100, Min:0
FTask1 Avg:6, SD:17, Max:129, Min:0
FTask2 Avg:17, SD:46, Max:337, Min:0
FTask3 Avg:12, SD:23, Max:275, Min:0
FCore Active Avg:9, SD:15, Max:95, Min:0
FRouter Active Avg:29, SD:21, Max:100, Min:2
T1 invocations: 56,129
T2 invocations: 188,939
T3 invocations: 4,201,325
T3b invocations: 0
Total3 invocations: 4,201,325
Total4 invocations: 0

T3/T2 ratio: 22
T3b/T3 ratio: 0

T1 avg ex cycles: 101
T2 avg ex cycles: 93
T3&b avg ex cycles: 3
T4 avg ex cycles: -nan
Avg. hops NOC1: 8
Avg. latency NOC1 (T2): 21,255
Avg. hops NOC2: 8
Avg. latency NOC2 (T3): 6,009

===PRINTING ACUM STATS at pu_cycles: 1,300,735

ACollision In Avg:130, SD:66, Max:434, Min:6
ACollision Out Avg:101, SD:59, Max:347, Min:1
ACollision End Avg:12, SD:16, Max:99, Min:0
ATask1 Avg:10, SD:3, Max:15, Min:0
ATask2 Avg:29, SD:9, Max:38, Min:0
ATask3 Avg:20, SD:23, Max:216, Min:1
ACore Active Avg:15, SD:6, Max:64, Min:2
ARouter Active Avg:41, SD:13, Max:94, Min:17
T1 invocations: 1,324,642
T2 invocations: 4,205,095
T3 invocations: 89,052,793
T3b invocations: 0
Total3 invocations: 89,052,793
Total4 invocations: 0

T3/T2 ratio: 21
T3b/T3 ratio: 0

T1 avg ex cycles: 103
T2 avg ex cycles: 93
T3&b avg ex cycles: 3
T4 avg ex cycles: -nan
Avg. hops NOC1: 7
Avg. latency NOC1 (T2): 31,497
Avg. hops NOC2: 8
Avg. latency NOC2 (T3): 10,096
Number of K Nodes Processed: 89,067
Number of K Edges Processed: 89,208
Node Re-explore factor: 21.17
Edge Re-explore factor: 0.88
Nodes/cy: 68
Edges/cy: 69
TEPS: 73

---DCache---
DCache Size: 210,208
DRAM words: 0
  DHits: 0
  DMisses: 0

---Energy---
Leakage Energy (nJ): 936,901
PU Dyn E (nJ): 5,569,814
Mem Dyn E (nJ): 37,747,082
Route Dyn E (nJ): 9,314,405
Dynamic Energy (nJ): 52,631,301
Ratio of Dyn/Leak: 56
Total Energy (nJ): 53,568,202
Total Energy (nJ) 3D: 58,050,653
Cores Energy (nJ): 5,584,294
Route Energy (nJ): 9,369,393
Route Energy (nJ) 3D: 13,851,845
Mem Energy   (nJ): 38,614,516
Mem Energy   (nJ) 3D: 38,614,516
Avg. Power (mW): 41,183.03
Power Density (mW/mm2): 12.90

---Runtime---
Runtime in K cycles: 1,300.73
Microseconds: 1,300.73
Time per iteration (ms): 1.30

---Throughput---
GOP/s (aka OPS/ns): 391.87
GOP/s per core: 0.38
GFLOP/s: 136.98
GFLOP/s per core: 0.13
Max Peak GFLOP/s: 4,096.00
Avg. BW GB/s: 2,913.99
Max BW GB/s: 16,384.00

---Traffic---
In-Die bisection_bytes BW (GB/s): 128.00
Inter-board traffic (msg/ns): 0.00, per-link: 0.00
Inter-pack traffic (msg/ns): 0.00, per-link: 0.00
Inter-die traffic (msg/ns): 66.90, per-link: 0.13
Ruche traffic (msg/ns): 126.70, per-link: 0.25
All traffic (msg/ns): 1,096.56, per-link: 1.07
Inter-die reduction wrt all: 16.39
Inter-board reduction wrt inter-die: inf

---Data Movement---
All traffic (msg): 1,426,335,454
Arith. Intensity FLOP/Loads: 0.38
Arith. Intensity FLOP/Msgs: 0.12
Arith. Intensity OPS/Loads: 1.08
Arith. Intensity OPS/Msgs: 0.36



===Core Utilization Total=== CORE-S:13;; TIME K cy:1,300 ;; Nodes Proc: 11,177,910 -- Edges Proc: 11,554,214
======== IT IS COLD ======= Only 20 Tiles active

===PRINTING FRAME STATS

FCollision In Avg:30, SD:56, Max:361, Min:0
FCollision Out Avg:28, SD:50, Max:292, Min:0
FCollision End Avg:3, SD:14, Max:100, Min:0
FTask1 Avg:2, SD:9, Max:106, Min:0
FTask2 Avg:6, SD:34, Max:391, Min:0
FTask3 Avg:5, SD:18, Max:266, Min:0
FCore Active Avg:3, SD:10, Max:99, Min:0
FRouter Active Avg:14, SD:19, Max:99, Min:0
T1 invocations: 18,393
T2 invocations: 55,830
T3 invocations: 1,850,821
T3b invocations: 0
Total3 invocations: 1,850,821
Total4 invocations: 0

T3/T2 ratio: 33
T3b/T3 ratio: 0

T1 avg ex cycles: 89
T2 avg ex cycles: 118
T3&b avg ex cycles: 3
T4 avg ex cycles: -nan
Avg. hops NOC1: 9
Avg. latency NOC1 (T2): 20,163
Avg. hops NOC2: 8
Avg. latency NOC2 (T3): 4,191

===PRINTING ACUM STATS at pu_cycles: 1,400,250

ACollision In Avg:123, SD:64, Max:428, Min:5
ACollision Out Avg:95, SD:57, Max:332, Min:1
ACollision End Avg:11, SD:15, Max:99, Min:0
ATask1 Avg:10, SD:2, Max:14, Min:0
ATask2 Avg:28, SD:8, Max:34, Min:0
ATask3 Avg:19, SD:22, Max:217, Min:1
ACore Active Avg:14, SD:6, Max:64, Min:2
ARouter Active Avg:39, SD:12, Max:94, Min:16
T1 invocations: 1,342,689
T2 invocations: 4,261,394
T3 invocations: 90,806,308
T3b invocations: 0
Total3 invocations: 90,806,308
Total4 invocations: 0

T3/T2 ratio: 21
T3b/T3 ratio: 0

T1 avg ex cycles: 102
T2 avg ex cycles: 93
T3&b avg ex cycles: 3
T4 avg ex cycles: -nan
Avg. hops NOC1: 7
Avg. latency NOC1 (T2): 31,341
Avg. hops NOC2: 8
Avg. latency NOC2 (T3): 9,972
Number of K Nodes Processed: 90,876
Number of K Edges Processed: 90,975
Node Re-explore factor: 21.60
Edge Re-explore factor: 0.90
Nodes/cy: 65
Edges/cy: 65
TEPS: 68

---DCache---
DCache Size: 210,208
DRAM words: 0
  DHits: 0
  DMisses: 0

---Energy---
Leakage Energy (nJ): 1,008,581
PU Dyn E (nJ): 5,669,129
Mem Dyn E (nJ): 38,444,637
Route Dyn E (nJ): 9,519,972
Dynamic Energy (nJ): 53,633,738
Ratio of Dyn/Leak: 53
Total Energy (nJ): 54,642,319
Total Energy (nJ) 3D: 59,222,515
Cores Energy (nJ): 5,684,716
Route Energy (nJ): 9,579,167
Route Energy (nJ) 3D: 14,159,363
Mem Energy   (nJ): 39,378,436
Mem Energy   (nJ) 3D: 39,378,436
Avg. Power (mW): 39,023.26
Power Density (mW/mm2): 12.22

---Runtime---
Runtime in K cycles: 1,400.25
Microseconds: 1,400.25
Time per iteration (ms): 1.40

---Throughput---
GOP/s (aka OPS/ns): 370.10
GOP/s per core: 0.36
GFLOP/s: 129.62
GFLOP/s per core: 0.13
Max Peak GFLOP/s: 4,096.00
Avg. BW GB/s: 2,756.92
Max BW GB/s: 16,384.00

---Traffic---
In-Die bisection_bytes BW (GB/s): 128.00
Inter-board traffic (msg/ns): 0.00, per-link: 0.00
Inter-pack traffic (msg/ns): 0.00, per-link: 0.00
Inter-die traffic (msg/ns): 63.54, per-link: 0.12
Ruche traffic (msg/ns): 120.38, per-link: 0.24
All traffic (msg/ns): 1,040.64, per-link: 1.02
Inter-die reduction wrt all: 16.38
Inter-board reduction wrt inter-die: inf

---Data Movement---
All traffic (msg): 1,457,157,440
Arith. Intensity FLOP/Loads: 0.38
Arith. Intensity FLOP/Msgs: 0.12
Arith. Intensity OPS/Loads: 1.08
Arith. Intensity OPS/Msgs: 0.36



===Core Utilization Total=== CORE-S:14;; TIME K cy:1,400 ;; Nodes Proc: 11,384,775 -- Edges Proc: 11,697,133
======== IT IS COLD ======= Only 16 Tiles active

===PRINTING FRAME STATS

FCollision In Avg:25, SD:50, Max:293, Min:0
FCollision Out Avg:22, SD:43, Max:240, Min:0
FCollision End Avg:2, SD:13, Max:99, Min:0
FTask1 Avg:2, SD:11, Max:125, Min:0
FTask2 Avg:8, SD:32, Max:358, Min:0
FTask3 Avg:6, SD:15, Max:191, Min:0
FCore Active Avg:4, SD:10, Max:97, Min:0
FRouter Active Avg:14, SD:17, Max:99, Min:0
T1 invocations: 26,180
T2 invocations: 78,795
T3 invocations: 2,019,601
T3b invocations: 0
Total3 invocations: 2,019,601
Total4 invocations: 0

T3/T2 ratio: 26
T3b/T3 ratio: 0

T1 avg ex cycles: 96
T2 avg ex cycles: 105
T3&b avg ex cycles: 3
T4 avg ex cycles: -nan
Avg. hops NOC1: 8
Avg. latency NOC1 (T2): 50,732
Avg. hops NOC2: 8
Avg. latency NOC2 (T3): 7,134

===PRINTING ACUM STATS at pu_cycles: 1,500,588

ACollision In Avg:117, SD:61, Max:419, Min:5
ACollision Out Avg:91, SD:55, Max:324, Min:3
ACollision End Avg:10, SD:14, Max:99, Min:0
ATask1 Avg:9, SD:2, Max:14, Min:1
ATask2 Avg:26, SD:6, Max:32, Min:0
ATask3 Avg:18, SD:21, Max:214, Min:1
ACore Active Avg:13, SD:6, Max:63, Min:3
ARouter Active Avg:37, SD:12, Max:95, Min:15
T1 invocations: 1,369,389
T2 invocations: 4,350,071
T3 invocations: 92,893,718
T3b invocations: 0
Total3 invocations: 92,893,718
Total4 invocations: 0

T3/T2 ratio: 21
T3b/T3 ratio: 0

T1 avg ex cycles: 102
T2 avg ex cycles: 93
T3&b avg ex cycles: 3
T4 avg ex cycles: -nan
Avg. hops NOC1: 7
Avg. latency NOC1 (T2): 31,662
Avg. hops NOC2: 8
Avg. latency NOC2 (T3): 9,906
Number of K Nodes Processed: 92,897
Number of K Edges Processed: 92,987
Node Re-explore factor: 22.08
Edge Re-explore factor: 0.92
Nodes/cy: 62
Edges/cy: 62
TEPS: 64

---DCache---
DCache Size: 210,208
DRAM words: 0
  DHits: 0
  DMisses: 0

---Energy---
Leakage Energy (nJ): 1,080,853
PU Dyn E (nJ): 5,800,190
Mem Dyn E (nJ): 39,341,896
Route Dyn E (nJ): 9,750,811
Dynamic Energy (nJ): 54,892,897
Ratio of Dyn/Leak: 51
Total Energy (nJ): 55,973,750
Total Energy (nJ) 3D: 60,660,330
Cores Energy (nJ): 5,816,895
Route Energy (nJ): 9,814,247
Route Energy (nJ) 3D: 14,500,828
Mem Energy   (nJ): 40,342,608
Mem Energy   (nJ) 3D: 40,342,608
Avg. Power (mW): 37,301.21
Power Density (mW/mm2): 11.68

---Runtime---
Runtime in K cycles: 1,500.59
Microseconds: 1,500.59
Time per iteration (ms): 1.50

---Throughput---
GOP/s (aka OPS/ns): 353.06
GOP/s per core: 0.34
GFLOP/s: 123.82
GFLOP/s per core: 0.12
Max Peak GFLOP/s: 4,096.00
Avg. BW GB/s: 2,632.62
Max BW GB/s: 16,384.00

---Traffic---
In-Die bisection_bytes BW (GB/s): 128.00
Inter-board traffic (msg/ns): 0.00, per-link: 0.00
Inter-pack traffic (msg/ns): 0.00, per-link: 0.00
Inter-die traffic (msg/ns): 60.71, per-link: 0.12
Ruche traffic (msg/ns): 115.43, per-link: 0.23
All traffic (msg/ns): 994.10, per-link: 0.97
Inter-die reduction wrt all: 16.38
Inter-board reduction wrt inter-die: inf

---Data Movement---
All traffic (msg): 1,491,728,312
Arith. Intensity FLOP/Loads: 0.38
Arith. Intensity FLOP/Msgs: 0.12
Arith. Intensity OPS/Loads: 1.08
Arith. Intensity OPS/Msgs: 0.36



===Core Utilization Total=== CORE-S:15;; TIME K cy:1,500 ;; Nodes Proc: 11,539,604 -- Edges Proc: 11,744,145
======== IT IS COLD ======= Only 14 Tiles active

===PRINTING FRAME STATS

FCollision In Avg:19, SD:41, Max:278, Min:0
FCollision Out Avg:17, SD:31, Max:195, Min:0
FCollision End Avg:2, SD:10, Max:98, Min:0
FTask1 Avg:5, SD:18, Max:124, Min:0
FTask2 Avg:16, SD:50, Max:353, Min:0
FTask3 Avg:11, SD:21, Max:200, Min:0
FCore Active Avg:8, SD:16, Max:99, Min:0
FRouter Active Avg:25, SD:21, Max:99, Min:2
T1 invocations: 51,520
T2 invocations: 163,978
T3 invocations: 3,788,737
T3b invocations: 0
Total3 invocations: 3,788,737
Total4 invocations: 0

T3/T2 ratio: 23
T3b/T3 ratio: 0

T1 avg ex cycles: 101
T2 avg ex cycles: 97
T3&b avg ex cycles: 3
T4 avg ex cycles: -nan
Avg. hops NOC1: 7
Avg. latency NOC1 (T2): 20,294
Avg. hops NOC2: 8
Avg. latency NOC2 (T3): 2,939

===PRINTING ACUM STATS at pu_cycles: 1,600,575

ACollision In Avg:110, SD:59, Max:396, Min:5
ACollision Out Avg:86, SD:53, Max:310, Min:3
ACollision End Avg:10, SD:14, Max:93, Min:0
ATask1 Avg:9, SD:1, Max:13, Min:1
ATask2 Avg:26, SD:5, Max:30, Min:0
ATask3 Avg:18, SD:21, Max:213, Min:1
ACore Active Avg:13, SD:5, Max:63, Min:3
ARouter Active Avg:37, SD:12, Max:94, Min:14
T1 invocations: 1,421,075
T2 invocations: 4,515,512
T3 invocations: 96,677,223
T3b invocations: 0
Total3 invocations: 96,677,223
Total4 invocations: 0

T3/T2 ratio: 21
T3b/T3 ratio: 0

T1 avg ex cycles: 102
T2 avg ex cycles: 94
T3&b avg ex cycles: 3
T4 avg ex cycles: -nan
Avg. hops NOC1: 7
Avg. latency NOC1 (T2): 31,239
Avg. hops NOC2: 8
Avg. latency NOC2 (T3): 9,634
Number of K Nodes Processed: 96,695
Number of K Edges Processed: 96,829
Node Re-explore factor: 22.99
Edge Re-explore factor: 0.96
Nodes/cy: 60
Edges/cy: 60
TEPS: 60

---DCache---
DCache Size: 210,208
DRAM words: 0
  DHits: 0
  DMisses: 0

---Energy---
Leakage Energy (nJ): 1,152,872
PU Dyn E (nJ): 6,032,517
Mem Dyn E (nJ): 40,928,216
Route Dyn E (nJ): 10,163,711
Dynamic Energy (nJ): 57,124,445
Ratio of Dyn/Leak: 50
Total Energy (nJ): 58,277,317
Total Energy (nJ) 3D: 63,148,813
Cores Energy (nJ): 6,050,335
Route Energy (nJ): 10,231,375
Route Energy (nJ) 3D: 15,102,872
Mem Energy   (nJ): 41,995,607
Mem Energy   (nJ) 3D: 41,995,607
Avg. Power (mW): 36,410.24
Power Density (mW/mm2): 11.40

---Runtime---
Runtime in K cycles: 1,600.58
Microseconds: 1,600.58
Time per iteration (ms): 1.60

---Throughput---
GOP/s (aka OPS/ns): 344.09
GOP/s per core: 0.34
GFLOP/s: 120.78
GFLOP/s per core: 0.12
Max Peak GFLOP/s: 4,096.00
Avg. BW GB/s: 2,567.68
Max BW GB/s: 16,384.00

---Traffic---
In-Die bisection_bytes BW (GB/s): 128.00
Inter-board traffic (msg/ns): 0.00, per-link: 0.00
Inter-pack traffic (msg/ns): 0.00, per-link: 0.00
Inter-die traffic (msg/ns): 58.97, per-link: 0.12
Ruche traffic (msg/ns): 114.12, per-link: 0.22
All traffic (msg/ns): 970.35, per-link: 0.95
Inter-die reduction wrt all: 16.46
Inter-board reduction wrt inter-die: inf

---Data Movement---
All traffic (msg): 1,553,122,885
Arith. Intensity FLOP/Loads: 0.38
Arith. Intensity FLOP/Msgs: 0.12
Arith. Intensity OPS/Loads: 1.07
Arith. Intensity OPS/Msgs: 0.35



===Core Utilization Total=== CORE-S:16;; TIME K cy:1,600 ;; Nodes Proc: 11,922,683 -- Edges Proc: 11,970,598
======== IT IS COLD ======= Only 14 Tiles active

===PRINTING FRAME STATS

FCollision In Avg:10, SD:28, Max:235, Min:0
FCollision Out Avg:8, SD:21, Max:178, Min:0
FCollision End Avg:1, SD:7, Max:95, Min:0
FTask1 Avg:3, SD:14, Max:118, Min:0
FTask2 Avg:10, SD:39, Max:332, Min:0
FTask3 Avg:7, SD:18, Max:221, Min:0
FCore Active Avg:5, SD:12, Max:83, Min:0
FRouter Active Avg:18, SD:18, Max:99, Min:1
T1 invocations: 30,474
T2 invocations: 103,654
T3 invocations: 2,558,683
T3b invocations: 0
Total3 invocations: 2,558,683
Total4 invocations: 0

T3/T2 ratio: 25
T3b/T3 ratio: 0

T1 avg ex cycles: 99
T2 avg ex cycles: 97
T3&b avg ex cycles: 3
T4 avg ex cycles: -nan
Avg. hops NOC1: 6
Avg. latency NOC1 (T2): 12,854
Avg. hops NOC2: 8
Avg. latency NOC2 (T3): 4,005

===PRINTING ACUM STATS at pu_cycles: 1,700,286

ACollision In Avg:105, SD:56, Max:373, Min:4
ACollision Out Avg:81, SD:50, Max:294, Min:3
ACollision End Avg:9, SD:13, Max:88, Min:0
ATask1 Avg:9, SD:1, Max:13, Min:2
ATask2 Avg:25, SD:3, Max:28, Min:0
ATask3 Avg:17, SD:20, Max:210, Min:1
ACore Active Avg:13, SD:5, Max:62, Min:3
ARouter Active Avg:35, SD:12, Max:93, Min:14
T1 invocations: 1,451,443
T2 invocations: 4,620,032
T3 invocations: 99,238,946
T3b invocations: 0
Total3 invocations: 99,238,946
Total4 invocations: 0

T3/T2 ratio: 21
T3b/T3 ratio: 0

T1 avg ex cycles: 102
T2 avg ex cycles: 94
T3&b avg ex cycles: 3
T4 avg ex cycles: -nan
Avg. hops NOC1: 7
Avg. latency NOC1 (T2): 30,824
Avg. hops NOC2: 8
Avg. latency NOC2 (T3): 9,487
Number of K Nodes Processed: 99,260
Number of K Edges Processed: 99,298
Node Re-explore factor: 23.60
Edge Re-explore factor: 0.98
Nodes/cy: 58
Edges/cy: 58
TEPS: 56

---DCache---
DCache Size: 210,208
DRAM words: 0
  DHits: 0
  DMisses: 0

---Energy---
Leakage Energy (nJ): 1,224,692
PU Dyn E (nJ): 6,185,174
Mem Dyn E (nJ): 41,982,861
Route Dyn E (nJ): 10,445,063
Dynamic Energy (nJ): 58,613,099
Ratio of Dyn/Leak: 48
Total Energy (nJ): 59,837,791
Total Energy (nJ) 3D: 64,836,441
Cores Energy (nJ): 6,204,101
Route Energy (nJ): 10,516,942
Route Energy (nJ) 3D: 15,515,592
Mem Energy   (nJ): 43,116,748
Mem Energy   (nJ) 3D: 43,116,748
Avg. Power (mW): 35,192.78
Power Density (mW/mm2): 11.02

---Runtime---
Runtime in K cycles: 1,700.29
Microseconds: 1,700.29
Time per iteration (ms): 1.70

---Throughput---
GOP/s (aka OPS/ns): 331.84
GOP/s per core: 0.32
GFLOP/s: 116.64
GFLOP/s per core: 0.11
Max Peak GFLOP/s: 4,096.00
Avg. BW GB/s: 2,479.38
Max BW GB/s: 16,384.00

---Traffic---
In-Die bisection_bytes BW (GB/s): 128.00
Inter-board traffic (msg/ns): 0.00, per-link: 0.00
Inter-pack traffic (msg/ns): 0.00, per-link: 0.00
Inter-die traffic (msg/ns): 56.83, per-link: 0.11
Ruche traffic (msg/ns): 111.14, per-link: 0.22
All traffic (msg/ns): 938.09, per-link: 0.92
Inter-die reduction wrt all: 16.51
Inter-board reduction wrt inter-die: inf

---Data Movement---
All traffic (msg): 1,595,020,363
Arith. Intensity FLOP/Loads: 0.38
Arith. Intensity FLOP/Msgs: 0.12
Arith. Intensity OPS/Loads: 1.07
Arith. Intensity OPS/Msgs: 0.35



===Core Utilization Total=== CORE-S:17;; TIME K cy:1,700 ;; Nodes Proc: 12,206,348 -- Edges Proc: 12,207,534
======== IT IS COLD ======= Only 4 Tiles active

===PRINTING FRAME STATS

FCollision In Avg:3, SD:15, Max:181, Min:0
FCollision Out Avg:2, SD:11, Max:103, Min:0
FCollision End Avg:0, SD:4, Max:73, Min:0
FTask1 Avg:1, SD:7, Max:110, Min:0
FTask2 Avg:3, SD:24, Max:373, Min:0
FTask3 Avg:3, SD:12, Max:151, Min:0
FCore Active Avg:2, SD:7, Max:93, Min:0
FRouter Active Avg:7, SD:12, Max:91, Min:0
T1 invocations: 9,694
T2 invocations: 25,614
T3 invocations: 1,037,245
T3b invocations: 0
Total3 invocations: 1,037,245
Total4 invocations: 0

T3/T2 ratio: 40
T3b/T3 ratio: 0

T1 avg ex cycles: 86
T2 avg ex cycles: 123
T3&b avg ex cycles: 3
T4 avg ex cycles: -nan
Avg. hops NOC1: 6
Avg. latency NOC1 (T2): 15,920
Avg. hops NOC2: 7
Avg. latency NOC2 (T3): 1,590

===PRINTING ACUM STATS at pu_cycles: 1,800,598

ACollision In Avg:99, SD:53, Max:353, Min:4
ACollision Out Avg:77, SD:48, Max:278, Min:3
ACollision End Avg:9, SD:12, Max:83, Min:0
ATask1 Avg:8, SD:1, Max:14, Min:3
ATask2 Avg:24, SD:3, Max:27, Min:0
ATask3 Avg:16, SD:19, Max:205, Min:1
ACore Active Avg:12, SD:5, Max:60, Min:3
ARouter Active Avg:34, SD:11, Max:89, Min:13
T1 invocations: 1,461,538
T2 invocations: 4,651,825
T3 invocations: 100,277,695
T3b invocations: 0
Total3 invocations: 100,277,695
Total4 invocations: 0

T3/T2 ratio: 22
T3b/T3 ratio: 0

T1 avg ex cycles: 102
T2 avg ex cycles: 94
T3&b avg ex cycles: 3
T4 avg ex cycles: -nan
Avg. hops NOC1: 7
Avg. latency NOC1 (T2): 30,722
Avg. hops NOC2: 8
Avg. latency NOC2 (T3): 9,406
Number of K Nodes Processed: 100,289
Number of K Edges Processed: 100,298
Node Re-explore factor: 23.84
Edge Re-explore factor: 0.99
Nodes/cy: 56
Edges/cy: 56
TEPS: 53

---DCache---
DCache Size: 210,208
DRAM words: 0
  DHits: 0
  DMisses: 0

---Energy---
Leakage Energy (nJ): 1,296,946
PU Dyn E (nJ): 6,244,220
Mem Dyn E (nJ): 42,398,569
Route Dyn E (nJ): 10,550,363
Dynamic Energy (nJ): 59,193,153
Ratio of Dyn/Leak: 46
Total Energy (nJ): 60,490,099
Total Energy (nJ) 3D: 65,534,254
Cores Energy (nJ): 6,264,265
Route Energy (nJ): 10,626,483
Route Energy (nJ) 3D: 15,670,637
Mem Energy   (nJ): 43,599,352
Mem Energy   (nJ) 3D: 43,599,352
Avg. Power (mW): 33,594.45
Power Density (mW/mm2): 10.52

---Runtime---
Runtime in K cycles: 1,800.60
Microseconds: 1,800.60
Time per iteration (ms): 1.80

---Throughput---
GOP/s (aka OPS/ns): 316.13
GOP/s per core: 0.31
GFLOP/s: 111.24
GFLOP/s per core: 0.11
Max Peak GFLOP/s: 4,096.00
Avg. BW GB/s: 2,364.44
Max BW GB/s: 16,384.00

---Traffic---
In-Die bisection_bytes BW (GB/s): 128.00
Inter-board traffic (msg/ns): 0.00, per-link: 0.00
Inter-pack traffic (msg/ns): 0.00, per-link: 0.00
Inter-die traffic (msg/ns): 54.06, per-link: 0.11
Ruche traffic (msg/ns): 106.46, per-link: 0.21
All traffic (msg/ns): 894.49, per-link: 0.87
Inter-die reduction wrt all: 16.55
Inter-board reduction wrt inter-die: inf

---Data Movement---
All traffic (msg): 1,610,621,052
Arith. Intensity FLOP/Loads: 0.38
Arith. Intensity FLOP/Msgs: 0.12
Arith. Intensity OPS/Loads: 1.07
Arith. Intensity OPS/Msgs: 0.35



===Core Utilization Total=== CORE-S:18;; TIME K cy:1,800 ;; Nodes Proc: 12,254,948 -- Edges Proc: 12,306,872
======== IT IS COLD ======= Only 1 Tiles active

===PRINTING FRAME STATS

FCollision In Avg:1, SD:8, Max:114, Min:0
FCollision Out Avg:1, SD:8, Max:96, Min:0
FCollision End Avg:0, SD:4, Max:73, Min:0
FTask1 Avg:0, SD:4, Max:76, Min:0
FTask2 Avg:2, SD:22, Max:376, Min:0
FTask3 Avg:1, SD:8, Max:189, Min:0
FCore Active Avg:1, SD:6, Max:96, Min:0
FRouter Active Avg:3, SD:9, Max:91, Min:0
T1 invocations: 3,742
T2 invocations: 11,579
T3 invocations: 473,829
T3b invocations: 0
Total3 invocations: 473,829
Total4 invocations: 0

T3/T2 ratio: 41
T3b/T3 ratio: 0

T1 avg ex cycles: 71
T2 avg ex cycles: 154
T3&b avg ex cycles: 3
T4 avg ex cycles: -nan
Avg. hops NOC1: 5
Avg. latency NOC1 (T2): 17,770
Avg. hops NOC2: 7
Avg. latency NOC2 (T3): 1,641

===PRINTING ACUM STATS at pu_cycles: 1,900,178

ACollision In Avg:94, SD:51, Max:334, Min:4
ACollision Out Avg:73, SD:45, Max:263, Min:3
ACollision End Avg:8, SD:11, Max:78, Min:0
ATask1 Avg:8, SD:1, Max:14, Min:3
ATask2 Avg:23, SD:2, Max:25, Min:0
ATask3 Avg:16, SD:18, Max:195, Min:1
ACore Active Avg:11, SD:5, Max:57, Min:3
ARouter Active Avg:32, SD:11, Max:85, Min:12
T1 invocations: 1,465,280
T2 invocations: 4,668,470
T3 invocations: 100,762,915
T3b invocations: 0
Total3 invocations: 100,762,915
Total4 invocations: 0

T3/T2 ratio: 22
T3b/T3 ratio: 0

T1 avg ex cycles: 102
T2 avg ex cycles: 94
T3&b avg ex cycles: 3
T4 avg ex cycles: -nan
Avg. hops NOC1: 7
Avg. latency NOC1 (T2): 30,677
Avg. hops NOC2: 8
Avg. latency NOC2 (T3): 9,369
Number of K Nodes Processed: 100,763
Number of K Edges Processed: 100,763
Node Re-explore factor: 23.95
Edge Re-explore factor: 0.99
Nodes/cy: 53
Edges/cy: 53
TEPS: 50

---DCache---
DCache Size: 210,208
DRAM words: 0
  DHits: 0
  DMisses: 0

---Energy---
Leakage Energy (nJ): 1,368,672
PU Dyn E (nJ): 6,277,504
Mem Dyn E (nJ): 42,628,296
Route Dyn E (nJ): 10,599,442
Dynamic Energy (nJ): 59,505,243
Ratio of Dyn/Leak: 43
Total Energy (nJ): 60,873,915
Total Energy (nJ) 3D: 65,939,559
Cores Energy (nJ): 6,298,657
Route Energy (nJ): 10,679,771
Route Energy (nJ) 3D: 15,745,416
Mem Energy   (nJ): 43,895,487
Mem Energy   (nJ) 3D: 43,895,487
Avg. Power (mW): 32,035.90
Power Density (mW/mm2): 10.03

---Runtime---
Runtime in K cycles: 1,900.18
Microseconds: 1,900.18
Time per iteration (ms): 1.90

---Throughput---
GOP/s (aka OPS/ns): 300.98
GOP/s per core: 0.29
GFLOP/s: 106.02
GFLOP/s per core: 0.10
Max Peak GFLOP/s: 4,096.00
Avg. BW GB/s: 2,252.67
Max BW GB/s: 16,384.00

---Traffic---
In-Die bisection_bytes BW (GB/s): 128.00
Inter-board traffic (msg/ns): 0.00, per-link: 0.00
Inter-pack traffic (msg/ns): 0.00, per-link: 0.00
Inter-die traffic (msg/ns): 51.37, per-link: 0.10
Ruche traffic (msg/ns): 101.57, per-link: 0.20
All traffic (msg/ns): 851.46, per-link: 0.83
Inter-die reduction wrt all: 16.58
Inter-board reduction wrt inter-die: inf

---Data Movement---
All traffic (msg): 1,617,929,296
Arith. Intensity FLOP/Loads: 0.38
Arith. Intensity FLOP/Msgs: 0.12
Arith. Intensity OPS/Loads: 1.07
Arith. Intensity OPS/Msgs: 0.35



===Core Utilization Total=== CORE-S:19;; TIME K cy:1,900 ;; Nodes Proc: 12,282,342 -- Edges Proc: 12,333,174
======== IT IS COLD ======= Only 0 Tiles active

===PRINTING FRAME STATS

FCollision In Avg:0, SD:4, Max:96, Min:0
FCollision Out Avg:1, SD:6, Max:96, Min:0
FCollision End Avg:0, SD:1, Max:39, Min:0
FTask1 Avg:0, SD:1, Max:32, Min:0
FTask2 Avg:0, SD:10, Max:259, Min:0
FTask3 Avg:1, SD:4, Max:94, Min:0
FCore Active Avg:0, SD:3, Max:65, Min:0
FRouter Active Avg:1, SD:4, Max:64, Min:0
T1 invocations: 1,083
T2 invocations: 2,614
T3 invocations: 176,141
T3b invocations: 0
Total3 invocations: 176,141
Total4 invocations: 0

T3/T2 ratio: 67
T3b/T3 ratio: 0

T1 avg ex cycles: 58
T2 avg ex cycles: 189
T3&b avg ex cycles: 3
T4 avg ex cycles: -nan
Avg. hops NOC1: 8
Avg. latency NOC1 (T2): 20,167
Avg. hops NOC2: 7
Avg. latency NOC2 (T3): 302

===PRINTING ACUM STATS at pu_cycles: 2,000,132

ACollision In Avg:89, SD:48, Max:317, Min:4
ACollision Out Avg:69, SD:43, Max:250, Min:3
ACollision End Avg:8, SD:11, Max:74, Min:0
ATask1 Avg:7, SD:0, Max:13, Min:3
ATask2 Avg:22, SD:2, Max:24, Min:0
ATask3 Avg:15, SD:18, Max:185, Min:1
ACore Active Avg:11, SD:4, Max:54, Min:3
ARouter Active Avg:31, SD:10, Max:81, Min:12
T1 invocations: 1,466,363
T2 invocations: 4,673,693
T3 invocations: 100,939,194
T3b invocations: 0
Total3 invocations: 100,939,194
Total4 invocations: 0

T3/T2 ratio: 22
T3b/T3 ratio: 0

T1 avg ex cycles: 102
T2 avg ex cycles: 94
T3&b avg ex cycles: 3
T4 avg ex cycles: -nan
Avg. hops NOC1: 7
Avg. latency NOC1 (T2): 30,660
Avg. hops NOC2: 8
Avg. latency NOC2 (T3): 9,353
Number of K Nodes Processed: 100,939
Number of K Edges Processed: 100,939
Node Re-explore factor: 24.00
Edge Re-explore factor: 1.00
Nodes/cy: 50
Edges/cy: 50
TEPS: 48

---DCache---
DCache Size: 210,208
DRAM words: 0
  DHits: 0
  DMisses: 0

---Energy---
Leakage Energy (nJ): 1,440,667
PU Dyn E (nJ): 6,287,772
Mem Dyn E (nJ): 42,701,652
Route Dyn E (nJ): 10,618,603
Dynamic Energy (nJ): 59,608,028
Ratio of Dyn/Leak: 41
Total Energy (nJ): 61,048,695
Total Energy (nJ) 3D: 66,122,048
Cores Energy (nJ): 6,310,038
Route Energy (nJ): 10,703,158
Route Energy (nJ) 3D: 15,776,511
Mem Energy   (nJ): 44,035,500
Mem Energy   (nJ) 3D: 44,035,500
Avg. Power (mW): 30,522.33
Power Density (mW/mm2): 9.56

---Runtime---
Runtime in K cycles: 2,000.13
Microseconds: 2,000.13
Time per iteration (ms): 2.00

---Throughput---
GOP/s (aka OPS/ns): 286.34
GOP/s per core: 0.28
GFLOP/s: 100.90
GFLOP/s per core: 0.10
Max Peak GFLOP/s: 4,096.00
Avg. BW GB/s: 2,143.78
Max BW GB/s: 16,384.00

---Traffic---
In-Die bisection_bytes BW (GB/s): 128.00
Inter-board traffic (msg/ns): 0.00, per-link: 0.00
Inter-pack traffic (msg/ns): 0.00, per-link: 0.00
Inter-die traffic (msg/ns): 48.84, per-link: 0.10
Ruche traffic (msg/ns): 96.80, per-link: 0.19
All traffic (msg/ns): 810.29, per-link: 0.79
Inter-die reduction wrt all: 16.59
Inter-board reduction wrt inter-die: inf

---Data Movement---
All traffic (msg): 1,620,681,139
Arith. Intensity FLOP/Loads: 0.38
Arith. Intensity FLOP/Msgs: 0.12
Arith. Intensity OPS/Loads: 1.07
Arith. Intensity OPS/Msgs: 0.35



===Core Utilization Total=== CORE-S:20;; TIME K cy:2,000 ;; Nodes Proc: 12,296,307 -- Edges Proc: 12,333,174
======== IT IS COLD ======= Only 0 Tiles active

===PRINTING FRAME STATS

FCollision In Avg:0, SD:5, Max:94, Min:0
FCollision Out Avg:1, SD:11, Max:154, Min:0
FCollision End Avg:0, SD:2, Max:76, Min:0
FTask1 Avg:0, SD:2, Max:58, Min:0
FTask2 Avg:0, SD:11, Max:324, Min:0
FTask3 Avg:0, SD:3, Max:87, Min:0
FCore Active Avg:0, SD:3, Max:81, Min:0
FRouter Active Avg:1, SD:4, Max:78, Min:0
T1 invocations: 924
T2 invocations: 2,358
T3 invocations: 119,307
T3b invocations: 0
Total3 invocations: 119,307
Total4 invocations: 0

T3/T2 ratio: 51
T3b/T3 ratio: 0

T1 avg ex cycles: 63
T2 avg ex cycles: 210
T3&b avg ex cycles: 3
T4 avg ex cycles: -nan
Avg. hops NOC1: 15
Avg. latency NOC1 (T2): 25,999
Avg. hops NOC2: 8
Avg. latency NOC2 (T3): 162

===PRINTING ACUM STATS at pu_cycles: 2,100,192

ACollision In Avg:85, SD:46, Max:302, Min:3
ACollision Out Avg:66, SD:41, Max:238, Min:4
ACollision End Avg:8, SD:10, Max:71, Min:0
ATask1 Avg:7, SD:0, Max:13, Min:2
ATask2 Avg:21, SD:1, Max:23, Min:0
ATask3 Avg:14, SD:17, Max:177, Min:1
ACore Active Avg:10, SD:4, Max:52, Min:3
ARouter Active Avg:29, SD:10, Max:77, Min:11
T1 invocations: 1,467,287
T2 invocations: 4,676,997
T3 invocations: 101,058,524
T3b invocations: 0
Total3 invocations: 101,058,524
Total4 invocations: 0

T3/T2 ratio: 22
T3b/T3 ratio: 0

T1 avg ex cycles: 102
T2 avg ex cycles: 94
T3&b avg ex cycles: 3
T4 avg ex cycles: -nan
Avg. hops NOC1: 7
Avg. latency NOC1 (T2): 30,656
Avg. hops NOC2: 8
Avg. latency NOC2 (T3): 9,342
Number of K Nodes Processed: 101,058
Number of K Edges Processed: 101,058
Node Re-explore factor: 24.02
Edge Re-explore factor: 1.00
Nodes/cy: 48
Edges/cy: 48
TEPS: 45

---DCache---
DCache Size: 210,208
DRAM words: 0
  DHits: 0
  DMisses: 0

---Energy---
Leakage Energy (nJ): 1,512,739
PU Dyn E (nJ): 6,296,224
Mem Dyn E (nJ): 42,759,803
Route Dyn E (nJ): 10,633,972
Dynamic Energy (nJ): 59,689,998
Ratio of Dyn/Leak: 39
Total Energy (nJ): 61,202,737
Total Energy (nJ) 3D: 66,283,139
Cores Energy (nJ): 6,319,603
Route Energy (nJ): 10,722,756
Route Energy (nJ) 3D: 15,803,158
Mem Energy   (nJ): 44,160,379
Mem Energy   (nJ) 3D: 44,160,379
Avg. Power (mW): 29,141.50
Power Density (mW/mm2): 9.13

---Runtime---
Runtime in K cycles: 2,100.19
Microseconds: 2,100.19
Time per iteration (ms): 2.10

---Throughput---
GOP/s (aka OPS/ns): 273.02
GOP/s per core: 0.27
GFLOP/s: 96.24
GFLOP/s per core: 0.09
Max Peak GFLOP/s: 4,096.00
Avg. BW GB/s: 2,044.42
Max BW GB/s: 16,384.00

---Traffic---
In-Die bisection_bytes BW (GB/s): 128.00
Inter-board traffic (msg/ns): 0.00, per-link: 0.00
Inter-pack traffic (msg/ns): 0.00, per-link: 0.00
Inter-die traffic (msg/ns): 46.54, per-link: 0.09
Ruche traffic (msg/ns): 92.38, per-link: 0.18
All traffic (msg/ns): 772.75, per-link: 0.75
Inter-die reduction wrt all: 16.60
Inter-board reduction wrt inter-die: inf

---Data Movement---
All traffic (msg): 1,622,932,064
Arith. Intensity FLOP/Loads: 0.38
Arith. Intensity FLOP/Msgs: 0.12
Arith. Intensity OPS/Loads: 1.07
Arith. Intensity OPS/Msgs: 0.35



===Core Utilization Total=== CORE-S:21;; TIME K cy:2,100 ;; Nodes Proc: 12,305,623 -- Edges Proc: 12,411,091
======== IT IS COLD ======= Only 1 Tiles active

===PRINTING FRAME STATS

FCollision In Avg:0, SD:5, Max:100, Min:0
FCollision Out Avg:2, SD:13, Max:194, Min:0
FCollision End Avg:0, SD:2, Max:77, Min:0
FTask1 Avg:0, SD:2, Max:51, Min:0
FTask2 Avg:1, SD:13, Max:398, Min:0
FTask3 Avg:0, SD:3, Max:88, Min:0
FCore Active Avg:0, SD:3, Max:100, Min:0
FRouter Active Avg:1, SD:5, Max:96, Min:0
T1 invocations: 869
T2 invocations: 2,631
T3 invocations: 135,638
T3b invocations: 0
Total3 invocations: 135,638
Total4 invocations: 0

T3/T2 ratio: 52
T3b/T3 ratio: 0

T1 avg ex cycles: 59
T2 avg ex cycles: 214
T3&b avg ex cycles: 3
T4 avg ex cycles: -nan
Avg. hops NOC1: 17
Avg. latency NOC1 (T2): 26,839
Avg. hops NOC2: 9
Avg. latency NOC2 (T3): 134

===PRINTING ACUM STATS at pu_cycles: 2,200,298

ACollision In Avg:81, SD:44, Max:289, Min:3
ACollision Out Avg:63, SD:39, Max:227, Min:3
ACollision End Avg:7, SD:10, Max:68, Min:0
ATask1 Avg:7, SD:0, Max:12, Min:2
ATask2 Avg:20, SD:1, Max:22, Min:4
ATask3 Avg:13, SD:16, Max:170, Min:1
ACore Active Avg:10, SD:4, Max:50, Min:4
ARouter Active Avg:28, SD:10, Max:73, Min:11
T1 invocations: 1,468,156
T2 invocations: 4,679,628
T3 invocations: 101,194,162
T3b invocations: 0
Total3 invocations: 101,194,162
Total4 invocations: 0

T3/T2 ratio: 22
T3b/T3 ratio: 0

T1 avg ex cycles: 102
T2 avg ex cycles: 94
T3&b avg ex cycles: 3
T4 avg ex cycles: -nan
Avg. hops NOC1: 7
Avg. latency NOC1 (T2): 30,654
Avg. hops NOC2: 8
Avg. latency NOC2 (T3): 9,330
Number of K Nodes Processed: 101,194
Number of K Edges Processed: 101,194
Node Re-explore factor: 24.06
Edge Re-explore factor: 1.00
Nodes/cy: 46
Edges/cy: 46
TEPS: 43

---DCache---
DCache Size: 210,208
DRAM words: 0
  DHits: 0
  DMisses: 0

---Energy---
Leakage Energy (nJ): 1,584,844
PU Dyn E (nJ): 6,303,944
Mem Dyn E (nJ): 42,815,118
Route Dyn E (nJ): 10,651,922
Dynamic Energy (nJ): 59,770,984
Ratio of Dyn/Leak: 38
Total Energy (nJ): 61,355,828
Total Energy (nJ) 3D: 66,444,751
Cores Energy (nJ): 6,328,438
Route Energy (nJ): 10,744,938
Route Energy (nJ) 3D: 15,833,861
Mem Energy   (nJ): 44,282,452
Mem Energy   (nJ) 3D: 44,282,452
Avg. Power (mW): 27,885.24
Power Density (mW/mm2): 8.73

---Runtime---
Runtime in K cycles: 2,200.30
Microseconds: 2,200.30
Time per iteration (ms): 2.20

---Throughput---
GOP/s (aka OPS/ns): 260.88
GOP/s per core: 0.25
GFLOP/s: 91.98
GFLOP/s per core: 0.09
Max Peak GFLOP/s: 4,096.00
Avg. BW GB/s: 1,953.93
Max BW GB/s: 16,384.00

---Traffic---
In-Die bisection_bytes BW (GB/s): 128.00
Inter-board traffic (msg/ns): 0.00, per-link: 0.00
Inter-pack traffic (msg/ns): 0.00, per-link: 0.00
Inter-die traffic (msg/ns): 44.46, per-link: 0.09
Ruche traffic (msg/ns): 88.37, per-link: 0.17
All traffic (msg/ns): 738.80, per-link: 0.72
Inter-die reduction wrt all: 16.62
Inter-board reduction wrt inter-die: inf

---Data Movement---
All traffic (msg): 1,625,580,161
Arith. Intensity FLOP/Loads: 0.38
Arith. Intensity FLOP/Msgs: 0.12
Arith. Intensity OPS/Loads: 1.07
Arith. Intensity OPS/Msgs: 0.35



===Core Utilization Total=== CORE-S:22;; TIME K cy:2,200 ;; Nodes Proc: 12,311,243 -- Edges Proc: 12,546,946
======== IT IS COLD ======= Only 2 Tiles active
Epoch Done Router: 5
Epoch Done Router: 2
Epoch Done Router: 6
##EPOCH## 1 COMPLETED at Time (K cy): 2,294
Nodes processed until now: 101,311,613
Edges processed until now: 101,311,613
Epoch Done Router: 4
Epoch Done Router: 7
Epoch Done Router: 1
Epoch Done Router: 3
Epoch Done Router: 0
Program Done Router Thread: 0
Program Done Router Thread: 6
Program Done Router Thread: 1
Program Done Router Thread: 3
Program Done Router Thread: 4
Program Done Router Thread: 2
Program Done Worker Thread: 3
Program Done Worker Thread: 0
Program Done Router Thread: 7
Program Done Router Thread: 5
Program Done Worker Thread: 5
Program Done Worker Thread: 7
Program Done Worker Thread: 6
Program Done Worker Thread: 2
Program Done Worker Thread: 4
Program Done Worker Thread: 1

===PRINTING ACUM STATS at pu_cycles: 2,294,694

ACollision In Avg:78, SD:42, Max:277, Min:3
ACollision Out Avg:61, SD:37, Max:218, Min:3
ACollision End Avg:7, SD:9, Max:65, Min:0
ATask1 Avg:6, SD:0, Max:12, Min:2
ATask2 Avg:19, SD:1, Max:21, Min:18
ATask3 Avg:13, SD:15, Max:165, Min:1
ACore Active Avg:10, SD:4, Max:48, Min:6
ARouter Active Avg:27, SD:9, Max:71, Min:10
T1 invocations: 1,468,671
T2 invocations: 4,681,808
T3 invocations: 101,311,613
T3b invocations: 0
Total3 invocations: 101,311,613
Total4 invocations: 0

T3/T2 ratio: 22
T3b/T3 ratio: 0

T1 avg ex cycles: 102
T2 avg ex cycles: 95
T3&b avg ex cycles: 3
T4 avg ex cycles: -nan
Avg. hops NOC1: 7
Avg. latency NOC1 (T2): 30,653
Avg. hops NOC2: 8
Avg. latency NOC2 (T3): 9,319

Runtime at program end in K cycles: 2,294
Runtime before cooldown in K cycles: 801


Number of K Nodes Processed: 101,311
Number of K Edges Processed: 101,311
Node Re-explore factor: 24.08
Edge Re-explore factor: 1.00
Nodes/cy: 44
Edges/cy: 44
TEPS: 42

---DCache---
DCache Size: 210,208
DRAM words: 0
  DHits: 0
  DMisses: 0

---Energy---
Leakage Energy (nJ): 1,652,836
PU Dyn E (nJ): 6,310,549
Mem Dyn E (nJ): 42,862,751
Route Dyn E (nJ): 10,666,012
Dynamic Energy (nJ): 59,839,313
Ratio of Dyn/Leak: 36
Total Energy (nJ): 61,492,149
Total Energy (nJ) 3D: 66,587,505
Cores Energy (nJ): 6,336,094
Route Energy (nJ): 10,763,019
Route Energy (nJ) 3D: 15,858,375
Mem Energy   (nJ): 44,393,037
Mem Energy   (nJ) 3D: 44,393,037
Avg. Power (mW): 26,797.54
Power Density (mW/mm2): 8.39

---Runtime---
Runtime in K cycles: 2,294.69
Microseconds: 2,294.69
Time per iteration (ms): 2.29

---Inst---
K Loads: 536,913
K Stores: 539,089
K Instructions: 574,515

---Throughput---
GOP/s (aka OPS/ns): 250.37
GOP/s per core: 0.24
GFLOP/s: 88.30
GFLOP/s per core: 0.09
Max Peak GFLOP/s: 4,096.00
Avg. BW GB/s: 1,875.64
Max BW GB/s: 16,384.00

---Traffic---
In-Die bisection_bytes BW (GB/s): 128.00
Inter-board traffic (msg/ns): 0.00, per-link: 0.00
Inter-pack traffic (msg/ns): 0.00, per-link: 0.00
Inter-die traffic (msg/ns): 42.66, per-link: 0.08
Ruche traffic (msg/ns): 84.89, per-link: 0.17
All traffic (msg/ns): 709.31, per-link: 0.69
Inter-die reduction wrt all: 16.63
Inter-board reduction wrt inter-die: inf

---Data Movement---
All traffic (msg): 1,627,654,387
Arith. Intensity FLOP/Loads: 0.38
Arith. Intensity FLOP/Msgs: 0.12
Arith. Intensity OPS/Loads: 1.07
Arith. Intensity OPS/Msgs: 0.35

Simulation time: 204.88
Sim time / DUT time: 21.80
Sim noc_cy/s: 11,200.04
Sim Msg/s: 7,944,326.75

Version 32

