Dataset:  Kron22/
Dry run: 0
Open Edge Count File succesfully
Edges Traversed BFS: 128309848
Found Vertices: 4194304, Edges: 128311436
avg degree 31
Array  Kron22/node_array.bin found
Malloc array of size 16777220 bytes
Readin array of size 16777216 bytes
Finished Reading Array Bytes
No reordering Array 32bit
Array  Kron22/edge_array.bin found
Malloc array of size 513245744 bytes
Readin array of size 513245744 bytes
Finished Reading Array Bytes
No reordering Array 32bit
Reading graph elapsed time: 0.148021s

Dataset Footprint: 522 MiB
Dataset Footprint per Board: 4383.05 Mb
Dataset injection time (ms): 0.26752
Max Dataset Footprint: 1026 MiB

Dataset footprint per tile: 522 KiB
Proxys footprint per tile: 0 KiB
Reserved SRAM per tile: 15 KiB

Ideal SRAM per tile: 537 KiB
reserved_words_for_dataset:12321
dataset_words_per_tile:133760
remaining_sram_words:61606
min_dcache_sram_words_required:12512
dataset_words_per_tile:133760
min_pcache_sram_words_required:0
proxys_words_per_tile:0
Dcache footprint ratio: 3
Dataset Cached: 1
DCache: 60880 words, lines: 3805, sets: 3805
Proxys Cached: 0
Pcache: 0 words, sets: 0
Node per tile: 4,096
Edge per tile: 125,305
GRID_X: 32
GRID_SIZE: 1,024
smt_per_tile: 1
noc_freq: 1
pu_freq: 1
RUCHE_X: 0
PROXY_W: 32
DIE_W: 32
DIE_H: 32
DIES: 1
BORDER_TILES_PER_DIE: 128
PACK_W: 32
PACK_H: 32
DIES_PACK_FACTOR: 1
DIES_PER_PACK: 1
PACKAGES: 1
BOARD_W: 32
BOARD_H: 32
BOARDS: 1
MUX_BUS: 1
DCACHE: 1
PCACHE: 0
PROXY_FACTOR: 1
CACHE_WAYS: 1
TORUS: 1
PHY_NOCS: 1
WIDE_NOC_ID: 0
NOC_CONF: 1
noc_width: 32
hbm_channel_bit_width: 512
ld_st_op_byte_width: 4
PROXY_ROUTING: 0
WITHIN_REGION: 0
WRITE_THROUGH: 1
ASSERT_MODE: 0
GLOBAL_BARRIER: 0
OQ flits: 36 ; 384 ; 2
IQ flits: 288 ; 3,072 ; 2
OQ messages: 12 ; 192 ; 1
IQ messages: 96 ; 1,536 ; 1
max_task2 size: 64
io_factor_t2: 8
io_factor_t3: 8
io_factor_t3b: 8

Active SRAM Storage per tile: 255 KiB
Total SRAM Storage per tile: 256 KiB
Agreggated SRAM Storage: 256 MiB

Active DRAM Storage per tile: 0.509766 MiB
Total DRAM Storage per tile: 8 MiB
Agreggated DRAM Storage: 8 GiB

Inter-Die #links: 1,024
Inter-Die (Gbits): 32,768
Inter-Die (Gbits/mm): 606.445
Bisection BW of Board (Gbits): 8,192
Border IO #Dies: 4
Border IO Die BW (Gbits): 4,096
Off-Board BW Total (Gbits): 16,384
Off-Board BW Density (Gbits/mm): 212
Die side: 13.51 mm
Die border wire density: 606.44 Gbits/mm
HBM wire density: 303.22 Gbits/mm

Tiles per Die: 1,024 (32x32)
Tile Area: 0.12 mm2, side: 0.35 mm
- Core/Rout Area: 0.05 mm2
- SRAM Area: 0.07 mm2
- SRAM/Logic Ratio: 1.40x

Dies per Package: 1 (1x1)
Die Area: 182.47 mm2, side: 13.51 mm
- Tiles Area: 125.98 mm2
- PHY Area: 47.49 mm2
- MC Area: 9.00 mm2

Packages per Board: 1 (1x1)
Package Area: 372.47 mm2, side: 19.30 mm
- IOdie Area: 80.00 mm2
- Dies Area: 182.47 mm2
- HBM Area: 110.00 mm2

Boards: 1 (1x1)
Board Area: 372.47 mm2
Total Area: 372.47 mm2



ESTIMATED COST OF SILICON AND PACKAGING. ONLY VARIABLE, NO FIXED COSTS
Good dies per wafer 3d: 186
Good dies per wafer 2d: 272
--Dies 3D Cost: 32.51 $
--Dies 2.5D Cost: 22.23 $
--Dies 2D Cost: 22.23 $
--HBM Cost: 60.00 $
--IOdie Cost: 8.44 $
--Packaging Cost 3d: 7.25 $
--Packaging Cost 2.5d: 12.38 $
--Packaging Cost 2d: 4.60 $
SiP Cost 3d: 108.20 $
SiP Cost 2.5d: 103.05 $
SiP Cost 2d: 35.27 $
--Board Cost: 0.37 $
Total SiPs Cost 3d: 108.58 $
Total SiPs Cost 2.5d: 103.43 $
Total SiPs Cost 2d: 35.64 $

Perf counters initialized
Mesh connected
Cache structures initialized
Replicas initialized
Allocated Frontier List
Dataset structures initialized


Starting Simulation
INIT epoch: 1
INIT epoch: 1
INIT epoch: 1
INIT epoch: 1
INIT epoch: 1
INIT epoch: 1
INIT epoch: 1
INIT epoch: 1

===PRINTING FRAME STATS

FCollision In Avg:-nan, SD:-nan, Max:298, Min:5
FCollision Out Avg:-nan, SD:-nan, Max:228, Min:12
FCollision End Avg:-nan, SD:-nan, Max:171, Min:0
FTask1 Avg:-nan, SD:-nan, Max:55, Min:1
FTask2 Avg:-nan, SD:-nan, Max:45, Min:0
FTask3 Avg:-nan, SD:-nan, Max:96, Min:33
FCore Active Avg:-nan, SD:-nan, Max:100, Min:58
FRouter Active Avg:-nan, SD:-nan, Max:68, Min:34
T1 invocations: 504,130
T2 invocations: 287,019
T3 invocations: 4,077,539
T3b invocations: 0
Total3 invocations: 4,077,539
Total4 invocations: 0

T3/T2 ratio: 14
T3b/T3 ratio: 0

T1 avg ex cycles: 46
T2 avg ex cycles: 55
T3&b avg ex cycles: 12
T4 avg ex cycles: -nan
Avg. hops NOC1: 3
Avg. latency NOC1 (T2): 14,703
Avg. hops NOC2: 20
Avg. latency NOC2 (T3): 11,715

===PRINTING ACUM STATS at pu_cycles: 100,304

ACollision In Avg:-nan, SD:-nan, Max:298, Min:5
ACollision Out Avg:-nan, SD:-nan, Max:228, Min:12
ACollision End Avg:-nan, SD:-nan, Max:171, Min:0
ATask1 Avg:-nan, SD:-nan, Max:55, Min:1
ATask2 Avg:-nan, SD:-nan, Max:45, Min:0
ATask3 Avg:-nan, SD:-nan, Max:96, Min:33
ACore Active Avg:-nan, SD:-nan, Max:100, Min:58
ARouter Active Avg:-nan, SD:-nan, Max:68, Min:34
T1 invocations: 504,130
T2 invocations: 287,019
T3 invocations: 4,077,539
T3b invocations: 0
Total3 invocations: 4,077,539
Total4 invocations: 0

T3/T2 ratio: 14
T3b/T3 ratio: 0

T1 avg ex cycles: 46
T2 avg ex cycles: 55
T3&b avg ex cycles: 12
T4 avg ex cycles: -nan
Avg. hops NOC1: 3
Avg. latency NOC1 (T2): 14,703
Avg. hops NOC2: 20
Avg. latency NOC2 (T3): 11,715
Number of K Nodes Processed: 1,096
Number of K Edges Processed: 4,803
Node Re-explore factor: 0.26
Edge Re-explore factor: 0.04
Nodes/cy: 11
Edges/cy: 48
TEPS: 1,279

---DCache---
DCache Size: 60,880
DRAM words: 133,760
  DHits: 9,635,163
  DMisses: 644,587
  DHit Rate (hit/miss): 94%
  DEvictions: 51,783
  DEviction Rate (evict/misses): 8%
  MC Transactions: 687,714
  MC Writes: 29,592
Avg. Transactions: 86% , Writes: 4%, Avg. Latency: 42
Max MC id: 0 of 8. Transactions: 94% , Writes: 5%, MC mean Latency: 49
HBM refresh energy (nJ): 0
HBM access energy (nJ): 1,302,805
MemC wire energy 2.5d (nJ): 493,266
MemC wire energy 3d (nJ): 123,316

---Energy---
Leakage Energy (nJ): 17,568
PU Dyn E (nJ): 342,862
Mem Dyn E (nJ): 2,734,657
Route Dyn E (nJ): 395,015
Dynamic Energy (nJ): 3,472,535
Ratio of Dyn/Leak: 198
Total Energy (nJ): 3,490,103
Total Energy (nJ) 3D: 3,296,119
Cores Energy (nJ): 343,142
Route Energy (nJ): 395,935
Route Energy (nJ) 3D: 571,901
Mem Energy   (nJ): 2,751,026
Mem Energy   (nJ) 3D: 2,381,077
Avg. Power (mW): 34,795.25
Power Density (mW/mm2): 93.42

---Runtime---
Runtime in K cycles: 100.30
Microseconds: 100.30
Time per iteration (ms): 0.10

---Throughput---
GOP/s (aka OPS/ns): 587.61
GOP/s per core: 0.57
GFLOP/s: 40.65
GFLOP/s per core: 0.04
Max Peak GFLOP/s: 1,024.00
Avg. BW GB/s: 1,999.10
Max BW GB/s: 4,096.00

---Traffic---
In-Die bisection_bytes BW (GB/s): 512.00
Inter-board traffic (msg/ns): 0.00, per-link: 0.00
Inter-pack traffic (msg/ns): 0.00, per-link: 0.00
Inter-die traffic (msg/ns): 0.00, per-link: 0.00
Ruche traffic (msg/ns): 0.00, per-link: 0.00
All traffic (msg/ns): 1,856.27, per-link: 1.81
Inter-die reduction wrt all: inf
Inter-board reduction wrt inter-die: -nan

---Data Movement---
All traffic (msg): 186,191,412
Arith. Intensity FLOP/Loads: 0.16
Arith. Intensity FLOP/Msgs: 0.02
Arith. Intensity OPS/Loads: 2.28
Arith. Intensity OPS/Msgs: 0.32



===Core Utilization Total=== CORE-S:1;; TIME K cy:100 ;; Nodes Proc: 127,422 -- Edges Proc: 812,078

===PRINTING FRAME STATS

FCollision In Avg:10, SD:17, Max:149, Min:1
FCollision Out Avg:8, SD:19, Max:200, Min:0
FCollision End Avg:2, SD:8, Max:99, Min:0
FTask1 Avg:56, SD:9, Max:83, Min:1
FTask2 Avg:20, SD:7, Max:66, Min:0
FTask3 Avg:22, SD:7, Max:79, Min:8
FCore Active Avg:98, SD:5, Max:100, Min:59
FRouter Active Avg:53, SD:5, Max:73, Min:36
T1 invocations: 1,352,968
T2 invocations: 660,644
T3 invocations: 3,473,425
T3b invocations: 0
Total3 invocations: 3,473,425
Total4 invocations: 0

T3/T2 ratio: 5
T3b/T3 ratio: 0

T1 avg ex cycles: 43
T2 avg ex cycles: 30
T3&b avg ex cycles: 6
T4 avg ex cycles: -nan
Avg. hops NOC1: 3
Avg. latency NOC1 (T2): 2,138
Avg. hops NOC2: 20
Avg. latency NOC2 (T3): 25,765

===PRINTING ACUM STATS at pu_cycles: 200,192

ACollision In Avg:59, SD:25, Max:188, Min:3
ACollision Out Avg:63, SD:28, Max:200, Min:6
ACollision End Avg:14, SD:17, Max:121, Min:0
ATask1 Avg:40, SD:8, Max:65, Min:1
ATask2 Avg:18, SD:6, Max:43, Min:0
ATask3 Avg:36, SD:6, Max:88, Min:26
ACore Active Avg:93, SD:7, Max:100, Min:63
ARouter Active Avg:53, SD:3, Max:63, Min:36
T1 invocations: 1,857,703
T2 invocations: 946,680
T3 invocations: 7,563,566
T3b invocations: 0
Total3 invocations: 7,563,566
Total4 invocations: 0

T3/T2 ratio: 8
T3b/T3 ratio: 0

T1 avg ex cycles: 44
T2 avg ex cycles: 38
T3&b avg ex cycles: 10
T4 avg ex cycles: -nan
Avg. hops NOC1: 3
Avg. latency NOC1 (T2): 5,970
Avg. hops NOC2: 20
Avg. latency NOC2 (T3): 18,160
Number of K Nodes Processed: 1,506
Number of K Edges Processed: 8,781
Node Re-explore factor: 0.36
Edge Re-explore factor: 0.07
Nodes/cy: 8
Edges/cy: 44
TEPS: 641

---DCache---
DCache Size: 60,880
DRAM words: 133,760
  DHits: 19,608,198
  DMisses: 1,213,068
  DHit Rate (hit/miss): 94%
  DEvictions: 165,529
  DEviction Rate (evict/misses): 14%
  MC Transactions: 1,306,639
  MC Writes: 68,553
Avg. Transactions: 82% , Writes: 4%, Avg. Latency: 32
Max MC id: 0 of 8. Transactions: 84% , Writes: 5%, MC mean Latency: 36
HBM refresh energy (nJ): 0
HBM access energy (nJ): 2,475,296
MemC wire energy 2.5d (nJ): 937,193
MemC wire energy 3d (nJ): 234,298

---Energy---
Leakage Energy (nJ): 35,063
PU Dyn E (nJ): 803,002
Mem Dyn E (nJ): 5,282,813
Route Dyn E (nJ): 732,729
Dynamic Energy (nJ): 6,818,544
Ratio of Dyn/Leak: 194
Total Energy (nJ): 6,853,607
Total Energy (nJ) 3D: 6,477,119
Cores Energy (nJ): 803,559
Route Energy (nJ): 734,564
Route Energy (nJ) 3D: 1,060,970
Mem Energy   (nJ): 5,315,484
Mem Energy   (nJ) 3D: 4,612,590
Avg. Power (mW): 34,235.17
Power Density (mW/mm2): 91.91

---Runtime---
Runtime in K cycles: 200.19
Microseconds: 200.19
Time per iteration (ms): 0.20

---Throughput---
GOP/s (aka OPS/ns): 729.22
GOP/s per core: 0.71
GFLOP/s: 37.78
GFLOP/s per core: 0.04
Max Peak GFLOP/s: 1,024.00
Avg. BW GB/s: 1,996.80
Max BW GB/s: 4,096.00

---Traffic---
In-Die bisection_bytes BW (GB/s): 512.00
Inter-board traffic (msg/ns): 0.00, per-link: 0.00
Inter-pack traffic (msg/ns): 0.00, per-link: 0.00
Inter-die traffic (msg/ns): 0.00, per-link: 0.00
Ruche traffic (msg/ns): 0.00, per-link: 0.00
All traffic (msg/ns): 1,736.52, per-link: 1.70
Inter-die reduction wrt all: inf
Inter-board reduction wrt inter-die: -nan

---Data Movement---
All traffic (msg): 347,638,291
Arith. Intensity FLOP/Loads: 0.14
Arith. Intensity FLOP/Msgs: 0.02
Arith. Intensity OPS/Loads: 2.71
Arith. Intensity OPS/Msgs: 0.42



===Core Utilization Total=== CORE-S:2;; TIME K cy:200 ;; Nodes Proc: 185,030 -- Edges Proc: 1,260,976

===PRINTING FRAME STATS

FCollision In Avg:7, SD:10, Max:61, Min:1
FCollision Out Avg:5, SD:10, Max:67, Min:0
FCollision End Avg:2, SD:7, Max:65, Min:0
FTask1 Avg:55, SD:7, Max:76, Min:3
FTask2 Avg:19, SD:7, Max:65, Min:0
FTask3 Avg:25, SD:5, Max:65, Min:13
FCore Active Avg:99, SD:3, Max:100, Min:70
FRouter Active Avg:49, SD:4, Max:62, Min:39
T1 invocations: 1,309,622
T2 invocations: 593,179
T3 invocations: 3,964,826
T3b invocations: 0
Total3 invocations: 3,964,826
Total4 invocations: 219

T3/T2 ratio: 7
T3b/T3 ratio: 0

T1 avg ex cycles: 43
T2 avg ex cycles: 33
T3&b avg ex cycles: 6
T4 avg ex cycles: 584
Avg. hops NOC1: 3
Avg. latency NOC1 (T2): 336
Avg. hops NOC2: 15
Avg. latency NOC2 (T3): 31,551

===PRINTING ACUM STATS at pu_cycles: 300,719

ACollision In Avg:41, SD:16, Max:125, Min:3
ACollision Out Avg:43, SD:18, Max:104, Min:4
ACollision End Avg:10, SD:12, Max:81, Min:0
ATask1 Avg:45, SD:5, Max:54, Min:3
ATask2 Avg:18, SD:5, Max:50, Min:0
ATask3 Avg:32, SD:5, Max:80, Min:22
ACore Active Avg:95, SD:5, Max:100, Min:76
ARouter Active Avg:52, SD:3, Max:61, Min:43
T1 invocations: 3,176,027
T2 invocations: 1,544,686
T3 invocations: 11,553,809
T3b invocations: 0
Total3 invocations: 11,553,809
Total4 invocations: 219

T3/T2 ratio: 7
T3b/T3 ratio: 0

T1 avg ex cycles: 43
T2 avg ex cycles: 36
T3&b avg ex cycles: 9
T4 avg ex cycles: 584
Avg. hops NOC1: 3
Avg. latency NOC1 (T2): 3,804
Avg. hops NOC2: 18
Avg. latency NOC2 (T3): 22,762
Number of K Nodes Processed: 1,995
Number of K Edges Processed: 12,385
Node Re-explore factor: 0.48
Edge Re-explore factor: 0.10
Nodes/cy: 7
Edges/cy: 41
TEPS: 427

---DCache---
DCache Size: 60,880
DRAM words: 133,760
  DHits: 28,844,616
  DMisses: 1,751,976
  DHit Rate (hit/miss): 94%
  DEvictions: 332,554
  DEviction Rate (evict/misses): 19%
  MC Transactions: 1,896,849
  MC Writes: 106,466
Avg. Transactions: 79% , Writes: 4%, Avg. Latency: 28
Max MC id: 6 of 8. Transactions: 80% , Writes: 4%, MC mean Latency: 28
HBM refresh energy (nJ): 0
HBM access energy (nJ): 3,593,390
MemC wire energy 2.5d (nJ): 1,360,523
MemC wire energy 3d (nJ): 340,131

---Energy---
Leakage Energy (nJ): 52,670
PU Dyn E (nJ): 1,277,889
Mem Dyn E (nJ): 7,764,431
Route Dyn E (nJ): 1,033,832
Dynamic Energy (nJ): 10,076,152
Ratio of Dyn/Leak: 191
Total Energy (nJ): 10,128,822
Total Energy (nJ) 3D: 9,568,967
Cores Energy (nJ): 1,278,726
Route Energy (nJ): 1,036,588
Route Energy (nJ) 3D: 1,497,125
Mem Energy   (nJ): 7,813,508
Mem Energy   (nJ) 3D: 6,793,116
Avg. Power (mW): 33,682.01
Power Density (mW/mm2): 90.43

---Runtime---
Runtime in K cycles: 300.72
Microseconds: 300.72
Time per iteration (ms): 0.30

---Throughput---
GOP/s (aka OPS/ns): 778.96
GOP/s per core: 0.76
GFLOP/s: 38.42
GFLOP/s per core: 0.04
Max Peak GFLOP/s: 1,024.00
Avg. BW GB/s: 2,009.10
Max BW GB/s: 4,096.00

---Traffic---
In-Die bisection_bytes BW (GB/s): 512.00
Inter-board traffic (msg/ns): 0.00, per-link: 0.00
Inter-pack traffic (msg/ns): 0.00, per-link: 0.00
Inter-die traffic (msg/ns): 0.00, per-link: 0.00
Ruche traffic (msg/ns): 0.00, per-link: 0.00
All traffic (msg/ns): 1,644.87, per-link: 1.61
Inter-die reduction wrt all: inf
Inter-board reduction wrt inter-die: -nan

---Data Movement---
All traffic (msg): 494,643,501
Arith. Intensity FLOP/Loads: 0.14
Arith. Intensity FLOP/Msgs: 0.02
Arith. Intensity OPS/Loads: 2.83
Arith. Intensity OPS/Msgs: 0.47



===Core Utilization Total=== CORE-S:3;; TIME K cy:300 ;; Nodes Proc: 249,705 -- Edges Proc: 1,773,522

===PRINTING FRAME STATS

FCollision In Avg:70, SD:36, Max:247, Min:1
FCollision Out Avg:70, SD:41, Max:256, Min:0
FCollision End Avg:24, SD:33, Max:194, Min:0
FTask1 Avg:7, SD:7, Max:62, Min:0
FTask2 Avg:21, SD:16, Max:62, Min:0
FTask3 Avg:60, SD:10, Max:97, Min:23
FCore Active Avg:89, SD:14, Max:100, Min:45
FRouter Active Avg:83, SD:5, Max:91, Min:44
T1 invocations: 167,800
T2 invocations: 195,003
T3 invocations: 8,700,833
T3b invocations: 0
Total3 invocations: 8,700,833
Total4 invocations: 733

T3/T2 ratio: 45
T3b/T3 ratio: 0

T1 avg ex cycles: 43
T2 avg ex cycles: 109
T3&b avg ex cycles: 7
T4 avg ex cycles: 573
Avg. hops NOC1: 3
Avg. latency NOC1 (T2): 17,504
Avg. hops NOC2: 17
Avg. latency NOC2 (T3): 7,965

===PRINTING ACUM STATS at pu_cycles: 400,425

ACollision In Avg:48, SD:15, Max:115, Min:9
ACollision Out Avg:50, SD:17, Max:108, Min:9
ACollision End Avg:14, SD:13, Max:62, Min:0
ATask1 Avg:35, SD:3, Max:49, Min:3
ATask2 Avg:19, SD:6, Max:44, Min:1
ATask3 Avg:39, SD:5, Max:82, Min:27
ACore Active Avg:94, SD:5, Max:100, Min:76
ARouter Active Avg:59, SD:3, Max:67, Min:49
T1 invocations: 3,343,665
T2 invocations: 1,739,099
T3 invocations: 20,268,470
T3b invocations: 0
Total3 invocations: 20,268,470
Total4 invocations: 956

T3/T2 ratio: 12
T3b/T3 ratio: 0

T1 avg ex cycles: 43
T2 avg ex cycles: 44
T3&b avg ex cycles: 8
T4 avg ex cycles: 576
Avg. hops NOC1: 3
Avg. latency NOC1 (T2): 5,346
Avg. hops NOC2: 17
Avg. latency NOC2 (T3): 16,402
Number of K Nodes Processed: 3,578
Number of K Edges Processed: 20,871
Node Re-explore factor: 0.85
Edge Re-explore factor: 0.16
Nodes/cy: 9
Edges/cy: 52
TEPS: 320

---DCache---
DCache Size: 60,880
DRAM words: 133,760
  DHits: 41,989,781
  DMisses: 2,338,664
  DHit Rate (hit/miss): 95%
  DEvictions: 561,448
  DEviction Rate (evict/misses): 24%
  MC Transactions: 2,550,963
  MC Writes: 164,784
Avg. Transactions: 80% , Writes: 5%, Avg. Latency: 26
Max MC id: 6 of 8. Transactions: 81% , Writes: 5%, MC mean Latency: 26
HBM refresh energy (nJ): 1
HBM access energy (nJ): 4,832,544
MemC wire energy 2.5d (nJ): 1,829,689
MemC wire energy 3d (nJ): 457,422

---Energy---
Leakage Energy (nJ): 70,133
PU Dyn E (nJ): 1,779,847
Mem Dyn E (nJ): 11,011,203
Route Dyn E (nJ): 1,729,205
Dynamic Energy (nJ): 14,520,255
Ratio of Dyn/Leak: 207
Total Energy (nJ): 14,590,388
Total Energy (nJ) 3D: 13,988,423
Cores Energy (nJ): 1,780,962
Route Energy (nJ): 1,732,874
Route Energy (nJ) 3D: 2,503,176
Mem Energy   (nJ): 11,076,552
Mem Energy   (nJ) 3D: 9,704,285
Avg. Power (mW): 36,437.25
Power Density (mW/mm2): 97.83

---Runtime---
Runtime in K cycles: 400.43
Microseconds: 400.43
Time per iteration (ms): 0.40

---Throughput---
GOP/s (aka OPS/ns): 773.07
GOP/s per core: 0.75
GFLOP/s: 50.62
GFLOP/s per core: 0.05
Max Peak GFLOP/s: 1,024.00
Avg. BW GB/s: 2,356.62
Max BW GB/s: 4,096.00

---Traffic---
In-Die bisection_bytes BW (GB/s): 512.00
Inter-board traffic (msg/ns): 0.00, per-link: 0.00
Inter-pack traffic (msg/ns): 0.00, per-link: 0.00
Inter-die traffic (msg/ns): 0.00, per-link: 0.00
Ruche traffic (msg/ns): 0.00, per-link: 0.00
All traffic (msg/ns): 2,013.32, per-link: 1.97
Inter-die reduction wrt all: inf
Inter-board reduction wrt inter-die: -nan

---Data Movement---
All traffic (msg): 806,184,412
Arith. Intensity FLOP/Loads: 0.16
Arith. Intensity FLOP/Msgs: 0.03
Arith. Intensity OPS/Loads: 2.47
Arith. Intensity OPS/Msgs: 0.38



===Core Utilization Total=== CORE-S:4;; TIME K cy:400 ;; Nodes Proc: 444,234 -- Edges Proc: 2,896,007

===PRINTING FRAME STATS

FCollision In Avg:98, SD:31, Max:296, Min:8
FCollision Out Avg:94, SD:43, Max:269, Min:13
FCollision End Avg:30, SD:36, Max:200, Min:0
FTask1 Avg:4, SD:4, Max:41, Min:0
FTask2 Avg:23, SD:16, Max:60, Min:0
FTask3 Avg:55, SD:8, Max:88, Min:34
FCore Active Avg:83, SD:16, Max:100, Min:38
FRouter Active Avg:88, SD:2, Max:93, Min:78
T1 invocations: 97,773
T2 invocations: 191,250
T3 invocations: 9,860,189
T3b invocations: 0
Total3 invocations: 9,860,189
Total4 invocations: 717

T3/T2 ratio: 52
T3b/T3 ratio: 0

T1 avg ex cycles: 42
T2 avg ex cycles: 124
T3&b avg ex cycles: 6
T4 avg ex cycles: 566
Avg. hops NOC1: 2
Avg. latency NOC1 (T2): 27,671
Avg. hops NOC2: 17
Avg. latency NOC2 (T3): 5,066

===PRINTING ACUM STATS at pu_cycles: 500,893

ACollision In Avg:58, SD:15, Max:150, Min:12
ACollision Out Avg:59, SD:20, Max:135, Min:12
ACollision End Avg:17, SD:15, Max:79, Min:0
ATask1 Avg:29, SD:2, Max:39, Min:7
ATask2 Avg:20, SD:7, Max:39, Min:1
ATask3 Avg:43, SD:6, Max:83, Min:30
ACore Active Avg:91, SD:7, Max:100, Min:68
ARouter Active Avg:65, SD:2, Max:71, Min:56
T1 invocations: 3,441,533
T2 invocations: 1,930,865
T3 invocations: 30,145,428
T3b invocations: 0
Total3 invocations: 30,145,428
Total4 invocations: 1,676

T3/T2 ratio: 16
T3b/T3 ratio: 0

T1 avg ex cycles: 43
T2 avg ex cycles: 52
T3&b avg ex cycles: 7
T4 avg ex cycles: 571
Avg. hops NOC1: 3
Avg. latency NOC1 (T2): 7,559
Avg. hops NOC2: 17
Avg. latency NOC2 (T3): 12,688
Number of K Nodes Processed: 4,160
Number of K Edges Processed: 30,613
Node Re-explore factor: 0.99
Edge Re-explore factor: 0.24
Nodes/cy: 8
Edges/cy: 61
TEPS: 256

---DCache---
DCache Size: 60,880
DRAM words: 133,760
  DHits: 55,954,933
  DMisses: 2,982,488
  DHit Rate (hit/miss): 95%
  DEvictions: 857,639
  DEviction Rate (evict/misses): 29%
  MC Transactions: 3,270,449
  MC Writes: 230,769
Avg. Transactions: 82% , Writes: 6%, Avg. Latency: 24
Max MC id: 4 of 8. Transactions: 84% , Writes: 6%, MC mean Latency: 24
HBM refresh energy (nJ): 1
HBM access energy (nJ): 6,195,538
MemC wire energy 2.5d (nJ): 2,345,744
MemC wire energy 3d (nJ): 586,436

---Energy---
Leakage Energy (nJ): 87,729
PU Dyn E (nJ): 2,279,816
Mem Dyn E (nJ): 14,456,137
Route Dyn E (nJ): 2,524,779
Dynamic Energy (nJ): 19,260,733
Ratio of Dyn/Leak: 220
Total Energy (nJ): 19,348,462
Total Energy (nJ) 3D: 18,713,857
Cores Energy (nJ): 2,281,210
Route Energy (nJ): 2,529,369
Route Energy (nJ) 3D: 3,654,072
Mem Energy   (nJ): 14,537,883
Mem Energy   (nJ) 3D: 12,778,575
Avg. Power (mW): 38,627.93
Power Density (mW/mm2): 103.71

---Runtime---
Runtime in K cycles: 500.89
Microseconds: 500.89
Time per iteration (ms): 0.50

---Throughput---
GOP/s (aka OPS/ns): 758.21
GOP/s per core: 0.74
GFLOP/s: 60.18
GFLOP/s per core: 0.06
Max Peak GFLOP/s: 1,024.00
Avg. BW GB/s: 2,568.82
Max BW GB/s: 4,096.00

---Traffic---
In-Die bisection_bytes BW (GB/s): 512.00
Inter-board traffic (msg/ns): 0.00, per-link: 0.00
Inter-pack traffic (msg/ns): 0.00, per-link: 0.00
Inter-die traffic (msg/ns): 0.00, per-link: 0.00
Ruche traffic (msg/ns): 0.00, per-link: 0.00
All traffic (msg/ns): 2,318.63, per-link: 2.26
Inter-die reduction wrt all: inf
Inter-board reduction wrt inter-die: -nan

---Data Movement---
All traffic (msg): 1,161,385,564
Arith. Intensity FLOP/Loads: 0.18
Arith. Intensity FLOP/Msgs: 0.03
Arith. Intensity OPS/Loads: 2.26
Arith. Intensity OPS/Msgs: 0.33



===Core Utilization Total=== CORE-S:5;; TIME K cy:500 ;; Nodes Proc: 515,986 -- Edges Proc: 4,058,560

===PRINTING FRAME STATS

FCollision In Avg:101, SD:27, Max:224, Min:14
FCollision Out Avg:97, SD:43, Max:248, Min:11
FCollision End Avg:29, SD:35, Max:191, Min:0
FTask1 Avg:4, SD:4, Max:26, Min:0
FTask2 Avg:24, SD:16, Max:61, Min:0
FTask3 Avg:53, SD:8, Max:96, Min:34
FCore Active Avg:81, SD:16, Max:100, Min:40
FRouter Active Avg:89, SD:2, Max:94, Min:82
T1 invocations: 100,220
T2 invocations: 207,885
T3 invocations: 10,100,800
T3b invocations: 0
Total3 invocations: 10,100,800
Total4 invocations: 977

T3/T2 ratio: 49
T3b/T3 ratio: 0

T1 avg ex cycles: 40
T2 avg ex cycles: 117
T3&b avg ex cycles: 5
T4 avg ex cycles: 562
Avg. hops NOC1: 2
Avg. latency NOC1 (T2): 26,071
Avg. hops NOC2: 17
Avg. latency NOC2 (T3): 4,141

===PRINTING ACUM STATS at pu_cycles: 600,470

ACollision In Avg:65, SD:15, Max:160, Min:16
ACollision Out Avg:65, SD:21, Max:154, Min:16
ACollision End Avg:19, SD:16, Max:84, Min:0
ATask1 Avg:25, SD:2, Max:31, Min:6
ATask2 Avg:20, SD:8, Max:40, Min:1
ATask3 Avg:44, SD:6, Max:83, Min:31
ACore Active Avg:90, SD:7, Max:100, Min:64
ARouter Active Avg:69, SD:2, Max:75, Min:61
T1 invocations: 3,541,213
T2 invocations: 2,137,391
T3 invocations: 40,201,211
T3b invocations: 0
Total3 invocations: 40,201,211
Total4 invocations: 2,654

T3/T2 ratio: 19
T3b/T3 ratio: 0

T1 avg ex cycles: 43
T2 avg ex cycles: 58
T3&b avg ex cycles: 7
T4 avg ex cycles: 568
Avg. hops NOC1: 3
Avg. latency NOC1 (T2): 9,344
Avg. hops NOC2: 17
Avg. latency NOC2 (T3): 10,547
Number of K Nodes Processed: 4,451
Number of K Edges Processed: 40,675
Node Re-explore factor: 1.06
Edge Re-explore factor: 0.32
Nodes/cy: 7
Edges/cy: 68
TEPS: 214

---DCache---
DCache Size: 60,880
DRAM words: 133,760
  DHits: 70,103,987
  DMisses: 3,635,232
  DHit Rate (hit/miss): 95%
  DEvictions: 1,197,323
  DEviction Rate (evict/misses): 33%
  MC Transactions: 3,990,873
  MC Writes: 288,698
Avg. Transactions: 83% , Writes: 6%, Avg. Latency: 23
Max MC id: 4 of 8. Transactions: 85% , Writes: 6%, MC mean Latency: 23
HBM refresh energy (nJ): 1
HBM access energy (nJ): 7,560,309
MemC wire energy 2.5d (nJ): 2,862,471
MemC wire energy 3d (nJ): 715,618

---Energy---
Leakage Energy (nJ): 105,170
PU Dyn E (nJ): 2,776,869
Mem Dyn E (nJ): 17,898,256
Route Dyn E (nJ): 3,342,901
Dynamic Energy (nJ): 24,018,027
Ratio of Dyn/Leak: 228
Total Energy (nJ): 24,123,197
Total Energy (nJ) 3D: 23,465,493
Cores Energy (nJ): 2,778,541
Route Energy (nJ): 3,348,404
Route Energy (nJ) 3D: 4,837,553
Mem Energy   (nJ): 17,996,253
Mem Energy   (nJ) 3D: 15,849,399
Avg. Power (mW): 40,173.86
Power Density (mW/mm2): 107.86

---Runtime---
Runtime in K cycles: 600.47
Microseconds: 600.47
Time per iteration (ms): 0.60

---Throughput---
GOP/s (aka OPS/ns): 747.16
GOP/s per core: 0.73
GFLOP/s: 66.95
GFLOP/s per core: 0.07
Max Peak GFLOP/s: 1,024.00
Avg. BW GB/s: 2,710.66
Max BW GB/s: 4,096.00

---Traffic---
In-Die bisection_bytes BW (GB/s): 512.00
Inter-board traffic (msg/ns): 0.00, per-link: 0.00
Inter-pack traffic (msg/ns): 0.00, per-link: 0.00
Inter-die traffic (msg/ns): 0.00, per-link: 0.00
Ruche traffic (msg/ns): 0.00, per-link: 0.00
All traffic (msg/ns): 2,541.07, per-link: 2.48
Inter-die reduction wrt all: inf
Inter-board reduction wrt inter-die: -nan

---Data Movement---
All traffic (msg): 1,525,837,606
Arith. Intensity FLOP/Loads: 0.19
Arith. Intensity FLOP/Msgs: 0.03
Arith. Intensity OPS/Loads: 2.13
Arith. Intensity OPS/Msgs: 0.29



===Core Utilization Total=== CORE-S:6;; TIME K cy:600 ;; Nodes Proc: 552,145 -- Edges Proc: 5,319,562

===PRINTING FRAME STATS

FCollision In Avg:100, SD:27, Max:244, Min:9
FCollision Out Avg:96, SD:42, Max:261, Min:15
FCollision End Avg:29, SD:35, Max:200, Min:0
FTask1 Avg:4, SD:4, Max:27, Min:0
FTask2 Avg:24, SD:15, Max:58, Min:0
FTask3 Avg:53, SD:8, Max:96, Min:34
FCore Active Avg:82, SD:16, Max:100, Min:37
FRouter Active Avg:89, SD:2, Max:94, Min:81
T1 invocations: 111,705
T2 invocations: 221,762
T3 invocations: 10,216,491
T3b invocations: 0
Total3 invocations: 10,216,491
Total4 invocations: 1,277

T3/T2 ratio: 46
T3b/T3 ratio: 0

T1 avg ex cycles: 38
T2 avg ex cycles: 111
T3&b avg ex cycles: 5
T4 avg ex cycles: 560
Avg. hops NOC1: 2
Avg. latency NOC1 (T2): 24,193
Avg. hops NOC2: 17
Avg. latency NOC2 (T3): 3,769

===PRINTING ACUM STATS at pu_cycles: 700,717

ACollision In Avg:70, SD:15, Max:159, Min:19
ACollision Out Avg:70, SD:21, Max:167, Min:17
ACollision End Avg:20, SD:16, Max:86, Min:0
ATask1 Avg:22, SD:2, Max:30, Min:5
ATask2 Avg:21, SD:8, Max:38, Min:1
ATask3 Avg:45, SD:6, Max:85, Min:32
ACore Active Avg:89, SD:8, Max:100, Min:60
ARouter Active Avg:72, SD:2, Max:77, Min:65
T1 invocations: 3,652,815
T2 invocations: 2,358,563
T3 invocations: 50,395,593
T3b invocations: 0
Total3 invocations: 50,395,593
Total4 invocations: 3,937

T3/T2 ratio: 21
T3b/T3 ratio: 0

T1 avg ex cycles: 43
T2 avg ex cycles: 63
T3&b avg ex cycles: 6
T4 avg ex cycles: 565
Avg. hops NOC1: 3
Avg. latency NOC1 (T2): 10,739
Avg. hops NOC2: 17
Avg. latency NOC2 (T3): 9,174
Number of K Nodes Processed: 4,648
Number of K Edges Processed: 50,900
Node Re-explore factor: 1.11
Edge Re-explore factor: 0.40
Nodes/cy: 7
Edges/cy: 73
TEPS: 183

---DCache---
DCache Size: 60,880
DRAM words: 133,760
  DHits: 84,350,474
  DMisses: 4,300,134
  DHit Rate (hit/miss): 95%
  DEvictions: 1,590,170
  DEviction Rate (evict/misses): 37%
  MC Transactions: 4,722,252
  MC Writes: 344,731
Avg. Transactions: 84% , Writes: 6%, Avg. Latency: 23
Max MC id: 5 of 8. Transactions: 86% , Writes: 7%, MC mean Latency: 22
HBM refresh energy (nJ): 2
HBM access energy (nJ): 8,945,834
MemC wire energy 2.5d (nJ): 3,387,056
MemC wire energy 3d (nJ): 846,764

---Energy---
Leakage Energy (nJ): 122,727
PU Dyn E (nJ): 3,279,038
Mem Dyn E (nJ): 21,380,007
Route Dyn E (nJ): 4,180,000
Dynamic Energy (nJ): 28,839,046
Ratio of Dyn/Leak: 235
Total Energy (nJ): 28,961,773
Total Energy (nJ) 3D: 28,283,529
Cores Energy (nJ): 3,280,989
Route Energy (nJ): 4,186,421
Route Energy (nJ) 3D: 6,048,469
Mem Energy   (nJ): 21,494,364
Mem Energy   (nJ) 3D: 18,954,073
Avg. Power (mW): 41,331.63
Power Density (mW/mm2): 110.97

---Runtime---
Runtime in K cycles: 700.72
Microseconds: 700.72
Time per iteration (ms): 0.70

---Throughput---
GOP/s (aka OPS/ns): 739.36
GOP/s per core: 0.72
GFLOP/s: 71.92
GFLOP/s per core: 0.07
Max Peak GFLOP/s: 1,024.00
Avg. BW GB/s: 2,812.89
Max BW GB/s: 4,096.00

---Traffic---
In-Die bisection_bytes BW (GB/s): 512.00
Inter-board traffic (msg/ns): 0.00, per-link: 0.00
Inter-pack traffic (msg/ns): 0.00, per-link: 0.00
Inter-die traffic (msg/ns): 0.00, per-link: 0.00
Ruche traffic (msg/ns): 0.00, per-link: 0.00
All traffic (msg/ns): 2,709.22, per-link: 2.65
Inter-die reduction wrt all: inf
Inter-board reduction wrt inter-die: -nan

---Data Movement---
All traffic (msg): 1,898,393,411
Arith. Intensity FLOP/Loads: 0.20
Arith. Intensity FLOP/Msgs: 0.03
Arith. Intensity OPS/Loads: 2.04
Arith. Intensity OPS/Msgs: 0.27



===Core Utilization Total=== CORE-S:7;; TIME K cy:700 ;; Nodes Proc: 576,606 -- Edges Proc: 6,590,482

===PRINTING FRAME STATS

FCollision In Avg:92, SD:28, Max:226, Min:10
FCollision Out Avg:87, SD:44, Max:253, Min:5
FCollision End Avg:26, SD:34, Max:193, Min:0
FTask1 Avg:5, SD:4, Max:31, Min:0
FTask2 Avg:25, SD:15, Max:65, Min:0
FTask3 Avg:53, SD:9, Max:99, Min:33
FCore Active Avg:84, SD:15, Max:100, Min:38
FRouter Active Avg:90, SD:2, Max:94, Min:81
T1 invocations: 131,138
T2 invocations: 248,586
T3 invocations: 10,482,905
T3b invocations: 0
Total3 invocations: 10,482,905
Total4 invocations: 1,753

T3/T2 ratio: 42
T3b/T3 ratio: 0

T1 avg ex cycles: 37
T2 avg ex cycles: 101
T3&b avg ex cycles: 5
T4 avg ex cycles: 558
Avg. hops NOC1: 2
Avg. latency NOC1 (T2): 19,542
Avg. hops NOC2: 17
Avg. latency NOC2 (T3): 4,054

===PRINTING ACUM STATS at pu_cycles: 800,638

ACollision In Avg:73, SD:15, Max:160, Min:21
ACollision Out Avg:72, SD:22, Max:176, Min:17
ACollision End Avg:21, SD:16, Max:83, Min:0
ATask1 Avg:20, SD:2, Max:27, Min:5
ATask2 Avg:21, SD:7, Max:39, Min:1
ATask3 Avg:46, SD:6, Max:86, Min:33
ACore Active Avg:88, SD:8, Max:100, Min:58
ARouter Active Avg:74, SD:2, Max:79, Min:67
T1 invocations: 3,782,709
T2 invocations: 2,606,538
T3 invocations: 60,830,052
T3b invocations: 0
Total3 invocations: 60,830,052
Total4 invocations: 5,674

T3/T2 ratio: 23
T3b/T3 ratio: 0

T1 avg ex cycles: 43
T2 avg ex cycles: 67
T3&b avg ex cycles: 6
T4 avg ex cycles: 563
Avg. hops NOC1: 3
Avg. latency NOC1 (T2): 11,584
Avg. hops NOC2: 17
Avg. latency NOC2 (T3): 8,300
Number of K Nodes Processed: 4,794
Number of K Edges Processed: 61,417
Node Re-explore factor: 1.14
Edge Re-explore factor: 0.48
Nodes/cy: 6
Edges/cy: 77
TEPS: 160

---DCache---
DCache Size: 60,880
DRAM words: 133,760
  DHits: 98,665,008
  DMisses: 4,984,156
  DHit Rate (hit/miss): 95%
  DEvictions: 2,030,552
  DEviction Rate (evict/misses): 41%
  MC Transactions: 5,474,367
  MC Writes: 401,214
Avg. Transactions: 85% , Writes: 6%, Avg. Latency: 22
Max MC id: 4 of 8. Transactions: 88% , Writes: 7%, MC mean Latency: 22
HBM refresh energy (nJ): 2
HBM access energy (nJ): 10,370,640
MemC wire energy 2.5d (nJ): 3,926,514
MemC wire energy 3d (nJ): 981,628

---Energy---
Leakage Energy (nJ): 140,228
PU Dyn E (nJ): 3,794,517
Mem Dyn E (nJ): 24,949,269
Route Dyn E (nJ): 5,037,588
Dynamic Energy (nJ): 33,781,375
Ratio of Dyn/Leak: 241
Total Energy (nJ): 33,921,603
Total Energy (nJ) 3D: 33,220,792
Cores Energy (nJ): 3,796,746
Route Energy (nJ): 5,044,925
Route Energy (nJ) 3D: 7,288,999
Mem Energy   (nJ): 25,079,933
Mem Energy   (nJ) 3D: 22,135,048
Avg. Power (mW): 42,368.22
Power Density (mW/mm2): 113.75

---Runtime---
Runtime in K cycles: 800.64
Microseconds: 800.64
Time per iteration (ms): 0.80

---Throughput---
GOP/s (aka OPS/ns): 736.26
GOP/s per core: 0.72
GFLOP/s: 75.98
GFLOP/s per core: 0.07
Max Peak GFLOP/s: 1,024.00
Avg. BW GB/s: 2,900.85
Max BW GB/s: 4,096.00

---Traffic---
In-Die bisection_bytes BW (GB/s): 512.00
Inter-board traffic (msg/ns): 0.00, per-link: 0.00
Inter-pack traffic (msg/ns): 0.00, per-link: 0.00
Inter-die traffic (msg/ns): 0.00, per-link: 0.00
Ruche traffic (msg/ns): 0.00, per-link: 0.00
All traffic (msg/ns): 2,847.99, per-link: 2.78
Inter-die reduction wrt all: inf
Inter-board reduction wrt inter-die: -nan

---Data Movement---
All traffic (msg): 2,280,207,176
Arith. Intensity FLOP/Loads: 0.20
Arith. Intensity FLOP/Msgs: 0.03
Arith. Intensity OPS/Loads: 1.98
Arith. Intensity OPS/Msgs: 0.26



===Core Utilization Total=== CORE-S:8;; TIME K cy:800 ;; Nodes Proc: 594,872 -- Edges Proc: 7,868,774

===PRINTING FRAME STATS

FCollision In Avg:93, SD:28, Max:222, Min:15
FCollision Out Avg:90, SD:46, Max:261, Min:7
FCollision End Avg:26, SD:33, Max:199, Min:0
FTask1 Avg:5, SD:5, Max:27, Min:0
FTask2 Avg:23, SD:15, Max:64, Min:0
FTask3 Avg:51, SD:9, Max:100, Min:31
FCore Active Avg:80, SD:16, Max:100, Min:35
FRouter Active Avg:88, SD:4, Max:93, Min:72
T1 invocations: 149,609
T2 invocations: 257,058
T3 invocations: 10,018,057
T3b invocations: 0
Total3 invocations: 10,018,057
Total4 invocations: 2,106

T3/T2 ratio: 39
T3b/T3 ratio: 0

T1 avg ex cycles: 36
T2 avg ex cycles: 92
T3&b avg ex cycles: 5
T4 avg ex cycles: 541
Avg. hops NOC1: 2
Avg. latency NOC1 (T2): 17,470
Avg. hops NOC2: 17
Avg. latency NOC2 (T3): 3,669

===PRINTING ACUM STATS at pu_cycles: 900,747

ACollision In Avg:75, SD:15, Max:155, Min:21
ACollision Out Avg:74, SD:22, Max:181, Min:18
ACollision End Avg:21, SD:15, Max:92, Min:0
ATask1 Avg:18, SD:2, Max:25, Min:4
ATask2 Avg:22, SD:7, Max:39, Min:1
ATask3 Avg:47, SD:7, Max:88, Min:33
ACore Active Avg:87, SD:8, Max:100, Min:57
ARouter Active Avg:76, SD:2, Max:80, Min:68
T1 invocations: 3,933,543
T2 invocations: 2,865,456
T3 invocations: 70,901,600
T3b invocations: 0
Total3 invocations: 70,901,600
Total4 invocations: 7,809

T3/T2 ratio: 25
T3b/T3 ratio: 0

T1 avg ex cycles: 43
T2 avg ex cycles: 69
T3&b avg ex cycles: 6
T4 avg ex cycles: 557
Avg. hops NOC1: 2
Avg. latency NOC1 (T2): 12,112
Avg. hops NOC2: 17
Avg. latency NOC2 (T3): 7,642
Number of K Nodes Processed: 4,904
Number of K Edges Processed: 71,305
Node Re-explore factor: 1.17
Edge Re-explore factor: 0.56
Nodes/cy: 5
Edges/cy: 79
TEPS: 142

---DCache---
DCache Size: 60,880
DRAM words: 133,760
  DHits: 112,658,473
  DMisses: 5,632,611
  DHit Rate (hit/miss): 95%
  DEvictions: 2,494,768
  DEviction Rate (evict/misses): 44%
  MC Transactions: 6,183,836
  MC Writes: 452,506
Avg. Transactions: 86% , Writes: 6%, Avg. Latency: 21
Max MC id: 4 of 8. Transactions: 88% , Writes: 7%, MC mean Latency: 21
HBM refresh energy (nJ): 2
HBM access energy (nJ): 11,714,658
MemC wire energy 2.5d (nJ): 4,435,383
MemC wire energy 3d (nJ): 1,108,846

---Energy---
Leakage Energy (nJ): 157,762
PU Dyn E (nJ): 4,295,395
Mem Dyn E (nJ): 28,347,903
Route Dyn E (nJ): 5,853,741
Dynamic Energy (nJ): 38,497,041
Ratio of Dyn/Leak: 244
Total Energy (nJ): 38,654,803
Total Energy (nJ) 3D: 37,935,908
Cores Energy (nJ): 4,297,903
Route Energy (nJ): 5,861,995
Route Energy (nJ) 3D: 8,469,638
Mem Energy   (nJ): 28,494,905
Mem Energy   (nJ) 3D: 25,168,368
Avg. Power (mW): 42,914.16
Power Density (mW/mm2): 115.21

---Runtime---
Runtime in K cycles: 900.75
Microseconds: 900.75
Time per iteration (ms): 0.90

---Throughput---
GOP/s (aka OPS/ns): 731.75
GOP/s per core: 0.71
GFLOP/s: 78.71
GFLOP/s per core: 0.08
Max Peak GFLOP/s: 1,024.00
Avg. BW GB/s: 2,953.55
Max BW GB/s: 4,096.00

---Traffic---
In-Die bisection_bytes BW (GB/s): 512.00
Inter-board traffic (msg/ns): 0.00, per-link: 0.00
Inter-pack traffic (msg/ns): 0.00, per-link: 0.00
Inter-die traffic (msg/ns): 0.00, per-link: 0.00
Ruche traffic (msg/ns): 0.00, per-link: 0.00
All traffic (msg/ns): 2,935.03, per-link: 2.87
Inter-die reduction wrt all: inf
Inter-board reduction wrt inter-die: -nan

---Data Movement---
All traffic (msg): 2,643,716,216
Arith. Intensity FLOP/Loads: 0.21
Arith. Intensity FLOP/Msgs: 0.03
Arith. Intensity OPS/Loads: 1.94
Arith. Intensity OPS/Msgs: 0.25



===Core Utilization Total=== CORE-S:9;; TIME K cy:900 ;; Nodes Proc: 608,564 -- Edges Proc: 9,261,335

===PRINTING FRAME STATS

FCollision In Avg:96, SD:29, Max:262, Min:6
FCollision Out Avg:95, SD:47, Max:240, Min:6
FCollision End Avg:25, SD:33, Max:200, Min:0
FTask1 Avg:6, SD:5, Max:27, Min:0
FTask2 Avg:22, SD:15, Max:64, Min:0
FTask3 Avg:47, SD:9, Max:100, Min:32
FCore Active Avg:76, SD:17, Max:100, Min:36
FRouter Active Avg:85, SD:8, Max:94, Min:63
T1 invocations: 167,057
T2 invocations: 265,861
T3 invocations: 9,384,836
T3b invocations: 0
Total3 invocations: 9,384,836
Total4 invocations: 2,496

T3/T2 ratio: 35
T3b/T3 ratio: 0

T1 avg ex cycles: 35
T2 avg ex cycles: 83
T3&b avg ex cycles: 5
T4 avg ex cycles: 529
Avg. hops NOC1: 2
Avg. latency NOC1 (T2): 16,522
Avg. hops NOC2: 17
Avg. latency NOC2 (T3): 3,111

===PRINTING ACUM STATS at pu_cycles: 1,000,989

ACollision In Avg:77, SD:15, Max:150, Min:21
ACollision Out Avg:76, SD:23, Max:180, Min:20
ACollision End Avg:22, SD:15, Max:100, Min:0
ATask1 Avg:17, SD:2, Max:23, Min:4
ATask2 Avg:22, SD:7, Max:38, Min:1
ATask3 Avg:47, SD:7, Max:89, Min:33
ACore Active Avg:86, SD:8, Max:100, Min:56
ARouter Active Avg:77, SD:2, Max:81, Min:68
T1 invocations: 4,102,080
T2 invocations: 3,131,875
T3 invocations: 80,337,400
T3b invocations: 0
Total3 invocations: 80,337,400
Total4 invocations: 10,331

T3/T2 ratio: 26
T3b/T3 ratio: 0

T1 avg ex cycles: 42
T2 avg ex cycles: 70
T3&b avg ex cycles: 6
T4 avg ex cycles: 550
Avg. hops NOC1: 2
Avg. latency NOC1 (T2): 12,494
Avg. hops NOC2: 17
Avg. latency NOC2 (T3): 7,109
Number of K Nodes Processed: 4,989
Number of K Edges Processed: 80,669
Node Re-explore factor: 1.19
Edge Re-explore factor: 0.63
Nodes/cy: 5
Edges/cy: 81
TEPS: 128

---DCache---
DCache Size: 60,880
DRAM words: 133,760
  DHits: 126,330,389
  DMisses: 6,253,576
  DHit Rate (hit/miss): 95%
  DEvictions: 2,968,998
  DEviction Rate (evict/misses): 47%
  MC Transactions: 6,861,739
  MC Writes: 501,110
Avg. Transactions: 86% , Writes: 6%, Avg. Latency: 21
Max MC id: 4 of 8. Transactions: 88% , Writes: 7%, MC mean Latency: 21
HBM refresh energy (nJ): 2
HBM access energy (nJ): 12,998,878
MemC wire energy 2.5d (nJ): 4,921,612
MemC wire energy 3d (nJ): 1,230,403

---Energy---
Leakage Energy (nJ): 175,319
PU Dyn E (nJ): 4,769,743
Mem Dyn E (nJ): 31,580,483
Route Dyn E (nJ): 6,623,215
Dynamic Energy (nJ): 42,973,441
Ratio of Dyn/Leak: 245
Total Energy (nJ): 43,148,760
Total Energy (nJ) 3D: 42,407,968
Cores Energy (nJ): 4,772,529
Route Energy (nJ): 6,632,387
Route Energy (nJ) 3D: 9,582,803
Mem Energy   (nJ): 31,743,844
Mem Energy   (nJ) 3D: 28,052,635
Avg. Power (mW): 43,106.13
Power Density (mW/mm2): 115.73

---Runtime---
Runtime in K cycles: 1,000.99
Microseconds: 1,000.99
Time per iteration (ms): 1.00

---Throughput---
GOP/s (aka OPS/ns): 724.77
GOP/s per core: 0.71
GFLOP/s: 80.26
GFLOP/s per core: 0.08
Max Peak GFLOP/s: 1,024.00
Avg. BW GB/s: 2,975.44
Max BW GB/s: 4,096.00

---Traffic---
In-Die bisection_bytes BW (GB/s): 512.00
Inter-board traffic (msg/ns): 0.00, per-link: 0.00
Inter-pack traffic (msg/ns): 0.00, per-link: 0.00
Inter-die traffic (msg/ns): 0.00, per-link: 0.00
Ruche traffic (msg/ns): 0.00, per-link: 0.00
All traffic (msg/ns): 2,983.73, per-link: 2.91
Inter-die reduction wrt all: inf
Inter-board reduction wrt inter-die: -nan

---Data Movement---
All traffic (msg): 2,986,679,317
Arith. Intensity FLOP/Loads: 0.21
Arith. Intensity FLOP/Msgs: 0.03
Arith. Intensity OPS/Loads: 1.91
Arith. Intensity OPS/Msgs: 0.24



===Core Utilization Total=== CORE-S:10;; TIME K cy:1,000 ;; Nodes Proc: 619,345 -- Edges Proc: 10,721,174

===PRINTING FRAME STATS

FCollision In Avg:93, SD:30, Max:270, Min:1
FCollision Out Avg:93, SD:48, Max:226, Min:3
FCollision End Avg:25, SD:33, Max:178, Min:0
FTask1 Avg:6, SD:6, Max:33, Min:0
FTask2 Avg:21, SD:16, Max:65, Min:0
FTask3 Avg:45, SD:8, Max:100, Min:28
FCore Active Avg:74, SD:18, Max:100, Min:32
FRouter Active Avg:83, SD:9, Max:94, Min:57
T1 invocations: 184,780
T2 invocations: 280,491
T3 invocations: 9,005,036
T3b invocations: 0
Total3 invocations: 9,005,036
Total4 invocations: 3,188

T3/T2 ratio: 32
T3b/T3 ratio: 0

T1 avg ex cycles: 34
T2 avg ex cycles: 76
T3&b avg ex cycles: 5
T4 avg ex cycles: 478
Avg. hops NOC1: 2
Avg. latency NOC1 (T2): 15,774
Avg. hops NOC2: 17
Avg. latency NOC2 (T3): 2,810

===PRINTING ACUM STATS at pu_cycles: 1,100,938

ACollision In Avg:79, SD:15, Max:151, Min:23
ACollision Out Avg:78, SD:23, Max:175, Min:19
ACollision End Avg:22, SD:15, Max:107, Min:0
ATask1 Avg:16, SD:2, Max:21, Min:3
ATask2 Avg:21, SD:7, Max:36, Min:0
ATask3 Avg:47, SD:7, Max:90, Min:33
ACore Active Avg:85, SD:9, Max:100, Min:54
ARouter Active Avg:77, SD:3, Max:82, Min:68
T1 invocations: 4,286,475
T2 invocations: 3,412,818
T3 invocations: 89,336,104
T3b invocations: 0
Total3 invocations: 89,336,104
Total4 invocations: 13,515

T3/T2 ratio: 26
T3b/T3 ratio: 0

T1 avg ex cycles: 42
T2 avg ex cycles: 71
T3&b avg ex cycles: 6
T4 avg ex cycles: 533
Avg. hops NOC1: 2
Avg. latency NOC1 (T2): 12,761
Avg. hops NOC2: 17
Avg. latency NOC2 (T3): 6,676
Number of K Nodes Processed: 5,058
Number of K Edges Processed: 89,644
Node Re-explore factor: 1.21
Edge Re-explore factor: 0.70
Nodes/cy: 5
Edges/cy: 81
TEPS: 117

---DCache---
DCache Size: 60,880
DRAM words: 133,760
  DHits: 139,684,054
  DMisses: 6,856,424
  DHit Rate (hit/miss): 95%
  DEvictions: 3,461,668
  DEviction Rate (evict/misses): 50%
  MC Transactions: 7,521,371
  MC Writes: 550,148
Avg. Transactions: 85% , Writes: 6%, Avg. Latency: 21
Max MC id: 4 of 8. Transactions: 87% , Writes: 6%, MC mean Latency: 21
HBM refresh energy (nJ): 3
HBM access energy (nJ): 14,248,485
MemC wire energy 2.5d (nJ): 5,394,736
MemC wire energy 3d (nJ): 1,348,684

---Energy---
Leakage Energy (nJ): 192,824
PU Dyn E (nJ): 5,227,151
Mem Dyn E (nJ): 34,709,941
Route Dyn E (nJ): 7,363,897
Dynamic Energy (nJ): 47,300,990
Ratio of Dyn/Leak: 245
Total Energy (nJ): 47,493,814
Total Energy (nJ) 3D: 46,728,127
Cores Energy (nJ): 5,230,215
Route Energy (nJ): 7,373,985
Route Energy (nJ) 3D: 10,654,351
Mem Energy   (nJ): 34,889,614
Mem Energy   (nJ) 3D: 30,843,562
Avg. Power (mW): 43,139.41
Power Density (mW/mm2): 115.82

---Runtime---
Runtime in K cycles: 1,100.94
Microseconds: 1,100.94
Time per iteration (ms): 1.10

---Throughput---
GOP/s (aka OPS/ns): 717.47
GOP/s per core: 0.70
GFLOP/s: 81.15
GFLOP/s per core: 0.08
Max Peak GFLOP/s: 1,024.00
Avg. BW GB/s: 2,982.52
Max BW GB/s: 4,096.00

---Traffic---
In-Die bisection_bytes BW (GB/s): 512.00
Inter-board traffic (msg/ns): 0.00, per-link: 0.00
Inter-pack traffic (msg/ns): 0.00, per-link: 0.00
Inter-die traffic (msg/ns): 0.00, per-link: 0.00
Ruche traffic (msg/ns): 0.00, per-link: 0.00
All traffic (msg/ns): 3,012.84, per-link: 2.94
Inter-die reduction wrt all: inf
Inter-board reduction wrt inter-die: -nan

---Data Movement---
All traffic (msg): 3,316,949,670
Arith. Intensity FLOP/Loads: 0.21
Arith. Intensity FLOP/Msgs: 0.03
Arith. Intensity OPS/Loads: 1.89
Arith. Intensity OPS/Msgs: 0.24



===Core Utilization Total=== CORE-S:11;; TIME K cy:1,100 ;; Nodes Proc: 627,983 -- Edges Proc: 12,164,470

===PRINTING FRAME STATS

FCollision In Avg:86, SD:33, Max:275, Min:2
FCollision Out Avg:87, SD:50, Max:196, Min:1
FCollision End Avg:23, SD:31, Max:178, Min:0
FTask1 Avg:7, SD:7, Max:34, Min:0
FTask2 Avg:20, SD:16, Max:63, Min:0
FTask3 Avg:44, SD:8, Max:100, Min:28
FCore Active Avg:73, SD:19, Max:100, Min:34
FRouter Active Avg:82, SD:10, Max:95, Min:57
T1 invocations: 210,843
T2 invocations: 302,864
T3 invocations: 8,809,830
T3b invocations: 0
Total3 invocations: 8,809,830
Total4 invocations: 4,751

T3/T2 ratio: 29
T3b/T3 ratio: 0

T1 avg ex cycles: 34
T2 avg ex cycles: 69
T3&b avg ex cycles: 5
T4 avg ex cycles: 374
Avg. hops NOC1: 2
Avg. latency NOC1 (T2): 13,503
Avg. hops NOC2: 17
Avg. latency NOC2 (T3): 2,816

===PRINTING ACUM STATS at pu_cycles: 1,201,003

ACollision In Avg:79, SD:15, Max:161, Min:25
ACollision Out Avg:78, SD:24, Max:169, Min:17
ACollision End Avg:22, SD:14, Max:113, Min:0
ATask1 Avg:15, SD:2, Max:20, Min:3
ATask2 Avg:21, SD:7, Max:35, Min:0
ATask3 Avg:47, SD:7, Max:91, Min:33
ACore Active Avg:84, SD:9, Max:100, Min:53
ARouter Active Avg:78, SD:3, Max:83, Min:67
T1 invocations: 4,498,258
T2 invocations: 3,715,259
T3 invocations: 98,158,193
T3b invocations: 0
Total3 invocations: 98,158,193
Total4 invocations: 18,280

T3/T2 ratio: 26
T3b/T3 ratio: 0

T1 avg ex cycles: 41
T2 avg ex cycles: 71
T3&b avg ex cycles: 6
T4 avg ex cycles: 492
Avg. hops NOC1: 2
Avg. latency NOC1 (T2): 12,823
Avg. hops NOC2: 17
Avg. latency NOC2 (T3): 6,328
Number of K Nodes Processed: 5,117
Number of K Edges Processed: 98,454
Node Re-explore factor: 1.22
Edge Re-explore factor: 0.77
Nodes/cy: 4
Edges/cy: 82
TEPS: 107

---DCache---
DCache Size: 60,880
DRAM words: 133,760
  DHits: 152,869,478
  DMisses: 7,457,616
  DHit Rate (hit/miss): 95%
  DEvictions: 3,973,758
  DEviction Rate (evict/misses): 53%
  MC Transactions: 8,179,226
  MC Writes: 599,052
Avg. Transactions: 85% , Writes: 6%, Avg. Latency: 20
Max MC id: 6 of 8. Transactions: 87% , Writes: 6%, MC mean Latency: 20
HBM refresh energy (nJ): 3
HBM access energy (nJ): 15,494,725
MemC wire energy 2.5d (nJ): 5,866,586
MemC wire energy 3d (nJ): 1,466,646

---Energy---
Leakage Energy (nJ): 210,350
PU Dyn E (nJ): 5,681,618
Mem Dyn E (nJ): 37,812,739
Route Dyn E (nJ): 8,089,955
Dynamic Energy (nJ): 51,584,313
Ratio of Dyn/Leak: 245
Total Energy (nJ): 51,794,663
Total Energy (nJ) 3D: 50,998,523
Cores Energy (nJ): 5,684,961
Route Energy (nJ): 8,100,960
Route Energy (nJ) 3D: 11,704,760
Mem Energy   (nJ): 38,008,743
Mem Energy   (nJ) 3D: 33,608,804
Avg. Power (mW): 43,126.17
Power Density (mW/mm2): 115.78

---Runtime---
Runtime in K cycles: 1,201.00
Microseconds: 1,201.00
Time per iteration (ms): 1.20

---Throughput---
GOP/s (aka OPS/ns): 711.36
GOP/s per core: 0.69
GFLOP/s: 81.73
GFLOP/s per core: 0.08
Max Peak GFLOP/s: 1,024.00
Avg. BW GB/s: 2,984.04
Max BW GB/s: 4,096.00

---Traffic---
In-Die bisection_bytes BW (GB/s): 512.00
Inter-board traffic (msg/ns): 0.00, per-link: 0.00
Inter-pack traffic (msg/ns): 0.00, per-link: 0.00
Inter-die traffic (msg/ns): 0.00, per-link: 0.00
Ruche traffic (msg/ns): 0.00, per-link: 0.00
All traffic (msg/ns): 3,031.76, per-link: 2.96
Inter-die reduction wrt all: inf
Inter-board reduction wrt inter-die: -nan

---Data Movement---
All traffic (msg): 3,641,153,202
Arith. Intensity FLOP/Loads: 0.22
Arith. Intensity FLOP/Msgs: 0.03
Arith. Intensity OPS/Loads: 1.87
Arith. Intensity OPS/Msgs: 0.23



===Core Utilization Total=== CORE-S:12;; TIME K cy:1,200 ;; Nodes Proc: 635,471 -- Edges Proc: 13,644,686

===PRINTING FRAME STATS

FCollision In Avg:78, SD:35, Max:266, Min:2
FCollision Out Avg:78, SD:49, Max:202, Min:0
FCollision End Avg:22, SD:31, Max:176, Min:0
FTask1 Avg:7, SD:7, Max:38, Min:0
FTask2 Avg:21, SD:17, Max:69, Min:0
FTask3 Avg:44, SD:8, Max:100, Min:25
FCore Active Avg:74, SD:19, Max:100, Min:34
FRouter Active Avg:83, SD:9, Max:93, Min:61
T1 invocations: 220,718
T2 invocations: 314,473
T3 invocations: 8,782,390
T3b invocations: 0
Total3 invocations: 8,782,390
Total4 invocations: 6,746

T3/T2 ratio: 28
T3b/T3 ratio: 0

T1 avg ex cycles: 34
T2 avg ex cycles: 68
T3&b avg ex cycles: 5
T4 avg ex cycles: 280
Avg. hops NOC1: 2
Avg. latency NOC1 (T2): 12,404
Avg. hops NOC2: 17
Avg. latency NOC2 (T3): 2,924

===PRINTING ACUM STATS at pu_cycles: 1,300,902

ACollision In Avg:79, SD:16, Max:169, Min:26
ACollision Out Avg:78, SD:24, Max:165, Min:16
ACollision End Avg:22, SD:14, Max:118, Min:0
ATask1 Avg:15, SD:2, Max:19, Min:3
ATask2 Avg:21, SD:7, Max:33, Min:0
ATask3 Avg:46, SD:7, Max:92, Min:32
ACore Active Avg:83, SD:9, Max:100, Min:52
ARouter Active Avg:78, SD:4, Max:83, Min:66
T1 invocations: 4,718,864
T2 invocations: 4,029,096
T3 invocations: 106,918,714
T3b invocations: 0
Total3 invocations: 106,918,714
Total4 invocations: 25,026

T3/T2 ratio: 27
T3b/T3 ratio: 0

T1 avg ex cycles: 41
T2 avg ex cycles: 71
T3&b avg ex cycles: 6
T4 avg ex cycles: 435
Avg. hops NOC1: 2
Avg. latency NOC1 (T2): 12,789
Avg. hops NOC2: 17
Avg. latency NOC2 (T3): 6,050
Number of K Nodes Processed: 5,169
Number of K Edges Processed: 107,280
Node Re-explore factor: 1.23
Edge Re-explore factor: 0.84
Nodes/cy: 4
Edges/cy: 82
TEPS: 99

---DCache---
DCache Size: 60,880
DRAM words: 133,760
  DHits: 165,995,726
  DMisses: 8,064,818
  DHit Rate (hit/miss): 95%
  DEvictions: 4,509,241
  DEviction Rate (evict/misses): 56%
  MC Transactions: 8,841,095
  MC Writes: 645,555
Avg. Transactions: 85% , Writes: 6%, Avg. Latency: 20
Max MC id: 6 of 8. Transactions: 88% , Writes: 6%, MC mean Latency: 20
HBM refresh energy (nJ): 3
HBM access energy (nJ): 16,748,570
MemC wire energy 2.5d (nJ): 6,341,314
MemC wire energy 3d (nJ): 1,585,328

---Energy---
Leakage Energy (nJ): 227,847
PU Dyn E (nJ): 6,135,632
Mem Dyn E (nJ): 40,924,348
Route Dyn E (nJ): 8,816,946
Dynamic Energy (nJ): 55,876,926
Ratio of Dyn/Leak: 245
Total Energy (nJ): 56,104,773
Total Energy (nJ) 3D: 55,276,437
Cores Energy (nJ): 6,139,252
Route Energy (nJ): 8,828,866
Route Energy (nJ) 3D: 12,756,515
Mem Energy   (nJ): 41,136,655
Mem Energy   (nJ) 3D: 36,380,669
Avg. Power (mW): 43,127.59
Power Density (mW/mm2): 115.79

---Runtime---
Runtime in K cycles: 1,300.90
Microseconds: 1,300.90
Time per iteration (ms): 1.30

---Throughput---
GOP/s (aka OPS/ns): 706.39
GOP/s per core: 0.69
GFLOP/s: 82.19
GFLOP/s per core: 0.08
Max Peak GFLOP/s: 1,024.00
Avg. BW GB/s: 2,985.52
Max BW GB/s: 4,096.00

---Traffic---
In-Die bisection_bytes BW (GB/s): 512.00
Inter-board traffic (msg/ns): 0.00, per-link: 0.00
Inter-pack traffic (msg/ns): 0.00, per-link: 0.00
Inter-die traffic (msg/ns): 0.00, per-link: 0.00
Ruche traffic (msg/ns): 0.00, per-link: 0.00
All traffic (msg/ns): 3,048.47, per-link: 2.98
Inter-die reduction wrt all: inf
Inter-board reduction wrt inter-die: -nan

---Data Movement---
All traffic (msg): 3,965,765,138
Arith. Intensity FLOP/Loads: 0.22
Arith. Intensity FLOP/Msgs: 0.03
Arith. Intensity OPS/Loads: 1.86
Arith. Intensity OPS/Msgs: 0.23



===Core Utilization Total=== CORE-S:13;; TIME K cy:1,300 ;; Nodes Proc: 641,993 -- Edges Proc: 15,016,698

===PRINTING FRAME STATS

FCollision In Avg:64, SD:36, Max:231, Min:4
FCollision Out Avg:63, SD:47, Max:188, Min:1
FCollision End Avg:20, SD:29, Max:166, Min:0
FTask1 Avg:7, SD:8, Max:39, Min:0
FTask2 Avg:21, SD:17, Max:76, Min:0
FTask3 Avg:45, SD:8, Max:100, Min:23
FCore Active Avg:76, SD:19, Max:100, Min:35
FRouter Active Avg:85, SD:5, Max:94, Min:69
T1 invocations: 228,015
T2 invocations: 323,520
T3 invocations: 8,965,276
T3b invocations: 0
Total3 invocations: 8,965,276
Total4 invocations: 9,800

T3/T2 ratio: 28
T3b/T3 ratio: 0

T1 avg ex cycles: 34
T2 avg ex cycles: 68
T3&b avg ex cycles: 5
T4 avg ex cycles: 206
Avg. hops NOC1: 2
Avg. latency NOC1 (T2): 10,672
Avg. hops NOC2: 17
Avg. latency NOC2 (T3): 3,426

===PRINTING ACUM STATS at pu_cycles: 1,401,011

ACollision In Avg:78, SD:16, Max:174, Min:25
ACollision Out Avg:77, SD:25, Max:156, Min:15
ACollision End Avg:22, SD:14, Max:122, Min:0
ATask1 Avg:14, SD:2, Max:18, Min:3
ATask2 Avg:21, SD:6, Max:33, Min:0
ATask3 Avg:46, SD:7, Max:92, Min:32
ACore Active Avg:83, SD:9, Max:100, Min:53
ARouter Active Avg:78, SD:4, Max:84, Min:67
T1 invocations: 4,947,996
T2 invocations: 4,352,208
T3 invocations: 115,889,591
T3b invocations: 0
Total3 invocations: 115,889,591
Total4 invocations: 34,846

T3/T2 ratio: 27
T3b/T3 ratio: 0

T1 avg ex cycles: 41
T2 avg ex cycles: 70
T3&b avg ex cycles: 6
T4 avg ex cycles: 371
Avg. hops NOC1: 2
Avg. latency NOC1 (T2): 12,627
Avg. hops NOC2: 17
Avg. latency NOC2 (T3): 5,846
Number of K Nodes Processed: 5,218
Number of K Edges Processed: 116,277
Node Re-explore factor: 1.24
Edge Re-explore factor: 0.91
Nodes/cy: 4
Edges/cy: 83
TEPS: 92

---DCache---
DCache Size: 60,880
DRAM words: 133,760
  DHits: 179,848,042
  DMisses: 8,690,933
  DHit Rate (hit/miss): 95%
  DEvictions: 5,065,308
  DEviction Rate (evict/misses): 58%
  MC Transactions: 9,524,101
  MC Writes: 695,295
Avg. Transactions: 85% , Writes: 6%, Avg. Latency: 20
Max MC id: 6 of 8. Transactions: 88% , Writes: 6%, MC mean Latency: 19
HBM refresh energy (nJ): 4
HBM access energy (nJ): 18,042,456
MemC wire energy 2.5d (nJ): 6,831,203
MemC wire energy 3d (nJ): 1,707,801

---Energy---
Leakage Energy (nJ): 245,381
PU Dyn E (nJ): 6,600,973
Mem Dyn E (nJ): 44,127,705
Route Dyn E (nJ): 9,556,660
Dynamic Energy (nJ): 60,285,339
Ratio of Dyn/Leak: 246
Total Energy (nJ): 60,530,720
Total Energy (nJ) 3D: 59,664,484
Cores Energy (nJ): 6,604,872
Route Energy (nJ): 9,569,497
Route Energy (nJ) 3D: 13,826,664
Mem Energy   (nJ): 44,356,350
Mem Energy   (nJ) 3D: 39,232,948
Avg. Power (mW): 43,205.03
Power Density (mW/mm2): 116.00

---Runtime---
Runtime in K cycles: 1,401.01
Microseconds: 1,401.01
Time per iteration (ms): 1.40

---Throughput---
GOP/s (aka OPS/ns): 703.20
GOP/s per core: 0.69
GFLOP/s: 82.72
GFLOP/s per core: 0.08
Max Peak GFLOP/s: 1,024.00
Avg. BW GB/s: 2,991.02
Max BW GB/s: 4,096.00

---Traffic---
In-Die bisection_bytes BW (GB/s): 512.00
Inter-board traffic (msg/ns): 0.00, per-link: 0.00
Inter-pack traffic (msg/ns): 0.00, per-link: 0.00
Inter-die traffic (msg/ns): 0.00, per-link: 0.00
Ruche traffic (msg/ns): 0.00, per-link: 0.00
All traffic (msg/ns): 3,066.71, per-link: 2.99
Inter-die reduction wrt all: inf
Inter-board reduction wrt inter-die: -nan

---Data Movement---
All traffic (msg): 4,296,498,899
Arith. Intensity FLOP/Loads: 0.22
Arith. Intensity FLOP/Msgs: 0.03
Arith. Intensity OPS/Loads: 1.85
Arith. Intensity OPS/Msgs: 0.23



===Core Utilization Total=== CORE-S:14;; TIME K cy:1,400 ;; Nodes Proc: 648,112 -- Edges Proc: 16,225,253

===PRINTING FRAME STATS

FCollision In Avg:47, SD:38, Max:186, Min:2
FCollision Out Avg:45, SD:43, Max:166, Min:0
FCollision End Avg:16, SD:26, Max:149, Min:0
FTask1 Avg:8, SD:9, Max:41, Min:0
FTask2 Avg:20, SD:18, Max:74, Min:0
FTask3 Avg:42, SD:8, Max:100, Min:22
FCore Active Avg:73, SD:21, Max:100, Min:30
FRouter Active Avg:82, SD:5, Max:94, Min:68
T1 invocations: 251,657
T2 invocations: 343,102
T3 invocations: 8,435,704
T3b invocations: 0
Total3 invocations: 8,435,704
Total4 invocations: 13,479

T3/T2 ratio: 25
T3b/T3 ratio: 0

T1 avg ex cycles: 33
T2 avg ex cycles: 61
T3&b avg ex cycles: 5
T4 avg ex cycles: 168
Avg. hops NOC1: 3
Avg. latency NOC1 (T2): 8,079
Avg. hops NOC2: 17
Avg. latency NOC2 (T3): 3,433

===PRINTING ACUM STATS at pu_cycles: 1,500,738

ACollision In Avg:76, SD:17, Max:172, Min:24
ACollision Out Avg:75, SD:25, Max:147, Min:15
ACollision End Avg:22, SD:13, Max:122, Min:0
ATask1 Avg:14, SD:2, Max:17, Min:3
ATask2 Avg:21, SD:6, Max:32, Min:0
ATask3 Avg:46, SD:7, Max:93, Min:31
ACore Active Avg:82, SD:8, Max:100, Min:54
ARouter Active Avg:79, SD:3, Max:84, Min:68
T1 invocations: 5,197,766
T2 invocations: 4,689,708
T3 invocations: 124,211,864
T3b invocations: 0
Total3 invocations: 124,211,864
Total4 invocations: 48,298

T3/T2 ratio: 26
T3b/T3 ratio: 0

T1 avg ex cycles: 40
T2 avg ex cycles: 70
T3&b avg ex cycles: 6
T4 avg ex cycles: 314
Avg. hops NOC1: 2
Avg. latency NOC1 (T2): 12,298
Avg. hops NOC2: 17
Avg. latency NOC2 (T3): 5,682
Number of K Nodes Processed: 5,260
Number of K Edges Processed: 124,648
Node Re-explore factor: 1.25
Edge Re-explore factor: 0.97
Nodes/cy: 4
Edges/cy: 83
TEPS: 85

---DCache---
DCache Size: 60,880
DRAM words: 133,760
  DHits: 193,589,492
  DMisses: 9,295,288
  DHit Rate (hit/miss): 95%
  DEvictions: 5,609,743
  DEviction Rate (evict/misses): 60%
  MC Transactions: 10,182,026
  MC Writes: 743,365
Avg. Transactions: 85% , Writes: 6%, Avg. Latency: 19
Max MC id: 6 of 8. Transactions: 87% , Writes: 6%, MC mean Latency: 19
HBM refresh energy (nJ): 4
HBM access energy (nJ): 19,288,830
MemC wire energy 2.5d (nJ): 7,303,103
MemC wire energy 3d (nJ): 1,825,776

---Energy---
Leakage Energy (nJ): 262,847
PU Dyn E (nJ): 7,040,365
Mem Dyn E (nJ): 47,181,729
Route Dyn E (nJ): 10,238,966
Dynamic Energy (nJ): 64,461,060
Ratio of Dyn/Leak: 245
Total Energy (nJ): 64,723,907
Total Energy (nJ) 3D: 63,807,691
Cores Energy (nJ): 7,044,542
Route Energy (nJ): 10,252,716
Route Energy (nJ) 3D: 14,813,827
Mem Energy   (nJ): 47,426,649
Mem Energy   (nJ) 3D: 41,949,322
Avg. Power (mW): 43,128.05
Power Density (mW/mm2): 115.79

---Runtime---
Runtime in K cycles: 1,500.74
Microseconds: 1,500.74
Time per iteration (ms): 1.50

---Throughput---
GOP/s (aka OPS/ns): 698.55
GOP/s per core: 0.68
GFLOP/s: 82.77
GFLOP/s per core: 0.08
Max Peak GFLOP/s: 1,024.00
Avg. BW GB/s: 2,982.75
Max BW GB/s: 4,096.00

---Traffic---
In-Die bisection_bytes BW (GB/s): 512.00
Inter-board traffic (msg/ns): 0.00, per-link: 0.00
Inter-pack traffic (msg/ns): 0.00, per-link: 0.00
Inter-die traffic (msg/ns): 0.00, per-link: 0.00
Ruche traffic (msg/ns): 0.00, per-link: 0.00
All traffic (msg/ns): 3,066.96, per-link: 3.00
Inter-die reduction wrt all: inf
Inter-board reduction wrt inter-die: -nan

---Data Movement---
All traffic (msg): 4,602,699,789
Arith. Intensity FLOP/Loads: 0.22
Arith. Intensity FLOP/Msgs: 0.03
Arith. Intensity OPS/Loads: 1.85
Arith. Intensity OPS/Msgs: 0.23



===Core Utilization Total=== CORE-S:15;; TIME K cy:1,500 ;; Nodes Proc: 653,428 -- Edges Proc: 17,128,656

===PRINTING FRAME STATS

FCollision In Avg:35, SD:36, Max:201, Min:1
FCollision Out Avg:34, SD:38, Max:214, Min:0
FCollision End Avg:13, SD:24, Max:199, Min:0
FTask1 Avg:8, SD:10, Max:42, Min:0
FTask2 Avg:18, SD:19, Max:71, Min:0
FTask3 Avg:38, SD:8, Max:89, Min:23
FCore Active Avg:66, SD:23, Max:100, Min:28
FRouter Active Avg:78, SD:10, Max:95, Min:51
T1 invocations: 249,793
T2 invocations: 326,486
T3 invocations: 7,564,064
T3b invocations: 0
Total3 invocations: 7,564,064
Total4 invocations: 16,619

T3/T2 ratio: 23
T3b/T3 ratio: 0

T1 avg ex cycles: 33
T2 avg ex cycles: 57
T3&b avg ex cycles: 5
T4 avg ex cycles: 138
Avg. hops NOC1: 3
Avg. latency NOC1 (T2): 7,172
Avg. hops NOC2: 17
Avg. latency NOC2 (T3): 3,064

===PRINTING ACUM STATS at pu_cycles: 1,600,962

ACollision In Avg:73, SD:17, Max:166, Min:23
ACollision Out Avg:72, SD:25, Max:142, Min:14
ACollision End Avg:21, SD:13, Max:118, Min:0
ATask1 Avg:13, SD:2, Max:16, Min:2
ATask2 Avg:21, SD:5, Max:30, Min:0
ATask3 Avg:46, SD:7, Max:93, Min:31
ACore Active Avg:81, SD:8, Max:100, Min:53
ARouter Active Avg:79, SD:3, Max:83, Min:69
T1 invocations: 5,452,708
T2 invocations: 5,019,824
T3 invocations: 131,862,608
T3b invocations: 0
Total3 invocations: 131,862,608
Total4 invocations: 65,011

T3/T2 ratio: 26
T3b/T3 ratio: 0

T1 avg ex cycles: 40
T2 avg ex cycles: 69
T3&b avg ex cycles: 6
T4 avg ex cycles: 269
Avg. hops NOC1: 2
Avg. latency NOC1 (T2): 11,965
Avg. hops NOC2: 17
Avg. latency NOC2 (T3): 5,531
Number of K Nodes Processed: 5,294
Number of K Edges Processed: 132,152
Node Re-explore factor: 1.26
Edge Re-explore factor: 1.03
Nodes/cy: 3
Edges/cy: 83
TEPS: 80

---DCache---
DCache Size: 60,880
DRAM words: 133,760
  DHits: 206,556,831
  DMisses: 9,844,121
  DHit Rate (hit/miss): 95%
  DEvictions: 6,103,573
  DEviction Rate (evict/misses): 62%
  MC Transactions: 10,778,234
  MC Writes: 786,788
Avg. Transactions: 84% , Writes: 6%, Avg. Latency: 19
Max MC id: 6 of 8. Transactions: 86% , Writes: 6%, MC mean Latency: 19
HBM refresh energy (nJ): 4
HBM access energy (nJ): 20,418,286
MemC wire energy 2.5d (nJ): 7,730,735
MemC wire energy 3d (nJ): 1,932,684

---Energy---
Leakage Energy (nJ): 280,401
PU Dyn E (nJ): 7,449,589
Mem Dyn E (nJ): 49,975,359
Route Dyn E (nJ): 10,864,510
Dynamic Energy (nJ): 68,289,458
Ratio of Dyn/Leak: 244
Total Energy (nJ): 68,569,859
Total Energy (nJ) 3D: 67,611,577
Cores Energy (nJ): 7,454,045
Route Energy (nJ): 10,879,179
Route Energy (nJ) 3D: 15,718,948
Mem Energy   (nJ): 50,236,636
Mem Energy   (nJ) 3D: 44,438,585
Avg. Power (mW): 42,830.41
Power Density (mW/mm2): 114.99

---Runtime---
Runtime in K cycles: 1,600.96
Microseconds: 1,600.96
Time per iteration (ms): 1.60

---Throughput---
GOP/s (aka OPS/ns): 691.80
GOP/s per core: 0.68
GFLOP/s: 82.36
GFLOP/s per core: 0.08
Max Peak GFLOP/s: 1,024.00
Avg. BW GB/s: 2,960.81
Max BW GB/s: 4,096.00

---Traffic---
In-Die bisection_bytes BW (GB/s): 512.00
Inter-board traffic (msg/ns): 0.00, per-link: 0.00
Inter-pack traffic (msg/ns): 0.00, per-link: 0.00
Inter-die traffic (msg/ns): 0.00, per-link: 0.00
Ruche traffic (msg/ns): 0.00, per-link: 0.00
All traffic (msg/ns): 3,050.23, per-link: 2.98
Inter-die reduction wrt all: inf
Inter-board reduction wrt inter-die: -nan

---Data Movement---
All traffic (msg): 4,883,300,896
Arith. Intensity FLOP/Loads: 0.22
Arith. Intensity FLOP/Msgs: 0.03
Arith. Intensity OPS/Loads: 1.84
Arith. Intensity OPS/Msgs: 0.23



===Core Utilization Total=== CORE-S:16;; TIME K cy:1,600 ;; Nodes Proc: 657,781 -- Edges Proc: 17,881,558

===PRINTING FRAME STATS

FCollision In Avg:27, SD:33, Max:153, Min:0
FCollision Out Avg:27, SD:36, Max:212, Min:0
FCollision End Avg:11, SD:22, Max:199, Min:0
FTask1 Avg:7, SD:9, Max:47, Min:0
FTask2 Avg:15, SD:20, Max:78, Min:0
FTask3 Avg:32, SD:6, Max:73, Min:15
FCore Active Avg:56, SD:25, Max:100, Min:24
FRouter Active Avg:70, SD:13, Max:94, Min:39
T1 invocations: 207,642
T2 invocations: 270,599
T3 invocations: 6,300,260
T3b invocations: 0
Total3 invocations: 6,300,260
Total4 invocations: 17,139

T3/T2 ratio: 23
T3b/T3 ratio: 0

T1 avg ex cycles: 33
T2 avg ex cycles: 58
T3&b avg ex cycles: 5
T4 avg ex cycles: 113
Avg. hops NOC1: 3
Avg. latency NOC1 (T2): 6,085
Avg. hops NOC2: 17
Avg. latency NOC2 (T3): 2,640

===PRINTING ACUM STATS at pu_cycles: 1,701,028

ACollision In Avg:71, SD:17, Max:163, Min:22
ACollision Out Avg:70, SD:24, Max:136, Min:15
ACollision End Avg:20, SD:12, Max:112, Min:1
ATask1 Avg:13, SD:1, Max:15, Min:3
ATask2 Avg:21, SD:4, Max:29, Min:0
ATask3 Avg:45, SD:7, Max:91, Min:31
ACore Active Avg:80, SD:7, Max:100, Min:52
ARouter Active Avg:78, SD:2, Max:82, Min:70
T1 invocations: 5,663,465
T2 invocations: 5,293,882
T3 invocations: 138,223,790
T3b invocations: 0
Total3 invocations: 138,223,790
Total4 invocations: 82,203

T3/T2 ratio: 26
T3b/T3 ratio: 0

T1 avg ex cycles: 40
T2 avg ex cycles: 68
T3&b avg ex cycles: 6
T4 avg ex cycles: 237
Avg. hops NOC1: 2
Avg. latency NOC1 (T2): 11,663
Avg. hops NOC2: 17
Avg. latency NOC2 (T3): 5,399
Number of K Nodes Processed: 5,321
Number of K Edges Processed: 138,395
Node Re-explore factor: 1.27
Edge Re-explore factor: 1.08
Nodes/cy: 3
Edges/cy: 81
TEPS: 75

---DCache---
DCache Size: 60,880
DRAM words: 133,760
  DHits: 217,980,242
  DMisses: 10,304,804
  DHit Rate (hit/miss): 95%
  DEvictions: 6,523,185
  DEviction Rate (evict/misses): 63%
  MC Transactions: 11,278,578
  MC Writes: 824,222
Avg. Transactions: 83% , Writes: 6%, Avg. Latency: 19
Max MC id: 6 of 8. Transactions: 84% , Writes: 6%, MC mean Latency: 19
HBM refresh energy (nJ): 5
HBM access energy (nJ): 21,366,138
MemC wire energy 2.5d (nJ): 8,089,609
MemC wire energy 3d (nJ): 2,022,402

---Energy---
Leakage Energy (nJ): 297,927
PU Dyn E (nJ): 7,789,854
Mem Dyn E (nJ): 52,321,147
Route Dyn E (nJ): 11,383,896
Dynamic Energy (nJ): 71,494,898
Ratio of Dyn/Leak: 240
Total Energy (nJ): 71,792,825
Total Energy (nJ) 3D: 70,796,757
Cores Energy (nJ): 7,794,588
Route Energy (nJ): 11,399,482
Route Energy (nJ) 3D: 16,470,621
Mem Energy   (nJ): 52,598,755
Mem Energy   (nJ) 3D: 46,531,548
Avg. Power (mW): 42,205.55
Power Density (mW/mm2): 113.31

---Runtime---
Runtime in K cycles: 1,701.03
Microseconds: 1,701.03
Time per iteration (ms): 1.70

---Throughput---
GOP/s (aka OPS/ns): 680.05
GOP/s per core: 0.66
GFLOP/s: 81.26
GFLOP/s per core: 0.08
Max Peak GFLOP/s: 1,024.00
Avg. BW GB/s: 2,915.82
Max BW GB/s: 4,096.00

---Traffic---
In-Die bisection_bytes BW (GB/s): 512.00
Inter-board traffic (msg/ns): 0.00, per-link: 0.00
Inter-pack traffic (msg/ns): 0.00, per-link: 0.00
Inter-die traffic (msg/ns): 0.00, per-link: 0.00
Ruche traffic (msg/ns): 0.00, per-link: 0.00
All traffic (msg/ns): 3,007.87, per-link: 2.94
Inter-die reduction wrt all: inf
Inter-board reduction wrt inter-die: -nan

---Data Movement---
All traffic (msg): 5,116,475,783
Arith. Intensity FLOP/Loads: 0.22
Arith. Intensity FLOP/Msgs: 0.03
Arith. Intensity OPS/Loads: 1.84
Arith. Intensity OPS/Msgs: 0.23



===Core Utilization Total=== CORE-S:17;; TIME K cy:1,700 ;; Nodes Proc: 661,203 -- Edges Proc: 18,445,418

===PRINTING FRAME STATS

FCollision In Avg:17, SD:27, Max:148, Min:0
FCollision Out Avg:19, SD:31, Max:179, Min:0
FCollision End Avg:7, SD:18, Max:160, Min:0
FTask1 Avg:6, SD:10, Max:53, Min:0
FTask2 Avg:12, SD:20, Max:86, Min:0
FTask3 Avg:25, SD:5, Max:60, Min:12
FCore Active Avg:45, SD:26, Max:100, Min:18
FRouter Active Avg:59, SD:17, Max:92, Min:30
T1 invocations: 179,509
T2 invocations: 228,205
T3 invocations: 5,036,712
T3b invocations: 0
Total3 invocations: 5,036,712
Total4 invocations: 15,878

T3/T2 ratio: 22
T3b/T3 ratio: 0

T1 avg ex cycles: 33
T2 avg ex cycles: 54
T3&b avg ex cycles: 5
T4 avg ex cycles: 106
Avg. hops NOC1: 3
Avg. latency NOC1 (T2): 4,834
Avg. hops NOC2: 17
Avg. latency NOC2 (T3): 2,292

===PRINTING ACUM STATS at pu_cycles: 1,800,738

ACollision In Avg:68, SD:17, Max:157, Min:21
ACollision Out Avg:67, SD:24, Max:138, Min:15
ACollision End Avg:20, SD:11, Max:106, Min:1
ATask1 Avg:13, SD:1, Max:14, Min:5
ATask2 Avg:20, SD:3, Max:27, Min:0
ATask3 Avg:44, SD:7, Max:90, Min:30
ACore Active Avg:78, SD:7, Max:100, Min:52
ARouter Active Avg:77, SD:2, Max:81, Min:71
T1 invocations: 5,840,238
T2 invocations: 5,519,257
T3 invocations: 143,193,209
T3b invocations: 0
Total3 invocations: 143,193,209
Total4 invocations: 98,044

T3/T2 ratio: 26
T3b/T3 ratio: 0

T1 avg ex cycles: 40
T2 avg ex cycles: 68
T3&b avg ex cycles: 6
T4 avg ex cycles: 216
Avg. hops NOC1: 3
Avg. latency NOC1 (T2): 11,381
Avg. hops NOC2: 17
Avg. latency NOC2 (T3): 5,291
Number of K Nodes Processed: 5,342
Number of K Edges Processed: 143,333
Node Re-explore factor: 1.27
Edge Re-explore factor: 1.12
Nodes/cy: 3
Edges/cy: 80
TEPS: 71

---DCache---
DCache Size: 60,880
DRAM words: 133,760
  DHits: 227,416,252
  DMisses: 10,670,367
  DHit Rate (hit/miss): 96%
  DEvictions: 6,861,468
  DEviction Rate (evict/misses): 64%
  MC Transactions: 11,671,319
  MC Writes: 850,121
Avg. Transactions: 81% , Writes: 6%, Avg. Latency: 19
Max MC id: 6 of 8. Transactions: 82% , Writes: 6%, MC mean Latency: 19
HBM refresh energy (nJ): 5
HBM access energy (nJ): 22,110,146
MemC wire energy 2.5d (nJ): 8,371,305
MemC wire energy 3d (nJ): 2,092,826

---Energy---
Leakage Energy (nJ): 315,391
PU Dyn E (nJ): 8,057,816
Mem Dyn E (nJ): 54,163,931
Route Dyn E (nJ): 11,789,436
Dynamic Energy (nJ): 74,011,184
Ratio of Dyn/Leak: 235
Total Energy (nJ): 74,326,575
Total Energy (nJ) 3D: 73,299,889
Cores Energy (nJ): 8,062,828
Route Energy (nJ): 11,805,935
Route Energy (nJ) 3D: 17,057,727
Mem Energy   (nJ): 54,457,812
Mem Energy   (nJ) 3D: 48,179,334
Avg. Power (mW): 41,275.62
Power Density (mW/mm2): 110.82

---Runtime---
Runtime in K cycles: 1,800.74
Microseconds: 1,800.74
Time per iteration (ms): 1.80

---Throughput---
GOP/s (aka OPS/ns): 664.01
GOP/s per core: 0.65
GFLOP/s: 79.52
GFLOP/s per core: 0.08
Max Peak GFLOP/s: 1,024.00
Avg. BW GB/s: 2,849.42
Max BW GB/s: 4,096.00

---Traffic---
In-Die bisection_bytes BW (GB/s): 512.00
Inter-board traffic (msg/ns): 0.00, per-link: 0.00
Inter-pack traffic (msg/ns): 0.00, per-link: 0.00
Inter-die traffic (msg/ns): 0.00, per-link: 0.00
Ruche traffic (msg/ns): 0.00, per-link: 0.00
All traffic (msg/ns): 2,942.49, per-link: 2.87
Inter-die reduction wrt all: inf
Inter-board reduction wrt inter-die: -nan

---Data Movement---
All traffic (msg): 5,298,647,271
Arith. Intensity FLOP/Loads: 0.22
Arith. Intensity FLOP/Msgs: 0.03
Arith. Intensity OPS/Loads: 1.84
Arith. Intensity OPS/Msgs: 0.23



===Core Utilization Total=== CORE-S:18;; TIME K cy:1,800 ;; Nodes Proc: 663,769 -- Edges Proc: 18,859,951
======== IT IS COLD ======= Only 53 Tiles active

===PRINTING FRAME STATS

FCollision In Avg:9, SD:20, Max:118, Min:0
FCollision Out Avg:11, SD:24, Max:133, Min:0
FCollision End Avg:4, SD:13, Max:99, Min:0
FTask1 Avg:4, SD:9, Max:49, Min:0
FTask2 Avg:8, SD:18, Max:91, Min:0
FTask3 Avg:16, SD:4, Max:39, Min:5
FCore Active Avg:29, SD:23, Max:100, Min:11
FRouter Active Avg:43, SD:16, Max:90, Min:19
T1 invocations: 113,629
T2 invocations: 146,182
T3 invocations: 3,200,408
T3b invocations: 0
Total3 invocations: 3,200,408
Total4 invocations: 11,633

T3/T2 ratio: 22
T3b/T3 ratio: 0

T1 avg ex cycles: 33
T2 avg ex cycles: 54
T3&b avg ex cycles: 5
T4 avg ex cycles: 93
Avg. hops NOC1: 4
Avg. latency NOC1 (T2): 4,433
Avg. hops NOC2: 17
Avg. latency NOC2 (T3): 1,858

===PRINTING ACUM STATS at pu_cycles: 1,900,477

ACollision In Avg:65, SD:17, Max:154, Min:20
ACollision Out Avg:64, SD:24, Max:134, Min:14
ACollision End Avg:19, SD:11, Max:104, Min:1
ATask1 Avg:12, SD:1, Max:13, Min:5
ATask2 Avg:20, SD:2, Max:26, Min:0
ATask3 Avg:42, SD:7, Max:87, Min:29
ACore Active Avg:75, SD:7, Max:100, Min:50
ARouter Active Avg:75, SD:1, Max:80, Min:72
T1 invocations: 5,954,717
T2 invocations: 5,667,332
T3 invocations: 146,419,298
T3b invocations: 0
Total3 invocations: 146,419,298
Total4 invocations: 109,689

T3/T2 ratio: 26
T3b/T3 ratio: 0

T1 avg ex cycles: 39
T2 avg ex cycles: 67
T3&b avg ex cycles: 6
T4 avg ex cycles: 203
Avg. hops NOC1: 3
Avg. latency NOC1 (T2): 11,201
Avg. hops NOC2: 17
Avg. latency NOC2 (T3): 5,216
Number of K Nodes Processed: 5,354
Number of K Edges Processed: 146,479
Node Re-explore factor: 1.28
Edge Re-explore factor: 1.14
Nodes/cy: 3
Edges/cy: 77
TEPS: 68

---DCache---
DCache Size: 60,880
DRAM words: 133,760
  DHits: 233,646,654
  DMisses: 10,905,609
  DHit Rate (hit/miss): 96%
  DEvictions: 7,081,977
  DEviction Rate (evict/misses): 65%
  MC Transactions: 11,925,625
  MC Writes: 868,775
Avg. Transactions: 78% , Writes: 6%, Avg. Latency: 19
Max MC id: 4 of 8. Transactions: 79% , Writes: 6%, MC mean Latency: 19
HBM refresh energy (nJ): 5
HBM access energy (nJ): 22,591,904
MemC wire energy 2.5d (nJ): 8,553,707
MemC wire energy 3d (nJ): 2,138,427

---Energy---
Leakage Energy (nJ): 332,860
PU Dyn E (nJ): 8,232,146
Mem Dyn E (nJ): 55,363,229
Route Dyn E (nJ): 12,052,051
Dynamic Energy (nJ): 75,647,427
Ratio of Dyn/Leak: 227
Total Energy (nJ): 75,980,287
Total Energy (nJ) 3D: 74,933,785
Cores Energy (nJ): 8,237,435
Route Energy (nJ): 12,069,464
Route Energy (nJ) 3D: 17,438,243
Mem Energy   (nJ): 55,673,387
Mem Energy   (nJ) 3D: 49,258,107
Avg. Power (mW): 39,979.59
Power Density (mW/mm2): 107.34

---Runtime---
Runtime in K cycles: 1,900.48
Microseconds: 1,900.48
Time per iteration (ms): 1.90

---Throughput---
GOP/s (aka OPS/ns): 642.51
GOP/s per core: 0.63
GFLOP/s: 77.04
GFLOP/s per core: 0.08
Max Peak GFLOP/s: 1,024.00
Avg. BW GB/s: 2,758.76
Max BW GB/s: 4,096.00

---Traffic---
In-Die bisection_bytes BW (GB/s): 512.00
Inter-board traffic (msg/ns): 0.00, per-link: 0.00
Inter-pack traffic (msg/ns): 0.00, per-link: 0.00
Inter-die traffic (msg/ns): 0.00, per-link: 0.00
Ruche traffic (msg/ns): 0.00, per-link: 0.00
All traffic (msg/ns): 2,850.15, per-link: 2.78
Inter-die reduction wrt all: inf
Inter-board reduction wrt inter-die: -nan

---Data Movement---
All traffic (msg): 5,416,638,038
Arith. Intensity FLOP/Loads: 0.22
Arith. Intensity FLOP/Msgs: 0.03
Arith. Intensity OPS/Loads: 1.84
Arith. Intensity OPS/Msgs: 0.23



===Core Utilization Total=== CORE-S:19;; TIME K cy:1,900 ;; Nodes Proc: 665,308 -- Edges Proc: 19,088,491
======== IT IS COLD ======= Only 24 Tiles active

===PRINTING FRAME STATS

FCollision In Avg:4, SD:14, Max:100, Min:0
FCollision Out Avg:6, SD:17, Max:159, Min:0
FCollision End Avg:2, SD:10, Max:159, Min:0
FTask1 Avg:2, SD:7, Max:62, Min:0
FTask2 Avg:4, SD:14, Max:90, Min:0
FTask3 Avg:10, SD:3, Max:39, Min:5
FCore Active Avg:17, SD:19, Max:100, Min:6
FRouter Active Avg:28, SD:14, Max:89, Min:11
T1 invocations: 67,245
T2 invocations: 86,488
T3 invocations: 1,960,098
T3b invocations: 0
Total3 invocations: 1,960,098
Total4 invocations: 7,430

T3/T2 ratio: 23
T3b/T3 ratio: 0

T1 avg ex cycles: 33
T2 avg ex cycles: 53
T3&b avg ex cycles: 5
T4 avg ex cycles: 86
Avg. hops NOC1: 4
Avg. latency NOC1 (T2): 3,993
Avg. hops NOC2: 17
Avg. latency NOC2 (T3): 1,612

===PRINTING ACUM STATS at pu_cycles: 2,000,253

ACollision In Avg:62, SD:16, Max:151, Min:19
ACollision Out Avg:61, SD:23, Max:131, Min:13
ACollision End Avg:18, SD:10, Max:101, Min:1
ATask1 Avg:12, SD:1, Max:13, Min:5
ATask2 Avg:19, SD:2, Max:25, Min:1
ATask3 Avg:41, SD:7, Max:84, Min:28
ACore Active Avg:72, SD:6, Max:100, Min:48
ARouter Active Avg:73, SD:2, Max:80, Min:69
T1 invocations: 6,017,895
T2 invocations: 5,741,385
T3 invocations: 148,273,443
T3b invocations: 0
Total3 invocations: 148,273,443
Total4 invocations: 116,941

T3/T2 ratio: 26
T3b/T3 ratio: 0

T1 avg ex cycles: 39
T2 avg ex cycles: 67
T3&b avg ex cycles: 6
T4 avg ex cycles: 195
Avg. hops NOC1: 3
Avg. latency NOC1 (T2): 11,101
Avg. hops NOC2: 17
Avg. latency NOC2 (T3): 5,166
Number of K Nodes Processed: 5,362
Number of K Edges Processed: 148,361
Node Re-explore factor: 1.28
Edge Re-explore factor: 1.16
Nodes/cy: 3
Edges/cy: 74
TEPS: 64

---DCache---
DCache Size: 60,880
DRAM words: 133,760
  DHits: 237,453,296
  DMisses: 11,048,414
  DHit Rate (hit/miss): 96%
  DEvictions: 7,215,248
  DEviction Rate (evict/misses): 65%
  MC Transactions: 12,077,767
  MC Writes: 877,987
Avg. Transactions: 75% , Writes: 5%, Avg. Latency: 19
Max MC id: 4 of 8. Transactions: 76% , Writes: 6%, MC mean Latency: 19
HBM refresh energy (nJ): 5
HBM access energy (nJ): 22,880,121
MemC wire energy 2.5d (nJ): 8,662,831
MemC wire energy 3d (nJ): 2,165,708

---Energy---
Leakage Energy (nJ): 350,335
PU Dyn E (nJ): 8,329,293
Mem Dyn E (nJ): 56,047,243
Route Dyn E (nJ): 12,200,563
Dynamic Energy (nJ): 76,577,099
Ratio of Dyn/Leak: 219
Total Energy (nJ): 76,927,434
Total Energy (nJ) 3D: 75,865,246
Cores Energy (nJ): 8,334,860
Route Energy (nJ): 12,218,890
Route Energy (nJ) 3D: 17,653,826
Mem Energy   (nJ): 56,373,685
Mem Energy   (nJ) 3D: 49,876,561
Avg. Power (mW): 38,458.85
Power Density (mW/mm2): 103.25

---Runtime---
Runtime in K cycles: 2,000.25
Microseconds: 2,000.25
Time per iteration (ms): 2.00

---Throughput---
GOP/s (aka OPS/ns): 617.41
GOP/s per core: 0.60
GFLOP/s: 74.13
GFLOP/s per core: 0.07
Max Peak GFLOP/s: 1,024.00
Avg. BW GB/s: 2,650.30
Max BW GB/s: 4,096.00

---Traffic---
In-Die bisection_bytes BW (GB/s): 512.00
Inter-board traffic (msg/ns): 0.00, per-link: 0.00
Inter-pack traffic (msg/ns): 0.00, per-link: 0.00
Inter-die traffic (msg/ns): 0.00, per-link: 0.00
Ruche traffic (msg/ns): 0.00, per-link: 0.00
All traffic (msg/ns): 2,741.49, per-link: 2.68
Inter-die reduction wrt all: inf
Inter-board reduction wrt inter-die: -nan

---Data Movement---
All traffic (msg): 5,483,668,297
Arith. Intensity FLOP/Loads: 0.22
Arith. Intensity FLOP/Msgs: 0.03
Arith. Intensity OPS/Loads: 1.84
Arith. Intensity OPS/Msgs: 0.23



===Core Utilization Total=== CORE-S:20;; TIME K cy:2,000 ;; Nodes Proc: 666,273 -- Edges Proc: 19,186,950
======== IT IS COLD ======= Only 15 Tiles active

===PRINTING FRAME STATS

FCollision In Avg:1, SD:7, Max:98, Min:0
FCollision Out Avg:2, SD:9, Max:99, Min:0
FCollision End Avg:1, SD:5, Max:99, Min:0
FTask1 Avg:1, SD:4, Max:45, Min:0
FTask2 Avg:2, SD:9, Max:95, Min:0
FTask3 Avg:4, SD:2, Max:24, Min:2
FCore Active Avg:6, SD:12, Max:100, Min:2
FRouter Active Avg:11, SD:9, Max:69, Min:4
T1 invocations: 19,748
T2 invocations: 24,831
T3 invocations: 708,862
T3b invocations: 0
Total3 invocations: 708,862
Total4 invocations: 2,875

T3/T2 ratio: 29
T3b/T3 ratio: 0

T1 avg ex cycles: 34
T2 avg ex cycles: 63
T3&b avg ex cycles: 5
T4 avg ex cycles: 66
Avg. hops NOC1: 4
Avg. latency NOC1 (T2): 4,723
Avg. hops NOC2: 17
Avg. latency NOC2 (T3): 1,458

===PRINTING ACUM STATS at pu_cycles: 2,100,422

ACollision In Avg:59, SD:15, Max:151, Min:18
ACollision Out Avg:58, SD:22, Max:127, Min:13
ACollision End Avg:17, SD:10, Max:101, Min:1
ATask1 Avg:11, SD:0, Max:12, Min:5
ATask2 Avg:18, SD:2, Max:24, Min:1
ATask3 Avg:39, SD:6, Max:84, Min:26
ACore Active Avg:69, SD:6, Max:100, Min:46
ARouter Active Avg:70, SD:2, Max:78, Min:66
T1 invocations: 6,046,263
T2 invocations: 5,776,432
T3 invocations: 149,003,563
T3b invocations: 0
Total3 invocations: 149,003,563
Total4 invocations: 119,992

T3/T2 ratio: 26
T3b/T3 ratio: 0

T1 avg ex cycles: 39
T2 avg ex cycles: 67
T3&b avg ex cycles: 6
T4 avg ex cycles: 193
Avg. hops NOC1: 3
Avg. latency NOC1 (T2): 11,059
Avg. hops NOC2: 17
Avg. latency NOC2 (T3): 5,148
Number of K Nodes Processed: 5,364
Number of K Edges Processed: 149,027
Node Re-explore factor: 1.28
Edge Re-explore factor: 1.16
Nodes/cy: 3
Edges/cy: 71
TEPS: 61

---DCache---
DCache Size: 60,880
DRAM words: 133,760
  DHits: 238,810,856
  DMisses: 11,097,869
  DHit Rate (hit/miss): 96%
  DEvictions: 7,260,265
  DEviction Rate (evict/misses): 65%
  MC Transactions: 12,130,420
  MC Writes: 881,179
Avg. Transactions: 72% , Writes: 5%, Avg. Latency: 19
Max MC id: 4 of 8. Transactions: 73% , Writes: 5%, MC mean Latency: 19
HBM refresh energy (nJ): 6
HBM access energy (nJ): 22,979,867
MemC wire energy 2.5d (nJ): 8,700,597
MemC wire energy 3d (nJ): 2,175,149

---Energy---
Leakage Energy (nJ): 367,879
PU Dyn E (nJ): 8,369,673
Mem Dyn E (nJ): 56,309,993
Route Dyn E (nJ): 12,261,352
Dynamic Energy (nJ): 76,941,018
Ratio of Dyn/Leak: 209
Total Energy (nJ): 77,308,897
Total Energy (nJ) 3D: 76,245,465
Cores Energy (nJ): 8,375,519
Route Energy (nJ): 12,280,597
Route Energy (nJ) 3D: 17,742,612
Mem Energy   (nJ): 56,652,782
Mem Energy   (nJ) 3D: 50,127,334
Avg. Power (mW): 36,806.36
Power Density (mW/mm2): 98.82

---Runtime---
Runtime in K cycles: 2,100.42
Microseconds: 2,100.42
Time per iteration (ms): 2.10

---Throughput---
GOP/s (aka OPS/ns): 590.80
GOP/s per core: 0.58
GFLOP/s: 70.94
GFLOP/s per core: 0.07
Max Peak GFLOP/s: 1,024.00
Avg. BW GB/s: 2,536.55
Max BW GB/s: 4,096.00

---Traffic---
In-Die bisection_bytes BW (GB/s): 512.00
Inter-board traffic (msg/ns): 0.00, per-link: 0.00
Inter-pack traffic (msg/ns): 0.00, per-link: 0.00
Inter-die traffic (msg/ns): 0.00, per-link: 0.00
Ruche traffic (msg/ns): 0.00, per-link: 0.00
All traffic (msg/ns): 2,623.64, per-link: 2.56
Inter-die reduction wrt all: inf
Inter-board reduction wrt inter-die: -nan

---Data Movement---
All traffic (msg): 5,510,744,371
Arith. Intensity FLOP/Loads: 0.22
Arith. Intensity FLOP/Msgs: 0.03
Arith. Intensity OPS/Loads: 1.84
Arith. Intensity OPS/Msgs: 0.23



===Core Utilization Total=== CORE-S:21;; TIME K cy:2,100 ;; Nodes Proc: 666,600 -- Edges Proc: 19,193,095
======== IT IS COLD ======= Only 2 Tiles active

===PRINTING FRAME STATS

FCollision In Avg:1, SD:6, Max:84, Min:0
FCollision Out Avg:1, SD:7, Max:91, Min:0
FCollision End Avg:0, SD:4, Max:83, Min:0
FTask1 Avg:1, SD:4, Max:45, Min:0
FTask2 Avg:1, SD:6, Max:97, Min:0
FTask3 Avg:3, SD:1, Max:13, Min:0
FCore Active Avg:4, SD:9, Max:100, Min:1
FRouter Active Avg:7, SD:5, Max:43, Min:2
T1 invocations: 19,521
T2 invocations: 17,262
T3 invocations: 522,474
T3b invocations: 0
Total3 invocations: 522,474
Total4 invocations: 2,288

T3/T2 ratio: 30
T3b/T3 ratio: 0

T1 avg ex cycles: 33
T2 avg ex cycles: 54
T3&b avg ex cycles: 5
T4 avg ex cycles: 80
Avg. hops NOC1: 4
Avg. latency NOC1 (T2): 3,833
Avg. hops NOC2: 14
Avg. latency NOC2 (T3): 1,537

===PRINTING ACUM STATS at pu_cycles: 2,200,105

ACollision In Avg:56, SD:15, Max:141, Min:17
ACollision Out Avg:56, SD:21, Max:121, Min:12
ACollision End Avg:16, SD:9, Max:95, Min:1
ATask1 Avg:11, SD:0, Max:12, Min:5
ATask2 Avg:17, SD:2, Max:23, Min:1
ATask3 Avg:37, SD:6, Max:77, Min:25
ACore Active Avg:66, SD:6, Max:98, Min:44
ARouter Active Avg:67, SD:2, Max:75, Min:63
T1 invocations: 6,060,885
T2 invocations: 5,802,829
T3 invocations: 149,275,467
T3b invocations: 0
Total3 invocations: 149,275,467
Total4 invocations: 121,129

T3/T2 ratio: 26
T3b/T3 ratio: 0

T1 avg ex cycles: 39
T2 avg ex cycles: 67
T3&b avg ex cycles: 6
T4 avg ex cycles: 192
Avg. hops NOC1: 3
Avg. latency NOC1 (T2): 11,031
Avg. hops NOC2: 17
Avg. latency NOC2 (T3): 5,145
Number of K Nodes Processed: 5,366
Number of K Edges Processed: 149,283
Node Re-explore factor: 1.28
Edge Re-explore factor: 1.16
Nodes/cy: 2
Edges/cy: 68
TEPS: 58

---DCache---
DCache Size: 60,880
DRAM words: 133,760
  DHits: 239,343,735
  DMisses: 11,117,210
  DHit Rate (hit/miss): 96%
  DEvictions: 7,278,075
  DEviction Rate (evict/misses): 65%
  MC Transactions: 12,151,079
  MC Writes: 882,495
Avg. Transactions: 69% , Writes: 5%, Avg. Latency: 19
Max MC id: 4 of 8. Transactions: 70% , Writes: 5%, MC mean Latency: 19
HBM refresh energy (nJ): 6
HBM access energy (nJ): 23,019,004
MemC wire energy 2.5d (nJ): 8,715,414
MemC wire energy 3d (nJ): 2,178,854

---Energy---
Leakage Energy (nJ): 385,338
PU Dyn E (nJ): 8,387,546
Mem Dyn E (nJ): 56,430,471
Route Dyn E (nJ): 12,284,995
Dynamic Energy (nJ): 77,103,012
Ratio of Dyn/Leak: 200
Total Energy (nJ): 77,488,350
Total Energy (nJ) 3D: 76,424,336
Cores Energy (nJ): 8,393,669
Route Energy (nJ): 12,305,154
Route Energy (nJ) 3D: 17,777,701
Mem Energy   (nJ): 56,789,528
Mem Energy   (nJ) 3D: 50,252,967
Avg. Power (mW): 35,220.30
Power Density (mW/mm2): 94.56

---Runtime---
Runtime in K cycles: 2,200.11
Microseconds: 2,200.11
Time per iteration (ms): 2.20

---Throughput---
GOP/s (aka OPS/ns): 565.32
GOP/s per core: 0.55
GFLOP/s: 67.85
GFLOP/s per core: 0.07
Max Peak GFLOP/s: 1,024.00
Avg. BW GB/s: 2,428.31
Max BW GB/s: 4,096.00

---Traffic---
In-Die bisection_bytes BW (GB/s): 512.00
Inter-board traffic (msg/ns): 0.00, per-link: 0.00
Inter-pack traffic (msg/ns): 0.00, per-link: 0.00
Inter-die traffic (msg/ns): 0.00, per-link: 0.00
Ruche traffic (msg/ns): 0.00, per-link: 0.00
All traffic (msg/ns): 2,509.56, per-link: 2.45
Inter-die reduction wrt all: inf
Inter-board reduction wrt inter-die: -nan

---Data Movement---
All traffic (msg): 5,521,295,289
Arith. Intensity FLOP/Loads: 0.22
Arith. Intensity FLOP/Msgs: 0.03
Arith. Intensity OPS/Loads: 1.84
Arith. Intensity OPS/Msgs: 0.23



===Core Utilization Total=== CORE-S:22;; TIME K cy:2,200 ;; Nodes Proc: 666,730 -- Edges Proc: 19,193,228
======== IT IS COLD ======= Only 0 Tiles active

===PRINTING FRAME STATS

FCollision In Avg:0, SD:3, Max:66, Min:0
FCollision Out Avg:0, SD:4, Max:79, Min:0
FCollision End Avg:0, SD:3, Max:48, Min:0
FTask1 Avg:0, SD:3, Max:53, Min:0
FTask2 Avg:1, SD:5, Max:87, Min:0
FTask3 Avg:1, SD:1, Max:8, Min:0
FCore Active Avg:2, SD:7, Max:95, Min:0
FRouter Active Avg:4, SD:4, Max:40, Min:0
T1 invocations: 9,778
T2 invocations: 12,565
T3 invocations: 235,843
T3b invocations: 0
Total3 invocations: 235,843
Total4 invocations: 991

T3/T2 ratio: 19
T3b/T3 ratio: 0

T1 avg ex cycles: 33
T2 avg ex cycles: 51
T3&b avg ex cycles: 5
T4 avg ex cycles: 93
Avg. hops NOC1: 3
Avg. latency NOC1 (T2): 3,394
Avg. hops NOC2: 17
Avg. latency NOC2 (T3): 3,284

===PRINTING ACUM STATS at pu_cycles: 2,300,119

ACollision In Avg:56, SD:14, Max:141, Min:17
ACollision Out Avg:55, SD:21, Max:121, Min:12
ACollision End Avg:16, SD:9, Max:95, Min:1
ATask1 Avg:11, SD:0, Max:11, Min:5
ATask2 Avg:17, SD:1, Max:22, Min:1
ATask3 Avg:37, SD:6, Max:77, Min:25
ACore Active Avg:66, SD:6, Max:98, Min:44
ARouter Active Avg:67, SD:2, Max:74, Min:61
T1 invocations: 6,062,173
T2 invocations: 5,803,844
T3 invocations: 149,288,358
T3b invocations: 0
Total3 invocations: 149,288,358
Total4 invocations: 121,199

T3/T2 ratio: 26
T3b/T3 ratio: 0

T1 avg ex cycles: 39
T2 avg ex cycles: 67
T3&b avg ex cycles: 6
T4 avg ex cycles: 192
Avg. hops NOC1: 3
Avg. latency NOC1 (T2): 11,031
Avg. hops NOC2: 17
Avg. latency NOC2 (T3): 5,145
Number of K Nodes Processed: 5,366
Number of K Edges Processed: 149,321
Node Re-explore factor: 1.28
Edge Re-explore factor: 1.16
Nodes/cy: 2
Edges/cy: 65
TEPS: 56

---DCache---
DCache Size: 60,880
DRAM words: 133,760
  DHits: 239,419,494
  DMisses: 11,119,792
  DHit Rate (hit/miss): 96%
  DEvictions: 7,280,457
  DEviction Rate (evict/misses): 65%
  MC Transactions: 12,153,734
  MC Writes: 882,568
Avg. Transactions: 66% , Writes: 5%, Avg. Latency: 19
Max MC id: 4 of 8. Transactions: 67% , Writes: 5%, MC mean Latency: 19
HBM refresh energy (nJ): 6
HBM access energy (nJ): 23,024,033
MemC wire energy 2.5d (nJ): 8,717,319
MemC wire energy 3d (nJ): 2,179,330

---Energy---
Leakage Energy (nJ): 402,855
PU Dyn E (nJ): 8,388,471
Mem Dyn E (nJ): 56,441,115
Route Dyn E (nJ): 12,285,818
Dynamic Energy (nJ): 77,115,404
Ratio of Dyn/Leak: 191
Total Energy (nJ): 77,518,259
Total Energy (nJ) 3D: 76,453,184
Cores Energy (nJ): 8,394,873
Route Energy (nJ): 12,306,893
Route Energy (nJ) 3D: 17,779,807
Mem Energy   (nJ): 56,816,494
Mem Energy   (nJ) 3D: 50,278,505
Avg. Power (mW): 33,701.85
Power Density (mW/mm2): 90.48

---Runtime---
Runtime in K cycles: 2,300.12
Microseconds: 2,300.12
Time per iteration (ms): 2.30

---Throughput---
GOP/s (aka OPS/ns): 540.80
GOP/s per core: 0.53
GFLOP/s: 64.90
GFLOP/s per core: 0.06
Max Peak GFLOP/s: 1,024.00
Avg. BW GB/s: 2,323.01
Max BW GB/s: 4,096.00

---Traffic---
In-Die bisection_bytes BW (GB/s): 512.00
Inter-board traffic (msg/ns): 0.00, per-link: 0.00
Inter-pack traffic (msg/ns): 0.00, per-link: 0.00
Inter-die traffic (msg/ns): 0.00, per-link: 0.00
Ruche traffic (msg/ns): 0.00, per-link: 0.00
All traffic (msg/ns): 2,400.63, per-link: 2.34
Inter-die reduction wrt all: inf
Inter-board reduction wrt inter-die: -nan

---Data Movement---
All traffic (msg): 5,521,733,658
Arith. Intensity FLOP/Loads: 0.22
Arith. Intensity FLOP/Msgs: 0.03
Arith. Intensity OPS/Loads: 1.84
Arith. Intensity OPS/Msgs: 0.23



===Core Utilization Total=== CORE-S:23;; TIME K cy:2,300 ;; Nodes Proc: 666,772 -- Edges Proc: 19,193,269
======== IT IS COLD ======= Only 0 Tiles active

===PRINTING FRAME STATS

FCollision In Avg:0, SD:4, Max:98, Min:0
FCollision Out Avg:1, SD:6, Max:97, Min:0
FCollision End Avg:0, SD:3, Max:93, Min:0
FTask1 Avg:0, SD:0, Max:6, Min:0
FTask2 Avg:0, SD:2, Max:53, Min:0
FTask3 Avg:0, SD:0, Max:2, Min:0
FCore Active Avg:0, SD:2, Max:53, Min:0
FRouter Active Avg:0, SD:1, Max:21, Min:0
T1 invocations: 423
T2 invocations: 1,534
T3 invocations: 34,972
T3b invocations: 0
Total3 invocations: 34,972
Total4 invocations: 157

T3/T2 ratio: 23
T3b/T3 ratio: 0

T1 avg ex cycles: 39
T2 avg ex cycles: 62
T3&b avg ex cycles: 5
T4 avg ex cycles: 33
Avg. hops NOC1: 2
Avg. latency NOC1 (T2): 5,905
Avg. hops NOC2: 14
Avg. latency NOC2 (T3): 660

===PRINTING ACUM STATS at pu_cycles: 2,400,095

ACollision In Avg:52, SD:13, Max:129, Min:16
ACollision Out Avg:52, SD:19, Max:111, Min:11
ACollision End Avg:15, SD:9, Max:87, Min:1
ATask1 Avg:10, SD:0, Max:11, Min:5
ATask2 Avg:16, SD:1, Max:21, Min:1
ATask3 Avg:34, SD:6, Max:71, Min:23
ACore Active Avg:61, SD:6, Max:93, Min:42
ARouter Active Avg:62, SD:2, Max:68, Min:58
T1 invocations: 6,063,608
T2 invocations: 5,805,755
T3 invocations: 149,344,802
T3b invocations: 0
Total3 invocations: 149,344,802
Total4 invocations: 121,479

T3/T2 ratio: 26
T3b/T3 ratio: 0

T1 avg ex cycles: 39
T2 avg ex cycles: 67
T3&b avg ex cycles: 6
T4 avg ex cycles: 192
Avg. hops NOC1: 3
Avg. latency NOC1 (T2): 11,030
Avg. hops NOC2: 17
Avg. latency NOC2 (T3): 5,143
Number of K Nodes Processed: 5,366
Number of K Edges Processed: 149,353
Node Re-explore factor: 1.28
Edge Re-explore factor: 1.16
Nodes/cy: 2
Edges/cy: 62
TEPS: 53

---DCache---
DCache Size: 60,880
DRAM words: 133,760
  DHits: 239,484,833
  DMisses: 11,122,101
  DHit Rate (hit/miss): 96%
  DEvictions: 7,281,892
  DEviction Rate (evict/misses): 65%
  MC Transactions: 12,156,400
  MC Writes: 882,925
Avg. Transactions: 63% , Writes: 5%, Avg. Latency: 19
Max MC id: 4 of 8. Transactions: 64% , Writes: 5%, MC mean Latency: 19
HBM refresh energy (nJ): 7
HBM access energy (nJ): 23,029,084
MemC wire energy 2.5d (nJ): 8,719,231
MemC wire energy 3d (nJ): 2,179,808

---Energy---
Leakage Energy (nJ): 420,365
PU Dyn E (nJ): 8,391,388
Mem Dyn E (nJ): 56,456,315
Route Dyn E (nJ): 12,290,315
Dynamic Energy (nJ): 77,138,018
Ratio of Dyn/Leak: 184
Total Energy (nJ): 77,558,383
Total Energy (nJ) 3D: 76,493,877
Cores Energy (nJ): 8,398,067
Route Energy (nJ): 12,312,306
Route Energy (nJ) 3D: 17,787,223
Mem Energy   (nJ): 56,848,011
Mem Energy   (nJ) 3D: 50,308,587
Avg. Power (mW): 32,314.71
Power Density (mW/mm2): 86.76

---Runtime---
Runtime in K cycles: 2,400.09
Microseconds: 2,400.09
Time per iteration (ms): 2.40

---Throughput---
GOP/s (aka OPS/ns): 518.45
GOP/s per core: 0.51
GFLOP/s: 62.22
GFLOP/s per core: 0.06
Max Peak GFLOP/s: 1,024.00
Avg. BW GB/s: 2,227.01
Max BW GB/s: 4,096.00

---Traffic---
In-Die bisection_bytes BW (GB/s): 512.00
Inter-board traffic (msg/ns): 0.00, per-link: 0.00
Inter-pack traffic (msg/ns): 0.00, per-link: 0.00
Inter-die traffic (msg/ns): 0.00, per-link: 0.00
Ruche traffic (msg/ns): 0.00, per-link: 0.00
All traffic (msg/ns): 2,301.45, per-link: 2.25
Inter-die reduction wrt all: inf
Inter-board reduction wrt inter-die: -nan

---Data Movement---
All traffic (msg): 5,523,698,943
Arith. Intensity FLOP/Loads: 0.22
Arith. Intensity FLOP/Msgs: 0.03
Arith. Intensity OPS/Loads: 1.84
Arith. Intensity OPS/Msgs: 0.23



===Core Utilization Total=== CORE-S:24;; TIME K cy:2,400 ;; Nodes Proc: 666,811 -- Edges Proc: 19,193,311
======== IT IS COLD ======= Only 0 Tiles active

===PRINTING FRAME STATS

FCollision In Avg:0, SD:3, Max:99, Min:0
FCollision Out Avg:0, SD:4, Max:99, Min:0
FCollision End Avg:0, SD:3, Max:99, Min:0
FTask1 Avg:0, SD:0, Max:8, Min:0
FTask2 Avg:0, SD:3, Max:94, Min:0
FTask3 Avg:0, SD:0, Max:2, Min:0
FCore Active Avg:0, SD:3, Max:94, Min:0
FRouter Active Avg:1, SD:4, Max:37, Min:0
T1 invocations: 617
T2 invocations: 1,009
T3 invocations: 34,971
T3b invocations: 0
Total3 invocations: 34,971
Total4 invocations: 203

T3/T2 ratio: 35
T3b/T3 ratio: 0

T1 avg ex cycles: 37
T2 avg ex cycles: 103
T3&b avg ex cycles: 5
T4 avg ex cycles: 37
Avg. hops NOC1: 2
Avg. latency NOC1 (T2): 13,502
Avg. hops NOC2: 24
Avg. latency NOC2 (T3): 842

===PRINTING ACUM STATS at pu_cycles: 2,500,169

ACollision In Avg:51, SD:13, Max:124, Min:15
ACollision Out Avg:50, SD:19, Max:111, Min:11
ACollision End Avg:15, SD:9, Max:84, Min:1
ATask1 Avg:10, SD:0, Max:11, Min:5
ATask2 Avg:16, SD:1, Max:21, Min:7
ATask3 Avg:34, SD:5, Max:68, Min:23
ACore Active Avg:60, SD:5, Max:89, Min:45
ARouter Active Avg:61, SD:2, Max:65, Min:56
T1 invocations: 6,064,085
T2 invocations: 5,806,952
T3 invocations: 149,367,685
T3b invocations: 0
Total3 invocations: 149,367,685
Total4 invocations: 121,613

T3/T2 ratio: 26
T3b/T3 ratio: 0

T1 avg ex cycles: 39
T2 avg ex cycles: 67
T3&b avg ex cycles: 6
T4 avg ex cycles: 191
Avg. hops NOC1: 3
Avg. latency NOC1 (T2): 11,032
Avg. hops NOC2: 17
Avg. latency NOC2 (T3): 5,143
Number of K Nodes Processed: 5,367
Number of K Edges Processed: 149,390
Node Re-explore factor: 1.28
Edge Re-explore factor: 1.16
Nodes/cy: 2
Edges/cy: 60
TEPS: 51

---DCache---
DCache Size: 60,880
DRAM words: 133,760
  DHits: 239,558,920
  DMisses: 11,124,748
  DHit Rate (hit/miss): 96%
  DEvictions: 7,282,529
  DEviction Rate (evict/misses): 65%
  MC Transactions: 12,159,141
  MC Writes: 883,019
Avg. Transactions: 61% , Writes: 4%, Avg. Latency: 19
Max MC id: 4 of 8. Transactions: 61% , Writes: 5%, MC mean Latency: 19
HBM refresh energy (nJ): 7
HBM access energy (nJ): 23,034,276
MemC wire energy 2.5d (nJ): 8,721,197
MemC wire energy 3d (nJ): 2,180,299

---Energy---
Leakage Energy (nJ): 437,893
PU Dyn E (nJ): 8,392,748
Mem Dyn E (nJ): 56,469,476
Route Dyn E (nJ): 12,294,147
Dynamic Energy (nJ): 77,156,371
Ratio of Dyn/Leak: 176
Total Energy (nJ): 77,594,264
Total Energy (nJ) 3D: 76,529,991
Cores Energy (nJ): 8,399,706
Route Energy (nJ): 12,317,055
Route Energy (nJ) 3D: 17,793,679
Mem Energy   (nJ): 56,877,504
Mem Energy   (nJ) 3D: 50,336,606
Avg. Power (mW): 31,035.61
Power Density (mW/mm2): 83.32

---Runtime---
Runtime in K cycles: 2,500.17
Microseconds: 2,500.17
Time per iteration (ms): 2.50

---Throughput---
GOP/s (aka OPS/ns): 497.78
GOP/s per core: 0.49
GFLOP/s: 59.74
GFLOP/s per core: 0.06
Max Peak GFLOP/s: 1,024.00
Avg. BW GB/s: 2,138.36
Max BW GB/s: 4,096.00

---Traffic---
In-Die bisection_bytes BW (GB/s): 512.00
Inter-board traffic (msg/ns): 0.00, per-link: 0.00
Inter-pack traffic (msg/ns): 0.00, per-link: 0.00
Inter-die traffic (msg/ns): 0.00, per-link: 0.00
Ruche traffic (msg/ns): 0.00, per-link: 0.00
All traffic (msg/ns): 2,209.99, per-link: 2.16
Inter-die reduction wrt all: inf
Inter-board reduction wrt inter-die: -nan

---Data Movement---
All traffic (msg): 5,525,337,218
Arith. Intensity FLOP/Loads: 0.22
Arith. Intensity FLOP/Msgs: 0.03
Arith. Intensity OPS/Loads: 1.84
Arith. Intensity OPS/Msgs: 0.23



===Core Utilization Total=== CORE-S:25;; TIME K cy:2,500 ;; Nodes Proc: 666,881 -- Edges Proc: 19,193,380
======== IT IS COLD ======= Only 2 Tiles active

===PRINTING FRAME STATS

FCollision In Avg:0, SD:3, Max:99, Min:0
FCollision Out Avg:0, SD:4, Max:99, Min:0
FCollision End Avg:0, SD:3, Max:99, Min:0
FTask1 Avg:0, SD:0, Max:8, Min:0
FTask2 Avg:0, SD:3, Max:94, Min:0
FTask3 Avg:0, SD:0, Max:2, Min:0
FCore Active Avg:0, SD:3, Max:94, Min:0
FRouter Active Avg:1, SD:3, Max:37, Min:0
T1 invocations: 600
T2 invocations: 1,160
T3 invocations: 61,565
T3b invocations: 0
Total3 invocations: 61,565
Total4 invocations: 295

T3/T2 ratio: 53
T3b/T3 ratio: 0

T1 avg ex cycles: 39
T2 avg ex cycles: 106
T3&b avg ex cycles: 5
T4 avg ex cycles: 26
Avg. hops NOC1: 3
Avg. latency NOC1 (T2): 12,346
Avg. hops NOC2: 18
Avg. latency NOC2 (T3): 160

===PRINTING ACUM STATS at pu_cycles: 2,600,106

ACollision In Avg:47, SD:12, Max:119, Min:15
ACollision Out Avg:47, SD:18, Max:103, Min:10
ACollision End Avg:14, SD:8, Max:84, Min:1
ATask1 Avg:9, SD:0, Max:10, Min:5
ATask2 Avg:15, SD:1, Max:19, Min:7
ATask3 Avg:31, SD:5, Max:68, Min:21
ACore Active Avg:56, SD:5, Max:86, Min:45
ARouter Active Avg:57, SD:1, Max:65, Min:54
T1 invocations: 6,064,736
T2 invocations: 5,807,781
T3 invocations: 149,451,453
T3b invocations: 0
Total3 invocations: 149,451,453
Total4 invocations: 122,032

T3/T2 ratio: 26
T3b/T3 ratio: 0

T1 avg ex cycles: 39
T2 avg ex cycles: 67
T3&b avg ex cycles: 6
T4 avg ex cycles: 191
Avg. hops NOC1: 3
Avg. latency NOC1 (T2): 11,030
Avg. hops NOC2: 17
Avg. latency NOC2 (T3): 5,140
Number of K Nodes Processed: 5,367
Number of K Edges Processed: 149,452
Node Re-explore factor: 1.28
Edge Re-explore factor: 1.16
Nodes/cy: 2
Edges/cy: 57
TEPS: 49

---DCache---
DCache Size: 60,880
DRAM words: 133,760
  DHits: 239,682,600
  DMisses: 11,129,242
  DHit Rate (hit/miss): 96%
  DEvictions: 7,286,946
  DEviction Rate (evict/misses): 65%
  MC Transactions: 12,163,726
  MC Writes: 883,110
Avg. Transactions: 58% , Writes: 4%, Avg. Latency: 19
Max MC id: 4 of 8. Transactions: 59% , Writes: 4%, MC mean Latency: 19
HBM refresh energy (nJ): 7
HBM access energy (nJ): 23,042,962
MemC wire energy 2.5d (nJ): 8,724,486
MemC wire energy 3d (nJ): 2,181,121

---Energy---
Leakage Energy (nJ): 455,396
PU Dyn E (nJ): 8,396,437
Mem Dyn E (nJ): 56,490,538
Route Dyn E (nJ): 12,299,814
Dynamic Energy (nJ): 77,186,789
Ratio of Dyn/Leak: 169
Total Energy (nJ): 77,642,185
Total Energy (nJ) 3D: 76,577,969
Cores Energy (nJ): 8,403,673
Route Energy (nJ): 12,323,638
Route Energy (nJ) 3D: 17,802,786
Mem Energy   (nJ): 56,914,875
Mem Energy   (nJ) 3D: 50,371,511
Avg. Power (mW): 29,861.16
Power Density (mW/mm2): 80.17

---Runtime---
Runtime in K cycles: 2,600.11
Microseconds: 2,600.11
Time per iteration (ms): 2.60

---Throughput---
GOP/s (aka OPS/ns): 478.83
GOP/s per core: 0.47
GFLOP/s: 57.48
GFLOP/s per core: 0.06
Max Peak GFLOP/s: 1,024.00
Avg. BW GB/s: 2,056.88
Max BW GB/s: 4,096.00

---Traffic---
In-Die bisection_bytes BW (GB/s): 512.00
Inter-board traffic (msg/ns): 0.00, per-link: 0.00
Inter-pack traffic (msg/ns): 0.00, per-link: 0.00
Inter-die traffic (msg/ns): 0.00, per-link: 0.00
Ruche traffic (msg/ns): 0.00, per-link: 0.00
All traffic (msg/ns): 2,126.02, per-link: 2.08
Inter-die reduction wrt all: inf
Inter-board reduction wrt inter-die: -nan

---Data Movement---
All traffic (msg): 5,527,874,847
Arith. Intensity FLOP/Loads: 0.22
Arith. Intensity FLOP/Msgs: 0.03
Arith. Intensity OPS/Loads: 1.84
Arith. Intensity OPS/Msgs: 0.23



===Core Utilization Total=== CORE-S:26;; TIME K cy:2,600 ;; Nodes Proc: 666,936 -- Edges Proc: 19,193,434
======== IT IS COLD ======= Only 0 Tiles active
Epoch Done Router: 7
Epoch Done Router: 2
Epoch Done Router: 3
Epoch Done Router: 6
Epoch Done Router: 4
Epoch Done Router: 5
Epoch Done Router: 0
Epoch Done Router: 1
##EPOCH## 1 COMPLETED at Time (K cy): 2,678
Nodes processed until now: 5,367,736
Edges processed until now: 149,508,556
Program Done Worker Thread: 1
Program Done Router Thread: 7
Program Done Worker Thread: 4
Program Done Router Thread: 4
Program Done Router Thread: 6
Program Done Router Thread: 3
Program Done Router Thread: 2
Program Done Worker Thread: 0
Program Done Router Thread: 5
Program Done Router Thread: 1
Program Done Worker Thread: 6
Program Done Router Thread: 0
Program Done Worker Thread: 5
Program Done Worker Thread: 2
Program Done Worker Thread: 7
Program Done Worker Thread: 3

===PRINTING ACUM STATS at pu_cycles: 2,678,841

ACollision In Avg:46, SD:12, Max:116, Min:14
ACollision Out Avg:46, SD:17, Max:100, Min:10
ACollision End Avg:14, SD:8, Max:79, Min:1
ATask1 Avg:9, SD:0, Max:9, Min:8
ATask2 Avg:14, SD:1, Max:18, Min:12
ATask3 Avg:31, SD:5, Max:64, Min:21
ACore Active Avg:54, SD:5, Max:85, Min:44
ARouter Active Avg:55, SD:1, Max:61, Min:52
T1 invocations: 6,067,407
T2 invocations: 5,811,543
T3 invocations: 149,508,556
T3b invocations: 0
Total3 invocations: 149,508,556
Total4 invocations: 122,292

T3/T2 ratio: 26
T3b/T3 ratio: 0

T1 avg ex cycles: 39
T2 avg ex cycles: 67
T3&b avg ex cycles: 6
T4 avg ex cycles: 191
Avg. hops NOC1: 3
Avg. latency NOC1 (T2): 11,027
Avg. hops NOC2: 17
Avg. latency NOC2 (T3): 5,138

Runtime at program end in K cycles: 2,678
Runtime before cooldown in K cycles: 1,701


Number of K Nodes Processed: 5,367
Number of K Edges Processed: 149,508
Node Re-explore factor: 1.28
Edge Re-explore factor: 1.17
Nodes/cy: 2
Edges/cy: 56
TEPS: 48

---DCache---
DCache Size: 60,880
DRAM words: 133,760
  DHits: 239,798,109
  DMisses: 11,133,303
  DHit Rate (hit/miss): 96%
  DEvictions: 7,291,007
  DEviction Rate (evict/misses): 65%
  MC Transactions: 12,168,078
  MC Writes: 883,401
Avg. Transactions: 57% , Writes: 4%, Avg. Latency: 19
Max MC id: 4 of 8. Transactions: 57% , Writes: 4%, MC mean Latency: 19
HBM refresh energy (nJ): 7
HBM access energy (nJ): 23,051,206
MemC wire energy 2.5d (nJ): 8,727,607
MemC wire energy 3d (nJ): 2,181,902

---Energy---
Leakage Energy (nJ): 469,187
PU Dyn E (nJ): 8,399,930
Mem Dyn E (nJ): 56,514,285
Route Dyn E (nJ): 12,304,902
Dynamic Energy (nJ): 77,219,117
Ratio of Dyn/Leak: 165
Total Energy (nJ): 77,688,304
Total Energy (nJ) 3D: 76,624,014
Cores Energy (nJ): 8,407,386
Route Energy (nJ): 12,329,447
Route Energy (nJ) 3D: 17,810,862
Mem Energy   (nJ): 56,951,472
Mem Energy   (nJ) 3D: 50,405,767
Avg. Power (mW): 29,000.71
Power Density (mW/mm2): 77.86

---Runtime---
Runtime in K cycles: 2,678.84
Microseconds: 2,678.84
Time per iteration (ms): 2.68

---Inst---
K Loads: 678,486
K Stores: 659,212
K Instructions: 1,245,540

---Throughput---
GOP/s (aka OPS/ns): 464.96
GOP/s per core: 0.45
GFLOP/s: 55.81
GFLOP/s per core: 0.05
Max Peak GFLOP/s: 1,024.00
Avg. BW GB/s: 1,997.43
Max BW GB/s: 4,096.00

---Traffic---
In-Die bisection_bytes BW (GB/s): 512.00
Inter-board traffic (msg/ns): 0.00, per-link: 0.00
Inter-pack traffic (msg/ns): 0.00, per-link: 0.00
Inter-die traffic (msg/ns): 0.00, per-link: 0.00
Ruche traffic (msg/ns): 0.00, per-link: 0.00
All traffic (msg/ns): 2,064.38, per-link: 2.02
Inter-die reduction wrt all: inf
Inter-board reduction wrt inter-die: -nan

---Data Movement---
All traffic (msg): 5,530,133,583
Arith. Intensity FLOP/Loads: 0.22
Arith. Intensity FLOP/Msgs: 0.03
Arith. Intensity OPS/Loads: 1.84
Arith. Intensity OPS/Msgs: 0.23

Simulation time: 200.84
Sim time / DUT time: 73.22
Sim noc_cy/s: 13,338.11
Sim Msg/s: 27,534,869.30

Version 32

