Dataset:  Kron22/
Dry run: 0
Open Edge Count File succesfully
Edges Traversed BFS: 128309848
Found Vertices: 4194304, Edges: 128311436
avg degree 31
Array  Kron22/node_array.bin found
Malloc array of size 16777220 bytes
Readin array of size 16777216 bytes
Finished Reading Array Bytes
No reordering Array 32bit
Array  Kron22/edge_array.bin found
Malloc array of size 513245744 bytes
Readin array of size 513245744 bytes
Finished Reading Array Bytes
No reordering Array 32bit
Array  Kron22/edge_values.bin found
Malloc array of size 513245744 bytes
Readin array of size 513245744 bytes
Finished Reading Array Bytes
No reordering Array 32bit
Reading graph elapsed time: 0.257236s

Dataset Footprint: 522 MiB
Dataset Footprint per Board: 4383.05 Mb
Dataset injection time (ms): 0.26752
Max Dataset Footprint: 1026 MiB

Dataset footprint per tile: 522 KiB
Proxys footprint per tile: 0 KiB
Reserved SRAM per tile: 15 KiB

Ideal SRAM per tile: 537 KiB
reserved_words_for_dataset:25428
dataset_words_per_tile:133760
remaining_sram_words:127142
min_dcache_sram_words_required:25771
dataset_words_per_tile:133760
min_pcache_sram_words_required:0
proxys_words_per_tile:0
Dcache footprint ratio: 2
Dataset Cached: 1
DCache: 125904 words, lines: 7869, sets: 7869
Proxys Cached: 0
Pcache: 0 words, sets: 0
Node per tile: 4,096
Edge per tile: 125,305
GRID_X: 32
GRID_SIZE: 1,024
smt_per_tile: 1
noc_freq: 1
pu_freq: 1
RUCHE_X: 8
PROXY_W: 32
DIE_W: 16
DIE_H: 16
DIES: 4
BORDER_TILES_PER_DIE: 64
PACK_W: 32
PACK_H: 32
DIES_PACK_FACTOR: 2
DIES_PER_PACK: 4
PACKAGES: 1
BOARD_W: 32
BOARD_H: 32
BOARDS: 1
MUX_BUS: 1
DCACHE: 1
PCACHE: 0
PROXY_FACTOR: 1
CACHE_WAYS: 1
TORUS: 1
PHY_NOCS: 1
WIDE_NOC_ID: 0
NOC_CONF: 1
noc_width: 32
hbm_channel_bit_width: 512
ld_st_op_byte_width: 4
PROXY_ROUTING: 0
WITHIN_REGION: 0
WRITE_THROUGH: 1
ASSERT_MODE: 0
GLOBAL_BARRIER: 0
OQ flits: 36 ; 384 ; 2
IQ flits: 288 ; 3,072 ; 2
OQ messages: 12 ; 192 ; 1
IQ messages: 96 ; 1,536 ; 1
max_task2 size: 64
io_factor_t2: 8
io_factor_t3: 8
io_factor_t3b: 8

Active SRAM Storage per tile: 511 KiB
Total SRAM Storage per tile: 512 KiB
Agreggated SRAM Storage: 512 MiB

Active DRAM Storage per tile: 0.509766 MiB
Total DRAM Storage per tile: 32 MiB
Agreggated DRAM Storage: 32 GiB

Inter-Die #links: 512
Inter-Die (Gbits): 16,384
Inter-Die (Gbits/mm): 448.481
Bisection BW of Board (Gbits): 8,192
Border IO #Dies: 8
Border IO Die BW (Gbits): 2,048
Off-Board BW Total (Gbits): 16,384
Off-Board BW Density (Gbits/mm): 134
Die side: 9.13 mm
Die border wire density: 448.48 Gbits/mm
HBM wire density: 448.48 Gbits/mm

Tiles per Die: 256 (16x16)
Tile Area: 0.20 mm2, side: 0.44 mm
- Core/Rout Area: 0.05 mm2
- SRAM Area: 0.14 mm2
- SRAM/Logic Ratio: 2.64x

Dies per Package: 4 (2x2)
Die Area: 83.41 mm2, side: 9.13 mm
- Tiles Area: 50.67 mm2
- PHY Area: 23.74 mm2
- MC Area: 9.00 mm2

Packages per Board: 1 (1x1)
Package Area: 933.65 mm2, side: 30.56 mm
- IOdie Area: 160.00 mm2
- Dies Area: 333.65 mm2
- HBM Area: 440.00 mm2

Boards: 1 (1x1)
Board Area: 933.65 mm2
Total Area: 933.65 mm2



ESTIMATED COST OF SILICON AND PACKAGING. ONLY VARIABLE, NO FIXED COSTS
Good dies per wafer 3d: 407
Good dies per wafer 2d: 660
--Dies 3D Cost: 59.43 $
--Dies 2.5D Cost: 36.65 $
--Dies 2D Cost: 36.65 $
--HBM Cost: 240.00 $
--IOdie Cost: 16.88 $
--Packaging Cost 3d: 13.28 $
--Packaging Cost 2.5d: 20.86 $
--Packaging Cost 2d: 8.03 $
SiP Cost 3d: 329.59 $
SiP Cost 2.5d: 314.38 $
SiP Cost 2d: 61.56 $
--Board Cost: 0.93 $
Total SiPs Cost 3d: 330.52 $
Total SiPs Cost 2.5d: 315.32 $
Total SiPs Cost 2d: 62.49 $

Perf counters initialized
Mesh connected
Cache structures initialized
Replicas initialized
Allocated Frontier List
Dataset structures initialized


Starting Simulation
INIT epoch: 1
INIT epoch: 1
INIT epoch: 1
INIT epoch: 1
INIT epoch: 1
INIT epoch: 1
INIT epoch: 1
INIT epoch: 1

===PRINTING FRAME STATS

FCollision In Avg:-nan, SD:-nan, Max:293, Min:3
FCollision Out Avg:-nan, SD:-nan, Max:300, Min:5
FCollision End Avg:-nan, SD:-nan, Max:162, Min:0
FTask1 Avg:-nan, SD:-nan, Max:10, Min:0
FTask2 Avg:-nan, SD:-nan, Max:61, Min:0
FTask3 Avg:-nan, SD:-nan, Max:83, Min:29
FCore Active Avg:-nan, SD:-nan, Max:100, Min:36
FRouter Active Avg:-nan, SD:-nan, Max:89, Min:25
T1 invocations: 39,850
T2 invocations: 135,868
T3 invocations: 8,117,767
T3b invocations: 0
Total3 invocations: 8,117,767
Total4 invocations: 1,234

T3/T2 ratio: 60
T3b/T3 ratio: 0

T1 avg ex cycles: 54
T2 avg ex cycles: 126
T3&b avg ex cycles: 6
T4 avg ex cycles: 287
Avg. hops NOC1: 3
Avg. latency NOC1 (T2): 29,851
Avg. hops NOC2: 14
Avg. latency NOC2 (T3): 2,541

===PRINTING ACUM STATS at pu_cycles: 100,276

ACollision In Avg:-nan, SD:-nan, Max:293, Min:3
ACollision Out Avg:-nan, SD:-nan, Max:300, Min:5
ACollision End Avg:-nan, SD:-nan, Max:162, Min:0
ATask1 Avg:-nan, SD:-nan, Max:10, Min:0
ATask2 Avg:-nan, SD:-nan, Max:61, Min:0
ATask3 Avg:-nan, SD:-nan, Max:83, Min:29
ACore Active Avg:-nan, SD:-nan, Max:100, Min:36
ARouter Active Avg:-nan, SD:-nan, Max:89, Min:25
T1 invocations: 39,850
T2 invocations: 135,998
T3 invocations: 8,126,705
T3b invocations: 0
Total3 invocations: 8,126,705
Total4 invocations: 1,234

T3/T2 ratio: 60
T3b/T3 ratio: 0

T1 avg ex cycles: 54
T2 avg ex cycles: 126
T3&b avg ex cycles: 6
T4 avg ex cycles: 287
Avg. hops NOC1: 3
Avg. latency NOC1 (T2): 29,847
Avg. hops NOC2: 14
Avg. latency NOC2 (T3): 2,540
Number of K Nodes Processed: 1,431
Number of K Edges Processed: 8,512
Node Re-explore factor: 0.34
Edge Re-explore factor: 0.07
Nodes/cy: 14
Edges/cy: 85
TEPS: 1,280

---DCache---
DCache Size: 125,904
DRAM words: 133,760
  DHits: 13,500,953
  DMisses: 822,554
  DHit Rate (hit/miss): 94%
  DEvictions: 39,696
  DEviction Rate (evict/misses): 5%
  MC Transactions: 865,490
  MC Writes: 24,915
Avg. Transactions: 27% , Writes: 1%, Avg. Latency: 15
Max MC id: 31 of 32. Transactions: 40% , Writes: 1%, MC mean Latency: 15
HBM refresh energy (nJ): 0
HBM access energy (nJ): 1,639,584
MemC wire energy 2.5d (nJ): 405,611
MemC wire energy 3d (nJ): 101,403

---Energy---
Leakage Energy (nJ): 34,992
PU Dyn E (nJ): 534,180
Mem Dyn E (nJ): 3,973,398
Route Dyn E (nJ): 797,850
Dynamic Energy (nJ): 5,305,428
Ratio of Dyn/Leak: 152
Total Energy (nJ): 5,340,420
Total Energy (nJ) 3D: 5,474,052
Cores Energy (nJ): 534,459
Route Energy (nJ): 799,768
Route Energy (nJ) 3D: 1,237,608
Mem Energy   (nJ): 4,006,192
Mem Energy   (nJ) 3D: 3,701,984
Avg. Power (mW): 53,257.21
Power Density (mW/mm2): 57.04

---Runtime---
Runtime in K cycles: 100.28
Microseconds: 100.28
Time per iteration (ms): 0.10

---Throughput---
GOP/s (aka OPS/ns): 510.39
GOP/s per core: 0.50
GFLOP/s: 164.69
GFLOP/s per core: 0.16
Max Peak GFLOP/s: 1,024.00
Avg. BW GB/s: 3,151.08
Max BW GB/s: 4,096.00

---Traffic---
In-Die bisection_bytes BW (GB/s): 256.00
Inter-board traffic (msg/ns): 0.00, per-link: 0.00
Inter-pack traffic (msg/ns): 0.00, per-link: 0.00
Inter-die traffic (msg/ns): 61.95, per-link: 0.24
Ruche traffic (msg/ns): 53.35, per-link: 0.21
All traffic (msg/ns): 2,406.29, per-link: 2.35
Inter-die reduction wrt all: 38.84
Inter-board reduction wrt inter-die: inf

---Data Movement---
All traffic (msg): 241,293,411
Arith. Intensity FLOP/Loads: 0.42
Arith. Intensity FLOP/Msgs: 0.07
Arith. Intensity OPS/Loads: 1.31
Arith. Intensity OPS/Msgs: 0.21



===Core Utilization Total=== CORE-S:1;; TIME K cy:100 ;; Nodes Proc: 180,346 -- Edges Proc: 1,042,047

===PRINTING FRAME STATS

FCollision In Avg:118, SD:38, Max:311, Min:10
FCollision Out Avg:107, SD:47, Max:259, Min:4
FCollision End Avg:36, SD:38, Max:184, Min:0
FTask1 Avg:3, SD:2, Max:13, Min:0
FTask2 Avg:23, SD:16, Max:64, Min:0
FTask3 Avg:44, SD:6, Max:70, Min:28
FCore Active Avg:70, SD:16, Max:100, Min:33
FRouter Active Avg:86, SD:4, Max:94, Min:43
T1 invocations: 62,112
T2 invocations: 204,942
T3 invocations: 11,932,469
T3b invocations: 0
Total3 invocations: 11,932,469
Total4 invocations: 536

T3/T2 ratio: 58
T3b/T3 ratio: 0

T1 avg ex cycles: 42
T2 avg ex cycles: 117
T3&b avg ex cycles: 4
T4 avg ex cycles: 564
Avg. hops NOC1: 2
Avg. latency NOC1 (T2): 31,513
Avg. hops NOC2: 13
Avg. latency NOC2 (T3): 2,454

===PRINTING ACUM STATS at pu_cycles: 200,920

ACollision In Avg:115, SD:34, Max:262, Min:8
ACollision Out Avg:112, SD:42, Max:259, Min:6
ACollision End Avg:37, SD:31, Max:168, Min:0
ATask1 Avg:2, SD:2, Max:11, Min:0
ATask2 Avg:20, SD:12, Max:57, Min:0
ATask3 Avg:45, SD:5, Max:77, Min:34
ACore Active Avg:68, SD:12, Max:99, Min:38
ARouter Active Avg:78, SD:5, Max:90, Min:34
T1 invocations: 102,265
T2 invocations: 342,693
T3 invocations: 20,136,289
T3b invocations: 0
Total3 invocations: 20,136,289
Total4 invocations: 1,782

T3/T2 ratio: 59
T3b/T3 ratio: 0

T1 avg ex cycles: 47
T2 avg ex cycles: 121
T3&b avg ex cycles: 5
T4 avg ex cycles: 370
Avg. hops NOC1: 3
Avg. latency NOC1 (T2): 30,859
Avg. hops NOC2: 13
Avg. latency NOC2 (T3): 2,491
Number of K Nodes Processed: 2,171
Number of K Edges Processed: 20,486
Node Re-explore factor: 0.52
Edge Re-explore factor: 0.16
Nodes/cy: 11
Edges/cy: 102
TEPS: 639

---DCache---
DCache Size: 125,904
DRAM words: 133,760
  DHits: 31,261,586
  DMisses: 1,601,217
  DHit Rate (hit/miss): 95%
  DEvictions: 103,046
  DEviction Rate (evict/misses): 6%
  MC Transactions: 1,693,991
  MC Writes: 60,778
Avg. Transactions: 26% , Writes: 1%, Avg. Latency: 14
Max MC id: 31 of 32. Transactions: 39% , Writes: 1%, MC mean Latency: 14
HBM refresh energy (nJ): 0
HBM access energy (nJ): 3,209,096
MemC wire energy 2.5d (nJ): 793,887
MemC wire energy 3d (nJ): 198,472

---Energy---
Leakage Energy (nJ): 70,112
PU Dyn E (nJ): 1,245,472
Mem Dyn E (nJ): 8,471,251
Route Dyn E (nJ): 1,921,253
Dynamic Energy (nJ): 11,637,977
Ratio of Dyn/Leak: 166
Total Energy (nJ): 11,708,089
Total Energy (nJ) 3D: 12,164,122
Cores Energy (nJ): 1,246,032
Route Energy (nJ): 1,925,097
Route Energy (nJ) 3D: 2,976,545
Mem Energy   (nJ): 8,536,960
Mem Energy   (nJ) 3D: 7,941,545
Avg. Power (mW): 58,272.39
Power Density (mW/mm2): 62.41

---Runtime---
Runtime in K cycles: 200.92
Microseconds: 200.92
Time per iteration (ms): 0.20

---Throughput---
GOP/s (aka OPS/ns): 553.06
GOP/s per core: 0.54
GFLOP/s: 201.86
GFLOP/s per core: 0.20
Max Peak GFLOP/s: 1,024.00
Avg. BW GB/s: 3,650.94
Max BW GB/s: 4,096.00

---Traffic---
In-Die bisection_bytes BW (GB/s): 256.00
Inter-board traffic (msg/ns): 0.00, per-link: 0.00
Inter-pack traffic (msg/ns): 0.00, per-link: 0.00
Inter-die traffic (msg/ns): 74.37, per-link: 0.29
Ruche traffic (msg/ns): 65.56, per-link: 0.26
All traffic (msg/ns): 2,860.55, per-link: 2.79
Inter-die reduction wrt all: 38.46
Inter-board reduction wrt inter-die: inf

---Data Movement---
All traffic (msg): 574,740,861
Arith. Intensity FLOP/Loads: 0.45
Arith. Intensity FLOP/Msgs: 0.07
Arith. Intensity OPS/Loads: 1.22
Arith. Intensity OPS/Msgs: 0.19



===Core Utilization Total=== CORE-S:2;; TIME K cy:200 ;; Nodes Proc: 272,068 -- Edges Proc: 2,501,962

===PRINTING FRAME STATS

FCollision In Avg:118, SD:38, Max:290, Min:10
FCollision Out Avg:104, SD:47, Max:288, Min:1
FCollision End Avg:33, SD:35, Max:193, Min:0
FTask1 Avg:3, SD:3, Max:18, Min:0
FTask2 Avg:24, SD:15, Max:65, Min:0
FTask3 Avg:41, SD:6, Max:70, Min:27
FCore Active Avg:69, SD:17, Max:100, Min:31
FRouter Active Avg:87, SD:5, Max:182, Min:46
T1 invocations: 88,794
T2 invocations: 233,232
T3 invocations: 12,336,438
T3b invocations: 0
Total3 invocations: 12,336,438
Total4 invocations: 923

T3/T2 ratio: 53
T3b/T3 ratio: 0

T1 avg ex cycles: 38
T2 avg ex cycles: 104
T3&b avg ex cycles: 3
T4 avg ex cycles: 558
Avg. hops NOC1: 2
Avg. latency NOC1 (T2): 25,131
Avg. hops NOC2: 13
Avg. latency NOC2 (T3): 2,148

===PRINTING ACUM STATS at pu_cycles: 300,668

ACollision In Avg:116, SD:32, Max:269, Min:19
ACollision Out Avg:109, SD:40, Max:269, Min:10
ACollision End Avg:35, SD:28, Max:177, Min:0
ATask1 Avg:3, SD:2, Max:12, Min:0
ATask2 Avg:21, SD:11, Max:58, Min:0
ATask3 Avg:44, SD:5, Max:72, Min:33
ACore Active Avg:69, SD:12, Max:99, Min:36
ARouter Active Avg:81, SD:4, Max:114, Min:38
T1 invocations: 190,556
T2 invocations: 574,855
T3 invocations: 32,439,412
T3b invocations: 0
Total3 invocations: 32,439,412
Total4 invocations: 2,699

T3/T2 ratio: 56
T3b/T3 ratio: 0

T1 avg ex cycles: 43
T2 avg ex cycles: 114
T3&b avg ex cycles: 4
T4 avg ex cycles: 434
Avg. hops NOC1: 3
Avg. latency NOC1 (T2): 28,567
Avg. hops NOC2: 13
Avg. latency NOC2 (T3): 2,358
Number of K Nodes Processed: 2,586
Number of K Edges Processed: 32,743
Node Re-explore factor: 0.62
Edge Re-explore factor: 0.26
Nodes/cy: 9
Edges/cy: 109
TEPS: 427

---DCache---
DCache Size: 125,904
DRAM words: 133,760
  DHits: 49,174,775
  DMisses: 2,380,263
  DHit Rate (hit/miss): 95%
  DEvictions: 174,639
  DEviction Rate (evict/misses): 7%
  MC Transactions: 2,524,453
  MC Writes: 98,049
Avg. Transactions: 26% , Writes: 1%, Avg. Latency: 14
Max MC id: 31 of 32. Transactions: 38% , Writes: 1%, MC mean Latency: 13
HBM refresh energy (nJ): 0
HBM access energy (nJ): 4,782,323
MemC wire energy 2.5d (nJ): 1,183,082
MemC wire energy 3d (nJ): 295,770

---Energy---
Leakage Energy (nJ): 104,919
PU Dyn E (nJ): 1,960,461
Mem Dyn E (nJ): 12,971,018
Route Dyn E (nJ): 3,065,951
Dynamic Energy (nJ): 17,997,430
Ratio of Dyn/Leak: 172
Total Energy (nJ): 18,102,349
Total Energy (nJ) 3D: 18,891,864
Cores Energy (nJ): 1,961,298
Route Energy (nJ): 3,071,703
Route Energy (nJ) 3D: 4,748,529
Mem Energy   (nJ): 13,069,348
Mem Energy   (nJ) 3D: 12,182,037
Avg. Power (mW): 60,207.10
Power Density (mW/mm2): 64.49

---Runtime---
Runtime in K cycles: 300.67
Microseconds: 300.67
Time per iteration (ms): 0.30

---Throughput---
GOP/s (aka OPS/ns): 564.95
GOP/s per core: 0.55
GFLOP/s: 216.53
GFLOP/s per core: 0.21
Max Peak GFLOP/s: 1,024.00
Avg. BW GB/s: 3,824.98
Max BW GB/s: 4,096.00

---Traffic---
In-Die bisection_bytes BW (GB/s): 256.00
Inter-board traffic (msg/ns): 0.00, per-link: 0.00
Inter-pack traffic (msg/ns): 0.00, per-link: 0.00
Inter-die traffic (msg/ns): 79.18, per-link: 0.31
Ruche traffic (msg/ns): 70.38, per-link: 0.27
All traffic (msg/ns): 3,041.60, per-link: 2.97
Inter-die reduction wrt all: 38.41
Inter-board reduction wrt inter-die: inf

---Data Movement---
All traffic (msg): 914,512,458
Arith. Intensity FLOP/Loads: 0.46
Arith. Intensity FLOP/Msgs: 0.07
Arith. Intensity OPS/Loads: 1.19
Arith. Intensity OPS/Msgs: 0.19



===Core Utilization Total=== CORE-S:3;; TIME K cy:300 ;; Nodes Proc: 323,887 -- Edges Proc: 4,006,971

===PRINTING FRAME STATS

FCollision In Avg:114, SD:36, Max:297, Min:8
FCollision Out Avg:98, SD:45, Max:241, Min:3
FCollision End Avg:30, SD:32, Max:100, Min:0
FTask1 Avg:4, SD:4, Max:32, Min:0
FTask2 Avg:24, SD:15, Max:68, Min:0
FTask3 Avg:41, SD:7, Max:77, Min:26
FCore Active Avg:70, SD:16, Max:100, Min:31
FRouter Active Avg:88, SD:4, Max:97, Min:49
T1 invocations: 124,138
T2 invocations: 272,094
T3 invocations: 12,745,565
T3b invocations: 0
Total3 invocations: 12,745,565
Total4 invocations: 1,544

T3/T2 ratio: 47
T3b/T3 ratio: 0

T1 avg ex cycles: 35
T2 avg ex cycles: 92
T3&b avg ex cycles: 3
T4 avg ex cycles: 556
Avg. hops NOC1: 2
Avg. latency NOC1 (T2): 20,454
Avg. hops NOC2: 13
Avg. latency NOC2 (T3): 2,094

===PRINTING ACUM STATS at pu_cycles: 400,672

ACollision In Avg:116, SD:30, Max:259, Min:34
ACollision Out Avg:106, SD:37, Max:248, Min:13
ACollision End Avg:34, SD:25, Max:150, Min:0
ATask1 Avg:3, SD:2, Max:15, Min:0
ATask2 Avg:22, SD:10, Max:58, Min:0
ATask3 Avg:43, SD:5, Max:69, Min:32
ACore Active Avg:69, SD:11, Max:98, Min:35
ARouter Active Avg:83, SD:4, Max:108, Min:41
T1 invocations: 313,426
T2 invocations: 846,091
T3 invocations: 45,094,316
T3b invocations: 0
Total3 invocations: 45,094,316
Total4 invocations: 4,234

T3/T2 ratio: 53
T3b/T3 ratio: 0

T1 avg ex cycles: 40
T2 avg ex cycles: 107
T3&b avg ex cycles: 4
T4 avg ex cycles: 478
Avg. hops NOC1: 3
Avg. latency NOC1 (T2): 25,947
Avg. hops NOC2: 13
Avg. latency NOC2 (T3): 2,285
Number of K Nodes Processed: 2,856
Number of K Edges Processed: 45,496
Node Re-explore factor: 0.68
Edge Re-explore factor: 0.35
Nodes/cy: 7
Edges/cy: 114
TEPS: 320

---DCache---
DCache Size: 125,904
DRAM words: 133,760
  DHits: 67,657,131
  DMisses: 3,179,994
  DHit Rate (hit/miss): 96%
  DEvictions: 246,282
  DEviction Rate (evict/misses): 8%
  MC Transactions: 3,373,055
  MC Writes: 131,925
Avg. Transactions: 26% , Writes: 1%, Avg. Latency: 14
Max MC id: 31 of 32. Transactions: 37% , Writes: 1%, MC mean Latency: 13
HBM refresh energy (nJ): 1
HBM access energy (nJ): 6,389,915
MemC wire energy 2.5d (nJ): 1,580,778
MemC wire energy 3d (nJ): 395,195

---Energy---
Leakage Energy (nJ): 139,816
PU Dyn E (nJ): 2,697,580
Mem Dyn E (nJ): 17,576,385
Route Dyn E (nJ): 4,254,819
Dynamic Energy (nJ): 24,528,784
Ratio of Dyn/Leak: 175
Total Energy (nJ): 24,668,600
Total Energy (nJ) 3D: 25,806,042
Cores Energy (nJ): 2,698,696
Route Energy (nJ): 4,262,484
Route Energy (nJ) 3D: 6,585,509
Mem Energy   (nJ): 17,707,421
Mem Energy   (nJ) 3D: 16,521,837
Avg. Power (mW): 61,568.06
Power Density (mW/mm2): 65.94

---Runtime---
Runtime in K cycles: 400.67
Microseconds: 400.67
Time per iteration (ms): 0.40

---Throughput---
GOP/s (aka OPS/ns): 574.56
GOP/s per core: 0.56
GFLOP/s: 225.77
GFLOP/s per core: 0.22
Max Peak GFLOP/s: 1,024.00
Avg. BW GB/s: 3,934.28
Max BW GB/s: 4,096.00

---Traffic---
In-Die bisection_bytes BW (GB/s): 256.00
Inter-board traffic (msg/ns): 0.00, per-link: 0.00
Inter-pack traffic (msg/ns): 0.00, per-link: 0.00
Inter-die traffic (msg/ns): 82.52, per-link: 0.32
Ruche traffic (msg/ns): 74.18, per-link: 0.29
All traffic (msg/ns): 3,159.76, per-link: 3.09
Inter-die reduction wrt all: 38.29
Inter-board reduction wrt inter-die: inf

---Data Movement---
All traffic (msg): 1,266,028,410
Arith. Intensity FLOP/Loads: 0.46
Arith. Intensity FLOP/Msgs: 0.07
Arith. Intensity OPS/Loads: 1.17
Arith. Intensity OPS/Msgs: 0.18



===Core Utilization Total=== CORE-S:4;; TIME K cy:400 ;; Nodes Proc: 357,282 -- Edges Proc: 5,577,032

===PRINTING FRAME STATS

FCollision In Avg:109, SD:38, Max:275, Min:10
FCollision Out Avg:93, SD:44, Max:297, Min:3
FCollision End Avg:28, SD:31, Max:102, Min:0
FTask1 Avg:5, SD:4, Max:28, Min:0
FTask2 Avg:24, SD:15, Max:67, Min:0
FTask3 Avg:40, SD:6, Max:75, Min:26
FCore Active Avg:71, SD:16, Max:100, Min:31
FRouter Active Avg:89, SD:4, Max:96, Min:40
T1 invocations: 152,724
T2 invocations: 301,315
T3 invocations: 12,862,601
T3b invocations: 0
Total3 invocations: 12,862,601
Total4 invocations: 2,127

T3/T2 ratio: 43
T3b/T3 ratio: 0

T1 avg ex cycles: 33
T2 avg ex cycles: 82
T3&b avg ex cycles: 3
T4 avg ex cycles: 531
Avg. hops NOC1: 2
Avg. latency NOC1 (T2): 16,876
Avg. hops NOC2: 13
Avg. latency NOC2 (T3): 1,967

===PRINTING ACUM STATS at pu_cycles: 500,655

ACollision In Avg:114, SD:30, Max:252, Min:30
ACollision Out Avg:104, SD:35, Max:258, Min:12
ACollision End Avg:33, SD:22, Max:121, Min:0
ATask1 Avg:3, SD:2, Max:15, Min:0
ATask2 Avg:23, SD:9, Max:50, Min:0
ATask3 Avg:43, SD:5, Max:69, Min:31
ACore Active Avg:69, SD:11, Max:98, Min:40
ARouter Active Avg:84, SD:4, Max:105, Min:40
T1 invocations: 467,323
T2 invocations: 1,145,503
T3 invocations: 57,927,087
T3b invocations: 0
Total3 invocations: 57,927,087
Total4 invocations: 6,389

T3/T2 ratio: 51
T3b/T3 ratio: 0

T1 avg ex cycles: 37
T2 avg ex cycles: 100
T3&b avg ex cycles: 4
T4 avg ex cycles: 496
Avg. hops NOC1: 2
Avg. latency NOC1 (T2): 23,568
Avg. hops NOC2: 13
Avg. latency NOC2 (T3): 2,212
Number of K Nodes Processed: 3,051
Number of K Edges Processed: 58,350
Node Re-explore factor: 0.73
Edge Re-explore factor: 0.45
Nodes/cy: 6
Edges/cy: 117
TEPS: 256

---DCache---
DCache Size: 125,904
DRAM words: 133,760
  DHits: 86,141,089
  DMisses: 3,967,257
  DHit Rate (hit/miss): 96%
  DEvictions: 322,330
  DEviction Rate (evict/misses): 8%
  MC Transactions: 4,207,649
  MC Writes: 164,319
Avg. Transactions: 26% , Writes: 1%, Avg. Latency: 13
Max MC id: 31 of 32. Transactions: 35% , Writes: 1%, MC mean Latency: 13
HBM refresh energy (nJ): 1
HBM access energy (nJ): 7,970,970
MemC wire energy 2.5d (nJ): 1,971,910
MemC wire energy 3d (nJ): 492,977

---Energy---
Leakage Energy (nJ): 174,705
PU Dyn E (nJ): 3,445,555
Mem Dyn E (nJ): 22,169,523
Route Dyn E (nJ): 5,461,394
Dynamic Energy (nJ): 31,076,472
Ratio of Dyn/Leak: 178
Total Energy (nJ): 31,251,177
Total Energy (nJ) 3D: 32,754,105
Cores Energy (nJ): 3,446,948
Route Energy (nJ): 5,470,972
Route Energy (nJ) 3D: 8,452,831
Mem Energy   (nJ): 22,333,258
Mem Energy   (nJ) 3D: 20,854,325
Avg. Power (mW): 62,420.58
Power Density (mW/mm2): 66.86

---Runtime---
Runtime in K cycles: 500.65
Microseconds: 500.65
Time per iteration (ms): 0.50

---Throughput---
GOP/s (aka OPS/ns): 582.86
GOP/s per core: 0.57
GFLOP/s: 231.90
GFLOP/s per core: 0.23
Max Peak GFLOP/s: 1,024.00
Avg. BW GB/s: 4,008.22
Max BW GB/s: 4,096.00

---Traffic---
In-Die bisection_bytes BW (GB/s): 256.00
Inter-board traffic (msg/ns): 0.00, per-link: 0.00
Inter-pack traffic (msg/ns): 0.00, per-link: 0.00
Inter-die traffic (msg/ns): 84.76, per-link: 0.33
Ruche traffic (msg/ns): 76.19, per-link: 0.30
All traffic (msg/ns): 3,242.28, per-link: 3.17
Inter-die reduction wrt all: 38.25
Inter-board reduction wrt inter-die: inf

---Data Movement---
All traffic (msg): 1,623,264,299
Arith. Intensity FLOP/Loads: 0.46
Arith. Intensity FLOP/Msgs: 0.07
Arith. Intensity OPS/Loads: 1.17
Arith. Intensity OPS/Msgs: 0.18



===Core Utilization Total=== CORE-S:5;; TIME K cy:500 ;; Nodes Proc: 381,469 -- Edges Proc: 7,260,390

===PRINTING FRAME STATS

FCollision In Avg:103, SD:37, Max:281, Min:8
FCollision Out Avg:84, SD:46, Max:243, Min:2
FCollision End Avg:26, SD:31, Max:100, Min:0
FTask1 Avg:6, SD:6, Max:40, Min:0
FTask2 Avg:24, SD:15, Max:67, Min:0
FTask3 Avg:41, SD:7, Max:76, Min:26
FCore Active Avg:73, SD:17, Max:100, Min:26
FRouter Active Avg:89, SD:4, Max:95, Min:47
T1 invocations: 202,315
T2 invocations: 347,052
T3 invocations: 13,074,703
T3b invocations: 0
Total3 invocations: 13,074,703
Total4 invocations: 2,994

T3/T2 ratio: 38
T3b/T3 ratio: 0

T1 avg ex cycles: 32
T2 avg ex cycles: 72
T3&b avg ex cycles: 3
T4 avg ex cycles: 528
Avg. hops NOC1: 2
Avg. latency NOC1 (T2): 13,991
Avg. hops NOC2: 13
Avg. latency NOC2 (T3): 2,016

===PRINTING ACUM STATS at pu_cycles: 600,706

ACollision In Avg:112, SD:29, Max:255, Min:28
ACollision Out Avg:100, SD:34, Max:247, Min:11
ACollision End Avg:32, SD:19, Max:121, Min:0
ATask1 Avg:4, SD:2, Max:13, Min:0
ATask2 Avg:23, SD:9, Max:47, Min:0
ATask3 Avg:42, SD:6, Max:70, Min:30
ACore Active Avg:70, SD:11, Max:98, Min:40
ARouter Active Avg:85, SD:3, Max:103, Min:42
T1 invocations: 671,548
T2 invocations: 1,493,642
T3 invocations: 71,045,467
T3b invocations: 0
Total3 invocations: 71,045,467
Total4 invocations: 9,415

T3/T2 ratio: 48
T3b/T3 ratio: 0

T1 avg ex cycles: 36
T2 avg ex cycles: 94
T3&b avg ex cycles: 4
T4 avg ex cycles: 506
Avg. hops NOC1: 2
Avg. latency NOC1 (T2): 21,328
Avg. hops NOC2: 13
Avg. latency NOC2 (T3): 2,175
Number of K Nodes Processed: 3,203
Number of K Edges Processed: 71,495
Node Re-explore factor: 0.76
Edge Re-explore factor: 0.56
Nodes/cy: 5
Edges/cy: 119
TEPS: 214

---DCache---
DCache Size: 125,904
DRAM words: 133,760
  DHits: 105,064,701
  DMisses: 4,746,797
  DHit Rate (hit/miss): 96%
  DEvictions: 414,663
  DEviction Rate (evict/misses): 9%
  MC Transactions: 5,037,608
  MC Writes: 200,478
Avg. Transactions: 26% , Writes: 1%, Avg. Latency: 13
Max MC id: 31 of 32. Transactions: 34% , Writes: 1%, MC mean Latency: 13
HBM refresh energy (nJ): 1
HBM access energy (nJ): 9,543,244
MemC wire energy 2.5d (nJ): 2,360,869
MemC wire energy 3d (nJ): 590,217

---Energy---
Leakage Energy (nJ): 209,618
PU Dyn E (nJ): 4,218,978
Mem Dyn E (nJ): 26,819,679
Route Dyn E (nJ): 6,690,349
Dynamic Energy (nJ): 37,729,007
Ratio of Dyn/Leak: 180
Total Energy (nJ): 37,938,625
Total Energy (nJ) 3D: 39,818,662
Cores Energy (nJ): 4,220,650
Route Energy (nJ): 6,701,841
Route Energy (nJ) 3D: 10,352,530
Mem Energy   (nJ): 27,016,134
Mem Energy   (nJ) 3D: 25,245,482
Avg. Power (mW): 63,156.73
Power Density (mW/mm2): 67.64

---Runtime---
Runtime in K cycles: 600.71
Microseconds: 600.71
Time per iteration (ms): 0.60

---Throughput---
GOP/s (aka OPS/ns): 593.21
GOP/s per core: 0.58
GFLOP/s: 237.06
GFLOP/s per core: 0.23
Max Peak GFLOP/s: 1,024.00
Avg. BW GB/s: 4,076.09
Max BW GB/s: 4,096.00

---Traffic---
In-Die bisection_bytes BW (GB/s): 256.00
Inter-board traffic (msg/ns): 0.00, per-link: 0.00
Inter-pack traffic (msg/ns): 0.00, per-link: 0.00
Inter-die traffic (msg/ns): 86.39, per-link: 0.34
Ruche traffic (msg/ns): 78.27, per-link: 0.31
All traffic (msg/ns): 3,306.70, per-link: 3.23
Inter-die reduction wrt all: 38.27
Inter-board reduction wrt inter-die: inf

---Data Movement---
All traffic (msg): 1,986,354,161
Arith. Intensity FLOP/Loads: 0.47
Arith. Intensity FLOP/Msgs: 0.07
Arith. Intensity OPS/Loads: 1.17
Arith. Intensity OPS/Msgs: 0.18



===Core Utilization Total=== CORE-S:6;; TIME K cy:600 ;; Nodes Proc: 400,031 -- Edges Proc: 8,898,178

===PRINTING FRAME STATS

FCollision In Avg:96, SD:38, Max:309, Min:7
FCollision Out Avg:74, SD:42, Max:215, Min:4
FCollision End Avg:24, SD:28, Max:100, Min:0
FTask1 Avg:8, SD:7, Max:33, Min:0
FTask2 Avg:25, SD:14, Max:66, Min:0
FTask3 Avg:42, SD:7, Max:88, Min:27
FCore Active Avg:77, SD:15, Max:100, Min:36
FRouter Active Avg:90, SD:4, Max:96, Min:44
T1 invocations: 262,606
T2 invocations: 410,950
T3 invocations: 13,685,039
T3b invocations: 0
Total3 invocations: 13,685,039
Total4 invocations: 5,241

T3/T2 ratio: 33
T3b/T3 ratio: 0

T1 avg ex cycles: 31
T2 avg ex cycles: 63
T3&b avg ex cycles: 3
T4 avg ex cycles: 408
Avg. hops NOC1: 2
Avg. latency NOC1 (T2): 10,471
Avg. hops NOC2: 13
Avg. latency NOC2 (T3): 2,203

===PRINTING ACUM STATS at pu_cycles: 700,922

ACollision In Avg:110, SD:29, Max:250, Min:26
ACollision Out Avg:96, SD:33, Max:235, Min:11
ACollision End Avg:31, SD:18, Max:98, Min:0
ATask1 Avg:4, SD:3, Max:12, Min:0
ATask2 Avg:23, SD:8, Max:42, Min:0
ATask3 Avg:42, SD:6, Max:72, Min:30
ACore Active Avg:71, SD:11, Max:98, Min:40
ARouter Active Avg:85, SD:3, Max:102, Min:42
T1 invocations: 933,772
T2 invocations: 1,904,982
T3 invocations: 84,789,837
T3b invocations: 0
Total3 invocations: 84,789,837
Total4 invocations: 14,658

T3/T2 ratio: 45
T3b/T3 ratio: 0

T1 avg ex cycles: 34
T2 avg ex cycles: 87
T3&b avg ex cycles: 4
T4 avg ex cycles: 471
Avg. hops NOC1: 2
Avg. latency NOC1 (T2): 18,993
Avg. hops NOC2: 13
Avg. latency NOC2 (T3): 2,178
Number of K Nodes Processed: 3,329
Number of K Edges Processed: 85,191
Node Re-explore factor: 0.79
Edge Re-explore factor: 0.66
Nodes/cy: 5
Edges/cy: 122
TEPS: 183

---DCache---
DCache Size: 125,904
DRAM words: 133,760
  DHits: 124,515,025
  DMisses: 5,555,847
  DHit Rate (hit/miss): 96%
  DEvictions: 522,945
  DEviction Rate (evict/misses): 9%
  MC Transactions: 5,901,667
  MC Writes: 238,868
Avg. Transactions: 26% , Writes: 1%, Avg. Latency: 13
Max MC id: 31 of 32. Transactions: 33% , Writes: 1%, MC mean Latency: 12
HBM refresh energy (nJ): 2
HBM access energy (nJ): 11,180,117
MemC wire energy 2.5d (nJ): 2,765,809
MemC wire energy 3d (nJ): 691,452

---Energy---
Leakage Energy (nJ): 244,589
PU Dyn E (nJ): 5,034,973
Mem Dyn E (nJ): 31,672,150
Route Dyn E (nJ): 7,968,421
Dynamic Energy (nJ): 44,675,544
Ratio of Dyn/Leak: 183
Total Energy (nJ): 44,920,133
Total Energy (nJ) 3D: 47,189,411
Cores Energy (nJ): 5,036,924
Route Energy (nJ): 7,981,830
Route Energy (nJ) 3D: 12,325,465
Mem Energy   (nJ): 31,901,379
Mem Energy   (nJ) 3D: 29,827,022
Avg. Power (mW): 64,087.21
Power Density (mW/mm2): 68.64

---Runtime---
Runtime in K cycles: 700.92
Microseconds: 700.92
Time per iteration (ms): 0.70

---Throughput---
GOP/s (aka OPS/ns): 607.23
GOP/s per core: 0.59
GFLOP/s: 242.33
GFLOP/s per core: 0.24
Max Peak GFLOP/s: 1,024.00
Avg. BW GB/s: 4,154.00
Max BW GB/s: 4,096.00

---Traffic---
In-Die bisection_bytes BW (GB/s): 256.00
Inter-board traffic (msg/ns): 0.00, per-link: 0.00
Inter-pack traffic (msg/ns): 0.00, per-link: 0.00
Inter-die traffic (msg/ns): 88.07, per-link: 0.34
Ruche traffic (msg/ns): 80.61, per-link: 0.31
All traffic (msg/ns): 3,372.06, per-link: 3.29
Inter-die reduction wrt all: 38.29
Inter-board reduction wrt inter-die: inf

---Data Movement---
All traffic (msg): 2,363,552,971
Arith. Intensity FLOP/Loads: 0.47
Arith. Intensity FLOP/Msgs: 0.07
Arith. Intensity OPS/Loads: 1.17
Arith. Intensity OPS/Msgs: 0.18



===Core Utilization Total=== CORE-S:7;; TIME K cy:700 ;; Nodes Proc: 415,921 -- Edges Proc: 10,674,741

===PRINTING FRAME STATS

FCollision In Avg:91, SD:37, Max:291, Min:7
FCollision Out Avg:70, SD:41, Max:210, Min:0
FCollision End Avg:23, SD:27, Max:99, Min:0
FTask1 Avg:9, SD:7, Max:38, Min:0
FTask2 Avg:24, SD:14, Max:67, Min:0
FTask3 Avg:41, SD:7, Max:87, Min:26
FCore Active Avg:77, SD:15, Max:100, Min:31
FRouter Active Avg:90, SD:4, Max:97, Min:45
T1 invocations: 304,199
T2 invocations: 445,938
T3 invocations: 13,413,789
T3b invocations: 0
Total3 invocations: 13,413,789
Total4 invocations: 8,664

T3/T2 ratio: 30
T3b/T3 ratio: 0

T1 avg ex cycles: 30
T2 avg ex cycles: 56
T3&b avg ex cycles: 3
T4 avg ex cycles: 297
Avg. hops NOC1: 2
Avg. latency NOC1 (T2): 9,118
Avg. hops NOC2: 13
Avg. latency NOC2 (T3): 2,120

===PRINTING ACUM STATS at pu_cycles: 801,068

ACollision In Avg:108, SD:29, Max:245, Min:24
ACollision Out Avg:93, SD:32, Max:219, Min:10
ACollision End Avg:30, SD:17, Max:98, Min:0
ATask1 Avg:5, SD:3, Max:11, Min:0
ATask2 Avg:23, SD:7, Max:38, Min:0
ATask3 Avg:42, SD:6, Max:73, Min:29
ACore Active Avg:72, SD:10, Max:98, Min:40
ARouter Active Avg:86, SD:3, Max:101, Min:42
T1 invocations: 1,240,803
T2 invocations: 2,353,227
T3 invocations: 98,269,840
T3b invocations: 0
Total3 invocations: 98,269,840
Total4 invocations: 23,369

T3/T2 ratio: 42
T3b/T3 ratio: 0

T1 avg ex cycles: 33
T2 avg ex cycles: 81
T3&b avg ex cycles: 4
T4 avg ex cycles: 407
Avg. hops NOC1: 2
Avg. latency NOC1 (T2): 17,107
Avg. hops NOC2: 13
Avg. latency NOC2 (T3): 2,171
Number of K Nodes Processed: 3,436
Number of K Edges Processed: 98,632
Node Re-explore factor: 0.82
Edge Re-explore factor: 0.77
Nodes/cy: 4
Edges/cy: 123
TEPS: 160

---DCache---
DCache Size: 125,904
DRAM words: 133,760
  DHits: 144,247,378
  DMisses: 6,319,744
  DHit Rate (hit/miss): 96%
  DEvictions: 633,325
  DEviction Rate (evict/misses): 10%
  MC Transactions: 6,713,551
  MC Writes: 273,623
Avg. Transactions: 26% , Writes: 1%, Avg. Latency: 13
Max MC id: 31 of 32. Transactions: 32% , Writes: 1%, MC mean Latency: 12
HBM refresh energy (nJ): 2
HBM access energy (nJ): 12,718,151
MemC wire energy 2.5d (nJ): 3,146,298
MemC wire energy 3d (nJ): 786,574

---Energy---
Leakage Energy (nJ): 279,535
PU Dyn E (nJ): 5,845,511
Mem Dyn E (nJ): 36,373,410
Route Dyn E (nJ): 9,221,089
Dynamic Energy (nJ): 51,440,010
Ratio of Dyn/Leak: 184
Total Energy (nJ): 51,719,545
Total Energy (nJ) 3D: 54,381,994
Cores Energy (nJ): 5,847,741
Route Energy (nJ): 9,236,413
Route Energy (nJ) 3D: 14,258,586
Mem Energy   (nJ): 36,635,391
Mem Energy   (nJ) 3D: 34,275,668
Avg. Power (mW): 64,563.24
Power Density (mW/mm2): 69.15

---Runtime---
Runtime in K cycles: 801.07
Microseconds: 801.07
Time per iteration (ms): 0.80

---Throughput---
GOP/s (aka OPS/ns): 618.70
GOP/s per core: 0.60
GFLOP/s: 245.71
GFLOP/s per core: 0.24
Max Peak GFLOP/s: 1,024.00
Avg. BW GB/s: 4,205.01
Max BW GB/s: 4,096.00

---Traffic---
In-Die bisection_bytes BW (GB/s): 256.00
Inter-board traffic (msg/ns): 0.00, per-link: 0.00
Inter-pack traffic (msg/ns): 0.00, per-link: 0.00
Inter-die traffic (msg/ns): 89.08, per-link: 0.35
Ruche traffic (msg/ns): 82.22, per-link: 0.32
All traffic (msg/ns): 3,411.23, per-link: 3.33
Inter-die reduction wrt all: 38.29
Inter-board reduction wrt inter-die: inf

---Data Movement---
All traffic (msg): 2,732,625,099
Arith. Intensity FLOP/Loads: 0.47
Arith. Intensity FLOP/Msgs: 0.07
Arith. Intensity OPS/Loads: 1.18
Arith. Intensity OPS/Msgs: 0.18



===Core Utilization Total=== CORE-S:8;; TIME K cy:800 ;; Nodes Proc: 429,322 -- Edges Proc: 12,383,789

===PRINTING FRAME STATS

FCollision In Avg:77, SD:39, Max:243, Min:6
FCollision Out Avg:60, SD:40, Max:235, Min:0
FCollision End Avg:20, SD:25, Max:99, Min:0
FTask1 Avg:10, SD:8, Max:36, Min:0
FTask2 Avg:24, SD:15, Max:72, Min:0
FTask3 Avg:40, SD:7, Max:89, Min:22
FCore Active Avg:76, SD:17, Max:100, Min:34
FRouter Active Avg:88, SD:5, Max:97, Min:39
T1 invocations: 338,222
T2 invocations: 474,721
T3 invocations: 12,979,529
T3b invocations: 0
Total3 invocations: 12,979,529
Total4 invocations: 14,356

T3/T2 ratio: 27
T3b/T3 ratio: 0

T1 avg ex cycles: 30
T2 avg ex cycles: 51
T3&b avg ex cycles: 3
T4 avg ex cycles: 206
Avg. hops NOC1: 3
Avg. latency NOC1 (T2): 7,383
Avg. hops NOC2: 13
Avg. latency NOC2 (T3): 2,090

===PRINTING ACUM STATS at pu_cycles: 900,913

ACollision In Avg:104, SD:29, Max:237, Min:32
ACollision Out Avg:89, SD:32, Max:205, Min:9
ACollision End Avg:29, SD:15, Max:93, Min:0
ATask1 Avg:6, SD:2, Max:10, Min:0
ATask2 Avg:23, SD:6, Max:37, Min:0
ATask3 Avg:42, SD:6, Max:74, Min:29
ACore Active Avg:72, SD:9, Max:97, Min:40
ARouter Active Avg:86, SD:3, Max:100, Min:42
T1 invocations: 1,578,653
T2 invocations: 2,827,614
T3 invocations: 111,234,384
T3b invocations: 0
Total3 invocations: 111,234,384
Total4 invocations: 37,719

T3/T2 ratio: 39
T3b/T3 ratio: 0

T1 avg ex cycles: 32
T2 avg ex cycles: 76
T3&b avg ex cycles: 3
T4 avg ex cycles: 330
Avg. hops NOC1: 2
Avg. latency NOC1 (T2): 15,476
Avg. hops NOC2: 13
Avg. latency NOC2 (T3): 2,161
Number of K Nodes Processed: 3,525
Number of K Edges Processed: 111,569
Node Re-explore factor: 0.84
Edge Re-explore factor: 0.87
Nodes/cy: 4
Edges/cy: 124
TEPS: 142

---DCache---
DCache Size: 125,904
DRAM words: 133,760
  DHits: 163,209,844
  DMisses: 7,046,595
  DHit Rate (hit/miss): 96%
  DEvictions: 753,230
  DEviction Rate (evict/misses): 11%
  MC Transactions: 7,489,261
  MC Writes: 310,068
Avg. Transactions: 26% , Writes: 1%, Avg. Latency: 12
Max MC id: 31 of 32. Transactions: 30% , Writes: 1%, MC mean Latency: 12
HBM refresh energy (nJ): 2
HBM access energy (nJ): 14,187,656
MemC wire energy 2.5d (nJ): 3,509,833
MemC wire energy 3d (nJ): 877,458

---Energy---
Leakage Energy (nJ): 314,376
PU Dyn E (nJ): 6,632,421
Mem Dyn E (nJ): 40,890,582
Route Dyn E (nJ): 10,422,269
Dynamic Energy (nJ): 57,945,272
Ratio of Dyn/Leak: 184
Total Energy (nJ): 58,259,648
Total Energy (nJ) 3D: 61,299,564
Cores Energy (nJ): 6,634,928
Route Energy (nJ): 10,439,504
Route Energy (nJ) 3D: 16,111,794
Mem Energy   (nJ): 41,185,217
Mem Energy   (nJ) 3D: 38,552,842
Avg. Power (mW): 64,667.34
Power Density (mW/mm2): 69.26

---Runtime---
Runtime in K cycles: 900.91
Microseconds: 900.91
Time per iteration (ms): 0.90

---Throughput---
GOP/s (aka OPS/ns): 626.79
GOP/s per core: 0.61
GFLOP/s: 247.24
GFLOP/s per core: 0.24
Max Peak GFLOP/s: 1,024.00
Avg. BW GB/s: 4,228.49
Max BW GB/s: 4,096.00

---Traffic---
In-Die bisection_bytes BW (GB/s): 256.00
Inter-board traffic (msg/ns): 0.00, per-link: 0.00
Inter-pack traffic (msg/ns): 0.00, per-link: 0.00
Inter-die traffic (msg/ns): 89.38, per-link: 0.35
Ruche traffic (msg/ns): 83.20, per-link: 0.33
All traffic (msg/ns): 3,426.01, per-link: 3.35
Inter-die reduction wrt all: 38.33
Inter-board reduction wrt inter-die: inf

---Data Movement---
All traffic (msg): 3,086,534,932
Arith. Intensity FLOP/Loads: 0.47
Arith. Intensity FLOP/Msgs: 0.07
Arith. Intensity OPS/Loads: 1.19
Arith. Intensity OPS/Msgs: 0.18



===Core Utilization Total=== CORE-S:9;; TIME K cy:900 ;; Nodes Proc: 440,626 -- Edges Proc: 14,135,999

===PRINTING FRAME STATS

FCollision In Avg:60, SD:38, Max:208, Min:3
FCollision Out Avg:48, SD:37, Max:174, Min:0
FCollision End Avg:16, SD:22, Max:98, Min:0
FTask1 Avg:11, SD:9, Max:39, Min:0
FTask2 Avg:22, SD:17, Max:71, Min:0
FTask3 Avg:37, SD:7, Max:87, Min:21
FCore Active Avg:74, SD:20, Max:100, Min:31
FRouter Active Avg:86, SD:6, Max:97, Min:30
T1 invocations: 375,514
T2 invocations: 500,699
T3 invocations: 12,210,154
T3b invocations: 0
Total3 invocations: 12,210,154
Total4 invocations: 19,705

T3/T2 ratio: 24
T3b/T3 ratio: 0

T1 avg ex cycles: 29
T2 avg ex cycles: 46
T3&b avg ex cycles: 3
T4 avg ex cycles: 172
Avg. hops NOC1: 3
Avg. latency NOC1 (T2): 5,488
Avg. hops NOC2: 13
Avg. latency NOC2 (T3): 2,139

===PRINTING ACUM STATS at pu_cycles: 1,001,172

ACollision In Avg:100, SD:29, Max:227, Min:30
ACollision Out Avg:85, SD:31, Max:197, Min:8
ACollision End Avg:27, SD:14, Max:91, Min:0
ATask1 Avg:6, SD:2, Max:10, Min:0
ATask2 Avg:23, SD:5, Max:35, Min:1
ATask3 Avg:41, SD:6, Max:74, Min:28
ACore Active Avg:72, SD:8, Max:96, Min:39
ARouter Active Avg:86, SD:4, Max:99, Min:41
T1 invocations: 1,954,798
T2 invocations: 3,328,513
T3 invocations: 123,459,395
T3b invocations: 0
Total3 invocations: 123,459,395
Total4 invocations: 57,434

T3/T2 ratio: 37
T3b/T3 ratio: 0

T1 avg ex cycles: 32
T2 avg ex cycles: 72
T3&b avg ex cycles: 3
T4 avg ex cycles: 276
Avg. hops NOC1: 2
Avg. latency NOC1 (T2): 13,973
Avg. hops NOC2: 13
Avg. latency NOC2 (T3): 2,159
Number of K Nodes Processed: 3,597
Number of K Edges Processed: 123,772
Node Re-explore factor: 0.86
Edge Re-explore factor: 0.96
Nodes/cy: 4
Edges/cy: 124
TEPS: 128

---DCache---
DCache Size: 125,904
DRAM words: 133,760
  DHits: 181,954,604
  DMisses: 7,745,309
  DHit Rate (hit/miss): 96%
  DEvictions: 877,401
  DEviction Rate (evict/misses): 11%
  MC Transactions: 8,233,221
  MC Writes: 345,321
Avg. Transactions: 26% , Writes: 1%, Avg. Latency: 12
Max MC id: 31 of 32. Transactions: 28% , Writes: 1%, MC mean Latency: 12
HBM refresh energy (nJ): 2
HBM access energy (nJ): 15,597,013
MemC wire energy 2.5d (nJ): 3,858,489
MemC wire energy 3d (nJ): 964,622

---Energy---
Leakage Energy (nJ): 349,362
PU Dyn E (nJ): 7,385,110
Mem Dyn E (nJ): 45,209,806
Route Dyn E (nJ): 11,546,676
Dynamic Energy (nJ): 64,141,592
Ratio of Dyn/Leak: 184
Total Energy (nJ): 64,490,954
Total Energy (nJ) 3D: 67,875,080
Cores Energy (nJ): 7,387,896
Route Energy (nJ): 11,565,828
Route Energy (nJ) 3D: 17,843,821
Mem Energy   (nJ): 45,537,230
Mem Energy   (nJ) 3D: 42,643,363
Avg. Power (mW): 64,415.46
Power Density (mW/mm2): 68.99

---Runtime---
Runtime in K cycles: 1,001.17
Microseconds: 1,001.17
Time per iteration (ms): 1.00

---Throughput---
GOP/s (aka OPS/ns): 631.47
GOP/s per core: 0.62
GFLOP/s: 246.87
GFLOP/s per core: 0.24
Max Peak GFLOP/s: 1,024.00
Avg. BW GB/s: 4,222.93
Max BW GB/s: 4,096.00

---Traffic---
In-Die bisection_bytes BW (GB/s): 256.00
Inter-board traffic (msg/ns): 0.00, per-link: 0.00
Inter-pack traffic (msg/ns): 0.00, per-link: 0.00
Inter-die traffic (msg/ns): 88.94, per-link: 0.35
Ruche traffic (msg/ns): 83.71, per-link: 0.33
All traffic (msg/ns): 3,413.63, per-link: 3.33
Inter-die reduction wrt all: 38.38
Inter-board reduction wrt inter-die: inf

---Data Movement---
All traffic (msg): 3,417,633,522
Arith. Intensity FLOP/Loads: 0.47
Arith. Intensity FLOP/Msgs: 0.07
Arith. Intensity OPS/Loads: 1.20
Arith. Intensity OPS/Msgs: 0.18



===Core Utilization Total=== CORE-S:10;; TIME K cy:1,000 ;; Nodes Proc: 449,836 -- Edges Proc: 15,591,824

===PRINTING FRAME STATS

FCollision In Avg:40, SD:35, Max:192, Min:0
FCollision Out Avg:33, SD:34, Max:150, Min:0
FCollision End Avg:13, SD:20, Max:99, Min:0
FTask1 Avg:10, SD:10, Max:40, Min:0
FTask2 Avg:19, SD:19, Max:74, Min:0
FTask3 Avg:31, SD:6, Max:71, Min:20
FCore Active Avg:64, SD:24, Max:100, Min:25
FRouter Active Avg:79, SD:9, Max:95, Min:24
T1 invocations: 351,038
T2 invocations: 458,814
T3 invocations: 10,332,285
T3b invocations: 0
Total3 invocations: 10,332,285
Total4 invocations: 25,477

T3/T2 ratio: 23
T3b/T3 ratio: 0

T1 avg ex cycles: 29
T2 avg ex cycles: 43
T3&b avg ex cycles: 3
T4 avg ex cycles: 128
Avg. hops NOC1: 3
Avg. latency NOC1 (T2): 4,405
Avg. hops NOC2: 13
Avg. latency NOC2 (T3): 1,999

===PRINTING ACUM STATS at pu_cycles: 1,100,899

ACollision In Avg:94, SD:28, Max:221, Min:28
ACollision Out Avg:81, SD:30, Max:193, Min:8
ACollision End Avg:26, SD:13, Max:91, Min:2
ATask1 Avg:6, SD:2, Max:9, Min:1
ATask2 Avg:23, SD:4, Max:33, Min:5
ATask3 Avg:40, SD:6, Max:74, Min:28
ACore Active Avg:71, SD:7, Max:95, Min:44
ARouter Active Avg:86, SD:4, Max:97, Min:39
T1 invocations: 2,304,019
T2 invocations: 3,781,280
T3 invocations: 133,701,201
T3b invocations: 0
Total3 invocations: 133,701,201
Total4 invocations: 82,884

T3/T2 ratio: 35
T3b/T3 ratio: 0

T1 avg ex cycles: 31
T2 avg ex cycles: 68
T3&b avg ex cycles: 3
T4 avg ex cycles: 230
Avg. hops NOC1: 3
Avg. latency NOC1 (T2): 12,822
Avg. hops NOC2: 13
Avg. latency NOC2 (T3): 2,146
Number of K Nodes Processed: 3,653
Number of K Edges Processed: 133,996
Node Re-explore factor: 0.87
Edge Re-explore factor: 1.04
Nodes/cy: 3
Edges/cy: 122
TEPS: 117

---DCache---
DCache Size: 125,904
DRAM words: 133,760
  DHits: 198,625,974
  DMisses: 8,333,527
  DHit Rate (hit/miss): 96%
  DEvictions: 986,775
  DEviction Rate (evict/misses): 12%
  MC Transactions: 8,857,501
  MC Writes: 374,925
Avg. Transactions: 25% , Writes: 1%, Avg. Latency: 12
Max MC id: 27 of 32. Transactions: 27% , Writes: 2%, MC mean Latency: 12
HBM refresh energy (nJ): 3
HBM access energy (nJ): 16,779,649
MemC wire energy 2.5d (nJ): 4,151,057
MemC wire energy 3d (nJ): 1,037,764

---Energy---
Leakage Energy (nJ): 384,162
PU Dyn E (nJ): 8,020,728
Mem Dyn E (nJ): 48,854,097
Route Dyn E (nJ): 12,476,143
Dynamic Energy (nJ): 69,350,967
Ratio of Dyn/Leak: 181
Total Energy (nJ): 69,735,129
Total Energy (nJ) 3D: 73,397,087
Cores Energy (nJ): 8,023,792
Route Energy (nJ): 12,497,203
Route Energy (nJ) 3D: 19,272,453
Mem Energy   (nJ): 49,214,135
Mem Energy   (nJ) 3D: 46,100,842
Avg. Power (mW): 63,343.80
Power Density (mW/mm2): 67.85

---Runtime---
Runtime in K cycles: 1,100.90
Microseconds: 1,100.90
Time per iteration (ms): 1.10

---Throughput---
GOP/s (aka OPS/ns): 626.97
GOP/s per core: 0.61
GFLOP/s: 243.01
GFLOP/s per core: 0.24
Max Peak GFLOP/s: 1,024.00
Avg. BW GB/s: 4,159.57
Max BW GB/s: 4,096.00

---Traffic---
In-Die bisection_bytes BW (GB/s): 256.00
Inter-board traffic (msg/ns): 0.00, per-link: 0.00
Inter-pack traffic (msg/ns): 0.00, per-link: 0.00
Inter-die traffic (msg/ns): 87.21, per-link: 0.34
Ruche traffic (msg/ns): 83.13, per-link: 0.32
All traffic (msg/ns): 3,352.59, per-link: 3.27
Inter-die reduction wrt all: 38.44
Inter-board reduction wrt inter-die: inf

---Data Movement---
All traffic (msg): 3,690,865,286
Arith. Intensity FLOP/Loads: 0.47
Arith. Intensity FLOP/Msgs: 0.07
Arith. Intensity OPS/Loads: 1.21
Arith. Intensity OPS/Msgs: 0.19



===Core Utilization Total=== CORE-S:11;; TIME K cy:1,100 ;; Nodes Proc: 456,849 -- Edges Proc: 16,610,904

===PRINTING FRAME STATS

FCollision In Avg:22, SD:28, Max:151, Min:0
FCollision Out Avg:21, SD:29, Max:150, Min:0
FCollision End Avg:8, SD:16, Max:98, Min:0
FTask1 Avg:8, SD:10, Max:49, Min:0
FTask2 Avg:13, SD:19, Max:82, Min:0
FTask3 Avg:22, SD:5, Max:63, Min:12
FCore Active Avg:45, SD:26, Max:100, Min:17
FRouter Active Avg:63, SD:13, Max:93, Min:14
T1 invocations: 266,682
T2 invocations: 334,947
T3 invocations: 7,300,985
T3b invocations: 0
Total3 invocations: 7,300,985
Total4 invocations: 24,615

T3/T2 ratio: 22
T3b/T3 ratio: 0

T1 avg ex cycles: 29
T2 avg ex cycles: 40
T3&b avg ex cycles: 3
T4 avg ex cycles: 103
Avg. hops NOC1: 3
Avg. latency NOC1 (T2): 3,656
Avg. hops NOC2: 12
Avg. latency NOC2 (T3): 1,609

===PRINTING ACUM STATS at pu_cycles: 1,200,671

ACollision In Avg:88, SD:27, Max:215, Min:26
ACollision Out Avg:76, SD:28, Max:193, Min:8
ACollision End Avg:25, SD:12, Max:81, Min:2
ATask1 Avg:6, SD:1, Max:8, Min:1
ATask2 Avg:22, SD:2, Max:30, Min:8
ATask3 Avg:39, SD:6, Max:73, Min:26
ACore Active Avg:69, SD:6, Max:92, Min:47
ARouter Active Avg:84, SD:4, Max:96, Min:37
T1 invocations: 2,567,848
T2 invocations: 4,109,517
T3 invocations: 140,838,893
T3b invocations: 0
Total3 invocations: 140,838,893
Total4 invocations: 107,432

T3/T2 ratio: 34
T3b/T3 ratio: 0

T1 avg ex cycles: 31
T2 avg ex cycles: 66
T3&b avg ex cycles: 3
T4 avg ex cycles: 201
Avg. hops NOC1: 3
Avg. latency NOC1 (T2): 12,077
Avg. hops NOC2: 13
Avg. latency NOC2 (T3): 2,116
Number of K Nodes Processed: 3,690
Number of K Edges Processed: 141,098
Node Re-explore factor: 0.88
Edge Re-explore factor: 1.10
Nodes/cy: 3
Edges/cy: 118
TEPS: 107

---DCache---
DCache Size: 125,904
DRAM words: 133,760
  DHits: 210,963,982
  DMisses: 8,735,933
  DHit Rate (hit/miss): 96%
  DEvictions: 1,070,349
  DEviction Rate (evict/misses): 12%
  MC Transactions: 9,283,022
  MC Writes: 395,285
Avg. Transactions: 24% , Writes: 1%, Avg. Latency: 12
Max MC id: 25 of 32. Transactions: 26% , Writes: 2%, MC mean Latency: 12
HBM refresh energy (nJ): 3
HBM access energy (nJ): 17,585,756
MemC wire energy 2.5d (nJ): 4,350,477
MemC wire energy 3d (nJ): 1,087,619

---Energy---
Leakage Energy (nJ): 418,977
PU Dyn E (nJ): 8,462,018
Mem Dyn E (nJ): 51,374,532
Route Dyn E (nJ): 13,115,388
Dynamic Energy (nJ): 72,951,937
Ratio of Dyn/Leak: 174
Total Energy (nJ): 73,370,914
Total Energy (nJ) 3D: 77,224,149
Cores Energy (nJ): 8,465,359
Route Energy (nJ): 13,138,357
Route Energy (nJ) 3D: 20,254,450
Mem Energy   (nJ): 51,767,199
Mem Energy   (nJ) 3D: 48,504,341
Avg. Power (mW): 61,108.26
Power Density (mW/mm2): 65.45

---Runtime---
Runtime in K cycles: 1,200.67
Microseconds: 1,200.67
Time per iteration (ms): 1.20

---Throughput---
GOP/s (aka OPS/ns): 609.07
GOP/s per core: 0.59
GFLOP/s: 234.43
GFLOP/s per core: 0.23
Max Peak GFLOP/s: 1,024.00
Avg. BW GB/s: 4,016.23
Max BW GB/s: 4,096.00

---Traffic---
In-Die bisection_bytes BW (GB/s): 256.00
Inter-board traffic (msg/ns): 0.00, per-link: 0.00
Inter-pack traffic (msg/ns): 0.00, per-link: 0.00
Inter-die traffic (msg/ns): 83.88, per-link: 0.33
Ruche traffic (msg/ns): 80.81, per-link: 0.32
All traffic (msg/ns): 3,230.37, per-link: 3.15
Inter-die reduction wrt all: 38.51
Inter-board reduction wrt inter-die: inf

---Data Movement---
All traffic (msg): 3,878,616,803
Arith. Intensity FLOP/Loads: 0.47
Arith. Intensity FLOP/Msgs: 0.07
Arith. Intensity OPS/Loads: 1.22
Arith. Intensity OPS/Msgs: 0.19



===Core Utilization Total=== CORE-S:12;; TIME K cy:1,200 ;; Nodes Proc: 461,495 -- Edges Proc: 17,407,851
======== IT IS COLD ======= Only 48 Tiles active

===PRINTING FRAME STATS

FCollision In Avg:6, SD:14, Max:88, Min:0
FCollision Out Avg:7, SD:17, Max:118, Min:0
FCollision End Avg:3, SD:9, Max:96, Min:0
FTask1 Avg:4, SD:9, Max:55, Min:0
FTask2 Avg:7, SD:15, Max:91, Min:0
FTask3 Avg:11, SD:3, Max:48, Min:4
FCore Active Avg:23, SD:22, Max:100, Min:8
FRouter Active Avg:37, SD:13, Max:88, Min:7
T1 invocations: 143,505
T2 invocations: 183,830
T3 invocations: 3,686,737
T3b invocations: 0
Total3 invocations: 3,686,737
Total4 invocations: 15,050

T3/T2 ratio: 20
T3b/T3 ratio: 0

T1 avg ex cycles: 29
T2 avg ex cycles: 38
T3&b avg ex cycles: 3
T4 avg ex cycles: 92
Avg. hops NOC1: 3
Avg. latency NOC1 (T2): 2,702
Avg. hops NOC2: 12
Avg. latency NOC2 (T3): 1,294

===PRINTING ACUM STATS at pu_cycles: 1,300,728

ACollision In Avg:82, SD:25, Max:204, Min:24
ACollision Out Avg:70, SD:27, Max:169, Min:7
ACollision End Avg:23, SD:11, Max:75, Min:2
ATask1 Avg:6, SD:1, Max:8, Min:2
ATask2 Avg:21, SD:2, Max:28, Min:10
ATask3 Avg:37, SD:6, Max:71, Min:25
ACore Active Avg:66, SD:6, Max:91, Min:49
ARouter Active Avg:80, SD:4, Max:93, Min:35
T1 invocations: 2,718,769
T2 invocations: 4,306,531
T3 invocations: 144,642,078
T3b invocations: 0
Total3 invocations: 144,642,078
Total4 invocations: 122,700

T3/T2 ratio: 34
T3b/T3 ratio: 0

T1 avg ex cycles: 31
T2 avg ex cycles: 65
T3&b avg ex cycles: 3
T4 avg ex cycles: 188
Avg. hops NOC1: 3
Avg. latency NOC1 (T2): 11,652
Avg. hops NOC2: 13
Avg. latency NOC2 (T3): 2,097
Number of K Nodes Processed: 3,706
Number of K Edges Processed: 144,693
Node Re-explore factor: 0.88
Edge Re-explore factor: 1.13
Nodes/cy: 3
Edges/cy: 111
TEPS: 99

---DCache---
DCache Size: 125,904
DRAM words: 133,760
  DHits: 217,800,989
  DMisses: 8,937,274
  DHit Rate (hit/miss): 96%
  DEvictions: 1,115,183
  DEviction Rate (evict/misses): 12%
  MC Transactions: 9,494,982
  MC Writes: 405,241
Avg. Transactions: 23% , Writes: 1%, Avg. Latency: 12
Max MC id: 25 of 32. Transactions: 24% , Writes: 1%, MC mean Latency: 12
HBM refresh energy (nJ): 3
HBM access energy (nJ): 17,987,293
MemC wire energy 2.5d (nJ): 4,449,812
MemC wire energy 3d (nJ): 1,112,453

---Energy---
Leakage Energy (nJ): 453,893
PU Dyn E (nJ): 8,706,834
Mem Dyn E (nJ): 52,712,046
Route Dyn E (nJ): 13,449,928
Dynamic Energy (nJ): 74,868,809
Ratio of Dyn/Leak: 165
Total Energy (nJ): 75,322,702
Total Energy (nJ) 3D: 79,281,877
Cores Energy (nJ): 8,710,455
Route Energy (nJ): 13,474,812
Route Energy (nJ) 3D: 20,771,345
Mem Energy   (nJ): 53,137,436
Mem Energy   (nJ) 3D: 49,800,077
Avg. Power (mW): 57,908.11
Power Density (mW/mm2): 62.02

---Runtime---
Runtime in K cycles: 1,300.73
Microseconds: 1,300.73
Time per iteration (ms): 1.30

---Throughput---
GOP/s (aka OPS/ns): 579.69
GOP/s per core: 0.57
GFLOP/s: 222.36
GFLOP/s per core: 0.22
Max Peak GFLOP/s: 1,024.00
Avg. BW GB/s: 3,810.36
Max BW GB/s: 4,096.00

---Traffic---
In-Die bisection_bytes BW (GB/s): 256.00
Inter-board traffic (msg/ns): 0.00, per-link: 0.00
Inter-pack traffic (msg/ns): 0.00, per-link: 0.00
Inter-die traffic (msg/ns): 79.19, per-link: 0.31
Ruche traffic (msg/ns): 76.78, per-link: 0.30
All traffic (msg/ns): 3,057.91, per-link: 2.99
Inter-die reduction wrt all: 38.61
Inter-board reduction wrt inter-die: inf

---Data Movement---
All traffic (msg): 3,977,510,746
Arith. Intensity FLOP/Loads: 0.47
Arith. Intensity FLOP/Msgs: 0.07
Arith. Intensity OPS/Loads: 1.22
Arith. Intensity OPS/Msgs: 0.19



===Core Utilization Total=== CORE-S:13;; TIME K cy:1,300 ;; Nodes Proc: 463,544 -- Edges Proc: 17,995,398
======== IT IS COLD ======= Only 18 Tiles active

===PRINTING FRAME STATS

FCollision In Avg:1, SD:6, Max:79, Min:0
FCollision Out Avg:2, SD:9, Max:91, Min:0
FCollision End Avg:1, SD:5, Max:69, Min:0
FTask1 Avg:1, SD:5, Max:56, Min:0
FTask2 Avg:2, SD:8, Max:86, Min:0
FTask3 Avg:3, SD:1, Max:24, Min:2
FCore Active Avg:6, SD:11, Max:100, Min:2
FRouter Active Avg:10, SD:8, Max:71, Min:1
T1 invocations: 37,029
T2 invocations: 44,561
T3 invocations: 897,192
T3b invocations: 0
Total3 invocations: 897,192
Total4 invocations: 3,984

T3/T2 ratio: 20
T3b/T3 ratio: 0

T1 avg ex cycles: 29
T2 avg ex cycles: 36
T3&b avg ex cycles: 3
T4 avg ex cycles: 89
Avg. hops NOC1: 4
Avg. latency NOC1 (T2): 2,449
Avg. hops NOC2: 12
Avg. latency NOC2 (T3): 980

===PRINTING ACUM STATS at pu_cycles: 1,400,222

ACollision In Avg:76, SD:23, Max:192, Min:22
ACollision Out Avg:65, SD:25, Max:157, Min:6
ACollision End Avg:21, SD:10, Max:70, Min:2
ATask1 Avg:6, SD:0, Max:8, Min:3
ATask2 Avg:20, SD:1, Max:26, Min:12
ATask3 Avg:34, SD:5, Max:67, Min:23
ACore Active Avg:61, SD:6, Max:88, Min:48
ARouter Active Avg:75, SD:4, Max:89, Min:32
T1 invocations: 2,759,220
T2 invocations: 4,354,348
T3 invocations: 145,556,386
T3b invocations: 0
Total3 invocations: 145,556,386
Total4 invocations: 126,725

T3/T2 ratio: 33
T3b/T3 ratio: 0

T1 avg ex cycles: 31
T2 avg ex cycles: 64
T3&b avg ex cycles: 3
T4 avg ex cycles: 185
Avg. hops NOC1: 3
Avg. latency NOC1 (T2): 11,550
Avg. hops NOC2: 13
Avg. latency NOC2 (T3): 2,091
Number of K Nodes Processed: 3,711
Number of K Edges Processed: 145,561
Node Re-explore factor: 0.88
Edge Re-explore factor: 1.13
Nodes/cy: 3
Edges/cy: 104
TEPS: 92

---DCache---
DCache Size: 125,904
DRAM words: 133,760
  DHits: 219,584,638
  DMisses: 8,986,171
  DHit Rate (hit/miss): 96%
  DEvictions: 1,127,180
  DEviction Rate (evict/misses): 13%
  MC Transactions: 9,546,759
  MC Writes: 408,070
Avg. Transactions: 21% , Writes: 1%, Avg. Latency: 12
Max MC id: 25 of 32. Transactions: 22% , Writes: 1%, MC mean Latency: 12
HBM refresh energy (nJ): 4
HBM access energy (nJ): 18,085,380
MemC wire energy 2.5d (nJ): 4,474,077
MemC wire energy 3d (nJ): 1,118,519

---Energy---
Leakage Energy (nJ): 488,611
PU Dyn E (nJ): 8,764,797
Mem Dyn E (nJ): 53,034,600
Route Dyn E (nJ): 13,528,892
Dynamic Energy (nJ): 75,328,289
Ratio of Dyn/Leak: 154
Total Energy (nJ): 75,816,900
Total Energy (nJ) 3D: 79,800,549
Cores Energy (nJ): 8,768,694
Route Energy (nJ): 13,555,678
Route Energy (nJ) 3D: 20,894,885
Mem Energy   (nJ): 53,492,529
Mem Energy   (nJ) 3D: 50,136,971
Avg. Power (mW): 54,146.34
Power Density (mW/mm2): 57.99

---Runtime---
Runtime in K cycles: 1,400.22
Microseconds: 1,400.22
Time per iteration (ms): 1.40

---Throughput---
GOP/s (aka OPS/ns): 542.47
GOP/s per core: 0.53
GFLOP/s: 207.84
GFLOP/s per core: 0.20
Max Peak GFLOP/s: 1,024.00
Avg. BW GB/s: 3,562.13
Max BW GB/s: 4,096.00

---Traffic---
In-Die bisection_bytes BW (GB/s): 256.00
Inter-board traffic (msg/ns): 0.00, per-link: 0.00
Inter-pack traffic (msg/ns): 0.00, per-link: 0.00
Inter-die traffic (msg/ns): 73.96, per-link: 0.29
Ruche traffic (msg/ns): 71.79, per-link: 0.28
All traffic (msg/ns): 2,857.36, per-link: 2.79
Inter-die reduction wrt all: 38.63
Inter-board reduction wrt inter-die: inf

---Data Movement---
All traffic (msg): 4,000,944,439
Arith. Intensity FLOP/Loads: 0.47
Arith. Intensity FLOP/Msgs: 0.07
Arith. Intensity OPS/Loads: 1.22
Arith. Intensity OPS/Msgs: 0.19



===Core Utilization Total=== CORE-S:14;; TIME K cy:1,400 ;; Nodes Proc: 464,158 -- Edges Proc: 18,061,302
======== IT IS COLD ======= Only 4 Tiles active

===PRINTING FRAME STATS

FCollision In Avg:0, SD:3, Max:55, Min:0
FCollision Out Avg:1, SD:5, Max:95, Min:0
FCollision End Avg:0, SD:3, Max:58, Min:0
FTask1 Avg:1, SD:4, Max:56, Min:0
FTask2 Avg:1, SD:6, Max:90, Min:0
FTask3 Avg:2, SD:1, Max:11, Min:0
FCore Active Avg:3, SD:8, Max:94, Min:0
FRouter Active Avg:6, SD:8, Max:71, Min:0
T1 invocations: 21,255
T2 invocations: 25,641
T3 invocations: 530,495
T3b invocations: 0
Total3 invocations: 530,495
Total4 invocations: 2,466

T3/T2 ratio: 21
T3b/T3 ratio: 0

T1 avg ex cycles: 28
T2 avg ex cycles: 33
T3&b avg ex cycles: 3
T4 avg ex cycles: 85
Avg. hops NOC1: 3
Avg. latency NOC1 (T2): 2,063
Avg. hops NOC2: 12
Avg. latency NOC2 (T3): 817

===PRINTING ACUM STATS at pu_cycles: 1,500,047

ACollision In Avg:73, SD:22, Max:179, Min:22
ACollision Out Avg:63, SD:24, Max:147, Min:6
ACollision End Avg:20, SD:10, Max:70, Min:2
ATask1 Avg:6, SD:0, Max:8, Min:4
ATask2 Avg:19, SD:1, Max:26, Min:12
ATask3 Avg:33, SD:5, Max:61, Min:22
ACore Active Avg:59, SD:6, Max:86, Min:46
ARouter Active Avg:72, SD:5, Max:85, Min:30
T1 invocations: 2,765,710
T2 invocations: 4,363,240
T3 invocations: 145,670,260
T3b invocations: 0
Total3 invocations: 145,670,260
Total4 invocations: 127,392

T3/T2 ratio: 33
T3b/T3 ratio: 0

T1 avg ex cycles: 31
T2 avg ex cycles: 64
T3&b avg ex cycles: 3
T4 avg ex cycles: 184
Avg. hops NOC1: 3
Avg. latency NOC1 (T2): 11,532
Avg. hops NOC2: 13
Avg. latency NOC2 (T3): 2,090
Number of K Nodes Processed: 3,714
Number of K Edges Processed: 145,735
Node Re-explore factor: 0.89
Edge Re-explore factor: 1.14
Nodes/cy: 2
Edges/cy: 97
TEPS: 86

---DCache---
DCache Size: 125,904
DRAM words: 133,760
  DHits: 219,956,225
  DMisses: 8,992,602
  DHit Rate (hit/miss): 96%
  DEvictions: 1,129,300
  DEviction Rate (evict/misses): 13%
  MC Transactions: 9,553,666
  MC Writes: 408,544
Avg. Transactions: 20% , Writes: 1%, Avg. Latency: 12
Max MC id: 25 of 32. Transactions: 21% , Writes: 1%, MC mean Latency: 12
HBM refresh energy (nJ): 4
HBM access energy (nJ): 18,098,464
MemC wire energy 2.5d (nJ): 4,477,314
MemC wire energy 3d (nJ): 1,119,329

---Energy---
Leakage Energy (nJ): 523,445
PU Dyn E (nJ): 8,773,966
Mem Dyn E (nJ): 53,083,937
Route Dyn E (nJ): 13,544,786
Dynamic Energy (nJ): 75,402,688
Ratio of Dyn/Leak: 144
Total Energy (nJ): 75,926,133
Total Energy (nJ) 3D: 79,915,909
Cores Energy (nJ): 8,778,141
Route Energy (nJ): 13,573,482
Route Energy (nJ) 3D: 20,921,243
Mem Energy   (nJ): 53,574,512
Mem Energy   (nJ) 3D: 50,216,526
Avg. Power (mW): 50,615.84
Power Density (mW/mm2): 54.21

---Runtime---
Runtime in K cycles: 1,500.05
Microseconds: 1,500.05
Time per iteration (ms): 1.50

---Throughput---
GOP/s (aka OPS/ns): 506.95
GOP/s per core: 0.50
GFLOP/s: 194.20
GFLOP/s per core: 0.19
Max Peak GFLOP/s: 1,024.00
Avg. BW GB/s: 3,328.35
Max BW GB/s: 4,096.00

---Traffic---
In-Die bisection_bytes BW (GB/s): 256.00
Inter-board traffic (msg/ns): 0.00, per-link: 0.00
Inter-pack traffic (msg/ns): 0.00, per-link: 0.00
Inter-die traffic (msg/ns): 69.11, per-link: 0.27
Ruche traffic (msg/ns): 67.10, per-link: 0.26
All traffic (msg/ns): 2,670.22, per-link: 2.61
Inter-die reduction wrt all: 38.63
Inter-board reduction wrt inter-die: inf

---Data Movement---
All traffic (msg): 4,005,448,676
Arith. Intensity FLOP/Loads: 0.47
Arith. Intensity FLOP/Msgs: 0.07
Arith. Intensity OPS/Loads: 1.22
Arith. Intensity OPS/Msgs: 0.19



===Core Utilization Total=== CORE-S:15;; TIME K cy:1,500 ;; Nodes Proc: 464,507 -- Edges Proc: 18,062,067
======== IT IS COLD ======= Only 0 Tiles active

===PRINTING FRAME STATS

FCollision In Avg:0, SD:3, Max:94, Min:0
FCollision Out Avg:0, SD:3, Max:96, Min:0
FCollision End Avg:0, SD:3, Max:80, Min:0
FTask1 Avg:0, SD:1, Max:21, Min:0
FTask2 Avg:0, SD:4, Max:91, Min:0
FTask3 Avg:0, SD:0, Max:8, Min:0
FCore Active Avg:1, SD:4, Max:91, Min:0
FRouter Active Avg:1, SD:4, Max:80, Min:0
T1 invocations: 1,505
T2 invocations: 3,936
T3 invocations: 112,866
T3b invocations: 0
Total3 invocations: 112,866
Total4 invocations: 584

T3/T2 ratio: 29
T3b/T3 ratio: 0

T1 avg ex cycles: 33
T2 avg ex cycles: 52
T3&b avg ex cycles: 3
T4 avg ex cycles: 32
Avg. hops NOC1: 3
Avg. latency NOC1 (T2): 4,183
Avg. hops NOC2: 11
Avg. latency NOC2 (T3): 120

===PRINTING ACUM STATS at pu_cycles: 1,600,130

ACollision In Avg:67, SD:20, Max:168, Min:19
ACollision Out Avg:57, SD:22, Max:138, Min:6
ACollision End Avg:19, SD:9, Max:61, Min:1
ATask1 Avg:5, SD:0, Max:7, Min:4
ATask2 Avg:17, SD:1, Max:23, Min:15
ATask3 Avg:30, SD:5, Max:61, Min:20
ACore Active Avg:54, SD:5, Max:82, Min:42
ARouter Active Avg:66, SD:4, Max:81, Min:28
T1 invocations: 2,767,314
T2 invocations: 4,368,041
T3 invocations: 145,825,280
T3b invocations: 0
Total3 invocations: 145,825,280
Total4 invocations: 128,210

T3/T2 ratio: 33
T3b/T3 ratio: 0

T1 avg ex cycles: 31
T2 avg ex cycles: 64
T3&b avg ex cycles: 3
T4 avg ex cycles: 183
Avg. hops NOC1: 3
Avg. latency NOC1 (T2): 11,524
Avg. hops NOC2: 13
Avg. latency NOC2 (T3): 2,088
Number of K Nodes Processed: 3,714
Number of K Edges Processed: 145,826
Node Re-explore factor: 0.89
Edge Re-explore factor: 1.14
Nodes/cy: 2
Edges/cy: 91
TEPS: 80

---DCache---
DCache Size: 125,904
DRAM words: 133,760
  DHits: 220,140,703
  DMisses: 8,998,775
  DHit Rate (hit/miss): 96%
  DEvictions: 1,130,363
  DEviction Rate (evict/misses): 13%
  MC Transactions: 9,560,153
  MC Writes: 408,858
Avg. Transactions: 19% , Writes: 1%, Avg. Latency: 12
Max MC id: 25 of 32. Transactions: 20% , Writes: 1%, MC mean Latency: 12
HBM refresh energy (nJ): 4
HBM access energy (nJ): 18,110,753
MemC wire energy 2.5d (nJ): 4,480,354
MemC wire energy 3d (nJ): 1,120,089

---Energy---
Leakage Energy (nJ): 558,370
PU Dyn E (nJ): 8,782,903
Mem Dyn E (nJ): 53,129,791
Route Dyn E (nJ): 13,554,744
Dynamic Energy (nJ): 75,467,438
Ratio of Dyn/Leak: 135
Total Energy (nJ): 76,025,808
Total Energy (nJ) 3D: 80,018,949
Cores Energy (nJ): 8,787,356
Route Energy (nJ): 13,585,355
Route Energy (nJ) 3D: 20,938,761
Mem Energy   (nJ): 53,653,097
Mem Energy   (nJ) 3D: 50,292,831
Avg. Power (mW): 47,512.27
Power Density (mW/mm2): 50.89

---Runtime---
Runtime in K cycles: 1,600.13
Microseconds: 1,600.13
Time per iteration (ms): 1.60

---Throughput---
GOP/s (aka OPS/ns): 475.70
GOP/s per core: 0.46
GFLOP/s: 182.24
GFLOP/s per core: 0.18
Max Peak GFLOP/s: 1,024.00
Avg. BW GB/s: 3,123.38
Max BW GB/s: 4,096.00

---Traffic---
In-Die bisection_bytes BW (GB/s): 256.00
Inter-board traffic (msg/ns): 0.00, per-link: 0.00
Inter-pack traffic (msg/ns): 0.00, per-link: 0.00
Inter-die traffic (msg/ns): 64.84, per-link: 0.25
Ruche traffic (msg/ns): 62.94, per-link: 0.25
All traffic (msg/ns): 2,505.14, per-link: 2.45
Inter-die reduction wrt all: 38.64
Inter-board reduction wrt inter-die: inf

---Data Movement---
All traffic (msg): 4,008,556,609
Arith. Intensity FLOP/Loads: 0.47
Arith. Intensity FLOP/Msgs: 0.07
Arith. Intensity OPS/Loads: 1.22
Arith. Intensity OPS/Msgs: 0.19



===Core Utilization Total=== CORE-S:16;; TIME K cy:1,600 ;; Nodes Proc: 464,578 -- Edges Proc: 18,062,163
======== IT IS COLD ======= Only 0 Tiles active
Epoch Done Router: 5
Epoch Done Router: 6
Epoch Done Router: 0
Epoch Done Router: 3
Epoch Done Router: 1
Epoch Done Router: 4
Epoch Done Router: 7
Epoch Done Router: 2
##EPOCH## 1 COMPLETED at Time (K cy): 1,604
Nodes processed until now: 3,714,871
Edges processed until now: 145,827,393
Program Done Worker Thread: 0
Program Done Router Thread: 7
Program Done Worker Thread: 4
Program Done Router Thread: 5
Program Done Router Thread: 2
Program Done Router Thread: 3
Program Done Router Thread: 4
Program Done Router Thread: 1
Program Done Router Thread: 0
Program Done Router Thread: 6
Program Done Worker Thread: 7
Program Done Worker Thread: 5
Program Done Worker Thread: 1
Program Done Worker Thread: 6
Program Done Worker Thread: 2
Program Done Worker Thread: 3

===PRINTING ACUM STATS at pu_cycles: 1,604,962

ACollision In Avg:66, SD:20, Max:167, Min:19
ACollision Out Avg:57, SD:22, Max:137, Min:6
ACollision End Avg:19, SD:9, Max:61, Min:1
ATask1 Avg:5, SD:0, Max:8, Min:5
ATask2 Avg:17, SD:1, Max:23, Min:15
ATask3 Avg:30, SD:5, Max:57, Min:20
ACore Active Avg:54, SD:5, Max:82, Min:42
ARouter Active Avg:66, SD:4, Max:79, Min:28
T1 invocations: 2,769,576
T2 invocations: 4,369,616
T3 invocations: 145,827,393
T3b invocations: 0
Total3 invocations: 145,827,393
Total4 invocations: 128,251

T3/T2 ratio: 33
T3b/T3 ratio: 0

T1 avg ex cycles: 31
T2 avg ex cycles: 64
T3&b avg ex cycles: 3
T4 avg ex cycles: 183
Avg. hops NOC1: 3
Avg. latency NOC1 (T2): 11,521
Avg. hops NOC2: 13
Avg. latency NOC2 (T3): 2,088

Runtime at program end in K cycles: 1,604
Runtime before cooldown in K cycles: 1,100


Number of K Nodes Processed: 3,714
Number of K Edges Processed: 145,827
Node Re-explore factor: 0.89
Edge Re-explore factor: 1.14
Nodes/cy: 2
Edges/cy: 91
TEPS: 80

---DCache---
DCache Size: 125,904
DRAM words: 133,760
  DHits: 220,143,656
  DMisses: 8,998,858
  DHit Rate (hit/miss): 96%
  DEvictions: 1,130,384
  DEviction Rate (evict/misses): 13%
  MC Transactions: 9,560,236
  MC Writes: 408,858
Avg. Transactions: 19% , Writes: 1%, Avg. Latency: 12
Max MC id: 25 of 32. Transactions: 20% , Writes: 1%, MC mean Latency: 12
HBM refresh energy (nJ): 4
HBM access energy (nJ): 18,110,911
MemC wire energy 2.5d (nJ): 4,480,393
MemC wire energy 3d (nJ): 1,120,098

---Energy---
Leakage Energy (nJ): 560,056
PU Dyn E (nJ): 8,784,357
Mem Dyn E (nJ): 53,133,520
Route Dyn E (nJ): 13,555,186
Dynamic Energy (nJ): 75,473,064
Ratio of Dyn/Leak: 135
Total Energy (nJ): 76,033,120
Total Energy (nJ) 3D: 80,026,520
Cores Energy (nJ): 8,788,824
Route Energy (nJ): 13,585,889
Route Energy (nJ) 3D: 20,939,584
Mem Energy   (nJ): 53,658,407
Mem Energy   (nJ) 3D: 50,298,112
Avg. Power (mW): 47,373.78
Power Density (mW/mm2): 50.74

---Runtime---
Runtime in K cycles: 1,604.96
Microseconds: 1,604.96
Time per iteration (ms): 1.60

---Inst---
K Loads: 623,834
K Stores: 625,784
K Instructions: 761,328

---Throughput---
GOP/s (aka OPS/ns): 474.36
GOP/s per core: 0.46
GFLOP/s: 181.72
GFLOP/s per core: 0.18
Max Peak GFLOP/s: 1,024.00
Avg. BW GB/s: 3,114.39
Max BW GB/s: 4,096.00

---Traffic---
In-Die bisection_bytes BW (GB/s): 256.00
Inter-board traffic (msg/ns): 0.00, per-link: 0.00
Inter-pack traffic (msg/ns): 0.00, per-link: 0.00
Inter-die traffic (msg/ns): 64.64, per-link: 0.25
Ruche traffic (msg/ns): 62.75, per-link: 0.25
All traffic (msg/ns): 2,497.69, per-link: 2.44
Inter-die reduction wrt all: 38.64
Inter-board reduction wrt inter-die: inf

---Data Movement---
All traffic (msg): 4,008,696,844
Arith. Intensity FLOP/Loads: 0.47
Arith. Intensity FLOP/Msgs: 0.07
Arith. Intensity OPS/Loads: 1.22
Arith. Intensity OPS/Msgs: 0.19

Simulation time: 101.99
Sim time / DUT time: 62.06
Sim noc_cy/s: 15,736.76
Sim Msg/s: 39,305,534.57

Version 32

