Dataset:  Kron22/
Dry run: 0
Open Edge Count File succesfully
Edges Traversed BFS: 128309848
Found Vertices: 4194304, Edges: 128311436
avg degree 31
Array  Kron22/node_array.bin found
Malloc array of size 16777220 bytes
Readin array of size 16777216 bytes
Finished Reading Array Bytes
No reordering Array 32bit
Array  Kron22/edge_array.bin found
Malloc array of size 513245744 bytes
Readin array of size 513245744 bytes
Finished Reading Array Bytes
No reordering Array 32bit
Array  Kron22/edge_values.bin found
Malloc array of size 513245744 bytes
Readin array of size 513245744 bytes
Finished Reading Array Bytes
No reordering Array 32bit
Reading graph elapsed time: 0.271885s

Dataset Footprint: 522 MiB
Dataset Footprint per Board: 4383.05 Mb
Dataset injection time (ms): 0.26752
Max Dataset Footprint: 1026 MiB

Dataset footprint per tile: 522 KiB
Proxys footprint per tile: 0 KiB
Reserved SRAM per tile: 15 KiB

Ideal SRAM per tile: 537 KiB
reserved_words_for_dataset:12321
dataset_words_per_tile:133760
remaining_sram_words:61606
min_dcache_sram_words_required:12512
dataset_words_per_tile:133760
min_pcache_sram_words_required:0
proxys_words_per_tile:0
Dcache footprint ratio: 3
Dataset Cached: 1
DCache: 60880 words, lines: 3805, sets: 3805
Proxys Cached: 0
Pcache: 0 words, sets: 0
Node per tile: 4,096
Edge per tile: 125,305
GRID_X: 32
GRID_SIZE: 1,024
smt_per_tile: 1
noc_freq: 1
pu_freq: 1
RUCHE_X: 8
PROXY_W: 32
DIE_W: 16
DIE_H: 16
DIES: 4
BORDER_TILES_PER_DIE: 64
PACK_W: 32
PACK_H: 32
DIES_PACK_FACTOR: 2
DIES_PER_PACK: 4
PACKAGES: 1
BOARD_W: 32
BOARD_H: 32
BOARDS: 1
MUX_BUS: 1
DCACHE: 1
PCACHE: 0
PROXY_FACTOR: 1
CACHE_WAYS: 1
TORUS: 1
PHY_NOCS: 1
WIDE_NOC_ID: 0
NOC_CONF: 1
noc_width: 32
hbm_channel_bit_width: 512
ld_st_op_byte_width: 4
PROXY_ROUTING: 0
WITHIN_REGION: 0
WRITE_THROUGH: 1
ASSERT_MODE: 0
GLOBAL_BARRIER: 0
OQ flits: 36 ; 384 ; 2
IQ flits: 288 ; 3,072 ; 2
OQ messages: 12 ; 192 ; 1
IQ messages: 96 ; 1,536 ; 1
max_task2 size: 64
io_factor_t2: 8
io_factor_t3: 8
io_factor_t3b: 8

Active SRAM Storage per tile: 255 KiB
Total SRAM Storage per tile: 256 KiB
Agreggated SRAM Storage: 256 MiB

Active DRAM Storage per tile: 0.509766 MiB
Total DRAM Storage per tile: 32 MiB
Agreggated DRAM Storage: 32 GiB

Inter-Die #links: 512
Inter-Die (Gbits): 16,384
Inter-Die (Gbits/mm): 507.873
Bisection BW of Board (Gbits): 8,192
Border IO #Dies: 8
Border IO Die BW (Gbits): 2,048
Off-Board BW Total (Gbits): 16,384
Off-Board BW Density (Gbits/mm): 139
Die side: 8.07 mm
Die border wire density: 507.87 Gbits/mm
HBM wire density: 507.87 Gbits/mm

Tiles per Die: 256 (16x16)
Tile Area: 0.13 mm2, side: 0.36 mm
- Core/Rout Area: 0.05 mm2
- SRAM Area: 0.07 mm2
- SRAM/Logic Ratio: 1.32x

Dies per Package: 4 (2x2)
Die Area: 65.04 mm2, side: 8.07 mm
- Tiles Area: 32.30 mm2
- PHY Area: 23.74 mm2
- MC Area: 9.00 mm2

Packages per Board: 1 (1x1)
Package Area: 860.18 mm2, side: 29.33 mm
- IOdie Area: 160.00 mm2
- Dies Area: 260.18 mm2
- HBM Area: 440.00 mm2

Boards: 1 (1x1)
Board Area: 860.18 mm2
Total Area: 860.18 mm2



ESTIMATED COST OF SILICON AND PACKAGING. ONLY VARIABLE, NO FIXED COSTS
Good dies per wafer 3d: 511
Good dies per wafer 2d: 862
--Dies 3D Cost: 47.33 $
--Dies 2.5D Cost: 28.06 $
--Dies 2D Cost: 28.06 $
--HBM Cost: 240.00 $
--IOdie Cost: 16.88 $
--Packaging Cost 3d: 11.04 $
--Packaging Cost 2.5d: 16.56 $
--Packaging Cost 2d: 6.74 $
SiP Cost 3d: 315.25 $
SiP Cost 2.5d: 301.50 $
SiP Cost 2d: 51.68 $
--Board Cost: 0.86 $
Total SiPs Cost 3d: 316.11 $
Total SiPs Cost 2.5d: 302.36 $
Total SiPs Cost 2d: 52.54 $

Perf counters initialized
Mesh connected
Cache structures initialized
Replicas initialized
Allocated Frontier List
Dataset structures initialized


Starting Simulation
INIT epoch: 1
INIT epoch: 1
INIT epoch: 1
INIT epoch: 1
INIT epoch: 1
INIT epoch: 1
INIT epoch: 1
INIT epoch: 1

===PRINTING FRAME STATS

FCollision In Avg:-nan, SD:-nan, Max:308, Min:4
FCollision Out Avg:-nan, SD:-nan, Max:303, Min:4
FCollision End Avg:-nan, SD:-nan, Max:184, Min:0
FTask1 Avg:-nan, SD:-nan, Max:9, Min:0
FTask2 Avg:-nan, SD:-nan, Max:61, Min:0
FTask3 Avg:-nan, SD:-nan, Max:74, Min:29
FCore Active Avg:-nan, SD:-nan, Max:99, Min:39
FRouter Active Avg:-nan, SD:-nan, Max:90, Min:29
T1 invocations: 40,580
T2 invocations: 138,230
T3 invocations: 8,227,936
T3b invocations: 0
Total3 invocations: 8,227,936
Total4 invocations: 1,261

T3/T2 ratio: 60
T3b/T3 ratio: 0

T1 avg ex cycles: 54
T2 avg ex cycles: 126
T3&b avg ex cycles: 6
T4 avg ex cycles: 288
Avg. hops NOC1: 3
Avg. latency NOC1 (T2): 29,924
Avg. hops NOC2: 14
Avg. latency NOC2 (T3): 2,503

===PRINTING ACUM STATS at pu_cycles: 100,703

ACollision In Avg:-nan, SD:-nan, Max:308, Min:4
ACollision Out Avg:-nan, SD:-nan, Max:303, Min:4
ACollision End Avg:-nan, SD:-nan, Max:184, Min:0
ATask1 Avg:-nan, SD:-nan, Max:9, Min:0
ATask2 Avg:-nan, SD:-nan, Max:61, Min:0
ATask3 Avg:-nan, SD:-nan, Max:74, Min:29
ACore Active Avg:-nan, SD:-nan, Max:99, Min:39
ARouter Active Avg:-nan, SD:-nan, Max:90, Min:29
T1 invocations: 40,580
T2 invocations: 138,230
T3 invocations: 8,227,936
T3b invocations: 0
Total3 invocations: 8,227,936
Total4 invocations: 1,261

T3/T2 ratio: 60
T3b/T3 ratio: 0

T1 avg ex cycles: 54
T2 avg ex cycles: 126
T3&b avg ex cycles: 6
T4 avg ex cycles: 288
Avg. hops NOC1: 3
Avg. latency NOC1 (T2): 29,924
Avg. hops NOC2: 14
Avg. latency NOC2 (T3): 2,503
Number of K Nodes Processed: 1,419
Number of K Edges Processed: 8,561
Node Re-explore factor: 0.34
Edge Re-explore factor: 0.07
Nodes/cy: 14
Edges/cy: 85
TEPS: 1,274

---DCache---
DCache Size: 60,880
DRAM words: 133,760
  DHits: 13,603,772
  DMisses: 851,561
  DHit Rate (hit/miss): 94%
  DEvictions: 100,273
  DEviction Rate (evict/misses): 12%
  MC Transactions: 922,566
  MC Writes: 51,493
Avg. Transactions: 29% , Writes: 2%, Avg. Latency: 15
Max MC id: 31 of 32. Transactions: 40% , Writes: 1%, MC mean Latency: 15
HBM refresh energy (nJ): 0
HBM access energy (nJ): 1,747,709
MemC wire energy 2.5d (nJ): 345,206
MemC wire energy 3d (nJ): 86,301

---Energy---
Leakage Energy (nJ): 18,641
PU Dyn E (nJ): 540,645
Mem Dyn E (nJ): 3,565,128
Route Dyn E (nJ): 675,532
Dynamic Energy (nJ): 4,781,306
Ratio of Dyn/Leak: 256
Total Energy (nJ): 4,799,947
Total Energy (nJ) 3D: 4,984,954
Cores Energy (nJ): 540,926
Route Energy (nJ): 677,459
Route Energy (nJ) 3D: 1,121,370
Mem Energy   (nJ): 3,581,563
Mem Energy   (nJ) 3D: 3,322,659
Avg. Power (mW): 47,664.39
Power Density (mW/mm2): 55.41

---Runtime---
Runtime in K cycles: 100.70
Microseconds: 100.70
Time per iteration (ms): 0.10

---Throughput---
GOP/s (aka OPS/ns): 513.11
GOP/s per core: 0.50
GFLOP/s: 166.30
GFLOP/s per core: 0.16
Max Peak GFLOP/s: 1,024.00
Avg. BW GB/s: 3,174.25
Max BW GB/s: 4,096.00

---Traffic---
In-Die bisection_bytes BW (GB/s): 256.00
Inter-board traffic (msg/ns): 0.00, per-link: 0.00
Inter-pack traffic (msg/ns): 0.00, per-link: 0.00
Inter-die traffic (msg/ns): 61.73, per-link: 0.24
Ruche traffic (msg/ns): 53.40, per-link: 0.21
All traffic (msg/ns): 2,434.74, per-link: 2.38
Inter-die reduction wrt all: 39.44
Inter-board reduction wrt inter-die: inf

---Data Movement---
All traffic (msg): 245,185,689
Arith. Intensity FLOP/Loads: 0.42
Arith. Intensity FLOP/Msgs: 0.07
Arith. Intensity OPS/Loads: 1.30
Arith. Intensity OPS/Msgs: 0.21



===Core Utilization Total=== CORE-S:1;; TIME K cy:100 ;; Nodes Proc: 178,693 -- Edges Proc: 1,068,352

===PRINTING FRAME STATS

FCollision In Avg:121, SD:39, Max:308, Min:11
FCollision Out Avg:111, SD:46, Max:268, Min:4
FCollision End Avg:37, SD:37, Max:200, Min:0
FTask1 Avg:3, SD:2, Max:13, Min:0
FTask2 Avg:24, SD:15, Max:62, Min:0
FTask3 Avg:45, SD:6, Max:71, Min:29
FCore Active Avg:71, SD:16, Max:100, Min:33
FRouter Active Avg:86, SD:4, Max:95, Min:46
T1 invocations: 61,057
T2 invocations: 204,834
T3 invocations: 11,984,985
T3b invocations: 0
Total3 invocations: 11,984,985
Total4 invocations: 500

T3/T2 ratio: 59
T3b/T3 ratio: 0

T1 avg ex cycles: 43
T2 avg ex cycles: 118
T3&b avg ex cycles: 4
T4 avg ex cycles: 564
Avg. hops NOC1: 2
Avg. latency NOC1 (T2): 32,056
Avg. hops NOC2: 13
Avg. latency NOC2 (T3): 2,478

===PRINTING ACUM STATS at pu_cycles: 200,669

ACollision In Avg:118, SD:35, Max:278, Min:24
ACollision Out Avg:113, SD:41, Max:251, Min:8
ACollision End Avg:38, SD:30, Max:181, Min:0
ATask1 Avg:2, SD:2, Max:10, Min:0
ATask2 Avg:20, SD:12, Max:55, Min:0
ATask3 Avg:46, SD:6, Max:68, Min:34
ACore Active Avg:69, SD:12, Max:98, Min:37
ARouter Active Avg:78, SD:5, Max:91, Min:39
T1 invocations: 101,564
T2 invocations: 343,388
T3 invocations: 20,203,983
T3b invocations: 0
Total3 invocations: 20,203,983
Total4 invocations: 1,759

T3/T2 ratio: 59
T3b/T3 ratio: 0

T1 avg ex cycles: 47
T2 avg ex cycles: 121
T3&b avg ex cycles: 5
T4 avg ex cycles: 367
Avg. hops NOC1: 3
Avg. latency NOC1 (T2): 31,194
Avg. hops NOC2: 13
Avg. latency NOC2 (T3): 2,486
Number of K Nodes Processed: 2,154
Number of K Edges Processed: 20,524
Node Re-explore factor: 0.51
Edge Re-explore factor: 0.16
Nodes/cy: 11
Edges/cy: 102
TEPS: 639

---DCache---
DCache Size: 60,880
DRAM words: 133,760
  DHits: 31,354,531
  DMisses: 1,667,974
  DHit Rate (hit/miss): 95%
  DEvictions: 315,326
  DEviction Rate (evict/misses): 19%
  MC Transactions: 1,830,205
  MC Writes: 126,901
Avg. Transactions: 29% , Writes: 2%, Avg. Latency: 14
Max MC id: 31 of 32. Transactions: 40% , Writes: 2%, MC mean Latency: 14
HBM refresh energy (nJ): 0
HBM access energy (nJ): 3,467,140
MemC wire energy 2.5d (nJ): 684,826
MemC wire energy 3d (nJ): 171,207

---Energy---
Leakage Energy (nJ): 37,146
PU Dyn E (nJ): 1,248,203
Mem Dyn E (nJ): 7,533,911
Route Dyn E (nJ): 1,609,996
Dynamic Energy (nJ): 10,392,109
Ratio of Dyn/Leak: 280
Total Energy (nJ): 10,429,255
Total Energy (nJ) 3D: 10,967,640
Cores Energy (nJ): 1,248,761
Route Energy (nJ): 1,613,835
Route Energy (nJ) 3D: 2,665,839
Mem Energy   (nJ): 7,566,660
Mem Energy   (nJ) 3D: 7,053,040
Avg. Power (mW): 51,972.43
Power Density (mW/mm2): 60.42

---Runtime---
Runtime in K cycles: 200.67
Microseconds: 200.67
Time per iteration (ms): 0.20

---Throughput---
GOP/s (aka OPS/ns): 554.10
GOP/s per core: 0.54
GFLOP/s: 202.77
GFLOP/s per core: 0.20
Max Peak GFLOP/s: 1,024.00
Avg. BW GB/s: 3,663.37
Max BW GB/s: 4,096.00

---Traffic---
In-Die bisection_bytes BW (GB/s): 256.00
Inter-board traffic (msg/ns): 0.00, per-link: 0.00
Inter-pack traffic (msg/ns): 0.00, per-link: 0.00
Inter-die traffic (msg/ns): 74.35, per-link: 0.29
Ruche traffic (msg/ns): 65.63, per-link: 0.26
All traffic (msg/ns): 2,877.38, per-link: 2.81
Inter-die reduction wrt all: 38.70
Inter-board reduction wrt inter-die: inf

---Data Movement---
All traffic (msg): 577,401,310
Arith. Intensity FLOP/Loads: 0.45
Arith. Intensity FLOP/Msgs: 0.07
Arith. Intensity OPS/Loads: 1.22
Arith. Intensity OPS/Msgs: 0.19



===Core Utilization Total=== CORE-S:2;; TIME K cy:200 ;; Nodes Proc: 269,909 -- Edges Proc: 2,516,636

===PRINTING FRAME STATS

FCollision In Avg:119, SD:38, Max:300, Min:15
FCollision Out Avg:107, SD:48, Max:258, Min:1
FCollision End Avg:35, SD:35, Max:112, Min:0
FTask1 Avg:3, SD:3, Max:20, Min:0
FTask2 Avg:24, SD:15, Max:63, Min:0
FTask3 Avg:42, SD:6, Max:71, Min:28
FCore Active Avg:69, SD:16, Max:100, Min:30
FRouter Active Avg:87, SD:4, Max:94, Min:48
T1 invocations: 84,337
T2 invocations: 228,105
T3 invocations: 12,212,742
T3b invocations: 0
Total3 invocations: 12,212,742
Total4 invocations: 871

T3/T2 ratio: 54
T3b/T3 ratio: 0

T1 avg ex cycles: 38
T2 avg ex cycles: 107
T3&b avg ex cycles: 3
T4 avg ex cycles: 561
Avg. hops NOC1: 2
Avg. latency NOC1 (T2): 26,531
Avg. hops NOC2: 13
Avg. latency NOC2 (T3): 2,154

===PRINTING ACUM STATS at pu_cycles: 300,928

ACollision In Avg:118, SD:33, Max:280, Min:37
ACollision Out Avg:111, SD:39, Max:245, Min:10
ACollision End Avg:37, SD:27, Max:150, Min:0
ATask1 Avg:3, SD:2, Max:11, Min:0
ATask2 Avg:21, SD:11, Max:55, Min:0
ATask3 Avg:44, SD:5, Max:66, Min:33
ACore Active Avg:69, SD:11, Max:99, Min:40
ARouter Active Avg:81, SD:4, Max:91, Min:42
T1 invocations: 186,347
T2 invocations: 571,379
T3 invocations: 32,428,289
T3b invocations: 0
Total3 invocations: 32,428,289
Total4 invocations: 2,637

T3/T2 ratio: 57
T3b/T3 ratio: 0

T1 avg ex cycles: 43
T2 avg ex cycles: 115
T3&b avg ex cycles: 4
T4 avg ex cycles: 431
Avg. hops NOC1: 3
Avg. latency NOC1 (T2): 29,312
Avg. hops NOC2: 13
Avg. latency NOC2 (T3): 2,361
Number of K Nodes Processed: 2,575
Number of K Edges Processed: 32,756
Node Re-explore factor: 0.61
Edge Re-explore factor: 0.26
Nodes/cy: 9
Edges/cy: 109
TEPS: 426

---DCache---
DCache Size: 60,880
DRAM words: 133,760
  DHits: 49,153,480
  DMisses: 2,489,549
  DHit Rate (hit/miss): 95%
  DEvictions: 616,221
  DEviction Rate (evict/misses): 25%
  MC Transactions: 2,738,596
  MC Writes: 197,465
Avg. Transactions: 28% , Writes: 2%, Avg. Latency: 13
Max MC id: 31 of 32. Transactions: 40% , Writes: 2%, MC mean Latency: 13
HBM refresh energy (nJ): 0
HBM access energy (nJ): 5,187,996
MemC wire energy 2.5d (nJ): 1,024,728
MemC wire energy 3d (nJ): 256,182

---Energy---
Leakage Energy (nJ): 55,706
PU Dyn E (nJ): 1,959,092
Mem Dyn E (nJ): 11,500,484
Route Dyn E (nJ): 2,571,353
Dynamic Energy (nJ): 16,030,929
Ratio of Dyn/Leak: 288
Total Energy (nJ): 16,086,635
Total Energy (nJ) 3D: 16,996,361
Cores Energy (nJ): 1,959,930
Route Energy (nJ): 2,577,110
Route Energy (nJ) 3D: 4,255,382
Mem Energy   (nJ): 11,549,596
Mem Energy   (nJ) 3D: 10,781,050
Avg. Power (mW): 53,456.76
Power Density (mW/mm2): 62.15

---Runtime---
Runtime in K cycles: 300.93
Microseconds: 300.93
Time per iteration (ms): 0.30

---Throughput---
GOP/s (aka OPS/ns): 563.48
GOP/s per core: 0.55
GFLOP/s: 216.34
GFLOP/s per core: 0.21
Max Peak GFLOP/s: 1,024.00
Avg. BW GB/s: 3,819.59
Max BW GB/s: 4,096.00

---Traffic---
In-Die bisection_bytes BW (GB/s): 256.00
Inter-board traffic (msg/ns): 0.00, per-link: 0.00
Inter-pack traffic (msg/ns): 0.00, per-link: 0.00
Inter-die traffic (msg/ns): 79.21, per-link: 0.31
Ruche traffic (msg/ns): 70.37, per-link: 0.27
All traffic (msg/ns): 3,053.29, per-link: 2.98
Inter-die reduction wrt all: 38.55
Inter-board reduction wrt inter-die: inf

---Data Movement---
All traffic (msg): 918,820,919
Arith. Intensity FLOP/Loads: 0.46
Arith. Intensity FLOP/Msgs: 0.07
Arith. Intensity OPS/Loads: 1.19
Arith. Intensity OPS/Msgs: 0.18



===Core Utilization Total=== CORE-S:3;; TIME K cy:300 ;; Nodes Proc: 322,476 -- Edges Proc: 4,075,372

===PRINTING FRAME STATS

FCollision In Avg:113, SD:36, Max:299, Min:10
FCollision Out Avg:99, SD:48, Max:281, Min:2
FCollision End Avg:31, SD:34, Max:170, Min:0
FTask1 Avg:4, SD:4, Max:32, Min:0
FTask2 Avg:24, SD:15, Max:67, Min:0
FTask3 Avg:41, SD:6, Max:73, Min:28
FCore Active Avg:70, SD:16, Max:100, Min:29
FRouter Active Avg:88, SD:4, Max:95, Min:45
T1 invocations: 117,794
T2 invocations: 263,422
T3 invocations: 12,520,709
T3b invocations: 0
Total3 invocations: 12,520,709
Total4 invocations: 1,456

T3/T2 ratio: 48
T3b/T3 ratio: 0

T1 avg ex cycles: 35
T2 avg ex cycles: 93
T3&b avg ex cycles: 3
T4 avg ex cycles: 559
Avg. hops NOC1: 2
Avg. latency NOC1 (T2): 21,564
Avg. hops NOC2: 13
Avg. latency NOC2 (T3): 2,001

===PRINTING ACUM STATS at pu_cycles: 400,779

ACollision In Avg:117, SD:31, Max:267, Min:38
ACollision Out Avg:108, SD:38, Max:227, Min:11
ACollision End Avg:35, SD:24, Max:115, Min:0
ATask1 Avg:3, SD:2, Max:16, Min:0
ATask2 Avg:22, SD:10, Max:56, Min:0
ATask3 Avg:44, SD:5, Max:66, Min:33
ACore Active Avg:69, SD:11, Max:98, Min:40
ARouter Active Avg:82, SD:4, Max:91, Min:43
T1 invocations: 303,995
T2 invocations: 834,219
T3 invocations: 44,921,490
T3b invocations: 0
Total3 invocations: 44,921,490
Total4 invocations: 4,095

T3/T2 ratio: 54
T3b/T3 ratio: 0

T1 avg ex cycles: 40
T2 avg ex cycles: 108
T3&b avg ex cycles: 4
T4 avg ex cycles: 477
Avg. hops NOC1: 3
Avg. latency NOC1 (T2): 26,856
Avg. hops NOC2: 13
Avg. latency NOC2 (T3): 2,262
Number of K Nodes Processed: 2,842
Number of K Edges Processed: 45,269
Node Re-explore factor: 0.68
Edge Re-explore factor: 0.35
Nodes/cy: 7
Edges/cy: 113
TEPS: 320

---DCache---
DCache Size: 60,880
DRAM words: 133,760
  DHits: 67,072,989
  DMisses: 3,322,127
  DHit Rate (hit/miss): 95%
  DEvictions: 1,008,336
  DEviction Rate (evict/misses): 30%
  MC Transactions: 3,660,435
  MC Writes: 269,482
Avg. Transactions: 29% , Writes: 2%, Avg. Latency: 13
Max MC id: 31 of 32. Transactions: 39% , Writes: 3%, MC mean Latency: 13
HBM refresh energy (nJ): 1
HBM access energy (nJ): 6,934,328
MemC wire energy 2.5d (nJ): 1,369,662
MemC wire energy 3d (nJ): 342,416

---Energy---
Leakage Energy (nJ): 74,189
PU Dyn E (nJ): 2,684,685
Mem Dyn E (nJ): 15,521,755
Route Dyn E (nJ): 3,552,938
Dynamic Energy (nJ): 21,759,379
Ratio of Dyn/Leak: 293
Total Energy (nJ): 21,833,568
Total Energy (nJ) 3D: 23,124,570
Cores Energy (nJ): 2,685,801
Route Energy (nJ): 3,560,605
Route Energy (nJ) 3D: 5,878,854
Mem Energy   (nJ): 15,587,162
Mem Energy   (nJ) 3D: 14,559,916
Avg. Power (mW): 54,477.83
Power Density (mW/mm2): 63.33

---Runtime---
Runtime in K cycles: 400.78
Microseconds: 400.78
Time per iteration (ms): 0.40

---Throughput---
GOP/s (aka OPS/ns): 571.20
GOP/s per core: 0.56
GFLOP/s: 224.75
GFLOP/s per core: 0.22
Max Peak GFLOP/s: 1,024.00
Avg. BW GB/s: 3,915.81
Max BW GB/s: 4,096.00

---Traffic---
In-Die bisection_bytes BW (GB/s): 256.00
Inter-board traffic (msg/ns): 0.00, per-link: 0.00
Inter-pack traffic (msg/ns): 0.00, per-link: 0.00
Inter-die traffic (msg/ns): 82.18, per-link: 0.32
Ruche traffic (msg/ns): 73.13, per-link: 0.29
All traffic (msg/ns): 3,162.87, per-link: 3.09
Inter-die reduction wrt all: 38.49
Inter-board reduction wrt inter-die: inf

---Data Movement---
All traffic (msg): 1,267,612,156
Arith. Intensity FLOP/Loads: 0.46
Arith. Intensity FLOP/Msgs: 0.07
Arith. Intensity OPS/Loads: 1.17
Arith. Intensity OPS/Msgs: 0.18



===Core Utilization Total=== CORE-S:4;; TIME K cy:400 ;; Nodes Proc: 355,701 -- Edges Proc: 5,672,732

===PRINTING FRAME STATS

FCollision In Avg:108, SD:37, Max:292, Min:17
FCollision Out Avg:91, SD:46, Max:309, Min:1
FCollision End Avg:28, SD:31, Max:157, Min:0
FTask1 Avg:5, SD:5, Max:28, Min:0
FTask2 Avg:25, SD:14, Max:69, Min:0
FTask3 Avg:41, SD:7, Max:77, Min:26
FCore Active Avg:72, SD:16, Max:100, Min:26
FRouter Active Avg:89, SD:4, Max:95, Min:43
T1 invocations: 160,432
T2 invocations: 308,324
T3 invocations: 12,951,379
T3b invocations: 0
Total3 invocations: 12,951,379
Total4 invocations: 2,320

T3/T2 ratio: 42
T3b/T3 ratio: 0

T1 avg ex cycles: 33
T2 avg ex cycles: 82
T3&b avg ex cycles: 3
T4 avg ex cycles: 521
Avg. hops NOC1: 2
Avg. latency NOC1 (T2): 16,685
Avg. hops NOC2: 13
Avg. latency NOC2 (T3): 2,062

===PRINTING ACUM STATS at pu_cycles: 500,974

ACollision In Avg:115, SD:30, Max:261, Min:50
ACollision Out Avg:105, SD:36, Max:238, Min:11
ACollision End Avg:34, SD:22, Max:114, Min:0
ATask1 Avg:3, SD:2, Max:16, Min:0
ATask2 Avg:23, SD:9, Max:56, Min:0
ATask3 Avg:43, SD:5, Max:68, Min:32
ACore Active Avg:70, SD:11, Max:98, Min:40
ARouter Active Avg:84, SD:4, Max:92, Min:43
T1 invocations: 464,584
T2 invocations: 1,143,180
T3 invocations: 57,892,100
T3b invocations: 0
Total3 invocations: 57,892,100
Total4 invocations: 6,421

T3/T2 ratio: 51
T3b/T3 ratio: 0

T1 avg ex cycles: 37
T2 avg ex cycles: 101
T3&b avg ex cycles: 4
T4 avg ex cycles: 493
Avg. hops NOC1: 3
Avg. latency NOC1 (T2): 24,111
Avg. hops NOC2: 13
Avg. latency NOC2 (T3): 2,216
Number of K Nodes Processed: 3,040
Number of K Edges Processed: 58,263
Node Re-explore factor: 0.72
Edge Re-explore factor: 0.45
Nodes/cy: 6
Edges/cy: 116
TEPS: 256

---DCache---
DCache Size: 60,880
DRAM words: 133,760
  DHits: 85,531,570
  DMisses: 4,180,525
  DHit Rate (hit/miss): 95%
  DEvictions: 1,498,479
  DEviction Rate (evict/misses): 36%
  MC Transactions: 4,608,727
  MC Writes: 340,634
Avg. Transactions: 29% , Writes: 2%, Avg. Latency: 13
Max MC id: 31 of 32. Transactions: 39% , Writes: 3%, MC mean Latency: 12
HBM refresh energy (nJ): 1
HBM access energy (nJ): 8,730,772
MemC wire energy 2.5d (nJ): 1,724,494
MemC wire energy 3d (nJ): 431,124

---Energy---
Leakage Energy (nJ): 92,737
PU Dyn E (nJ): 3,444,041
Mem Dyn E (nJ): 19,676,615
Route Dyn E (nJ): 4,572,994
Dynamic Energy (nJ): 27,693,650
Ratio of Dyn/Leak: 299
Total Energy (nJ): 27,786,387
Total Energy (nJ) 3D: 29,474,708
Cores Energy (nJ): 3,445,436
Route Energy (nJ): 4,582,578
Route Energy (nJ) 3D: 7,564,269
Mem Energy   (nJ): 19,758,374
Mem Energy   (nJ) 3D: 18,465,003
Avg. Power (mW): 55,464.73
Power Density (mW/mm2): 64.48

---Runtime---
Runtime in K cycles: 500.97
Microseconds: 500.97
Time per iteration (ms): 0.50

---Throughput---
GOP/s (aka OPS/ns): 581.89
GOP/s per core: 0.57
GFLOP/s: 231.73
GFLOP/s per core: 0.23
Max Peak GFLOP/s: 1,024.00
Avg. BW GB/s: 4,003.96
Max BW GB/s: 4,096.00

---Traffic---
In-Die bisection_bytes BW (GB/s): 256.00
Inter-board traffic (msg/ns): 0.00, per-link: 0.00
Inter-pack traffic (msg/ns): 0.00, per-link: 0.00
Inter-die traffic (msg/ns): 84.52, per-link: 0.33
Ruche traffic (msg/ns): 75.73, per-link: 0.30
All traffic (msg/ns): 3,252.61, per-link: 3.18
Inter-die reduction wrt all: 38.48
Inter-board reduction wrt inter-die: inf

---Data Movement---
All traffic (msg): 1,629,473,162
Arith. Intensity FLOP/Loads: 0.47
Arith. Intensity FLOP/Msgs: 0.07
Arith. Intensity OPS/Loads: 1.17
Arith. Intensity OPS/Msgs: 0.18



===Core Utilization Total=== CORE-S:5;; TIME K cy:500 ;; Nodes Proc: 380,155 -- Edges Proc: 7,325,888

===PRINTING FRAME STATS

FCollision In Avg:102, SD:36, Max:262, Min:9
FCollision Out Avg:82, SD:44, Max:225, Min:2
FCollision End Avg:25, SD:29, Max:125, Min:0
FTask1 Avg:6, SD:5, Max:29, Min:0
FTask2 Avg:26, SD:14, Max:65, Min:0
FTask3 Avg:42, SD:7, Max:85, Min:27
FCore Active Avg:75, SD:16, Max:100, Min:30
FRouter Active Avg:90, SD:4, Max:96, Min:47
T1 invocations: 209,734
T2 invocations: 358,322
T3 invocations: 13,407,919
T3b invocations: 0
Total3 invocations: 13,407,919
Total4 invocations: 3,133

T3/T2 ratio: 37
T3b/T3 ratio: 0

T1 avg ex cycles: 32
T2 avg ex cycles: 73
T3&b avg ex cycles: 3
T4 avg ex cycles: 531
Avg. hops NOC1: 2
Avg. latency NOC1 (T2): 13,267
Avg. hops NOC2: 13
Avg. latency NOC2 (T3): 2,181

===PRINTING ACUM STATS at pu_cycles: 601,014

ACollision In Avg:113, SD:29, Max:252, Min:46
ACollision Out Avg:101, SD:35, Max:232, Min:10
ACollision End Avg:32, SD:20, Max:107, Min:0
ATask1 Avg:4, SD:2, Max:13, Min:0
ATask2 Avg:23, SD:9, Max:48, Min:0
ATask3 Avg:43, SD:6, Max:71, Min:31
ACore Active Avg:71, SD:11, Max:98, Min:38
ARouter Active Avg:85, SD:3, Max:92, Min:43
T1 invocations: 674,097
T2 invocations: 1,499,545
T3 invocations: 71,262,015
T3b invocations: 0
Total3 invocations: 71,262,015
Total4 invocations: 9,553

T3/T2 ratio: 48
T3b/T3 ratio: 0

T1 avg ex cycles: 36
T2 avg ex cycles: 95
T3&b avg ex cycles: 4
T4 avg ex cycles: 505
Avg. hops NOC1: 2
Avg. latency NOC1 (T2): 21,532
Avg. hops NOC2: 13
Avg. latency NOC2 (T3): 2,209
Number of K Nodes Processed: 3,189
Number of K Edges Processed: 71,691
Node Re-explore factor: 0.76
Edge Re-explore factor: 0.56
Nodes/cy: 5
Edges/cy: 119
TEPS: 213

---DCache---
DCache Size: 60,880
DRAM words: 133,760
  DHits: 104,531,768
  DMisses: 5,069,811
  DHit Rate (hit/miss): 95%
  DEvictions: 2,074,865
  DEviction Rate (evict/misses): 41%
  MC Transactions: 5,589,645
  MC Writes: 411,721
Avg. Transactions: 29% , Writes: 2%, Avg. Latency: 13
Max MC id: 31 of 32. Transactions: 38% , Writes: 3%, MC mean Latency: 12
HBM refresh energy (nJ): 1
HBM access energy (nJ): 10,589,023
MemC wire energy 2.5d (nJ): 2,091,534
MemC wire energy 3d (nJ): 522,884

---Energy---
Leakage Energy (nJ): 111,255
PU Dyn E (nJ): 4,230,271
Mem Dyn E (nJ): 23,963,054
Route Dyn E (nJ): 5,626,534
Dynamic Energy (nJ): 33,819,859
Ratio of Dyn/Leak: 304
Total Energy (nJ): 33,931,114
Total Energy (nJ) 3D: 36,027,145
Cores Energy (nJ): 4,231,944
Route Energy (nJ): 5,638,031
Route Energy (nJ) 3D: 9,302,714
Mem Energy   (nJ): 24,061,139
Mem Energy   (nJ) 3D: 22,492,489
Avg. Power (mW): 56,456.45
Power Density (mW/mm2): 65.63

---Runtime---
Runtime in K cycles: 601.01
Microseconds: 601.01
Time per iteration (ms): 0.60

---Throughput---
GOP/s (aka OPS/ns): 594.35
GOP/s per core: 0.58
GFLOP/s: 237.61
GFLOP/s per core: 0.23
Max Peak GFLOP/s: 1,024.00
Avg. BW GB/s: 4,084.63
Max BW GB/s: 4,096.00

---Traffic---
In-Die bisection_bytes BW (GB/s): 256.00
Inter-board traffic (msg/ns): 0.00, per-link: 0.00
Inter-pack traffic (msg/ns): 0.00, per-link: 0.00
Inter-die traffic (msg/ns): 86.65, per-link: 0.34
Ruche traffic (msg/ns): 78.20, per-link: 0.31
All traffic (msg/ns): 3,332.01, per-link: 3.25
Inter-die reduction wrt all: 38.45
Inter-board reduction wrt inter-die: inf

---Data Movement---
All traffic (msg): 2,002,581,818
Arith. Intensity FLOP/Loads: 0.47
Arith. Intensity FLOP/Msgs: 0.07
Arith. Intensity OPS/Loads: 1.17
Arith. Intensity OPS/Msgs: 0.18



===Core Utilization Total=== CORE-S:6;; TIME K cy:600 ;; Nodes Proc: 398,807 -- Edges Proc: 9,005,726

===PRINTING FRAME STATS

FCollision In Avg:97, SD:36, Max:262, Min:10
FCollision Out Avg:75, SD:41, Max:201, Min:3
FCollision End Avg:23, SD:26, Max:105, Min:0
FTask1 Avg:8, SD:6, Max:30, Min:0
FTask2 Avg:26, SD:14, Max:65, Min:0
FTask3 Avg:42, SD:7, Max:89, Min:27
FCore Active Avg:78, SD:15, Max:100, Min:37
FRouter Active Avg:90, SD:4, Max:97, Min:50
T1 invocations: 255,909
T2 invocations: 406,268
T3 invocations: 13,640,379
T3b invocations: 0
Total3 invocations: 13,640,379
Total4 invocations: 4,494

T3/T2 ratio: 34
T3b/T3 ratio: 0

T1 avg ex cycles: 31
T2 avg ex cycles: 66
T3&b avg ex cycles: 3
T4 avg ex cycles: 462
Avg. hops NOC1: 2
Avg. latency NOC1 (T2): 10,761
Avg. hops NOC2: 13
Avg. latency NOC2 (T3): 2,274

===PRINTING ACUM STATS at pu_cycles: 700,992

ACollision In Avg:111, SD:29, Max:250, Min:45
ACollision Out Avg:97, SD:34, Max:223, Min:10
ACollision End Avg:31, SD:18, Max:97, Min:0
ATask1 Avg:4, SD:2, Max:12, Min:0
ATask2 Avg:24, SD:8, Max:45, Min:0
ATask3 Avg:43, SD:6, Max:73, Min:31
ACore Active Avg:72, SD:10, Max:98, Min:41
ARouter Active Avg:86, SD:3, Max:93, Min:44
T1 invocations: 928,902
T2 invocations: 1,903,737
T3 invocations: 84,861,258
T3b invocations: 0
Total3 invocations: 84,861,258
Total4 invocations: 14,036

T3/T2 ratio: 45
T3b/T3 ratio: 0

T1 avg ex cycles: 34
T2 avg ex cycles: 89
T3&b avg ex cycles: 4
T4 avg ex cycles: 492
Avg. hops NOC1: 2
Avg. latency NOC1 (T2): 19,255
Avg. hops NOC2: 13
Avg. latency NOC2 (T3): 2,219
Number of K Nodes Processed: 3,316
Number of K Edges Processed: 85,359
Node Re-explore factor: 0.79
Edge Re-explore factor: 0.67
Nodes/cy: 5
Edges/cy: 122
TEPS: 183

---DCache---
DCache Size: 60,880
DRAM words: 133,760
  DHits: 123,920,971
  DMisses: 5,978,501
  DHit Rate (hit/miss): 95%
  DEvictions: 2,735,927
  DEviction Rate (evict/misses): 46%
  MC Transactions: 6,593,992
  MC Writes: 486,535
Avg. Transactions: 29% , Writes: 2%, Avg. Latency: 12
Max MC id: 31 of 32. Transactions: 37% , Writes: 3%, MC mean Latency: 12
HBM refresh energy (nJ): 2
HBM access energy (nJ): 12,491,658
MemC wire energy 2.5d (nJ): 2,467,341
MemC wire energy 3d (nJ): 616,835

---Energy---
Leakage Energy (nJ): 129,763
PU Dyn E (nJ): 5,038,596
Mem Dyn E (nJ): 28,347,740
Route Dyn E (nJ): 6,692,822
Dynamic Energy (nJ): 40,079,159
Ratio of Dyn/Leak: 309
Total Energy (nJ): 40,208,922
Total Energy (nJ) 3D: 42,712,522
Cores Energy (nJ): 5,040,548
Route Energy (nJ): 6,706,233
Route Energy (nJ) 3D: 11,060,339
Mem Energy   (nJ): 28,462,142
Mem Energy   (nJ) 3D: 26,611,636
Avg. Power (mW): 57,360.03
Power Density (mW/mm2): 66.68

---Runtime---
Runtime in K cycles: 700.99
Microseconds: 700.99
Time per iteration (ms): 0.70

---Throughput---
GOP/s (aka OPS/ns): 607.22
GOP/s per core: 0.59
GFLOP/s: 242.58
GFLOP/s per core: 0.24
Max Peak GFLOP/s: 1,024.00
Avg. BW GB/s: 4,156.79
Max BW GB/s: 4,096.00

---Traffic---
In-Die bisection_bytes BW (GB/s): 256.00
Inter-board traffic (msg/ns): 0.00, per-link: 0.00
Inter-pack traffic (msg/ns): 0.00, per-link: 0.00
Inter-die traffic (msg/ns): 88.28, per-link: 0.34
Ruche traffic (msg/ns): 80.40, per-link: 0.31
All traffic (msg/ns): 3,395.30, per-link: 3.32
Inter-die reduction wrt all: 38.46
Inter-board reduction wrt inter-die: inf

---Data Movement---
All traffic (msg): 2,380,079,975
Arith. Intensity FLOP/Loads: 0.47
Arith. Intensity FLOP/Msgs: 0.07
Arith. Intensity OPS/Loads: 1.17
Arith. Intensity OPS/Msgs: 0.18



===Core Utilization Total=== CORE-S:7;; TIME K cy:700 ;; Nodes Proc: 414,682 -- Edges Proc: 10,773,419

===PRINTING FRAME STATS

FCollision In Avg:90, SD:37, Max:299, Min:4
FCollision Out Avg:69, SD:39, Max:250, Min:1
FCollision End Avg:22, SD:25, Max:136, Min:0
FTask1 Avg:9, SD:7, Max:41, Min:0
FTask2 Avg:26, SD:15, Max:68, Min:0
FTask3 Avg:42, SD:7, Max:92, Min:25
FCore Active Avg:80, SD:15, Max:100, Min:36
FRouter Active Avg:90, SD:4, Max:97, Min:36
T1 invocations: 302,727
T2 invocations: 448,783
T3 invocations: 13,636,752
T3b invocations: 0
Total3 invocations: 13,636,752
Total4 invocations: 7,664

T3/T2 ratio: 30
T3b/T3 ratio: 0

T1 avg ex cycles: 30
T2 avg ex cycles: 60
T3&b avg ex cycles: 3
T4 avg ex cycles: 333
Avg. hops NOC1: 2
Avg. latency NOC1 (T2): 8,763
Avg. hops NOC2: 13
Avg. latency NOC2 (T3): 2,380

===PRINTING ACUM STATS at pu_cycles: 801,218

ACollision In Avg:108, SD:29, Max:242, Min:41
ACollision Out Avg:94, SD:33, Max:216, Min:10
ACollision End Avg:30, SD:16, Max:97, Min:0
ATask1 Avg:5, SD:2, Max:11, Min:0
ATask2 Avg:24, SD:7, Max:42, Min:0
ATask3 Avg:43, SD:6, Max:76, Min:30
ACore Active Avg:73, SD:10, Max:97, Min:41
ARouter Active Avg:86, SD:3, Max:93, Min:43
T1 invocations: 1,235,975
T2 invocations: 2,357,133
T3 invocations: 98,624,870
T3b invocations: 0
Total3 invocations: 98,624,870
Total4 invocations: 21,774

T3/T2 ratio: 42
T3b/T3 ratio: 0

T1 avg ex cycles: 33
T2 avg ex cycles: 83
T3&b avg ex cycles: 4
T4 avg ex cycles: 436
Avg. hops NOC1: 2
Avg. latency NOC1 (T2): 17,230
Avg. hops NOC2: 13
Avg. latency NOC2 (T3): 2,242
Number of K Nodes Processed: 3,425
Number of K Edges Processed: 99,019
Node Re-explore factor: 0.82
Edge Re-explore factor: 0.77
Nodes/cy: 4
Edges/cy: 124
TEPS: 160

---DCache---
DCache Size: 60,880
DRAM words: 133,760
  DHits: 143,625,156
  DMisses: 6,903,670
  DHit Rate (hit/miss): 95%
  DEvictions: 3,470,011
  DEviction Rate (evict/misses): 50%
  MC Transactions: 7,617,943
  MC Writes: 564,664
Avg. Transactions: 30% , Writes: 2%, Avg. Latency: 12
Max MC id: 31 of 32. Transactions: 36% , Writes: 3%, MC mean Latency: 12
HBM refresh energy (nJ): 2
HBM access energy (nJ): 14,431,431
MemC wire energy 2.5d (nJ): 2,850,483
MemC wire energy 3d (nJ): 712,621

---Energy---
Leakage Energy (nJ): 148,316
PU Dyn E (nJ): 5,864,474
Mem Dyn E (nJ): 32,808,940
Route Dyn E (nJ): 7,766,436
Dynamic Energy (nJ): 46,439,850
Ratio of Dyn/Leak: 313
Total Energy (nJ): 46,588,166
Total Energy (nJ) 3D: 49,499,813
Cores Energy (nJ): 5,866,704
Route Energy (nJ): 7,781,764
Route Energy (nJ) 3D: 12,831,273
Mem Energy   (nJ): 32,939,699
Mem Energy   (nJ) 3D: 30,801,836
Avg. Power (mW): 58,146.68
Power Density (mW/mm2): 67.60

---Runtime---
Runtime in K cycles: 801.22
Microseconds: 801.22
Time per iteration (ms): 0.80

---Throughput---
GOP/s (aka OPS/ns): 620.10
GOP/s per core: 0.61
GFLOP/s: 246.59
GFLOP/s per core: 0.24
Max Peak GFLOP/s: 1,024.00
Avg. BW GB/s: 4,218.31
Max BW GB/s: 4,096.00

---Traffic---
In-Die bisection_bytes BW (GB/s): 256.00
Inter-board traffic (msg/ns): 0.00, per-link: 0.00
Inter-pack traffic (msg/ns): 0.00, per-link: 0.00
Inter-die traffic (msg/ns): 89.48, per-link: 0.35
Ruche traffic (msg/ns): 82.07, per-link: 0.32
All traffic (msg/ns): 3,446.09, per-link: 3.37
Inter-die reduction wrt all: 38.51
Inter-board reduction wrt inter-die: inf

---Data Movement---
All traffic (msg): 2,761,067,385
Arith. Intensity FLOP/Loads: 0.47
Arith. Intensity FLOP/Msgs: 0.07
Arith. Intensity OPS/Loads: 1.18
Arith. Intensity OPS/Msgs: 0.18



===Core Utilization Total=== CORE-S:8;; TIME K cy:800 ;; Nodes Proc: 428,209 -- Edges Proc: 12,563,943

===PRINTING FRAME STATS

FCollision In Avg:77, SD:38, Max:247, Min:5
FCollision Out Avg:58, SD:38, Max:209, Min:1
FCollision End Avg:19, SD:24, Max:100, Min:0
FTask1 Avg:10, SD:8, Max:39, Min:0
FTask2 Avg:26, SD:16, Max:70, Min:0
FTask3 Avg:41, SD:7, Max:91, Min:27
FCore Active Avg:80, SD:16, Max:100, Min:33
FRouter Active Avg:89, SD:5, Max:97, Min:41
T1 invocations: 346,595
T2 invocations: 488,978
T3 invocations: 13,264,600
T3b invocations: 0
Total3 invocations: 13,264,600
Total4 invocations: 12,378

T3/T2 ratio: 27
T3b/T3 ratio: 0

T1 avg ex cycles: 30
T2 avg ex cycles: 55
T3&b avg ex cycles: 3
T4 avg ex cycles: 245
Avg. hops NOC1: 2
Avg. latency NOC1 (T2): 7,034
Avg. hops NOC2: 13
Avg. latency NOC2 (T3): 2,448

===PRINTING ACUM STATS at pu_cycles: 900,935

ACollision In Avg:105, SD:29, Max:234, Min:38
ACollision Out Avg:90, SD:32, Max:208, Min:10
ACollision End Avg:29, SD:15, Max:97, Min:0
ATask1 Avg:6, SD:2, Max:10, Min:0
ATask2 Avg:24, SD:6, Max:38, Min:0
ATask3 Avg:42, SD:6, Max:77, Min:30
ACore Active Avg:73, SD:9, Max:97, Min:40
ARouter Active Avg:86, SD:3, Max:93, Min:43
T1 invocations: 1,579,695
T2 invocations: 2,839,358
T3 invocations: 111,746,421
T3b invocations: 0
Total3 invocations: 111,746,421
Total4 invocations: 34,109

T3/T2 ratio: 39
T3b/T3 ratio: 0

T1 avg ex cycles: 32
T2 avg ex cycles: 78
T3&b avg ex cycles: 3
T4 avg ex cycles: 367
Avg. hops NOC1: 2
Avg. latency NOC1 (T2): 15,494
Avg. hops NOC2: 13
Avg. latency NOC2 (T3): 2,266
Number of K Nodes Processed: 3,516
Number of K Edges Processed: 112,289
Node Re-explore factor: 0.84
Edge Re-explore factor: 0.88
Nodes/cy: 4
Edges/cy: 125
TEPS: 142

---DCache---
DCache Size: 60,880
DRAM words: 133,760
  DHits: 163,219,603
  DMisses: 7,827,944
  DHit Rate (hit/miss): 95%
  DEvictions: 4,249,840
  DEviction Rate (evict/misses): 54%
  MC Transactions: 8,637,960
  MC Writes: 640,896
Avg. Transactions: 30% , Writes: 2%, Avg. Latency: 12
Max MC id: 31 of 32. Transactions: 35% , Writes: 3%, MC mean Latency: 12
HBM refresh energy (nJ): 2
HBM access energy (nJ): 16,363,751
MemC wire energy 2.5d (nJ): 3,232,153
MemC wire energy 3d (nJ): 808,038

---Energy---
Leakage Energy (nJ): 166,775
PU Dyn E (nJ): 6,662,243
Mem Dyn E (nJ): 37,184,624
Route Dyn E (nJ): 8,793,520
Dynamic Energy (nJ): 52,640,387
Ratio of Dyn/Leak: 316
Total Energy (nJ): 52,807,162
Total Energy (nJ) 3D: 56,090,766
Cores Energy (nJ): 6,664,750
Route Energy (nJ): 8,810,755
Route Energy (nJ) 3D: 14,518,474
Mem Energy   (nJ): 37,331,657
Mem Energy   (nJ) 3D: 34,907,542
Avg. Power (mW): 58,613.73
Power Density (mW/mm2): 68.14

---Runtime---
Runtime in K cycles: 900.93
Microseconds: 900.93
Time per iteration (ms): 0.90

---Throughput---
GOP/s (aka OPS/ns): 629.16
GOP/s per core: 0.61
GFLOP/s: 248.45
GFLOP/s per core: 0.24
Max Peak GFLOP/s: 1,024.00
Avg. BW GB/s: 4,247.49
Max BW GB/s: 4,096.00

---Traffic---
In-Die bisection_bytes BW (GB/s): 256.00
Inter-board traffic (msg/ns): 0.00, per-link: 0.00
Inter-pack traffic (msg/ns): 0.00, per-link: 0.00
Inter-die traffic (msg/ns): 90.06, per-link: 0.35
Ruche traffic (msg/ns): 83.50, per-link: 0.33
All traffic (msg/ns): 3,467.53, per-link: 3.39
Inter-die reduction wrt all: 38.50
Inter-board reduction wrt inter-die: inf

---Data Movement---
All traffic (msg): 3,124,021,908
Arith. Intensity FLOP/Loads: 0.47
Arith. Intensity FLOP/Msgs: 0.07
Arith. Intensity OPS/Loads: 1.19
Arith. Intensity OPS/Msgs: 0.18



===Core Utilization Total=== CORE-S:9;; TIME K cy:900 ;; Nodes Proc: 439,612 -- Edges Proc: 14,219,201

===PRINTING FRAME STATS

FCollision In Avg:56, SD:37, Max:200, Min:1
FCollision Out Avg:44, SD:36, Max:184, Min:0
FCollision End Avg:17, SD:23, Max:134, Min:0
FTask1 Avg:11, SD:9, Max:39, Min:0
FTask2 Avg:25, SD:18, Max:75, Min:0
FTask3 Avg:38, SD:7, Max:88, Min:24
FCore Active Avg:77, SD:20, Max:100, Min:29
FRouter Active Avg:86, SD:6, Max:96, Min:37
T1 invocations: 378,813
T2 invocations: 504,073
T3 invocations: 12,355,667
T3b invocations: 0
Total3 invocations: 12,355,667
Total4 invocations: 19,101

T3/T2 ratio: 25
T3b/T3 ratio: 0

T1 avg ex cycles: 29
T2 avg ex cycles: 50
T3&b avg ex cycles: 3
T4 avg ex cycles: 178
Avg. hops NOC1: 3
Avg. latency NOC1 (T2): 5,471
Avg. hops NOC2: 13
Avg. latency NOC2 (T3): 2,647

===PRINTING ACUM STATS at pu_cycles: 1,001,062

ACollision In Avg:100, SD:28, Max:228, Min:35
ACollision Out Avg:85, SD:30, Max:195, Min:9
ACollision End Avg:28, SD:14, Max:85, Min:0
ATask1 Avg:6, SD:2, Max:10, Min:1
ATask2 Avg:24, SD:5, Max:36, Min:0
ATask3 Avg:42, SD:6, Max:78, Min:29
ACore Active Avg:74, SD:8, Max:97, Min:42
ARouter Active Avg:86, SD:4, Max:94, Min:42
T1 invocations: 1,965,068
T2 invocations: 3,350,158
T3 invocations: 124,232,464
T3b invocations: 0
Total3 invocations: 124,232,464
Total4 invocations: 53,320

T3/T2 ratio: 37
T3b/T3 ratio: 0

T1 avg ex cycles: 32
T2 avg ex cycles: 74
T3&b avg ex cycles: 3
T4 avg ex cycles: 300
Avg. hops NOC1: 2
Avg. latency NOC1 (T2): 13,963
Avg. hops NOC2: 13
Avg. latency NOC2 (T3): 2,304
Number of K Nodes Processed: 3,588
Number of K Edges Processed: 124,576
Node Re-explore factor: 0.86
Edge Re-explore factor: 0.97
Nodes/cy: 4
Edges/cy: 124
TEPS: 128

---DCache---
DCache Size: 60,880
DRAM words: 133,760
  DHits: 181,909,832
  DMisses: 8,702,833
  DHit Rate (hit/miss): 95%
  DEvictions: 5,015,205
  DEviction Rate (evict/misses): 58%
  MC Transactions: 9,598,744
  MC Writes: 709,875
Avg. Transactions: 30% , Writes: 2%, Avg. Latency: 12
Max MC id: 31 of 32. Transactions: 34% , Writes: 2%, MC mean Latency: 12
HBM refresh energy (nJ): 2
HBM access energy (nJ): 18,183,860
MemC wire energy 2.5d (nJ): 3,591,659
MemC wire energy 3d (nJ): 897,915

---Energy---
Leakage Energy (nJ): 185,309
PU Dyn E (nJ): 7,430,071
Mem Dyn E (nJ): 41,332,276
Route Dyn E (nJ): 9,747,397
Dynamic Energy (nJ): 58,509,745
Ratio of Dyn/Leak: 316
Total Energy (nJ): 58,695,054
Total Energy (nJ) 3D: 62,319,699
Cores Energy (nJ): 7,432,858
Route Energy (nJ): 9,766,547
Route Energy (nJ) 3D: 16,084,937
Mem Energy   (nJ): 41,495,649
Mem Energy   (nJ) 3D: 38,801,905
Avg. Power (mW): 58,632.79
Power Density (mW/mm2): 68.16

---Runtime---
Runtime in K cycles: 1,001.06
Microseconds: 1,001.06
Time per iteration (ms): 1.00

---Throughput---
GOP/s (aka OPS/ns): 635.09
GOP/s per core: 0.62
GFLOP/s: 248.47
GFLOP/s per core: 0.24
Max Peak GFLOP/s: 1,024.00
Avg. BW GB/s: 4,248.96
Max BW GB/s: 4,096.00

---Traffic---
In-Die bisection_bytes BW (GB/s): 256.00
Inter-board traffic (msg/ns): 0.00, per-link: 0.00
Inter-pack traffic (msg/ns): 0.00, per-link: 0.00
Inter-die traffic (msg/ns): 89.54, per-link: 0.35
Ruche traffic (msg/ns): 84.26, per-link: 0.33
All traffic (msg/ns): 3,458.25, per-link: 3.38
Inter-die reduction wrt all: 38.62
Inter-board reduction wrt inter-die: inf

---Data Movement---
All traffic (msg): 3,461,923,258
Arith. Intensity FLOP/Loads: 0.47
Arith. Intensity FLOP/Msgs: 0.07
Arith. Intensity OPS/Loads: 1.20
Arith. Intensity OPS/Msgs: 0.18



===Core Utilization Total=== CORE-S:10;; TIME K cy:1,000 ;; Nodes Proc: 448,692 -- Edges Proc: 15,679,821

===PRINTING FRAME STATS

FCollision In Avg:36, SD:31, Max:213, Min:1
FCollision Out Avg:30, SD:31, Max:129, Min:0
FCollision End Avg:13, SD:19, Max:96, Min:0
FTask1 Avg:10, SD:10, Max:43, Min:0
FTask2 Avg:21, SD:20, Max:77, Min:0
FTask3 Avg:32, SD:6, Max:76, Min:18
FCore Active Avg:67, SD:24, Max:100, Min:26
FRouter Active Avg:79, SD:9, Max:95, Min:25
T1 invocations: 365,289
T2 invocations: 478,987
T3 invocations: 10,454,273
T3b invocations: 0
Total3 invocations: 10,454,273
Total4 invocations: 24,583

T3/T2 ratio: 22
T3b/T3 ratio: 0

T1 avg ex cycles: 29
T2 avg ex cycles: 46
T3&b avg ex cycles: 3
T4 avg ex cycles: 138
Avg. hops NOC1: 3
Avg. latency NOC1 (T2): 4,142
Avg. hops NOC2: 12
Avg. latency NOC2 (T3): 2,386

===PRINTING ACUM STATS at pu_cycles: 1,101,063

ACollision In Avg:94, SD:28, Max:227, Min:32
ACollision Out Avg:80, SD:29, Max:184, Min:8
ACollision End Avg:26, SD:13, Max:78, Min:1
ATask1 Avg:6, SD:2, Max:9, Min:1
ATask2 Avg:24, SD:4, Max:36, Min:1
ATask3 Avg:41, SD:6, Max:78, Min:29
ACore Active Avg:73, SD:7, Max:96, Min:44
ARouter Active Avg:86, SD:4, Max:94, Min:41
T1 invocations: 2,327,705
T2 invocations: 3,822,721
T3 invocations: 134,548,207
T3b invocations: 0
Total3 invocations: 134,548,207
Total4 invocations: 77,863

T3/T2 ratio: 35
T3b/T3 ratio: 0

T1 avg ex cycles: 31
T2 avg ex cycles: 70
T3&b avg ex cycles: 3
T4 avg ex cycles: 248
Avg. hops NOC1: 3
Avg. latency NOC1 (T2): 12,743
Avg. hops NOC2: 13
Avg. latency NOC2 (T3): 2,310
Number of K Nodes Processed: 3,642
Number of K Edges Processed: 134,910
Node Re-explore factor: 0.87
Edge Re-explore factor: 1.05
Nodes/cy: 3
Edges/cy: 123
TEPS: 117

---DCache---
DCache Size: 60,880
DRAM words: 133,760
  DHits: 198,356,498
  DMisses: 9,457,321
  DHit Rate (hit/miss): 95%
  DEvictions: 5,703,581
  DEviction Rate (evict/misses): 60%
  MC Transactions: 10,423,047
  MC Writes: 767,762
Avg. Transactions: 30% , Writes: 2%, Avg. Latency: 12
Max MC id: 28 of 32. Transactions: 33% , Writes: 3%, MC mean Latency: 12
HBM refresh energy (nJ): 3
HBM access energy (nJ): 19,745,420
MemC wire energy 2.5d (nJ): 3,900,097
MemC wire energy 3d (nJ): 975,024

---Energy---
Leakage Energy (nJ): 203,821
PU Dyn E (nJ): 8,073,892
Mem Dyn E (nJ): 44,853,948
Route Dyn E (nJ): 10,527,976
Dynamic Energy (nJ): 63,455,816
Ratio of Dyn/Leak: 311
Total Energy (nJ): 63,659,637
Total Energy (nJ) 3D: 67,545,003
Cores Energy (nJ): 8,076,957
Route Energy (nJ): 10,549,039
Route Energy (nJ) 3D: 17,359,477
Mem Energy   (nJ): 45,033,642
Mem Energy   (nJ) 3D: 42,108,569
Avg. Power (mW): 57,816.53
Power Density (mW/mm2): 67.21

---Runtime---
Runtime in K cycles: 1,101.06
Microseconds: 1,101.06
Time per iteration (ms): 1.10

---Throughput---
GOP/s (aka OPS/ns): 630.96
GOP/s per core: 0.62
GFLOP/s: 244.60
GFLOP/s per core: 0.24
Max Peak GFLOP/s: 1,024.00
Avg. BW GB/s: 4,185.77
Max BW GB/s: 4,096.00

---Traffic---
In-Die bisection_bytes BW (GB/s): 256.00
Inter-board traffic (msg/ns): 0.00, per-link: 0.00
Inter-pack traffic (msg/ns): 0.00, per-link: 0.00
Inter-die traffic (msg/ns): 87.73, per-link: 0.34
Ruche traffic (msg/ns): 83.91, per-link: 0.33
All traffic (msg/ns): 3,393.98, per-link: 3.31
Inter-die reduction wrt all: 38.69
Inter-board reduction wrt inter-die: inf

---Data Movement---
All traffic (msg): 3,736,980,374
Arith. Intensity FLOP/Loads: 0.47
Arith. Intensity FLOP/Msgs: 0.07
Arith. Intensity OPS/Loads: 1.21
Arith. Intensity OPS/Msgs: 0.19



===Core Utilization Total=== CORE-S:11;; TIME K cy:1,100 ;; Nodes Proc: 455,516 -- Edges Proc: 16,787,546

===PRINTING FRAME STATS

FCollision In Avg:16, SD:21, Max:117, Min:0
FCollision Out Avg:16, SD:25, Max:130, Min:0
FCollision End Avg:7, SD:15, Max:130, Min:0
FTask1 Avg:8, SD:10, Max:47, Min:0
FTask2 Avg:14, SD:20, Max:88, Min:0
FTask3 Avg:21, SD:4, Max:53, Min:11
FCore Active Avg:46, SD:27, Max:100, Min:16
FRouter Active Avg:61, SD:12, Max:91, Min:14
T1 invocations: 274,194
T2 invocations: 344,950
T3 invocations: 6,998,233
T3b invocations: 0
Total3 invocations: 6,998,233
Total4 invocations: 24,106

T3/T2 ratio: 20
T3b/T3 ratio: 0

T1 avg ex cycles: 29
T2 avg ex cycles: 43
T3&b avg ex cycles: 3
T4 avg ex cycles: 109
Avg. hops NOC1: 3
Avg. latency NOC1 (T2): 3,076
Avg. hops NOC2: 12
Avg. latency NOC2 (T3): 1,927

===PRINTING ACUM STATS at pu_cycles: 1,201,063

ACollision In Avg:87, SD:26, Max:218, Min:30
ACollision Out Avg:75, SD:28, Max:176, Min:7
ACollision End Avg:25, SD:12, Max:72, Min:1
ATask1 Avg:7, SD:1, Max:8, Min:2
ATask2 Avg:23, SD:3, Max:35, Min:4
ATask3 Avg:39, SD:6, Max:76, Min:27
ACore Active Avg:71, SD:7, Max:94, Min:46
ARouter Active Avg:84, SD:4, Max:93, Min:39
T1 invocations: 2,610,905
T2 invocations: 4,172,342
T3 invocations: 141,662,119
T3b invocations: 0
Total3 invocations: 141,662,119
Total4 invocations: 102,116

T3/T2 ratio: 34
T3b/T3 ratio: 0

T1 avg ex cycles: 31
T2 avg ex cycles: 68
T3&b avg ex cycles: 3
T4 avg ex cycles: 216
Avg. hops NOC1: 3
Avg. latency NOC1 (T2): 11,933
Avg. hops NOC2: 13
Avg. latency NOC2 (T3): 2,291
Number of K Nodes Processed: 3,677
Number of K Edges Processed: 141,776
Node Re-explore factor: 0.88
Edge Re-explore factor: 1.10
Nodes/cy: 3
Edges/cy: 118
TEPS: 107

---DCache---
DCache Size: 60,880
DRAM words: 133,760
  DHits: 210,162,657
  DMisses: 9,973,311
  DHit Rate (hit/miss): 95%
  DEvictions: 6,187,757
  DEviction Rate (evict/misses): 62%
  MC Transactions: 10,984,024
  MC Writes: 807,464
Avg. Transactions: 29% , Writes: 2%, Avg. Latency: 12
Max MC id: 28 of 32. Transactions: 31% , Writes: 2%, MC mean Latency: 12
HBM refresh energy (nJ): 3
HBM access energy (nJ): 20,808,135
MemC wire energy 2.5d (nJ): 4,110,004
MemC wire energy 3d (nJ): 1,027,501

---Energy---
Leakage Energy (nJ): 222,332
PU Dyn E (nJ): 8,522,073
Mem Dyn E (nJ): 47,273,759
Route Dyn E (nJ): 11,053,446
Dynamic Energy (nJ): 66,849,279
Ratio of Dyn/Leak: 301
Total Energy (nJ): 67,071,611
Total Energy (nJ) 3D: 71,132,294
Cores Energy (nJ): 8,525,416
Route Energy (nJ): 11,076,423
Route Energy (nJ) 3D: 18,219,608
Mem Energy   (nJ): 47,469,773
Mem Energy   (nJ) 3D: 44,387,270
Avg. Power (mW): 55,843.54
Power Density (mW/mm2): 64.92

---Runtime---
Runtime in K cycles: 1,201.06
Microseconds: 1,201.06
Time per iteration (ms): 1.20

---Throughput---
GOP/s (aka OPS/ns): 613.40
GOP/s per core: 0.60
GFLOP/s: 235.97
GFLOP/s per core: 0.23
Max Peak GFLOP/s: 1,024.00
Avg. BW GB/s: 4,041.64
Max BW GB/s: 4,096.00

---Traffic---
In-Die bisection_bytes BW (GB/s): 256.00
Inter-board traffic (msg/ns): 0.00, per-link: 0.00
Inter-pack traffic (msg/ns): 0.00, per-link: 0.00
Inter-die traffic (msg/ns): 84.14, per-link: 0.33
Ruche traffic (msg/ns): 81.52, per-link: 0.32
All traffic (msg/ns): 3,266.41, per-link: 3.19
Inter-die reduction wrt all: 38.82
Inter-board reduction wrt inter-die: inf

---Data Movement---
All traffic (msg): 3,923,164,428
Arith. Intensity FLOP/Loads: 0.47
Arith. Intensity FLOP/Msgs: 0.07
Arith. Intensity OPS/Loads: 1.22
Arith. Intensity OPS/Msgs: 0.19



===Core Utilization Total=== CORE-S:12;; TIME K cy:1,200 ;; Nodes Proc: 459,912 -- Edges Proc: 17,604,692
======== IT IS COLD ======= Only 47 Tiles active

===PRINTING FRAME STATS

FCollision In Avg:5, SD:12, Max:98, Min:0
FCollision Out Avg:7, SD:17, Max:98, Min:0
FCollision End Avg:3, SD:10, Max:88, Min:0
FTask1 Avg:3, SD:8, Max:52, Min:0
FTask2 Avg:6, SD:15, Max:94, Min:0
FTask3 Avg:9, SD:2, Max:27, Min:2
FCore Active Avg:20, SD:20, Max:100, Min:6
FRouter Active Avg:31, SD:11, Max:72, Min:5
T1 invocations: 116,149
T2 invocations: 147,745
T3 invocations: 2,925,579
T3b invocations: 0
Total3 invocations: 2,925,579
Total4 invocations: 12,717

T3/T2 ratio: 20
T3b/T3 ratio: 0

T1 avg ex cycles: 29
T2 avg ex cycles: 42
T3&b avg ex cycles: 3
T4 avg ex cycles: 88
Avg. hops NOC1: 3
Avg. latency NOC1 (T2): 3,054
Avg. hops NOC2: 12
Avg. latency NOC2 (T3): 1,472

===PRINTING ACUM STATS at pu_cycles: 1,300,906

ACollision In Avg:81, SD:24, Max:204, Min:28
ACollision Out Avg:69, SD:26, Max:165, Min:7
ACollision End Avg:23, SD:11, Max:67, Min:1
ATask1 Avg:6, SD:0, Max:8, Min:2
ATask2 Avg:22, SD:2, Max:32, Min:8
ATask3 Avg:37, SD:6, Max:72, Min:26
ACore Active Avg:67, SD:6, Max:92, Min:47
ARouter Active Avg:80, SD:4, Max:90, Min:36
T1 invocations: 2,728,432
T2 invocations: 4,318,968
T3 invocations: 144,590,168
T3b invocations: 0
Total3 invocations: 144,590,168
Total4 invocations: 114,856

T3/T2 ratio: 33
T3b/T3 ratio: 0

T1 avg ex cycles: 31
T2 avg ex cycles: 67
T3&b avg ex cycles: 3
T4 avg ex cycles: 202
Avg. hops NOC1: 3
Avg. latency NOC1 (T2): 11,632
Avg. hops NOC2: 13
Avg. latency NOC2 (T3): 2,274
Number of K Nodes Processed: 3,691
Number of K Edges Processed: 144,614
Node Re-explore factor: 0.88
Edge Re-explore factor: 1.13
Nodes/cy: 3
Edges/cy: 111
TEPS: 99

---DCache---
DCache Size: 60,880
DRAM words: 133,760
  DHits: 215,599,072
  DMisses: 10,190,380
  DHit Rate (hit/miss): 95%
  DEvictions: 6,394,915
  DEviction Rate (evict/misses): 63%
  MC Transactions: 11,218,724
  MC Writes: 824,276
Avg. Transactions: 27% , Writes: 2%, Avg. Latency: 12
Max MC id: 28 of 32. Transactions: 29% , Writes: 2%, MC mean Latency: 12
HBM refresh energy (nJ): 3
HBM access energy (nJ): 21,252,750
MemC wire energy 2.5d (nJ): 4,197,824
MemC wire energy 3d (nJ): 1,049,456

---Energy---
Leakage Energy (nJ): 240,814
PU Dyn E (nJ): 8,706,520
Mem Dyn E (nJ): 48,286,769
Route Dyn E (nJ): 11,268,959
Dynamic Energy (nJ): 68,262,249
Ratio of Dyn/Leak: 283
Total Energy (nJ): 68,503,063
Total Energy (nJ) 3D: 72,634,193
Cores Energy (nJ): 8,710,141
Route Energy (nJ): 11,293,846
Route Energy (nJ) 3D: 18,573,344
Mem Energy   (nJ): 48,499,077
Mem Energy   (nJ) 3D: 45,350,709
Avg. Power (mW): 52,657.97
Power Density (mW/mm2): 61.22

---Runtime---
Runtime in K cycles: 1,300.91
Microseconds: 1,300.91
Time per iteration (ms): 1.30

---Throughput---
GOP/s (aka OPS/ns): 579.65
GOP/s per core: 0.57
GFLOP/s: 222.30
GFLOP/s per core: 0.22
Max Peak GFLOP/s: 1,024.00
Avg. BW GB/s: 3,809.10
Max BW GB/s: 4,096.00

---Traffic---
In-Die bisection_bytes BW (GB/s): 256.00
Inter-board traffic (msg/ns): 0.00, per-link: 0.00
Inter-pack traffic (msg/ns): 0.00, per-link: 0.00
Inter-die traffic (msg/ns): 79.07, per-link: 0.31
Ruche traffic (msg/ns): 77.04, per-link: 0.30
All traffic (msg/ns): 3,074.46, per-link: 3.00
Inter-die reduction wrt all: 38.88
Inter-board reduction wrt inter-die: inf

---Data Movement---
All traffic (msg): 3,999,583,331
Arith. Intensity FLOP/Loads: 0.47
Arith. Intensity FLOP/Msgs: 0.07
Arith. Intensity OPS/Loads: 1.22
Arith. Intensity OPS/Msgs: 0.19



===Core Utilization Total=== CORE-S:13;; TIME K cy:1,300 ;; Nodes Proc: 461,737 -- Edges Proc: 18,031,664
======== IT IS COLD ======= Only 21 Tiles active

===PRINTING FRAME STATS

FCollision In Avg:1, SD:6, Max:85, Min:0
FCollision Out Avg:1, SD:7, Max:87, Min:0
FCollision End Avg:1, SD:4, Max:83, Min:0
FTask1 Avg:1, SD:4, Max:50, Min:0
FTask2 Avg:1, SD:7, Max:90, Min:0
FTask3 Avg:2, SD:1, Max:22, Min:1
FCore Active Avg:5, SD:10, Max:100, Min:1
FRouter Active Avg:8, SD:7, Max:68, Min:2
T1 invocations: 27,482
T2 invocations: 31,567
T3 invocations: 712,174
T3b invocations: 0
Total3 invocations: 712,174
Total4 invocations: 3,575

T3/T2 ratio: 23
T3b/T3 ratio: 0

T1 avg ex cycles: 29
T2 avg ex cycles: 42
T3&b avg ex cycles: 3
T4 avg ex cycles: 75
Avg. hops NOC1: 4
Avg. latency NOC1 (T2): 2,801
Avg. hops NOC2: 12
Avg. latency NOC2 (T3): 1,362

===PRINTING ACUM STATS at pu_cycles: 1,400,114

ACollision In Avg:75, SD:23, Max:190, Min:26
ACollision Out Avg:65, SD:24, Max:160, Min:6
ACollision End Avg:21, SD:10, Max:62, Min:1
ATask1 Avg:6, SD:0, Max:8, Min:2
ATask2 Avg:20, SD:2, Max:31, Min:11
ATask3 Avg:35, SD:5, Max:67, Min:24
ACore Active Avg:63, SD:6, Max:88, Min:47
ARouter Active Avg:74, SD:4, Max:86, Min:34
T1 invocations: 2,753,547
T2 invocations: 4,347,320
T3 invocations: 145,281,305
T3b invocations: 0
Total3 invocations: 145,281,305
Total4 invocations: 118,377

T3/T2 ratio: 33
T3b/T3 ratio: 0

T1 avg ex cycles: 31
T2 avg ex cycles: 67
T3&b avg ex cycles: 3
T4 avg ex cycles: 198
Avg. hops NOC1: 3
Avg. latency NOC1 (T2): 11,573
Avg. hops NOC2: 13
Avg. latency NOC2 (T3): 2,268
Number of K Nodes Processed: 3,695
Number of K Edges Processed: 145,288
Node Re-explore factor: 0.88
Edge Re-explore factor: 1.13
Nodes/cy: 3
Edges/cy: 104
TEPS: 92

---DCache---
DCache Size: 60,880
DRAM words: 133,760
  DHits: 216,971,953
  DMisses: 10,241,836
  DHit Rate (hit/miss): 95%
  DEvictions: 6,443,496
  DEviction Rate (evict/misses): 63%
  MC Transactions: 11,274,495
  MC Writes: 828,547
Avg. Transactions: 25% , Writes: 2%, Avg. Latency: 12
Max MC id: 28 of 32. Transactions: 27% , Writes: 2%, MC mean Latency: 12
HBM refresh energy (nJ): 4
HBM access energy (nJ): 21,358,403
MemC wire energy 2.5d (nJ): 4,218,692
MemC wire energy 3d (nJ): 1,054,673

---Energy---
Leakage Energy (nJ): 259,179
PU Dyn E (nJ): 8,745,393
Mem Dyn E (nJ): 48,518,521
Route Dyn E (nJ): 11,320,226
Dynamic Energy (nJ): 68,584,141
Ratio of Dyn/Leak: 265
Total Energy (nJ): 68,843,320
Total Energy (nJ) 3D: 72,990,308
Cores Energy (nJ): 8,749,290
Route Energy (nJ): 11,347,011
Route Energy (nJ) 3D: 18,658,017
Mem Energy   (nJ): 48,747,019
Mem Energy   (nJ) 3D: 45,583,000
Avg. Power (mW): 49,169.80
Power Density (mW/mm2): 57.16

---Runtime---
Runtime in K cycles: 1,400.11
Microseconds: 1,400.11
Time per iteration (ms): 1.40

---Throughput---
GOP/s (aka OPS/ns): 541.28
GOP/s per core: 0.53
GFLOP/s: 207.40
GFLOP/s per core: 0.20
Max Peak GFLOP/s: 1,024.00
Avg. BW GB/s: 3,554.55
Max BW GB/s: 4,096.00

---Traffic---
In-Die bisection_bytes BW (GB/s): 256.00
Inter-board traffic (msg/ns): 0.00, per-link: 0.00
Inter-pack traffic (msg/ns): 0.00, per-link: 0.00
Inter-die traffic (msg/ns): 73.81, per-link: 0.29
Ruche traffic (msg/ns): 71.99, per-link: 0.28
All traffic (msg/ns): 2,869.36, per-link: 2.80
Inter-die reduction wrt all: 38.88
Inter-board reduction wrt inter-die: inf

---Data Movement---
All traffic (msg): 4,017,436,181
Arith. Intensity FLOP/Loads: 0.47
Arith. Intensity FLOP/Msgs: 0.07
Arith. Intensity OPS/Loads: 1.22
Arith. Intensity OPS/Msgs: 0.19



===Core Utilization Total=== CORE-S:14;; TIME K cy:1,400 ;; Nodes Proc: 462,202 -- Edges Proc: 18,069,888
======== IT IS COLD ======= Only 5 Tiles active

===PRINTING FRAME STATS

FCollision In Avg:0, SD:3, Max:73, Min:0
FCollision Out Avg:1, SD:6, Max:98, Min:0
FCollision End Avg:0, SD:2, Max:44, Min:0
FTask1 Avg:0, SD:3, Max:38, Min:0
FTask2 Avg:1, SD:5, Max:89, Min:0
FTask3 Avg:2, SD:1, Max:10, Min:0
FCore Active Avg:3, SD:7, Max:100, Min:0
FRouter Active Avg:5, SD:6, Max:53, Min:0
T1 invocations: 12,770
T2 invocations: 17,076
T3 invocations: 497,037
T3b invocations: 0
Total3 invocations: 497,037
Total4 invocations: 2,349

T3/T2 ratio: 29
T3b/T3 ratio: 0

T1 avg ex cycles: 30
T2 avg ex cycles: 42
T3&b avg ex cycles: 3
T4 avg ex cycles: 57
Avg. hops NOC1: 3
Avg. latency NOC1 (T2): 2,705
Avg. hops NOC2: 10
Avg. latency NOC2 (T3): 1,273

===PRINTING ACUM STATS at pu_cycles: 1,500,124

ACollision In Avg:73, SD:22, Max:177, Min:26
ACollision Out Avg:63, SD:23, Max:144, Min:6
ACollision End Avg:21, SD:10, Max:58, Min:1
ATask1 Avg:6, SD:0, Max:8, Min:2
ATask2 Avg:20, SD:2, Max:31, Min:12
ATask3 Avg:34, SD:5, Max:67, Min:24
ACore Active Avg:61, SD:6, Max:88, Min:46
ARouter Active Avg:73, SD:4, Max:82, Min:34
T1 invocations: 2,757,368
T2 invocations: 4,355,247
T3 invocations: 145,347,852
T3b invocations: 0
Total3 invocations: 145,347,852
Total4 invocations: 118,654

T3/T2 ratio: 33
T3b/T3 ratio: 0

T1 avg ex cycles: 31
T2 avg ex cycles: 67
T3&b avg ex cycles: 3
T4 avg ex cycles: 198
Avg. hops NOC1: 3
Avg. latency NOC1 (T2): 11,559
Avg. hops NOC2: 13
Avg. latency NOC2 (T3): 2,269
Number of K Nodes Processed: 3,697
Number of K Edges Processed: 145,452
Node Re-explore factor: 0.88
Edge Re-explore factor: 1.13
Nodes/cy: 2
Edges/cy: 97
TEPS: 86

---DCache---
DCache Size: 60,880
DRAM words: 133,760
  DHits: 217,311,210
  DMisses: 10,252,361
  DHit Rate (hit/miss): 95%
  DEvictions: 6,453,881
  DEviction Rate (evict/misses): 63%
  MC Transactions: 11,286,049
  MC Writes: 829,575
Avg. Transactions: 24% , Writes: 2%, Avg. Latency: 12
Max MC id: 28 of 32. Transactions: 25% , Writes: 2%, MC mean Latency: 12
HBM refresh energy (nJ): 4
HBM access energy (nJ): 21,380,291
MemC wire energy 2.5d (nJ): 4,223,015
MemC wire energy 3d (nJ): 1,055,754

---Energy---
Leakage Energy (nJ): 277,692
PU Dyn E (nJ): 8,753,165
Mem Dyn E (nJ): 48,566,357
Route Dyn E (nJ): 11,327,779
Dynamic Energy (nJ): 68,647,302
Ratio of Dyn/Leak: 247
Total Energy (nJ): 68,924,994
Total Energy (nJ) 3D: 73,072,361
Cores Energy (nJ): 8,757,340
Route Energy (nJ): 11,356,477
Route Energy (nJ) 3D: 18,671,106
Mem Energy   (nJ): 48,811,177
Mem Energy   (nJ) 3D: 45,643,916
Avg. Power (mW): 45,946.20
Power Density (mW/mm2): 53.41

---Runtime---
Runtime in K cycles: 1,500.12
Microseconds: 1,500.12
Time per iteration (ms): 1.50

---Throughput---
GOP/s (aka OPS/ns): 505.61
GOP/s per core: 0.49
GFLOP/s: 193.76
GFLOP/s per core: 0.19
Max Peak GFLOP/s: 1,024.00
Avg. BW GB/s: 3,320.34
Max BW GB/s: 4,096.00

---Traffic---
In-Die bisection_bytes BW (GB/s): 256.00
Inter-board traffic (msg/ns): 0.00, per-link: 0.00
Inter-pack traffic (msg/ns): 0.00, per-link: 0.00
Inter-die traffic (msg/ns): 68.97, per-link: 0.27
Ruche traffic (msg/ns): 67.26, per-link: 0.26
All traffic (msg/ns): 2,679.60, per-link: 2.62
Inter-die reduction wrt all: 38.85
Inter-board reduction wrt inter-die: inf

---Data Movement---
All traffic (msg): 4,019,736,814
Arith. Intensity FLOP/Loads: 0.47
Arith. Intensity FLOP/Msgs: 0.07
Arith. Intensity OPS/Loads: 1.22
Arith. Intensity OPS/Msgs: 0.19



===Core Utilization Total=== CORE-S:15;; TIME K cy:1,500 ;; Nodes Proc: 462,438 -- Edges Proc: 18,070,401
======== IT IS COLD ======= Only 0 Tiles active

===PRINTING FRAME STATS

FCollision In Avg:0, SD:3, Max:97, Min:0
FCollision Out Avg:0, SD:4, Max:98, Min:0
FCollision End Avg:0, SD:2, Max:75, Min:0
FTask1 Avg:0, SD:0, Max:15, Min:0
FTask2 Avg:0, SD:3, Max:77, Min:0
FTask3 Avg:0, SD:0, Max:6, Min:0
FCore Active Avg:1, SD:3, Max:77, Min:0
FRouter Active Avg:1, SD:5, Max:55, Min:0
T1 invocations: 2,246
T2 invocations: 3,038
T3 invocations: 108,914
T3b invocations: 0
Total3 invocations: 108,914
Total4 invocations: 531

T3/T2 ratio: 36
T3b/T3 ratio: 0

T1 avg ex cycles: 30
T2 avg ex cycles: 49
T3&b avg ex cycles: 3
T4 avg ex cycles: 57
Avg. hops NOC1: 3
Avg. latency NOC1 (T2): 4,691
Avg. hops NOC2: 11
Avg. latency NOC2 (T3): 392

===PRINTING ACUM STATS at pu_cycles: 1,600,072

ACollision In Avg:68, SD:20, Max:166, Min:24
ACollision Out Avg:58, SD:22, Max:135, Min:5
ACollision End Avg:19, SD:9, Max:54, Min:1
ATask1 Avg:5, SD:0, Max:7, Min:4
ATask2 Avg:18, SD:2, Max:28, Min:15
ATask3 Avg:31, SD:5, Max:60, Min:21
ACore Active Avg:56, SD:6, Max:82, Min:44
ARouter Active Avg:67, SD:4, Max:77, Min:29
T1 invocations: 2,762,175
T2 invocations: 4,362,365
T3 invocations: 145,500,150
T3b invocations: 0
Total3 invocations: 145,500,150
Total4 invocations: 119,375

T3/T2 ratio: 33
T3b/T3 ratio: 0

T1 avg ex cycles: 31
T2 avg ex cycles: 67
T3&b avg ex cycles: 3
T4 avg ex cycles: 197
Avg. hops NOC1: 3
Avg. latency NOC1 (T2): 11,549
Avg. hops NOC2: 13
Avg. latency NOC2 (T3): 2,267
Number of K Nodes Processed: 3,699
Number of K Edges Processed: 145,528
Node Re-explore factor: 0.88
Edge Re-explore factor: 1.13
Nodes/cy: 2
Edges/cy: 91
TEPS: 80

---DCache---
DCache Size: 60,880
DRAM words: 133,760
  DHits: 217,472,796
  DMisses: 10,255,753
  DHit Rate (hit/miss): 95%
  DEvictions: 6,457,273
  DEviction Rate (evict/misses): 63%
  MC Transactions: 11,289,966
  MC Writes: 830,100
Avg. Transactions: 22% , Writes: 2%, Avg. Latency: 12
Max MC id: 28 of 32. Transactions: 23% , Writes: 2%, MC mean Latency: 12
HBM refresh energy (nJ): 4
HBM access energy (nJ): 21,387,711
MemC wire energy 2.5d (nJ): 4,224,481
MemC wire energy 3d (nJ): 1,056,120

---Energy---
Leakage Energy (nJ): 296,194
PU Dyn E (nJ): 8,764,267
Mem Dyn E (nJ): 48,601,899
Route Dyn E (nJ): 11,339,326
Dynamic Energy (nJ): 68,705,492
Ratio of Dyn/Leak: 232
Total Energy (nJ): 69,001,686
Total Energy (nJ) 3D: 73,157,003
Cores Energy (nJ): 8,768,721
Route Energy (nJ): 11,369,935
Route Energy (nJ) 3D: 18,693,613
Mem Energy   (nJ): 48,863,031
Mem Energy   (nJ) 3D: 45,694,670
Avg. Power (mW): 43,124.11
Power Density (mW/mm2): 50.13

---Runtime---
Runtime in K cycles: 1,600.07
Microseconds: 1,600.07
Time per iteration (ms): 1.60

---Throughput---
GOP/s (aka OPS/ns): 474.62
GOP/s per core: 0.46
GFLOP/s: 181.88
GFLOP/s per core: 0.18
Max Peak GFLOP/s: 1,024.00
Avg. BW GB/s: 3,116.77
Max BW GB/s: 4,096.00

---Traffic---
In-Die bisection_bytes BW (GB/s): 256.00
Inter-board traffic (msg/ns): 0.00, per-link: 0.00
Inter-pack traffic (msg/ns): 0.00, per-link: 0.00
Inter-die traffic (msg/ns): 64.69, per-link: 0.25
Ruche traffic (msg/ns): 63.09, per-link: 0.25
All traffic (msg/ns): 2,515.03, per-link: 2.46
Inter-die reduction wrt all: 38.88
Inter-board reduction wrt inter-die: inf

---Data Movement---
All traffic (msg): 4,024,232,277
Arith. Intensity FLOP/Loads: 0.47
Arith. Intensity FLOP/Msgs: 0.07
Arith. Intensity OPS/Loads: 1.22
Arith. Intensity OPS/Msgs: 0.19



===Core Utilization Total=== CORE-S:16;; TIME K cy:1,600 ;; Nodes Proc: 462,686 -- Edges Proc: 18,070,944
======== IT IS COLD ======= Only 2 Tiles active

===PRINTING FRAME STATS

FCollision In Avg:0, SD:2, Max:63, Min:0
FCollision Out Avg:0, SD:4, Max:98, Min:0
FCollision End Avg:0, SD:3, Max:75, Min:0
FTask1 Avg:0, SD:1, Max:38, Min:0
FTask2 Avg:0, SD:3, Max:77, Min:0
FTask3 Avg:0, SD:0, Max:3, Min:0
FCore Active Avg:1, SD:3, Max:77, Min:0
FRouter Active Avg:1, SD:3, Max:54, Min:0
T1 invocations: 2,740
T2 invocations: 3,445
T3 invocations: 78,519
T3b invocations: 0
Total3 invocations: 78,519
Total4 invocations: 501

T3/T2 ratio: 23
T3b/T3 ratio: 0

T1 avg ex cycles: 30
T2 avg ex cycles: 51
T3&b avg ex cycles: 3
T4 avg ex cycles: 67
Avg. hops NOC1: 3
Avg. latency NOC1 (T2): 4,201
Avg. hops NOC2: 14
Avg. latency NOC2 (T3): 178

===PRINTING ACUM STATS at pu_cycles: 1,700,023

ACollision In Avg:64, SD:19, Max:156, Min:22
ACollision Out Avg:55, SD:20, Max:127, Min:5
ACollision End Avg:18, SD:9, Max:51, Min:1
ATask1 Avg:5, SD:0, Max:7, Min:4
ATask2 Avg:17, SD:2, Max:28, Min:14
ATask3 Avg:29, SD:5, Max:56, Min:21
ACore Active Avg:53, SD:5, Max:82, Min:43
ARouter Active Avg:63, SD:4, Max:76, Min:29
T1 invocations: 2,764,546
T2 invocations: 4,364,590
T3 invocations: 145,571,124
T3b invocations: 0
Total3 invocations: 145,571,124
Total4 invocations: 119,830

T3/T2 ratio: 33
T3b/T3 ratio: 0

T1 avg ex cycles: 31
T2 avg ex cycles: 67
T3&b avg ex cycles: 3
T4 avg ex cycles: 196
Avg. hops NOC1: 3
Avg. latency NOC1 (T2): 11,544
Avg. hops NOC2: 13
Avg. latency NOC2 (T3): 2,266
Number of K Nodes Processed: 3,700
Number of K Edges Processed: 145,614
Node Re-explore factor: 0.88
Edge Re-explore factor: 1.13
Nodes/cy: 2
Edges/cy: 86
TEPS: 75

---DCache---
DCache Size: 60,880
DRAM words: 133,760
  DHits: 217,649,736
  DMisses: 10,261,482
  DHit Rate (hit/miss): 95%
  DEvictions: 6,463,002
  DEviction Rate (evict/misses): 63%
  MC Transactions: 11,295,961
  MC Writes: 830,366
Avg. Transactions: 21% , Writes: 2%, Avg. Latency: 12
Max MC id: 28 of 32. Transactions: 22% , Writes: 2%, MC mean Latency: 12
HBM refresh energy (nJ): 5
HBM access energy (nJ): 21,399,068
MemC wire energy 2.5d (nJ): 4,226,724
MemC wire energy 3d (nJ): 1,056,681

---Energy---
Leakage Energy (nJ): 314,696
PU Dyn E (nJ): 8,768,015
Mem Dyn E (nJ): 48,626,327
Route Dyn E (nJ): 11,345,803
Dynamic Energy (nJ): 68,740,146
Ratio of Dyn/Leak: 218
Total Energy (nJ): 69,054,842
Total Energy (nJ) 3D: 73,212,214
Cores Energy (nJ): 8,772,747
Route Energy (nJ): 11,378,325
Route Energy (nJ) 3D: 18,705,740
Mem Energy   (nJ): 48,903,771
Mem Energy   (nJ) 3D: 45,733,728
Avg. Power (mW): 40,619.95
Power Density (mW/mm2): 47.22

---Runtime---
Runtime in K cycles: 1,700.02
Microseconds: 1,700.02
Time per iteration (ms): 1.70

---Throughput---
GOP/s (aka OPS/ns): 446.94
GOP/s per core: 0.44
GFLOP/s: 171.25
GFLOP/s per core: 0.17
Max Peak GFLOP/s: 1,024.00
Avg. BW GB/s: 2,934.75
Max BW GB/s: 4,096.00

---Traffic---
In-Die bisection_bytes BW (GB/s): 256.00
Inter-board traffic (msg/ns): 0.00, per-link: 0.00
Inter-pack traffic (msg/ns): 0.00, per-link: 0.00
Inter-die traffic (msg/ns): 60.93, per-link: 0.24
Ruche traffic (msg/ns): 59.42, per-link: 0.23
All traffic (msg/ns): 2,368.41, per-link: 2.31
Inter-die reduction wrt all: 38.87
Inter-board reduction wrt inter-die: inf

---Data Movement---
All traffic (msg): 4,026,355,307
Arith. Intensity FLOP/Loads: 0.47
Arith. Intensity FLOP/Msgs: 0.07
Arith. Intensity OPS/Loads: 1.22
Arith. Intensity OPS/Msgs: 0.19



===Core Utilization Total=== CORE-S:17;; TIME K cy:1,700 ;; Nodes Proc: 462,804 -- Edges Proc: 18,071,177
======== IT IS COLD ======= Only 0 Tiles active
Epoch Done Router: 1
Epoch Done Router: 2
Epoch Done Router: 0
Epoch Done Router: 6
##EPOCH## 1 COMPLETED at Time (K cy): 1,747
Nodes processed until now: 3,700,208
Edges processed until now: 145,651,121
Epoch Done Router: 5
Epoch Done Router: 7
Epoch Done Router: 3
Epoch Done Router: 4
Program Done Router Thread: 4
Program Done Router Thread: 7
Program Done Worker Thread: 1
Program Done Router Thread: 0
Program Done Worker Thread: 0
Program Done Worker Thread: 5
Program Done Router Thread: 6
Program Done Worker Thread: 2
Program Done Router Thread: 3
Program Done Worker Thread: 4
Program Done Worker Thread: 3
Program Done Worker Thread: 7
Program Done Router Thread: 1
Program Done Router Thread: 5
Program Done Worker Thread: 6
Program Done Router Thread: 2

===PRINTING ACUM STATS at pu_cycles: 1,747,172

ACollision In Avg:60, SD:18, Max:152, Min:21
ACollision Out Avg:52, SD:19, Max:124, Min:5
ACollision End Avg:17, SD:8, Max:50, Min:1
ATask1 Avg:5, SD:0, Max:8, Min:4
ATask2 Avg:16, SD:2, Max:25, Min:14
ATask3 Avg:28, SD:4, Max:55, Min:19
ACore Active Avg:50, SD:5, Max:78, Min:40
ARouter Active Avg:60, SD:3, Max:74, Min:27
T1 invocations: 2,766,444
T2 invocations: 4,367,948
T3 invocations: 145,651,121
T3b invocations: 0
Total3 invocations: 145,651,121
Total4 invocations: 120,257

T3/T2 ratio: 33
T3b/T3 ratio: 0

T1 avg ex cycles: 31
T2 avg ex cycles: 67
T3&b avg ex cycles: 3
T4 avg ex cycles: 196
Avg. hops NOC1: 3
Avg. latency NOC1 (T2): 11,538
Avg. hops NOC2: 13
Avg. latency NOC2 (T3): 2,265

Runtime at program end in K cycles: 1,747
Runtime before cooldown in K cycles: 1,101


Number of K Nodes Processed: 3,700
Number of K Edges Processed: 145,651
Node Re-explore factor: 0.88
Edge Re-explore factor: 1.14
Nodes/cy: 2
Edges/cy: 83
TEPS: 73

---DCache---
DCache Size: 60,880
DRAM words: 133,760
  DHits: 217,725,180
  DMisses: 10,264,149
  DHit Rate (hit/miss): 95%
  DEvictions: 6,465,669
  DEviction Rate (evict/misses): 63%
  MC Transactions: 11,298,817
  MC Writes: 830,555
Avg. Transactions: 20% , Writes: 1%, Avg. Latency: 12
Max MC id: 28 of 32. Transactions: 21% , Writes: 2%, MC mean Latency: 12
HBM refresh energy (nJ): 5
HBM access energy (nJ): 21,404,478
MemC wire energy 2.5d (nJ): 4,227,793
MemC wire energy 3d (nJ): 1,056,948

---Energy---
Leakage Energy (nJ): 323,424
PU Dyn E (nJ): 8,773,021
Mem Dyn E (nJ): 48,645,023
Route Dyn E (nJ): 11,349,531
Dynamic Energy (nJ): 68,767,575
Ratio of Dyn/Leak: 213
Total Energy (nJ): 69,090,999
Total Energy (nJ) 3D: 73,250,179
Cores Energy (nJ): 8,777,884
Route Energy (nJ): 11,382,954
Route Energy (nJ) 3D: 18,712,979
Mem Energy   (nJ): 48,930,161
Mem Energy   (nJ) 3D: 45,759,317
Avg. Power (mW): 39,544.47
Power Density (mW/mm2): 45.97

---Runtime---
Runtime in K cycles: 1,747.17
Microseconds: 1,747.17
Time per iteration (ms): 1.75

---Inst---
K Loads: 623,007
K Stores: 624,979
K Instructions: 760,250

---Throughput---
GOP/s (aka OPS/ns): 435.13
GOP/s per core: 0.42
GFLOP/s: 166.73
GFLOP/s per core: 0.16
Max Peak GFLOP/s: 1,024.00
Avg. BW GB/s: 2,857.16
Max BW GB/s: 4,096.00

---Traffic---
In-Die bisection_bytes BW (GB/s): 256.00
Inter-board traffic (msg/ns): 0.00, per-link: 0.00
Inter-pack traffic (msg/ns): 0.00, per-link: 0.00
Inter-die traffic (msg/ns): 59.30, per-link: 0.23
Ruche traffic (msg/ns): 57.83, per-link: 0.23
All traffic (msg/ns): 2,305.32, per-link: 2.25
Inter-die reduction wrt all: 38.87
Inter-board reduction wrt inter-die: inf

---Data Movement---
All traffic (msg): 4,027,798,550
Arith. Intensity FLOP/Loads: 0.47
Arith. Intensity FLOP/Msgs: 0.07
Arith. Intensity OPS/Loads: 1.22
Arith. Intensity OPS/Msgs: 0.19

Simulation time: 120.43
Sim time / DUT time: 67.31
Sim noc_cy/s: 14,507.81
Sim Msg/s: 33,445,200.42

Version 32

