Dataset:  Kron22/
Dry run: 0
Open Edge Count File succesfully
Edges Traversed BFS: 128309848
Found Vertices: 4194304, Edges: 128311436
avg degree 31
Array  Kron22/node_array.bin found
Malloc array of size 16777220 bytes
Readin array of size 16777216 bytes
Finished Reading Array Bytes
No reordering Array 32bit
Array  Kron22/edge_array.bin found
Malloc array of size 513245744 bytes
Readin array of size 513245744 bytes
Finished Reading Array Bytes
No reordering Array 32bit
Reading graph elapsed time: 0.150616s

Dataset Footprint: 522 MiB
Dataset Footprint per Board: 4382.92 Mb
Dataset injection time (ms): 0.267512
Max Dataset Footprint: 1026 MiB

Dataset footprint per tile: 2089 KiB
Proxys footprint per tile: 0 KiB
Reserved SRAM per tile: 3476 KiB

Ideal SRAM per tile: 5565 KiB
reserved_words_for_dataset:791040
dataset_words_per_tile:535024
remaining_sram_words:1207082
min_dcache_sram_words_required:535024
dataset_words_per_tile:535024
min_pcache_sram_words_required:0
proxys_words_per_tile:0
Dcache footprint ratio: 1
Dataset Cached: 0
DCache: 535024 words, lines: 33439, sets: 33439
Proxys Cached: 0
Pcache: 0 words, sets: 0
Node per tile: 16,384
Edge per tile: 501,217
GRID_X: 16
GRID_SIZE: 256
smt_per_tile: 16
noc_freq: 2
pu_freq: 1
RUCHE_X: 2
PROXY_W: 16
DIE_W: 4
DIE_H: 4
DIES: 16
BORDER_TILES_PER_DIE: 16
PACK_W: 16
PACK_H: 16
DIES_PACK_FACTOR: 4
DIES_PER_PACK: 16
PACKAGES: 1
BOARD_W: 16
BOARD_H: 16
BOARDS: 1
MUX_BUS: 1
DCACHE: 1
PCACHE: 0
PROXY_FACTOR: 1
CACHE_WAYS: 1
TORUS: 1
PHY_NOCS: 1
WIDE_NOC_ID: 0
NOC_CONF: 1
noc_width: 32
hbm_channel_bit_width: 512
ld_st_op_byte_width: 4
PROXY_ROUTING: 0
WITHIN_REGION: 0
WRITE_THROUGH: 1
ASSERT_MODE: 0
GLOBAL_BARRIER: 0
OQ flits: 576 ; 98,304 ; 2
IQ flits: 4,608 ; 786,432 ; 2
OQ messages: 192 ; 49,152 ; 1
IQ messages: 1,536 ; 393,216 ; 1
max_task2 size: 64
io_factor_t2: 8
io_factor_t3: 8
io_factor_t3b: 8

Active SRAM Storage per tile: 5,566 KiB
Total SRAM Storage per tile: 8,192 KiB
Agreggated SRAM Storage: 2,048 MiB

Active DRAM Storage per tile: 0 MiB
Total DRAM Storage per tile: 512 MiB
Agreggated DRAM Storage: 128 GiB

Inter-Die #links: 128
Inter-Die (Gbits): 8,192
Inter-Die (Gbits/mm): 246.342
Bisection BW of Board (Gbits): 8,192
Border IO #Dies: 16
Border IO Die BW (Gbits): 1,024
Off-Board BW Total (Gbits): 16,384
Off-Board BW Density (Gbits/mm): 54
Die side: 8.31 mm
Die border wire density: 246.34 Gbits/mm
HBM wire density: 492.68 Gbits/mm

Tiles per Die: 16 (4x4)
Tile Area: 3.02 mm2, side: 1.74 mm
- Core/Rout Area: 0.72 mm2
- SRAM Area: 2.30 mm2
- SRAM/Logic Ratio: 3.19x

Dies per Package: 16 (4x4)
Die Area: 69.12 mm2, side: 8.31 mm
- Tiles Area: 48.24 mm2
- PHY Area: 11.87 mm2
- MC Area: 9.00 mm2

Packages per Board: 1 (1x1)
Package Area: 5,745.87 mm2, side: 75.80 mm
- IOdie Area: 2,880.00 mm2
- Dies Area: 1,105.87 mm2
- HBM Area: 1,760.00 mm2

Boards: 1 (1x1)
Board Area: 5,745.87 mm2
Total Area: 5,745.87 mm2



ESTIMATED COST OF SILICON AND PACKAGING. ONLY VARIABLE, NO FIXED COSTS
Good dies per wafer 3d: 483
Good dies per wafer 2d: 808
--Dies 3D Cost: 200.31 $
--Dies 2.5D Cost: 119.74 $
--Dies 2D Cost: 119.74 $
--HBM Cost: 960.00 $
--IOdie Cost: 417.03 $
--Packaging Cost 3d: 98.59 $
--Packaging Cost 2.5d: 122.43 $
--Packaging Cost 2d: 80.52 $
SiP Cost 3d: 1,675.94 $
SiP Cost 2.5d: 1,619.20 $
SiP Cost 2d: 617.29 $
--Board Cost: 5.75 $
Total SiPs Cost 3d: 1,681.68 $
Total SiPs Cost 2.5d: 1,624.95 $
Total SiPs Cost 2d: 623.04 $

Perf counters initialized
Mesh connected
Cache structures initialized
Replicas initialized
Allocated Frontier List
Dataset structures initialized


Starting Simulation
INIT epoch: 1
INIT epoch: 1
INIT epoch: 1
INIT epoch: 1
INIT epoch: 1
INIT epoch: 1
INIT epoch: 1
INIT epoch: 1

===PRINTING FRAME STATS

FCollision In Avg:-nan, SD:-nan, Max:334, Min:72
FCollision Out Avg:-nan, SD:-nan, Max:185, Min:11
FCollision End Avg:-nan, SD:-nan, Max:90, Min:0
FTask1 Avg:-nan, SD:-nan, Max:844, Min:120
FTask2 Avg:-nan, SD:-nan, Max:474, Min:79
FTask3 Avg:-nan, SD:-nan, Max:687, Min:350
FCore Active Avg:-nan, SD:-nan, Max:100, Min:51
FRouter Active Avg:-nan, SD:-nan, Max:94, Min:75
T1 invocations: 2,090,974
T2 invocations: 1,037,993
T3 invocations: 13,353,335
T3b invocations: 0
Total3 invocations: 13,353,335
Total4 invocations: 3

T3/T2 ratio: 13
T3b/T3 ratio: 0

T1 avg ex cycles: 57
T2 avg ex cycles: 75
T3&b avg ex cycles: 10
T4 avg ex cycles: 611
Avg. hops NOC1: 2
Avg. latency NOC1 (T2): 18,032
Avg. hops NOC2: 7
Avg. latency NOC2 (T3): 39,848

===PRINTING ACUM STATS at pu_cycles: 100,202

ACollision In Avg:-nan, SD:-nan, Max:334, Min:72
ACollision Out Avg:-nan, SD:-nan, Max:185, Min:11
ACollision End Avg:-nan, SD:-nan, Max:90, Min:0
ATask1 Avg:-nan, SD:-nan, Max:844, Min:120
ATask2 Avg:-nan, SD:-nan, Max:474, Min:79
ATask3 Avg:-nan, SD:-nan, Max:687, Min:350
ACore Active Avg:-nan, SD:-nan, Max:100, Min:51
ARouter Active Avg:-nan, SD:-nan, Max:94, Min:75
T1 invocations: 2,090,974
T2 invocations: 1,037,993
T3 invocations: 13,353,335
T3b invocations: 0
Total3 invocations: 13,353,335
Total4 invocations: 3

T3/T2 ratio: 13
T3b/T3 ratio: 0

T1 avg ex cycles: 57
T2 avg ex cycles: 75
T3&b avg ex cycles: 10
T4 avg ex cycles: 611
Avg. hops NOC1: 2
Avg. latency NOC1 (T2): 18,032
Avg. hops NOC2: 7
Avg. latency NOC2 (T3): 39,848
Number of K Nodes Processed: 2,050
Number of K Edges Processed: 25,621
Node Re-explore factor: 0.49
Edge Re-explore factor: 0.20
Nodes/cy: 20
Edges/cy: 256
TEPS: 1,281

---DCache---
DCache Size: 535,024
DRAM words: 0
  DHits: 0
  DMisses: 0

---Energy---
Leakage Energy (nJ): 120,380
PU Dyn E (nJ): 1,177,309
Mem Dyn E (nJ): 14,843,207
Route Dyn E (nJ): 2,889,420
Dynamic Energy (nJ): 18,909,936
Ratio of Dyn/Leak: 157
Total Energy (nJ): 19,030,316
Total Energy (nJ) 3D: 20,392,954
Cores Energy (nJ): 1,178,425
Route Energy (nJ): 2,919,449
Route Energy (nJ) 3D: 4,282,087
Mem Energy   (nJ): 14,932,442
Mem Energy   (nJ) 3D: 14,932,442
Avg. Power (mW): 189,919.52
Power Density (mW/mm2): 33.05

---Runtime---
Runtime in K cycles: 100.20
Microseconds: 100.20
Time per iteration (ms): 0.10

---Throughput---
GOP/s (aka OPS/ns): 2,045.63
GOP/s per core: 7.99
GFLOP/s: 133.26
GFLOP/s per core: 0.52
Max Peak GFLOP/s: 4,096.00
Avg. BW GB/s: 7,177.11
Max BW GB/s: 16,384.00

---Traffic---
In-Die bisection_bytes BW (GB/s): 256.00
Inter-board traffic (msg/ns): 0.00, per-link: 0.00
Inter-pack traffic (msg/ns): 0.00, per-link: 0.00
Inter-die traffic (msg/ns): 162.17, per-link: 0.63
Ruche traffic (msg/ns): 394.01, per-link: 1.54
All traffic (msg/ns): 1,867.82, per-link: 7.30
Inter-die reduction wrt all: 11.52
Inter-board reduction wrt inter-die: inf

---Data Movement---
All traffic (msg): 187,159,581
Arith. Intensity FLOP/Loads: 0.15
Arith. Intensity FLOP/Msgs: 0.07
Arith. Intensity OPS/Loads: 2.29
Arith. Intensity OPS/Msgs: 1.10



===Core Utilization Total=== CORE-S:1;; TIME K cy:100 ;; Nodes Proc: 253,627 -- Edges Proc: 3,309,507

===PRINTING FRAME STATS

FCollision In Avg:138, SD:38, Max:409, Min:71
FCollision Out Avg:77, SD:53, Max:252, Min:12
FCollision End Avg:18, SD:31, Max:111, Min:0
FTask1 Avg:217, SD:147, Max:778, Min:0
FTask2 Avg:130, SD:82, Max:430, Min:0
FTask3 Avg:501, SD:58, Max:711, Min:392
FCore Active Avg:53, SD:11, Max:100, Min:32
FRouter Active Avg:83, SD:9, Max:177, Min:72
T1 invocations: 958,721
T2 invocations: 698,955
T3 invocations: 14,392,958
T3b invocations: 0
Total3 invocations: 14,392,958
Total4 invocations: 349

T3/T2 ratio: 21
T3b/T3 ratio: 0

T1 avg ex cycles: 58
T2 avg ex cycles: 48
T3&b avg ex cycles: 9
T4 avg ex cycles: 586
Avg. hops NOC1: 1
Avg. latency NOC1 (T2): 26,642
Avg. hops NOC2: 6
Avg. latency NOC2 (T3): 55,049

===PRINTING ACUM STATS at pu_cycles: 200,843

ACollision In Avg:140, SD:36, Max:326, Min:73
ACollision Out Avg:83, SD:48, Max:204, Min:12
ACollision End Avg:25, SD:27, Max:99, Min:0
ATask1 Avg:367, SD:65, Max:778, Min:144
ATask2 Avg:231, SD:65, Max:430, Min:46
ATask3 Avg:524, SD:38, Max:629, Min:392
ACore Active Avg:70, SD:7, Max:100, Min:52
ARouter Active Avg:86, SD:6, Max:134, Min:73
T1 invocations: 3,181,198
T2 invocations: 1,800,650
T3 invocations: 28,194,416
T3b invocations: 0
Total3 invocations: 28,194,416
Total4 invocations: 352

T3/T2 ratio: 16
T3b/T3 ratio: 0

T1 avg ex cycles: 57
T2 avg ex cycles: 64
T3&b avg ex cycles: 9
T4 avg ex cycles: 586
Avg. hops NOC1: 1
Avg. latency NOC1 (T2): 21,377
Avg. hops NOC2: 7
Avg. latency NOC2 (T3): 47,585
Number of K Nodes Processed: 3,471
Number of K Edges Processed: 34,515
Node Re-explore factor: 0.83
Edge Re-explore factor: 0.27
Nodes/cy: 17
Edges/cy: 172
TEPS: 639

---DCache---
DCache Size: 535,024
DRAM words: 0
  DHits: 0
  DMisses: 0

---Energy---
Leakage Energy (nJ): 241,287
PU Dyn E (nJ): 2,136,783
Mem Dyn E (nJ): 25,891,901
Route Dyn E (nJ): 5,758,835
Dynamic Energy (nJ): 33,787,519
Ratio of Dyn/Leak: 140
Total Energy (nJ): 34,028,806
Total Energy (nJ) 3D: 36,812,791
Cores Energy (nJ): 2,139,019
Route Energy (nJ): 5,819,024
Route Energy (nJ) 3D: 8,603,009
Mem Energy   (nJ): 26,070,763
Mem Energy   (nJ) 3D: 26,070,763
Avg. Power (mW): 169,429.88
Power Density (mW/mm2): 29.49

---Runtime---
Runtime in K cycles: 200.84
Microseconds: 200.84
Time per iteration (ms): 0.20

---Throughput---
GOP/s (aka OPS/ns): 1,773.49
GOP/s per core: 6.93
GFLOP/s: 140.38
GFLOP/s per core: 0.55
Max Peak GFLOP/s: 4,096.00
Avg. BW GB/s: 6,249.10
Max BW GB/s: 16,384.00

---Traffic---
In-Die bisection_bytes BW (GB/s): 256.00
Inter-board traffic (msg/ns): 0.00, per-link: 0.00
Inter-pack traffic (msg/ns): 0.00, per-link: 0.00
Inter-die traffic (msg/ns): 152.79, per-link: 0.60
Ruche traffic (msg/ns): 373.89, per-link: 1.46
All traffic (msg/ns): 1,867.96, per-link: 7.30
Inter-die reduction wrt all: 12.23
Inter-board reduction wrt inter-die: inf

---Data Movement---
All traffic (msg): 375,166,508
Arith. Intensity FLOP/Loads: 0.18
Arith. Intensity FLOP/Msgs: 0.08
Arith. Intensity OPS/Loads: 2.21
Arith. Intensity OPS/Msgs: 0.95



===Core Utilization Total=== CORE-S:2;; TIME K cy:200 ;; Nodes Proc: 429,174 -- Edges Proc: 4,463,566

===PRINTING FRAME STATS

FCollision In Avg:131, SD:31, Max:242, Min:71
FCollision Out Avg:66, SD:42, Max:206, Min:13
FCollision End Avg:8, SD:23, Max:100, Min:0
FTask1 Avg:46, SD:81, Max:387, Min:0
FTask2 Avg:150, SD:92, Max:377, Min:0
FTask3 Avg:458, SD:31, Max:563, Min:381
FCore Active Avg:41, SD:7, Max:60, Min:26
FRouter Active Avg:84, SD:4, Max:93, Min:69
T1 invocations: 203,883
T2 invocations: 304,279
T3 invocations: 13,616,469
T3b invocations: 0
Total3 invocations: 13,616,469
Total4 invocations: 1,042

T3/T2 ratio: 45
T3b/T3 ratio: 0

T1 avg ex cycles: 58
T2 avg ex cycles: 126
T3&b avg ex cycles: 9
T4 avg ex cycles: 579
Avg. hops NOC1: 1
Avg. latency NOC1 (T2): 22,443
Avg. hops NOC2: 6
Avg. latency NOC2 (T3): 45,264

===PRINTING ACUM STATS at pu_cycles: 300,584

ACollision In Avg:137, SD:32, Max:278, Min:72
ACollision Out Avg:77, SD:44, Max:193, Min:13
ACollision End Avg:20, SD:23, Max:93, Min:0
ATask1 Avg:259, SD:30, Max:391, Min:184
ATask2 Avg:203, SD:63, Max:373, Min:31
ATask3 Avg:502, SD:34, Max:597, Min:425
ACore Active Avg:60, SD:5, Max:77, Min:46
ARouter Active Avg:85, SD:4, Max:118, Min:73
T1 invocations: 3,383,675
T2 invocations: 2,097,808
T3 invocations: 41,732,256
T3b invocations: 0
Total3 invocations: 41,732,256
Total4 invocations: 1,404

T3/T2 ratio: 20
T3b/T3 ratio: 0

T1 avg ex cycles: 57
T2 avg ex cycles: 73
T3&b avg ex cycles: 9
T4 avg ex cycles: 581
Avg. hops NOC1: 1
Avg. latency NOC1 (T2): 21,550
Avg. hops NOC2: 6
Avg. latency NOC2 (T3): 46,617
Number of K Nodes Processed: 4,615
Number of K Edges Processed: 46,971
Node Re-explore factor: 1.10
Edge Re-explore factor: 0.37
Nodes/cy: 15
Edges/cy: 156
TEPS: 427

---DCache---
DCache Size: 535,024
DRAM words: 0
  DHits: 0
  DMisses: 0

---Energy---
Leakage Energy (nJ): 361,113
PU Dyn E (nJ): 2,846,746
Mem Dyn E (nJ): 35,579,176
Route Dyn E (nJ): 8,425,612
Dynamic Energy (nJ): 46,851,535
Ratio of Dyn/Leak: 130
Total Energy (nJ): 47,212,648
Total Energy (nJ) 3D: 51,273,241
Cores Energy (nJ): 2,850,092
Route Energy (nJ): 8,515,692
Route Energy (nJ) 3D: 12,576,286
Mem Energy   (nJ): 35,846,864
Mem Energy   (nJ) 3D: 35,846,864
Avg. Power (mW): 157,069.73
Power Density (mW/mm2): 27.34

---Runtime---
Runtime in K cycles: 300.58
Microseconds: 300.58
Time per iteration (ms): 0.30

---Throughput---
GOP/s (aka OPS/ns): 1,523.24
GOP/s per core: 5.95
GFLOP/s: 138.84
GFLOP/s per core: 0.54
Max Peak GFLOP/s: 4,096.00
Avg. BW GB/s: 5,737.47
Max BW GB/s: 16,384.00

---Traffic---
In-Die bisection_bytes BW (GB/s): 256.00
Inter-board traffic (msg/ns): 0.00, per-link: 0.00
Inter-pack traffic (msg/ns): 0.00, per-link: 0.00
Inter-die traffic (msg/ns): 147.67, per-link: 0.58
Ruche traffic (msg/ns): 370.46, per-link: 1.45
All traffic (msg/ns): 1,824.08, per-link: 7.13
Inter-die reduction wrt all: 12.35
Inter-board reduction wrt inter-die: inf

---Data Movement---
All traffic (msg): 548,289,685
Arith. Intensity FLOP/Loads: 0.19
Arith. Intensity FLOP/Msgs: 0.08
Arith. Intensity OPS/Loads: 2.07
Arith. Intensity OPS/Msgs: 0.84



===Core Utilization Total=== CORE-S:3;; TIME K cy:300 ;; Nodes Proc: 572,011 -- Edges Proc: 5,978,614

===PRINTING FRAME STATS

FCollision In Avg:126, SD:27, Max:241, Min:70
FCollision Out Avg:59, SD:40, Max:192, Min:4
FCollision End Avg:9, SD:26, Max:99, Min:0
FTask1 Avg:28, SD:31, Max:175, Min:0
FTask2 Avg:184, SD:89, Max:373, Min:0
FTask3 Avg:484, SD:35, Max:590, Min:405
FCore Active Avg:44, SD:7, Max:60, Min:28
FRouter Active Avg:88, SD:4, Max:94, Min:69
T1 invocations: 138,285
T2 invocations: 327,951
T3 invocations: 15,486,384
T3b invocations: 0
Total3 invocations: 15,486,384
Total4 invocations: 2,036

T3/T2 ratio: 47
T3b/T3 ratio: 0

T1 avg ex cycles: 52
T2 avg ex cycles: 144
T3&b avg ex cycles: 8
T4 avg ex cycles: 573
Avg. hops NOC1: 1
Avg. latency NOC1 (T2): 16,455
Avg. hops NOC2: 6
Avg. latency NOC2 (T3): 36,053

===PRINTING ACUM STATS at pu_cycles: 400,574

ACollision In Avg:134, SD:30, Max:258, Min:72
ACollision Out Avg:72, SD:42, Max:190, Min:12
ACollision End Avg:17, SD:21, Max:95, Min:0
ATask1 Avg:199, SD:21, Max:299, Min:168
ATask2 Avg:198, SD:63, Max:357, Min:23
ATask3 Avg:497, SD:34, Max:595, Min:420
ACore Active Avg:56, SD:5, Max:70, Min:42
ARouter Active Avg:86, SD:4, Max:112, Min:74
T1 invocations: 3,524,621
T2 invocations: 2,430,086
T3 invocations: 57,460,680
T3b invocations: 0
Total3 invocations: 57,460,680
Total4 invocations: 3,473

T3/T2 ratio: 24
T3b/T3 ratio: 0

T1 avg ex cycles: 57
T2 avg ex cycles: 83
T3&b avg ex cycles: 9
T4 avg ex cycles: 577
Avg. hops NOC1: 1
Avg. latency NOC1 (T2): 20,818
Avg. hops NOC2: 6
Avg. latency NOC2 (T3): 43,747
Number of K Nodes Processed: 5,415
Number of K Edges Processed: 61,882
Node Re-explore factor: 1.29
Edge Re-explore factor: 0.48
Nodes/cy: 14
Edges/cy: 154
TEPS: 320

---DCache---
DCache Size: 535,024
DRAM words: 0
  DHits: 0
  DMisses: 0

---Energy---
Leakage Energy (nJ): 481,239
PU Dyn E (nJ): 3,636,534
Mem Dyn E (nJ): 46,708,727
Route Dyn E (nJ): 11,539,310
Dynamic Energy (nJ): 61,884,571
Ratio of Dyn/Leak: 129
Total Energy (nJ): 62,365,810
Total Energy (nJ) 3D: 67,929,297
Cores Energy (nJ): 3,640,993
Route Energy (nJ): 11,659,355
Route Energy (nJ) 3D: 17,222,843
Mem Energy   (nJ): 47,065,462
Mem Energy   (nJ) 3D: 47,065,462
Avg. Power (mW): 155,691.11
Power Density (mW/mm2): 27.10

---Runtime---
Runtime in K cycles: 400.57
Microseconds: 400.57
Time per iteration (ms): 0.40

---Throughput---
GOP/s (aka OPS/ns): 1,418.68
GOP/s per core: 5.54
GFLOP/s: 143.45
GFLOP/s per core: 0.56
Max Peak GFLOP/s: 4,096.00
Avg. BW GB/s: 5,651.61
Max BW GB/s: 16,384.00

---Traffic---
In-Die bisection_bytes BW (GB/s): 256.00
Inter-board traffic (msg/ns): 0.00, per-link: 0.00
Inter-pack traffic (msg/ns): 0.00, per-link: 0.00
Inter-die traffic (msg/ns): 148.82, per-link: 0.58
Ruche traffic (msg/ns): 383.22, per-link: 1.50
All traffic (msg/ns): 1,872.78, per-link: 7.32
Inter-die reduction wrt all: 12.58
Inter-board reduction wrt inter-die: inf

---Data Movement---
All traffic (msg): 750,187,279
Arith. Intensity FLOP/Loads: 0.20
Arith. Intensity FLOP/Msgs: 0.08
Arith. Intensity OPS/Loads: 1.97
Arith. Intensity OPS/Msgs: 0.76



===Core Utilization Total=== CORE-S:4;; TIME K cy:400 ;; Nodes Proc: 671,383 -- Edges Proc: 7,969,777

===PRINTING FRAME STATS

FCollision In Avg:123, SD:26, Max:186, Min:62
FCollision Out Avg:57, SD:42, Max:186, Min:4
FCollision End Avg:11, SD:29, Max:99, Min:0
FTask1 Avg:40, SD:44, Max:218, Min:0
FTask2 Avg:195, SD:87, Max:427, Min:0
FTask3 Avg:466, SD:38, Max:578, Min:383
FCore Active Avg:44, SD:8, Max:67, Min:27
FRouter Active Avg:89, SD:5, Max:95, Min:67
T1 invocations: 211,223
T2 invocations: 394,308
T3 invocations: 15,999,363
T3b invocations: 0
Total3 invocations: 15,999,363
Total4 invocations: 3,253

T3/T2 ratio: 41
T3b/T3 ratio: 0

T1 avg ex cycles: 48
T2 avg ex cycles: 126
T3&b avg ex cycles: 7
T4 avg ex cycles: 571
Avg. hops NOC1: 1
Avg. latency NOC1 (T2): 18,021
Avg. hops NOC2: 6
Avg. latency NOC2 (T3): 26,320

===PRINTING ACUM STATS at pu_cycles: 501,106

ACollision In Avg:132, SD:28, Max:244, Min:78
ACollision Out Avg:69, SD:41, Max:187, Min:11
ACollision End Avg:16, SD:21, Max:95, Min:0
ATask1 Avg:166, SD:22, Max:242, Min:134
ATask2 Avg:197, SD:63, Max:344, Min:19
ATask3 Avg:491, SD:34, Max:591, Min:413
ACore Active Avg:54, SD:6, Max:67, Min:39
ARouter Active Avg:87, SD:4, Max:108, Min:73
T1 invocations: 3,739,443
T2 invocations: 2,830,939
T3 invocations: 73,750,110
T3b invocations: 0
Total3 invocations: 73,750,110
Total4 invocations: 6,782

T3/T2 ratio: 26
T3b/T3 ratio: 0

T1 avg ex cycles: 57
T2 avg ex cycles: 89
T3&b avg ex cycles: 9
T4 avg ex cycles: 574
Avg. hops NOC1: 1
Avg. latency NOC1 (T2): 20,383
Avg. hops NOC2: 6
Avg. latency NOC2 (T3): 39,942
Number of K Nodes Processed: 5,787
Number of K Edges Processed: 77,596
Node Re-explore factor: 1.38
Edge Re-explore factor: 0.60
Nodes/cy: 12
Edges/cy: 155
TEPS: 256

---DCache---
DCache Size: 535,024
DRAM words: 0
  DHits: 0
  DMisses: 0

---Energy---
Leakage Energy (nJ): 602,015
PU Dyn E (nJ): 4,450,511
Mem Dyn E (nJ): 58,065,149
Route Dyn E (nJ): 14,747,418
Dynamic Energy (nJ): 77,263,079
Ratio of Dyn/Leak: 128
Total Energy (nJ): 77,865,094
Total Energy (nJ) 3D: 84,977,681
Cores Energy (nJ): 4,456,090
Route Energy (nJ): 14,897,591
Route Energy (nJ) 3D: 22,010,177
Mem Energy   (nJ): 58,511,414
Mem Energy   (nJ) 3D: 58,511,414
Avg. Power (mW): 155,386.47
Power Density (mW/mm2): 27.04

---Runtime---
Runtime in K cycles: 501.11
Microseconds: 501.11
Time per iteration (ms): 0.50

---Throughput---
GOP/s (aka OPS/ns): 1,360.54
GOP/s per core: 5.31
GFLOP/s: 147.17
GFLOP/s per core: 0.57
Max Peak GFLOP/s: 4,096.00
Avg. BW GB/s: 5,615.94
Max BW GB/s: 16,384.00

---Traffic---
In-Die bisection_bytes BW (GB/s): 256.00
Inter-board traffic (msg/ns): 0.00, per-link: 0.00
Inter-pack traffic (msg/ns): 0.00, per-link: 0.00
Inter-die traffic (msg/ns): 150.25, per-link: 0.59
Ruche traffic (msg/ns): 392.91, per-link: 1.53
All traffic (msg/ns): 1,912.87, per-link: 7.47
Inter-die reduction wrt all: 12.73
Inter-board reduction wrt inter-die: inf

---Data Movement---
All traffic (msg): 958,548,375
Arith. Intensity FLOP/Loads: 0.21
Arith. Intensity FLOP/Msgs: 0.08
Arith. Intensity OPS/Loads: 1.91
Arith. Intensity OPS/Msgs: 0.71



===Core Utilization Total=== CORE-S:5;; TIME K cy:500 ;; Nodes Proc: 717,969 -- Edges Proc: 9,993,669

===PRINTING FRAME STATS

FCollision In Avg:122, SD:27, Max:213, Min:55
FCollision Out Avg:62, SD:45, Max:185, Min:4
FCollision End Avg:12, SD:30, Max:99, Min:0
FTask1 Avg:43, SD:46, Max:218, Min:0
FTask2 Avg:173, SD:84, Max:404, Min:0
FTask3 Avg:406, SD:36, Max:535, Min:332
FCore Active Avg:39, SD:8, Max:67, Min:23
FRouter Active Avg:84, SD:6, Max:94, Min:65
T1 invocations: 236,505
T2 invocations: 396,733
T3 invocations: 14,243,750
T3b invocations: 0
Total3 invocations: 14,243,750
Total4 invocations: 4,150

T3/T2 ratio: 36
T3b/T3 ratio: 0

T1 avg ex cycles: 47
T2 avg ex cycles: 112
T3&b avg ex cycles: 7
T4 avg ex cycles: 506
Avg. hops NOC1: 1
Avg. latency NOC1 (T2): 19,126
Avg. hops NOC2: 6
Avg. latency NOC2 (T3): 25,237

===PRINTING ACUM STATS at pu_cycles: 600,851

ACollision In Avg:130, SD:28, Max:230, Min:76
ACollision Out Avg:68, SD:40, Max:185, Min:10
ACollision End Avg:15, SD:21, Max:96, Min:0
ATask1 Avg:146, SD:25, Max:230, Min:112
ATask2 Avg:193, SD:63, Max:350, Min:15
ATask3 Avg:477, SD:34, Max:577, Min:401
ACore Active Avg:51, SD:6, Max:67, Min:36
ARouter Active Avg:86, SD:4, Max:105, Min:72
T1 invocations: 3,956,842
T2 invocations: 3,208,120
T3 invocations: 87,363,583
T3b invocations: 0
Total3 invocations: 87,363,583
Total4 invocations: 10,636

T3/T2 ratio: 27
T3b/T3 ratio: 0

T1 avg ex cycles: 56
T2 avg ex cycles: 92
T3&b avg ex cycles: 8
T4 avg ex cycles: 547
Avg. hops NOC1: 1
Avg. latency NOC1 (T2): 20,348
Avg. hops NOC2: 6
Avg. latency NOC2 (T3): 37,642
Number of K Nodes Processed: 6,001
Number of K Edges Processed: 91,481
Node Re-explore factor: 1.43
Edge Re-explore factor: 0.71
Nodes/cy: 10
Edges/cy: 152
TEPS: 214

---DCache---
DCache Size: 535,024
DRAM words: 0
  DHits: 0
  DMisses: 0

---Energy---
Leakage Energy (nJ): 721,846
PU Dyn E (nJ): 5,132,674
Mem Dyn E (nJ): 67,472,857
Route Dyn E (nJ): 17,436,231
Dynamic Energy (nJ): 90,041,762
Ratio of Dyn/Leak: 125
Total Energy (nJ): 90,763,608
Total Energy (nJ) 3D: 99,140,791
Cores Energy (nJ): 5,139,363
Route Energy (nJ): 17,616,295
Route Energy (nJ) 3D: 25,993,478
Mem Energy   (nJ): 68,007,950
Mem Energy   (nJ) 3D: 68,007,950
Avg. Power (mW): 151,058.43
Power Density (mW/mm2): 26.29

---Runtime---
Runtime in K cycles: 600.85
Microseconds: 600.85
Time per iteration (ms): 0.60

---Throughput---
GOP/s (aka OPS/ns): 1,293.23
GOP/s per core: 5.05
GFLOP/s: 145.40
GFLOP/s per core: 0.57
Max Peak GFLOP/s: 4,096.00
Avg. BW GB/s: 5,442.39
Max BW GB/s: 16,384.00

---Traffic---
In-Die bisection_bytes BW (GB/s): 256.00
Inter-board traffic (msg/ns): 0.00, per-link: 0.00
Inter-pack traffic (msg/ns): 0.00, per-link: 0.00
Inter-die traffic (msg/ns): 148.72, per-link: 0.58
Ruche traffic (msg/ns): 391.03, per-link: 1.53
All traffic (msg/ns): 1,886.21, per-link: 7.37
Inter-die reduction wrt all: 12.68
Inter-board reduction wrt inter-die: inf

---Data Movement---
All traffic (msg): 1,133,332,732
Arith. Intensity FLOP/Loads: 0.21
Arith. Intensity FLOP/Msgs: 0.08
Arith. Intensity OPS/Loads: 1.87
Arith. Intensity OPS/Msgs: 0.69



===Core Utilization Total=== CORE-S:6;; TIME K cy:600 ;; Nodes Proc: 744,647 -- Edges Proc: 11,832,369

===PRINTING FRAME STATS

FCollision In Avg:119, SD:31, Max:207, Min:19
FCollision Out Avg:59, SD:43, Max:188, Min:4
FCollision End Avg:13, SD:29, Max:99, Min:0
FTask1 Avg:48, SD:45, Max:210, Min:0
FTask2 Avg:174, SD:87, Max:428, Min:0
FTask3 Avg:400, SD:34, Max:500, Min:324
FCore Active Avg:39, SD:8, Max:66, Min:24
FRouter Active Avg:84, SD:6, Max:93, Min:63
T1 invocations: 261,081
T2 invocations: 429,286
T3 invocations: 14,162,670
T3b invocations: 0
Total3 invocations: 14,162,670
Total4 invocations: 7,718

T3/T2 ratio: 33
T3b/T3 ratio: 0

T1 avg ex cycles: 47
T2 avg ex cycles: 103
T3&b avg ex cycles: 7
T4 avg ex cycles: 312
Avg. hops NOC1: 1
Avg. latency NOC1 (T2): 18,316
Avg. hops NOC2: 6
Avg. latency NOC2 (T3): 25,279

===PRINTING ACUM STATS at pu_cycles: 700,951

ACollision In Avg:128, SD:27, Max:227, Min:68
ACollision Out Avg:67, SD:40, Max:185, Min:9
ACollision End Avg:15, SD:22, Max:96, Min:0
ATask1 Avg:132, SD:26, Max:198, Min:96
ATask2 Avg:190, SD:62, Max:341, Min:14
ATask3 Avg:466, SD:35, Max:572, Min:390
ACore Active Avg:50, SD:6, Max:65, Min:35
ARouter Active Avg:86, SD:4, Max:102, Min:71
T1 invocations: 4,220,815
T2 invocations: 3,638,903
T3 invocations: 101,627,010
T3b invocations: 0
Total3 invocations: 101,627,010
Total4 invocations: 18,399

T3/T2 ratio: 28
T3b/T3 ratio: 0

T1 avg ex cycles: 56
T2 avg ex cycles: 93
T3&b avg ex cycles: 8
T4 avg ex cycles: 449
Avg. hops NOC1: 1
Avg. latency NOC1 (T2): 20,101
Avg. hops NOC2: 6
Avg. latency NOC2 (T3): 35,907
Number of K Nodes Processed: 6,158
Number of K Edges Processed: 105,349
Node Re-explore factor: 1.47
Edge Re-explore factor: 0.82
Nodes/cy: 9
Edges/cy: 150
TEPS: 183

---DCache---
DCache Size: 535,024
DRAM words: 0
  DHits: 0
  DMisses: 0

---Energy---
Leakage Energy (nJ): 842,104
PU Dyn E (nJ): 5,854,186
Mem Dyn E (nJ): 77,378,107
Route Dyn E (nJ): 20,243,120
Dynamic Energy (nJ): 103,475,413
Ratio of Dyn/Leak: 123
Total Energy (nJ): 104,317,517
Total Energy (nJ) 3D: 114,039,680
Cores Energy (nJ): 5,861,989
Route Energy (nJ): 20,453,182
Route Energy (nJ) 3D: 30,175,345
Mem Energy   (nJ): 78,002,346
Mem Energy   (nJ) 3D: 78,002,346
Avg. Power (mW): 148,822.84
Power Density (mW/mm2): 25.90

---Runtime---
Runtime in K cycles: 700.95
Microseconds: 700.95
Time per iteration (ms): 0.70

---Throughput---
GOP/s (aka OPS/ns): 1,253.07
GOP/s per core: 4.89
GFLOP/s: 144.98
GFLOP/s per core: 0.57
Max Peak GFLOP/s: 4,096.00
Avg. BW GB/s: 5,349.96
Max BW GB/s: 16,384.00

---Traffic---
In-Die bisection_bytes BW (GB/s): 256.00
Inter-board traffic (msg/ns): 0.00, per-link: 0.00
Inter-pack traffic (msg/ns): 0.00, per-link: 0.00
Inter-die traffic (msg/ns): 147.08, per-link: 0.57
Ruche traffic (msg/ns): 390.48, per-link: 1.53
All traffic (msg/ns): 1,877.35, per-link: 7.33
Inter-die reduction wrt all: 12.76
Inter-board reduction wrt inter-die: inf

---Data Movement---
All traffic (msg): 1,315,930,353
Arith. Intensity FLOP/Loads: 0.21
Arith. Intensity FLOP/Msgs: 0.08
Arith. Intensity OPS/Loads: 1.85
Arith. Intensity OPS/Msgs: 0.67



===Core Utilization Total=== CORE-S:7;; TIME K cy:700 ;; Nodes Proc: 764,401 -- Edges Proc: 13,651,068

===PRINTING FRAME STATS

FCollision In Avg:104, SD:37, Max:214, Min:13
FCollision Out Avg:49, SD:41, Max:176, Min:1
FCollision End Avg:11, SD:28, Max:99, Min:0
FTask1 Avg:50, SD:44, Max:194, Min:0
FTask2 Avg:165, SD:88, Max:396, Min:0
FTask3 Avg:390, SD:35, Max:513, Min:317
FCore Active Avg:39, SD:8, Max:57, Min:23
FRouter Active Avg:82, SD:7, Max:93, Min:56
T1 invocations: 278,179
T2 invocations: 440,020
T3 invocations: 13,914,337
T3b invocations: 0
Total3 invocations: 13,914,337
Total4 invocations: 16,429

T3/T2 ratio: 32
T3b/T3 ratio: 0

T1 avg ex cycles: 46
T2 avg ex cycles: 96
T3&b avg ex cycles: 7
T4 avg ex cycles: 170
Avg. hops NOC1: 1
Avg. latency NOC1 (T2): 16,388
Avg. hops NOC2: 6
Avg. latency NOC2 (T3): 24,652

===PRINTING ACUM STATS at pu_cycles: 800,543

ACollision In Avg:125, SD:28, Max:225, Min:62
ACollision Out Avg:65, SD:39, Max:183, Min:9
ACollision End Avg:14, SD:22, Max:96, Min:0
ATask1 Avg:122, SD:26, Max:173, Min:84
ATask2 Avg:187, SD:57, Max:336, Min:13
ATask3 Avg:456, SD:34, Max:557, Min:381
ACore Active Avg:48, SD:5, Max:61, Min:34
ARouter Active Avg:85, SD:4, Max:101, Min:70
T1 invocations: 4,499,594
T2 invocations: 4,078,379
T3 invocations: 115,271,608
T3b invocations: 0
Total3 invocations: 115,271,608
Total4 invocations: 34,835

T3/T2 ratio: 28
T3b/T3 ratio: 0

T1 avg ex cycles: 55
T2 avg ex cycles: 94
T3&b avg ex cycles: 8
T4 avg ex cycles: 317
Avg. hops NOC1: 1
Avg. latency NOC1 (T2): 19,701
Avg. hops NOC2: 6
Avg. latency NOC2 (T3): 34,574
Number of K Nodes Processed: 6,278
Number of K Edges Processed: 118,615
Node Re-explore factor: 1.50
Edge Re-explore factor: 0.92
Nodes/cy: 8
Edges/cy: 148
TEPS: 160

---DCache---
DCache Size: 535,024
DRAM words: 0
  DHits: 0
  DMisses: 0

---Energy---
Leakage Energy (nJ): 961,751
PU Dyn E (nJ): 6,547,818
Mem Dyn E (nJ): 86,795,160
Route Dyn E (nJ): 22,837,834
Dynamic Energy (nJ): 116,180,813
Ratio of Dyn/Leak: 121
Total Energy (nJ): 117,142,564
Total Energy (nJ) 3D: 128,063,564
Cores Energy (nJ): 6,556,730
Route Energy (nJ): 23,077,743
Route Energy (nJ) 3D: 33,998,743
Mem Energy   (nJ): 87,508,091
Mem Energy   (nJ) 3D: 87,508,091
Avg. Power (mW): 146,328.88
Power Density (mW/mm2): 25.47

---Runtime---
Runtime in K cycles: 800.54
Microseconds: 800.54
Time per iteration (ms): 0.80

---Throughput---
GOP/s (aka OPS/ns): 1,219.17
GOP/s per core: 4.76
GFLOP/s: 143.99
GFLOP/s per core: 0.56
Max Peak GFLOP/s: 4,096.00
Avg. BW GB/s: 5,254.47
Max BW GB/s: 16,384.00

---Traffic---
In-Die bisection_bytes BW (GB/s): 256.00
Inter-board traffic (msg/ns): 0.00, per-link: 0.00
Inter-pack traffic (msg/ns): 0.00, per-link: 0.00
Inter-die traffic (msg/ns): 144.00, per-link: 0.56
Ruche traffic (msg/ns): 391.61, per-link: 1.53
All traffic (msg/ns): 1,856.12, per-link: 7.25
Inter-die reduction wrt all: 12.89
Inter-board reduction wrt inter-die: inf

---Data Movement---
All traffic (msg): 1,485,906,623
Arith. Intensity FLOP/Loads: 0.22
Arith. Intensity FLOP/Msgs: 0.08
Arith. Intensity OPS/Loads: 1.83
Arith. Intensity OPS/Msgs: 0.66



===Core Utilization Total=== CORE-S:8;; TIME K cy:800 ;; Nodes Proc: 779,611 -- Edges Proc: 15,305,578

===PRINTING FRAME STATS

FCollision In Avg:93, SD:39, Max:173, Min:13
FCollision Out Avg:38, SD:32, Max:151, Min:1
FCollision End Avg:7, SD:23, Max:98, Min:0
FTask1 Avg:50, SD:39, Max:170, Min:0
FTask2 Avg:176, SD:103, Max:509, Min:0
FTask3 Avg:413, SD:37, Max:546, Min:335
FCore Active Avg:41, SD:8, Max:59, Min:25
FRouter Active Avg:83, SD:9, Max:93, Min:58
T1 invocations: 274,147
T2 invocations: 456,418
T3 invocations: 14,763,232
T3b invocations: 0
Total3 invocations: 14,763,232
Total4 invocations: 23,069

T3/T2 ratio: 32
T3b/T3 ratio: 0

T1 avg ex cycles: 46
T2 avg ex cycles: 99
T3&b avg ex cycles: 7
T4 avg ex cycles: 122
Avg. hops NOC1: 1
Avg. latency NOC1 (T2): 12,067
Avg. hops NOC2: 6
Avg. latency NOC2 (T3): 17,884

===PRINTING ACUM STATS at pu_cycles: 900,867

ACollision In Avg:122, SD:29, Max:219, Min:58
ACollision Out Avg:62, SD:38, Max:176, Min:9
ACollision End Avg:14, SD:22, Max:96, Min:0
ATask1 Avg:114, SD:23, Max:158, Min:76
ATask2 Avg:186, SD:49, Max:299, Min:11
ATask3 Avg:451, SD:34, Max:552, Min:377
ACore Active Avg:47, SD:5, Max:59, Min:36
ARouter Active Avg:85, SD:4, Max:100, Min:69
T1 invocations: 4,788,905
T2 invocations: 4,551,587
T3 invocations: 130,363,170
T3b invocations: 0
Total3 invocations: 130,363,170
Total4 invocations: 58,234

T3/T2 ratio: 29
T3b/T3 ratio: 0

T1 avg ex cycles: 54
T2 avg ex cycles: 94
T3&b avg ex cycles: 8
T4 avg ex cycles: 241
Avg. hops NOC1: 1
Avg. latency NOC1 (T2): 18,803
Avg. hops NOC2: 6
Avg. latency NOC2 (T3): 32,660
Number of K Nodes Processed: 6,384
Number of K Edges Processed: 132,735
Node Re-explore factor: 1.52
Edge Re-explore factor: 1.03
Nodes/cy: 7
Edges/cy: 147
TEPS: 142

---DCache---
DCache Size: 535,024
DRAM words: 0
  DHits: 0
  DMisses: 0

---Energy---
Leakage Energy (nJ): 1,082,277
PU Dyn E (nJ): 7,311,361
Mem Dyn E (nJ): 97,206,456
Route Dyn E (nJ): 25,684,103
Dynamic Energy (nJ): 130,201,920
Ratio of Dyn/Leak: 120
Total Energy (nJ): 131,284,197
Total Energy (nJ) 3D: 143,538,480
Cores Energy (nJ): 7,321,390
Route Energy (nJ): 25,954,077
Route Energy (nJ) 3D: 38,208,359
Mem Energy   (nJ): 98,008,732
Mem Energy   (nJ) 3D: 98,008,732
Avg. Power (mW): 145,730.94
Power Density (mW/mm2): 25.36

---Runtime---
Runtime in K cycles: 900.87
Microseconds: 900.87
Time per iteration (ms): 0.90

---Throughput---
GOP/s (aka OPS/ns): 1,202.41
GOP/s per core: 4.70
GFLOP/s: 144.71
GFLOP/s per core: 0.57
Max Peak GFLOP/s: 4,096.00
Avg. BW GB/s: 5,229.37
Max BW GB/s: 16,384.00

---Traffic---
In-Die bisection_bytes BW (GB/s): 256.00
Inter-board traffic (msg/ns): 0.00, per-link: 0.00
Inter-pack traffic (msg/ns): 0.00, per-link: 0.00
Inter-die traffic (msg/ns): 140.96, per-link: 0.55
Ruche traffic (msg/ns): 396.71, per-link: 1.55
All traffic (msg/ns): 1,856.57, per-link: 7.25
Inter-die reduction wrt all: 13.17
Inter-board reduction wrt inter-die: inf

---Data Movement---
All traffic (msg): 1,672,526,667
Arith. Intensity FLOP/Loads: 0.22
Arith. Intensity FLOP/Msgs: 0.08
Arith. Intensity OPS/Loads: 1.82
Arith. Intensity OPS/Msgs: 0.65



===Core Utilization Total=== CORE-S:9;; TIME K cy:900 ;; Nodes Proc: 793,136 -- Edges Proc: 17,087,647

===PRINTING FRAME STATS

FCollision In Avg:85, SD:40, Max:175, Min:13
FCollision Out Avg:36, SD:29, Max:154, Min:1
FCollision End Avg:5, SD:19, Max:98, Min:0
FTask1 Avg:55, SD:48, Max:260, Min:0
FTask2 Avg:168, SD:102, Max:519, Min:0
FTask3 Avg:385, SD:33, Max:484, Min:314
FCore Active Avg:39, SD:8, Max:59, Min:23
FRouter Active Avg:81, SD:9, Max:93, Min:59
T1 invocations: 305,795
T2 invocations: 467,579
T3 invocations: 13,796,070
T3b invocations: 0
Total3 invocations: 13,796,070
Total4 invocations: 23,473

T3/T2 ratio: 30
T3b/T3 ratio: 0

T1 avg ex cycles: 46
T2 avg ex cycles: 92
T3&b avg ex cycles: 7
T4 avg ex cycles: 132
Avg. hops NOC1: 1
Avg. latency NOC1 (T2): 7,699
Avg. hops NOC2: 6
Avg. latency NOC2 (T3): 14,191

===PRINTING ACUM STATS at pu_cycles: 1,000,953

ACollision In Avg:118, SD:29, Max:215, Min:54
ACollision Out Avg:59, SD:36, Max:169, Min:9
ACollision End Avg:13, SD:21, Max:95, Min:0
ATask1 Avg:108, SD:20, Max:145, Min:70
ATask2 Avg:185, SD:41, Max:269, Min:10
ATask3 Avg:444, SD:34, Max:545, Min:371
ACore Active Avg:46, SD:4, Max:56, Min:35
ARouter Active Avg:85, SD:5, Max:99, Min:69
T1 invocations: 5,100,048
T2 invocations: 5,029,560
T3 invocations: 144,403,366
T3b invocations: 0
Total3 invocations: 144,403,366
Total4 invocations: 81,784

T3/T2 ratio: 29
T3b/T3 ratio: 0

T1 avg ex cycles: 54
T2 avg ex cycles: 94
T3&b avg ex cycles: 8
T4 avg ex cycles: 210
Avg. hops NOC1: 1
Avg. latency NOC1 (T2): 17,714
Avg. hops NOC2: 6
Avg. latency NOC2 (T3): 30,870
Number of K Nodes Processed: 6,468
Number of K Edges Processed: 146,154
Node Re-explore factor: 1.54
Edge Re-explore factor: 1.14
Nodes/cy: 6
Edges/cy: 146
TEPS: 128

---DCache---
DCache Size: 535,024
DRAM words: 0
  DHits: 0
  DMisses: 0

---Energy---
Leakage Energy (nJ): 1,202,518
PU Dyn E (nJ): 8,030,738
Mem Dyn E (nJ): 106,969,789
Route Dyn E (nJ): 28,347,709
Dynamic Energy (nJ): 143,348,237
Ratio of Dyn/Leak: 119
Total Energy (nJ): 144,550,755
Total Energy (nJ) 3D: 158,056,523
Cores Energy (nJ): 8,041,881
Route Energy (nJ): 28,647,677
Route Energy (nJ) 3D: 42,153,444
Mem Energy   (nJ): 107,861,198
Mem Energy   (nJ) 3D: 107,861,198
Avg. Power (mW): 144,413.13
Power Density (mW/mm2): 25.13

---Runtime---
Runtime in K cycles: 1,000.95
Microseconds: 1,000.95
Time per iteration (ms): 1.00

---Throughput---
GOP/s (aka OPS/ns): 1,183.81
GOP/s per core: 4.62
GFLOP/s: 144.27
GFLOP/s per core: 0.56
Max Peak GFLOP/s: 4,096.00
Avg. BW GB/s: 5,179.17
Max BW GB/s: 16,384.00

---Traffic---
In-Die bisection_bytes BW (GB/s): 256.00
Inter-board traffic (msg/ns): 0.00, per-link: 0.00
Inter-pack traffic (msg/ns): 0.00, per-link: 0.00
Inter-die traffic (msg/ns): 138.25, per-link: 0.54
Ruche traffic (msg/ns): 397.35, per-link: 1.55
All traffic (msg/ns): 1,845.34, per-link: 7.21
Inter-die reduction wrt all: 13.35
Inter-board reduction wrt inter-die: inf

---Data Movement---
All traffic (msg): 1,847,098,083
Arith. Intensity FLOP/Loads: 0.22
Arith. Intensity FLOP/Msgs: 0.08
Arith. Intensity OPS/Loads: 1.81
Arith. Intensity OPS/Msgs: 0.64



===Core Utilization Total=== CORE-S:10;; TIME K cy:1,000 ;; Nodes Proc: 803,541 -- Edges Proc: 18,822,207

===PRINTING FRAME STATS

FCollision In Avg:70, SD:35, Max:143, Min:9
FCollision Out Avg:28, SD:26, Max:142, Min:1
FCollision End Avg:4, SD:18, Max:98, Min:0
FTask1 Avg:68, SD:66, Max:299, Min:0
FTask2 Avg:178, SD:121, Max:628, Min:0
FTask3 Avg:404, SD:37, Max:527, Min:324
FCore Active Avg:42, SD:10, Max:64, Min:24
FRouter Active Avg:83, SD:9, Max:94, Min:60
T1 invocations: 384,779
T2 invocations: 548,858
T3 invocations: 14,530,871
T3b invocations: 0
Total3 invocations: 14,530,871
Total4 invocations: 29,158

T3/T2 ratio: 26
T3b/T3 ratio: 0

T1 avg ex cycles: 45
T2 avg ex cycles: 83
T3&b avg ex cycles: 7
T4 avg ex cycles: 134
Avg. hops NOC1: 1
Avg. latency NOC1 (T2): 4,980
Avg. hops NOC2: 6
Avg. latency NOC2 (T3): 10,648

===PRINTING ACUM STATS at pu_cycles: 1,100,673

ACollision In Avg:114, SD:29, Max:205, Min:52
ACollision Out Avg:56, SD:34, Max:165, Min:8
ACollision End Avg:12, SD:20, Max:95, Min:0
ATask1 Avg:104, SD:15, Max:131, Min:65
ATask2 Avg:184, SD:34, Max:245, Min:10
ATask3 Avg:441, SD:35, Max:543, Min:367
ACore Active Avg:46, SD:4, Max:54, Min:34
ARouter Active Avg:84, SD:5, Max:98, Min:69
T1 invocations: 5,466,410
T2 invocations: 5,559,493
T3 invocations: 158,166,939
T3b invocations: 0
Total3 invocations: 158,166,939
Total4 invocations: 110,058

T3/T2 ratio: 28
T3b/T3 ratio: 0

T1 avg ex cycles: 53
T2 avg ex cycles: 93
T3&b avg ex cycles: 8
T4 avg ex cycles: 190
Avg. hops NOC1: 1
Avg. latency NOC1 (T2): 16,497
Avg. hops NOC2: 6
Avg. latency NOC2 (T3): 29,095
Number of K Nodes Processed: 6,541
Number of K Edges Processed: 160,391
Node Re-explore factor: 1.56
Edge Re-explore factor: 1.25
Nodes/cy: 6
Edges/cy: 146
TEPS: 117

---DCache---
DCache Size: 535,024
DRAM words: 0
  DHits: 0
  DMisses: 0

---Energy---
Leakage Energy (nJ): 1,322,319
PU Dyn E (nJ): 8,748,421
Mem Dyn E (nJ): 116,612,905
Route Dyn E (nJ): 30,950,474
Dynamic Energy (nJ): 156,311,801
Ratio of Dyn/Leak: 118
Total Energy (nJ): 157,634,120
Total Energy (nJ) 3D: 172,309,986
Cores Energy (nJ): 8,760,674
Route Energy (nJ): 31,280,325
Route Energy (nJ) 3D: 45,956,192
Mem Energy   (nJ): 117,593,120
Mem Energy   (nJ) 3D: 117,593,120
Avg. Power (mW): 143,216.12
Power Density (mW/mm2): 24.93

---Runtime---
Runtime in K cycles: 1,100.67
Microseconds: 1,100.67
Time per iteration (ms): 1.10

---Throughput---
GOP/s (aka OPS/ns): 1,169.64
GOP/s per core: 4.57
GFLOP/s: 143.70
GFLOP/s per core: 0.56
Max Peak GFLOP/s: 4,096.00
Avg. BW GB/s: 5,134.52
Max BW GB/s: 16,384.00

---Traffic---
In-Die bisection_bytes BW (GB/s): 256.00
Inter-board traffic (msg/ns): 0.00, per-link: 0.00
Inter-pack traffic (msg/ns): 0.00, per-link: 0.00
Inter-die traffic (msg/ns): 136.87, per-link: 0.53
Ruche traffic (msg/ns): 399.86, per-link: 1.56
All traffic (msg/ns): 1,833.54, per-link: 7.16
Inter-die reduction wrt all: 13.40
Inter-board reduction wrt inter-die: inf

---Data Movement---
All traffic (msg): 2,018,123,607
Arith. Intensity FLOP/Loads: 0.22
Arith. Intensity FLOP/Msgs: 0.08
Arith. Intensity OPS/Loads: 1.80
Arith. Intensity OPS/Msgs: 0.64



===Core Utilization Total=== CORE-S:11;; TIME K cy:1,100 ;; Nodes Proc: 812,659 -- Edges Proc: 20,356,161

===PRINTING FRAME STATS

FCollision In Avg:30, SD:24, Max:129, Min:4
FCollision Out Avg:11, SD:19, Max:142, Min:0
FCollision End Avg:4, SD:16, Max:98, Min:0
FTask1 Avg:66, SD:84, Max:365, Min:0
FTask2 Avg:132, SD:153, Max:719, Min:0
FTask3 Avg:307, SD:40, Max:487, Min:238
FCore Active Avg:33, SD:13, Max:72, Min:16
FRouter Active Avg:72, SD:14, Max:98, Min:37
T1 invocations: 376,936
T2 invocations: 474,632
T3 invocations: 11,065,966
T3b invocations: 0
Total3 invocations: 11,065,966
Total4 invocations: 33,078

T3/T2 ratio: 23
T3b/T3 ratio: 0

T1 avg ex cycles: 45
T2 avg ex cycles: 71
T3&b avg ex cycles: 7
T4 avg ex cycles: 120
Avg. hops NOC1: 2
Avg. latency NOC1 (T2): 5,203
Avg. hops NOC2: 6
Avg. latency NOC2 (T3): 10,495

===PRINTING ACUM STATS at pu_cycles: 1,200,729

ACollision In Avg:106, SD:28, Max:191, Min:48
ACollision Out Avg:52, SD:32, Max:153, Min:8
ACollision End Avg:11, SD:18, Max:94, Min:0
ATask1 Avg:101, SD:9, Max:121, Min:65
ATask2 Avg:180, SD:26, Max:225, Min:35
ATask3 Avg:429, SD:34, Max:530, Min:356
ACore Active Avg:45, SD:3, Max:52, Min:34
ARouter Active Avg:83, SD:5, Max:96, Min:69
T1 invocations: 5,877,193
T2 invocations: 6,056,892
T3 invocations: 169,448,765
T3b invocations: 0
Total3 invocations: 169,448,765
Total4 invocations: 143,665

T3/T2 ratio: 28
T3b/T3 ratio: 0

T1 avg ex cycles: 53
T2 avg ex cycles: 91
T3&b avg ex cycles: 8
T4 avg ex cycles: 175
Avg. hops NOC1: 1
Avg. latency NOC1 (T2): 15,463
Avg. hops NOC2: 6
Avg. latency NOC2 (T3): 27,858
Number of K Nodes Processed: 6,588
Number of K Edges Processed: 170,696
Node Re-explore factor: 1.57
Edge Re-explore factor: 1.33
Nodes/cy: 5
Edges/cy: 142
TEPS: 107

---DCache---
DCache Size: 535,024
DRAM words: 0
  DHits: 0
  DMisses: 0

---Energy---
Leakage Energy (nJ): 1,442,523
PU Dyn E (nJ): 9,356,107
Mem Dyn E (nJ): 124,471,564
Route Dyn E (nJ): 33,059,324
Dynamic Energy (nJ): 166,886,995
Ratio of Dyn/Leak: 116
Total Energy (nJ): 168,329,518
Total Energy (nJ) 3D: 183,999,864
Cores Energy (nJ): 9,369,473
Route Energy (nJ): 33,419,160
Route Energy (nJ) 3D: 49,089,507
Mem Energy   (nJ): 125,540,885
Mem Energy   (nJ) 3D: 125,540,885
Avg. Power (mW): 140,189.43
Power Density (mW/mm2): 24.40

---Runtime---
Runtime in K cycles: 1,200.73
Microseconds: 1,200.73
Time per iteration (ms): 1.20

---Throughput---
GOP/s (aka OPS/ns): 1,145.67
GOP/s per core: 4.48
GFLOP/s: 141.12
GFLOP/s per core: 0.55
Max Peak GFLOP/s: 4,096.00
Avg. BW GB/s: 5,023.90
Max BW GB/s: 16,384.00

---Traffic---
In-Die bisection_bytes BW (GB/s): 256.00
Inter-board traffic (msg/ns): 0.00, per-link: 0.00
Inter-pack traffic (msg/ns): 0.00, per-link: 0.00
Inter-die traffic (msg/ns): 132.37, per-link: 0.52
Ruche traffic (msg/ns): 393.52, per-link: 1.54
All traffic (msg/ns): 1,796.42, per-link: 7.02
Inter-die reduction wrt all: 13.57
Inter-board reduction wrt inter-die: inf

---Data Movement---
All traffic (msg): 2,157,013,765
Arith. Intensity FLOP/Loads: 0.22
Arith. Intensity FLOP/Msgs: 0.08
Arith. Intensity OPS/Loads: 1.80
Arith. Intensity OPS/Msgs: 0.64



===Core Utilization Total=== CORE-S:12;; TIME K cy:1,200 ;; Nodes Proc: 818,428 -- Edges Proc: 21,527,635
======== IT IS COLD ======= Only 11 Tiles active

===PRINTING FRAME STATS

FCollision In Avg:6, SD:18, Max:105, Min:0
FCollision Out Avg:4, SD:16, Max:95, Min:0
FCollision End Avg:3, SD:16, Max:95, Min:0
FTask1 Avg:18, SD:49, Max:297, Min:0
FTask2 Avg:41, SD:125, Max:694, Min:0
FTask3 Avg:100, SD:58, Max:344, Min:65
FCore Active Avg:10, SD:11, Max:58, Min:4
FRouter Active Avg:33, SD:22, Max:100, Min:8
T1 invocations: 104,136
T2 invocations: 146,030
T3 invocations: 3,598,020
T3b invocations: 0
Total3 invocations: 3,598,020
Total4 invocations: 13,678

T3/T2 ratio: 25
T3b/T3 ratio: 0

T1 avg ex cycles: 45
T2 avg ex cycles: 73
T3&b avg ex cycles: 7
T4 avg ex cycles: 84
Avg. hops NOC1: 2
Avg. latency NOC1 (T2): 11,433
Avg. hops NOC2: 6
Avg. latency NOC2 (T3): 17,297

===PRINTING ACUM STATS at pu_cycles: 1,300,774

ACollision In Avg:98, SD:26, Max:176, Min:44
ACollision Out Avg:48, SD:29, Max:141, Min:7
ACollision End Avg:11, SD:17, Max:84, Min:0
ATask1 Avg:95, SD:6, Max:112, Min:70
ATask2 Avg:169, SD:17, Max:208, Min:80
ATask3 Avg:402, SD:32, Max:497, Min:334
ACore Active Avg:42, SD:2, Max:49, Min:35
ARouter Active Avg:79, SD:5, Max:91, Min:70
T1 invocations: 5,972,778
T2 invocations: 6,202,257
T3 invocations: 172,858,455
T3b invocations: 0
Total3 invocations: 172,858,455
Total4 invocations: 156,145

T3/T2 ratio: 28
T3b/T3 ratio: 0

T1 avg ex cycles: 53
T2 avg ex cycles: 91
T3&b avg ex cycles: 8
T4 avg ex cycles: 168
Avg. hops NOC1: 1
Avg. latency NOC1 (T2): 15,413
Avg. hops NOC2: 6
Avg. latency NOC2 (T3): 27,668
Number of K Nodes Processed: 6,600
Number of K Edges Processed: 173,314
Node Re-explore factor: 1.57
Edge Re-explore factor: 1.35
Nodes/cy: 5
Edges/cy: 133
TEPS: 99

---DCache---
DCache Size: 535,024
DRAM words: 0
  DHits: 0
  DMisses: 0

---Energy---
Leakage Energy (nJ): 1,562,715
PU Dyn E (nJ): 9,536,767
Mem Dyn E (nJ): 126,943,934
Route Dyn E (nJ): 33,712,385
Dynamic Energy (nJ): 170,193,087
Ratio of Dyn/Leak: 109
Total Energy (nJ): 171,755,802
Total Energy (nJ) 3D: 187,748,343
Cores Energy (nJ): 9,551,247
Route Energy (nJ): 34,102,203
Route Energy (nJ) 3D: 50,094,745
Mem Energy   (nJ): 128,102,352
Mem Energy   (nJ) 3D: 128,102,352
Avg. Power (mW): 132,041.23
Power Density (mW/mm2): 22.98

---Runtime---
Runtime in K cycles: 1,300.77
Microseconds: 1,300.77
Time per iteration (ms): 1.30

---Throughput---
GOP/s (aka OPS/ns): 1,077.55
GOP/s per core: 4.21
GFLOP/s: 132.89
GFLOP/s per core: 0.52
Max Peak GFLOP/s: 4,096.00
Avg. BW GB/s: 4,729.60
Max BW GB/s: 16,384.00

---Traffic---
In-Die bisection_bytes BW (GB/s): 256.00
Inter-board traffic (msg/ns): 0.00, per-link: 0.00
Inter-pack traffic (msg/ns): 0.00, per-link: 0.00
Inter-die traffic (msg/ns): 123.88, per-link: 0.48
Ruche traffic (msg/ns): 370.39, per-link: 1.45
All traffic (msg/ns): 1,691.14, per-link: 6.61
Inter-die reduction wrt all: 13.65
Inter-board reduction wrt inter-die: inf

---Data Movement---
All traffic (msg): 2,199,786,317
Arith. Intensity FLOP/Loads: 0.22
Arith. Intensity FLOP/Msgs: 0.08
Arith. Intensity OPS/Loads: 1.80
Arith. Intensity OPS/Msgs: 0.64



===Core Utilization Total=== CORE-S:13;; TIME K cy:1,300 ;; Nodes Proc: 820,045 -- Edges Proc: 21,892,866
======== IT IS COLD ======= Only 3 Tiles active

===PRINTING FRAME STATS

FCollision In Avg:2, SD:11, Max:89, Min:0
FCollision Out Avg:2, SD:11, Max:91, Min:0
FCollision End Avg:2, SD:11, Max:91, Min:0
FTask1 Avg:6, SD:30, Max:272, Min:0
FTask2 Avg:16, SD:91, Max:654, Min:0
FTask3 Avg:45, SD:13, Max:97, Min:32
FCore Active Avg:4, SD:6, Max:44, Min:2
FRouter Active Avg:17, SD:17, Max:100, Min:3
T1 invocations: 34,611
T2 invocations: 55,975
T3 invocations: 1,630,232
T3b invocations: 0
Total3 invocations: 1,630,232
Total4 invocations: 6,570

T3/T2 ratio: 29
T3b/T3 ratio: 0

T1 avg ex cycles: 45
T2 avg ex cycles: 74
T3&b avg ex cycles: 7
T4 avg ex cycles: 62
Avg. hops NOC1: 2
Avg. latency NOC1 (T2): 16,601
Avg. hops NOC2: 6
Avg. latency NOC2 (T3): 21,804

===PRINTING ACUM STATS at pu_cycles: 1,400,178

ACollision In Avg:91, SD:24, Max:164, Min:41
ACollision Out Avg:45, SD:27, Max:131, Min:6
ACollision End Avg:10, SD:16, Max:78, Min:0
ATask1 Avg:88, SD:5, Max:104, Min:80
ATask2 Avg:158, SD:13, Max:193, Min:121
ATask3 Avg:376, SD:30, Max:465, Min:312
ACore Active Avg:39, SD:2, Max:45, Min:34
ARouter Active Avg:75, SD:5, Max:85, Min:66
T1 invocations: 6,016,262
T2 invocations: 6,267,226
T3 invocations: 174,358,092
T3b invocations: 0
Total3 invocations: 174,358,092
Total4 invocations: 162,249

T3/T2 ratio: 28
T3b/T3 ratio: 0

T1 avg ex cycles: 53
T2 avg ex cycles: 91
T3&b avg ex cycles: 8
T4 avg ex cycles: 164
Avg. hops NOC1: 1
Avg. latency NOC1 (T2): 15,412
Avg. hops NOC2: 6
Avg. latency NOC2 (T3): 27,622
Number of K Nodes Processed: 6,606
Number of K Edges Processed: 174,569
Node Re-explore factor: 1.58
Edge Re-explore factor: 1.36
Nodes/cy: 5
Edges/cy: 125
TEPS: 92

---DCache---
DCache Size: 535,024
DRAM words: 0
  DHits: 0
  DMisses: 0

---Energy---
Leakage Energy (nJ): 1,682,136
PU Dyn E (nJ): 9,615,778
Mem Dyn E (nJ): 127,996,406
Route Dyn E (nJ): 34,000,079
Dynamic Energy (nJ): 171,612,263
Ratio of Dyn/Leak: 102
Total Energy (nJ): 173,294,399
Total Energy (nJ) 3D: 189,420,272
Cores Energy (nJ): 9,631,365
Route Energy (nJ): 34,419,686
Route Energy (nJ) 3D: 50,545,558
Mem Energy   (nJ): 129,243,349
Mem Energy   (nJ) 3D: 129,243,349
Avg. Power (mW): 123,765.98
Power Density (mW/mm2): 21.54

---Runtime---
Runtime in K cycles: 1,400.18
Microseconds: 1,400.18
Time per iteration (ms): 1.40

---Throughput---
GOP/s (aka OPS/ns): 1,009.15
GOP/s per core: 3.94
GFLOP/s: 124.53
GFLOP/s per core: 0.49
Max Peak GFLOP/s: 4,096.00
Avg. BW GB/s: 4,430.25
Max BW GB/s: 16,384.00

---Traffic---
In-Die bisection_bytes BW (GB/s): 256.00
Inter-board traffic (msg/ns): 0.00, per-link: 0.00
Inter-pack traffic (msg/ns): 0.00, per-link: 0.00
Inter-die traffic (msg/ns): 115.95, per-link: 0.45
Ruche traffic (msg/ns): 347.33, per-link: 1.36
All traffic (msg/ns): 1,584.55, per-link: 6.19
Inter-die reduction wrt all: 13.67
Inter-board reduction wrt inter-die: inf

---Data Movement---
All traffic (msg): 2,218,653,711
Arith. Intensity FLOP/Loads: 0.22
Arith. Intensity FLOP/Msgs: 0.08
Arith. Intensity OPS/Loads: 1.80
Arith. Intensity OPS/Msgs: 0.64



===Core Utilization Total=== CORE-S:14;; TIME K cy:1,400 ;; Nodes Proc: 820,845 -- Edges Proc: 21,930,121
======== IT IS COLD ======= Only 0 Tiles active
Epoch Done Router: 2
##EPOCH## 1 COMPLETED at Time (K cy): 1,441
Nodes processed until now: 6,607,756
Edges processed until now: 174,606,976
Epoch Done Router: 7
Epoch Done Router: 5
Epoch Done Router: 6
Epoch Done Router: 3
Epoch Done Router: 4
Epoch Done Router: 0
Epoch Done Router: 1
Program Done Router Thread: 1
Program Done Router Thread: 4
Program Done Router Thread: 0
Program Done Router Thread: 2
Program Done Router Thread: 6
Program Done Worker Thread: 3
Program Done Worker Thread: 0
Program Done Worker Thread: 7
Program Done Worker Thread: 1
Program Done Worker Thread: 6
Program Done Router Thread: 7
Program Done Worker Thread: 4
Program Done Worker Thread: 2
Program Done Router Thread: 5
Program Done Worker Thread: 5
Program Done Router Thread: 3

===PRINTING ACUM STATS at pu_cycles: 1,441,850

ACollision In Avg:89, SD:23, Max:159, Min:40
ACollision Out Avg:44, SD:26, Max:127, Min:6
ACollision End Avg:10, SD:15, Max:76, Min:0
ATask1 Avg:86, SD:5, Max:101, Min:78
ATask2 Avg:154, SD:13, Max:187, Min:118
ATask3 Avg:366, SD:29, Max:452, Min:303
ACore Active Avg:38, SD:2, Max:44, Min:33
ARouter Active Avg:73, SD:5, Max:84, Min:64
T1 invocations: 6,018,228
T2 invocations: 6,271,155
T3 invocations: 174,606,976
T3b invocations: 0
Total3 invocations: 174,606,976
Total4 invocations: 163,212

T3/T2 ratio: 28
T3b/T3 ratio: 0

T1 avg ex cycles: 53
T2 avg ex cycles: 91
T3&b avg ex cycles: 8
T4 avg ex cycles: 164
Avg. hops NOC1: 1
Avg. latency NOC1 (T2): 15,408
Avg. hops NOC2: 6
Avg. latency NOC2 (T3): 27,617

Runtime at program end in K cycles: 1,441
Runtime before cooldown in K cycles: 1,100


Number of K Nodes Processed: 6,607
Number of K Edges Processed: 174,606
Node Re-explore factor: 1.58
Edge Re-explore factor: 1.36
Nodes/cy: 5
Edges/cy: 121
TEPS: 89

---DCache---
DCache Size: 535,024
DRAM words: 0
  DHits: 0
  DMisses: 0

---Energy---
Leakage Energy (nJ): 1,732,200
PU Dyn E (nJ): 9,626,765
Mem Dyn E (nJ): 128,113,015
Route Dyn E (nJ): 34,046,369
Dynamic Energy (nJ): 171,786,150
Ratio of Dyn/Leak: 99
Total Energy (nJ): 173,518,350
Total Energy (nJ) 3D: 189,665,162
Cores Energy (nJ): 9,642,815
Route Energy (nJ): 34,478,465
Route Energy (nJ) 3D: 50,625,277
Mem Energy   (nJ): 129,397,069
Mem Energy   (nJ) 3D: 129,397,069
Avg. Power (mW): 120,344.24
Power Density (mW/mm2): 20.94

---Runtime---
Runtime in K cycles: 1,441.85
Microseconds: 1,441.85
Time per iteration (ms): 1.44

---Inst---
K Loads: 785,585
K Stores: 766,617
K Instructions: 1,414,406

---Throughput---
GOP/s (aka OPS/ns): 980.97
GOP/s per core: 3.83
GFLOP/s: 121.10
GFLOP/s per core: 0.47
Max Peak GFLOP/s: 4,096.00
Avg. BW GB/s: 4,306.14
Max BW GB/s: 16,384.00

---Traffic---
In-Die bisection_bytes BW (GB/s): 256.00
Inter-board traffic (msg/ns): 0.00, per-link: 0.00
Inter-pack traffic (msg/ns): 0.00, per-link: 0.00
Inter-die traffic (msg/ns): 112.74, per-link: 0.44
Ruche traffic (msg/ns): 337.81, per-link: 1.32
All traffic (msg/ns): 1,540.86, per-link: 6.02
Inter-die reduction wrt all: 13.67
Inter-board reduction wrt inter-die: inf

---Data Movement---
All traffic (msg): 2,221,686,753
Arith. Intensity FLOP/Loads: 0.22
Arith. Intensity FLOP/Msgs: 0.08
Arith. Intensity OPS/Loads: 1.80
Arith. Intensity OPS/Msgs: 0.64

Simulation time: 145.05
Sim time / DUT time: 24.56
Sim noc_cy/s: 19,881.29
Sim Msg/s: 15,317,126.34

Version 32

