Dataset:  Kron22/
Dry run: 0
Open Edge Count File succesfully
Edges Traversed BFS: 128309848
Found Vertices: 4194304, Edges: 128311436
avg degree 31
Array  Kron22/node_array.bin found
Malloc array of size 16777220 bytes
Readin array of size 16777216 bytes
Finished Reading Array Bytes
No reordering Array 32bit
Array  Kron22/edge_array.bin found
Malloc array of size 513245744 bytes
Readin array of size 513245744 bytes
Finished Reading Array Bytes
No reordering Array 32bit
Array  Kron22/edge_values.bin found
Malloc array of size 513245744 bytes
Readin array of size 513245744 bytes
Finished Reading Array Bytes
No reordering Array 32bit
Reading graph elapsed time: 0.274666s

Dataset Footprint: 522 MiB
Dataset Footprint per Board: 4383.05 Mb
Dataset injection time (ms): 0.26752
Max Dataset Footprint: 1026 MiB

Dataset footprint per tile: 522 KiB
Proxys footprint per tile: 0 KiB
Reserved SRAM per tile: 15 KiB

Ideal SRAM per tile: 537 KiB
reserved_words_for_dataset:3360
dataset_words_per_tile:133760
remaining_sram_words:12454
min_dcache_sram_words_required:3425
dataset_words_per_tile:133760
min_pcache_sram_words_required:0
proxys_words_per_tile:0
Dcache footprint ratio: 11
Dataset Cached: 1
DCache: 12256 words, lines: 766, sets: 766
Proxys Cached: 0
Pcache: 0 words, sets: 0
Node per tile: 4,096
Edge per tile: 125,305
GRID_X: 32
GRID_SIZE: 1,024
smt_per_tile: 1
noc_freq: 1
pu_freq: 1
RUCHE_X: 0
PROXY_W: 32
DIE_W: 32
DIE_H: 32
DIES: 1
BORDER_TILES_PER_DIE: 128
PACK_W: 32
PACK_H: 32
DIES_PACK_FACTOR: 1
DIES_PER_PACK: 1
PACKAGES: 1
BOARD_W: 32
BOARD_H: 32
BOARDS: 1
MUX_BUS: 1
DCACHE: 1
PCACHE: 0
PROXY_FACTOR: 1
CACHE_WAYS: 1
TORUS: 1
PHY_NOCS: 1
WIDE_NOC_ID: 0
NOC_CONF: 1
noc_width: 32
hbm_channel_bit_width: 512
ld_st_op_byte_width: 4
PROXY_ROUTING: 0
WITHIN_REGION: 0
WRITE_THROUGH: 1
ASSERT_MODE: 0
GLOBAL_BARRIER: 0
OQ flits: 36 ; 384 ; 2
IQ flits: 288 ; 3,072 ; 2
OQ messages: 12 ; 192 ; 1
IQ messages: 96 ; 1,536 ; 1
max_task2 size: 64
io_factor_t2: 8
io_factor_t3: 8
io_factor_t3b: 8

Active SRAM Storage per tile: 63 KiB
Total SRAM Storage per tile: 64 KiB
Agreggated SRAM Storage: 64 MiB

Active DRAM Storage per tile: 0.509766 MiB
Total DRAM Storage per tile: 8 MiB
Agreggated DRAM Storage: 8 GiB

Inter-Die #links: 1,024
Inter-Die (Gbits): 32,768
Inter-Die (Gbits/mm): 725.87
Bisection BW of Board (Gbits): 8,192
Border IO #Dies: 4
Border IO Die BW (Gbits): 4,096
Off-Board BW Total (Gbits): 16,384
Off-Board BW Density (Gbits/mm): 229
Die side: 11.29 mm
Die border wire density: 725.87 Gbits/mm
HBM wire density: 362.93 Gbits/mm

Tiles per Die: 1,024 (32x32)
Tile Area: 0.07 mm2, side: 0.26 mm
- Core/Rout Area: 0.05 mm2
- SRAM Area: 0.02 mm2
- SRAM/Logic Ratio: 0.35x

Dies per Package: 1 (1x1)
Die Area: 127.37 mm2, side: 11.29 mm
- Tiles Area: 70.88 mm2
- PHY Area: 47.49 mm2
- MC Area: 9.00 mm2

Packages per Board: 1 (1x1)
Package Area: 317.37 mm2, side: 17.81 mm
- IOdie Area: 80.00 mm2
- Dies Area: 127.37 mm2
- HBM Area: 110.00 mm2

Boards: 1 (1x1)
Board Area: 317.37 mm2
Total Area: 317.37 mm2



ESTIMATED COST OF SILICON AND PACKAGING. ONLY VARIABLE, NO FIXED COSTS
Good dies per wafer 3d: 270
Good dies per wafer 2d: 413
--Dies 3D Cost: 22.40 $
--Dies 2.5D Cost: 14.64 $
--Dies 2D Cost: 14.64 $
--HBM Cost: 60.00 $
--IOdie Cost: 8.44 $
--Packaging Cost 3d: 5.36 $
--Packaging Cost 2.5d: 8.59 $
--Packaging Cost 2d: 3.46 $
SiP Cost 3d: 96.19 $
SiP Cost 2.5d: 91.67 $
SiP Cost 2d: 26.54 $
--Board Cost: 0.32 $
Total SiPs Cost 3d: 96.51 $
Total SiPs Cost 2.5d: 91.99 $
Total SiPs Cost 2d: 26.86 $

Perf counters initialized
Mesh connected
Cache structures initialized
Replicas initialized
Allocated Frontier List
Dataset structures initialized


Starting Simulation
INIT epoch: 1
INIT epoch: 1
INIT epoch: 1
INIT epoch: 1
INIT epoch: 1
INIT epoch: 1
INIT epoch: 1
INIT epoch: 1

===PRINTING FRAME STATS

FCollision In Avg:-nan, SD:-nan, Max:272, Min:1
FCollision Out Avg:-nan, SD:-nan, Max:258, Min:36
FCollision End Avg:-nan, SD:-nan, Max:173, Min:0
FTask1 Avg:-nan, SD:-nan, Max:7, Min:0
FTask2 Avg:-nan, SD:-nan, Max:49, Min:0
FTask3 Avg:-nan, SD:-nan, Max:97, Min:25
FCore Active Avg:-nan, SD:-nan, Max:100, Min:28
FRouter Active Avg:-nan, SD:-nan, Max:78, Min:29
T1 invocations: 21,602
T2 invocations: 61,234
T3 invocations: 3,655,777
T3b invocations: 0
Total3 invocations: 3,655,777
Total4 invocations: 972

T3/T2 ratio: 60
T3b/T3 ratio: 0

T1 avg ex cycles: 67
T2 avg ex cycles: 171
T3&b avg ex cycles: 11
T4 avg ex cycles: 347
Avg. hops NOC1: 4
Avg. latency NOC1 (T2): 40,303
Avg. hops NOC2: 18
Avg. latency NOC2 (T3): 3,600

===PRINTING ACUM STATS at pu_cycles: 100,557

ACollision In Avg:-nan, SD:-nan, Max:272, Min:1
ACollision Out Avg:-nan, SD:-nan, Max:258, Min:36
ACollision End Avg:-nan, SD:-nan, Max:173, Min:0
ATask1 Avg:-nan, SD:-nan, Max:7, Min:0
ATask2 Avg:-nan, SD:-nan, Max:49, Min:0
ATask3 Avg:-nan, SD:-nan, Max:97, Min:25
ACore Active Avg:-nan, SD:-nan, Max:100, Min:28
ARouter Active Avg:-nan, SD:-nan, Max:78, Min:29
T1 invocations: 21,602
T2 invocations: 61,234
T3 invocations: 3,655,777
T3b invocations: 0
Total3 invocations: 3,655,777
Total4 invocations: 972

T3/T2 ratio: 60
T3b/T3 ratio: 0

T1 avg ex cycles: 67
T2 avg ex cycles: 171
T3&b avg ex cycles: 11
T4 avg ex cycles: 347
Avg. hops NOC1: 4
Avg. latency NOC1 (T2): 40,303
Avg. hops NOC2: 18
Avg. latency NOC2 (T3): 3,600
Number of K Nodes Processed: 904
Number of K Edges Processed: 3,951
Node Re-explore factor: 0.22
Edge Re-explore factor: 0.03
Nodes/cy: 9
Edges/cy: 39
TEPS: 1,276

---DCache---
DCache Size: 12,256
DRAM words: 133,760
  DHits: 7,555,176
  DMisses: 614,896
  DHit Rate (hit/miss): 92%
  DEvictions: 208,607
  DEviction Rate (evict/misses): 34%
  MC Transactions: 741,603
  MC Writes: 121,357
Avg. Transactions: 92% , Writes: 15%, Avg. Latency: 33
Max MC id: 7 of 8. Transactions: 100% , Writes: 17%, MC mean Latency: 31
HBM refresh energy (nJ): 0
HBM access energy (nJ): 1,404,892
MemC wire energy 2.5d (nJ): 398,976
MemC wire energy 3d (nJ): 99,744

---Energy---
Leakage Energy (nJ): 5,256
PU Dyn E (nJ): 256,505
Mem Dyn E (nJ): 2,261,415
Route Dyn E (nJ): 236,040
Dynamic Energy (nJ): 2,753,961
Ratio of Dyn/Leak: 524
Total Energy (nJ): 2,759,217
Total Energy (nJ) 3D: 2,600,168
Cores Energy (nJ): 256,785
Route Energy (nJ): 236,961
Route Energy (nJ) 3D: 377,145
Mem Energy   (nJ): 2,265,470
Mem Energy   (nJ) 3D: 1,966,238
Avg. Power (mW): 27,439.33
Power Density (mW/mm2): 86.46

---Runtime---
Runtime in K cycles: 100.56
Microseconds: 100.56
Time per iteration (ms): 0.10

---Throughput---
GOP/s (aka OPS/ns): 263.11
GOP/s per core: 0.26
GFLOP/s: 74.18
GFLOP/s per core: 0.07
Max Peak GFLOP/s: 1,024.00
Avg. BW GB/s: 1,505.19
Max BW GB/s: 4,096.00

---Traffic---
In-Die bisection_bytes BW (GB/s): 512.00
Inter-board traffic (msg/ns): 0.00, per-link: 0.00
Inter-pack traffic (msg/ns): 0.00, per-link: 0.00
Inter-die traffic (msg/ns): 0.00, per-link: 0.00
Ruche traffic (msg/ns): 0.00, per-link: 0.00
All traffic (msg/ns): 1,541.77, per-link: 1.51
Inter-die reduction wrt all: inf
Inter-board reduction wrt inter-die: -nan

---Data Movement---
All traffic (msg): 155,035,574
Arith. Intensity FLOP/Loads: 0.40
Arith. Intensity FLOP/Msgs: 0.05
Arith. Intensity OPS/Loads: 1.41
Arith. Intensity OPS/Msgs: 0.17



===Core Utilization Total=== CORE-S:1;; TIME K cy:100 ;; Nodes Proc: 112,349 -- Edges Proc: 632,756

===PRINTING FRAME STATS

FCollision In Avg:109, SD:39, Max:286, Min:3
FCollision Out Avg:146, SD:46, Max:296, Min:46
FCollision End Avg:46, SD:43, Max:200, Min:0
FTask1 Avg:1, SD:1, Max:8, Min:0
FTask2 Avg:17, SD:13, Max:61, Min:0
FTask3 Avg:34, SD:10, Max:87, Min:17
FCore Active Avg:52, SD:18, Max:100, Min:17
FRouter Active Avg:66, SD:6, Max:80, Min:34
T1 invocations: 25,761
T2 invocations: 98,457
T3 invocations: 6,096,093
T3b invocations: 0
Total3 invocations: 6,096,093
Total4 invocations: 172

T3/T2 ratio: 62
T3b/T3 ratio: 0

T1 avg ex cycles: 51
T2 avg ex cycles: 172
T3&b avg ex cycles: 6
T4 avg ex cycles: 567
Avg. hops NOC1: 2
Avg. latency NOC1 (T2): 66,546
Avg. hops NOC2: 17
Avg. latency NOC2 (T3): 3,219

===PRINTING ACUM STATS at pu_cycles: 200,546

ACollision In Avg:105, SD:33, Max:242, Min:2
ACollision Out Avg:144, SD:39, Max:264, Min:52
ACollision End Avg:43, SD:37, Max:174, Min:0
ATask1 Avg:1, SD:1, Max:6, Min:0
ATask2 Avg:14, SD:10, Max:46, Min:0
ATask3 Avg:37, SD:8, Max:75, Min:22
ACore Active Avg:52, SD:14, Max:99, Min:22
ARouter Active Avg:57, SD:6, Max:73, Min:34
T1 invocations: 47,361
T2 invocations: 160,316
T3 invocations: 9,769,001
T3b invocations: 0
Total3 invocations: 9,769,001
Total4 invocations: 1,143

T3/T2 ratio: 61
T3b/T3 ratio: 0

T1 avg ex cycles: 58
T2 avg ex cycles: 172
T3&b avg ex cycles: 8
T4 avg ex cycles: 381
Avg. hops NOC1: 3
Avg. latency NOC1 (T2): 56,511
Avg. hops NOC2: 17
Avg. latency NOC2 (T3): 3,369
Number of K Nodes Processed: 1,539
Number of K Edges Processed: 10,093
Node Re-explore factor: 0.37
Edge Re-explore factor: 0.08
Nodes/cy: 8
Edges/cy: 50
TEPS: 640

---DCache---
DCache Size: 12,256
DRAM words: 133,760
  DHits: 18,772,520
  DMisses: 1,208,259
  DHit Rate (hit/miss): 94%
  DEvictions: 643,287
  DEviction Rate (evict/misses): 53%
  MC Transactions: 1,531,049
  MC Writes: 314,864
Avg. Transactions: 95% , Writes: 20%, Avg. Latency: 28
Max MC id: 7 of 8. Transactions: 100% , Writes: 20%, MC mean Latency: 41
HBM refresh energy (nJ): 0
HBM access energy (nJ): 2,900,419
MemC wire energy 2.5d (nJ): 823,692
MemC wire energy 3d (nJ): 205,923

---Energy---
Leakage Energy (nJ): 10,482
PU Dyn E (nJ): 629,283
Mem Dyn E (nJ): 4,847,331
Route Dyn E (nJ): 610,620
Dynamic Energy (nJ): 6,087,235
Ratio of Dyn/Leak: 581
Total Energy (nJ): 6,097,717
Total Energy (nJ) 3D: 5,842,595
Cores Energy (nJ): 629,842
Route Energy (nJ): 612,458
Route Energy (nJ) 3D: 975,105
Mem Energy   (nJ): 4,855,417
Mem Energy   (nJ) 3D: 4,237,649
Avg. Power (mW): 30,405.58
Power Density (mW/mm2): 95.81

---Runtime---
Runtime in K cycles: 200.55
Microseconds: 200.55
Time per iteration (ms): 0.20

---Throughput---
GOP/s (aka OPS/ns): 295.94
GOP/s per core: 0.29
GFLOP/s: 98.19
GFLOP/s per core: 0.10
Max Peak GFLOP/s: 1,024.00
Avg. BW GB/s: 1,854.65
Max BW GB/s: 4,096.00

---Traffic---
In-Die bisection_bytes BW (GB/s): 512.00
Inter-board traffic (msg/ns): 0.00, per-link: 0.00
Inter-pack traffic (msg/ns): 0.00, per-link: 0.00
Inter-die traffic (msg/ns): 0.00, per-link: 0.00
Ruche traffic (msg/ns): 0.00, per-link: 0.00
All traffic (msg/ns): 1,939.26, per-link: 1.89
Inter-die reduction wrt all: inf
Inter-board reduction wrt inter-die: -nan

---Data Movement---
All traffic (msg): 388,911,104
Arith. Intensity FLOP/Loads: 0.43
Arith. Intensity FLOP/Msgs: 0.05
Arith. Intensity OPS/Loads: 1.28
Arith. Intensity OPS/Msgs: 0.15



===Core Utilization Total=== CORE-S:2;; TIME K cy:200 ;; Nodes Proc: 193,846 -- Edges Proc: 1,404,278

===PRINTING FRAME STATS

FCollision In Avg:113, SD:41, Max:233, Min:2
FCollision Out Avg:148, SD:46, Max:301, Min:27
FCollision End Avg:44, SD:43, Max:200, Min:0
FTask1 Avg:1, SD:1, Max:9, Min:0
FTask2 Avg:17, SD:13, Max:66, Min:0
FTask3 Avg:30, SD:10, Max:86, Min:16
FCore Active Avg:49, SD:20, Max:100, Min:17
FRouter Active Avg:66, SD:6, Max:82, Min:50
T1 invocations: 29,201
T2 invocations: 100,499
T3 invocations: 6,041,440
T3b invocations: 0
Total3 invocations: 6,041,440
Total4 invocations: 180

T3/T2 ratio: 60
T3b/T3 ratio: 0

T1 avg ex cycles: 48
T2 avg ex cycles: 170
T3&b avg ex cycles: 5
T4 avg ex cycles: 603
Avg. hops NOC1: 2
Avg. latency NOC1 (T2): 63,984
Avg. hops NOC2: 17
Avg. latency NOC2 (T3): 3,470

===PRINTING ACUM STATS at pu_cycles: 300,525

ACollision In Avg:107, SD:31, Max:239, Min:4
ACollision Out Avg:145, SD:37, Max:265, Min:51
ACollision End Avg:44, SD:34, Max:162, Min:0
ATask1 Avg:1, SD:1, Max:6, Min:0
ATask2 Avg:15, SD:10, Max:44, Min:0
ATask3 Avg:35, SD:8, Max:67, Min:21
ACore Active Avg:51, SD:14, Max:99, Min:22
ARouter Active Avg:60, SD:4, Max:70, Min:51
T1 invocations: 76,748
T2 invocations: 262,034
T3 invocations: 15,857,693
T3b invocations: 0
Total3 invocations: 15,857,693
Total4 invocations: 1,325

T3/T2 ratio: 61
T3b/T3 ratio: 0

T1 avg ex cycles: 54
T2 avg ex cycles: 171
T3&b avg ex cycles: 7
T4 avg ex cycles: 412
Avg. hops NOC1: 3
Avg. latency NOC1 (T2): 59,378
Avg. hops NOC2: 17
Avg. latency NOC2 (T3): 3,423
Number of K Nodes Processed: 1,931
Number of K Edges Processed: 16,122
Node Re-explore factor: 0.46
Edge Re-explore factor: 0.13
Nodes/cy: 6
Edges/cy: 54
TEPS: 427

---DCache---
DCache Size: 12,256
DRAM words: 133,760
  DHits: 29,729,968
  DMisses: 1,777,028
  DHit Rate (hit/miss): 94%
  DEvictions: 1,136,581
  DEviction Rate (evict/misses): 64%
  MC Transactions: 2,284,199
  MC Writes: 497,072
Avg. Transactions: 95% , Writes: 21%, Avg. Latency: 27
Max MC id: 7 of 8. Transactions: 100% , Writes: 22%, MC mean Latency: 45
HBM refresh energy (nJ): 0
HBM access energy (nJ): 4,327,186
MemC wire energy 2.5d (nJ): 1,228,880
MemC wire energy 3d (nJ): 307,220

---Energy---
Leakage Energy (nJ): 15,707
PU Dyn E (nJ): 990,616
Mem Dyn E (nJ): 7,321,747
Route Dyn E (nJ): 983,950
Dynamic Energy (nJ): 9,296,314
Ratio of Dyn/Leak: 592
Total Energy (nJ): 9,312,021
Total Energy (nJ) 3D: 8,974,727
Cores Energy (nJ): 991,453
Route Energy (nJ): 986,704
Route Energy (nJ) 3D: 1,571,070
Mem Energy   (nJ): 7,333,864
Mem Energy   (nJ) 3D: 6,412,204
Avg. Power (mW): 30,985.84
Power Density (mW/mm2): 97.63

---Runtime---
Runtime in K cycles: 300.52
Microseconds: 300.52
Time per iteration (ms): 0.30

---Throughput---
GOP/s (aka OPS/ns): 298.86
GOP/s per core: 0.29
GFLOP/s: 106.15
GFLOP/s per core: 0.10
Max Peak GFLOP/s: 1,024.00
Avg. BW GB/s: 1,944.51
Max BW GB/s: 4,096.00

---Traffic---
In-Die bisection_bytes BW (GB/s): 512.00
Inter-board traffic (msg/ns): 0.00, per-link: 0.00
Inter-pack traffic (msg/ns): 0.00, per-link: 0.00
Inter-die traffic (msg/ns): 0.00, per-link: 0.00
Ruche traffic (msg/ns): 0.00, per-link: 0.00
All traffic (msg/ns): 2,066.04, per-link: 2.02
Inter-die reduction wrt all: inf
Inter-board reduction wrt inter-die: -nan

---Data Movement---
All traffic (msg): 620,895,367
Arith. Intensity FLOP/Loads: 0.44
Arith. Intensity FLOP/Msgs: 0.05
Arith. Intensity OPS/Loads: 1.24
Arith. Intensity OPS/Msgs: 0.14



===Core Utilization Total=== CORE-S:3;; TIME K cy:300 ;; Nodes Proc: 242,351 -- Edges Proc: 2,134,876

===PRINTING FRAME STATS

FCollision In Avg:114, SD:38, Max:234, Min:3
FCollision Out Avg:143, SD:46, Max:303, Min:31
FCollision End Avg:43, SD:43, Max:189, Min:0
FTask1 Avg:2, SD:2, Max:9, Min:0
FTask2 Avg:17, SD:13, Max:59, Min:0
FTask3 Avg:30, SD:10, Max:81, Min:15
FCore Active Avg:48, SD:19, Max:100, Min:16
FRouter Active Avg:68, SD:5, Max:80, Min:54
T1 invocations: 36,396
T2 invocations: 112,841
T3 invocations: 6,485,767
T3b invocations: 0
Total3 invocations: 6,485,767
Total4 invocations: 282

T3/T2 ratio: 57
T3b/T3 ratio: 0

T1 avg ex cycles: 43
T2 avg ex cycles: 155
T3&b avg ex cycles: 5
T4 avg ex cycles: 596
Avg. hops NOC1: 2
Avg. latency NOC1 (T2): 62,394
Avg. hops NOC2: 17
Avg. latency NOC2 (T3): 3,009

===PRINTING ACUM STATS at pu_cycles: 400,403

ACollision In Avg:109, SD:29, Max:230, Min:6
ACollision Out Avg:145, SD:36, Max:263, Min:46
ACollision End Avg:43, SD:33, Max:169, Min:0
ATask1 Avg:1, SD:1, Max:6, Min:0
ATask2 Avg:15, SD:9, Max:46, Min:0
ATask3 Avg:34, SD:8, Max:67, Min:20
ACore Active Avg:50, SD:14, Max:98, Min:22
ARouter Active Avg:62, SD:3, Max:71, Min:54
T1 invocations: 113,107
T2 invocations: 374,903
T3 invocations: 22,352,369
T3b invocations: 0
Total3 invocations: 22,352,369
Total4 invocations: 1,608

T3/T2 ratio: 60
T3b/T3 ratio: 0

T1 avg ex cycles: 51
T2 avg ex cycles: 166
T3&b avg ex cycles: 6
T4 avg ex cycles: 444
Avg. hops NOC1: 3
Avg. latency NOC1 (T2): 60,301
Avg. hops NOC2: 17
Avg. latency NOC2 (T3): 3,302
Number of K Nodes Processed: 2,208
Number of K Edges Processed: 22,615
Node Re-explore factor: 0.53
Edge Re-explore factor: 0.18
Nodes/cy: 6
Edges/cy: 56
TEPS: 320

---DCache---
DCache Size: 12,256
DRAM words: 133,760
  DHits: 41,405,470
  DMisses: 2,379,452
  DHit Rate (hit/miss): 95%
  DEvictions: 1,697,869
  DEviction Rate (evict/misses): 71%
  MC Transactions: 3,075,706
  MC Writes: 683,883
Avg. Transactions: 96% , Writes: 21%, Avg. Latency: 26
Max MC id: 7 of 8. Transactions: 100% , Writes: 22%, MC mean Latency: 49
HBM refresh energy (nJ): 1
HBM access energy (nJ): 5,826,617
MemC wire energy 2.5d (nJ): 1,654,705
MemC wire energy 3d (nJ): 413,676

---Energy---
Leakage Energy (nJ): 20,927
PU Dyn E (nJ): 1,369,180
Mem Dyn E (nJ): 9,919,232
Route Dyn E (nJ): 1,381,883
Dynamic Energy (nJ): 12,670,295
Ratio of Dyn/Leak: 605
Total Energy (nJ): 12,691,222
Total Energy (nJ) 3D: 12,270,892
Cores Energy (nJ): 1,370,294
Route Energy (nJ): 1,385,552
Route Energy (nJ) 3D: 2,206,250
Mem Energy   (nJ): 9,935,377
Mem Energy   (nJ) 3D: 8,694,348
Avg. Power (mW): 31,696.12
Power Density (mW/mm2): 99.87

---Runtime---
Runtime in K cycles: 400.40
Microseconds: 400.40
Time per iteration (ms): 0.40

---Throughput---
GOP/s (aka OPS/ns): 302.17
GOP/s per core: 0.30
GFLOP/s: 112.08
GFLOP/s per core: 0.11
Max Peak GFLOP/s: 1,024.00
Avg. BW GB/s: 2,012.76
Max BW GB/s: 4,096.00

---Traffic---
In-Die bisection_bytes BW (GB/s): 512.00
Inter-board traffic (msg/ns): 0.00, per-link: 0.00
Inter-pack traffic (msg/ns): 0.00, per-link: 0.00
Inter-die traffic (msg/ns): 0.00, per-link: 0.00
Ruche traffic (msg/ns): 0.00, per-link: 0.00
All traffic (msg/ns): 2,167.36, per-link: 2.12
Inter-die reduction wrt all: inf
Inter-board reduction wrt inter-die: -nan

---Data Movement---
All traffic (msg): 867,818,686
Arith. Intensity FLOP/Loads: 0.45
Arith. Intensity FLOP/Msgs: 0.05
Arith. Intensity OPS/Loads: 1.21
Arith. Intensity OPS/Msgs: 0.14



===Core Utilization Total=== CORE-S:4;; TIME K cy:400 ;; Nodes Proc: 277,089 -- Edges Proc: 3,024,785

===PRINTING FRAME STATS

FCollision In Avg:111, SD:37, Max:223, Min:4
FCollision Out Avg:138, SD:47, Max:289, Min:19
FCollision End Avg:40, SD:41, Max:200, Min:0
FTask1 Avg:2, SD:2, Max:12, Min:0
FTask2 Avg:17, SD:13, Max:63, Min:0
FTask3 Avg:29, SD:9, Max:78, Min:16
FCore Active Avg:48, SD:19, Max:100, Min:17
FRouter Active Avg:69, SD:4, Max:81, Min:58
T1 invocations: 41,259
T2 invocations: 117,921
T3 invocations: 6,518,106
T3b invocations: 0
Total3 invocations: 6,518,106
Total4 invocations: 361

T3/T2 ratio: 55
T3b/T3 ratio: 0

T1 avg ex cycles: 43
T2 avg ex cycles: 151
T3&b avg ex cycles: 5
T4 avg ex cycles: 593
Avg. hops NOC1: 2
Avg. latency NOC1 (T2): 52,957
Avg. hops NOC2: 17
Avg. latency NOC2 (T3): 3,061

===PRINTING ACUM STATS at pu_cycles: 500,502

ACollision In Avg:109, SD:27, Max:225, Min:6
ACollision Out Avg:143, SD:34, Max:267, Min:45
ACollision End Avg:43, SD:30, Max:153, Min:0
ATask1 Avg:1, SD:1, Max:7, Min:0
ATask2 Avg:16, SD:9, Max:44, Min:0
ATask3 Avg:33, SD:8, Max:69, Min:19
ACore Active Avg:50, SD:14, Max:98, Min:21
ARouter Active Avg:63, SD:2, Max:71, Min:56
T1 invocations: 154,557
T2 invocations: 494,221
T3 invocations: 28,926,502
T3b invocations: 0
Total3 invocations: 28,926,502
Total4 invocations: 1,971

T3/T2 ratio: 59
T3b/T3 ratio: 0

T1 avg ex cycles: 49
T2 avg ex cycles: 163
T3&b avg ex cycles: 6
T4 avg ex cycles: 472
Avg. hops NOC1: 3
Avg. latency NOC1 (T2): 58,533
Avg. hops NOC2: 17
Avg. latency NOC2 (T3): 3,271
Number of K Nodes Processed: 2,415
Number of K Edges Processed: 29,136
Node Re-explore factor: 0.58
Edge Re-explore factor: 0.23
Nodes/cy: 5
Edges/cy: 58
TEPS: 256

---DCache---
DCache Size: 12,256
DRAM words: 133,760
  DHits: 53,054,946
  DMisses: 2,980,558
  DHit Rate (hit/miss): 95%
  DEvictions: 2,268,968
  DEviction Rate (evict/misses): 76%
  MC Transactions: 3,862,689
  MC Writes: 867,390
Avg. Transactions: 96% , Writes: 22%, Avg. Latency: 25
Max MC id: 7 of 8. Transactions: 100% , Writes: 22%, MC mean Latency: 50
HBM refresh energy (nJ): 1
HBM access energy (nJ): 7,317,478
MemC wire energy 2.5d (nJ): 2,078,095
MemC wire energy 3d (nJ): 519,524

---Energy---
Leakage Energy (nJ): 26,159
PU Dyn E (nJ): 1,750,738
Mem Dyn E (nJ): 12,508,079
Route Dyn E (nJ): 1,788,205
Dynamic Energy (nJ): 16,047,022
Ratio of Dyn/Leak: 613
Total Energy (nJ): 16,073,181
Total Energy (nJ) 3D: 15,576,622
Cores Energy (nJ): 1,752,131
Route Energy (nJ): 1,792,791
Route Energy (nJ) 3D: 2,854,803
Mem Energy   (nJ): 12,528,259
Mem Energy   (nJ) 3D: 10,969,688
Avg. Power (mW): 32,114.12
Power Density (mW/mm2): 101.19

---Runtime---
Runtime in K cycles: 500.50
Microseconds: 500.50
Time per iteration (ms): 0.50

---Throughput---
GOP/s (aka OPS/ns): 303.80
GOP/s per core: 0.30
GFLOP/s: 115.98
GFLOP/s per core: 0.11
Max Peak GFLOP/s: 1,024.00
Avg. BW GB/s: 2,054.88
Max BW GB/s: 4,096.00

---Traffic---
In-Die bisection_bytes BW (GB/s): 512.00
Inter-board traffic (msg/ns): 0.00, per-link: 0.00
Inter-pack traffic (msg/ns): 0.00, per-link: 0.00
Inter-die traffic (msg/ns): 0.00, per-link: 0.00
Ruche traffic (msg/ns): 0.00, per-link: 0.00
All traffic (msg/ns): 2,236.05, per-link: 2.18
Inter-die reduction wrt all: inf
Inter-board reduction wrt inter-die: -nan

---Data Movement---
All traffic (msg): 1,119,145,005
Arith. Intensity FLOP/Loads: 0.45
Arith. Intensity FLOP/Msgs: 0.05
Arith. Intensity OPS/Loads: 1.19
Arith. Intensity OPS/Msgs: 0.14



===Core Utilization Total=== CORE-S:5;; TIME K cy:500 ;; Nodes Proc: 302,765 -- Edges Proc: 3,835,662

===PRINTING FRAME STATS

FCollision In Avg:107, SD:34, Max:289, Min:4
FCollision Out Avg:127, SD:48, Max:280, Min:13
FCollision End Avg:37, SD:39, Max:172, Min:0
FTask1 Avg:2, SD:2, Max:13, Min:0
FTask2 Avg:19, SD:13, Max:77, Min:0
FTask3 Avg:30, SD:9, Max:77, Min:16
FCore Active Avg:51, SD:18, Max:100, Min:16
FRouter Active Avg:72, SD:3, Max:85, Min:61
T1 invocations: 54,200
T2 invocations: 137,124
T3 invocations: 7,092,758
T3b invocations: 0
Total3 invocations: 7,092,758
Total4 invocations: 576

T3/T2 ratio: 52
T3b/T3 ratio: 0

T1 avg ex cycles: 39
T2 avg ex cycles: 138
T3&b avg ex cycles: 4
T4 avg ex cycles: 590
Avg. hops NOC1: 2
Avg. latency NOC1 (T2): 49,071
Avg. hops NOC2: 17
Avg. latency NOC2 (T3): 2,801

===PRINTING ACUM STATS at pu_cycles: 600,782

ACollision In Avg:109, SD:25, Max:222, Min:12
ACollision Out Avg:141, SD:33, Max:269, Min:43
ACollision End Avg:42, SD:28, Max:144, Min:0
ATask1 Avg:2, SD:1, Max:6, Min:0
ATask2 Avg:16, SD:9, Max:43, Min:0
ATask3 Avg:32, SD:7, Max:70, Min:19
ACore Active Avg:50, SD:14, Max:97, Min:21
ARouter Active Avg:65, SD:2, Max:71, Min:58
T1 invocations: 208,483
T2 invocations: 630,101
T3 invocations: 35,975,652
T3b invocations: 0
Total3 invocations: 35,975,652
Total4 invocations: 2,545

T3/T2 ratio: 57
T3b/T3 ratio: 0

T1 avg ex cycles: 46
T2 avg ex cycles: 158
T3&b avg ex cycles: 5
T4 avg ex cycles: 498
Avg. hops NOC1: 2
Avg. latency NOC1 (T2): 56,487
Avg. hops NOC2: 17
Avg. latency NOC2 (T3): 3,175
Number of K Nodes Processed: 2,588
Number of K Edges Processed: 36,249
Node Re-explore factor: 0.62
Edge Re-explore factor: 0.28
Nodes/cy: 4
Edges/cy: 60
TEPS: 214

---DCache---
DCache Size: 12,256
DRAM words: 133,760
  DHits: 65,587,103
  DMisses: 3,633,560
  DHit Rate (hit/miss): 95%
  DEvictions: 2,897,302
  DEviction Rate (evict/misses): 80%
  MC Transactions: 4,712,542
  MC Writes: 1,061,319
Avg. Transactions: 98% , Writes: 22%, Avg. Latency: 25
Max MC id: 0 of 8. Transactions: 100% , Writes: 22%, MC mean Latency: 32
HBM refresh energy (nJ): 1
HBM access energy (nJ): 8,927,439
MemC wire energy 2.5d (nJ): 2,535,309
MemC wire energy 3d (nJ): 633,827

---Energy---
Leakage Energy (nJ): 31,400
PU Dyn E (nJ): 2,158,727
Mem Dyn E (nJ): 15,295,010
Route Dyn E (nJ): 2,221,532
Dynamic Energy (nJ): 19,675,269
Ratio of Dyn/Leak: 627
Total Energy (nJ): 19,706,669
Total Energy (nJ) 3D: 19,124,552
Cores Energy (nJ): 2,160,400
Route Energy (nJ): 2,227,037
Route Energy (nJ) 3D: 3,546,402
Mem Energy   (nJ): 15,319,233
Mem Energy   (nJ) 3D: 13,417,751
Avg. Power (mW): 32,801.70
Power Density (mW/mm2): 103.36

---Runtime---
Runtime in K cycles: 600.78
Microseconds: 600.78
Time per iteration (ms): 0.60

---Throughput---
GOP/s (aka OPS/ns): 308.26
GOP/s per core: 0.30
GFLOP/s: 120.09
GFLOP/s per core: 0.12
Max Peak GFLOP/s: 1,024.00
Avg. BW GB/s: 2,106.50
Max BW GB/s: 4,096.00

---Traffic---
In-Die bisection_bytes BW (GB/s): 512.00
Inter-board traffic (msg/ns): 0.00, per-link: 0.00
Inter-pack traffic (msg/ns): 0.00, per-link: 0.00
Inter-die traffic (msg/ns): 0.00, per-link: 0.00
Ruche traffic (msg/ns): 0.00, per-link: 0.00
All traffic (msg/ns): 2,309.70, per-link: 2.26
Inter-die reduction wrt all: inf
Inter-board reduction wrt inter-die: -nan

---Data Movement---
All traffic (msg): 1,387,625,748
Arith. Intensity FLOP/Loads: 0.46
Arith. Intensity FLOP/Msgs: 0.05
Arith. Intensity OPS/Loads: 1.18
Arith. Intensity OPS/Msgs: 0.13



===Core Utilization Total=== CORE-S:6;; TIME K cy:600 ;; Nodes Proc: 324,184 -- Edges Proc: 4,707,439

===PRINTING FRAME STATS

FCollision In Avg:105, SD:32, Max:219, Min:5
FCollision Out Avg:131, SD:45, Max:260, Min:33
FCollision End Avg:35, SD:39, Max:138, Min:0
FTask1 Avg:2, SD:2, Max:16, Min:0
FTask2 Avg:18, SD:13, Max:64, Min:0
FTask3 Avg:28, SD:8, Max:73, Min:15
FCore Active Avg:48, SD:19, Max:100, Min:16
FRouter Active Avg:68, SD:4, Max:81, Min:59
T1 invocations: 59,603
T2 invocations: 132,157
T3 invocations: 6,456,514
T3b invocations: 0
Total3 invocations: 6,456,514
Total4 invocations: 688

T3/T2 ratio: 49
T3b/T3 ratio: 0

T1 avg ex cycles: 39
T2 avg ex cycles: 136
T3&b avg ex cycles: 4
T4 avg ex cycles: 591
Avg. hops NOC1: 2
Avg. latency NOC1 (T2): 42,491
Avg. hops NOC2: 17
Avg. latency NOC2 (T3): 3,099

===PRINTING ACUM STATS at pu_cycles: 700,748

ACollision In Avg:109, SD:23, Max:209, Min:26
ACollision Out Avg:139, SD:31, Max:265, Min:48
ACollision End Avg:41, SD:26, Max:136, Min:0
ATask1 Avg:2, SD:1, Max:6, Min:0
ATask2 Avg:16, SD:8, Max:42, Min:0
ATask3 Avg:32, SD:7, Max:65, Min:19
ACore Active Avg:50, SD:13, Max:92, Min:24
ARouter Active Avg:65, SD:2, Max:71, Min:59
T1 invocations: 267,985
T2 invocations: 762,509
T3 invocations: 42,429,577
T3b invocations: 0
Total3 invocations: 42,429,577
Total4 invocations: 3,237

T3/T2 ratio: 56
T3b/T3 ratio: 0

T1 avg ex cycles: 45
T2 avg ex cycles: 154
T3&b avg ex cycles: 5
T4 avg ex cycles: 518
Avg. hops NOC1: 2
Avg. latency NOC1 (T2): 54,059
Avg. hops NOC2: 17
Avg. latency NOC2 (T3): 3,163
Number of K Nodes Processed: 2,716
Number of K Edges Processed: 42,682
Node Re-explore factor: 0.65
Edge Re-explore factor: 0.33
Nodes/cy: 4
Edges/cy: 61
TEPS: 183

---DCache---
DCache Size: 12,256
DRAM words: 133,760
  DHits: 76,986,916
  DMisses: 4,219,173
  DHit Rate (hit/miss): 95%
  DEvictions: 3,466,193
  DEviction Rate (evict/misses): 82%
  MC Transactions: 5,470,318
  MC Writes: 1,230,706
Avg. Transactions: 98% , Writes: 22%, Avg. Latency: 25
Max MC id: 0 of 8. Transactions: 100% , Writes: 23%, MC mean Latency: 36
HBM refresh energy (nJ): 2
HBM access energy (nJ): 10,362,970
MemC wire energy 2.5d (nJ): 2,942,986
MemC wire energy 3d (nJ): 735,747

---Energy---
Leakage Energy (nJ): 36,625
PU Dyn E (nJ): 2,532,698
Mem Dyn E (nJ): 17,795,052
Route Dyn E (nJ): 2,618,498
Dynamic Energy (nJ): 22,946,248
Ratio of Dyn/Leak: 627
Total Energy (nJ): 22,982,873
Total Energy (nJ) 3D: 22,330,755
Cores Energy (nJ): 2,534,648
Route Energy (nJ): 2,624,919
Route Energy (nJ) 3D: 4,180,040
Mem Energy   (nJ): 17,823,307
Mem Energy   (nJ) 3D: 15,616,067
Avg. Power (mW): 32,797.63
Power Density (mW/mm2): 103.34

---Runtime---
Runtime in K cycles: 700.75
Microseconds: 700.75
Time per iteration (ms): 0.70

---Throughput---
GOP/s (aka OPS/ns): 307.79
GOP/s per core: 0.30
GFLOP/s: 121.36
GFLOP/s per core: 0.12
Max Peak GFLOP/s: 1,024.00
Avg. BW GB/s: 2,114.99
Max BW GB/s: 4,096.00

---Traffic---
In-Die bisection_bytes BW (GB/s): 512.00
Inter-board traffic (msg/ns): 0.00, per-link: 0.00
Inter-pack traffic (msg/ns): 0.00, per-link: 0.00
Inter-die traffic (msg/ns): 0.00, per-link: 0.00
Ruche traffic (msg/ns): 0.00, per-link: 0.00
All traffic (msg/ns): 2,330.24, per-link: 2.28
Inter-die reduction wrt all: inf
Inter-board reduction wrt inter-die: -nan

---Data Movement---
All traffic (msg): 1,632,908,651
Arith. Intensity FLOP/Loads: 0.46
Arith. Intensity FLOP/Msgs: 0.05
Arith. Intensity OPS/Loads: 1.17
Arith. Intensity OPS/Msgs: 0.13



===Core Utilization Total=== CORE-S:7;; TIME K cy:700 ;; Nodes Proc: 339,796 -- Edges Proc: 5,532,604

===PRINTING FRAME STATS

FCollision In Avg:104, SD:31, Max:223, Min:4
FCollision Out Avg:124, SD:45, Max:288, Min:25
FCollision End Avg:32, SD:36, Max:168, Min:0
FTask1 Avg:3, SD:3, Max:20, Min:0
FTask2 Avg:19, SD:14, Max:63, Min:0
FTask3 Avg:30, SD:9, Max:75, Min:15
FCore Active Avg:52, SD:20, Max:100, Min:15
FRouter Active Avg:72, SD:5, Max:143, Min:61
T1 invocations: 73,369
T2 invocations: 152,941
T3 invocations: 6,946,687
T3b invocations: 0
Total3 invocations: 6,946,687
Total4 invocations: 940

T3/T2 ratio: 45
T3b/T3 ratio: 0

T1 avg ex cycles: 38
T2 avg ex cycles: 127
T3&b avg ex cycles: 4
T4 avg ex cycles: 587
Avg. hops NOC1: 2
Avg. latency NOC1 (T2): 38,781
Avg. hops NOC2: 17
Avg. latency NOC2 (T3): 3,109

===PRINTING ACUM STATS at pu_cycles: 800,813

ACollision In Avg:108, SD:21, Max:198, Min:26
ACollision Out Avg:137, SD:30, Max:268, Min:53
ACollision End Avg:40, SD:24, Max:138, Min:0
ATask1 Avg:2, SD:1, Max:7, Min:0
ATask2 Avg:17, SD:8, Max:42, Min:0
ATask3 Avg:31, SD:7, Max:64, Min:20
ACore Active Avg:50, SD:13, Max:92, Min:24
ARouter Active Avg:66, SD:2, Max:73, Min:61
T1 invocations: 341,300
T2 invocations: 916,074
T3 invocations: 49,389,456
T3b invocations: 0
Total3 invocations: 49,389,456
Total4 invocations: 4,179

T3/T2 ratio: 54
T3b/T3 ratio: 0

T1 avg ex cycles: 43
T2 avg ex cycles: 149
T3&b avg ex cycles: 5
T4 avg ex cycles: 534
Avg. hops NOC1: 2
Avg. latency NOC1 (T2): 51,488
Avg. hops NOC2: 17
Avg. latency NOC2 (T3): 3,156
Number of K Nodes Processed: 2,829
Number of K Edges Processed: 49,673
Node Re-explore factor: 0.67
Edge Re-explore factor: 0.39
Nodes/cy: 4
Edges/cy: 62
TEPS: 160

---DCache---
DCache Size: 12,256
DRAM words: 133,760
  DHits: 89,198,045
  DMisses: 4,854,845
  DHit Rate (hit/miss): 95%
  DEvictions: 4,088,149
  DEviction Rate (evict/misses): 84%
  MC Transactions: 6,291,702
  MC Writes: 1,413,101
Avg. Transactions: 98% , Writes: 22%, Avg. Latency: 25
Max MC id: 7 of 8. Transactions: 100% , Writes: 22%, MC mean Latency: 46
HBM refresh energy (nJ): 2
HBM access energy (nJ): 11,919,000
MemC wire energy 2.5d (nJ): 3,384,884
MemC wire energy 3d (nJ): 846,221

---Energy---
Leakage Energy (nJ): 41,855
PU Dyn E (nJ): 2,937,727
Mem Dyn E (nJ): 20,501,140
Route Dyn E (nJ): 3,048,655
Dynamic Energy (nJ): 26,487,522
Ratio of Dyn/Leak: 633
Total Energy (nJ): 26,529,377
Total Energy (nJ) 3D: 25,801,306
Cores Energy (nJ): 2,939,956
Route Energy (nJ): 3,055,993
Route Energy (nJ) 3D: 4,866,585
Mem Energy   (nJ): 20,533,428
Mem Energy   (nJ) 3D: 17,994,765
Avg. Power (mW): 33,128.05
Power Density (mW/mm2): 104.38

---Runtime---
Runtime in K cycles: 800.81
Microseconds: 800.81
Time per iteration (ms): 0.80

---Throughput---
GOP/s (aka OPS/ns): 310.63
GOP/s per core: 0.30
GFLOP/s: 123.62
GFLOP/s per core: 0.12
Max Peak GFLOP/s: 1,024.00
Avg. BW GB/s: 2,142.54
Max BW GB/s: 4,096.00

---Traffic---
In-Die bisection_bytes BW (GB/s): 512.00
Inter-board traffic (msg/ns): 0.00, per-link: 0.00
Inter-pack traffic (msg/ns): 0.00, per-link: 0.00
Inter-die traffic (msg/ns): 0.00, per-link: 0.00
Ruche traffic (msg/ns): 0.00, per-link: 0.00
All traffic (msg/ns): 2,370.93, per-link: 2.32
Inter-die reduction wrt all: inf
Inter-board reduction wrt inter-die: -nan

---Data Movement---
All traffic (msg): 1,898,671,875
Arith. Intensity FLOP/Loads: 0.46
Arith. Intensity FLOP/Msgs: 0.05
Arith. Intensity OPS/Loads: 1.17
Arith. Intensity OPS/Msgs: 0.13



===Core Utilization Total=== CORE-S:8;; TIME K cy:800 ;; Nodes Proc: 354,116 -- Edges Proc: 6,502,754

===PRINTING FRAME STATS

FCollision In Avg:99, SD:30, Max:246, Min:6
FCollision Out Avg:114, SD:46, Max:281, Min:29
FCollision End Avg:30, SD:36, Max:142, Min:0
FTask1 Avg:3, SD:4, Max:22, Min:0
FTask2 Avg:21, SD:14, Max:63, Min:0
FTask3 Avg:31, SD:9, Max:79, Min:16
FCore Active Avg:57, SD:20, Max:100, Min:18
FRouter Active Avg:74, SD:3, Max:87, Min:61
T1 invocations: 92,617
T2 invocations: 176,330
T3 invocations: 7,364,221
T3b invocations: 0
Total3 invocations: 7,364,221
Total4 invocations: 1,242

T3/T2 ratio: 42
T3b/T3 ratio: 0

T1 avg ex cycles: 38
T2 avg ex cycles: 121
T3&b avg ex cycles: 4
T4 avg ex cycles: 587
Avg. hops NOC1: 2
Avg. latency NOC1 (T2): 31,779
Avg. hops NOC2: 17
Avg. latency NOC2 (T3): 3,172

===PRINTING ACUM STATS at pu_cycles: 900,460

ACollision In Avg:107, SD:20, Max:185, Min:32
ACollision Out Avg:135, SD:29, Max:258, Min:53
ACollision End Avg:39, SD:23, Max:138, Min:0
ATask1 Avg:2, SD:1, Max:7, Min:0
ATask2 Avg:17, SD:8, Max:43, Min:0
ATask3 Avg:31, SD:7, Max:63, Min:20
ACore Active Avg:51, SD:13, Max:90, Min:24
ARouter Active Avg:67, SD:2, Max:73, Min:62
T1 invocations: 433,848
T2 invocations: 1,092,155
T3 invocations: 56,727,475
T3b invocations: 0
Total3 invocations: 56,727,475
Total4 invocations: 5,425

T3/T2 ratio: 52
T3b/T3 ratio: 0

T1 avg ex cycles: 42
T2 avg ex cycles: 145
T3&b avg ex cycles: 5
T4 avg ex cycles: 546
Avg. hops NOC1: 2
Avg. latency NOC1 (T2): 48,311
Avg. hops NOC2: 17
Avg. latency NOC2 (T3): 3,158
Number of K Nodes Processed: 2,930
Number of K Edges Processed: 57,113
Node Re-explore factor: 0.70
Edge Re-explore factor: 0.45
Nodes/cy: 3
Edges/cy: 63
TEPS: 142

---DCache---
DCache Size: 12,256
DRAM words: 133,760
  DHits: 101,976,088
  DMisses: 5,529,224
  DHit Rate (hit/miss): 95%
  DEvictions: 4,751,225
  DEviction Rate (evict/misses): 86%
  MC Transactions: 7,160,654
  MC Writes: 1,603,648
Avg. Transactions: 99% , Writes: 22%, Avg. Latency: 25
Max MC id: 4 of 8. Transactions: 100% , Writes: 23%, MC mean Latency: 20
HBM refresh energy (nJ): 2
HBM access energy (nJ): 13,565,142
MemC wire energy 2.5d (nJ): 3,852,373
MemC wire energy 3d (nJ): 963,093

---Energy---
Leakage Energy (nJ): 47,063
PU Dyn E (nJ): 3,367,880
Mem Dyn E (nJ): 23,362,388
Route Dyn E (nJ): 3,504,936
Dynamic Energy (nJ): 30,235,204
Ratio of Dyn/Leak: 642
Total Energy (nJ): 30,282,267
Total Energy (nJ) 3D: 29,474,563
Cores Energy (nJ): 3,370,387
Route Energy (nJ): 3,513,187
Route Energy (nJ) 3D: 5,594,762
Mem Energy   (nJ): 23,398,695
Mem Energy   (nJ) 3D: 20,509,415
Avg. Power (mW): 33,629.77
Power Density (mW/mm2): 105.96

---Runtime---
Runtime in K cycles: 900.46
Microseconds: 900.46
Time per iteration (ms): 0.90

---Throughput---
GOP/s (aka OPS/ns): 315.55
GOP/s per core: 0.31
GFLOP/s: 126.33
GFLOP/s per core: 0.12
Max Peak GFLOP/s: 1,024.00
Avg. BW GB/s: 2,179.85
Max BW GB/s: 4,096.00

---Traffic---
In-Die bisection_bytes BW (GB/s): 512.00
Inter-board traffic (msg/ns): 0.00, per-link: 0.00
Inter-pack traffic (msg/ns): 0.00, per-link: 0.00
Inter-die traffic (msg/ns): 0.00, per-link: 0.00
Ruche traffic (msg/ns): 0.00, per-link: 0.00
All traffic (msg/ns): 2,421.48, per-link: 2.36
Inter-die reduction wrt all: inf
Inter-board reduction wrt inter-die: -nan

---Data Movement---
All traffic (msg): 2,180,448,617
Arith. Intensity FLOP/Loads: 0.47
Arith. Intensity FLOP/Msgs: 0.05
Arith. Intensity OPS/Loads: 1.16
Arith. Intensity OPS/Msgs: 0.13



===Core Utilization Total=== CORE-S:9;; TIME K cy:900 ;; Nodes Proc: 366,711 -- Edges Proc: 7,504,335

===PRINTING FRAME STATS

FCollision In Avg:102, SD:28, Max:257, Min:5
FCollision Out Avg:117, SD:45, Max:193, Min:14
FCollision End Avg:28, SD:35, Max:120, Min:0
FTask1 Avg:4, SD:4, Max:25, Min:0
FTask2 Avg:20, SD:14, Max:65, Min:0
FTask3 Avg:29, SD:8, Max:68, Min:15
FCore Active Avg:53, SD:19, Max:100, Min:17
FRouter Active Avg:70, SD:3, Max:81, Min:63
T1 invocations: 98,852
T2 invocations: 175,221
T3 invocations: 7,003,144
T3b invocations: 0
Total3 invocations: 7,003,144
Total4 invocations: 1,390

T3/T2 ratio: 40
T3b/T3 ratio: 0

T1 avg ex cycles: 37
T2 avg ex cycles: 115
T3&b avg ex cycles: 4
T4 avg ex cycles: 575
Avg. hops NOC1: 2
Avg. latency NOC1 (T2): 29,543
Avg. hops NOC2: 17
Avg. latency NOC2 (T3): 2,982

===PRINTING ACUM STATS at pu_cycles: 1,000,883

ACollision In Avg:106, SD:18, Max:181, Min:40
ACollision Out Avg:133, SD:28, Max:251, Min:54
ACollision End Avg:38, SD:21, Max:135, Min:0
ATask1 Avg:2, SD:1, Max:7, Min:0
ATask2 Avg:17, SD:7, Max:42, Min:0
ATask3 Avg:31, SD:7, Max:62, Min:20
ACore Active Avg:51, SD:12, Max:89, Min:24
ARouter Active Avg:67, SD:2, Max:73, Min:63
T1 invocations: 531,392
T2 invocations: 1,264,308
T3 invocations: 63,627,169
T3b invocations: 0
Total3 invocations: 63,627,169
Total4 invocations: 6,801

T3/T2 ratio: 50
T3b/T3 ratio: 0

T1 avg ex cycles: 41
T2 avg ex cycles: 141
T3&b avg ex cycles: 5
T4 avg ex cycles: 552
Avg. hops NOC1: 2
Avg. latency NOC1 (T2): 45,767
Avg. hops NOC2: 17
Avg. latency NOC2 (T3): 3,143
Number of K Nodes Processed: 3,011
Number of K Edges Processed: 64,084
Node Re-explore factor: 0.72
Edge Re-explore factor: 0.50
Nodes/cy: 3
Edges/cy: 64
TEPS: 128

---DCache---
DCache Size: 12,256
DRAM words: 133,760
  DHits: 114,183,850
  DMisses: 6,159,797
  DHit Rate (hit/miss): 95%
  DEvictions: 5,373,079
  DEviction Rate (evict/misses): 87%
  MC Transactions: 7,968,152
  MC Writes: 1,777,098
Avg. Transactions: 100% , Writes: 22%, Avg. Latency: 25
Max MC id: 4 of 8. Transactions: 100% , Writes: 22%, MC mean Latency: 24
HBM refresh energy (nJ): 2
HBM access energy (nJ): 15,094,867
MemC wire energy 2.5d (nJ): 4,286,800
MemC wire energy 3d (nJ): 1,071,700

---Energy---
Leakage Energy (nJ): 52,311
PU Dyn E (nJ): 3,770,419
Mem Dyn E (nJ): 26,026,675
Route Dyn E (nJ): 3,931,423
Dynamic Energy (nJ): 33,728,518
Ratio of Dyn/Leak: 645
Total Energy (nJ): 33,780,829
Total Energy (nJ) 3D: 32,900,594
Cores Energy (nJ): 3,773,205
Route Energy (nJ): 3,940,594
Route Energy (nJ) 3D: 6,275,460
Mem Energy   (nJ): 26,067,031
Mem Energy   (nJ) 3D: 22,851,931
Avg. Power (mW): 33,751.03
Power Density (mW/mm2): 106.35

---Runtime---
Runtime in K cycles: 1,000.88
Microseconds: 1,000.88
Time per iteration (ms): 1.00

---Throughput---
GOP/s (aka OPS/ns): 317.28
GOP/s per core: 0.31
GFLOP/s: 127.38
GFLOP/s per core: 0.12
Max Peak GFLOP/s: 1,024.00
Avg. BW GB/s: 2,191.57
Max BW GB/s: 4,096.00

---Traffic---
In-Die bisection_bytes BW (GB/s): 512.00
Inter-board traffic (msg/ns): 0.00, per-link: 0.00
Inter-pack traffic (msg/ns): 0.00, per-link: 0.00
Inter-die traffic (msg/ns): 0.00, per-link: 0.00
Ruche traffic (msg/ns): 0.00, per-link: 0.00
All traffic (msg/ns): 2,441.62, per-link: 2.38
Inter-die reduction wrt all: inf
Inter-board reduction wrt inter-die: -nan

---Data Movement---
All traffic (msg): 2,443,775,356
Arith. Intensity FLOP/Loads: 0.47
Arith. Intensity FLOP/Msgs: 0.05
Arith. Intensity OPS/Loads: 1.16
Arith. Intensity OPS/Msgs: 0.13



===Core Utilization Total=== CORE-S:10;; TIME K cy:1,000 ;; Nodes Proc: 377,069 -- Edges Proc: 8,435,955

===PRINTING FRAME STATS

FCollision In Avg:101, SD:28, Max:224, Min:5
FCollision Out Avg:119, SD:45, Max:283, Min:22
FCollision End Avg:28, SD:35, Max:174, Min:0
FTask1 Avg:4, SD:4, Max:19, Min:0
FTask2 Avg:19, SD:13, Max:57, Min:0
FTask3 Avg:28, SD:8, Max:63, Min:15
FCore Active Avg:51, SD:19, Max:100, Min:15
FRouter Active Avg:68, SD:4, Max:82, Min:57
T1 invocations: 98,829
T2 invocations: 169,300
T3 invocations: 6,640,789
T3b invocations: 0
Total3 invocations: 6,640,789
Total4 invocations: 1,469

T3/T2 ratio: 39
T3b/T3 ratio: 0

T1 avg ex cycles: 36
T2 avg ex cycles: 112
T3&b avg ex cycles: 4
T4 avg ex cycles: 543
Avg. hops NOC1: 2
Avg. latency NOC1 (T2): 28,546
Avg. hops NOC2: 17
Avg. latency NOC2 (T3): 3,224

===PRINTING ACUM STATS at pu_cycles: 1,100,696

ACollision In Avg:106, SD:17, Max:174, Min:43
ACollision Out Avg:132, SD:27, Max:254, Min:54
ACollision End Avg:37, SD:20, Max:138, Min:0
ATask1 Avg:2, SD:1, Max:8, Min:0
ATask2 Avg:18, SD:7, Max:41, Min:0
ATask3 Avg:31, SD:6, Max:60, Min:19
ACore Active Avg:51, SD:12, Max:88, Min:23
ARouter Active Avg:67, SD:2, Max:73, Min:62
T1 invocations: 628,821
T2 invocations: 1,433,052
T3 invocations: 70,201,516
T3b invocations: 0
Total3 invocations: 70,201,516
Total4 invocations: 8,251

T3/T2 ratio: 49
T3b/T3 ratio: 0

T1 avg ex cycles: 40
T2 avg ex cycles: 137
T3&b avg ex cycles: 5
T4 avg ex cycles: 550
Avg. hops NOC1: 2
Avg. latency NOC1 (T2): 43,747
Avg. hops NOC2: 17
Avg. latency NOC2 (T3): 3,150
Number of K Nodes Processed: 3,081
Number of K Edges Processed: 70,605
Node Re-explore factor: 0.73
Edge Re-explore factor: 0.55
Nodes/cy: 3
Edges/cy: 64
TEPS: 117

---DCache---
DCache Size: 12,256
DRAM words: 133,760
  DHits: 125,870,762
  DMisses: 6,759,180
  DHit Rate (hit/miss): 95%
  DEvictions: 5,967,474
  DEviction Rate (evict/misses): 88%
  MC Transactions: 8,737,393
  MC Writes: 1,944,146
Avg. Transactions: 99% , Writes: 22%, Avg. Latency: 25
Max MC id: 5 of 8. Transactions: 100% , Writes: 22%, MC mean Latency: 21
HBM refresh energy (nJ): 3
HBM access energy (nJ): 16,552,117
MemC wire energy 2.5d (nJ): 4,700,646
MemC wire energy 3d (nJ): 1,175,161

---Energy---
Leakage Energy (nJ): 57,528
PU Dyn E (nJ): 4,153,959
Mem Dyn E (nJ): 28,564,622
Route Dyn E (nJ): 4,327,776
Dynamic Energy (nJ): 37,046,357
Ratio of Dyn/Leak: 644
Total Energy (nJ): 37,103,885
Total Energy (nJ) 3D: 36,148,660
Cores Energy (nJ): 4,157,022
Route Energy (nJ): 4,337,862
Route Energy (nJ) 3D: 6,908,121
Mem Energy   (nJ): 28,609,002
Mem Energy   (nJ) 3D: 25,083,518
Avg. Power (mW): 33,709.48
Power Density (mW/mm2): 106.22

---Runtime---
Runtime in K cycles: 1,100.70
Microseconds: 1,100.70
Time per iteration (ms): 1.10

---Throughput---
GOP/s (aka OPS/ns): 317.52
GOP/s per core: 0.31
GFLOP/s: 127.69
GFLOP/s per core: 0.12
Max Peak GFLOP/s: 1,024.00
Avg. BW GB/s: 2,192.24
Max BW GB/s: 4,096.00

---Traffic---
In-Die bisection_bytes BW (GB/s): 512.00
Inter-board traffic (msg/ns): 0.00, per-link: 0.00
Inter-pack traffic (msg/ns): 0.00, per-link: 0.00
Inter-die traffic (msg/ns): 0.00, per-link: 0.00
Ruche traffic (msg/ns): 0.00, per-link: 0.00
All traffic (msg/ns): 2,443.42, per-link: 2.39
Inter-die reduction wrt all: inf
Inter-board reduction wrt inter-die: -nan

---Data Movement---
All traffic (msg): 2,689,467,324
Arith. Intensity FLOP/Loads: 0.47
Arith. Intensity FLOP/Msgs: 0.05
Arith. Intensity OPS/Loads: 1.16
Arith. Intensity OPS/Msgs: 0.13



===Core Utilization Total=== CORE-S:11;; TIME K cy:1,100 ;; Nodes Proc: 385,685 -- Edges Proc: 9,317,140

===PRINTING FRAME STATS

FCollision In Avg:98, SD:28, Max:191, Min:4
FCollision Out Avg:113, SD:45, Max:272, Min:27
FCollision End Avg:28, SD:35, Max:105, Min:0
FTask1 Avg:4, SD:4, Max:29, Min:0
FTask2 Avg:21, SD:14, Max:61, Min:0
FTask3 Avg:30, SD:9, Max:63, Min:15
FCore Active Avg:56, SD:21, Max:100, Min:17
FRouter Active Avg:69, SD:4, Max:79, Min:59
T1 invocations: 111,712
T2 invocations: 186,960
T3 invocations: 6,905,868
T3b invocations: 0
Total3 invocations: 6,905,868
Total4 invocations: 1,765

T3/T2 ratio: 37
T3b/T3 ratio: 0

T1 avg ex cycles: 38
T2 avg ex cycles: 115
T3&b avg ex cycles: 4
T4 avg ex cycles: 522
Avg. hops NOC1: 2
Avg. latency NOC1 (T2): 26,844
Avg. hops NOC2: 17
Avg. latency NOC2 (T3): 3,482

===PRINTING ACUM STATS at pu_cycles: 1,200,493

ACollision In Avg:105, SD:16, Max:171, Min:50
ACollision Out Avg:130, SD:26, Max:256, Min:53
ACollision End Avg:36, SD:19, Max:135, Min:0
ATask1 Avg:2, SD:1, Max:9, Min:0
ATask2 Avg:18, SD:7, Max:40, Min:0
ATask3 Avg:31, SD:6, Max:59, Min:19
ACore Active Avg:51, SD:11, Max:89, Min:25
ARouter Active Avg:67, SD:2, Max:73, Min:63
T1 invocations: 743,023
T2 invocations: 1,624,706
T3 invocations: 77,271,499
T3b invocations: 0
Total3 invocations: 77,271,499
Total4 invocations: 10,055

T3/T2 ratio: 48
T3b/T3 ratio: 0

T1 avg ex cycles: 40
T2 avg ex cycles: 135
T3&b avg ex cycles: 5
T4 avg ex cycles: 545
Avg. hops NOC1: 2
Avg. latency NOC1 (T2): 41,758
Avg. hops NOC2: 17
Avg. latency NOC2 (T3): 3,179
Number of K Nodes Processed: 3,146
Number of K Edges Processed: 77,492
Node Re-explore factor: 0.75
Edge Re-explore factor: 0.60
Nodes/cy: 3
Edges/cy: 65
TEPS: 107

---DCache---
DCache Size: 12,256
DRAM words: 133,760
  DHits: 138,108,331
  DMisses: 7,389,488
  DHit Rate (hit/miss): 95%
  DEvictions: 6,593,908
  DEviction Rate (evict/misses): 89%
  MC Transactions: 9,543,307
  MC Writes: 2,116,881
Avg. Transactions: 99% , Writes: 22%, Avg. Latency: 25
Max MC id: 4 of 8. Transactions: 100% , Writes: 22%, MC mean Latency: 28
HBM refresh energy (nJ): 3
HBM access energy (nJ): 18,078,840
MemC wire energy 2.5d (nJ): 5,134,221
MemC wire energy 3d (nJ): 1,283,555

---Energy---
Leakage Energy (nJ): 62,744
PU Dyn E (nJ): 4,570,068
Mem Dyn E (nJ): 31,242,595
Route Dyn E (nJ): 4,759,869
Dynamic Energy (nJ): 40,572,533
Ratio of Dyn/Leak: 647
Total Energy (nJ): 40,635,277
Total Energy (nJ) 3D: 39,611,490
Cores Energy (nJ): 4,573,409
Route Energy (nJ): 4,770,869
Route Energy (nJ) 3D: 7,597,748
Mem Energy   (nJ): 31,290,999
Mem Energy   (nJ) 3D: 27,440,333
Avg. Power (mW): 33,848.82
Power Density (mW/mm2): 106.65

---Runtime---
Runtime in K cycles: 1,200.49
Microseconds: 1,200.49
Time per iteration (ms): 1.20

---Throughput---
GOP/s (aka OPS/ns): 320.08
GOP/s per core: 0.31
GFLOP/s: 128.86
GFLOP/s per core: 0.13
Max Peak GFLOP/s: 1,024.00
Avg. BW GB/s: 2,207.76
Max BW GB/s: 4,096.00

---Traffic---
In-Die bisection_bytes BW (GB/s): 512.00
Inter-board traffic (msg/ns): 0.00, per-link: 0.00
Inter-pack traffic (msg/ns): 0.00, per-link: 0.00
Inter-die traffic (msg/ns): 0.00, per-link: 0.00
Ruche traffic (msg/ns): 0.00, per-link: 0.00
All traffic (msg/ns): 2,462.37, per-link: 2.40
Inter-die reduction wrt all: inf
Inter-board reduction wrt inter-die: -nan

---Data Movement---
All traffic (msg): 2,956,063,565
Arith. Intensity FLOP/Loads: 0.47
Arith. Intensity FLOP/Msgs: 0.05
Arith. Intensity OPS/Loads: 1.16
Arith. Intensity OPS/Msgs: 0.13



===Core Utilization Total=== CORE-S:12;; TIME K cy:1,200 ;; Nodes Proc: 393,799 -- Edges Proc: 10,136,368

===PRINTING FRAME STATS

FCollision In Avg:101, SD:27, Max:217, Min:4
FCollision Out Avg:120, SD:42, Max:272, Min:20
FCollision End Avg:27, SD:34, Max:109, Min:0
FTask1 Avg:4, SD:4, Max:32, Min:0
FTask2 Avg:17, SD:13, Max:65, Min:0
FTask3 Avg:26, SD:8, Max:68, Min:14
FCore Active Avg:48, SD:18, Max:100, Min:14
FRouter Active Avg:66, SD:3, Max:78, Min:59
T1 invocations: 117,862
T2 invocations: 186,473
T3 invocations: 6,474,596
T3b invocations: 0
Total3 invocations: 6,474,596
Total4 invocations: 2,133

T3/T2 ratio: 35
T3b/T3 ratio: 0

T1 avg ex cycles: 33
T2 avg ex cycles: 94
T3&b avg ex cycles: 4
T4 avg ex cycles: 465
Avg. hops NOC1: 2
Avg. latency NOC1 (T2): 27,060
Avg. hops NOC2: 17
Avg. latency NOC2 (T3): 2,681

===PRINTING ACUM STATS at pu_cycles: 1,300,547

ACollision In Avg:105, SD:16, Max:172, Min:55
ACollision Out Avg:129, SD:26, Max:257, Min:54
ACollision End Avg:35, SD:18, Max:133, Min:1
ATask1 Avg:3, SD:1, Max:9, Min:0
ATask2 Avg:18, SD:6, Max:37, Min:0
ATask3 Avg:30, SD:6, Max:58, Min:19
ACore Active Avg:51, SD:11, Max:89, Min:25
ARouter Active Avg:67, SD:2, Max:73, Min:63
T1 invocations: 859,397
T2 invocations: 1,809,090
T3 invocations: 83,654,361
T3b invocations: 0
Total3 invocations: 83,654,361
Total4 invocations: 12,173

T3/T2 ratio: 46
T3b/T3 ratio: 0

T1 avg ex cycles: 39
T2 avg ex cycles: 131
T3&b avg ex cycles: 5
T4 avg ex cycles: 531
Avg. hops NOC1: 2
Avg. latency NOC1 (T2): 40,252
Avg. hops NOC2: 17
Avg. latency NOC2 (T3): 3,140
Number of K Nodes Processed: 3,200
Number of K Edges Processed: 83,964
Node Re-explore factor: 0.76
Edge Re-explore factor: 0.65
Nodes/cy: 2
Edges/cy: 65
TEPS: 99

---DCache---
DCache Size: 12,256
DRAM words: 133,760
  DHits: 149,618,854
  DMisses: 7,985,981
  DHit Rate (hit/miss): 95%
  DEvictions: 7,186,944
  DEviction Rate (evict/misses): 90%
  MC Transactions: 10,306,017
  MC Writes: 2,280,148
Avg. Transactions: 99% , Writes: 22%, Avg. Latency: 25
Max MC id: 4 of 8. Transactions: 100% , Writes: 22%, MC mean Latency: 31
HBM refresh energy (nJ): 3
HBM access energy (nJ): 19,523,718
MemC wire energy 2.5d (nJ): 5,544,552
MemC wire energy 3d (nJ): 1,386,138

---Energy---
Leakage Energy (nJ): 67,974
PU Dyn E (nJ): 4,947,626
Mem Dyn E (nJ): 33,750,648
Route Dyn E (nJ): 5,154,079
Dynamic Energy (nJ): 43,852,353
Ratio of Dyn/Leak: 645
Total Energy (nJ): 43,920,327
Total Energy (nJ) 3D: 42,822,912
Cores Energy (nJ): 4,951,246
Route Energy (nJ): 5,165,996
Route Energy (nJ) 3D: 8,226,995
Mem Energy   (nJ): 33,803,086
Mem Energy   (nJ) 3D: 29,644,672
Avg. Power (mW): 33,770.66
Power Density (mW/mm2): 106.41

---Runtime---
Runtime in K cycles: 1,300.55
Microseconds: 1,300.55
Time per iteration (ms): 1.30

---Throughput---
GOP/s (aka OPS/ns): 319.95
GOP/s per core: 0.31
GFLOP/s: 128.75
GFLOP/s per core: 0.13
Max Peak GFLOP/s: 1,024.00
Avg. BW GB/s: 2,202.91
Max BW GB/s: 4,096.00

---Traffic---
In-Die bisection_bytes BW (GB/s): 512.00
Inter-board traffic (msg/ns): 0.00, per-link: 0.00
Inter-pack traffic (msg/ns): 0.00, per-link: 0.00
Inter-die traffic (msg/ns): 0.00, per-link: 0.00
Ruche traffic (msg/ns): 0.00, per-link: 0.00
All traffic (msg/ns): 2,460.57, per-link: 2.40
Inter-die reduction wrt all: inf
Inter-board reduction wrt inter-die: -nan

---Data Movement---
All traffic (msg): 3,200,086,294
Arith. Intensity FLOP/Loads: 0.47
Arith. Intensity FLOP/Msgs: 0.05
Arith. Intensity OPS/Loads: 1.17
Arith. Intensity OPS/Msgs: 0.13



===Core Utilization Total=== CORE-S:13;; TIME K cy:1,300 ;; Nodes Proc: 400,532 -- Edges Proc: 11,004,627

===PRINTING FRAME STATS

FCollision In Avg:89, SD:29, Max:209, Min:5
FCollision Out Avg:98, SD:43, Max:250, Min:9
FCollision End Avg:25, SD:33, Max:125, Min:0
FTask1 Avg:5, SD:5, Max:31, Min:0
FTask2 Avg:24, SD:16, Max:69, Min:0
FTask3 Avg:32, SD:9, Max:68, Min:15
FCore Active Avg:63, SD:22, Max:100, Min:17
FRouter Active Avg:74, SD:4, Max:140, Min:59
T1 invocations: 147,776
T2 invocations: 230,796
T3 invocations: 7,391,233
T3b invocations: 0
Total3 invocations: 7,391,233
Total4 invocations: 3,042

T3/T2 ratio: 32
T3b/T3 ratio: 0

T1 avg ex cycles: 37
T2 avg ex cycles: 106
T3&b avg ex cycles: 4
T4 avg ex cycles: 432
Avg. hops NOC1: 2
Avg. latency NOC1 (T2): 21,088
Avg. hops NOC2: 18
Avg. latency NOC2 (T3): 3,510

===PRINTING ACUM STATS at pu_cycles: 1,400,781

ACollision In Avg:104, SD:15, Max:167, Min:58
ACollision Out Avg:127, SD:25, Max:256, Min:53
ACollision End Avg:35, SD:17, Max:130, Min:1
ATask1 Avg:3, SD:1, Max:9, Min:0
ATask2 Avg:18, SD:6, Max:37, Min:0
ATask3 Avg:31, SD:6, Max:57, Min:19
ACore Active Avg:52, SD:11, Max:87, Min:26
ARouter Active Avg:68, SD:2, Max:73, Min:63
T1 invocations: 1,007,145
T2 invocations: 2,036,689
T3 invocations: 90,905,889
T3b invocations: 0
Total3 invocations: 90,905,889
Total4 invocations: 15,221

T3/T2 ratio: 45
T3b/T3 ratio: 0

T1 avg ex cycles: 39
T2 avg ex cycles: 128
T3&b avg ex cycles: 5
T4 avg ex cycles: 511
Avg. hops NOC1: 2
Avg. latency NOC1 (T2): 38,062
Avg. hops NOC2: 17
Avg. latency NOC2 (T3): 3,174
Number of K Nodes Processed: 3,256
Number of K Edges Processed: 91,637
Node Re-explore factor: 0.78
Edge Re-explore factor: 0.71
Nodes/cy: 2
Edges/cy: 65
TEPS: 92

---DCache---
DCache Size: 12,256
DRAM words: 133,760
  DHits: 162,611,405
  DMisses: 8,683,901
  DHit Rate (hit/miss): 95%
  DEvictions: 7,881,041
  DEviction Rate (evict/misses): 91%
  MC Transactions: 11,197,120
  MC Writes: 2,468,500
Avg. Transactions: 100% , Writes: 22%, Avg. Latency: 25
Max MC id: 7 of 8. Transactions: 100% , Writes: 22%, MC mean Latency: 37
HBM refresh energy (nJ): 4
HBM access energy (nJ): 21,211,824
MemC wire energy 2.5d (nJ): 6,023,959
MemC wire energy 3d (nJ): 1,505,990

---Energy---
Leakage Energy (nJ): 73,212
PU Dyn E (nJ): 5,383,478
Mem Dyn E (nJ): 36,666,478
Route Dyn E (nJ): 5,618,417
Dynamic Energy (nJ): 47,668,373
Ratio of Dyn/Leak: 651
Total Energy (nJ): 47,741,585
Total Energy (nJ) 3D: 46,560,384
Cores Energy (nJ): 5,387,376
Route Energy (nJ): 5,631,252
Route Energy (nJ) 3D: 8,968,020
Mem Energy   (nJ): 36,722,958
Mem Energy   (nJ) 3D: 32,204,989
Avg. Power (mW): 34,082.12
Power Density (mW/mm2): 107.39

---Runtime---
Runtime in K cycles: 1,400.78
Microseconds: 1,400.78
Time per iteration (ms): 1.40

---Throughput---
GOP/s (aka OPS/ns): 323.49
GOP/s per core: 0.32
GFLOP/s: 130.00
GFLOP/s per core: 0.13
Max Peak GFLOP/s: 1,024.00
Avg. BW GB/s: 2,221.28
Max BW GB/s: 4,096.00

---Traffic---
In-Die bisection_bytes BW (GB/s): 512.00
Inter-board traffic (msg/ns): 0.00, per-link: 0.00
Inter-pack traffic (msg/ns): 0.00, per-link: 0.00
Inter-die traffic (msg/ns): 0.00, per-link: 0.00
Ruche traffic (msg/ns): 0.00, per-link: 0.00
All traffic (msg/ns): 2,489.17, per-link: 2.43
Inter-die reduction wrt all: inf
Inter-board reduction wrt inter-die: -nan

---Data Movement---
All traffic (msg): 3,486,776,344
Arith. Intensity FLOP/Loads: 0.47
Arith. Intensity FLOP/Msgs: 0.05
Arith. Intensity OPS/Loads: 1.17
Arith. Intensity OPS/Msgs: 0.13



===Core Utilization Total=== CORE-S:14;; TIME K cy:1,400 ;; Nodes Proc: 407,640 -- Edges Proc: 11,999,397

===PRINTING FRAME STATS

FCollision In Avg:88, SD:28, Max:219, Min:3
FCollision Out Avg:100, SD:42, Max:236, Min:15
FCollision End Avg:25, SD:32, Max:164, Min:0
FTask1 Avg:6, SD:6, Max:34, Min:0
FTask2 Avg:24, SD:16, Max:68, Min:0
FTask3 Avg:30, SD:9, Max:73, Min:14
FCore Active Avg:62, SD:21, Max:100, Min:16
FRouter Active Avg:69, SD:3, Max:79, Min:58
T1 invocations: 150,424
T2 invocations: 221,080
T3 invocations: 6,836,304
T3b invocations: 0
Total3 invocations: 6,836,304
Total4 invocations: 3,400

T3/T2 ratio: 31
T3b/T3 ratio: 0

T1 avg ex cycles: 40
T2 avg ex cycles: 112
T3&b avg ex cycles: 5
T4 avg ex cycles: 389
Avg. hops NOC1: 2
Avg. latency NOC1 (T2): 20,538
Avg. hops NOC2: 17
Avg. latency NOC2 (T3): 3,924

===PRINTING ACUM STATS at pu_cycles: 1,500,902

ACollision In Avg:103, SD:15, Max:162, Min:60
ACollision Out Avg:125, SD:24, Max:252, Min:58
ACollision End Avg:34, SD:16, Max:128, Min:1
ATask1 Avg:3, SD:1, Max:8, Min:0
ATask2 Avg:19, SD:6, Max:35, Min:2
ATask3 Avg:31, SD:6, Max:56, Min:19
ACore Active Avg:53, SD:11, Max:88, Min:25
ARouter Active Avg:68, SD:2, Max:73, Min:63
T1 invocations: 1,162,654
T2 invocations: 2,269,361
T3 invocations: 98,035,337
T3b invocations: 0
Total3 invocations: 98,035,337
Total4 invocations: 18,698

T3/T2 ratio: 43
T3b/T3 ratio: 0

T1 avg ex cycles: 39
T2 avg ex cycles: 126
T3&b avg ex cycles: 5
T4 avg ex cycles: 489
Avg. hops NOC1: 2
Avg. latency NOC1 (T2): 36,278
Avg. hops NOC2: 17
Avg. latency NOC2 (T3): 3,228
Number of K Nodes Processed: 3,303
Number of K Edges Processed: 98,449
Node Re-explore factor: 0.79
Edge Re-explore factor: 0.77
Nodes/cy: 2
Edges/cy: 66
TEPS: 85

---DCache---
DCache Size: 12,256
DRAM words: 133,760
  DHits: 174,545,424
  DMisses: 9,318,083
  DHit Rate (hit/miss): 95%
  DEvictions: 8,511,698
  DEviction Rate (evict/misses): 91%
  MC Transactions: 12,003,310
  MC Writes: 2,636,548
Avg. Transactions: 100% , Writes: 22%, Avg. Latency: 26
Max MC id: 0 of 8. Transactions: 100% , Writes: 22%, MC mean Latency: 37
HBM refresh energy (nJ): 4
HBM access energy (nJ): 22,739,070
MemC wire energy 2.5d (nJ): 6,457,682
MemC wire energy 3d (nJ): 1,614,421

---Energy---
Leakage Energy (nJ): 78,445
PU Dyn E (nJ): 5,812,153
Mem Dyn E (nJ): 39,354,135
Route Dyn E (nJ): 6,056,291
Dynamic Energy (nJ): 51,222,580
Ratio of Dyn/Leak: 653
Total Energy (nJ): 51,301,025
Total Energy (nJ) 3D: 50,054,584
Cores Energy (nJ): 5,816,331
Route Energy (nJ): 6,070,043
Route Energy (nJ) 3D: 9,666,864
Mem Energy   (nJ): 39,414,651
Mem Energy   (nJ) 3D: 34,571,390
Avg. Power (mW): 34,180.13
Power Density (mW/mm2): 107.70

---Runtime---
Runtime in K cycles: 1,500.90
Microseconds: 1,500.90
Time per iteration (ms): 1.50

---Throughput---
GOP/s (aka OPS/ns): 326.36
GOP/s per core: 0.32
GFLOP/s: 130.89
GFLOP/s per core: 0.13
Max Peak GFLOP/s: 1,024.00
Avg. BW GB/s: 2,234.35
Max BW GB/s: 4,096.00

---Traffic---
In-Die bisection_bytes BW (GB/s): 512.00
Inter-board traffic (msg/ns): 0.00, per-link: 0.00
Inter-pack traffic (msg/ns): 0.00, per-link: 0.00
Inter-die traffic (msg/ns): 0.00, per-link: 0.00
Ruche traffic (msg/ns): 0.00, per-link: 0.00
All traffic (msg/ns): 2,502.92, per-link: 2.44
Inter-die reduction wrt all: inf
Inter-board reduction wrt inter-die: -nan

---Data Movement---
All traffic (msg): 3,756,637,938
Arith. Intensity FLOP/Loads: 0.47
Arith. Intensity FLOP/Msgs: 0.05
Arith. Intensity OPS/Loads: 1.17
Arith. Intensity OPS/Msgs: 0.13



===Core Utilization Total=== CORE-S:15;; TIME K cy:1,500 ;; Nodes Proc: 413,409 -- Edges Proc: 12,868,780

===PRINTING FRAME STATS

FCollision In Avg:76, SD:30, Max:192, Min:3
FCollision Out Avg:89, SD:42, Max:245, Min:6
FCollision End Avg:23, SD:32, Max:131, Min:0
FTask1 Avg:7, SD:7, Max:33, Min:0
FTask2 Avg:28, SD:18, Max:65, Min:0
FTask3 Avg:34, SD:10, Max:65, Min:15
FCore Active Avg:70, SD:24, Max:100, Min:15
FRouter Active Avg:69, SD:4, Max:139, Min:59
T1 invocations: 159,092
T2 invocations: 225,811
T3 invocations: 6,693,798
T3b invocations: 0
Total3 invocations: 6,693,798
Total4 invocations: 4,268

T3/T2 ratio: 30
T3b/T3 ratio: 0

T1 avg ex cycles: 45
T2 avg ex cycles: 125
T3&b avg ex cycles: 5
T4 avg ex cycles: 342
Avg. hops NOC1: 2
Avg. latency NOC1 (T2): 18,126
Avg. hops NOC2: 17
Avg. latency NOC2 (T3): 5,348

===PRINTING ACUM STATS at pu_cycles: 1,600,894

ACollision In Avg:101, SD:15, Max:162, Min:57
ACollision Out Avg:123, SD:24, Max:240, Min:61
ACollision End Avg:33, SD:15, Max:120, Min:1
ATask1 Avg:3, SD:2, Max:8, Min:0
ATask2 Avg:19, SD:6, Max:35, Min:2
ATask3 Avg:31, SD:5, Max:55, Min:19
ACore Active Avg:54, SD:10, Max:87, Min:25
ARouter Active Avg:68, SD:2, Max:73, Min:64
T1 invocations: 1,322,255
T2 invocations: 2,495,114
T3 invocations: 104,741,084
T3b invocations: 0
Total3 invocations: 104,741,084
Total4 invocations: 22,976

T3/T2 ratio: 42
T3b/T3 ratio: 0

T1 avg ex cycles: 40
T2 avg ex cycles: 126
T3&b avg ex cycles: 5
T4 avg ex cycles: 462
Avg. hops NOC1: 2
Avg. latency NOC1 (T2): 34,633
Avg. hops NOC2: 17
Avg. latency NOC2 (T3): 3,364
Number of K Nodes Processed: 3,346
Number of K Edges Processed: 105,038
Node Re-explore factor: 0.80
Edge Re-explore factor: 0.82
Nodes/cy: 2
Edges/cy: 66
TEPS: 80

---DCache---
DCache Size: 12,256
DRAM words: 133,760
  DHits: 186,130,423
  DMisses: 9,943,126
  DHit Rate (hit/miss): 95%
  DEvictions: 9,133,333
  DEviction Rate (evict/misses): 92%
  MC Transactions: 12,798,788
  MC Writes: 2,802,786
Avg. Transactions: 100% , Writes: 22%, Avg. Latency: 27
Max MC id: 4 of 8. Transactions: 100% , Writes: 22%, MC mean Latency: 35
HBM refresh energy (nJ): 4
HBM access energy (nJ): 24,246,023
MemC wire energy 2.5d (nJ): 6,885,643
MemC wire energy 3d (nJ): 1,721,411

---Energy---
Leakage Energy (nJ): 83,671
PU Dyn E (nJ): 6,213,338
Mem Dyn E (nJ): 41,971,044
Route Dyn E (nJ): 6,462,346
Dynamic Energy (nJ): 54,646,729
Ratio of Dyn/Leak: 653
Total Energy (nJ): 54,730,400
Total Energy (nJ) 3D: 53,404,144
Cores Energy (nJ): 6,217,794
Route Energy (nJ): 6,477,015
Route Energy (nJ) 3D: 10,314,992
Mem Energy   (nJ): 42,035,592
Mem Energy   (nJ) 3D: 36,871,360
Avg. Power (mW): 34,187.40
Power Density (mW/mm2): 107.72

---Runtime---
Runtime in K cycles: 1,600.89
Microseconds: 1,600.89
Time per iteration (ms): 1.60

---Throughput---
GOP/s (aka OPS/ns): 327.74
GOP/s per core: 0.32
GFLOP/s: 131.02
GFLOP/s per core: 0.13
Max Peak GFLOP/s: 1,024.00
Avg. BW GB/s: 2,235.82
Max BW GB/s: 4,096.00

---Traffic---
In-Die bisection_bytes BW (GB/s): 512.00
Inter-board traffic (msg/ns): 0.00, per-link: 0.00
Inter-pack traffic (msg/ns): 0.00, per-link: 0.00
Inter-die traffic (msg/ns): 0.00, per-link: 0.00
Ruche traffic (msg/ns): 0.00, per-link: 0.00
All traffic (msg/ns): 2,504.03, per-link: 2.45
Inter-die reduction wrt all: inf
Inter-board reduction wrt inter-die: -nan

---Data Movement---
All traffic (msg): 4,008,688,038
Arith. Intensity FLOP/Loads: 0.47
Arith. Intensity FLOP/Msgs: 0.05
Arith. Intensity OPS/Loads: 1.18
Arith. Intensity OPS/Msgs: 0.13



===Core Utilization Total=== CORE-S:16;; TIME K cy:1,600 ;; Nodes Proc: 418,874 -- Edges Proc: 13,802,848

===PRINTING FRAME STATS

FCollision In Avg:76, SD:31, Max:223, Min:3
FCollision Out Avg:87, SD:41, Max:176, Min:10
FCollision End Avg:23, SD:31, Max:107, Min:0
FTask1 Avg:7, SD:7, Max:36, Min:0
FTask2 Avg:26, SD:18, Max:69, Min:0
FTask3 Avg:31, SD:9, Max:62, Min:14
FCore Active Avg:66, SD:22, Max:100, Min:17
FRouter Active Avg:70, SD:3, Max:79, Min:61
T1 invocations: 177,921
T2 invocations: 248,451
T3 invocations: 6,742,582
T3b invocations: 0
Total3 invocations: 6,742,582
Total4 invocations: 5,674

T3/T2 ratio: 27
T3b/T3 ratio: 0

T1 avg ex cycles: 42
T2 avg ex cycles: 109
T3&b avg ex cycles: 5
T4 avg ex cycles: 290
Avg. hops NOC1: 2
Avg. latency NOC1 (T2): 16,544
Avg. hops NOC2: 17
Avg. latency NOC2 (T3): 4,410

===PRINTING ACUM STATS at pu_cycles: 1,700,964

ACollision In Avg:100, SD:15, Max:160, Min:56
ACollision Out Avg:121, SD:24, Max:232, Min:58
ACollision End Avg:33, SD:15, Max:113, Min:1
ATask1 Avg:3, SD:2, Max:8, Min:0
ATask2 Avg:20, SD:6, Max:34, Min:3
ATask3 Avg:31, SD:5, Max:56, Min:19
ACore Active Avg:54, SD:10, Max:87, Min:25
ARouter Active Avg:68, SD:2, Max:73, Min:64
T1 invocations: 1,499,936
T2 invocations: 2,743,530
T3 invocations: 111,477,450
T3b invocations: 0
Total3 invocations: 111,477,450
Total4 invocations: 28,648

T3/T2 ratio: 41
T3b/T3 ratio: 0

T1 avg ex cycles: 40
T2 avg ex cycles: 125
T3&b avg ex cycles: 5
T4 avg ex cycles: 428
Avg. hops NOC1: 2
Avg. latency NOC1 (T2): 32,996
Avg. hops NOC2: 17
Avg. latency NOC2 (T3): 3,427
Number of K Nodes Processed: 3,385
Number of K Edges Processed: 111,864
Node Re-explore factor: 0.81
Edge Re-explore factor: 0.87
Nodes/cy: 2
Edges/cy: 66
TEPS: 75

---DCache---
DCache Size: 12,256
DRAM words: 133,760
  DHits: 198,140,018
  DMisses: 10,580,048
  DHit Rate (hit/miss): 95%
  DEvictions: 9,767,487
  DEviction Rate (evict/misses): 92%
  MC Transactions: 13,603,395
  MC Writes: 2,966,639
Avg. Transactions: 100% , Writes: 22%, Avg. Latency: 28
Max MC id: 7 of 8. Transactions: 100% , Writes: 22%, MC mean Latency: 37
HBM refresh energy (nJ): 5
HBM access energy (nJ): 25,770,271
MemC wire energy 2.5d (nJ): 7,318,515
MemC wire energy 3d (nJ): 1,829,629

---Energy---
Leakage Energy (nJ): 88,901
PU Dyn E (nJ): 6,624,125
Mem Dyn E (nJ): 44,624,991
Route Dyn E (nJ): 6,886,151
Dynamic Energy (nJ): 58,135,268
Ratio of Dyn/Leak: 654
Total Energy (nJ): 58,224,169
Total Energy (nJ) 3D: 56,824,956
Cores Energy (nJ): 6,628,859
Route Energy (nJ): 6,901,737
Route Energy (nJ) 3D: 10,991,410
Mem Energy   (nJ): 44,693,574
Mem Energy   (nJ) 3D: 39,204,688
Avg. Power (mW): 34,230.10
Power Density (mW/mm2): 107.86

---Runtime---
Runtime in K cycles: 1,700.96
Microseconds: 1,700.96
Time per iteration (ms): 1.70

---Throughput---
GOP/s (aka OPS/ns): 329.59
GOP/s per core: 0.32
GFLOP/s: 131.28
GFLOP/s per core: 0.13
Max Peak GFLOP/s: 1,024.00
Avg. BW GB/s: 2,239.51
Max BW GB/s: 4,096.00

---Traffic---
In-Die bisection_bytes BW (GB/s): 512.00
Inter-board traffic (msg/ns): 0.00, per-link: 0.00
Inter-pack traffic (msg/ns): 0.00, per-link: 0.00
Inter-die traffic (msg/ns): 0.00, per-link: 0.00
Ruche traffic (msg/ns): 0.00, per-link: 0.00
All traffic (msg/ns): 2,510.59, per-link: 2.45
Inter-die reduction wrt all: inf
Inter-board reduction wrt inter-die: -nan

---Data Movement---
All traffic (msg): 4,270,422,895
Arith. Intensity FLOP/Loads: 0.47
Arith. Intensity FLOP/Msgs: 0.05
Arith. Intensity OPS/Loads: 1.18
Arith. Intensity OPS/Msgs: 0.13



===Core Utilization Total=== CORE-S:17;; TIME K cy:1,700 ;; Nodes Proc: 423,719 -- Edges Proc: 14,619,691

===PRINTING FRAME STATS

FCollision In Avg:46, SD:34, Max:183, Min:2
FCollision Out Avg:52, SD:39, Max:139, Min:3
FCollision End Avg:21, SD:31, Max:100, Min:0
FTask1 Avg:9, SD:9, Max:45, Min:0
FTask2 Avg:27, SD:20, Max:77, Min:0
FTask3 Avg:33, SD:11, Max:70, Min:14
FCore Active Avg:70, SD:27, Max:100, Min:18
FRouter Active Avg:72, SD:4, Max:83, Min:61
T1 invocations: 198,041
T2 invocations: 264,847
T3 invocations: 6,476,992
T3b invocations: 0
Total3 invocations: 6,476,992
Total4 invocations: 7,418

T3/T2 ratio: 24
T3b/T3 ratio: 0

T1 avg ex cycles: 45
T2 avg ex cycles: 106
T3&b avg ex cycles: 5
T4 avg ex cycles: 252
Avg. hops NOC1: 2
Avg. latency NOC1 (T2): 12,638
Avg. hops NOC2: 17
Avg. latency NOC2 (T3): 6,105

===PRINTING ACUM STATS at pu_cycles: 1,801,226

ACollision In Avg:97, SD:14, Max:158, Min:53
ACollision Out Avg:117, SD:23, Max:221, Min:56
ACollision End Avg:32, SD:14, Max:107, Min:1
ATask1 Avg:4, SD:2, Max:8, Min:0
ATask2 Avg:20, SD:6, Max:34, Min:3
ATask3 Avg:31, SD:5, Max:56, Min:19
ACore Active Avg:55, SD:10, Max:88, Min:27
ARouter Active Avg:68, SD:2, Max:73, Min:64
T1 invocations: 1,698,592
T2 invocations: 3,008,958
T3 invocations: 117,974,435
T3b invocations: 0
Total3 invocations: 117,974,435
Total4 invocations: 36,078

T3/T2 ratio: 39
T3b/T3 ratio: 0

T1 avg ex cycles: 40
T2 avg ex cycles: 123
T3&b avg ex cycles: 5
T4 avg ex cycles: 392
Avg. hops NOC1: 2
Avg. latency NOC1 (T2): 31,199
Avg. hops NOC2: 17
Avg. latency NOC2 (T3): 3,574
Number of K Nodes Processed: 3,420
Number of K Edges Processed: 118,442
Node Re-explore factor: 0.82
Edge Re-explore factor: 0.92
Nodes/cy: 2
Edges/cy: 66
TEPS: 71

---DCache---
DCache Size: 12,256
DRAM words: 133,760
  DHits: 209,665,513
  DMisses: 11,215,203
  DHit Rate (hit/miss): 95%
  DEvictions: 10,399,524
  DEviction Rate (evict/misses): 93%
  MC Transactions: 14,404,679
  MC Writes: 3,128,578
Avg. Transactions: 100% , Writes: 22%, Avg. Latency: 29
Max MC id: 4 of 8. Transactions: 100% , Writes: 22%, MC mean Latency: 37
HBM refresh energy (nJ): 5
HBM access energy (nJ): 27,288,223
MemC wire energy 2.5d (nJ): 7,749,599
MemC wire energy 3d (nJ): 1,937,400

---Energy---
Leakage Energy (nJ): 94,142
PU Dyn E (nJ): 7,025,758
Mem Dyn E (nJ): 47,249,386
Route Dyn E (nJ): 7,294,808
Dynamic Energy (nJ): 61,569,952
Ratio of Dyn/Leak: 654
Total Energy (nJ): 61,664,094
Total Energy (nJ) 3D: 60,184,269
Cores Energy (nJ): 7,030,771
Route Energy (nJ): 7,311,312
Route Energy (nJ) 3D: 11,643,686
Mem Energy   (nJ): 47,322,012
Mem Energy   (nJ) 3D: 41,509,812
Avg. Power (mW): 34,234.51
Power Density (mW/mm2): 107.87

---Runtime---
Runtime in K cycles: 1,801.23
Microseconds: 1,801.23
Time per iteration (ms): 1.80

---Throughput---
GOP/s (aka OPS/ns): 331.14
GOP/s per core: 0.32
GFLOP/s: 131.23
GFLOP/s per core: 0.13
Max Peak GFLOP/s: 1,024.00
Avg. BW GB/s: 2,238.81
Max BW GB/s: 4,096.00

---Traffic---
In-Die bisection_bytes BW (GB/s): 512.00
Inter-board traffic (msg/ns): 0.00, per-link: 0.00
Inter-pack traffic (msg/ns): 0.00, per-link: 0.00
Inter-die traffic (msg/ns): 0.00, per-link: 0.00
Ruche traffic (msg/ns): 0.00, per-link: 0.00
All traffic (msg/ns): 2,511.47, per-link: 2.45
Inter-die reduction wrt all: inf
Inter-board reduction wrt inter-die: -nan

---Data Movement---
All traffic (msg): 4,523,722,365
Arith. Intensity FLOP/Loads: 0.47
Arith. Intensity FLOP/Msgs: 0.05
Arith. Intensity OPS/Loads: 1.19
Arith. Intensity OPS/Msgs: 0.13



===Core Utilization Total=== CORE-S:18;; TIME K cy:1,800 ;; Nodes Proc: 427,999 -- Edges Proc: 15,520,603

===PRINTING FRAME STATS

FCollision In Avg:34, SD:34, Max:167, Min:2
FCollision Out Avg:37, SD:37, Max:201, Min:0
FCollision End Avg:20, SD:29, Max:199, Min:0
FTask1 Avg:9, SD:9, Max:43, Min:0
FTask2 Avg:26, SD:20, Max:75, Min:0
FTask3 Avg:31, SD:10, Max:67, Min:14
FCore Active Avg:68, SD:27, Max:100, Min:18
FRouter Active Avg:72, SD:5, Max:83, Min:60
T1 invocations: 213,241
T2 invocations: 276,176
T3 invocations: 6,481,544
T3b invocations: 0
Total3 invocations: 6,481,544
Total4 invocations: 9,896

T3/T2 ratio: 23
T3b/T3 ratio: 0

T1 avg ex cycles: 43
T2 avg ex cycles: 95
T3&b avg ex cycles: 5
T4 avg ex cycles: 203
Avg. hops NOC1: 3
Avg. latency NOC1 (T2): 11,078
Avg. hops NOC2: 17
Avg. latency NOC2 (T3): 6,226

===PRINTING ACUM STATS at pu_cycles: 1,901,404

ACollision In Avg:93, SD:14, Max:155, Min:50
ACollision Out Avg:113, SD:23, Max:211, Min:53
ACollision End Avg:31, SD:14, Max:102, Min:1
ATask1 Avg:4, SD:2, Max:7, Min:0
ATask2 Avg:20, SD:5, Max:33, Min:3
ATask3 Avg:31, SD:5, Max:56, Min:20
ACore Active Avg:56, SD:10, Max:89, Min:28
ARouter Active Avg:68, SD:2, Max:73, Min:64
T1 invocations: 1,911,833
T2 invocations: 3,285,134
T3 invocations: 124,455,979
T3b invocations: 0
Total3 invocations: 124,455,979
Total4 invocations: 45,974

T3/T2 ratio: 38
T3b/T3 ratio: 0

T1 avg ex cycles: 41
T2 avg ex cycles: 121
T3&b avg ex cycles: 5
T4 avg ex cycles: 351
Avg. hops NOC1: 2
Avg. latency NOC1 (T2): 29,508
Avg. hops NOC2: 17
Avg. latency NOC2 (T3): 3,712
Number of K Nodes Processed: 3,453
Number of K Edges Processed: 124,856
Node Re-explore factor: 0.82
Edge Re-explore factor: 0.97
Nodes/cy: 2
Edges/cy: 66
TEPS: 67

---DCache---
DCache Size: 12,256
DRAM words: 133,760
  DHits: 221,235,331
  DMisses: 11,851,089
  DHit Rate (hit/miss): 95%
  DEvictions: 11,032,498
  DEviction Rate (evict/misses): 93%
  MC Transactions: 15,204,480
  MC Writes: 3,288,743
Avg. Transactions: 100% , Writes: 22%, Avg. Latency: 30
Max MC id: 4 of 8. Transactions: 100% , Writes: 22%, MC mean Latency: 38
HBM refresh energy (nJ): 5
HBM access energy (nJ): 28,803,366
MemC wire energy 2.5d (nJ): 8,179,885
MemC wire energy 3d (nJ): 2,044,971

---Energy---
Leakage Energy (nJ): 99,378
PU Dyn E (nJ): 7,425,798
Mem Dyn E (nJ): 49,866,176
Route Dyn E (nJ): 7,691,567
Dynamic Energy (nJ): 64,983,543
Ratio of Dyn/Leak: 654
Total Energy (nJ): 65,082,921
Total Energy (nJ) 3D: 63,516,015
Cores Energy (nJ): 7,431,090
Route Energy (nJ): 7,708,989
Route Energy (nJ) 3D: 12,276,998
Mem Energy   (nJ): 49,942,841
Mem Energy   (nJ) 3D: 43,807,927
Avg. Power (mW): 34,228.88
Power Density (mW/mm2): 107.85

---Runtime---
Runtime in K cycles: 1,901.40
Microseconds: 1,901.40
Time per iteration (ms): 1.90

---Throughput---
GOP/s (aka OPS/ns): 332.74
GOP/s per core: 0.32
GFLOP/s: 131.10
GFLOP/s per core: 0.13
Max Peak GFLOP/s: 1,024.00
Avg. BW GB/s: 2,237.42
Max BW GB/s: 4,096.00

---Traffic---
In-Die bisection_bytes BW (GB/s): 512.00
Inter-board traffic (msg/ns): 0.00, per-link: 0.00
Inter-pack traffic (msg/ns): 0.00, per-link: 0.00
Inter-die traffic (msg/ns): 0.00, per-link: 0.00
Ruche traffic (msg/ns): 0.00, per-link: 0.00
All traffic (msg/ns): 2,509.08, per-link: 2.45
Inter-die reduction wrt all: inf
Inter-board reduction wrt inter-die: -nan

---Data Movement---
All traffic (msg): 4,770,771,214
Arith. Intensity FLOP/Loads: 0.47
Arith. Intensity FLOP/Msgs: 0.05
Arith. Intensity OPS/Loads: 1.19
Arith. Intensity OPS/Msgs: 0.13



===Core Utilization Total=== CORE-S:19;; TIME K cy:1,900 ;; Nodes Proc: 432,260 -- Edges Proc: 16,254,222

===PRINTING FRAME STATS

FCollision In Avg:33, SD:35, Max:185, Min:1
FCollision Out Avg:36, SD:38, Max:199, Min:0
FCollision End Avg:18, SD:29, Max:198, Min:0
FTask1 Avg:8, SD:9, Max:50, Min:0
FTask2 Avg:22, SD:21, Max:80, Min:0
FTask3 Avg:27, SD:10, Max:63, Min:11
FCore Active Avg:59, SD:28, Max:100, Min:15
FRouter Active Avg:70, SD:6, Max:85, Min:52
T1 invocations: 216,158
T2 invocations: 275,262
T3 invocations: 6,233,517
T3b invocations: 0
Total3 invocations: 6,233,517
Total4 invocations: 12,484

T3/T2 ratio: 23
T3b/T3 ratio: 0

T1 avg ex cycles: 38
T2 avg ex cycles: 82
T3&b avg ex cycles: 5
T4 avg ex cycles: 164
Avg. hops NOC1: 3
Avg. latency NOC1 (T2): 9,777
Avg. hops NOC2: 17
Avg. latency NOC2 (T3): 5,193

===PRINTING ACUM STATS at pu_cycles: 2,001,018

ACollision In Avg:90, SD:15, Max:151, Min:48
ACollision Out Avg:109, SD:23, Max:205, Min:50
ACollision End Avg:31, SD:13, Max:100, Min:1
ATask1 Avg:4, SD:1, Max:7, Min:1
ATask2 Avg:20, SD:5, Max:32, Min:4
ATask3 Avg:31, SD:5, Max:56, Min:19
ACore Active Avg:56, SD:9, Max:88, Min:30
ARouter Active Avg:68, SD:2, Max:73, Min:64
T1 invocations: 2,127,283
T2 invocations: 3,559,623
T3 invocations: 130,664,430
T3b invocations: 0
Total3 invocations: 130,664,430
Total4 invocations: 58,448

T3/T2 ratio: 37
T3b/T3 ratio: 0

T1 avg ex cycles: 40
T2 avg ex cycles: 118
T3&b avg ex cycles: 5
T4 avg ex cycles: 311
Avg. hops NOC1: 2
Avg. latency NOC1 (T2): 27,988
Avg. hops NOC2: 17
Avg. latency NOC2 (T3): 3,783
Number of K Nodes Processed: 3,484
Number of K Edges Processed: 131,000
Node Re-explore factor: 0.83
Edge Re-explore factor: 1.02
Nodes/cy: 2
Edges/cy: 65
TEPS: 64

---DCache---
DCache Size: 12,256
DRAM words: 133,760
  DHits: 232,670,372
  DMisses: 12,471,150
  DHit Rate (hit/miss): 95%
  DEvictions: 11,650,121
  DEviction Rate (evict/misses): 93%
  MC Transactions: 15,985,452
  MC Writes: 3,446,752
Avg. Transactions: 100% , Writes: 22%, Avg. Latency: 30
Max MC id: 7 of 8. Transactions: 100% , Writes: 22%, MC mean Latency: 39
HBM refresh energy (nJ): 5
HBM access energy (nJ): 30,282,840
MemC wire energy 2.5d (nJ): 8,600,042
MemC wire energy 3d (nJ): 2,150,010

---Energy---
Leakage Energy (nJ): 104,584
PU Dyn E (nJ): 7,810,732
Mem Dyn E (nJ): 52,412,963
Route Dyn E (nJ): 8,069,726
Dynamic Energy (nJ): 68,293,422
Ratio of Dyn/Leak: 653
Total Energy (nJ): 68,398,006
Total Energy (nJ) 3D: 66,740,571
Cores Energy (nJ): 7,816,302
Route Energy (nJ): 8,088,060
Route Energy (nJ) 3D: 12,880,657
Mem Energy   (nJ): 52,493,644
Mem Energy   (nJ) 3D: 46,043,613
Avg. Power (mW): 34,181.60
Power Density (mW/mm2): 107.70

---Runtime---
Runtime in K cycles: 2,001.02
Microseconds: 2,001.02
Time per iteration (ms): 2.00

---Throughput---
GOP/s (aka OPS/ns): 333.75
GOP/s per core: 0.33
GFLOP/s: 130.74
GFLOP/s per core: 0.13
Max Peak GFLOP/s: 1,024.00
Avg. BW GB/s: 2,232.31
Max BW GB/s: 4,096.00

---Traffic---
In-Die bisection_bytes BW (GB/s): 512.00
Inter-board traffic (msg/ns): 0.00, per-link: 0.00
Inter-pack traffic (msg/ns): 0.00, per-link: 0.00
Inter-die traffic (msg/ns): 0.00, per-link: 0.00
Ruche traffic (msg/ns): 0.00, per-link: 0.00
All traffic (msg/ns): 2,502.20, per-link: 2.44
Inter-die reduction wrt all: inf
Inter-board reduction wrt inter-die: -nan

---Data Movement---
All traffic (msg): 5,006,949,167
Arith. Intensity FLOP/Loads: 0.47
Arith. Intensity FLOP/Msgs: 0.05
Arith. Intensity OPS/Loads: 1.20
Arith. Intensity OPS/Msgs: 0.13



===Core Utilization Total=== CORE-S:20;; TIME K cy:2,000 ;; Nodes Proc: 436,082 -- Edges Proc: 16,869,481

===PRINTING FRAME STATS

FCollision In Avg:28, SD:33, Max:200, Min:1
FCollision Out Avg:30, SD:36, Max:197, Min:0
FCollision End Avg:15, SD:27, Max:196, Min:0
FTask1 Avg:8, SD:10, Max:51, Min:0
FTask2 Avg:19, SD:22, Max:85, Min:0
FTask3 Avg:24, SD:8, Max:56, Min:12
FCore Active Avg:53, SD:29, Max:100, Min:14
FRouter Active Avg:69, SD:7, Max:87, Min:47
T1 invocations: 220,017
T2 invocations: 280,594
T3 invocations: 6,053,940
T3b invocations: 0
Total3 invocations: 6,053,940
Total4 invocations: 15,323

T3/T2 ratio: 22
T3b/T3 ratio: 0

T1 avg ex cycles: 35
T2 avg ex cycles: 71
T3&b avg ex cycles: 4
T4 avg ex cycles: 137
Avg. hops NOC1: 3
Avg. latency NOC1 (T2): 8,158
Avg. hops NOC2: 17
Avg. latency NOC2 (T3): 4,317

===PRINTING ACUM STATS at pu_cycles: 2,101,184

ACollision In Avg:87, SD:15, Max:149, Min:45
ACollision Out Avg:105, SD:23, Max:198, Min:48
ACollision End Avg:30, SD:13, Max:98, Min:3
ATask1 Avg:4, SD:1, Max:7, Min:1
ATask2 Avg:20, SD:4, Max:31, Min:5
ATask3 Avg:30, SD:5, Max:56, Min:19
ACore Active Avg:56, SD:8, Max:85, Min:33
ARouter Active Avg:69, SD:2, Max:73, Min:64
T1 invocations: 2,348,317
T2 invocations: 3,841,379
T3 invocations: 136,746,675
T3b invocations: 0
Total3 invocations: 136,746,675
Total4 invocations: 73,789

T3/T2 ratio: 36
T3b/T3 ratio: 0

T1 avg ex cycles: 40
T2 avg ex cycles: 114
T3&b avg ex cycles: 5
T4 avg ex cycles: 275
Avg. hops NOC1: 2
Avg. latency NOC1 (T2): 26,534
Avg. hops NOC2: 17
Avg. latency NOC2 (T3): 3,807
Number of K Nodes Processed: 3,513
Number of K Edges Processed: 136,997
Node Re-explore factor: 0.84
Edge Re-explore factor: 1.07
Nodes/cy: 2
Edges/cy: 65
TEPS: 61

---DCache---
DCache Size: 12,256
DRAM words: 133,760
  DHits: 243,999,833
  DMisses: 13,080,786
  DHit Rate (hit/miss): 95%
  DEvictions: 12,258,009
  DEviction Rate (evict/misses): 94%
  MC Transactions: 16,745,814
  MC Writes: 3,595,133
Avg. Transactions: 100% , Writes: 21%, Avg. Latency: 30
Max MC id: 7 of 8. Transactions: 100% , Writes: 22%, MC mean Latency: 39
HBM refresh energy (nJ): 6
HBM access energy (nJ): 31,723,270
MemC wire energy 2.5d (nJ): 9,009,110
MemC wire energy 3d (nJ): 2,252,278

---Energy---
Leakage Energy (nJ): 109,819
PU Dyn E (nJ): 8,190,665
Mem Dyn E (nJ): 54,900,157
Route Dyn E (nJ): 8,441,775
Dynamic Energy (nJ): 71,532,597
Ratio of Dyn/Leak: 651
Total Energy (nJ): 71,642,416
Total Energy (nJ) 3D: 69,899,139
Cores Energy (nJ): 8,196,513
Route Energy (nJ): 8,461,027
Route Energy (nJ) 3D: 13,474,583
Mem Energy   (nJ): 54,984,876
Mem Energy   (nJ) 3D: 48,228,044
Avg. Power (mW): 34,096.21
Power Density (mW/mm2): 107.43

---Runtime---
Runtime in K cycles: 2,101.18
Microseconds: 2,101.18
Time per iteration (ms): 2.10

---Throughput---
GOP/s (aka OPS/ns): 334.48
GOP/s per core: 0.33
GFLOP/s: 130.26
GFLOP/s per core: 0.13
Max Peak GFLOP/s: 1,024.00
Avg. BW GB/s: 2,225.52
Max BW GB/s: 4,096.00

---Traffic---
In-Die bisection_bytes BW (GB/s): 512.00
Inter-board traffic (msg/ns): 0.00, per-link: 0.00
Inter-pack traffic (msg/ns): 0.00, per-link: 0.00
Inter-die traffic (msg/ns): 0.00, per-link: 0.00
Ruche traffic (msg/ns): 0.00, per-link: 0.00
All traffic (msg/ns): 2,493.37, per-link: 2.43
Inter-die reduction wrt all: inf
Inter-board reduction wrt inter-die: -nan

---Data Movement---
All traffic (msg): 5,239,031,118
Arith. Intensity FLOP/Loads: 0.47
Arith. Intensity FLOP/Msgs: 0.05
Arith. Intensity OPS/Loads: 1.21
Arith. Intensity OPS/Msgs: 0.13



===Core Utilization Total=== CORE-S:21;; TIME K cy:2,100 ;; Nodes Proc: 439,605 -- Edges Proc: 17,470,747

===PRINTING FRAME STATS

FCollision In Avg:19, SD:25, Max:117, Min:1
FCollision Out Avg:21, SD:29, Max:132, Min:0
FCollision End Avg:10, SD:20, Max:128, Min:0
FTask1 Avg:7, SD:9, Max:44, Min:0
FTask2 Avg:16, SD:21, Max:87, Min:0
FTask3 Avg:20, SD:6, Max:48, Min:11
FCore Active Avg:45, SD:27, Max:100, Min:15
FRouter Active Avg:66, SD:7, Max:86, Min:45
T1 invocations: 218,360
T2 invocations: 280,498
T3 invocations: 5,653,323
T3b invocations: 0
Total3 invocations: 5,653,323
Total4 invocations: 17,759

T3/T2 ratio: 20
T3b/T3 ratio: 0

T1 avg ex cycles: 32
T2 avg ex cycles: 57
T3&b avg ex cycles: 4
T4 avg ex cycles: 120
Avg. hops NOC1: 3
Avg. latency NOC1 (T2): 5,380
Avg. hops NOC2: 17
Avg. latency NOC2 (T3): 2,962

===PRINTING ACUM STATS at pu_cycles: 2,200,941

ACollision In Avg:84, SD:14, Max:145, Min:44
ACollision Out Avg:101, SD:22, Max:189, Min:46
ACollision End Avg:29, SD:13, Max:94, Min:3
ATask1 Avg:4, SD:1, Max:7, Min:1
ATask2 Avg:20, SD:4, Max:32, Min:5
ATask3 Avg:30, SD:5, Max:55, Min:19
ACore Active Avg:56, SD:8, Max:86, Min:35
ARouter Active Avg:68, SD:2, Max:74, Min:63
T1 invocations: 2,565,069
T2 invocations: 4,117,950
T3 invocations: 142,346,484
T3b invocations: 0
Total3 invocations: 142,346,484
Total4 invocations: 91,526

T3/T2 ratio: 35
T3b/T3 ratio: 0

T1 avg ex cycles: 39
T2 avg ex cycles: 110
T3&b avg ex cycles: 5
T4 avg ex cycles: 245
Avg. hops NOC1: 2
Avg. latency NOC1 (T2): 25,105
Avg. hops NOC2: 17
Avg. latency NOC2 (T3): 3,771
Number of K Nodes Processed: 3,538
Number of K Edges Processed: 142,523
Node Re-explore factor: 0.84
Edge Re-explore factor: 1.11
Nodes/cy: 2
Edges/cy: 65
TEPS: 58

---DCache---
DCache Size: 12,256
DRAM words: 133,760
  DHits: 254,673,514
  DMisses: 13,651,666
  DHit Rate (hit/miss): 95%
  DEvictions: 12,827,405
  DEviction Rate (evict/misses): 94%
  MC Transactions: 17,454,508
  MC Writes: 3,730,981
Avg. Transactions: 99% , Writes: 21%, Avg. Latency: 29
Max MC id: 5 of 8. Transactions: 100% , Writes: 22%, MC mean Latency: 30
HBM refresh energy (nJ): 6
HBM access energy (nJ): 33,065,819
MemC wire energy 2.5d (nJ): 9,390,382
MemC wire energy 3d (nJ): 2,347,595

---Energy---
Leakage Energy (nJ): 115,033
PU Dyn E (nJ): 8,541,877
Mem Dyn E (nJ): 57,213,323
Route Dyn E (nJ): 8,781,683
Dynamic Energy (nJ): 74,536,883
Ratio of Dyn/Leak: 648
Total Energy (nJ): 74,651,916
Total Energy (nJ) 3D: 72,824,557
Cores Energy (nJ): 8,548,003
Route Energy (nJ): 8,801,849
Route Energy (nJ) 3D: 14,017,276
Mem Energy   (nJ): 57,302,065
Mem Energy   (nJ) 3D: 50,259,278
Avg. Power (mW): 33,918.18
Power Density (mW/mm2): 106.87

---Runtime---
Runtime in K cycles: 2,200.94
Microseconds: 2,200.94
Time per iteration (ms): 2.20

---Throughput---
GOP/s (aka OPS/ns): 334.20
GOP/s per core: 0.33
GFLOP/s: 129.40
GFLOP/s per core: 0.13
Max Peak GFLOP/s: 1,024.00
Avg. BW GB/s: 2,212.24
Max BW GB/s: 4,096.00

---Traffic---
In-Die bisection_bytes BW (GB/s): 512.00
Inter-board traffic (msg/ns): 0.00, per-link: 0.00
Inter-pack traffic (msg/ns): 0.00, per-link: 0.00
Inter-die traffic (msg/ns): 0.00, per-link: 0.00
Ruche traffic (msg/ns): 0.00, per-link: 0.00
All traffic (msg/ns): 2,476.97, per-link: 2.42
Inter-die reduction wrt all: inf
Inter-board reduction wrt inter-die: -nan

---Data Movement---
All traffic (msg): 5,451,669,841
Arith. Intensity FLOP/Loads: 0.47
Arith. Intensity FLOP/Msgs: 0.05
Arith. Intensity OPS/Loads: 1.21
Arith. Intensity OPS/Msgs: 0.13



===Core Utilization Total=== CORE-S:22;; TIME K cy:2,200 ;; Nodes Proc: 442,782 -- Edges Proc: 17,990,103
======== IT IS COLD ======= Only 60 Tiles active

===PRINTING FRAME STATS

FCollision In Avg:7, SD:15, Max:95, Min:0
FCollision Out Avg:9, SD:19, Max:96, Min:0
FCollision End Avg:4, SD:11, Max:90, Min:0
FTask1 Avg:4, SD:8, Max:43, Min:0
FTask2 Avg:9, SD:17, Max:92, Min:0
FTask3 Avg:11, SD:3, Max:36, Min:7
FCore Active Avg:25, SD:23, Max:100, Min:8
FRouter Active Avg:43, SD:9, Max:83, Min:24
T1 invocations: 144,542
T2 invocations: 182,776
T3 invocations: 3,289,050
T3b invocations: 0
Total3 invocations: 3,289,050
Total4 invocations: 12,479

T3/T2 ratio: 18
T3b/T3 ratio: 0

T1 avg ex cycles: 30
T2 avg ex cycles: 48
T3&b avg ex cycles: 4
T4 avg ex cycles: 113
Avg. hops NOC1: 4
Avg. latency NOC1 (T2): 3,536
Avg. hops NOC2: 17
Avg. latency NOC2 (T3): 2,082

===PRINTING ACUM STATS at pu_cycles: 2,300,596

ACollision In Avg:81, SD:14, Max:139, Min:42
ACollision Out Avg:97, SD:22, Max:181, Min:44
ACollision End Avg:28, SD:12, Max:90, Min:4
ATask1 Avg:4, SD:1, Max:6, Min:2
ATask2 Avg:20, SD:3, Max:32, Min:8
ATask3 Avg:29, SD:5, Max:54, Min:19
ACore Active Avg:54, SD:7, Max:83, Min:36
ARouter Active Avg:67, SD:2, Max:73, Min:63
T1 invocations: 2,714,562
T2 invocations: 4,298,795
T3 invocations: 145,656,307
T3b invocations: 0
Total3 invocations: 145,656,307
Total4 invocations: 104,064

T3/T2 ratio: 34
T3b/T3 ratio: 0

T1 avg ex cycles: 39
T2 avg ex cycles: 108
T3&b avg ex cycles: 5
T4 avg ex cycles: 229
Avg. hops NOC1: 3
Avg. latency NOC1 (T2): 24,194
Avg. hops NOC2: 17
Avg. latency NOC2 (T3): 3,732
Number of K Nodes Processed: 3,552
Number of K Edges Processed: 145,692
Node Re-explore factor: 0.85
Edge Re-explore factor: 1.14
Nodes/cy: 2
Edges/cy: 63
TEPS: 56

---DCache---
DCache Size: 12,256
DRAM words: 133,760
  DHits: 261,060,289
  DMisses: 13,989,256
  DHit Rate (hit/miss): 95%
  DEvictions: 13,164,473
  DEviction Rate (evict/misses): 94%
  MC Transactions: 17,864,099
  MC Writes: 3,802,329
Avg. Transactions: 97% , Writes: 21%, Avg. Latency: 29
Max MC id: 5 of 8. Transactions: 98% , Writes: 21%, MC mean Latency: 30
HBM refresh energy (nJ): 6
HBM access energy (nJ): 33,841,749
MemC wire energy 2.5d (nJ): 9,610,738
MemC wire energy 3d (nJ): 2,402,685

---Energy---
Leakage Energy (nJ): 120,241
PU Dyn E (nJ): 8,751,774
Mem Dyn E (nJ): 58,558,868
Route Dyn E (nJ): 8,980,737
Dynamic Energy (nJ): 76,291,380
Ratio of Dyn/Leak: 634
Total Energy (nJ): 76,411,621
Total Energy (nJ) 3D: 74,537,212
Cores Energy (nJ): 8,758,177
Route Energy (nJ): 9,001,817
Route Energy (nJ) 3D: 14,335,461
Mem Energy   (nJ): 58,651,628
Mem Energy   (nJ) 3D: 51,443,574
Avg. Power (mW): 33,213.84
Power Density (mW/mm2): 104.65

---Runtime---
Runtime in K cycles: 2,300.60
Microseconds: 2,300.60
Time per iteration (ms): 2.30

---Throughput---
GOP/s (aka OPS/ns): 328.49
GOP/s per core: 0.32
GFLOP/s: 126.61
GFLOP/s per core: 0.12
Max Peak GFLOP/s: 1,024.00
Avg. BW GB/s: 2,166.01
Max BW GB/s: 4,096.00

---Traffic---
In-Die bisection_bytes BW (GB/s): 512.00
Inter-board traffic (msg/ns): 0.00, per-link: 0.00
Inter-pack traffic (msg/ns): 0.00, per-link: 0.00
Inter-die traffic (msg/ns): 0.00, per-link: 0.00
Ruche traffic (msg/ns): 0.00, per-link: 0.00
All traffic (msg/ns): 2,423.78, per-link: 2.37
Inter-die reduction wrt all: inf
Inter-board reduction wrt inter-die: -nan

---Data Movement---
All traffic (msg): 5,576,131,996
Arith. Intensity FLOP/Loads: 0.47
Arith. Intensity FLOP/Msgs: 0.05
Arith. Intensity OPS/Loads: 1.22
Arith. Intensity OPS/Msgs: 0.14



===Core Utilization Total=== CORE-S:23;; TIME K cy:2,300 ;; Nodes Proc: 444,434 -- Edges Proc: 18,264,922
======== IT IS COLD ======= Only 19 Tiles active

===PRINTING FRAME STATS

FCollision In Avg:2, SD:12, Max:99, Min:0
FCollision Out Avg:3, SD:13, Max:99, Min:0
FCollision End Avg:1, SD:6, Max:81, Min:0
FTask1 Avg:1, SD:4, Max:39, Min:0
FTask2 Avg:2, SD:9, Max:94, Min:0
FTask3 Avg:3, SD:1, Max:15, Min:0
FCore Active Avg:5, SD:11, Max:98, Min:2
FRouter Active Avg:12, SD:8, Max:61, Min:4
T1 invocations: 27,145
T2 invocations: 33,715
T3 invocations: 734,491
T3b invocations: 0
Total3 invocations: 734,491
Total4 invocations: 3,003

T3/T2 ratio: 22
T3b/T3 ratio: 0

T1 avg ex cycles: 31
T2 avg ex cycles: 54
T3&b avg ex cycles: 4
T4 avg ex cycles: 87
Avg. hops NOC1: 4
Avg. latency NOC1 (T2): 4,760
Avg. hops NOC2: 17
Avg. latency NOC2 (T3): 1,039

===PRINTING ACUM STATS at pu_cycles: 2,400,170

ACollision In Avg:78, SD:14, Max:137, Min:40
ACollision Out Avg:93, SD:21, Max:173, Min:42
ACollision End Avg:27, SD:11, Max:86, Min:4
ATask1 Avg:4, SD:1, Max:6, Min:2
ATask2 Avg:19, SD:3, Max:30, Min:8
ATask3 Avg:28, SD:5, Max:52, Min:18
ACore Active Avg:52, SD:7, Max:81, Min:36
ARouter Active Avg:65, SD:2, Max:71, Min:60
T1 invocations: 2,745,749
T2 invocations: 4,333,033
T3 invocations: 146,391,673
T3b invocations: 0
Total3 invocations: 146,391,673
Total4 invocations: 107,079

T3/T2 ratio: 34
T3b/T3 ratio: 0

T1 avg ex cycles: 39
T2 avg ex cycles: 107
T3&b avg ex cycles: 5
T4 avg ex cycles: 226
Avg. hops NOC1: 3
Avg. latency NOC1 (T2): 24,038
Avg. hops NOC2: 17
Avg. latency NOC2 (T3): 3,718
Number of K Nodes Processed: 3,555
Number of K Edges Processed: 146,399
Node Re-explore factor: 0.85
Edge Re-explore factor: 1.14
Nodes/cy: 1
Edges/cy: 61
TEPS: 53

---DCache---
DCache Size: 12,256
DRAM words: 133,760
  DHits: 262,501,516
  DMisses: 14,058,588
  DHit Rate (hit/miss): 95%
  DEvictions: 13,233,789
  DEviction Rate (evict/misses): 94%
  MC Transactions: 17,944,102
  MC Writes: 3,812,977
Avg. Transactions: 93% , Writes: 20%, Avg. Latency: 29
Max MC id: 5 of 8. Transactions: 95% , Writes: 20%, MC mean Latency: 30
HBM refresh energy (nJ): 7
HBM access energy (nJ): 33,993,306
MemC wire energy 2.5d (nJ): 9,653,779
MemC wire energy 3d (nJ): 2,413,445

---Energy---
Leakage Energy (nJ): 125,446
PU Dyn E (nJ): 8,796,647
Mem Dyn E (nJ): 58,829,019
Route Dyn E (nJ): 9,026,081
Dynamic Energy (nJ): 76,651,747
Ratio of Dyn/Leak: 611
Total Energy (nJ): 76,777,193
Total Energy (nJ) 3D: 74,897,433
Cores Energy (nJ): 8,803,327
Route Energy (nJ): 9,048,073
Route Energy (nJ) 3D: 14,408,647
Mem Energy   (nJ): 58,925,794
Mem Energy   (nJ) 3D: 51,685,459
Avg. Power (mW): 31,988.23
Power Density (mW/mm2): 100.79

---Runtime---
Runtime in K cycles: 2,400.17
Microseconds: 2,400.17
Time per iteration (ms): 2.40

---Throughput---
GOP/s (aka OPS/ns): 316.66
GOP/s per core: 0.31
GFLOP/s: 121.93
GFLOP/s per core: 0.12
Max Peak GFLOP/s: 1,024.00
Avg. BW GB/s: 2,086.36
Max BW GB/s: 4,096.00

---Traffic---
In-Die bisection_bytes BW (GB/s): 512.00
Inter-board traffic (msg/ns): 0.00, per-link: 0.00
Inter-pack traffic (msg/ns): 0.00, per-link: 0.00
Inter-die traffic (msg/ns): 0.00, per-link: 0.00
Ruche traffic (msg/ns): 0.00, per-link: 0.00
All traffic (msg/ns): 2,334.83, per-link: 2.28
Inter-die reduction wrt all: inf
Inter-board reduction wrt inter-die: -nan

---Data Movement---
All traffic (msg): 5,603,987,004
Arith. Intensity FLOP/Loads: 0.47
Arith. Intensity FLOP/Msgs: 0.05
Arith. Intensity OPS/Loads: 1.22
Arith. Intensity OPS/Msgs: 0.14



===Core Utilization Total=== CORE-S:24;; TIME K cy:2,400 ;; Nodes Proc: 444,804 -- Edges Proc: 18,354,193
======== IT IS COLD ======= Only 10 Tiles active

===PRINTING FRAME STATS

FCollision In Avg:1, SD:7, Max:89, Min:0
FCollision Out Avg:1, SD:8, Max:89, Min:0
FCollision End Avg:0, SD:4, Max:86, Min:0
FTask1 Avg:0, SD:3, Max:40, Min:0
FTask2 Avg:1, SD:5, Max:97, Min:0
FTask3 Avg:1, SD:1, Max:8, Min:0
FCore Active Avg:3, SD:7, Max:100, Min:0
FRouter Active Avg:5, SD:5, Max:45, Min:1
T1 invocations: 14,657
T2 invocations: 13,164
T3 invocations: 356,540
T3b invocations: 0
Total3 invocations: 356,540
Total4 invocations: 1,426

T3/T2 ratio: 27
T3b/T3 ratio: 0

T1 avg ex cycles: 30
T2 avg ex cycles: 54
T3&b avg ex cycles: 4
T4 avg ex cycles: 96
Avg. hops NOC1: 5
Avg. latency NOC1 (T2): 4,260
Avg. hops NOC2: 14
Avg. latency NOC2 (T3): 1,249

===PRINTING ACUM STATS at pu_cycles: 2,500,122

ACollision In Avg:75, SD:13, Max:133, Min:38
ACollision Out Avg:90, SD:20, Max:166, Min:40
ACollision End Avg:26, SD:11, Max:83, Min:4
ATask1 Avg:4, SD:1, Max:6, Min:2
ATask2 Avg:18, SD:3, Max:29, Min:11
ATask3 Avg:27, SD:5, Max:50, Min:17
ACore Active Avg:50, SD:7, Max:79, Min:35
ARouter Active Avg:63, SD:2, Max:68, Min:58
T1 invocations: 2,754,281
T2 invocations: 4,345,503
T3 invocations: 146,626,197
T3b invocations: 0
Total3 invocations: 146,626,197
Total4 invocations: 107,955

T3/T2 ratio: 34
T3b/T3 ratio: 0

T1 avg ex cycles: 39
T2 avg ex cycles: 107
T3&b avg ex cycles: 5
T4 avg ex cycles: 225
Avg. hops NOC1: 3
Avg. latency NOC1 (T2): 23,985
Avg. hops NOC2: 17
Avg. latency NOC2 (T3): 3,715
Number of K Nodes Processed: 3,556
Number of K Edges Processed: 146,631
Node Re-explore factor: 0.85
Edge Re-explore factor: 1.14
Nodes/cy: 1
Edges/cy: 59
TEPS: 51

---DCache---
DCache Size: 12,256
DRAM words: 133,760
  DHits: 262,973,025
  DMisses: 14,080,166
  DHit Rate (hit/miss): 95%
  DEvictions: 13,255,366
  DEviction Rate (evict/misses): 94%
  MC Transactions: 17,968,563
  MC Writes: 3,815,854
Avg. Transactions: 90% , Writes: 19%, Avg. Latency: 29
Max MC id: 5 of 8. Transactions: 91% , Writes: 19%, MC mean Latency: 30
HBM refresh energy (nJ): 7
HBM access energy (nJ): 34,039,645
MemC wire energy 2.5d (nJ): 9,666,939
MemC wire energy 3d (nJ): 2,416,735

---Energy---
Leakage Energy (nJ): 130,670
PU Dyn E (nJ): 8,812,659
Mem Dyn E (nJ): 58,915,332
Route Dyn E (nJ): 9,040,190
Dynamic Energy (nJ): 76,768,182
Ratio of Dyn/Leak: 587
Total Energy (nJ): 76,898,852
Total Energy (nJ) 3D: 75,017,601
Cores Energy (nJ): 8,819,618
Route Energy (nJ): 9,063,097
Route Energy (nJ) 3D: 14,432,051
Mem Energy   (nJ): 59,016,137
Mem Energy   (nJ) 3D: 51,765,933
Avg. Power (mW): 30,758.04
Power Density (mW/mm2): 96.92

---Runtime---
Runtime in K cycles: 2,500.12
Microseconds: 2,500.12
Time per iteration (ms): 2.50

---Throughput---
GOP/s (aka OPS/ns): 304.57
GOP/s per core: 0.30
GFLOP/s: 117.26
GFLOP/s per core: 0.11
Max Peak GFLOP/s: 1,024.00
Avg. BW GB/s: 2,006.47
Max BW GB/s: 4,096.00

---Traffic---
In-Die bisection_bytes BW (GB/s): 512.00
Inter-board traffic (msg/ns): 0.00, per-link: 0.00
Inter-pack traffic (msg/ns): 0.00, per-link: 0.00
Inter-die traffic (msg/ns): 0.00, per-link: 0.00
Ruche traffic (msg/ns): 0.00, per-link: 0.00
All traffic (msg/ns): 2,244.95, per-link: 2.19
Inter-die reduction wrt all: inf
Inter-board reduction wrt inter-die: -nan

---Data Movement---
All traffic (msg): 5,612,656,812
Arith. Intensity FLOP/Loads: 0.47
Arith. Intensity FLOP/Msgs: 0.05
Arith. Intensity OPS/Loads: 1.22
Arith. Intensity OPS/Msgs: 0.14



===Core Utilization Total=== CORE-S:25;; TIME K cy:2,500 ;; Nodes Proc: 444,934 -- Edges Proc: 18,354,438
======== IT IS COLD ======= Only 0 Tiles active
Epoch Done Router: 2
Epoch Done Router: 4
Epoch Done Router: 1
Epoch Done Router: 3
Epoch Done Router: 5
Epoch Done Router: 7
Epoch Done Router: 6
Epoch Done Router: 0
##EPOCH## 1 COMPLETED at Time (K cy): 2,568
Nodes processed until now: 3,556,483
Edges processed until now: 146,687,333
Program Done Worker Thread: 0
Program Done Router Thread: 1
Program Done Worker Thread: 6
Program Done Router Thread: 0
Program Done Worker Thread: 4
Program Done Router Thread: 5
Program Done Router Thread: 6
Program Done Worker Thread: 7
Program Done Router Thread: 7
Program Done Worker Thread: 3
Program Done Worker Thread: 5
Program Done Router Thread: 2
Program Done Worker Thread: 2
Program Done Router Thread: 3
Program Done Router Thread: 4
Program Done Worker Thread: 1

===PRINTING ACUM STATS at pu_cycles: 2,568,801

ACollision In Avg:72, SD:13, Max:129, Min:37
ACollision Out Avg:87, SD:20, Max:162, Min:39
ACollision End Avg:25, SD:11, Max:80, Min:4
ATask1 Avg:4, SD:0, Max:6, Min:3
ATask2 Avg:18, SD:3, Max:28, Min:12
ATask3 Avg:26, SD:4, Max:48, Min:16
ACore Active Avg:49, SD:7, Max:77, Min:35
ARouter Active Avg:61, SD:2, Max:66, Min:56
T1 invocations: 2,756,664
T2 invocations: 4,350,600
T3 invocations: 146,687,333
T3b invocations: 0
Total3 invocations: 146,687,333
Total4 invocations: 108,184

T3/T2 ratio: 34
T3b/T3 ratio: 0

T1 avg ex cycles: 39
T2 avg ex cycles: 107
T3&b avg ex cycles: 5
T4 avg ex cycles: 224
Avg. hops NOC1: 3
Avg. latency NOC1 (T2): 23,965
Avg. hops NOC2: 17
Avg. latency NOC2 (T3): 3,715

Runtime at program end in K cycles: 2,568
Runtime before cooldown in K cycles: 2,101


Number of K Nodes Processed: 3,556
Number of K Edges Processed: 146,687
Node Re-explore factor: 0.85
Edge Re-explore factor: 1.14
Nodes/cy: 1
Edges/cy: 57
TEPS: 50

---DCache---
DCache Size: 12,256
DRAM words: 133,760
  DHits: 263,089,468
  DMisses: 14,085,337
  DHit Rate (hit/miss): 95%
  DEvictions: 13,260,537
  DEviction Rate (evict/misses): 94%
  MC Transactions: 17,974,212
  MC Writes: 3,816,332
Avg. Transactions: 87% , Writes: 19%, Avg. Latency: 29
Max MC id: 5 of 8. Transactions: 89% , Writes: 19%, MC mean Latency: 30
HBM refresh energy (nJ): 7
HBM access energy (nJ): 34,050,347
MemC wire energy 2.5d (nJ): 9,669,978
MemC wire energy 3d (nJ): 2,417,495

---Energy---
Leakage Energy (nJ): 134,259
PU Dyn E (nJ): 8,818,368
Mem Dyn E (nJ): 58,938,138
Route Dyn E (nJ): 9,044,564
Dynamic Energy (nJ): 76,801,071
Ratio of Dyn/Leak: 572
Total Energy (nJ): 76,935,330
Total Energy (nJ) 3D: 75,054,398
Cores Energy (nJ): 8,825,517
Route Energy (nJ): 9,068,101
Route Energy (nJ) 3D: 14,439,653
Mem Energy   (nJ): 59,041,712
Mem Energy   (nJ) 3D: 51,789,229
Avg. Power (mW): 29,949.90
Power Density (mW/mm2): 94.37

---Runtime---
Runtime in K cycles: 2,568.80
Microseconds: 2,568.80
Time per iteration (ms): 2.57

---Inst---
K Loads: 626,371
K Stores: 628,508
K Instructions: 761,913

---Throughput---
GOP/s (aka OPS/ns): 296.60
GOP/s per core: 0.29
GFLOP/s: 114.21
GFLOP/s per core: 0.11
Max Peak GFLOP/s: 1,024.00
Avg. BW GB/s: 1,954.03
Max BW GB/s: 4,096.00

---Traffic---
In-Die bisection_bytes BW (GB/s): 512.00
Inter-board traffic (msg/ns): 0.00, per-link: 0.00
Inter-pack traffic (msg/ns): 0.00, per-link: 0.00
Inter-die traffic (msg/ns): 0.00, per-link: 0.00
Ruche traffic (msg/ns): 0.00, per-link: 0.00
All traffic (msg/ns): 2,185.95, per-link: 2.13
Inter-die reduction wrt all: inf
Inter-board reduction wrt inter-die: -nan

---Data Movement---
All traffic (msg): 5,615,261,682
Arith. Intensity FLOP/Loads: 0.47
Arith. Intensity FLOP/Msgs: 0.05
Arith. Intensity OPS/Loads: 1.22
Arith. Intensity OPS/Msgs: 0.14

Simulation time: 191.81
Sim time / DUT time: 72.92
Sim noc_cy/s: 13,392.25
Sim Msg/s: 29,274,737.34

Version 32

