Dataset:  Kron22/
Dry run: 0
Open Edge Count File succesfully
Edges Traversed BFS: 128309848
Found Vertices: 4194304, Edges: 128311436
avg degree 31
Array  Kron22/node_array.bin found
Malloc array of size 16777220 bytes
Readin array of size 16777216 bytes
Finished Reading Array Bytes
No reordering Array 32bit
Array  Kron22/edge_array.bin found
Malloc array of size 513245744 bytes
Readin array of size 513245744 bytes
Finished Reading Array Bytes
No reordering Array 32bit
Array  Kron22/edge_values.bin found
Malloc array of size 513245744 bytes
Readin array of size 513245744 bytes
Finished Reading Array Bytes
No reordering Array 32bit
Reading graph elapsed time: 0.244821s

Dataset Footprint: 1027 MiB
Dataset Footprint per Board: 8615.1 Mb
Dataset injection time (ms): 0.525824
Max Dataset Footprint: 1026 MiB

Dataset footprint per tile: 1027 KiB
Proxys footprint per tile: 0 KiB
Reserved SRAM per tile: 28 KiB

Ideal SRAM per tile: 1055 KiB
reserved_words_for_dataset:11649
dataset_words_per_tile:262912
remaining_sram_words:58246
min_dcache_sram_words_required:11852
dataset_words_per_tile:262912
min_pcache_sram_words_required:0
proxys_words_per_tile:0
Dcache footprint ratio: 5
Dataset Cached: 1
DCache: 57456 words, lines: 3591, sets: 3591
Proxys Cached: 0
Pcache: 0 words, sets: 0
Node per tile: 4,096
Edge per tile: 125,305
GRID_X: 32
GRID_SIZE: 1,024
smt_per_tile: 1
noc_freq: 1
pu_freq: 1
RUCHE_X: 8
PROXY_W: 32
DIE_W: 16
DIE_H: 16
DIES: 4
BORDER_TILES_PER_DIE: 64
PACK_W: 32
PACK_H: 32
DIES_PACK_FACTOR: 2
DIES_PER_PACK: 4
PACKAGES: 1
BOARD_W: 32
BOARD_H: 32
BOARDS: 1
MUX_BUS: 1
DCACHE: 1
PCACHE: 0
PROXY_FACTOR: 1
CACHE_WAYS: 1
TORUS: 1
PHY_NOCS: 1
WIDE_NOC_ID: 0
NOC_CONF: 1
noc_width: 32
hbm_channel_bit_width: 512
ld_st_op_byte_width: 4
PROXY_ROUTING: 0
WITHIN_REGION: 0
WRITE_THROUGH: 0
ASSERT_MODE: 0
GLOBAL_BARRIER: 0
OQ flits: 36 ; 384 ; 2
IQ flits: 576 ; 6,144 ; 2
OQ messages: 12 ; 192 ; 1
IQ messages: 192 ; 3,072 ; 1
max_task2 size: 64
io_factor_t2: 16
io_factor_t3: 16
io_factor_t3b: 16

Active SRAM Storage per tile: 255 KiB
Total SRAM Storage per tile: 256 KiB
Agreggated SRAM Storage: 256 MiB

Active DRAM Storage per tile: 1.00293 MiB
Total DRAM Storage per tile: 32 MiB
Agreggated DRAM Storage: 32 GiB

Inter-Die #links: 512
Inter-Die (Gbits): 16,384
Inter-Die (Gbits/mm): 507.873
Bisection BW of Board (Gbits): 8,192
Border IO #Dies: 8
Border IO Die BW (Gbits): 2,048
Off-Board BW Total (Gbits): 16,384
Off-Board BW Density (Gbits/mm): 139
Die side: 8.07 mm
Die border wire density: 507.87 Gbits/mm
HBM wire density: 507.87 Gbits/mm

Tiles per Die: 256 (16x16)
Tile Area: 0.13 mm2, side: 0.36 mm
- Core/Rout Area: 0.05 mm2
- SRAM Area: 0.07 mm2
- SRAM/Logic Ratio: 1.32x

Dies per Package: 4 (2x2)
Die Area: 65.04 mm2, side: 8.07 mm
- Tiles Area: 32.30 mm2
- PHY Area: 23.74 mm2
- MC Area: 9.00 mm2

Packages per Board: 1 (1x1)
Package Area: 860.18 mm2, side: 29.33 mm
- IOdie Area: 160.00 mm2
- Dies Area: 260.18 mm2
- HBM Area: 440.00 mm2

Boards: 1 (1x1)
Board Area: 860.18 mm2
Total Area: 860.18 mm2



ESTIMATED COST OF SILICON AND PACKAGING. ONLY VARIABLE, NO FIXED COSTS
Good dies per wafer 3d: 511
Good dies per wafer 2d: 862
--Dies 3D Cost: 47.33 $
--Dies 2.5D Cost: 28.06 $
--Dies 2D Cost: 28.06 $
--HBM Cost: 240.00 $
--IOdie Cost: 16.88 $
--Packaging Cost 3d: 11.04 $
--Packaging Cost 2.5d: 16.56 $
--Packaging Cost 2d: 6.74 $
SiP Cost 3d: 315.25 $
SiP Cost 2.5d: 301.50 $
SiP Cost 2d: 51.68 $
--Board Cost: 0.86 $
Total SiPs Cost 3d: 316.11 $
Total SiPs Cost 2.5d: 302.36 $
Total SiPs Cost 2d: 52.54 $

Perf counters initialized
Mesh connected
Cache structures initialized
proxys initialized
Dataset structures initialized


Starting Simulation
INIT epoch: 1
INIT epoch: 1
INIT epoch: 1
INIT epoch: 1
INIT epoch: 1
INIT epoch: 1
INIT epoch: 1
INIT epoch: 1

===PRINTING FRAME STATS

FCollision In Avg:-nan, SD:-nan, Max:354, Min:32
FCollision Out Avg:-nan, SD:-nan, Max:240, Min:2
FCollision End Avg:-nan, SD:-nan, Max:97, Min:0
FTask1 Avg:-nan, SD:-nan, Max:36, Min:2
FTask2 Avg:-nan, SD:-nan, Max:77, Min:0
FTask3 Avg:-nan, SD:-nan, Max:62, Min:17
FCore Active Avg:-nan, SD:-nan, Max:100, Min:33
FRouter Active Avg:-nan, SD:-nan, Max:98, Min:53
T1 invocations: 118,225
T2 invocations: 469,768
T3 invocations: 14,061,041
T3b invocations: 0
Total3 invocations: 14,061,041
Total4 invocations: 0

T3/T2 ratio: 30
T3b/T3 ratio: 0

T1 avg ex cycles: 125
T2 avg ex cycles: 78
T3&b avg ex cycles: 2
T4 avg ex cycles: -nan
Avg. hops NOC1: 3
Avg. latency NOC1 (T2): 22,320
Avg. hops NOC2: 14
Avg. latency NOC2 (T3): 4,052

===PRINTING ACUM STATS at pu_cycles: 100,715

ACollision In Avg:-nan, SD:-nan, Max:354, Min:32
ACollision Out Avg:-nan, SD:-nan, Max:240, Min:2
ACollision End Avg:-nan, SD:-nan, Max:97, Min:0
ATask1 Avg:-nan, SD:-nan, Max:36, Min:2
ATask2 Avg:-nan, SD:-nan, Max:77, Min:0
ATask3 Avg:-nan, SD:-nan, Max:62, Min:17
ACore Active Avg:-nan, SD:-nan, Max:100, Min:33
ARouter Active Avg:-nan, SD:-nan, Max:98, Min:53
T1 invocations: 118,225
T2 invocations: 469,768
T3 invocations: 14,061,041
T3b invocations: 0
Total3 invocations: 14,061,041
Total4 invocations: 0

T3/T2 ratio: 30
T3b/T3 ratio: 0

T1 avg ex cycles: 125
T2 avg ex cycles: 78
T3&b avg ex cycles: 2
T4 avg ex cycles: -nan
Avg. hops NOC1: 3
Avg. latency NOC1 (T2): 22,320
Avg. hops NOC2: 14
Avg. latency NOC2 (T3): 4,052
Number of K Nodes Processed: 14,126
Number of K Edges Processed: 14,630
Node Re-explore factor: 3.37
Edge Re-explore factor: 0.11
Nodes/cy: 140
Edges/cy: 145
TEPS: 1,274

---DCache---
DCache Size: 57,456
DRAM words: 262,912
  DHits: 33,827,750
  DMisses: 2,254,278
  DHit Rate (hit/miss): 94%
  DEvictions: 578,889
  DEviction Rate (evict/misses): 26%
  MC Transactions: 2,450,671
  MC Writes: 118,732
Avg. Transactions: 76% , Writes: 4%, Avg. Latency: 3
Max MC id: 15 of 32. Transactions: 93% , Writes: 5%, MC mean Latency: 4
HBM refresh energy (nJ): 0
HBM access energy (nJ): 4,642,551
MemC wire energy 2.5d (nJ): 916,992
MemC wire energy 3d (nJ): 229,248

---Energy---
Leakage Energy (nJ): 18,644
PU Dyn E (nJ): 865,353
Mem Dyn E (nJ): 8,445,575
Route Dyn E (nJ): 1,138,563
Dynamic Energy (nJ): 10,449,491
Ratio of Dyn/Leak: 560
Total Energy (nJ): 10,468,135
Total Energy (nJ) 3D: 10,519,435
Cores Energy (nJ): 865,634
Route Energy (nJ): 1,140,490
Route Energy (nJ) 3D: 1,879,534
Mem Energy   (nJ): 8,462,011
Mem Energy   (nJ) 3D: 7,774,267
Avg. Power (mW): 103,938.19
Power Density (mW/mm2): 120.83

---Runtime---
Runtime in K cycles: 100.72
Microseconds: 100.72
Time per iteration (ms): 0.10

---Throughput---
GOP/s (aka OPS/ns): 749.14
GOP/s per core: 0.73
GFLOP/s: 284.15
GFLOP/s per core: 0.28
Max Peak GFLOP/s: 1,024.00
Avg. BW GB/s: 5,942.25
Max BW GB/s: 4,096.00

---Traffic---
In-Die bisection_bytes BW (GB/s): 256.00
Inter-board traffic (msg/ns): 0.00, per-link: 0.00
Inter-pack traffic (msg/ns): 0.00, per-link: 0.00
Inter-die traffic (msg/ns): 103.39, per-link: 0.40
Ruche traffic (msg/ns): 97.62, per-link: 0.38
All traffic (msg/ns): 4,236.08, per-link: 4.14
Inter-die reduction wrt all: 40.97
Inter-board reduction wrt inter-die: inf

---Data Movement---
All traffic (msg): 426,637,259
Arith. Intensity FLOP/Loads: 0.38
Arith. Intensity FLOP/Msgs: 0.07
Arith. Intensity OPS/Loads: 1.01
Arith. Intensity OPS/Msgs: 0.18



===Core Utilization Total=== CORE-S:1;; TIME K cy:100 ;; Nodes Proc: 1,784,424 -- Edges Proc: 1,855,584

===PRINTING FRAME STATS

FCollision In Avg:140, SD:49, Max:360, Min:30
FCollision Out Avg:106, SD:43, Max:264, Min:1
FCollision End Avg:42, SD:38, Max:100, Min:0
FTask1 Avg:11, SD:7, Max:33, Min:0
FTask2 Avg:35, SD:20, Max:79, Min:0
FTask3 Avg:29, SD:5, Max:57, Min:15
FCore Active Avg:75, SD:20, Max:100, Min:21
FRouter Active Avg:92, SD:3, Max:98, Min:55
T1 invocations: 102,708
T2 invocations: 453,364
T3 invocations: 14,574,388
T3b invocations: 0
Total3 invocations: 14,574,388
Total4 invocations: 0

T3/T2 ratio: 32
T3b/T3 ratio: 0

T1 avg ex cycles: 107
T2 avg ex cycles: 79
T3&b avg ex cycles: 2
T4 avg ex cycles: -nan
Avg. hops NOC1: 2
Avg. latency NOC1 (T2): 29,434
Avg. hops NOC2: 13
Avg. latency NOC2 (T3): 3,553

===PRINTING ACUM STATS at pu_cycles: 200,676

ACollision In Avg:142, SD:47, Max:354, Min:37
ACollision Out Avg:105, SD:38, Max:252, Min:4
ACollision End Avg:40, SD:32, Max:98, Min:0
ATask1 Avg:13, SD:6, Max:32, Min:1
ATask2 Avg:35, SD:16, Max:76, Min:0
ATask3 Avg:30, SD:5, Max:60, Min:19
ACore Active Avg:78, SD:16, Max:100, Min:30
ARouter Active Avg:92, SD:3, Max:98, Min:54
T1 invocations: 220,394
T2 invocations: 921,509
T3 invocations: 28,589,499
T3b invocations: 0
Total3 invocations: 28,589,499
Total4 invocations: 0

T3/T2 ratio: 31
T3b/T3 ratio: 0

T1 avg ex cycles: 117
T2 avg ex cycles: 79
T3&b avg ex cycles: 2
T4 avg ex cycles: -nan
Avg. hops NOC1: 3
Avg. latency NOC1 (T2): 25,799
Avg. hops NOC2: 13
Avg. latency NOC2 (T3): 3,796
Number of K Nodes Processed: 28,700
Number of K Edges Processed: 29,235
Node Re-explore factor: 6.84
Edge Re-explore factor: 0.23
Nodes/cy: 143
Edges/cy: 146
TEPS: 639

---DCache---
DCache Size: 57,456
DRAM words: 262,912
  DHits: 68,374,095
  DMisses: 4,250,095
  DHit Rate (hit/miss): 94%
  DEvictions: 1,758,410
  DEviction Rate (evict/misses): 41%
  MC Transactions: 4,623,112
  MC Writes: 246,806
Avg. Transactions: 72% , Writes: 4%, Avg. Latency: 2
Max MC id: 31 of 32. Transactions: 91% , Writes: 4%, MC mean Latency: 2
HBM refresh energy (nJ): 1
HBM access energy (nJ): 8,758,023
MemC wire energy 2.5d (nJ): 1,729,877
MemC wire energy 3d (nJ): 432,469

---Energy---
Leakage Energy (nJ): 37,148
PU Dyn E (nJ): 1,726,125
Mem Dyn E (nJ): 16,292,730
Route Dyn E (nJ): 2,274,313
Dynamic Energy (nJ): 20,293,168
Ratio of Dyn/Leak: 546
Total Energy (nJ): 20,330,316
Total Energy (nJ) 3D: 20,505,477
Cores Energy (nJ): 1,726,684
Route Energy (nJ): 2,278,152
Route Energy (nJ) 3D: 3,750,720
Mem Energy   (nJ): 16,325,480
Mem Energy   (nJ) 3D: 15,028,073
Avg. Power (mW): 101,309.15
Power Density (mW/mm2): 117.78

---Runtime---
Runtime in K cycles: 200.68
Microseconds: 200.68
Time per iteration (ms): 0.20

---Throughput---
GOP/s (aka OPS/ns): 737.78
GOP/s per core: 0.72
GFLOP/s: 287.51
GFLOP/s per core: 0.28
Max Peak GFLOP/s: 1,024.00
Avg. BW GB/s: 5,997.56
Max BW GB/s: 4,096.00

---Traffic---
In-Die bisection_bytes BW (GB/s): 256.00
Inter-board traffic (msg/ns): 0.00, per-link: 0.00
Inter-pack traffic (msg/ns): 0.00, per-link: 0.00
Inter-die traffic (msg/ns): 103.84, per-link: 0.41
Ruche traffic (msg/ns): 99.09, per-link: 0.39
All traffic (msg/ns): 4,222.54, per-link: 4.12
Inter-die reduction wrt all: 40.66
Inter-board reduction wrt inter-die: inf

---Data Movement---
All traffic (msg): 847,362,371
Arith. Intensity FLOP/Loads: 0.38
Arith. Intensity FLOP/Msgs: 0.07
Arith. Intensity OPS/Loads: 0.99
Arith. Intensity OPS/Msgs: 0.17



===Core Utilization Total=== CORE-S:2;; TIME K cy:200 ;; Nodes Proc: 3,601,691 -- Edges Proc: 3,652,422

===PRINTING FRAME STATS

FCollision In Avg:136, SD:48, Max:362, Min:13
FCollision Out Avg:103, SD:44, Max:258, Min:0
FCollision End Avg:40, SD:37, Max:100, Min:0
FTask1 Avg:11, SD:7, Max:35, Min:0
FTask2 Avg:35, SD:20, Max:81, Min:0
FTask3 Avg:29, SD:5, Max:64, Min:16
FCore Active Avg:75, SD:21, Max:100, Min:21
FRouter Active Avg:92, SD:3, Max:99, Min:56
T1 invocations: 104,818
T2 invocations: 452,267
T3 invocations: 14,560,702
T3b invocations: 0
Total3 invocations: 14,560,702
Total4 invocations: 0

T3/T2 ratio: 32
T3b/T3 ratio: 0

T1 avg ex cycles: 106
T2 avg ex cycles: 79
T3&b avg ex cycles: 2
T4 avg ex cycles: -nan
Avg. hops NOC1: 2
Avg. latency NOC1 (T2): 28,056
Avg. hops NOC2: 13
Avg. latency NOC2 (T3): 3,728

===PRINTING ACUM STATS at pu_cycles: 300,729

ACollision In Avg:140, SD:45, Max:347, Min:38
ACollision Out Avg:104, SD:38, Max:253, Min:3
ACollision End Avg:40, SD:31, Max:98, Min:0
ATask1 Avg:12, SD:5, Max:30, Min:1
ATask2 Avg:35, SD:15, Max:75, Min:0
ATask3 Avg:30, SD:5, Max:61, Min:20
ACore Active Avg:77, SD:16, Max:100, Min:27
ARouter Active Avg:92, SD:3, Max:98, Min:54
T1 invocations: 325,850
T2 invocations: 1,375,777
T3 invocations: 43,200,597
T3b invocations: 0
Total3 invocations: 43,200,597
Total4 invocations: 0

T3/T2 ratio: 31
T3b/T3 ratio: 0

T1 avg ex cycles: 113
T2 avg ex cycles: 79
T3&b avg ex cycles: 2
T4 avg ex cycles: -nan
Avg. hops NOC1: 3
Avg. latency NOC1 (T2): 26,561
Avg. hops NOC2: 13
Avg. latency NOC2 (T3): 3,770
Number of K Nodes Processed: 43,263
Number of K Edges Processed: 43,765
Node Re-explore factor: 10.31
Edge Re-explore factor: 0.34
Nodes/cy: 144
Edges/cy: 146
TEPS: 427

---DCache---
DCache Size: 57,456
DRAM words: 262,912
  DHits: 102,652,545
  DMisses: 6,239,660
  DHit Rate (hit/miss): 94%
  DEvictions: 3,247,884
  DEviction Rate (evict/misses): 52%
  MC Transactions: 6,793,803
  MC Writes: 378,745
Avg. Transactions: 71% , Writes: 4%, Avg. Latency: 2
Max MC id: 31 of 32. Transactions: 91% , Writes: 5%, MC mean Latency: 2
HBM refresh energy (nJ): 1
HBM access energy (nJ): 12,870,180
MemC wire energy 2.5d (nJ): 2,542,106
MemC wire energy 3d (nJ): 635,527

---Energy---
Leakage Energy (nJ): 55,669
PU Dyn E (nJ): 2,591,013
Mem Dyn E (nJ): 24,143,224
Route Dyn E (nJ): 3,412,209
Dynamic Energy (nJ): 30,146,446
Ratio of Dyn/Leak: 542
Total Energy (nJ): 30,202,115
Total Energy (nJ) 3D: 30,505,581
Cores Energy (nJ): 2,591,851
Route Energy (nJ): 3,417,962
Route Energy (nJ) 3D: 5,628,007
Mem Energy   (nJ): 24,192,303
Mem Energy   (nJ) 3D: 22,285,723
Avg. Power (mW): 100,429.67
Power Density (mW/mm2): 116.75

---Runtime---
Runtime in K cycles: 300.73
Microseconds: 300.73
Time per iteration (ms): 0.30

---Throughput---
GOP/s (aka OPS/ns): 735.15
GOP/s per core: 0.72
GFLOP/s: 288.95
GFLOP/s per core: 0.28
Max Peak GFLOP/s: 1,024.00
Avg. BW GB/s: 6,023.76
Max BW GB/s: 4,096.00

---Traffic---
In-Die bisection_bytes BW (GB/s): 256.00
Inter-board traffic (msg/ns): 0.00, per-link: 0.00
Inter-pack traffic (msg/ns): 0.00, per-link: 0.00
Inter-die traffic (msg/ns): 103.99, per-link: 0.41
Ruche traffic (msg/ns): 98.99, per-link: 0.39
All traffic (msg/ns): 4,222.15, per-link: 4.12
Inter-die reduction wrt all: 40.60
Inter-board reduction wrt inter-die: inf

---Data Movement---
All traffic (msg): 1,269,721,582
Arith. Intensity FLOP/Loads: 0.38
Arith. Intensity FLOP/Msgs: 0.07
Arith. Intensity OPS/Loads: 0.98
Arith. Intensity OPS/Msgs: 0.17



===Core Utilization Total=== CORE-S:3;; TIME K cy:300 ;; Nodes Proc: 5,391,324 -- Edges Proc: 5,522,939

===PRINTING FRAME STATS

FCollision In Avg:134, SD:48, Max:363, Min:10
FCollision Out Avg:105, SD:48, Max:256, Min:0
FCollision End Avg:39, SD:39, Max:100, Min:0
FTask1 Avg:11, SD:7, Max:33, Min:0
FTask2 Avg:34, SD:21, Max:80, Min:0
FTask3 Avg:29, SD:5, Max:59, Min:17
FCore Active Avg:73, SD:22, Max:100, Min:20
FRouter Active Avg:92, SD:3, Max:98, Min:55
T1 invocations: 102,206
T2 invocations: 444,328
T3 invocations: 14,319,471
T3b invocations: 0
Total3 invocations: 14,319,471
Total4 invocations: 0

T3/T2 ratio: 32
T3b/T3 ratio: 0

T1 avg ex cycles: 106
T2 avg ex cycles: 79
T3&b avg ex cycles: 2
T4 avg ex cycles: -nan
Avg. hops NOC1: 2
Avg. latency NOC1 (T2): 28,186
Avg. hops NOC2: 13
Avg. latency NOC2 (T3): 3,728

===PRINTING ACUM STATS at pu_cycles: 400,728

ACollision In Avg:138, SD:44, Max:320, Min:39
ACollision Out Avg:104, SD:37, Max:250, Min:3
ACollision End Avg:40, SD:29, Max:98, Min:0
ATask1 Avg:12, SD:5, Max:25, Min:1
ATask2 Avg:35, SD:14, Max:71, Min:0
ATask3 Avg:29, SD:5, Max:60, Min:20
ACore Active Avg:76, SD:15, Max:100, Min:26
ARouter Active Avg:92, SD:3, Max:98, Min:55
T1 invocations: 427,833
T2 invocations: 1,819,766
T3 invocations: 57,491,783
T3b invocations: 0
Total3 invocations: 57,491,783
Total4 invocations: 0

T3/T2 ratio: 32
T3b/T3 ratio: 0

T1 avg ex cycles: 111
T2 avg ex cycles: 79
T3&b avg ex cycles: 2
T4 avg ex cycles: -nan
Avg. hops NOC1: 3
Avg. latency NOC1 (T2): 26,951
Avg. hops NOC2: 13
Avg. latency NOC2 (T3): 3,764
Number of K Nodes Processed: 57,582
Number of K Edges Processed: 58,118
Node Re-explore factor: 13.73
Edge Re-explore factor: 0.45
Nodes/cy: 144
Edges/cy: 145
TEPS: 320

---DCache---
DCache Size: 57,456
DRAM words: 262,912
  DHits: 136,788,143
  DMisses: 8,199,100
  DHit Rate (hit/miss): 94%
  DEvictions: 4,982,784
  DEviction Rate (evict/misses): 61%
  MC Transactions: 8,924,486
  MC Writes: 503,789
Avg. Transactions: 70% , Writes: 4%, Avg. Latency: 2
Max MC id: 31 of 32. Transactions: 86% , Writes: 5%, MC mean Latency: 2
HBM refresh energy (nJ): 2
HBM access energy (nJ): 16,906,546
MemC wire energy 2.5d (nJ): 3,339,365
MemC wire energy 3d (nJ): 834,841

---Energy---
Leakage Energy (nJ): 74,180
PU Dyn E (nJ): 3,438,228
Mem Dyn E (nJ): 31,851,720
Route Dyn E (nJ): 4,530,992
Dynamic Energy (nJ): 39,820,941
Ratio of Dyn/Leak: 537
Total Energy (nJ): 39,895,121
Total Energy (nJ) 3D: 40,324,510
Cores Energy (nJ): 3,439,344
Route Energy (nJ): 4,538,658
Route Energy (nJ) 3D: 7,472,571
Mem Energy   (nJ): 31,917,119
Mem Energy   (nJ) 3D: 29,412,595
Avg. Power (mW): 99,556.61
Power Density (mW/mm2): 115.74

---Runtime---
Runtime in K cycles: 400.73
Microseconds: 400.73
Time per iteration (ms): 0.40

---Throughput---
GOP/s (aka OPS/ns): 729.97
GOP/s per core: 0.71
GFLOP/s: 288.28
GFLOP/s per core: 0.28
Max Peak GFLOP/s: 1,024.00
Avg. BW GB/s: 6,006.87
Max BW GB/s: 4,096.00

---Traffic---
In-Die bisection_bytes BW (GB/s): 256.00
Inter-board traffic (msg/ns): 0.00, per-link: 0.00
Inter-pack traffic (msg/ns): 0.00, per-link: 0.00
Inter-die traffic (msg/ns): 103.76, per-link: 0.41
Ruche traffic (msg/ns): 98.66, per-link: 0.39
All traffic (msg/ns): 4,203.29, per-link: 4.10
Inter-die reduction wrt all: 40.51
Inter-board reduction wrt inter-die: inf

---Data Movement---
All traffic (msg): 1,684,377,532
Arith. Intensity FLOP/Loads: 0.38
Arith. Intensity FLOP/Msgs: 0.07
Arith. Intensity OPS/Loads: 0.97
Arith. Intensity OPS/Msgs: 0.17



===Core Utilization Total=== CORE-S:4;; TIME K cy:400 ;; Nodes Proc: 7,173,539 -- Edges Proc: 7,373,618

===PRINTING FRAME STATS

FCollision In Avg:136, SD:49, Max:355, Min:10
FCollision Out Avg:106, SD:50, Max:313, Min:0
FCollision End Avg:39, SD:38, Max:100, Min:0
FTask1 Avg:10, SD:7, Max:33, Min:0
FTask2 Avg:34, SD:21, Max:80, Min:0
FTask3 Avg:28, SD:5, Max:58, Min:18
FCore Active Avg:73, SD:22, Max:100, Min:20
FRouter Active Avg:91, SD:3, Max:98, Min:53
T1 invocations: 99,286
T2 invocations: 438,243
T3 invocations: 14,179,692
T3b invocations: 0
Total3 invocations: 14,179,692
Total4 invocations: 0

T3/T2 ratio: 32
T3b/T3 ratio: 0

T1 avg ex cycles: 106
T2 avg ex cycles: 79
T3&b avg ex cycles: 2
T4 avg ex cycles: -nan
Avg. hops NOC1: 2
Avg. latency NOC1 (T2): 28,332
Avg. hops NOC2: 13
Avg. latency NOC2 (T3): 3,751

===PRINTING ACUM STATS at pu_cycles: 500,824

ACollision In Avg:138, SD:43, Max:327, Min:40
ACollision Out Avg:105, SD:37, Max:248, Min:2
ACollision End Avg:40, SD:27, Max:99, Min:0
ATask1 Avg:11, SD:4, Max:20, Min:0
ATask2 Avg:35, SD:13, Max:63, Min:0
ATask3 Avg:29, SD:5, Max:60, Min:20
ACore Active Avg:75, SD:14, Max:100, Min:27
ARouter Active Avg:92, SD:3, Max:98, Min:54
T1 invocations: 527,510
T2 invocations: 2,259,298
T3 invocations: 71,711,259
T3b invocations: 0
Total3 invocations: 71,711,259
Total4 invocations: 0

T3/T2 ratio: 32
T3b/T3 ratio: 0

T1 avg ex cycles: 110
T2 avg ex cycles: 79
T3&b avg ex cycles: 2
T4 avg ex cycles: -nan
Avg. hops NOC1: 3
Avg. latency NOC1 (T2): 27,221
Avg. hops NOC2: 13
Avg. latency NOC2 (T3): 3,760
Number of K Nodes Processed: 71,766
Number of K Edges Processed: 72,303
Node Re-explore factor: 17.11
Edge Re-explore factor: 0.56
Nodes/cy: 143
Edges/cy: 144
TEPS: 256

---DCache---
DCache Size: 57,456
DRAM words: 262,912
  DHits: 170,715,903
  DMisses: 10,147,000
  DHit Rate (hit/miss): 94%
  DEvictions: 6,804,402
  DEviction Rate (evict/misses): 67%
  MC Transactions: 11,050,324
  MC Writes: 637,155
Avg. Transactions: 69% , Writes: 4%, Avg. Latency: 2
Max MC id: 31 of 32. Transactions: 84% , Writes: 5%, MC mean Latency: 2
HBM refresh energy (nJ): 2
HBM access energy (nJ): 20,933,733
MemC wire energy 2.5d (nJ): 4,134,812
MemC wire energy 3d (nJ): 1,033,703

---Energy---
Leakage Energy (nJ): 92,709
PU Dyn E (nJ): 4,279,183
Mem Dyn E (nJ): 39,530,400
Route Dyn E (nJ): 5,642,810
Dynamic Energy (nJ): 49,452,393
Ratio of Dyn/Leak: 533
Total Energy (nJ): 49,545,102
Total Energy (nJ) 3D: 50,098,849
Cores Energy (nJ): 4,280,577
Route Energy (nJ): 5,652,392
Route Energy (nJ) 3D: 9,307,247
Mem Energy   (nJ): 39,612,134
Mem Energy   (nJ) 3D: 36,511,025
Avg. Power (mW): 98,927.17
Power Density (mW/mm2): 115.01

---Runtime---
Runtime in K cycles: 500.82
Microseconds: 500.82
Time per iteration (ms): 0.50

---Throughput---
GOP/s (aka OPS/ns): 725.48
GOP/s per core: 0.71
GFLOP/s: 287.45
GFLOP/s per core: 0.28
Max Peak GFLOP/s: 1,024.00
Avg. BW GB/s: 5,987.66
Max BW GB/s: 4,096.00

---Traffic---
In-Die bisection_bytes BW (GB/s): 256.00
Inter-board traffic (msg/ns): 0.00, per-link: 0.00
Inter-pack traffic (msg/ns): 0.00, per-link: 0.00
Inter-die traffic (msg/ns): 103.39, per-link: 0.40
Ruche traffic (msg/ns): 98.16, per-link: 0.38
All traffic (msg/ns): 4,187.36, per-link: 4.09
Inter-die reduction wrt all: 40.50
Inter-board reduction wrt inter-die: inf

---Data Movement---
All traffic (msg): 2,097,131,628
Arith. Intensity FLOP/Loads: 0.38
Arith. Intensity FLOP/Msgs: 0.07
Arith. Intensity OPS/Loads: 0.97
Arith. Intensity OPS/Msgs: 0.17



===Core Utilization Total=== CORE-S:5;; TIME K cy:500 ;; Nodes Proc: 8,950,362 -- Edges Proc: 9,169,336

===PRINTING FRAME STATS

FCollision In Avg:123, SD:50, Max:361, Min:8
FCollision Out Avg:96, SD:54, Max:301, Min:0
FCollision End Avg:36, SD:38, Max:100, Min:0
FTask1 Avg:10, SD:7, Max:40, Min:0
FTask2 Avg:33, SD:22, Max:83, Min:0
FTask3 Avg:27, SD:5, Max:57, Min:15
FCore Active Avg:70, SD:23, Max:100, Min:20
FRouter Active Avg:90, SD:5, Max:97, Min:36
T1 invocations: 98,667
T2 invocations: 422,640
T3 invocations: 13,684,333
T3b invocations: 0
Total3 invocations: 13,684,333
Total4 invocations: 0

T3/T2 ratio: 32
T3b/T3 ratio: 0

T1 avg ex cycles: 102
T2 avg ex cycles: 80
T3&b avg ex cycles: 2
T4 avg ex cycles: -nan
Avg. hops NOC1: 2
Avg. latency NOC1 (T2): 27,767
Avg. hops NOC2: 13
Avg. latency NOC2 (T3): 3,895

===PRINTING ACUM STATS at pu_cycles: 600,811

ACollision In Avg:135, SD:42, Max:333, Min:35
ACollision Out Avg:103, SD:37, Max:246, Min:2
ACollision End Avg:39, SD:26, Max:99, Min:0
ATask1 Avg:11, SD:4, Max:17, Min:1
ATask2 Avg:34, SD:12, Max:52, Min:0
ATask3 Avg:29, SD:5, Max:59, Min:19
ACore Active Avg:74, SD:13, Max:99, Min:29
ARouter Active Avg:91, SD:3, Max:97, Min:51
T1 invocations: 626,177
T2 invocations: 2,681,938
T3 invocations: 85,395,592
T3b invocations: 0
Total3 invocations: 85,395,592
Total4 invocations: 0

T3/T2 ratio: 32
T3b/T3 ratio: 0

T1 avg ex cycles: 109
T2 avg ex cycles: 79
T3&b avg ex cycles: 2
T4 avg ex cycles: -nan
Avg. hops NOC1: 3
Avg. latency NOC1 (T2): 27,307
Avg. hops NOC2: 13
Avg. latency NOC2 (T3): 3,782
Number of K Nodes Processed: 85,448
Number of K Edges Processed: 86,008
Node Re-explore factor: 20.37
Edge Re-explore factor: 0.67
Nodes/cy: 142
Edges/cy: 143
TEPS: 214

---DCache---
DCache Size: 57,456
DRAM words: 262,912
  DHits: 204,188,460
  DMisses: 12,027,745
  DHit Rate (hit/miss): 94%
  DEvictions: 8,602,344
  DEviction Rate (evict/misses): 72%
  MC Transactions: 13,091,809
  MC Writes: 759,859
Avg. Transactions: 68% , Writes: 4%, Avg. Latency: 2
Max MC id: 29 of 32. Transactions: 79% , Writes: 5%, MC mean Latency: 2
HBM refresh energy (nJ): 3
HBM access energy (nJ): 24,801,122
MemC wire energy 2.5d (nJ): 4,898,695
MemC wire energy 3d (nJ): 1,224,674

---Energy---
Leakage Energy (nJ): 111,218
PU Dyn E (nJ): 5,088,697
Mem Dyn E (nJ): 46,923,456
Route Dyn E (nJ): 6,713,432
Dynamic Energy (nJ): 58,725,586
Ratio of Dyn/Leak: 528
Total Energy (nJ): 58,836,804
Total Energy (nJ) 3D: 59,510,261
Cores Energy (nJ): 5,090,369
Route Energy (nJ): 6,724,926
Route Energy (nJ) 3D: 11,072,405
Mem Energy   (nJ): 47,021,509
Mem Energy   (nJ) 3D: 43,347,487
Avg. Power (mW): 97,928.97
Power Density (mW/mm2): 113.85

---Runtime---
Runtime in K cycles: 600.81
Microseconds: 600.81
Time per iteration (ms): 0.60

---Throughput---
GOP/s (aka OPS/ns): 718.10
GOP/s per core: 0.70
GFLOP/s: 285.20
GFLOP/s per core: 0.28
Max Peak GFLOP/s: 1,024.00
Avg. BW GB/s: 5,939.38
Max BW GB/s: 4,096.00

---Traffic---
In-Die bisection_bytes BW (GB/s): 256.00
Inter-board traffic (msg/ns): 0.00, per-link: 0.00
Inter-pack traffic (msg/ns): 0.00, per-link: 0.00
Inter-die traffic (msg/ns): 102.52, per-link: 0.40
Ruche traffic (msg/ns): 97.47, per-link: 0.38
All traffic (msg/ns): 4,150.99, per-link: 4.05
Inter-die reduction wrt all: 40.49
Inter-board reduction wrt inter-die: inf

---Data Movement---
All traffic (msg): 2,493,963,366
Arith. Intensity FLOP/Loads: 0.38
Arith. Intensity FLOP/Msgs: 0.07
Arith. Intensity OPS/Loads: 0.97
Arith. Intensity OPS/Msgs: 0.17



===Core Utilization Total=== CORE-S:6;; TIME K cy:600 ;; Nodes Proc: 10,644,547 -- Edges Proc: 10,953,223

===PRINTING FRAME STATS

FCollision In Avg:101, SD:51, Max:318, Min:3
FCollision Out Avg:79, SD:53, Max:286, Min:0
FCollision End Avg:29, SD:35, Max:100, Min:0
FTask1 Avg:9, SD:8, Max:36, Min:0
FTask2 Avg:31, SD:24, Max:84, Min:0
FTask3 Avg:26, SD:5, Max:53, Min:14
FCore Active Avg:66, SD:24, Max:100, Min:19
FRouter Active Avg:89, SD:6, Max:96, Min:28
T1 invocations: 94,656
T2 invocations: 399,275
T3 invocations: 13,015,980
T3b invocations: 0
Total3 invocations: 13,015,980
Total4 invocations: 0

T3/T2 ratio: 33
T3b/T3 ratio: 0

T1 avg ex cycles: 97
T2 avg ex cycles: 80
T3&b avg ex cycles: 2
T4 avg ex cycles: -nan
Avg. hops NOC1: 3
Avg. latency NOC1 (T2): 25,356
Avg. hops NOC2: 13
Avg. latency NOC2 (T3): 4,417

===PRINTING ACUM STATS at pu_cycles: 700,739

ACollision In Avg:130, SD:41, Max:330, Min:34
ACollision Out Avg:100, SD:37, Max:252, Min:2
ACollision End Avg:38, SD:23, Max:98, Min:0
ATask1 Avg:11, SD:3, Max:15, Min:1
ATask2 Avg:34, SD:10, Max:46, Min:0
ATask3 Avg:28, SD:5, Max:58, Min:19
ACore Active Avg:73, SD:12, Max:98, Min:29
ARouter Active Avg:91, SD:3, Max:97, Min:48
T1 invocations: 720,833
T2 invocations: 3,081,213
T3 invocations: 98,411,572
T3b invocations: 0
Total3 invocations: 98,411,572
Total4 invocations: 0

T3/T2 ratio: 32
T3b/T3 ratio: 0

T1 avg ex cycles: 107
T2 avg ex cycles: 79
T3&b avg ex cycles: 2
T4 avg ex cycles: -nan
Avg. hops NOC1: 3
Avg. latency NOC1 (T2): 27,054
Avg. hops NOC2: 13
Avg. latency NOC2 (T3): 3,866
Number of K Nodes Processed: 98,456
Number of K Edges Processed: 99,032
Node Re-explore factor: 23.47
Edge Re-explore factor: 0.77
Nodes/cy: 141
Edges/cy: 141
TEPS: 183

---DCache---
DCache Size: 57,456
DRAM words: 262,912
  DHits: 237,759,417
  DMisses: 13,822,284
  DHit Rate (hit/miss): 95%
  DEvictions: 10,339,716
  DEviction Rate (evict/misses): 75%
  MC Transactions: 15,028,722
  MC Writes: 877,836
Avg. Transactions: 67% , Writes: 4%, Avg. Latency: 2
Max MC id: 29 of 32. Transactions: 78% , Writes: 5%, MC mean Latency: 2
HBM refresh energy (nJ): 4
HBM access energy (nJ): 28,470,410
MemC wire energy 2.5d (nJ): 5,623,449
MemC wire energy 3d (nJ): 1,405,862

---Energy---
Leakage Energy (nJ): 129,716
PU Dyn E (nJ): 5,856,773
Mem Dyn E (nJ): 53,967,814
Route Dyn E (nJ): 7,730,450
Dynamic Energy (nJ): 67,555,038
Ratio of Dyn/Leak: 521
Total Energy (nJ): 67,684,754
Total Energy (nJ) 3D: 68,471,424
Cores Energy (nJ): 5,858,724
Route Energy (nJ): 7,743,856
Route Energy (nJ) 3D: 12,748,112
Mem Energy   (nJ): 54,082,174
Mem Energy   (nJ) 3D: 49,864,587
Avg. Power (mW): 96,590.53
Power Density (mW/mm2): 112.29

---Runtime---
Runtime in K cycles: 700.74
Microseconds: 700.74
Time per iteration (ms): 0.70

---Throughput---
GOP/s (aka OPS/ns): 707.54
GOP/s per core: 0.69
GFLOP/s: 281.71
GFLOP/s per core: 0.28
Max Peak GFLOP/s: 1,024.00
Avg. BW GB/s: 5,864.99
Max BW GB/s: 4,096.00

---Traffic---
In-Die bisection_bytes BW (GB/s): 256.00
Inter-board traffic (msg/ns): 0.00, per-link: 0.00
Inter-pack traffic (msg/ns): 0.00, per-link: 0.00
Inter-die traffic (msg/ns): 101.12, per-link: 0.39
Ruche traffic (msg/ns): 96.53, per-link: 0.38
All traffic (msg/ns): 4,096.45, per-link: 4.00
Inter-die reduction wrt all: 40.51
Inter-board reduction wrt inter-die: inf

---Data Movement---
All traffic (msg): 2,870,539,235
Arith. Intensity FLOP/Loads: 0.38
Arith. Intensity FLOP/Msgs: 0.07
Arith. Intensity OPS/Loads: 0.97
Arith. Intensity OPS/Msgs: 0.17



===Core Utilization Total=== CORE-S:7;; TIME K cy:700 ;; Nodes Proc: 12,242,869 -- Edges Proc: 12,678,768

===PRINTING FRAME STATS

FCollision In Avg:67, SD:50, Max:274, Min:3
FCollision Out Avg:54, SD:48, Max:244, Min:0
FCollision End Avg:21, SD:31, Max:99, Min:0
FTask1 Avg:8, SD:10, Max:41, Min:0
FTask2 Avg:26, SD:27, Max:87, Min:0
FTask3 Avg:22, SD:5, Max:45, Min:11
FCore Active Avg:56, SD:27, Max:100, Min:15
FRouter Active Avg:82, SD:8, Max:96, Min:25
T1 invocations: 86,990
T2 invocations: 333,993
T3 invocations: 11,050,988
T3b invocations: 0
Total3 invocations: 11,050,988
Total4 invocations: 0

T3/T2 ratio: 33
T3b/T3 ratio: 0

T1 avg ex cycles: 89
T2 avg ex cycles: 81
T3&b avg ex cycles: 2
T4 avg ex cycles: -nan
Avg. hops NOC1: 3
Avg. latency NOC1 (T2): 21,305
Avg. hops NOC2: 13
Avg. latency NOC2 (T3): 4,869

===PRINTING ACUM STATS at pu_cycles: 800,687

ACollision In Avg:122, SD:40, Max:307, Min:34
ACollision Out Avg:94, SD:36, Max:247, Min:2
ACollision End Avg:36, SD:21, Max:95, Min:0
ATask1 Avg:10, SD:2, Max:13, Min:1
ATask2 Avg:33, SD:8, Max:40, Min:0
ATask3 Avg:28, SD:5, Max:57, Min:18
ACore Active Avg:71, SD:10, Max:96, Min:28
ARouter Active Avg:90, SD:4, Max:97, Min:45
T1 invocations: 807,800
T2 invocations: 3,414,669
T3 invocations: 109,446,234
T3b invocations: 0
Total3 invocations: 109,446,234
Total4 invocations: 0

T3/T2 ratio: 32
T3b/T3 ratio: 0

T1 avg ex cycles: 105
T2 avg ex cycles: 79
T3&b avg ex cycles: 2
T4 avg ex cycles: -nan
Avg. hops NOC1: 3
Avg. latency NOC1 (T2): 26,491
Avg. hops NOC2: 13
Avg. latency NOC2 (T3): 3,967
Number of K Nodes Processed: 109,488
Number of K Edges Processed: 110,012
Node Re-explore factor: 26.10
Edge Re-explore factor: 0.86
Nodes/cy: 137
Edges/cy: 137
TEPS: 160

---DCache---
DCache Size: 57,456
DRAM words: 262,912
  DHits: 267,263,598
  DMisses: 15,336,936
  DHit Rate (hit/miss): 95%
  DEvictions: 11,823,662
  DEviction Rate (evict/misses): 77%
  MC Transactions: 16,651,351
  MC Writes: 972,422
Avg. Transactions: 65% , Writes: 4%, Avg. Latency: 2
Max MC id: 30 of 32. Transactions: 72% , Writes: 4%, MC mean Latency: 2
HBM refresh energy (nJ): 4
HBM access energy (nJ): 31,544,319
MemC wire energy 2.5d (nJ): 6,230,605
MemC wire energy 3d (nJ): 1,557,651

---Energy---
Leakage Energy (nJ): 148,217
PU Dyn E (nJ): 6,505,110
Mem Dyn E (nJ): 59,904,998
Route Dyn E (nJ): 8,581,548
Dynamic Energy (nJ): 74,991,657
Ratio of Dyn/Leak: 506
Total Energy (nJ): 75,139,874
Total Energy (nJ) 3D: 76,017,147
Cores Energy (nJ): 6,507,339
Route Energy (nJ): 8,596,866
Route Energy (nJ) 3D: 14,147,093
Mem Energy   (nJ): 60,035,670
Mem Energy   (nJ) 3D: 55,362,716
Avg. Power (mW): 93,844.25
Power Density (mW/mm2): 109.10

---Runtime---
Runtime in K cycles: 800.69
Microseconds: 800.69
Time per iteration (ms): 0.80

---Throughput---
GOP/s (aka OPS/ns): 687.01
GOP/s per core: 0.67
GFLOP/s: 274.02
GFLOP/s per core: 0.27
Max Peak GFLOP/s: 1,024.00
Avg. BW GB/s: 5,704.26
Max BW GB/s: 4,096.00

---Traffic---
In-Die bisection_bytes BW (GB/s): 256.00
Inter-board traffic (msg/ns): 0.00, per-link: 0.00
Inter-pack traffic (msg/ns): 0.00, per-link: 0.00
Inter-die traffic (msg/ns): 98.11, per-link: 0.38
Ruche traffic (msg/ns): 94.39, per-link: 0.37
All traffic (msg/ns): 3,977.61, per-link: 3.88
Inter-die reduction wrt all: 40.54
Inter-board reduction wrt inter-die: inf

---Data Movement---
All traffic (msg): 3,184,816,886
Arith. Intensity FLOP/Loads: 0.38
Arith. Intensity FLOP/Msgs: 0.07
Arith. Intensity OPS/Loads: 0.96
Arith. Intensity OPS/Msgs: 0.17



===Core Utilization Total=== CORE-S:8;; TIME K cy:800 ;; Nodes Proc: 13,620,439 -- Edges Proc: 14,146,472

===PRINTING FRAME STATS

FCollision In Avg:38, SD:42, Max:277, Min:1
FCollision Out Avg:35, SD:41, Max:210, Min:0
FCollision End Avg:14, SD:27, Max:99, Min:0
FTask1 Avg:6, SD:9, Max:41, Min:0
FTask2 Avg:19, SD:27, Max:92, Min:0
FTask3 Avg:17, SD:4, Max:34, Min:7
FCore Active Avg:41, SD:29, Max:100, Min:11
FRouter Active Avg:70, SD:11, Max:94, Min:15
T1 invocations: 69,501
T2 invocations: 240,677
T3 invocations: 8,480,073
T3b invocations: 0
Total3 invocations: 8,480,073
Total4 invocations: 0

T3/T2 ratio: 35
T3b/T3 ratio: 0

T1 avg ex cycles: 84
T2 avg ex cycles: 81
T3&b avg ex cycles: 2
T4 avg ex cycles: -nan
Avg. hops NOC1: 3
Avg. latency NOC1 (T2): 18,390
Avg. hops NOC2: 12
Avg. latency NOC2 (T3): 5,040

===PRINTING ACUM STATS at pu_cycles: 900,452

ACollision In Avg:113, SD:37, Max:283, Min:32
ACollision Out Avg:88, SD:34, Max:240, Min:3
ACollision End Avg:33, SD:18, Max:87, Min:0
ATask1 Avg:10, SD:2, Max:13, Min:2
ATask2 Avg:31, SD:6, Max:39, Min:0
ATask3 Avg:26, SD:4, Max:54, Min:17
ACore Active Avg:68, SD:8, Max:91, Min:27
ARouter Active Avg:88, SD:4, Max:95, Min:42
T1 invocations: 873,912
T2 invocations: 3,642,821
T3 invocations: 117,589,841
T3b invocations: 0
Total3 invocations: 117,589,841
Total4 invocations: 0

T3/T2 ratio: 32
T3b/T3 ratio: 0

T1 avg ex cycles: 104
T2 avg ex cycles: 79
T3&b avg ex cycles: 2
T4 avg ex cycles: -nan
Avg. hops NOC1: 3
Avg. latency NOC1 (T2): 25,973
Avg. hops NOC2: 13
Avg. latency NOC2 (T3): 4,042
Number of K Nodes Processed: 117,865
Number of K Edges Processed: 118,217
Node Re-explore factor: 28.10
Edge Re-explore factor: 0.92
Nodes/cy: 131
Edges/cy: 131
TEPS: 142

---DCache---
DCache Size: 57,456
DRAM words: 262,912
  DHits: 290,079,896
  DMisses: 16,469,656
  DHit Rate (hit/miss): 95%
  DEvictions: 12,930,696
  DEviction Rate (evict/misses): 79%
  MC Transactions: 17,861,131
  MC Writes: 1,042,898
Avg. Transactions: 62% , Writes: 4%, Avg. Latency: 2
Max MC id: 10 of 32. Transactions: 66% , Writes: 4%, MC mean Latency: 2
HBM refresh energy (nJ): 5
HBM access energy (nJ): 33,836,126
MemC wire energy 2.5d (nJ): 6,683,280
MemC wire energy 3d (nJ): 1,670,820

---Energy---
Leakage Energy (nJ): 166,685
PU Dyn E (nJ): 6,966,715
Mem Dyn E (nJ): 64,292,094
Route Dyn E (nJ): 9,188,124
Dynamic Energy (nJ): 80,446,933
Ratio of Dyn/Leak: 483
Total Energy (nJ): 80,613,618
Total Energy (nJ) 3D: 81,532,029
Cores Energy (nJ): 6,969,222
Route Energy (nJ): 9,205,350
Route Energy (nJ) 3D: 15,136,221
Mem Energy   (nJ): 64,439,048
Mem Energy   (nJ) 3D: 59,426,587
Avg. Power (mW): 89,525.72
Power Density (mW/mm2): 104.08

---Runtime---
Runtime in K cycles: 900.45
Microseconds: 900.45
Time per iteration (ms): 0.90

---Throughput---
GOP/s (aka OPS/ns): 653.76
GOP/s per core: 0.64
GFLOP/s: 261.07
GFLOP/s per core: 0.25
Max Peak GFLOP/s: 1,024.00
Avg. BW GB/s: 5,436.59
Max BW GB/s: 4,096.00

---Traffic---
In-Die bisection_bytes BW (GB/s): 256.00
Inter-board traffic (msg/ns): 0.00, per-link: 0.00
Inter-pack traffic (msg/ns): 0.00, per-link: 0.00
Inter-die traffic (msg/ns): 93.38, per-link: 0.36
Ruche traffic (msg/ns): 90.89, per-link: 0.36
All traffic (msg/ns): 3,784.24, per-link: 3.70
Inter-die reduction wrt all: 40.53
Inter-board reduction wrt inter-die: inf

---Data Movement---
All traffic (msg): 3,407,522,486
Arith. Intensity FLOP/Loads: 0.38
Arith. Intensity FLOP/Msgs: 0.07
Arith. Intensity OPS/Loads: 0.96
Arith. Intensity OPS/Msgs: 0.17



===Core Utilization Total=== CORE-S:9;; TIME K cy:900 ;; Nodes Proc: 14,670,873 -- Edges Proc: 15,094,562
======== IT IS COLD ======= Only 46 Tiles active

===PRINTING FRAME STATS

FCollision In Avg:19, SD:31, Max:168, Min:0
FCollision Out Avg:21, SD:33, Max:148, Min:0
FCollision End Avg:9, SD:21, Max:99, Min:0
FTask1 Avg:4, SD:8, Max:43, Min:0
FTask2 Avg:13, SD:24, Max:96, Min:0
FTask3 Avg:11, SD:3, Max:22, Min:4
FCore Active Avg:27, SD:26, Max:100, Min:7
FRouter Active Avg:51, SD:13, Max:90, Min:8
T1 invocations: 42,843
T2 invocations: 161,649
T3 invocations: 5,569,910
T3b invocations: 0
Total3 invocations: 5,569,910
Total4 invocations: 0

T3/T2 ratio: 34
T3b/T3 ratio: 0

T1 avg ex cycles: 84
T2 avg ex cycles: 81
T3&b avg ex cycles: 2
T4 avg ex cycles: -nan
Avg. hops NOC1: 3
Avg. latency NOC1 (T2): 17,154
Avg. hops NOC2: 12
Avg. latency NOC2 (T3): 4,891

===PRINTING ACUM STATS at pu_cycles: 1,000,434

ACollision In Avg:104, SD:35, Max:265, Min:28
ACollision Out Avg:81, SD:32, Max:230, Min:2
ACollision End Avg:31, SD:16, Max:84, Min:0
ATask1 Avg:9, SD:1, Max:11, Min:3
ATask2 Avg:30, SD:3, Max:34, Min:4
ATask3 Avg:25, SD:4, Max:51, Min:16
ACore Active Avg:64, SD:6, Max:89, Min:33
ARouter Active Avg:84, SD:4, Max:94, Min:38
T1 invocations: 918,995
T2 invocations: 3,824,130
T3 invocations: 123,395,763
T3b invocations: 0
Total3 invocations: 123,395,763
Total4 invocations: 0

T3/T2 ratio: 32
T3b/T3 ratio: 0

T1 avg ex cycles: 103
T2 avg ex cycles: 79
T3&b avg ex cycles: 2
T4 avg ex cycles: -nan
Avg. hops NOC1: 3
Avg. latency NOC1 (T2): 25,574
Avg. hops NOC2: 13
Avg. latency NOC2 (T3): 4,100
Number of K Nodes Processed: 123,425
Number of K Edges Processed: 123,598
Node Re-explore factor: 29.43
Edge Re-explore factor: 0.96
Nodes/cy: 123
Edges/cy: 124
TEPS: 128

---DCache---
DCache Size: 57,456
DRAM words: 262,912
  DHits: 305,435,168
  DMisses: 17,209,043
  DHit Rate (hit/miss): 95%
  DEvictions: 13,652,718
  DEviction Rate (evict/misses): 79%
  MC Transactions: 18,644,239
  MC Writes: 1,083,868
Avg. Transactions: 58% , Writes: 3%, Avg. Latency: 2
Max MC id: 10 of 32. Transactions: 61% , Writes: 4%, MC mean Latency: 2
HBM refresh energy (nJ): 5
HBM access energy (nJ): 35,319,646
MemC wire energy 2.5d (nJ): 6,976,304
MemC wire energy 3d (nJ): 1,744,076

---Energy---
Leakage Energy (nJ): 185,193
PU Dyn E (nJ): 7,314,826
Mem Dyn E (nJ): 67,269,999
Route Dyn E (nJ): 9,610,929
Dynamic Energy (nJ): 84,195,755
Ratio of Dyn/Leak: 455
Total Energy (nJ): 84,380,948
Total Energy (nJ) 3D: 85,351,508
Cores Energy (nJ): 7,317,611
Route Energy (nJ): 9,630,068
Route Energy (nJ) 3D: 15,832,856
Mem Energy   (nJ): 67,433,270
Mem Energy   (nJ) 3D: 62,201,042
Avg. Power (mW): 84,344.34
Power Density (mW/mm2): 98.05

---Runtime---
Runtime in K cycles: 1,000.43
Microseconds: 1,000.43
Time per iteration (ms): 1.00

---Throughput---
GOP/s (aka OPS/ns): 617.37
GOP/s per core: 0.60
GFLOP/s: 246.84
GFLOP/s per core: 0.24
Max Peak GFLOP/s: 1,024.00
Avg. BW GB/s: 5,138.32
Max BW GB/s: 4,096.00

---Traffic---
In-Die bisection_bytes BW (GB/s): 256.00
Inter-board traffic (msg/ns): 0.00, per-link: 0.00
Inter-pack traffic (msg/ns): 0.00, per-link: 0.00
Inter-die traffic (msg/ns): 87.54, per-link: 0.34
Ruche traffic (msg/ns): 86.02, per-link: 0.34
All traffic (msg/ns): 3,562.63, per-link: 3.48
Inter-die reduction wrt all: 40.70
Inter-board reduction wrt inter-die: inf

---Data Movement---
All traffic (msg): 3,564,174,878
Arith. Intensity FLOP/Loads: 0.38
Arith. Intensity FLOP/Msgs: 0.07
Arith. Intensity OPS/Loads: 0.96
Arith. Intensity OPS/Msgs: 0.17



===Core Utilization Total=== CORE-S:10;; TIME K cy:1,000 ;; Nodes Proc: 15,365,300 -- Edges Proc: 15,540,723
======== IT IS COLD ======= Only 26 Tiles active

===PRINTING FRAME STATS

FCollision In Avg:9, SD:23, Max:138, Min:0
FCollision Out Avg:12, SD:26, Max:106, Min:0
FCollision End Avg:4, SD:15, Max:99, Min:0
FTask1 Avg:2, SD:6, Max:51, Min:0
FTask2 Avg:6, SD:18, Max:99, Min:0
FTask3 Avg:6, SD:2, Max:17, Min:1
FCore Active Avg:14, SD:20, Max:100, Min:3
FRouter Active Avg:30, SD:12, Max:89, Min:4
T1 invocations: 23,504
T2 invocations: 72,652
T3 invocations: 2,948,542
T3b invocations: 0
Total3 invocations: 2,948,542
Total4 invocations: 0

T3/T2 ratio: 41
T3b/T3 ratio: 0

T1 avg ex cycles: 81
T2 avg ex cycles: 86
T3&b avg ex cycles: 2
T4 avg ex cycles: -nan
Avg. hops NOC1: 4
Avg. latency NOC1 (T2): 17,336
Avg. hops NOC2: 12
Avg. latency NOC2 (T3): 4,306

===PRINTING ACUM STATS at pu_cycles: 1,100,298

ACollision In Avg:95, SD:32, Max:253, Min:26
ACollision Out Avg:75, SD:30, Max:210, Min:2
ACollision End Avg:28, SD:14, Max:76, Min:0
ATask1 Avg:9, SD:1, Max:11, Min:3
ATask2 Avg:28, SD:2, Max:31, Min:8
ATask3 Avg:23, SD:4, Max:47, Min:15
ACore Active Avg:59, SD:5, Max:82, Min:33
ARouter Active Avg:79, SD:4, Max:91, Min:35
T1 invocations: 941,520
T2 invocations: 3,893,565
T3 invocations: 126,276,591
T3b invocations: 0
Total3 invocations: 126,276,591
Total4 invocations: 0

T3/T2 ratio: 32
T3b/T3 ratio: 0

T1 avg ex cycles: 102
T2 avg ex cycles: 80
T3&b avg ex cycles: 2
T4 avg ex cycles: -nan
Avg. hops NOC1: 3
Avg. latency NOC1 (T2): 25,420
Avg. hops NOC2: 13
Avg. latency NOC2 (T3): 4,102
Number of K Nodes Processed: 126,311
Number of K Edges Processed: 126,384
Node Re-explore factor: 30.12
Edge Re-explore factor: 0.98
Nodes/cy: 115
Edges/cy: 115
TEPS: 117

---DCache---
DCache Size: 57,456
DRAM words: 262,912
  DHits: 313,539,922
  DMisses: 17,591,893
  DHit Rate (hit/miss): 95%
  DEvictions: 14,029,997
  DEviction Rate (evict/misses): 80%
  MC Transactions: 19,047,250
  MC Writes: 1,103,305
Avg. Transactions: 54% , Writes: 3%, Avg. Latency: 2
Max MC id: 10 of 32. Transactions: 55% , Writes: 3%, MC mean Latency: 2
HBM refresh energy (nJ): 6
HBM access energy (nJ): 36,083,110
MemC wire energy 2.5d (nJ): 7,127,102
MemC wire energy 3d (nJ): 1,781,776

---Energy---
Leakage Energy (nJ): 203,679
PU Dyn E (nJ): 7,468,982
Mem Dyn E (nJ): 68,745,156
Route Dyn E (nJ): 9,814,706
Dynamic Energy (nJ): 86,028,844
Ratio of Dyn/Leak: 422
Total Energy (nJ): 86,232,523
Total Energy (nJ) 3D: 87,216,927
Cores Energy (nJ): 7,472,044
Route Energy (nJ): 9,835,755
Route Energy (nJ) 3D: 16,165,486
Mem Energy   (nJ): 68,924,725
Mem Energy   (nJ) 3D: 63,579,398
Avg. Power (mW): 78,371.97
Power Density (mW/mm2): 91.11

---Runtime---
Runtime in K cycles: 1,100.30
Microseconds: 1,100.30
Time per iteration (ms): 1.10

---Throughput---
GOP/s (aka OPS/ns): 573.01
GOP/s per core: 0.56
GFLOP/s: 229.20
GFLOP/s per core: 0.22
Max Peak GFLOP/s: 1,024.00
Avg. BW GB/s: 4,772.74
Max BW GB/s: 4,096.00

---Traffic---
In-Die bisection_bytes BW (GB/s): 256.00
Inter-board traffic (msg/ns): 0.00, per-link: 0.00
Inter-pack traffic (msg/ns): 0.00, per-link: 0.00
Inter-die traffic (msg/ns): 81.15, per-link: 0.32
Ruche traffic (msg/ns): 80.33, per-link: 0.31
All traffic (msg/ns): 3,307.20, per-link: 3.23
Inter-die reduction wrt all: 40.75
Inter-board reduction wrt inter-die: inf

---Data Movement---
All traffic (msg): 3,638,903,046
Arith. Intensity FLOP/Loads: 0.38
Arith. Intensity FLOP/Msgs: 0.07
Arith. Intensity OPS/Loads: 0.96
Arith. Intensity OPS/Msgs: 0.17



===Core Utilization Total=== CORE-S:11;; TIME K cy:1,100 ;; Nodes Proc: 15,717,775 -- Edges Proc: 15,832,392
======== IT IS COLD ======= Only 16 Tiles active

===PRINTING FRAME STATS

FCollision In Avg:3, SD:14, Max:100, Min:0
FCollision Out Avg:6, SD:19, Max:99, Min:0
FCollision End Avg:2, SD:9, Max:99, Min:0
FTask1 Avg:1, SD:4, Max:51, Min:0
FTask2 Avg:3, SD:13, Max:100, Min:0
FTask3 Avg:3, SD:1, Max:13, Min:0
FCore Active Avg:7, SD:15, Max:100, Min:1
FRouter Active Avg:15, SD:9, Max:68, Min:2
T1 invocations: 9,947
T2 invocations: 37,584
T3 invocations: 1,351,348
T3b invocations: 0
Total3 invocations: 1,351,348
Total4 invocations: 0

T3/T2 ratio: 36
T3b/T3 ratio: 0

T1 avg ex cycles: 86
T2 avg ex cycles: 82
T3&b avg ex cycles: 2
T4 avg ex cycles: -nan
Avg. hops NOC1: 4
Avg. latency NOC1 (T2): 16,676
Avg. hops NOC2: 12
Avg. latency NOC2 (T3): 4,831

===PRINTING ACUM STATS at pu_cycles: 1,200,218

ACollision In Avg:87, SD:29, Max:231, Min:24
ACollision Out Avg:69, SD:28, Max:193, Min:2
ACollision End Avg:26, SD:13, Max:70, Min:0
ATask1 Avg:8, SD:0, Max:10, Min:4
ATask2 Avg:26, SD:1, Max:28, Min:9
ATask3 Avg:21, SD:4, Max:43, Min:14
ACore Active Avg:55, SD:4, Max:76, Min:38
ARouter Active Avg:74, SD:4, Max:89, Min:32
T1 invocations: 951,224
T2 invocations: 3,940,329
T3 invocations: 127,634,867
T3b invocations: 0
Total3 invocations: 127,634,867
Total4 invocations: 0

T3/T2 ratio: 32
T3b/T3 ratio: 0

T1 avg ex cycles: 102
T2 avg ex cycles: 80
T3&b avg ex cycles: 2
T4 avg ex cycles: -nan
Avg. hops NOC1: 3
Avg. latency NOC1 (T2): 25,324
Avg. hops NOC2: 13
Avg. latency NOC2 (T3): 4,113
Number of K Nodes Processed: 127,644
Number of K Edges Processed: 127,658
Node Re-explore factor: 30.43
Edge Re-explore factor: 0.99
Nodes/cy: 106
Edges/cy: 106
TEPS: 107

---DCache---
DCache Size: 57,456
DRAM words: 262,912
  DHits: 317,300,038
  DMisses: 17,767,263
  DHit Rate (hit/miss): 95%
  DEvictions: 14,204,414
  DEviction Rate (evict/misses): 80%
  MC Transactions: 19,231,276
  MC Writes: 1,111,787
Avg. Transactions: 50% , Writes: 3%, Avg. Latency: 2
Max MC id: 10 of 32. Transactions: 51% , Writes: 3%, MC mean Latency: 2
HBM refresh energy (nJ): 6
HBM access energy (nJ): 36,431,729
MemC wire energy 2.5d (nJ): 7,195,961
MemC wire energy 3d (nJ): 1,798,990

---Energy---
Leakage Energy (nJ): 222,176
PU Dyn E (nJ): 7,554,795
Mem Dyn E (nJ): 69,456,728
Route Dyn E (nJ): 9,914,506
Dynamic Energy (nJ): 86,926,030
Ratio of Dyn/Leak: 391
Total Energy (nJ): 87,148,206
Total Energy (nJ) 3D: 88,145,544
Cores Energy (nJ): 7,558,135
Route Energy (nJ): 9,937,467
Route Energy (nJ) 3D: 16,331,776
Mem Energy   (nJ): 69,652,604
Mem Energy   (nJ) 3D: 64,255,633
Avg. Power (mW): 72,610.31
Power Density (mW/mm2): 84.41

---Runtime---
Runtime in K cycles: 1,200.22
Microseconds: 1,200.22
Time per iteration (ms): 1.20

---Throughput---
GOP/s (aka OPS/ns): 531.19
GOP/s per core: 0.52
GFLOP/s: 212.57
GFLOP/s per core: 0.21
Max Peak GFLOP/s: 1,024.00
Avg. BW GB/s: 4,425.42
Max BW GB/s: 4,096.00

---Traffic---
In-Die bisection_bytes BW (GB/s): 256.00
Inter-board traffic (msg/ns): 0.00, per-link: 0.00
Inter-pack traffic (msg/ns): 0.00, per-link: 0.00
Inter-die traffic (msg/ns): 75.05, per-link: 0.29
Ruche traffic (msg/ns): 74.47, per-link: 0.29
All traffic (msg/ns): 3,062.76, per-link: 2.99
Inter-die reduction wrt all: 40.81
Inter-board reduction wrt inter-die: inf

---Data Movement---
All traffic (msg): 3,675,979,763
Arith. Intensity FLOP/Loads: 0.38
Arith. Intensity FLOP/Msgs: 0.07
Arith. Intensity OPS/Loads: 0.96
Arith. Intensity OPS/Msgs: 0.17



===Core Utilization Total=== CORE-S:12;; TIME K cy:1,200 ;; Nodes Proc: 15,883,919 -- Edges Proc: 15,989,873
======== IT IS COLD ======= Only 7 Tiles active

===PRINTING FRAME STATS

FCollision In Avg:1, SD:10, Max:98, Min:0
FCollision Out Avg:2, SD:13, Max:97, Min:0
FCollision End Avg:1, SD:6, Max:96, Min:0
FTask1 Avg:0, SD:3, Max:40, Min:0
FTask2 Avg:1, SD:8, Max:100, Min:0
FTask3 Avg:1, SD:0, Max:7, Min:0
FCore Active Avg:3, SD:10, Max:100, Min:1
FRouter Active Avg:7, SD:6, Max:55, Min:0
T1 invocations: 4,628
T2 invocations: 15,060
T3 invocations: 546,192
T3b invocations: 0
Total3 invocations: 546,192
Total4 invocations: 0

T3/T2 ratio: 36
T3b/T3 ratio: 0

T1 avg ex cycles: 80
T2 avg ex cycles: 83
T3&b avg ex cycles: 2
T4 avg ex cycles: -nan
Avg. hops NOC1: 4
Avg. latency NOC1 (T2): 17,253
Avg. hops NOC2: 12
Avg. latency NOC2 (T3): 3,373

===PRINTING ACUM STATS at pu_cycles: 1,300,180

ACollision In Avg:81, SD:27, Max:213, Min:22
ACollision Out Avg:64, SD:26, Max:178, Min:2
ACollision End Avg:24, SD:12, Max:64, Min:0
ATask1 Avg:7, SD:0, Max:9, Min:6
ATask2 Avg:24, SD:1, Max:26, Min:15
ATask3 Avg:20, SD:3, Max:40, Min:13
ACore Active Avg:51, SD:4, Max:73, Min:38
ARouter Active Avg:69, SD:4, Max:85, Min:30
T1 invocations: 955,717
T2 invocations: 3,954,486
T3 invocations: 128,174,007
T3b invocations: 0
Total3 invocations: 128,174,007
Total4 invocations: 0

T3/T2 ratio: 32
T3b/T3 ratio: 0

T1 avg ex cycles: 102
T2 avg ex cycles: 80
T3&b avg ex cycles: 2
T4 avg ex cycles: -nan
Avg. hops NOC1: 3
Avg. latency NOC1 (T2): 25,294
Avg. hops NOC2: 13
Avg. latency NOC2 (T3): 4,108
Number of K Nodes Processed: 128,177
Number of K Edges Processed: 128,182
Node Re-explore factor: 30.56
Edge Re-explore factor: 1.00
Nodes/cy: 99
Edges/cy: 99
TEPS: 99

---DCache---
DCache Size: 57,456
DRAM words: 262,912
  DHits: 318,837,981
  DMisses: 17,838,108
  DHit Rate (hit/miss): 95%
  DEvictions: 14,275,254
  DEviction Rate (evict/misses): 80%
  MC Transactions: 19,303,675
  MC Writes: 1,113,309
Avg. Transactions: 46% , Writes: 3%, Avg. Latency: 2
Max MC id: 10 of 32. Transactions: 47% , Writes: 3%, MC mean Latency: 2
HBM refresh energy (nJ): 7
HBM access energy (nJ): 36,568,881
MemC wire energy 2.5d (nJ): 7,223,052
MemC wire energy 3d (nJ): 1,805,763

---Energy---
Leakage Energy (nJ): 240,680
PU Dyn E (nJ): 7,584,341
Mem Dyn E (nJ): 69,727,822
Route Dyn E (nJ): 9,954,792
Dynamic Energy (nJ): 87,266,956
Ratio of Dyn/Leak: 363
Total Energy (nJ): 87,507,636
Total Energy (nJ) 3D: 88,510,372
Cores Energy (nJ): 7,587,960
Route Energy (nJ): 9,979,665
Route Energy (nJ) 3D: 16,399,690
Mem Energy   (nJ): 69,940,011
Mem Energy   (nJ) 3D: 64,522,723
Avg. Power (mW): 67,304.25
Power Density (mW/mm2): 78.24

---Runtime---
Runtime in K cycles: 1,300.18
Microseconds: 1,300.18
Time per iteration (ms): 1.30

---Throughput---
GOP/s (aka OPS/ns): 492.25
GOP/s per core: 0.48
GFLOP/s: 197.00
GFLOP/s per core: 0.19
Max Peak GFLOP/s: 1,024.00
Avg. BW GB/s: 4,101.45
Max BW GB/s: 4,096.00

---Traffic---
In-Die bisection_bytes BW (GB/s): 256.00
Inter-board traffic (msg/ns): 0.00, per-link: 0.00
Inter-pack traffic (msg/ns): 0.00, per-link: 0.00
Inter-die traffic (msg/ns): 69.54, per-link: 0.27
Ruche traffic (msg/ns): 69.06, per-link: 0.27
All traffic (msg/ns): 2,838.66, per-link: 2.77
Inter-die reduction wrt all: 40.82
Inter-board reduction wrt inter-die: inf

---Data Movement---
All traffic (msg): 3,690,768,833
Arith. Intensity FLOP/Loads: 0.38
Arith. Intensity FLOP/Msgs: 0.07
Arith. Intensity OPS/Loads: 0.96
Arith. Intensity OPS/Msgs: 0.17



===Core Utilization Total=== CORE-S:13;; TIME K cy:1,300 ;; Nodes Proc: 15,949,509 -- Edges Proc: 16,014,804
======== IT IS COLD ======= Only 0 Tiles active
Epoch Done Router: 2
Epoch Done Router: 6
Epoch Done Router: 7
Epoch Done Router: 0
Epoch Done Router: 1
##EPOCH## 1 COMPLETED at Time (K cy): 1,396
Nodes processed until now: 128,311,436
Edges processed until now: 128,311,436
Epoch Done Router: 3
Epoch Done Router: 4
Epoch Done Router: 5
Program Done Worker Thread: 7
Program Done Router Thread: 1
Program Done Router Thread: 5
Program Done Worker Thread: 0
Program Done Worker Thread: 5
Program Done Router Thread: 4
Program Done Router Thread: 2
Program Done Worker Thread: 1
Program Done Router Thread: 7
Program Done Router Thread: 0
Program Done Router Thread: 6
Program Done Worker Thread: 2
Program Done Router Thread: 3
Program Done Worker Thread: 6
Program Done Worker Thread: 3
Program Done Worker Thread: 4

===PRINTING ACUM STATS at pu_cycles: 1,396,393

ACollision In Avg:75, SD:25, Max:198, Min:20
ACollision Out Avg:59, SD:24, Max:166, Min:2
ACollision End Avg:23, SD:11, Max:60, Min:0
ATask1 Avg:7, SD:0, Max:8, Min:6
ATask2 Avg:22, SD:0, Max:23, Min:20
ATask3 Avg:18, SD:3, Max:38, Min:12
ACore Active Avg:47, SD:3, Max:68, Min:40
ARouter Active Avg:64, SD:4, Max:75, Min:28
T1 invocations: 956,901
T2 invocations: 3,964,364
T3 invocations: 128,311,436
T3b invocations: 0
Total3 invocations: 128,311,436
Total4 invocations: 0

T3/T2 ratio: 32
T3b/T3 ratio: 0

T1 avg ex cycles: 102
T2 avg ex cycles: 80
T3&b avg ex cycles: 2
T4 avg ex cycles: -nan
Avg. hops NOC1: 3
Avg. latency NOC1 (T2): 25,275
Avg. hops NOC2: 13
Avg. latency NOC2 (T3): 4,108

Runtime at program end in K cycles: 1,396
Runtime before cooldown in K cycles: 800


Number of K Nodes Processed: 128,311
Number of K Edges Processed: 128,311
Node Re-explore factor: 30.59
Edge Re-explore factor: 1.00
Nodes/cy: 92
Edges/cy: 92
TEPS: 92

---DCache---
DCache Size: 57,456
DRAM words: 262,912
  DHits: 319,219,651
  DMisses: 17,856,097
  DHit Rate (hit/miss): 95%
  DEvictions: 14,293,243
  DEviction Rate (evict/misses): 80%
  MC Transactions: 19,322,251
  MC Writes: 1,113,895
Avg. Transactions: 43% , Writes: 2%, Avg. Latency: 2
Max MC id: 10 of 32. Transactions: 43% , Writes: 3%, MC mean Latency: 2
HBM refresh energy (nJ): 8
HBM access energy (nJ): 36,604,072
MemC wire energy 2.5d (nJ): 7,230,002
MemC wire energy 3d (nJ): 1,807,501

---Energy---
Leakage Energy (nJ): 258,490
PU Dyn E (nJ): 7,598,378
Mem Dyn E (nJ): 69,812,033
Route Dyn E (nJ): 9,966,251
Dynamic Energy (nJ): 87,376,663
Ratio of Dyn/Leak: 338
Total Energy (nJ): 87,635,153
Total Energy (nJ) 3D: 88,640,421
Cores Energy (nJ): 7,602,265
Route Energy (nJ): 9,992,964
Route Energy (nJ) 3D: 16,420,733
Mem Energy   (nJ): 70,039,925
Mem Energy   (nJ) 3D: 64,617,423
Avg. Power (mW): 62,758.23
Power Density (mW/mm2): 72.96

---Runtime---
Runtime in K cycles: 1,396.39
Microseconds: 1,396.39
Time per iteration (ms): 1.40

---Inst---
K Loads: 666,889
K Stores: 668,562
K Instructions: 641,163

---Throughput---
GOP/s (aka OPS/ns): 459.16
GOP/s per core: 0.45
GFLOP/s: 183.78
GFLOP/s per core: 0.18
Max Peak GFLOP/s: 1,024.00
Avg. BW GB/s: 3,825.43
Max BW GB/s: 4,096.00

---Traffic---
In-Die bisection_bytes BW (GB/s): 256.00
Inter-board traffic (msg/ns): 0.00, per-link: 0.00
Inter-pack traffic (msg/ns): 0.00, per-link: 0.00
Inter-die traffic (msg/ns): 64.81, per-link: 0.25
Ruche traffic (msg/ns): 64.37, per-link: 0.25
All traffic (msg/ns): 2,646.15, per-link: 2.58
Inter-die reduction wrt all: 40.83
Inter-board reduction wrt inter-die: inf

---Data Movement---
All traffic (msg): 3,695,064,858
Arith. Intensity FLOP/Loads: 0.38
Arith. Intensity FLOP/Msgs: 0.07
Arith. Intensity OPS/Loads: 0.96
Arith. Intensity OPS/Msgs: 0.17

Simulation time: 115.85
Sim time / DUT time: 81.02
Sim noc_cy/s: 12,053.63
Sim Msg/s: 31,895,697.52

Version 32

