Dataset:  wikipedia/
Dry run: 0
Open Edge Count File succesfully
Edges Traversed BFS: 95554407
Found Vertices: 4206336, Edges: 101311613
avg degree 25
Array  wikipedia/node_array.bin found
Malloc array of size 16825348 bytes
Readin array of size 16825160 bytes
Finished Reading Array Bytes
No reordering Array 32bit
Array  wikipedia/edge_array.bin found
Malloc array of size 405246452 bytes
Readin array of size 405246452 bytes
Finished Reading Array Bytes
No reordering Array 32bit
Array  wikipedia/edge_values.bin found
Malloc array of size 405246452 bytes
Readin array of size 405246452 bytes
Finished Reading Array Bytes
No reordering Array 32bit
Reading graph elapsed time: 0.265344s

Dataset Footprint: 821 MiB
Dataset Footprint per Board: 6887.83 Mb
Dataset injection time (ms): 0.4204
Max Dataset Footprint: 821 MiB

Dataset footprint per tile: 3284 KiB
Proxys footprint per tile: 0 KiB
Reserved SRAM per tile: 1159 KiB

Ideal SRAM per tile: 4443 KiB
reserved_words_for_dataset:360072
dataset_words_per_tile:840800
remaining_sram_words:1800362
min_dcache_sram_words_required:363580
dataset_words_per_tile:840800
min_pcache_sram_words_required:0
proxys_words_per_tile:0
Dcache footprint ratio: 1
Dataset Cached: 0
DCache: 840800 words, lines: 52550, sets: 52550
Proxys Cached: 0
Pcache: 0 words, sets: 0
Node per tile: 16,431
Edge per tile: 395,749
GRID_X: 16
GRID_SIZE: 256
smt_per_tile: 16
noc_freq: 2
pu_freq: 1
RUCHE_X: 2
PROXY_W: 16
DIE_W: 4
DIE_H: 4
DIES: 16
BORDER_TILES_PER_DIE: 16
PACK_W: 16
PACK_H: 16
DIES_PACK_FACTOR: 4
DIES_PER_PACK: 16
PACKAGES: 1
BOARD_W: 16
BOARD_H: 16
BOARDS: 1
MUX_BUS: 1
DCACHE: 1
PCACHE: 0
PROXY_FACTOR: 1
CACHE_WAYS: 1
TORUS: 1
PHY_NOCS: 1
WIDE_NOC_ID: 0
NOC_CONF: 1
noc_width: 32
hbm_channel_bit_width: 512
ld_st_op_byte_width: 4
PROXY_ROUTING: 0
WITHIN_REGION: 0
WRITE_THROUGH: 0
ASSERT_MODE: 0
GLOBAL_BARRIER: 0
OQ flits: 576 ; 98,304 ; 2
IQ flits: 1,152 ; 196,608 ; 2
OQ messages: 192 ; 49,152 ; 1
IQ messages: 384 ; 98,304 ; 1
max_task2 size: 64
io_factor_t2: 2
io_factor_t3: 2
io_factor_t3b: 2

Active SRAM Storage per tile: 4,443 KiB
Total SRAM Storage per tile: 8,192 KiB
Agreggated SRAM Storage: 2,048 MiB

Active DRAM Storage per tile: 0 MiB
Total DRAM Storage per tile: 512 MiB
Agreggated DRAM Storage: 128 GiB

Inter-Die #links: 128
Inter-Die (Gbits): 8,192
Inter-Die (Gbits/mm): 246.342
Bisection BW of Board (Gbits): 8,192
Border IO #Dies: 16
Border IO Die BW (Gbits): 1,024
Off-Board BW Total (Gbits): 16,384
Off-Board BW Density (Gbits/mm): 54
Die side: 8.31 mm
Die border wire density: 246.34 Gbits/mm
HBM wire density: 492.68 Gbits/mm

Tiles per Die: 16 (4x4)
Tile Area: 3.02 mm2, side: 1.74 mm
- Core/Rout Area: 0.72 mm2
- SRAM Area: 2.30 mm2
- SRAM/Logic Ratio: 3.19x

Dies per Package: 16 (4x4)
Die Area: 69.12 mm2, side: 8.31 mm
- Tiles Area: 48.24 mm2
- PHY Area: 11.87 mm2
- MC Area: 9.00 mm2

Packages per Board: 1 (1x1)
Package Area: 5,745.87 mm2, side: 75.80 mm
- IOdie Area: 2,880.00 mm2
- Dies Area: 1,105.87 mm2
- HBM Area: 1,760.00 mm2

Boards: 1 (1x1)
Board Area: 5,745.87 mm2
Total Area: 5,745.87 mm2



ESTIMATED COST OF SILICON AND PACKAGING. ONLY VARIABLE, NO FIXED COSTS
Good dies per wafer 3d: 483
Good dies per wafer 2d: 808
--Dies 3D Cost: 200.31 $
--Dies 2.5D Cost: 119.74 $
--Dies 2D Cost: 119.74 $
--HBM Cost: 960.00 $
--IOdie Cost: 417.03 $
--Packaging Cost 3d: 98.59 $
--Packaging Cost 2.5d: 122.43 $
--Packaging Cost 2d: 80.52 $
SiP Cost 3d: 1,675.94 $
SiP Cost 2.5d: 1,619.20 $
SiP Cost 2d: 617.29 $
--Board Cost: 5.75 $
Total SiPs Cost 3d: 1,681.68 $
Total SiPs Cost 2.5d: 1,624.95 $
Total SiPs Cost 2d: 623.04 $

Perf counters initialized
Mesh connected
Cache structures initialized
proxys initialized
Dataset structures initialized


Starting Simulation
INIT epoch: 1
INIT epoch: 1
INIT epoch: 1
INIT epoch: 1
INIT epoch: 1
INIT epoch: 1
INIT epoch: 1
INIT epoch: 1

===PRINTING FRAME STATS

FCollision In Avg:-nan, SD:-nan, Max:792, Min:21
FCollision Out Avg:-nan, SD:-nan, Max:427, Min:1
FCollision End Avg:-nan, SD:-nan, Max:94, Min:0
FTask1 Avg:-nan, SD:-nan, Max:511, Min:14
FTask2 Avg:-nan, SD:-nan, Max:1,392, Min:0
FTask3 Avg:-nan, SD:-nan, Max:773, Min:12
FCore Active Avg:-nan, SD:-nan, Max:98, Min:2
FRouter Active Avg:-nan, SD:-nan, Max:100, Min:7
T1 invocations: 220,000
T2 invocations: 548,059
T3 invocations: 6,290,620
T3b invocations: 0
Total3 invocations: 6,290,620
Total4 invocations: 0

T3/T2 ratio: 11
T3b/T3 ratio: 0

T1 avg ex cycles: 105
T2 avg ex cycles: 126
T3&b avg ex cycles: 4
T4 avg ex cycles: -nan
Avg. hops NOC1: 4
Avg. latency NOC1 (T2): 4,698
Avg. hops NOC2: 4
Avg. latency NOC2 (T3): 18,316

===PRINTING ACUM STATS at pu_cycles: 103,185

ACollision In Avg:-nan, SD:-nan, Max:792, Min:21
ACollision Out Avg:-nan, SD:-nan, Max:427, Min:1
ACollision End Avg:-nan, SD:-nan, Max:94, Min:0
ATask1 Avg:-nan, SD:-nan, Max:511, Min:14
ATask2 Avg:-nan, SD:-nan, Max:1,392, Min:0
ATask3 Avg:-nan, SD:-nan, Max:773, Min:12
ACore Active Avg:-nan, SD:-nan, Max:98, Min:2
ARouter Active Avg:-nan, SD:-nan, Max:100, Min:7
T1 invocations: 220,000
T2 invocations: 548,059
T3 invocations: 6,290,620
T3b invocations: 0
Total3 invocations: 6,290,620
Total4 invocations: 0

T3/T2 ratio: 11
T3b/T3 ratio: 0

T1 avg ex cycles: 105
T2 avg ex cycles: 126
T3&b avg ex cycles: 4
T4 avg ex cycles: -nan
Avg. hops NOC1: 4
Avg. latency NOC1 (T2): 4,698
Avg. hops NOC2: 4
Avg. latency NOC2 (T3): 18,316
Number of K Nodes Processed: 7,198
Number of K Edges Processed: 13,443
Node Re-explore factor: 1.71
Edge Re-explore factor: 0.13
Nodes/cy: 70
Edges/cy: 130
TEPS: 926

---DCache---
DCache Size: 840,800
DRAM words: 0
  DHits: 0
  DMisses: 0

---Energy---
Leakage Energy (nJ): 105,423
PU Dyn E (nJ): 570,372
Mem Dyn E (nJ): 7,366,769
Route Dyn E (nJ): 875,192
Dynamic Energy (nJ): 8,812,334
Ratio of Dyn/Leak: 84
Total Energy (nJ): 8,917,757
Total Energy (nJ) 3D: 9,283,474
Cores Energy (nJ): 571,521
Route Energy (nJ): 906,115
Route Energy (nJ) 3D: 1,271,832
Mem Energy   (nJ): 7,440,122
Mem Energy   (nJ) 3D: 7,440,122
Avg. Power (mW): 86,424.94
Power Density (mW/mm2): 15.04

---Runtime---
Runtime in K cycles: 103.19
Microseconds: 103.19
Time per iteration (ms): 0.10

---Throughput---
GOP/s (aka OPS/ns): 549.94
GOP/s per core: 2.15
GFLOP/s: 165.81
GFLOP/s per core: 0.65
Max Peak GFLOP/s: 4,096.00
Avg. BW GB/s: 3,459.19
Max BW GB/s: 16,384.00

---Traffic---
In-Die bisection_bytes BW (GB/s): 256.00
Inter-board traffic (msg/ns): 0.00, per-link: 0.00
Inter-pack traffic (msg/ns): 0.00, per-link: 0.00
Inter-die traffic (msg/ns): 38.14, per-link: 0.15
Ruche traffic (msg/ns): 160.86, per-link: 0.63
All traffic (msg/ns): 601.15, per-link: 2.35
Inter-die reduction wrt all: 15.76
Inter-board reduction wrt inter-die: inf

---Data Movement---
All traffic (msg): 62,029,488
Arith. Intensity FLOP/Loads: 0.38
Arith. Intensity FLOP/Msgs: 0.28
Arith. Intensity OPS/Loads: 1.28
Arith. Intensity OPS/Msgs: 0.91



===Core Utilization Total=== CORE-S:1;; TIME K cy:100 ;; Nodes Proc: 676,868 -- Edges Proc: 1,422,946

===PRINTING FRAME STATS

FCollision In Avg:199, SD:110, Max:734, Min:19
FCollision Out Avg:167, SD:98, Max:459, Min:0
FCollision End Avg:32, SD:42, Max:100, Min:0
FTask1 Avg:46, SD:92, Max:514, Min:0
FTask2 Avg:144, SD:264, Max:1,185, Min:0
FTask3 Avg:108, SD:120, Max:800, Min:11
FCore Active Avg:19, SD:22, Max:97, Min:1
FRouter Active Avg:43, SD:26, Max:100, Min:6
T1 invocations: 125,508
T2 invocations: 278,237
T3 invocations: 6,897,879
T3b invocations: 0
Total3 invocations: 6,897,879
Total4 invocations: 0

T3/T2 ratio: 25
T3b/T3 ratio: 0

T1 avg ex cycles: 94
T2 avg ex cycles: 132
T3&b avg ex cycles: 4
T4 avg ex cycles: -nan
Avg. hops NOC1: 4
Avg. latency NOC1 (T2): 15,407
Avg. hops NOC2: 4
Avg. latency NOC2 (T3): 38,039

===PRINTING ACUM STATS at pu_cycles: 205,309

ACollision In Avg:196, SD:111, Max:763, Min:19
ACollision Out Avg:162, SD:90, Max:443, Min:1
ACollision End Avg:30, SD:36, Max:96, Min:0
ATask1 Avg:76, SD:84, Max:372, Min:7
ATask2 Avg:240, SD:275, Max:1,258, Min:0
ATask3 Avg:110, SD:111, Max:786, Min:11
ACore Active Avg:27, SD:22, Max:97, Min:2
ARouter Active Avg:45, SD:25, Max:100, Min:7
T1 invocations: 356,260
T2 invocations: 897,062
T3 invocations: 13,554,962
T3b invocations: 0
Total3 invocations: 13,554,962
Total4 invocations: 0

T3/T2 ratio: 15
T3b/T3 ratio: 0

T1 avg ex cycles: 103
T2 avg ex cycles: 129
T3&b avg ex cycles: 4
T4 avg ex cycles: -nan
Avg. hops NOC1: 4
Avg. latency NOC1 (T2): 7,955
Avg. hops NOC2: 4
Avg. latency NOC2 (T3): 28,316
Number of K Nodes Processed: 14,234
Number of K Edges Processed: 19,641
Node Re-explore factor: 3.38
Edge Re-explore factor: 0.19
Nodes/cy: 69
Edges/cy: 96
TEPS: 465

---DCache---
DCache Size: 840,800
DRAM words: 0
  DHits: 0
  DMisses: 0

---Energy---
Leakage Energy (nJ): 209,763
PU Dyn E (nJ): 1,029,783
Mem Dyn E (nJ): 13,784,665
Route Dyn E (nJ): 1,819,665
Dynamic Energy (nJ): 16,634,114
Ratio of Dyn/Leak: 79
Total Energy (nJ): 16,843,877
Total Energy (nJ) 3D: 17,650,302
Cores Energy (nJ): 1,032,069
Route Energy (nJ): 1,881,193
Route Energy (nJ) 3D: 2,687,618
Mem Energy   (nJ): 13,930,615
Mem Energy   (nJ) 3D: 13,930,615
Avg. Power (mW): 82,041.59
Power Density (mW/mm2): 14.28

---Runtime---
Runtime in K cycles: 205.31
Microseconds: 205.31
Time per iteration (ms): 0.21

---Throughput---
GOP/s (aka OPS/ns): 484.11
GOP/s per core: 1.89
GFLOP/s: 154.18
GFLOP/s per core: 0.60
Max Peak GFLOP/s: 4,096.00
Avg. BW GB/s: 3,253.16
Max BW GB/s: 16,384.00

---Traffic---
In-Die bisection_bytes BW (GB/s): 256.00
Inter-board traffic (msg/ns): 0.00, per-link: 0.00
Inter-pack traffic (msg/ns): 0.00, per-link: 0.00
Inter-die traffic (msg/ns): 36.85, per-link: 0.14
Ruche traffic (msg/ns): 153.66, per-link: 0.60
All traffic (msg/ns): 628.56, per-link: 2.46
Inter-die reduction wrt all: 17.06
Inter-board reduction wrt inter-die: inf

---Data Movement---
All traffic (msg): 129,049,673
Arith. Intensity FLOP/Loads: 0.38
Arith. Intensity FLOP/Msgs: 0.25
Arith. Intensity OPS/Loads: 1.19
Arith. Intensity OPS/Msgs: 0.77



===Core Utilization Total=== CORE-S:2;; TIME K cy:200 ;; Nodes Proc: 1,313,872 -- Edges Proc: 1,958,663

===PRINTING FRAME STATS

FCollision In Avg:182, SD:97, Max:663, Min:1
FCollision Out Avg:139, SD:95, Max:399, Min:0
FCollision End Avg:28, SD:41, Max:100, Min:0
FTask1 Avg:46, SD:88, Max:430, Min:0
FTask2 Avg:170, SD:297, Max:1,437, Min:0
FTask3 Avg:123, SD:125, Max:798, Min:12
FCore Active Avg:21, SD:23, Max:95, Min:1
FRouter Active Avg:51, SD:23, Max:100, Min:11
T1 invocations: 134,399
T2 invocations: 327,237
T3 invocations: 7,847,159
T3b invocations: 0
Total3 invocations: 7,847,159
Total4 invocations: 0

T3/T2 ratio: 24
T3b/T3 ratio: 0

T1 avg ex cycles: 88
T2 avg ex cycles: 133
T3&b avg ex cycles: 4
T4 avg ex cycles: -nan
Avg. hops NOC1: 4
Avg. latency NOC1 (T2): 24,820
Avg. hops NOC2: 5
Avg. latency NOC2 (T3): 53,682

===PRINTING ACUM STATS at pu_cycles: 304,949

ACollision In Avg:191, SD:103, Max:690, Min:18
ACollision Out Avg:155, SD:89, Max:409, Min:3
ACollision End Avg:30, SD:36, Max:98, Min:0
ATask1 Avg:65, SD:66, Max:228, Min:5
ATask2 Avg:220, SD:224, Max:856, Min:0
ATask3 Avg:115, SD:109, Max:790, Min:12
ACore Active Avg:25, SD:19, Max:80, Min:2
ARouter Active Avg:47, SD:21, Max:100, Min:10
T1 invocations: 501,452
T2 invocations: 1,302,871
T3 invocations: 22,046,301
T3b invocations: 0
Total3 invocations: 22,046,301
Total4 invocations: 0

T3/T2 ratio: 17
T3b/T3 ratio: 0

T1 avg ex cycles: 99
T2 avg ex cycles: 130
T3&b avg ex cycles: 4
T4 avg ex cycles: -nan
Avg. hops NOC1: 3
Avg. latency NOC1 (T2): 12,286
Avg. hops NOC2: 5
Avg. latency NOC2 (T3): 37,576
Number of K Nodes Processed: 22,082
Number of K Edges Processed: 26,512
Node Re-explore factor: 5.25
Edge Re-explore factor: 0.26
Nodes/cy: 72
Edges/cy: 87
TEPS: 313

---DCache---
DCache Size: 840,800
DRAM words: 0
  DHits: 0
  DMisses: 0

---Energy---
Leakage Energy (nJ): 311,564
PU Dyn E (nJ): 1,551,638
Mem Dyn E (nJ): 21,186,577
Route Dyn E (nJ): 3,012,398
Dynamic Energy (nJ): 25,750,613
Ratio of Dyn/Leak: 83
Total Energy (nJ): 26,062,177
Total Energy (nJ) 3D: 27,446,403
Cores Energy (nJ): 1,555,034
Route Energy (nJ): 3,103,786
Route Energy (nJ) 3D: 4,488,012
Mem Energy   (nJ): 21,403,359
Mem Energy   (nJ) 3D: 21,403,359
Avg. Power (mW): 85,464.05
Power Density (mW/mm2): 14.87

---Runtime---
Runtime in K cycles: 304.95
Microseconds: 304.95
Time per iteration (ms): 0.30

---Throughput---
GOP/s (aka OPS/ns): 480.52
GOP/s per core: 1.88
GFLOP/s: 159.05
GFLOP/s per core: 0.62
Max Peak GFLOP/s: 4,096.00
Avg. BW GB/s: 3,366.30
Max BW GB/s: 16,384.00

---Traffic---
In-Die bisection_bytes BW (GB/s): 256.00
Inter-board traffic (msg/ns): 0.00, per-link: 0.00
Inter-pack traffic (msg/ns): 0.00, per-link: 0.00
Inter-die traffic (msg/ns): 44.62, per-link: 0.17
Ruche traffic (msg/ns): 155.18, per-link: 0.61
All traffic (msg/ns): 695.69, per-link: 2.72
Inter-die reduction wrt all: 15.59
Inter-board reduction wrt inter-die: inf

---Data Movement---
All traffic (msg): 212,150,379
Arith. Intensity FLOP/Loads: 0.38
Arith. Intensity FLOP/Msgs: 0.23
Arith. Intensity OPS/Loads: 1.14
Arith. Intensity OPS/Msgs: 0.69



===Core Utilization Total=== CORE-S:3;; TIME K cy:300 ;; Nodes Proc: 2,082,755 -- Edges Proc: 2,596,515

===PRINTING FRAME STATS

FCollision In Avg:171, SD:92, Max:635, Min:1
FCollision Out Avg:125, SD:87, Max:406, Min:0
FCollision End Avg:27, SD:41, Max:100, Min:0
FTask1 Avg:59, SD:81, Max:415, Min:0
FTask2 Avg:200, SD:304, Max:1,179, Min:0
FTask3 Avg:137, SD:123, Max:786, Min:17
FCore Active Avg:25, SD:23, Max:100, Min:1
FRouter Active Avg:58, SD:21, Max:99, Min:12
T1 invocations: 163,857
T2 invocations: 399,730
T3 invocations: 8,736,491
T3b invocations: 0
Total3 invocations: 8,736,491
Total4 invocations: 0

T3/T2 ratio: 22
T3b/T3 ratio: 0

T1 avg ex cycles: 92
T2 avg ex cycles: 128
T3&b avg ex cycles: 4
T4 avg ex cycles: -nan
Avg. hops NOC1: 4
Avg. latency NOC1 (T2): 22,229
Avg. hops NOC2: 5
Avg. latency NOC2 (T3): 49,267

===PRINTING ACUM STATS at pu_cycles: 411,204

ACollision In Avg:186, SD:97, Max:667, Min:14
ACollision Out Avg:148, SD:86, Max:381, Min:3
ACollision End Avg:29, SD:35, Max:98, Min:0
ATask1 Avg:64, SD:56, Max:191, Min:4
ATask2 Avg:216, SD:194, Max:642, Min:0
ATask3 Avg:121, SD:107, Max:789, Min:13
ACore Active Avg:25, SD:17, Max:79, Min:2
ARouter Active Avg:50, SD:19, Max:100, Min:14
T1 invocations: 662,027
T2 invocations: 1,684,517
T3 invocations: 30,451,215
T3b invocations: 0
Total3 invocations: 30,451,215
Total4 invocations: 0

T3/T2 ratio: 18
T3b/T3 ratio: 0

T1 avg ex cycles: 97
T2 avg ex cycles: 130
T3&b avg ex cycles: 4
T4 avg ex cycles: -nan
Avg. hops NOC1: 4
Avg. latency NOC1 (T2): 14,627
Avg. hops NOC2: 5
Avg. latency NOC2 (T3): 40,625
Number of K Nodes Processed: 30,899
Number of K Edges Processed: 35,094
Node Re-explore factor: 7.35
Edge Re-explore factor: 0.35
Nodes/cy: 75
Edges/cy: 85
TEPS: 232

---DCache---
DCache Size: 840,800
DRAM words: 0
  DHits: 0
  DMisses: 0

---Energy---
Leakage Energy (nJ): 420,124
PU Dyn E (nJ): 2,059,597
Mem Dyn E (nJ): 28,359,417
Route Dyn E (nJ): 4,264,935
Dynamic Energy (nJ): 34,683,950
Ratio of Dyn/Leak: 83
Total Energy (nJ): 35,104,074
Total Energy (nJ) 3D: 37,059,971
Cores Energy (nJ): 2,064,175
Route Energy (nJ): 4,388,166
Route Energy (nJ) 3D: 6,344,062
Mem Energy   (nJ): 28,651,734
Mem Energy   (nJ) 3D: 28,651,734
Avg. Power (mW): 85,369.00
Power Density (mW/mm2): 14.86

---Runtime---
Runtime in K cycles: 411.20
Microseconds: 411.20
Time per iteration (ms): 0.41

---Throughput---
GOP/s (aka OPS/ns): 470.43
GOP/s per core: 1.84
GFLOP/s: 157.21
GFLOP/s per core: 0.61
Max Peak GFLOP/s: 4,096.00
Avg. BW GB/s: 3,341.64
Max BW GB/s: 16,384.00

---Traffic---
In-Die bisection_bytes BW (GB/s): 256.00
Inter-board traffic (msg/ns): 0.00, per-link: 0.00
Inter-pack traffic (msg/ns): 0.00, per-link: 0.00
Inter-die traffic (msg/ns): 51.82, per-link: 0.20
Ruche traffic (msg/ns): 158.70, per-link: 0.62
All traffic (msg/ns): 725.60, per-link: 2.83
Inter-die reduction wrt all: 14.00
Inter-board reduction wrt inter-die: inf

---Data Movement---
All traffic (msg): 298,369,520
Arith. Intensity FLOP/Loads: 0.38
Arith. Intensity FLOP/Msgs: 0.22
Arith. Intensity OPS/Loads: 1.13
Arith. Intensity OPS/Msgs: 0.65



===Core Utilization Total=== CORE-S:4;; TIME K cy:400 ;; Nodes Proc: 3,175,551 -- Edges Proc: 3,065,483

===PRINTING FRAME STATS

FCollision In Avg:166, SD:88, Max:556, Min:0
FCollision Out Avg:131, SD:87, Max:450, Min:0
FCollision End Avg:28, SD:40, Max:100, Min:0
FTask1 Avg:58, SD:83, Max:388, Min:0
FTask2 Avg:176, SD:232, Max:1,042, Min:0
FTask3 Avg:115, SD:107, Max:760, Min:12
FCore Active Avg:22, SD:19, Max:80, Min:1
FRouter Active Avg:50, SD:20, Max:100, Min:10
T1 invocations: 160,822
T2 invocations: 360,733
T3 invocations: 7,328,287
T3b invocations: 0
Total3 invocations: 7,328,287
Total4 invocations: 0

T3/T2 ratio: 20
T3b/T3 ratio: 0

T1 avg ex cycles: 93
T2 avg ex cycles: 125
T3&b avg ex cycles: 4
T4 avg ex cycles: -nan
Avg. hops NOC1: 4
Avg. latency NOC1 (T2): 21,202
Avg. hops NOC2: 5
Avg. latency NOC2 (T3): 47,852

===PRINTING ACUM STATS at pu_cycles: 504,273

ACollision In Avg:182, SD:91, Max:645, Min:25
ACollision Out Avg:144, SD:83, Max:377, Min:3
ACollision End Avg:29, SD:33, Max:98, Min:0
ATask1 Avg:63, SD:48, Max:169, Min:3
ATask2 Avg:211, SD:169, Max:563, Min:0
ATask3 Avg:119, SD:102, Max:781, Min:13
ACore Active Avg:25, SD:15, Max:73, Min:2
ARouter Active Avg:50, SD:17, Max:99, Min:16
T1 invocations: 812,965
T2 invocations: 2,077,244
T3 invocations: 37,451,431
T3b invocations: 0
Total3 invocations: 37,451,431
Total4 invocations: 0

T3/T2 ratio: 18
T3b/T3 ratio: 0

T1 avg ex cycles: 97
T2 avg ex cycles: 128
T3&b avg ex cycles: 4
T4 avg ex cycles: -nan
Avg. hops NOC1: 4
Avg. latency NOC1 (T2): 15,589
Avg. hops NOC2: 5
Avg. latency NOC2 (T3): 42,105
Number of K Nodes Processed: 37,875
Number of K Edges Processed: 42,516
Node Re-explore factor: 9.00
Edge Re-explore factor: 0.42
Nodes/cy: 75
Edges/cy: 84
TEPS: 189

---DCache---
DCache Size: 840,800
DRAM words: 0
  DHits: 0
  DMisses: 0

---Energy---
Leakage Energy (nJ): 515,212
PU Dyn E (nJ): 2,522,095
Mem Dyn E (nJ): 34,760,340
Route Dyn E (nJ): 5,377,777
Dynamic Energy (nJ): 42,660,213
Ratio of Dyn/Leak: 83
Total Energy (nJ): 43,175,425
Total Energy (nJ) 3D: 45,667,399
Cores Energy (nJ): 2,527,709
Route Energy (nJ): 5,528,898
Route Energy (nJ) 3D: 8,020,873
Mem Energy   (nJ): 35,118,818
Mem Energy   (nJ) 3D: 35,118,818
Avg. Power (mW): 85,619.15
Power Density (mW/mm2): 14.90

---Runtime---
Runtime in K cycles: 504.27
Microseconds: 504.27
Time per iteration (ms): 0.50

---Throughput---
GOP/s (aka OPS/ns): 469.73
GOP/s per core: 1.83
GFLOP/s: 156.99
GFLOP/s per core: 0.61
Max Peak GFLOP/s: 4,096.00
Avg. BW GB/s: 3,339.93
Max BW GB/s: 16,384.00

---Traffic---
In-Die bisection_bytes BW (GB/s): 256.00
Inter-board traffic (msg/ns): 0.00, per-link: 0.00
Inter-pack traffic (msg/ns): 0.00, per-link: 0.00
Inter-die traffic (msg/ns): 54.51, per-link: 0.21
Ruche traffic (msg/ns): 157.98, per-link: 0.62
All traffic (msg/ns): 741.88, per-link: 2.90
Inter-die reduction wrt all: 13.61
Inter-board reduction wrt inter-die: inf

---Data Movement---
All traffic (msg): 374,111,031
Arith. Intensity FLOP/Loads: 0.38
Arith. Intensity FLOP/Msgs: 0.21
Arith. Intensity OPS/Loads: 1.13
Arith. Intensity OPS/Msgs: 0.63



===Core Utilization Total=== CORE-S:5;; TIME K cy:500 ;; Nodes Proc: 4,017,576 -- Edges Proc: 3,765,863

===PRINTING FRAME STATS

FCollision In Avg:149, SD:91, Max:628, Min:0
FCollision Out Avg:118, SD:93, Max:390, Min:0
FCollision End Avg:26, SD:40, Max:100, Min:0
FTask1 Avg:48, SD:71, Max:282, Min:0
FTask2 Avg:171, SD:258, Max:1,042, Min:0
FTask3 Avg:130, SD:118, Max:793, Min:18
FCore Active Avg:22, SD:20, Max:85, Min:1
FRouter Active Avg:57, SD:19, Max:100, Min:9
T1 invocations: 139,519
T2 invocations: 331,643
T3 invocations: 8,339,821
T3b invocations: 0
Total3 invocations: 8,339,821
Total4 invocations: 0

T3/T2 ratio: 25
T3b/T3 ratio: 0

T1 avg ex cycles: 87
T2 avg ex cycles: 132
T3&b avg ex cycles: 4
T4 avg ex cycles: -nan
Avg. hops NOC1: 5
Avg. latency NOC1 (T2): 19,381
Avg. hops NOC2: 5
Avg. latency NOC2 (T3): 44,605

===PRINTING ACUM STATS at pu_cycles: 606,210

ACollision In Avg:176, SD:89, Max:642, Min:23
ACollision Out Avg:140, SD:82, Max:376, Min:8
ACollision End Avg:28, SD:31, Max:99, Min:0
ATask1 Avg:60, SD:40, Max:129, Min:3
ATask2 Avg:205, SD:146, Max:434, Min:0
ATask3 Avg:121, SD:99, Max:783, Min:14
ACore Active Avg:24, SD:14, Max:72, Min:2
ARouter Active Avg:51, SD:16, Max:99, Min:16
T1 invocations: 955,885
T2 invocations: 2,424,434
T3 invocations: 45,932,929
T3b invocations: 0
Total3 invocations: 45,932,929
Total4 invocations: 0

T3/T2 ratio: 19
T3b/T3 ratio: 0

T1 avg ex cycles: 95
T2 avg ex cycles: 129
T3&b avg ex cycles: 4
T4 avg ex cycles: -nan
Avg. hops NOC1: 4
Avg. latency NOC1 (T2): 16,202
Avg. hops NOC2: 5
Avg. latency NOC2 (T3): 42,375
Number of K Nodes Processed: 46,364
Number of K Edges Processed: 49,950
Node Re-explore factor: 11.02
Edge Re-explore factor: 0.49
Nodes/cy: 76
Edges/cy: 82
TEPS: 158

---DCache---
DCache Size: 840,800
DRAM words: 0
  DHits: 0
  DMisses: 0

---Energy---
Leakage Energy (nJ): 619,361
PU Dyn E (nJ): 3,005,463
Mem Dyn E (nJ): 41,708,460
Route Dyn E (nJ): 6,652,316
Dynamic Energy (nJ): 51,366,239
Ratio of Dyn/Leak: 83
Total Energy (nJ): 51,985,600
Total Energy (nJ) 3D: 55,058,748
Cores Energy (nJ): 3,012,211
Route Energy (nJ): 6,833,986
Route Energy (nJ) 3D: 9,907,134
Mem Energy   (nJ): 42,139,403
Mem Energy   (nJ) 3D: 42,139,403
Avg. Power (mW): 85,755.10
Power Density (mW/mm2): 14.92

---Runtime---
Runtime in K cycles: 606.21
Microseconds: 606.21
Time per iteration (ms): 0.61

---Throughput---
GOP/s (aka OPS/ns): 462.85
GOP/s per core: 1.81
GFLOP/s: 156.32
GFLOP/s per core: 0.61
Max Peak GFLOP/s: 4,096.00
Avg. BW GB/s: 3,333.66
Max BW GB/s: 16,384.00

---Traffic---
In-Die bisection_bytes BW (GB/s): 256.00
Inter-board traffic (msg/ns): 0.00, per-link: 0.00
Inter-pack traffic (msg/ns): 0.00, per-link: 0.00
Inter-die traffic (msg/ns): 55.32, per-link: 0.22
Ruche traffic (msg/ns): 164.54, per-link: 0.64
All traffic (msg/ns): 761.42, per-link: 2.97
Inter-die reduction wrt all: 13.76
Inter-board reduction wrt inter-die: inf

---Data Movement---
All traffic (msg): 461,580,754
Arith. Intensity FLOP/Loads: 0.38
Arith. Intensity FLOP/Msgs: 0.21
Arith. Intensity OPS/Loads: 1.11
Arith. Intensity OPS/Msgs: 0.61



===Core Utilization Total=== CORE-S:6;; TIME K cy:600 ;; Nodes Proc: 4,912,917 -- Edges Proc: 4,370,100

===PRINTING FRAME STATS

FCollision In Avg:137, SD:92, Max:493, Min:0
FCollision Out Avg:102, SD:89, Max:439, Min:0
FCollision End Avg:22, SD:35, Max:100, Min:0
FTask1 Avg:58, SD:93, Max:577, Min:0
FTask2 Avg:207, SD:287, Max:1,197, Min:0
FTask3 Avg:130, SD:126, Max:749, Min:14
FCore Active Avg:25, SD:21, Max:90, Min:1
FRouter Active Avg:59, SD:19, Max:98, Min:10
T1 invocations: 166,690
T2 invocations: 412,861
T3 invocations: 8,299,913
T3b invocations: 0
Total3 invocations: 8,299,913
Total4 invocations: 0

T3/T2 ratio: 20
T3b/T3 ratio: 0

T1 avg ex cycles: 89
T2 avg ex cycles: 128
T3&b avg ex cycles: 4
T4 avg ex cycles: -nan
Avg. hops NOC1: 5
Avg. latency NOC1 (T2): 20,112
Avg. hops NOC2: 5
Avg. latency NOC2 (T3): 39,570

===PRINTING ACUM STATS at pu_cycles: 705,125

ACollision In Avg:171, SD:86, Max:621, Min:20
ACollision Out Avg:134, SD:80, Max:370, Min:7
ACollision End Avg:27, SD:29, Max:99, Min:0
ATask1 Avg:60, SD:34, Max:100, Min:2
ATask2 Avg:208, SD:123, Max:372, Min:0
ATask3 Avg:122, SD:97, Max:778, Min:16
ACore Active Avg:24, SD:12, Max:71, Min:2
ARouter Active Avg:52, SD:14, Max:99, Min:18
T1 invocations: 1,129,024
T2 invocations: 2,887,364
T3 invocations: 54,663,994
T3b invocations: 0
Total3 invocations: 54,663,994
Total4 invocations: 0

T3/T2 ratio: 19
T3b/T3 ratio: 0

T1 avg ex cycles: 95
T2 avg ex cycles: 129
T3&b avg ex cycles: 4
T4 avg ex cycles: -nan
Avg. hops NOC1: 4
Avg. latency NOC1 (T2): 16,697
Avg. hops NOC2: 5
Avg. latency NOC2 (T3): 41,954
Number of K Nodes Processed: 54,669
Number of K Edges Processed: 58,233
Node Re-explore factor: 13.00
Edge Re-explore factor: 0.57
Nodes/cy: 78
Edges/cy: 83
TEPS: 136

---DCache---
DCache Size: 840,800
DRAM words: 0
  DHits: 0
  DMisses: 0

---Energy---
Leakage Energy (nJ): 720,421
PU Dyn E (nJ): 3,573,107
Mem Dyn E (nJ): 49,646,175
Route Dyn E (nJ): 8,103,817
Dynamic Energy (nJ): 61,323,099
Ratio of Dyn/Leak: 85
Total Energy (nJ): 62,043,520
Total Energy (nJ) 3D: 65,830,317
Cores Energy (nJ): 3,580,956
Route Energy (nJ): 8,315,130
Route Energy (nJ) 3D: 12,101,928
Mem Energy   (nJ): 50,147,434
Mem Energy   (nJ) 3D: 50,147,434
Avg. Power (mW): 87,989.39
Power Density (mW/mm2): 15.31

---Runtime---
Runtime in K cycles: 705.12
Microseconds: 705.12
Time per iteration (ms): 0.71

---Throughput---
GOP/s (aka OPS/ns): 471.74
GOP/s per core: 1.84
GFLOP/s: 160.10
GFLOP/s per core: 0.63
Max Peak GFLOP/s: 4,096.00
Avg. BW GB/s: 3,411.45
Max BW GB/s: 16,384.00

---Traffic---
In-Die bisection_bytes BW (GB/s): 256.00
Inter-board traffic (msg/ns): 0.00, per-link: 0.00
Inter-pack traffic (msg/ns): 0.00, per-link: 0.00
Inter-die traffic (msg/ns): 56.83, per-link: 0.22
Ruche traffic (msg/ns): 168.69, per-link: 0.66
All traffic (msg/ns): 793.31, per-link: 3.10
Inter-die reduction wrt all: 13.96
Inter-board reduction wrt inter-die: inf

---Data Movement---
All traffic (msg): 559,379,993
Arith. Intensity FLOP/Loads: 0.38
Arith. Intensity FLOP/Msgs: 0.20
Arith. Intensity OPS/Loads: 1.11
Arith. Intensity OPS/Msgs: 0.59



===Core Utilization Total=== CORE-S:7;; TIME K cy:700 ;; Nodes Proc: 5,936,742 -- Edges Proc: 5,452,437

===PRINTING FRAME STATS

FCollision In Avg:123, SD:90, Max:422, Min:0
FCollision Out Avg:89, SD:85, Max:365, Min:0
FCollision End Avg:19, SD:34, Max:99, Min:0
FTask1 Avg:46, SD:73, Max:348, Min:0
FTask2 Avg:171, SD:255, Max:1,141, Min:0
FTask3 Avg:122, SD:127, Max:757, Min:16
FCore Active Avg:21, SD:20, Max:92, Min:1
FRouter Active Avg:54, SD:21, Max:100, Min:9
T1 invocations: 130,347
T2 invocations: 326,099
T3 invocations: 7,826,448
T3b invocations: 0
Total3 invocations: 7,826,448
Total4 invocations: 0

T3/T2 ratio: 24
T3b/T3 ratio: 0

T1 avg ex cycles: 91
T2 avg ex cycles: 134
T3&b avg ex cycles: 4
T4 avg ex cycles: -nan
Avg. hops NOC1: 4
Avg. latency NOC1 (T2): 19,233
Avg. hops NOC2: 5
Avg. latency NOC2 (T3): 38,584

===PRINTING ACUM STATS at pu_cycles: 804,431

ACollision In Avg:165, SD:84, Max:596, Min:18
ACollision Out Avg:129, SD:78, Max:362, Min:7
ACollision End Avg:26, SD:27, Max:98, Min:0
ATask1 Avg:58, SD:29, Max:98, Min:2
ATask2 Avg:203, SD:108, Max:326, Min:0
ATask3 Avg:122, SD:96, Max:773, Min:20
ACore Active Avg:24, SD:11, Max:67, Min:2
ARouter Active Avg:53, SD:14, Max:99, Min:20
T1 invocations: 1,253,856
T2 invocations: 3,184,794
T3 invocations: 62,127,968
T3b invocations: 0
Total3 invocations: 62,127,968
Total4 invocations: 0

T3/T2 ratio: 20
T3b/T3 ratio: 0

T1 avg ex cycles: 94
T2 avg ex cycles: 129
T3&b avg ex cycles: 4
T4 avg ex cycles: -nan
Avg. hops NOC1: 4
Avg. latency NOC1 (T2): 16,822
Avg. hops NOC2: 5
Avg. latency NOC2 (T3): 41,473
Number of K Nodes Processed: 62,430
Number of K Edges Processed: 65,585
Node Re-explore factor: 14.84
Edge Re-explore factor: 0.65
Nodes/cy: 78
Edges/cy: 82
TEPS: 119

---DCache---
DCache Size: 840,800
DRAM words: 0
  DHits: 0
  DMisses: 0

---Energy---
Leakage Energy (nJ): 821,882
PU Dyn E (nJ): 3,999,243
Mem Dyn E (nJ): 55,755,686
Route Dyn E (nJ): 9,218,607
Dynamic Energy (nJ): 68,973,537
Ratio of Dyn/Leak: 84
Total Energy (nJ): 69,795,419
Total Energy (nJ) 3D: 74,080,609
Cores Energy (nJ): 4,008,199
Route Energy (nJ): 9,459,680
Route Energy (nJ) 3D: 13,744,870
Mem Energy   (nJ): 56,327,540
Mem Energy   (nJ) 3D: 56,327,540
Avg. Power (mW): 86,763.71
Power Density (mW/mm2): 15.10

---Runtime---
Runtime in K cycles: 804.43
Microseconds: 804.43
Time per iteration (ms): 0.80

---Throughput---
GOP/s (aka OPS/ns): 461.66
GOP/s per core: 1.80
GFLOP/s: 157.37
GFLOP/s per core: 0.61
Max Peak GFLOP/s: 4,096.00
Avg. BW GB/s: 3,358.31
Max BW GB/s: 16,384.00

---Traffic---
In-Die bisection_bytes BW (GB/s): 256.00
Inter-board traffic (msg/ns): 0.00, per-link: 0.00
Inter-pack traffic (msg/ns): 0.00, per-link: 0.00
Inter-die traffic (msg/ns): 56.98, per-link: 0.22
Ruche traffic (msg/ns): 170.07, per-link: 0.66
All traffic (msg/ns): 790.61, per-link: 3.09
Inter-die reduction wrt all: 13.88
Inter-board reduction wrt inter-die: inf

---Data Movement---
All traffic (msg): 635,989,752
Arith. Intensity FLOP/Loads: 0.38
Arith. Intensity FLOP/Msgs: 0.20
Arith. Intensity OPS/Loads: 1.10
Arith. Intensity OPS/Msgs: 0.58



===Core Utilization Total=== CORE-S:8;; TIME K cy:800 ;; Nodes Proc: 6,789,706 -- Edges Proc: 6,501,171

===PRINTING FRAME STATS

FCollision In Avg:97, SD:86, Max:437, Min:0
FCollision Out Avg:70, SD:73, Max:359, Min:0
FCollision End Avg:16, SD:29, Max:99, Min:0
FTask1 Avg:43, SD:83, Max:411, Min:0
FTask2 Avg:170, SD:268, Max:1,102, Min:0
FTask3 Avg:120, SD:129, Max:763, Min:11
FCore Active Avg:21, SD:20, Max:82, Min:1
FRouter Active Avg:54, SD:21, Max:99, Min:5
T1 invocations: 125,451
T2 invocations: 307,773
T3 invocations: 7,709,044
T3b invocations: 0
Total3 invocations: 7,709,044
Total4 invocations: 0

T3/T2 ratio: 25
T3b/T3 ratio: 0

T1 avg ex cycles: 88
T2 avg ex cycles: 141
T3&b avg ex cycles: 4
T4 avg ex cycles: -nan
Avg. hops NOC1: 4
Avg. latency NOC1 (T2): 13,510
Avg. hops NOC2: 5
Avg. latency NOC2 (T3): 34,228

===PRINTING ACUM STATS at pu_cycles: 904,399

ACollision In Avg:157, SD:81, Max:572, Min:16
ACollision Out Avg:122, SD:75, Max:352, Min:8
ACollision End Avg:25, SD:25, Max:98, Min:0
ATask1 Avg:56, SD:24, Max:80, Min:2
ATask2 Avg:201, SD:93, Max:291, Min:0
ATask3 Avg:122, SD:95, Max:772, Min:20
ACore Active Avg:24, SD:10, Max:65, Min:3
ARouter Active Avg:53, SD:13, Max:99, Min:21
T1 invocations: 1,384,915
T2 invocations: 3,538,570
T3 invocations: 70,112,158
T3b invocations: 0
Total3 invocations: 70,112,158
Total4 invocations: 0

T3/T2 ratio: 20
T3b/T3 ratio: 0

T1 avg ex cycles: 94
T2 avg ex cycles: 131
T3&b avg ex cycles: 4
T4 avg ex cycles: -nan
Avg. hops NOC1: 4
Avg. latency NOC1 (T2): 16,460
Avg. hops NOC2: 5
Avg. latency NOC2 (T3): 40,728
Number of K Nodes Processed: 70,137
Number of K Edges Processed: 72,491
Node Re-explore factor: 16.67
Edge Re-explore factor: 0.72
Nodes/cy: 78
Edges/cy: 80
TEPS: 106

---DCache---
DCache Size: 840,800
DRAM words: 0
  DHits: 0
  DMisses: 0

---Energy---
Leakage Energy (nJ): 924,018
PU Dyn E (nJ): 4,489,360
Mem Dyn E (nJ): 62,725,059
Route Dyn E (nJ): 10,488,765
Dynamic Energy (nJ): 77,703,184
Ratio of Dyn/Leak: 84
Total Energy (nJ): 78,627,202
Total Energy (nJ) 3D: 83,521,937
Cores Energy (nJ): 4,499,428
Route Energy (nJ): 10,759,797
Route Energy (nJ) 3D: 15,654,531
Mem Energy   (nJ): 63,367,978
Mem Energy   (nJ) 3D: 63,367,978
Avg. Power (mW): 86,938.62
Power Density (mW/mm2): 15.13

---Runtime---
Runtime in K cycles: 904.40
Microseconds: 904.40
Time per iteration (ms): 0.90

---Throughput---
GOP/s (aka OPS/ns): 459.04
GOP/s per core: 1.79
GFLOP/s: 157.61
GFLOP/s per core: 0.62
Max Peak GFLOP/s: 4,096.00
Avg. BW GB/s: 3,360.48
Max BW GB/s: 16,384.00

---Traffic---
In-Die bisection_bytes BW (GB/s): 256.00
Inter-board traffic (msg/ns): 0.00, per-link: 0.00
Inter-pack traffic (msg/ns): 0.00, per-link: 0.00
Inter-die traffic (msg/ns): 55.88, per-link: 0.22
Ruche traffic (msg/ns): 172.25, per-link: 0.67
All traffic (msg/ns): 798.49, per-link: 3.12
Inter-die reduction wrt all: 14.29
Inter-board reduction wrt inter-die: inf

---Data Movement---
All traffic (msg): 722,151,038
Arith. Intensity FLOP/Loads: 0.38
Arith. Intensity FLOP/Msgs: 0.20
Arith. Intensity OPS/Loads: 1.10
Arith. Intensity OPS/Msgs: 0.57



===Core Utilization Total=== CORE-S:9;; TIME K cy:900 ;; Nodes Proc: 7,782,572 -- Edges Proc: 7,524,652

===PRINTING FRAME STATS

FCollision In Avg:74, SD:81, Max:452, Min:0
FCollision Out Avg:56, SD:68, Max:341, Min:0
FCollision End Avg:12, SD:28, Max:100, Min:0
FTask1 Avg:35, SD:78, Max:449, Min:0
FTask2 Avg:130, SD:269, Max:1,280, Min:0
FTask3 Avg:99, SD:113, Max:789, Min:10
FCore Active Avg:16, SD:20, Max:90, Min:1
FRouter Active Avg:47, SD:24, Max:100, Min:5
T1 invocations: 102,669
T2 invocations: 216,851
T3 invocations: 6,308,915
T3b invocations: 0
Total3 invocations: 6,308,915
Total4 invocations: 0

T3/T2 ratio: 29
T3b/T3 ratio: 0

T1 avg ex cycles: 88
T2 avg ex cycles: 153
T3&b avg ex cycles: 4
T4 avg ex cycles: -nan
Avg. hops NOC1: 5
Avg. latency NOC1 (T2): 14,666
Avg. hops NOC2: 5
Avg. latency NOC2 (T3): 28,163

===PRINTING ACUM STATS at pu_cycles: 1,000,687

ACollision In Avg:149, SD:79, Max:554, Min:14
ACollision Out Avg:116, SD:72, Max:329, Min:11
ACollision End Avg:24, SD:23, Max:98, Min:0
ATask1 Avg:54, SD:19, Max:74, Min:3
ATask2 Avg:194, SD:79, Max:267, Min:0
ATask3 Avg:120, SD:92, Max:774, Min:21
ACore Active Avg:23, SD:8, Max:61, Min:4
ARouter Active Avg:52, SD:13, Max:99, Min:26
T1 invocations: 1,483,074
T2 invocations: 3,742,376
T3 invocations: 76,250,962
T3b invocations: 0
Total3 invocations: 76,250,962
Total4 invocations: 0

T3/T2 ratio: 20
T3b/T3 ratio: 0

T1 avg ex cycles: 93
T2 avg ex cycles: 132
T3&b avg ex cycles: 4
T4 avg ex cycles: -nan
Avg. hops NOC1: 4
Avg. latency NOC1 (T2): 16,363
Avg. hops NOC2: 5
Avg. latency NOC2 (T3): 39,712
Number of K Nodes Processed: 76,391
Number of K Edges Processed: 78,244
Node Re-explore factor: 18.16
Edge Re-explore factor: 0.77
Nodes/cy: 76
Edges/cy: 78
TEPS: 95

---DCache---
DCache Size: 840,800
DRAM words: 0
  DHits: 0
  DMisses: 0

---Energy---
Leakage Energy (nJ): 1,022,395
PU Dyn E (nJ): 4,831,629
Mem Dyn E (nJ): 67,670,353
Route Dyn E (nJ): 11,434,940
Dynamic Energy (nJ): 83,936,923
Ratio of Dyn/Leak: 82
Total Energy (nJ): 84,959,318
Total Energy (nJ) 3D: 90,272,012
Cores Energy (nJ): 4,842,769
Route Energy (nJ): 11,734,828
Route Energy (nJ) 3D: 17,047,522
Mem Energy   (nJ): 68,381,722
Mem Energy   (nJ) 3D: 68,381,722
Avg. Power (mW): 84,900.99
Power Density (mW/mm2): 14.78

---Runtime---
Runtime in K cycles: 1,000.69
Microseconds: 1,000.69
Time per iteration (ms): 1.00

---Throughput---
GOP/s (aka OPS/ns): 445.46
GOP/s per core: 1.74
GFLOP/s: 153.56
GFLOP/s per core: 0.60
Max Peak GFLOP/s: 4,096.00
Avg. BW GB/s: 3,276.58
Max BW GB/s: 16,384.00

---Traffic---
In-Die bisection_bytes BW (GB/s): 256.00
Inter-board traffic (msg/ns): 0.00, per-link: 0.00
Inter-pack traffic (msg/ns): 0.00, per-link: 0.00
Inter-die traffic (msg/ns): 54.59, per-link: 0.21
Ruche traffic (msg/ns): 172.02, per-link: 0.67
All traffic (msg/ns): 786.11, per-link: 3.07
Inter-die reduction wrt all: 14.40
Inter-board reduction wrt inter-die: inf

---Data Movement---
All traffic (msg): 786,650,781
Arith. Intensity FLOP/Loads: 0.38
Arith. Intensity FLOP/Msgs: 0.20
Arith. Intensity OPS/Loads: 1.09
Arith. Intensity OPS/Msgs: 0.57



===Core Utilization Total=== CORE-S:10;; TIME K cy:1,000 ;; Nodes Proc: 8,571,464 -- Edges Proc: 8,193,962
======== IT IS COLD ======= Only 14 Tiles active

===PRINTING FRAME STATS

FCollision In Avg:55, SD:71, Max:399, Min:0
FCollision Out Avg:43, SD:59, Max:222, Min:0
FCollision End Avg:9, SD:23, Max:99, Min:0
FTask1 Avg:26, SD:62, Max:427, Min:0
FTask2 Avg:113, SD:244, Max:1,311, Min:0
FTask3 Avg:83, SD:106, Max:739, Min:9
FCore Active Avg:14, SD:18, Max:87, Min:1
FRouter Active Avg:43, SD:25, Max:100, Min:4
T1 invocations: 78,230
T2 invocations: 196,212
T3 invocations: 5,308,751
T3b invocations: 0
Total3 invocations: 5,308,751
Total4 invocations: 0

T3/T2 ratio: 27
T3b/T3 ratio: 0

T1 avg ex cycles: 86
T2 avg ex cycles: 147
T3&b avg ex cycles: 4
T4 avg ex cycles: -nan
Avg. hops NOC1: 5
Avg. latency NOC1 (T2): 19,072
Avg. hops NOC2: 5
Avg. latency NOC2 (T3): 31,338

===PRINTING ACUM STATS at pu_cycles: 1,103,843

ACollision In Avg:140, SD:76, Max:531, Min:13
ACollision Out Avg:109, SD:70, Max:308, Min:10
ACollision End Avg:23, SD:22, Max:98, Min:0
ATask1 Avg:52, SD:16, Max:68, Min:3
ATask2 Avg:188, SD:67, Max:238, Min:0
ATask3 Avg:116, SD:90, Max:771, Min:22
ACore Active Avg:22, SD:7, Max:59, Min:4
ARouter Active Avg:51, SD:13, Max:99, Min:27
T1 invocations: 1,563,901
T2 invocations: 3,982,782
T3 invocations: 81,667,089
T3b invocations: 0
Total3 invocations: 81,667,089
Total4 invocations: 0

T3/T2 ratio: 21
T3b/T3 ratio: 0

T1 avg ex cycles: 93
T2 avg ex cycles: 133
T3&b avg ex cycles: 4
T4 avg ex cycles: -nan
Avg. hops NOC1: 4
Avg. latency NOC1 (T2): 16,394
Avg. hops NOC2: 5
Avg. latency NOC2 (T3): 39,156
Number of K Nodes Processed: 81,702
Number of K Edges Processed: 82,920
Node Re-explore factor: 19.42
Edge Re-explore factor: 0.82
Nodes/cy: 74
Edges/cy: 75
TEPS: 87

---DCache---
DCache Size: 840,800
DRAM words: 0
  DHits: 0
  DMisses: 0

---Energy---
Leakage Energy (nJ): 1,127,789
PU Dyn E (nJ): 5,157,684
Mem Dyn E (nJ): 72,345,084
Route Dyn E (nJ): 12,356,189
Dynamic Energy (nJ): 89,858,957
Ratio of Dyn/Leak: 80
Total Energy (nJ): 90,986,746
Total Energy (nJ) 3D: 96,726,891
Cores Energy (nJ): 5,169,972
Route Energy (nJ): 12,686,990
Route Energy (nJ) 3D: 18,427,136
Mem Energy   (nJ): 73,129,783
Mem Energy   (nJ) 3D: 73,129,783
Avg. Power (mW): 82,427.25
Power Density (mW/mm2): 14.35

---Runtime---
Runtime in K cycles: 1,103.84
Microseconds: 1,103.84
Time per iteration (ms): 1.10

---Throughput---
GOP/s (aka OPS/ns): 429.87
GOP/s per core: 1.68
GFLOP/s: 148.90
GFLOP/s per core: 0.58
Max Peak GFLOP/s: 4,096.00
Avg. BW GB/s: 3,175.57
Max BW GB/s: 16,384.00

---Traffic---
In-Die bisection_bytes BW (GB/s): 256.00
Inter-board traffic (msg/ns): 0.00, per-link: 0.00
Inter-pack traffic (msg/ns): 0.00, per-link: 0.00
Inter-die traffic (msg/ns): 52.64, per-link: 0.21
Ruche traffic (msg/ns): 169.38, per-link: 0.66
All traffic (msg/ns): 768.58, per-link: 3.00
Inter-die reduction wrt all: 14.60
Inter-board reduction wrt inter-die: inf

---Data Movement---
All traffic (msg): 848,391,289
Arith. Intensity FLOP/Loads: 0.38
Arith. Intensity FLOP/Msgs: 0.19
Arith. Intensity OPS/Loads: 1.09
Arith. Intensity OPS/Msgs: 0.56



===Core Utilization Total=== CORE-S:11;; TIME K cy:1,100 ;; Nodes Proc: 9,128,114 -- Edges Proc: 8,859,915
======== IT IS COLD ======= Only 11 Tiles active

===PRINTING FRAME STATS

FCollision In Avg:42, SD:59, Max:276, Min:0
FCollision Out Avg:30, SD:45, Max:177, Min:0
FCollision End Avg:8, SD:21, Max:98, Min:0
FTask1 Avg:34, SD:84, Max:461, Min:0
FTask2 Avg:110, SD:246, Max:1,215, Min:0
FTask3 Avg:85, SD:110, Max:585, Min:11
FCore Active Avg:14, SD:19, Max:82, Min:1
FRouter Active Avg:42, SD:25, Max:96, Min:4
T1 invocations: 100,654
T2 invocations: 200,850
T3 invocations: 5,441,991
T3b invocations: 0
Total3 invocations: 5,441,991
Total4 invocations: 0

T3/T2 ratio: 27
T3b/T3 ratio: 0

T1 avg ex cycles: 86
T2 avg ex cycles: 140
T3&b avg ex cycles: 4
T4 avg ex cycles: -nan
Avg. hops NOC1: 5
Avg. latency NOC1 (T2): 13,026
Avg. hops NOC2: 5
Avg. latency NOC2 (T3): 23,426

===PRINTING ACUM STATS at pu_cycles: 1,200,825

ACollision In Avg:132, SD:73, Max:499, Min:12
ACollision Out Avg:102, SD:66, Max:290, Min:9
ACollision End Avg:21, SD:20, Max:95, Min:0
ATask1 Avg:50, SD:11, Max:62, Min:3
ATask2 Avg:181, SD:56, Max:218, Min:0
ATask3 Avg:114, SD:88, Max:755, Min:24
ACore Active Avg:22, SD:7, Max:57, Min:5
ARouter Active Avg:51, SD:13, Max:99, Min:27
T1 invocations: 1,661,818
T2 invocations: 4,169,829
T3 invocations: 86,950,407
T3b invocations: 0
Total3 invocations: 86,950,407
Total4 invocations: 0

T3/T2 ratio: 21
T3b/T3 ratio: 0

T1 avg ex cycles: 92
T2 avg ex cycles: 133
T3&b avg ex cycles: 4
T4 avg ex cycles: -nan
Avg. hops NOC1: 4
Avg. latency NOC1 (T2): 16,168
Avg. hops NOC2: 5
Avg. latency NOC2 (T3): 38,214
Number of K Nodes Processed: 87,160
Number of K Edges Processed: 88,234
Node Re-explore factor: 20.72
Edge Re-explore factor: 0.87
Nodes/cy: 73
Edges/cy: 73
TEPS: 80

---DCache---
DCache Size: 840,800
DRAM words: 0
  DHits: 0
  DMisses: 0

---Energy---
Leakage Energy (nJ): 1,226,874
PU Dyn E (nJ): 5,455,621
Mem Dyn E (nJ): 76,619,130
Route Dyn E (nJ): 13,201,119
Dynamic Energy (nJ): 95,275,870
Ratio of Dyn/Leak: 78
Total Energy (nJ): 96,502,744
Total Energy (nJ) 3D: 102,600,013
Cores Energy (nJ): 5,468,989
Route Energy (nJ): 13,560,984
Route Energy (nJ) 3D: 19,658,253
Mem Energy   (nJ): 77,472,772
Mem Energy   (nJ) 3D: 77,472,772
Avg. Power (mW): 80,363.70
Power Density (mW/mm2): 13.99

---Runtime---
Runtime in K cycles: 1,200.83
Microseconds: 1,200.83
Time per iteration (ms): 1.20

---Throughput---
GOP/s (aka OPS/ns): 417.77
GOP/s per core: 1.63
GFLOP/s: 144.84
GFLOP/s per core: 0.57
Max Peak GFLOP/s: 4,096.00
Avg. BW GB/s: 3,091.56
Max BW GB/s: 16,384.00

---Traffic---
In-Die bisection_bytes BW (GB/s): 256.00
Inter-board traffic (msg/ns): 0.00, per-link: 0.00
Inter-pack traffic (msg/ns): 0.00, per-link: 0.00
Inter-die traffic (msg/ns): 51.53, per-link: 0.20
Ruche traffic (msg/ns): 168.80, per-link: 0.66
All traffic (msg/ns): 754.20, per-link: 2.95
Inter-die reduction wrt all: 14.63
Inter-board reduction wrt inter-die: inf

---Data Movement---
All traffic (msg): 905,657,513
Arith. Intensity FLOP/Loads: 0.38
Arith. Intensity FLOP/Msgs: 0.19
Arith. Intensity OPS/Loads: 1.08
Arith. Intensity OPS/Msgs: 0.55



===Core Utilization Total=== CORE-S:12;; TIME K cy:1,200 ;; Nodes Proc: 9,697,500 -- Edges Proc: 9,540,349
======== IT IS COLD ======= Only 11 Tiles active

===PRINTING FRAME STATS

FCollision In Avg:31, SD:51, Max:275, Min:0
FCollision Out Avg:20, SD:36, Max:192, Min:0
FCollision End Avg:6, SD:17, Max:93, Min:0
FTask1 Avg:24, SD:75, Max:577, Min:0
FTask2 Avg:101, SD:258, Max:1,322, Min:0
FTask3 Avg:76, SD:114, Max:678, Min:7
FCore Active Avg:13, SD:19, Max:83, Min:0
FRouter Active Avg:38, SD:25, Max:99, Min:2
T1 invocations: 74,636
T2 invocations: 171,261
T3 invocations: 4,862,391
T3b invocations: 0
Total3 invocations: 4,862,391
Total4 invocations: 0

T3/T2 ratio: 28
T3b/T3 ratio: 0

T1 avg ex cycles: 81
T2 avg ex cycles: 152
T3&b avg ex cycles: 4
T4 avg ex cycles: -nan
Avg. hops NOC1: 4
Avg. latency NOC1 (T2): 9,285
Avg. hops NOC2: 5
Avg. latency NOC2 (T3): 20,110

===PRINTING ACUM STATS at pu_cycles: 1,304,079

ACollision In Avg:124, SD:70, Max:468, Min:11
ACollision Out Avg:96, SD:63, Max:275, Min:8
ACollision End Avg:20, SD:19, Max:89, Min:0
ATask1 Avg:48, SD:8, Max:57, Min:3
ATask2 Avg:177, SD:46, Max:202, Min:0
ATask3 Avg:111, SD:85, Max:742, Min:28
ACore Active Avg:21, SD:6, Max:55, Min:6
ARouter Active Avg:50, SD:13, Max:98, Min:25
T1 invocations: 1,737,815
T2 invocations: 4,387,115
T3 invocations: 91,837,054
T3b invocations: 0
Total3 invocations: 91,837,054
Total4 invocations: 0

T3/T2 ratio: 21
T3b/T3 ratio: 0

T1 avg ex cycles: 92
T2 avg ex cycles: 134
T3&b avg ex cycles: 4
T4 avg ex cycles: -nan
Avg. hops NOC1: 4
Avg. latency NOC1 (T2): 15,805
Avg. hops NOC2: 5
Avg. latency NOC2 (T3): 37,301
Number of K Nodes Processed: 91,971
Number of K Edges Processed: 92,737
Node Re-explore factor: 21.86
Edge Re-explore factor: 0.92
Nodes/cy: 71
Edges/cy: 71
TEPS: 73

---DCache---
DCache Size: 840,800
DRAM words: 0
  DHits: 0
  DMisses: 0

---Energy---
Leakage Energy (nJ): 1,332,368
PU Dyn E (nJ): 5,756,589
Mem Dyn E (nJ): 80,919,120
Route Dyn E (nJ): 13,993,245
Dynamic Energy (nJ): 100,668,955
Ratio of Dyn/Leak: 76
Total Energy (nJ): 102,001,323
Total Energy (nJ) 3D: 108,459,051
Cores Energy (nJ): 5,771,107
Route Energy (nJ): 14,384,053
Route Energy (nJ) 3D: 20,841,781
Mem Energy   (nJ): 81,846,164
Mem Energy   (nJ) 3D: 81,846,164
Avg. Power (mW): 78,217.14
Power Density (mW/mm2): 13.61

---Runtime---
Runtime in K cycles: 1,304.08
Microseconds: 1,304.08
Time per iteration (ms): 1.30

---Throughput---
GOP/s (aka OPS/ns): 404.99
GOP/s per core: 1.58
GFLOP/s: 140.96
GFLOP/s per core: 0.55
Max Peak GFLOP/s: 4,096.00
Avg. BW GB/s: 3,006.54
Max BW GB/s: 16,384.00

---Traffic---
In-Die bisection_bytes BW (GB/s): 256.00
Inter-board traffic (msg/ns): 0.00, per-link: 0.00
Inter-pack traffic (msg/ns): 0.00, per-link: 0.00
Inter-die traffic (msg/ns): 49.74, per-link: 0.19
Ruche traffic (msg/ns): 165.65, per-link: 0.65
All traffic (msg/ns): 735.58, per-link: 2.87
Inter-die reduction wrt all: 14.79
Inter-board reduction wrt inter-die: inf

---Data Movement---
All traffic (msg): 959,257,576
Arith. Intensity FLOP/Loads: 0.38
Arith. Intensity FLOP/Msgs: 0.19
Arith. Intensity OPS/Loads: 1.08
Arith. Intensity OPS/Msgs: 0.55



===Core Utilization Total=== CORE-S:13;; TIME K cy:1,300 ;; Nodes Proc: 10,473,297 -- Edges Proc: 10,082,235
======== IT IS COLD ======= Only 6 Tiles active

===PRINTING FRAME STATS

FCollision In Avg:20, SD:44, Max:257, Min:0
FCollision Out Avg:13, SD:30, Max:163, Min:0
FCollision End Avg:4, SD:15, Max:97, Min:0
FTask1 Avg:15, SD:59, Max:469, Min:0
FTask2 Avg:74, SD:236, Max:1,433, Min:0
FTask3 Avg:53, SD:90, Max:620, Min:4
FCore Active Avg:9, SD:17, Max:92, Min:0
FRouter Active Avg:30, SD:26, Max:100, Min:1
T1 invocations: 48,300
T2 invocations: 106,012
T3 invocations: 3,418,440
T3b invocations: 0
Total3 invocations: 3,418,440
Total4 invocations: 0

T3/T2 ratio: 32
T3b/T3 ratio: 0

T1 avg ex cycles: 81
T2 avg ex cycles: 178
T3&b avg ex cycles: 4
T4 avg ex cycles: -nan
Avg. hops NOC1: 5
Avg. latency NOC1 (T2): 12,993
Avg. hops NOC2: 5
Avg. latency NOC2 (T3): 18,645

===PRINTING ACUM STATS at pu_cycles: 1,400,393

ACollision In Avg:117, SD:67, Max:467, Min:10
ACollision Out Avg:90, SD:59, Max:263, Min:8
ACollision End Avg:19, SD:17, Max:82, Min:0
ATask1 Avg:46, SD:5, Max:53, Min:4
ATask2 Avg:170, SD:35, Max:188, Min:0
ATask3 Avg:106, SD:82, Max:717, Min:26
ACore Active Avg:20, SD:6, Max:56, Min:5
ARouter Active Avg:48, SD:13, Max:97, Min:23
T1 invocations: 1,783,284
T2 invocations: 4,518,025
T3 invocations: 95,196,294
T3b invocations: 0
Total3 invocations: 95,196,294
Total4 invocations: 0

T3/T2 ratio: 21
T3b/T3 ratio: 0

T1 avg ex cycles: 92
T2 avg ex cycles: 135
T3&b avg ex cycles: 4
T4 avg ex cycles: -nan
Avg. hops NOC1: 4
Avg. latency NOC1 (T2): 15,689
Avg. hops NOC2: 5
Avg. latency NOC2 (T3): 36,638
Number of K Nodes Processed: 95,326
Number of K Edges Processed: 95,950
Node Re-explore factor: 22.66
Edge Re-explore factor: 0.95
Nodes/cy: 68
Edges/cy: 69
TEPS: 68

---DCache---
DCache Size: 840,800
DRAM words: 0
  DHits: 0
  DMisses: 0

---Energy---
Leakage Energy (nJ): 1,430,772
PU Dyn E (nJ): 5,967,026
Mem Dyn E (nJ): 83,929,568
Route Dyn E (nJ): 14,576,193
Dynamic Energy (nJ): 104,472,788
Ratio of Dyn/Leak: 73
Total Energy (nJ): 105,903,560
Total Energy (nJ) 3D: 112,628,286
Cores Energy (nJ): 5,982,615
Route Energy (nJ): 14,995,865
Route Energy (nJ) 3D: 21,720,591
Mem Energy   (nJ): 84,925,080
Mem Energy   (nJ) 3D: 84,925,080
Avg. Power (mW): 75,624.17
Power Density (mW/mm2): 13.16

---Runtime---
Runtime in K cycles: 1,400.39
Microseconds: 1,400.39
Time per iteration (ms): 1.40

---Throughput---
GOP/s (aka OPS/ns): 390.05
GOP/s per core: 1.52
GFLOP/s: 136.28
GFLOP/s per core: 0.53
Max Peak GFLOP/s: 4,096.00
Avg. BW GB/s: 2,903.92
Max BW GB/s: 16,384.00

---Traffic---
In-Die bisection_bytes BW (GB/s): 256.00
Inter-board traffic (msg/ns): 0.00, per-link: 0.00
Inter-pack traffic (msg/ns): 0.00, per-link: 0.00
Inter-die traffic (msg/ns): 47.77, per-link: 0.19
Ruche traffic (msg/ns): 161.27, per-link: 0.63
All traffic (msg/ns): 712.75, per-link: 2.78
Inter-die reduction wrt all: 14.92
Inter-board reduction wrt inter-die: inf

---Data Movement---
All traffic (msg): 998,137,067
Arith. Intensity FLOP/Loads: 0.38
Arith. Intensity FLOP/Msgs: 0.19
Arith. Intensity OPS/Loads: 1.08
Arith. Intensity OPS/Msgs: 0.55



===Core Utilization Total=== CORE-S:14;; TIME K cy:1,400 ;; Nodes Proc: 10,741,065 -- Edges Proc: 10,932,073
======== IT IS COLD ======= Only 3 Tiles active

===PRINTING FRAME STATS

FCollision In Avg:11, SD:32, Max:325, Min:0
FCollision Out Avg:9, SD:27, Max:180, Min:0
FCollision End Avg:3, SD:14, Max:97, Min:0
FTask1 Avg:9, SD:42, Max:350, Min:0
FTask2 Avg:55, SD:214, Max:1,339, Min:0
FTask3 Avg:40, SD:89, Max:615, Min:3
FCore Active Avg:7, SD:15, Max:85, Min:0
FRouter Active Avg:23, SD:26, Max:100, Min:1
T1 invocations: 31,699
T2 invocations: 74,360
T3 invocations: 2,572,674
T3b invocations: 0
Total3 invocations: 2,572,674
Total4 invocations: 0

T3/T2 ratio: 35
T3b/T3 ratio: 0

T1 avg ex cycles: 76
T2 avg ex cycles: 188
T3&b avg ex cycles: 4
T4 avg ex cycles: -nan
Avg. hops NOC1: 5
Avg. latency NOC1 (T2): 9,320
Avg. hops NOC2: 5
Avg. latency NOC2 (T3): 22,071

===PRINTING ACUM STATS at pu_cycles: 1,500,983

ACollision In Avg:110, SD:63, Max:445, Min:10
ACollision Out Avg:85, SD:56, Max:255, Min:7
ACollision End Avg:18, SD:16, Max:77, Min:0
ATask1 Avg:43, SD:4, Max:50, Min:7
ATask2 Avg:163, SD:26, Max:176, Min:0
ATask3 Avg:102, SD:80, Max:710, Min:24
ACore Active Avg:19, SD:5, Max:55, Min:5
ARouter Active Avg:47, SD:13, Max:97, Min:22
T1 invocations: 1,818,261
T2 invocations: 4,603,134
T3 invocations: 97,898,674
T3b invocations: 0
Total3 invocations: 97,898,674
Total4 invocations: 0

T3/T2 ratio: 21
T3b/T3 ratio: 0

T1 avg ex cycles: 92
T2 avg ex cycles: 136
T3&b avg ex cycles: 4
T4 avg ex cycles: -nan
Avg. hops NOC1: 4
Avg. latency NOC1 (T2): 15,613
Avg. hops NOC2: 5
Avg. latency NOC2 (T3): 36,233
Number of K Nodes Processed: 97,898
Number of K Edges Processed: 98,186
Node Re-explore factor: 23.27
Edge Re-explore factor: 0.97
Nodes/cy: 65
Edges/cy: 65
TEPS: 64

---DCache---
DCache Size: 840,800
DRAM words: 0
  DHits: 0
  DMisses: 0

---Energy---
Leakage Energy (nJ): 1,533,544
PU Dyn E (nJ): 6,122,648
Mem Dyn E (nJ): 86,197,454
Route Dyn E (nJ): 14,994,091
Dynamic Energy (nJ): 107,314,194
Ratio of Dyn/Leak: 70
Total Energy (nJ): 108,847,738
Total Energy (nJ) 3D: 115,760,251
Cores Energy (nJ): 6,139,357
Route Energy (nJ): 15,443,908
Route Energy (nJ) 3D: 22,356,422
Mem Energy   (nJ): 87,264,473
Mem Energy   (nJ) 3D: 87,264,473
Avg. Power (mW): 72,517.64
Power Density (mW/mm2): 12.62

---Runtime---
Runtime in K cycles: 1,500.98
Microseconds: 1,500.98
Time per iteration (ms): 1.50

---Throughput---
GOP/s (aka OPS/ns): 372.71
GOP/s per core: 1.46
GFLOP/s: 130.64
GFLOP/s per core: 0.51
Max Peak GFLOP/s: 4,096.00
Avg. BW GB/s: 2,782.52
Max BW GB/s: 16,384.00

---Traffic---
In-Die bisection_bytes BW (GB/s): 256.00
Inter-board traffic (msg/ns): 0.00, per-link: 0.00
Inter-pack traffic (msg/ns): 0.00, per-link: 0.00
Inter-die traffic (msg/ns): 45.31, per-link: 0.18
Ruche traffic (msg/ns): 155.58, per-link: 0.61
All traffic (msg/ns): 683.94, per-link: 2.67
Inter-die reduction wrt all: 15.10
Inter-board reduction wrt inter-die: inf

---Data Movement---
All traffic (msg): 1,026,582,150
Arith. Intensity FLOP/Loads: 0.38
Arith. Intensity FLOP/Msgs: 0.19
Arith. Intensity OPS/Loads: 1.07
Arith. Intensity OPS/Msgs: 0.54



===Core Utilization Total=== CORE-S:15;; TIME K cy:1,500 ;; Nodes Proc: 10,847,100 -- Edges Proc: 11,637,726
======== IT IS COLD ======= Only 3 Tiles active

===PRINTING FRAME STATS

FCollision In Avg:3, SD:18, Max:228, Min:0
FCollision Out Avg:3, SD:12, Max:82, Min:0
FCollision End Avg:1, SD:7, Max:82, Min:0
FTask1 Avg:4, SD:26, Max:249, Min:0
FTask2 Avg:21, SD:121, Max:1,127, Min:0
FTask3 Avg:17, SD:49, Max:510, Min:2
FCore Active Avg:3, SD:9, Max:71, Min:0
FRouter Active Avg:11, SD:16, Max:98, Min:0
T1 invocations: 12,903
T2 invocations: 30,545
T3 invocations: 1,078,650
T3b invocations: 0
Total3 invocations: 1,078,650
Total4 invocations: 0

T3/T2 ratio: 35
T3b/T3 ratio: 0

T1 avg ex cycles: 76
T2 avg ex cycles: 175
T3&b avg ex cycles: 4
T4 avg ex cycles: -nan
Avg. hops NOC1: 5
Avg. latency NOC1 (T2): 7,663
Avg. hops NOC2: 5
Avg. latency NOC2 (T3): 18,040

===PRINTING ACUM STATS at pu_cycles: 1,600,390

ACollision In Avg:103, SD:59, Max:431, Min:9
ACollision Out Avg:80, SD:53, Max:242, Min:7
ACollision End Avg:17, SD:15, Max:72, Min:0
ATask1 Avg:41, SD:3, Max:50, Min:12
ATask2 Avg:154, SD:23, Max:165, Min:0
ATask3 Avg:97, SD:77, Max:691, Min:23
ACore Active Avg:18, SD:5, Max:54, Min:6
ARouter Active Avg:44, SD:13, Max:94, Min:21
T1 invocations: 1,831,164
T2 invocations: 4,633,679
T3 invocations: 98,977,324
T3b invocations: 0
Total3 invocations: 98,977,324
Total4 invocations: 0

T3/T2 ratio: 21
T3b/T3 ratio: 0

T1 avg ex cycles: 91
T2 avg ex cycles: 136
T3&b avg ex cycles: 4
T4 avg ex cycles: -nan
Avg. hops NOC1: 4
Avg. latency NOC1 (T2): 15,560
Avg. hops NOC2: 5
Avg. latency NOC2 (T3): 36,035
Number of K Nodes Processed: 98,977
Number of K Edges Processed: 99,035
Node Re-explore factor: 23.53
Edge Re-explore factor: 0.98
Nodes/cy: 62
Edges/cy: 62
TEPS: 60

---DCache---
DCache Size: 840,800
DRAM words: 0
  DHits: 0
  DMisses: 0

---Energy---
Leakage Energy (nJ): 1,635,107
PU Dyn E (nJ): 6,179,966
Mem Dyn E (nJ): 87,046,173
Route Dyn E (nJ): 15,175,545
Dynamic Energy (nJ): 108,401,686
Ratio of Dyn/Leak: 66
Total Energy (nJ): 110,036,793
Total Energy (nJ) 3D: 117,028,453
Cores Energy (nJ): 6,197,782
Route Energy (nJ): 15,655,152
Route Energy (nJ) 3D: 22,646,813
Mem Energy   (nJ): 88,183,859
Mem Energy   (nJ) 3D: 88,183,859
Avg. Power (mW): 68,756.24
Power Density (mW/mm2): 11.97

---Runtime---
Runtime in K cycles: 1,600.39
Microseconds: 1,600.39
Time per iteration (ms): 1.60

---Throughput---
GOP/s (aka OPS/ns): 352.60
GOP/s per core: 1.38
GFLOP/s: 123.73
GFLOP/s per core: 0.48
Max Peak GFLOP/s: 4,096.00
Avg. BW GB/s: 2,635.38
Max BW GB/s: 16,384.00

---Traffic---
In-Die bisection_bytes BW (GB/s): 256.00
Inter-board traffic (msg/ns): 0.00, per-link: 0.00
Inter-pack traffic (msg/ns): 0.00, per-link: 0.00
Inter-die traffic (msg/ns): 42.82, per-link: 0.17
Ruche traffic (msg/ns): 148.08, per-link: 0.58
All traffic (msg/ns): 649.05, per-link: 2.54
Inter-die reduction wrt all: 15.16
Inter-board reduction wrt inter-die: inf

---Data Movement---
All traffic (msg): 1,038,731,929
Arith. Intensity FLOP/Loads: 0.38
Arith. Intensity FLOP/Msgs: 0.19
Arith. Intensity OPS/Loads: 1.07
Arith. Intensity OPS/Msgs: 0.54



===Core Utilization Total=== CORE-S:16;; TIME K cy:1,600 ;; Nodes Proc: 10,906,310 -- Edges Proc: 11,913,809
======== IT IS COLD ======= Only 1 Tiles active

===PRINTING FRAME STATS

FCollision In Avg:2, SD:16, Max:192, Min:0
FCollision Out Avg:3, SD:19, Max:195, Min:0
FCollision End Avg:1, SD:8, Max:96, Min:0
FTask1 Avg:2, SD:20, Max:308, Min:0
FTask2 Avg:12, SD:131, Max:1,520, Min:0
FTask3 Avg:8, SD:33, Max:356, Min:0
FCore Active Avg:1, SD:9, Max:96, Min:0
FRouter Active Avg:6, SD:14, Max:100, Min:0
T1 invocations: 5,998
T2 invocations: 13,166
T3 invocations: 507,698
T3b invocations: 0
Total3 invocations: 507,698
Total4 invocations: 0

T3/T2 ratio: 39
T3b/T3 ratio: 0

T1 avg ex cycles: 68
T2 avg ex cycles: 225
T3&b avg ex cycles: 4
T4 avg ex cycles: -nan
Avg. hops NOC1: 5
Avg. latency NOC1 (T2): 9,154
Avg. hops NOC2: 6
Avg. latency NOC2 (T3): 16,653

===PRINTING ACUM STATS at pu_cycles: 1,700,390

ACollision In Avg:97, SD:56, Max:417, Min:8
ACollision Out Avg:75, SD:50, Max:227, Min:6
ACollision End Avg:16, SD:14, Max:68, Min:0
ATask1 Avg:39, SD:2, Max:47, Min:17
ATask2 Avg:146, SD:19, Max:155, Min:0
ATask3 Avg:91, SD:73, Max:671, Min:22
ACore Active Avg:17, SD:5, Max:52, Min:5
ARouter Active Avg:42, SD:12, Max:92, Min:20
T1 invocations: 1,837,162
T2 invocations: 4,646,845
T3 invocations: 99,413,993
T3b invocations: 0
Total3 invocations: 99,413,993
Total4 invocations: 0

T3/T2 ratio: 21
T3b/T3 ratio: 0

T1 avg ex cycles: 91
T2 avg ex cycles: 136
T3&b avg ex cycles: 4
T4 avg ex cycles: -nan
Avg. hops NOC1: 4
Avg. latency NOC1 (T2): 15,542
Avg. hops NOC2: 5
Avg. latency NOC2 (T3): 35,948
Number of K Nodes Processed: 99,414
Number of K Edges Processed: 99,512
Node Re-explore factor: 23.63
Edge Re-explore factor: 0.98
Nodes/cy: 58
Edges/cy: 59
TEPS: 56

---DCache---
DCache Size: 840,800
DRAM words: 0
  DHits: 0
  DMisses: 0

---Energy---
Leakage Energy (nJ): 1,737,277
PU Dyn E (nJ): 6,206,857
Mem Dyn E (nJ): 87,434,624
Route Dyn E (nJ): 15,255,476
Dynamic Energy (nJ): 108,896,958
Ratio of Dyn/Leak: 63
Total Energy (nJ): 110,634,235
Total Energy (nJ) 3D: 117,664,201
Cores Energy (nJ): 6,225,786
Route Energy (nJ): 15,765,052
Route Energy (nJ) 3D: 22,795,017
Mem Energy   (nJ): 88,643,398
Mem Energy   (nJ) 3D: 88,643,398
Avg. Power (mW): 65,064.04
Power Density (mW/mm2): 11.32

---Runtime---
Runtime in K cycles: 1,700.39
Microseconds: 1,700.39
Time per iteration (ms): 1.70

---Throughput---
GOP/s (aka OPS/ns): 333.19
GOP/s per core: 1.30
GFLOP/s: 116.99
GFLOP/s per core: 0.46
Max Peak GFLOP/s: 4,096.00
Avg. BW GB/s: 2,491.47
Max BW GB/s: 16,384.00

---Traffic---
In-Die bisection_bytes BW (GB/s): 256.00
Inter-board traffic (msg/ns): 0.00, per-link: 0.00
Inter-pack traffic (msg/ns): 0.00, per-link: 0.00
Inter-die traffic (msg/ns): 40.42, per-link: 0.16
Ruche traffic (msg/ns): 140.13, per-link: 0.55
All traffic (msg/ns): 613.97, per-link: 2.40
Inter-die reduction wrt all: 15.19
Inter-board reduction wrt inter-die: inf

---Data Movement---
All traffic (msg): 1,043,995,385
Arith. Intensity FLOP/Loads: 0.38
Arith. Intensity FLOP/Msgs: 0.19
Arith. Intensity OPS/Loads: 1.07
Arith. Intensity OPS/Msgs: 0.54



===Core Utilization Total=== CORE-S:17;; TIME K cy:1,700 ;; Nodes Proc: 10,928,464 -- Edges Proc: 12,148,610
======== IT IS COLD ======= Only 1 Tiles active

===PRINTING FRAME STATS

FCollision In Avg:1, SD:9, Max:107, Min:0
FCollision Out Avg:2, SD:16, Max:195, Min:0
FCollision End Avg:0, SD:4, Max:48, Min:0
FTask1 Avg:0, SD:6, Max:96, Min:0
FTask2 Avg:7, SD:69, Max:821, Min:0
FTask3 Avg:5, SD:29, Max:432, Min:0
FCore Active Avg:1, SD:5, Max:51, Min:0
FRouter Active Avg:4, SD:10, Max:85, Min:0
T1 invocations: 1,850
T2 invocations: 5,264
T3 invocations: 338,608
T3b invocations: 0
Total3 invocations: 338,608
Total4 invocations: 0

T3/T2 ratio: 64
T3b/T3 ratio: 0

T1 avg ex cycles: 52
T2 avg ex cycles: 318
T3&b avg ex cycles: 4
T4 avg ex cycles: -nan
Avg. hops NOC1: 6
Avg. latency NOC1 (T2): 14,537
Avg. hops NOC2: 6
Avg. latency NOC2 (T3): 19,277

===PRINTING ACUM STATS at pu_cycles: 1,800,346

ACollision In Avg:92, SD:53, Max:400, Min:8
ACollision Out Avg:71, SD:47, Max:215, Min:6
ACollision End Avg:15, SD:13, Max:64, Min:0
ATask1 Avg:36, SD:2, Max:44, Min:21
ATask2 Avg:138, SD:16, Max:147, Min:0
ATask3 Avg:87, SD:70, Max:658, Min:21
ACore Active Avg:16, SD:5, Max:51, Min:5
ARouter Active Avg:40, SD:12, Max:90, Min:18
T1 invocations: 1,839,012
T2 invocations: 4,652,109
T3 invocations: 99,752,601
T3b invocations: 0
Total3 invocations: 99,752,601
Total4 invocations: 0

T3/T2 ratio: 21
T3b/T3 ratio: 0

T1 avg ex cycles: 91
T2 avg ex cycles: 137
T3&b avg ex cycles: 4
T4 avg ex cycles: -nan
Avg. hops NOC1: 4
Avg. latency NOC1 (T2): 15,541
Avg. hops NOC2: 5
Avg. latency NOC2 (T3): 35,892
Number of K Nodes Processed: 99,752
Number of K Edges Processed: 99,784
Node Re-explore factor: 23.71
Edge Re-explore factor: 0.98
Nodes/cy: 55
Edges/cy: 55
TEPS: 53

---DCache---
DCache Size: 840,800
DRAM words: 0
  DHits: 0
  DMisses: 0

---Energy---
Leakage Energy (nJ): 1,839,401
PU Dyn E (nJ): 6,224,078
Mem Dyn E (nJ): 87,697,150
Route Dyn E (nJ): 15,315,931
Dynamic Energy (nJ): 109,237,159
Ratio of Dyn/Leak: 59
Total Energy (nJ): 111,076,560
Total Energy (nJ) 3D: 118,135,356
Cores Energy (nJ): 6,244,119
Route Energy (nJ): 15,855,461
Route Energy (nJ) 3D: 22,914,257
Mem Energy   (nJ): 88,976,980
Mem Energy   (nJ) 3D: 88,976,980
Avg. Power (mW): 61,697.34
Power Density (mW/mm2): 10.74

---Runtime---
Runtime in K cycles: 1,800.35
Microseconds: 1,800.35
Time per iteration (ms): 1.80

---Throughput---
GOP/s (aka OPS/ns): 315.43
GOP/s per core: 1.23
GFLOP/s: 110.83
GFLOP/s per core: 0.43
Max Peak GFLOP/s: 4,096.00
Avg. BW GB/s: 2,360.20
Max BW GB/s: 16,384.00

---Traffic---
In-Die bisection_bytes BW (GB/s): 256.00
Inter-board traffic (msg/ns): 0.00, per-link: 0.00
Inter-pack traffic (msg/ns): 0.00, per-link: 0.00
Inter-die traffic (msg/ns): 38.24, per-link: 0.15
Ruche traffic (msg/ns): 132.93, per-link: 0.52
All traffic (msg/ns): 582.10, per-link: 2.27
Inter-die reduction wrt all: 15.22
Inter-board reduction wrt inter-die: inf

---Data Movement---
All traffic (msg): 1,047,979,348
Arith. Intensity FLOP/Loads: 0.38
Arith. Intensity FLOP/Msgs: 0.19
Arith. Intensity OPS/Loads: 1.07
Arith. Intensity OPS/Msgs: 0.54



===Core Utilization Total=== CORE-S:18;; TIME K cy:1,800 ;; Nodes Proc: 10,941,668 -- Edges Proc: 12,401,724
======== IT IS COLD ======= Only 1 Tiles active

===PRINTING FRAME STATS

FCollision In Avg:1, SD:9, Max:107, Min:0
FCollision Out Avg:2, SD:17, Max:195, Min:0
FCollision End Avg:0, SD:6, Max:96, Min:0
FTask1 Avg:0, SD:6, Max:96, Min:0
FTask2 Avg:5, SD:84, Max:1,343, Min:0
FTask3 Avg:5, SD:29, Max:432, Min:0
FCore Active Avg:1, SD:6, Max:84, Min:0
FRouter Active Avg:3, SD:9, Max:100, Min:0
T1 invocations: 1,850
T2 invocations: 4,531
T3 invocations: 301,173
T3b invocations: 0
Total3 invocations: 301,173
Total4 invocations: 0

T3/T2 ratio: 66
T3b/T3 ratio: 0

T1 avg ex cycles: 52
T2 avg ex cycles: 296
T3&b avg ex cycles: 4
T4 avg ex cycles: -nan
Avg. hops NOC1: 7
Avg. latency NOC1 (T2): 13,999
Avg. hops NOC2: 4
Avg. latency NOC2 (T3): 19,790

===PRINTING ACUM STATS at pu_cycles: 1,900,378

ACollision In Avg:87, SD:51, Max:384, Min:8
ACollision Out Avg:68, SD:45, Max:215, Min:6
ACollision End Avg:15, SD:12, Max:61, Min:0
ATask1 Avg:35, SD:2, Max:42, Min:27
ATask2 Avg:132, SD:15, Max:145, Min:0
ATask3 Avg:83, SD:68, Max:636, Min:20
ACore Active Avg:16, SD:4, Max:50, Min:5
ARouter Active Avg:38, SD:12, Max:87, Min:17
T1 invocations: 1,841,029
T2 invocations: 4,656,640
T3 invocations: 99,930,634
T3b invocations: 0
Total3 invocations: 99,930,634
Total4 invocations: 0

T3/T2 ratio: 21
T3b/T3 ratio: 0

T1 avg ex cycles: 91
T2 avg ex cycles: 137
T3&b avg ex cycles: 4
T4 avg ex cycles: -nan
Avg. hops NOC1: 4
Avg. latency NOC1 (T2): 15,539
Avg. hops NOC2: 5
Avg. latency NOC2 (T3): 35,866
Number of K Nodes Processed: 99,952
Number of K Edges Processed: 100,001
Node Re-explore factor: 23.76
Edge Re-explore factor: 0.99
Nodes/cy: 53
Edges/cy: 53
TEPS: 50

---DCache---
DCache Size: 840,800
DRAM words: 0
  DHits: 0
  DMisses: 0

---Energy---
Leakage Energy (nJ): 1,941,603
PU Dyn E (nJ): 6,235,527
Mem Dyn E (nJ): 87,862,221
Route Dyn E (nJ): 15,351,496
Dynamic Energy (nJ): 109,449,244
Ratio of Dyn/Leak: 56
Total Energy (nJ): 111,390,847
Total Energy (nJ) 3D: 118,465,946
Cores Energy (nJ): 6,256,682
Route Energy (nJ): 15,921,005
Route Energy (nJ) 3D: 22,996,103
Mem Energy   (nJ): 89,213,161
Mem Energy   (nJ) 3D: 89,213,161
Avg. Power (mW): 58,615.10
Power Density (mW/mm2): 10.20

---Runtime---
Runtime in K cycles: 1,900.38
Microseconds: 1,900.38
Time per iteration (ms): 1.90

---Throughput---
GOP/s (aka OPS/ns): 299.32
GOP/s per core: 1.17
GFLOP/s: 105.21
GFLOP/s per core: 0.41
Max Peak GFLOP/s: 4,096.00
Avg. BW GB/s: 2,240.18
Max BW GB/s: 16,384.00

---Traffic---
In-Die bisection_bytes BW (GB/s): 256.00
Inter-board traffic (msg/ns): 0.00, per-link: 0.00
Inter-pack traffic (msg/ns): 0.00, per-link: 0.00
Inter-die traffic (msg/ns): 36.25, per-link: 0.14
Ruche traffic (msg/ns): 126.29, per-link: 0.49
All traffic (msg/ns): 552.67, per-link: 2.16
Inter-die reduction wrt all: 15.25
Inter-board reduction wrt inter-die: inf

---Data Movement---
All traffic (msg): 1,050,287,153
Arith. Intensity FLOP/Loads: 0.38
Arith. Intensity FLOP/Msgs: 0.19
Arith. Intensity OPS/Loads: 1.07
Arith. Intensity OPS/Msgs: 0.54



===Core Utilization Total=== CORE-S:19;; TIME K cy:1,900 ;; Nodes Proc: 10,951,200 -- Edges Proc: 12,619,463
======== IT IS COLD ======= Only 1 Tiles active

===PRINTING FRAME STATS

FCollision In Avg:1, SD:10, Max:95, Min:0
FCollision Out Avg:2, SD:17, Max:195, Min:0
FCollision End Avg:0, SD:1, Max:13, Min:0
FTask1 Avg:1, SD:8, Max:131, Min:0
FTask2 Avg:1, SD:17, Max:275, Min:0
FTask3 Avg:3, SD:16, Max:243, Min:0
FCore Active Avg:0, SD:2, Max:23, Min:0
FRouter Active Avg:2, SD:6, Max:51, Min:0
T1 invocations: 2,017
T2 invocations: 981
T3 invocations: 207,875
T3b invocations: 0
Total3 invocations: 207,875
Total4 invocations: 0

T3/T2 ratio: 212
T3b/T3 ratio: 0

T1 avg ex cycles: 65
T2 avg ex cycles: 280
T3&b avg ex cycles: 4
T4 avg ex cycles: -nan
Avg. hops NOC1: 34
Avg. latency NOC1 (T2): 17,406
Avg. hops NOC2: 4
Avg. latency NOC2 (T3): 20,642

===PRINTING ACUM STATS at pu_cycles: 2,000,363

ACollision In Avg:83, SD:48, Max:370, Min:7
ACollision Out Avg:64, SD:42, Max:193, Min:5
ACollision End Avg:14, SD:12, Max:58, Min:0
ATask1 Avg:33, SD:1, Max:40, Min:26
ATask2 Avg:125, SD:12, Max:132, Min:0
ATask3 Avg:78, SD:64, Max:616, Min:19
ACore Active Avg:15, SD:4, Max:49, Min:4
ARouter Active Avg:36, SD:11, Max:84, Min:17
T1 invocations: 1,843,379
T2 invocations: 4,662,249
T3 invocations: 100,220,005
T3b invocations: 0
Total3 invocations: 100,220,005
Total4 invocations: 0

T3/T2 ratio: 21
T3b/T3 ratio: 0

T1 avg ex cycles: 91
T2 avg ex cycles: 137
T3&b avg ex cycles: 4
T4 avg ex cycles: -nan
Avg. hops NOC1: 4
Avg. latency NOC1 (T2): 15,535
Avg. hops NOC2: 5
Avg. latency NOC2 (T3): 35,807
Number of K Nodes Processed: 100,220
Number of K Edges Processed: 100,269
Node Re-explore factor: 23.83
Edge Re-explore factor: 0.99
Nodes/cy: 50
Edges/cy: 50
TEPS: 48

---DCache---
DCache Size: 840,800
DRAM words: 0
  DHits: 0
  DMisses: 0

---Energy---
Leakage Energy (nJ): 2,043,757
PU Dyn E (nJ): 6,251,483
Mem Dyn E (nJ): 88,099,873
Route Dyn E (nJ): 15,400,274
Dynamic Energy (nJ): 109,751,630
Ratio of Dyn/Leak: 54
Total Energy (nJ): 111,795,387
Total Energy (nJ) 3D: 118,893,679
Cores Energy (nJ): 6,273,751
Route Energy (nJ): 15,999,746
Route Energy (nJ) 3D: 23,098,037
Mem Energy   (nJ): 89,521,891
Mem Energy   (nJ) 3D: 89,521,891
Avg. Power (mW): 55,887.55
Power Density (mW/mm2): 9.73

---Runtime---
Runtime in K cycles: 2,000.36
Microseconds: 2,000.36
Time per iteration (ms): 2.00

---Throughput---
GOP/s (aka OPS/ns): 284.99
GOP/s per core: 1.11
GFLOP/s: 100.23
GFLOP/s per core: 0.39
Max Peak GFLOP/s: 4,096.00
Avg. BW GB/s: 2,133.96
Max BW GB/s: 16,384.00

---Traffic---
In-Die bisection_bytes BW (GB/s): 256.00
Inter-board traffic (msg/ns): 0.00, per-link: 0.00
Inter-pack traffic (msg/ns): 0.00, per-link: 0.00
Inter-die traffic (msg/ns): 34.50, per-link: 0.13
Ruche traffic (msg/ns): 120.37, per-link: 0.47
All traffic (msg/ns): 526.67, per-link: 2.06
Inter-die reduction wrt all: 15.27
Inter-board reduction wrt inter-die: inf

---Data Movement---
All traffic (msg): 1,053,538,230
Arith. Intensity FLOP/Loads: 0.38
Arith. Intensity FLOP/Msgs: 0.19
Arith. Intensity OPS/Loads: 1.07
Arith. Intensity OPS/Msgs: 0.54



===Core Utilization Total=== CORE-S:20;; TIME K cy:2,000 ;; Nodes Proc: 10,968,475 -- Edges Proc: 12,663,968
======== IT IS COLD ======= Only 0 Tiles active

===PRINTING FRAME STATS

FCollision In Avg:1, SD:11, Max:102, Min:0
FCollision Out Avg:3, SD:18, Max:194, Min:0
FCollision End Avg:0, SD:5, Max:73, Min:0
FTask1 Avg:0, SD:6, Max:104, Min:0
FTask2 Avg:4, SD:66, Max:1,065, Min:0
FTask3 Avg:4, SD:21, Max:306, Min:0
FCore Active Avg:1, SD:4, Max:67, Min:0
FRouter Active Avg:3, SD:9, Max:98, Min:0
T1 invocations: 1,864
T2 invocations: 3,389
T3 invocations: 271,203
T3b invocations: 0
Total3 invocations: 271,203
Total4 invocations: 0

T3/T2 ratio: 80
T3b/T3 ratio: 0

T1 avg ex cycles: 56
T2 avg ex cycles: 314
T3&b avg ex cycles: 4
T4 avg ex cycles: -nan
Avg. hops NOC1: 11
Avg. latency NOC1 (T2): 17,032
Avg. hops NOC2: 5
Avg. latency NOC2 (T3): 17,840

===PRINTING ACUM STATS at pu_cycles: 2,100,384

ACollision In Avg:80, SD:46, Max:357, Min:7
ACollision Out Avg:62, SD:41, Max:184, Min:5
ACollision End Avg:13, SD:11, Max:55, Min:0
ATask1 Avg:32, SD:1, Max:38, Min:25
ATask2 Avg:121, SD:11, Max:131, Min:0
ATask3 Avg:76, SD:62, Max:602, Min:18
ACore Active Avg:14, SD:4, Max:48, Min:4
ARouter Active Avg:35, SD:11, Max:82, Min:17
T1 invocations: 1,845,243
T2 invocations: 4,665,638
T3 invocations: 100,427,544
T3b invocations: 0
Total3 invocations: 100,427,544
Total4 invocations: 0

T3/T2 ratio: 22
T3b/T3 ratio: 0

T1 avg ex cycles: 91
T2 avg ex cycles: 137
T3&b avg ex cycles: 4
T4 avg ex cycles: -nan
Avg. hops NOC1: 4
Avg. latency NOC1 (T2): 15,537
Avg. hops NOC2: 5
Avg. latency NOC2 (T3): 35,775
Number of K Nodes Processed: 100,465
Number of K Edges Processed: 100,506
Node Re-explore factor: 23.88
Edge Re-explore factor: 0.99
Nodes/cy: 48
Edges/cy: 48
TEPS: 45

---DCache---
DCache Size: 840,800
DRAM words: 0
  DHits: 0
  DMisses: 0

---Energy---
Leakage Energy (nJ): 2,145,948
PU Dyn E (nJ): 6,262,377
Mem Dyn E (nJ): 88,263,954
Route Dyn E (nJ): 15,442,406
Dynamic Energy (nJ): 109,968,737
Ratio of Dyn/Leak: 51
Total Energy (nJ): 112,114,685
Total Energy (nJ) 3D: 119,232,159
Cores Energy (nJ): 6,285,758
Route Energy (nJ): 16,071,853
Route Energy (nJ) 3D: 23,189,326
Mem Energy   (nJ): 89,757,075
Mem Energy   (nJ) 3D: 89,757,075
Avg. Power (mW): 53,378.18
Power Density (mW/mm2): 9.29

---Runtime---
Runtime in K cycles: 2,100.38
Microseconds: 2,100.38
Time per iteration (ms): 2.10

---Throughput---
GOP/s (aka OPS/ns): 271.83
GOP/s per core: 1.06
GFLOP/s: 95.63
GFLOP/s per core: 0.37
Max Peak GFLOP/s: 4,096.00
Avg. BW GB/s: 2,036.13
Max BW GB/s: 16,384.00

---Traffic---
In-Die bisection_bytes BW (GB/s): 256.00
Inter-board traffic (msg/ns): 0.00, per-link: 0.00
Inter-pack traffic (msg/ns): 0.00, per-link: 0.00
Inter-die traffic (msg/ns): 32.92, per-link: 0.13
Ruche traffic (msg/ns): 115.00, per-link: 0.45
All traffic (msg/ns): 502.89, per-link: 1.96
Inter-die reduction wrt all: 15.28
Inter-board reduction wrt inter-die: inf

---Data Movement---
All traffic (msg): 1,056,259,887
Arith. Intensity FLOP/Loads: 0.38
Arith. Intensity FLOP/Msgs: 0.19
Arith. Intensity OPS/Loads: 1.07
Arith. Intensity OPS/Msgs: 0.54



===Core Utilization Total=== CORE-S:21;; TIME K cy:2,100 ;; Nodes Proc: 10,982,408 -- Edges Proc: 12,663,968
======== IT IS COLD ======= Only 0 Tiles active

===PRINTING FRAME STATS

FCollision In Avg:1, SD:11, Max:100, Min:0
FCollision Out Avg:3, SD:19, Max:195, Min:0
FCollision End Avg:0, SD:6, Max:96, Min:0
FTask1 Avg:0, SD:5, Max:78, Min:0
FTask2 Avg:6, SD:89, Max:1,434, Min:0
FTask3 Avg:4, SD:25, Max:388, Min:0
FCore Active Avg:1, SD:6, Max:90, Min:0
FRouter Active Avg:3, SD:10, Max:100, Min:0
T1 invocations: 1,632
T2 invocations: 4,196
T3 invocations: 246,070
T3b invocations: 0
Total3 invocations: 246,070
Total4 invocations: 0

T3/T2 ratio: 59
T3b/T3 ratio: 0

T1 avg ex cycles: 48
T2 avg ex cycles: 342
T3&b avg ex cycles: 4
T4 avg ex cycles: -nan
Avg. hops NOC1: 9
Avg. latency NOC1 (T2): 15,224
Avg. hops NOC2: 5
Avg. latency NOC2 (T3): 18,957

===PRINTING ACUM STATS at pu_cycles: 2,200,378

ACollision In Avg:77, SD:45, Max:345, Min:7
ACollision Out Avg:60, SD:40, Max:184, Min:5
ACollision End Avg:13, SD:11, Max:52, Min:0
ATask1 Avg:31, SD:2, Max:39, Min:24
ATask2 Avg:117, SD:9, Max:125, Min:0
ATask3 Avg:73, SD:61, Max:592, Min:18
ACore Active Avg:14, SD:4, Max:47, Min:4
ARouter Active Avg:34, SD:10, Max:81, Min:16
T1 invocations: 1,846,875
T2 invocations: 4,671,043
T3 invocations: 100,632,886
T3b invocations: 0
Total3 invocations: 100,632,886
Total4 invocations: 0

T3/T2 ratio: 22
T3b/T3 ratio: 0

T1 avg ex cycles: 91
T2 avg ex cycles: 137
T3&b avg ex cycles: 4
T4 avg ex cycles: -nan
Avg. hops NOC1: 4
Avg. latency NOC1 (T2): 15,535
Avg. hops NOC2: 5
Avg. latency NOC2 (T3): 35,740
Number of K Nodes Processed: 100,690
Number of K Edges Processed: 100,739
Node Re-explore factor: 23.94
Edge Re-explore factor: 0.99
Nodes/cy: 46
Edges/cy: 46
TEPS: 43

---DCache---
DCache Size: 840,800
DRAM words: 0
  DHits: 0
  DMisses: 0

---Energy---
Leakage Energy (nJ): 2,248,111
PU Dyn E (nJ): 6,276,605
Mem Dyn E (nJ): 88,468,864
Route Dyn E (nJ): 15,483,484
Dynamic Energy (nJ): 110,228,953
Ratio of Dyn/Leak: 49
Total Energy (nJ): 112,477,064
Total Energy (nJ) 3D: 119,613,886
Cores Energy (nJ): 6,301,099
Route Energy (nJ): 16,142,897
Route Energy (nJ) 3D: 23,279,719
Mem Energy   (nJ): 90,033,068
Mem Energy   (nJ) 3D: 90,033,068
Avg. Power (mW): 51,117.16
Power Density (mW/mm2): 8.90

---Runtime---
Runtime in K cycles: 2,200.38
Microseconds: 2,200.38
Time per iteration (ms): 2.20

---Throughput---
GOP/s (aka OPS/ns): 259.99
GOP/s per core: 1.02
GFLOP/s: 91.52
GFLOP/s per core: 0.36
Max Peak GFLOP/s: 4,096.00
Avg. BW GB/s: 1,948.11
Max BW GB/s: 16,384.00

---Traffic---
In-Die bisection_bytes BW (GB/s): 256.00
Inter-board traffic (msg/ns): 0.00, per-link: 0.00
Inter-pack traffic (msg/ns): 0.00, per-link: 0.00
Inter-die traffic (msg/ns): 31.45, per-link: 0.12
Ruche traffic (msg/ns): 110.10, per-link: 0.43
All traffic (msg/ns): 481.25, per-link: 1.88
Inter-die reduction wrt all: 15.30
Inter-board reduction wrt inter-die: inf

---Data Movement---
All traffic (msg): 1,058,923,696
Arith. Intensity FLOP/Loads: 0.38
Arith. Intensity FLOP/Msgs: 0.19
Arith. Intensity OPS/Loads: 1.07
Arith. Intensity OPS/Msgs: 0.54



===Core Utilization Total=== CORE-S:22;; TIME K cy:2,200 ;; Nodes Proc: 10,990,276 -- Edges Proc: 12,663,968
======== IT IS COLD ======= Only 0 Tiles active

===PRINTING FRAME STATS

FCollision In Avg:1, SD:10, Max:110, Min:0
FCollision Out Avg:4, SD:16, Max:128, Min:0
FCollision End Avg:0, SD:5, Max:62, Min:0
FTask1 Avg:0, SD:5, Max:79, Min:0
FTask2 Avg:6, SD:72, Max:989, Min:0
FTask3 Avg:4, SD:30, Max:445, Min:0
FCore Active Avg:1, SD:5, Max:62, Min:0
FRouter Active Avg:3, SD:10, Max:74, Min:0
T1 invocations: 1,675
T2 invocations: 4,438
T3 invocations: 259,018
T3b invocations: 0
Total3 invocations: 259,018
Total4 invocations: 0

T3/T2 ratio: 58
T3b/T3 ratio: 0

T1 avg ex cycles: 47
T2 avg ex cycles: 358
T3&b avg ex cycles: 4
T4 avg ex cycles: -nan
Avg. hops NOC1: 9
Avg. latency NOC1 (T2): 16,914
Avg. hops NOC2: 6
Avg. latency NOC2 (T3): 20,204

===PRINTING ACUM STATS at pu_cycles: 2,300,356

ACollision In Avg:72, SD:42, Max:335, Min:7
ACollision Out Avg:56, SD:37, Max:168, Min:5
ACollision End Avg:12, SD:10, Max:50, Min:1
ATask1 Avg:29, SD:1, Max:40, Min:23
ATask2 Avg:109, SD:5, Max:115, Min:43
ATask3 Avg:69, SD:58, Max:586, Min:16
ACore Active Avg:13, SD:4, Max:46, Min:7
ARouter Active Avg:32, SD:10, Max:80, Min:14
T1 invocations: 1,848,550
T2 invocations: 4,675,481
T3 invocations: 100,949,760
T3b invocations: 0
Total3 invocations: 100,949,760
Total4 invocations: 0

T3/T2 ratio: 22
T3b/T3 ratio: 0

T1 avg ex cycles: 91
T2 avg ex cycles: 138
T3&b avg ex cycles: 4
T4 avg ex cycles: -nan
Avg. hops NOC1: 4
Avg. latency NOC1 (T2): 15,536
Avg. hops NOC2: 5
Avg. latency NOC2 (T3): 35,690
Number of K Nodes Processed: 100,949
Number of K Edges Processed: 100,998
Node Re-explore factor: 24.00
Edge Re-explore factor: 1.00
Nodes/cy: 44
Edges/cy: 44
TEPS: 42

---DCache---
DCache Size: 840,800
DRAM words: 0
  DHits: 0
  DMisses: 0

---Energy---
Leakage Energy (nJ): 2,350,258
PU Dyn E (nJ): 6,292,791
Mem Dyn E (nJ): 88,715,801
Route Dyn E (nJ): 15,535,688
Dynamic Energy (nJ): 110,544,280
Ratio of Dyn/Leak: 47
Total Energy (nJ): 112,894,538
Total Energy (nJ) 3D: 120,056,714
Cores Energy (nJ): 6,318,398
Route Energy (nJ): 16,225,062
Route Energy (nJ) 3D: 23,387,238
Mem Energy   (nJ): 90,351,078
Mem Energy   (nJ) 3D: 90,351,078
Avg. Power (mW): 49,076.99
Power Density (mW/mm2): 8.54

---Runtime---
Runtime in K cycles: 2,300.36
Microseconds: 2,300.36
Time per iteration (ms): 2.30

---Throughput---
GOP/s (aka OPS/ns): 249.23
GOP/s per core: 0.97
GFLOP/s: 87.79
GFLOP/s per core: 0.34
Max Peak GFLOP/s: 4,096.00
Avg. BW GB/s: 1,868.64
Max BW GB/s: 16,384.00

---Traffic---
In-Die bisection_bytes BW (GB/s): 256.00
Inter-board traffic (msg/ns): 0.00, per-link: 0.00
Inter-pack traffic (msg/ns): 0.00, per-link: 0.00
Inter-die traffic (msg/ns): 30.12, per-link: 0.12
Ruche traffic (msg/ns): 105.69, per-link: 0.41
All traffic (msg/ns): 461.85, per-link: 1.80
Inter-die reduction wrt all: 15.33
Inter-board reduction wrt inter-die: inf

---Data Movement---
All traffic (msg): 1,062,411,129
Arith. Intensity FLOP/Loads: 0.38
Arith. Intensity FLOP/Msgs: 0.19
Arith. Intensity OPS/Loads: 1.07
Arith. Intensity OPS/Msgs: 0.54



===Core Utilization Total=== CORE-S:23;; TIME K cy:2,300 ;; Nodes Proc: 10,999,044 -- Edges Proc: 12,663,968
======== IT IS COLD ======= Only 0 Tiles active

===PRINTING FRAME STATS

FCollision In Avg:1, SD:11, Max:100, Min:0
FCollision Out Avg:4, SD:22, Max:196, Min:0
FCollision End Avg:0, SD:6, Max:96, Min:0
FTask1 Avg:0, SD:5, Max:75, Min:0
FTask2 Avg:5, SD:77, Max:1,229, Min:0
FTask3 Avg:3, SD:18, Max:258, Min:0
FCore Active Avg:1, SD:5, Max:77, Min:0
FRouter Active Avg:3, SD:10, Max:100, Min:0
T1 invocations: 1,465
T2 invocations: 3,651
T3 invocations: 200,011
T3b invocations: 0
Total3 invocations: 200,011
Total4 invocations: 0

T3/T2 ratio: 55
T3b/T3 ratio: 0

T1 avg ex cycles: 51
T2 avg ex cycles: 337
T3&b avg ex cycles: 4
T4 avg ex cycles: -nan
Avg. hops NOC1: 10
Avg. latency NOC1 (T2): 18,290
Avg. hops NOC2: 6
Avg. latency NOC2 (T3): 24,515

===PRINTING ACUM STATS at pu_cycles: 2,400,391

ACollision In Avg:69, SD:40, Max:325, Min:6
ACollision Out Avg:54, SD:36, Max:161, Min:4
ACollision End Avg:12, SD:10, Max:48, Min:1
ATask1 Avg:27, SD:1, Max:42, Min:22
ATask2 Avg:105, SD:3, Max:110, Min:81
ATask3 Avg:66, SD:56, Max:572, Min:16
ACore Active Avg:12, SD:4, Max:45, Min:9
ARouter Active Avg:31, SD:9, Max:78, Min:14
T1 invocations: 1,850,015
T2 invocations: 4,679,132
T3 invocations: 101,149,771
T3b invocations: 0
Total3 invocations: 101,149,771
Total4 invocations: 0

T3/T2 ratio: 22
T3b/T3 ratio: 0

T1 avg ex cycles: 91
T2 avg ex cycles: 138
T3&b avg ex cycles: 4
T4 avg ex cycles: -nan
Avg. hops NOC1: 4
Avg. latency NOC1 (T2): 15,538
Avg. hops NOC2: 5
Avg. latency NOC2 (T3): 35,668
Number of K Nodes Processed: 101,149
Number of K Edges Processed: 101,198
Node Re-explore factor: 24.05
Edge Re-explore factor: 1.00
Nodes/cy: 42
Edges/cy: 42
TEPS: 40

---DCache---
DCache Size: 840,800
DRAM words: 0
  DHits: 0
  DMisses: 0

---Energy---
Leakage Energy (nJ): 2,452,463
PU Dyn E (nJ): 6,304,125
Mem Dyn E (nJ): 88,884,661
Route Dyn E (nJ): 15,575,370
Dynamic Energy (nJ): 110,764,157
Ratio of Dyn/Leak: 45
Total Energy (nJ): 113,216,620
Total Energy (nJ) 3D: 120,397,453
Cores Energy (nJ): 6,330,846
Route Energy (nJ): 16,294,723
Route Energy (nJ) 3D: 23,475,556
Mem Energy   (nJ): 90,591,051
Mem Energy   (nJ) 3D: 90,591,051
Avg. Power (mW): 47,165.91
Power Density (mW/mm2): 8.21

---Runtime---
Runtime in K cycles: 2,400.39
Microseconds: 2,400.39
Time per iteration (ms): 2.40

---Throughput---
GOP/s (aka OPS/ns): 239.21
GOP/s per core: 0.93
GFLOP/s: 84.30
GFLOP/s per core: 0.33
Max Peak GFLOP/s: 4,096.00
Avg. BW GB/s: 1,794.18
Max BW GB/s: 16,384.00

---Traffic---
In-Die bisection_bytes BW (GB/s): 256.00
Inter-board traffic (msg/ns): 0.00, per-link: 0.00
Inter-pack traffic (msg/ns): 0.00, per-link: 0.00
Inter-die traffic (msg/ns): 28.91, per-link: 0.11
Ruche traffic (msg/ns): 101.56, per-link: 0.40
All traffic (msg/ns): 443.67, per-link: 1.73
Inter-die reduction wrt all: 15.35
Inter-board reduction wrt inter-die: inf

---Data Movement---
All traffic (msg): 1,064,983,101
Arith. Intensity FLOP/Loads: 0.38
Arith. Intensity FLOP/Msgs: 0.19
Arith. Intensity OPS/Loads: 1.07
Arith. Intensity OPS/Msgs: 0.54



===Core Utilization Total=== CORE-S:24;; TIME K cy:2,400 ;; Nodes Proc: 11,006,286 -- Edges Proc: 12,663,968
======== IT IS COLD ======= Only 0 Tiles active
Epoch Done Router: 0
##EPOCH## 1 COMPLETED at Time (K cy): 2,445
Nodes processed until now: 101,311,613
Edges processed until now: 101,311,613
Epoch Done Router: 3
Epoch Done Router: 7
Epoch Done Router: 5
Epoch Done Router: 2
Epoch Done Router: 1
Epoch Done Router: 6
Epoch Done Router: 4
Program Done Router Thread: 4
Program Done Worker Thread: 6
Program Done Router Thread: 5
Program Done Router Thread: 2
Program Done Worker Thread: 0
Program Done Router Thread: 1
Program Done Worker Thread: 3
Program Done Worker Thread: 2
Program Done Worker Thread: 1
Program Done Router Thread: 3
Program Done Worker Thread: 7
Program Done Worker Thread: 4
Program Done Router Thread: 7
Program Done Worker Thread: 5
Program Done Router Thread: 6
Program Done Router Thread: 0

===PRINTING ACUM STATS at pu_cycles: 2,445,051

ACollision In Avg:68, SD:40, Max:320, Min:6
ACollision Out Avg:53, SD:35, Max:158, Min:4
ACollision End Avg:11, SD:10, Max:47, Min:1
ATask1 Avg:27, SD:1, Max:42, Min:22
ATask2 Avg:103, SD:2, Max:108, Min:99
ATask3 Avg:65, SD:55, Max:569, Min:15
ACore Active Avg:12, SD:4, Max:45, Min:9
ARouter Active Avg:30, SD:9, Max:77, Min:14
T1 invocations: 1,850,515
T2 invocations: 4,681,226
T3 invocations: 101,311,613
T3b invocations: 0
Total3 invocations: 101,311,613
Total4 invocations: 0

T3/T2 ratio: 22
T3b/T3 ratio: 0

T1 avg ex cycles: 91
T2 avg ex cycles: 138
T3&b avg ex cycles: 4
T4 avg ex cycles: -nan
Avg. hops NOC1: 4
Avg. latency NOC1 (T2): 15,538
Avg. hops NOC2: 5
Avg. latency NOC2 (T3): 35,635

Runtime at program end in K cycles: 2,445
Runtime before cooldown in K cycles: 904


Number of K Nodes Processed: 101,311
Number of K Edges Processed: 101,311
Node Re-explore factor: 24.09
Edge Re-explore factor: 1.00
Nodes/cy: 41
Edges/cy: 41
TEPS: 39

---DCache---
DCache Size: 840,800
DRAM words: 0
  DHits: 0
  DMisses: 0

---Energy---
Leakage Energy (nJ): 2,498,091
PU Dyn E (nJ): 6,311,806
Mem Dyn E (nJ): 89,003,779
Route Dyn E (nJ): 15,605,847
Dynamic Energy (nJ): 110,921,432
Ratio of Dyn/Leak: 44
Total Energy (nJ): 113,419,523
Total Energy (nJ) 3D: 120,614,106
Cores Energy (nJ): 6,339,024
Route Energy (nJ): 16,338,583
Route Energy (nJ) 3D: 23,533,166
Mem Energy   (nJ): 90,741,917
Mem Energy   (nJ) 3D: 90,741,917
Avg. Power (mW): 46,387.39
Power Density (mW/mm2): 8.07

---Runtime---
Runtime in K cycles: 2,445.05
Microseconds: 2,445.05
Time per iteration (ms): 2.45

---Inst---
K Loads: 537,876
K Stores: 540,246
K Instructions: 574,791

---Throughput---
GOP/s (aka OPS/ns): 235.08
GOP/s per core: 0.92
GFLOP/s: 82.87
GFLOP/s per core: 0.32
Max Peak GFLOP/s: 4,096.00
Avg. BW GB/s: 1,763.76
Max BW GB/s: 16,384.00

---Traffic---
In-Die bisection_bytes BW (GB/s): 256.00
Inter-board traffic (msg/ns): 0.00, per-link: 0.00
Inter-pack traffic (msg/ns): 0.00, per-link: 0.00
Inter-die traffic (msg/ns): 28.42, per-link: 0.11
Ruche traffic (msg/ns): 99.93, per-link: 0.39
All traffic (msg/ns): 436.38, per-link: 1.70
Inter-die reduction wrt all: 15.36
Inter-board reduction wrt inter-die: inf

---Data Movement---
All traffic (msg): 1,066,974,589
Arith. Intensity FLOP/Loads: 0.38
Arith. Intensity FLOP/Msgs: 0.19
Arith. Intensity OPS/Loads: 1.07
Arith. Intensity OPS/Msgs: 0.54

Simulation time: 211.03
Sim time / DUT time: 21.07
Sim noc_cy/s: 23,172.71
Sim Msg/s: 5,056,069.77

Version 32

