Dataset:  Kron22/
Dry run: 0
Open Edge Count File succesfully
Edges Traversed BFS: 128309848
Found Vertices: 4194304, Edges: 128311436
avg degree 31
Array  Kron22/node_array.bin found
Malloc array of size 16777220 bytes
Readin array of size 16777216 bytes
Finished Reading Array Bytes
No reordering Array 32bit
Array  Kron22/edge_array.bin found
Malloc array of size 513245744 bytes
Readin array of size 513245744 bytes
Finished Reading Array Bytes
No reordering Array 32bit
Array  Kron22/edge_values.bin found
Malloc array of size 513245744 bytes
Readin array of size 513245744 bytes
Finished Reading Array Bytes
No reordering Array 32bit
Reading graph elapsed time: 0.256802s

Dataset Footprint: 522 MiB
Dataset Footprint per Board: 4382.92 Mb
Dataset injection time (ms): 0.267512
Max Dataset Footprint: 1026 MiB

Dataset footprint per tile: 2089 KiB
Proxys footprint per tile: 0 KiB
Reserved SRAM per tile: 3476 KiB

Ideal SRAM per tile: 5565 KiB
reserved_words_for_dataset:791040
dataset_words_per_tile:535024
remaining_sram_words:1207082
min_dcache_sram_words_required:535024
dataset_words_per_tile:535024
min_pcache_sram_words_required:0
proxys_words_per_tile:0
Dcache footprint ratio: 1
Dataset Cached: 0
DCache: 535024 words, lines: 33439, sets: 33439
Proxys Cached: 0
Pcache: 0 words, sets: 0
Node per tile: 16,384
Edge per tile: 501,217
GRID_X: 16
GRID_SIZE: 256
smt_per_tile: 16
noc_freq: 2
pu_freq: 1
RUCHE_X: 2
PROXY_W: 16
DIE_W: 4
DIE_H: 4
DIES: 16
BORDER_TILES_PER_DIE: 16
PACK_W: 16
PACK_H: 16
DIES_PACK_FACTOR: 4
DIES_PER_PACK: 16
PACKAGES: 1
BOARD_W: 16
BOARD_H: 16
BOARDS: 1
MUX_BUS: 1
DCACHE: 1
PCACHE: 0
PROXY_FACTOR: 1
CACHE_WAYS: 1
TORUS: 1
PHY_NOCS: 1
WIDE_NOC_ID: 0
NOC_CONF: 1
noc_width: 32
hbm_channel_bit_width: 512
ld_st_op_byte_width: 4
PROXY_ROUTING: 0
WITHIN_REGION: 0
WRITE_THROUGH: 1
ASSERT_MODE: 0
GLOBAL_BARRIER: 0
OQ flits: 576 ; 98,304 ; 2
IQ flits: 4,608 ; 786,432 ; 2
OQ messages: 192 ; 49,152 ; 1
IQ messages: 1,536 ; 393,216 ; 1
max_task2 size: 64
io_factor_t2: 8
io_factor_t3: 8
io_factor_t3b: 8

Active SRAM Storage per tile: 5,566 KiB
Total SRAM Storage per tile: 8,192 KiB
Agreggated SRAM Storage: 2,048 MiB

Active DRAM Storage per tile: 0 MiB
Total DRAM Storage per tile: 512 MiB
Agreggated DRAM Storage: 128 GiB

Inter-Die #links: 128
Inter-Die (Gbits): 8,192
Inter-Die (Gbits/mm): 246.342
Bisection BW of Board (Gbits): 8,192
Border IO #Dies: 16
Border IO Die BW (Gbits): 1,024
Off-Board BW Total (Gbits): 16,384
Off-Board BW Density (Gbits/mm): 54
Die side: 8.31 mm
Die border wire density: 246.34 Gbits/mm
HBM wire density: 492.68 Gbits/mm

Tiles per Die: 16 (4x4)
Tile Area: 3.02 mm2, side: 1.74 mm
- Core/Rout Area: 0.72 mm2
- SRAM Area: 2.30 mm2
- SRAM/Logic Ratio: 3.19x

Dies per Package: 16 (4x4)
Die Area: 69.12 mm2, side: 8.31 mm
- Tiles Area: 48.24 mm2
- PHY Area: 11.87 mm2
- MC Area: 9.00 mm2

Packages per Board: 1 (1x1)
Package Area: 5,745.87 mm2, side: 75.80 mm
- IOdie Area: 2,880.00 mm2
- Dies Area: 1,105.87 mm2
- HBM Area: 1,760.00 mm2

Boards: 1 (1x1)
Board Area: 5,745.87 mm2
Total Area: 5,745.87 mm2



ESTIMATED COST OF SILICON AND PACKAGING. ONLY VARIABLE, NO FIXED COSTS
Good dies per wafer 3d: 483
Good dies per wafer 2d: 808
--Dies 3D Cost: 200.31 $
--Dies 2.5D Cost: 119.74 $
--Dies 2D Cost: 119.74 $
--HBM Cost: 960.00 $
--IOdie Cost: 417.03 $
--Packaging Cost 3d: 98.59 $
--Packaging Cost 2.5d: 122.43 $
--Packaging Cost 2d: 80.52 $
SiP Cost 3d: 1,675.94 $
SiP Cost 2.5d: 1,619.20 $
SiP Cost 2d: 617.29 $
--Board Cost: 5.75 $
Total SiPs Cost 3d: 1,681.68 $
Total SiPs Cost 2.5d: 1,624.95 $
Total SiPs Cost 2d: 623.04 $

Perf counters initialized
Mesh connected
Cache structures initialized
Replicas initialized
Allocated Frontier List
Dataset structures initialized


Starting Simulation
INIT epoch: 1
INIT epoch: 1
INIT epoch: 1
INIT epoch: 1
INIT epoch: 1
INIT epoch: 1
INIT epoch: 1
INIT epoch: 1

===PRINTING FRAME STATS

FCollision In Avg:-nan, SD:-nan, Max:241, Min:71
FCollision Out Avg:-nan, SD:-nan, Max:217, Min:22
FCollision End Avg:-nan, SD:-nan, Max:96, Min:0
FTask1 Avg:-nan, SD:-nan, Max:56, Min:0
FTask2 Avg:-nan, SD:-nan, Max:427, Min:0
FTask3 Avg:-nan, SD:-nan, Max:402, Min:274
FCore Active Avg:-nan, SD:-nan, Max:49, Min:20
FRouter Active Avg:-nan, SD:-nan, Max:90, Min:57
T1 invocations: 49,680
T2 invocations: 267,596
T3 invocations: 10,513,779
T3b invocations: 0
Total3 invocations: 10,513,779
Total4 invocations: 611

T3/T2 ratio: 39
T3b/T3 ratio: 0

T1 avg ex cycles: 68
T2 avg ex cycles: 192
T3&b avg ex cycles: 8
T4 avg ex cycles: 418
Avg. hops NOC1: 2
Avg. latency NOC1 (T2): 10,759
Avg. hops NOC2: 6
Avg. latency NOC2 (T3): 35,144

===PRINTING ACUM STATS at pu_cycles: 100,254

ACollision In Avg:-nan, SD:-nan, Max:241, Min:71
ACollision Out Avg:-nan, SD:-nan, Max:217, Min:22
ACollision End Avg:-nan, SD:-nan, Max:96, Min:0
ATask1 Avg:-nan, SD:-nan, Max:56, Min:0
ATask2 Avg:-nan, SD:-nan, Max:427, Min:0
ATask3 Avg:-nan, SD:-nan, Max:402, Min:274
ACore Active Avg:-nan, SD:-nan, Max:49, Min:20
ARouter Active Avg:-nan, SD:-nan, Max:90, Min:57
T1 invocations: 49,680
T2 invocations: 267,596
T3 invocations: 10,513,779
T3b invocations: 0
Total3 invocations: 10,513,779
Total4 invocations: 611

T3/T2 ratio: 39
T3b/T3 ratio: 0

T1 avg ex cycles: 68
T2 avg ex cycles: 192
T3&b avg ex cycles: 8
T4 avg ex cycles: 418
Avg. hops NOC1: 2
Avg. latency NOC1 (T2): 10,759
Avg. hops NOC2: 6
Avg. latency NOC2 (T3): 35,144
Number of K Nodes Processed: 1,577
Number of K Edges Processed: 16,683
Node Re-explore factor: 0.38
Edge Re-explore factor: 0.13
Nodes/cy: 16
Edges/cy: 166
TEPS: 1,280

---DCache---
DCache Size: 535,024
DRAM words: 0
  DHits: 0
  DMisses: 0

---Energy---
Leakage Energy (nJ): 120,442
PU Dyn E (nJ): 808,456
Mem Dyn E (nJ): 9,705,585
Route Dyn E (nJ): 2,127,876
Dynamic Energy (nJ): 12,641,916
Ratio of Dyn/Leak: 105
Total Energy (nJ): 12,762,358
Total Energy (nJ) 3D: 13,790,594
Cores Energy (nJ): 809,572
Route Energy (nJ): 2,157,920
Route Energy (nJ) 3D: 3,186,156
Mem Energy   (nJ): 9,794,867
Mem Energy   (nJ) 3D: 9,794,867
Avg. Power (mW): 127,300.24
Power Density (mW/mm2): 22.16

---Runtime---
Runtime in K cycles: 100.25
Microseconds: 100.25
Time per iteration (ms): 0.10

---Throughput---
GOP/s (aka OPS/ns): 692.89
GOP/s per core: 2.71
GFLOP/s: 269.24
GFLOP/s per core: 1.05
Max Peak GFLOP/s: 4,096.00
Avg. BW GB/s: 4,686.85
Max BW GB/s: 16,384.00

---Traffic---
In-Die bisection_bytes BW (GB/s): 256.00
Inter-board traffic (msg/ns): 0.00, per-link: 0.00
Inter-pack traffic (msg/ns): 0.00, per-link: 0.00
Inter-die traffic (msg/ns): 113.92, per-link: 0.45
Ruche traffic (msg/ns): 276.28, per-link: 1.08
All traffic (msg/ns): 1,372.75, per-link: 5.36
Inter-die reduction wrt all: 12.05
Inter-board reduction wrt inter-die: inf

---Data Movement---
All traffic (msg): 137,623,316
Arith. Intensity FLOP/Loads: 0.49
Arith. Intensity FLOP/Msgs: 0.20
Arith. Intensity OPS/Loads: 1.25
Arith. Intensity OPS/Msgs: 0.50



===Core Utilization Total=== CORE-S:1;; TIME K cy:100 ;; Nodes Proc: 197,595 -- Edges Proc: 2,195,602

===PRINTING FRAME STATS

FCollision In Avg:130, SD:31, Max:242, Min:69
FCollision Out Avg:66, SD:37, Max:196, Min:15
FCollision End Avg:5, SD:20, Max:99, Min:0
FTask1 Avg:13, SD:14, Max:65, Min:0
FTask2 Avg:141, SD:71, Max:323, Min:0
FTask3 Avg:309, SD:23, Max:381, Min:246
FCore Active Avg:29, SD:5, Max:41, Min:18
FRouter Active Avg:84, SD:4, Max:92, Min:64
T1 invocations: 68,708
T2 invocations: 216,536
T3 invocations: 13,372,763
T3b invocations: 0
Total3 invocations: 13,372,763
Total4 invocations: 959

T3/T2 ratio: 62
T3b/T3 ratio: 0

T1 avg ex cycles: 49
T2 avg ex cycles: 167
T3&b avg ex cycles: 6
T4 avg ex cycles: 582
Avg. hops NOC1: 1
Avg. latency NOC1 (T2): 17,129
Avg. hops NOC2: 6
Avg. latency NOC2 (T3): 44,390

===PRINTING ACUM STATS at pu_cycles: 200,698

ACollision In Avg:129, SD:27, Max:237, Min:78
ACollision Out Avg:69, SD:36, Max:205, Min:18
ACollision End Avg:4, SD:17, Max:97, Min:0
ATask1 Avg:13, SD:10, Max:50, Min:0
ATask2 Avg:172, SD:60, Max:326, Min:0
ATask3 Avg:322, SD:17, Max:364, Min:281
ACore Active Avg:32, SD:4, Max:44, Min:21
ARouter Active Avg:80, SD:5, Max:88, Min:64
T1 invocations: 119,031
T2 invocations: 486,820
T3 invocations: 23,988,547
T3b invocations: 0
Total3 invocations: 23,988,547
Total4 invocations: 1,577

T3/T2 ratio: 49
T3b/T3 ratio: 0

T1 avg ex cycles: 57
T2 avg ex cycles: 181
T3&b avg ex cycles: 7
T4 avg ex cycles: 518
Avg. hops NOC1: 2
Avg. latency NOC1 (T2): 13,542
Avg. hops NOC2: 6
Avg. latency NOC2 (T3): 40,276
Number of K Nodes Processed: 2,187
Number of K Edges Processed: 28,242
Node Re-explore factor: 0.52
Edge Re-explore factor: 0.22
Nodes/cy: 11
Edges/cy: 141
TEPS: 639

---DCache---
DCache Size: 535,024
DRAM words: 0
  DHits: 0
  DMisses: 0

---Energy---
Leakage Energy (nJ): 241,113
PU Dyn E (nJ): 1,555,974
Mem Dyn E (nJ): 18,771,389
Route Dyn E (nJ): 4,800,568
Dynamic Energy (nJ): 25,127,932
Ratio of Dyn/Leak: 104
Total Energy (nJ): 25,369,045
Total Energy (nJ) 3D: 27,688,034
Cores Energy (nJ): 1,558,209
Route Energy (nJ): 4,860,714
Route Energy (nJ) 3D: 7,179,703
Mem Energy   (nJ): 18,950,123
Mem Energy   (nJ) 3D: 18,950,123
Avg. Power (mW): 126,404.08
Power Density (mW/mm2): 22.00

---Runtime---
Runtime in K cycles: 200.70
Microseconds: 200.70
Time per iteration (ms): 0.20

---Throughput---
GOP/s (aka OPS/ns): 661.64
GOP/s per core: 2.58
GFLOP/s: 259.98
GFLOP/s per core: 1.02
Max Peak GFLOP/s: 4,096.00
Avg. BW GB/s: 4,530.37
Max BW GB/s: 16,384.00

---Traffic---
In-Die bisection_bytes BW (GB/s): 256.00
Inter-board traffic (msg/ns): 0.00, per-link: 0.00
Inter-pack traffic (msg/ns): 0.00, per-link: 0.00
Inter-die traffic (msg/ns): 123.62, per-link: 0.48
Ruche traffic (msg/ns): 316.41, per-link: 1.24
All traffic (msg/ns): 1,547.96, per-link: 6.05
Inter-die reduction wrt all: 12.52
Inter-board reduction wrt inter-die: inf

---Data Movement---
All traffic (msg): 310,673,189
Arith. Intensity FLOP/Loads: 0.47
Arith. Intensity FLOP/Msgs: 0.17
Arith. Intensity OPS/Loads: 1.20
Arith. Intensity OPS/Msgs: 0.43



===Core Utilization Total=== CORE-S:2;; TIME K cy:200 ;; Nodes Proc: 273,265 -- Edges Proc: 3,703,643

===PRINTING FRAME STATS

FCollision In Avg:128, SD:30, Max:281, Min:71
FCollision Out Avg:60, SD:40, Max:253, Min:6
FCollision End Avg:8, SD:25, Max:99, Min:0
FTask1 Avg:23, SD:24, Max:136, Min:0
FTask2 Avg:181, SD:80, Max:360, Min:0
FTask3 Avg:326, SD:25, Max:402, Min:262
FCore Active Avg:33, SD:6, Max:50, Min:19
FRouter Active Avg:89, SD:9, Max:176, Min:71
T1 invocations: 132,599
T2 invocations: 314,086
T3 invocations: 15,202,580
T3b invocations: 0
Total3 invocations: 15,202,580
Total4 invocations: 2,004

T3/T2 ratio: 48
T3b/T3 ratio: 0

T1 avg ex cycles: 44
T2 avg ex cycles: 147
T3&b avg ex cycles: 5
T4 avg ex cycles: 575
Avg. hops NOC1: 1
Avg. latency NOC1 (T2): 16,035
Avg. hops NOC2: 6
Avg. latency NOC2 (T3): 28,493

===PRINTING ACUM STATS at pu_cycles: 300,658

ACollision In Avg:128, SD:27, Max:237, Min:77
ACollision Out Avg:66, SD:36, Max:196, Min:16
ACollision End Avg:6, SD:19, Max:98, Min:0
ATask1 Avg:16, SD:13, Max:60, Min:0
ATask2 Avg:175, SD:60, Max:322, Min:0
ATask3 Avg:324, SD:18, Max:375, Min:283
ACore Active Avg:32, SD:4, Max:45, Min:21
ARouter Active Avg:83, SD:5, Max:116, Min:69
T1 invocations: 243,729
T2 invocations: 785,661
T3 invocations: 38,524,141
T3b invocations: 0
Total3 invocations: 38,524,141
Total4 invocations: 3,466

T3/T2 ratio: 49
T3b/T3 ratio: 0

T1 avg ex cycles: 50
T2 avg ex cycles: 168
T3&b avg ex cycles: 6
T4 avg ex cycles: 549
Avg. hops NOC1: 2
Avg. latency NOC1 (T2): 14,776
Avg. hops NOC2: 6
Avg. latency NOC2 (T3): 35,566
Number of K Nodes Processed: 2,549
Number of K Edges Processed: 43,169
Node Re-explore factor: 0.61
Edge Re-explore factor: 0.34
Nodes/cy: 8
Edges/cy: 144
TEPS: 427

---DCache---
DCache Size: 535,024
DRAM words: 0
  DHits: 0
  DMisses: 0

---Energy---
Leakage Energy (nJ): 361,202
PU Dyn E (nJ): 2,386,682
Mem Dyn E (nJ): 28,710,311
Route Dyn E (nJ): 7,716,907
Dynamic Energy (nJ): 38,813,900
Ratio of Dyn/Leak: 107
Total Energy (nJ): 39,175,102
Total Energy (nJ) 3D: 42,868,812
Cores Energy (nJ): 2,390,029
Route Energy (nJ): 7,807,009
Route Energy (nJ) 3D: 11,500,719
Mem Energy   (nJ): 28,978,065
Mem Energy   (nJ) 3D: 28,978,065
Avg. Power (mW): 130,297.89
Power Density (mW/mm2): 22.68

---Runtime---
Runtime in K cycles: 300.66
Microseconds: 300.66
Time per iteration (ms): 0.30

---Throughput---
GOP/s (aka OPS/ns): 669.77
GOP/s per core: 2.62
GFLOP/s: 268.12
GFLOP/s per core: 1.05
Max Peak GFLOP/s: 4,096.00
Avg. BW GB/s: 4,625.98
Max BW GB/s: 16,384.00

---Traffic---
In-Die bisection_bytes BW (GB/s): 256.00
Inter-board traffic (msg/ns): 0.00, per-link: 0.00
Inter-pack traffic (msg/ns): 0.00, per-link: 0.00
Inter-die traffic (msg/ns): 132.65, per-link: 0.52
Ruche traffic (msg/ns): 348.33, per-link: 1.36
All traffic (msg/ns): 1,661.18, per-link: 6.49
Inter-die reduction wrt all: 12.52
Inter-board reduction wrt inter-die: inf

---Data Movement---
All traffic (msg): 499,447,562
Arith. Intensity FLOP/Loads: 0.47
Arith. Intensity FLOP/Msgs: 0.16
Arith. Intensity OPS/Loads: 1.18
Arith. Intensity OPS/Msgs: 0.40



===Core Utilization Total=== CORE-S:3;; TIME K cy:300 ;; Nodes Proc: 318,751 -- Edges Proc: 5,755,455

===PRINTING FRAME STATS

FCollision In Avg:122, SD:28, Max:227, Min:43
FCollision Out Avg:55, SD:41, Max:172, Min:3
FCollision End Avg:11, SD:28, Max:99, Min:0
FTask1 Avg:35, SD:38, Max:172, Min:0
FTask2 Avg:197, SD:85, Max:417, Min:0
FTask3 Avg:338, SD:28, Max:428, Min:272
FCore Active Avg:36, SD:7, Max:55, Min:20
FRouter Active Avg:89, SD:4, Max:95, Min:70
T1 invocations: 225,654
T2 invocations: 406,782
T3 invocations: 16,304,844
T3b invocations: 0
Total3 invocations: 16,304,844
Total4 invocations: 4,303

T3/T2 ratio: 40
T3b/T3 ratio: 0

T1 avg ex cycles: 40
T2 avg ex cycles: 124
T3&b avg ex cycles: 5
T4 avg ex cycles: 470
Avg. hops NOC1: 1
Avg. latency NOC1 (T2): 16,789
Avg. hops NOC2: 6
Avg. latency NOC2 (T3): 23,334

===PRINTING ACUM STATS at pu_cycles: 400,887

ACollision In Avg:127, SD:27, Max:234, Min:71
ACollision Out Avg:64, SD:36, Max:189, Min:13
ACollision End Avg:7, SD:20, Max:98, Min:0
ATask1 Avg:21, SD:19, Max:82, Min:0
ATask2 Avg:181, SD:62, Max:336, Min:0
ATask3 Avg:328, SD:21, Max:386, Min:282
ACore Active Avg:33, SD:5, Max:48, Min:21
ARouter Active Avg:84, SD:5, Max:110, Min:72
T1 invocations: 481,957
T2 invocations: 1,210,138
T3 invocations: 55,263,513
T3b invocations: 0
Total3 invocations: 55,263,513
Total4 invocations: 7,962

T3/T2 ratio: 46
T3b/T3 ratio: 0

T1 avg ex cycles: 45
T2 avg ex cycles: 152
T3&b avg ex cycles: 6
T4 avg ex cycles: 507
Avg. hops NOC1: 1
Avg. latency NOC1 (T2): 15,247
Avg. hops NOC2: 6
Avg. latency NOC2 (T3): 31,896
Number of K Nodes Processed: 2,798
Number of K Edges Processed: 59,014
Node Re-explore factor: 0.67
Edge Re-explore factor: 0.46
Nodes/cy: 7
Edges/cy: 147
TEPS: 320

---DCache---
DCache Size: 535,024
DRAM words: 0
  DHits: 0
  DMisses: 0

---Energy---
Leakage Energy (nJ): 481,615
PU Dyn E (nJ): 3,367,834
Mem Dyn E (nJ): 40,300,601
Route Dyn E (nJ): 11,003,170
Dynamic Energy (nJ): 54,671,605
Ratio of Dyn/Leak: 114
Total Energy (nJ): 55,153,220
Total Energy (nJ) 3D: 60,439,901
Cores Energy (nJ): 3,372,297
Route Energy (nJ): 11,123,309
Route Energy (nJ) 3D: 16,409,990
Mem Energy   (nJ): 40,657,615
Mem Energy   (nJ) 3D: 40,657,615
Avg. Power (mW): 137,577.97
Power Density (mW/mm2): 23.94

---Runtime---
Runtime in K cycles: 400.89
Microseconds: 400.89
Time per iteration (ms): 0.40

---Throughput---
GOP/s (aka OPS/ns): 707.27
GOP/s per core: 2.76
GFLOP/s: 284.13
GFLOP/s per core: 1.11
Max Peak GFLOP/s: 4,096.00
Avg. BW GB/s: 4,870.27
Max BW GB/s: 16,384.00

---Traffic---
In-Die bisection_bytes BW (GB/s): 256.00
Inter-board traffic (msg/ns): 0.00, per-link: 0.00
Inter-pack traffic (msg/ns): 0.00, per-link: 0.00
Inter-die traffic (msg/ns): 139.09, per-link: 0.54
Ruche traffic (msg/ns): 371.37, per-link: 1.45
All traffic (msg/ns): 1,778.59, per-link: 6.95
Inter-die reduction wrt all: 12.79
Inter-board reduction wrt inter-die: inf

---Data Movement---
All traffic (msg): 713,013,280
Arith. Intensity FLOP/Loads: 0.47
Arith. Intensity FLOP/Msgs: 0.16
Arith. Intensity OPS/Loads: 1.17
Arith. Intensity OPS/Msgs: 0.40



===Core Utilization Total=== CORE-S:4;; TIME K cy:400 ;; Nodes Proc: 349,911 -- Edges Proc: 7,722,432

===PRINTING FRAME STATS

FCollision In Avg:114, SD:31, Max:208, Min:18
FCollision Out Avg:51, SD:41, Max:157, Min:2
FCollision End Avg:13, SD:30, Max:98, Min:0
FTask1 Avg:48, SD:46, Max:200, Min:0
FTask2 Avg:202, SD:97, Max:444, Min:0
FTask3 Avg:336, SD:30, Max:426, Min:272
FCore Active Avg:37, SD:8, Max:67, Min:20
FRouter Active Avg:88, SD:5, Max:95, Min:68
T1 invocations: 323,546
T2 invocations: 512,189
T3 invocations: 16,432,328
T3b invocations: 0
Total3 invocations: 16,432,328
Total4 invocations: 11,361

T3/T2 ratio: 32
T3b/T3 ratio: 0

T1 avg ex cycles: 38
T2 avg ex cycles: 101
T3&b avg ex cycles: 5
T4 avg ex cycles: 270
Avg. hops NOC1: 1
Avg. latency NOC1 (T2): 16,028
Avg. hops NOC2: 6
Avg. latency NOC2 (T3): 20,569

===PRINTING ACUM STATS at pu_cycles: 500,824

ACollision In Avg:124, SD:27, Max:229, Min:61
ACollision Out Avg:61, SD:36, Max:183, Min:11
ACollision End Avg:8, SD:21, Max:98, Min:0
ATask1 Avg:27, SD:23, Max:72, Min:0
ATask2 Avg:185, SD:61, Max:343, Min:0
ATask3 Avg:329, SD:22, Max:393, Min:281
ACore Active Avg:34, SD:5, Max:50, Min:21
ARouter Active Avg:85, SD:5, Max:106, Min:71
T1 invocations: 809,005
T2 invocations: 1,729,524
T3 invocations: 71,973,278
T3b invocations: 0
Total3 invocations: 71,973,278
Total4 invocations: 19,378

T3/T2 ratio: 42
T3b/T3 ratio: 0

T1 avg ex cycles: 42
T2 avg ex cycles: 137
T3&b avg ex cycles: 6
T4 avg ex cycles: 368
Avg. hops NOC1: 1
Avg. latency NOC1 (T2): 15,418
Avg. hops NOC2: 6
Avg. latency NOC2 (T3): 29,275
Number of K Nodes Processed: 2,982
Number of K Edges Processed: 75,069
Node Re-explore factor: 0.71
Edge Re-explore factor: 0.59
Nodes/cy: 6
Edges/cy: 150
TEPS: 256

---DCache---
DCache Size: 535,024
DRAM words: 0
  DHits: 0
  DMisses: 0

---Energy---
Leakage Energy (nJ): 601,676
PU Dyn E (nJ): 4,357,449
Mem Dyn E (nJ): 51,877,760
Route Dyn E (nJ): 14,252,619
Dynamic Energy (nJ): 70,487,829
Ratio of Dyn/Leak: 117
Total Energy (nJ): 71,089,505
Total Energy (nJ) 3D: 77,933,992
Cores Energy (nJ): 4,363,025
Route Energy (nJ): 14,402,707
Route Energy (nJ) 3D: 21,247,194
Mem Energy   (nJ): 52,323,774
Mem Energy   (nJ) 3D: 52,323,774
Avg. Power (mW): 141,945.09
Power Density (mW/mm2): 24.70

---Runtime---
Runtime in K cycles: 500.82
Microseconds: 500.82
Time per iteration (ms): 0.50

---Throughput---
GOP/s (aka OPS/ns): 735.79
GOP/s per core: 2.87
GFLOP/s: 293.44
GFLOP/s per core: 1.15
Max Peak GFLOP/s: 4,096.00
Avg. BW GB/s: 5,018.55
Max BW GB/s: 16,384.00

---Traffic---
In-Die bisection_bytes BW (GB/s): 256.00
Inter-board traffic (msg/ns): 0.00, per-link: 0.00
Inter-pack traffic (msg/ns): 0.00, per-link: 0.00
Inter-die traffic (msg/ns): 141.81, per-link: 0.55
Ruche traffic (msg/ns): 388.00, per-link: 1.52
All traffic (msg/ns): 1,846.67, per-link: 7.21
Inter-die reduction wrt all: 13.02
Inter-board reduction wrt inter-die: inf

---Data Movement---
All traffic (msg): 924,855,428
Arith. Intensity FLOP/Loads: 0.47
Arith. Intensity FLOP/Msgs: 0.16
Arith. Intensity OPS/Loads: 1.18
Arith. Intensity OPS/Msgs: 0.40



===Core Utilization Total=== CORE-S:5;; TIME K cy:500 ;; Nodes Proc: 373,099 -- Edges Proc: 9,787,364

===PRINTING FRAME STATS

FCollision In Avg:95, SD:38, Max:202, Min:16
FCollision Out Avg:37, SD:33, Max:151, Min:1
FCollision End Avg:8, SD:24, Max:98, Min:0
FTask1 Avg:51, SD:41, Max:187, Min:0
FTask2 Avg:196, SD:106, Max:433, Min:0
FTask3 Avg:337, SD:30, Max:427, Min:272
FCore Active Avg:37, SD:9, Max:61, Min:22
FRouter Active Avg:88, SD:7, Max:95, Min:66
T1 invocations: 343,544
T2 invocations: 542,470
T3 invocations: 16,582,331
T3b invocations: 0
Total3 invocations: 16,582,331
Total4 invocations: 26,751

T3/T2 ratio: 31
T3b/T3 ratio: 0

T1 avg ex cycles: 38
T2 avg ex cycles: 92
T3&b avg ex cycles: 5
T4 avg ex cycles: 132
Avg. hops NOC1: 1
Avg. latency NOC1 (T2): 10,131
Avg. hops NOC2: 6
Avg. latency NOC2 (T3): 17,153

===PRINTING ACUM STATS at pu_cycles: 600,583

ACollision In Avg:119, SD:28, Max:224, Min:54
ACollision Out Avg:57, SD:35, Max:175, Min:9
ACollision End Avg:8, SD:21, Max:98, Min:0
ATask1 Avg:31, SD:22, Max:64, Min:0
ATask2 Avg:187, SD:56, Max:326, Min:0
ATask3 Avg:331, SD:24, Max:398, Min:279
ACore Active Avg:35, SD:5, Max:47, Min:22
ARouter Active Avg:86, SD:5, Max:104, Min:71
T1 invocations: 1,154,654
T2 invocations: 2,272,430
T3 invocations: 88,613,760
T3b invocations: 0
Total3 invocations: 88,613,760
Total4 invocations: 46,162

T3/T2 ratio: 39
T3b/T3 ratio: 0

T1 avg ex cycles: 41
T2 avg ex cycles: 126
T3&b avg ex cycles: 6
T4 avg ex cycles: 231
Avg. hops NOC1: 1
Avg. latency NOC1 (T2): 14,152
Avg. hops NOC2: 6
Avg. latency NOC2 (T3): 27,000
Number of K Nodes Processed: 3,134
Number of K Edges Processed: 90,513
Node Re-explore factor: 0.75
Edge Re-explore factor: 0.71
Nodes/cy: 5
Edges/cy: 151
TEPS: 214

---DCache---
DCache Size: 535,024
DRAM words: 0
  DHits: 0
  DMisses: 0

---Energy---
Leakage Energy (nJ): 721,524
PU Dyn E (nJ): 5,327,874
Mem Dyn E (nJ): 63,212,517
Route Dyn E (nJ): 17,429,998
Dynamic Energy (nJ): 85,970,390
Ratio of Dyn/Leak: 119
Total Energy (nJ): 86,691,914
Total Energy (nJ) 3D: 95,029,693
Cores Energy (nJ): 5,334,560
Route Energy (nJ): 17,609,982
Route Energy (nJ) 3D: 25,947,761
Mem Energy   (nJ): 63,747,373
Mem Energy   (nJ) 3D: 63,747,373
Avg. Power (mW): 144,346.27
Power Density (mW/mm2): 25.12

---Runtime---
Runtime in K cycles: 600.58
Microseconds: 600.58
Time per iteration (ms): 0.60

---Throughput---
GOP/s (aka OPS/ns): 754.46
GOP/s per core: 2.95
GFLOP/s: 298.14
GFLOP/s per core: 1.16
Max Peak GFLOP/s: 4,096.00
Avg. BW GB/s: 5,099.55
Max BW GB/s: 16,384.00

---Traffic---
In-Die bisection_bytes BW (GB/s): 256.00
Inter-board traffic (msg/ns): 0.00, per-link: 0.00
Inter-pack traffic (msg/ns): 0.00, per-link: 0.00
Inter-die traffic (msg/ns): 141.84, per-link: 0.55
Ruche traffic (msg/ns): 402.68, per-link: 1.57
All traffic (msg/ns): 1,886.17, per-link: 7.37
Inter-die reduction wrt all: 13.30
Inter-board reduction wrt inter-die: inf

---Data Movement---
All traffic (msg): 1,132,800,443
Arith. Intensity FLOP/Loads: 0.47
Arith. Intensity FLOP/Msgs: 0.16
Arith. Intensity OPS/Loads: 1.19
Arith. Intensity OPS/Msgs: 0.40



===Core Utilization Total=== CORE-S:6;; TIME K cy:600 ;; Nodes Proc: 391,924 -- Edges Proc: 11,869,441

===PRINTING FRAME STATS

FCollision In Avg:91, SD:39, Max:157, Min:12
FCollision Out Avg:33, SD:27, Max:142, Min:1
FCollision End Avg:5, SD:19, Max:98, Min:0
FTask1 Avg:54, SD:39, Max:170, Min:0
FTask2 Avg:206, SD:100, Max:441, Min:0
FTask3 Avg:337, SD:31, Max:432, Min:245
FCore Active Avg:38, SD:8, Max:60, Min:21
FRouter Active Avg:88, SD:8, Max:95, Min:66
T1 invocations: 365,078
T2 invocations: 559,520
T3 invocations: 16,636,058
T3b invocations: 0
Total3 invocations: 16,636,058
Total4 invocations: 29,115

T3/T2 ratio: 30
T3b/T3 ratio: 0

T1 avg ex cycles: 38
T2 avg ex cycles: 94
T3&b avg ex cycles: 5
T4 avg ex cycles: 128
Avg. hops NOC1: 1
Avg. latency NOC1 (T2): 5,897
Avg. hops NOC2: 6
Avg. latency NOC2 (T3): 10,517

===PRINTING ACUM STATS at pu_cycles: 700,663

ACollision In Avg:115, SD:29, Max:212, Min:51
ACollision Out Avg:54, SD:33, Max:168, Min:8
ACollision End Avg:8, SD:20, Max:98, Min:0
ATask1 Avg:34, SD:17, Max:57, Min:0
ATask2 Avg:190, SD:49, Max:283, Min:0
ATask3 Avg:332, SD:25, Max:403, Min:275
ACore Active Avg:35, SD:4, Max:45, Min:22
ARouter Active Avg:86, SD:5, Max:102, Min:71
T1 invocations: 1,520,756
T2 invocations: 2,833,802
T3 invocations: 105,316,191
T3b invocations: 0
Total3 invocations: 105,316,191
Total4 invocations: 75,293

T3/T2 ratio: 37
T3b/T3 ratio: 0

T1 avg ex cycles: 40
T2 avg ex cycles: 120
T3&b avg ex cycles: 6
T4 avg ex cycles: 192
Avg. hops NOC1: 1
Avg. latency NOC1 (T2): 12,513
Avg. hops NOC2: 6
Avg. latency NOC2 (T3): 24,390
Number of K Nodes Processed: 3,268
Number of K Edges Processed: 106,841
Node Re-explore factor: 0.78
Edge Re-explore factor: 0.83
Nodes/cy: 5
Edges/cy: 152
TEPS: 183

---DCache---
DCache Size: 535,024
DRAM words: 0
  DHits: 0
  DMisses: 0

---Energy---
Leakage Energy (nJ): 841,758
PU Dyn E (nJ): 6,325,339
Mem Dyn E (nJ): 74,819,669
Route Dyn E (nJ): 20,601,293
Dynamic Energy (nJ): 101,746,302
Ratio of Dyn/Leak: 121
Total Energy (nJ): 102,588,060
Total Energy (nJ) 3D: 112,407,916
Cores Energy (nJ): 6,333,139
Route Energy (nJ): 20,811,269
Route Energy (nJ) 3D: 30,631,125
Mem Energy   (nJ): 75,443,652
Mem Energy   (nJ) 3D: 75,443,652
Avg. Power (mW): 146,415.69
Power Density (mW/mm2): 25.48

---Runtime---
Runtime in K cycles: 700.66
Microseconds: 700.66
Time per iteration (ms): 0.70

---Throughput---
GOP/s (aka OPS/ns): 770.25
GOP/s per core: 3.01
GFLOP/s: 302.77
GFLOP/s per core: 1.18
Max Peak GFLOP/s: 4,096.00
Avg. BW GB/s: 5,173.87
Max BW GB/s: 16,384.00

---Traffic---
In-Die bisection_bytes BW (GB/s): 256.00
Inter-board traffic (msg/ns): 0.00, per-link: 0.00
Inter-pack traffic (msg/ns): 0.00, per-link: 0.00
Inter-die traffic (msg/ns): 141.37, per-link: 0.55
Ruche traffic (msg/ns): 414.16, per-link: 1.62
All traffic (msg/ns): 1,913.36, per-link: 7.47
Inter-die reduction wrt all: 13.53
Inter-board reduction wrt inter-die: inf

---Data Movement---
All traffic (msg): 1,340,619,523
Arith. Intensity FLOP/Loads: 0.47
Arith. Intensity FLOP/Msgs: 0.16
Arith. Intensity OPS/Loads: 1.20
Arith. Intensity OPS/Msgs: 0.40



===Core Utilization Total=== CORE-S:7;; TIME K cy:700 ;; Nodes Proc: 408,751 -- Edges Proc: 13,861,573

===PRINTING FRAME STATS

FCollision In Avg:78, SD:36, Max:148, Min:11
FCollision Out Avg:28, SD:24, Max:137, Min:1
FCollision End Avg:4, SD:17, Max:97, Min:0
FTask1 Avg:74, SD:60, Max:281, Min:0
FTask2 Avg:212, SD:116, Max:542, Min:0
FTask3 Avg:337, SD:32, Max:443, Min:270
FCore Active Avg:40, SD:10, Max:67, Min:20
FRouter Active Avg:88, SD:7, Max:96, Min:66
T1 invocations: 514,732
T2 invocations: 693,468
T3 invocations: 16,739,668
T3b invocations: 0
Total3 invocations: 16,739,668
Total4 invocations: 34,363

T3/T2 ratio: 24
T3b/T3 ratio: 0

T1 avg ex cycles: 37
T2 avg ex cycles: 78
T3&b avg ex cycles: 5
T4 avg ex cycles: 151
Avg. hops NOC1: 1
Avg. latency NOC1 (T2): 3,690
Avg. hops NOC2: 6
Avg. latency NOC2 (T3): 8,830

===PRINTING ACUM STATS at pu_cycles: 801,152

ACollision In Avg:111, SD:30, Max:194, Min:48
ACollision Out Avg:50, SD:31, Max:154, Min:8
ACollision End Avg:7, SD:19, Max:98, Min:0
ATask1 Avg:39, SD:13, Max:52, Min:0
ATask2 Avg:193, SD:40, Max:252, Min:0
ATask3 Avg:332, SD:25, Max:407, Min:277
ACore Active Avg:36, SD:3, Max:44, Min:22
ARouter Active Avg:86, SD:5, Max:101, Min:71
T1 invocations: 2,035,488
T2 invocations: 3,527,270
T3 invocations: 122,055,859
T3b invocations: 0
Total3 invocations: 122,055,859
Total4 invocations: 109,656

T3/T2 ratio: 35
T3b/T3 ratio: 0

T1 avg ex cycles: 40
T2 avg ex cycles: 112
T3&b avg ex cycles: 6
T4 avg ex cycles: 179
Avg. hops NOC1: 1
Avg. latency NOC1 (T2): 10,779
Avg. hops NOC2: 6
Avg. latency NOC2 (T3): 22,256
Number of K Nodes Processed: 3,375
Number of K Edges Processed: 123,290
Node Re-explore factor: 0.80
Edge Re-explore factor: 0.96
Nodes/cy: 4
Edges/cy: 154
TEPS: 160

---DCache---
DCache Size: 535,024
DRAM words: 0
  DHits: 0
  DMisses: 0

---Energy---
Leakage Energy (nJ): 962,482
PU Dyn E (nJ): 7,352,473
Mem Dyn E (nJ): 86,593,833
Route Dyn E (nJ): 23,799,556
Dynamic Energy (nJ): 117,745,862
Ratio of Dyn/Leak: 122
Total Energy (nJ): 118,708,344
Total Energy (nJ) 3D: 130,027,687
Cores Energy (nJ): 7,361,392
Route Energy (nJ): 24,039,646
Route Energy (nJ) 3D: 35,358,989
Mem Energy   (nJ): 87,307,306
Mem Energy   (nJ) 3D: 87,307,306
Avg. Power (mW): 148,172.06
Power Density (mW/mm2): 25.79

---Runtime---
Runtime in K cycles: 801.15
Microseconds: 801.15
Time per iteration (ms): 0.80

---Throughput---
GOP/s (aka OPS/ns): 789.31
GOP/s per core: 3.08
GFLOP/s: 306.22
GFLOP/s per core: 1.20
Max Peak GFLOP/s: 4,096.00
Avg. BW GB/s: 5,237.06
Max BW GB/s: 16,384.00

---Traffic---
In-Die bisection_bytes BW (GB/s): 256.00
Inter-board traffic (msg/ns): 0.00, per-link: 0.00
Inter-pack traffic (msg/ns): 0.00, per-link: 0.00
Inter-die traffic (msg/ns): 141.48, per-link: 0.55
Ruche traffic (msg/ns): 422.22, per-link: 1.65
All traffic (msg/ns): 1,935.17, per-link: 7.56
Inter-die reduction wrt all: 13.68
Inter-board reduction wrt inter-die: inf

---Data Movement---
All traffic (msg): 1,550,363,194
Arith. Intensity FLOP/Loads: 0.47
Arith. Intensity FLOP/Msgs: 0.16
Arith. Intensity OPS/Loads: 1.21
Arith. Intensity OPS/Msgs: 0.41



===Core Utilization Total=== CORE-S:8;; TIME K cy:800 ;; Nodes Proc: 422,256 -- Edges Proc: 15,870,824

===PRINTING FRAME STATS

FCollision In Avg:35, SD:26, Max:144, Min:5
FCollision Out Avg:13, SD:17, Max:115, Min:0
FCollision End Avg:4, SD:15, Max:96, Min:0
FTask1 Avg:60, SD:65, Max:252, Min:0
FTask2 Avg:134, SD:146, Max:706, Min:1
FTask3 Avg:218, SD:25, Max:348, Min:174
FCore Active Avg:27, SD:12, Max:56, Min:13
FRouter Active Avg:71, SD:14, Max:98, Min:38
T1 invocations: 418,804
T2 invocations: 527,708
T3 invocations: 10,797,295
T3b invocations: 0
Total3 invocations: 10,797,295
Total4 invocations: 40,152

T3/T2 ratio: 20
T3b/T3 ratio: 0

T1 avg ex cycles: 36
T2 avg ex cycles: 65
T3&b avg ex cycles: 5
T4 avg ex cycles: 113
Avg. hops NOC1: 1
Avg. latency NOC1 (T2): 4,185
Avg. hops NOC2: 6
Avg. latency NOC2 (T3): 10,577

===PRINTING ACUM STATS at pu_cycles: 900,867

ACollision In Avg:102, SD:28, Max:175, Min:44
ACollision Out Avg:46, SD:28, Max:143, Min:7
ACollision End Avg:7, SD:17, Max:91, Min:0
ATask1 Avg:41, SD:7, Max:47, Min:2
ATask2 Avg:186, SD:25, Max:225, Min:36
ATask3 Avg:320, SD:25, Max:392, Min:266
ACore Active Avg:35, SD:2, Max:41, Min:24
ARouter Active Avg:84, SD:5, Max:98, Min:72
T1 invocations: 2,448,912
T2 invocations: 4,047,890
T3 invocations: 132,595,653
T3b invocations: 0
Total3 invocations: 132,595,653
Total4 invocations: 149,725

T3/T2 ratio: 33
T3b/T3 ratio: 0

T1 avg ex cycles: 39
T2 avg ex cycles: 106
T3&b avg ex cycles: 6
T4 avg ex cycles: 161
Avg. hops NOC1: 1
Avg. latency NOC1 (T2): 9,929
Avg. hops NOC2: 6
Avg. latency NOC2 (T3): 21,332
Number of K Nodes Processed: 3,444
Number of K Edges Processed: 133,526
Node Re-explore factor: 0.82
Edge Re-explore factor: 1.04
Nodes/cy: 4
Edges/cy: 148
TEPS: 142

---DCache---
DCache Size: 535,024
DRAM words: 0
  DHits: 0
  DMisses: 0

---Energy---
Leakage Energy (nJ): 1,082,277
PU Dyn E (nJ): 8,010,046
Mem Dyn E (nJ): 94,030,251
Route Dyn E (nJ): 25,765,930
Dynamic Energy (nJ): 127,806,228
Ratio of Dyn/Leak: 118
Total Energy (nJ): 128,888,505
Total Energy (nJ) 3D: 141,106,029
Cores Energy (nJ): 8,020,075
Route Energy (nJ): 26,035,904
Route Energy (nJ) 3D: 38,253,427
Mem Energy   (nJ): 94,832,527
Mem Energy   (nJ) 3D: 94,832,527
Avg. Power (mW): 143,071.62
Power Density (mW/mm2): 24.90

---Runtime---
Runtime in K cycles: 900.87
Microseconds: 900.87
Time per iteration (ms): 0.90

---Throughput---
GOP/s (aka OPS/ns): 770.88
GOP/s per core: 3.01
GFLOP/s: 295.14
GFLOP/s per core: 1.15
Max Peak GFLOP/s: 4,096.00
Avg. BW GB/s: 5,057.42
Max BW GB/s: 16,384.00

---Traffic---
In-Die bisection_bytes BW (GB/s): 256.00
Inter-board traffic (msg/ns): 0.00, per-link: 0.00
Inter-pack traffic (msg/ns): 0.00, per-link: 0.00
Inter-die traffic (msg/ns): 135.34, per-link: 0.53
Ruche traffic (msg/ns): 410.58, per-link: 1.60
All traffic (msg/ns): 1,865.06, per-link: 7.29
Inter-die reduction wrt all: 13.78
Inter-board reduction wrt inter-die: inf

---Data Movement---
All traffic (msg): 1,680,171,558
Arith. Intensity FLOP/Loads: 0.47
Arith. Intensity FLOP/Msgs: 0.16
Arith. Intensity OPS/Loads: 1.22
Arith. Intensity OPS/Msgs: 0.41



===Core Utilization Total=== CORE-S:9;; TIME K cy:900 ;; Nodes Proc: 430,676 -- Edges Proc: 16,791,346
======== IT IS COLD ======= Only 6 Tiles active

===PRINTING FRAME STATS

FCollision In Avg:5, SD:17, Max:93, Min:0
FCollision Out Avg:4, SD:17, Max:94, Min:0
FCollision End Avg:4, SD:17, Max:94, Min:0
FTask1 Avg:14, SD:38, Max:211, Min:0
FTask2 Avg:37, SD:130, Max:654, Min:0
FTask3 Avg:63, SD:6, Max:85, Min:50
FCore Active Avg:7, SD:9, Max:45, Min:3
FRouter Active Avg:32, SD:20, Max:100, Min:11
T1 invocations: 94,328
T2 invocations: 127,412
T3 invocations: 3,129,921
T3b invocations: 0
Total3 invocations: 3,129,921
Total4 invocations: 17,220

T3/T2 ratio: 25
T3b/T3 ratio: 0

T1 avg ex cycles: 37
T2 avg ex cycles: 75
T3&b avg ex cycles: 5
T4 avg ex cycles: 65
Avg. hops NOC1: 2
Avg. latency NOC1 (T2): 14,258
Avg. hops NOC2: 6
Avg. latency NOC2 (T3): 19,724

===PRINTING ACUM STATS at pu_cycles: 1,000,558

ACollision In Avg:92, SD:25, Max:158, Min:40
ACollision Out Avg:42, SD:25, Max:129, Min:7
ACollision End Avg:6, SD:15, Max:82, Min:0
ATask1 Avg:39, SD:3, Max:43, Min:17
ATask2 Avg:171, SD:12, Max:203, Min:95
ATask3 Avg:294, SD:23, Max:361, Min:244
ACore Active Avg:32, SD:2, Max:37, Min:26
ARouter Active Avg:79, SD:5, Max:93, Min:68
T1 invocations: 2,556,488
T2 invocations: 4,184,277
T3 invocations: 135,891,801
T3b invocations: 0
Total3 invocations: 135,891,801
Total4 invocations: 167,153

T3/T2 ratio: 32
T3b/T3 ratio: 0

T1 avg ex cycles: 39
T2 avg ex cycles: 105
T3&b avg ex cycles: 6
T4 avg ex cycles: 151
Avg. hops NOC1: 1
Avg. latency NOC1 (T2): 10,040
Avg. hops NOC2: 6
Avg. latency NOC2 (T3): 21,281
Number of K Nodes Processed: 3,464
Number of K Edges Processed: 136,399
Node Re-explore factor: 0.83
Edge Re-explore factor: 1.06
Nodes/cy: 3
Edges/cy: 136
TEPS: 128

---DCache---
DCache Size: 535,024
DRAM words: 0
  DHits: 0
  DMisses: 0

---Energy---
Leakage Energy (nJ): 1,202,043
PU Dyn E (nJ): 8,211,135
Mem Dyn E (nJ): 96,326,468
Route Dyn E (nJ): 26,391,074
Dynamic Energy (nJ): 130,928,676
Ratio of Dyn/Leak: 109
Total Energy (nJ): 132,130,719
Total Energy (nJ) 3D: 144,642,930
Cores Energy (nJ): 8,222,273
Route Energy (nJ): 26,690,922
Route Energy (nJ) 3D: 39,203,133
Mem Energy   (nJ): 97,217,525
Mem Energy   (nJ) 3D: 97,217,525
Avg. Power (mW): 132,057.03
Power Density (mW/mm2): 22.98

---Runtime---
Runtime in K cycles: 1,000.56
Microseconds: 1,000.56
Time per iteration (ms): 1.00

---Throughput---
GOP/s (aka OPS/ns): 712.58
GOP/s per core: 2.78
GFLOP/s: 272.14
GFLOP/s per core: 1.06
Max Peak GFLOP/s: 4,096.00
Avg. BW GB/s: 4,664.74
Max BW GB/s: 16,384.00

---Traffic---
In-Die bisection_bytes BW (GB/s): 256.00
Inter-board traffic (msg/ns): 0.00, per-link: 0.00
Inter-pack traffic (msg/ns): 0.00, per-link: 0.00
Inter-die traffic (msg/ns): 124.22, per-link: 0.49
Ruche traffic (msg/ns): 379.37, per-link: 1.48
All traffic (msg/ns): 1,720.25, per-link: 6.72
Inter-die reduction wrt all: 13.85
Inter-board reduction wrt inter-die: inf

---Data Movement---
All traffic (msg): 1,721,214,621
Arith. Intensity FLOP/Loads: 0.47
Arith. Intensity FLOP/Msgs: 0.16
Arith. Intensity OPS/Loads: 1.22
Arith. Intensity OPS/Msgs: 0.41



===Core Utilization Total=== CORE-S:10;; TIME K cy:1,000 ;; Nodes Proc: 433,115 -- Edges Proc: 17,248,337
======== IT IS COLD ======= Only 5 Tiles active

===PRINTING FRAME STATS

FCollision In Avg:1, SD:8, Max:80, Min:0
FCollision Out Avg:1, SD:9, Max:84, Min:0
FCollision End Avg:1, SD:9, Max:84, Min:0
FTask1 Avg:5, SD:24, Max:209, Min:0
FTask2 Avg:14, SD:76, Max:653, Min:0
FTask3 Avg:28, SD:4, Max:65, Min:22
FCore Active Avg:3, SD:5, Max:43, Min:1
FRouter Active Avg:16, SD:15, Max:100, Min:4
T1 invocations: 36,880
T2 invocations: 54,612
T3 invocations: 1,410,920
T3b invocations: 0
Total3 invocations: 1,410,920
Total4 invocations: 6,648

T3/T2 ratio: 26
T3b/T3 ratio: 0

T1 avg ex cycles: 36
T2 avg ex cycles: 65
T3&b avg ex cycles: 5
T4 avg ex cycles: 66
Avg. hops NOC1: 2
Avg. latency NOC1 (T2): 15,455
Avg. hops NOC2: 6
Avg. latency NOC2 (T3): 22,697

===PRINTING ACUM STATS at pu_cycles: 1,100,448

ACollision In Avg:84, SD:23, Max:144, Min:36
ACollision Out Avg:38, SD:22, Max:117, Min:6
ACollision End Avg:6, SD:14, Max:74, Min:0
ATask1 Avg:36, SD:2, Max:40, Min:21
ATask2 Avg:157, SD:9, Max:184, Min:132
ATask3 Avg:270, SD:21, Max:331, Min:224
ACore Active Avg:29, SD:1, Max:34, Min:26
ARouter Active Avg:73, SD:5, Max:88, Min:62
T1 invocations: 2,593,272
T2 invocations: 4,232,643
T3 invocations: 137,280,051
T3b invocations: 0
Total3 invocations: 137,280,051
Total4 invocations: 173,726

T3/T2 ratio: 32
T3b/T3 ratio: 0

T1 avg ex cycles: 39
T2 avg ex cycles: 104
T3&b avg ex cycles: 6
T4 avg ex cycles: 148
Avg. hops NOC1: 1
Avg. latency NOC1 (T2): 10,082
Avg. hops NOC2: 6
Avg. latency NOC2 (T3): 21,296
Number of K Nodes Processed: 3,470
Number of K Edges Processed: 137,397
Node Re-explore factor: 0.83
Edge Re-explore factor: 1.07
Nodes/cy: 3
Edges/cy: 125
TEPS: 117

---DCache---
DCache Size: 535,024
DRAM words: 0
  DHits: 0
  DMisses: 0

---Energy---
Leakage Energy (nJ): 1,322,049
PU Dyn E (nJ): 8,282,447
Mem Dyn E (nJ): 97,156,448
Route Dyn E (nJ): 26,640,216
Dynamic Energy (nJ): 132,079,112
Ratio of Dyn/Leak: 100
Total Energy (nJ): 133,401,161
Total Energy (nJ) 3D: 146,023,218
Cores Energy (nJ): 8,294,698
Route Energy (nJ): 26,970,000
Route Energy (nJ) 3D: 39,592,057
Mem Energy   (nJ): 98,136,463
Mem Energy   (nJ) 3D: 98,136,463
Avg. Power (mW): 121,224.41
Power Density (mW/mm2): 21.10

---Runtime---
Runtime in K cycles: 1,100.45
Microseconds: 1,100.45
Time per iteration (ms): 1.10

---Throughput---
GOP/s (aka OPS/ns): 654.11
GOP/s per core: 2.56
GFLOP/s: 249.44
GFLOP/s per core: 0.97
Max Peak GFLOP/s: 4,096.00
Avg. BW GB/s: 4,277.89
Max BW GB/s: 16,384.00

---Traffic---
In-Die bisection_bytes BW (GB/s): 256.00
Inter-board traffic (msg/ns): 0.00, per-link: 0.00
Inter-pack traffic (msg/ns): 0.00, per-link: 0.00
Inter-die traffic (msg/ns): 113.93, per-link: 0.45
Ruche traffic (msg/ns): 348.85, per-link: 1.36
All traffic (msg/ns): 1,579.11, per-link: 6.17
Inter-die reduction wrt all: 13.86
Inter-board reduction wrt inter-die: inf

---Data Movement---
All traffic (msg): 1,737,726,748
Arith. Intensity FLOP/Loads: 0.47
Arith. Intensity FLOP/Msgs: 0.16
Arith. Intensity OPS/Loads: 1.22
Arith. Intensity OPS/Msgs: 0.41



===Core Utilization Total=== CORE-S:11;; TIME K cy:1,100 ;; Nodes Proc: 433,962 -- Edges Proc: 17,294,152
======== IT IS COLD ======= Only 0 Tiles active
##EPOCH## 1 COMPLETED at Time (K cy): 1,131
Nodes processed until now: 3,471,326
Edges processed until now: 137,470,637
Epoch Done Router: 2
Epoch Done Router: 7
Epoch Done Router: 4
Epoch Done Router: 1
Epoch Done Router: 6
Epoch Done Router: 5
Epoch Done Router: 3
Epoch Done Router: 0
Program Done Worker Thread: 6
Program Done Worker Thread: 0
Program Done Router Thread: 2
Program Done Router Thread: 4
Program Done Router Thread: 3
Program Done Worker Thread: 5
Program Done Worker Thread: 2
Program Done Router Thread: 5
Program Done Worker Thread: 3
Program Done Router Thread: 0
Program Done Worker Thread: 4
Program Done Router Thread: 6
Program Done Router Thread: 7
Program Done Worker Thread: 7
Program Done Worker Thread: 1
Program Done Router Thread: 1

===PRINTING ACUM STATS at pu_cycles: 1,131,900

ACollision In Avg:82, SD:22, Max:140, Min:35
ACollision Out Avg:37, SD:22, Max:114, Min:6
ACollision End Avg:6, SD:14, Max:72, Min:0
ATask1 Avg:35, SD:1, Max:38, Min:32
ATask2 Avg:153, SD:8, Max:179, Min:142
ATask3 Avg:262, SD:21, Max:322, Min:218
ACore Active Avg:29, SD:1, Max:33, Min:25
ARouter Active Avg:72, SD:5, Max:86, Min:61
T1 invocations: 2,598,944
T2 invocations: 4,246,395
T3 invocations: 137,470,637
T3b invocations: 0
Total3 invocations: 137,470,637
Total4 invocations: 174,545

T3/T2 ratio: 32
T3b/T3 ratio: 0

T1 avg ex cycles: 39
T2 avg ex cycles: 104
T3&b avg ex cycles: 6
T4 avg ex cycles: 148
Avg. hops NOC1: 1
Avg. latency NOC1 (T2): 10,078
Avg. hops NOC2: 6
Avg. latency NOC2 (T3): 21,292

Runtime at program end in K cycles: 1,131
Runtime before cooldown in K cycles: 801


Number of K Nodes Processed: 3,471
Number of K Edges Processed: 137,470
Node Re-explore factor: 0.83
Edge Re-explore factor: 1.07
Nodes/cy: 3
Edges/cy: 121
TEPS: 113

---DCache---
DCache Size: 535,024
DRAM words: 0
  DHits: 0
  DMisses: 0

---Energy---
Leakage Energy (nJ): 1,359,834
PU Dyn E (nJ): 8,295,885
Mem Dyn E (nJ): 97,310,554
Route Dyn E (nJ): 26,683,122
Dynamic Energy (nJ): 132,289,561
Ratio of Dyn/Leak: 97
Total Energy (nJ): 133,649,395
Total Energy (nJ) 3D: 146,293,433
Cores Energy (nJ): 8,308,485
Route Energy (nJ): 27,022,332
Route Energy (nJ) 3D: 39,666,370
Mem Energy   (nJ): 98,318,579
Mem Energy   (nJ) 3D: 98,318,579
Avg. Power (mW): 118,075.27
Power Density (mW/mm2): 20.55

---Runtime---
Runtime in K cycles: 1,131.90
Microseconds: 1,131.90
Time per iteration (ms): 1.13

---Inst---
K Loads: 588,706
K Stores: 590,057
K Instructions: 720,974

---Throughput---
GOP/s (aka OPS/ns): 636.96
GOP/s per core: 2.49
GFLOP/s: 242.90
GFLOP/s per core: 0.95
Max Peak GFLOP/s: 4,096.00
Avg. BW GB/s: 4,165.61
Max BW GB/s: 16,384.00

---Traffic---
In-Die bisection_bytes BW (GB/s): 256.00
Inter-board traffic (msg/ns): 0.00, per-link: 0.00
Inter-pack traffic (msg/ns): 0.00, per-link: 0.00
Inter-die traffic (msg/ns): 110.91, per-link: 0.43
Ruche traffic (msg/ns): 339.63, per-link: 1.33
All traffic (msg/ns): 1,537.66, per-link: 6.01
Inter-die reduction wrt all: 13.86
Inter-board reduction wrt inter-die: inf

---Data Movement---
All traffic (msg): 1,740,480,111
Arith. Intensity FLOP/Loads: 0.47
Arith. Intensity FLOP/Msgs: 0.16
Arith. Intensity OPS/Loads: 1.22
Arith. Intensity OPS/Msgs: 0.41

Simulation time: 83.87
Sim time / DUT time: 18.09
Sim noc_cy/s: 26,992.47
Sim Msg/s: 20,752,651.37

Version 32

