Dataset:  Kron22/
Dry run: 0
Open Edge Count File succesfully
Edges Traversed BFS: 128309848
Found Vertices: 4194304, Edges: 128311436
avg degree 31
Array  Kron22/node_array.bin found
Malloc array of size 16777220 bytes
Readin array of size 16777216 bytes
Finished Reading Array Bytes
No reordering Array 32bit
Array  Kron22/edge_array.bin found
Malloc array of size 513245744 bytes
Readin array of size 513245744 bytes
Finished Reading Array Bytes
No reordering Array 32bit
Reading graph elapsed time: 0.149693s

Dataset Footprint: 505 MiB
Dataset Footprint per Board: 4240.44 Mb
Dataset injection time (ms): 0.258816
Max Dataset Footprint: 1026 MiB

Dataset footprint per tile: 505 KiB
Proxys footprint per tile: 0 KiB
Reserved SRAM per tile: 4 KiB

Ideal SRAM per tile: 509 KiB
reserved_words_for_dataset:12857
dataset_words_per_tile:129408
remaining_sram_words:64286
min_dcache_sram_words_required:13023
dataset_words_per_tile:129408
min_pcache_sram_words_required:0
proxys_words_per_tile:0
Dcache footprint ratio: 3
Dataset Cached: 1
DCache: 63664 words, lines: 3979, sets: 3979
Proxys Cached: 0
Pcache: 0 words, sets: 0
Node per tile: 4,096
Edge per tile: 125,305
GRID_X: 32
GRID_SIZE: 1,024
smt_per_tile: 1
noc_freq: 1
pu_freq: 1
RUCHE_X: 8
PROXY_W: 32
DIE_W: 16
DIE_H: 16
DIES: 4
BORDER_TILES_PER_DIE: 64
PACK_W: 32
PACK_H: 32
DIES_PACK_FACTOR: 2
DIES_PER_PACK: 4
PACKAGES: 1
BOARD_W: 32
BOARD_H: 32
BOARDS: 1
MUX_BUS: 1
DCACHE: 1
PCACHE: 0
PROXY_FACTOR: 1
CACHE_WAYS: 1
TORUS: 1
PHY_NOCS: 1
WIDE_NOC_ID: 0
NOC_CONF: 1
noc_width: 32
hbm_channel_bit_width: 512
ld_st_op_byte_width: 4
PROXY_ROUTING: 0
WITHIN_REGION: 0
WRITE_THROUGH: 0
ASSERT_MODE: 0
GLOBAL_BARRIER: 0
OQ flits: 6 ; 64 ; 2
IQ flits: 6 ; 1,024 ; 32
OQ messages: 2 ; 32 ; 1
IQ messages: 2 ; 512 ; 16
max_task2 size: 64
io_factor_t2: 16
io_factor_t3: 16
io_factor_t3b: 16

Active SRAM Storage per tile: 255 KiB
Total SRAM Storage per tile: 256 KiB
Agreggated SRAM Storage: 256 MiB

Active DRAM Storage per tile: 0.493164 MiB
Total DRAM Storage per tile: 32 MiB
Agreggated DRAM Storage: 32 GiB

Inter-Die #links: 512
Inter-Die (Gbits): 16,384
Inter-Die (Gbits/mm): 507.873
Bisection BW of Board (Gbits): 8,192
Border IO #Dies: 8
Border IO Die BW (Gbits): 2,048
Off-Board BW Total (Gbits): 16,384
Off-Board BW Density (Gbits/mm): 139
Die side: 8.07 mm
Die border wire density: 507.87 Gbits/mm
HBM wire density: 507.87 Gbits/mm

Tiles per Die: 256 (16x16)
Tile Area: 0.13 mm2, side: 0.36 mm
- Core/Rout Area: 0.05 mm2
- SRAM Area: 0.07 mm2
- SRAM/Logic Ratio: 1.32x

Dies per Package: 4 (2x2)
Die Area: 65.04 mm2, side: 8.07 mm
- Tiles Area: 32.30 mm2
- PHY Area: 23.74 mm2
- MC Area: 9.00 mm2

Packages per Board: 1 (1x1)
Package Area: 860.18 mm2, side: 29.33 mm
- IOdie Area: 160.00 mm2
- Dies Area: 260.18 mm2
- HBM Area: 440.00 mm2

Boards: 1 (1x1)
Board Area: 860.18 mm2
Total Area: 860.18 mm2



ESTIMATED COST OF SILICON AND PACKAGING. ONLY VARIABLE, NO FIXED COSTS
Good dies per wafer 3d: 511
Good dies per wafer 2d: 862
--Dies 3D Cost: 47.33 $
--Dies 2.5D Cost: 28.06 $
--Dies 2D Cost: 28.06 $
--HBM Cost: 240.00 $
--IOdie Cost: 16.88 $
--Packaging Cost 3d: 11.04 $
--Packaging Cost 2.5d: 16.56 $
--Packaging Cost 2d: 6.74 $
SiP Cost 3d: 315.25 $
SiP Cost 2.5d: 301.50 $
SiP Cost 2d: 51.68 $
--Board Cost: 0.86 $
Total SiPs Cost 3d: 316.11 $
Total SiPs Cost 2.5d: 302.36 $
Total SiPs Cost 2d: 52.54 $

Perf counters initialized
Mesh connected
Cache structures initialized
proxys initialized
Dataset structures initialized


Starting Simulation
INIT epoch: 1
INIT epoch: 1
INIT epoch: 1
INIT epoch: 1
INIT epoch: 1
INIT epoch: 1
INIT epoch: 1
INIT epoch: 1

===PRINTING FRAME STATS

FCollision In Avg:11, SD:8, Max:71, Min:0
FCollision Out Avg:0, SD:0, Max:4, Min:0
FCollision End Avg:0, SD:0, Max:0, Min:0
FTask1 Avg:76, SD:4, Max:86, Min:51
FTask2 Avg:0, SD:0, Max:0, Min:0
FTask3 Avg:24, SD:4, Max:49, Min:14
FCore Active Avg:100, SD:0, Max:100, Min:100
FRouter Active Avg:85, SD:5, Max:96, Min:39
T1 invocations: 390,008
T2 invocations: 0
T3 invocations: 12,015,372
T3b invocations: 0
Total3 invocations: 12,015,372
Total4 invocations: 0

T3/T2 ratio: inf
T3b/T3 ratio: 0

T1 avg ex cycles: 201
T2 avg ex cycles: -nan
T3&b avg ex cycles: 2
T4 avg ex cycles: -nan
Avg. hops NOC1: -nan
Avg. latency NOC1 (T2): -nan
Avg. hops NOC2: 13
Avg. latency NOC2 (T3): 3,280

===PRINTING ACUM STATS at pu_cycles: 100,406

ACollision In Avg:11, SD:8, Max:71, Min:0
ACollision Out Avg:0, SD:0, Max:4, Min:0
ACollision End Avg:0, SD:0, Max:0, Min:0
ATask1 Avg:76, SD:4, Max:86, Min:51
ATask2 Avg:0, SD:0, Max:0, Min:0
ATask3 Avg:24, SD:4, Max:49, Min:14
ACore Active Avg:100, SD:0, Max:100, Min:100
ARouter Active Avg:85, SD:5, Max:96, Min:39
T1 invocations: 390,008
T2 invocations: 0
T3 invocations: 12,015,372
T3b invocations: 0
Total3 invocations: 12,015,372
Total4 invocations: 0

T3/T2 ratio: inf
T3b/T3 ratio: 0

T1 avg ex cycles: 201
T2 avg ex cycles: -nan
T3&b avg ex cycles: 2
T4 avg ex cycles: -nan
Avg. hops NOC1: -nan
Avg. latency NOC1 (T2): -nan
Avg. hops NOC2: 13
Avg. latency NOC2 (T3): 3,280
Number of K Nodes Processed: 12,039
Number of K Edges Processed: 12,039
Node Re-explore factor: 2.87
Edge Re-explore factor: 0.09
Nodes/cy: 120
Edges/cy: 120
TEPS: 1,278

---DCache---
DCache Size: 63,664
DRAM words: 129,408
  DHits: 17,880,285
  DMisses: 1,051,994
  DHit Rate (hit/miss): 94%
  DEvictions: 94,732
  DEviction Rate (evict/misses): 9%
  MC Transactions: 1,130,612
  MC Writes: 46,623
Avg. Transactions: 35% , Writes: 1%, Avg. Latency: 0
Max MC id: 28 of 32. Transactions: 37% , Writes: 2%, MC mean Latency: 0
HBM refresh energy (nJ): 0
HBM access energy (nJ): 2,141,831
MemC wire energy 2.5d (nJ): 423,053
MemC wire energy 3d (nJ): 105,763

---Energy---
Leakage Energy (nJ): 18,586
PU Dyn E (nJ): 690,267
Mem Dyn E (nJ): 4,357,178
Route Dyn E (nJ): 936,166
Dynamic Energy (nJ): 5,983,612
Ratio of Dyn/Leak: 322
Total Energy (nJ): 6,002,198
Total Energy (nJ) 3D: 6,272,251
Cores Energy (nJ): 690,547
Route Energy (nJ): 938,087
Route Energy (nJ) 3D: 1,525,429
Mem Energy   (nJ): 4,373,564
Mem Energy   (nJ) 3D: 4,056,275
Avg. Power (mW): 59,779.28
Power Density (mW/mm2): 69.50

---Runtime---
Runtime in K cycles: 100.41
Microseconds: 100.41
Time per iteration (ms): 0.10

---Throughput---
GOP/s (aka OPS/ns): 1,013.47
GOP/s per core: 0.99
GFLOP/s: 123.84
GFLOP/s per core: 0.12
Max Peak GFLOP/s: 1,024.00
Avg. BW GB/s: 3,909.38
Max BW GB/s: 4,096.00

---Traffic---
In-Die bisection_bytes BW (GB/s): 256.00
Inter-board traffic (msg/ns): 0.00, per-link: 0.00
Inter-pack traffic (msg/ns): 0.00, per-link: 0.00
Inter-die traffic (msg/ns): 81.95, per-link: 0.32
Ruche traffic (msg/ns): 99.43, per-link: 0.39
All traffic (msg/ns): 3,276.60, per-link: 3.20
Inter-die reduction wrt all: 39.98
Inter-board reduction wrt inter-die: inf

---Data Movement---
All traffic (msg): 328,990,444
Arith. Intensity FLOP/Loads: 0.20
Arith. Intensity FLOP/Msgs: 0.04
Arith. Intensity OPS/Loads: 1.65
Arith. Intensity OPS/Msgs: 0.31



===Core Utilization Total=== CORE-S:1;; TIME K cy:100 ;; Nodes Proc: 1,498,307 -- Edges Proc: 0

===PRINTING FRAME STATS

FCollision In Avg:11, SD:7, Max:56, Min:0
FCollision Out Avg:0, SD:0, Max:3, Min:0
FCollision End Avg:0, SD:0, Max:0, Min:0
FTask1 Avg:76, SD:4, Max:84, Min:49
FTask2 Avg:0, SD:0, Max:0, Min:0
FTask3 Avg:24, SD:4, Max:51, Min:16
FCore Active Avg:100, SD:0, Max:100, Min:100
FRouter Active Avg:85, SD:5, Max:96, Min:38
T1 invocations: 386,870
T2 invocations: 0
T3 invocations: 12,352,041
T3b invocations: 0
Total3 invocations: 12,352,041
Total4 invocations: 0

T3/T2 ratio: inf
T3b/T3 ratio: 0

T1 avg ex cycles: 201
T2 avg ex cycles: -nan
T3&b avg ex cycles: 2
T4 avg ex cycles: -nan
Avg. hops NOC1: -nan
Avg. latency NOC1 (T2): -nan
Avg. hops NOC2: 12
Avg. latency NOC2 (T3): 3,296

===PRINTING ACUM STATS at pu_cycles: 200,400

ACollision In Avg:11, SD:7, Max:52, Min:0
ACollision Out Avg:0, SD:0, Max:3, Min:0
ACollision End Avg:0, SD:0, Max:0, Min:0
ATask1 Avg:76, SD:4, Max:85, Min:50
ATask2 Avg:0, SD:0, Max:0, Min:0
ATask3 Avg:24, SD:4, Max:50, Min:15
ACore Active Avg:100, SD:0, Max:100, Min:100
ARouter Active Avg:85, SD:4, Max:96, Min:39
T1 invocations: 775,695
T2 invocations: 0
T3 invocations: 24,335,711
T3b invocations: 0
Total3 invocations: 24,335,711
Total4 invocations: 0

T3/T2 ratio: inf
T3b/T3 ratio: 0

T1 avg ex cycles: 201
T2 avg ex cycles: -nan
T3&b avg ex cycles: 2
T4 avg ex cycles: -nan
Avg. hops NOC1: -nan
Avg. latency NOC1 (T2): -nan
Avg. hops NOC2: 13
Avg. latency NOC2 (T3): 3,288
Number of K Nodes Processed: 24,395
Number of K Edges Processed: 24,395
Node Re-explore factor: 5.82
Edge Re-explore factor: 0.19
Nodes/cy: 122
Edges/cy: 122
TEPS: 640

---DCache---
DCache Size: 63,664
DRAM words: 129,408
  DHits: 36,213,124
  DMisses: 1,867,943
  DHit Rate (hit/miss): 95%
  DEvictions: 198,293
  DEviction Rate (evict/misses): 11%
  MC Transactions: 2,009,385
  MC Writes: 98,477
Avg. Transactions: 31% , Writes: 2%, Avg. Latency: 0
Max MC id: 28 of 32. Transactions: 33% , Writes: 2%, MC mean Latency: 0
HBM refresh energy (nJ): 0
HBM access energy (nJ): 3,806,578
MemC wire energy 2.5d (nJ): 751,872
MemC wire energy 3d (nJ): 187,968

---Energy---
Leakage Energy (nJ): 37,097
PU Dyn E (nJ): 1,377,896
Mem Dyn E (nJ): 8,171,511
Route Dyn E (nJ): 1,862,292
Dynamic Energy (nJ): 11,411,699
Ratio of Dyn/Leak: 308
Total Energy (nJ): 11,448,796
Total Energy (nJ) 3D: 12,052,026
Cores Energy (nJ): 1,378,454
Route Energy (nJ): 1,866,126
Route Energy (nJ) 3D: 3,033,260
Mem Energy   (nJ): 8,204,216
Mem Energy   (nJ) 3D: 7,640,312
Avg. Power (mW): 57,129.72
Power Density (mW/mm2): 66.42

---Runtime---
Runtime in K cycles: 200.40
Microseconds: 200.40
Time per iteration (ms): 0.20

---Throughput---
GOP/s (aka OPS/ns): 1,014.97
GOP/s per core: 0.99
GFLOP/s: 123.52
GFLOP/s per core: 0.12
Max Peak GFLOP/s: 1,024.00
Avg. BW GB/s: 3,949.08
Max BW GB/s: 4,096.00

---Traffic---
In-Die bisection_bytes BW (GB/s): 256.00
Inter-board traffic (msg/ns): 0.00, per-link: 0.00
Inter-pack traffic (msg/ns): 0.00, per-link: 0.00
Inter-die traffic (msg/ns): 81.76, per-link: 0.32
Ruche traffic (msg/ns): 99.50, per-link: 0.39
All traffic (msg/ns): 3,247.72, per-link: 3.17
Inter-die reduction wrt all: 39.72
Inter-board reduction wrt inter-die: inf

---Data Movement---
All traffic (msg): 650,843,539
Arith. Intensity FLOP/Loads: 0.20
Arith. Intensity FLOP/Msgs: 0.04
Arith. Intensity OPS/Loads: 1.64
Arith. Intensity OPS/Msgs: 0.31



===Core Utilization Total=== CORE-S:2;; TIME K cy:200 ;; Nodes Proc: 3,037,939 -- Edges Proc: 0

===PRINTING FRAME STATS

FCollision In Avg:11, SD:7, Max:60, Min:0
FCollision Out Avg:0, SD:0, Max:4, Min:0
FCollision End Avg:0, SD:0, Max:0, Min:0
FTask1 Avg:76, SD:4, Max:85, Min:50
FTask2 Avg:0, SD:0, Max:0, Min:0
FTask3 Avg:24, SD:4, Max:50, Min:15
FCore Active Avg:100, SD:0, Max:100, Min:100
FRouter Active Avg:85, SD:4, Max:96, Min:39
T1 invocations: 386,825
T2 invocations: 0
T3 invocations: 12,353,925
T3b invocations: 0
Total3 invocations: 12,353,925
Total4 invocations: 0

T3/T2 ratio: inf
T3b/T3 ratio: 0

T1 avg ex cycles: 201
T2 avg ex cycles: -nan
T3&b avg ex cycles: 2
T4 avg ex cycles: -nan
Avg. hops NOC1: -nan
Avg. latency NOC1 (T2): -nan
Avg. hops NOC2: 12
Avg. latency NOC2 (T3): 3,296

===PRINTING ACUM STATS at pu_cycles: 300,395

ACollision In Avg:11, SD:7, Max:53, Min:0
ACollision Out Avg:0, SD:0, Max:3, Min:0
ACollision End Avg:0, SD:0, Max:0, Min:0
ATask1 Avg:76, SD:4, Max:85, Min:50
ATask2 Avg:0, SD:0, Max:0, Min:0
ATask3 Avg:24, SD:4, Max:50, Min:15
ACore Active Avg:100, SD:0, Max:100, Min:100
ARouter Active Avg:85, SD:4, Max:96, Min:39
T1 invocations: 1,156,493
T2 invocations: 0
T3 invocations: 36,494,249
T3b invocations: 0
Total3 invocations: 36,494,249
Total4 invocations: 0

T3/T2 ratio: inf
T3b/T3 ratio: 0

T1 avg ex cycles: 201
T2 avg ex cycles: -nan
T3&b avg ex cycles: 2
T4 avg ex cycles: -nan
Avg. hops NOC1: -nan
Avg. latency NOC1 (T2): -nan
Avg. hops NOC2: 13
Avg. latency NOC2 (T3): 3,291
Number of K Nodes Processed: 36,749
Number of K Edges Processed: 36,749
Node Re-explore factor: 8.76
Edge Re-explore factor: 0.29
Nodes/cy: 122
Edges/cy: 122
TEPS: 427

---DCache---
DCache Size: 63,664
DRAM words: 129,408
  DHits: 54,395,783
  DMisses: 2,682,113
  DHit Rate (hit/miss): 95%
  DEvictions: 300,170
  DEviction Rate (evict/misses): 11%
  MC Transactions: 2,885,539
  MC Writes: 149,432
Avg. Transactions: 30% , Writes: 2%, Avg. Latency: 0
Max MC id: 28 of 32. Transactions: 31% , Writes: 2%, MC mean Latency: 0
HBM refresh energy (nJ): 0
HBM access energy (nJ): 5,466,365
MemC wire energy 2.5d (nJ): 1,079,711
MemC wire energy 3d (nJ): 269,928

---Energy---
Leakage Energy (nJ): 55,607
PU Dyn E (nJ): 2,056,731
Mem Dyn E (nJ): 11,957,592
Route Dyn E (nJ): 2,777,930
Dynamic Energy (nJ): 16,792,253
Ratio of Dyn/Leak: 302
Total Energy (nJ): 16,847,860
Total Energy (nJ) 3D: 17,776,476
Cores Energy (nJ): 2,057,567
Route Energy (nJ): 2,783,677
Route Energy (nJ) 3D: 4,522,076
Mem Energy   (nJ): 12,006,616
Mem Energy   (nJ) 3D: 11,196,833
Avg. Power (mW): 56,085.69
Power Density (mW/mm2): 65.20

---Runtime---
Runtime in K cycles: 300.39
Microseconds: 300.39
Time per iteration (ms): 0.30

---Throughput---
GOP/s (aka OPS/ns): 1,011.12
GOP/s per core: 0.99
GFLOP/s: 122.89
GFLOP/s per core: 0.12
Max Peak GFLOP/s: 1,024.00
Avg. BW GB/s: 3,945.03
Max BW GB/s: 4,096.00

---Traffic---
In-Die bisection_bytes BW (GB/s): 256.00
Inter-board traffic (msg/ns): 0.00, per-link: 0.00
Inter-pack traffic (msg/ns): 0.00, per-link: 0.00
Inter-die traffic (msg/ns): 81.70, per-link: 0.32
Ruche traffic (msg/ns): 99.35, per-link: 0.39
All traffic (msg/ns): 3,224.10, per-link: 3.15
Inter-die reduction wrt all: 39.46
Inter-board reduction wrt inter-die: inf

---Data Movement---
All traffic (msg): 968,503,345
Arith. Intensity FLOP/Loads: 0.20
Arith. Intensity FLOP/Msgs: 0.04
Arith. Intensity OPS/Loads: 1.64
Arith. Intensity OPS/Msgs: 0.31



===Core Utilization Total=== CORE-S:3;; TIME K cy:300 ;; Nodes Proc: 4,575,989 -- Edges Proc: 0

===PRINTING FRAME STATS

FCollision In Avg:11, SD:7, Max:59, Min:0
FCollision Out Avg:0, SD:0, Max:5, Min:0
FCollision End Avg:0, SD:0, Max:0, Min:0
FTask1 Avg:76, SD:4, Max:85, Min:49
FTask2 Avg:0, SD:0, Max:0, Min:0
FTask3 Avg:24, SD:4, Max:51, Min:15
FCore Active Avg:100, SD:0, Max:100, Min:100
FRouter Active Avg:85, SD:5, Max:174, Min:37
T1 invocations: 386,885
T2 invocations: 0
T3 invocations: 12,354,772
T3b invocations: 0
Total3 invocations: 12,354,772
Total4 invocations: 0

T3/T2 ratio: inf
T3b/T3 ratio: 0

T1 avg ex cycles: 201
T2 avg ex cycles: -nan
T3&b avg ex cycles: 2
T4 avg ex cycles: -nan
Avg. hops NOC1: -nan
Avg. latency NOC1 (T2): -nan
Avg. hops NOC2: 12
Avg. latency NOC2 (T3): 3,296

===PRINTING ACUM STATS at pu_cycles: 400,417

ACollision In Avg:11, SD:7, Max:50, Min:0
ACollision Out Avg:0, SD:0, Max:3, Min:0
ACollision End Avg:0, SD:0, Max:0, Min:0
ATask1 Avg:76, SD:4, Max:85, Min:50
ATask2 Avg:0, SD:0, Max:0, Min:0
ATask3 Avg:24, SD:4, Max:50, Min:15
ACore Active Avg:100, SD:0, Max:100, Min:100
ARouter Active Avg:85, SD:4, Max:109, Min:38
T1 invocations: 1,550,542
T2 invocations: 0
T3 invocations: 49,080,727
T3b invocations: 0
Total3 invocations: 49,080,727
Total4 invocations: 0

T3/T2 ratio: inf
T3b/T3 ratio: 0

T1 avg ex cycles: 201
T2 avg ex cycles: -nan
T3&b avg ex cycles: 2
T4 avg ex cycles: -nan
Avg. hops NOC1: -nan
Avg. latency NOC1 (T2): -nan
Avg. hops NOC2: 13
Avg. latency NOC2 (T3): 3,292
Number of K Nodes Processed: 49,105
Number of K Edges Processed: 49,105
Node Re-explore factor: 11.71
Edge Re-explore factor: 0.38
Nodes/cy: 123
Edges/cy: 123
TEPS: 320

---DCache---
DCache Size: 63,664
DRAM words: 129,408
  DHits: 72,100,465
  DMisses: 3,494,839
  DHit Rate (hit/miss): 95%
  DEvictions: 400,845
  DEviction Rate (evict/misses): 11%
  MC Transactions: 3,760,607
  MC Writes: 200,273
Avg. Transactions: 29% , Writes: 2%, Avg. Latency: 0
Max MC id: 28 of 32. Transactions: 30% , Writes: 2%, MC mean Latency: 0
HBM refresh energy (nJ): 1
HBM access energy (nJ): 7,124,093
MemC wire energy 2.5d (nJ): 1,407,144
MemC wire energy 3d (nJ): 351,786

---Energy---
Leakage Energy (nJ): 74,122
PU Dyn E (nJ): 2,759,181
Mem Dyn E (nJ): 15,787,647
Route Dyn E (nJ): 3,720,466
Dynamic Energy (nJ): 22,267,293
Ratio of Dyn/Leak: 300
Total Energy (nJ): 22,341,415
Total Energy (nJ) 3D: 23,619,042
Cores Energy (nJ): 2,760,295
Route Energy (nJ): 3,728,126
Route Energy (nJ) 3D: 6,061,111
Mem Energy   (nJ): 15,852,995
Mem Energy   (nJ) 3D: 14,797,636
Avg. Power (mW): 55,795.37
Power Density (mW/mm2): 64.86

---Runtime---
Runtime in K cycles: 400.42
Microseconds: 400.42
Time per iteration (ms): 0.40

---Throughput---
GOP/s (aka OPS/ns): 1,017.86
GOP/s per core: 0.99
GFLOP/s: 123.62
GFLOP/s per core: 0.12
Max Peak GFLOP/s: 1,024.00
Avg. BW GB/s: 3,977.22
Max BW GB/s: 4,096.00

---Traffic---
In-Die bisection_bytes BW (GB/s): 256.00
Inter-board traffic (msg/ns): 0.00, per-link: 0.00
Inter-pack traffic (msg/ns): 0.00, per-link: 0.00
Inter-die traffic (msg/ns): 81.78, per-link: 0.32
Ruche traffic (msg/ns): 99.21, per-link: 0.39
All traffic (msg/ns): 3,239.82, per-link: 3.16
Inter-die reduction wrt all: 39.62
Inter-board reduction wrt inter-die: inf

---Data Movement---
All traffic (msg): 1,297,277,237
Arith. Intensity FLOP/Loads: 0.20
Arith. Intensity FLOP/Msgs: 0.04
Arith. Intensity OPS/Loads: 1.63
Arith. Intensity OPS/Msgs: 0.31



===Core Utilization Total=== CORE-S:4;; TIME K cy:400 ;; Nodes Proc: 6,112,222 -- Edges Proc: 0

===PRINTING FRAME STATS

FCollision In Avg:11, SD:8, Max:77, Min:0
FCollision Out Avg:0, SD:0, Max:6, Min:0
FCollision End Avg:0, SD:0, Max:0, Min:0
FTask1 Avg:76, SD:4, Max:85, Min:50
FTask2 Avg:0, SD:0, Max:0, Min:0
FTask3 Avg:24, SD:4, Max:50, Min:15
FCore Active Avg:100, SD:0, Max:100, Min:99
FRouter Active Avg:85, SD:5, Max:97, Min:39
T1 invocations: 387,030
T2 invocations: 0
T3 invocations: 12,354,240
T3b invocations: 0
Total3 invocations: 12,354,240
Total4 invocations: 0

T3/T2 ratio: inf
T3b/T3 ratio: 0

T1 avg ex cycles: 201
T2 avg ex cycles: -nan
T3&b avg ex cycles: 2
T4 avg ex cycles: -nan
Avg. hops NOC1: -nan
Avg. latency NOC1 (T2): -nan
Avg. hops NOC2: 12
Avg. latency NOC2 (T3): 3,296

===PRINTING ACUM STATS at pu_cycles: 500,410

ACollision In Avg:11, SD:7, Max:55, Min:0
ACollision Out Avg:0, SD:0, Max:3, Min:0
ACollision End Avg:0, SD:0, Max:0, Min:0
ATask1 Avg:76, SD:4, Max:85, Min:50
ATask2 Avg:0, SD:0, Max:0, Min:0
ATask3 Avg:24, SD:4, Max:50, Min:15
ACore Active Avg:100, SD:0, Max:100, Min:100
ARouter Active Avg:85, SD:4, Max:104, Min:38
T1 invocations: 1,937,572
T2 invocations: 0
T3 invocations: 61,434,967
T3b invocations: 0
Total3 invocations: 61,434,967
Total4 invocations: 0

T3/T2 ratio: inf
T3b/T3 ratio: 0

T1 avg ex cycles: 201
T2 avg ex cycles: -nan
T3&b avg ex cycles: 2
T4 avg ex cycles: -nan
Avg. hops NOC1: -nan
Avg. latency NOC1 (T2): -nan
Avg. hops NOC2: 13
Avg. latency NOC2 (T3): 3,293
Number of K Nodes Processed: 61,459
Number of K Edges Processed: 61,459
Node Re-explore factor: 14.65
Edge Re-explore factor: 0.48
Nodes/cy: 123
Edges/cy: 123
TEPS: 256

---DCache---
DCache Size: 63,664
DRAM words: 129,408
  DHits: 89,809,471
  DMisses: 4,309,354
  DHit Rate (hit/miss): 95%
  DEvictions: 512,961
  DEviction Rate (evict/misses): 12%
  MC Transactions: 4,638,325
  MC Writes: 251,954
Avg. Transactions: 29% , Writes: 2%, Avg. Latency: 0
Max MC id: 28 of 32. Transactions: 30% , Writes: 2%, MC mean Latency: 0
HBM refresh energy (nJ): 1
HBM access energy (nJ): 8,786,842
MemC wire energy 2.5d (nJ): 1,735,569
MemC wire energy 3d (nJ): 433,892

---Energy---
Leakage Energy (nJ): 92,632
PU Dyn E (nJ): 3,448,748
Mem Dyn E (nJ): 19,594,782
Route Dyn E (nJ): 4,647,077
Dynamic Energy (nJ): 27,690,608
Ratio of Dyn/Leak: 299
Total Energy (nJ): 27,783,240
Total Energy (nJ) 3D: 29,395,626
Cores Energy (nJ): 3,450,142
Route Energy (nJ): 4,656,650
Route Energy (nJ) 3D: 7,570,713
Mem Energy   (nJ): 19,676,449
Mem Energy   (nJ) 3D: 18,374,772
Avg. Power (mW): 55,520.95
Power Density (mW/mm2): 64.55

---Runtime---
Runtime in K cycles: 500.41
Microseconds: 500.41
Time per iteration (ms): 0.50

---Throughput---
GOP/s (aka OPS/ns): 1,018.16
GOP/s per core: 0.99
GFLOP/s: 123.61
GFLOP/s per core: 0.12
Max Peak GFLOP/s: 1,024.00
Avg. BW GB/s: 3,981.79
Max BW GB/s: 4,096.00

---Traffic---
In-Die bisection_bytes BW (GB/s): 256.00
Inter-board traffic (msg/ns): 0.00, per-link: 0.00
Inter-pack traffic (msg/ns): 0.00, per-link: 0.00
Inter-die traffic (msg/ns): 81.75, per-link: 0.32
Ruche traffic (msg/ns): 99.13, per-link: 0.39
All traffic (msg/ns): 3,236.63, per-link: 3.16
Inter-die reduction wrt all: 39.59
Inter-board reduction wrt inter-die: inf

---Data Movement---
All traffic (msg): 1,619,643,407
Arith. Intensity FLOP/Loads: 0.20
Arith. Intensity FLOP/Msgs: 0.04
Arith. Intensity OPS/Loads: 1.63
Arith. Intensity OPS/Msgs: 0.31



===Core Utilization Total=== CORE-S:5;; TIME K cy:500 ;; Nodes Proc: 7,648,229 -- Edges Proc: 0

===PRINTING FRAME STATS

FCollision In Avg:11, SD:8, Max:70, Min:0
FCollision Out Avg:0, SD:0, Max:4, Min:0
FCollision End Avg:0, SD:0, Max:0, Min:0
FTask1 Avg:76, SD:4, Max:85, Min:49
FTask2 Avg:0, SD:0, Max:0, Min:0
FTask3 Avg:24, SD:4, Max:51, Min:15
FCore Active Avg:100, SD:0, Max:100, Min:99
FRouter Active Avg:85, SD:5, Max:96, Min:39
T1 invocations: 386,946
T2 invocations: 0
T3 invocations: 12,354,824
T3b invocations: 0
Total3 invocations: 12,354,824
Total4 invocations: 0

T3/T2 ratio: inf
T3b/T3 ratio: 0

T1 avg ex cycles: 201
T2 avg ex cycles: -nan
T3&b avg ex cycles: 2
T4 avg ex cycles: -nan
Avg. hops NOC1: -nan
Avg. latency NOC1 (T2): -nan
Avg. hops NOC2: 12
Avg. latency NOC2 (T3): 3,296

===PRINTING ACUM STATS at pu_cycles: 600,405

ACollision In Avg:11, SD:7, Max:57, Min:0
ACollision Out Avg:0, SD:0, Max:3, Min:0
ACollision End Avg:0, SD:0, Max:0, Min:0
ATask1 Avg:76, SD:4, Max:85, Min:50
ATask2 Avg:0, SD:0, Max:0, Min:0
ATask3 Avg:24, SD:4, Max:50, Min:15
ACore Active Avg:100, SD:0, Max:100, Min:100
ARouter Active Avg:85, SD:4, Max:101, Min:38
T1 invocations: 2,324,518
T2 invocations: 0
T3 invocations: 73,789,791
T3b invocations: 0
Total3 invocations: 73,789,791
Total4 invocations: 0

T3/T2 ratio: inf
T3b/T3 ratio: 0

T1 avg ex cycles: 201
T2 avg ex cycles: -nan
T3&b avg ex cycles: 2
T4 avg ex cycles: -nan
Avg. hops NOC1: -nan
Avg. latency NOC1 (T2): -nan
Avg. hops NOC2: 13
Avg. latency NOC2 (T3): 3,293
Number of K Nodes Processed: 73,814
Number of K Edges Processed: 73,814
Node Re-explore factor: 17.60
Edge Re-explore factor: 0.58
Nodes/cy: 123
Edges/cy: 123
TEPS: 214

---DCache---
DCache Size: 63,664
DRAM words: 129,408
  DHits: 107,507,445
  DMisses: 5,126,676
  DHit Rate (hit/miss): 95%
  DEvictions: 1,137,358
  DEviction Rate (evict/misses): 22%
  MC Transactions: 5,521,906
  MC Writes: 306,774
Avg. Transactions: 29% , Writes: 2%, Avg. Latency: 0
Max MC id: 28 of 32. Transactions: 30% , Writes: 2%, MC mean Latency: 0
HBM refresh energy (nJ): 1
HBM access energy (nJ): 10,460,698
MemC wire energy 2.5d (nJ): 2,066,188
MemC wire energy 3d (nJ): 516,547

---Energy---
Leakage Energy (nJ): 111,143
PU Dyn E (nJ): 4,138,346
Mem Dyn E (nJ): 23,415,167
Route Dyn E (nJ): 5,575,233
Dynamic Energy (nJ): 33,128,746
Ratio of Dyn/Leak: 298
Total Energy (nJ): 33,239,889
Total Energy (nJ) 3D: 35,186,017
Cores Energy (nJ): 4,140,017
Route Energy (nJ): 5,586,719
Route Energy (nJ) 3D: 9,082,487
Mem Energy   (nJ): 23,513,153
Mem Energy   (nJ) 3D: 21,963,513
Avg. Power (mW): 55,362.44
Power Density (mW/mm2): 64.36

---Runtime---
Runtime in K cycles: 600.40
Microseconds: 600.40
Time per iteration (ms): 0.60

---Throughput---
GOP/s (aka OPS/ns): 1,018.36
GOP/s per core: 0.99
GFLOP/s: 123.60
GFLOP/s per core: 0.12
Max Peak GFLOP/s: 1,024.00
Avg. BW GB/s: 3,984.84
Max BW GB/s: 4,096.00

---Traffic---
In-Die bisection_bytes BW (GB/s): 256.00
Inter-board traffic (msg/ns): 0.00, per-link: 0.00
Inter-pack traffic (msg/ns): 0.00, per-link: 0.00
Inter-die traffic (msg/ns): 81.83, per-link: 0.32
Ruche traffic (msg/ns): 99.08, per-link: 0.39
All traffic (msg/ns): 3,235.27, per-link: 3.16
Inter-die reduction wrt all: 39.54
Inter-board reduction wrt inter-die: inf

---Data Movement---
All traffic (msg): 1,942,472,002
Arith. Intensity FLOP/Loads: 0.20
Arith. Intensity FLOP/Msgs: 0.04
Arith. Intensity OPS/Loads: 1.63
Arith. Intensity OPS/Msgs: 0.31



===Core Utilization Total=== CORE-S:6;; TIME K cy:600 ;; Nodes Proc: 9,185,068 -- Edges Proc: 0

===PRINTING FRAME STATS

FCollision In Avg:11, SD:8, Max:76, Min:1
FCollision Out Avg:0, SD:0, Max:6, Min:0
FCollision End Avg:0, SD:0, Max:0, Min:0
FTask1 Avg:76, SD:4, Max:85, Min:50
FTask2 Avg:0, SD:0, Max:0, Min:0
FTask3 Avg:24, SD:4, Max:50, Min:15
FCore Active Avg:100, SD:0, Max:100, Min:98
FRouter Active Avg:85, SD:5, Max:97, Min:38
T1 invocations: 387,120
T2 invocations: 0
T3 invocations: 12,354,540
T3b invocations: 0
Total3 invocations: 12,354,540
Total4 invocations: 0

T3/T2 ratio: inf
T3b/T3 ratio: 0

T1 avg ex cycles: 201
T2 avg ex cycles: -nan
T3&b avg ex cycles: 2
T4 avg ex cycles: -nan
Avg. hops NOC1: -nan
Avg. latency NOC1 (T2): -nan
Avg. hops NOC2: 12
Avg. latency NOC2 (T3): 3,296

===PRINTING ACUM STATS at pu_cycles: 700,401

ACollision In Avg:11, SD:7, Max:59, Min:0
ACollision Out Avg:0, SD:0, Max:3, Min:0
ACollision End Avg:0, SD:0, Max:0, Min:0
ATask1 Avg:76, SD:4, Max:85, Min:50
ATask2 Avg:0, SD:0, Max:0, Min:0
ATask3 Avg:24, SD:4, Max:50, Min:15
ACore Active Avg:100, SD:0, Max:100, Min:100
ARouter Active Avg:85, SD:4, Max:99, Min:38
T1 invocations: 2,711,639
T2 invocations: 0
T3 invocations: 86,144,421
T3b invocations: 0
Total3 invocations: 86,144,421
Total4 invocations: 0

T3/T2 ratio: inf
T3b/T3 ratio: 0

T1 avg ex cycles: 201
T2 avg ex cycles: -nan
T3&b avg ex cycles: 2
T4 avg ex cycles: -nan
Avg. hops NOC1: -nan
Avg. latency NOC1 (T2): -nan
Avg. hops NOC2: 13
Avg. latency NOC2 (T3): 3,294
Number of K Nodes Processed: 86,168
Number of K Edges Processed: 86,168
Node Re-explore factor: 20.54
Edge Re-explore factor: 0.67
Nodes/cy: 123
Edges/cy: 123
TEPS: 183

---DCache---
DCache Size: 63,664
DRAM words: 129,408
  DHits: 125,206,041
  DMisses: 5,943,767
  DHit Rate (hit/miss): 95%
  DEvictions: 1,942,403
  DEviction Rate (evict/misses): 33%
  MC Transactions: 6,405,301
  MC Writes: 361,515
Avg. Transactions: 29% , Writes: 2%, Avg. Latency: 0
Max MC id: 28 of 32. Transactions: 30% , Writes: 2%, MC mean Latency: 0
HBM refresh energy (nJ): 1
HBM access energy (nJ): 12,134,202
MemC wire energy 2.5d (nJ): 2,396,736
MemC wire energy 3d (nJ): 599,184

---Energy---
Leakage Energy (nJ): 129,653
PU Dyn E (nJ): 4,827,953
Mem Dyn E (nJ): 27,235,129
Route Dyn E (nJ): 6,502,143
Dynamic Energy (nJ): 38,565,225
Ratio of Dyn/Leak: 297
Total Energy (nJ): 38,694,878
Total Energy (nJ) 3D: 40,974,072
Cores Energy (nJ): 4,829,902
Route Energy (nJ): 6,515,542
Route Energy (nJ) 3D: 10,592,289
Mem Energy   (nJ): 27,349,434
Mem Energy   (nJ) 3D: 25,551,882
Avg. Power (mW): 55,246.75
Power Density (mW/mm2): 64.23

---Runtime---
Runtime in K cycles: 700.40
Microseconds: 700.40
Time per iteration (ms): 0.70

---Throughput---
GOP/s (aka OPS/ns): 1,018.51
GOP/s per core: 0.99
GFLOP/s: 123.59
GFLOP/s per core: 0.12
Max Peak GFLOP/s: 1,024.00
Avg. BW GB/s: 3,987.02
Max BW GB/s: 4,096.00

---Traffic---
In-Die bisection_bytes BW (GB/s): 256.00
Inter-board traffic (msg/ns): 0.00, per-link: 0.00
Inter-pack traffic (msg/ns): 0.00, per-link: 0.00
Inter-die traffic (msg/ns): 81.80, per-link: 0.32
Ruche traffic (msg/ns): 99.09, per-link: 0.39
All traffic (msg/ns): 3,233.77, per-link: 3.16
Inter-die reduction wrt all: 39.53
Inter-board reduction wrt inter-die: inf

---Data Movement---
All traffic (msg): 2,264,934,661
Arith. Intensity FLOP/Loads: 0.20
Arith. Intensity FLOP/Msgs: 0.04
Arith. Intensity OPS/Loads: 1.63
Arith. Intensity OPS/Msgs: 0.31



===Core Utilization Total=== CORE-S:7;; TIME K cy:700 ;; Nodes Proc: 10,721,085 -- Edges Proc: 0

===PRINTING FRAME STATS

FCollision In Avg:11, SD:7, Max:74, Min:0
FCollision Out Avg:0, SD:0, Max:3, Min:0
FCollision End Avg:0, SD:0, Max:0, Min:0
FTask1 Avg:76, SD:4, Max:85, Min:50
FTask2 Avg:0, SD:0, Max:0, Min:0
FTask3 Avg:24, SD:4, Max:50, Min:15
FCore Active Avg:100, SD:0, Max:100, Min:99
FRouter Active Avg:85, SD:5, Max:96, Min:37
T1 invocations: 386,884
T2 invocations: 0
T3 invocations: 12,354,864
T3b invocations: 0
Total3 invocations: 12,354,864
Total4 invocations: 0

T3/T2 ratio: inf
T3b/T3 ratio: 0

T1 avg ex cycles: 201
T2 avg ex cycles: -nan
T3&b avg ex cycles: 2
T4 avg ex cycles: -nan
Avg. hops NOC1: -nan
Avg. latency NOC1 (T2): -nan
Avg. hops NOC2: 12
Avg. latency NOC2 (T3): 3,296

===PRINTING ACUM STATS at pu_cycles: 800,401

ACollision In Avg:11, SD:7, Max:61, Min:0
ACollision Out Avg:0, SD:0, Max:3, Min:0
ACollision End Avg:0, SD:0, Max:0, Min:0
ATask1 Avg:76, SD:4, Max:85, Min:50
ATask2 Avg:0, SD:0, Max:0, Min:0
ATask3 Avg:24, SD:4, Max:50, Min:15
ACore Active Avg:100, SD:0, Max:100, Min:100
ARouter Active Avg:85, SD:4, Max:98, Min:38
T1 invocations: 3,098,504
T2 invocations: 0
T3 invocations: 98,499,077
T3b invocations: 0
Total3 invocations: 98,499,077
Total4 invocations: 0

T3/T2 ratio: inf
T3b/T3 ratio: 0

T1 avg ex cycles: 201
T2 avg ex cycles: -nan
T3&b avg ex cycles: 2
T4 avg ex cycles: -nan
Avg. hops NOC1: -nan
Avg. latency NOC1 (T2): -nan
Avg. hops NOC2: 13
Avg. latency NOC2 (T3): 3,294
Number of K Nodes Processed: 98,524
Number of K Edges Processed: 98,524
Node Re-explore factor: 23.49
Edge Re-explore factor: 0.77
Nodes/cy: 123
Edges/cy: 123
TEPS: 160

---DCache---
DCache Size: 63,664
DRAM words: 129,408
  DHits: 142,941,202
  DMisses: 6,754,789
  DHit Rate (hit/miss): 95%
  DEvictions: 2,746,444
  DEviction Rate (evict/misses): 41%
  MC Transactions: 7,275,753
  MC Writes: 409,686
Avg. Transactions: 28% , Writes: 2%, Avg. Latency: 0
Max MC id: 28 of 32. Transactions: 29% , Writes: 2%, MC mean Latency: 0
HBM refresh energy (nJ): 2
HBM access energy (nJ): 13,783,186
MemC wire energy 2.5d (nJ): 2,722,442
MemC wire energy 3d (nJ): 680,611

---Energy---
Leakage Energy (nJ): 148,164
PU Dyn E (nJ): 5,517,571
Mem Dyn E (nJ): 31,026,175
Route Dyn E (nJ): 7,427,698
Dynamic Energy (nJ): 43,971,444
Ratio of Dyn/Leak: 297
Total Energy (nJ): 44,119,608
Total Energy (nJ) 3D: 46,735,343
Cores Energy (nJ): 5,519,799
Route Energy (nJ): 7,443,010
Route Energy (nJ) 3D: 12,100,576
Mem Energy   (nJ): 31,156,801
Mem Energy   (nJ) 3D: 29,114,969
Avg. Power (mW): 55,121.88
Power Density (mW/mm2): 64.08

---Runtime---
Runtime in K cycles: 800.40
Microseconds: 800.40
Time per iteration (ms): 0.80

---Throughput---
GOP/s (aka OPS/ns): 1,018.61
GOP/s per core: 0.99
GFLOP/s: 123.59
GFLOP/s per core: 0.12
Max Peak GFLOP/s: 1,024.00
Avg. BW GB/s: 3,988.63
Max BW GB/s: 4,096.00

---Traffic---
In-Die bisection_bytes BW (GB/s): 256.00
Inter-board traffic (msg/ns): 0.00, per-link: 0.00
Inter-pack traffic (msg/ns): 0.00, per-link: 0.00
Inter-die traffic (msg/ns): 81.76, per-link: 0.32
Ruche traffic (msg/ns): 99.01, per-link: 0.39
All traffic (msg/ns): 3,232.11, per-link: 3.16
Inter-die reduction wrt all: 39.53
Inter-board reduction wrt inter-die: inf

---Data Movement---
All traffic (msg): 2,586,985,369
Arith. Intensity FLOP/Loads: 0.20
Arith. Intensity FLOP/Msgs: 0.04
Arith. Intensity OPS/Loads: 1.63
Arith. Intensity OPS/Msgs: 0.32



===Core Utilization Total=== CORE-S:8;; TIME K cy:800 ;; Nodes Proc: 12,257,590 -- Edges Proc: 0

===PRINTING FRAME STATS

FCollision In Avg:11, SD:8, Max:71, Min:0
FCollision Out Avg:0, SD:0, Max:5, Min:0
FCollision End Avg:0, SD:0, Max:0, Min:0
FTask1 Avg:76, SD:4, Max:85, Min:50
FTask2 Avg:0, SD:0, Max:0, Min:0
FTask3 Avg:24, SD:4, Max:50, Min:15
FCore Active Avg:100, SD:0, Max:100, Min:99
FRouter Active Avg:85, SD:5, Max:97, Min:38
T1 invocations: 386,921
T2 invocations: 0
T3 invocations: 12,353,946
T3b invocations: 0
Total3 invocations: 12,353,946
Total4 invocations: 0

T3/T2 ratio: inf
T3b/T3 ratio: 0

T1 avg ex cycles: 201
T2 avg ex cycles: -nan
T3&b avg ex cycles: 2
T4 avg ex cycles: -nan
Avg. hops NOC1: -nan
Avg. latency NOC1 (T2): -nan
Avg. hops NOC2: 12
Avg. latency NOC2 (T3): 3,296

===PRINTING ACUM STATS at pu_cycles: 900,395

ACollision In Avg:11, SD:7, Max:57, Min:0
ACollision Out Avg:0, SD:0, Max:3, Min:0
ACollision End Avg:0, SD:0, Max:0, Min:0
ATask1 Avg:76, SD:4, Max:85, Min:50
ATask2 Avg:0, SD:0, Max:0, Min:0
ATask3 Avg:24, SD:4, Max:50, Min:15
ACore Active Avg:100, SD:0, Max:100, Min:100
ARouter Active Avg:85, SD:4, Max:97, Min:38
T1 invocations: 3,478,519
T2 invocations: 0
T3 invocations: 110,645,749
T3b invocations: 0
Total3 invocations: 110,645,749
Total4 invocations: 0

T3/T2 ratio: inf
T3b/T3 ratio: 0

T1 avg ex cycles: 201
T2 avg ex cycles: -nan
T3&b avg ex cycles: 2
T4 avg ex cycles: -nan
Avg. hops NOC1: -nan
Avg. latency NOC1 (T2): -nan
Avg. hops NOC2: 12
Avg. latency NOC2 (T3): 3,294
Number of K Nodes Processed: 110,878
Number of K Edges Processed: 110,878
Node Re-explore factor: 26.44
Edge Re-explore factor: 0.86
Nodes/cy: 123
Edges/cy: 123
TEPS: 143

---DCache---
DCache Size: 63,664
DRAM words: 129,408
  DHits: 160,659,320
  DMisses: 7,567,318
  DHit Rate (hit/miss): 96%
  DEvictions: 3,552,688
  DEviction Rate (evict/misses): 47%
  MC Transactions: 8,149,659
  MC Writes: 459,710
Avg. Transactions: 28% , Writes: 2%, Avg. Latency: 0
Max MC id: 28 of 32. Transactions: 29% , Writes: 2%, MC mean Latency: 0
HBM refresh energy (nJ): 2
HBM access energy (nJ): 15,438,714
MemC wire energy 2.5d (nJ): 3,049,440
MemC wire energy 3d (nJ): 762,360

---Energy---
Leakage Energy (nJ): 166,675
PU Dyn E (nJ): 6,194,953
Mem Dyn E (nJ): 34,798,384
Route Dyn E (nJ): 8,342,738
Dynamic Energy (nJ): 49,336,075
Ratio of Dyn/Leak: 296
Total Energy (nJ): 49,502,750
Total Energy (nJ) 3D: 52,443,796
Cores Energy (nJ): 6,197,459
Route Energy (nJ): 8,359,963
Route Energy (nJ) 3D: 13,588,089
Mem Energy   (nJ): 34,945,328
Mem Energy   (nJ) 3D: 32,658,248
Avg. Power (mW): 54,978.93
Power Density (mW/mm2): 63.92

---Runtime---
Runtime in K cycles: 900.39
Microseconds: 900.39
Time per iteration (ms): 0.90

---Throughput---
GOP/s (aka OPS/ns): 1,016.70
GOP/s per core: 0.99
GFLOP/s: 123.34
GFLOP/s per core: 0.12
Max Peak GFLOP/s: 1,024.00
Avg. BW GB/s: 3,982.31
Max BW GB/s: 4,096.00

---Traffic---
In-Die bisection_bytes BW (GB/s): 256.00
Inter-board traffic (msg/ns): 0.00, per-link: 0.00
Inter-pack traffic (msg/ns): 0.00, per-link: 0.00
Inter-die traffic (msg/ns): 81.73, per-link: 0.32
Ruche traffic (msg/ns): 99.04, per-link: 0.39
All traffic (msg/ns): 3,225.58, per-link: 3.15
Inter-die reduction wrt all: 39.46
Inter-board reduction wrt inter-die: inf

---Data Movement---
All traffic (msg): 2,904,294,545
Arith. Intensity FLOP/Loads: 0.20
Arith. Intensity FLOP/Msgs: 0.04
Arith. Intensity OPS/Loads: 1.63
Arith. Intensity OPS/Msgs: 0.32



===Core Utilization Total=== CORE-S:9;; TIME K cy:900 ;; Nodes Proc: 13,795,541 -- Edges Proc: 0

===PRINTING FRAME STATS

FCollision In Avg:10, SD:6, Max:70, Min:0
FCollision Out Avg:0, SD:0, Max:3, Min:0
FCollision End Avg:0, SD:0, Max:0, Min:0
FTask1 Avg:73, SD:8, Max:80, Min:27
FTask2 Avg:0, SD:0, Max:0, Min:0
FTask3 Avg:23, SD:4, Max:48, Min:16
FCore Active Avg:96, SD:9, Max:100, Min:43
FRouter Active Avg:83, SD:5, Max:96, Min:38
T1 invocations: 369,544
T2 invocations: 0
T3 invocations: 11,922,064
T3b invocations: 0
Total3 invocations: 11,922,064
Total4 invocations: 0

T3/T2 ratio: inf
T3b/T3 ratio: 0

T1 avg ex cycles: 201
T2 avg ex cycles: -nan
T3&b avg ex cycles: 2
T4 avg ex cycles: -nan
Avg. hops NOC1: -nan
Avg. latency NOC1 (T2): -nan
Avg. hops NOC2: 12
Avg. latency NOC2 (T3): 3,246

===PRINTING ACUM STATS at pu_cycles: 1,000,401

ACollision In Avg:11, SD:7, Max:55, Min:0
ACollision Out Avg:0, SD:0, Max:3, Min:0
ACollision End Avg:0, SD:0, Max:0, Min:0
ATask1 Avg:76, SD:4, Max:80, Min:50
ATask2 Avg:0, SD:0, Max:0, Min:0
ATask3 Avg:24, SD:4, Max:50, Min:15
ACore Active Avg:100, SD:1, Max:100, Min:94
ARouter Active Avg:85, SD:4, Max:96, Min:38
T1 invocations: 3,853,876
T2 invocations: 0
T3 invocations: 122,733,033
T3b invocations: 0
Total3 invocations: 122,733,033
Total4 invocations: 0

T3/T2 ratio: inf
T3b/T3 ratio: 0

T1 avg ex cycles: 201
T2 avg ex cycles: -nan
T3&b avg ex cycles: 2
T4 avg ex cycles: -nan
Avg. hops NOC1: -nan
Avg. latency NOC1 (T2): -nan
Avg. hops NOC2: 12
Avg. latency NOC2 (T3): 3,290
Number of K Nodes Processed: 122,791
Number of K Edges Processed: 122,791
Node Re-explore factor: 29.28
Edge Re-explore factor: 0.96
Nodes/cy: 123
Edges/cy: 123
TEPS: 128

---DCache---
DCache Size: 63,664
DRAM words: 129,408
  DHits: 177,977,382
  DMisses: 8,347,571
  DHit Rate (hit/miss): 96%
  DEvictions: 4,327,602
  DEviction Rate (evict/misses): 52%
  MC Transactions: 8,990,796
  MC Writes: 510,594
Avg. Transactions: 28% , Writes: 2%, Avg. Latency: 0
Max MC id: 28 of 32. Transactions: 29% , Writes: 2%, MC mean Latency: 0
HBM refresh energy (nJ): 2
HBM access energy (nJ): 17,032,163
MemC wire energy 2.5d (nJ): 3,364,177
MemC wire energy 3d (nJ): 841,044

---Energy---
Leakage Energy (nJ): 185,187
PU Dyn E (nJ): 6,865,157
Mem Dyn E (nJ): 38,480,008
Route Dyn E (nJ): 9,237,786
Dynamic Energy (nJ): 54,582,951
Ratio of Dyn/Leak: 295
Total Energy (nJ): 54,768,138
Total Energy (nJ) 3D: 58,035,830
Cores Energy (nJ): 6,867,942
Route Energy (nJ): 9,256,924
Route Energy (nJ) 3D: 15,047,748
Mem Energy   (nJ): 38,643,273
Mem Energy   (nJ) 3D: 36,120,140
Avg. Power (mW): 54,746.18
Power Density (mW/mm2): 63.65

---Runtime---
Runtime in K cycles: 1,000.40
Microseconds: 1,000.40
Time per iteration (ms): 1.00

---Throughput---
GOP/s (aka OPS/ns): 1,014.15
GOP/s per core: 0.99
GFLOP/s: 122.99
GFLOP/s per core: 0.12
Max Peak GFLOP/s: 1,024.00
Avg. BW GB/s: 3,974.59
Max BW GB/s: 4,096.00

---Traffic---
In-Die bisection_bytes BW (GB/s): 256.00
Inter-board traffic (msg/ns): 0.00, per-link: 0.00
Inter-pack traffic (msg/ns): 0.00, per-link: 0.00
Inter-die traffic (msg/ns): 81.39, per-link: 0.32
Ruche traffic (msg/ns): 98.63, per-link: 0.39
All traffic (msg/ns): 3,215.04, per-link: 3.14
Inter-die reduction wrt all: 39.50
Inter-board reduction wrt inter-die: inf

---Data Movement---
All traffic (msg): 3,216,327,326
Arith. Intensity FLOP/Loads: 0.20
Arith. Intensity FLOP/Msgs: 0.04
Arith. Intensity OPS/Loads: 1.63
Arith. Intensity OPS/Msgs: 0.32



===Core Utilization Total=== CORE-S:10;; TIME K cy:1,000 ;; Nodes Proc: 15,277,282 -- Edges Proc: 0

===PRINTING FRAME STATS

FCollision In Avg:2, SD:1, Max:15, Min:0
FCollision Out Avg:0, SD:0, Max:1, Min:0
FCollision End Avg:0, SD:0, Max:0, Min:0
FTask1 Avg:29, SD:29, Max:89, Min:0
FTask2 Avg:0, SD:0, Max:0, Min:0
FTask3 Avg:10, SD:2, Max:32, Min:6
FCore Active Avg:39, SD:30, Max:100, Min:6
FRouter Active Avg:44, SD:7, Max:84, Min:13
T1 invocations: 148,260
T2 invocations: 0
T3 invocations: 5,029,176
T3b invocations: 0
Total3 invocations: 5,029,176
Total4 invocations: 0

T3/T2 ratio: inf
T3b/T3 ratio: 0

T1 avg ex cycles: 202
T2 avg ex cycles: -nan
T3&b avg ex cycles: 2
T4 avg ex cycles: -nan
Avg. hops NOC1: -nan
Avg. latency NOC1 (T2): -nan
Avg. hops NOC2: 12
Avg. latency NOC2 (T3): 2,800

===PRINTING ACUM STATS at pu_cycles: 1,100,402

ACollision In Avg:10, SD:7, Max:51, Min:0
ACollision Out Avg:0, SD:0, Max:2, Min:0
ACollision End Avg:0, SD:0, Max:0, Min:0
ATask1 Avg:71, SD:1, Max:73, Min:53
ATask2 Avg:0, SD:0, Max:0, Min:0
ATask3 Avg:23, SD:4, Max:47, Min:14
ACore Active Avg:94, SD:3, Max:100, Min:86
ARouter Active Avg:81, SD:4, Max:92, Min:36
T1 invocations: 4,002,566
T2 invocations: 0
T3 invocations: 127,770,661
T3b invocations: 0
Total3 invocations: 127,770,661
Total4 invocations: 0

T3/T2 ratio: inf
T3b/T3 ratio: 0

T1 avg ex cycles: 201
T2 avg ex cycles: -nan
T3&b avg ex cycles: 2
T4 avg ex cycles: -nan
Avg. hops NOC1: -nan
Avg. latency NOC1 (T2): -nan
Avg. hops NOC2: 12
Avg. latency NOC2 (T3): 3,270
Number of K Nodes Processed: 127,785
Number of K Edges Processed: 127,785
Node Re-explore factor: 30.47
Edge Re-explore factor: 1.00
Nodes/cy: 116
Edges/cy: 116
TEPS: 117

---DCache---
DCache Size: 63,664
DRAM words: 129,408
  DHits: 186,508,827
  DMisses: 8,660,104
  DHit Rate (hit/miss): 96%
  DEvictions: 4,639,821
  DEviction Rate (evict/misses): 54%
  MC Transactions: 9,323,039
  MC Writes: 529,115
Avg. Transactions: 26% , Writes: 2%, Avg. Latency: 0
Max MC id: 9 of 32. Transactions: 27% , Writes: 2%, MC mean Latency: 0
HBM refresh energy (nJ): 3
HBM access energy (nJ): 17,661,565
MemC wire energy 2.5d (nJ): 3,488,496
MemC wire energy 3d (nJ): 872,124

---Energy---
Leakage Energy (nJ): 203,698
PU Dyn E (nJ): 7,132,722
Mem Dyn E (nJ): 39,984,077
Route Dyn E (nJ): 9,592,563
Dynamic Energy (nJ): 56,709,362
Ratio of Dyn/Leak: 278
Total Energy (nJ): 56,913,060
Total Energy (nJ) 3D: 60,308,349
Cores Energy (nJ): 7,135,785
Route Energy (nJ): 9,613,614
Route Energy (nJ) 3D: 15,625,275
Mem Energy   (nJ): 40,163,662
Mem Energy   (nJ) 3D: 37,547,290
Avg. Power (mW): 51,720.24
Power Density (mW/mm2): 60.13

---Runtime---
Runtime in K cycles: 1,100.40
Microseconds: 1,100.40
Time per iteration (ms): 1.10

---Throughput---
GOP/s (aka OPS/ns): 958.10
GOP/s per core: 0.94
GFLOP/s: 116.13
GFLOP/s per core: 0.11
Max Peak GFLOP/s: 1,024.00
Avg. BW GB/s: 3,759.39
Max BW GB/s: 4,096.00

---Traffic---
In-Die bisection_bytes BW (GB/s): 256.00
Inter-board traffic (msg/ns): 0.00, per-link: 0.00
Inter-pack traffic (msg/ns): 0.00, per-link: 0.00
Inter-die traffic (msg/ns): 76.79, per-link: 0.30
Ruche traffic (msg/ns): 93.26, per-link: 0.36
All traffic (msg/ns): 3,035.05, per-link: 2.96
Inter-die reduction wrt all: 39.52
Inter-board reduction wrt inter-die: inf

---Data Movement---
All traffic (msg): 3,339,776,223
Arith. Intensity FLOP/Loads: 0.20
Arith. Intensity FLOP/Msgs: 0.04
Arith. Intensity OPS/Loads: 1.63
Arith. Intensity OPS/Msgs: 0.32



===Core Utilization Total=== CORE-S:11;; TIME K cy:1,100 ;; Nodes Proc: 15,900,960 -- Edges Proc: 0
======== IT IS COLD ======= Only 12 Tiles active

===PRINTING FRAME STATS

FCollision In Avg:0, SD:0, Max:5, Min:0
FCollision Out Avg:0, SD:0, Max:0, Min:0
FCollision End Avg:0, SD:0, Max:0, Min:0
FTask1 Avg:3, SD:13, Max:99, Min:0
FTask2 Avg:0, SD:0, Max:0, Min:0
FTask3 Avg:1, SD:1, Max:19, Min:0
FCore Active Avg:4, SD:13, Max:100, Min:0
FRouter Active Avg:5, SD:5, Max:60, Min:1
T1 invocations: 13,939
T2 invocations: 0
T3 invocations: 525,379
T3b invocations: 0
Total3 invocations: 525,379
Total4 invocations: 0

T3/T2 ratio: inf
T3b/T3 ratio: 0

T1 avg ex cycles: 208
T2 avg ex cycles: -nan
T3&b avg ex cycles: 2
T4 avg ex cycles: -nan
Avg. hops NOC1: -nan
Avg. latency NOC1 (T2): -nan
Avg. hops NOC2: 11
Avg. latency NOC2 (T3): 2,807

===PRINTING ACUM STATS at pu_cycles: 1,200,193

ACollision In Avg:9, SD:6, Max:47, Min:0
ACollision Out Avg:0, SD:0, Max:2, Min:0
ACollision End Avg:0, SD:0, Max:0, Min:0
ATask1 Avg:66, SD:1, Max:71, Min:53
ATask2 Avg:0, SD:0, Max:0, Min:0
ATask3 Avg:21, SD:4, Max:47, Min:13
ACore Active Avg:87, SD:4, Max:100, Min:79
ARouter Active Avg:75, SD:4, Max:91, Min:33
T1 invocations: 4,014,468
T2 invocations: 0
T3 invocations: 128,252,396
T3b invocations: 0
Total3 invocations: 128,252,396
Total4 invocations: 0

T3/T2 ratio: inf
T3b/T3 ratio: 0

T1 avg ex cycles: 201
T2 avg ex cycles: -nan
T3&b avg ex cycles: 2
T4 avg ex cycles: -nan
Avg. hops NOC1: -nan
Avg. latency NOC1 (T2): -nan
Avg. hops NOC2: 12
Avg. latency NOC2 (T3): 3,268
Number of K Nodes Processed: 128,257
Number of K Edges Processed: 128,257
Node Re-explore factor: 30.58
Edge Re-explore factor: 1.00
Nodes/cy: 107
Edges/cy: 107
TEPS: 107

---DCache---
DCache Size: 63,664
DRAM words: 129,408
  DHits: 187,387,450
  DMisses: 8,690,533
  DHit Rate (hit/miss): 96%
  DEvictions: 4,670,253
  DEviction Rate (evict/misses): 54%
  MC Transactions: 9,356,074
  MC Writes: 531,711
Avg. Transactions: 24% , Writes: 1%, Avg. Latency: 0
Max MC id: 11 of 32. Transactions: 24% , Writes: 1%, MC mean Latency: 0
HBM refresh energy (nJ): 3
HBM access energy (nJ): 17,724,146
MemC wire energy 2.5d (nJ): 3,500,857
MemC wire energy 3d (nJ): 875,214

---Energy---
Leakage Energy (nJ): 222,171
PU Dyn E (nJ): 7,154,849
Mem Dyn E (nJ): 40,129,434
Route Dyn E (nJ): 9,624,425
Dynamic Energy (nJ): 56,908,708
Ratio of Dyn/Leak: 256
Total Energy (nJ): 57,130,879
Total Energy (nJ) 3D: 60,536,645
Cores Energy (nJ): 7,158,189
Route Energy (nJ): 9,647,385
Route Energy (nJ) 3D: 15,678,793
Mem Energy   (nJ): 40,325,306
Mem Energy   (nJ) 3D: 37,699,663
Avg. Power (mW): 47,601.41
Power Density (mW/mm2): 55.34

---Runtime---
Runtime in K cycles: 1,200.19
Microseconds: 1,200.19
Time per iteration (ms): 1.20

---Throughput---
GOP/s (aka OPS/ns): 881.22
GOP/s per core: 0.86
GFLOP/s: 106.79
GFLOP/s per core: 0.10
Max Peak GFLOP/s: 1,024.00
Avg. BW GB/s: 3,459.10
Max BW GB/s: 4,096.00

---Traffic---
In-Die bisection_bytes BW (GB/s): 256.00
Inter-board traffic (msg/ns): 0.00, per-link: 0.00
Inter-pack traffic (msg/ns): 0.00, per-link: 0.00
Inter-die traffic (msg/ns): 70.62, per-link: 0.28
Ruche traffic (msg/ns): 85.82, per-link: 0.34
All traffic (msg/ns): 2,792.01, per-link: 2.73
Inter-die reduction wrt all: 39.54
Inter-board reduction wrt inter-die: inf

---Data Movement---
All traffic (msg): 3,350,948,566
Arith. Intensity FLOP/Loads: 0.20
Arith. Intensity FLOP/Msgs: 0.04
Arith. Intensity OPS/Loads: 1.63
Arith. Intensity OPS/Msgs: 0.32



===Core Utilization Total=== CORE-S:12;; TIME K cy:1,200 ;; Nodes Proc: 15,958,782 -- Edges Proc: 0
======== IT IS COLD ======= Only 1 Tiles active

===PRINTING FRAME STATS

FCollision In Avg:0, SD:0, Max:0, Min:0
FCollision Out Avg:0, SD:0, Max:0, Min:0
FCollision End Avg:0, SD:0, Max:0, Min:0
FTask1 Avg:0, SD:5, Max:98, Min:0
FTask2 Avg:0, SD:0, Max:0, Min:0
FTask3 Avg:0, SD:0, Max:2, Min:0
FCore Active Avg:0, SD:5, Max:100, Min:0
FRouter Active Avg:1, SD:1, Max:20, Min:0
T1 invocations: 1,535
T2 invocations: 0
T3 invocations: 56,455
T3b invocations: 0
Total3 invocations: 56,455
Total4 invocations: 0

T3/T2 ratio: inf
T3b/T3 ratio: 0

T1 avg ex cycles: 212
T2 avg ex cycles: -nan
T3&b avg ex cycles: 2
T4 avg ex cycles: -nan
Avg. hops NOC1: -nan
Avg. latency NOC1 (T2): -nan
Avg. hops NOC2: 11
Avg. latency NOC2 (T3): 4,040

===PRINTING ACUM STATS at pu_cycles: 1,300,158

ACollision In Avg:8, SD:6, Max:43, Min:0
ACollision Out Avg:0, SD:0, Max:2, Min:0
ACollision End Avg:0, SD:0, Max:0, Min:0
ATask1 Avg:61, SD:0, Max:63, Min:57
ATask2 Avg:0, SD:0, Max:0, Min:0
ATask3 Avg:19, SD:3, Max:43, Min:12
ACore Active Avg:80, SD:3, Max:100, Min:73
ARouter Active Avg:69, SD:4, Max:78, Min:30
T1 invocations: 4,018,381
T2 invocations: 0
T3 invocations: 128,309,640
T3b invocations: 0
Total3 invocations: 128,309,640
Total4 invocations: 0

T3/T2 ratio: inf
T3b/T3 ratio: 0

T1 avg ex cycles: 201
T2 avg ex cycles: -nan
T3&b avg ex cycles: 2
T4 avg ex cycles: -nan
Avg. hops NOC1: -nan
Avg. latency NOC1 (T2): -nan
Avg. hops NOC2: 12
Avg. latency NOC2 (T3): 3,270
Number of K Nodes Processed: 128,309
Number of K Edges Processed: 128,309
Node Re-explore factor: 30.59
Edge Re-explore factor: 1.00
Nodes/cy: 99
Edges/cy: 99
TEPS: 99

---DCache---
DCache Size: 63,664
DRAM words: 129,408
  DHits: 187,484,999
  DMisses: 8,694,059
  DHit Rate (hit/miss): 96%
  DEvictions: 4,673,779
  DEviction Rate (evict/misses): 54%
  MC Transactions: 9,359,871
  MC Writes: 531,982
Avg. Transactions: 22% , Writes: 1%, Avg. Latency: 0
Max MC id: 11 of 32. Transactions: 23% , Writes: 1%, MC mean Latency: 0
HBM refresh energy (nJ): 3
HBM access energy (nJ): 17,731,339
MemC wire energy 2.5d (nJ): 3,502,278
MemC wire energy 3d (nJ): 875,569

---Energy---
Leakage Energy (nJ): 240,676
PU Dyn E (nJ): 7,161,215
Mem Dyn E (nJ): 40,148,755
Route Dyn E (nJ): 9,628,482
Dynamic Energy (nJ): 56,938,453
Ratio of Dyn/Leak: 237
Total Energy (nJ): 57,179,129
Total Energy (nJ) 3D: 60,586,388
Cores Energy (nJ): 7,164,834
Route Energy (nJ): 9,653,354
Route Energy (nJ) 3D: 15,687,321
Mem Energy   (nJ): 40,360,941
Mem Energy   (nJ) 3D: 37,734,233
Avg. Power (mW): 43,978.60
Power Density (mW/mm2): 51.13

---Runtime---
Runtime in K cycles: 1,300.16
Microseconds: 1,300.16
Time per iteration (ms): 1.30

---Throughput---
GOP/s (aka OPS/ns): 814.16
GOP/s per core: 0.80
GFLOP/s: 98.68
GFLOP/s per core: 0.10
Max Peak GFLOP/s: 1,024.00
Avg. BW GB/s: 3,195.00
Max BW GB/s: 4,096.00

---Traffic---
In-Die bisection_bytes BW (GB/s): 256.00
Inter-board traffic (msg/ns): 0.00, per-link: 0.00
Inter-pack traffic (msg/ns): 0.00, per-link: 0.00
Inter-die traffic (msg/ns): 65.22, per-link: 0.25
Ruche traffic (msg/ns): 79.26, per-link: 0.31
All traffic (msg/ns): 2,578.43, per-link: 2.52
Inter-die reduction wrt all: 39.54
Inter-board reduction wrt inter-die: inf

---Data Movement---
All traffic (msg): 3,352,370,133
Arith. Intensity FLOP/Loads: 0.20
Arith. Intensity FLOP/Msgs: 0.04
Arith. Intensity OPS/Loads: 1.63
Arith. Intensity OPS/Msgs: 0.32



===Core Utilization Total=== CORE-S:13;; TIME K cy:1,300 ;; Nodes Proc: 15,965,522 -- Edges Proc: 0
======== IT IS COLD ======= Only 0 Tiles active
Epoch Done Router: 5
Epoch Done Router: 6
Epoch Done Router: 3
Epoch Done Router: 1
Epoch Done Router: 0
Epoch Done Router: 2
Epoch Done Router: 7
Epoch Done Router: 4
##EPOCH## 1 COMPLETED at Time (K cy): 1,309
Nodes processed until now: 128,311,436
Edges processed until now: 0
Program Done Worker Thread: 0
Program Done Worker Thread: 7
Program Done Router Thread: 5
Program Done Router Thread: 3
Program Done Router Thread: 1
Program Done Router Thread: 7
Program Done Worker Thread: 1
Program Done Worker Thread: 3
Program Done Router Thread: 6
Program Done Worker Thread: 4
Program Done Router Thread: 0
Program Done Router Thread: 4
Program Done Worker Thread: 5
Program Done Worker Thread: 2
Program Done Router Thread: 2
Program Done Worker Thread: 6

===PRINTING ACUM STATS at pu_cycles: 1,309,253

ACollision In Avg:8, SD:6, Max:43, Min:0
ACollision Out Avg:0, SD:0, Max:2, Min:0
ACollision End Avg:0, SD:0, Max:0, Min:0
ATask1 Avg:60, SD:0, Max:62, Min:60
ATask2 Avg:0, SD:0, Max:0, Min:0
ATask3 Avg:19, SD:3, Max:40, Min:12
ACore Active Avg:79, SD:3, Max:100, Min:73
ARouter Active Avg:69, SD:4, Max:78, Min:30
T1 invocations: 4,018,917
T2 invocations: 0
T3 invocations: 128,311,436
T3b invocations: 0
Total3 invocations: 128,311,436
Total4 invocations: 0

T3/T2 ratio: inf
T3b/T3 ratio: 0

T1 avg ex cycles: 201
T2 avg ex cycles: -nan
T3&b avg ex cycles: 2
T4 avg ex cycles: -nan
Avg. hops NOC1: -nan
Avg. latency NOC1 (T2): -nan
Avg. hops NOC2: 12
Avg. latency NOC2 (T3): 3,270

Runtime at program end in K cycles: 1,309
Runtime before cooldown in K cycles: 1,000


Number of K Nodes Processed: 128,311
Number of K Edges Processed: 128,311
Node Re-explore factor: 30.59
Edge Re-explore factor: 1.00
Nodes/cy: 98
Edges/cy: 98
TEPS: 98

---DCache---
DCache Size: 63,664
DRAM words: 129,408
  DHits: 187,487,864
  DMisses: 8,694,213
  DHit Rate (hit/miss): 96%
  DEvictions: 4,673,933
  DEviction Rate (evict/misses): 54%
  MC Transactions: 9,360,025
  MC Writes: 531,982
Avg. Transactions: 22% , Writes: 1%, Avg. Latency: 0
Max MC id: 11 of 32. Transactions: 22% , Writes: 1%, MC mean Latency: 0
HBM refresh energy (nJ): 3
HBM access energy (nJ): 17,731,631
MemC wire energy 2.5d (nJ): 3,502,335
MemC wire energy 3d (nJ): 875,584

---Energy---
Leakage Energy (nJ): 242,359
PU Dyn E (nJ): 7,162,032
Mem Dyn E (nJ): 40,149,842
Route Dyn E (nJ): 9,628,669
Dynamic Energy (nJ): 56,940,544
Ratio of Dyn/Leak: 235
Total Energy (nJ): 57,182,903
Total Energy (nJ) 3D: 60,590,252
Cores Energy (nJ): 7,165,676
Route Energy (nJ): 9,653,716
Route Energy (nJ) 3D: 15,687,817
Mem Energy   (nJ): 40,363,512
Mem Energy   (nJ) 3D: 37,736,760
Avg. Power (mW): 43,675.98
Power Density (mW/mm2): 50.78

---Runtime---
Runtime in K cycles: 1,309.25
Microseconds: 1,309.25
Time per iteration (ms): 1.31

---Inst---
K Loads: 649,595
K Stores: 388,953
K Instructions: 1,058,641

---Throughput---
GOP/s (aka OPS/ns): 808.58
GOP/s per core: 0.79
GFLOP/s: 98.00
GFLOP/s per core: 0.10
Max Peak GFLOP/s: 1,024.00
Avg. BW GB/s: 3,172.95
Max BW GB/s: 4,096.00

---Traffic---
In-Die bisection_bytes BW (GB/s): 256.00
Inter-board traffic (msg/ns): 0.00, per-link: 0.00
Inter-pack traffic (msg/ns): 0.00, per-link: 0.00
Inter-die traffic (msg/ns): 64.77, per-link: 0.25
Ruche traffic (msg/ns): 78.71, per-link: 0.31
All traffic (msg/ns): 2,560.57, per-link: 2.50
Inter-die reduction wrt all: 39.54
Inter-board reduction wrt inter-die: inf

---Data Movement---
All traffic (msg): 3,352,438,789
Arith. Intensity FLOP/Loads: 0.20
Arith. Intensity FLOP/Msgs: 0.04
Arith. Intensity OPS/Loads: 1.63
Arith. Intensity OPS/Msgs: 0.32

Simulation time: 102.65
Sim time / DUT time: 76.57
Sim noc_cy/s: 12,754.23
Sim Msg/s: 32,658,151.58

Version 32

