Dataset:  Kron22/
Dry run: 0
Open Edge Count File succesfully
Edges Traversed BFS: 128309848
Found Vertices: 4194304, Edges: 128311436
avg degree 31
Array  Kron22/node_array.bin found
Malloc array of size 16777220 bytes
Readin array of size 16777216 bytes
Finished Reading Array Bytes
No reordering Array 32bit
Array  Kron22/edge_array.bin found
Malloc array of size 513245744 bytes
Readin array of size 513245744 bytes
Finished Reading Array Bytes
No reordering Array 32bit
Array  Kron22/edge_values.bin found
Malloc array of size 513245744 bytes
Readin array of size 513245744 bytes
Finished Reading Array Bytes
No reordering Array 32bit
Reading graph elapsed time: 0.252591s

Dataset Footprint: 1027 MiB
Dataset Footprint per Board: 8615.1 Mb
Dataset injection time (ms): 0.525824
Max Dataset Footprint: 1026 MiB

Dataset footprint per tile: 1027 KiB
Proxys footprint per tile: 0 KiB
Reserved SRAM per tile: 28 KiB

Ideal SRAM per tile: 1055 KiB
reserved_words_for_dataset:24756
dataset_words_per_tile:262912
remaining_sram_words:123782
min_dcache_sram_words_required:25138
dataset_words_per_tile:262912
min_pcache_sram_words_required:0
proxys_words_per_tile:0
Dcache footprint ratio: 3
Dataset Cached: 1
DCache: 122336 words, lines: 7646, sets: 7646
Proxys Cached: 0
Pcache: 0 words, sets: 0
Node per tile: 4,096
Edge per tile: 125,305
GRID_X: 32
GRID_SIZE: 1,024
smt_per_tile: 1
noc_freq: 1
pu_freq: 1
RUCHE_X: 8
PROXY_W: 32
DIE_W: 16
DIE_H: 16
DIES: 4
BORDER_TILES_PER_DIE: 64
PACK_W: 32
PACK_H: 32
DIES_PACK_FACTOR: 2
DIES_PER_PACK: 4
PACKAGES: 1
BOARD_W: 32
BOARD_H: 32
BOARDS: 1
MUX_BUS: 1
DCACHE: 1
PCACHE: 0
PROXY_FACTOR: 1
CACHE_WAYS: 1
TORUS: 1
PHY_NOCS: 1
WIDE_NOC_ID: 0
NOC_CONF: 1
noc_width: 32
hbm_channel_bit_width: 512
ld_st_op_byte_width: 4
PROXY_ROUTING: 0
WITHIN_REGION: 0
WRITE_THROUGH: 0
ASSERT_MODE: 0
GLOBAL_BARRIER: 0
OQ flits: 36 ; 384 ; 2
IQ flits: 576 ; 6,144 ; 2
OQ messages: 12 ; 192 ; 1
IQ messages: 192 ; 3,072 ; 1
max_task2 size: 64
io_factor_t2: 16
io_factor_t3: 16
io_factor_t3b: 16

Active SRAM Storage per tile: 511 KiB
Total SRAM Storage per tile: 512 KiB
Agreggated SRAM Storage: 512 MiB

Active DRAM Storage per tile: 1.00293 MiB
Total DRAM Storage per tile: 32 MiB
Agreggated DRAM Storage: 32 GiB

Inter-Die #links: 512
Inter-Die (Gbits): 16,384
Inter-Die (Gbits/mm): 448.481
Bisection BW of Board (Gbits): 8,192
Border IO #Dies: 8
Border IO Die BW (Gbits): 2,048
Off-Board BW Total (Gbits): 16,384
Off-Board BW Density (Gbits/mm): 134
Die side: 9.13 mm
Die border wire density: 448.48 Gbits/mm
HBM wire density: 448.48 Gbits/mm

Tiles per Die: 256 (16x16)
Tile Area: 0.20 mm2, side: 0.44 mm
- Core/Rout Area: 0.05 mm2
- SRAM Area: 0.14 mm2
- SRAM/Logic Ratio: 2.64x

Dies per Package: 4 (2x2)
Die Area: 83.41 mm2, side: 9.13 mm
- Tiles Area: 50.67 mm2
- PHY Area: 23.74 mm2
- MC Area: 9.00 mm2

Packages per Board: 1 (1x1)
Package Area: 933.65 mm2, side: 30.56 mm
- IOdie Area: 160.00 mm2
- Dies Area: 333.65 mm2
- HBM Area: 440.00 mm2

Boards: 1 (1x1)
Board Area: 933.65 mm2
Total Area: 933.65 mm2



ESTIMATED COST OF SILICON AND PACKAGING. ONLY VARIABLE, NO FIXED COSTS
Good dies per wafer 3d: 407
Good dies per wafer 2d: 660
--Dies 3D Cost: 59.43 $
--Dies 2.5D Cost: 36.65 $
--Dies 2D Cost: 36.65 $
--HBM Cost: 240.00 $
--IOdie Cost: 16.88 $
--Packaging Cost 3d: 13.28 $
--Packaging Cost 2.5d: 20.86 $
--Packaging Cost 2d: 8.03 $
SiP Cost 3d: 329.59 $
SiP Cost 2.5d: 314.38 $
SiP Cost 2d: 61.56 $
--Board Cost: 0.93 $
Total SiPs Cost 3d: 330.52 $
Total SiPs Cost 2.5d: 315.32 $
Total SiPs Cost 2d: 62.49 $

Perf counters initialized
Mesh connected
Cache structures initialized
proxys initialized
Dataset structures initialized


Starting Simulation
INIT epoch: 1
INIT epoch: 1
INIT epoch: 1
INIT epoch: 1
INIT epoch: 1
INIT epoch: 1
INIT epoch: 1
INIT epoch: 1

===PRINTING FRAME STATS

FCollision In Avg:-nan, SD:-nan, Max:366, Min:36
FCollision Out Avg:-nan, SD:-nan, Max:242, Min:3
FCollision End Avg:-nan, SD:-nan, Max:97, Min:0
FTask1 Avg:-nan, SD:-nan, Max:34, Min:2
FTask2 Avg:-nan, SD:-nan, Max:78, Min:0
FTask3 Avg:-nan, SD:-nan, Max:62, Min:16
FCore Active Avg:-nan, SD:-nan, Max:100, Min:31
FRouter Active Avg:-nan, SD:-nan, Max:99, Min:52
T1 invocations: 119,530
T2 invocations: 471,672
T3 invocations: 14,120,592
T3b invocations: 0
Total3 invocations: 14,120,592
Total4 invocations: 0

T3/T2 ratio: 30
T3b/T3 ratio: 0

T1 avg ex cycles: 124
T2 avg ex cycles: 77
T3&b avg ex cycles: 2
T4 avg ex cycles: -nan
Avg. hops NOC1: 3
Avg. latency NOC1 (T2): 22,973
Avg. hops NOC2: 13
Avg. latency NOC2 (T3): 3,567

===PRINTING ACUM STATS at pu_cycles: 100,719

ACollision In Avg:-nan, SD:-nan, Max:366, Min:36
ACollision Out Avg:-nan, SD:-nan, Max:242, Min:3
ACollision End Avg:-nan, SD:-nan, Max:97, Min:0
ATask1 Avg:-nan, SD:-nan, Max:34, Min:2
ATask2 Avg:-nan, SD:-nan, Max:78, Min:0
ATask3 Avg:-nan, SD:-nan, Max:62, Min:16
ACore Active Avg:-nan, SD:-nan, Max:100, Min:31
ARouter Active Avg:-nan, SD:-nan, Max:99, Min:52
T1 invocations: 119,530
T2 invocations: 471,672
T3 invocations: 14,120,592
T3b invocations: 0
Total3 invocations: 14,120,592
Total4 invocations: 0

T3/T2 ratio: 30
T3b/T3 ratio: 0

T1 avg ex cycles: 124
T2 avg ex cycles: 77
T3&b avg ex cycles: 2
T4 avg ex cycles: -nan
Avg. hops NOC1: 3
Avg. latency NOC1 (T2): 22,973
Avg. hops NOC2: 13
Avg. latency NOC2 (T3): 3,567
Number of K Nodes Processed: 14,179
Number of K Edges Processed: 14,667
Node Re-explore factor: 3.38
Edge Re-explore factor: 0.11
Nodes/cy: 141
Edges/cy: 146
TEPS: 1,274

---DCache---
DCache Size: 122,336
DRAM words: 262,912
  DHits: 34,279,249
  DMisses: 2,141,607
  DHit Rate (hit/miss): 94%
  DEvictions: 225,993
  DEviction Rate (evict/misses): 11%
  MC Transactions: 2,261,602
  MC Writes: 44,913
Avg. Transactions: 70% , Writes: 1%, Avg. Latency: 3
Max MC id: 15 of 32. Transactions: 91% , Writes: 2%, MC mean Latency: 3
HBM refresh energy (nJ): 0
HBM access energy (nJ): 4,284,378
MemC wire energy 2.5d (nJ): 1,059,897
MemC wire energy 3d (nJ): 264,974

---Energy---
Leakage Energy (nJ): 35,146
PU Dyn E (nJ): 868,965
Mem Dyn E (nJ): 9,189,641
Route Dyn E (nJ): 1,360,058
Dynamic Energy (nJ): 11,418,665
Ratio of Dyn/Leak: 325
Total Energy (nJ): 11,453,811
Total Energy (nJ) 3D: 11,398,380
Cores Energy (nJ): 869,246
Route Energy (nJ): 1,361,985
Route Energy (nJ) 3D: 2,101,477
Mem Energy   (nJ): 9,222,580
Mem Energy   (nJ) 3D: 8,427,658
Avg. Power (mW): 113,720.46
Power Density (mW/mm2): 121.80

---Runtime---
Runtime in K cycles: 100.72
Microseconds: 100.72
Time per iteration (ms): 0.10

---Throughput---
GOP/s (aka OPS/ns): 752.67
GOP/s per core: 0.74
GFLOP/s: 285.22
GFLOP/s per core: 0.28
Max Peak GFLOP/s: 1,024.00
Avg. BW GB/s: 5,965.83
Max BW GB/s: 4,096.00

---Traffic---
In-Die bisection_bytes BW (GB/s): 256.00
Inter-board traffic (msg/ns): 0.00, per-link: 0.00
Inter-pack traffic (msg/ns): 0.00, per-link: 0.00
Inter-die traffic (msg/ns): 103.40, per-link: 0.40
Ruche traffic (msg/ns): 98.73, per-link: 0.39
All traffic (msg/ns): 4,208.93, per-link: 4.11
Inter-die reduction wrt all: 40.71
Inter-board reduction wrt inter-die: inf

---Data Movement---
All traffic (msg): 423,918,828
Arith. Intensity FLOP/Loads: 0.38
Arith. Intensity FLOP/Msgs: 0.07
Arith. Intensity OPS/Loads: 1.01
Arith. Intensity OPS/Msgs: 0.18



===Core Utilization Total=== CORE-S:1;; TIME K cy:100 ;; Nodes Proc: 1,789,083 -- Edges Proc: 1,851,432

===PRINTING FRAME STATS

FCollision In Avg:143, SD:49, Max:343, Min:35
FCollision Out Avg:108, SD:42, Max:260, Min:0
FCollision End Avg:42, SD:37, Max:100, Min:0
FTask1 Avg:11, SD:7, Max:35, Min:0
FTask2 Avg:35, SD:19, Max:80, Min:0
FTask3 Avg:29, SD:5, Max:58, Min:18
FCore Active Avg:75, SD:20, Max:100, Min:22
FRouter Active Avg:92, SD:3, Max:98, Min:56
T1 invocations: 103,294
T2 invocations: 457,528
T3 invocations: 14,700,838
T3b invocations: 0
Total3 invocations: 14,700,838
Total4 invocations: 0

T3/T2 ratio: 32
T3b/T3 ratio: 0

T1 avg ex cycles: 108
T2 avg ex cycles: 79
T3&b avg ex cycles: 2
T4 avg ex cycles: -nan
Avg. hops NOC1: 2
Avg. latency NOC1 (T2): 29,273
Avg. hops NOC2: 13
Avg. latency NOC2 (T3): 3,456

===PRINTING ACUM STATS at pu_cycles: 200,694

ACollision In Avg:145, SD:47, Max:340, Min:43
ACollision Out Avg:108, SD:37, Max:251, Min:4
ACollision End Avg:41, SD:32, Max:98, Min:0
ATask1 Avg:13, SD:6, Max:32, Min:1
ATask2 Avg:35, SD:15, Max:76, Min:0
ATask3 Avg:30, SD:5, Max:60, Min:19
ACore Active Avg:78, SD:15, Max:100, Min:26
ARouter Active Avg:92, SD:3, Max:98, Min:54
T1 invocations: 221,038
T2 invocations: 923,335
T3 invocations: 28,629,456
T3b invocations: 0
Total3 invocations: 28,629,456
Total4 invocations: 0

T3/T2 ratio: 31
T3b/T3 ratio: 0

T1 avg ex cycles: 117
T2 avg ex cycles: 78
T3&b avg ex cycles: 2
T4 avg ex cycles: -nan
Avg. hops NOC1: 3
Avg. latency NOC1 (T2): 26,080
Avg. hops NOC2: 13
Avg. latency NOC2 (T3): 3,509
Number of K Nodes Processed: 28,887
Number of K Edges Processed: 29,413
Node Re-explore factor: 6.89
Edge Re-explore factor: 0.23
Nodes/cy: 144
Edges/cy: 147
TEPS: 639

---DCache---
DCache Size: 122,336
DRAM words: 262,912
  DHits: 69,151,771
  DMisses: 4,043,244
  DHit Rate (hit/miss): 94%
  DEvictions: 1,102,487
  DEviction Rate (evict/misses): 27%
  MC Transactions: 4,271,441
  MC Writes: 102,715
Avg. Transactions: 67% , Writes: 2%, Avg. Latency: 2
Max MC id: 7 of 32. Transactions: 85% , Writes: 2%, MC mean Latency: 2
HBM refresh energy (nJ): 1
HBM access energy (nJ): 8,091,817
MemC wire energy 2.5d (nJ): 2,001,806
MemC wire energy 3d (nJ): 500,451

---Energy---
Leakage Energy (nJ): 70,033
PU Dyn E (nJ): 1,728,226
Mem Dyn E (nJ): 17,807,813
Route Dyn E (nJ): 2,716,036
Dynamic Energy (nJ): 22,252,076
Ratio of Dyn/Leak: 318
Total Energy (nJ): 22,322,109
Total Energy (nJ) 3D: 22,293,324
Cores Energy (nJ): 1,728,785
Route Energy (nJ): 2,719,876
Route Energy (nJ) 3D: 4,192,445
Mem Energy   (nJ): 17,873,448
Mem Energy   (nJ) 3D: 16,372,094
Avg. Power (mW): 111,224.59
Power Density (mW/mm2): 119.13

---Runtime---
Runtime in K cycles: 200.69
Microseconds: 200.69
Time per iteration (ms): 0.20

---Throughput---
GOP/s (aka OPS/ns): 738.96
GOP/s per core: 0.72
GFLOP/s: 287.75
GFLOP/s per core: 0.28
Max Peak GFLOP/s: 1,024.00
Avg. BW GB/s: 6,003.78
Max BW GB/s: 4,096.00

---Traffic---
In-Die bisection_bytes BW (GB/s): 256.00
Inter-board traffic (msg/ns): 0.00, per-link: 0.00
Inter-pack traffic (msg/ns): 0.00, per-link: 0.00
Inter-die traffic (msg/ns): 104.36, per-link: 0.41
Ruche traffic (msg/ns): 100.18, per-link: 0.39
All traffic (msg/ns): 4,195.30, per-link: 4.10
Inter-die reduction wrt all: 40.20
Inter-board reduction wrt inter-die: inf

---Data Movement---
All traffic (msg): 841,971,884
Arith. Intensity FLOP/Loads: 0.38
Arith. Intensity FLOP/Msgs: 0.07
Arith. Intensity OPS/Loads: 0.99
Arith. Intensity OPS/Msgs: 0.18



===Core Utilization Total=== CORE-S:2;; TIME K cy:200 ;; Nodes Proc: 3,622,178 -- Edges Proc: 3,666,824

===PRINTING FRAME STATS

FCollision In Avg:139, SD:48, Max:343, Min:17
FCollision Out Avg:107, SD:45, Max:264, Min:0
FCollision End Avg:41, SD:38, Max:100, Min:0
FTask1 Avg:11, SD:7, Max:35, Min:0
FTask2 Avg:35, SD:20, Max:79, Min:0
FTask3 Avg:29, SD:5, Max:63, Min:17
FCore Active Avg:74, SD:21, Max:100, Min:20
FRouter Active Avg:92, SD:3, Max:98, Min:55
T1 invocations: 102,912
T2 invocations: 450,344
T3 invocations: 14,584,188
T3b invocations: 0
Total3 invocations: 14,584,188
Total4 invocations: 0

T3/T2 ratio: 32
T3b/T3 ratio: 0

T1 avg ex cycles: 106
T2 avg ex cycles: 79
T3&b avg ex cycles: 2
T4 avg ex cycles: -nan
Avg. hops NOC1: 2
Avg. latency NOC1 (T2): 28,859
Avg. hops NOC2: 13
Avg. latency NOC2 (T3): 3,508

===PRINTING ACUM STATS at pu_cycles: 300,708

ACollision In Avg:143, SD:46, Max:340, Min:48
ACollision Out Avg:107, SD:38, Max:254, Min:4
ACollision End Avg:41, SD:31, Max:98, Min:0
ATask1 Avg:12, SD:5, Max:31, Min:1
ATask2 Avg:35, SD:14, Max:76, Min:0
ATask3 Avg:29, SD:5, Max:61, Min:19
ACore Active Avg:77, SD:15, Max:100, Min:24
ARouter Active Avg:92, SD:3, Max:98, Min:54
T1 invocations: 324,534
T2 invocations: 1,377,436
T3 invocations: 43,316,624
T3b invocations: 0
Total3 invocations: 43,316,624
Total4 invocations: 0

T3/T2 ratio: 31
T3b/T3 ratio: 0

T1 avg ex cycles: 114
T2 avg ex cycles: 78
T3&b avg ex cycles: 2
T4 avg ex cycles: -nan
Avg. hops NOC1: 3
Avg. latency NOC1 (T2): 26,973
Avg. hops NOC2: 13
Avg. latency NOC2 (T3): 3,516
Number of K Nodes Processed: 43,472
Number of K Edges Processed: 43,965
Node Re-explore factor: 10.36
Edge Re-explore factor: 0.34
Nodes/cy: 145
Edges/cy: 146
TEPS: 427

---DCache---
DCache Size: 122,336
DRAM words: 262,912
  DHits: 103,744,207
  DMisses: 5,920,607
  DHit Rate (hit/miss): 95%
  DEvictions: 2,085,992
  DEviction Rate (evict/misses): 35%
  MC Transactions: 6,259,115
  MC Writes: 164,395
Avg. Transactions: 65% , Writes: 2%, Avg. Latency: 2
Max MC id: 31 of 32. Transactions: 84% , Writes: 1%, MC mean Latency: 2
HBM refresh energy (nJ): 1
HBM access energy (nJ): 11,857,267
MemC wire energy 2.5d (nJ): 2,933,327
MemC wire energy 3d (nJ): 733,332

---Energy---
Leakage Energy (nJ): 104,933
PU Dyn E (nJ): 2,596,402
Mem Dyn E (nJ): 26,402,102
Route Dyn E (nJ): 4,076,604
Dynamic Energy (nJ): 33,075,109
Ratio of Dyn/Leak: 315
Total Energy (nJ): 33,180,042
Total Energy (nJ) 3D: 33,192,704
Cores Energy (nJ): 2,597,239
Route Energy (nJ): 4,082,357
Route Energy (nJ) 3D: 6,295,015
Mem Energy   (nJ): 26,500,446
Mem Energy   (nJ) 3D: 24,300,451
Avg. Power (mW): 110,339.74
Power Density (mW/mm2): 118.18

---Runtime---
Runtime in K cycles: 300.71
Microseconds: 300.71
Time per iteration (ms): 0.30

---Throughput---
GOP/s (aka OPS/ns): 736.56
GOP/s per core: 0.72
GFLOP/s: 289.61
GFLOP/s per core: 0.28
Max Peak GFLOP/s: 1,024.00
Avg. BW GB/s: 6,037.70
Max BW GB/s: 4,096.00

---Traffic---
In-Die bisection_bytes BW (GB/s): 256.00
Inter-board traffic (msg/ns): 0.00, per-link: 0.00
Inter-pack traffic (msg/ns): 0.00, per-link: 0.00
Inter-die traffic (msg/ns): 104.34, per-link: 0.41
Ruche traffic (msg/ns): 99.80, per-link: 0.39
All traffic (msg/ns): 4,198.56, per-link: 4.10
Inter-die reduction wrt all: 40.24
Inter-board reduction wrt inter-die: inf

---Data Movement---
All traffic (msg): 1,262,541,773
Arith. Intensity FLOP/Loads: 0.38
Arith. Intensity FLOP/Msgs: 0.07
Arith. Intensity OPS/Loads: 0.98
Arith. Intensity OPS/Msgs: 0.18



===Core Utilization Total=== CORE-S:3;; TIME K cy:300 ;; Nodes Proc: 5,424,884 -- Edges Proc: 5,537,893

===PRINTING FRAME STATS

FCollision In Avg:139, SD:49, Max:376, Min:12
FCollision Out Avg:110, SD:48, Max:306, Min:0
FCollision End Avg:40, SD:38, Max:100, Min:0
FTask1 Avg:11, SD:7, Max:31, Min:0
FTask2 Avg:34, SD:20, Max:79, Min:0
FTask3 Avg:28, SD:5, Max:57, Min:17
FCore Active Avg:73, SD:21, Max:100, Min:22
FRouter Active Avg:92, SD:3, Max:98, Min:55
T1 invocations: 101,208
T2 invocations: 444,343
T3 invocations: 14,371,318
T3b invocations: 0
Total3 invocations: 14,371,318
Total4 invocations: 0

T3/T2 ratio: 32
T3b/T3 ratio: 0

T1 avg ex cycles: 107
T2 avg ex cycles: 79
T3&b avg ex cycles: 2
T4 avg ex cycles: -nan
Avg. hops NOC1: 2
Avg. latency NOC1 (T2): 28,563
Avg. hops NOC2: 13
Avg. latency NOC2 (T3): 3,490

===PRINTING ACUM STATS at pu_cycles: 400,744

ACollision In Avg:142, SD:44, Max:340, Min:46
ACollision Out Avg:108, SD:38, Max:253, Min:4
ACollision End Avg:41, SD:29, Max:99, Min:0
ATask1 Avg:12, SD:5, Max:25, Min:1
ATask2 Avg:35, SD:14, Max:71, Min:0
ATask3 Avg:29, SD:5, Max:60, Min:19
ACore Active Avg:76, SD:14, Max:100, Min:27
ARouter Active Avg:92, SD:3, Max:98, Min:55
T1 invocations: 426,571
T2 invocations: 1,826,260
T3 invocations: 57,785,725
T3b invocations: 0
Total3 invocations: 57,785,725
Total4 invocations: 0

T3/T2 ratio: 32
T3b/T3 ratio: 0

T1 avg ex cycles: 112
T2 avg ex cycles: 79
T3&b avg ex cycles: 2
T4 avg ex cycles: -nan
Avg. hops NOC1: 3
Avg. latency NOC1 (T2): 27,372
Avg. hops NOC2: 13
Avg. latency NOC2 (T3): 3,513
Number of K Nodes Processed: 57,845
Number of K Edges Processed: 58,311
Node Re-explore factor: 13.79
Edge Re-explore factor: 0.45
Nodes/cy: 144
Edges/cy: 146
TEPS: 320

---DCache---
DCache Size: 122,336
DRAM words: 262,912
  DHits: 138,046,282
  DMisses: 7,772,451
  DHit Rate (hit/miss): 95%
  DEvictions: 3,091,086
  DEviction Rate (evict/misses): 40%
  MC Transactions: 8,218,526
  MC Writes: 225,570
Avg. Transactions: 64% , Writes: 2%, Avg. Latency: 2
Max MC id: 31 of 32. Transactions: 81% , Writes: 2%, MC mean Latency: 2
HBM refresh energy (nJ): 2
HBM access energy (nJ): 15,569,175
MemC wire energy 2.5d (nJ): 3,851,602
MemC wire energy 3d (nJ): 962,901

---Energy---
Leakage Energy (nJ): 139,841
PU Dyn E (nJ): 3,453,224
Mem Dyn E (nJ): 34,880,674
Route Dyn E (nJ): 5,424,077
Dynamic Energy (nJ): 43,757,975
Ratio of Dyn/Leak: 313
Total Energy (nJ): 43,897,816
Total Energy (nJ) 3D: 43,956,014
Cores Energy (nJ): 3,454,340
Route Energy (nJ): 5,431,743
Route Energy (nJ) 3D: 8,378,644
Mem Energy   (nJ): 35,011,733
Mem Energy   (nJ) 3D: 32,123,031
Avg. Power (mW): 109,540.79
Power Density (mW/mm2): 117.33

---Runtime---
Runtime in K cycles: 400.74
Microseconds: 400.74
Time per iteration (ms): 0.40

---Throughput---
GOP/s (aka OPS/ns): 733.00
GOP/s per core: 0.72
GFLOP/s: 289.56
GFLOP/s per core: 0.28
Max Peak GFLOP/s: 1,024.00
Avg. BW GB/s: 6,033.88
Max BW GB/s: 4,096.00

---Traffic---
In-Die bisection_bytes BW (GB/s): 256.00
Inter-board traffic (msg/ns): 0.00, per-link: 0.00
Inter-pack traffic (msg/ns): 0.00, per-link: 0.00
Inter-die traffic (msg/ns): 104.02, per-link: 0.41
Ruche traffic (msg/ns): 99.11, per-link: 0.39
All traffic (msg/ns): 4,190.03, per-link: 4.09
Inter-die reduction wrt all: 40.28
Inter-board reduction wrt inter-die: inf

---Data Movement---
All traffic (msg): 1,679,128,203
Arith. Intensity FLOP/Loads: 0.38
Arith. Intensity FLOP/Msgs: 0.07
Arith. Intensity OPS/Loads: 0.97
Arith. Intensity OPS/Msgs: 0.17



===Core Utilization Total=== CORE-S:4;; TIME K cy:400 ;; Nodes Proc: 7,209,258 -- Edges Proc: 7,413,593

===PRINTING FRAME STATS

FCollision In Avg:135, SD:50, Max:351, Min:10
FCollision Out Avg:105, SD:49, Max:259, Min:1
FCollision End Avg:39, SD:39, Max:100, Min:0
FTask1 Avg:10, SD:7, Max:36, Min:0
FTask2 Avg:34, SD:21, Max:81, Min:0
FTask3 Avg:28, SD:5, Max:59, Min:15
FCore Active Avg:72, SD:22, Max:100, Min:19
FRouter Active Avg:91, SD:4, Max:97, Min:53
T1 invocations: 99,585
T2 invocations: 435,454
T3 invocations: 14,105,632
T3b invocations: 0
Total3 invocations: 14,105,632
Total4 invocations: 0

T3/T2 ratio: 32
T3b/T3 ratio: 0

T1 avg ex cycles: 105
T2 avg ex cycles: 80
T3&b avg ex cycles: 2
T4 avg ex cycles: -nan
Avg. hops NOC1: 2
Avg. latency NOC1 (T2): 28,752
Avg. hops NOC2: 13
Avg. latency NOC2 (T3): 3,557

===PRINTING ACUM STATS at pu_cycles: 500,818

ACollision In Avg:141, SD:44, Max:332, Min:39
ACollision Out Avg:107, SD:37, Max:248, Min:3
ACollision End Avg:40, SD:28, Max:99, Min:0
ATask1 Avg:11, SD:4, Max:20, Min:0
ATask2 Avg:35, SD:13, Max:63, Min:0
ATask3 Avg:29, SD:5, Max:60, Min:19
ACore Active Avg:75, SD:14, Max:100, Min:30
ARouter Active Avg:92, SD:3, Max:98, Min:54
T1 invocations: 526,227
T2 invocations: 2,262,197
T3 invocations: 71,905,757
T3b invocations: 0
Total3 invocations: 71,905,757
Total4 invocations: 0

T3/T2 ratio: 32
T3b/T3 ratio: 0

T1 avg ex cycles: 111
T2 avg ex cycles: 79
T3&b avg ex cycles: 2
T4 avg ex cycles: -nan
Avg. hops NOC1: 3
Avg. latency NOC1 (T2): 27,636
Avg. hops NOC2: 13
Avg. latency NOC2 (T3): 3,521
Number of K Nodes Processed: 71,960
Number of K Edges Processed: 72,506
Node Re-explore factor: 17.16
Edge Re-explore factor: 0.57
Nodes/cy: 144
Edges/cy: 145
TEPS: 256

---DCache---
DCache Size: 122,336
DRAM words: 262,912
  DHits: 171,969,928
  DMisses: 9,600,914
  DHit Rate (hit/miss): 95%
  DEvictions: 4,142,687
  DEviction Rate (evict/misses): 43%
  MC Transactions: 10,151,717
  MC Writes: 285,215
Avg. Transactions: 63% , Writes: 2%, Avg. Latency: 2
Max MC id: 31 of 32. Transactions: 78% , Writes: 2%, MC mean Latency: 2
HBM refresh energy (nJ): 2
HBM access energy (nJ): 19,231,412
MemC wire energy 2.5d (nJ): 4,757,590
MemC wire energy 3d (nJ): 1,189,398

---Energy---
Leakage Energy (nJ): 174,762
PU Dyn E (nJ): 4,290,465
Mem Dyn E (nJ): 43,218,095
Route Dyn E (nJ): 6,751,449
Dynamic Energy (nJ): 54,260,009
Ratio of Dyn/Leak: 310
Total Energy (nJ): 54,434,771
Total Energy (nJ) 3D: 54,535,522
Cores Energy (nJ): 4,291,859
Route Energy (nJ): 6,761,030
Route Energy (nJ) 3D: 10,429,973
Mem Energy   (nJ): 43,381,883
Mem Energy   (nJ) 3D: 39,813,690
Avg. Power (mW): 108,691.72
Power Density (mW/mm2): 116.42

---Runtime---
Runtime in K cycles: 500.82
Microseconds: 500.82
Time per iteration (ms): 0.50

---Throughput---
GOP/s (aka OPS/ns): 727.26
GOP/s per core: 0.71
GFLOP/s: 288.24
GFLOP/s per core: 0.28
Max Peak GFLOP/s: 1,024.00
Avg. BW GB/s: 6,003.81
Max BW GB/s: 4,096.00

---Traffic---
In-Die bisection_bytes BW (GB/s): 256.00
Inter-board traffic (msg/ns): 0.00, per-link: 0.00
Inter-pack traffic (msg/ns): 0.00, per-link: 0.00
Inter-die traffic (msg/ns): 103.67, per-link: 0.40
Ruche traffic (msg/ns): 98.49, per-link: 0.38
All traffic (msg/ns): 4,170.98, per-link: 4.07
Inter-die reduction wrt all: 40.23
Inter-board reduction wrt inter-die: inf

---Data Movement---
All traffic (msg): 2,088,899,818
Arith. Intensity FLOP/Loads: 0.38
Arith. Intensity FLOP/Msgs: 0.07
Arith. Intensity OPS/Loads: 0.97
Arith. Intensity OPS/Msgs: 0.17



===Core Utilization Total=== CORE-S:5;; TIME K cy:500 ;; Nodes Proc: 8,973,146 -- Edges Proc: 9,275,924

===PRINTING FRAME STATS

FCollision In Avg:122, SD:52, Max:329, Min:7
FCollision Out Avg:94, SD:55, Max:257, Min:0
FCollision End Avg:35, SD:39, Max:100, Min:0
FTask1 Avg:10, SD:8, Max:41, Min:0
FTask2 Avg:33, SD:22, Max:83, Min:0
FTask3 Avg:27, SD:5, Max:56, Min:16
FCore Active Avg:70, SD:23, Max:100, Min:21
FRouter Active Avg:90, SD:5, Max:97, Min:38
T1 invocations: 98,866
T2 invocations: 428,876
T3 invocations: 13,755,201
T3b invocations: 0
Total3 invocations: 13,755,201
Total4 invocations: 0

T3/T2 ratio: 32
T3b/T3 ratio: 0

T1 avg ex cycles: 102
T2 avg ex cycles: 79
T3&b avg ex cycles: 2
T4 avg ex cycles: -nan
Avg. hops NOC1: 2
Avg. latency NOC1 (T2): 27,350
Avg. hops NOC2: 13
Avg. latency NOC2 (T3): 4,123

===PRINTING ACUM STATS at pu_cycles: 600,688

ACollision In Avg:138, SD:43, Max:325, Min:34
ACollision Out Avg:105, SD:38, Max:250, Min:3
ACollision End Avg:40, SD:26, Max:98, Min:0
ATask1 Avg:11, SD:4, Max:17, Min:1
ATask2 Avg:35, SD:11, Max:52, Min:0
ATask3 Avg:29, SD:5, Max:59, Min:19
ACore Active Avg:74, SD:13, Max:99, Min:29
ARouter Active Avg:91, SD:3, Max:97, Min:52
T1 invocations: 625,078
T2 invocations: 2,688,261
T3 invocations: 85,571,190
T3b invocations: 0
Total3 invocations: 85,571,190
Total4 invocations: 0

T3/T2 ratio: 32
T3b/T3 ratio: 0

T1 avg ex cycles: 109
T2 avg ex cycles: 79
T3&b avg ex cycles: 2
T4 avg ex cycles: -nan
Avg. hops NOC1: 3
Avg. latency NOC1 (T2): 27,586
Avg. hops NOC2: 13
Avg. latency NOC2 (T3): 3,614
Number of K Nodes Processed: 85,689
Number of K Edges Processed: 86,275
Node Re-explore factor: 20.43
Edge Re-explore factor: 0.67
Nodes/cy: 143
Edges/cy: 144
TEPS: 214

---DCache---
DCache Size: 122,336
DRAM words: 262,912
  DHits: 204,869,453
  DMisses: 11,379,885
  DHit Rate (hit/miss): 95%
  DEvictions: 5,270,875
  DEviction Rate (evict/misses): 46%
  MC Transactions: 12,038,610
  MC Writes: 348,922
Avg. Transactions: 63% , Writes: 2%, Avg. Latency: 2
Max MC id: 31 of 32. Transactions: 74% , Writes: 2%, MC mean Latency: 2
HBM refresh energy (nJ): 3
HBM access energy (nJ): 22,805,942
MemC wire energy 2.5d (nJ): 5,641,880
MemC wire energy 3d (nJ): 1,410,470

---Energy---
Leakage Energy (nJ): 209,612
PU Dyn E (nJ): 5,099,241
Mem Dyn E (nJ): 51,322,411
Route Dyn E (nJ): 8,025,826
Dynamic Energy (nJ): 64,447,478
Ratio of Dyn/Leak: 307
Total Energy (nJ): 64,657,090
Total Energy (nJ) 3D: 64,785,357
Cores Energy (nJ): 5,100,913
Route Energy (nJ): 8,037,317
Route Energy (nJ) 3D: 12,396,994
Mem Energy   (nJ): 51,518,860
Mem Energy   (nJ) 3D: 47,287,450
Avg. Power (mW): 107,638.39
Power Density (mW/mm2): 115.29

---Runtime---
Runtime in K cycles: 600.69
Microseconds: 600.69
Time per iteration (ms): 0.60

---Throughput---
GOP/s (aka OPS/ns): 719.68
GOP/s per core: 0.70
GFLOP/s: 285.86
GFLOP/s per core: 0.28
Max Peak GFLOP/s: 1,024.00
Avg. BW GB/s: 5,953.00
Max BW GB/s: 4,096.00

---Traffic---
In-Die bisection_bytes BW (GB/s): 256.00
Inter-board traffic (msg/ns): 0.00, per-link: 0.00
Inter-pack traffic (msg/ns): 0.00, per-link: 0.00
Inter-die traffic (msg/ns): 102.78, per-link: 0.40
Ruche traffic (msg/ns): 97.86, per-link: 0.38
All traffic (msg/ns): 4,132.51, per-link: 4.04
Inter-die reduction wrt all: 40.21
Inter-board reduction wrt inter-die: inf

---Data Movement---
All traffic (msg): 2,482,346,516
Arith. Intensity FLOP/Loads: 0.38
Arith. Intensity FLOP/Msgs: 0.07
Arith. Intensity OPS/Loads: 0.97
Arith. Intensity OPS/Msgs: 0.17



===Core Utilization Total=== CORE-S:6;; TIME K cy:600 ;; Nodes Proc: 10,658,465 -- Edges Proc: 11,138,998

===PRINTING FRAME STATS

FCollision In Avg:101, SD:54, Max:334, Min:5
FCollision Out Avg:80, SD:55, Max:249, Min:0
FCollision End Avg:30, SD:36, Max:100, Min:0
FTask1 Avg:9, SD:8, Max:39, Min:0
FTask2 Avg:30, SD:24, Max:86, Min:0
FTask3 Avg:25, SD:5, Max:51, Min:13
FCore Active Avg:64, SD:25, Max:100, Min:17
FRouter Active Avg:88, SD:6, Max:96, Min:27
T1 invocations: 92,223
T2 invocations: 387,938
T3 invocations: 12,727,350
T3b invocations: 0
Total3 invocations: 12,727,350
Total4 invocations: 0

T3/T2 ratio: 33
T3b/T3 ratio: 0

T1 avg ex cycles: 97
T2 avg ex cycles: 80
T3&b avg ex cycles: 2
T4 avg ex cycles: -nan
Avg. hops NOC1: 3
Avg. latency NOC1 (T2): 25,811
Avg. hops NOC2: 13
Avg. latency NOC2 (T3): 4,307

===PRINTING ACUM STATS at pu_cycles: 700,744

ACollision In Avg:132, SD:42, Max:319, Min:35
ACollision Out Avg:102, SD:38, Max:249, Min:3
ACollision End Avg:38, SD:24, Max:99, Min:0
ATask1 Avg:11, SD:3, Max:15, Min:1
ATask2 Avg:34, SD:10, Max:46, Min:0
ATask3 Avg:28, SD:5, Max:58, Min:18
ACore Active Avg:73, SD:12, Max:96, Min:29
ARouter Active Avg:91, SD:3, Max:97, Min:48
T1 invocations: 717,578
T2 invocations: 3,078,381
T3 invocations: 98,368,425
T3b invocations: 0
Total3 invocations: 98,368,425
Total4 invocations: 0

T3/T2 ratio: 32
T3b/T3 ratio: 0

T1 avg ex cycles: 108
T2 avg ex cycles: 79
T3&b avg ex cycles: 2
T4 avg ex cycles: -nan
Avg. hops NOC1: 3
Avg. latency NOC1 (T2): 27,369
Avg. hops NOC2: 13
Avg. latency NOC2 (T3): 3,706
Number of K Nodes Processed: 98,425
Number of K Edges Processed: 98,996
Node Re-explore factor: 23.47
Edge Re-explore factor: 0.77
Nodes/cy: 140
Edges/cy: 141
TEPS: 183

---DCache---
DCache Size: 122,336
DRAM words: 262,912
  DHits: 236,061,310
  DMisses: 13,031,688
  DHit Rate (hit/miss): 95%
  DEvictions: 6,423,928
  DEviction Rate (evict/misses): 49%
  MC Transactions: 13,785,663
  MC Writes: 409,066
Avg. Transactions: 61% , Writes: 2%, Avg. Latency: 2
Max MC id: 29 of 32. Transactions: 71% , Writes: 2%, MC mean Latency: 2
HBM refresh energy (nJ): 4
HBM access energy (nJ): 26,115,559
MemC wire energy 2.5d (nJ): 6,460,634
MemC wire energy 3d (nJ): 1,615,159

---Energy---
Leakage Energy (nJ): 244,527
PU Dyn E (nJ): 5,853,529
Mem Dyn E (nJ): 58,866,218
Route Dyn E (nJ): 9,212,706
Dynamic Energy (nJ): 73,932,453
Ratio of Dyn/Leak: 302
Total Energy (nJ): 74,176,980
Total Energy (nJ) 3D: 74,334,430
Cores Energy (nJ): 5,855,479
Route Energy (nJ): 9,226,112
Route Energy (nJ) 3D: 14,229,038
Mem Energy   (nJ): 59,095,389
Mem Energy   (nJ) 3D: 54,249,913
Avg. Power (mW): 105,854.61
Power Density (mW/mm2): 113.38

---Runtime---
Runtime in K cycles: 700.74
Microseconds: 700.74
Time per iteration (ms): 0.70

---Throughput---
GOP/s (aka OPS/ns): 707.07
GOP/s per core: 0.69
GFLOP/s: 281.57
GFLOP/s per core: 0.27
Max Peak GFLOP/s: 1,024.00
Avg. BW GB/s: 5,861.95
Max BW GB/s: 4,096.00

---Traffic---
In-Die bisection_bytes BW (GB/s): 256.00
Inter-board traffic (msg/ns): 0.00, per-link: 0.00
Inter-pack traffic (msg/ns): 0.00, per-link: 0.00
Inter-die traffic (msg/ns): 101.05, per-link: 0.39
Ruche traffic (msg/ns): 96.58, per-link: 0.38
All traffic (msg/ns): 4,065.26, per-link: 3.97
Inter-die reduction wrt all: 40.23
Inter-board reduction wrt inter-die: inf

---Data Movement---
All traffic (msg): 2,848,707,210
Arith. Intensity FLOP/Loads: 0.38
Arith. Intensity FLOP/Msgs: 0.07
Arith. Intensity OPS/Loads: 0.97
Arith. Intensity OPS/Msgs: 0.17



===Core Utilization Total=== CORE-S:7;; TIME K cy:700 ;; Nodes Proc: 12,250,646 -- Edges Proc: 12,824,419

===PRINTING FRAME STATS

FCollision In Avg:72, SD:53, Max:292, Min:2
FCollision Out Avg:60, SD:51, Max:252, Min:0
FCollision End Avg:23, SD:33, Max:99, Min:0
FTask1 Avg:7, SD:9, Max:38, Min:0
FTask2 Avg:26, SD:26, Max:87, Min:0
FTask3 Avg:22, SD:5, Max:49, Min:12
FCore Active Avg:56, SD:27, Max:100, Min:15
FRouter Active Avg:83, SD:8, Max:95, Min:22
T1 invocations: 83,947
T2 invocations: 331,559
T3 invocations: 11,135,917
T3b invocations: 0
Total3 invocations: 11,135,917
Total4 invocations: 0

T3/T2 ratio: 34
T3b/T3 ratio: 0

T1 avg ex cycles: 90
T2 avg ex cycles: 81
T3&b avg ex cycles: 2
T4 avg ex cycles: -nan
Avg. hops NOC1: 3
Avg. latency NOC1 (T2): 22,853
Avg. hops NOC2: 13
Avg. latency NOC2 (T3): 4,727

===PRINTING ACUM STATS at pu_cycles: 800,520

ACollision In Avg:125, SD:41, Max:313, Min:34
ACollision Out Avg:96, SD:37, Max:250, Min:3
ACollision End Avg:36, SD:22, Max:99, Min:0
ATask1 Avg:10, SD:2, Max:13, Min:1
ATask2 Avg:33, SD:7, Max:44, Min:0
ATask3 Avg:27, SD:5, Max:56, Min:18
ACore Active Avg:71, SD:9, Max:94, Min:31
ARouter Active Avg:90, SD:4, Max:97, Min:45
T1 invocations: 800,745
T2 invocations: 3,404,068
T3 invocations: 109,345,037
T3b invocations: 0
Total3 invocations: 109,345,037
Total4 invocations: 0

T3/T2 ratio: 32
T3b/T3 ratio: 0

T1 avg ex cycles: 106
T2 avg ex cycles: 79
T3&b avg ex cycles: 2
T4 avg ex cycles: -nan
Avg. hops NOC1: 3
Avg. latency NOC1 (T2): 26,935
Avg. hops NOC2: 13
Avg. latency NOC2 (T3): 3,806
Number of K Nodes Processed: 109,509
Number of K Edges Processed: 109,976
Node Re-explore factor: 26.11
Edge Re-explore factor: 0.86
Nodes/cy: 137
Edges/cy: 137
TEPS: 160

---DCache---
DCache Size: 122,336
DRAM words: 262,912
  DHits: 263,761,016
  DMisses: 14,462,786
  DHit Rate (hit/miss): 95%
  DEvictions: 7,456,400
  DEviction Rate (evict/misses): 52%
  MC Transactions: 15,291,077
  MC Writes: 457,499
Avg. Transactions: 60% , Writes: 2%, Avg. Latency: 2
Max MC id: 29 of 32. Transactions: 67% , Writes: 2%, MC mean Latency: 2
HBM refresh energy (nJ): 4
HBM access energy (nJ): 28,967,416
MemC wire energy 2.5d (nJ): 7,166,145
MemC wire energy 3d (nJ): 1,791,536

---Energy---
Leakage Energy (nJ): 279,344
PU Dyn E (nJ): 6,494,826
Mem Dyn E (nJ): 65,356,930
Route Dyn E (nJ): 10,223,327
Dynamic Energy (nJ): 82,075,083
Ratio of Dyn/Leak: 294
Total Energy (nJ): 82,354,427
Total Energy (nJ) 3D: 82,527,491
Cores Energy (nJ): 6,497,054
Route Energy (nJ): 10,238,641
Route Energy (nJ) 3D: 15,786,313
Mem Energy   (nJ): 65,618,732
Mem Energy   (nJ) 3D: 60,244,124
Avg. Power (mW): 102,876.16
Power Density (mW/mm2): 110.19

---Runtime---
Runtime in K cycles: 800.52
Microseconds: 800.52
Time per iteration (ms): 0.80

---Throughput---
GOP/s (aka OPS/ns): 685.83
GOP/s per core: 0.67
GFLOP/s: 273.71
GFLOP/s per core: 0.27
Max Peak GFLOP/s: 1,024.00
Avg. BW GB/s: 5,697.58
Max BW GB/s: 4,096.00

---Traffic---
In-Die bisection_bytes BW (GB/s): 256.00
Inter-board traffic (msg/ns): 0.00, per-link: 0.00
Inter-pack traffic (msg/ns): 0.00, per-link: 0.00
Inter-die traffic (msg/ns): 98.03, per-link: 0.38
Ruche traffic (msg/ns): 94.42, per-link: 0.37
All traffic (msg/ns): 3,947.72, per-link: 3.86
Inter-die reduction wrt all: 40.27
Inter-board reduction wrt inter-die: inf

---Data Movement---
All traffic (msg): 3,160,227,992
Arith. Intensity FLOP/Loads: 0.38
Arith. Intensity FLOP/Msgs: 0.07
Arith. Intensity OPS/Loads: 0.96
Arith. Intensity OPS/Msgs: 0.17



===Core Utilization Total=== CORE-S:8;; TIME K cy:800 ;; Nodes Proc: 13,607,493 -- Edges Proc: 14,320,322

===PRINTING FRAME STATS

FCollision In Avg:40, SD:43, Max:283, Min:1
FCollision Out Avg:37, SD:43, Max:216, Min:0
FCollision End Avg:15, SD:29, Max:99, Min:0
FTask1 Avg:6, SD:9, Max:48, Min:0
FTask2 Avg:20, SD:28, Max:91, Min:0
FTask3 Avg:17, SD:4, Max:33, Min:8
FCore Active Avg:42, SD:29, Max:100, Min:11
FRouter Active Avg:70, SD:11, Max:92, Min:15
T1 invocations: 69,503
T2 invocations: 252,915
T3 invocations: 8,449,028
T3b invocations: 0
Total3 invocations: 8,449,028
Total4 invocations: 0

T3/T2 ratio: 33
T3b/T3 ratio: 0

T1 avg ex cycles: 84
T2 avg ex cycles: 81
T3&b avg ex cycles: 2
T4 avg ex cycles: -nan
Avg. hops NOC1: 3
Avg. latency NOC1 (T2): 19,364
Avg. hops NOC2: 13
Avg. latency NOC2 (T3): 4,907

===PRINTING ACUM STATS at pu_cycles: 900,553

ACollision In Avg:115, SD:39, Max:313, Min:30
ACollision Out Avg:90, SD:35, Max:236, Min:2
ACollision End Avg:34, SD:19, Max:92, Min:0
ATask1 Avg:10, SD:1, Max:12, Min:2
ATask2 Avg:32, SD:5, Max:35, Min:0
ATask3 Avg:26, SD:4, Max:54, Min:17
ACore Active Avg:67, SD:7, Max:90, Min:33
ARouter Active Avg:88, SD:4, Max:95, Min:41
T1 invocations: 871,216
T2 invocations: 3,658,891
T3 invocations: 117,866,215
T3b invocations: 0
Total3 invocations: 117,866,215
Total4 invocations: 0

T3/T2 ratio: 32
T3b/T3 ratio: 0

T1 avg ex cycles: 104
T2 avg ex cycles: 79
T3&b avg ex cycles: 2
T4 avg ex cycles: -nan
Avg. hops NOC1: 3
Avg. latency NOC1 (T2): 26,404
Avg. hops NOC2: 13
Avg. latency NOC2 (T3): 3,888
Number of K Nodes Processed: 117,931
Number of K Edges Processed: 118,306
Node Re-explore factor: 28.12
Edge Re-explore factor: 0.92
Nodes/cy: 131
Edges/cy: 131
TEPS: 142

---DCache---
DCache Size: 122,336
DRAM words: 262,912
  DHits: 285,687,319
  DMisses: 15,552,818
  DHit Rate (hit/miss): 95%
  DEvictions: 8,260,254
  DEviction Rate (evict/misses): 53%
  MC Transactions: 16,430,551
  MC Writes: 493,044
Avg. Transactions: 57% , Writes: 2%, Avg. Latency: 2
Max MC id: 29 of 32. Transactions: 61% , Writes: 2%, MC mean Latency: 2
HBM refresh energy (nJ): 5
HBM access energy (nJ): 31,126,035
MemC wire energy 2.5d (nJ): 7,700,158
MemC wire energy 3d (nJ): 1,925,040

---Energy---
Leakage Energy (nJ): 314,250
PU Dyn E (nJ): 6,993,463
Mem Dyn E (nJ): 70,336,199
Route Dyn E (nJ): 10,987,571
Dynamic Energy (nJ): 88,317,234
Ratio of Dyn/Leak: 281
Total Energy (nJ): 88,631,484
Total Energy (nJ) 3D: 88,813,883
Cores Energy (nJ): 6,995,970
Route Energy (nJ): 11,004,799
Route Energy (nJ) 3D: 16,962,317
Mem Energy   (nJ): 70,630,715
Mem Energy   (nJ) 3D: 64,855,597
Avg. Power (mW): 98,418.95
Power Density (mW/mm2): 105.41

---Runtime---
Runtime in K cycles: 900.55
Microseconds: 900.55
Time per iteration (ms): 0.90

---Throughput---
GOP/s (aka OPS/ns): 655.99
GOP/s per core: 0.64
GFLOP/s: 262.10
GFLOP/s per core: 0.26
Max Peak GFLOP/s: 1,024.00
Avg. BW GB/s: 5,455.78
Max BW GB/s: 4,096.00

---Traffic---
In-Die bisection_bytes BW (GB/s): 256.00
Inter-board traffic (msg/ns): 0.00, per-link: 0.00
Inter-pack traffic (msg/ns): 0.00, per-link: 0.00
Inter-die traffic (msg/ns): 93.41, per-link: 0.36
Ruche traffic (msg/ns): 90.96, per-link: 0.36
All traffic (msg/ns): 3,770.65, per-link: 3.68
Inter-die reduction wrt all: 40.36
Inter-board reduction wrt inter-die: inf

---Data Movement---
All traffic (msg): 3,395,671,202
Arith. Intensity FLOP/Loads: 0.38
Arith. Intensity FLOP/Msgs: 0.07
Arith. Intensity OPS/Loads: 0.96
Arith. Intensity OPS/Msgs: 0.17



===Core Utilization Total=== CORE-S:9;; TIME K cy:900 ;; Nodes Proc: 14,679,229 -- Edges Proc: 15,210,470
======== IT IS COLD ======= Only 36 Tiles active

===PRINTING FRAME STATS

FCollision In Avg:20, SD:31, Max:186, Min:0
FCollision Out Avg:22, SD:35, Max:173, Min:0
FCollision End Avg:9, SD:22, Max:99, Min:0
FTask1 Avg:4, SD:8, Max:44, Min:0
FTask2 Avg:13, SD:25, Max:96, Min:0
FTask3 Avg:11, SD:3, Max:24, Min:3
FCore Active Avg:28, SD:27, Max:100, Min:8
FRouter Active Avg:53, SD:13, Max:92, Min:10
T1 invocations: 45,309
T2 invocations: 165,004
T3 invocations: 5,849,981
T3b invocations: 0
Total3 invocations: 5,849,981
Total4 invocations: 0

T3/T2 ratio: 35
T3b/T3 ratio: 0

T1 avg ex cycles: 84
T2 avg ex cycles: 81
T3&b avg ex cycles: 2
T4 avg ex cycles: -nan
Avg. hops NOC1: 3
Avg. latency NOC1 (T2): 17,374
Avg. hops NOC2: 12
Avg. latency NOC2 (T3): 4,775

===PRINTING ACUM STATS at pu_cycles: 1,000,469

ACollision In Avg:106, SD:36, Max:293, Min:27
ACollision Out Avg:83, SD:33, Max:223, Min:2
ACollision End Avg:31, SD:17, Max:86, Min:0
ATask1 Avg:9, SD:1, Max:11, Min:2
ATask2 Avg:30, SD:3, Max:34, Min:6
ATask3 Avg:25, SD:4, Max:50, Min:16
ACore Active Avg:64, SD:6, Max:87, Min:36
ARouter Active Avg:84, SD:4, Max:95, Min:38
T1 invocations: 916,425
T2 invocations: 3,820,809
T3 invocations: 123,648,490
T3b invocations: 0
Total3 invocations: 123,648,490
Total4 invocations: 0

T3/T2 ratio: 32
T3b/T3 ratio: 0

T1 avg ex cycles: 103
T2 avg ex cycles: 79
T3&b avg ex cycles: 2
T4 avg ex cycles: -nan
Avg. hops NOC1: 3
Avg. latency NOC1 (T2): 26,022
Avg. hops NOC2: 13
Avg. latency NOC2 (T3): 3,930
Number of K Nodes Processed: 123,734
Number of K Edges Processed: 123,924
Node Re-explore factor: 29.50
Edge Re-explore factor: 0.97
Nodes/cy: 124
Edges/cy: 124
TEPS: 128

---DCache---
DCache Size: 122,336
DRAM words: 262,912
  DHits: 301,092,519
  DMisses: 16,289,067
  DHit Rate (hit/miss): 95%
  DEvictions: 8,830,784
  DEviction Rate (evict/misses): 54%
  MC Transactions: 17,194,574
  MC Writes: 514,527
Avg. Transactions: 54% , Writes: 2%, Avg. Latency: 2
Max MC id: 29 of 32. Transactions: 56% , Writes: 2%, MC mean Latency: 2
HBM refresh energy (nJ): 5
HBM access energy (nJ): 32,573,400
MemC wire energy 2.5d (nJ): 8,058,217
MemC wire energy 3d (nJ): 2,014,554

---Energy---
Leakage Energy (nJ): 349,116
PU Dyn E (nJ): 7,322,416
Mem Dyn E (nJ): 73,676,175
Route Dyn E (nJ): 11,488,022
Dynamic Energy (nJ): 92,486,613
Ratio of Dyn/Leak: 265
Total Energy (nJ): 92,835,729
Total Energy (nJ) 3D: 93,013,797
Cores Energy (nJ): 7,325,201
Route Energy (nJ): 11,507,161
Route Energy (nJ) 3D: 17,728,891
Mem Energy   (nJ): 74,003,368
Mem Energy   (nJ) 3D: 67,959,706
Avg. Power (mW): 92,792.21
Power Density (mW/mm2): 99.39

---Runtime---
Runtime in K cycles: 1,000.47
Microseconds: 1,000.47
Time per iteration (ms): 1.00

---Throughput---
GOP/s (aka OPS/ns): 617.90
GOP/s per core: 0.60
GFLOP/s: 247.11
GFLOP/s per core: 0.24
Max Peak GFLOP/s: 1,024.00
Avg. BW GB/s: 5,144.55
Max BW GB/s: 4,096.00

---Traffic---
In-Die bisection_bytes BW (GB/s): 256.00
Inter-board traffic (msg/ns): 0.00, per-link: 0.00
Inter-pack traffic (msg/ns): 0.00, per-link: 0.00
Inter-die traffic (msg/ns): 87.84, per-link: 0.34
Ruche traffic (msg/ns): 86.35, per-link: 0.34
All traffic (msg/ns): 3,547.65, per-link: 3.46
Inter-die reduction wrt all: 40.39
Inter-board reduction wrt inter-die: inf

---Data Movement---
All traffic (msg): 3,549,313,302
Arith. Intensity FLOP/Loads: 0.38
Arith. Intensity FLOP/Msgs: 0.07
Arith. Intensity OPS/Loads: 0.96
Arith. Intensity OPS/Msgs: 0.17



===Core Utilization Total=== CORE-S:10;; TIME K cy:1,000 ;; Nodes Proc: 15,402,199 -- Edges Proc: 15,621,000
======== IT IS COLD ======= Only 22 Tiles active

===PRINTING FRAME STATS

FCollision In Avg:8, SD:22, Max:186, Min:0
FCollision Out Avg:12, SD:26, Max:168, Min:0
FCollision End Avg:5, SD:16, Max:99, Min:0
FTask1 Avg:2, SD:6, Max:42, Min:0
FTask2 Avg:7, SD:20, Max:100, Min:0
FTask3 Avg:6, SD:2, Max:17, Min:0
FCore Active Avg:15, SD:21, Max:100, Min:4
FRouter Active Avg:32, SD:12, Max:86, Min:5
T1 invocations: 25,907
T2 invocations: 87,216
T3 invocations: 3,126,614
T3b invocations: 0
Total3 invocations: 3,126,614
Total4 invocations: 0

T3/T2 ratio: 36
T3b/T3 ratio: 0

T1 avg ex cycles: 80
T2 avg ex cycles: 82
T3&b avg ex cycles: 2
T4 avg ex cycles: -nan
Avg. hops NOC1: 3
Avg. latency NOC1 (T2): 16,707
Avg. hops NOC2: 12
Avg. latency NOC2 (T3): 4,410

===PRINTING ACUM STATS at pu_cycles: 1,100,282

ACollision In Avg:97, SD:33, Max:267, Min:25
ACollision Out Avg:76, SD:31, Max:214, Min:2
ACollision End Avg:29, SD:15, Max:78, Min:0
ATask1 Avg:9, SD:1, Max:11, Min:4
ATask2 Avg:28, SD:2, Max:29, Min:9
ATask3 Avg:23, SD:4, Max:47, Min:15
ACore Active Avg:59, SD:5, Max:84, Min:34
ARouter Active Avg:79, SD:4, Max:91, Min:35
T1 invocations: 942,524
T2 invocations: 3,916,276
T3 invocations: 126,821,877
T3b invocations: 0
Total3 invocations: 126,821,877
Total4 invocations: 0

T3/T2 ratio: 32
T3b/T3 ratio: 0

T1 avg ex cycles: 103
T2 avg ex cycles: 80
T3&b avg ex cycles: 2
T4 avg ex cycles: -nan
Avg. hops NOC1: 3
Avg. latency NOC1 (T2): 25,794
Avg. hops NOC2: 13
Avg. latency NOC2 (T3): 3,950
Number of K Nodes Processed: 126,839
Number of K Edges Processed: 126,915
Node Re-explore factor: 30.24
Edge Re-explore factor: 0.99
Nodes/cy: 115
Edges/cy: 115
TEPS: 117

---DCache---
DCache Size: 122,336
DRAM words: 262,912
  DHits: 309,628,514
  DMisses: 16,682,608
  DHit Rate (hit/miss): 95%
  DEvictions: 9,145,926
  DEviction Rate (evict/misses): 55%
  MC Transactions: 17,600,070
  MC Writes: 524,859
Avg. Transactions: 50% , Writes: 1%, Avg. Latency: 2
Max MC id: 10 of 32. Transactions: 51% , Writes: 2%, MC mean Latency: 2
HBM refresh energy (nJ): 6
HBM access energy (nJ): 33,341,572
MemC wire energy 2.5d (nJ): 8,248,252
MemC wire energy 3d (nJ): 2,062,063

---Energy---
Leakage Energy (nJ): 383,946
PU Dyn E (nJ): 7,508,621
Mem Dyn E (nJ): 75,495,245
Route Dyn E (nJ): 11,757,955
Dynamic Energy (nJ): 94,761,822
Ratio of Dyn/Leak: 247
Total Energy (nJ): 95,145,768
Total Energy (nJ) 3D: 95,323,821
Cores Energy (nJ): 7,511,684
Route Energy (nJ): 11,779,004
Route Energy (nJ) 3D: 18,143,246
Mem Energy   (nJ): 75,855,081
Mem Energy   (nJ) 3D: 69,668,892
Avg. Power (mW): 86,473.98
Power Density (mW/mm2): 92.62

---Runtime---
Runtime in K cycles: 1,100.28
Microseconds: 1,100.28
Time per iteration (ms): 1.10

---Throughput---
GOP/s (aka OPS/ns): 575.96
GOP/s per core: 0.56
GFLOP/s: 230.45
GFLOP/s per core: 0.23
Max Peak GFLOP/s: 1,024.00
Avg. BW GB/s: 4,797.47
Max BW GB/s: 4,096.00

---Traffic---
In-Die bisection_bytes BW (GB/s): 256.00
Inter-board traffic (msg/ns): 0.00, per-link: 0.00
Inter-pack traffic (msg/ns): 0.00, per-link: 0.00
Inter-die traffic (msg/ns): 81.63, per-link: 0.32
Ruche traffic (msg/ns): 80.80, per-link: 0.32
All traffic (msg/ns): 3,301.16, per-link: 3.22
Inter-die reduction wrt all: 40.44
Inter-board reduction wrt inter-die: inf

---Data Movement---
All traffic (msg): 3,632,206,300
Arith. Intensity FLOP/Loads: 0.38
Arith. Intensity FLOP/Msgs: 0.07
Arith. Intensity OPS/Loads: 0.96
Arith. Intensity OPS/Msgs: 0.17



===Core Utilization Total=== CORE-S:11;; TIME K cy:1,100 ;; Nodes Proc: 15,785,182 -- Edges Proc: 15,872,818
======== IT IS COLD ======= Only 7 Tiles active

===PRINTING FRAME STATS

FCollision In Avg:3, SD:13, Max:100, Min:0
FCollision Out Avg:4, SD:17, Max:99, Min:0
FCollision End Avg:2, SD:10, Max:98, Min:0
FTask1 Avg:1, SD:4, Max:39, Min:0
FTask2 Avg:2, SD:12, Max:98, Min:0
FTask3 Avg:2, SD:1, Max:8, Min:1
FCore Active Avg:5, SD:13, Max:100, Min:1
FRouter Active Avg:12, SD:9, Max:75, Min:1
T1 invocations: 9,588
T2 invocations: 32,443
T3 invocations: 1,144,984
T3b invocations: 0
Total3 invocations: 1,144,984
Total4 invocations: 0

T3/T2 ratio: 35
T3b/T3 ratio: 0

T1 avg ex cycles: 79
T2 avg ex cycles: 78
T3&b avg ex cycles: 2
T4 avg ex cycles: -nan
Avg. hops NOC1: 3
Avg. latency NOC1 (T2): 16,594
Avg. hops NOC2: 12
Avg. latency NOC2 (T3): 4,874

===PRINTING ACUM STATS at pu_cycles: 1,200,217

ACollision In Avg:89, SD:30, Max:245, Min:23
ACollision Out Avg:70, SD:29, Max:197, Min:2
ACollision End Avg:27, SD:14, Max:72, Min:0
ATask1 Avg:8, SD:0, Max:10, Min:5
ATask2 Avg:26, SD:1, Max:28, Min:14
ATask3 Avg:21, SD:4, Max:43, Min:14
ACore Active Avg:55, SD:4, Max:79, Min:37
ARouter Active Avg:74, SD:4, Max:86, Min:33
T1 invocations: 951,497
T2 invocations: 3,948,393
T3 invocations: 127,958,485
T3b invocations: 0
Total3 invocations: 127,958,485
Total4 invocations: 0

T3/T2 ratio: 32
T3b/T3 ratio: 0

T1 avg ex cycles: 102
T2 avg ex cycles: 79
T3&b avg ex cycles: 2
T4 avg ex cycles: -nan
Avg. hops NOC1: 3
Avg. latency NOC1 (T2): 25,715
Avg. hops NOC2: 13
Avg. latency NOC2 (T3): 3,958
Number of K Nodes Processed: 127,966
Number of K Edges Processed: 127,980
Node Re-explore factor: 30.51
Edge Re-explore factor: 1.00
Nodes/cy: 107
Edges/cy: 107
TEPS: 107

---DCache---
DCache Size: 122,336
DRAM words: 262,912
  DHits: 312,767,598
  DMisses: 16,823,177
  DHit Rate (hit/miss): 95%
  DEvictions: 9,261,130
  DEviction Rate (evict/misses): 55%
  MC Transactions: 17,744,089
  MC Writes: 528,081
Avg. Transactions: 46% , Writes: 1%, Avg. Latency: 2
Max MC id: 24 of 32. Transactions: 47% , Writes: 1%, MC mean Latency: 2
HBM refresh energy (nJ): 6
HBM access energy (nJ): 33,614,402
MemC wire energy 2.5d (nJ): 8,315,746
MemC wire energy 3d (nJ): 2,078,937

---Energy---
Leakage Energy (nJ): 418,819
PU Dyn E (nJ): 7,571,756
Mem Dyn E (nJ): 76,135,013
Route Dyn E (nJ): 11,852,920
Dynamic Energy (nJ): 95,559,690
Ratio of Dyn/Leak: 228
Total Energy (nJ): 95,978,509
Total Energy (nJ) 3D: 96,155,669
Cores Energy (nJ): 7,575,097
Route Energy (nJ): 11,875,880
Route Energy (nJ) 3D: 18,289,850
Mem Energy   (nJ): 76,527,532
Mem Energy   (nJ) 3D: 70,290,722
Avg. Power (mW): 79,967.63
Power Density (mW/mm2): 85.65

---Runtime---
Runtime in K cycles: 1,200.22
Microseconds: 1,200.22
Time per iteration (ms): 1.20

---Throughput---
GOP/s (aka OPS/ns): 532.38
GOP/s per core: 0.52
GFLOP/s: 213.05
GFLOP/s per core: 0.21
Max Peak GFLOP/s: 1,024.00
Avg. BW GB/s: 4,435.61
Max BW GB/s: 4,096.00

---Traffic---
In-Die bisection_bytes BW (GB/s): 256.00
Inter-board traffic (msg/ns): 0.00, per-link: 0.00
Inter-pack traffic (msg/ns): 0.00, per-link: 0.00
Inter-die traffic (msg/ns): 75.41, per-link: 0.29
Ruche traffic (msg/ns): 74.82, per-link: 0.29
All traffic (msg/ns): 3,050.54, per-link: 2.98
Inter-die reduction wrt all: 40.45
Inter-board reduction wrt inter-die: inf

---Data Movement---
All traffic (msg): 3,661,307,639
Arith. Intensity FLOP/Loads: 0.38
Arith. Intensity FLOP/Msgs: 0.07
Arith. Intensity OPS/Loads: 0.96
Arith. Intensity OPS/Msgs: 0.17



===Core Utilization Total=== CORE-S:12;; TIME K cy:1,200 ;; Nodes Proc: 15,921,941 -- Edges Proc: 16,014,614
======== IT IS COLD ======= Only 4 Tiles active

===PRINTING FRAME STATS

FCollision In Avg:0, SD:5, Max:97, Min:0
FCollision Out Avg:1, SD:7, Max:98, Min:0
FCollision End Avg:0, SD:3, Max:42, Min:0
FTask1 Avg:0, SD:2, Max:42, Min:0
FTask2 Avg:1, SD:5, Max:68, Min:0
FTask3 Avg:1, SD:0, Max:5, Min:0
FCore Active Avg:1, SD:6, Max:76, Min:0
FRouter Active Avg:4, SD:4, Max:35, Min:0
T1 invocations: 2,190
T2 invocations: 6,325
T3 invocations: 311,515
T3b invocations: 0
Total3 invocations: 311,515
Total4 invocations: 0

T3/T2 ratio: 49
T3b/T3 ratio: 0

T1 avg ex cycles: 79
T2 avg ex cycles: 94
T3&b avg ex cycles: 2
T4 avg ex cycles: -nan
Avg. hops NOC1: 4
Avg. latency NOC1 (T2): 18,058
Avg. hops NOC2: 12
Avg. latency NOC2 (T3): 5,860

===PRINTING ACUM STATS at pu_cycles: 1,300,114

ACollision In Avg:82, SD:28, Max:226, Min:21
ACollision Out Avg:65, SD:27, Max:182, Min:2
ACollision End Avg:25, SD:13, Max:66, Min:0
ATask1 Avg:7, SD:0, Max:9, Min:7
ATask2 Avg:24, SD:1, Max:25, Min:14
ATask3 Avg:20, SD:3, Max:40, Min:13
ACore Active Avg:51, SD:4, Max:73, Min:37
ARouter Active Avg:68, SD:4, Max:80, Min:30
T1 invocations: 953,922
T2 invocations: 3,960,730
T3 invocations: 128,276,263
T3b invocations: 0
Total3 invocations: 128,276,263
Total4 invocations: 0

T3/T2 ratio: 32
T3b/T3 ratio: 0

T1 avg ex cycles: 102
T2 avg ex cycles: 80
T3&b avg ex cycles: 2
T4 avg ex cycles: -nan
Avg. hops NOC1: 3
Avg. latency NOC1 (T2): 25,693
Avg. hops NOC2: 13
Avg. latency NOC2 (T3): 3,965
Number of K Nodes Processed: 128,276
Number of K Edges Processed: 128,276
Node Re-explore factor: 30.58
Edge Re-explore factor: 1.00
Nodes/cy: 99
Edges/cy: 99
TEPS: 99

---DCache---
DCache Size: 122,336
DRAM words: 262,912
  DHits: 313,645,024
  DMisses: 16,862,434
  DHit Rate (hit/miss): 95%
  DEvictions: 9,293,766
  DEviction Rate (evict/misses): 55%
  MC Transactions: 17,784,220
  MC Writes: 528,942
Avg. Transactions: 43% , Writes: 1%, Avg. Latency: 2
Max MC id: 24 of 32. Transactions: 43% , Writes: 1%, MC mean Latency: 2
HBM refresh energy (nJ): 7
HBM access energy (nJ): 33,690,426
MemC wire energy 2.5d (nJ): 8,334,553
MemC wire energy 3d (nJ): 2,083,638

---Energy---
Leakage Energy (nJ): 453,678
PU Dyn E (nJ): 7,593,886
Mem Dyn E (nJ): 76,327,286
Route Dyn E (nJ): 11,882,013
Dynamic Energy (nJ): 95,803,185
Ratio of Dyn/Leak: 211
Total Energy (nJ): 96,256,863
Total Energy (nJ) 3D: 96,435,478
Cores Energy (nJ): 7,597,504
Route Energy (nJ): 11,906,884
Route Energy (nJ) 3D: 18,336,414
Mem Energy   (nJ): 76,752,476
Mem Energy   (nJ) 3D: 70,501,560
Avg. Power (mW): 74,037.25
Power Density (mW/mm2): 79.30

---Runtime---
Runtime in K cycles: 1,300.11
Microseconds: 1,300.11
Time per iteration (ms): 1.30

---Throughput---
GOP/s (aka OPS/ns): 492.86
GOP/s per core: 0.48
GFLOP/s: 197.27
GFLOP/s per core: 0.19
Max Peak GFLOP/s: 1,024.00
Avg. BW GB/s: 4,106.52
Max BW GB/s: 4,096.00

---Traffic---
In-Die bisection_bytes BW (GB/s): 256.00
Inter-board traffic (msg/ns): 0.00, per-link: 0.00
Inter-pack traffic (msg/ns): 0.00, per-link: 0.00
Inter-die traffic (msg/ns): 69.78, per-link: 0.27
Ruche traffic (msg/ns): 69.26, per-link: 0.27
All traffic (msg/ns): 2,822.98, per-link: 2.76
Inter-die reduction wrt all: 40.45
Inter-board reduction wrt inter-die: inf

---Data Movement---
All traffic (msg): 3,670,197,597
Arith. Intensity FLOP/Loads: 0.38
Arith. Intensity FLOP/Msgs: 0.07
Arith. Intensity OPS/Loads: 0.96
Arith. Intensity OPS/Msgs: 0.17



===Core Utilization Total=== CORE-S:13;; TIME K cy:1,300 ;; Nodes Proc: 15,961,453 -- Edges Proc: 16,039,040
======== IT IS COLD ======= Only 0 Tiles active
Epoch Done Router: 2
Epoch Done Router: 7
Epoch Done Router: 1
Epoch Done Router: 6
Epoch Done Router: 0
##EPOCH## 1 COMPLETED at Time (K cy): 1,348
Nodes processed until now: 128,311,436
Edges processed until now: 128,311,436
Epoch Done Router: 3
Epoch Done Router: 5
Epoch Done Router: 4
Program Done Router Thread: 4
Program Done Worker Thread: 0
Program Done Router Thread: 2
Program Done Router Thread: 1
Program Done Worker Thread: 7
Program Done Router Thread: 3
Program Done Router Thread: 6
Program Done Router Thread: 5
Program Done Router Thread: 7
Program Done Router Thread: 0
Program Done Worker Thread: 5
Program Done Worker Thread: 1
Program Done Worker Thread: 4
Program Done Worker Thread: 2
Program Done Worker Thread: 3
Program Done Worker Thread: 6

===PRINTING ACUM STATS at pu_cycles: 1,348,412

ACollision In Avg:79, SD:27, Max:218, Min:20
ACollision Out Avg:63, SD:26, Max:176, Min:2
ACollision End Avg:24, SD:12, Max:64, Min:0
ATask1 Avg:7, SD:0, Max:9, Min:6
ATask2 Avg:23, SD:0, Max:24, Min:21
ATask3 Avg:19, SD:3, Max:39, Min:12
ACore Active Avg:49, SD:4, Max:71, Min:41
ARouter Active Avg:66, SD:4, Max:77, Min:29
T1 invocations: 954,125
T2 invocations: 3,964,364
T3 invocations: 128,311,436
T3b invocations: 0
Total3 invocations: 128,311,436
Total4 invocations: 0

T3/T2 ratio: 32
T3b/T3 ratio: 0

T1 avg ex cycles: 102
T2 avg ex cycles: 80
T3&b avg ex cycles: 2
T4 avg ex cycles: -nan
Avg. hops NOC1: 3
Avg. latency NOC1 (T2): 25,686
Avg. hops NOC2: 13
Avg. latency NOC2 (T3): 3,965

Runtime at program end in K cycles: 1,348
Runtime before cooldown in K cycles: 800


Number of K Nodes Processed: 128,311
Number of K Edges Processed: 128,311
Node Re-explore factor: 30.59
Edge Re-explore factor: 1.00
Nodes/cy: 95
Edges/cy: 95
TEPS: 95

---DCache---
DCache Size: 122,336
DRAM words: 262,912
  DHits: 313,745,777
  DMisses: 16,867,121
  DHit Rate (hit/miss): 95%
  DEvictions: 9,298,324
  DEviction Rate (evict/misses): 55%
  MC Transactions: 17,789,163
  MC Writes: 529,198
Avg. Transactions: 41% , Writes: 1%, Avg. Latency: 2
Max MC id: 24 of 32. Transactions: 41% , Writes: 1%, MC mean Latency: 2
HBM refresh energy (nJ): 7
HBM access energy (nJ): 33,699,790
MemC wire energy 2.5d (nJ): 8,336,870
MemC wire energy 3d (nJ): 2,084,217

---Energy---
Leakage Energy (nJ): 470,532
PU Dyn E (nJ): 7,598,199
Mem Dyn E (nJ): 76,355,607
Route Dyn E (nJ): 11,885,878
Dynamic Energy (nJ): 95,839,684
Ratio of Dyn/Leak: 204
Total Energy (nJ): 96,310,216
Total Energy (nJ) 3D: 96,489,266
Cores Energy (nJ): 7,601,952
Route Energy (nJ): 11,911,673
Route Energy (nJ) 3D: 18,343,376
Mem Energy   (nJ): 76,796,592
Mem Energy   (nJ) 3D: 70,543,939
Avg. Power (mW): 71,424.92
Power Density (mW/mm2): 76.50

---Runtime---
Runtime in K cycles: 1,348.41
Microseconds: 1,348.41
Time per iteration (ms): 1.35

---Inst---
K Loads: 666,881
K Stores: 668,552
K Instructions: 641,123

---Throughput---
GOP/s (aka OPS/ns): 475.47
GOP/s per core: 0.46
GFLOP/s: 190.31
GFLOP/s per core: 0.19
Max Peak GFLOP/s: 1,024.00
Avg. BW GB/s: 3,961.50
Max BW GB/s: 4,096.00

---Traffic---
In-Die bisection_bytes BW (GB/s): 256.00
Inter-board traffic (msg/ns): 0.00, per-link: 0.00
Inter-pack traffic (msg/ns): 0.00, per-link: 0.00
Inter-die traffic (msg/ns): 67.30, per-link: 0.26
Ruche traffic (msg/ns): 66.80, per-link: 0.26
All traffic (msg/ns): 2,722.75, per-link: 2.66
Inter-die reduction wrt all: 40.46
Inter-board reduction wrt inter-die: inf

---Data Movement---
All traffic (msg): 3,671,395,031
Arith. Intensity FLOP/Loads: 0.38
Arith. Intensity FLOP/Msgs: 0.07
Arith. Intensity OPS/Loads: 0.96
Arith. Intensity OPS/Msgs: 0.17

Simulation time: 103.00
Sim time / DUT time: 74.59
Sim noc_cy/s: 13,091.90
Sim Msg/s: 35,646,025.09

Version 32

