Dataset:  Kron22/
Dry run: 0
Open Edge Count File succesfully
Edges Traversed BFS: 128309848
Found Vertices: 4194304, Edges: 128311436
avg degree 31
Array  Kron22/node_array.bin found
Malloc array of size 16777220 bytes
Readin array of size 16777216 bytes
Finished Reading Array Bytes
No reordering Array 32bit
Array  Kron22/edge_array.bin found
Malloc array of size 513245744 bytes
Readin array of size 513245744 bytes
Finished Reading Array Bytes
No reordering Array 32bit
Array  Kron22/edge_values.bin found
Malloc array of size 513245744 bytes
Readin array of size 513245744 bytes
Finished Reading Array Bytes
No reordering Array 32bit
Reading graph elapsed time: 0.282999s

Dataset Footprint: 1026 MiB
Dataset Footprint per Board: 8614.71 Mb
Dataset injection time (ms): 0.5258
Max Dataset Footprint: 1026 MiB

Dataset footprint per tile: 4107 KiB
Proxys footprint per tile: 0 KiB
Reserved SRAM per tile: 1159 KiB

Ideal SRAM per tile: 5266 KiB
reserved_words_for_dataset:360072
dataset_words_per_tile:1051600
remaining_sram_words:1800362
min_dcache_sram_words_required:364283
dataset_words_per_tile:1051600
min_pcache_sram_words_required:0
proxys_words_per_tile:0
Dcache footprint ratio: 1
Dataset Cached: 0
DCache: 1051600 words, lines: 65725, sets: 65725
Proxys Cached: 0
Pcache: 0 words, sets: 0
Node per tile: 16,384
Edge per tile: 501,217
GRID_X: 16
GRID_SIZE: 256
smt_per_tile: 16
noc_freq: 2
pu_freq: 1
RUCHE_X: 2
PROXY_W: 16
DIE_W: 4
DIE_H: 4
DIES: 16
BORDER_TILES_PER_DIE: 16
PACK_W: 16
PACK_H: 16
DIES_PACK_FACTOR: 4
DIES_PER_PACK: 16
PACKAGES: 1
BOARD_W: 16
BOARD_H: 16
BOARDS: 1
MUX_BUS: 1
DCACHE: 1
PCACHE: 0
PROXY_FACTOR: 1
CACHE_WAYS: 1
TORUS: 1
PHY_NOCS: 1
WIDE_NOC_ID: 0
NOC_CONF: 1
noc_width: 32
hbm_channel_bit_width: 512
ld_st_op_byte_width: 4
PROXY_ROUTING: 0
WITHIN_REGION: 0
WRITE_THROUGH: 0
ASSERT_MODE: 0
GLOBAL_BARRIER: 0
OQ flits: 576 ; 98,304 ; 2
IQ flits: 1,152 ; 196,608 ; 2
OQ messages: 192 ; 49,152 ; 1
IQ messages: 384 ; 98,304 ; 1
max_task2 size: 64
io_factor_t2: 2
io_factor_t3: 2
io_factor_t3b: 2

Active SRAM Storage per tile: 5,267 KiB
Total SRAM Storage per tile: 8,192 KiB
Agreggated SRAM Storage: 2,048 MiB

Active DRAM Storage per tile: 0 MiB
Total DRAM Storage per tile: 512 MiB
Agreggated DRAM Storage: 128 GiB

Inter-Die #links: 128
Inter-Die (Gbits): 8,192
Inter-Die (Gbits/mm): 246.342
Bisection BW of Board (Gbits): 8,192
Border IO #Dies: 16
Border IO Die BW (Gbits): 1,024
Off-Board BW Total (Gbits): 16,384
Off-Board BW Density (Gbits/mm): 54
Die side: 8.31 mm
Die border wire density: 246.34 Gbits/mm
HBM wire density: 492.68 Gbits/mm

Tiles per Die: 16 (4x4)
Tile Area: 3.02 mm2, side: 1.74 mm
- Core/Rout Area: 0.72 mm2
- SRAM Area: 2.30 mm2
- SRAM/Logic Ratio: 3.19x

Dies per Package: 16 (4x4)
Die Area: 69.12 mm2, side: 8.31 mm
- Tiles Area: 48.24 mm2
- PHY Area: 11.87 mm2
- MC Area: 9.00 mm2

Packages per Board: 1 (1x1)
Package Area: 5,745.87 mm2, side: 75.80 mm
- IOdie Area: 2,880.00 mm2
- Dies Area: 1,105.87 mm2
- HBM Area: 1,760.00 mm2

Boards: 1 (1x1)
Board Area: 5,745.87 mm2
Total Area: 5,745.87 mm2



ESTIMATED COST OF SILICON AND PACKAGING. ONLY VARIABLE, NO FIXED COSTS
Good dies per wafer 3d: 483
Good dies per wafer 2d: 808
--Dies 3D Cost: 200.31 $
--Dies 2.5D Cost: 119.74 $
--Dies 2D Cost: 119.74 $
--HBM Cost: 960.00 $
--IOdie Cost: 417.03 $
--Packaging Cost 3d: 98.59 $
--Packaging Cost 2.5d: 122.43 $
--Packaging Cost 2d: 80.52 $
SiP Cost 3d: 1,675.94 $
SiP Cost 2.5d: 1,619.20 $
SiP Cost 2d: 617.29 $
--Board Cost: 5.75 $
Total SiPs Cost 3d: 1,681.68 $
Total SiPs Cost 2.5d: 1,624.95 $
Total SiPs Cost 2d: 623.04 $

Perf counters initialized
Mesh connected
Cache structures initialized
proxys initialized
Dataset structures initialized


Starting Simulation
INIT epoch: 1
INIT epoch: 1
INIT epoch: 1
INIT epoch: 1
INIT epoch: 1
INIT epoch: 1
INIT epoch: 1
INIT epoch: 1

===PRINTING FRAME STATS

FCollision In Avg:-nan, SD:-nan, Max:322, Min:79
FCollision Out Avg:-nan, SD:-nan, Max:197, Min:19
FCollision End Avg:-nan, SD:-nan, Max:93, Min:0
FTask1 Avg:-nan, SD:-nan, Max:197, Min:23
FTask2 Avg:-nan, SD:-nan, Max:1,015, Min:0
FTask3 Avg:-nan, SD:-nan, Max:292, Min:169
FCore Active Avg:-nan, SD:-nan, Max:84, Min:24
FRouter Active Avg:-nan, SD:-nan, Max:92, Min:75
T1 invocations: 242,714
T2 invocations: 813,706
T3 invocations: 14,365,531
T3b invocations: 0
Total3 invocations: 14,365,531
Total4 invocations: 0

T3/T2 ratio: 18
T3b/T3 ratio: 0

T1 avg ex cycles: 120
T2 avg ex cycles: 200
T3&b avg ex cycles: 4
T4 avg ex cycles: -nan
Avg. hops NOC1: 2
Avg. latency NOC1 (T2): 10,353
Avg. hops NOC2: 6
Avg. latency NOC2 (T3): 35,481

===PRINTING ACUM STATS at pu_cycles: 103,316

ACollision In Avg:-nan, SD:-nan, Max:322, Min:79
ACollision Out Avg:-nan, SD:-nan, Max:197, Min:19
ACollision End Avg:-nan, SD:-nan, Max:93, Min:0
ATask1 Avg:-nan, SD:-nan, Max:197, Min:23
ATask2 Avg:-nan, SD:-nan, Max:1,015, Min:0
ATask3 Avg:-nan, SD:-nan, Max:292, Min:169
ACore Active Avg:-nan, SD:-nan, Max:84, Min:24
ARouter Active Avg:-nan, SD:-nan, Max:92, Min:75
T1 invocations: 242,714
T2 invocations: 813,706
T3 invocations: 14,365,531
T3b invocations: 0
Total3 invocations: 14,365,531
Total4 invocations: 0

T3/T2 ratio: 18
T3b/T3 ratio: 0

T1 avg ex cycles: 120
T2 avg ex cycles: 200
T3&b avg ex cycles: 4
T4 avg ex cycles: -nan
Avg. hops NOC1: 2
Avg. latency NOC1 (T2): 10,353
Avg. hops NOC2: 6
Avg. latency NOC2 (T3): 35,481
Number of K Nodes Processed: 14,923
Number of K Edges Processed: 27,194
Node Re-explore factor: 3.56
Edge Re-explore factor: 0.21
Nodes/cy: 144
Edges/cy: 263
TEPS: 1,242

---DCache---
DCache Size: 1,051,600
DRAM words: 0
  DHits: 0
  DMisses: 0

---Energy---
Leakage Energy (nJ): 119,178
PU Dyn E (nJ): 1,234,675
Mem Dyn E (nJ): 16,680,672
Route Dyn E (nJ): 2,912,764
Dynamic Energy (nJ): 20,828,111
Ratio of Dyn/Leak: 175
Total Energy (nJ): 20,947,289
Total Energy (nJ) 3D: 22,335,478
Cores Energy (nJ): 1,235,825
Route Energy (nJ): 2,943,726
Route Energy (nJ) 3D: 4,331,916
Mem Energy   (nJ): 16,767,738
Mem Energy   (nJ) 3D: 16,767,738
Avg. Power (mW): 202,749.71
Power Density (mW/mm2): 35.29

---Runtime---
Runtime in K cycles: 103.32
Microseconds: 103.32
Time per iteration (ms): 0.10

---Throughput---
GOP/s (aka OPS/ns): 1,060.03
GOP/s per core: 4.14
GFLOP/s: 390.70
GFLOP/s per core: 1.53
Max Peak GFLOP/s: 4,096.00
Avg. BW GB/s: 7,822.90
Max BW GB/s: 16,384.00

---Traffic---
In-Die bisection_bytes BW (GB/s): 256.00
Inter-board traffic (msg/ns): 0.00, per-link: 0.00
Inter-pack traffic (msg/ns): 0.00, per-link: 0.00
Inter-die traffic (msg/ns): 151.77, per-link: 0.59
Ruche traffic (msg/ns): 381.07, per-link: 1.49
All traffic (msg/ns): 1,836.47, per-link: 7.17
Inter-die reduction wrt all: 12.10
Inter-board reduction wrt inter-die: inf

---Data Movement---
All traffic (msg): 189,736,854
Arith. Intensity FLOP/Loads: 0.40
Arith. Intensity FLOP/Msgs: 0.21
Arith. Intensity OPS/Loads: 1.09
Arith. Intensity OPS/Msgs: 0.58



===Core Utilization Total=== CORE-S:1;; TIME K cy:100 ;; Nodes Proc: 1,875,781 -- Edges Proc: 3,464,897

===PRINTING FRAME STATS

FCollision In Avg:159, SD:58, Max:357, Min:70
FCollision Out Avg:146, SD:37, Max:210, Min:12
FCollision End Avg:93, SD:20, Max:99, Min:0
FTask1 Avg:61, SD:26, Max:133, Min:0
FTask2 Avg:390, SD:163, Max:1,015, Min:0
FTask3 Avg:252, SD:24, Max:366, Min:203
FCore Active Avg:44, SD:11, Max:84, Min:16
FRouter Active Avg:88, SD:3, Max:94, Min:77
T1 invocations: 184,973
T2 invocations: 488,151
T3 invocations: 16,106,879
T3b invocations: 0
Total3 invocations: 16,106,879
Total4 invocations: 0

T3/T2 ratio: 33
T3b/T3 ratio: 0

T1 avg ex cycles: 85
T2 avg ex cycles: 205
T3&b avg ex cycles: 4
T4 avg ex cycles: -nan
Avg. hops NOC1: 1
Avg. latency NOC1 (T2): 28,264
Avg. hops NOC2: 6
Avg. latency NOC2 (T3): 29,281

===PRINTING ACUM STATS at pu_cycles: 202,196

ACollision In Avg:156, SD:51, Max:340, Min:77
ACollision Out Avg:133, SD:35, Max:197, Min:16
ACollision End Avg:77, SD:15, Max:96, Min:0
ATask1 Avg:90, SD:24, Max:155, Min:11
ATask2 Avg:527, SD:146, Max:1,015, Min:0
ATask3 Avg:242, SD:22, Max:301, Min:195
ACore Active Avg:54, SD:10, Max:84, Min:23
ARouter Active Avg:87, SD:3, Max:93, Min:76
T1 invocations: 437,105
T2 invocations: 1,333,008
T3 invocations: 30,908,255
T3b invocations: 0
Total3 invocations: 30,908,255
Total4 invocations: 0

T3/T2 ratio: 23
T3b/T3 ratio: 0

T1 avg ex cycles: 105
T2 avg ex cycles: 201
T3&b avg ex cycles: 4
T4 avg ex cycles: -nan
Avg. hops NOC1: 2
Avg. latency NOC1 (T2): 16,832
Avg. hops NOC2: 6
Avg. latency NOC2 (T3): 32,232
Number of K Nodes Processed: 31,017
Number of K Edges Processed: 43,071
Node Re-explore factor: 7.40
Edge Re-explore factor: 0.34
Nodes/cy: 153
Edges/cy: 213
TEPS: 635

---DCache---
DCache Size: 1,051,600
DRAM words: 0
  DHits: 0
  DMisses: 0

---Energy---
Leakage Energy (nJ): 233,240
PU Dyn E (nJ): 2,226,235
Mem Dyn E (nJ): 31,069,159
Route Dyn E (nJ): 6,199,410
Dynamic Energy (nJ): 39,494,805
Ratio of Dyn/Leak: 169
Total Energy (nJ): 39,728,045
Total Energy (nJ) 3D: 42,727,218
Cores Energy (nJ): 2,228,487
Route Energy (nJ): 6,260,005
Route Energy (nJ) 3D: 9,259,179
Mem Energy   (nJ): 31,239,553
Mem Energy   (nJ) 3D: 31,239,553
Avg. Power (mW): 196,482.84
Power Density (mW/mm2): 34.20

---Runtime---
Runtime in K cycles: 202.20
Microseconds: 202.20
Time per iteration (ms): 0.20

---Throughput---
GOP/s (aka OPS/ns): 955.67
GOP/s per core: 3.73
GFLOP/s: 365.20
GFLOP/s per core: 1.43
Max Peak GFLOP/s: 4,096.00
Avg. BW GB/s: 7,445.26
Max BW GB/s: 16,384.00

---Traffic---
In-Die bisection_bytes BW (GB/s): 256.00
Inter-board traffic (msg/ns): 0.00, per-link: 0.00
Inter-pack traffic (msg/ns): 0.00, per-link: 0.00
Inter-die traffic (msg/ns): 159.94, per-link: 0.62
Ruche traffic (msg/ns): 402.40, per-link: 1.57
All traffic (msg/ns): 1,993.90, per-link: 7.79
Inter-die reduction wrt all: 12.47
Inter-board reduction wrt inter-die: inf

---Data Movement---
All traffic (msg): 403,158,970
Arith. Intensity FLOP/Loads: 0.39
Arith. Intensity FLOP/Msgs: 0.18
Arith. Intensity OPS/Loads: 1.03
Arith. Intensity OPS/Msgs: 0.48



===Core Utilization Total=== CORE-S:2;; TIME K cy:200 ;; Nodes Proc: 3,928,960 -- Edges Proc: 5,554,746

===PRINTING FRAME STATS

FCollision In Avg:152, SD:52, Max:354, Min:68
FCollision Out Avg:135, SD:44, Max:196, Min:9
FCollision End Avg:87, SD:27, Max:99, Min:0
FTask1 Avg:61, SD:30, Max:161, Min:0
FTask2 Avg:391, SD:169, Max:896, Min:0
FTask3 Avg:265, SD:24, Max:339, Min:215
FCore Active Avg:45, SD:12, Max:85, Min:17
FRouter Active Avg:90, SD:3, Max:95, Min:79
T1 invocations: 182,210
T2 invocations: 493,522
T3 invocations: 16,978,343
T3b invocations: 0
Total3 invocations: 16,978,343
Total4 invocations: 0

T3/T2 ratio: 34
T3b/T3 ratio: 0

T1 avg ex cycles: 86
T2 avg ex cycles: 203
T3&b avg ex cycles: 4
T4 avg ex cycles: -nan
Avg. hops NOC1: 1
Avg. latency NOC1 (T2): 28,333
Avg. hops NOC2: 6
Avg. latency NOC2 (T3): 14,184

===PRINTING ACUM STATS at pu_cycles: 302,434

ACollision In Avg:155, SD:50, Max:345, Min:74
ACollision Out Avg:133, SD:37, Max:196, Min:14
ACollision End Avg:80, SD:17, Max:97, Min:0
ATask1 Avg:81, SD:23, Max:155, Min:8
ATask2 Avg:482, SD:138, Max:853, Min:0
ATask3 Avg:250, SD:22, Max:313, Min:204
ACore Active Avg:51, SD:9, Max:76, Min:22
ARouter Active Avg:88, SD:3, Max:93, Min:78
T1 invocations: 613,468
T2 invocations: 1,811,539
T3 invocations: 47,491,225
T3b invocations: 0
Total3 invocations: 47,491,225
Total4 invocations: 0

T3/T2 ratio: 26
T3b/T3 ratio: 0

T1 avg ex cycles: 100
T2 avg ex cycles: 202
T3&b avg ex cycles: 4
T4 avg ex cycles: -nan
Avg. hops NOC1: 1
Avg. latency NOC1 (T2): 19,905
Avg. hops NOC2: 6
Avg. latency NOC2 (T3): 25,820
Number of K Nodes Processed: 47,994
Number of K Edges Processed: 59,067
Node Re-explore factor: 11.44
Edge Re-explore factor: 0.46
Nodes/cy: 159
Edges/cy: 195
TEPS: 424

---DCache---
DCache Size: 1,051,600
DRAM words: 0
  DHits: 0
  DMisses: 0

---Energy---
Leakage Energy (nJ): 348,868
PU Dyn E (nJ): 3,174,079
Mem Dyn E (nJ): 44,963,769
Route Dyn E (nJ): 9,527,067
Dynamic Energy (nJ): 57,664,916
Ratio of Dyn/Leak: 165
Total Energy (nJ): 58,013,784
Total Energy (nJ) 3D: 62,606,338
Cores Energy (nJ): 3,177,446
Route Energy (nJ): 9,617,701
Route Energy (nJ) 3D: 14,210,255
Mem Energy   (nJ): 45,218,637
Mem Energy   (nJ) 3D: 45,218,637
Avg. Power (mW): 191,822.96
Power Density (mW/mm2): 33.38

---Runtime---
Runtime in K cycles: 302.43
Microseconds: 302.43
Time per iteration (ms): 0.30

---Throughput---
GOP/s (aka OPS/ns): 901.95
GOP/s per core: 3.52
GFLOP/s: 350.37
GFLOP/s per core: 1.37
Max Peak GFLOP/s: 4,096.00
Avg. BW GB/s: 7,203.70
Max BW GB/s: 16,384.00

---Traffic---
In-Die bisection_bytes BW (GB/s): 256.00
Inter-board traffic (msg/ns): 0.00, per-link: 0.00
Inter-pack traffic (msg/ns): 0.00, per-link: 0.00
Inter-die traffic (msg/ns): 164.37, per-link: 0.64
Ruche traffic (msg/ns): 417.62, per-link: 1.63
All traffic (msg/ns): 2,046.36, per-link: 7.99
Inter-die reduction wrt all: 12.45
Inter-board reduction wrt inter-die: inf

---Data Movement---
All traffic (msg): 618,887,755
Arith. Intensity FLOP/Loads: 0.39
Arith. Intensity FLOP/Msgs: 0.17
Arith. Intensity OPS/Loads: 1.00
Arith. Intensity OPS/Msgs: 0.44



===Core Utilization Total=== CORE-S:3;; TIME K cy:300 ;; Nodes Proc: 6,080,463 -- Edges Proc: 7,636,687

===PRINTING FRAME STATS

FCollision In Avg:141, SD:48, Max:316, Min:55
FCollision Out Avg:123, SD:51, Max:198, Min:1
FCollision End Avg:80, SD:34, Max:99, Min:0
FTask1 Avg:59, SD:34, Max:174, Min:0
FTask2 Avg:389, SD:200, Max:989, Min:0
FTask3 Avg:260, SD:24, Max:330, Min:182
FCore Active Avg:44, SD:14, Max:88, Min:17
FRouter Active Avg:89, SD:5, Max:95, Min:67
T1 invocations: 173,178
T2 invocations: 490,153
T3 invocations: 16,671,224
T3b invocations: 0
Total3 invocations: 16,671,224
Total4 invocations: 0

T3/T2 ratio: 34
T3b/T3 ratio: 0

T1 avg ex cycles: 88
T2 avg ex cycles: 203
T3&b avg ex cycles: 4
T4 avg ex cycles: -nan
Avg. hops NOC1: 1
Avg. latency NOC1 (T2): 25,577
Avg. hops NOC2: 6
Avg. latency NOC2 (T3): 28,108

===PRINTING ACUM STATS at pu_cycles: 404,403

ACollision In Avg:151, SD:48, Max:331, Min:70
ACollision Out Avg:131, SD:39, Max:197, Min:13
ACollision End Avg:80, SD:20, Max:97, Min:0
ATask1 Avg:75, SD:22, Max:122, Min:6
ATask2 Avg:459, SD:133, Max:784, Min:0
ATask3 Avg:253, SD:22, Max:318, Min:207
ACore Active Avg:49, SD:9, Max:75, Min:22
ARouter Active Avg:88, SD:3, Max:93, Min:77
T1 invocations: 790,966
T2 invocations: 2,317,763
T3 invocations: 64,460,062
T3b invocations: 0
Total3 invocations: 64,460,062
Total4 invocations: 0

T3/T2 ratio: 28
T3b/T3 ratio: 0

T1 avg ex cycles: 97
T2 avg ex cycles: 202
T3&b avg ex cycles: 4
T4 avg ex cycles: -nan
Avg. hops NOC1: 1
Avg. latency NOC1 (T2): 21,055
Avg. hops NOC2: 6
Avg. latency NOC2 (T3): 26,495
Number of K Nodes Processed: 64,640
Number of K Edges Processed: 75,029
Node Re-explore factor: 15.41
Edge Re-explore factor: 0.58
Nodes/cy: 160
Edges/cy: 186
TEPS: 317

---DCache---
DCache Size: 1,051,600
DRAM words: 0
  DHits: 0
  DMisses: 0

---Energy---
Leakage Energy (nJ): 466,492
PU Dyn E (nJ): 4,160,249
Mem Dyn E (nJ): 59,377,068
Route Dyn E (nJ): 12,865,473
Dynamic Energy (nJ): 76,402,791
Ratio of Dyn/Leak: 164
Total Energy (nJ): 76,869,283
Total Energy (nJ) 3D: 83,077,293
Cores Energy (nJ): 4,164,752
Route Energy (nJ): 12,986,666
Route Energy (nJ) 3D: 19,194,675
Mem Energy   (nJ): 59,717,867
Mem Energy   (nJ) 3D: 59,717,867
Avg. Power (mW): 190,080.89
Power Density (mW/mm2): 33.08

---Runtime---
Runtime in K cycles: 404.40
Microseconds: 404.40
Time per iteration (ms): 0.40

---Throughput---
GOP/s (aka OPS/ns): 879.11
GOP/s per core: 3.43
GFLOP/s: 344.68
GFLOP/s per core: 1.35
Max Peak GFLOP/s: 4,096.00
Avg. BW GB/s: 7,114.23
Max BW GB/s: 16,384.00

---Traffic---
In-Die bisection_bytes BW (GB/s): 256.00
Inter-board traffic (msg/ns): 0.00, per-link: 0.00
Inter-pack traffic (msg/ns): 0.00, per-link: 0.00
Inter-die traffic (msg/ns): 162.65, per-link: 0.64
Ruche traffic (msg/ns): 423.93, per-link: 1.66
All traffic (msg/ns): 2,067.25, per-link: 8.08
Inter-die reduction wrt all: 12.71
Inter-board reduction wrt inter-die: inf

---Data Movement---
All traffic (msg): 836,003,591
Arith. Intensity FLOP/Loads: 0.39
Arith. Intensity FLOP/Msgs: 0.17
Arith. Intensity OPS/Loads: 0.99
Arith. Intensity OPS/Msgs: 0.43



===Core Utilization Total=== CORE-S:4;; TIME K cy:400 ;; Nodes Proc: 8,186,225 -- Edges Proc: 9,631,040

===PRINTING FRAME STATS

FCollision In Avg:130, SD:44, Max:275, Min:16
FCollision Out Avg:101, SD:60, Max:191, Min:1
FCollision End Avg:65, SD:43, Max:99, Min:0
FTask1 Avg:54, SD:37, Max:174, Min:0
FTask2 Avg:352, SD:226, Max:1,131, Min:0
FTask3 Avg:257, SD:27, Max:325, Min:66
FCore Active Avg:41, SD:15, Max:92, Min:14
FRouter Active Avg:88, SD:6, Max:95, Min:67
T1 invocations: 155,845
T2 invocations: 445,115
T3 invocations: 16,479,000
T3b invocations: 0
Total3 invocations: 16,479,000
Total4 invocations: 0

T3/T2 ratio: 37
T3b/T3 ratio: 0

T1 avg ex cycles: 88
T2 avg ex cycles: 203
T3&b avg ex cycles: 4
T4 avg ex cycles: -nan
Avg. hops NOC1: 1
Avg. latency NOC1 (T2): 25,607
Avg. hops NOC2: 6
Avg. latency NOC2 (T3): 40,913

===PRINTING ACUM STATS at pu_cycles: 504,845

ACollision In Avg:147, SD:44, Max:314, Min:59
ACollision Out Avg:125, SD:42, Max:195, Min:12
ACollision End Avg:77, SD:22, Max:98, Min:0
ATask1 Avg:71, SD:20, Max:99, Min:5
ATask2 Avg:437, SD:109, Max:628, Min:0
ATask3 Avg:253, SD:23, Max:319, Min:207
ACore Active Avg:48, SD:8, Max:64, Min:22
ARouter Active Avg:88, SD:3, Max:93, Min:77
T1 invocations: 948,002
T2 invocations: 2,766,261
T3 invocations: 80,983,089
T3b invocations: 0
Total3 invocations: 80,983,089
Total4 invocations: 0

T3/T2 ratio: 29
T3b/T3 ratio: 0

T1 avg ex cycles: 96
T2 avg ex cycles: 202
T3&b avg ex cycles: 4
T4 avg ex cycles: -nan
Avg. hops NOC1: 1
Avg. latency NOC1 (T2): 21,786
Avg. hops NOC2: 6
Avg. latency NOC2 (T3): 29,505
Number of K Nodes Processed: 81,074
Number of K Edges Processed: 89,611
Node Re-explore factor: 19.33
Edge Re-explore factor: 0.70
Nodes/cy: 161
Edges/cy: 178
TEPS: 254

---DCache---
DCache Size: 1,051,600
DRAM words: 0
  DHits: 0
  DMisses: 0

---Energy---
Leakage Energy (nJ): 582,355
PU Dyn E (nJ): 5,073,524
Mem Dyn E (nJ): 72,868,492
Route Dyn E (nJ): 16,085,313
Dynamic Energy (nJ): 94,027,329
Ratio of Dyn/Leak: 161
Total Energy (nJ): 94,609,684
Total Energy (nJ) 3D: 102,347,308
Cores Energy (nJ): 5,079,144
Route Energy (nJ): 16,236,606
Route Energy (nJ) 3D: 23,974,230
Mem Energy   (nJ): 73,293,935
Mem Energy   (nJ) 3D: 73,293,935
Avg. Power (mW): 187,403.43
Power Density (mW/mm2): 32.62

---Runtime---
Runtime in K cycles: 504.85
Microseconds: 504.85
Time per iteration (ms): 0.50

---Throughput---
GOP/s (aka OPS/ns): 855.16
GOP/s per core: 3.34
GFLOP/s: 337.62
GFLOP/s per core: 1.32
Max Peak GFLOP/s: 4,096.00
Avg. BW GB/s: 6,993.68
Max BW GB/s: 16,384.00

---Traffic---
In-Die bisection_bytes BW (GB/s): 256.00
Inter-board traffic (msg/ns): 0.00, per-link: 0.00
Inter-pack traffic (msg/ns): 0.00, per-link: 0.00
Inter-die traffic (msg/ns): 159.98, per-link: 0.62
Ruche traffic (msg/ns): 431.19, per-link: 1.68
All traffic (msg/ns): 2,071.31, per-link: 8.09
Inter-die reduction wrt all: 12.95
Inter-board reduction wrt inter-die: inf

---Data Movement---
All traffic (msg): 1,045,691,732
Arith. Intensity FLOP/Loads: 0.39
Arith. Intensity FLOP/Msgs: 0.16
Arith. Intensity OPS/Loads: 0.98
Arith. Intensity OPS/Msgs: 0.41



===Core Utilization Total=== CORE-S:5;; TIME K cy:500 ;; Nodes Proc: 10,281,354 -- Edges Proc: 11,321,249

===PRINTING FRAME STATS

FCollision In Avg:99, SD:46, Max:240, Min:13
FCollision Out Avg:82, SD:60, Max:171, Min:1
FCollision End Avg:57, SD:45, Max:99, Min:0
FTask1 Avg:57, SD:42, Max:197, Min:0
FTask2 Avg:374, SD:278, Max:1,133, Min:0
FTask3 Avg:257, SD:31, Max:489, Min:118
FCore Active Avg:43, SD:19, Max:90, Min:13
FRouter Active Avg:87, SD:9, Max:96, Min:66
T1 invocations: 160,248
T2 invocations: 475,152
T3 invocations: 16,476,972
T3b invocations: 0
Total3 invocations: 16,476,972
Total4 invocations: 0

T3/T2 ratio: 35
T3b/T3 ratio: 0

T1 avg ex cycles: 91
T2 avg ex cycles: 201
T3&b avg ex cycles: 4
T4 avg ex cycles: -nan
Avg. hops NOC1: 1
Avg. latency NOC1 (T2): 22,190
Avg. hops NOC2: 6
Avg. latency NOC2 (T3): 52,005

===PRINTING ACUM STATS at pu_cycles: 606,188

ACollision In Avg:139, SD:42, Max:285, Min:51
ACollision Out Avg:118, SD:44, Max:184, Min:10
ACollision End Avg:74, SD:24, Max:98, Min:0
ATask1 Avg:69, SD:17, Max:96, Min:4
ATask2 Avg:427, SD:90, Max:524, Min:0
ATask3 Avg:254, SD:23, Max:320, Min:208
ACore Active Avg:47, SD:6, Max:57, Min:22
ARouter Active Avg:88, SD:4, Max:94, Min:76
T1 invocations: 1,106,156
T2 invocations: 3,236,322
T3 invocations: 97,158,520
T3b invocations: 0
Total3 invocations: 97,158,520
Total4 invocations: 0

T3/T2 ratio: 30
T3b/T3 ratio: 0

T1 avg ex cycles: 95
T2 avg ex cycles: 202
T3&b avg ex cycles: 4
T4 avg ex cycles: -nan
Avg. hops NOC1: 1
Avg. latency NOC1 (T2): 21,814
Avg. hops NOC2: 6
Avg. latency NOC2 (T3): 33,298
Number of K Nodes Processed: 97,542
Number of K Edges Processed: 105,262
Node Re-explore factor: 23.26
Edge Re-explore factor: 0.82
Nodes/cy: 161
Edges/cy: 174
TEPS: 212

---DCache---
DCache Size: 1,051,600
DRAM words: 0
  DHits: 0
  DMisses: 0

---Energy---
Leakage Energy (nJ): 699,258
PU Dyn E (nJ): 5,997,515
Mem Dyn E (nJ): 86,419,427
Route Dyn E (nJ): 19,110,082
Dynamic Energy (nJ): 111,527,024
Ratio of Dyn/Leak: 159
Total Energy (nJ): 112,226,282
Total Energy (nJ) 3D: 121,351,410
Cores Energy (nJ): 6,004,263
Route Energy (nJ): 19,291,746
Route Energy (nJ) 3D: 28,416,874
Mem Energy   (nJ): 86,930,274
Mem Energy   (nJ) 3D: 86,930,274
Avg. Power (mW): 185,134.45
Power Density (mW/mm2): 32.22

---Runtime---
Runtime in K cycles: 606.19
Microseconds: 606.19
Time per iteration (ms): 0.61

---Throughput---
GOP/s (aka OPS/ns): 839.88
GOP/s per core: 3.28
GFLOP/s: 332.89
GFLOP/s per core: 1.30
Max Peak GFLOP/s: 4,096.00
Avg. BW GB/s: 6,907.62
Max BW GB/s: 16,384.00

---Traffic---
In-Die bisection_bytes BW (GB/s): 256.00
Inter-board traffic (msg/ns): 0.00, per-link: 0.00
Inter-pack traffic (msg/ns): 0.00, per-link: 0.00
Inter-die traffic (msg/ns): 154.80, per-link: 0.60
Ruche traffic (msg/ns): 438.78, per-link: 1.71
All traffic (msg/ns): 2,052.64, per-link: 8.02
Inter-die reduction wrt all: 13.26
Inter-board reduction wrt inter-die: inf

---Data Movement---
All traffic (msg): 1,244,283,548
Arith. Intensity FLOP/Loads: 0.39
Arith. Intensity FLOP/Msgs: 0.16
Arith. Intensity OPS/Loads: 0.97
Arith. Intensity OPS/Msgs: 0.41



===Core Utilization Total=== CORE-S:6;; TIME K cy:600 ;; Nodes Proc: 12,330,020 -- Edges Proc: 13,321,610

===PRINTING FRAME STATS

FCollision In Avg:80, SD:45, Max:218, Min:12
FCollision Out Avg:64, SD:52, Max:161, Min:1
FCollision End Avg:42, SD:39, Max:98, Min:0
FTask1 Avg:48, SD:53, Max:248, Min:0
FTask2 Avg:325, SD:274, Max:1,328, Min:0
FTask3 Avg:244, SD:30, Max:366, Min:133
FCore Active Avg:39, SD:18, Max:97, Min:13
FRouter Active Avg:86, SD:9, Max:96, Min:63
T1 invocations: 137,865
T2 invocations: 407,733
T3 invocations: 15,638,723
T3b invocations: 0
Total3 invocations: 15,638,723
Total4 invocations: 0

T3/T2 ratio: 38
T3b/T3 ratio: 0

T1 avg ex cycles: 90
T2 avg ex cycles: 204
T3&b avg ex cycles: 4
T4 avg ex cycles: -nan
Avg. hops NOC1: 1
Avg. latency NOC1 (T2): 20,270
Avg. hops NOC2: 6
Avg. latency NOC2 (T3): 46,487

===PRINTING ACUM STATS at pu_cycles: 702,459

ACollision In Avg:130, SD:40, Max:255, Min:47
ACollision Out Avg:110, SD:43, Max:168, Min:13
ACollision End Avg:69, SD:24, Max:97, Min:3
ATask1 Avg:66, SD:11, Max:82, Min:9
ATask2 Avg:415, SD:66, Max:453, Min:69
ATask3 Avg:253, SD:22, Max:318, Min:206
ACore Active Avg:46, SD:5, Max:52, Min:23
ARouter Active Avg:88, SD:4, Max:94, Min:76
T1 invocations: 1,244,605
T2 invocations: 3,663,386
T3 invocations: 112,643,362
T3b invocations: 0
Total3 invocations: 112,643,362
Total4 invocations: 0

T3/T2 ratio: 31
T3b/T3 ratio: 0

T1 avg ex cycles: 95
T2 avg ex cycles: 202
T3&b avg ex cycles: 4
T4 avg ex cycles: -nan
Avg. hops NOC1: 1
Avg. latency NOC1 (T2): 21,605
Avg. hops NOC2: 6
Avg. latency NOC2 (T3): 35,112
Number of K Nodes Processed: 113,051
Number of K Edges Processed: 119,130
Node Re-explore factor: 26.95
Edge Re-explore factor: 0.93
Nodes/cy: 161
Edges/cy: 170
TEPS: 183

---DCache---
DCache Size: 1,051,600
DRAM words: 0
  DHits: 0
  DMisses: 0

---Energy---
Leakage Energy (nJ): 810,310
PU Dyn E (nJ): 6,861,334
Mem Dyn E (nJ): 99,167,925
Route Dyn E (nJ): 22,105,213
Dynamic Energy (nJ): 128,134,472
Ratio of Dyn/Leak: 158
Total Energy (nJ): 128,944,782
Total Energy (nJ) 3D: 139,470,082
Cores Energy (nJ): 6,869,154
Route Energy (nJ): 22,315,727
Route Energy (nJ) 3D: 32,841,027
Mem Energy   (nJ): 99,759,901
Mem Energy   (nJ) 3D: 99,759,901
Avg. Power (mW): 183,562.00
Power Density (mW/mm2): 31.95

---Runtime---
Runtime in K cycles: 702.46
Microseconds: 702.46
Time per iteration (ms): 0.70

---Throughput---
GOP/s (aka OPS/ns): 826.99
GOP/s per core: 3.23
GFLOP/s: 329.19
GFLOP/s per core: 1.29
Max Peak GFLOP/s: 4,096.00
Avg. BW GB/s: 6,840.30
Max BW GB/s: 16,384.00

---Traffic---
In-Die bisection_bytes BW (GB/s): 256.00
Inter-board traffic (msg/ns): 0.00, per-link: 0.00
Inter-pack traffic (msg/ns): 0.00, per-link: 0.00
Inter-die traffic (msg/ns): 152.22, per-link: 0.59
Ruche traffic (msg/ns): 443.60, per-link: 1.73
All traffic (msg/ns): 2,049.47, per-link: 8.01
Inter-die reduction wrt all: 13.46
Inter-board reduction wrt inter-die: inf

---Data Movement---
All traffic (msg): 1,439,668,113
Arith. Intensity FLOP/Loads: 0.39
Arith. Intensity FLOP/Msgs: 0.16
Arith. Intensity OPS/Loads: 0.97
Arith. Intensity OPS/Msgs: 0.40



===Core Utilization Total=== CORE-S:7;; TIME K cy:700 ;; Nodes Proc: 14,308,953 -- Edges Proc: 14,883,704

===PRINTING FRAME STATS

FCollision In Avg:45, SD:36, Max:171, Min:5
FCollision Out Avg:27, SD:29, Max:133, Min:0
FCollision End Avg:15, SD:27, Max:98, Min:0
FTask1 Avg:25, SD:56, Max:217, Min:0
FTask2 Avg:179, SD:317, Max:1,256, Min:0
FTask3 Avg:188, SD:27, Max:301, Min:84
FCore Active Avg:25, SD:20, Max:93, Min:9
FRouter Active Avg:76, SD:12, Max:98, Min:45
T1 invocations: 76,982
T2 invocations: 229,681
T3 invocations: 12,021,673
T3b invocations: 0
Total3 invocations: 12,021,673
Total4 invocations: 0

T3/T2 ratio: 52
T3b/T3 ratio: 0

T1 avg ex cycles: 84
T2 avg ex cycles: 200
T3&b avg ex cycles: 4
T4 avg ex cycles: -nan
Avg. hops NOC1: 2
Avg. latency NOC1 (T2): 13,337
Avg. hops NOC2: 6
Avg. latency NOC2 (T3): 41,676

===PRINTING ACUM STATS at pu_cycles: 800,437

ACollision In Avg:119, SD:37, Max:228, Min:42
ACollision Out Avg:99, SD:38, Max:164, Min:25
ACollision End Avg:62, SD:20, Max:96, Min:8
ATask1 Avg:61, SD:3, Max:66, Min:28
ATask2 Avg:386, SD:24, Max:393, Min:163
ATask3 Avg:244, SD:22, Max:308, Min:196
ACore Active Avg:43, SD:2, Max:48, Min:27
ARouter Active Avg:86, SD:4, Max:93, Min:77
T1 invocations: 1,323,713
T2 invocations: 3,908,991
T3 invocations: 125,071,519
T3b invocations: 0
Total3 invocations: 125,071,519
Total4 invocations: 0

T3/T2 ratio: 32
T3b/T3 ratio: 0

T1 avg ex cycles: 94
T2 avg ex cycles: 202
T3&b avg ex cycles: 4
T4 avg ex cycles: -nan
Avg. hops NOC1: 1
Avg. latency NOC1 (T2): 21,056
Avg. hops NOC2: 6
Avg. latency NOC2 (T3): 35,781
Number of K Nodes Processed: 125,074
Number of K Edges Processed: 126,477
Node Re-explore factor: 29.82
Edge Re-explore factor: 0.99
Nodes/cy: 156
Edges/cy: 158
TEPS: 160

---DCache---
DCache Size: 1,051,600
DRAM words: 0
  DHits: 0
  DMisses: 0

---Energy---
Leakage Energy (nJ): 923,330
PU Dyn E (nJ): 7,448,270
Mem Dyn E (nJ): 108,184,309
Route Dyn E (nJ): 24,411,408
Dynamic Energy (nJ): 140,043,987
Ratio of Dyn/Leak: 152
Total Energy (nJ): 140,967,317
Total Energy (nJ) 3D: 152,580,518
Cores Energy (nJ): 7,457,181
Route Energy (nJ): 24,651,284
Route Energy (nJ) 3D: 36,264,486
Mem Energy   (nJ): 108,858,853
Mem Energy   (nJ) 3D: 108,858,853
Avg. Power (mW): 176,112.95
Power Density (mW/mm2): 30.65

---Runtime---
Runtime in K cycles: 800.44
Microseconds: 800.44
Time per iteration (ms): 0.80

---Throughput---
GOP/s (aka OPS/ns): 785.22
GOP/s per core: 3.07
GFLOP/s: 314.26
GFLOP/s per core: 1.23
Max Peak GFLOP/s: 4,096.00
Avg. BW GB/s: 6,548.80
Max BW GB/s: 16,384.00

---Traffic---
In-Die bisection_bytes BW (GB/s): 256.00
Inter-board traffic (msg/ns): 0.00, per-link: 0.00
Inter-pack traffic (msg/ns): 0.00, per-link: 0.00
Inter-die traffic (msg/ns): 145.79, per-link: 0.57
Ruche traffic (msg/ns): 432.65, per-link: 1.69
All traffic (msg/ns): 1,987.47, per-link: 7.76
Inter-die reduction wrt all: 13.63
Inter-board reduction wrt inter-die: inf

---Data Movement---
All traffic (msg): 1,590,840,550
Arith. Intensity FLOP/Loads: 0.38
Arith. Intensity FLOP/Msgs: 0.16
Arith. Intensity OPS/Loads: 0.96
Arith. Intensity OPS/Msgs: 0.40



===Core Utilization Total=== CORE-S:8;; TIME K cy:800 ;; Nodes Proc: 15,821,154 -- Edges Proc: 15,454,202
======== IT IS COLD ======= Only 3 Tiles active

===PRINTING FRAME STATS

FCollision In Avg:4, SD:14, Max:124, Min:0
FCollision Out Avg:3, SD:12, Max:94, Min:0
FCollision End Avg:2, SD:12, Max:94, Min:0
FTask1 Avg:5, SD:25, Max:196, Min:0
FTask2 Avg:42, SD:175, Max:1,285, Min:0
FTask3 Avg:48, SD:15, Max:200, Min:36
FCore Active Avg:6, SD:11, Max:87, Min:2
FRouter Active Avg:28, SD:17, Max:100, Min:8
T1 invocations: 16,942
T2 invocations: 51,188
T3 invocations: 3,044,022
T3b invocations: 0
Total3 invocations: 3,044,022
Total4 invocations: 0

T3/T2 ratio: 59
T3b/T3 ratio: 0

T1 avg ex cycles: 77
T2 avg ex cycles: 209
T3&b avg ex cycles: 4
T4 avg ex cycles: -nan
Avg. hops NOC1: 2
Avg. latency NOC1 (T2): 9,401
Avg. hops NOC2: 6
Avg. latency NOC2 (T3): 26,939

===PRINTING ACUM STATS at pu_cycles: 900,385

ACollision In Avg:107, SD:33, Max:217, Min:37
ACollision Out Avg:89, SD:34, Max:146, Min:23
ACollision End Avg:56, SD:18, Max:87, Min:17
ATask1 Avg:55, SD:2, Max:59, Min:42
ATask2 Avg:348, SD:4, Max:365, Min:288
ATask3 Avg:222, SD:20, Max:280, Min:181
ACore Active Avg:39, SD:1, Max:43, Min:34
ARouter Active Avg:80, SD:5, Max:90, Min:69
T1 invocations: 1,338,407
T2 invocations: 3,960,179
T3 invocations: 128,065,454
T3b invocations: 0
Total3 invocations: 128,065,454
Total4 invocations: 0

T3/T2 ratio: 32
T3b/T3 ratio: 0

T1 avg ex cycles: 94
T2 avg ex cycles: 202
T3&b avg ex cycles: 4
T4 avg ex cycles: -nan
Avg. hops NOC1: 1
Avg. latency NOC1 (T2): 20,905
Avg. hops NOC2: 6
Avg. latency NOC2 (T3): 35,569
Number of K Nodes Processed: 128,077
Number of K Edges Processed: 128,217
Node Re-explore factor: 30.54
Edge Re-explore factor: 1.00
Nodes/cy: 142
Edges/cy: 142
TEPS: 143

---DCache---
DCache Size: 1,051,600
DRAM words: 0
  DHits: 0
  DMisses: 0

---Energy---
Leakage Energy (nJ): 1,038,624
PU Dyn E (nJ): 7,582,778
Mem Dyn E (nJ): 110,283,133
Route Dyn E (nJ): 24,932,902
Dynamic Energy (nJ): 142,798,814
Ratio of Dyn/Leak: 137
Total Energy (nJ): 143,837,438
Total Energy (nJ) 3D: 155,682,853
Cores Energy (nJ): 7,592,801
Route Energy (nJ): 25,202,731
Route Energy (nJ) 3D: 37,048,146
Mem Energy   (nJ): 111,041,906
Mem Energy   (nJ) 3D: 111,041,906
Avg. Power (mW): 159,751.04
Power Density (mW/mm2): 27.80

---Runtime---
Runtime in K cycles: 900.38
Microseconds: 900.38
Time per iteration (ms): 0.90

---Throughput---
GOP/s (aka OPS/ns): 709.92
GOP/s per core: 2.77
GFLOP/s: 284.61
GFLOP/s per core: 1.11
Max Peak GFLOP/s: 4,096.00
Avg. BW GB/s: 5,934.80
Max BW GB/s: 16,384.00

---Traffic---
In-Die bisection_bytes BW (GB/s): 256.00
Inter-board traffic (msg/ns): 0.00, per-link: 0.00
Inter-pack traffic (msg/ns): 0.00, per-link: 0.00
Inter-die traffic (msg/ns): 131.93, per-link: 0.52
Ruche traffic (msg/ns): 394.65, per-link: 1.54
All traffic (msg/ns): 1,805.25, per-link: 7.05
Inter-die reduction wrt all: 13.68
Inter-board reduction wrt inter-die: inf

---Data Movement---
All traffic (msg): 1,625,422,008
Arith. Intensity FLOP/Loads: 0.38
Arith. Intensity FLOP/Msgs: 0.16
Arith. Intensity OPS/Loads: 0.96
Arith. Intensity OPS/Msgs: 0.39



===Core Utilization Total=== CORE-S:9;; TIME K cy:900 ;; Nodes Proc: 16,213,976 -- Edges Proc: 15,952,731
======== IT IS COLD ======= Only 1 Tiles active
Epoch Done Router: 4
Epoch Done Router: 7
Epoch Done Router: 1
Epoch Done Router: 6
Epoch Done Router: 2
Epoch Done Router: 0
Epoch Done Router: 3
Epoch Done Router: 5
##EPOCH## 1 COMPLETED at Time (K cy): 967
Nodes processed until now: 128,311,436
Edges processed until now: 128,311,436
Program Done Worker Thread: 0
Program Done Router Thread: 3
Program Done Worker Thread: 7
Program Done Router Thread: 1
Program Done Router Thread: 7
Program Done Worker Thread: 5
Program Done Worker Thread: 4
Program Done Worker Thread: 2
Program Done Router Thread: 0
Program Done Router Thread: 2
Program Done Worker Thread: 1
Program Done Router Thread: 6
Program Done Router Thread: 5
Program Done Router Thread: 4
Program Done Worker Thread: 6
Program Done Worker Thread: 3

===PRINTING ACUM STATS at pu_cycles: 967,682

ACollision In Avg:99, SD:31, Max:189, Min:35
ACollision Out Avg:83, SD:31, Max:136, Min:22
ACollision End Avg:52, SD:17, Max:81, Min:16
ATask1 Avg:51, SD:1, Max:54, Min:48
ATask2 Avg:324, SD:1, Max:325, Min:322
ATask3 Avg:207, SD:18, Max:261, Min:168
ACore Active Avg:36, SD:1, Max:40, Min:34
ARouter Active Avg:74, SD:4, Max:85, Min:65
T1 invocations: 1,341,845
T2 invocations: 3,963,905
T3 invocations: 128,311,436
T3b invocations: 0
Total3 invocations: 128,311,436
Total4 invocations: 0

T3/T2 ratio: 32
T3b/T3 ratio: 0

T1 avg ex cycles: 94
T2 avg ex cycles: 202
T3&b avg ex cycles: 4
T4 avg ex cycles: -nan
Avg. hops NOC1: 1
Avg. latency NOC1 (T2): 20,893
Avg. hops NOC2: 6
Avg. latency NOC2 (T3): 35,546

Runtime at program end in K cycles: 967
Runtime before cooldown in K cycles: 702


Number of K Nodes Processed: 128,311
Number of K Edges Processed: 128,311
Node Re-explore factor: 30.59
Edge Re-explore factor: 1.00
Nodes/cy: 133
Edges/cy: 133
TEPS: 133

---DCache---
DCache Size: 1,051,600
DRAM words: 0
  DHits: 0
  DMisses: 0

---Energy---
Leakage Energy (nJ): 1,116,253
PU Dyn E (nJ): 7,593,850
Mem Dyn E (nJ): 110,452,160
Route Dyn E (nJ): 24,976,628
Dynamic Energy (nJ): 143,022,638
Ratio of Dyn/Leak: 128
Total Energy (nJ): 144,138,891
Total Energy (nJ) 3D: 156,004,018
Cores Energy (nJ): 7,604,622
Route Energy (nJ): 25,266,625
Route Energy (nJ) 3D: 37,131,751
Mem Energy   (nJ): 111,267,645
Mem Energy   (nJ) 3D: 111,267,645
Avg. Power (mW): 148,952.75
Power Density (mW/mm2): 25.92

---Runtime---
Runtime in K cycles: 967.68
Microseconds: 967.68
Time per iteration (ms): 0.97

---Inst---
K Loads: 668,014
K Stores: 669,933
K Instructions: 640,169

---Throughput---
GOP/s (aka OPS/ns): 661.55
GOP/s per core: 2.58
GFLOP/s: 265.19
GFLOP/s per core: 1.04
Max Peak GFLOP/s: 4,096.00
Avg. BW GB/s: 5,530.53
Max BW GB/s: 16,384.00

---Traffic---
In-Die bisection_bytes BW (GB/s): 256.00
Inter-board traffic (msg/ns): 0.00, per-link: 0.00
Inter-pack traffic (msg/ns): 0.00, per-link: 0.00
Inter-die traffic (msg/ns): 122.90, per-link: 0.48
Ruche traffic (msg/ns): 368.01, per-link: 1.44
All traffic (msg/ns): 1,682.69, per-link: 6.57
Inter-die reduction wrt all: 13.69
Inter-board reduction wrt inter-die: inf

---Data Movement---
All traffic (msg): 1,628,309,013
Arith. Intensity FLOP/Loads: 0.38
Arith. Intensity FLOP/Msgs: 0.16
Arith. Intensity OPS/Loads: 0.96
Arith. Intensity OPS/Msgs: 0.39

Simulation time: 77.30
Sim time / DUT time: 19.50
Sim noc_cy/s: 25,038.52
Sim Msg/s: 21,066,036.32

Version 32

