Dataset:  wikipedia/
Dry run: 0
Open Edge Count File succesfully
Edges Traversed BFS: 95554407
Found Vertices: 4206336, Edges: 101311613
avg degree 25
Array  wikipedia/node_array.bin found
Malloc array of size 16825348 bytes
Readin array of size 16825160 bytes
Finished Reading Array Bytes
No reordering Array 32bit
Array  wikipedia/edge_array.bin found
Malloc array of size 405246452 bytes
Readin array of size 405246452 bytes
Finished Reading Array Bytes
No reordering Array 32bit
Array  wikipedia/edge_values.bin found
Malloc array of size 405246452 bytes
Readin array of size 405246452 bytes
Finished Reading Array Bytes
No reordering Array 32bit
Reading graph elapsed time: 0.23984s

Dataset Footprint: 419 MiB
Dataset Footprint per Board: 3519.68 Mb
Dataset injection time (ms): 0.214824
Max Dataset Footprint: 821 MiB

Dataset footprint per tile: 1678 KiB
Proxys footprint per tile: 0 KiB
Reserved SRAM per tile: 3476 KiB

Ideal SRAM per tile: 5154 KiB
reserved_words_for_dataset:791040
dataset_words_per_tile:429648
remaining_sram_words:1207082
min_dcache_sram_words_required:429648
dataset_words_per_tile:429648
min_pcache_sram_words_required:0
proxys_words_per_tile:0
Dcache footprint ratio: 1
Dataset Cached: 0
DCache: 429648 words, lines: 26853, sets: 26853
Proxys Cached: 0
Pcache: 0 words, sets: 0
Node per tile: 16,431
Edge per tile: 395,749
GRID_X: 16
GRID_SIZE: 256
smt_per_tile: 16
noc_freq: 2
pu_freq: 1
RUCHE_X: 2
PROXY_W: 16
DIE_W: 4
DIE_H: 4
DIES: 16
BORDER_TILES_PER_DIE: 16
PACK_W: 16
PACK_H: 16
DIES_PACK_FACTOR: 4
DIES_PER_PACK: 16
PACKAGES: 1
BOARD_W: 16
BOARD_H: 16
BOARDS: 1
MUX_BUS: 1
DCACHE: 1
PCACHE: 0
PROXY_FACTOR: 1
CACHE_WAYS: 1
TORUS: 1
PHY_NOCS: 1
WIDE_NOC_ID: 0
NOC_CONF: 1
noc_width: 32
hbm_channel_bit_width: 512
ld_st_op_byte_width: 4
PROXY_ROUTING: 0
WITHIN_REGION: 0
WRITE_THROUGH: 1
ASSERT_MODE: 0
GLOBAL_BARRIER: 0
OQ flits: 576 ; 98,304 ; 2
IQ flits: 4,608 ; 786,432 ; 2
OQ messages: 192 ; 49,152 ; 1
IQ messages: 1,536 ; 393,216 ; 1
max_task2 size: 64
io_factor_t2: 8
io_factor_t3: 8
io_factor_t3b: 8

Active SRAM Storage per tile: 5,155 KiB
Total SRAM Storage per tile: 8,192 KiB
Agreggated SRAM Storage: 2,048 MiB

Active DRAM Storage per tile: 0 MiB
Total DRAM Storage per tile: 512 MiB
Agreggated DRAM Storage: 128 GiB

Inter-Die #links: 128
Inter-Die (Gbits): 8,192
Inter-Die (Gbits/mm): 246.342
Bisection BW of Board (Gbits): 8,192
Border IO #Dies: 16
Border IO Die BW (Gbits): 1,024
Off-Board BW Total (Gbits): 16,384
Off-Board BW Density (Gbits/mm): 54
Die side: 8.31 mm
Die border wire density: 246.34 Gbits/mm
HBM wire density: 492.68 Gbits/mm

Tiles per Die: 16 (4x4)
Tile Area: 3.02 mm2, side: 1.74 mm
- Core/Rout Area: 0.72 mm2
- SRAM Area: 2.30 mm2
- SRAM/Logic Ratio: 3.19x

Dies per Package: 16 (4x4)
Die Area: 69.12 mm2, side: 8.31 mm
- Tiles Area: 48.24 mm2
- PHY Area: 11.87 mm2
- MC Area: 9.00 mm2

Packages per Board: 1 (1x1)
Package Area: 5,745.87 mm2, side: 75.80 mm
- IOdie Area: 2,880.00 mm2
- Dies Area: 1,105.87 mm2
- HBM Area: 1,760.00 mm2

Boards: 1 (1x1)
Board Area: 5,745.87 mm2
Total Area: 5,745.87 mm2



ESTIMATED COST OF SILICON AND PACKAGING. ONLY VARIABLE, NO FIXED COSTS
Good dies per wafer 3d: 483
Good dies per wafer 2d: 808
--Dies 3D Cost: 200.31 $
--Dies 2.5D Cost: 119.74 $
--Dies 2D Cost: 119.74 $
--HBM Cost: 960.00 $
--IOdie Cost: 417.03 $
--Packaging Cost 3d: 98.59 $
--Packaging Cost 2.5d: 122.43 $
--Packaging Cost 2d: 80.52 $
SiP Cost 3d: 1,675.94 $
SiP Cost 2.5d: 1,619.20 $
SiP Cost 2d: 617.29 $
--Board Cost: 5.75 $
Total SiPs Cost 3d: 1,681.68 $
Total SiPs Cost 2.5d: 1,624.95 $
Total SiPs Cost 2d: 623.04 $

Perf counters initialized
Mesh connected
Cache structures initialized
Replicas initialized
Allocated Frontier List
Dataset structures initialized


Starting Simulation
INIT epoch: 1
INIT epoch: 1
INIT epoch: 1
INIT epoch: 1
INIT epoch: 1
INIT epoch: 1
INIT epoch: 1
INIT epoch: 1

===PRINTING FRAME STATS

FCollision In Avg:-nan, SD:-nan, Max:572, Min:14
FCollision Out Avg:-nan, SD:-nan, Max:355, Min:6
FCollision End Avg:-nan, SD:-nan, Max:83, Min:0
FTask1 Avg:-nan, SD:-nan, Max:241, Min:0
FTask2 Avg:-nan, SD:-nan, Max:606, Min:0
FTask3 Avg:-nan, SD:-nan, Max:1,294, Min:62
FCore Active Avg:-nan, SD:-nan, Max:90, Min:9
FRouter Active Avg:-nan, SD:-nan, Max:99, Min:20
T1 invocations: 352,850
T2 invocations: 395,345
T3 invocations: 8,992,160
T3b invocations: 0
Total3 invocations: 8,992,160
Total4 invocations: 11,923

T3/T2 ratio: 23
T3b/T3 ratio: 0

T1 avg ex cycles: 37
T2 avg ex cycles: 111
T3&b avg ex cycles: 9
T4 avg ex cycles: 329
Avg. hops NOC1: 4
Avg. latency NOC1 (T2): 7,671
Avg. hops NOC2: 5
Avg. latency NOC2 (T3): 21,968

===PRINTING ACUM STATS at pu_cycles: 100,473

ACollision In Avg:-nan, SD:-nan, Max:572, Min:14
ACollision Out Avg:-nan, SD:-nan, Max:355, Min:6
ACollision End Avg:-nan, SD:-nan, Max:83, Min:0
ATask1 Avg:-nan, SD:-nan, Max:241, Min:0
ATask2 Avg:-nan, SD:-nan, Max:606, Min:0
ATask3 Avg:-nan, SD:-nan, Max:1,294, Min:62
ACore Active Avg:-nan, SD:-nan, Max:90, Min:9
ARouter Active Avg:-nan, SD:-nan, Max:99, Min:20
T1 invocations: 352,850
T2 invocations: 395,345
T3 invocations: 8,992,160
T3b invocations: 0
Total3 invocations: 8,992,160
Total4 invocations: 11,923

T3/T2 ratio: 23
T3b/T3 ratio: 0

T1 avg ex cycles: 37
T2 avg ex cycles: 111
T3&b avg ex cycles: 9
T4 avg ex cycles: 329
Avg. hops NOC1: 4
Avg. latency NOC1 (T2): 7,671
Avg. hops NOC2: 5
Avg. latency NOC2 (T3): 21,968
Number of K Nodes Processed: 1,799
Number of K Edges Processed: 14,188
Node Re-explore factor: 0.43
Edge Re-explore factor: 0.14
Nodes/cy: 18
Edges/cy: 141
TEPS: 951

---DCache---
DCache Size: 429,648
DRAM words: 0
  DHits: 0
  DMisses: 0

---Energy---
Leakage Energy (nJ): 114,098
PU Dyn E (nJ): 760,277
Mem Dyn E (nJ): 8,746,254
Route Dyn E (nJ): 1,385,034
Dynamic Energy (nJ): 10,891,565
Ratio of Dyn/Leak: 95
Total Energy (nJ): 11,005,663
Total Energy (nJ) 3D: 11,635,510
Cores Energy (nJ): 761,396
Route Energy (nJ): 1,415,144
Route Energy (nJ) 3D: 2,044,991
Mem Energy   (nJ): 8,829,124
Mem Energy   (nJ) 3D: 8,829,124
Avg. Power (mW): 109,538.52
Power Density (mW/mm2): 19.06

---Runtime---
Runtime in K cycles: 100.47
Microseconds: 100.47
Time per iteration (ms): 0.10

---Throughput---
GOP/s (aka OPS/ns): 755.38
GOP/s per core: 2.95
GFLOP/s: 226.35
GFLOP/s per core: 0.88
Max Peak GFLOP/s: 4,096.00
Avg. BW GB/s: 4,215.34
Max BW GB/s: 16,384.00

---Traffic---
In-Die bisection_bytes BW (GB/s): 256.00
Inter-board traffic (msg/ns): 0.00, per-link: 0.00
Inter-pack traffic (msg/ns): 0.00, per-link: 0.00
Inter-die traffic (msg/ns): 60.69, per-link: 0.24
Ruche traffic (msg/ns): 223.24, per-link: 0.87
All traffic (msg/ns): 942.17, per-link: 3.68
Inter-die reduction wrt all: 15.53
Inter-board reduction wrt inter-die: inf

---Data Movement---
All traffic (msg): 94,663,115
Arith. Intensity FLOP/Loads: 0.45
Arith. Intensity FLOP/Msgs: 0.24
Arith. Intensity OPS/Loads: 1.50
Arith. Intensity OPS/Msgs: 0.80



===Core Utilization Total=== CORE-S:1;; TIME K cy:100 ;; Nodes Proc: 214,215 -- Edges Proc: 1,448,303

===PRINTING FRAME STATS

FCollision In Avg:120, SD:78, Max:560, Min:3
FCollision Out Avg:105, SD:81, Max:355, Min:0
FCollision End Avg:14, SD:31, Max:100, Min:0
FTask1 Avg:38, SD:68, Max:369, Min:0
FTask2 Avg:103, SD:128, Max:561, Min:0
FTask3 Avg:228, SD:172, Max:1,076, Min:38
FCore Active Avg:24, SD:18, Max:82, Min:3
FRouter Active Avg:53, SD:23, Max:100, Min:8
T1 invocations: 268,404
T2 invocations: 299,565
T3 invocations: 8,453,604
T3b invocations: 0
Total3 invocations: 8,453,604
Total4 invocations: 5,838

T3/T2 ratio: 28
T3b/T3 ratio: 0

T1 avg ex cycles: 36
T2 avg ex cycles: 88
T3&b avg ex cycles: 7
T4 avg ex cycles: 428
Avg. hops NOC1: 3
Avg. latency NOC1 (T2): 19,503
Avg. hops NOC2: 5
Avg. latency NOC2 (T3): 35,328

===PRINTING ACUM STATS at pu_cycles: 200,600

ACollision In Avg:118, SD:72, Max:566, Min:13
ACollision Out Avg:100, SD:71, Max:355, Min:4
ACollision End Avg:12, SD:23, Max:91, Min:0
ATask1 Avg:45, SD:50, Max:264, Min:0
ATask2 Avg:140, SD:110, Max:584, Min:0
ATask3 Avg:280, SD:166, Max:1,185, Min:53
ACore Active Avg:30, SD:15, Max:82, Min:7
ARouter Active Avg:56, SD:20, Max:100, Min:14
T1 invocations: 633,217
T2 invocations: 698,101
T3 invocations: 17,759,021
T3b invocations: 0
Total3 invocations: 17,759,021
Total4 invocations: 17,960

T3/T2 ratio: 25
T3b/T3 ratio: 0

T1 avg ex cycles: 37
T2 avg ex cycles: 102
T3&b avg ex cycles: 8
T4 avg ex cycles: 364
Avg. hops NOC1: 4
Avg. latency NOC1 (T2): 12,693
Avg. hops NOC2: 5
Avg. latency NOC2 (T3): 28,251
Number of K Nodes Processed: 2,575
Number of K Edges Processed: 22,270
Node Re-explore factor: 0.61
Edge Re-explore factor: 0.22
Nodes/cy: 13
Edges/cy: 111
TEPS: 476

---DCache---
DCache Size: 429,648
DRAM words: 0
  DHits: 0
  DMisses: 0

---Energy---
Leakage Energy (nJ): 227,804
PU Dyn E (nJ): 1,323,748
Mem Dyn E (nJ): 15,295,925
Route Dyn E (nJ): 2,560,202
Dynamic Energy (nJ): 19,179,876
Ratio of Dyn/Leak: 84
Total Energy (nJ): 19,407,680
Total Energy (nJ) 3D: 20,579,409
Cores Energy (nJ): 1,325,982
Route Energy (nJ): 2,620,319
Route Energy (nJ) 3D: 3,792,048
Mem Energy   (nJ): 15,461,380
Mem Energy   (nJ) 3D: 15,461,380
Avg. Power (mW): 96,748.16
Power Density (mW/mm2): 16.84

---Runtime---
Runtime in K cycles: 200.60
Microseconds: 200.60
Time per iteration (ms): 0.20

---Throughput---
GOP/s (aka OPS/ns): 654.89
GOP/s per core: 2.56
GFLOP/s: 198.35
GFLOP/s per core: 0.77
Max Peak GFLOP/s: 4,096.00
Avg. BW GB/s: 3,693.58
Max BW GB/s: 16,384.00

---Traffic---
In-Die bisection_bytes BW (GB/s): 256.00
Inter-board traffic (msg/ns): 0.00, per-link: 0.00
Inter-pack traffic (msg/ns): 0.00, per-link: 0.00
Inter-die traffic (msg/ns): 55.42, per-link: 0.22
Ruche traffic (msg/ns): 204.54, per-link: 0.80
All traffic (msg/ns): 883.03, per-link: 3.45
Inter-die reduction wrt all: 15.93
Inter-board reduction wrt inter-die: inf

---Data Movement---
All traffic (msg): 177,135,531
Arith. Intensity FLOP/Loads: 0.44
Arith. Intensity FLOP/Msgs: 0.22
Arith. Intensity OPS/Loads: 1.45
Arith. Intensity OPS/Msgs: 0.74



===Core Utilization Total=== CORE-S:2;; TIME K cy:200 ;; Nodes Proc: 302,532 -- Edges Proc: 2,383,674

===PRINTING FRAME STATS

FCollision In Avg:114, SD:68, Max:471, Min:8
FCollision Out Avg:99, SD:83, Max:322, Min:0
FCollision End Avg:15, SD:31, Max:100, Min:0
FTask1 Avg:41, SD:68, Max:299, Min:0
FTask2 Avg:103, SD:124, Max:524, Min:0
FTask3 Avg:197, SD:163, Max:1,048, Min:24
FCore Active Avg:22, SD:16, Max:84, Min:3
FRouter Active Avg:52, SD:21, Max:100, Min:7
T1 invocations: 295,969
T2 invocations: 346,128
T3 invocations: 7,877,049
T3b invocations: 0
Total3 invocations: 7,877,049
Total4 invocations: 10,277

T3/T2 ratio: 23
T3b/T3 ratio: 0

T1 avg ex cycles: 36
T2 avg ex cycles: 76
T3&b avg ex cycles: 6
T4 avg ex cycles: 279
Avg. hops NOC1: 3
Avg. latency NOC1 (T2): 20,600
Avg. hops NOC2: 5
Avg. latency NOC2 (T3): 38,312

===PRINTING ACUM STATS at pu_cycles: 300,578

ACollision In Avg:117, SD:68, Max:505, Min:20
ACollision Out Avg:99, SD:72, Max:308, Min:3
ACollision End Avg:13, SD:23, Max:91, Min:0
ATask1 Avg:44, SD:50, Max:225, Min:0
ATask2 Avg:128, SD:97, Max:495, Min:0
ATask3 Avg:252, SD:155, Max:1,124, Min:50
ACore Active Avg:27, SD:14, Max:81, Min:5
ARouter Active Avg:55, SD:20, Max:100, Min:12
T1 invocations: 938,303
T2 invocations: 1,042,058
T3 invocations: 25,758,232
T3b invocations: 0
Total3 invocations: 25,758,232
Total4 invocations: 28,380

T3/T2 ratio: 25
T3b/T3 ratio: 0

T1 avg ex cycles: 36
T2 avg ex cycles: 94
T3&b avg ex cycles: 7
T4 avg ex cycles: 334
Avg. hops NOC1: 4
Avg. latency NOC1 (T2): 15,276
Avg. hops NOC2: 5
Avg. latency NOC2 (T3): 31,242
Number of K Nodes Processed: 3,106
Number of K Edges Processed: 30,128
Node Re-explore factor: 0.74
Edge Re-explore factor: 0.30
Nodes/cy: 10
Edges/cy: 100
TEPS: 318

---DCache---
DCache Size: 429,648
DRAM words: 0
  DHits: 0
  DMisses: 0

---Energy---
Leakage Energy (nJ): 341,340
PU Dyn E (nJ): 1,849,588
Mem Dyn E (nJ): 21,316,430
Route Dyn E (nJ): 3,723,009
Dynamic Energy (nJ): 26,889,028
Ratio of Dyn/Leak: 79
Total Energy (nJ): 27,230,368
Total Energy (nJ) 3D: 28,938,685
Cores Energy (nJ): 1,852,934
Route Energy (nJ): 3,813,088
Route Energy (nJ) 3D: 5,521,405
Mem Energy   (nJ): 21,564,346
Mem Energy   (nJ) 3D: 21,564,346
Avg. Power (mW): 90,593.35
Power Density (mW/mm2): 15.77

---Runtime---
Runtime in K cycles: 300.58
Microseconds: 300.58
Time per iteration (ms): 0.30

---Throughput---
GOP/s (aka OPS/ns): 607.56
GOP/s per core: 2.37
GFLOP/s: 185.74
GFLOP/s per core: 0.73
Max Peak GFLOP/s: 4,096.00
Avg. BW GB/s: 3,435.61
Max BW GB/s: 16,384.00

---Traffic---
In-Die bisection_bytes BW (GB/s): 256.00
Inter-board traffic (msg/ns): 0.00, per-link: 0.00
Inter-pack traffic (msg/ns): 0.00, per-link: 0.00
Inter-die traffic (msg/ns): 56.63, per-link: 0.22
Ruche traffic (msg/ns): 194.54, per-link: 0.76
All traffic (msg/ns): 856.75, per-link: 3.35
Inter-die reduction wrt all: 15.13
Inter-board reduction wrt inter-die: inf

---Data Movement---
All traffic (msg): 257,521,504
Arith. Intensity FLOP/Loads: 0.44
Arith. Intensity FLOP/Msgs: 0.22
Arith. Intensity OPS/Loads: 1.43
Arith. Intensity OPS/Msgs: 0.71



===Core Utilization Total=== CORE-S:3;; TIME K cy:300 ;; Nodes Proc: 359,441 -- Edges Proc: 3,173,251

===PRINTING FRAME STATS

FCollision In Avg:114, SD:63, Max:411, Min:5
FCollision Out Avg:96, SD:82, Max:333, Min:0
FCollision End Avg:15, SD:31, Max:100, Min:0
FTask1 Avg:38, SD:64, Max:372, Min:0
FTask2 Avg:104, SD:130, Max:705, Min:0
FTask3 Avg:190, SD:159, Max:978, Min:34
FCore Active Avg:21, SD:15, Max:80, Min:3
FRouter Active Avg:54, SD:21, Max:99, Min:12
T1 invocations: 275,118
T2 invocations: 357,165
T3 invocations: 7,898,839
T3b invocations: 0
Total3 invocations: 7,898,839
Total4 invocations: 12,089

T3/T2 ratio: 22
T3b/T3 ratio: 0

T1 avg ex cycles: 36
T2 avg ex cycles: 74
T3&b avg ex cycles: 6
T4 avg ex cycles: 224
Avg. hops NOC1: 3
Avg. latency NOC1 (T2): 25,641
Avg. hops NOC2: 5
Avg. latency NOC2 (T3): 43,412

===PRINTING ACUM STATS at pu_cycles: 400,632

ACollision In Avg:116, SD:64, Max:468, Min:20
ACollision Out Avg:99, SD:72, Max:314, Min:3
ACollision End Avg:13, SD:23, Max:93, Min:0
ATask1 Avg:43, SD:46, Max:179, Min:0
ATask2 Avg:121, SD:88, Max:495, Min:0
ATask3 Avg:237, SD:149, Max:1,088, Min:47
ACore Active Avg:26, SD:13, Max:74, Min:5
ARouter Active Avg:54, SD:19, Max:100, Min:13
T1 invocations: 1,203,433
T2 invocations: 1,360,866
T3 invocations: 33,245,398
T3b invocations: 0
Total3 invocations: 33,245,398
Total4 invocations: 40,315

T3/T2 ratio: 24
T3b/T3 ratio: 0

T1 avg ex cycles: 36
T2 avg ex cycles: 89
T3&b avg ex cycles: 7
T4 avg ex cycles: 300
Avg. hops NOC1: 4
Avg. latency NOC1 (T2): 18,289
Avg. hops NOC2: 5
Avg. latency NOC2 (T3): 34,016
Number of K Nodes Processed: 3,560
Number of K Edges Processed: 37,907
Node Re-explore factor: 0.85
Edge Re-explore factor: 0.37
Nodes/cy: 9
Edges/cy: 95
TEPS: 239

---DCache---
DCache Size: 429,648
DRAM words: 0
  DHits: 0
  DMisses: 0

---Energy---
Leakage Energy (nJ): 454,963
PU Dyn E (nJ): 2,326,675
Mem Dyn E (nJ): 26,797,007
Route Dyn E (nJ): 4,852,972
Dynamic Energy (nJ): 33,976,654
Ratio of Dyn/Leak: 75
Total Energy (nJ): 34,431,617
Total Energy (nJ) 3D: 36,647,842
Cores Energy (nJ): 2,331,135
Route Energy (nJ): 4,973,034
Route Energy (nJ) 3D: 7,189,259
Mem Energy   (nJ): 27,127,449
Mem Energy   (nJ) 3D: 27,127,449
Avg. Power (mW): 85,943.25
Power Density (mW/mm2): 14.96

---Runtime---
Runtime in K cycles: 400.63
Microseconds: 400.63
Time per iteration (ms): 0.40

---Throughput---
GOP/s (aka OPS/ns): 570.82
GOP/s per core: 2.23
GFLOP/s: 175.94
GFLOP/s per core: 0.69
Max Peak GFLOP/s: 4,096.00
Avg. BW GB/s: 3,240.54
Max BW GB/s: 16,384.00

---Traffic---
In-Die bisection_bytes BW (GB/s): 256.00
Inter-board traffic (msg/ns): 0.00, per-link: 0.00
Inter-pack traffic (msg/ns): 0.00, per-link: 0.00
Inter-die traffic (msg/ns): 57.61, per-link: 0.23
Ruche traffic (msg/ns): 190.07, per-link: 0.74
All traffic (msg/ns): 836.33, per-link: 3.27
Inter-die reduction wrt all: 14.52
Inter-board reduction wrt inter-die: inf

---Data Movement---
All traffic (msg): 335,060,589
Arith. Intensity FLOP/Loads: 0.44
Arith. Intensity FLOP/Msgs: 0.21
Arith. Intensity OPS/Loads: 1.42
Arith. Intensity OPS/Msgs: 0.68



===Core Utilization Total=== CORE-S:4;; TIME K cy:400 ;; Nodes Proc: 407,961 -- Edges Proc: 3,851,709

===PRINTING FRAME STATS

FCollision In Avg:110, SD:61, Max:423, Min:0
FCollision Out Avg:92, SD:80, Max:313, Min:0
FCollision End Avg:13, SD:31, Max:100, Min:0
FTask1 Avg:42, SD:68, Max:313, Min:0
FTask2 Avg:89, SD:116, Max:542, Min:0
FTask3 Avg:176, SD:159, Max:923, Min:25
FCore Active Avg:20, SD:15, Max:82, Min:2
FRouter Active Avg:51, SD:20, Max:96, Min:9
T1 invocations: 301,215
T2 invocations: 315,522
T3 invocations: 7,552,207
T3b invocations: 0
Total3 invocations: 7,552,207
Total4 invocations: 14,372

T3/T2 ratio: 24
T3b/T3 ratio: 0

T1 avg ex cycles: 36
T2 avg ex cycles: 72
T3&b avg ex cycles: 6
T4 avg ex cycles: 206
Avg. hops NOC1: 3
Avg. latency NOC1 (T2): 25,677
Avg. hops NOC2: 5
Avg. latency NOC2 (T3): 43,227

===PRINTING ACUM STATS at pu_cycles: 500,547

ACollision In Avg:115, SD:61, Max:449, Min:20
ACollision Out Avg:97, SD:71, Max:294, Min:2
ACollision End Avg:13, SD:22, Max:92, Min:0
ATask1 Avg:44, SD:43, Max:174, Min:0
ATask2 Avg:115, SD:80, Max:331, Min:0
ATask3 Avg:226, SD:144, Max:1,055, Min:43
ACore Active Avg:25, SD:13, Max:73, Min:4
ARouter Active Avg:54, SD:18, Max:98, Min:13
T1 invocations: 1,522,591
T2 invocations: 1,702,757
T3 invocations: 41,067,812
T3b invocations: 0
Total3 invocations: 41,067,812
Total4 invocations: 54,545

T3/T2 ratio: 24
T3b/T3 ratio: 0

T1 avg ex cycles: 36
T2 avg ex cycles: 85
T3&b avg ex cycles: 7
T4 avg ex cycles: 278
Avg. hops NOC1: 4
Avg. latency NOC1 (T2): 19,374
Avg. hops NOC2: 5
Avg. latency NOC2 (T3): 35,675
Number of K Nodes Processed: 3,897
Number of K Edges Processed: 44,856
Node Re-explore factor: 0.93
Edge Re-explore factor: 0.44
Nodes/cy: 8
Edges/cy: 90
TEPS: 191

---DCache---
DCache Size: 429,648
DRAM words: 0
  DHits: 0
  DMisses: 0

---Energy---
Leakage Energy (nJ): 568,428
PU Dyn E (nJ): 2,823,452
Mem Dyn E (nJ): 32,444,609
Route Dyn E (nJ): 5,978,318
Dynamic Energy (nJ): 41,246,379
Ratio of Dyn/Leak: 73
Total Energy (nJ): 41,814,807
Total Energy (nJ) 3D: 44,559,669
Cores Energy (nJ): 2,829,024
Route Energy (nJ): 6,128,323
Route Energy (nJ) 3D: 8,873,185
Mem Energy   (nJ): 32,857,460
Mem Energy   (nJ) 3D: 32,857,460
Avg. Power (mW): 83,538.22
Power Density (mW/mm2): 14.54

---Runtime---
Runtime in K cycles: 500.55
Microseconds: 500.55
Time per iteration (ms): 0.50

---Throughput---
GOP/s (aka OPS/ns): 554.15
GOP/s per core: 2.16
GFLOP/s: 170.96
GFLOP/s per core: 0.67
Max Peak GFLOP/s: 4,096.00
Avg. BW GB/s: 3,140.50
Max BW GB/s: 16,384.00

---Traffic---
In-Die bisection_bytes BW (GB/s): 256.00
Inter-board traffic (msg/ns): 0.00, per-link: 0.00
Inter-pack traffic (msg/ns): 0.00, per-link: 0.00
Inter-die traffic (msg/ns): 57.37, per-link: 0.22
Ruche traffic (msg/ns): 184.56, per-link: 0.72
All traffic (msg/ns): 825.13, per-link: 3.22
Inter-die reduction wrt all: 14.38
Inter-board reduction wrt inter-die: inf

---Data Movement---
All traffic (msg): 413,016,548
Arith. Intensity FLOP/Loads: 0.44
Arith. Intensity FLOP/Msgs: 0.21
Arith. Intensity OPS/Loads: 1.42
Arith. Intensity OPS/Msgs: 0.67



===Core Utilization Total=== CORE-S:5;; TIME K cy:500 ;; Nodes Proc: 443,269 -- Edges Proc: 4,489,747

===PRINTING FRAME STATS

FCollision In Avg:107, SD:61, Max:496, Min:0
FCollision Out Avg:90, SD:80, Max:330, Min:0
FCollision End Avg:12, SD:30, Max:100, Min:0
FTask1 Avg:42, SD:71, Max:451, Min:0
FTask2 Avg:90, SD:108, Max:519, Min:0
FTask3 Avg:164, SD:154, Max:960, Min:32
FCore Active Avg:19, SD:15, Max:95, Min:2
FRouter Active Avg:50, SD:20, Max:97, Min:10
T1 invocations: 299,943
T2 invocations: 326,758
T3 invocations: 7,221,436
T3b invocations: 0
Total3 invocations: 7,221,436
Total4 invocations: 14,427

T3/T2 ratio: 22
T3b/T3 ratio: 0

T1 avg ex cycles: 36
T2 avg ex cycles: 71
T3&b avg ex cycles: 6
T4 avg ex cycles: 204
Avg. hops NOC1: 3
Avg. latency NOC1 (T2): 23,534
Avg. hops NOC2: 5
Avg. latency NOC2 (T3): 41,904

===PRINTING ACUM STATS at pu_cycles: 600,711

ACollision In Avg:114, SD:59, Max:457, Min:19
ACollision Out Avg:96, SD:70, Max:287, Min:2
ACollision End Avg:13, SD:22, Max:93, Min:0
ATask1 Avg:43, SD:38, Max:127, Min:0
ATask2 Avg:110, SD:73, Max:284, Min:0
ATask3 Avg:215, SD:139, Max:1,039, Min:42
ACore Active Avg:24, SD:12, Max:74, Min:4
ARouter Active Avg:53, SD:17, Max:98, Min:13
T1 invocations: 1,833,557
T2 invocations: 2,040,051
T3 invocations: 48,646,865
T3b invocations: 0
Total3 invocations: 48,646,865
Total4 invocations: 69,691

T3/T2 ratio: 24
T3b/T3 ratio: 0

T1 avg ex cycles: 36
T2 avg ex cycles: 83
T3&b avg ex cycles: 7
T4 avg ex cycles: 262
Avg. hops NOC1: 4
Avg. latency NOC1 (T2): 19,945
Avg. hops NOC2: 5
Avg. latency NOC2 (T3): 36,558
Number of K Nodes Processed: 4,181
Number of K Edges Processed: 51,805
Node Re-explore factor: 0.99
Edge Re-explore factor: 0.51
Nodes/cy: 7
Edges/cy: 86
TEPS: 159

---DCache---
DCache Size: 429,648
DRAM words: 0
  DHits: 0
  DMisses: 0

---Energy---
Leakage Energy (nJ): 682,175
PU Dyn E (nJ): 3,308,411
Mem Dyn E (nJ): 37,944,870
Route Dyn E (nJ): 7,079,851
Dynamic Energy (nJ): 48,333,133
Ratio of Dyn/Leak: 71
Total Energy (nJ): 49,015,308
Total Energy (nJ) 3D: 52,285,569
Cores Energy (nJ): 3,315,098
Route Energy (nJ): 7,259,874
Route Energy (nJ) 3D: 10,530,135
Mem Energy   (nJ): 38,440,337
Mem Energy   (nJ) 3D: 38,440,337
Avg. Power (mW): 81,595.49
Power Density (mW/mm2): 14.20

---Runtime---
Runtime in K cycles: 600.71
Microseconds: 600.71
Time per iteration (ms): 0.60

---Throughput---
GOP/s (aka OPS/ns): 539.97
GOP/s per core: 2.11
GFLOP/s: 167.20
GFLOP/s per core: 0.65
Max Peak GFLOP/s: 4,096.00
Avg. BW GB/s: 3,060.57
Max BW GB/s: 16,384.00

---Traffic---
In-Die bisection_bytes BW (GB/s): 256.00
Inter-board traffic (msg/ns): 0.00, per-link: 0.00
Inter-pack traffic (msg/ns): 0.00, per-link: 0.00
Inter-die traffic (msg/ns): 56.53, per-link: 0.22
Ruche traffic (msg/ns): 179.65, per-link: 0.70
All traffic (msg/ns): 814.29, per-link: 3.18
Inter-die reduction wrt all: 14.40
Inter-board reduction wrt inter-die: inf

---Data Movement---
All traffic (msg): 489,150,355
Arith. Intensity FLOP/Loads: 0.44
Arith. Intensity FLOP/Msgs: 0.21
Arith. Intensity OPS/Loads: 1.42
Arith. Intensity OPS/Msgs: 0.66



===Core Utilization Total=== CORE-S:6;; TIME K cy:600 ;; Nodes Proc: 470,638 -- Edges Proc: 5,317,943

===PRINTING FRAME STATS

FCollision In Avg:97, SD:70, Max:520, Min:0
FCollision Out Avg:89, SD:84, Max:333, Min:0
FCollision End Avg:13, SD:31, Max:100, Min:0
FTask1 Avg:32, SD:56, Max:500, Min:0
FTask2 Avg:72, SD:100, Max:717, Min:0
FTask3 Avg:131, SD:141, Max:1,007, Min:22
FCore Active Avg:15, SD:14, Max:90, Min:1
FRouter Active Avg:43, SD:20, Max:100, Min:6
T1 invocations: 231,420
T2 invocations: 267,286
T3 invocations: 5,831,907
T3b invocations: 0
Total3 invocations: 5,831,907
Total4 invocations: 15,856

T3/T2 ratio: 22
T3b/T3 ratio: 0

T1 avg ex cycles: 36
T2 avg ex cycles: 69
T3&b avg ex cycles: 6
T4 avg ex cycles: 151
Avg. hops NOC1: 4
Avg. latency NOC1 (T2): 23,906
Avg. hops NOC2: 5
Avg. latency NOC2 (T3): 40,996

===PRINTING ACUM STATS at pu_cycles: 700,522

ACollision In Avg:111, SD:59, Max:466, Min:17
ACollision Out Avg:95, SD:71, Max:293, Min:2
ACollision End Avg:13, SD:23, Max:94, Min:0
ATask1 Avg:41, SD:34, Max:112, Min:0
ATask2 Avg:105, SD:66, Max:258, Min:0
ATask3 Avg:203, SD:134, Max:1,034, Min:40
ACore Active Avg:23, SD:11, Max:72, Min:4
ARouter Active Avg:52, SD:17, Max:98, Min:13
T1 invocations: 2,053,969
T2 invocations: 2,298,919
T3 invocations: 54,370,043
T3b invocations: 0
Total3 invocations: 54,370,043
Total4 invocations: 85,375

T3/T2 ratio: 24
T3b/T3 ratio: 0

T1 avg ex cycles: 36
T2 avg ex cycles: 82
T3&b avg ex cycles: 7
T4 avg ex cycles: 241
Avg. hops NOC1: 4
Avg. latency NOC1 (T2): 20,471
Avg. hops NOC2: 5
Avg. latency NOC2 (T3): 37,060
Number of K Nodes Processed: 4,394
Number of K Edges Processed: 57,329
Node Re-explore factor: 1.04
Edge Re-explore factor: 0.57
Nodes/cy: 6
Edges/cy: 82
TEPS: 136

---DCache---
DCache Size: 429,648
DRAM words: 0
  DHits: 0
  DMisses: 0

---Energy---
Leakage Energy (nJ): 795,522
PU Dyn E (nJ): 3,668,224
Mem Dyn E (nJ): 42,040,660
Route Dyn E (nJ): 7,947,446
Dynamic Energy (nJ): 53,656,330
Ratio of Dyn/Leak: 67
Total Energy (nJ): 54,451,852
Total Energy (nJ) 3D: 58,122,847
Cores Energy (nJ): 3,676,022
Route Energy (nJ): 8,157,380
Route Energy (nJ) 3D: 11,828,374
Mem Energy   (nJ): 42,618,450
Mem Energy   (nJ) 3D: 42,618,450
Avg. Power (mW): 77,730.40
Power Density (mW/mm2): 13.53

---Runtime---
Runtime in K cycles: 700.52
Microseconds: 700.52
Time per iteration (ms): 0.70

---Throughput---
GOP/s (aka OPS/ns): 512.57
GOP/s per core: 2.00
GFLOP/s: 159.17
GFLOP/s per core: 0.62
Max Peak GFLOP/s: 4,096.00
Avg. BW GB/s: 2,907.86
Max BW GB/s: 16,384.00

---Traffic---
In-Die bisection_bytes BW (GB/s): 256.00
Inter-board traffic (msg/ns): 0.00, per-link: 0.00
Inter-pack traffic (msg/ns): 0.00, per-link: 0.00
Inter-die traffic (msg/ns): 54.21, per-link: 0.21
Ruche traffic (msg/ns): 173.15, per-link: 0.68
All traffic (msg/ns): 783.19, per-link: 3.06
Inter-die reduction wrt all: 14.45
Inter-board reduction wrt inter-die: inf

---Data Movement---
All traffic (msg): 548,643,146
Arith. Intensity FLOP/Loads: 0.44
Arith. Intensity FLOP/Msgs: 0.20
Arith. Intensity OPS/Loads: 1.41
Arith. Intensity OPS/Msgs: 0.65



===Core Utilization Total=== CORE-S:7;; TIME K cy:700 ;; Nodes Proc: 493,252 -- Edges Proc: 5,772,778

===PRINTING FRAME STATS

FCollision In Avg:85, SD:69, Max:447, Min:0
FCollision Out Avg:75, SD:78, Max:295, Min:0
FCollision End Avg:12, SD:30, Max:100, Min:0
FTask1 Avg:28, SD:51, Max:326, Min:0
FTask2 Avg:62, SD:91, Max:606, Min:0
FTask3 Avg:113, SD:130, Max:1,008, Min:19
FCore Active Avg:13, SD:13, Max:68, Min:1
FRouter Active Avg:38, SD:19, Max:100, Min:4
T1 invocations: 203,270
T2 invocations: 226,116
T3 invocations: 5,039,879
T3b invocations: 0
Total3 invocations: 5,039,879
Total4 invocations: 18,164

T3/T2 ratio: 22
T3b/T3 ratio: 0

T1 avg ex cycles: 35
T2 avg ex cycles: 71
T3&b avg ex cycles: 6
T4 avg ex cycles: 119
Avg. hops NOC1: 4
Avg. latency NOC1 (T2): 29,806
Avg. hops NOC2: 5
Avg. latency NOC2 (T3): 43,396

===PRINTING ACUM STATS at pu_cycles: 801,043

ACollision In Avg:108, SD:59, Max:464, Min:15
ACollision Out Avg:92, SD:70, Max:286, Min:2
ACollision End Avg:13, SD:23, Max:95, Min:0
ATask1 Avg:40, SD:31, Max:100, Min:0
ATask2 Avg:100, SD:59, Max:223, Min:0
ATask3 Avg:192, SD:128, Max:1,031, Min:39
ACore Active Avg:21, SD:11, Max:70, Min:4
ARouter Active Avg:50, SD:16, Max:99, Min:12
T1 invocations: 2,273,717
T2 invocations: 2,531,663
T3 invocations: 59,395,442
T3b invocations: 0
Total3 invocations: 59,395,442
Total4 invocations: 103,915

T3/T2 ratio: 23
T3b/T3 ratio: 0

T1 avg ex cycles: 36
T2 avg ex cycles: 81
T3&b avg ex cycles: 7
T4 avg ex cycles: 220
Avg. hops NOC1: 4
Avg. latency NOC1 (T2): 21,254
Avg. hops NOC2: 5
Avg. latency NOC2 (T3): 37,667
Number of K Nodes Processed: 4,571
Number of K Edges Processed: 62,092
Node Re-explore factor: 1.09
Edge Re-explore factor: 0.61
Nodes/cy: 6
Edges/cy: 78
TEPS: 119

---DCache---
DCache Size: 429,648
DRAM words: 0
  DHits: 0
  DMisses: 0

---Energy---
Leakage Energy (nJ): 909,675
PU Dyn E (nJ): 3,995,313
Mem Dyn E (nJ): 45,730,243
Route Dyn E (nJ): 8,711,775
Dynamic Energy (nJ): 58,437,332
Ratio of Dyn/Leak: 64
Total Energy (nJ): 59,347,007
Total Energy (nJ) 3D: 63,373,664
Cores Energy (nJ): 4,004,231
Route Energy (nJ): 8,951,833
Route Energy (nJ) 3D: 12,978,490
Mem Energy   (nJ): 46,390,944
Mem Energy   (nJ) 3D: 46,390,944
Avg. Power (mW): 74,087.17
Power Density (mW/mm2): 12.89

---Runtime---
Runtime in K cycles: 801.04
Microseconds: 801.04
Time per iteration (ms): 0.80

---Throughput---
GOP/s (aka OPS/ns): 488.10
GOP/s per core: 1.91
GFLOP/s: 151.64
GFLOP/s per core: 0.59
Max Peak GFLOP/s: 4,096.00
Avg. BW GB/s: 2,766.17
Max BW GB/s: 16,384.00

---Traffic---
In-Die bisection_bytes BW (GB/s): 256.00
Inter-board traffic (msg/ns): 0.00, per-link: 0.00
Inter-pack traffic (msg/ns): 0.00, per-link: 0.00
Inter-die traffic (msg/ns): 51.75, per-link: 0.20
Ruche traffic (msg/ns): 165.94, per-link: 0.65
All traffic (msg/ns): 750.31, per-link: 2.93
Inter-die reduction wrt all: 14.50
Inter-board reduction wrt inter-die: inf

---Data Movement---
All traffic (msg): 601,027,491
Arith. Intensity FLOP/Loads: 0.44
Arith. Intensity FLOP/Msgs: 0.20
Arith. Intensity OPS/Loads: 1.41
Arith. Intensity OPS/Msgs: 0.65



===Core Utilization Total=== CORE-S:8;; TIME K cy:800 ;; Nodes Proc: 516,436 -- Edges Proc: 6,253,650

===PRINTING FRAME STATS

FCollision In Avg:81, SD:62, Max:427, Min:0
FCollision Out Avg:71, SD:73, Max:278, Min:0
FCollision End Avg:11, SD:29, Max:100, Min:0
FTask1 Avg:34, SD:60, Max:510, Min:0
FTask2 Avg:75, SD:96, Max:525, Min:0
FTask3 Avg:133, SD:136, Max:987, Min:25
FCore Active Avg:16, SD:13, Max:76, Min:2
FRouter Active Avg:44, SD:20, Max:99, Min:6
T1 invocations: 247,369
T2 invocations: 269,110
T3 invocations: 5,894,664
T3b invocations: 0
Total3 invocations: 5,894,664
Total4 invocations: 20,640

T3/T2 ratio: 22
T3b/T3 ratio: 0

T1 avg ex cycles: 36
T2 avg ex cycles: 71
T3&b avg ex cycles: 6
T4 avg ex cycles: 124
Avg. hops NOC1: 4
Avg. latency NOC1 (T2): 28,782
Avg. hops NOC2: 5
Avg. latency NOC2 (T3): 43,890

===PRINTING ACUM STATS at pu_cycles: 900,601

ACollision In Avg:105, SD:58, Max:460, Min:13
ACollision Out Avg:90, SD:70, Max:278, Min:2
ACollision End Avg:13, SD:23, Max:95, Min:0
ATask1 Avg:39, SD:28, Max:94, Min:0
ATask2 Avg:97, SD:54, Max:206, Min:0
ATask3 Avg:185, SD:124, Max:1,026, Min:38
ACore Active Avg:21, SD:10, Max:68, Min:3
ARouter Active Avg:49, SD:16, Max:99, Min:12
T1 invocations: 2,516,765
T2 invocations: 2,796,410
T3 invocations: 65,335,158
T3b invocations: 0
Total3 invocations: 65,335,158
Total4 invocations: 124,036

T3/T2 ratio: 23
T3b/T3 ratio: 0

T1 avg ex cycles: 36
T2 avg ex cycles: 80
T3&b avg ex cycles: 7
T4 avg ex cycles: 205
Avg. hops NOC1: 4
Avg. latency NOC1 (T2): 22,007
Avg. hops NOC2: 5
Avg. latency NOC2 (T3): 38,222
Number of K Nodes Processed: 4,788
Number of K Edges Processed: 67,952
Node Re-explore factor: 1.14
Edge Re-explore factor: 0.67
Nodes/cy: 5
Edges/cy: 75
TEPS: 106

---DCache---
DCache Size: 429,648
DRAM words: 0
  DHits: 0
  DMisses: 0

---Energy---
Leakage Energy (nJ): 1,022,734
PU Dyn E (nJ): 4,374,831
Mem Dyn E (nJ): 50,029,900
Route Dyn E (nJ): 9,614,329
Dynamic Energy (nJ): 64,019,060
Ratio of Dyn/Leak: 63
Total Energy (nJ): 65,041,794
Total Energy (nJ) 3D: 69,482,373
Cores Energy (nJ): 4,384,856
Route Energy (nJ): 9,884,223
Route Energy (nJ) 3D: 14,324,802
Mem Energy   (nJ): 50,772,715
Mem Energy   (nJ) 3D: 50,772,715
Avg. Power (mW): 72,220.43
Power Density (mW/mm2): 12.57

---Runtime---
Runtime in K cycles: 900.60
Microseconds: 900.60
Time per iteration (ms): 0.90

---Throughput---
GOP/s (aka OPS/ns): 474.94
GOP/s per core: 1.86
GFLOP/s: 147.80
GFLOP/s per core: 0.58
Max Peak GFLOP/s: 4,096.00
Avg. BW GB/s: 2,691.74
Max BW GB/s: 16,384.00

---Traffic---
In-Die bisection_bytes BW (GB/s): 256.00
Inter-board traffic (msg/ns): 0.00, per-link: 0.00
Inter-pack traffic (msg/ns): 0.00, per-link: 0.00
Inter-die traffic (msg/ns): 50.89, per-link: 0.20
Ruche traffic (msg/ns): 163.08, per-link: 0.64
All traffic (msg/ns): 736.05, per-link: 2.88
Inter-die reduction wrt all: 14.46
Inter-board reduction wrt inter-die: inf

---Data Movement---
All traffic (msg): 662,884,921
Arith. Intensity FLOP/Loads: 0.44
Arith. Intensity FLOP/Msgs: 0.20
Arith. Intensity OPS/Loads: 1.41
Arith. Intensity OPS/Msgs: 0.65



===Core Utilization Total=== CORE-S:9;; TIME K cy:900 ;; Nodes Proc: 551,938 -- Edges Proc: 7,260,890

===PRINTING FRAME STATS

FCollision In Avg:79, SD:60, Max:416, Min:0
FCollision Out Avg:63, SD:66, Max:265, Min:0
FCollision End Avg:9, SD:26, Max:100, Min:0
FTask1 Avg:40, SD:62, Max:338, Min:0
FTask2 Avg:89, SD:102, Max:591, Min:0
FTask3 Avg:147, SD:144, Max:981, Min:27
FCore Active Avg:18, SD:13, Max:66, Min:3
FRouter Active Avg:50, SD:20, Max:100, Min:11
T1 invocations: 288,904
T2 invocations: 335,339
T3 invocations: 6,683,413
T3b invocations: 0
Total3 invocations: 6,683,413
Total4 invocations: 23,805

T3/T2 ratio: 20
T3b/T3 ratio: 0

T1 avg ex cycles: 36
T2 avg ex cycles: 68
T3&b avg ex cycles: 6
T4 avg ex cycles: 128
Avg. hops NOC1: 4
Avg. latency NOC1 (T2): 26,016
Avg. hops NOC2: 5
Avg. latency NOC2 (T3): 40,835

===PRINTING ACUM STATS at pu_cycles: 1,000,566

ACollision In Avg:102, SD:57, Max:455, Min:12
ACollision Out Avg:87, SD:68, Max:272, Min:2
ACollision End Avg:12, SD:23, Max:95, Min:0
ATask1 Avg:39, SD:26, Max:86, Min:0
ATask2 Avg:96, SD:48, Max:188, Min:0
ATask3 Avg:182, SD:121, Max:1,022, Min:40
ACore Active Avg:21, SD:10, Max:68, Min:4
ARouter Active Avg:49, SD:15, Max:99, Min:13
T1 invocations: 2,799,160
T2 invocations: 3,131,112
T3 invocations: 71,802,613
T3b invocations: 0
Total3 invocations: 71,802,613
Total4 invocations: 148,276

T3/T2 ratio: 23
T3b/T3 ratio: 0

T1 avg ex cycles: 36
T2 avg ex cycles: 78
T3&b avg ex cycles: 6
T4 avg ex cycles: 191
Avg. hops NOC1: 4
Avg. latency NOC1 (T2): 22,410
Avg. hops NOC2: 5
Avg. latency NOC2 (T3): 38,496
Number of K Nodes Processed: 4,985
Number of K Edges Processed: 74,785
Node Re-explore factor: 1.19
Edge Re-explore factor: 0.74
Nodes/cy: 5
Edges/cy: 75
TEPS: 96

---DCache---
DCache Size: 429,648
DRAM words: 0
  DHits: 0
  DMisses: 0

---Energy---
Leakage Energy (nJ): 1,136,256
PU Dyn E (nJ): 4,803,868
Mem Dyn E (nJ): 54,863,929
Route Dyn E (nJ): 10,695,458
Dynamic Energy (nJ): 70,363,256
Ratio of Dyn/Leak: 62
Total Energy (nJ): 71,499,512
Total Energy (nJ) 3D: 76,442,162
Cores Energy (nJ): 4,815,007
Route Energy (nJ): 10,995,310
Route Energy (nJ) 3D: 15,937,960
Mem Energy   (nJ): 55,689,196
Mem Energy   (nJ) 3D: 55,689,196
Avg. Power (mW): 71,459.07
Power Density (mW/mm2): 12.44

---Runtime---
Runtime in K cycles: 1,000.57
Microseconds: 1,000.57
Time per iteration (ms): 1.00

---Throughput---
GOP/s (aka OPS/ns): 468.71
GOP/s per core: 1.83
GFLOP/s: 146.26
GFLOP/s per core: 0.57
Max Peak GFLOP/s: 4,096.00
Avg. BW GB/s: 2,656.92
Max BW GB/s: 16,384.00

---Traffic---
In-Die bisection_bytes BW (GB/s): 256.00
Inter-board traffic (msg/ns): 0.00, per-link: 0.00
Inter-pack traffic (msg/ns): 0.00, per-link: 0.00
Inter-die traffic (msg/ns): 51.29, per-link: 0.20
Ruche traffic (msg/ns): 162.74, per-link: 0.64
All traffic (msg/ns): 735.30, per-link: 2.87
Inter-die reduction wrt all: 14.33
Inter-board reduction wrt inter-die: inf

---Data Movement---
All traffic (msg): 735,719,479
Arith. Intensity FLOP/Loads: 0.44
Arith. Intensity FLOP/Msgs: 0.20
Arith. Intensity OPS/Loads: 1.41
Arith. Intensity OPS/Msgs: 0.64



===Core Utilization Total=== CORE-S:10;; TIME K cy:1,000 ;; Nodes Proc: 572,960 -- Edges Proc: 8,441,904

===PRINTING FRAME STATS

FCollision In Avg:75, SD:63, Max:341, Min:0
FCollision Out Avg:56, SD:61, Max:254, Min:0
FCollision End Avg:7, SD:22, Max:100, Min:0
FTask1 Avg:43, SD:67, Max:417, Min:0
FTask2 Avg:95, SD:114, Max:605, Min:0
FTask3 Avg:162, SD:164, Max:1,005, Min:28
FCore Active Avg:20, SD:15, Max:82, Min:2
FRouter Active Avg:53, SD:20, Max:100, Min:12
T1 invocations: 307,475
T2 invocations: 337,862
T3 invocations: 7,333,676
T3b invocations: 0
Total3 invocations: 7,333,676
Total4 invocations: 30,309

T3/T2 ratio: 22
T3b/T3 ratio: 0

T1 avg ex cycles: 36
T2 avg ex cycles: 72
T3&b avg ex cycles: 6
T4 avg ex cycles: 109
Avg. hops NOC1: 4
Avg. latency NOC1 (T2): 17,732
Avg. hops NOC2: 5
Avg. latency NOC2 (T3): 34,417

===PRINTING ACUM STATS at pu_cycles: 1,100,559

ACollision In Avg:100, SD:55, Max:444, Min:16
ACollision Out Avg:84, SD:66, Max:263, Min:2
ACollision End Avg:12, SD:22, Max:94, Min:0
ATask1 Avg:40, SD:23, Max:80, Min:0
ATask2 Avg:96, SD:43, Max:173, Min:0
ATask3 Avg:180, SD:119, Max:1,016, Min:41
ACore Active Avg:20, SD:9, Max:68, Min:3
ARouter Active Avg:50, SD:15, Max:99, Min:14
T1 invocations: 3,130,248
T2 invocations: 3,480,439
T3 invocations: 79,527,810
T3b invocations: 0
Total3 invocations: 79,527,810
Total4 invocations: 179,067

T3/T2 ratio: 23
T3b/T3 ratio: 0

T1 avg ex cycles: 36
T2 avg ex cycles: 78
T3&b avg ex cycles: 6
T4 avg ex cycles: 178
Avg. hops NOC1: 4
Avg. latency NOC1 (T2): 21,892
Avg. hops NOC2: 5
Avg. latency NOC2 (T3): 38,037
Number of K Nodes Processed: 5,202
Number of K Edges Processed: 82,078
Node Re-explore factor: 1.24
Edge Re-explore factor: 0.81
Nodes/cy: 5
Edges/cy: 75
TEPS: 87

---DCache---
DCache Size: 429,648
DRAM words: 0
  DHits: 0
  DMisses: 0

---Energy---
Leakage Energy (nJ): 1,249,809
PU Dyn E (nJ): 5,301,011
Mem Dyn E (nJ): 60,468,568
Route Dyn E (nJ): 11,879,941
Dynamic Energy (nJ): 77,649,521
Ratio of Dyn/Leak: 62
Total Energy (nJ): 78,899,330
Total Energy (nJ) 3D: 84,405,847
Cores Energy (nJ): 5,313,263
Route Energy (nJ): 12,209,759
Route Energy (nJ) 3D: 17,716,276
Mem Energy   (nJ): 61,376,309
Mem Energy   (nJ) 3D: 61,376,309
Avg. Power (mW): 71,690.23
Power Density (mW/mm2): 12.48

---Runtime---
Runtime in K cycles: 1,100.56
Microseconds: 1,100.56
Time per iteration (ms): 1.10

---Throughput---
GOP/s (aka OPS/ns): 469.86
GOP/s per core: 1.84
GFLOP/s: 146.82
GFLOP/s per core: 0.57
Max Peak GFLOP/s: 4,096.00
Avg. BW GB/s: 2,662.31
Max BW GB/s: 16,384.00

---Traffic---
In-Die bisection_bytes BW (GB/s): 256.00
Inter-board traffic (msg/ns): 0.00, per-link: 0.00
Inter-pack traffic (msg/ns): 0.00, per-link: 0.00
Inter-die traffic (msg/ns): 51.75, per-link: 0.20
Ruche traffic (msg/ns): 163.22, per-link: 0.64
All traffic (msg/ns): 742.08, per-link: 2.90
Inter-die reduction wrt all: 14.34
Inter-board reduction wrt inter-die: inf

---Data Movement---
All traffic (msg): 816,700,594
Arith. Intensity FLOP/Loads: 0.44
Arith. Intensity FLOP/Msgs: 0.20
Arith. Intensity OPS/Loads: 1.41
Arith. Intensity OPS/Msgs: 0.63



===Core Utilization Total=== CORE-S:11;; TIME K cy:1,100 ;; Nodes Proc: 609,903 -- Edges Proc: 9,372,233

===PRINTING FRAME STATS

FCollision In Avg:71, SD:62, Max:356, Min:0
FCollision Out Avg:54, SD:58, Max:240, Min:0
FCollision End Avg:6, SD:19, Max:100, Min:0
FTask1 Avg:40, SD:70, Max:433, Min:0
FTask2 Avg:84, SD:111, Max:548, Min:0
FTask3 Avg:148, SD:172, Max:963, Min:26
FCore Active Avg:18, SD:16, Max:79, Min:2
FRouter Active Avg:49, SD:21, Max:99, Min:11
T1 invocations: 285,987
T2 invocations: 317,154
T3 invocations: 6,718,937
T3b invocations: 0
Total3 invocations: 6,718,937
Total4 invocations: 27,670

T3/T2 ratio: 21
T3b/T3 ratio: 0

T1 avg ex cycles: 35
T2 avg ex cycles: 68
T3&b avg ex cycles: 6
T4 avg ex cycles: 111
Avg. hops NOC1: 4
Avg. latency NOC1 (T2): 17,072
Avg. hops NOC2: 5
Avg. latency NOC2 (T3): 31,100

===PRINTING ACUM STATS at pu_cycles: 1,200,618

ACollision In Avg:97, SD:54, Max:437, Min:18
ACollision Out Avg:82, SD:64, Max:261, Min:1
ACollision End Avg:11, SD:21, Max:92, Min:0
ATask1 Avg:40, SD:20, Max:73, Min:0
ATask2 Avg:95, SD:38, Max:160, Min:0
ATask3 Avg:177, SD:117, Max:1,009, Min:40
ACore Active Avg:20, SD:9, Max:67, Min:3
ARouter Active Avg:50, SD:15, Max:99, Min:15
T1 invocations: 3,416,235
T2 invocations: 3,797,593
T3 invocations: 86,246,747
T3b invocations: 0
Total3 invocations: 86,246,747
Total4 invocations: 206,737

T3/T2 ratio: 23
T3b/T3 ratio: 0

T1 avg ex cycles: 36
T2 avg ex cycles: 77
T3&b avg ex cycles: 6
T4 avg ex cycles: 169
Avg. hops NOC1: 4
Avg. latency NOC1 (T2): 21,489
Avg. hops NOC2: 5
Avg. latency NOC2 (T3): 37,496
Number of K Nodes Processed: 5,396
Number of K Edges Processed: 88,485
Node Re-explore factor: 1.28
Edge Re-explore factor: 0.87
Nodes/cy: 4
Edges/cy: 74
TEPS: 80

---DCache---
DCache Size: 429,648
DRAM words: 0
  DHits: 0
  DMisses: 0

---Energy---
Leakage Energy (nJ): 1,363,437
PU Dyn E (nJ): 5,730,354
Mem Dyn E (nJ): 65,312,808
Route Dyn E (nJ): 12,916,448
Dynamic Energy (nJ): 83,959,611
Ratio of Dyn/Leak: 62
Total Energy (nJ): 85,323,048
Total Energy (nJ) 3D: 91,312,738
Cores Energy (nJ): 5,743,720
Route Energy (nJ): 13,276,251
Route Energy (nJ) 3D: 19,265,941
Mem Energy   (nJ): 66,303,078
Mem Energy   (nJ) 3D: 66,303,078
Avg. Power (mW): 71,065.94
Power Density (mW/mm2): 12.37

---Runtime---
Runtime in K cycles: 1,200.62
Microseconds: 1,200.62
Time per iteration (ms): 1.20

---Throughput---
GOP/s (aka OPS/ns): 465.46
GOP/s per core: 1.82
GFLOP/s: 145.51
GFLOP/s per core: 0.57
Max Peak GFLOP/s: 4,096.00
Avg. BW GB/s: 2,635.97
Max BW GB/s: 16,384.00

---Traffic---
In-Die bisection_bytes BW (GB/s): 256.00
Inter-board traffic (msg/ns): 0.00, per-link: 0.00
Inter-pack traffic (msg/ns): 0.00, per-link: 0.00
Inter-die traffic (msg/ns): 51.11, per-link: 0.20
Ruche traffic (msg/ns): 162.97, per-link: 0.64
All traffic (msg/ns): 739.24, per-link: 2.89
Inter-die reduction wrt all: 14.47
Inter-board reduction wrt inter-die: inf

---Data Movement---
All traffic (msg): 887,548,901
Arith. Intensity FLOP/Loads: 0.44
Arith. Intensity FLOP/Msgs: 0.20
Arith. Intensity OPS/Loads: 1.41
Arith. Intensity OPS/Msgs: 0.63



===Core Utilization Total=== CORE-S:12;; TIME K cy:1,200 ;; Nodes Proc: 650,837 -- Edges Proc: 10,185,822

===PRINTING FRAME STATS

FCollision In Avg:69, SD:65, Max:326, Min:0
FCollision Out Avg:49, SD:53, Max:207, Min:0
FCollision End Avg:6, SD:21, Max:99, Min:0
FTask1 Avg:37, SD:61, Max:335, Min:0
FTask2 Avg:78, SD:101, Max:506, Min:0
FTask3 Avg:140, SD:158, Max:934, Min:22
FCore Active Avg:17, SD:14, Max:75, Min:2
FRouter Active Avg:48, SD:20, Max:98, Min:10
T1 invocations: 266,893
T2 invocations: 294,836
T3 invocations: 6,386,202
T3b invocations: 0
Total3 invocations: 6,386,202
Total4 invocations: 26,696

T3/T2 ratio: 22
T3b/T3 ratio: 0

T1 avg ex cycles: 36
T2 avg ex cycles: 68
T3&b avg ex cycles: 6
T4 avg ex cycles: 109
Avg. hops NOC1: 4
Avg. latency NOC1 (T2): 23,260
Avg. hops NOC2: 5
Avg. latency NOC2 (T3): 32,681

===PRINTING ACUM STATS at pu_cycles: 1,300,889

ACollision In Avg:95, SD:53, Max:426, Min:17
ACollision Out Avg:79, SD:61, Max:256, Min:1
ACollision End Avg:11, SD:20, Max:89, Min:0
ATask1 Avg:40, SD:17, Max:73, Min:0
ATask2 Avg:94, SD:34, Max:155, Min:0
ATask3 Avg:174, SD:116, Max:1,000, Min:40
ACore Active Avg:20, SD:8, Max:67, Min:4
ARouter Active Avg:50, SD:14, Max:99, Min:17
T1 invocations: 3,683,128
T2 invocations: 4,089,988
T3 invocations: 92,622,899
T3b invocations: 0
Total3 invocations: 92,622,899
Total4 invocations: 233,433

T3/T2 ratio: 23
T3b/T3 ratio: 0

T1 avg ex cycles: 36
T2 avg ex cycles: 76
T3&b avg ex cycles: 6
T4 avg ex cycles: 162
Avg. hops NOC1: 4
Avg. latency NOC1 (T2): 21,594
Avg. hops NOC2: 5
Avg. latency NOC2 (T3): 37,165
Number of K Nodes Processed: 5,565
Number of K Edges Processed: 94,427
Node Re-explore factor: 1.32
Edge Re-explore factor: 0.93
Nodes/cy: 4
Edges/cy: 73
TEPS: 73

---DCache---
DCache Size: 429,648
DRAM words: 0
  DHits: 0
  DMisses: 0

---Energy---
Leakage Energy (nJ): 1,477,306
PU Dyn E (nJ): 6,132,362
Mem Dyn E (nJ): 69,851,975
Route Dyn E (nJ): 13,904,899
Dynamic Energy (nJ): 89,889,237
Ratio of Dyn/Leak: 61
Total Energy (nJ): 91,366,543
Total Energy (nJ) 3D: 97,813,983
Cores Energy (nJ): 6,146,844
Route Energy (nJ): 14,294,751
Route Energy (nJ) 3D: 20,742,191
Mem Energy   (nJ): 70,924,948
Mem Energy   (nJ) 3D: 70,924,948
Avg. Power (mW): 70,233.93
Power Density (mW/mm2): 12.22

---Runtime---
Runtime in K cycles: 1,300.89
Microseconds: 1,300.89
Time per iteration (ms): 1.30

---Throughput---
GOP/s (aka OPS/ns): 459.63
GOP/s per core: 1.80
GFLOP/s: 143.74
GFLOP/s per core: 0.56
Max Peak GFLOP/s: 4,096.00
Avg. BW GB/s: 2,601.91
Max BW GB/s: 16,384.00

---Traffic---
In-Die bisection_bytes BW (GB/s): 256.00
Inter-board traffic (msg/ns): 0.00, per-link: 0.00
Inter-pack traffic (msg/ns): 0.00, per-link: 0.00
Inter-die traffic (msg/ns): 50.53, per-link: 0.20
Ruche traffic (msg/ns): 162.21, per-link: 0.63
All traffic (msg/ns): 734.14, per-link: 2.87
Inter-die reduction wrt all: 14.53
Inter-board reduction wrt inter-die: inf

---Data Movement---
All traffic (msg): 955,029,175
Arith. Intensity FLOP/Loads: 0.44
Arith. Intensity FLOP/Msgs: 0.20
Arith. Intensity OPS/Loads: 1.41
Arith. Intensity OPS/Msgs: 0.63



===Core Utilization Total=== CORE-S:13;; TIME K cy:1,300 ;; Nodes Proc: 676,009 -- Edges Proc: 11,099,718

===PRINTING FRAME STATS

FCollision In Avg:52, SD:57, Max:354, Min:0
FCollision Out Avg:37, SD:48, Max:219, Min:0
FCollision End Avg:5, SD:19, Max:99, Min:0
FTask1 Avg:38, SD:65, Max:365, Min:0
FTask2 Avg:77, SD:105, Max:516, Min:0
FTask3 Avg:133, SD:146, Max:965, Min:23
FCore Active Avg:16, SD:13, Max:69, Min:2
FRouter Active Avg:48, SD:21, Max:99, Min:8
T1 invocations: 275,331
T2 invocations: 305,594
T3 invocations: 6,136,732
T3b invocations: 0
Total3 invocations: 6,136,732
Total4 invocations: 29,947

T3/T2 ratio: 20
T3b/T3 ratio: 0

T1 avg ex cycles: 35
T2 avg ex cycles: 65
T3&b avg ex cycles: 6
T4 avg ex cycles: 101
Avg. hops NOC1: 4
Avg. latency NOC1 (T2): 12,558
Avg. hops NOC2: 5
Avg. latency NOC2 (T3): 26,502

===PRINTING ACUM STATS at pu_cycles: 1,400,576

ACollision In Avg:92, SD:53, Max:420, Min:16
ACollision Out Avg:76, SD:59, Max:251, Min:1
ACollision End Avg:11, SD:19, Max:89, Min:0
ATask1 Avg:39, SD:15, Max:70, Min:0
ATask2 Avg:93, SD:30, Max:153, Min:0
ATask3 Avg:171, SD:114, Max:997, Min:38
ACore Active Avg:20, SD:8, Max:67, Min:4
ARouter Active Avg:49, SD:14, Max:99, Min:18
T1 invocations: 3,952,528
T2 invocations: 4,395,222
T3 invocations: 98,732,551
T3b invocations: 0
Total3 invocations: 98,732,551
Total4 invocations: 263,288

T3/T2 ratio: 22
T3b/T3 ratio: 0

T1 avg ex cycles: 36
T2 avg ex cycles: 75
T3&b avg ex cycles: 6
T4 avg ex cycles: 155
Avg. hops NOC1: 4
Avg. latency NOC1 (T2): 20,970
Avg. hops NOC2: 5
Avg. latency NOC2 (T3): 36,512
Number of K Nodes Processed: 5,709
Number of K Edges Processed: 100,306
Node Re-explore factor: 1.36
Edge Re-explore factor: 0.99
Nodes/cy: 4
Edges/cy: 72
TEPS: 68

---DCache---
DCache Size: 429,648
DRAM words: 0
  DHits: 0
  DMisses: 0

---Energy---
Leakage Energy (nJ): 1,590,512
PU Dyn E (nJ): 6,524,131
Mem Dyn E (nJ): 74,257,182
Route Dyn E (nJ): 14,939,920
Dynamic Energy (nJ): 95,721,234
Ratio of Dyn/Leak: 60
Total Energy (nJ): 97,311,746
Total Energy (nJ) 3D: 104,233,847
Cores Energy (nJ): 6,539,723
Route Energy (nJ): 15,359,647
Route Energy (nJ) 3D: 22,281,748
Mem Energy   (nJ): 75,412,377
Mem Energy   (nJ) 3D: 75,412,377
Avg. Power (mW): 69,479.80
Power Density (mW/mm2): 12.09

---Runtime---
Runtime in K cycles: 1,400.58
Microseconds: 1,400.58
Time per iteration (ms): 1.40

---Throughput---
GOP/s (aka OPS/ns): 454.13
GOP/s per core: 1.77
GFLOP/s: 142.06
GFLOP/s per core: 0.55
Max Peak GFLOP/s: 4,096.00
Avg. BW GB/s: 2,569.14
Max BW GB/s: 16,384.00

---Traffic---
In-Die bisection_bytes BW (GB/s): 256.00
Inter-board traffic (msg/ns): 0.00, per-link: 0.00
Inter-pack traffic (msg/ns): 0.00, per-link: 0.00
Inter-die traffic (msg/ns): 49.99, per-link: 0.20
Ruche traffic (msg/ns): 162.60, per-link: 0.64
All traffic (msg/ns): 731.53, per-link: 2.86
Inter-die reduction wrt all: 14.63
Inter-board reduction wrt inter-die: inf

---Data Movement---
All traffic (msg): 1,024,566,651
Arith. Intensity FLOP/Loads: 0.44
Arith. Intensity FLOP/Msgs: 0.19
Arith. Intensity OPS/Loads: 1.41
Arith. Intensity OPS/Msgs: 0.62



===Core Utilization Total=== CORE-S:14;; TIME K cy:1,400 ;; Nodes Proc: 695,509 -- Edges Proc: 11,833,998

===PRINTING FRAME STATS

FCollision In Avg:41, SD:50, Max:236, Min:0
FCollision Out Avg:25, SD:42, Max:203, Min:0
FCollision End Avg:4, SD:17, Max:98, Min:0
FTask1 Avg:29, SD:57, Max:331, Min:0
FTask2 Avg:60, SD:93, Max:511, Min:0
FTask3 Avg:108, SD:134, Max:869, Min:16
FCore Active Avg:13, SD:13, Max:62, Min:2
FRouter Active Avg:41, SD:23, Max:99, Min:5
T1 invocations: 212,899
T2 invocations: 239,057
T3 invocations: 5,007,568
T3b invocations: 0
Total3 invocations: 5,007,568
Total4 invocations: 26,117

T3/T2 ratio: 21
T3b/T3 ratio: 0

T1 avg ex cycles: 35
T2 avg ex cycles: 64
T3&b avg ex cycles: 6
T4 avg ex cycles: 92
Avg. hops NOC1: 4
Avg. latency NOC1 (T2): 11,629
Avg. hops NOC2: 5
Avg. latency NOC2 (T3): 26,492

===PRINTING ACUM STATS at pu_cycles: 1,500,575

ACollision In Avg:89, SD:51, Max:406, Min:15
ACollision Out Avg:73, SD:57, Max:245, Min:1
ACollision End Avg:10, SD:18, Max:90, Min:0
ATask1 Avg:39, SD:13, Max:67, Min:0
ATask2 Avg:90, SD:26, Max:143, Min:0
ATask3 Avg:167, SD:112, Max:985, Min:37
ACore Active Avg:19, SD:8, Max:67, Min:6
ARouter Active Avg:49, SD:14, Max:99, Min:21
T1 invocations: 4,170,209
T2 invocations: 4,638,447
T3 invocations: 103,746,828
T3b invocations: 0
Total3 invocations: 103,746,828
Total4 invocations: 289,480

T3/T2 ratio: 22
T3b/T3 ratio: 0

T1 avg ex cycles: 36
T2 avg ex cycles: 75
T3&b avg ex cycles: 6
T4 avg ex cycles: 150
Avg. hops NOC1: 4
Avg. latency NOC1 (T2): 20,471
Avg. hops NOC2: 5
Avg. latency NOC2 (T3): 36,028
Number of K Nodes Processed: 5,824
Number of K Edges Processed: 104,864
Node Re-explore factor: 1.38
Edge Re-explore factor: 1.04
Nodes/cy: 4
Edges/cy: 70
TEPS: 64

---DCache---
DCache Size: 429,648
DRAM words: 0
  DHits: 0
  DMisses: 0

---Energy---
Leakage Energy (nJ): 1,704,072
PU Dyn E (nJ): 6,840,484
Mem Dyn E (nJ): 77,818,591
Route Dyn E (nJ): 15,794,252
Dynamic Energy (nJ): 100,453,327
Ratio of Dyn/Leak: 59
Total Energy (nJ): 102,157,399
Total Energy (nJ) 3D: 109,473,324
Cores Energy (nJ): 6,857,188
Route Energy (nJ): 16,243,947
Route Energy (nJ) 3D: 23,559,872
Mem Energy   (nJ): 79,056,265
Mem Energy   (nJ) 3D: 79,056,265
Avg. Power (mW): 68,078.84
Power Density (mW/mm2): 11.85

---Runtime---
Runtime in K cycles: 1,500.58
Microseconds: 1,500.58
Time per iteration (ms): 1.50

---Throughput---
GOP/s (aka OPS/ns): 444.49
GOP/s per core: 1.74
GFLOP/s: 139.00
GFLOP/s per core: 0.54
Max Peak GFLOP/s: 4,096.00
Avg. BW GB/s: 2,512.97
Max BW GB/s: 16,384.00

---Traffic---
In-Die bisection_bytes BW (GB/s): 256.00
Inter-board traffic (msg/ns): 0.00, per-link: 0.00
Inter-pack traffic (msg/ns): 0.00, per-link: 0.00
Inter-die traffic (msg/ns): 49.10, per-link: 0.19
Ruche traffic (msg/ns): 160.77, per-link: 0.63
All traffic (msg/ns): 720.97, per-link: 2.82
Inter-die reduction wrt all: 14.68
Inter-board reduction wrt inter-die: inf

---Data Movement---
All traffic (msg): 1,081,874,543
Arith. Intensity FLOP/Loads: 0.44
Arith. Intensity FLOP/Msgs: 0.19
Arith. Intensity OPS/Loads: 1.41
Arith. Intensity OPS/Msgs: 0.62



===Core Utilization Total=== CORE-S:15;; TIME K cy:1,500 ;; Nodes Proc: 715,786 -- Edges Proc: 12,140,750
======== IT IS COLD ======= Only 9 Tiles active

===PRINTING FRAME STATS

FCollision In Avg:32, SD:48, Max:226, Min:0
FCollision Out Avg:18, SD:34, Max:207, Min:0
FCollision End Avg:3, SD:15, Max:96, Min:0
FTask1 Avg:22, SD:53, Max:408, Min:0
FTask2 Avg:52, SD:100, Max:574, Min:0
FTask3 Avg:84, SD:132, Max:918, Min:8
FCore Active Avg:10, SD:13, Max:77, Min:1
FRouter Active Avg:33, SD:24, Max:99, Min:3
T1 invocations: 159,522
T2 invocations: 189,467
T3 invocations: 3,948,602
T3b invocations: 0
Total3 invocations: 3,948,602
Total4 invocations: 21,334

T3/T2 ratio: 21
T3b/T3 ratio: 0

T1 avg ex cycles: 36
T2 avg ex cycles: 70
T3&b avg ex cycles: 5
T4 avg ex cycles: 84
Avg. hops NOC1: 4
Avg. latency NOC1 (T2): 11,488
Avg. hops NOC2: 5
Avg. latency NOC2 (T3): 22,180

===PRINTING ACUM STATS at pu_cycles: 1,600,537

ACollision In Avg:85, SD:49, Max:389, Min:14
ACollision Out Avg:70, SD:55, Max:239, Min:1
ACollision End Avg:10, SD:17, Max:90, Min:0
ATask1 Avg:38, SD:11, Max:64, Min:0
ATask2 Avg:88, SD:22, Max:135, Min:0
ATask3 Avg:162, SD:108, Max:965, Min:36
ACore Active Avg:19, SD:7, Max:66, Min:6
ARouter Active Avg:48, SD:14, Max:98, Min:23
T1 invocations: 4,336,048
T2 invocations: 4,821,962
T3 invocations: 107,789,722
T3b invocations: 0
Total3 invocations: 107,789,722
Total4 invocations: 310,913

T3/T2 ratio: 22
T3b/T3 ratio: 0

T1 avg ex cycles: 36
T2 avg ex cycles: 75
T3&b avg ex cycles: 6
T4 avg ex cycles: 145
Avg. hops NOC1: 4
Avg. latency NOC1 (T2): 20,138
Avg. hops NOC2: 5
Avg. latency NOC2 (T3): 35,519
Number of K Nodes Processed: 5,905
Number of K Edges Processed: 108,820
Node Re-explore factor: 1.40
Edge Re-explore factor: 1.07
Nodes/cy: 4
Edges/cy: 68
TEPS: 60

---DCache---
DCache Size: 429,648
DRAM words: 0
  DHits: 0
  DMisses: 0

---Energy---
Leakage Energy (nJ): 1,817,591
PU Dyn E (nJ): 7,097,459
Mem Dyn E (nJ): 80,719,298
Route Dyn E (nJ): 16,423,707
Dynamic Energy (nJ): 104,240,464
Ratio of Dyn/Leak: 57
Total Energy (nJ): 106,058,055
Total Energy (nJ) 3D: 113,663,262
Cores Energy (nJ): 7,115,276
Route Energy (nJ): 16,903,359
Route Energy (nJ) 3D: 24,508,565
Mem Energy   (nJ): 82,039,421
Mem Energy   (nJ) 3D: 82,039,421
Avg. Power (mW): 66,264.04
Power Density (mW/mm2): 11.53

---Runtime---
Runtime in K cycles: 1,600.54
Microseconds: 1,600.54
Time per iteration (ms): 1.60

---Throughput---
GOP/s (aka OPS/ns): 432.09
GOP/s per core: 1.69
GFLOP/s: 135.29
GFLOP/s per core: 0.53
Max Peak GFLOP/s: 4,096.00
Avg. BW GB/s: 2,443.85
Max BW GB/s: 16,384.00

---Traffic---
In-Die bisection_bytes BW (GB/s): 256.00
Inter-board traffic (msg/ns): 0.00, per-link: 0.00
Inter-pack traffic (msg/ns): 0.00, per-link: 0.00
Inter-die traffic (msg/ns): 47.64, per-link: 0.19
Ruche traffic (msg/ns): 157.08, per-link: 0.61
All traffic (msg/ns): 702.77, per-link: 2.75
Inter-die reduction wrt all: 14.75
Inter-board reduction wrt inter-die: inf

---Data Movement---
All traffic (msg): 1,124,810,510
Arith. Intensity FLOP/Loads: 0.44
Arith. Intensity FLOP/Msgs: 0.19
Arith. Intensity OPS/Loads: 1.41
Arith. Intensity OPS/Msgs: 0.61



===Core Utilization Total=== CORE-S:16;; TIME K cy:1,600 ;; Nodes Proc: 727,720 -- Edges Proc: 12,526,589
======== IT IS COLD ======= Only 6 Tiles active

===PRINTING FRAME STATS

FCollision In Avg:31, SD:45, Max:211, Min:0
FCollision Out Avg:20, SD:37, Max:196, Min:0
FCollision End Avg:3, SD:13, Max:97, Min:0
FTask1 Avg:21, SD:54, Max:387, Min:0
FTask2 Avg:45, SD:90, Max:558, Min:0
FTask3 Avg:76, SD:124, Max:934, Min:9
FCore Active Avg:9, SD:13, Max:70, Min:1
FRouter Active Avg:30, SD:22, Max:97, Min:3
T1 invocations: 152,256
T2 invocations: 169,193
T3 invocations: 3,522,650
T3b invocations: 0
Total3 invocations: 3,522,650
Total4 invocations: 20,510

T3/T2 ratio: 21
T3b/T3 ratio: 0

T1 avg ex cycles: 36
T2 avg ex cycles: 68
T3&b avg ex cycles: 5
T4 avg ex cycles: 84
Avg. hops NOC1: 5
Avg. latency NOC1 (T2): 8,656
Avg. hops NOC2: 5
Avg. latency NOC2 (T3): 22,743

===PRINTING ACUM STATS at pu_cycles: 1,700,186

ACollision In Avg:82, SD:48, Max:378, Min:13
ACollision Out Avg:67, SD:53, Max:234, Min:2
ACollision End Avg:9, SD:17, Max:90, Min:0
ATask1 Avg:37, SD:9, Max:60, Min:0
ATask2 Avg:85, SD:19, Max:128, Min:0
ATask3 Avg:157, SD:106, Max:956, Min:39
ACore Active Avg:18, SD:7, Max:66, Min:7
ARouter Active Avg:47, SD:13, Max:98, Min:23
T1 invocations: 4,496,907
T2 invocations: 4,992,391
T3 invocations: 111,300,717
T3b invocations: 0
Total3 invocations: 111,300,717
Total4 invocations: 331,531

T3/T2 ratio: 22
T3b/T3 ratio: 0

T1 avg ex cycles: 36
T2 avg ex cycles: 74
T3&b avg ex cycles: 6
T4 avg ex cycles: 142
Avg. hops NOC1: 4
Avg. latency NOC1 (T2): 19,745
Avg. hops NOC2: 5
Avg. latency NOC2 (T3): 35,111
Number of K Nodes Processed: 5,980
Number of K Edges Processed: 112,222
Node Re-explore factor: 1.42
Edge Re-explore factor: 1.11
Nodes/cy: 4
Edges/cy: 66
TEPS: 56

---DCache---
DCache Size: 429,648
DRAM words: 0
  DHits: 0
  DMisses: 0

---Energy---
Leakage Energy (nJ): 1,930,753
PU Dyn E (nJ): 7,325,481
Mem Dyn E (nJ): 83,273,203
Route Dyn E (nJ): 17,007,947
Dynamic Energy (nJ): 107,606,631
Ratio of Dyn/Leak: 56
Total Energy (nJ): 109,537,384
Total Energy (nJ) 3D: 117,411,203
Cores Energy (nJ): 7,344,407
Route Energy (nJ): 17,517,461
Route Energy (nJ) 3D: 25,391,280
Mem Energy   (nJ): 84,675,517
Mem Energy   (nJ) 3D: 84,675,517
Avg. Power (mW): 64,426.71
Power Density (mW/mm2): 11.21

---Runtime---
Runtime in K cycles: 1,700.19
Microseconds: 1,700.19
Time per iteration (ms): 1.70

---Throughput---
GOP/s (aka OPS/ns): 419.84
GOP/s per core: 1.64
GFLOP/s: 131.45
GFLOP/s per core: 0.51
Max Peak GFLOP/s: 4,096.00
Avg. BW GB/s: 2,373.41
Max BW GB/s: 16,384.00

---Traffic---
In-Die bisection_bytes BW (GB/s): 256.00
Inter-board traffic (msg/ns): 0.00, per-link: 0.00
Inter-pack traffic (msg/ns): 0.00, per-link: 0.00
Inter-die traffic (msg/ns): 46.15, per-link: 0.18
Ruche traffic (msg/ns): 153.51, per-link: 0.60
All traffic (msg/ns): 684.74, per-link: 2.67
Inter-die reduction wrt all: 14.84
Inter-board reduction wrt inter-die: inf

---Data Movement---
All traffic (msg): 1,164,179,254
Arith. Intensity FLOP/Loads: 0.44
Arith. Intensity FLOP/Msgs: 0.19
Arith. Intensity OPS/Loads: 1.41
Arith. Intensity OPS/Msgs: 0.61



===Core Utilization Total=== CORE-S:17;; TIME K cy:1,700 ;; Nodes Proc: 736,188 -- Edges Proc: 12,889,294
======== IT IS COLD ======= Only 16 Tiles active

===PRINTING FRAME STATS

FCollision In Avg:24, SD:48, Max:336, Min:0
FCollision Out Avg:16, SD:33, Max:198, Min:0
FCollision End Avg:3, SD:14, Max:98, Min:0
FTask1 Avg:11, SD:32, Max:270, Min:0
FTask2 Avg:26, SD:61, Max:473, Min:0
FTask3 Avg:49, SD:92, Max:953, Min:5
FCore Active Avg:6, SD:8, Max:68, Min:1
FRouter Active Avg:21, SD:18, Max:97, Min:2
T1 invocations: 76,756
T2 invocations: 95,811
T3 invocations: 2,278,938
T3b invocations: 0
Total3 invocations: 2,278,938
Total4 invocations: 14,643

T3/T2 ratio: 24
T3b/T3 ratio: 0

T1 avg ex cycles: 36
T2 avg ex cycles: 71
T3&b avg ex cycles: 5
T4 avg ex cycles: 66
Avg. hops NOC1: 5
Avg. latency NOC1 (T2): 16,651
Avg. hops NOC2: 5
Avg. latency NOC2 (T3): 29,891

===PRINTING ACUM STATS at pu_cycles: 1,800,244

ACollision In Avg:79, SD:47, Max:375, Min:13
ACollision Out Avg:64, SD:51, Max:230, Min:1
ACollision End Avg:9, SD:16, Max:90, Min:0
ATask1 Avg:35, SD:8, Max:57, Min:0
ATask2 Avg:82, SD:17, Max:121, Min:0
ATask3 Avg:151, SD:102, Max:956, Min:37
ACore Active Avg:17, SD:7, Max:66, Min:7
ARouter Active Avg:45, SD:13, Max:98, Min:24
T1 invocations: 4,572,307
T2 invocations: 5,086,354
T3 invocations: 113,608,925
T3b invocations: 0
Total3 invocations: 113,608,925
Total4 invocations: 346,273

T3/T2 ratio: 22
T3b/T3 ratio: 0

T1 avg ex cycles: 36
T2 avg ex cycles: 74
T3&b avg ex cycles: 6
T4 avg ex cycles: 138
Avg. hops NOC1: 4
Avg. latency NOC1 (T2): 19,693
Avg. hops NOC2: 5
Avg. latency NOC2 (T3): 35,002
Number of K Nodes Processed: 6,024
Number of K Edges Processed: 114,295
Node Re-explore factor: 1.43
Edge Re-explore factor: 1.13
Nodes/cy: 3
Edges/cy: 63
TEPS: 53

---DCache---
DCache Size: 429,648
DRAM words: 0
  DHits: 0
  DMisses: 0

---Energy---
Leakage Energy (nJ): 2,044,380
PU Dyn E (nJ): 7,463,798
Mem Dyn E (nJ): 84,856,548
Route Dyn E (nJ): 17,392,672
Dynamic Energy (nJ): 109,713,018
Ratio of Dyn/Leak: 54
Total Energy (nJ): 111,757,398
Total Energy (nJ) 3D: 119,805,738
Cores Energy (nJ): 7,483,838
Route Energy (nJ): 17,932,171
Route Energy (nJ) 3D: 25,980,512
Mem Energy   (nJ): 86,341,389
Mem Energy   (nJ) 3D: 86,341,389
Avg. Power (mW): 62,079.03
Power Density (mW/mm2): 10.80

---Runtime---
Runtime in K cycles: 1,800.24
Microseconds: 1,800.24
Time per iteration (ms): 1.80

---Throughput---
GOP/s (aka OPS/ns): 403.78
GOP/s per core: 1.58
GFLOP/s: 126.54
GFLOP/s per core: 0.49
Max Peak GFLOP/s: 4,096.00
Avg. BW GB/s: 2,284.12
Max BW GB/s: 16,384.00

---Traffic---
In-Die bisection_bytes BW (GB/s): 256.00
Inter-board traffic (msg/ns): 0.00, per-link: 0.00
Inter-pack traffic (msg/ns): 0.00, per-link: 0.00
Inter-die traffic (msg/ns): 44.39, per-link: 0.17
Ruche traffic (msg/ns): 148.60, per-link: 0.58
All traffic (msg/ns): 661.05, per-link: 2.58
Inter-die reduction wrt all: 14.89
Inter-board reduction wrt inter-die: inf

---Data Movement---
All traffic (msg): 1,190,048,716
Arith. Intensity FLOP/Loads: 0.44
Arith. Intensity FLOP/Msgs: 0.19
Arith. Intensity OPS/Loads: 1.41
Arith. Intensity OPS/Msgs: 0.61



===Core Utilization Total=== CORE-S:18;; TIME K cy:1,800 ;; Nodes Proc: 740,254 -- Edges Proc: 13,201,684
======== IT IS COLD ======= Only 7 Tiles active

===PRINTING FRAME STATS

FCollision In Avg:14, SD:39, Max:337, Min:0
FCollision Out Avg:8, SD:22, Max:186, Min:0
FCollision End Avg:1, SD:9, Max:93, Min:0
FTask1 Avg:11, SD:31, Max:277, Min:0
FTask2 Avg:24, SD:55, Max:319, Min:0
FTask3 Avg:46, SD:85, Max:986, Min:6
FCore Active Avg:5, SD:8, Max:70, Min:1
FRouter Active Avg:19, SD:16, Max:99, Min:2
T1 invocations: 75,975
T2 invocations: 89,040
T3 invocations: 2,151,303
T3b invocations: 0
Total3 invocations: 2,151,303
Total4 invocations: 15,913

T3/T2 ratio: 24
T3b/T3 ratio: 0

T1 avg ex cycles: 36
T2 avg ex cycles: 69
T3&b avg ex cycles: 6
T4 avg ex cycles: 62
Avg. hops NOC1: 4
Avg. latency NOC1 (T2): 11,827
Avg. hops NOC2: 5
Avg. latency NOC2 (T3): 29,648

===PRINTING ACUM STATS at pu_cycles: 1,900,269

ACollision In Avg:75, SD:46, Max:373, Min:12
ACollision Out Avg:61, SD:49, Max:220, Min:1
ACollision End Avg:9, SD:15, Max:85, Min:0
ATask1 Avg:34, SD:7, Max:54, Min:4
ATask2 Avg:79, SD:14, Max:115, Min:5
ATask3 Avg:145, SD:100, Max:958, Min:39
ACore Active Avg:17, SD:6, Max:66, Min:7
ARouter Active Avg:44, SD:13, Max:98, Min:24
T1 invocations: 4,652,841
T2 invocations: 5,179,606
T3 invocations: 115,782,611
T3b invocations: 0
Total3 invocations: 115,782,611
Total4 invocations: 362,180

T3/T2 ratio: 22
T3b/T3 ratio: 0

T1 avg ex cycles: 36
T2 avg ex cycles: 74
T3&b avg ex cycles: 6
T4 avg ex cycles: 135
Avg. hops NOC1: 4
Avg. latency NOC1 (T2): 19,542
Avg. hops NOC2: 5
Avg. latency NOC2 (T3): 34,905
Number of K Nodes Processed: 6,069
Number of K Edges Processed: 116,194
Node Re-explore factor: 1.44
Edge Re-explore factor: 1.15
Nodes/cy: 3
Edges/cy: 61
TEPS: 50

---DCache---
DCache Size: 429,648
DRAM words: 0
  DHits: 0
  DMisses: 0

---Energy---
Leakage Energy (nJ): 2,157,970
PU Dyn E (nJ): 7,596,592
Mem Dyn E (nJ): 86,365,023
Route Dyn E (nJ): 17,735,265
Dynamic Energy (nJ): 111,696,881
Ratio of Dyn/Leak: 52
Total Energy (nJ): 113,854,851
Total Energy (nJ) 3D: 122,057,693
Cores Energy (nJ): 7,617,745
Route Energy (nJ): 18,304,741
Route Energy (nJ) 3D: 26,507,583
Mem Energy   (nJ): 87,932,365
Mem Energy   (nJ) 3D: 87,932,365
Avg. Power (mW): 59,915.12
Power Density (mW/mm2): 10.43

---Runtime---
Runtime in K cycles: 1,900.27
Microseconds: 1,900.27
Time per iteration (ms): 1.90

---Throughput---
GOP/s (aka OPS/ns): 389.27
GOP/s per core: 1.52
GFLOP/s: 122.03
GFLOP/s per core: 0.48
Max Peak GFLOP/s: 4,096.00
Avg. BW GB/s: 2,202.37
Max BW GB/s: 16,384.00

---Traffic---
In-Die bisection_bytes BW (GB/s): 256.00
Inter-board traffic (msg/ns): 0.00, per-link: 0.00
Inter-pack traffic (msg/ns): 0.00, per-link: 0.00
Inter-die traffic (msg/ns): 42.67, per-link: 0.17
Ruche traffic (msg/ns): 143.92, per-link: 0.56
All traffic (msg/ns): 638.52, per-link: 2.49
Inter-die reduction wrt all: 14.96
Inter-board reduction wrt inter-die: inf

---Data Movement---
All traffic (msg): 1,213,353,311
Arith. Intensity FLOP/Loads: 0.44
Arith. Intensity FLOP/Msgs: 0.19
Arith. Intensity OPS/Loads: 1.41
Arith. Intensity OPS/Msgs: 0.61



===Core Utilization Total=== CORE-S:19;; TIME K cy:1,900 ;; Nodes Proc: 744,472 -- Edges Proc: 13,530,297
======== IT IS COLD ======= Only 5 Tiles active

===PRINTING FRAME STATS

FCollision In Avg:12, SD:35, Max:301, Min:0
FCollision Out Avg:7, SD:20, Max:156, Min:0
FCollision End Avg:1, SD:8, Max:92, Min:0
FTask1 Avg:12, SD:53, Max:519, Min:0
FTask2 Avg:24, SD:75, Max:727, Min:0
FTask3 Avg:39, SD:88, Max:985, Min:3
FCore Active Avg:5, SD:10, Max:76, Min:0
FRouter Active Avg:17, SD:16, Max:100, Min:1
T1 invocations: 84,044
T2 invocations: 90,122
T3 invocations: 1,771,989
T3b invocations: 0
Total3 invocations: 1,771,989
Total4 invocations: 13,344

T3/T2 ratio: 20
T3b/T3 ratio: 0

T1 avg ex cycles: 36
T2 avg ex cycles: 67
T3&b avg ex cycles: 6
T4 avg ex cycles: 73
Avg. hops NOC1: 5
Avg. latency NOC1 (T2): 6,371
Avg. hops NOC2: 5
Avg. latency NOC2 (T3): 19,965

===PRINTING ACUM STATS at pu_cycles: 2,000,533

ACollision In Avg:72, SD:45, Max:368, Min:11
ACollision Out Avg:58, SD:47, Max:210, Min:1
ACollision End Avg:8, SD:15, Max:81, Min:0
ATask1 Avg:33, SD:5, Max:52, Min:6
ATask2 Avg:76, SD:12, Max:110, Min:11
ATask3 Avg:140, SD:97, Max:959, Min:44
ACore Active Avg:16, SD:6, Max:66, Min:8
ARouter Active Avg:43, SD:12, Max:98, Min:23
T1 invocations: 4,739,266
T2 invocations: 5,272,288
T3 invocations: 117,581,077
T3b invocations: 0
Total3 invocations: 117,581,077
Total4 invocations: 375,625

T3/T2 ratio: 22
T3b/T3 ratio: 0

T1 avg ex cycles: 36
T2 avg ex cycles: 74
T3&b avg ex cycles: 6
T4 avg ex cycles: 133
Avg. hops NOC1: 4
Avg. latency NOC1 (T2): 19,308
Avg. hops NOC2: 5
Avg. latency NOC2 (T3): 34,694
Number of K Nodes Processed: 6,113
Number of K Edges Processed: 118,010
Node Re-explore factor: 1.45
Edge Re-explore factor: 1.16
Nodes/cy: 3
Edges/cy: 59
TEPS: 48

---DCache---
DCache Size: 429,648
DRAM words: 0
  DHits: 0
  DMisses: 0

---Energy---
Leakage Energy (nJ): 2,271,831
PU Dyn E (nJ): 7,717,260
Mem Dyn E (nJ): 87,711,557
Route Dyn E (nJ): 18,031,687
Dynamic Energy (nJ): 113,460,504
Ratio of Dyn/Leak: 50
Total Energy (nJ): 115,732,335
Total Energy (nJ) 3D: 124,070,799
Cores Energy (nJ): 7,739,530
Route Energy (nJ): 18,631,209
Route Energy (nJ) 3D: 26,969,673
Mem Energy   (nJ): 89,361,597
Mem Energy   (nJ) 3D: 89,361,597
Avg. Power (mW): 57,850.75
Power Density (mW/mm2): 10.07

---Runtime---
Runtime in K cycles: 2,000.53
Microseconds: 2,000.53
Time per iteration (ms): 2.00

---Throughput---
GOP/s (aka OPS/ns): 375.65
GOP/s per core: 1.47
GFLOP/s: 117.75
GFLOP/s per core: 0.46
Max Peak GFLOP/s: 4,096.00
Avg. BW GB/s: 2,124.61
Max BW GB/s: 16,384.00

---Traffic---
In-Die bisection_bytes BW (GB/s): 256.00
Inter-board traffic (msg/ns): 0.00, per-link: 0.00
Inter-pack traffic (msg/ns): 0.00, per-link: 0.00
Inter-die traffic (msg/ns): 40.99, per-link: 0.16
Ruche traffic (msg/ns): 139.27, per-link: 0.54
All traffic (msg/ns): 616.53, per-link: 2.41
Inter-die reduction wrt all: 15.04
Inter-board reduction wrt inter-die: inf

---Data Movement---
All traffic (msg): 1,233,382,471
Arith. Intensity FLOP/Loads: 0.44
Arith. Intensity FLOP/Msgs: 0.19
Arith. Intensity OPS/Loads: 1.41
Arith. Intensity OPS/Msgs: 0.61



===Core Utilization Total=== CORE-S:20;; TIME K cy:2,000 ;; Nodes Proc: 746,789 -- Edges Proc: 13,950,435
======== IT IS COLD ======= Only 7 Tiles active

===PRINTING FRAME STATS

FCollision In Avg:10, SD:32, Max:275, Min:0
FCollision Out Avg:5, SD:16, Max:106, Min:0
FCollision End Avg:1, SD:6, Max:80, Min:0
FTask1 Avg:8, SD:34, Max:424, Min:0
FTask2 Avg:20, SD:66, Max:616, Min:0
FTask3 Avg:35, SD:91, Max:927, Min:3
FCore Active Avg:4, SD:9, Max:84, Min:0
FRouter Active Avg:16, SD:17, Max:98, Min:1
T1 invocations: 57,324
T2 invocations: 71,306
T3 invocations: 1,646,674
T3b invocations: 0
Total3 invocations: 1,646,674
Total4 invocations: 12,873

T3/T2 ratio: 23
T3b/T3 ratio: 0

T1 avg ex cycles: 36
T2 avg ex cycles: 72
T3&b avg ex cycles: 5
T4 avg ex cycles: 58
Avg. hops NOC1: 5
Avg. latency NOC1 (T2): 6,097
Avg. hops NOC2: 5
Avg. latency NOC2 (T3): 22,647

===PRINTING ACUM STATS at pu_cycles: 2,100,529

ACollision In Avg:69, SD:44, Max:368, Min:11
ACollision Out Avg:56, SD:45, Max:200, Min:1
ACollision End Avg:8, SD:14, Max:77, Min:0
ATask1 Avg:32, SD:4, Max:50, Min:5
ATask2 Avg:74, SD:10, Max:105, Min:10
ATask3 Avg:135, SD:94, Max:957, Min:45
ACore Active Avg:16, SD:6, Max:67, Min:8
ARouter Active Avg:41, SD:12, Max:98, Min:22
T1 invocations: 4,792,238
T2 invocations: 5,343,102
T3 invocations: 119,197,493
T3b invocations: 0
Total3 invocations: 119,197,493
Total4 invocations: 388,430

T3/T2 ratio: 22
T3b/T3 ratio: 0

T1 avg ex cycles: 36
T2 avg ex cycles: 74
T3&b avg ex cycles: 6
T4 avg ex cycles: 130
Avg. hops NOC1: 4
Avg. latency NOC1 (T2): 19,133
Avg. hops NOC2: 5
Avg. latency NOC2 (T3): 34,532
Number of K Nodes Processed: 6,145
Number of K Edges Processed: 119,552
Node Re-explore factor: 1.46
Edge Re-explore factor: 1.18
Nodes/cy: 3
Edges/cy: 57
TEPS: 45

---DCache---
DCache Size: 429,648
DRAM words: 0
  DHits: 0
  DMisses: 0

---Energy---
Leakage Energy (nJ): 2,385,388
PU Dyn E (nJ): 7,817,387
Mem Dyn E (nJ): 88,855,757
Route Dyn E (nJ): 18,303,634
Dynamic Energy (nJ): 114,976,778
Ratio of Dyn/Leak: 48
Total Energy (nJ): 117,362,166
Total Energy (nJ) 3D: 125,822,089
Cores Energy (nJ): 7,840,770
Route Energy (nJ): 18,933,123
Route Energy (nJ) 3D: 27,393,047
Mem Energy   (nJ): 90,588,273
Mem Energy   (nJ) 3D: 90,588,273
Avg. Power (mW): 55,872.67
Power Density (mW/mm2): 9.72

---Runtime---
Runtime in K cycles: 2,100.53
Microseconds: 2,100.53
Time per iteration (ms): 2.10

---Throughput---
GOP/s (aka OPS/ns): 362.24
GOP/s per core: 1.42
GFLOP/s: 113.64
GFLOP/s per core: 0.44
Max Peak GFLOP/s: 4,096.00
Avg. BW GB/s: 2,049.86
Max BW GB/s: 16,384.00

---Traffic---
In-Die bisection_bytes BW (GB/s): 256.00
Inter-board traffic (msg/ns): 0.00, per-link: 0.00
Inter-pack traffic (msg/ns): 0.00, per-link: 0.00
Inter-die traffic (msg/ns): 39.56, per-link: 0.15
Ruche traffic (msg/ns): 134.87, per-link: 0.53
All traffic (msg/ns): 595.88, per-link: 2.33
Inter-die reduction wrt all: 15.06
Inter-board reduction wrt inter-die: inf

---Data Movement---
All traffic (msg): 1,251,657,412
Arith. Intensity FLOP/Loads: 0.44
Arith. Intensity FLOP/Msgs: 0.19
Arith. Intensity OPS/Loads: 1.41
Arith. Intensity OPS/Msgs: 0.61



===Core Utilization Total=== CORE-S:21;; TIME K cy:2,100 ;; Nodes Proc: 749,313 -- Edges Proc: 14,177,068
======== IT IS COLD ======= Only 3 Tiles active

===PRINTING FRAME STATS

FCollision In Avg:5, SD:21, Max:186, Min:0
FCollision Out Avg:3, SD:11, Max:92, Min:0
FCollision End Avg:0, SD:4, Max:61, Min:0
FTask1 Avg:5, SD:24, Max:264, Min:0
FTask2 Avg:13, SD:49, Max:373, Min:0
FTask3 Avg:25, SD:71, Max:957, Min:3
FCore Active Avg:3, SD:7, Max:73, Min:0
FRouter Active Avg:12, SD:14, Max:99, Min:1
T1 invocations: 31,769
T2 invocations: 39,757
T3 invocations: 1,181,344
T3b invocations: 0
Total3 invocations: 1,181,344
Total4 invocations: 8,861

T3/T2 ratio: 30
T3b/T3 ratio: 0

T1 avg ex cycles: 36
T2 avg ex cycles: 81
T3&b avg ex cycles: 5
T4 avg ex cycles: 48
Avg. hops NOC1: 5
Avg. latency NOC1 (T2): 4,527
Avg. hops NOC2: 5
Avg. latency NOC2 (T3): 19,870

===PRINTING ACUM STATS at pu_cycles: 2,200,846

ACollision In Avg:66, SD:42, Max:350, Min:10
ACollision Out Avg:53, SD:43, Max:191, Min:1
ACollision End Avg:7, SD:13, Max:74, Min:0
ATask1 Avg:31, SD:4, Max:48, Min:17
ATask2 Avg:71, SD:9, Max:101, Min:10
ATask3 Avg:130, SD:92, Max:957, Min:43
ACore Active Avg:15, SD:6, Max:67, Min:8
ARouter Active Avg:40, SD:12, Max:98, Min:21
T1 invocations: 4,829,404
T2 invocations: 5,377,843
T3 invocations: 120,432,498
T3b invocations: 0
Total3 invocations: 120,432,498
Total4 invocations: 397,338

T3/T2 ratio: 22
T3b/T3 ratio: 0

T1 avg ex cycles: 36
T2 avg ex cycles: 74
T3&b avg ex cycles: 6
T4 avg ex cycles: 129
Avg. hops NOC1: 4
Avg. latency NOC1 (T2): 19,042
Avg. hops NOC2: 5
Avg. latency NOC2 (T3): 34,385
Number of K Nodes Processed: 6,161
Number of K Edges Processed: 120,600
Node Re-explore factor: 1.46
Edge Re-explore factor: 1.19
Nodes/cy: 3
Edges/cy: 55
TEPS: 43

---DCache---
DCache Size: 429,648
DRAM words: 0
  DHits: 0
  DMisses: 0

---Energy---
Leakage Energy (nJ): 2,499,309
PU Dyn E (nJ): 7,885,716
Mem Dyn E (nJ): 89,641,854
Route Dyn E (nJ): 18,494,947
Dynamic Energy (nJ): 116,022,519
Ratio of Dyn/Leak: 46
Total Energy (nJ): 118,521,828
Total Energy (nJ) 3D: 127,066,524
Cores Energy (nJ): 7,910,216
Route Energy (nJ): 19,154,500
Route Energy (nJ) 3D: 27,699,196
Mem Energy   (nJ): 91,457,112
Mem Energy   (nJ) 3D: 91,457,112
Avg. Power (mW): 53,852.85
Power Density (mW/mm2): 9.37

---Runtime---
Runtime in K cycles: 2,200.85
Microseconds: 2,200.85
Time per iteration (ms): 2.20

---Throughput---
GOP/s (aka OPS/ns): 348.71
GOP/s per core: 1.36
GFLOP/s: 109.42
GFLOP/s per core: 0.43
Max Peak GFLOP/s: 4,096.00
Avg. BW GB/s: 1,973.75
Max BW GB/s: 16,384.00

---Traffic---
In-Die bisection_bytes BW (GB/s): 256.00
Inter-board traffic (msg/ns): 0.00, per-link: 0.00
Inter-pack traffic (msg/ns): 0.00, per-link: 0.00
Inter-die traffic (msg/ns): 38.07, per-link: 0.15
Ruche traffic (msg/ns): 130.28, per-link: 0.51
All traffic (msg/ns): 574.63, per-link: 2.24
Inter-die reduction wrt all: 15.10
Inter-board reduction wrt inter-die: inf

---Data Movement---
All traffic (msg): 1,264,666,348
Arith. Intensity FLOP/Loads: 0.44
Arith. Intensity FLOP/Msgs: 0.19
Arith. Intensity OPS/Loads: 1.41
Arith. Intensity OPS/Msgs: 0.61



===Core Utilization Total=== CORE-S:22;; TIME K cy:2,200 ;; Nodes Proc: 750,705 -- Edges Proc: 14,463,476
======== IT IS COLD ======= Only 4 Tiles active

===PRINTING FRAME STATS

FCollision In Avg:4, SD:17, Max:170, Min:0
FCollision Out Avg:3, SD:15, Max:158, Min:0
FCollision End Avg:0, SD:6, Max:87, Min:0
FTask1 Avg:3, SD:19, Max:231, Min:0
FTask2 Avg:10, SD:51, Max:602, Min:0
FTask3 Avg:19, SD:65, Max:909, Min:2
FCore Active Avg:2, SD:6, Max:69, Min:0
FRouter Active Avg:9, SD:13, Max:95, Min:1
T1 invocations: 22,059
T2 invocations: 27,455
T3 invocations: 892,020
T3b invocations: 0
Total3 invocations: 892,020
Total4 invocations: 7,429

T3/T2 ratio: 32
T3b/T3 ratio: 0

T1 avg ex cycles: 37
T2 avg ex cycles: 97
T3&b avg ex cycles: 5
T4 avg ex cycles: 43
Avg. hops NOC1: 4
Avg. latency NOC1 (T2): 13,243
Avg. hops NOC2: 5
Avg. latency NOC2 (T3): 19,883

===PRINTING ACUM STATS at pu_cycles: 2,300,195

ACollision In Avg:64, SD:41, Max:350, Min:10
ACollision Out Avg:51, SD:41, Max:183, Min:1
ACollision End Avg:7, SD:13, Max:70, Min:0
ATask1 Avg:29, SD:3, Max:46, Min:21
ATask2 Avg:68, SD:7, Max:97, Min:46
ATask3 Avg:125, SD:90, Max:955, Min:41
ACore Active Avg:14, SD:6, Max:67, Min:8
ARouter Active Avg:39, SD:11, Max:98, Min:20
T1 invocations: 4,848,289
T2 invocations: 5,409,757
T3 invocations: 121,261,080
T3b invocations: 0
Total3 invocations: 121,261,080
Total4 invocations: 404,717

T3/T2 ratio: 22
T3b/T3 ratio: 0

T1 avg ex cycles: 36
T2 avg ex cycles: 74
T3&b avg ex cycles: 6
T4 avg ex cycles: 127
Avg. hops NOC1: 4
Avg. latency NOC1 (T2): 19,006
Avg. hops NOC2: 5
Avg. latency NOC2 (T3): 34,275
Number of K Nodes Processed: 6,172
Number of K Edges Processed: 121,414
Node Re-explore factor: 1.47
Edge Re-explore factor: 1.20
Nodes/cy: 3
Edges/cy: 53
TEPS: 42

---DCache---
DCache Size: 429,648
DRAM words: 0
  DHits: 0
  DMisses: 0

---Energy---
Leakage Energy (nJ): 2,612,131
PU Dyn E (nJ): 7,939,313
Mem Dyn E (nJ): 90,261,748
Route Dyn E (nJ): 18,643,314
Dynamic Energy (nJ): 116,844,375
Ratio of Dyn/Leak: 45
Total Energy (nJ): 119,456,506
Total Energy (nJ) 3D: 128,070,459
Cores Energy (nJ): 7,964,919
Route Energy (nJ): 19,332,640
Route Energy (nJ) 3D: 27,946,592
Mem Energy   (nJ): 92,158,949
Mem Energy   (nJ) 3D: 92,158,949
Avg. Power (mW): 51,933.21
Power Density (mW/mm2): 9.04

---Runtime---
Runtime in K cycles: 2,300.20
Microseconds: 2,300.20
Time per iteration (ms): 2.30

---Throughput---
GOP/s (aka OPS/ns): 335.66
GOP/s per core: 1.31
GFLOP/s: 105.47
GFLOP/s per core: 0.41
Max Peak GFLOP/s: 4,096.00
Avg. BW GB/s: 1,901.55
Max BW GB/s: 16,384.00

---Traffic---
In-Die bisection_bytes BW (GB/s): 256.00
Inter-board traffic (msg/ns): 0.00, per-link: 0.00
Inter-pack traffic (msg/ns): 0.00, per-link: 0.00
Inter-die traffic (msg/ns): 36.58, per-link: 0.14
Ruche traffic (msg/ns): 125.76, per-link: 0.49
All traffic (msg/ns): 554.08, per-link: 2.16
Inter-die reduction wrt all: 15.15
Inter-board reduction wrt inter-die: inf

---Data Movement---
All traffic (msg): 1,274,500,546
Arith. Intensity FLOP/Loads: 0.44
Arith. Intensity FLOP/Msgs: 0.19
Arith. Intensity OPS/Loads: 1.40
Arith. Intensity OPS/Msgs: 0.61



===Core Utilization Total=== CORE-S:23;; TIME K cy:2,300 ;; Nodes Proc: 751,710 -- Edges Proc: 14,743,324
======== IT IS COLD ======= Only 1 Tiles active
Epoch Done Router: 1
Epoch Done Router: 7
Epoch Done Router: 5
Epoch Done Router: 3
Epoch Done Router: 2
Epoch Done Router: 6
##EPOCH## 1 COMPLETED at Time (K cy): 2,387
Nodes processed until now: 6,174,554
Edges processed until now: 121,629,698
Epoch Done Router: 0
Epoch Done Router: 4
Program Done Worker Thread: 5
Program Done Worker Thread: 2
Program Done Router Thread: 7
Program Done Worker Thread: 0
Program Done Router Thread: 0
Program Done Router Thread: 2
Program Done Router Thread: 3
Program Done Worker Thread: 7
Program Done Worker Thread: 1
Program Done Worker Thread: 4
Program Done Worker Thread: 6
Program Done Router Thread: 1
Program Done Router Thread: 5
Program Done Worker Thread: 3
Program Done Router Thread: 6
Program Done Router Thread: 4

===PRINTING ACUM STATS at pu_cycles: 2,387,211

ACollision In Avg:61, SD:40, Max:326, Min:9
ACollision Out Avg:49, SD:40, Max:176, Min:1
ACollision End Avg:7, SD:12, Max:68, Min:0
ATask1 Avg:28, SD:3, Max:44, Min:21
ATask2 Avg:66, SD:7, Max:93, Min:50
ATask3 Avg:121, SD:87, Max:942, Min:40
ACore Active Avg:14, SD:6, Max:66, Min:8
ARouter Active Avg:37, SD:11, Max:97, Min:19
T1 invocations: 4,852,239
T2 invocations: 5,416,581
T3 invocations: 121,599,075
T3b invocations: 0
Total3 invocations: 121,599,075
Total4 invocations: 406,660

T3/T2 ratio: 22
T3b/T3 ratio: 0

T1 avg ex cycles: 36
T2 avg ex cycles: 74
T3&b avg ex cycles: 6
T4 avg ex cycles: 127
Avg. hops NOC1: 4
Avg. latency NOC1 (T2): 19,008
Avg. hops NOC2: 5
Avg. latency NOC2 (T3): 34,238

Runtime at program end in K cycles: 2,387
Runtime before cooldown in K cycles: 1,400


Number of K Nodes Processed: 6,174
Number of K Edges Processed: 121,629
Node Re-explore factor: 1.47
Edge Re-explore factor: 1.20
Nodes/cy: 3
Edges/cy: 51
TEPS: 40

---DCache---
DCache Size: 429,648
DRAM words: 0
  DHits: 0
  DMisses: 0

---Energy---
Leakage Energy (nJ): 2,710,948
PU Dyn E (nJ): 7,957,183
Mem Dyn E (nJ): 90,474,482
Route Dyn E (nJ): 18,698,875
Dynamic Energy (nJ): 117,130,541
Ratio of Dyn/Leak: 43
Total Energy (nJ): 119,841,489
Total Energy (nJ) 3D: 128,482,931
Cores Energy (nJ): 7,983,758
Route Energy (nJ): 19,414,278
Route Energy (nJ) 3D: 28,055,720
Mem Energy   (nJ): 92,443,453
Mem Energy   (nJ) 3D: 92,443,453
Avg. Power (mW): 50,201.46
Power Density (mW/mm2): 8.74

---Runtime---
Runtime in K cycles: 2,387.21
Microseconds: 2,387.21
Time per iteration (ms): 2.39

---Inst---
K Loads: 550,977
K Stores: 545,086
K Instructions: 773,610

---Throughput---
GOP/s (aka OPS/ns): 324.06
GOP/s per core: 1.27
GFLOP/s: 101.88
GFLOP/s per core: 0.40
Max Peak GFLOP/s: 4,096.00
Avg. BW GB/s: 1,836.56
Max BW GB/s: 16,384.00

---Traffic---
In-Die bisection_bytes BW (GB/s): 256.00
Inter-board traffic (msg/ns): 0.00, per-link: 0.00
Inter-pack traffic (msg/ns): 0.00, per-link: 0.00
Inter-die traffic (msg/ns): 35.28, per-link: 0.14
Ruche traffic (msg/ns): 121.55, per-link: 0.47
All traffic (msg/ns): 535.44, per-link: 2.09
Inter-die reduction wrt all: 15.18
Inter-board reduction wrt inter-die: inf

---Data Movement---
All traffic (msg): 1,278,218,505
Arith. Intensity FLOP/Loads: 0.44
Arith. Intensity FLOP/Msgs: 0.19
Arith. Intensity OPS/Loads: 1.40
Arith. Intensity OPS/Msgs: 0.61

Simulation time: 188.63
Sim time / DUT time: 19.29
Sim noc_cy/s: 25,310.69
Sim Msg/s: 6,776,231.14

Version 32

