Dataset:  Kron22/
Dry run: 0
Open Edge Count File succesfully
Edges Traversed BFS: 128309848
Found Vertices: 4194304, Edges: 128311436
avg degree 31
Array  Kron22/node_array.bin found
Malloc array of size 16777220 bytes
Readin array of size 16777216 bytes
Finished Reading Array Bytes
No reordering Array 32bit
Array  Kron22/edge_array.bin found
Malloc array of size 513245744 bytes
Readin array of size 513245744 bytes
Finished Reading Array Bytes
No reordering Array 32bit
Array  Kron22/edge_values.bin found
Malloc array of size 513245744 bytes
Readin array of size 513245744 bytes
Finished Reading Array Bytes
No reordering Array 32bit
Reading graph elapsed time: 0.271532s

Dataset Footprint: 1012 MiB
Dataset Footprint per Board: 8489.27 Mb
Dataset injection time (ms): 0.518144
Max Dataset Footprint: 1026 MiB

Dataset footprint per tile: 1012 KiB
Proxys footprint per tile: 0 KiB
Reserved SRAM per tile: 221 KiB

Ideal SRAM per tile: 1233 KiB
reserved_words_for_dataset:93509
dataset_words_per_tile:259072
remaining_sram_words:467546
min_dcache_sram_words_required:94417
dataset_words_per_tile:259072
min_pcache_sram_words_required:0
proxys_words_per_tile:0
Dcache footprint ratio: 1
Dataset Cached: 0
DCache: 259072 words, lines: 16192, sets: 16192
Proxys Cached: 0
Pcache: 0 words, sets: 0
Node per tile: 4,096
Edge per tile: 125,305
GRID_X: 32
GRID_SIZE: 1,024
smt_per_tile: 4
noc_freq: 1
pu_freq: 1
RUCHE_X: 4
PROXY_W: 32
DIE_W: 8
DIE_H: 8
DIES: 16
BORDER_TILES_PER_DIE: 32
PACK_W: 32
PACK_H: 32
DIES_PACK_FACTOR: 4
DIES_PER_PACK: 16
PACKAGES: 1
BOARD_W: 32
BOARD_H: 32
BOARDS: 1
MUX_BUS: 1
DCACHE: 1
PCACHE: 0
PROXY_FACTOR: 1
CACHE_WAYS: 1
TORUS: 1
PHY_NOCS: 1
WIDE_NOC_ID: 0
NOC_CONF: 1
noc_width: 32
hbm_channel_bit_width: 512
ld_st_op_byte_width: 4
PROXY_ROUTING: 0
WITHIN_REGION: 0
WRITE_THROUGH: 1
ASSERT_MODE: 0
GLOBAL_BARRIER: 0
OQ flits: 144 ; 6,144 ; 2
IQ flits: 1,152 ; 49,152 ; 2
OQ messages: 48 ; 3,072 ; 1
IQ messages: 384 ; 24,576 ; 1
max_task2 size: 64
io_factor_t2: 8
io_factor_t3: 8
io_factor_t3b: 8

Active SRAM Storage per tile: 1,233 KiB
Total SRAM Storage per tile: 2,048 KiB
Agreggated SRAM Storage: 2,048 MiB

Active DRAM Storage per tile: 0 MiB
Total DRAM Storage per tile: 128 MiB
Agreggated DRAM Storage: 128 GiB

Inter-Die #links: 256
Inter-Die (Gbits): 8,192
Inter-Die (Gbits/mm): 245.576
Bisection BW of Board (Gbits): 8,192
Border IO #Dies: 16
Border IO Die BW (Gbits): 1,024
Off-Board BW Total (Gbits): 16,384
Off-Board BW Density (Gbits/mm): 72
Die side: 8.34 mm
Die border wire density: 245.58 Gbits/mm
HBM wire density: 491.15 Gbits/mm

Tiles per Die: 64 (8x8)
Tile Area: 0.76 mm2, side: 0.87 mm
- Core/Rout Area: 0.19 mm2
- SRAM Area: 0.57 mm2
- SRAM/Logic Ratio: 3.08x

Dies per Package: 16 (4x4)
Die Area: 69.55 mm2, side: 8.34 mm
- Tiles Area: 48.68 mm2
- PHY Area: 11.87 mm2
- MC Area: 9.00 mm2

Packages per Board: 1 (1x1)
Package Area: 3,192.77 mm2, side: 56.50 mm
- IOdie Area: 320.00 mm2
- Dies Area: 1,112.77 mm2
- HBM Area: 1,760.00 mm2

Boards: 1 (1x1)
Board Area: 3,192.77 mm2
Total Area: 3,192.77 mm2



ESTIMATED COST OF SILICON AND PACKAGING. ONLY VARIABLE, NO FIXED COSTS
Good dies per wafer 3d: 481
Good dies per wafer 2d: 802
--Dies 3D Cost: 201.15 $
--Dies 2.5D Cost: 120.64 $
--Dies 2D Cost: 120.64 $
--HBM Cost: 960.00 $
--IOdie Cost: 33.76 $
--Packaging Cost 3d: 41.27 $
--Packaging Cost 2.5d: 65.38 $
--Packaging Cost 2d: 23.16 $
SiP Cost 3d: 1,236.17 $
SiP Cost 2.5d: 1,179.78 $
SiP Cost 2d: 177.56 $
--Board Cost: 3.19 $
Total SiPs Cost 3d: 1,239.37 $
Total SiPs Cost 2.5d: 1,182.97 $
Total SiPs Cost 2d: 180.75 $

Perf counters initialized
Mesh connected
Cache structures initialized
Replicas initialized
Allocated Frontier List
Dataset structures initialized


Starting Simulation
INIT epoch: 1
INIT epoch: 1
INIT epoch: 1
INIT epoch: 1
INIT epoch: 1
INIT epoch: 1
INIT epoch: 1
INIT epoch: 1

===PRINTING FRAME STATS

FCollision In Avg:-nan, SD:-nan, Max:313, Min:9
FCollision Out Avg:-nan, SD:-nan, Max:292, Min:17
FCollision End Avg:-nan, SD:-nan, Max:152, Min:0
FTask1 Avg:-nan, SD:-nan, Max:19, Min:0
FTask2 Avg:-nan, SD:-nan, Max:180, Min:0
FTask3 Avg:-nan, SD:-nan, Max:125, Min:52
FCore Active Avg:-nan, SD:-nan, Max:79, Min:16
FRouter Active Avg:-nan, SD:-nan, Max:91, Min:28
T1 invocations: 75,692
T2 invocations: 204,599
T3 invocations: 10,419,900
T3b invocations: 0
Total3 invocations: 10,419,900
Total4 invocations: 1,976

T3/T2 ratio: 51
T3b/T3 ratio: 0

T1 avg ex cycles: 60
T2 avg ex cycles: 254
T3&b avg ex cycles: 8
T4 avg ex cycles: 262
Avg. hops NOC1: 5
Avg. latency NOC1 (T2): 32,495
Avg. hops NOC2: 11
Avg. latency NOC2 (T3): 17,082

===PRINTING ACUM STATS at pu_cycles: 100,628

ACollision In Avg:-nan, SD:-nan, Max:313, Min:9
ACollision Out Avg:-nan, SD:-nan, Max:292, Min:17
ACollision End Avg:-nan, SD:-nan, Max:152, Min:0
ATask1 Avg:-nan, SD:-nan, Max:19, Min:0
ATask2 Avg:-nan, SD:-nan, Max:180, Min:0
ATask3 Avg:-nan, SD:-nan, Max:125, Min:52
ACore Active Avg:-nan, SD:-nan, Max:79, Min:16
ARouter Active Avg:-nan, SD:-nan, Max:91, Min:28
T1 invocations: 75,692
T2 invocations: 204,792
T3 invocations: 10,431,764
T3b invocations: 0
Total3 invocations: 10,431,764
Total4 invocations: 1,976

T3/T2 ratio: 51
T3b/T3 ratio: 0

T1 avg ex cycles: 60
T2 avg ex cycles: 254
T3&b avg ex cycles: 8
T4 avg ex cycles: 262
Avg. hops NOC1: 5
Avg. latency NOC1 (T2): 32,495
Avg. hops NOC2: 11
Avg. latency NOC2 (T3): 17,081
Number of K Nodes Processed: 2,332
Number of K Edges Processed: 12,717
Node Re-explore factor: 0.56
Edge Re-explore factor: 0.10
Nodes/cy: 23
Edges/cy: 126
TEPS: 1,275

---DCache---
DCache Size: 259,072
DRAM words: 0
  DHits: 0
  DMisses: 0

---Energy---
Leakage Energy (nJ): 84,782
PU Dyn E (nJ): 814,625
Mem Dyn E (nJ): 4,932,000
Route Dyn E (nJ): 1,580,842
Dynamic Energy (nJ): 7,327,467
Ratio of Dyn/Leak: 86
Total Energy (nJ): 7,412,249
Total Energy (nJ) 3D: 8,217,076
Cores Energy (nJ): 815,746
Route Energy (nJ): 1,585,096
Route Energy (nJ) 3D: 2,389,923
Mem Energy   (nJ): 5,011,407
Mem Energy   (nJ) 3D: 5,011,407
Avg. Power (mW): 73,659.90
Power Density (mW/mm2): 23.07

---Runtime---
Runtime in K cycles: 100.63
Microseconds: 100.63
Time per iteration (ms): 0.10

---Throughput---
GOP/s (aka OPS/ns): 862.07
GOP/s per core: 0.84
GFLOP/s: 228.67
GFLOP/s per core: 0.22
Max Peak GFLOP/s: 4,096.00
Avg. BW GB/s: 4,933.69
Max BW GB/s: 16,384.00

---Traffic---
In-Die bisection_bytes BW (GB/s): 128.00
Inter-board traffic (msg/ns): 0.00, per-link: 0.00
Inter-pack traffic (msg/ns): 0.00, per-link: 0.00
Inter-die traffic (msg/ns): 158.45, per-link: 0.31
Ruche traffic (msg/ns): 216.00, per-link: 0.42
All traffic (msg/ns): 2,343.26, per-link: 2.29
Inter-die reduction wrt all: 14.79
Inter-board reduction wrt inter-die: inf

---Data Movement---
All traffic (msg): 235,797,178
Arith. Intensity FLOP/Loads: 0.34
Arith. Intensity FLOP/Msgs: 0.10
Arith. Intensity OPS/Loads: 1.30
Arith. Intensity OPS/Msgs: 0.37



===Core Utilization Total=== CORE-S:1;; TIME K cy:100 ;; Nodes Proc: 293,168 -- Edges Proc: 1,630,853

===PRINTING FRAME STATS

FCollision In Avg:126, SD:37, Max:343, Min:12
FCollision Out Avg:108, SD:55, Max:288, Min:13
FCollision End Avg:27, SD:39, Max:136, Min:0
FTask1 Avg:4, SD:5, Max:32, Min:0
FTask2 Avg:63, SD:46, Max:229, Min:0
FTask3 Avg:89, SD:11, Max:135, Min:61
FCore Active Avg:39, SD:12, Max:86, Min:15
FRouter Active Avg:85, SD:4, Max:96, Min:66
T1 invocations: 85,780
T2 invocations: 272,252
T3 invocations: 15,746,870
T3b invocations: 0
Total3 invocations: 15,746,870
Total4 invocations: 949

T3/T2 ratio: 58
T3b/T3 ratio: 0

T1 avg ex cycles: 43
T2 avg ex cycles: 237
T3&b avg ex cycles: 6
T4 avg ex cycles: 567
Avg. hops NOC1: 2
Avg. latency NOC1 (T2): 70,895
Avg. hops NOC2: 11
Avg. latency NOC2 (T3): 14,049

===PRINTING ACUM STATS at pu_cycles: 200,703

ACollision In Avg:124, SD:33, Max:296, Min:11
ACollision Out Avg:112, SD:50, Max:274, Min:31
ACollision End Avg:27, SD:33, Max:131, Min:0
ATask1 Avg:4, SD:3, Max:18, Min:0
ATask2 Avg:57, SD:35, Max:185, Min:0
ATask3 Avg:84, SD:8, Max:117, Min:62
ACore Active Avg:36, SD:9, Max:73, Min:18
ARouter Active Avg:78, SD:5, Max:88, Min:48
T1 invocations: 162,033
T2 invocations: 478,608
T3 invocations: 26,227,090
T3b invocations: 0
Total3 invocations: 26,227,090
Total4 invocations: 2,933

T3/T2 ratio: 55
T3b/T3 ratio: 0

T1 avg ex cycles: 51
T2 avg ex cycles: 244
T3&b avg ex cycles: 7
T4 avg ex cycles: 361
Avg. hops NOC1: 3
Avg. latency NOC1 (T2): 54,323
Avg. hops NOC2: 11
Avg. latency NOC2 (T3): 15,258
Number of K Nodes Processed: 4,090
Number of K Edges Processed: 28,314
Node Re-explore factor: 0.98
Edge Re-explore factor: 0.22
Nodes/cy: 20
Edges/cy: 141
TEPS: 639

---DCache---
DCache Size: 259,072
DRAM words: 0
  DHits: 0
  DMisses: 0

---Energy---
Leakage Energy (nJ): 169,098
PU Dyn E (nJ): 1,854,998
Mem Dyn E (nJ): 11,231,849
Route Dyn E (nJ): 3,837,999
Dynamic Energy (nJ): 16,924,846
Ratio of Dyn/Leak: 100
Total Energy (nJ): 17,093,944
Total Energy (nJ) 3D: 19,028,245
Cores Energy (nJ): 1,857,232
Route Energy (nJ): 3,846,484
Route Energy (nJ) 3D: 5,780,785
Mem Energy   (nJ): 11,390,228
Mem Energy   (nJ) 3D: 11,390,228
Avg. Power (mW): 85,170.34
Power Density (mW/mm2): 26.68

---Runtime---
Runtime in K cycles: 200.70
Microseconds: 200.70
Time per iteration (ms): 0.20

---Throughput---
GOP/s (aka OPS/ns): 942.85
GOP/s per core: 0.92
GFLOP/s: 271.41
GFLOP/s per core: 0.27
Max Peak GFLOP/s: 4,096.00
Avg. BW GB/s: 5,635.34
Max BW GB/s: 16,384.00

---Traffic---
In-Die bisection_bytes BW (GB/s): 128.00
Inter-board traffic (msg/ns): 0.00, per-link: 0.00
Inter-pack traffic (msg/ns): 0.00, per-link: 0.00
Inter-die traffic (msg/ns): 188.77, per-link: 0.37
Ruche traffic (msg/ns): 278.28, per-link: 0.54
All traffic (msg/ns): 2,850.78, per-link: 2.78
Inter-die reduction wrt all: 15.10
Inter-board reduction wrt inter-die: inf

---Data Movement---
All traffic (msg): 572,159,991
Arith. Intensity FLOP/Loads: 0.35
Arith. Intensity FLOP/Msgs: 0.10
Arith. Intensity OPS/Loads: 1.23
Arith. Intensity OPS/Msgs: 0.33



===Core Utilization Total=== CORE-S:2;; TIME K cy:200 ;; Nodes Proc: 512,045 -- Edges Proc: 3,494,991

===PRINTING FRAME STATS

FCollision In Avg:121, SD:32, Max:268, Min:13
FCollision Out Avg:96, SD:56, Max:272, Min:7
FCollision End Avg:24, SD:37, Max:100, Min:0
FTask1 Avg:6, SD:8, Max:53, Min:0
FTask2 Avg:68, SD:52, Max:252, Min:0
FTask3 Avg:87, SD:11, Max:148, Min:62
FCore Active Avg:40, SD:14, Max:87, Min:17
FRouter Active Avg:88, SD:4, Max:97, Min:64
T1 invocations: 151,979
T2 invocations: 347,066
T3 invocations: 16,868,378
T3b invocations: 0
Total3 invocations: 16,868,378
Total4 invocations: 2,066

T3/T2 ratio: 49
T3b/T3 ratio: 0

T1 avg ex cycles: 38
T2 avg ex cycles: 201
T3&b avg ex cycles: 5
T4 avg ex cycles: 563
Avg. hops NOC1: 2
Avg. latency NOC1 (T2): 53,535
Avg. hops NOC2: 11
Avg. latency NOC2 (T3): 11,549

===PRINTING ACUM STATS at pu_cycles: 300,586

ACollision In Avg:123, SD:29, Max:286, Min:33
ACollision Out Avg:107, SD:49, Max:264, Min:27
ACollision End Avg:26, SD:30, Max:99, Min:0
ATask1 Avg:5, SD:4, Max:26, Min:0
ATask2 Avg:61, SD:36, Max:182, Min:0
ATask3 Avg:85, SD:9, Max:124, Min:63
ACore Active Avg:38, SD:9, Max:72, Min:19
ARouter Active Avg:81, SD:4, Max:90, Min:48
T1 invocations: 313,825
T2 invocations: 824,388
T3 invocations: 43,014,591
T3b invocations: 0
Total3 invocations: 43,014,591
Total4 invocations: 4,997

T3/T2 ratio: 52
T3b/T3 ratio: 0

T1 avg ex cycles: 45
T2 avg ex cycles: 226
T3&b avg ex cycles: 6
T4 avg ex cycles: 445
Avg. hops NOC1: 3
Avg. latency NOC1 (T2): 53,922
Avg. hops NOC2: 11
Avg. latency NOC2 (T3): 13,807
Number of K Nodes Processed: 5,434
Number of K Edges Processed: 45,035
Node Re-explore factor: 1.30
Edge Re-explore factor: 0.35
Nodes/cy: 18
Edges/cy: 150
TEPS: 427

---DCache---
DCache Size: 259,072
DRAM words: 0
  DHits: 0
  DMisses: 0

---Energy---
Leakage Energy (nJ): 253,252
PU Dyn E (nJ): 2,948,427
Mem Dyn E (nJ): 17,786,164
Route Dyn E (nJ): 6,238,196
Dynamic Energy (nJ): 26,972,787
Ratio of Dyn/Leak: 107
Total Energy (nJ): 27,226,039
Total Energy (nJ) 3D: 30,356,944
Cores Energy (nJ): 2,951,773
Route Energy (nJ): 6,250,903
Route Energy (nJ) 3D: 9,381,808
Mem Energy   (nJ): 18,023,363
Mem Energy   (nJ) 3D: 18,023,363
Avg. Power (mW): 90,576.54
Power Density (mW/mm2): 28.37

---Runtime---
Runtime in K cycles: 300.59
Microseconds: 300.59
Time per iteration (ms): 0.30

---Throughput---
GOP/s (aka OPS/ns): 982.92
GOP/s per core: 0.96
GFLOP/s: 292.47
GFLOP/s per core: 0.29
Max Peak GFLOP/s: 4,096.00
Avg. BW GB/s: 5,959.27
Max BW GB/s: 16,384.00

---Traffic---
In-Die bisection_bytes BW (GB/s): 128.00
Inter-board traffic (msg/ns): 0.00, per-link: 0.00
Inter-pack traffic (msg/ns): 0.00, per-link: 0.00
Inter-die traffic (msg/ns): 203.79, per-link: 0.40
Ruche traffic (msg/ns): 308.09, per-link: 0.60
All traffic (msg/ns): 3,092.36, per-link: 3.02
Inter-die reduction wrt all: 15.17
Inter-board reduction wrt inter-die: inf

---Data Movement---
All traffic (msg): 929,519,658
Arith. Intensity FLOP/Loads: 0.36
Arith. Intensity FLOP/Msgs: 0.09
Arith. Intensity OPS/Loads: 1.21
Arith. Intensity OPS/Msgs: 0.32



===Core Utilization Total=== CORE-S:3;; TIME K cy:300 ;; Nodes Proc: 680,329 -- Edges Proc: 5,575,215

===PRINTING FRAME STATS

FCollision In Avg:119, SD:31, Max:283, Min:23
FCollision Out Avg:93, SD:57, Max:272, Min:5
FCollision End Avg:23, SD:35, Max:151, Min:0
FTask1 Avg:8, SD:10, Max:49, Min:0
FTask2 Avg:68, SD:55, Max:255, Min:0
FTask3 Avg:81, SD:11, Max:141, Min:57
FCore Active Avg:40, SD:15, Max:97, Min:17
FRouter Active Avg:88, SD:4, Max:97, Min:64
T1 invocations: 211,754
T2 invocations: 400,477
T3 invocations: 16,717,030
T3b invocations: 0
Total3 invocations: 16,717,030
Total4 invocations: 3,023

T3/T2 ratio: 42
T3b/T3 ratio: 0

T1 avg ex cycles: 37
T2 avg ex cycles: 174
T3&b avg ex cycles: 5
T4 avg ex cycles: 561
Avg. hops NOC1: 2
Avg. latency NOC1 (T2): 42,574
Avg. hops NOC2: 11
Avg. latency NOC2 (T3): 10,925

===PRINTING ACUM STATS at pu_cycles: 400,689

ACollision In Avg:122, SD:27, Max:258, Min:51
ACollision Out Avg:103, SD:48, Max:260, Min:25
ACollision End Avg:25, SD:28, Max:101, Min:0
ATask1 Avg:5, SD:5, Max:27, Min:0
ATask2 Avg:63, SD:37, Max:186, Min:0
ATask3 Avg:84, SD:9, Max:128, Min:62
ACore Active Avg:38, SD:10, Max:74, Min:19
ARouter Active Avg:83, SD:4, Max:90, Min:59
T1 invocations: 526,280
T2 invocations: 1,225,488
T3 invocations: 59,792,766
T3b invocations: 0
Total3 invocations: 59,792,766
Total4 invocations: 8,030

T3/T2 ratio: 49
T3b/T3 ratio: 0

T1 avg ex cycles: 42
T2 avg ex cycles: 209
T3&b avg ex cycles: 6
T4 avg ex cycles: 489
Avg. hops NOC1: 3
Avg. latency NOC1 (T2): 50,223
Avg. hops NOC2: 11
Avg. latency NOC2 (T3): 12,999
Number of K Nodes Processed: 6,411
Number of K Edges Processed: 61,663
Node Re-explore factor: 1.53
Edge Re-explore factor: 0.48
Nodes/cy: 16
Edges/cy: 154
TEPS: 320

---DCache---
DCache Size: 259,072
DRAM words: 0
  DHits: 0
  DMisses: 0

---Energy---
Leakage Energy (nJ): 337,591
PU Dyn E (nJ): 4,038,236
Mem Dyn E (nJ): 24,260,787
Route Dyn E (nJ): 8,655,041
Dynamic Energy (nJ): 36,954,064
Ratio of Dyn/Leak: 109
Total Energy (nJ): 37,291,655
Total Energy (nJ) 3D: 41,632,609
Cores Energy (nJ): 4,042,697
Route Energy (nJ): 8,671,980
Route Energy (nJ) 3D: 13,012,934
Mem Energy   (nJ): 24,576,979
Mem Energy   (nJ) 3D: 24,576,979
Avg. Power (mW): 93,068.83
Power Density (mW/mm2): 29.15

---Runtime---
Runtime in K cycles: 400.69
Microseconds: 400.69
Time per iteration (ms): 0.40

---Throughput---
GOP/s (aka OPS/ns): 1,000.31
GOP/s per core: 0.98
GFLOP/s: 302.90
GFLOP/s per core: 0.30
Max Peak GFLOP/s: 4,096.00
Avg. BW GB/s: 6,098.30
Max BW GB/s: 16,384.00

---Traffic---
In-Die bisection_bytes BW (GB/s): 128.00
Inter-board traffic (msg/ns): 0.00, per-link: 0.00
Inter-pack traffic (msg/ns): 0.00, per-link: 0.00
Inter-die traffic (msg/ns): 211.19, per-link: 0.41
Ruche traffic (msg/ns): 322.42, per-link: 0.63
All traffic (msg/ns): 3,218.96, per-link: 3.14
Inter-die reduction wrt all: 15.24
Inter-board reduction wrt inter-die: inf

---Data Movement---
All traffic (msg): 1,289,803,575
Arith. Intensity FLOP/Loads: 0.36
Arith. Intensity FLOP/Msgs: 0.09
Arith. Intensity OPS/Loads: 1.20
Arith. Intensity OPS/Msgs: 0.31



===Core Utilization Total=== CORE-S:4;; TIME K cy:400 ;; Nodes Proc: 802,219 -- Edges Proc: 7,663,991

===PRINTING FRAME STATS

FCollision In Avg:117, SD:30, Max:293, Min:35
FCollision Out Avg:88, SD:57, Max:264, Min:4
FCollision End Avg:22, SD:36, Max:110, Min:0
FTask1 Avg:9, SD:11, Max:64, Min:0
FTask2 Avg:70, SD:59, Max:277, Min:0
FTask3 Avg:80, SD:12, Max:143, Min:54
FCore Active Avg:40, SD:16, Max:95, Min:14
FRouter Active Avg:88, SD:4, Max:98, Min:65
T1 invocations: 245,842
T2 invocations: 442,196
T3 invocations: 17,186,136
T3b invocations: 0
Total3 invocations: 17,186,136
Total4 invocations: 3,583

T3/T2 ratio: 39
T3b/T3 ratio: 0

T1 avg ex cycles: 36
T2 avg ex cycles: 163
T3&b avg ex cycles: 5
T4 avg ex cycles: 561
Avg. hops NOC1: 2
Avg. latency NOC1 (T2): 37,639
Avg. hops NOC2: 11
Avg. latency NOC2 (T3): 10,369

===PRINTING ACUM STATS at pu_cycles: 500,707

ACollision In Avg:121, SD:26, Max:241, Min:60
ACollision Out Avg:100, SD:47, Max:260, Min:23
ACollision End Avg:25, SD:26, Max:103, Min:0
ATask1 Avg:6, SD:5, Max:24, Min:0
ATask2 Avg:64, SD:38, Max:198, Min:0
ATask3 Avg:83, SD:10, Max:131, Min:60
ACore Active Avg:39, SD:10, Max:78, Min:19
ARouter Active Avg:84, SD:4, Max:92, Min:62
T1 invocations: 773,641
T2 invocations: 1,669,186
T3 invocations: 77,019,606
T3b invocations: 0
Total3 invocations: 77,019,606
Total4 invocations: 11,636

T3/T2 ratio: 46
T3b/T3 ratio: 0

T1 avg ex cycles: 40
T2 avg ex cycles: 197
T3&b avg ex cycles: 6
T4 avg ex cycles: 511
Avg. hops NOC1: 2
Avg. latency NOC1 (T2): 46,822
Avg. hops NOC2: 11
Avg. latency NOC2 (T3): 12,411
Number of K Nodes Processed: 7,197
Number of K Edges Processed: 78,776
Node Re-explore factor: 1.72
Edge Re-explore factor: 0.61
Nodes/cy: 14
Edges/cy: 157
TEPS: 256

---DCache---
DCache Size: 259,072
DRAM words: 0
  DHits: 0
  DMisses: 0

---Energy---
Leakage Energy (nJ): 421,859
PU Dyn E (nJ): 5,154,250
Mem Dyn E (nJ): 30,860,439
Route Dyn E (nJ): 11,126,586
Dynamic Energy (nJ): 47,141,275
Ratio of Dyn/Leak: 112
Total Energy (nJ): 47,563,134
Total Energy (nJ) 3D: 53,138,764
Cores Energy (nJ): 5,159,824
Route Energy (nJ): 11,147,753
Route Energy (nJ) 3D: 16,723,383
Mem Energy   (nJ): 31,255,557
Mem Energy   (nJ) 3D: 31,255,557
Avg. Power (mW): 94,991.95
Power Density (mW/mm2): 29.75

---Runtime---
Runtime in K cycles: 500.71
Microseconds: 500.71
Time per iteration (ms): 0.50

---Throughput---
GOP/s (aka OPS/ns): 1,014.95
GOP/s per core: 0.99
GFLOP/s: 311.08
GFLOP/s per core: 0.30
Max Peak GFLOP/s: 4,096.00
Avg. BW GB/s: 6,207.99
Max BW GB/s: 16,384.00

---Traffic---
In-Die bisection_bytes BW (GB/s): 128.00
Inter-board traffic (msg/ns): 0.00, per-link: 0.00
Inter-pack traffic (msg/ns): 0.00, per-link: 0.00
Inter-die traffic (msg/ns): 216.84, per-link: 0.42
Ruche traffic (msg/ns): 333.25, per-link: 0.65
All traffic (msg/ns): 3,311.70, per-link: 3.23
Inter-die reduction wrt all: 15.27
Inter-board reduction wrt inter-die: inf

---Data Movement---
All traffic (msg): 1,658,191,417
Arith. Intensity FLOP/Loads: 0.37
Arith. Intensity FLOP/Msgs: 0.09
Arith. Intensity OPS/Loads: 1.19
Arith. Intensity OPS/Msgs: 0.31



===Core Utilization Total=== CORE-S:5;; TIME K cy:500 ;; Nodes Proc: 900,408 -- Edges Proc: 9,854,310

===PRINTING FRAME STATS

FCollision In Avg:116, SD:28, Max:276, Min:29
FCollision Out Avg:86, SD:58, Max:262, Min:3
FCollision End Avg:23, SD:36, Max:100, Min:0
FTask1 Avg:9, SD:12, Max:54, Min:0
FTask2 Avg:73, SD:61, Max:299, Min:0
FTask3 Avg:80, SD:12, Max:152, Min:54
FCore Active Avg:41, SD:16, Max:100, Min:15
FRouter Active Avg:90, SD:4, Max:98, Min:62
T1 invocations: 268,032
T2 invocations: 468,817
T3 invocations: 17,738,253
T3b invocations: 0
Total3 invocations: 17,738,253
Total4 invocations: 4,063

T3/T2 ratio: 38
T3b/T3 ratio: 0

T1 avg ex cycles: 36
T2 avg ex cycles: 159
T3&b avg ex cycles: 5
T4 avg ex cycles: 549
Avg. hops NOC1: 2
Avg. latency NOC1 (T2): 34,733
Avg. hops NOC2: 11
Avg. latency NOC2 (T3): 9,656

===PRINTING ACUM STATS at pu_cycles: 600,723

ACollision In Avg:120, SD:25, Max:241, Min:61
ACollision Out Avg:98, SD:47, Max:258, Min:20
ACollision End Avg:24, SD:25, Max:99, Min:0
ATask1 Avg:7, SD:6, Max:25, Min:0
ATask2 Avg:66, SD:38, Max:210, Min:0
ATask3 Avg:82, SD:10, Max:134, Min:59
ACore Active Avg:39, SD:11, Max:82, Min:19
ARouter Active Avg:85, SD:4, Max:93, Min:62
T1 invocations: 1,034,833
T2 invocations: 2,128,488
T3 invocations: 94,526,132
T3b invocations: 0
Total3 invocations: 94,526,132
Total4 invocations: 15,595

T3/T2 ratio: 44
T3b/T3 ratio: 0

T1 avg ex cycles: 39
T2 avg ex cycles: 188
T3&b avg ex cycles: 5
T4 avg ex cycles: 520
Avg. hops NOC1: 2
Avg. latency NOC1 (T2): 44,324
Avg. hops NOC2: 11
Avg. latency NOC2 (T3): 11,897
Number of K Nodes Processed: 7,878
Number of K Edges Processed: 96,445
Node Re-explore factor: 1.88
Edge Re-explore factor: 0.75
Nodes/cy: 13
Edges/cy: 161
TEPS: 214

---DCache---
DCache Size: 259,072
DRAM words: 0
  DHits: 0
  DMisses: 0

---Energy---
Leakage Energy (nJ): 506,125
PU Dyn E (nJ): 6,280,567
Mem Dyn E (nJ): 37,508,118
Route Dyn E (nJ): 13,644,445
Dynamic Energy (nJ): 57,433,130
Ratio of Dyn/Leak: 113
Total Energy (nJ): 57,939,255
Total Energy (nJ) 3D: 64,766,251
Cores Energy (nJ): 6,287,254
Route Energy (nJ): 13,669,840
Route Energy (nJ) 3D: 20,496,836
Mem Energy   (nJ): 37,982,160
Mem Energy   (nJ) 3D: 37,982,160
Avg. Power (mW): 96,449.20
Power Density (mW/mm2): 30.21

---Runtime---
Runtime in K cycles: 600.72
Microseconds: 600.72
Time per iteration (ms): 0.60

---Throughput---
GOP/s (aka OPS/ns): 1,025.74
GOP/s per core: 1.00
GFLOP/s: 317.22
GFLOP/s per core: 0.31
Max Peak GFLOP/s: 4,096.00
Avg. BW GB/s: 6,289.26
Max BW GB/s: 16,384.00

---Traffic---
In-Die bisection_bytes BW (GB/s): 128.00
Inter-board traffic (msg/ns): 0.00, per-link: 0.00
Inter-pack traffic (msg/ns): 0.00, per-link: 0.00
Inter-die traffic (msg/ns): 221.81, per-link: 0.43
Ruche traffic (msg/ns): 342.42, per-link: 0.67
All traffic (msg/ns): 3,383.83, per-link: 3.30
Inter-die reduction wrt all: 15.26
Inter-board reduction wrt inter-die: inf

---Data Movement---
All traffic (msg): 2,032,743,536
Arith. Intensity FLOP/Loads: 0.37
Arith. Intensity FLOP/Msgs: 0.09
Arith. Intensity OPS/Loads: 1.19
Arith. Intensity OPS/Msgs: 0.30



===Core Utilization Total=== CORE-S:6;; TIME K cy:600 ;; Nodes Proc: 985,294 -- Edges Proc: 12,024,869

===PRINTING FRAME STATS

FCollision In Avg:114, SD:28, Max:256, Min:18
FCollision Out Avg:86, SD:58, Max:247, Min:3
FCollision End Avg:23, SD:37, Max:100, Min:0
FTask1 Avg:10, SD:12, Max:64, Min:0
FTask2 Avg:72, SD:60, Max:316, Min:0
FTask3 Avg:78, SD:12, Max:151, Min:51
FCore Active Avg:40, SD:16, Max:99, Min:15
FRouter Active Avg:89, SD:4, Max:98, Min:61
T1 invocations: 282,026
T2 invocations: 479,109
T3 invocations: 17,512,569
T3b invocations: 0
Total3 invocations: 17,512,569
Total4 invocations: 6,291

T3/T2 ratio: 37
T3b/T3 ratio: 0

T1 avg ex cycles: 35
T2 avg ex cycles: 154
T3&b avg ex cycles: 5
T4 avg ex cycles: 387
Avg. hops NOC1: 2
Avg. latency NOC1 (T2): 31,980
Avg. hops NOC2: 11
Avg. latency NOC2 (T3): 9,356

===PRINTING ACUM STATS at pu_cycles: 700,691

ACollision In Avg:119, SD:24, Max:243, Min:61
ACollision Out Avg:96, SD:46, Max:253, Min:18
ACollision End Avg:24, SD:24, Max:99, Min:0
ATask1 Avg:7, SD:6, Max:27, Min:0
ATask2 Avg:66, SD:38, Max:216, Min:0
ATask3 Avg:82, SD:10, Max:136, Min:58
ACore Active Avg:39, SD:11, Max:84, Min:19
ARouter Active Avg:85, SD:4, Max:93, Min:62
T1 invocations: 1,322,848
T2 invocations: 2,616,282
T3 invocations: 112,248,629
T3b invocations: 0
Total3 invocations: 112,248,629
Total4 invocations: 21,974

T3/T2 ratio: 43
T3b/T3 ratio: 0

T1 avg ex cycles: 38
T2 avg ex cycles: 182
T3&b avg ex cycles: 5
T4 avg ex cycles: 482
Avg. hops NOC1: 2
Avg. latency NOC1 (T2): 41,937
Avg. hops NOC2: 11
Avg. latency NOC2 (T3): 11,498
Number of K Nodes Processed: 8,465
Number of K Edges Processed: 113,913
Node Re-explore factor: 2.02
Edge Re-explore factor: 0.89
Nodes/cy: 12
Edges/cy: 163
TEPS: 183

---DCache---
DCache Size: 259,072
DRAM words: 0
  DHits: 0
  DMisses: 0

---Energy---
Leakage Energy (nJ): 590,350
PU Dyn E (nJ): 7,430,239
Mem Dyn E (nJ): 44,271,751
Route Dyn E (nJ): 16,181,139
Dynamic Energy (nJ): 67,883,129
Ratio of Dyn/Leak: 115
Total Energy (nJ): 68,473,479
Total Energy (nJ) 3D: 76,573,609
Cores Energy (nJ): 7,438,039
Route Energy (nJ): 16,210,761
Route Energy (nJ) 3D: 24,310,890
Mem Energy   (nJ): 44,824,680
Mem Energy   (nJ) 3D: 44,824,680
Avg. Power (mW): 97,722.79
Power Density (mW/mm2): 30.61

---Runtime---
Runtime in K cycles: 700.69
Microseconds: 700.69
Time per iteration (ms): 0.70

---Throughput---
GOP/s (aka OPS/ns): 1,036.71
GOP/s per core: 1.01
GFLOP/s: 322.66
GFLOP/s per core: 0.32
Max Peak GFLOP/s: 4,096.00
Avg. BW GB/s: 6,364.43
Max BW GB/s: 16,384.00

---Traffic---
In-Die bisection_bytes BW (GB/s): 128.00
Inter-board traffic (msg/ns): 0.00, per-link: 0.00
Inter-pack traffic (msg/ns): 0.00, per-link: 0.00
Inter-die traffic (msg/ns): 224.90, per-link: 0.44
Ruche traffic (msg/ns): 348.13, per-link: 0.68
All traffic (msg/ns): 3,441.80, per-link: 3.36
Inter-die reduction wrt all: 15.30
Inter-board reduction wrt inter-die: inf

---Data Movement---
All traffic (msg): 2,411,640,848
Arith. Intensity FLOP/Loads: 0.37
Arith. Intensity FLOP/Msgs: 0.09
Arith. Intensity OPS/Loads: 1.19
Arith. Intensity OPS/Msgs: 0.30



===Core Utilization Total=== CORE-S:7;; TIME K cy:700 ;; Nodes Proc: 1,058,398 -- Edges Proc: 14,123,329

===PRINTING FRAME STATS

FCollision In Avg:111, SD:30, Max:249, Min:12
FCollision Out Avg:84, SD:61, Max:262, Min:1
FCollision End Avg:24, SD:39, Max:100, Min:0
FTask1 Avg:10, SD:12, Max:63, Min:0
FTask2 Avg:69, SD:62, Max:324, Min:0
FTask3 Avg:75, SD:12, Max:145, Min:47
FCore Active Avg:39, SD:17, Max:99, Min:14
FRouter Active Avg:88, SD:5, Max:98, Min:61
T1 invocations: 278,641
T2 invocations: 469,307
T3 invocations: 16,928,937
T3b invocations: 0
Total3 invocations: 16,928,937
Total4 invocations: 12,208

T3/T2 ratio: 36
T3b/T3 ratio: 0

T1 avg ex cycles: 35
T2 avg ex cycles: 151
T3&b avg ex cycles: 5
T4 avg ex cycles: 207
Avg. hops NOC1: 2
Avg. latency NOC1 (T2): 30,353
Avg. hops NOC2: 11
Avg. latency NOC2 (T3): 9,147

===PRINTING ACUM STATS at pu_cycles: 800,748

ACollision In Avg:118, SD:24, Max:244, Min:55
ACollision Out Avg:95, SD:46, Max:249, Min:16
ACollision End Avg:24, SD:24, Max:99, Min:0
ATask1 Avg:7, SD:6, Max:25, Min:0
ATask2 Avg:67, SD:38, Max:216, Min:0
ATask3 Avg:81, SD:10, Max:136, Min:57
ACore Active Avg:39, SD:11, Max:84, Min:19
ARouter Active Avg:86, SD:4, Max:94, Min:65
T1 invocations: 1,602,551
T2 invocations: 3,086,837
T3 invocations: 129,213,171
T3b invocations: 0
Total3 invocations: 129,213,171
Total4 invocations: 34,330

T3/T2 ratio: 42
T3b/T3 ratio: 0

T1 avg ex cycles: 38
T2 avg ex cycles: 177
T3&b avg ex cycles: 5
T4 avg ex cycles: 383
Avg. hops NOC1: 2
Avg. latency NOC1 (T2): 40,159
Avg. hops NOC2: 11
Avg. latency NOC2 (T3): 11,189
Number of K Nodes Processed: 8,987
Number of K Edges Processed: 130,752
Node Re-explore factor: 2.14
Edge Re-explore factor: 1.02
Nodes/cy: 11
Edges/cy: 163
TEPS: 160

---DCache---
DCache Size: 259,072
DRAM words: 0
  DHits: 0
  DMisses: 0

---Energy---
Leakage Energy (nJ): 674,651
PU Dyn E (nJ): 8,525,867
Mem Dyn E (nJ): 50,710,968
Route Dyn E (nJ): 18,616,830
Dynamic Energy (nJ): 77,853,665
Ratio of Dyn/Leak: 115
Total Energy (nJ): 78,528,316
Total Energy (nJ) 3D: 87,846,033
Cores Energy (nJ): 8,534,781
Route Energy (nJ): 18,650,681
Route Energy (nJ) 3D: 27,968,399
Mem Energy   (nJ): 51,342,854
Mem Energy   (nJ) 3D: 51,342,854
Avg. Power (mW): 98,068.70
Power Density (mW/mm2): 30.72

---Runtime---
Runtime in K cycles: 800.75
Microseconds: 800.75
Time per iteration (ms): 0.80

---Throughput---
GOP/s (aka OPS/ns): 1,038.38
GOP/s per core: 1.01
GFLOP/s: 324.61
GFLOP/s per core: 0.32
Max Peak GFLOP/s: 4,096.00
Avg. BW GB/s: 6,379.32
Max BW GB/s: 16,384.00

---Traffic---
In-Die bisection_bytes BW (GB/s): 128.00
Inter-board traffic (msg/ns): 0.00, per-link: 0.00
Inter-pack traffic (msg/ns): 0.00, per-link: 0.00
Inter-die traffic (msg/ns): 226.16, per-link: 0.44
Ruche traffic (msg/ns): 351.00, per-link: 0.69
All traffic (msg/ns): 3,465.32, per-link: 3.38
Inter-die reduction wrt all: 15.32
Inter-board reduction wrt inter-die: inf

---Data Movement---
All traffic (msg): 2,774,845,799
Arith. Intensity FLOP/Loads: 0.37
Arith. Intensity FLOP/Msgs: 0.09
Arith. Intensity OPS/Loads: 1.19
Arith. Intensity OPS/Msgs: 0.30



===Core Utilization Total=== CORE-S:8;; TIME K cy:800 ;; Nodes Proc: 1,123,767 -- Edges Proc: 16,058,966

===PRINTING FRAME STATS

FCollision In Avg:109, SD:32, Max:263, Min:8
FCollision Out Avg:84, SD:62, Max:254, Min:1
FCollision End Avg:25, SD:39, Max:100, Min:0
FTask1 Avg:9, SD:11, Max:69, Min:0
FTask2 Avg:68, SD:58, Max:338, Min:0
FTask3 Avg:72, SD:12, Max:140, Min:48
FCore Active Avg:38, SD:15, Max:100, Min:13
FRouter Active Avg:88, SD:5, Max:98, Min:58
T1 invocations: 272,425
T2 invocations: 462,517
T3 invocations: 16,468,197
T3b invocations: 0
Total3 invocations: 16,468,197
Total4 invocations: 16,609

T3/T2 ratio: 36
T3b/T3 ratio: 0

T1 avg ex cycles: 35
T2 avg ex cycles: 150
T3&b avg ex cycles: 4
T4 avg ex cycles: 155
Avg. hops NOC1: 2
Avg. latency NOC1 (T2): 32,780
Avg. hops NOC2: 11
Avg. latency NOC2 (T3): 9,275

===PRINTING ACUM STATS at pu_cycles: 901,003

ACollision In Avg:117, SD:24, Max:242, Min:52
ACollision Out Avg:93, SD:47, Max:248, Min:16
ACollision End Avg:24, SD:24, Max:99, Min:0
ATask1 Avg:8, SD:6, Max:24, Min:0
ATask2 Avg:67, SD:38, Max:214, Min:0
ATask3 Avg:80, SD:11, Max:136, Min:56
ACore Active Avg:39, SD:11, Max:83, Min:19
ARouter Active Avg:86, SD:4, Max:94, Min:64
T1 invocations: 1,871,814
T2 invocations: 3,545,568
T3 invocations: 145,617,084
T3b invocations: 0
Total3 invocations: 145,617,084
Total4 invocations: 50,795

T3/T2 ratio: 41
T3b/T3 ratio: 0

T1 avg ex cycles: 37
T2 avg ex cycles: 174
T3&b avg ex cycles: 5
T4 avg ex cycles: 309
Avg. hops NOC1: 2
Avg. latency NOC1 (T2): 39,235
Avg. hops NOC2: 11
Avg. latency NOC2 (T3): 10,974
Number of K Nodes Processed: 9,460
Number of K Edges Processed: 147,170
Node Re-explore factor: 2.26
Edge Re-explore factor: 1.15
Nodes/cy: 10
Edges/cy: 163
TEPS: 142

---DCache---
DCache Size: 259,072
DRAM words: 0
  DHits: 0
  DMisses: 0

---Energy---
Leakage Energy (nJ): 759,118
PU Dyn E (nJ): 9,582,857
Mem Dyn E (nJ): 56,921,076
Route Dyn E (nJ): 20,984,262
Dynamic Energy (nJ): 87,488,196
Ratio of Dyn/Leak: 115
Total Energy (nJ): 88,247,314
Total Energy (nJ) 3D: 98,749,579
Cores Energy (nJ): 9,592,887
Route Energy (nJ): 21,022,352
Route Energy (nJ) 3D: 31,524,617
Mem Energy   (nJ): 57,632,076
Mem Energy   (nJ) 3D: 57,632,076
Avg. Power (mW): 97,943.42
Power Density (mW/mm2): 30.68

---Runtime---
Runtime in K cycles: 901.00
Microseconds: 901.00
Time per iteration (ms): 0.90

---Throughput---
GOP/s (aka OPS/ns): 1,035.23
GOP/s per core: 1.01
GFLOP/s: 324.76
GFLOP/s per core: 0.32
Max Peak GFLOP/s: 4,096.00
Avg. BW GB/s: 6,363.89
Max BW GB/s: 16,384.00

---Traffic---
In-Die bisection_bytes BW (GB/s): 128.00
Inter-board traffic (msg/ns): 0.00, per-link: 0.00
Inter-pack traffic (msg/ns): 0.00, per-link: 0.00
Inter-die traffic (msg/ns): 226.71, per-link: 0.44
Ruche traffic (msg/ns): 351.49, per-link: 0.69
All traffic (msg/ns): 3,471.49, per-link: 3.39
Inter-die reduction wrt all: 15.31
Inter-board reduction wrt inter-die: inf

---Data Movement---
All traffic (msg): 3,127,819,007
Arith. Intensity FLOP/Loads: 0.37
Arith. Intensity FLOP/Msgs: 0.09
Arith. Intensity OPS/Loads: 1.18
Arith. Intensity OPS/Msgs: 0.30



===Core Utilization Total=== CORE-S:9;; TIME K cy:900 ;; Nodes Proc: 1,182,805 -- Edges Proc: 18,057,117

===PRINTING FRAME STATS

FCollision In Avg:106, SD:33, Max:251, Min:12
FCollision Out Avg:82, SD:64, Max:253, Min:1
FCollision End Avg:24, SD:39, Max:143, Min:0
FTask1 Avg:9, SD:10, Max:62, Min:0
FTask2 Avg:66, SD:52, Max:322, Min:0
FTask3 Avg:70, SD:11, Max:135, Min:45
FCore Active Avg:37, SD:14, Max:96, Min:14
FRouter Active Avg:87, SD:6, Max:98, Min:55
T1 invocations: 270,955
T2 invocations: 450,162
T3 invocations: 16,062,491
T3b invocations: 0
Total3 invocations: 16,062,491
Total4 invocations: 24,650

T3/T2 ratio: 36
T3b/T3 ratio: 0

T1 avg ex cycles: 35
T2 avg ex cycles: 150
T3&b avg ex cycles: 4
T4 avg ex cycles: 110
Avg. hops NOC1: 2
Avg. latency NOC1 (T2): 31,835
Avg. hops NOC2: 11
Avg. latency NOC2 (T3): 8,947

===PRINTING ACUM STATS at pu_cycles: 1,000,841

ACollision In Avg:116, SD:24, Max:238, Min:49
ACollision Out Avg:92, SD:47, Max:246, Min:14
ACollision End Avg:24, SD:24, Max:99, Min:0
ATask1 Avg:8, SD:6, Max:23, Min:0
ATask2 Avg:67, SD:37, Max:207, Min:0
ATask3 Avg:79, SD:11, Max:136, Min:55
ACore Active Avg:39, SD:11, Max:81, Min:18
ARouter Active Avg:86, SD:4, Max:94, Min:64
T1 invocations: 2,140,153
T2 invocations: 3,992,725
T3 invocations: 161,569,541
T3b invocations: 0
Total3 invocations: 161,569,541
Total4 invocations: 74,728

T3/T2 ratio: 40
T3b/T3 ratio: 0

T1 avg ex cycles: 37
T2 avg ex cycles: 171
T3&b avg ex cycles: 5
T4 avg ex cycles: 246
Avg. hops NOC1: 2
Avg. latency NOC1 (T2): 38,426
Avg. hops NOC2: 11
Avg. latency NOC2 (T3): 10,774
Number of K Nodes Processed: 9,891
Number of K Edges Processed: 163,165
Node Re-explore factor: 2.36
Edge Re-explore factor: 1.27
Nodes/cy: 10
Edges/cy: 163
TEPS: 128

---DCache---
DCache Size: 259,072
DRAM words: 0
  DHits: 0
  DMisses: 0

---Energy---
Leakage Energy (nJ): 843,235
PU Dyn E (nJ): 10,611,813
Mem Dyn E (nJ): 62,958,192
Route Dyn E (nJ): 23,284,639
Dynamic Energy (nJ): 96,854,644
Ratio of Dyn/Leak: 115
Total Energy (nJ): 97,697,879
Total Energy (nJ) 3D: 109,347,784
Cores Energy (nJ): 10,622,954
Route Energy (nJ): 23,326,949
Route Energy (nJ) 3D: 34,976,853
Mem Energy   (nJ): 63,747,976
Mem Energy   (nJ) 3D: 63,747,976
Avg. Power (mW): 97,615.78
Power Density (mW/mm2): 30.57

---Runtime---
Runtime in K cycles: 1,000.84
Microseconds: 1,000.84
Time per iteration (ms): 1.00

---Throughput---
GOP/s (aka OPS/ns): 1,030.53
GOP/s per core: 1.01
GFLOP/s: 324.14
GFLOP/s per core: 0.32
Max Peak GFLOP/s: 4,096.00
Avg. BW GB/s: 6,336.79
Max BW GB/s: 16,384.00

---Traffic---
In-Die bisection_bytes BW (GB/s): 128.00
Inter-board traffic (msg/ns): 0.00, per-link: 0.00
Inter-pack traffic (msg/ns): 0.00, per-link: 0.00
Inter-die traffic (msg/ns): 226.56, per-link: 0.44
Ruche traffic (msg/ns): 351.45, per-link: 0.69
All traffic (msg/ns): 3,467.56, per-link: 3.39
Inter-die reduction wrt all: 15.31
Inter-board reduction wrt inter-die: inf

---Data Movement---
All traffic (msg): 3,470,473,916
Arith. Intensity FLOP/Loads: 0.37
Arith. Intensity FLOP/Msgs: 0.09
Arith. Intensity OPS/Loads: 1.18
Arith. Intensity OPS/Msgs: 0.30



===Core Utilization Total=== CORE-S:10;; TIME K cy:1,000 ;; Nodes Proc: 1,236,885 -- Edges Proc: 20,082,327

===PRINTING FRAME STATS

FCollision In Avg:101, SD:37, Max:258, Min:4
FCollision Out Avg:77, SD:64, Max:285, Min:0
FCollision End Avg:24, SD:39, Max:126, Min:0
FTask1 Avg:9, SD:10, Max:60, Min:0
FTask2 Avg:64, SD:52, Max:375, Min:0
FTask3 Avg:67, SD:11, Max:135, Min:25
FCore Active Avg:36, SD:14, Max:100, Min:13
FRouter Active Avg:86, SD:7, Max:99, Min:53
T1 invocations: 274,325
T2 invocations: 452,470
T3 invocations: 15,509,381
T3b invocations: 0
Total3 invocations: 15,509,381
Total4 invocations: 33,029

T3/T2 ratio: 34
T3b/T3 ratio: 0

T1 avg ex cycles: 35
T2 avg ex cycles: 145
T3&b avg ex cycles: 4
T4 avg ex cycles: 86
Avg. hops NOC1: 2
Avg. latency NOC1 (T2): 30,630
Avg. hops NOC2: 11
Avg. latency NOC2 (T3): 8,812

===PRINTING ACUM STATS at pu_cycles: 1,100,726

ACollision In Avg:115, SD:24, Max:238, Min:45
ACollision Out Avg:91, SD:48, Max:243, Min:13
ACollision End Avg:24, SD:24, Max:99, Min:0
ATask1 Avg:8, SD:6, Max:22, Min:0
ATask2 Avg:67, SD:36, Max:195, Min:0
ATask3 Avg:78, SD:11, Max:135, Min:55
ACore Active Avg:39, SD:10, Max:78, Min:19
ARouter Active Avg:86, SD:4, Max:94, Min:63
T1 invocations: 2,416,685
T2 invocations: 4,451,716
T3 invocations: 177,181,764
T3b invocations: 0
Total3 invocations: 177,181,764
Total4 invocations: 108,409

T3/T2 ratio: 40
T3b/T3 ratio: 0

T1 avg ex cycles: 37
T2 avg ex cycles: 168
T3&b avg ex cycles: 5
T4 avg ex cycles: 196
Avg. hops NOC1: 2
Avg. latency NOC1 (T2): 37,588
Avg. hops NOC2: 11
Avg. latency NOC2 (T3): 10,602
Number of K Nodes Processed: 10,277
Number of K Edges Processed: 178,635
Node Re-explore factor: 2.45
Edge Re-explore factor: 1.39
Nodes/cy: 9
Edges/cy: 162
TEPS: 117

---DCache---
DCache Size: 259,072
DRAM words: 0
  DHits: 0
  DMisses: 0

---Energy---
Leakage Energy (nJ): 927,390
PU Dyn E (nJ): 11,626,767
Mem Dyn E (nJ): 68,901,568
Route Dyn E (nJ): 25,545,585
Dynamic Energy (nJ): 106,073,920
Ratio of Dyn/Leak: 114
Total Energy (nJ): 107,001,310
Total Energy (nJ) 3D: 119,787,894
Cores Energy (nJ): 11,639,020
Route Energy (nJ): 25,592,118
Route Energy (nJ) 3D: 38,378,702
Mem Energy   (nJ): 69,770,173
Mem Energy   (nJ) 3D: 69,770,173
Avg. Power (mW): 97,209.76
Power Density (mW/mm2): 30.45

---Runtime---
Runtime in K cycles: 1,100.73
Microseconds: 1,100.73
Time per iteration (ms): 1.10

---Throughput---
GOP/s (aka OPS/ns): 1,025.55
GOP/s per core: 1.00
GFLOP/s: 323.18
GFLOP/s per core: 0.32
Max Peak GFLOP/s: 4,096.00
Avg. BW GB/s: 6,305.76
Max BW GB/s: 16,384.00

---Traffic---
In-Die bisection_bytes BW (GB/s): 128.00
Inter-board traffic (msg/ns): 0.00, per-link: 0.00
Inter-pack traffic (msg/ns): 0.00, per-link: 0.00
Inter-die traffic (msg/ns): 225.92, per-link: 0.44
Ruche traffic (msg/ns): 350.09, per-link: 0.68
All traffic (msg/ns): 3,459.62, per-link: 3.38
Inter-die reduction wrt all: 15.31
Inter-board reduction wrt inter-die: inf

---Data Movement---
All traffic (msg): 3,808,091,827
Arith. Intensity FLOP/Loads: 0.37
Arith. Intensity FLOP/Msgs: 0.09
Arith. Intensity OPS/Loads: 1.18
Arith. Intensity OPS/Msgs: 0.30



===Core Utilization Total=== CORE-S:11;; TIME K cy:1,100 ;; Nodes Proc: 1,285,133 -- Edges Proc: 22,095,505

===PRINTING FRAME STATS

FCollision In Avg:99, SD:39, Max:253, Min:5
FCollision Out Avg:75, SD:64, Max:302, Min:0
FCollision End Avg:23, SD:38, Max:199, Min:0
FTask1 Avg:10, SD:10, Max:78, Min:0
FTask2 Avg:64, SD:51, Max:332, Min:0
FTask3 Avg:67, SD:12, Max:166, Min:26
FCore Active Avg:36, SD:13, Max:98, Min:13
FRouter Active Avg:86, SD:7, Max:97, Min:53
T1 invocations: 294,695
T2 invocations: 468,092
T3 invocations: 15,599,302
T3b invocations: 0
Total3 invocations: 15,599,302
Total4 invocations: 40,601

T3/T2 ratio: 33
T3b/T3 ratio: 0

T1 avg ex cycles: 35
T2 avg ex cycles: 140
T3&b avg ex cycles: 4
T4 avg ex cycles: 78
Avg. hops NOC1: 2
Avg. latency NOC1 (T2): 29,835
Avg. hops NOC2: 11
Avg. latency NOC2 (T3): 8,691

===PRINTING ACUM STATS at pu_cycles: 1,200,740

ACollision In Avg:113, SD:24, Max:240, Min:42
ACollision Out Avg:90, SD:48, Max:240, Min:12
ACollision End Avg:24, SD:24, Max:99, Min:0
ATask1 Avg:8, SD:6, Max:21, Min:0
ATask2 Avg:66, SD:35, Max:184, Min:0
ATask3 Avg:77, SD:11, Max:135, Min:54
ACore Active Avg:38, SD:10, Max:75, Min:18
ARouter Active Avg:86, SD:4, Max:94, Min:63
T1 invocations: 2,710,238
T2 invocations: 4,918,601
T3 invocations: 192,761,082
T3b invocations: 0
Total3 invocations: 192,761,082
Total4 invocations: 149,093

T3/T2 ratio: 39
T3b/T3 ratio: 0

T1 avg ex cycles: 36
T2 avg ex cycles: 166
T3&b avg ex cycles: 5
T4 avg ex cycles: 164
Avg. hops NOC1: 2
Avg. latency NOC1 (T2): 36,855
Avg. hops NOC2: 11
Avg. latency NOC2 (T3): 10,447
Number of K Nodes Processed: 10,645
Number of K Edges Processed: 194,083
Node Re-explore factor: 2.54
Edge Re-explore factor: 1.51
Nodes/cy: 9
Edges/cy: 162
TEPS: 107

---DCache---
DCache Size: 259,072
DRAM words: 0
  DHits: 0
  DMisses: 0

---Energy---
Leakage Energy (nJ): 1,011,655
PU Dyn E (nJ): 12,635,821
Mem Dyn E (nJ): 74,796,167
Route Dyn E (nJ): 27,788,064
Dynamic Energy (nJ): 115,220,052
Ratio of Dyn/Leak: 114
Total Energy (nJ): 116,231,707
Total Energy (nJ) 3D: 130,139,565
Cores Energy (nJ): 12,649,188
Route Energy (nJ): 27,838,825
Route Energy (nJ) 3D: 41,746,683
Mem Energy   (nJ): 75,743,695
Mem Energy   (nJ) 3D: 75,743,695
Avg. Power (mW): 96,800.06
Power Density (mW/mm2): 30.32

---Runtime---
Runtime in K cycles: 1,200.74
Microseconds: 1,200.74
Time per iteration (ms): 1.20

---Throughput---
GOP/s (aka OPS/ns): 1,021.24
GOP/s per core: 1.00
GFLOP/s: 322.09
GFLOP/s per core: 0.31
Max Peak GFLOP/s: 4,096.00
Avg. BW GB/s: 6,275.14
Max BW GB/s: 16,384.00

---Traffic---
In-Die bisection_bytes BW (GB/s): 128.00
Inter-board traffic (msg/ns): 0.00, per-link: 0.00
Inter-pack traffic (msg/ns): 0.00, per-link: 0.00
Inter-die traffic (msg/ns): 225.22, per-link: 0.44
Ruche traffic (msg/ns): 349.28, per-link: 0.68
All traffic (msg/ns): 3,449.99, per-link: 3.37
Inter-die reduction wrt all: 15.32
Inter-board reduction wrt inter-die: inf

---Data Movement---
All traffic (msg): 4,142,535,835
Arith. Intensity FLOP/Loads: 0.37
Arith. Intensity FLOP/Msgs: 0.09
Arith. Intensity OPS/Loads: 1.18
Arith. Intensity OPS/Msgs: 0.30



===Core Utilization Total=== CORE-S:12;; TIME K cy:1,200 ;; Nodes Proc: 1,331,387 -- Edges Proc: 24,236,396

===PRINTING FRAME STATS

FCollision In Avg:98, SD:40, Max:260, Min:4
FCollision Out Avg:72, SD:63, Max:302, Min:1
FCollision End Avg:21, SD:37, Max:199, Min:0
FTask1 Avg:10, SD:11, Max:68, Min:0
FTask2 Avg:66, SD:54, Max:317, Min:0
FTask3 Avg:69, SD:12, Max:148, Min:31
FCore Active Avg:37, SD:14, Max:97, Min:13
FRouter Active Avg:87, SD:7, Max:97, Min:56
T1 invocations: 311,144
T2 invocations: 493,582
T3 invocations: 16,026,654
T3b invocations: 0
Total3 invocations: 16,026,654
Total4 invocations: 47,591

T3/T2 ratio: 32
T3b/T3 ratio: 0

T1 avg ex cycles: 35
T2 avg ex cycles: 138
T3&b avg ex cycles: 4
T4 avg ex cycles: 72
Avg. hops NOC1: 2
Avg. latency NOC1 (T2): 26,239
Avg. hops NOC2: 11
Avg. latency NOC2 (T3): 7,698

===PRINTING ACUM STATS at pu_cycles: 1,300,780

ACollision In Avg:112, SD:25, Max:241, Min:40
ACollision Out Avg:88, SD:49, Max:239, Min:11
ACollision End Avg:24, SD:24, Max:99, Min:0
ATask1 Avg:8, SD:5, Max:21, Min:0
ATask2 Avg:66, SD:33, Max:175, Min:0
ATask3 Avg:76, SD:11, Max:135, Min:53
ACore Active Avg:38, SD:10, Max:72, Min:18
ARouter Active Avg:86, SD:4, Max:94, Min:63
T1 invocations: 3,020,926
T2 invocations: 5,410,547
T3 invocations: 208,728,562
T3b invocations: 0
Total3 invocations: 208,728,562
Total4 invocations: 196,808

T3/T2 ratio: 39
T3b/T3 ratio: 0

T1 avg ex cycles: 36
T2 avg ex cycles: 163
T3&b avg ex cycles: 5
T4 avg ex cycles: 141
Avg. hops NOC1: 2
Avg. latency NOC1 (T2): 35,888
Avg. hops NOC2: 11
Avg. latency NOC2 (T3): 10,236
Number of K Nodes Processed: 11,007
Number of K Edges Processed: 210,102
Node Re-explore factor: 2.62
Edge Re-explore factor: 1.64
Nodes/cy: 8
Edges/cy: 162
TEPS: 99

---DCache---
DCache Size: 259,072
DRAM words: 0
  DHits: 0
  DMisses: 0

---Energy---
Leakage Energy (nJ): 1,095,941
PU Dyn E (nJ): 13,675,208
Mem Dyn E (nJ): 80,859,010
Route Dyn E (nJ): 30,073,134
Dynamic Energy (nJ): 124,607,353
Ratio of Dyn/Leak: 114
Total Energy (nJ): 125,703,294
Total Energy (nJ) 3D: 140,748,155
Cores Energy (nJ): 13,689,689
Route Energy (nJ): 30,128,124
Route Energy (nJ) 3D: 45,172,985
Mem Energy   (nJ): 81,885,482
Mem Energy   (nJ) 3D: 81,885,482
Avg. Power (mW): 96,636.86
Power Density (mW/mm2): 30.27

---Runtime---
Runtime in K cycles: 1,300.78
Microseconds: 1,300.78
Time per iteration (ms): 1.30

---Throughput---
GOP/s (aka OPS/ns): 1,019.98
GOP/s per core: 1.00
GFLOP/s: 321.84
GFLOP/s per core: 0.31
Max Peak GFLOP/s: 4,096.00
Avg. BW GB/s: 6,262.13
Max BW GB/s: 16,384.00

---Traffic---
In-Die bisection_bytes BW (GB/s): 128.00
Inter-board traffic (msg/ns): 0.00, per-link: 0.00
Inter-pack traffic (msg/ns): 0.00, per-link: 0.00
Inter-die traffic (msg/ns): 224.92, per-link: 0.44
Ruche traffic (msg/ns): 349.60, per-link: 0.68
All traffic (msg/ns): 3,446.38, per-link: 3.37
Inter-die reduction wrt all: 15.32
Inter-board reduction wrt inter-die: inf

---Data Movement---
All traffic (msg): 4,482,982,472
Arith. Intensity FLOP/Loads: 0.37
Arith. Intensity FLOP/Msgs: 0.09
Arith. Intensity OPS/Loads: 1.18
Arith. Intensity OPS/Msgs: 0.30



===Core Utilization Total=== CORE-S:13;; TIME K cy:1,300 ;; Nodes Proc: 1,376,803 -- Edges Proc: 26,194,528

===PRINTING FRAME STATS

FCollision In Avg:91, SD:42, Max:251, Min:5
FCollision Out Avg:68, SD:61, Max:281, Min:0
FCollision End Avg:20, SD:36, Max:100, Min:0
FTask1 Avg:11, SD:11, Max:70, Min:0
FTask2 Avg:64, SD:53, Max:361, Min:0
FTask3 Avg:67, SD:12, Max:136, Min:26
FCore Active Avg:36, SD:14, Max:100, Min:14
FRouter Active Avg:86, SD:8, Max:98, Min:52
T1 invocations: 318,730
T2 invocations: 493,314
T3 invocations: 15,612,656
T3b invocations: 0
Total3 invocations: 15,612,656
Total4 invocations: 56,715

T3/T2 ratio: 32
T3b/T3 ratio: 0

T1 avg ex cycles: 34
T2 avg ex cycles: 134
T3&b avg ex cycles: 4
T4 avg ex cycles: 65
Avg. hops NOC1: 2
Avg. latency NOC1 (T2): 24,485
Avg. hops NOC2: 11
Avg. latency NOC2 (T3): 7,428

===PRINTING ACUM STATS at pu_cycles: 1,400,631

ACollision In Avg:111, SD:25, Max:242, Min:39
ACollision Out Avg:87, SD:49, Max:240, Min:11
ACollision End Avg:23, SD:24, Max:99, Min:0
ATask1 Avg:8, SD:5, Max:20, Min:0
ATask2 Avg:66, SD:32, Max:166, Min:0
ATask3 Avg:76, SD:11, Max:135, Min:51
ACore Active Avg:38, SD:9, Max:69, Min:18
ARouter Active Avg:86, SD:5, Max:94, Min:63
T1 invocations: 3,343,689
T2 invocations: 5,906,206
T3 invocations: 224,405,978
T3b invocations: 0
Total3 invocations: 224,405,978
Total4 invocations: 253,608

T3/T2 ratio: 38
T3b/T3 ratio: 0

T1 avg ex cycles: 36
T2 avg ex cycles: 161
T3&b avg ex cycles: 5
T4 avg ex cycles: 124
Avg. hops NOC1: 2
Avg. latency NOC1 (T2): 34,923
Avg. hops NOC2: 11
Avg. latency NOC2 (T3): 10,040
Number of K Nodes Processed: 11,342
Number of K Edges Processed: 225,611
Node Re-explore factor: 2.70
Edge Re-explore factor: 1.76
Nodes/cy: 8
Edges/cy: 161
TEPS: 92

---DCache---
DCache Size: 259,072
DRAM words: 0
  DHits: 0
  DMisses: 0

---Energy---
Leakage Energy (nJ): 1,180,068
PU Dyn E (nJ): 14,697,802
Mem Dyn E (nJ): 86,809,278
Route Dyn E (nJ): 32,316,679
Dynamic Energy (nJ): 133,823,759
Ratio of Dyn/Leak: 113
Total Energy (nJ): 135,003,827
Total Energy (nJ) 3D: 151,166,729
Cores Energy (nJ): 14,713,394
Route Energy (nJ): 32,375,890
Route Energy (nJ) 3D: 48,538,793
Mem Energy   (nJ): 87,914,544
Mem Energy   (nJ) 3D: 87,914,544
Avg. Power (mW): 96,387.86
Power Density (mW/mm2): 30.19

---Runtime---
Runtime in K cycles: 1,400.63
Microseconds: 1,400.63
Time per iteration (ms): 1.40

---Throughput---
GOP/s (aka OPS/ns): 1,018.21
GOP/s per core: 0.99
GFLOP/s: 321.22
GFLOP/s per core: 0.31
Max Peak GFLOP/s: 4,096.00
Avg. BW GB/s: 6,243.73
Max BW GB/s: 16,384.00

---Traffic---
In-Die bisection_bytes BW (GB/s): 128.00
Inter-board traffic (msg/ns): 0.00, per-link: 0.00
Inter-pack traffic (msg/ns): 0.00, per-link: 0.00
Inter-die traffic (msg/ns): 224.20, per-link: 0.44
Ruche traffic (msg/ns): 349.53, per-link: 0.68
All traffic (msg/ns): 3,439.49, per-link: 3.36
Inter-die reduction wrt all: 15.34
Inter-board reduction wrt inter-die: inf

---Data Movement---
All traffic (msg): 4,817,458,450
Arith. Intensity FLOP/Loads: 0.37
Arith. Intensity FLOP/Msgs: 0.09
Arith. Intensity OPS/Loads: 1.19
Arith. Intensity OPS/Msgs: 0.30



===Core Utilization Total=== CORE-S:14;; TIME K cy:1,400 ;; Nodes Proc: 1,418,356 -- Edges Proc: 28,146,463

===PRINTING FRAME STATS

FCollision In Avg:87, SD:44, Max:249, Min:5
FCollision Out Avg:63, SD:60, Max:294, Min:0
FCollision End Avg:18, SD:35, Max:100, Min:0
FTask1 Avg:11, SD:11, Max:62, Min:0
FTask2 Avg:66, SD:54, Max:348, Min:0
FTask3 Avg:68, SD:12, Max:142, Min:40
FCore Active Avg:37, SD:14, Max:100, Min:14
FRouter Active Avg:85, SD:8, Max:98, Min:52
T1 invocations: 335,610
T2 invocations: 512,335
T3 invocations: 15,856,408
T3b invocations: 0
Total3 invocations: 15,856,408
Total4 invocations: 67,955

T3/T2 ratio: 31
T3b/T3 ratio: 0

T1 avg ex cycles: 34
T2 avg ex cycles: 131
T3&b avg ex cycles: 4
T4 avg ex cycles: 59
Avg. hops NOC1: 2
Avg. latency NOC1 (T2): 21,512
Avg. hops NOC2: 10
Avg. latency NOC2 (T3): 7,127

===PRINTING ACUM STATS at pu_cycles: 1,500,838

ACollision In Avg:109, SD:26, Max:241, Min:36
ACollision Out Avg:85, SD:49, Max:241, Min:10
ACollision End Avg:23, SD:24, Max:99, Min:0
ATask1 Avg:9, SD:5, Max:19, Min:0
ATask2 Avg:66, SD:31, Max:158, Min:0
ATask3 Avg:75, SD:11, Max:136, Min:52
ACore Active Avg:38, SD:9, Max:67, Min:18
ARouter Active Avg:86, SD:5, Max:94, Min:62
T1 invocations: 3,679,052
T2 invocations: 6,419,989
T3 invocations: 240,283,464
T3b invocations: 0
Total3 invocations: 240,283,464
Total4 invocations: 321,630

T3/T2 ratio: 37
T3b/T3 ratio: 0

T1 avg ex cycles: 36
T2 avg ex cycles: 158
T3&b avg ex cycles: 5
T4 avg ex cycles: 110
Avg. hops NOC1: 2
Avg. latency NOC1 (T2): 33,846
Avg. hops NOC2: 11
Avg. latency NOC2 (T3): 9,848
Number of K Nodes Processed: 11,672
Number of K Edges Processed: 241,436
Node Re-explore factor: 2.78
Edge Re-explore factor: 1.88
Nodes/cy: 8
Edges/cy: 161
TEPS: 85

---DCache---
DCache Size: 259,072
DRAM words: 0
  DHits: 0
  DMisses: 0

---Energy---
Leakage Energy (nJ): 1,264,495
PU Dyn E (nJ): 15,737,337
Mem Dyn E (nJ): 92,849,778
Route Dyn E (nJ): 34,552,749
Dynamic Energy (nJ): 143,139,865
Ratio of Dyn/Leak: 113
Total Energy (nJ): 144,404,360
Total Energy (nJ) 3D: 161,670,745
Cores Energy (nJ): 15,754,045
Route Energy (nJ): 34,616,196
Route Energy (nJ) 3D: 51,882,582
Mem Energy   (nJ): 94,034,119
Mem Energy   (nJ) 3D: 94,034,119
Avg. Power (mW): 96,215.82
Power Density (mW/mm2): 30.14

---Runtime---
Runtime in K cycles: 1,500.84
Microseconds: 1,500.84
Time per iteration (ms): 1.50

---Throughput---
GOP/s (aka OPS/ns): 1,017.69
GOP/s per core: 0.99
GFLOP/s: 320.91
GFLOP/s per core: 0.31
Max Peak GFLOP/s: 4,096.00
Avg. BW GB/s: 6,232.36
Max BW GB/s: 16,384.00

---Traffic---
In-Die bisection_bytes BW (GB/s): 128.00
Inter-board traffic (msg/ns): 0.00, per-link: 0.00
Inter-pack traffic (msg/ns): 0.00, per-link: 0.00
Inter-die traffic (msg/ns): 223.34, per-link: 0.44
Ruche traffic (msg/ns): 350.26, per-link: 0.68
All traffic (msg/ns): 3,431.58, per-link: 3.35
Inter-die reduction wrt all: 15.36
Inter-board reduction wrt inter-die: inf

---Data Movement---
All traffic (msg): 5,150,250,450
Arith. Intensity FLOP/Loads: 0.37
Arith. Intensity FLOP/Msgs: 0.09
Arith. Intensity OPS/Loads: 1.19
Arith. Intensity OPS/Msgs: 0.30



===Core Utilization Total=== CORE-S:15;; TIME K cy:1,500 ;; Nodes Proc: 1,459,546 -- Edges Proc: 30,218,266

===PRINTING FRAME STATS

FCollision In Avg:80, SD:45, Max:250, Min:3
FCollision Out Avg:58, SD:57, Max:264, Min:0
FCollision End Avg:16, SD:32, Max:100, Min:0
FTask1 Avg:12, SD:12, Max:67, Min:0
FTask2 Avg:65, SD:55, Max:330, Min:0
FTask3 Avg:67, SD:12, Max:143, Min:31
FCore Active Avg:37, SD:14, Max:100, Min:13
FRouter Active Avg:85, SD:8, Max:98, Min:52
T1 invocations: 359,331
T2 invocations: 532,438
T3 invocations: 15,742,272
T3b invocations: 0
Total3 invocations: 15,742,272
Total4 invocations: 81,319

T3/T2 ratio: 30
T3b/T3 ratio: 0

T1 avg ex cycles: 34
T2 avg ex cycles: 125
T3&b avg ex cycles: 4
T4 avg ex cycles: 54
Avg. hops NOC1: 2
Avg. latency NOC1 (T2): 19,866
Avg. hops NOC2: 10
Avg. latency NOC2 (T3): 6,433

===PRINTING ACUM STATS at pu_cycles: 1,600,962

ACollision In Avg:107, SD:26, Max:237, Min:34
ACollision Out Avg:83, SD:49, Max:241, Min:9
ACollision End Avg:23, SD:23, Max:99, Min:0
ATask1 Avg:9, SD:5, Max:19, Min:0
ATask2 Avg:66, SD:29, Max:151, Min:0
ATask3 Avg:75, SD:11, Max:136, Min:51
ACore Active Avg:38, SD:9, Max:65, Min:18
ARouter Active Avg:86, SD:5, Max:94, Min:62
T1 invocations: 4,039,053
T2 invocations: 6,953,315
T3 invocations: 256,056,543
T3b invocations: 0
Total3 invocations: 256,056,543
Total4 invocations: 403,425

T3/T2 ratio: 37
T3b/T3 ratio: 0

T1 avg ex cycles: 36
T2 avg ex cycles: 156
T3&b avg ex cycles: 5
T4 avg ex cycles: 99
Avg. hops NOC1: 2
Avg. latency NOC1 (T2): 32,771
Avg. hops NOC2: 11
Avg. latency NOC2 (T3): 9,638
Number of K Nodes Processed: 11,981
Number of K Edges Processed: 257,055
Node Re-explore factor: 2.86
Edge Re-explore factor: 2.00
Nodes/cy: 7
Edges/cy: 161
TEPS: 80

---DCache---
DCache Size: 259,072
DRAM words: 0
  DHits: 0
  DMisses: 0

---Energy---
Leakage Energy (nJ): 1,348,852
PU Dyn E (nJ): 16,773,362
Mem Dyn E (nJ): 98,849,429
Route Dyn E (nJ): 36,778,222
Dynamic Energy (nJ): 152,401,014
Ratio of Dyn/Leak: 113
Total Energy (nJ): 153,749,866
Total Energy (nJ) 3D: 172,116,391
Cores Energy (nJ): 16,791,184
Route Energy (nJ): 36,845,902
Route Energy (nJ) 3D: 55,212,428
Mem Energy   (nJ): 100,112,780
Mem Energy   (nJ) 3D: 100,112,780
Avg. Power (mW): 96,035.92
Power Density (mW/mm2): 30.08

---Runtime---
Runtime in K cycles: 1,600.96
Microseconds: 1,600.96
Time per iteration (ms): 1.60

---Throughput---
GOP/s (aka OPS/ns): 1,017.54
GOP/s per core: 0.99
GFLOP/s: 320.48
GFLOP/s per core: 0.31
Max Peak GFLOP/s: 4,096.00
Avg. BW GB/s: 6,220.18
Max BW GB/s: 16,384.00

---Traffic---
In-Die bisection_bytes BW (GB/s): 128.00
Inter-board traffic (msg/ns): 0.00, per-link: 0.00
Inter-pack traffic (msg/ns): 0.00, per-link: 0.00
Inter-die traffic (msg/ns): 222.58, per-link: 0.43
Ruche traffic (msg/ns): 350.64, per-link: 0.68
All traffic (msg/ns): 3,423.99, per-link: 3.34
Inter-die reduction wrt all: 15.38
Inter-board reduction wrt inter-die: inf

---Data Movement---
All traffic (msg): 5,481,670,342
Arith. Intensity FLOP/Loads: 0.37
Arith. Intensity FLOP/Msgs: 0.09
Arith. Intensity OPS/Loads: 1.19
Arith. Intensity OPS/Msgs: 0.30



===Core Utilization Total=== CORE-S:16;; TIME K cy:1,600 ;; Nodes Proc: 1,498,024 -- Edges Proc: 32,167,769

===PRINTING FRAME STATS

FCollision In Avg:74, SD:45, Max:238, Min:4
FCollision Out Avg:52, SD:54, Max:259, Min:0
FCollision End Avg:14, SD:30, Max:100, Min:0
FTask1 Avg:13, SD:13, Max:83, Min:0
FTask2 Avg:67, SD:60, Max:354, Min:0
FTask3 Avg:70, SD:12, Max:149, Min:32
FCore Active Avg:39, SD:15, Max:100, Min:15
FRouter Active Avg:86, SD:8, Max:99, Min:52
T1 invocations: 393,536
T2 invocations: 566,129
T3 invocations: 16,321,961
T3b invocations: 0
Total3 invocations: 16,321,961
Total4 invocations: 98,337

T3/T2 ratio: 29
T3b/T3 ratio: 0

T1 avg ex cycles: 34
T2 avg ex cycles: 122
T3&b avg ex cycles: 4
T4 avg ex cycles: 51
Avg. hops NOC1: 2
Avg. latency NOC1 (T2): 17,073
Avg. hops NOC2: 10
Avg. latency NOC2 (T3): 5,763

===PRINTING ACUM STATS at pu_cycles: 1,700,605

ACollision In Avg:105, SD:27, Max:235, Min:33
ACollision Out Avg:82, SD:48, Max:239, Min:9
ACollision End Avg:22, SD:23, Max:99, Min:0
ATask1 Avg:9, SD:5, Max:19, Min:0
ATask2 Avg:66, SD:28, Max:145, Min:0
ATask3 Avg:74, SD:11, Max:137, Min:51
ACore Active Avg:38, SD:8, Max:63, Min:17
ARouter Active Avg:86, SD:5, Max:94, Min:61
T1 invocations: 4,422,896
T2 invocations: 7,509,169
T3 invocations: 272,059,975
T3b invocations: 0
Total3 invocations: 272,059,975
Total4 invocations: 499,377

T3/T2 ratio: 36
T3b/T3 ratio: 0

T1 avg ex cycles: 36
T2 avg ex cycles: 153
T3&b avg ex cycles: 5
T4 avg ex cycles: 90
Avg. hops NOC1: 2
Avg. latency NOC1 (T2): 31,620
Avg. hops NOC2: 11
Avg. latency NOC2 (T3): 9,409
Number of K Nodes Processed: 12,293
Number of K Edges Processed: 273,282
Node Re-explore factor: 2.93
Edge Re-explore factor: 2.13
Nodes/cy: 7
Edges/cy: 161
TEPS: 75

---DCache---
DCache Size: 259,072
DRAM words: 0
  DHits: 0
  DMisses: 0

---Energy---
Leakage Energy (nJ): 1,432,804
PU Dyn E (nJ): 17,827,744
Mem Dyn E (nJ): 104,940,195
Route Dyn E (nJ): 39,031,648
Dynamic Energy (nJ): 161,799,587
Ratio of Dyn/Leak: 113
Total Energy (nJ): 163,232,391
Total Energy (nJ) 3D: 182,700,343
Cores Energy (nJ): 17,846,675
Route Energy (nJ): 39,103,540
Route Energy (nJ) 3D: 58,571,492
Mem Energy   (nJ): 106,282,176
Mem Energy   (nJ) 3D: 106,282,176
Avg. Power (mW): 95,984.89
Power Density (mW/mm2): 30.06

---Runtime---
Runtime in K cycles: 1,700.61
Microseconds: 1,700.61
Time per iteration (ms): 1.70

---Throughput---
GOP/s (aka OPS/ns): 1,019.08
GOP/s per core: 1.00
GFLOP/s: 320.43
GFLOP/s per core: 0.31
Max Peak GFLOP/s: 4,096.00
Avg. BW GB/s: 6,216.59
Max BW GB/s: 16,384.00

---Traffic---
In-Die bisection_bytes BW (GB/s): 128.00
Inter-board traffic (msg/ns): 0.00, per-link: 0.00
Inter-pack traffic (msg/ns): 0.00, per-link: 0.00
Inter-die traffic (msg/ns): 222.31, per-link: 0.43
Ruche traffic (msg/ns): 352.01, per-link: 0.69
All traffic (msg/ns): 3,419.99, per-link: 3.34
Inter-die reduction wrt all: 15.38
Inter-board reduction wrt inter-die: inf

---Data Movement---
All traffic (msg): 5,816,053,658
Arith. Intensity FLOP/Loads: 0.37
Arith. Intensity FLOP/Msgs: 0.09
Arith. Intensity OPS/Loads: 1.19
Arith. Intensity OPS/Msgs: 0.30



===Core Utilization Total=== CORE-S:17;; TIME K cy:1,700 ;; Nodes Proc: 1,537,346 -- Edges Proc: 34,175,693

===PRINTING FRAME STATS

FCollision In Avg:60, SD:44, Max:265, Min:3
FCollision Out Avg:43, SD:49, Max:218, Min:0
FCollision End Avg:12, SD:27, Max:100, Min:0
FTask1 Avg:13, SD:12, Max:82, Min:0
FTask2 Avg:63, SD:56, Max:387, Min:0
FTask3 Avg:65, SD:12, Max:150, Min:10
FCore Active Avg:37, SD:14, Max:99, Min:14
FRouter Active Avg:84, SD:8, Max:98, Min:48
T1 invocations: 385,119
T2 invocations: 553,743
T3 invocations: 15,346,482
T3b invocations: 0
Total3 invocations: 15,346,482
Total4 invocations: 116,263

T3/T2 ratio: 28
T3b/T3 ratio: 0

T1 avg ex cycles: 33
T2 avg ex cycles: 117
T3&b avg ex cycles: 4
T4 avg ex cycles: 44
Avg. hops NOC1: 2
Avg. latency NOC1 (T2): 15,621
Avg. hops NOC2: 10
Avg. latency NOC2 (T3): 5,076

===PRINTING ACUM STATS at pu_cycles: 1,800,890

ACollision In Avg:103, SD:27, Max:237, Min:31
ACollision Out Avg:79, SD:47, Max:237, Min:9
ACollision End Avg:22, SD:22, Max:99, Min:0
ATask1 Avg:9, SD:4, Max:18, Min:0
ATask2 Avg:66, SD:26, Max:139, Min:0
ATask3 Avg:74, SD:11, Max:137, Min:50
ACore Active Avg:38, SD:8, Max:62, Min:17
ARouter Active Avg:86, SD:5, Max:94, Min:61
T1 invocations: 4,815,829
T2 invocations: 8,076,921
T3 invocations: 287,728,139
T3b invocations: 0
Total3 invocations: 287,728,139
Total4 invocations: 618,552

T3/T2 ratio: 36
T3b/T3 ratio: 0

T1 avg ex cycles: 35
T2 avg ex cycles: 151
T3&b avg ex cycles: 5
T4 avg ex cycles: 81
Avg. hops NOC1: 2
Avg. latency NOC1 (T2): 30,480
Avg. hops NOC2: 11
Avg. latency NOC2 (T3): 9,177
Number of K Nodes Processed: 12,571
Number of K Edges Processed: 288,370
Node Re-explore factor: 3.00
Edge Re-explore factor: 2.25
Nodes/cy: 7
Edges/cy: 160
TEPS: 71

---DCache---
DCache Size: 259,072
DRAM words: 0
  DHits: 0
  DMisses: 0

---Energy---
Leakage Energy (nJ): 1,517,297
PU Dyn E (nJ): 18,863,820
Mem Dyn E (nJ): 110,910,110
Route Dyn E (nJ): 41,211,420
Dynamic Energy (nJ): 170,985,349
Ratio of Dyn/Leak: 113
Total Energy (nJ): 172,502,646
Total Energy (nJ) 3D: 193,047,552
Cores Energy (nJ): 18,883,867
Route Energy (nJ): 41,287,552
Route Energy (nJ) 3D: 61,832,457
Mem Energy   (nJ): 112,331,228
Mem Energy   (nJ) 3D: 112,331,228
Avg. Power (mW): 95,787.44
Power Density (mW/mm2): 30.00

---Runtime---
Runtime in K cycles: 1,800.89
Microseconds: 1,800.89
Time per iteration (ms): 1.80

---Throughput---
GOP/s (aka OPS/ns): 1,019.43
GOP/s per core: 1.00
GFLOP/s: 319.88
GFLOP/s per core: 0.31
Max Peak GFLOP/s: 4,096.00
Avg. BW GB/s: 6,204.43
Max BW GB/s: 16,384.00

---Traffic---
In-Die bisection_bytes BW (GB/s): 128.00
Inter-board traffic (msg/ns): 0.00, per-link: 0.00
Inter-pack traffic (msg/ns): 0.00, per-link: 0.00
Inter-die traffic (msg/ns): 221.09, per-link: 0.43
Ruche traffic (msg/ns): 352.18, per-link: 0.69
All traffic (msg/ns): 3,410.08, per-link: 3.33
Inter-die reduction wrt all: 15.42
Inter-board reduction wrt inter-die: inf

---Data Movement---
All traffic (msg): 6,141,179,622
Arith. Intensity FLOP/Loads: 0.37
Arith. Intensity FLOP/Msgs: 0.09
Arith. Intensity OPS/Loads: 1.19
Arith. Intensity OPS/Msgs: 0.30



===Core Utilization Total=== CORE-S:18;; TIME K cy:1,800 ;; Nodes Proc: 1,572,235 -- Edges Proc: 35,954,803

===PRINTING FRAME STATS

FCollision In Avg:48, SD:40, Max:253, Min:3
FCollision Out Avg:32, SD:42, Max:206, Min:0
FCollision End Avg:9, SD:24, Max:100, Min:0
FTask1 Avg:12, SD:12, Max:75, Min:0
FTask2 Avg:62, SD:61, Max:376, Min:0
FTask3 Avg:64, SD:11, Max:136, Min:13
FCore Active Avg:36, SD:15, Max:100, Min:14
FRouter Active Avg:82, SD:8, Max:164, Min:51
T1 invocations: 378,218
T2 invocations: 542,590
T3 invocations: 14,883,049
T3b invocations: 0
Total3 invocations: 14,883,049
Total4 invocations: 139,816

T3/T2 ratio: 27
T3b/T3 ratio: 0

T1 avg ex cycles: 33
T2 avg ex cycles: 117
T3&b avg ex cycles: 4
T4 avg ex cycles: 39
Avg. hops NOC1: 3
Avg. latency NOC1 (T2): 12,769
Avg. hops NOC2: 10
Avg. latency NOC2 (T3): 4,202

===PRINTING ACUM STATS at pu_cycles: 1,900,734

ACollision In Avg:100, SD:27, Max:238, Min:30
ACollision Out Avg:77, SD:46, Max:235, Min:8
ACollision End Avg:21, SD:21, Max:97, Min:0
ATask1 Avg:9, SD:4, Max:17, Min:0
ATask2 Avg:66, SD:23, Max:134, Min:0
ATask3 Avg:73, SD:11, Max:137, Min:50
ACore Active Avg:38, SD:7, Max:60, Min:17
ARouter Active Avg:86, SD:5, Max:93, Min:61
T1 invocations: 5,193,537
T2 invocations: 8,617,184
T3 invocations: 302,567,302
T3b invocations: 0
Total3 invocations: 302,567,302
Total4 invocations: 758,139

T3/T2 ratio: 35
T3b/T3 ratio: 0

T1 avg ex cycles: 35
T2 avg ex cycles: 149
T3&b avg ex cycles: 5
T4 avg ex cycles: 73
Avg. hops NOC1: 2
Avg. latency NOC1 (T2): 29,361
Avg. hops NOC2: 11
Avg. latency NOC2 (T3): 8,933
Number of K Nodes Processed: 12,837
Number of K Edges Processed: 303,222
Node Re-explore factor: 3.06
Edge Re-explore factor: 2.36
Nodes/cy: 7
Edges/cy: 160
TEPS: 68

---DCache---
DCache Size: 259,072
DRAM words: 0
  DHits: 0
  DMisses: 0

---Energy---
Leakage Energy (nJ): 1,601,418
PU Dyn E (nJ): 19,851,100
Mem Dyn E (nJ): 116,591,529
Route Dyn E (nJ): 43,246,713
Dynamic Energy (nJ): 179,689,342
Ratio of Dyn/Leak: 112
Total Energy (nJ): 181,290,760
Total Energy (nJ) 3D: 202,817,708
Cores Energy (nJ): 19,872,259
Route Energy (nJ): 43,327,066
Route Energy (nJ) 3D: 64,854,014
Mem Energy   (nJ): 118,091,436
Mem Energy   (nJ) 3D: 118,091,436
Avg. Power (mW): 95,379.34
Power Density (mW/mm2): 29.87

---Runtime---
Runtime in K cycles: 1,900.73
Microseconds: 1,900.73
Time per iteration (ms): 1.90

---Throughput---
GOP/s (aka OPS/ns): 1,017.56
GOP/s per core: 0.99
GFLOP/s: 318.65
GFLOP/s per core: 0.31
Max Peak GFLOP/s: 4,096.00
Avg. BW GB/s: 6,179.70
Max BW GB/s: 16,384.00

---Traffic---
In-Die bisection_bytes BW (GB/s): 128.00
Inter-board traffic (msg/ns): 0.00, per-link: 0.00
Inter-pack traffic (msg/ns): 0.00, per-link: 0.00
Inter-die traffic (msg/ns): 219.31, per-link: 0.43
Ruche traffic (msg/ns): 352.64, per-link: 0.69
All traffic (msg/ns): 3,389.61, per-link: 3.31
Inter-die reduction wrt all: 15.46
Inter-board reduction wrt inter-die: inf

---Data Movement---
All traffic (msg): 6,442,743,231
Arith. Intensity FLOP/Loads: 0.37
Arith. Intensity FLOP/Msgs: 0.09
Arith. Intensity OPS/Loads: 1.19
Arith. Intensity OPS/Msgs: 0.30



===Core Utilization Total=== CORE-S:19;; TIME K cy:1,900 ;; Nodes Proc: 1,605,553 -- Edges Proc: 37,787,390

===PRINTING FRAME STATS

FCollision In Avg:32, SD:32, Max:178, Min:4
FCollision Out Avg:18, SD:29, Max:172, Min:0
FCollision End Avg:5, SD:17, Max:99, Min:0
FTask1 Avg:12, SD:12, Max:81, Min:0
FTask2 Avg:60, SD:62, Max:349, Min:0
FTask3 Avg:62, SD:12, Max:134, Min:15
FCore Active Avg:35, SD:16, Max:100, Min:14
FRouter Active Avg:79, SD:9, Max:97, Min:55
T1 invocations: 384,110
T2 invocations: 547,096
T3 invocations: 14,497,528
T3b invocations: 0
Total3 invocations: 14,497,528
Total4 invocations: 161,443

T3/T2 ratio: 26
T3b/T3 ratio: 0

T1 avg ex cycles: 33
T2 avg ex cycles: 113
T3&b avg ex cycles: 4
T4 avg ex cycles: 35
Avg. hops NOC1: 3
Avg. latency NOC1 (T2): 8,466
Avg. hops NOC2: 10
Avg. latency NOC2 (T3): 3,291

===PRINTING ACUM STATS at pu_cycles: 2,000,758

ACollision In Avg:96, SD:26, Max:232, Min:29
ACollision Out Avg:74, SD:44, Max:232, Min:8
ACollision End Avg:20, SD:20, Max:96, Min:0
ATask1 Avg:10, SD:4, Max:17, Min:0
ATask2 Avg:66, SD:21, Max:129, Min:1
ATask3 Avg:73, SD:11, Max:137, Min:49
ACore Active Avg:38, SD:7, Max:58, Min:18
ARouter Active Avg:85, SD:5, Max:93, Min:61
T1 invocations: 5,577,422
T2 invocations: 9,165,324
T3 invocations: 317,085,211
T3b invocations: 0
Total3 invocations: 317,085,211
Total4 invocations: 919,519

T3/T2 ratio: 35
T3b/T3 ratio: 0

T1 avg ex cycles: 35
T2 avg ex cycles: 147
T3&b avg ex cycles: 5
T4 avg ex cycles: 67
Avg. hops NOC1: 2
Avg. latency NOC1 (T2): 28,110
Avg. hops NOC2: 11
Avg. latency NOC2 (T3): 8,674
Number of K Nodes Processed: 13,085
Number of K Edges Processed: 317,545
Node Re-explore factor: 3.12
Edge Re-explore factor: 2.47
Nodes/cy: 7
Edges/cy: 159
TEPS: 64

---DCache---
DCache Size: 259,072
DRAM words: 0
  DHits: 0
  DMisses: 0

---Energy---
Leakage Energy (nJ): 1,685,691
PU Dyn E (nJ): 20,818,335
Mem Dyn E (nJ): 122,144,728
Route Dyn E (nJ): 45,160,632
Dynamic Energy (nJ): 188,123,696
Ratio of Dyn/Leak: 112
Total Energy (nJ): 189,809,387
Total Energy (nJ) 3D: 212,241,171
Cores Energy (nJ): 20,840,608
Route Energy (nJ): 45,245,213
Route Energy (nJ) 3D: 67,676,996
Mem Energy   (nJ): 123,723,567
Mem Energy   (nJ) 3D: 123,723,567
Avg. Power (mW): 94,868.74
Power Density (mW/mm2): 29.71

---Runtime---
Runtime in K cycles: 2,000.76
Microseconds: 2,000.76
Time per iteration (ms): 2.00

---Throughput---
GOP/s (aka OPS/ns): 1,015.08
GOP/s per core: 0.99
GFLOP/s: 317.15
GFLOP/s per core: 0.31
Max Peak GFLOP/s: 4,096.00
Avg. BW GB/s: 6,150.43
Max BW GB/s: 16,384.00

---Traffic---
In-Die bisection_bytes BW (GB/s): 128.00
Inter-board traffic (msg/ns): 0.00, per-link: 0.00
Inter-pack traffic (msg/ns): 0.00, per-link: 0.00
Inter-die traffic (msg/ns): 216.77, per-link: 0.42
Ruche traffic (msg/ns): 353.38, per-link: 0.69
All traffic (msg/ns): 3,361.54, per-link: 3.28
Inter-die reduction wrt all: 15.51
Inter-board reduction wrt inter-die: inf

---Data Movement---
All traffic (msg): 6,725,620,138
Arith. Intensity FLOP/Loads: 0.37
Arith. Intensity FLOP/Msgs: 0.09
Arith. Intensity OPS/Loads: 1.20
Arith. Intensity OPS/Msgs: 0.30



===Core Utilization Total=== CORE-S:20;; TIME K cy:2,000 ;; Nodes Proc: 1,636,631 -- Edges Proc: 39,635,448

===PRINTING FRAME STATS

FCollision In Avg:13, SD:19, Max:109, Min:1
FCollision Out Avg:7, SD:18, Max:104, Min:0
FCollision End Avg:3, SD:11, Max:93, Min:0
FTask1 Avg:9, SD:12, Max:76, Min:0
FTask2 Avg:41, SD:61, Max:364, Min:0
FTask3 Avg:42, SD:9, Max:125, Min:17
FCore Active Avg:24, SD:17, Max:99, Min:12
FRouter Active Avg:61, SD:13, Max:97, Min:33
T1 invocations: 278,065
T2 invocations: 383,698
T3 invocations: 9,948,742
T3b invocations: 0
Total3 invocations: 9,948,742
Total4 invocations: 130,960

T3/T2 ratio: 26
T3b/T3 ratio: 0

T1 avg ex cycles: 33
T2 avg ex cycles: 109
T3&b avg ex cycles: 4
T4 avg ex cycles: 32
Avg. hops NOC1: 3
Avg. latency NOC1 (T2): 5,803
Avg. hops NOC2: 9
Avg. latency NOC2 (T3): 2,699

===PRINTING ACUM STATS at pu_cycles: 2,100,697

ACollision In Avg:92, SD:26, Max:226, Min:27
ACollision Out Avg:71, SD:43, Max:224, Min:8
ACollision End Avg:19, SD:19, Max:93, Min:0
ATask1 Avg:10, SD:3, Max:16, Min:0
ATask2 Avg:64, SD:18, Max:124, Min:7
ATask3 Avg:71, SD:11, Max:135, Min:48
ACore Active Avg:37, SD:6, Max:57, Min:19
ARouter Active Avg:84, SD:5, Max:92, Min:62
T1 invocations: 5,855,806
T2 invocations: 9,549,424
T3 invocations: 327,015,467
T3b invocations: 0
Total3 invocations: 327,015,467
Total4 invocations: 1,050,263

T3/T2 ratio: 34
T3b/T3 ratio: 0

T1 avg ex cycles: 35
T2 avg ex cycles: 145
T3&b avg ex cycles: 5
T4 avg ex cycles: 62
Avg. hops NOC1: 2
Avg. latency NOC1 (T2): 27,212
Avg. hops NOC2: 10
Avg. latency NOC2 (T3): 8,493
Number of K Nodes Processed: 13,248
Number of K Edges Processed: 327,214
Node Re-explore factor: 3.16
Edge Re-explore factor: 2.55
Nodes/cy: 6
Edges/cy: 156
TEPS: 61

---DCache---
DCache Size: 259,072
DRAM words: 0
  DHits: 0
  DMisses: 0

---Energy---
Leakage Energy (nJ): 1,769,892
PU Dyn E (nJ): 21,479,653
Mem Dyn E (nJ): 125,929,351
Route Dyn E (nJ): 46,406,716
Dynamic Energy (nJ): 193,815,720
Ratio of Dyn/Leak: 110
Total Energy (nJ): 195,585,612
Total Energy (nJ) 3D: 218,589,143
Cores Energy (nJ): 21,503,038
Route Energy (nJ): 46,495,522
Route Energy (nJ) 3D: 69,499,053
Mem Energy   (nJ): 127,587,053
Mem Energy   (nJ) 3D: 127,587,053
Avg. Power (mW): 93,105.10
Power Density (mW/mm2): 29.16

---Runtime---
Runtime in K cycles: 2,100.70
Microseconds: 2,100.70
Time per iteration (ms): 2.10

---Throughput---
GOP/s (aka OPS/ns): 998.56
GOP/s per core: 0.98
GFLOP/s: 311.39
GFLOP/s per core: 0.30
Max Peak GFLOP/s: 4,096.00
Avg. BW GB/s: 6,039.38
Max BW GB/s: 16,384.00

---Traffic---
In-Die bisection_bytes BW (GB/s): 128.00
Inter-board traffic (msg/ns): 0.00, per-link: 0.00
Inter-pack traffic (msg/ns): 0.00, per-link: 0.00
Inter-die traffic (msg/ns): 211.37, per-link: 0.41
Ruche traffic (msg/ns): 349.22, per-link: 0.68
All traffic (msg/ns): 3,288.91, per-link: 3.21
Inter-die reduction wrt all: 15.56
Inter-board reduction wrt inter-die: inf

---Data Movement---
All traffic (msg): 6,909,012,892
Arith. Intensity FLOP/Loads: 0.37
Arith. Intensity FLOP/Msgs: 0.09
Arith. Intensity OPS/Loads: 1.20
Arith. Intensity OPS/Msgs: 0.30



===Core Utilization Total=== CORE-S:21;; TIME K cy:2,100 ;; Nodes Proc: 1,657,437 -- Edges Proc: 40,856,537
======== IT IS COLD ======= Only 26 Tiles active

===PRINTING FRAME STATS

FCollision In Avg:5, SD:12, Max:94, Min:0
FCollision Out Avg:3, SD:12, Max:89, Min:0
FCollision End Avg:1, SD:7, Max:77, Min:0
FTask1 Avg:5, SD:8, Max:83, Min:0
FTask2 Avg:23, SD:45, Max:367, Min:0
FTask3 Avg:24, SD:5, Max:51, Min:3
FCore Active Avg:14, SD:12, Max:100, Min:6
FRouter Active Avg:39, SD:13, Max:98, Min:20
T1 invocations: 145,475
T2 invocations: 209,529
T3 invocations: 5,657,721
T3b invocations: 0
Total3 invocations: 5,657,721
Total4 invocations: 82,169

T3/T2 ratio: 27
T3b/T3 ratio: 0

T1 avg ex cycles: 33
T2 avg ex cycles: 114
T3&b avg ex cycles: 4
T4 avg ex cycles: 29
Avg. hops NOC1: 3
Avg. latency NOC1 (T2): 4,821
Avg. hops NOC2: 9
Avg. latency NOC2 (T3): 1,810

===PRINTING ACUM STATS at pu_cycles: 2,200,631

ACollision In Avg:88, SD:25, Max:216, Min:26
ACollision Out Avg:68, SD:41, Max:214, Min:8
ACollision End Avg:18, SD:19, Max:89, Min:0
ATask1 Avg:9, SD:3, Max:16, Min:3
ATask2 Avg:63, SD:17, Max:119, Min:21
ATask3 Avg:69, SD:10, Max:131, Min:47
ACore Active Avg:36, SD:5, Max:55, Min:22
ARouter Active Avg:82, SD:5, Max:90, Min:61
T1 invocations: 6,002,624
T2 invocations: 9,761,410
T3 invocations: 332,701,817
T3b invocations: 0
Total3 invocations: 332,701,817
Total4 invocations: 1,132,760

T3/T2 ratio: 34
T3b/T3 ratio: 0

T1 avg ex cycles: 35
T2 avg ex cycles: 144
T3&b avg ex cycles: 5
T4 avg ex cycles: 60
Avg. hops NOC1: 2
Avg. latency NOC1 (T2): 26,725
Avg. hops NOC2: 10
Avg. latency NOC2 (T3): 8,379
Number of K Nodes Processed: 13,343
Number of K Edges Processed: 332,751
Node Re-explore factor: 3.18
Edge Re-explore factor: 2.59
Nodes/cy: 6
Edges/cy: 151
TEPS: 58

---DCache---
DCache Size: 259,072
DRAM words: 0
  DHits: 0
  DMisses: 0

---Energy---
Leakage Energy (nJ): 1,854,089
PU Dyn E (nJ): 21,858,772
Mem Dyn E (nJ): 128,106,050
Route Dyn E (nJ): 47,096,381
Dynamic Energy (nJ): 197,061,204
Ratio of Dyn/Leak: 106
Total Energy (nJ): 198,915,293
Total Energy (nJ) 3D: 222,228,174
Cores Energy (nJ): 21,883,270
Route Energy (nJ): 47,189,411
Route Energy (nJ) 3D: 70,502,292
Mem Energy   (nJ): 129,842,612
Mem Energy   (nJ) 3D: 129,842,612
Avg. Power (mW): 90,390.12
Power Density (mW/mm2): 28.31

---Runtime---
Runtime in K cycles: 2,200.63
Microseconds: 2,200.63
Time per iteration (ms): 2.20

---Throughput---
GOP/s (aka OPS/ns): 970.49
GOP/s per core: 0.95
GFLOP/s: 302.39
GFLOP/s per core: 0.30
Max Peak GFLOP/s: 4,096.00
Avg. BW GB/s: 5,864.79
Max BW GB/s: 16,384.00

---Traffic---
In-Die bisection_bytes BW (GB/s): 128.00
Inter-board traffic (msg/ns): 0.00, per-link: 0.00
Inter-pack traffic (msg/ns): 0.00, per-link: 0.00
Inter-die traffic (msg/ns): 204.23, per-link: 0.40
Ruche traffic (msg/ns): 340.55, per-link: 0.67
All traffic (msg/ns): 3,185.52, per-link: 3.11
Inter-die reduction wrt all: 15.60
Inter-board reduction wrt inter-die: inf

---Data Movement---
All traffic (msg): 7,010,151,200
Arith. Intensity FLOP/Loads: 0.37
Arith. Intensity FLOP/Msgs: 0.09
Arith. Intensity OPS/Loads: 1.20
Arith. Intensity OPS/Msgs: 0.30



===Core Utilization Total=== CORE-S:22;; TIME K cy:2,200 ;; Nodes Proc: 1,669,338 -- Edges Proc: 41,482,224
======== IT IS COLD ======= Only 7 Tiles active
Epoch Done Router: 0
Epoch Done Router: 2
Epoch Done Router: 1
Epoch Done Router: 4
Epoch Done Router: 6
Epoch Done Router: 7
Epoch Done Router: 5
Epoch Done Router: 3
##EPOCH## 1 COMPLETED at Time (K cy): 2,274
Nodes processed until now: 13,358,241
Edges processed until now: 333,561,673
Program Done Router Thread: 3
Program Done Router Thread: 4
Program Done Worker Thread: 4
Program Done Router Thread: 7
Program Done Worker Thread: 2
Program Done Worker Thread: 1
Program Done Worker Thread: 5
Program Done Router Thread: 0
Program Done Worker Thread: 0
Program Done Router Thread: 2
Program Done Router Thread: 1
Program Done Router Thread: 6
Program Done Worker Thread: 7
Program Done Router Thread: 5
Program Done Worker Thread: 3
Program Done Worker Thread: 6

===PRINTING ACUM STATS at pu_cycles: 2,274,671

ACollision In Avg:86, SD:24, Max:209, Min:25
ACollision Out Avg:66, SD:40, Max:207, Min:7
ACollision End Avg:18, SD:18, Max:86, Min:0
ATask1 Avg:9, SD:3, Max:15, Min:4
ATask2 Avg:61, SD:16, Max:115, Min:24
ATask3 Avg:67, SD:10, Max:127, Min:46
ACore Active Avg:35, SD:5, Max:53, Min:23
ARouter Active Avg:80, SD:5, Max:88, Min:59
T1 invocations: 6,021,418
T2 invocations: 9,791,664
T3 invocations: 333,561,673
T3b invocations: 0
Total3 invocations: 333,561,673
Total4 invocations: 1,146,283

T3/T2 ratio: 34
T3b/T3 ratio: 0

T1 avg ex cycles: 35
T2 avg ex cycles: 144
T3&b avg ex cycles: 5
T4 avg ex cycles: 60
Avg. hops NOC1: 2
Avg. latency NOC1 (T2): 26,654
Avg. hops NOC2: 10
Avg. latency NOC2 (T3): 8,360

Runtime at program end in K cycles: 2,274
Runtime before cooldown in K cycles: 2,000


Number of K Nodes Processed: 13,358
Number of K Edges Processed: 333,561
Node Re-explore factor: 3.18
Edge Re-explore factor: 2.60
Nodes/cy: 6
Edges/cy: 147
TEPS: 56

---DCache---
DCache Size: 259,072
DRAM words: 0
  DHits: 0
  DMisses: 0

---Energy---
Leakage Energy (nJ): 1,916,470
PU Dyn E (nJ): 21,914,844
Mem Dyn E (nJ): 128,429,997
Route Dyn E (nJ): 47,196,816
Dynamic Energy (nJ): 197,541,658
Ratio of Dyn/Leak: 103
Total Energy (nJ): 199,458,128
Total Energy (nJ) 3D: 222,815,614
Cores Energy (nJ): 21,940,166
Route Energy (nJ): 47,292,977
Route Energy (nJ) 3D: 70,650,463
Mem Energy   (nJ): 130,224,985
Mem Energy   (nJ) 3D: 130,224,985
Avg. Power (mW): 87,686.58
Power Density (mW/mm2): 27.46

---Runtime---
Runtime in K cycles: 2,274.67
Microseconds: 2,274.67
Time per iteration (ms): 2.27

---Inst---
K Loads: 1,783,952
K Stores: 1,450,769
K Instructions: 2,141,268

---Throughput---
GOP/s (aka OPS/ns): 941.35
GOP/s per core: 0.92
GFLOP/s: 293.28
GFLOP/s per core: 0.29
Max Peak GFLOP/s: 4,096.00
Avg. BW GB/s: 5,688.25
Max BW GB/s: 16,384.00

---Traffic---
In-Die bisection_bytes BW (GB/s): 128.00
Inter-board traffic (msg/ns): 0.00, per-link: 0.00
Inter-pack traffic (msg/ns): 0.00, per-link: 0.00
Inter-die traffic (msg/ns): 197.91, per-link: 0.39
Ruche traffic (msg/ns): 330.52, per-link: 0.65
All traffic (msg/ns): 3,088.31, per-link: 3.02
Inter-die reduction wrt all: 15.60
Inter-board reduction wrt inter-die: inf

---Data Movement---
All traffic (msg): 7,024,894,947
Arith. Intensity FLOP/Loads: 0.37
Arith. Intensity FLOP/Msgs: 0.09
Arith. Intensity OPS/Loads: 1.20
Arith. Intensity OPS/Msgs: 0.30

Simulation time: 196.44
Sim time / DUT time: 21.08
Sim noc_cy/s: 11,579.31
Sim Msg/s: 35,760,522.78

Version 32

