Dataset:  Kron22/
Dry run: 0
Open Edge Count File succesfully
Edges Traversed BFS: 128309848
Found Vertices: 4194304, Edges: 128311436
avg degree 31
Array  Kron22/node_array.bin found
Malloc array of size 16777220 bytes
Readin array of size 16777216 bytes
Finished Reading Array Bytes
No reordering Array 32bit
Array  Kron22/edge_array.bin found
Malloc array of size 513245744 bytes
Readin array of size 513245744 bytes
Finished Reading Array Bytes
No reordering Array 32bit
Array  Kron22/edge_values.bin found
Malloc array of size 513245744 bytes
Readin array of size 513245744 bytes
Finished Reading Array Bytes
No reordering Array 32bit
Reading graph elapsed time: 0.279087s

Dataset Footprint: 1011 MiB
Dataset Footprint per Board: 8488.88 Mb
Dataset injection time (ms): 0.51812
Max Dataset Footprint: 1026 MiB

Dataset footprint per tile: 4047 KiB
Proxys footprint per tile: 0 KiB
Reserved SRAM per tile: 3476 KiB

Ideal SRAM per tile: 7523 KiB
reserved_words_for_dataset:791040
dataset_words_per_tile:1036240
remaining_sram_words:1207082
min_dcache_sram_words_required:1036240
dataset_words_per_tile:1036240
min_pcache_sram_words_required:0
proxys_words_per_tile:0
Dcache footprint ratio: 1
Dataset Cached: 0
DCache: 1036240 words, lines: 64765, sets: 64765
Proxys Cached: 0
Pcache: 0 words, sets: 0
Node per tile: 16,384
Edge per tile: 501,217
GRID_X: 16
GRID_SIZE: 256
smt_per_tile: 16
noc_freq: 2
pu_freq: 1
RUCHE_X: 2
PROXY_W: 16
DIE_W: 4
DIE_H: 4
DIES: 16
BORDER_TILES_PER_DIE: 16
PACK_W: 16
PACK_H: 16
DIES_PACK_FACTOR: 4
DIES_PER_PACK: 16
PACKAGES: 1
BOARD_W: 16
BOARD_H: 16
BOARDS: 1
MUX_BUS: 1
DCACHE: 1
PCACHE: 0
PROXY_FACTOR: 1
CACHE_WAYS: 1
TORUS: 1
PHY_NOCS: 1
WIDE_NOC_ID: 0
NOC_CONF: 1
noc_width: 32
hbm_channel_bit_width: 512
ld_st_op_byte_width: 4
PROXY_ROUTING: 0
WITHIN_REGION: 0
WRITE_THROUGH: 1
ASSERT_MODE: 0
GLOBAL_BARRIER: 0
OQ flits: 576 ; 98,304 ; 2
IQ flits: 4,608 ; 786,432 ; 2
OQ messages: 192 ; 49,152 ; 1
IQ messages: 1,536 ; 393,216 ; 1
max_task2 size: 64
io_factor_t2: 8
io_factor_t3: 8
io_factor_t3b: 8

Active SRAM Storage per tile: 7,524 KiB
Total SRAM Storage per tile: 8,192 KiB
Agreggated SRAM Storage: 2,048 MiB

Active DRAM Storage per tile: 0 MiB
Total DRAM Storage per tile: 512 MiB
Agreggated DRAM Storage: 128 GiB

Inter-Die #links: 128
Inter-Die (Gbits): 8,192
Inter-Die (Gbits/mm): 246.342
Bisection BW of Board (Gbits): 8,192
Border IO #Dies: 16
Border IO Die BW (Gbits): 1,024
Off-Board BW Total (Gbits): 16,384
Off-Board BW Density (Gbits/mm): 54
Die side: 8.31 mm
Die border wire density: 246.34 Gbits/mm
HBM wire density: 492.68 Gbits/mm

Tiles per Die: 16 (4x4)
Tile Area: 3.02 mm2, side: 1.74 mm
- Core/Rout Area: 0.72 mm2
- SRAM Area: 2.30 mm2
- SRAM/Logic Ratio: 3.19x

Dies per Package: 16 (4x4)
Die Area: 69.12 mm2, side: 8.31 mm
- Tiles Area: 48.24 mm2
- PHY Area: 11.87 mm2
- MC Area: 9.00 mm2

Packages per Board: 1 (1x1)
Package Area: 5,745.87 mm2, side: 75.80 mm
- IOdie Area: 2,880.00 mm2
- Dies Area: 1,105.87 mm2
- HBM Area: 1,760.00 mm2

Boards: 1 (1x1)
Board Area: 5,745.87 mm2
Total Area: 5,745.87 mm2



ESTIMATED COST OF SILICON AND PACKAGING. ONLY VARIABLE, NO FIXED COSTS
Good dies per wafer 3d: 483
Good dies per wafer 2d: 808
--Dies 3D Cost: 200.31 $
--Dies 2.5D Cost: 119.74 $
--Dies 2D Cost: 119.74 $
--HBM Cost: 960.00 $
--IOdie Cost: 417.03 $
--Packaging Cost 3d: 98.59 $
--Packaging Cost 2.5d: 122.43 $
--Packaging Cost 2d: 80.52 $
SiP Cost 3d: 1,675.94 $
SiP Cost 2.5d: 1,619.20 $
SiP Cost 2d: 617.29 $
--Board Cost: 5.75 $
Total SiPs Cost 3d: 1,681.68 $
Total SiPs Cost 2.5d: 1,624.95 $
Total SiPs Cost 2d: 623.04 $

Perf counters initialized
Mesh connected
Cache structures initialized
Replicas initialized
Allocated Frontier List
Dataset structures initialized


Starting Simulation
INIT epoch: 1
INIT epoch: 1
INIT epoch: 1
INIT epoch: 1
INIT epoch: 1
INIT epoch: 1
INIT epoch: 1
INIT epoch: 1

===PRINTING FRAME STATS

FCollision In Avg:128, SD:32, Max:243, Min:67
FCollision Out Avg:70, SD:36, Max:211, Min:20
FCollision End Avg:3, SD:15, Max:95, Min:0
FTask1 Avg:14, SD:11, Max:64, Min:0
FTask2 Avg:418, SD:165, Max:853, Min:1
FTask3 Avg:430, SD:34, Max:506, Min:296
FCore Active Avg:54, SD:11, Max:82, Min:29
FRouter Active Avg:79, SD:6, Max:91, Min:58
T1 invocations: 49,295
T2 invocations: 284,028
T3 invocations: 11,331,516
T3b invocations: 0
Total3 invocations: 11,331,516
Total4 invocations: 655

T3/T2 ratio: 40
T3b/T3 ratio: 0

T1 avg ex cycles: 71
T2 avg ex cycles: 377
T3&b avg ex cycles: 10
T4 avg ex cycles: 430
Avg. hops NOC1: 2
Avg. latency NOC1 (T2): 13,786
Avg. hops NOC2: 7
Avg. latency NOC2 (T3): 33,328

===PRINTING ACUM STATS at pu_cycles: 100,582

ACollision In Avg:128, SD:32, Max:243, Min:67
ACollision Out Avg:70, SD:36, Max:211, Min:20
ACollision End Avg:3, SD:15, Max:95, Min:0
ATask1 Avg:14, SD:11, Max:64, Min:0
ATask2 Avg:418, SD:165, Max:853, Min:1
ATask3 Avg:430, SD:34, Max:506, Min:296
ACore Active Avg:54, SD:11, Max:82, Min:29
ARouter Active Avg:79, SD:6, Max:91, Min:58
T1 invocations: 49,295
T2 invocations: 284,028
T3 invocations: 11,331,516
T3b invocations: 0
Total3 invocations: 11,331,516
Total4 invocations: 655

T3/T2 ratio: 40
T3b/T3 ratio: 0

T1 avg ex cycles: 71
T2 avg ex cycles: 377
T3&b avg ex cycles: 10
T4 avg ex cycles: 430
Avg. hops NOC1: 2
Avg. latency NOC1 (T2): 13,786
Avg. hops NOC2: 7
Avg. latency NOC2 (T3): 33,328
Number of K Nodes Processed: 2,624
Number of K Edges Processed: 17,475
Node Re-explore factor: 0.63
Edge Re-explore factor: 0.14
Nodes/cy: 26
Edges/cy: 174
TEPS: 1,276

---DCache---
DCache Size: 1,036,240
DRAM words: 0
  DHits: 0
  DMisses: 0

---Energy---
Leakage Energy (nJ): 152,347
PU Dyn E (nJ): 987,409
Mem Dyn E (nJ): 12,420,931
Route Dyn E (nJ): 2,302,926
Dynamic Energy (nJ): 15,711,266
Ratio of Dyn/Leak: 103
Total Energy (nJ): 15,863,613
Total Energy (nJ) 3D: 16,983,056
Cores Energy (nJ): 988,529
Route Energy (nJ): 2,333,069
Route Energy (nJ) 3D: 3,452,512
Mem Energy   (nJ): 12,542,016
Mem Energy   (nJ) 3D: 12,542,016
Avg. Power (mW): 157,718.21
Power Density (mW/mm2): 27.45

---Runtime---
Runtime in K cycles: 100.58
Microseconds: 100.58
Time per iteration (ms): 0.10

---Throughput---
GOP/s (aka OPS/ns): 1,009.47
GOP/s per core: 3.94
GFLOP/s: 286.28
GFLOP/s per core: 1.12
Max Peak GFLOP/s: 4,096.00
Avg. BW GB/s: 5,990.08
Max BW GB/s: 16,384.00

---Traffic---
In-Die bisection_bytes BW (GB/s): 256.00
Inter-board traffic (msg/ns): 0.00, per-link: 0.00
Inter-pack traffic (msg/ns): 0.00, per-link: 0.00
Inter-die traffic (msg/ns): 119.88, per-link: 0.47
Ruche traffic (msg/ns): 295.93, per-link: 1.16
All traffic (msg/ns): 1,479.52, per-link: 5.78
Inter-die reduction wrt all: 12.34
Inter-board reduction wrt inter-die: inf

---Data Movement---
All traffic (msg): 148,813,143
Arith. Intensity FLOP/Loads: 0.36
Arith. Intensity FLOP/Msgs: 0.19
Arith. Intensity OPS/Loads: 1.26
Arith. Intensity OPS/Msgs: 0.68



===Core Utilization Total=== CORE-S:1;; TIME K cy:100 ;; Nodes Proc: 329,893 -- Edges Proc: 2,201,175

===PRINTING FRAME STATS

FCollision In Avg:130, SD:30, Max:243, Min:69
FCollision Out Avg:66, SD:37, Max:212, Min:13
FCollision End Avg:5, SD:19, Max:100, Min:0
FTask1 Avg:12, SD:14, Max:70, Min:0
FTask2 Avg:280, SD:149, Max:721, Min:0
FTask3 Avg:382, SD:27, Max:465, Min:319
FCore Active Avg:42, SD:10, Max:72, Min:21
FRouter Active Avg:85, SD:4, Max:94, Min:69
T1 invocations: 64,064
T2 invocations: 216,729
T3 invocations: 13,449,728
T3b invocations: 0
Total3 invocations: 13,449,728
Total4 invocations: 896

T3/T2 ratio: 62
T3b/T3 ratio: 0

T1 avg ex cycles: 50
T2 avg ex cycles: 330
T3&b avg ex cycles: 7
T4 avg ex cycles: 581
Avg. hops NOC1: 1
Avg. latency NOC1 (T2): 18,389
Avg. hops NOC2: 6
Avg. latency NOC2 (T3): 42,887

===PRINTING ACUM STATS at pu_cycles: 200,642

ACollision In Avg:129, SD:28, Max:243, Min:75
ACollision Out Avg:68, SD:35, Max:209, Min:18
ACollision End Avg:4, SD:17, Max:97, Min:0
ATask1 Avg:13, SD:9, Max:48, Min:0
ATask2 Avg:349, SD:120, Max:660, Min:0
ATask3 Avg:406, SD:18, Max:453, Min:360
ACore Active Avg:48, SD:8, Max:67, Min:27
ARouter Active Avg:82, SD:4, Max:90, Min:68
T1 invocations: 113,105
T2 invocations: 496,945
T3 invocations: 24,654,272
T3b invocations: 0
Total3 invocations: 24,654,272
Total4 invocations: 1,547

T3/T2 ratio: 50
T3b/T3 ratio: 0

T1 avg ex cycles: 59
T2 avg ex cycles: 356
T3&b avg ex cycles: 8
T4 avg ex cycles: 518
Avg. hops NOC1: 2
Avg. latency NOC1 (T2): 15,803
Avg. hops NOC2: 6
Avg. latency NOC2 (T3): 38,543
Number of K Nodes Processed: 4,134
Number of K Edges Processed: 28,990
Node Re-explore factor: 0.99
Edge Re-explore factor: 0.23
Nodes/cy: 21
Edges/cy: 144
TEPS: 639

---DCache---
DCache Size: 1,036,240
DRAM words: 0
  DHits: 0
  DMisses: 0

---Energy---
Leakage Energy (nJ): 303,903
PU Dyn E (nJ): 1,814,145
Mem Dyn E (nJ): 22,837,893
Route Dyn E (nJ): 4,948,719
Dynamic Energy (nJ): 29,600,758
Ratio of Dyn/Leak: 97
Total Energy (nJ): 29,904,661
Total Energy (nJ) 3D: 32,291,758
Cores Energy (nJ): 1,816,379
Route Energy (nJ): 5,008,848
Route Energy (nJ) 3D: 7,395,945
Mem Energy   (nJ): 23,079,434
Mem Energy   (nJ) 3D: 23,079,434
Avg. Power (mW): 149,044.87
Power Density (mW/mm2): 25.94

---Runtime---
Runtime in K cycles: 200.64
Microseconds: 200.64
Time per iteration (ms): 0.20

---Throughput---
GOP/s (aka OPS/ns): 917.52
GOP/s per core: 3.58
GFLOP/s: 266.73
GFLOP/s per core: 1.04
Max Peak GFLOP/s: 4,096.00
Avg. BW GB/s: 5,522.41
Max BW GB/s: 16,384.00

---Traffic---
In-Die bisection_bytes BW (GB/s): 256.00
Inter-board traffic (msg/ns): 0.00, per-link: 0.00
Inter-pack traffic (msg/ns): 0.00, per-link: 0.00
Inter-die traffic (msg/ns): 128.00, per-link: 0.50
Ruche traffic (msg/ns): 327.08, per-link: 1.28
All traffic (msg/ns): 1,595.42, per-link: 6.23
Inter-die reduction wrt all: 12.46
Inter-board reduction wrt inter-die: inf

---Data Movement---
All traffic (msg): 320,107,840
Arith. Intensity FLOP/Loads: 0.36
Arith. Intensity FLOP/Msgs: 0.17
Arith. Intensity OPS/Loads: 1.23
Arith. Intensity OPS/Msgs: 0.58



===Core Utilization Total=== CORE-S:2;; TIME K cy:200 ;; Nodes Proc: 516,523 -- Edges Proc: 3,681,798

===PRINTING FRAME STATS

FCollision In Avg:127, SD:29, Max:235, Min:69
FCollision Out Avg:60, SD:39, Max:193, Min:8
FCollision End Avg:7, SD:23, Max:99, Min:0
FTask1 Avg:22, SD:24, Max:139, Min:0
FTask2 Avg:357, SD:161, Max:690, Min:0
FTask3 Avg:381, SD:27, Max:482, Min:316
FCore Active Avg:48, SD:11, Max:76, Min:22
FRouter Active Avg:88, SD:4, Max:95, Min:70
T1 invocations: 129,016
T2 invocations: 314,156
T3 invocations: 15,174,879
T3b invocations: 0
Total3 invocations: 15,174,879
Total4 invocations: 1,953

T3/T2 ratio: 48
T3b/T3 ratio: 0

T1 avg ex cycles: 44
T2 avg ex cycles: 291
T3&b avg ex cycles: 6
T4 avg ex cycles: 575
Avg. hops NOC1: 1
Avg. latency NOC1 (T2): 14,252
Avg. hops NOC2: 6
Avg. latency NOC2 (T3): 28,354

===PRINTING ACUM STATS at pu_cycles: 300,608

ACollision In Avg:128, SD:27, Max:241, Min:78
ACollision Out Avg:65, SD:36, Max:204, Min:16
ACollision End Avg:5, SD:18, Max:98, Min:0
ATask1 Avg:16, SD:13, Max:65, Min:0
ATask2 Avg:351, SD:115, Max:628, Min:0
ATask3 Avg:398, SD:19, Max:448, Min:352
ACore Active Avg:48, SD:8, Max:67, Min:26
ARouter Active Avg:84, SD:4, Max:91, Min:71
T1 invocations: 242,598
T2 invocations: 810,931
T3 invocations: 39,825,420
T3b invocations: 0
Total3 invocations: 39,825,420
Total4 invocations: 3,507

T3/T2 ratio: 49
T3b/T3 ratio: 0

T1 avg ex cycles: 51
T2 avg ex cycles: 331
T3&b avg ex cycles: 8
T4 avg ex cycles: 550
Avg. hops NOC1: 2
Avg. latency NOC1 (T2): 15,137
Avg. hops NOC2: 6
Avg. latency NOC2 (T3): 34,656
Number of K Nodes Processed: 5,207
Number of K Edges Processed: 43,864
Node Re-explore factor: 1.24
Edge Re-explore factor: 0.34
Nodes/cy: 17
Edges/cy: 146
TEPS: 427

---DCache---
DCache Size: 1,036,240
DRAM words: 0
  DHits: 0
  DMisses: 0

---Energy---
Leakage Energy (nJ): 455,317
PU Dyn E (nJ): 2,790,080
Mem Dyn E (nJ): 34,969,483
Route Dyn E (nJ): 7,964,206
Dynamic Energy (nJ): 45,723,769
Ratio of Dyn/Leak: 100
Total Energy (nJ): 46,179,086
Total Energy (nJ) 3D: 50,018,064
Cores Energy (nJ): 2,793,427
Route Energy (nJ): 8,054,293
Route Energy (nJ) 3D: 11,893,272
Mem Energy   (nJ): 35,331,367
Mem Energy   (nJ) 3D: 35,331,367
Avg. Power (mW): 153,618.95
Power Density (mW/mm2): 26.74

---Runtime---
Runtime in K cycles: 300.61
Microseconds: 300.61
Time per iteration (ms): 0.30

---Throughput---
GOP/s (aka OPS/ns): 926.00
GOP/s per core: 3.62
GFLOP/s: 277.76
GFLOP/s per core: 1.09
Max Peak GFLOP/s: 4,096.00
Avg. BW GB/s: 5,644.40
Max BW GB/s: 16,384.00

---Traffic---
In-Die bisection_bytes BW (GB/s): 256.00
Inter-board traffic (msg/ns): 0.00, per-link: 0.00
Inter-pack traffic (msg/ns): 0.00, per-link: 0.00
Inter-die traffic (msg/ns): 136.03, per-link: 0.53
Ruche traffic (msg/ns): 353.49, per-link: 1.38
All traffic (msg/ns): 1,714.87, per-link: 6.70
Inter-die reduction wrt all: 12.61
Inter-board reduction wrt inter-die: inf

---Data Movement---
All traffic (msg): 515,502,767
Arith. Intensity FLOP/Loads: 0.36
Arith. Intensity FLOP/Msgs: 0.16
Arith. Intensity OPS/Loads: 1.20
Arith. Intensity OPS/Msgs: 0.54



===Core Utilization Total=== CORE-S:3;; TIME K cy:300 ;; Nodes Proc: 649,861 -- Edges Proc: 5,647,765

===PRINTING FRAME STATS

FCollision In Avg:123, SD:25, Max:179, Min:70
FCollision Out Avg:60, SD:41, Max:193, Min:7
FCollision End Avg:10, SD:27, Max:99, Min:0
FTask1 Avg:30, SD:33, Max:146, Min:0
FTask2 Avg:363, SD:160, Max:785, Min:0
FTask3 Avg:357, SD:28, Max:437, Min:294
FCore Active Avg:47, SD:11, Max:78, Min:21
FRouter Active Avg:87, SD:4, Max:93, Min:69
T1 invocations: 190,312
T2 invocations: 367,239
T3 invocations: 15,247,452
T3b invocations: 0
Total3 invocations: 15,247,452
Total4 invocations: 2,926

T3/T2 ratio: 42
T3b/T3 ratio: 0

T1 avg ex cycles: 41
T2 avg ex cycles: 253
T3&b avg ex cycles: 6
T4 avg ex cycles: 571
Avg. hops NOC1: 1
Avg. latency NOC1 (T2): 16,851
Avg. hops NOC2: 6
Avg. latency NOC2 (T3): 23,977

===PRINTING ACUM STATS at pu_cycles: 400,600

ACollision In Avg:127, SD:26, Max:225, Min:78
ACollision Out Avg:64, SD:36, Max:197, Min:14
ACollision End Avg:6, SD:19, Max:98, Min:0
ATask1 Avg:20, SD:16, Max:72, Min:0
ATask2 Avg:354, SD:115, Max:626, Min:2
ATask3 Avg:388, SD:21, Max:444, Min:342
ACore Active Avg:48, SD:8, Max:68, Min:25
ARouter Active Avg:85, SD:4, Max:91, Min:71
T1 invocations: 431,800
T2 invocations: 1,176,496
T3 invocations: 54,946,894
T3b invocations: 0
Total3 invocations: 54,946,894
Total4 invocations: 6,416

T3/T2 ratio: 47
T3b/T3 ratio: 0

T1 avg ex cycles: 47
T2 avg ex cycles: 307
T3&b avg ex cycles: 7
T4 avg ex cycles: 559
Avg. hops NOC1: 1
Avg. latency NOC1 (T2): 15,691
Avg. hops NOC2: 6
Avg. latency NOC2 (T3): 31,715
Number of K Nodes Processed: 5,958
Number of K Edges Processed: 58,914
Node Re-explore factor: 1.42
Edge Re-explore factor: 0.46
Nodes/cy: 15
Edges/cy: 147
TEPS: 320

---DCache---
DCache Size: 1,036,240
DRAM words: 0
  DHits: 0
  DMisses: 0

---Energy---
Leakage Energy (nJ): 606,770
PU Dyn E (nJ): 3,763,296
Mem Dyn E (nJ): 46,952,225
Route Dyn E (nJ): 10,946,907
Dynamic Energy (nJ): 61,662,429
Ratio of Dyn/Leak: 102
Total Energy (nJ): 62,269,199
Total Energy (nJ) 3D: 67,537,728
Cores Energy (nJ): 3,767,756
Route Energy (nJ): 11,066,960
Route Energy (nJ) 3D: 16,335,489
Mem Energy   (nJ): 47,434,484
Mem Energy   (nJ) 3D: 47,434,484
Avg. Power (mW): 155,439.84
Power Density (mW/mm2): 27.05

---Runtime---
Runtime in K cycles: 400.60
Microseconds: 400.60
Time per iteration (ms): 0.40

---Throughput---
GOP/s (aka OPS/ns): 928.25
GOP/s per core: 3.63
GFLOP/s: 283.38
GFLOP/s per core: 1.11
Max Peak GFLOP/s: 4,096.00
Avg. BW GB/s: 5,687.14
Max BW GB/s: 16,384.00

---Traffic---
In-Die bisection_bytes BW (GB/s): 256.00
Inter-board traffic (msg/ns): 0.00, per-link: 0.00
Inter-pack traffic (msg/ns): 0.00, per-link: 0.00
Inter-die traffic (msg/ns): 139.55, per-link: 0.55
Ruche traffic (msg/ns): 366.95, per-link: 1.43
All traffic (msg/ns): 1,770.32, per-link: 6.92
Inter-die reduction wrt all: 12.69
Inter-board reduction wrt inter-die: inf

---Data Movement---
All traffic (msg): 709,189,240
Arith. Intensity FLOP/Loads: 0.36
Arith. Intensity FLOP/Msgs: 0.16
Arith. Intensity OPS/Loads: 1.19
Arith. Intensity OPS/Msgs: 0.52



===Core Utilization Total=== CORE-S:4;; TIME K cy:400 ;; Nodes Proc: 744,173 -- Edges Proc: 7,560,682

===PRINTING FRAME STATS

FCollision In Avg:121, SD:28, Max:204, Min:64
FCollision Out Avg:58, SD:44, Max:179, Min:2
FCollision End Avg:12, SD:30, Max:99, Min:0
FTask1 Avg:38, SD:37, Max:149, Min:0
FTask2 Avg:374, SD:171, Max:837, Min:0
FTask3 Avg:353, SD:29, Max:459, Min:290
FCore Active Avg:48, SD:13, Max:85, Min:20
FRouter Active Avg:88, SD:5, Max:94, Min:67
T1 invocations: 245,691
T2 invocations: 427,791
T3 invocations: 15,634,097
T3b invocations: 0
Total3 invocations: 15,634,097
Total4 invocations: 3,809

T3/T2 ratio: 37
T3b/T3 ratio: 0

T1 avg ex cycles: 40
T2 avg ex cycles: 224
T3&b avg ex cycles: 6
T4 avg ex cycles: 570
Avg. hops NOC1: 1
Avg. latency NOC1 (T2): 17,642
Avg. hops NOC2: 6
Avg. latency NOC2 (T3): 23,085

===PRINTING ACUM STATS at pu_cycles: 500,639

ACollision In Avg:126, SD:26, Max:210, Min:77
ACollision Out Avg:63, SD:37, Max:190, Min:13
ACollision End Avg:8, SD:20, Max:98, Min:0
ATask1 Avg:23, SD:20, Max:74, Min:0
ATask2 Avg:358, SD:118, Max:647, Min:1
ATask3 Avg:380, SD:22, Max:443, Min:333
ACore Active Avg:48, SD:8, Max:69, Min:24
ARouter Active Avg:85, SD:4, Max:92, Min:70
T1 invocations: 682,028
T2 invocations: 1,609,716
T3 invocations: 70,757,009
T3b invocations: 0
Total3 invocations: 70,757,009
Total4 invocations: 10,294

T3/T2 ratio: 44
T3b/T3 ratio: 0

T1 avg ex cycles: 44
T2 avg ex cycles: 284
T3&b avg ex cycles: 7
T4 avg ex cycles: 563
Avg. hops NOC1: 1
Avg. latency NOC1 (T2): 16,161
Avg. hops NOC2: 6
Avg. latency NOC2 (T3): 29,788
Number of K Nodes Processed: 6,555
Number of K Edges Processed: 74,305
Node Re-explore factor: 1.56
Edge Re-explore factor: 0.58
Nodes/cy: 13
Edges/cy: 148
TEPS: 256

---DCache---
DCache Size: 1,036,240
DRAM words: 0
  DHits: 0
  DMisses: 0

---Energy---
Leakage Energy (nJ): 758,294
PU Dyn E (nJ): 4,783,499
Mem Dyn E (nJ): 59,424,059
Route Dyn E (nJ): 14,077,732
Dynamic Energy (nJ): 78,285,290
Ratio of Dyn/Leak: 103
Total Energy (nJ): 79,043,584
Total Energy (nJ) 3D: 85,828,343
Cores Energy (nJ): 4,789,072
Route Energy (nJ): 14,227,764
Route Energy (nJ) 3D: 21,012,524
Mem Energy   (nJ): 60,026,749
Mem Energy   (nJ) 3D: 60,026,749
Avg. Power (mW): 157,885.39
Power Density (mW/mm2): 27.48

---Runtime---
Runtime in K cycles: 500.64
Microseconds: 500.64
Time per iteration (ms): 0.50

---Throughput---
GOP/s (aka OPS/ns): 939.07
GOP/s per core: 3.67
GFLOP/s: 289.49
GFLOP/s per core: 1.13
Max Peak GFLOP/s: 4,096.00
Avg. BW GB/s: 5,759.69
Max BW GB/s: 16,384.00

---Traffic---
In-Die bisection_bytes BW (GB/s): 256.00
Inter-board traffic (msg/ns): 0.00, per-link: 0.00
Inter-pack traffic (msg/ns): 0.00, per-link: 0.00
Inter-die traffic (msg/ns): 142.86, per-link: 0.56
Ruche traffic (msg/ns): 376.88, per-link: 1.47
All traffic (msg/ns): 1,822.61, per-link: 7.12
Inter-die reduction wrt all: 12.76
Inter-board reduction wrt inter-die: inf

---Data Movement---
All traffic (msg): 912,469,229
Arith. Intensity FLOP/Loads: 0.37
Arith. Intensity FLOP/Msgs: 0.16
Arith. Intensity OPS/Loads: 1.19
Arith. Intensity OPS/Msgs: 0.52



===Core Utilization Total=== CORE-S:5;; TIME K cy:500 ;; Nodes Proc: 818,315 -- Edges Proc: 9,542,512

===PRINTING FRAME STATS

FCollision In Avg:121, SD:26, Max:176, Min:64
FCollision Out Avg:57, SD:44, Max:187, Min:5
FCollision End Avg:12, SD:29, Max:99, Min:0
FTask1 Avg:41, SD:37, Max:148, Min:0
FTask2 Avg:386, SD:172, Max:837, Min:0
FTask3 Avg:353, SD:30, Max:445, Min:289
FCore Active Avg:49, SD:12, Max:85, Min:21
FRouter Active Avg:88, SD:4, Max:95, Min:73
T1 invocations: 266,701
T2 invocations: 458,067
T3 invocations: 15,977,153
T3b invocations: 0
Total3 invocations: 15,977,153
Total4 invocations: 4,132

T3/T2 ratio: 35
T3b/T3 ratio: 0

T1 avg ex cycles: 39
T2 avg ex cycles: 216
T3&b avg ex cycles: 6
T4 avg ex cycles: 570
Avg. hops NOC1: 1
Avg. latency NOC1 (T2): 15,830
Avg. hops NOC2: 6
Avg. latency NOC2 (T3): 21,544

===PRINTING ACUM STATS at pu_cycles: 600,710

ACollision In Avg:125, SD:25, Max:201, Min:77
ACollision Out Avg:62, SD:37, Max:189, Min:12
ACollision End Avg:8, SD:20, Max:98, Min:0
ATask1 Avg:26, SD:21, Max:79, Min:0
ATask2 Avg:363, SD:121, Max:663, Min:1
ATask3 Avg:376, SD:23, Max:441, Min:325
ACore Active Avg:48, SD:9, Max:70, Min:24
ARouter Active Avg:86, SD:4, Max:92, Min:71
T1 invocations: 937,592
T2 invocations: 2,054,786
T3 invocations: 86,503,143
T3b invocations: 0
Total3 invocations: 86,503,143
Total4 invocations: 14,251

T3/T2 ratio: 42
T3b/T3 ratio: 0

T1 avg ex cycles: 43
T2 avg ex cycles: 270
T3&b avg ex cycles: 7
T4 avg ex cycles: 565
Avg. hops NOC1: 1
Avg. latency NOC1 (T2): 16,186
Avg. hops NOC2: 6
Avg. latency NOC2 (T3): 28,283
Number of K Nodes Processed: 7,068
Number of K Edges Processed: 90,179
Node Re-explore factor: 1.69
Edge Re-explore factor: 0.70
Nodes/cy: 12
Edges/cy: 150
TEPS: 214

---DCache---
DCache Size: 1,036,240
DRAM words: 0
  DHits: 0
  DMisses: 0

---Energy---
Leakage Energy (nJ): 909,867
PU Dyn E (nJ): 5,794,982
Mem Dyn E (nJ): 71,771,455
Route Dyn E (nJ): 17,211,063
Dynamic Energy (nJ): 94,777,501
Ratio of Dyn/Leak: 104
Total Energy (nJ): 95,687,368
Total Energy (nJ) 3D: 103,975,275
Cores Energy (nJ): 5,801,670
Route Energy (nJ): 17,391,085
Route Energy (nJ) 3D: 25,678,992
Mem Energy   (nJ): 72,494,614
Mem Energy   (nJ) 3D: 72,494,614
Avg. Power (mW): 159,290.45
Power Density (mW/mm2): 27.72

---Runtime---
Runtime in K cycles: 600.71
Microseconds: 600.71
Time per iteration (ms): 0.60

---Throughput---
GOP/s (aka OPS/ns): 944.28
GOP/s per core: 3.69
GFLOP/s: 293.24
GFLOP/s per core: 1.15
Max Peak GFLOP/s: 4,096.00
Avg. BW GB/s: 5,797.73
Max BW GB/s: 16,384.00

---Traffic---
In-Die bisection_bytes BW (GB/s): 256.00
Inter-board traffic (msg/ns): 0.00, per-link: 0.00
Inter-pack traffic (msg/ns): 0.00, per-link: 0.00
Inter-die traffic (msg/ns): 145.80, per-link: 0.57
Ruche traffic (msg/ns): 384.67, per-link: 1.50
All traffic (msg/ns): 1,857.53, per-link: 7.26
Inter-die reduction wrt all: 12.74
Inter-board reduction wrt inter-die: inf

---Data Movement---
All traffic (msg): 1,115,837,874
Arith. Intensity FLOP/Loads: 0.37
Arith. Intensity FLOP/Msgs: 0.16
Arith. Intensity OPS/Loads: 1.19
Arith. Intensity OPS/Msgs: 0.51



===Core Utilization Total=== CORE-S:6;; TIME K cy:600 ;; Nodes Proc: 882,541 -- Edges Proc: 11,580,777

===PRINTING FRAME STATS

FCollision In Avg:122, SD:26, Max:212, Min:66
FCollision Out Avg:59, SD:42, Max:175, Min:7
FCollision End Avg:12, SD:29, Max:99, Min:0
FTask1 Avg:40, SD:36, Max:146, Min:0
FTask2 Avg:367, SD:167, Max:803, Min:0
FTask3 Avg:332, SD:26, Max:405, Min:277
FCore Active Avg:47, SD:12, Max:79, Min:21
FRouter Active Avg:87, SD:5, Max:94, Min:67
T1 invocations: 259,626
T2 invocations: 441,954
T3 invocations: 15,172,247
T3b invocations: 0
Total3 invocations: 15,172,247
Total4 invocations: 4,115

T3/T2 ratio: 34
T3b/T3 ratio: 0

T1 avg ex cycles: 39
T2 avg ex cycles: 213
T3&b avg ex cycles: 6
T4 avg ex cycles: 563
Avg. hops NOC1: 1
Avg. latency NOC1 (T2): 17,112
Avg. hops NOC2: 6
Avg. latency NOC2 (T3): 22,311

===PRINTING ACUM STATS at pu_cycles: 700,834

ACollision In Avg:125, SD:25, Max:203, Min:75
ACollision Out Avg:61, SD:37, Max:186, Min:11
ACollision End Avg:9, SD:21, Max:98, Min:0
ATask1 Avg:28, SD:22, Max:82, Min:0
ATask2 Avg:364, SD:124, Max:683, Min:1
ATask3 Avg:370, SD:23, Max:436, Min:319
ACore Active Avg:48, SD:9, Max:71, Min:24
ARouter Active Avg:86, SD:4, Max:92, Min:70
T1 invocations: 1,205,119
T2 invocations: 2,504,329
T3 invocations: 101,847,139
T3b invocations: 0
Total3 invocations: 101,847,139
Total4 invocations: 18,488

T3/T2 ratio: 41
T3b/T3 ratio: 0

T1 avg ex cycles: 42
T2 avg ex cycles: 260
T3&b avg ex cycles: 6
T4 avg ex cycles: 565
Avg. hops NOC1: 1
Avg. latency NOC1 (T2): 16,275
Avg. hops NOC2: 6
Avg. latency NOC2 (T3): 27,382
Number of K Nodes Processed: 7,515
Number of K Edges Processed: 105,268
Node Re-explore factor: 1.79
Edge Re-explore factor: 0.82
Nodes/cy: 11
Edges/cy: 150
TEPS: 183

---DCache---
DCache Size: 1,036,240
DRAM words: 0
  DHits: 0
  DMisses: 0

---Energy---
Leakage Energy (nJ): 1,061,520
PU Dyn E (nJ): 6,790,173
Mem Dyn E (nJ): 83,888,771
Route Dyn E (nJ): 20,251,844
Dynamic Energy (nJ): 110,930,788
Ratio of Dyn/Leak: 105
Total Energy (nJ): 111,992,308
Total Energy (nJ) 3D: 121,753,143
Cores Energy (nJ): 6,797,975
Route Energy (nJ): 20,461,871
Route Energy (nJ) 3D: 30,222,706
Mem Energy   (nJ): 84,732,463
Mem Energy   (nJ) 3D: 84,732,463
Avg. Power (mW): 159,798.62
Power Density (mW/mm2): 27.81

---Runtime---
Runtime in K cycles: 700.83
Microseconds: 700.83
Time per iteration (ms): 0.70

---Throughput---
GOP/s (aka OPS/ns): 945.82
GOP/s per core: 3.69
GFLOP/s: 295.15
GFLOP/s per core: 1.15
Max Peak GFLOP/s: 4,096.00
Avg. BW GB/s: 5,808.52
Max BW GB/s: 16,384.00

---Traffic---
In-Die bisection_bytes BW (GB/s): 256.00
Inter-board traffic (msg/ns): 0.00, per-link: 0.00
Inter-pack traffic (msg/ns): 0.00, per-link: 0.00
Inter-die traffic (msg/ns): 146.63, per-link: 0.57
Ruche traffic (msg/ns): 387.42, per-link: 1.51
All traffic (msg/ns): 1,873.96, per-link: 7.32
Inter-die reduction wrt all: 12.78
Inter-board reduction wrt inter-die: inf

---Data Movement---
All traffic (msg): 1,313,334,033
Arith. Intensity FLOP/Loads: 0.37
Arith. Intensity FLOP/Msgs: 0.16
Arith. Intensity OPS/Loads: 1.19
Arith. Intensity OPS/Msgs: 0.50



===Core Utilization Total=== CORE-S:7;; TIME K cy:700 ;; Nodes Proc: 938,767 -- Edges Proc: 13,504,933

===PRINTING FRAME STATS

FCollision In Avg:122, SD:29, Max:224, Min:53
FCollision Out Avg:58, SD:43, Max:175, Min:3
FCollision End Avg:12, SD:29, Max:98, Min:0
FTask1 Avg:39, SD:32, Max:130, Min:0
FTask2 Avg:376, SD:173, Max:808, Min:0
FTask3 Avg:338, SD:28, Max:427, Min:277
FCore Active Avg:48, SD:12, Max:80, Min:22
FRouter Active Avg:88, SD:4, Max:94, Min:70
T1 invocations: 256,637
T2 invocations: 442,078
T3 invocations: 15,565,013
T3b invocations: 0
Total3 invocations: 15,565,013
Total4 invocations: 4,888

T3/T2 ratio: 35
T3b/T3 ratio: 0

T1 avg ex cycles: 39
T2 avg ex cycles: 218
T3&b avg ex cycles: 6
T4 avg ex cycles: 477
Avg. hops NOC1: 1
Avg. latency NOC1 (T2): 16,717
Avg. hops NOC2: 6
Avg. latency NOC2 (T3): 21,402

===PRINTING ACUM STATS at pu_cycles: 800,932

ACollision In Avg:124, SD:25, Max:205, Min:73
ACollision Out Avg:61, SD:38, Max:184, Min:10
ACollision End Avg:9, SD:22, Max:98, Min:0
ATask1 Avg:30, SD:22, Max:83, Min:0
ATask2 Avg:365, SD:127, Max:675, Min:1
ATask3 Avg:366, SD:24, Max:434, Min:315
ACore Active Avg:48, SD:9, Max:71, Min:23
ARouter Active Avg:86, SD:4, Max:92, Min:70
T1 invocations: 1,451,412
T2 invocations: 2,937,081
T3 invocations: 117,053,925
T3b invocations: 0
Total3 invocations: 117,053,925
Total4 invocations: 23,215

T3/T2 ratio: 40
T3b/T3 ratio: 0

T1 avg ex cycles: 42
T2 avg ex cycles: 254
T3&b avg ex cycles: 6
T4 avg ex cycles: 546
Avg. hops NOC1: 1
Avg. latency NOC1 (T2): 16,394
Avg. hops NOC2: 6
Avg. latency NOC2 (T3): 26,604
Number of K Nodes Processed: 7,946
Number of K Edges Processed: 120,770
Node Re-explore factor: 1.89
Edge Re-explore factor: 0.94
Nodes/cy: 10
Edges/cy: 151
TEPS: 160

---DCache---
DCache Size: 1,036,240
DRAM words: 0
  DHits: 0
  DMisses: 0

---Energy---
Leakage Energy (nJ): 1,213,134
PU Dyn E (nJ): 7,771,283
Mem Dyn E (nJ): 95,856,629
Route Dyn E (nJ): 23,273,378
Dynamic Energy (nJ): 126,901,291
Ratio of Dyn/Leak: 105
Total Energy (nJ): 128,114,425
Total Energy (nJ) 3D: 139,312,473
Cores Energy (nJ): 7,780,199
Route Energy (nJ): 23,513,403
Route Energy (nJ) 3D: 34,711,450
Mem Energy   (nJ): 96,820,823
Mem Energy   (nJ) 3D: 96,820,823
Avg. Power (mW): 159,956.68
Power Density (mW/mm2): 27.84

---Runtime---
Runtime in K cycles: 800.93
Microseconds: 800.93
Time per iteration (ms): 0.80

---Throughput---
GOP/s (aka OPS/ns): 944.58
GOP/s per core: 3.69
GFLOP/s: 296.24
GFLOP/s per core: 1.16
Max Peak GFLOP/s: 4,096.00
Avg. BW GB/s: 5,807.75
Max BW GB/s: 16,384.00

---Traffic---
In-Die bisection_bytes BW (GB/s): 256.00
Inter-board traffic (msg/ns): 0.00, per-link: 0.00
Inter-pack traffic (msg/ns): 0.00, per-link: 0.00
Inter-die traffic (msg/ns): 147.66, per-link: 0.58
Ruche traffic (msg/ns): 391.22, per-link: 1.53
All traffic (msg/ns): 1,884.73, per-link: 7.36
Inter-die reduction wrt all: 12.76
Inter-board reduction wrt inter-die: inf

---Data Movement---
All traffic (msg): 1,509,540,540
Arith. Intensity FLOP/Loads: 0.37
Arith. Intensity FLOP/Msgs: 0.16
Arith. Intensity OPS/Loads: 1.18
Arith. Intensity OPS/Msgs: 0.50



===Core Utilization Total=== CORE-S:8;; TIME K cy:800 ;; Nodes Proc: 992,990 -- Edges Proc: 15,498,216

===PRINTING FRAME STATS

FCollision In Avg:122, SD:28, Max:248, Min:43
FCollision Out Avg:58, SD:41, Max:189, Min:6
FCollision End Avg:11, SD:27, Max:99, Min:0
FTask1 Avg:40, SD:32, Max:179, Min:0
FTask2 Avg:378, SD:165, Max:824, Min:0
FTask3 Avg:337, SD:29, Max:444, Min:233
FCore Active Avg:48, SD:11, Max:81, Min:24
FRouter Active Avg:88, SD:4, Max:93, Min:73
T1 invocations: 259,610
T2 invocations: 445,499
T3 invocations: 15,565,570
T3b invocations: 0
Total3 invocations: 15,565,570
Total4 invocations: 5,541

T3/T2 ratio: 35
T3b/T3 ratio: 0

T1 avg ex cycles: 39
T2 avg ex cycles: 217
T3&b avg ex cycles: 6
T4 avg ex cycles: 430
Avg. hops NOC1: 1
Avg. latency NOC1 (T2): 16,566
Avg. hops NOC2: 6
Avg. latency NOC2 (T3): 19,900

===PRINTING ACUM STATS at pu_cycles: 900,785

ACollision In Avg:124, SD:26, Max:210, Min:71
ACollision Out Avg:61, SD:38, Max:184, Min:10
ACollision End Avg:9, SD:22, Max:98, Min:0
ATask1 Avg:31, SD:22, Max:80, Min:0
ATask2 Avg:367, SD:128, Max:664, Min:1
ATask3 Avg:363, SD:24, Max:432, Min:306
ACore Active Avg:48, SD:9, Max:71, Min:24
ARouter Active Avg:86, SD:4, Max:92, Min:70
T1 invocations: 1,715,324
T2 invocations: 3,384,548
T3 invocations: 132,727,920
T3b invocations: 0
Total3 invocations: 132,727,920
Total4 invocations: 28,823

T3/T2 ratio: 39
T3b/T3 ratio: 0

T1 avg ex cycles: 41
T2 avg ex cycles: 249
T3&b avg ex cycles: 6
T4 avg ex cycles: 524
Avg. hops NOC1: 1
Avg. latency NOC1 (T2): 16,405
Avg. hops NOC2: 6
Avg. latency NOC2 (T3): 25,813
Number of K Nodes Processed: 8,357
Number of K Edges Processed: 136,331
Node Re-explore factor: 1.99
Edge Re-explore factor: 1.06
Nodes/cy: 9
Edges/cy: 151
TEPS: 142

---DCache---
DCache Size: 1,036,240
DRAM words: 0
  DHits: 0
  DMisses: 0

---Energy---
Leakage Energy (nJ): 1,364,377
PU Dyn E (nJ): 8,780,431
Mem Dyn E (nJ): 108,149,792
Route Dyn E (nJ): 26,391,457
Dynamic Energy (nJ): 143,321,681
Ratio of Dyn/Leak: 105
Total Energy (nJ): 144,686,058
Total Energy (nJ) 3D: 157,393,563
Cores Energy (nJ): 8,790,459
Route Energy (nJ): 26,661,406
Route Energy (nJ) 3D: 39,368,910
Mem Energy   (nJ): 109,234,193
Mem Energy   (nJ) 3D: 109,234,193
Avg. Power (mW): 160,622.19
Power Density (mW/mm2): 27.95

---Runtime---
Runtime in K cycles: 900.78
Microseconds: 900.78
Time per iteration (ms): 0.90

---Throughput---
GOP/s (aka OPS/ns): 947.10
GOP/s per core: 3.70
GFLOP/s: 298.06
GFLOP/s per core: 1.16
Max Peak GFLOP/s: 4,096.00
Avg. BW GB/s: 5,826.26
Max BW GB/s: 16,384.00

---Traffic---
In-Die bisection_bytes BW (GB/s): 256.00
Inter-board traffic (msg/ns): 0.00, per-link: 0.00
Inter-pack traffic (msg/ns): 0.00, per-link: 0.00
Inter-die traffic (msg/ns): 148.47, per-link: 0.58
Ruche traffic (msg/ns): 394.08, per-link: 1.54
All traffic (msg/ns): 1,900.45, per-link: 7.42
Inter-die reduction wrt all: 12.80
Inter-board reduction wrt inter-die: inf

---Data Movement---
All traffic (msg): 1,711,899,369
Arith. Intensity FLOP/Loads: 0.37
Arith. Intensity FLOP/Msgs: 0.16
Arith. Intensity OPS/Loads: 1.18
Arith. Intensity OPS/Msgs: 0.50



===Core Utilization Total=== CORE-S:9;; TIME K cy:900 ;; Nodes Proc: 1,043,887 -- Edges Proc: 17,522,970

===PRINTING FRAME STATS

FCollision In Avg:123, SD:29, Max:230, Min:35
FCollision Out Avg:60, SD:41, Max:176, Min:6
FCollision End Avg:11, SD:27, Max:99, Min:0
FTask1 Avg:39, SD:31, Max:154, Min:0
FTask2 Avg:367, SD:163, Max:851, Min:0
FTask3 Avg:324, SD:29, Max:454, Min:267
FCore Active Avg:46, SD:11, Max:78, Min:20
FRouter Active Avg:87, SD:4, Max:93, Min:70
T1 invocations: 250,393
T2 invocations: 437,343
T3 invocations: 15,019,891
T3b invocations: 0
Total3 invocations: 15,019,891
Total4 invocations: 5,825

T3/T2 ratio: 34
T3b/T3 ratio: 0

T1 avg ex cycles: 40
T2 avg ex cycles: 215
T3&b avg ex cycles: 6
T4 avg ex cycles: 402
Avg. hops NOC1: 1
Avg. latency NOC1 (T2): 16,736
Avg. hops NOC2: 6
Avg. latency NOC2 (T3): 21,329

===PRINTING ACUM STATS at pu_cycles: 1,000,842

ACollision In Avg:124, SD:26, Max:212, Min:67
ACollision Out Avg:61, SD:38, Max:182, Min:10
ACollision End Avg:10, SD:22, Max:97, Min:0
ATask1 Avg:32, SD:22, Max:78, Min:0
ATask2 Avg:367, SD:128, Max:670, Min:1
ATask3 Avg:359, SD:24, Max:429, Min:307
ACore Active Avg:48, SD:9, Max:72, Min:24
ARouter Active Avg:86, SD:4, Max:92, Min:71
T1 invocations: 1,972,068
T2 invocations: 3,835,974
T3 invocations: 148,166,148
T3b invocations: 0
Total3 invocations: 148,166,148
Total4 invocations: 34,743

T3/T2 ratio: 39
T3b/T3 ratio: 0

T1 avg ex cycles: 41
T2 avg ex cycles: 245
T3&b avg ex cycles: 6
T4 avg ex cycles: 504
Avg. hops NOC1: 1
Avg. latency NOC1 (T2): 16,391
Avg. hops NOC2: 6
Avg. latency NOC2 (T3): 25,343
Number of K Nodes Processed: 8,740
Number of K Edges Processed: 151,415
Node Re-explore factor: 2.08
Edge Re-explore factor: 1.18
Nodes/cy: 9
Edges/cy: 151
TEPS: 128

---DCache---
DCache Size: 1,036,240
DRAM words: 0
  DHits: 0
  DMisses: 0

---Energy---
Leakage Energy (nJ): 1,515,928
PU Dyn E (nJ): 9,782,570
Mem Dyn E (nJ): 120,358,484
Route Dyn E (nJ): 29,437,584
Dynamic Energy (nJ): 159,578,639
Ratio of Dyn/Leak: 105
Total Energy (nJ): 161,094,567
Total Energy (nJ) 3D: 175,285,444
Cores Energy (nJ): 9,793,712
Route Energy (nJ): 29,737,518
Route Energy (nJ) 3D: 43,928,395
Mem Energy   (nJ): 121,563,338
Mem Energy   (nJ) 3D: 121,563,338
Avg. Power (mW): 160,959.04
Power Density (mW/mm2): 28.01

---Runtime---
Runtime in K cycles: 1,000.84
Microseconds: 1,000.84
Time per iteration (ms): 1.00

---Throughput---
GOP/s (aka OPS/ns): 948.00
GOP/s per core: 3.70
GFLOP/s: 299.31
GFLOP/s per core: 1.17
Max Peak GFLOP/s: 4,096.00
Avg. BW GB/s: 5,835.78
Max BW GB/s: 16,384.00

---Traffic---
In-Die bisection_bytes BW (GB/s): 256.00
Inter-board traffic (msg/ns): 0.00, per-link: 0.00
Inter-pack traffic (msg/ns): 0.00, per-link: 0.00
Inter-die traffic (msg/ns): 148.59, per-link: 0.58
Ruche traffic (msg/ns): 394.79, per-link: 1.54
All traffic (msg/ns): 1,908.25, per-link: 7.45
Inter-die reduction wrt all: 12.84
Inter-board reduction wrt inter-die: inf

---Data Movement---
All traffic (msg): 1,909,856,061
Arith. Intensity FLOP/Loads: 0.37
Arith. Intensity FLOP/Msgs: 0.16
Arith. Intensity OPS/Loads: 1.18
Arith. Intensity OPS/Msgs: 0.50



===Core Utilization Total=== CORE-S:10;; TIME K cy:1,000 ;; Nodes Proc: 1,092,082 -- Edges Proc: 19,419,417

===PRINTING FRAME STATS

FCollision In Avg:120, SD:30, Max:231, Min:28
FCollision Out Avg:54, SD:40, Max:171, Min:4
FCollision End Avg:11, SD:28, Max:99, Min:0
FTask1 Avg:44, SD:33, Max:135, Min:0
FTask2 Avg:394, SD:163, Max:812, Min:0
FTask3 Avg:355, SD:30, Max:450, Min:280
FCore Active Avg:50, SD:12, Max:84, Min:22
FRouter Active Avg:90, SD:4, Max:95, Min:73
T1 invocations: 285,835
T2 invocations: 478,386
T3 invocations: 16,541,018
T3b invocations: 0
Total3 invocations: 16,541,018
Total4 invocations: 9,434

T3/T2 ratio: 35
T3b/T3 ratio: 0

T1 avg ex cycles: 39
T2 avg ex cycles: 211
T3&b avg ex cycles: 5
T4 avg ex cycles: 298
Avg. hops NOC1: 1
Avg. latency NOC1 (T2): 15,775
Avg. hops NOC2: 6
Avg. latency NOC2 (T3): 20,215

===PRINTING ACUM STATS at pu_cycles: 1,100,933

ACollision In Avg:124, SD:26, Max:214, Min:65
ACollision Out Avg:60, SD:38, Max:181, Min:9
ACollision End Avg:10, SD:22, Max:97, Min:0
ATask1 Avg:33, SD:23, Max:76, Min:0
ATask2 Avg:369, SD:129, Max:679, Min:1
ATask3 Avg:358, SD:25, Max:430, Min:306
ACore Active Avg:48, SD:9, Max:73, Min:24
ARouter Active Avg:87, SD:4, Max:93, Min:71
T1 invocations: 2,253,446
T2 invocations: 4,309,693
T3 invocations: 164,457,646
T3b invocations: 0
Total3 invocations: 164,457,646
Total4 invocations: 44,108

T3/T2 ratio: 38
T3b/T3 ratio: 0

T1 avg ex cycles: 41
T2 avg ex cycles: 241
T3&b avg ex cycles: 6
T4 avg ex cycles: 460
Avg. hops NOC1: 1
Avg. latency NOC1 (T2): 16,339
Avg. hops NOC2: 6
Avg. latency NOC2 (T3): 24,833
Number of K Nodes Processed: 9,132
Number of K Edges Processed: 167,691
Node Re-explore factor: 2.18
Edge Re-explore factor: 1.31
Nodes/cy: 8
Edges/cy: 152
TEPS: 117

---DCache---
DCache Size: 1,036,240
DRAM words: 0
  DHits: 0
  DMisses: 0

---Energy---
Leakage Energy (nJ): 1,667,531
PU Dyn E (nJ): 10,828,226
Mem Dyn E (nJ): 133,078,005
Route Dyn E (nJ): 32,648,304
Dynamic Energy (nJ): 176,554,536
Ratio of Dyn/Leak: 106
Total Energy (nJ): 178,222,067
Total Energy (nJ) 3D: 193,942,041
Cores Energy (nJ): 10,840,482
Route Energy (nJ): 32,978,234
Route Energy (nJ) 3D: 48,698,208
Mem Energy   (nJ): 134,403,352
Mem Energy   (nJ) 3D: 134,403,352
Avg. Power (mW): 161,882.76
Power Density (mW/mm2): 28.17

---Runtime---
Runtime in K cycles: 1,100.93
Microseconds: 1,100.93
Time per iteration (ms): 1.10

---Throughput---
GOP/s (aka OPS/ns): 952.79
GOP/s per core: 3.72
GFLOP/s: 301.46
GFLOP/s per core: 1.18
Max Peak GFLOP/s: 4,096.00
Avg. BW GB/s: 5,865.93
Max BW GB/s: 16,384.00

---Traffic---
In-Die bisection_bytes BW (GB/s): 256.00
Inter-board traffic (msg/ns): 0.00, per-link: 0.00
Inter-pack traffic (msg/ns): 0.00, per-link: 0.00
Inter-die traffic (msg/ns): 149.79, per-link: 0.59
Ruche traffic (msg/ns): 399.38, per-link: 1.56
All traffic (msg/ns): 1,924.41, per-link: 7.52
Inter-die reduction wrt all: 12.85
Inter-board reduction wrt inter-die: inf

---Data Movement---
All traffic (msg): 2,118,648,356
Arith. Intensity FLOP/Loads: 0.37
Arith. Intensity FLOP/Msgs: 0.16
Arith. Intensity OPS/Loads: 1.18
Arith. Intensity OPS/Msgs: 0.50



===Core Utilization Total=== CORE-S:11;; TIME K cy:1,100 ;; Nodes Proc: 1,141,456 -- Edges Proc: 21,534,607

===PRINTING FRAME STATS

FCollision In Avg:117, SD:31, Max:223, Min:26
FCollision Out Avg:52, SD:40, Max:162, Min:3
FCollision End Avg:11, SD:29, Max:99, Min:0
FTask1 Avg:47, SD:34, Max:143, Min:0
FTask2 Avg:403, SD:158, Max:812, Min:0
FTask3 Avg:350, SD:30, Max:442, Min:285
FCore Active Avg:51, SD:11, Max:82, Min:23
FRouter Active Avg:89, SD:4, Max:95, Min:72
T1 invocations: 307,827
T2 invocations: 506,963
T3 invocations: 16,345,567
T3b invocations: 0
Total3 invocations: 16,345,567
Total4 invocations: 15,529

T3/T2 ratio: 32
T3b/T3 ratio: 0

T1 avg ex cycles: 39
T2 avg ex cycles: 204
T3&b avg ex cycles: 5
T4 avg ex cycles: 206
Avg. hops NOC1: 1
Avg. latency NOC1 (T2): 14,635
Avg. hops NOC2: 6
Avg. latency NOC2 (T3): 18,514

===PRINTING ACUM STATS at pu_cycles: 1,200,939

ACollision In Avg:123, SD:26, Max:215, Min:62
ACollision Out Avg:59, SD:38, Max:179, Min:9
ACollision End Avg:10, SD:23, Max:97, Min:0
ATask1 Avg:34, SD:23, Max:75, Min:0
ATask2 Avg:372, SD:128, Max:679, Min:1
ATask3 Avg:358, SD:25, Max:431, Min:304
ACore Active Avg:48, SD:9, Max:73, Min:24
ARouter Active Avg:87, SD:4, Max:93, Min:71
T1 invocations: 2,561,000
T2 invocations: 4,814,774
T3 invocations: 180,808,192
T3b invocations: 0
Total3 invocations: 180,808,192
Total4 invocations: 59,632

T3/T2 ratio: 38
T3b/T3 ratio: 0

T1 avg ex cycles: 41
T2 avg ex cycles: 237
T3&b avg ex cycles: 6
T4 avg ex cycles: 394
Avg. hops NOC1: 1
Avg. latency NOC1 (T2): 16,167
Avg. hops NOC2: 6
Avg. latency NOC2 (T3): 24,262
Number of K Nodes Processed: 9,505
Number of K Edges Processed: 184,218
Node Re-explore factor: 2.27
Edge Re-explore factor: 1.44
Nodes/cy: 8
Edges/cy: 153
TEPS: 107

---DCache---
DCache Size: 1,036,240
DRAM words: 0
  DHits: 0
  DMisses: 0

---Energy---
Leakage Energy (nJ): 1,819,006
PU Dyn E (nJ): 11,893,634
Mem Dyn E (nJ): 145,997,234
Route Dyn E (nJ): 35,859,449
Dynamic Energy (nJ): 193,750,318
Ratio of Dyn/Leak: 107
Total Energy (nJ): 195,569,324
Total Energy (nJ) 3D: 212,827,183
Cores Energy (nJ): 11,907,003
Route Energy (nJ): 36,219,349
Route Energy (nJ) 3D: 53,477,208
Mem Energy   (nJ): 147,442,973
Mem Energy   (nJ) 3D: 147,442,973
Avg. Power (mW): 162,847.01
Power Density (mW/mm2): 28.34

---Runtime---
Runtime in K cycles: 1,200.94
Microseconds: 1,200.94
Time per iteration (ms): 1.20

---Throughput---
GOP/s (aka OPS/ns): 958.81
GOP/s per core: 3.75
GFLOP/s: 303.70
GFLOP/s per core: 1.19
Max Peak GFLOP/s: 4,096.00
Avg. BW GB/s: 5,899.53
Max BW GB/s: 16,384.00

---Traffic---
In-Die bisection_bytes BW (GB/s): 256.00
Inter-board traffic (msg/ns): 0.00, per-link: 0.00
Inter-pack traffic (msg/ns): 0.00, per-link: 0.00
Inter-die traffic (msg/ns): 150.39, per-link: 0.59
Ruche traffic (msg/ns): 403.10, per-link: 1.57
All traffic (msg/ns): 1,938.19, per-link: 7.57
Inter-die reduction wrt all: 12.89
Inter-board reduction wrt inter-die: inf

---Data Movement---
All traffic (msg): 2,327,649,212
Arith. Intensity FLOP/Loads: 0.37
Arith. Intensity FLOP/Msgs: 0.16
Arith. Intensity OPS/Loads: 1.18
Arith. Intensity OPS/Msgs: 0.49



===Core Utilization Total=== CORE-S:12;; TIME K cy:1,200 ;; Nodes Proc: 1,188,229 -- Edges Proc: 23,743,585

===PRINTING FRAME STATS

FCollision In Avg:111, SD:35, Max:214, Min:22
FCollision Out Avg:48, SD:38, Max:157, Min:2
FCollision End Avg:10, SD:28, Max:98, Min:0
FTask1 Avg:45, SD:35, Max:235, Min:0
FTask2 Avg:384, SD:152, Max:774, Min:0
FTask3 Avg:344, SD:29, Max:433, Min:278
FCore Active Avg:49, SD:11, Max:80, Min:22
FRouter Active Avg:88, SD:5, Max:95, Min:71
T1 invocations: 298,471
T2 invocations: 486,701
T3 invocations: 16,055,675
T3b invocations: 0
Total3 invocations: 16,055,675
Total4 invocations: 26,156

T3/T2 ratio: 33
T3b/T3 ratio: 0

T1 avg ex cycles: 39
T2 avg ex cycles: 202
T3&b avg ex cycles: 5
T4 avg ex cycles: 130
Avg. hops NOC1: 1
Avg. latency NOC1 (T2): 13,481
Avg. hops NOC2: 6
Avg. latency NOC2 (T3): 19,361

===PRINTING ACUM STATS at pu_cycles: 1,301,026

ACollision In Avg:122, SD:26, Max:215, Min:59
ACollision Out Avg:58, SD:37, Max:177, Min:8
ACollision End Avg:10, SD:23, Max:97, Min:0
ATask1 Avg:35, SD:23, Max:73, Min:0
ATask2 Avg:373, SD:124, Max:661, Min:0
ATask3 Avg:357, SD:25, Max:430, Min:302
ACore Active Avg:48, SD:9, Max:72, Min:24
ARouter Active Avg:87, SD:4, Max:93, Min:71
T1 invocations: 2,865,317
T2 invocations: 5,307,776
T3 invocations: 197,064,543
T3b invocations: 0
Total3 invocations: 197,064,543
Total4 invocations: 86,012

T3/T2 ratio: 37
T3b/T3 ratio: 0

T1 avg ex cycles: 40
T2 avg ex cycles: 234
T3&b avg ex cycles: 6
T4 avg ex cycles: 313
Avg. hops NOC1: 1
Avg. latency NOC1 (T2): 15,903
Avg. hops NOC2: 6
Avg. latency NOC2 (T3): 23,857
Number of K Nodes Processed: 9,860
Number of K Edges Processed: 199,932
Node Re-explore factor: 2.35
Edge Re-explore factor: 1.56
Nodes/cy: 8
Edges/cy: 154
TEPS: 99

---DCache---
DCache Size: 1,036,240
DRAM words: 0
  DHits: 0
  DMisses: 0

---Energy---
Leakage Energy (nJ): 1,970,603
PU Dyn E (nJ): 12,940,669
Mem Dyn E (nJ): 158,687,217
Route Dyn E (nJ): 39,019,775
Dynamic Energy (nJ): 210,647,662
Ratio of Dyn/Leak: 107
Total Energy (nJ): 212,618,265
Total Energy (nJ) 3D: 231,387,716
Cores Energy (nJ): 12,955,152
Route Energy (nJ): 39,409,669
Route Energy (nJ) 3D: 58,179,119
Mem Energy   (nJ): 160,253,444
Mem Energy   (nJ) 3D: 160,253,444
Avg. Power (mW): 163,423.53
Power Density (mW/mm2): 28.44

---Runtime---
Runtime in K cycles: 1,301.03
Microseconds: 1,301.03
Time per iteration (ms): 1.30

---Throughput---
GOP/s (aka OPS/ns): 962.72
GOP/s per core: 3.76
GFLOP/s: 305.07
GFLOP/s per core: 1.19
Max Peak GFLOP/s: 4,096.00
Avg. BW GB/s: 5,919.06
Max BW GB/s: 16,384.00

---Traffic---
In-Die bisection_bytes BW (GB/s): 256.00
Inter-board traffic (msg/ns): 0.00, per-link: 0.00
Inter-pack traffic (msg/ns): 0.00, per-link: 0.00
Inter-die traffic (msg/ns): 150.14, per-link: 0.59
Ruche traffic (msg/ns): 406.35, per-link: 1.59
All traffic (msg/ns): 1,947.44, per-link: 7.61
Inter-die reduction wrt all: 12.97
Inter-board reduction wrt inter-die: inf

---Data Movement---
All traffic (msg): 2,533,665,401
Arith. Intensity FLOP/Loads: 0.37
Arith. Intensity FLOP/Msgs: 0.16
Arith. Intensity OPS/Loads: 1.18
Arith. Intensity OPS/Msgs: 0.49



===Core Utilization Total=== CORE-S:13;; TIME K cy:1,300 ;; Nodes Proc: 1,232,766 -- Edges Proc: 25,709,038

===PRINTING FRAME STATS

FCollision In Avg:103, SD:36, Max:213, Min:20
FCollision Out Avg:42, SD:33, Max:156, Min:2
FCollision End Avg:8, SD:24, Max:98, Min:0
FTask1 Avg:47, SD:31, Max:149, Min:0
FTask2 Avg:395, SD:147, Max:833, Min:0
FTask3 Avg:353, SD:33, Max:466, Min:206
FCore Active Avg:51, SD:10, Max:82, Min:23
FRouter Active Avg:88, SD:5, Max:96, Min:68
T1 invocations: 308,437
T2 invocations: 505,812
T3 invocations: 16,517,396
T3b invocations: 0
Total3 invocations: 16,517,396
Total4 invocations: 38,870

T3/T2 ratio: 33
T3b/T3 ratio: 0

T1 avg ex cycles: 39
T2 avg ex cycles: 200
T3&b avg ex cycles: 5
T4 avg ex cycles: 97
Avg. hops NOC1: 1
Avg. latency NOC1 (T2): 11,492
Avg. hops NOC2: 6
Avg. latency NOC2 (T3): 17,028

===PRINTING ACUM STATS at pu_cycles: 1,400,650

ACollision In Avg:121, SD:27, Max:213, Min:56
ACollision Out Avg:57, SD:37, Max:174, Min:8
ACollision End Avg:10, SD:23, Max:97, Min:0
ATask1 Avg:36, SD:22, Max:71, Min:0
ATask2 Avg:375, SD:119, Max:636, Min:0
ATask3 Avg:356, SD:26, Max:431, Min:301
ACore Active Avg:48, SD:9, Max:70, Min:24
ARouter Active Avg:87, SD:4, Max:93, Min:72
T1 invocations: 3,169,328
T2 invocations: 5,808,015
T3 invocations: 213,461,174
T3b invocations: 0
Total3 invocations: 213,461,174
Total4 invocations: 124,813

T3/T2 ratio: 37
T3b/T3 ratio: 0

T1 avg ex cycles: 40
T2 avg ex cycles: 231
T3&b avg ex cycles: 6
T4 avg ex cycles: 246
Avg. hops NOC1: 1
Avg. latency NOC1 (T2): 15,534
Avg. hops NOC2: 6
Avg. latency NOC2 (T3): 23,331
Number of K Nodes Processed: 10,208
Number of K Edges Processed: 216,091
Node Re-explore factor: 2.43
Edge Re-explore factor: 1.68
Nodes/cy: 7
Edges/cy: 154
TEPS: 92

---DCache---
DCache Size: 1,036,240
DRAM words: 0
  DHits: 0
  DMisses: 0

---Energy---
Leakage Energy (nJ): 2,121,499
PU Dyn E (nJ): 13,995,417
Mem Dyn E (nJ): 171,466,554
Route Dyn E (nJ): 42,181,704
Dynamic Energy (nJ): 227,643,676
Ratio of Dyn/Leak: 107
Total Energy (nJ): 229,765,175
Total Energy (nJ) 3D: 250,023,618
Cores Energy (nJ): 14,011,009
Route Energy (nJ): 42,601,453
Route Energy (nJ) 3D: 62,859,896
Mem Energy   (nJ): 173,152,713
Mem Energy   (nJ) 3D: 173,152,713
Avg. Power (mW): 164,041.82
Power Density (mW/mm2): 28.55

---Runtime---
Runtime in K cycles: 1,400.65
Microseconds: 1,400.65
Time per iteration (ms): 1.40

---Throughput---
GOP/s (aka OPS/ns): 966.97
GOP/s per core: 3.78
GFLOP/s: 306.51
GFLOP/s per core: 1.20
Max Peak GFLOP/s: 4,096.00
Avg. BW GB/s: 5,940.86
Max BW GB/s: 16,384.00

---Traffic---
In-Die bisection_bytes BW (GB/s): 256.00
Inter-board traffic (msg/ns): 0.00, per-link: 0.00
Inter-pack traffic (msg/ns): 0.00, per-link: 0.00
Inter-die traffic (msg/ns): 150.00, per-link: 0.59
Ruche traffic (msg/ns): 410.58, per-link: 1.60
All traffic (msg/ns): 1,956.34, per-link: 7.64
Inter-die reduction wrt all: 13.04
Inter-board reduction wrt inter-die: inf

---Data Movement---
All traffic (msg): 2,740,144,089
Arith. Intensity FLOP/Loads: 0.37
Arith. Intensity FLOP/Msgs: 0.16
Arith. Intensity OPS/Loads: 1.18
Arith. Intensity OPS/Msgs: 0.49



===Core Utilization Total=== CORE-S:14;; TIME K cy:1,400 ;; Nodes Proc: 1,276,701 -- Edges Proc: 27,837,113

===PRINTING FRAME STATS

FCollision In Avg:97, SD:37, Max:192, Min:22
FCollision Out Avg:37, SD:29, Max:144, Min:2
FCollision End Avg:6, SD:21, Max:98, Min:0
FTask1 Avg:48, SD:30, Max:211, Min:0
FTask2 Avg:396, SD:155, Max:850, Min:0
FTask3 Avg:356, SD:33, Max:450, Min:241
FCore Active Avg:51, SD:10, Max:80, Min:25
FRouter Active Avg:88, SD:6, Max:95, Min:70
T1 invocations: 321,323
T2 invocations: 519,476
T3 invocations: 16,679,843
T3b invocations: 0
Total3 invocations: 16,679,843
Total4 invocations: 49,145

T3/T2 ratio: 32
T3b/T3 ratio: 0

T1 avg ex cycles: 38
T2 avg ex cycles: 195
T3&b avg ex cycles: 5
T4 avg ex cycles: 83
Avg. hops NOC1: 1
Avg. latency NOC1 (T2): 7,980
Avg. hops NOC2: 6
Avg. latency NOC2 (T3): 13,806

===PRINTING ACUM STATS at pu_cycles: 1,501,063

ACollision In Avg:119, SD:27, Max:212, Min:54
ACollision Out Avg:56, SD:36, Max:172, Min:8
ACollision End Avg:10, SD:22, Max:97, Min:0
ATask1 Avg:36, SD:22, Max:70, Min:0
ATask2 Avg:376, SD:112, Max:613, Min:0
ATask3 Avg:356, SD:26, Max:432, Min:300
ACore Active Avg:49, SD:8, Max:69, Min:26
ARouter Active Avg:87, SD:4, Max:93, Min:73
T1 invocations: 3,493,685
T2 invocations: 6,330,322
T3 invocations: 230,196,198
T3b invocations: 0
Total3 invocations: 230,196,198
Total4 invocations: 174,006

T3/T2 ratio: 36
T3b/T3 ratio: 0

T1 avg ex cycles: 40
T2 avg ex cycles: 228
T3&b avg ex cycles: 6
T4 avg ex cycles: 200
Avg. hops NOC1: 1
Avg. latency NOC1 (T2): 14,907
Avg. hops NOC2: 6
Avg. latency NOC2 (T3): 22,640
Number of K Nodes Processed: 10,549
Number of K Edges Processed: 232,285
Node Re-explore factor: 2.52
Edge Re-explore factor: 1.81
Nodes/cy: 7
Edges/cy: 155
TEPS: 85

---DCache---
DCache Size: 1,036,240
DRAM words: 0
  DHits: 0
  DMisses: 0

---Energy---
Leakage Energy (nJ): 2,273,590
PU Dyn E (nJ): 15,072,523
Mem Dyn E (nJ): 184,493,077
Route Dyn E (nJ): 45,402,087
Dynamic Energy (nJ): 244,967,688
Ratio of Dyn/Leak: 108
Total Energy (nJ): 247,241,278
Total Energy (nJ) 3D: 269,020,882
Cores Energy (nJ): 15,089,232
Route Energy (nJ): 45,851,928
Route Energy (nJ) 3D: 67,631,533
Mem Energy   (nJ): 186,300,117
Mem Energy   (nJ) 3D: 186,300,117
Avg. Power (mW): 164,710.79
Power Density (mW/mm2): 28.67

---Runtime---
Runtime in K cycles: 1,501.06
Microseconds: 1,501.06
Time per iteration (ms): 1.50

---Throughput---
GOP/s (aka OPS/ns): 971.87
GOP/s per core: 3.80
GFLOP/s: 307.98
GFLOP/s per core: 1.20
Max Peak GFLOP/s: 4,096.00
Avg. BW GB/s: 5,964.62
Max BW GB/s: 16,384.00

---Traffic---
In-Die bisection_bytes BW (GB/s): 256.00
Inter-board traffic (msg/ns): 0.00, per-link: 0.00
Inter-pack traffic (msg/ns): 0.00, per-link: 0.00
Inter-die traffic (msg/ns): 149.70, per-link: 0.58
Ruche traffic (msg/ns): 414.63, per-link: 1.62
All traffic (msg/ns): 1,965.63, per-link: 7.68
Inter-die reduction wrt all: 13.13
Inter-board reduction wrt inter-die: inf

---Data Movement---
All traffic (msg): 2,950,534,418
Arith. Intensity FLOP/Loads: 0.38
Arith. Intensity FLOP/Msgs: 0.16
Arith. Intensity OPS/Loads: 1.18
Arith. Intensity OPS/Msgs: 0.49



===Core Utilization Total=== CORE-S:15;; TIME K cy:1,500 ;; Nodes Proc: 1,319,150 -- Edges Proc: 29,900,825

===PRINTING FRAME STATS

FCollision In Avg:94, SD:38, Max:178, Min:20
FCollision Out Avg:35, SD:29, Max:146, Min:2
FCollision End Avg:5, SD:20, Max:98, Min:0
FTask1 Avg:53, SD:29, Max:161, Min:0
FTask2 Avg:395, SD:159, Max:900, Min:0
FTask3 Avg:353, SD:31, Max:444, Min:278
FCore Active Avg:51, SD:10, Max:79, Min:23
FRouter Active Avg:88, SD:6, Max:95, Min:67
T1 invocations: 353,524
T2 invocations: 543,753
T3 invocations: 16,580,831
T3b invocations: 0
Total3 invocations: 16,580,831
Total4 invocations: 50,889

T3/T2 ratio: 30
T3b/T3 ratio: 0

T1 avg ex cycles: 38
T2 avg ex cycles: 186
T3&b avg ex cycles: 5
T4 avg ex cycles: 86
Avg. hops NOC1: 1
Avg. latency NOC1 (T2): 5,627
Avg. hops NOC2: 6
Avg. latency NOC2 (T3): 10,905

===PRINTING ACUM STATS at pu_cycles: 1,600,563

ACollision In Avg:118, SD:28, Max:210, Min:52
ACollision Out Avg:55, SD:35, Max:169, Min:8
ACollision End Avg:9, SD:22, Max:97, Min:0
ATask1 Avg:37, SD:21, Max:68, Min:0
ATask2 Avg:377, SD:106, Max:588, Min:0
ATask3 Avg:356, SD:26, Max:432, Min:299
ACore Active Avg:49, SD:8, Max:67, Min:27
ARouter Active Avg:87, SD:4, Max:93, Min:73
T1 invocations: 3,842,981
T2 invocations: 6,866,940
T3 invocations: 246,564,913
T3b invocations: 0
Total3 invocations: 246,564,913
Total4 invocations: 223,856

T3/T2 ratio: 36
T3b/T3 ratio: 0

T1 avg ex cycles: 40
T2 avg ex cycles: 225
T3&b avg ex cycles: 6
T4 avg ex cycles: 174
Avg. hops NOC1: 1
Avg. latency NOC1 (T2): 14,175
Avg. hops NOC2: 6
Avg. latency NOC2 (T3): 21,858
Number of K Nodes Processed: 10,869
Number of K Edges Processed: 248,474
Node Re-explore factor: 2.59
Edge Re-explore factor: 1.94
Nodes/cy: 7
Edges/cy: 155
TEPS: 80

---DCache---
DCache Size: 1,036,240
DRAM words: 0
  DHits: 0
  DMisses: 0

---Energy---
Leakage Energy (nJ): 2,424,298
PU Dyn E (nJ): 16,133,965
Mem Dyn E (nJ): 197,284,996
Route Dyn E (nJ): 48,533,879
Dynamic Energy (nJ): 261,952,840
Ratio of Dyn/Leak: 108
Total Energy (nJ): 264,377,138
Total Energy (nJ) 3D: 287,621,062
Cores Energy (nJ): 16,151,782
Route Energy (nJ): 49,013,538
Route Energy (nJ) 3D: 72,257,462
Mem Energy   (nJ): 199,211,818
Mem Energy   (nJ) 3D: 199,211,818
Avg. Power (mW): 165,177.59
Power Density (mW/mm2): 28.75

---Runtime---
Runtime in K cycles: 1,600.56
Microseconds: 1,600.56
Time per iteration (ms): 1.60

---Throughput---
GOP/s (aka OPS/ns): 976.15
GOP/s per core: 3.81
GFLOP/s: 309.05
GFLOP/s per core: 1.21
Max Peak GFLOP/s: 4,096.00
Avg. BW GB/s: 5,981.71
Max BW GB/s: 16,384.00

---Traffic---
In-Die bisection_bytes BW (GB/s): 256.00
Inter-board traffic (msg/ns): 0.00, per-link: 0.00
Inter-pack traffic (msg/ns): 0.00, per-link: 0.00
Inter-die traffic (msg/ns): 149.25, per-link: 0.58
Ruche traffic (msg/ns): 418.35, per-link: 1.63
All traffic (msg/ns): 1,971.47, per-link: 7.70
Inter-die reduction wrt all: 13.21
Inter-board reduction wrt inter-die: inf

---Data Movement---
All traffic (msg): 3,155,457,987
Arith. Intensity FLOP/Loads: 0.38
Arith. Intensity FLOP/Msgs: 0.16
Arith. Intensity OPS/Loads: 1.19
Arith. Intensity OPS/Msgs: 0.50



===Core Utilization Total=== CORE-S:16;; TIME K cy:1,600 ;; Nodes Proc: 1,359,549 -- Edges Proc: 31,876,093

===PRINTING FRAME STATS

FCollision In Avg:99, SD:37, Max:166, Min:21
FCollision Out Avg:40, SD:28, Max:150, Min:3
FCollision End Avg:4, SD:19, Max:98, Min:0
FTask1 Avg:53, SD:33, Max:202, Min:0
FTask2 Avg:387, SD:141, Max:819, Min:0
FTask3 Avg:335, SD:30, Max:480, Min:271
FCore Active Avg:49, SD:9, Max:74, Min:23
FRouter Active Avg:86, SD:6, Max:94, Min:67
T1 invocations: 356,592
T2 invocations: 536,243
T3 invocations: 15,759,966
T3b invocations: 0
Total3 invocations: 15,759,966
Total4 invocations: 43,597

T3/T2 ratio: 29
T3b/T3 ratio: 0

T1 avg ex cycles: 38
T2 avg ex cycles: 185
T3&b avg ex cycles: 5
T4 avg ex cycles: 100
Avg. hops NOC1: 1
Avg. latency NOC1 (T2): 5,263
Avg. hops NOC2: 6
Avg. latency NOC2 (T3): 10,021

===PRINTING ACUM STATS at pu_cycles: 1,700,985

ACollision In Avg:116, SD:28, Max:207, Min:51
ACollision Out Avg:54, SD:34, Max:167, Min:7
ACollision End Avg:9, SD:21, Max:97, Min:0
ATask1 Avg:38, SD:19, Max:67, Min:0
ATask2 Avg:378, SD:101, Max:573, Min:3
ATask3 Avg:355, SD:26, Max:431, Min:298
ACore Active Avg:49, SD:7, Max:66, Min:26
ARouter Active Avg:87, SD:4, Max:93, Min:73
T1 invocations: 4,206,180
T2 invocations: 7,411,547
T3 invocations: 262,527,009
T3b invocations: 0
Total3 invocations: 262,527,009
Total4 invocations: 267,695

T3/T2 ratio: 35
T3b/T3 ratio: 0

T1 avg ex cycles: 40
T2 avg ex cycles: 222
T3&b avg ex cycles: 6
T4 avg ex cycles: 162
Avg. hops NOC1: 1
Avg. latency NOC1 (T2): 13,516
Avg. hops NOC2: 6
Avg. latency NOC2 (T3): 21,139
Number of K Nodes Processed: 11,174
Number of K Edges Processed: 264,263
Node Re-explore factor: 2.66
Edge Re-explore factor: 2.06
Nodes/cy: 7
Edges/cy: 155
TEPS: 75

---DCache---
DCache Size: 1,036,240
DRAM words: 0
  DHits: 0
  DMisses: 0

---Energy---
Leakage Energy (nJ): 2,576,402
PU Dyn E (nJ): 17,186,898
Mem Dyn E (nJ): 209,942,513
Route Dyn E (nJ): 51,608,503
Dynamic Energy (nJ): 278,737,913
Ratio of Dyn/Leak: 108
Total Energy (nJ): 281,314,315
Total Energy (nJ) 3D: 306,018,080
Cores Energy (nJ): 17,205,833
Route Energy (nJ): 52,118,257
Route Energy (nJ) 3D: 76,822,021
Mem Energy   (nJ): 211,990,226
Mem Energy   (nJ) 3D: 211,990,226
Avg. Power (mW): 165,383.18
Power Density (mW/mm2): 28.78

---Runtime---
Runtime in K cycles: 1,700.98
Microseconds: 1,700.98
Time per iteration (ms): 1.70

---Throughput---
GOP/s (aka OPS/ns): 979.07
GOP/s per core: 3.82
GFLOP/s: 309.63
GFLOP/s per core: 1.21
Max Peak GFLOP/s: 4,096.00
Avg. BW GB/s: 5,989.70
Max BW GB/s: 16,384.00

---Traffic---
In-Die bisection_bytes BW (GB/s): 256.00
Inter-board traffic (msg/ns): 0.00, per-link: 0.00
Inter-pack traffic (msg/ns): 0.00, per-link: 0.00
Inter-die traffic (msg/ns): 148.65, per-link: 0.58
Ruche traffic (msg/ns): 419.86, per-link: 1.64
All traffic (msg/ns): 1,973.21, per-link: 7.71
Inter-die reduction wrt all: 13.27
Inter-board reduction wrt inter-die: inf

---Data Movement---
All traffic (msg): 3,356,409,090
Arith. Intensity FLOP/Loads: 0.38
Arith. Intensity FLOP/Msgs: 0.16
Arith. Intensity OPS/Loads: 1.19
Arith. Intensity OPS/Msgs: 0.50



===Core Utilization Total=== CORE-S:17;; TIME K cy:1,700 ;; Nodes Proc: 1,397,469 -- Edges Proc: 33,892,147

===PRINTING FRAME STATS

FCollision In Avg:86, SD:35, Max:154, Min:14
FCollision Out Avg:31, SD:27, Max:141, Min:2
FCollision End Avg:5, SD:19, Max:98, Min:0
FTask1 Avg:64, SD:40, Max:239, Min:0
FTask2 Avg:415, SD:163, Max:896, Min:0
FTask3 Avg:361, SD:34, Max:463, Min:228
FCore Active Avg:54, SD:11, Max:81, Min:25
FRouter Active Avg:89, SD:5, Max:96, Min:71
T1 invocations: 436,289
T2 invocations: 621,529
T3 invocations: 17,032,450
T3b invocations: 0
Total3 invocations: 17,032,450
Total4 invocations: 62,988

T3/T2 ratio: 27
T3b/T3 ratio: 0

T1 avg ex cycles: 38
T2 avg ex cycles: 171
T3&b avg ex cycles: 5
T4 avg ex cycles: 87
Avg. hops NOC1: 1
Avg. latency NOC1 (T2): 4,496
Avg. hops NOC2: 6
Avg. latency NOC2 (T3): 9,317

===PRINTING ACUM STATS at pu_cycles: 1,800,943

ACollision In Avg:115, SD:28, Max:200, Min:51
ACollision Out Avg:52, SD:33, Max:162, Min:7
ACollision End Avg:9, SD:20, Max:97, Min:0
ATask1 Avg:40, SD:18, Max:66, Min:0
ATask2 Avg:380, SD:94, Max:554, Min:3
ATask3 Avg:355, SD:27, Max:433, Min:297
ACore Active Avg:49, SD:7, Max:65, Min:26
ARouter Active Avg:87, SD:4, Max:93, Min:73
T1 invocations: 4,644,740
T2 invocations: 8,036,296
T3 invocations: 279,670,709
T3b invocations: 0
Total3 invocations: 279,670,709
Total4 invocations: 331,779

T3/T2 ratio: 35
T3b/T3 ratio: 0

T1 avg ex cycles: 39
T2 avg ex cycles: 218
T3&b avg ex cycles: 6
T4 avg ex cycles: 148
Avg. hops NOC1: 1
Avg. latency NOC1 (T2): 12,813
Avg. hops NOC2: 6
Avg. latency NOC2 (T3): 20,414
Number of K Nodes Processed: 11,478
Number of K Edges Processed: 281,162
Node Re-explore factor: 2.74
Edge Re-explore factor: 2.19
Nodes/cy: 6
Edges/cy: 156
TEPS: 71

---DCache---
DCache Size: 1,036,240
DRAM words: 0
  DHits: 0
  DMisses: 0

---Energy---
Leakage Energy (nJ): 2,727,804
PU Dyn E (nJ): 18,319,593
Mem Dyn E (nJ): 223,487,413
Route Dyn E (nJ): 54,909,918
Dynamic Energy (nJ): 296,716,923
Ratio of Dyn/Leak: 109
Total Energy (nJ): 299,444,727
Total Energy (nJ) 3D: 325,710,465
Cores Energy (nJ): 18,339,641
Route Energy (nJ): 55,449,627
Route Energy (nJ) 3D: 81,715,365
Mem Energy   (nJ): 225,655,460
Mem Energy   (nJ) 3D: 225,655,460
Avg. Power (mW): 166,271.07
Power Density (mW/mm2): 28.94

---Runtime---
Runtime in K cycles: 1,800.94
Microseconds: 1,800.94
Time per iteration (ms): 1.80

---Throughput---
GOP/s (aka OPS/ns): 986.98
GOP/s per core: 3.86
GFLOP/s: 311.39
GFLOP/s per core: 1.22
Max Peak GFLOP/s: 4,096.00
Avg. BW GB/s: 6,022.27
Max BW GB/s: 16,384.00

---Traffic---
In-Die bisection_bytes BW (GB/s): 256.00
Inter-board traffic (msg/ns): 0.00, per-link: 0.00
Inter-pack traffic (msg/ns): 0.00, per-link: 0.00
Inter-die traffic (msg/ns): 148.71, per-link: 0.58
Ruche traffic (msg/ns): 423.38, per-link: 1.65
All traffic (msg/ns): 1,983.59, per-link: 7.75
Inter-die reduction wrt all: 13.34
Inter-board reduction wrt inter-die: inf

---Data Movement---
All traffic (msg): 3,572,328,451
Arith. Intensity FLOP/Loads: 0.38
Arith. Intensity FLOP/Msgs: 0.16
Arith. Intensity OPS/Loads: 1.19
Arith. Intensity OPS/Msgs: 0.50



===Core Utilization Total=== CORE-S:18;; TIME K cy:1,800 ;; Nodes Proc: 1,435,459 -- Edges Proc: 36,094,259

===PRINTING FRAME STATS

FCollision In Avg:72, SD:34, Max:143, Min:13
FCollision Out Avg:27, SD:25, Max:140, Min:1
FCollision End Avg:4, SD:17, Max:97, Min:0
FTask1 Avg:63, SD:40, Max:201, Min:0
FTask2 Avg:373, SD:178, Max:928, Min:0
FTask3 Avg:330, SD:32, Max:492, Min:261
FCore Active Avg:49, SD:12, Max:79, Min:24
FRouter Active Avg:85, SD:7, Max:94, Min:61
T1 invocations: 430,033
T2 invocations: 594,789
T3 invocations: 15,574,004
T3b invocations: 0
Total3 invocations: 15,574,004
Total4 invocations: 79,843

T3/T2 ratio: 26
T3b/T3 ratio: 0

T1 avg ex cycles: 37
T2 avg ex cycles: 160
T3&b avg ex cycles: 5
T4 avg ex cycles: 72
Avg. hops NOC1: 1
Avg. latency NOC1 (T2): 3,946
Avg. hops NOC2: 6
Avg. latency NOC2 (T3): 8,369

===PRINTING ACUM STATS at pu_cycles: 1,901,126

ACollision In Avg:113, SD:28, Max:192, Min:51
ACollision Out Avg:51, SD:32, Max:155, Min:7
ACollision End Avg:8, SD:20, Max:93, Min:0
ATask1 Avg:41, SD:16, Max:64, Min:0
ATask2 Avg:380, SD:87, Max:538, Min:3
ATask3 Avg:354, SD:27, Max:432, Min:296
ACore Active Avg:49, SD:6, Max:64, Min:26
ARouter Active Avg:87, SD:4, Max:93, Min:74
T1 invocations: 5,072,405
T2 invocations: 8,628,360
T3 invocations: 295,186,586
T3b invocations: 0
Total3 invocations: 295,186,586
Total4 invocations: 411,585

T3/T2 ratio: 34
T3b/T3 ratio: 0

T1 avg ex cycles: 39
T2 avg ex cycles: 214
T3&b avg ex cycles: 6
T4 avg ex cycles: 133
Avg. hops NOC1: 1
Avg. latency NOC1 (T2): 12,206
Avg. hops NOC2: 6
Avg. latency NOC2 (T3): 19,781
Number of K Nodes Processed: 11,744
Number of K Edges Processed: 296,264
Node Re-explore factor: 2.80
Edge Re-explore factor: 2.31
Nodes/cy: 6
Edges/cy: 156
TEPS: 67

---DCache---
DCache Size: 1,036,240
DRAM words: 0
  DHits: 0
  DMisses: 0

---Energy---
Leakage Energy (nJ): 2,879,546
PU Dyn E (nJ): 19,343,155
Mem Dyn E (nJ): 235,676,053
Route Dyn E (nJ): 57,857,894
Dynamic Energy (nJ): 312,877,103
Ratio of Dyn/Leak: 109
Total Energy (nJ): 315,756,649
Total Energy (nJ) 3D: 343,404,354
Cores Energy (nJ): 19,364,319
Route Energy (nJ): 58,427,626
Route Energy (nJ) 3D: 86,075,332
Mem Energy   (nJ): 237,964,705
Mem Energy   (nJ) 3D: 237,964,705
Avg. Power (mW): 166,089.28
Power Density (mW/mm2): 28.91

---Runtime---
Runtime in K cycles: 1,901.13
Microseconds: 1,901.13
Time per iteration (ms): 1.90

---Throughput---
GOP/s (aka OPS/ns): 988.86
GOP/s per core: 3.86
GFLOP/s: 311.05
GFLOP/s per core: 1.22
Max Peak GFLOP/s: 4,096.00
Avg. BW GB/s: 6,016.08
Max BW GB/s: 16,384.00

---Traffic---
In-Die bisection_bytes BW (GB/s): 256.00
Inter-board traffic (msg/ns): 0.00, per-link: 0.00
Inter-pack traffic (msg/ns): 0.00, per-link: 0.00
Inter-die traffic (msg/ns): 147.88, per-link: 0.58
Ruche traffic (msg/ns): 424.31, per-link: 1.66
All traffic (msg/ns): 1,980.77, per-link: 7.74
Inter-die reduction wrt all: 13.39
Inter-board reduction wrt inter-die: inf

---Data Movement---
All traffic (msg): 3,765,689,757
Arith. Intensity FLOP/Loads: 0.38
Arith. Intensity FLOP/Msgs: 0.16
Arith. Intensity OPS/Loads: 1.19
Arith. Intensity OPS/Msgs: 0.50



===Core Utilization Total=== CORE-S:19;; TIME K cy:1,900 ;; Nodes Proc: 1,468,784 -- Edges Proc: 37,757,399

===PRINTING FRAME STATS

FCollision In Avg:49, SD:26, Max:123, Min:12
FCollision Out Avg:17, SD:18, Max:126, Min:1
FCollision End Avg:3, SD:14, Max:96, Min:0
FTask1 Avg:54, SD:44, Max:235, Min:0
FTask2 Avg:326, SD:212, Max:1,339, Min:0
FTask3 Avg:291, SD:27, Max:400, Min:194
FCore Active Avg:43, SD:14, Max:100, Min:20
FRouter Active Avg:81, SD:9, Max:96, Min:57
T1 invocations: 373,220
T2 invocations: 524,006
T3 invocations: 13,679,299
T3b invocations: 0
Total3 invocations: 13,679,299
Total4 invocations: 102,687

T3/T2 ratio: 26
T3b/T3 ratio: 0

T1 avg ex cycles: 37
T2 avg ex cycles: 159
T3&b avg ex cycles: 5
T4 avg ex cycles: 55
Avg. hops NOC1: 1
Avg. latency NOC1 (T2): 4,247
Avg. hops NOC2: 6
Avg. latency NOC2 (T3): 7,499

===PRINTING ACUM STATS at pu_cycles: 2,000,864

ACollision In Avg:109, SD:27, Max:185, Min:49
ACollision Out Avg:49, SD:31, Max:148, Min:7
ACollision End Avg:8, SD:19, Max:88, Min:0
ATask1 Avg:42, SD:14, Max:63, Min:0
ATask2 Avg:377, SD:80, Max:520, Min:3
ATask3 Avg:351, SD:27, Max:429, Min:293
ACore Active Avg:49, SD:6, Max:62, Min:26
ARouter Active Avg:87, SD:4, Max:93, Min:73
T1 invocations: 5,436,154
T2 invocations: 9,130,905
T3 invocations: 308,275,954
T3b invocations: 0
Total3 invocations: 308,275,954
Total4 invocations: 511,546

T3/T2 ratio: 34
T3b/T3 ratio: 0

T1 avg ex cycles: 39
T2 avg ex cycles: 211
T3&b avg ex cycles: 6
T4 avg ex cycles: 118
Avg. hops NOC1: 1
Avg. latency NOC1 (T2): 11,735
Avg. hops NOC2: 6
Avg. latency NOC2 (T3): 19,258
Number of K Nodes Processed: 11,975
Number of K Edges Processed: 309,468
Node Re-explore factor: 2.86
Edge Re-explore factor: 2.41
Nodes/cy: 6
Edges/cy: 155
TEPS: 64

---DCache---
DCache Size: 1,036,240
DRAM words: 0
  DHits: 0
  DMisses: 0

---Energy---
Leakage Energy (nJ): 3,030,615
PU Dyn E (nJ): 20,206,549
Mem Dyn E (nJ): 245,940,045
Route Dyn E (nJ): 60,347,080
Dynamic Energy (nJ): 326,493,674
Ratio of Dyn/Leak: 108
Total Energy (nJ): 329,524,289
Total Energy (nJ) 3D: 358,308,152
Cores Energy (nJ): 20,228,823
Route Energy (nJ): 60,946,702
Route Energy (nJ) 3D: 89,730,564
Mem Energy   (nJ): 248,348,765
Mem Energy   (nJ) 3D: 248,348,765
Avg. Power (mW): 164,691.00
Power Density (mW/mm2): 28.66

---Runtime---
Runtime in K cycles: 2,000.86
Microseconds: 2,000.86
Time per iteration (ms): 2.00

---Throughput---
GOP/s (aka OPS/ns): 983.03
GOP/s per core: 3.84
GFLOP/s: 308.36
GFLOP/s per core: 1.20
Max Peak GFLOP/s: 4,096.00
Avg. BW GB/s: 5,965.17
Max BW GB/s: 16,384.00

---Traffic---
In-Die bisection_bytes BW (GB/s): 256.00
Inter-board traffic (msg/ns): 0.00, per-link: 0.00
Inter-pack traffic (msg/ns): 0.00, per-link: 0.00
Inter-die traffic (msg/ns): 146.10, per-link: 0.57
Ruche traffic (msg/ns): 423.03, per-link: 1.65
All traffic (msg/ns): 1,963.67, per-link: 7.67
Inter-die reduction wrt all: 13.44
Inter-board reduction wrt inter-die: inf

---Data Movement---
All traffic (msg): 3,929,038,732
Arith. Intensity FLOP/Loads: 0.38
Arith. Intensity FLOP/Msgs: 0.16
Arith. Intensity OPS/Loads: 1.20
Arith. Intensity OPS/Msgs: 0.50



===Core Utilization Total=== CORE-S:20;; TIME K cy:2,000 ;; Nodes Proc: 1,497,746 -- Edges Proc: 39,179,099
======== IT IS COLD ======= Only 14 Tiles active

===PRINTING FRAME STATS

FCollision In Avg:12, SD:16, Max:99, Min:2
FCollision Out Avg:5, SD:15, Max:96, Min:0
FCollision End Avg:3, SD:15, Max:95, Min:0
FTask1 Avg:27, SD:38, Max:303, Min:0
FTask2 Avg:167, SD:256, Max:1,530, Min:0
FTask3 Avg:147, SD:24, Max:322, Min:44
FCore Active Avg:22, SD:16, Max:100, Min:11
FRouter Active Avg:56, SD:16, Max:99, Min:27
T1 invocations: 187,141
T2 invocations: 259,892
T3 invocations: 6,911,127
T3b invocations: 0
Total3 invocations: 6,911,127
Total4 invocations: 84,869

T3/T2 ratio: 27
T3b/T3 ratio: 0

T1 avg ex cycles: 37
T2 avg ex cycles: 165
T3&b avg ex cycles: 5
T4 avg ex cycles: 37
Avg. hops NOC1: 2
Avg. latency NOC1 (T2): 7,187
Avg. hops NOC2: 6
Avg. latency NOC2 (T3): 9,805

===PRINTING ACUM STATS at pu_cycles: 2,100,648

ACollision In Avg:105, SD:26, Max:177, Min:47
ACollision Out Avg:47, SD:30, Max:142, Min:7
ACollision End Avg:8, SD:18, Max:84, Min:0
ATask1 Avg:41, SD:12, Max:61, Min:6
ATask2 Avg:367, SD:67, Max:499, Min:70
ATask3 Avg:341, SD:26, Max:417, Min:284
ACore Active Avg:48, SD:5, Max:60, Min:28
ARouter Active Avg:85, SD:4, Max:91, Min:74
T1 invocations: 5,645,429
T2 invocations: 9,415,350
T3 invocations: 315,614,149
T3b invocations: 0
Total3 invocations: 315,614,149
Total4 invocations: 598,646

T3/T2 ratio: 34
T3b/T3 ratio: 0

T1 avg ex cycles: 39
T2 avg ex cycles: 210
T3&b avg ex cycles: 6
T4 avg ex cycles: 106
Avg. hops NOC1: 1
Avg. latency NOC1 (T2): 11,585
Avg. hops NOC2: 6
Avg. latency NOC2 (T3): 19,034
Number of K Nodes Processed: 12,090
Number of K Edges Processed: 316,259
Node Re-explore factor: 2.88
Edge Re-explore factor: 2.46
Nodes/cy: 6
Edges/cy: 151
TEPS: 61

---DCache---
DCache Size: 1,036,240
DRAM words: 0
  DHits: 0
  DMisses: 0

---Energy---
Leakage Energy (nJ): 3,181,753
PU Dyn E (nJ): 20,706,114
Mem Dyn E (nJ): 251,869,619
Route Dyn E (nJ): 61,721,380
Dynamic Energy (nJ): 334,297,113
Ratio of Dyn/Leak: 105
Total Energy (nJ): 337,478,866
Total Energy (nJ) 3D: 366,914,893
Cores Energy (nJ): 20,729,498
Route Energy (nJ): 62,350,905
Route Energy (nJ) 3D: 91,786,932
Mem Energy   (nJ): 254,398,463
Mem Energy   (nJ) 3D: 254,398,463
Avg. Power (mW): 160,654.65
Power Density (mW/mm2): 27.96

---Runtime---
Runtime in K cycles: 2,100.65
Microseconds: 2,100.65
Time per iteration (ms): 2.10

---Throughput---
GOP/s (aka OPS/ns): 960.26
GOP/s per core: 3.75
GFLOP/s: 300.78
GFLOP/s per core: 1.17
Max Peak GFLOP/s: 4,096.00
Avg. BW GB/s: 5,818.81
Max BW GB/s: 16,384.00

---Traffic---
In-Die bisection_bytes BW (GB/s): 256.00
Inter-board traffic (msg/ns): 0.00, per-link: 0.00
Inter-pack traffic (msg/ns): 0.00, per-link: 0.00
Inter-die traffic (msg/ns): 141.63, per-link: 0.55
Ruche traffic (msg/ns): 412.93, per-link: 1.61
All traffic (msg/ns): 1,913.41, per-link: 7.47
Inter-die reduction wrt all: 13.51
Inter-board reduction wrt inter-die: inf

---Data Movement---
All traffic (msg): 4,019,391,169
Arith. Intensity FLOP/Loads: 0.38
Arith. Intensity FLOP/Msgs: 0.16
Arith. Intensity OPS/Loads: 1.20
Arith. Intensity OPS/Msgs: 0.50



===Core Utilization Total=== CORE-S:21;; TIME K cy:2,100 ;; Nodes Proc: 1,512,244 -- Edges Proc: 40,110,247
======== IT IS COLD ======= Only 14 Tiles active

===PRINTING FRAME STATS

FCollision In Avg:3, SD:11, Max:91, Min:0
FCollision Out Avg:2, SD:11, Max:94, Min:0
FCollision End Avg:2, SD:11, Max:94, Min:0
FTask1 Avg:12, SD:25, Max:219, Min:0
FTask2 Avg:70, SD:174, Max:1,275, Min:2
FTask3 Avg:69, SD:13, Max:174, Min:53
FCore Active Avg:10, SD:12, Max:89, Min:5
FRouter Active Avg:31, SD:16, Max:100, Min:12
T1 invocations: 84,760
T2 invocations: 120,758
T3 invocations: 3,225,321
T3b invocations: 0
Total3 invocations: 3,225,321
Total4 invocations: 42,875

T3/T2 ratio: 27
T3b/T3 ratio: 0

T1 avg ex cycles: 37
T2 avg ex cycles: 148
T3&b avg ex cycles: 5
T4 avg ex cycles: 34
Avg. hops NOC1: 2
Avg. latency NOC1 (T2): 8,654
Avg. hops NOC2: 6
Avg. latency NOC2 (T3): 14,053

===PRINTING ACUM STATS at pu_cycles: 2,200,386

ACollision In Avg:100, SD:25, Max:169, Min:45
ACollision Out Avg:45, SD:28, Max:135, Min:6
ACollision End Avg:8, SD:17, Max:80, Min:0
ATask1 Avg:40, SD:11, Max:58, Min:13
ATask2 Avg:353, SD:60, Max:478, Min:123
ATask3 Avg:328, SD:25, Max:402, Min:274
ACore Active Avg:46, SD:5, Max:57, Min:31
ARouter Active Avg:83, SD:4, Max:89, Min:71
T1 invocations: 5,731,036
T2 invocations: 9,537,355
T3 invocations: 318,893,286
T3b invocations: 0
Total3 invocations: 318,893,286
Total4 invocations: 642,200

T3/T2 ratio: 33
T3b/T3 ratio: 0

T1 avg ex cycles: 39
T2 avg ex cycles: 209
T3&b avg ex cycles: 6
T4 avg ex cycles: 101
Avg. hops NOC1: 1
Avg. latency NOC1 (T2): 11,546
Avg. hops NOC2: 6
Avg. latency NOC2 (T3): 18,982
Number of K Nodes Processed: 12,141
Number of K Edges Processed: 319,062
Node Re-explore factor: 2.89
Edge Re-explore factor: 2.49
Nodes/cy: 6
Edges/cy: 145
TEPS: 58

---DCache---
DCache Size: 1,036,240
DRAM words: 0
  DHits: 0
  DMisses: 0

---Energy---
Leakage Energy (nJ): 3,332,821
PU Dyn E (nJ): 20,913,789
Mem Dyn E (nJ): 254,342,468
Route Dyn E (nJ): 62,305,660
Dynamic Energy (nJ): 337,561,917
Ratio of Dyn/Leak: 101
Total Energy (nJ): 340,894,738
Total Energy (nJ) 3D: 370,596,081
Cores Energy (nJ): 20,938,284
Route Energy (nJ): 62,965,075
Route Energy (nJ) 3D: 92,666,418
Mem Energy   (nJ): 256,991,380
Mem Energy   (nJ) 3D: 256,991,380
Avg. Power (mW): 154,924.97
Power Density (mW/mm2): 26.96

---Runtime---
Runtime in K cycles: 2,200.39
Microseconds: 2,200.39
Time per iteration (ms): 2.20

---Throughput---
GOP/s (aka OPS/ns): 926.31
GOP/s per core: 3.62
GFLOP/s: 289.93
GFLOP/s per core: 1.13
Max Peak GFLOP/s: 4,096.00
Avg. BW GB/s: 5,609.61
Max BW GB/s: 16,384.00

---Traffic---
In-Die bisection_bytes BW (GB/s): 256.00
Inter-board traffic (msg/ns): 0.00, per-link: 0.00
Inter-pack traffic (msg/ns): 0.00, per-link: 0.00
Inter-die traffic (msg/ns): 136.26, per-link: 0.53
Ruche traffic (msg/ns): 398.65, per-link: 1.56
All traffic (msg/ns): 1,844.30, per-link: 7.20
Inter-die reduction wrt all: 13.54
Inter-board reduction wrt inter-die: inf

---Data Movement---
All traffic (msg): 4,058,163,474
Arith. Intensity FLOP/Loads: 0.37
Arith. Intensity FLOP/Msgs: 0.16
Arith. Intensity OPS/Loads: 1.20
Arith. Intensity OPS/Msgs: 0.50



===Core Utilization Total=== CORE-S:22;; TIME K cy:2,200 ;; Nodes Proc: 1,518,521 -- Edges Proc: 40,407,154
======== IT IS COLD ======= Only 1 Tiles active
Epoch Done Router: 0
Epoch Done Router: 3
Epoch Done Router: 5
Epoch Done Router: 4
Epoch Done Router: 1
Epoch Done Router: 6
Epoch Done Router: 7
Epoch Done Router: 2
##EPOCH## 1 COMPLETED at Time (K cy): 2,289
Nodes processed until now: 12,159,659
Edges processed until now: 319,969,368
Program Done Worker Thread: 0
Program Done Router Thread: 3
Program Done Router Thread: 7
Program Done Worker Thread: 6
Program Done Worker Thread: 4
Program Done Worker Thread: 3
Program Done Router Thread: 2
Program Done Worker Thread: 1
Program Done Router Thread: 6
Program Done Worker Thread: 5
Program Done Router Thread: 4
Program Done Worker Thread: 2
Program Done Worker Thread: 7
Program Done Router Thread: 1
Program Done Router Thread: 5
Program Done Router Thread: 0

===PRINTING ACUM STATS at pu_cycles: 2,289,817

ACollision In Avg:96, SD:24, Max:162, Min:43
ACollision Out Avg:43, SD:27, Max:130, Min:6
ACollision End Avg:7, SD:17, Max:77, Min:0
ATask1 Avg:38, SD:11, Max:56, Min:17
ATask2 Avg:341, SD:57, Max:460, Min:141
ATask3 Avg:317, SD:24, Max:387, Min:264
ACore Active Avg:44, SD:4, Max:55, Min:32
ARouter Active Avg:80, SD:4, Max:88, Min:69
T1 invocations: 5,754,770
T2 invocations: 9,573,182
T3 invocations: 319,969,368
T3b invocations: 0
Total3 invocations: 319,969,368
Total4 invocations: 657,763

T3/T2 ratio: 33
T3b/T3 ratio: 0

T1 avg ex cycles: 39
T2 avg ex cycles: 209
T3&b avg ex cycles: 6
T4 avg ex cycles: 100
Avg. hops NOC1: 1
Avg. latency NOC1 (T2): 11,525
Avg. hops NOC2: 6
Avg. latency NOC2 (T3): 18,950

Runtime at program end in K cycles: 2,289
Runtime before cooldown in K cycles: 1,901


Number of K Nodes Processed: 12,159
Number of K Edges Processed: 319,969
Node Re-explore factor: 2.90
Edge Re-explore factor: 2.49
Nodes/cy: 5
Edges/cy: 140
TEPS: 56

---DCache---
DCache Size: 1,036,240
DRAM words: 0
  DHits: 0
  DMisses: 0

---Energy---
Leakage Energy (nJ): 3,468,278
PU Dyn E (nJ): 20,980,488
Mem Dyn E (nJ): 255,141,540
Route Dyn E (nJ): 62,502,518
Dynamic Energy (nJ): 338,624,547
Ratio of Dyn/Leak: 98
Total Energy (nJ): 342,092,825
Total Energy (nJ) 3D: 371,882,596
Cores Energy (nJ): 21,005,979
Route Energy (nJ): 63,188,734
Route Energy (nJ) 3D: 92,978,505
Mem Energy   (nJ): 257,898,113
Mem Energy   (nJ) 3D: 257,898,113
Avg. Power (mW): 149,397.45
Power Density (mW/mm2): 26.00

---Runtime---
Runtime in K cycles: 2,289.82
Microseconds: 2,289.82
Time per iteration (ms): 2.29

---Inst---
K Loads: 1,706,997
K Stores: 1,388,527
K Instructions: 2,044,938

---Throughput---
GOP/s (aka OPS/ns): 893.06
GOP/s per core: 3.49
GFLOP/s: 279.47
GFLOP/s per core: 1.09
Max Peak GFLOP/s: 4,096.00
Avg. BW GB/s: 5,407.46
Max BW GB/s: 16,384.00

---Traffic---
In-Die bisection_bytes BW (GB/s): 256.00
Inter-board traffic (msg/ns): 0.00, per-link: 0.00
Inter-pack traffic (msg/ns): 0.00, per-link: 0.00
Inter-die traffic (msg/ns): 131.28, per-link: 0.51
Ruche traffic (msg/ns): 384.54, per-link: 1.50
All traffic (msg/ns): 1,777.94, per-link: 6.95
Inter-die reduction wrt all: 13.54
Inter-board reduction wrt inter-die: inf

---Data Movement---
All traffic (msg): 4,071,156,483
Arith. Intensity FLOP/Loads: 0.37
Arith. Intensity FLOP/Msgs: 0.16
Arith. Intensity OPS/Loads: 1.20
Arith. Intensity OPS/Msgs: 0.50

Simulation time: 151.78
Sim time / DUT time: 16.18
Sim noc_cy/s: 30,173.30
Sim Msg/s: 26,823,151.50

Version 32

