Dataset:  Kron22/
Dry run: 0
Open Edge Count File succesfully
Edges Traversed BFS: 128309848
Found Vertices: 4194304, Edges: 128311436
avg degree 31
Array  Kron22/node_array.bin found
Malloc array of size 16777220 bytes
Readin array of size 16777216 bytes
Finished Reading Array Bytes
No reordering Array 32bit
Array  Kron22/edge_array.bin found
Malloc array of size 513245744 bytes
Readin array of size 513245744 bytes
Finished Reading Array Bytes
No reordering Array 32bit
Reading graph elapsed time: 0.156626s

Dataset Footprint: 505 MiB
Dataset Footprint per Board: 4240.44 Mb
Dataset injection time (ms): 0.258816
Max Dataset Footprint: 1026 MiB

Dataset footprint per tile: 505 KiB
Proxys footprint per tile: 0 KiB
Reserved SRAM per tile: 9 KiB

Ideal SRAM per tile: 514 KiB
reserved_words_for_dataset:104364
dataset_words_per_tile:129408
remaining_sram_words:521822
min_dcache_sram_words_required:129408
dataset_words_per_tile:129408
min_pcache_sram_words_required:0
proxys_words_per_tile:0
Dcache footprint ratio: 1
Dataset Cached: 0
DCache: 129408 words, lines: 8088, sets: 8088
Proxys Cached: 0
Pcache: 0 words, sets: 0
Node per tile: 4,096
Edge per tile: 125,305
GRID_X: 32
GRID_SIZE: 1,024
smt_per_tile: 4
noc_freq: 1
pu_freq: 1
RUCHE_X: 4
PROXY_W: 32
DIE_W: 8
DIE_H: 8
DIES: 16
BORDER_TILES_PER_DIE: 32
PACK_W: 32
PACK_H: 32
DIES_PACK_FACTOR: 4
DIES_PER_PACK: 16
PACKAGES: 1
BOARD_W: 32
BOARD_H: 32
BOARDS: 1
MUX_BUS: 1
DCACHE: 1
PCACHE: 0
PROXY_FACTOR: 1
CACHE_WAYS: 1
TORUS: 1
PHY_NOCS: 1
WIDE_NOC_ID: 0
NOC_CONF: 1
noc_width: 32
hbm_channel_bit_width: 512
ld_st_op_byte_width: 4
PROXY_ROUTING: 0
WITHIN_REGION: 0
WRITE_THROUGH: 0
ASSERT_MODE: 0
GLOBAL_BARRIER: 0
OQ flits: 6 ; 256 ; 2
IQ flits: 6 ; 2,048 ; 16
OQ messages: 2 ; 128 ; 1
IQ messages: 2 ; 1,024 ; 8
max_task2 size: 64
io_factor_t2: 8
io_factor_t3: 8
io_factor_t3b: 8

Active SRAM Storage per tile: 515 KiB
Total SRAM Storage per tile: 2,048 KiB
Agreggated SRAM Storage: 2,048 MiB

Active DRAM Storage per tile: 0 MiB
Total DRAM Storage per tile: 128 MiB
Agreggated DRAM Storage: 128 GiB

Inter-Die #links: 256
Inter-Die (Gbits): 8,192
Inter-Die (Gbits/mm): 245.576
Bisection BW of Board (Gbits): 8,192
Border IO #Dies: 16
Border IO Die BW (Gbits): 1,024
Off-Board BW Total (Gbits): 16,384
Off-Board BW Density (Gbits/mm): 72
Die side: 8.34 mm
Die border wire density: 245.58 Gbits/mm
HBM wire density: 491.15 Gbits/mm

Tiles per Die: 64 (8x8)
Tile Area: 0.76 mm2, side: 0.87 mm
- Core/Rout Area: 0.19 mm2
- SRAM Area: 0.57 mm2
- SRAM/Logic Ratio: 3.08x

Dies per Package: 16 (4x4)
Die Area: 69.55 mm2, side: 8.34 mm
- Tiles Area: 48.68 mm2
- PHY Area: 11.87 mm2
- MC Area: 9.00 mm2

Packages per Board: 1 (1x1)
Package Area: 3,192.77 mm2, side: 56.50 mm
- IOdie Area: 320.00 mm2
- Dies Area: 1,112.77 mm2
- HBM Area: 1,760.00 mm2

Boards: 1 (1x1)
Board Area: 3,192.77 mm2
Total Area: 3,192.77 mm2



ESTIMATED COST OF SILICON AND PACKAGING. ONLY VARIABLE, NO FIXED COSTS
Good dies per wafer 3d: 481
Good dies per wafer 2d: 802
--Dies 3D Cost: 201.15 $
--Dies 2.5D Cost: 120.64 $
--Dies 2D Cost: 120.64 $
--HBM Cost: 960.00 $
--IOdie Cost: 33.76 $
--Packaging Cost 3d: 41.27 $
--Packaging Cost 2.5d: 65.38 $
--Packaging Cost 2d: 23.16 $
SiP Cost 3d: 1,236.17 $
SiP Cost 2.5d: 1,179.78 $
SiP Cost 2d: 177.56 $
--Board Cost: 3.19 $
Total SiPs Cost 3d: 1,239.37 $
Total SiPs Cost 2.5d: 1,182.97 $
Total SiPs Cost 2d: 180.75 $

Perf counters initialized
Mesh connected
Cache structures initialized
proxys initialized
Dataset structures initialized


Starting Simulation
INIT epoch: 1
INIT epoch: 1
INIT epoch: 1
INIT epoch: 1
INIT epoch: 1
INIT epoch: 1
INIT epoch: 1
INIT epoch: 1

===PRINTING FRAME STATS

FCollision In Avg:-nan, SD:-nan, Max:221, Min:39
FCollision Out Avg:-nan, SD:-nan, Max:163, Min:13
FCollision End Avg:-nan, SD:-nan, Max:0, Min:0
FTask1 Avg:-nan, SD:-nan, Max:344, Min:8
FTask2 Avg:-nan, SD:-nan, Max:0, Min:0
FTask3 Avg:-nan, SD:-nan, Max:126, Min:38
FCore Active Avg:-nan, SD:-nan, Max:100, Min:14
FRouter Active Avg:-nan, SD:-nan, Max:99, Min:77
T1 invocations: 1,887,666
T2 invocations: 0
T3 invocations: 20,152,258
T3b invocations: 0
Total3 invocations: 20,152,258
Total4 invocations: 0

T3/T2 ratio: inf
T3b/T3 ratio: 0

T1 avg ex cycles: 96
T2 avg ex cycles: -nan
T3&b avg ex cycles: 3
T4 avg ex cycles: -nan
Avg. hops NOC1: -nan
Avg. latency NOC1 (T2): -nan
Avg. hops NOC2: 10
Avg. latency NOC2 (T3): 1,059

===PRINTING ACUM STATS at pu_cycles: 100,532

ACollision In Avg:-nan, SD:-nan, Max:221, Min:39
ACollision Out Avg:-nan, SD:-nan, Max:163, Min:13
ACollision End Avg:-nan, SD:-nan, Max:0, Min:0
ATask1 Avg:-nan, SD:-nan, Max:344, Min:8
ATask2 Avg:-nan, SD:-nan, Max:0, Min:0
ATask3 Avg:-nan, SD:-nan, Max:126, Min:38
ACore Active Avg:-nan, SD:-nan, Max:100, Min:14
ARouter Active Avg:-nan, SD:-nan, Max:99, Min:77
T1 invocations: 1,890,125
T2 invocations: 0
T3 invocations: 20,170,903
T3b invocations: 0
Total3 invocations: 20,170,903
Total4 invocations: 0

T3/T2 ratio: inf
T3b/T3 ratio: 0

T1 avg ex cycles: 96
T2 avg ex cycles: -nan
T3&b avg ex cycles: 3
T4 avg ex cycles: -nan
Avg. hops NOC1: -nan
Avg. latency NOC1 (T2): -nan
Avg. hops NOC2: 10
Avg. latency NOC2 (T3): 1,061
Number of K Nodes Processed: 20,753
Number of K Edges Processed: 20,753
Node Re-explore factor: 4.95
Edge Re-explore factor: 0.16
Nodes/cy: 206
Edges/cy: 206
TEPS: 1,276

---DCache---
DCache Size: 129,408
DRAM words: 0
  DHits: 0
  DMisses: 0

---Energy---
Leakage Energy (nJ): 38,504
PU Dyn E (nJ): 1,172,235
Mem Dyn E (nJ): 6,601,436
Route Dyn E (nJ): 2,862,489
Dynamic Energy (nJ): 10,636,161
Ratio of Dyn/Leak: 276
Total Energy (nJ): 10,674,665
Total Energy (nJ) 3D: 12,081,208
Cores Energy (nJ): 1,173,354
Route Energy (nJ): 2,866,740
Route Energy (nJ) 3D: 4,273,283
Mem Energy   (nJ): 6,634,572
Mem Energy   (nJ) 3D: 6,634,572
Avg. Power (mW): 106,181.77
Power Density (mW/mm2): 33.26

---Runtime---
Runtime in K cycles: 100.53
Microseconds: 100.53
Time per iteration (ms): 0.10

---Throughput---
GOP/s (aka OPS/ns): 1,756.17
GOP/s per core: 1.72
GFLOP/s: 200.75
GFLOP/s per core: 0.20
Max Peak GFLOP/s: 4,096.00
Avg. BW GB/s: 6,646.98
Max BW GB/s: 16,384.00

---Traffic---
In-Die bisection_bytes BW (GB/s): 128.00
Inter-board traffic (msg/ns): 0.00, per-link: 0.00
Inter-pack traffic (msg/ns): 0.00, per-link: 0.00
Inter-die traffic (msg/ns): 281.16, per-link: 0.55
Ruche traffic (msg/ns): 455.53, per-link: 0.89
All traffic (msg/ns): 4,208.65, per-link: 4.11
Inter-die reduction wrt all: 14.97
Inter-board reduction wrt inter-die: inf

---Data Movement---
All traffic (msg): 423,103,750
Arith. Intensity FLOP/Loads: 0.19
Arith. Intensity FLOP/Msgs: 0.05
Arith. Intensity OPS/Loads: 1.69
Arith. Intensity OPS/Msgs: 0.42



===Core Utilization Total=== CORE-S:1;; TIME K cy:100 ;; Nodes Proc: 2,577,851 -- Edges Proc: 0

===PRINTING FRAME STATS

FCollision In Avg:108, SD:26, Max:235, Min:47
FCollision Out Avg:49, SD:30, Max:166, Min:11
FCollision End Avg:0, SD:0, Max:0, Min:0
FTask1 Avg:182, SD:82, Max:348, Min:6
FTask2 Avg:0, SD:0, Max:0, Min:0
FTask3 Avg:60, SD:11, Max:126, Min:37
FCore Active Avg:61, SD:21, Max:100, Min:15
FRouter Active Avg:93, SD:3, Max:99, Min:78
T1 invocations: 1,923,033
T2 invocations: 0
T3 invocations: 20,606,186
T3b invocations: 0
Total3 invocations: 20,606,186
Total4 invocations: 0

T3/T2 ratio: inf
T3b/T3 ratio: 0

T1 avg ex cycles: 97
T2 avg ex cycles: -nan
T3&b avg ex cycles: 3
T4 avg ex cycles: -nan
Avg. hops NOC1: -nan
Avg. latency NOC1 (T2): -nan
Avg. hops NOC2: 11
Avg. latency NOC2 (T3): 1,095

===PRINTING ACUM STATS at pu_cycles: 200,606

ACollision In Avg:108, SD:25, Max:204, Min:47
ACollision Out Avg:49, SD:30, Max:155, Min:15
ACollision End Avg:0, SD:0, Max:0, Min:0
ATask1 Avg:183, SD:82, Max:346, Min:10
ATask2 Avg:0, SD:0, Max:0, Min:0
ATask3 Avg:61, SD:11, Max:126, Min:38
ACore Active Avg:61, SD:20, Max:99, Min:15
ARouter Active Avg:93, SD:3, Max:99, Min:78
T1 invocations: 3,876,942
T2 invocations: 0
T3 invocations: 41,330,453
T3b invocations: 0
Total3 invocations: 41,330,453
Total4 invocations: 0

T3/T2 ratio: inf
T3b/T3 ratio: 0

T1 avg ex cycles: 97
T2 avg ex cycles: -nan
T3&b avg ex cycles: 3
T4 avg ex cycles: -nan
Avg. hops NOC1: -nan
Avg. latency NOC1 (T2): -nan
Avg. hops NOC2: 11
Avg. latency NOC2 (T3): 1,085
Number of K Nodes Processed: 41,370
Number of K Edges Processed: 41,370
Node Re-explore factor: 9.86
Edge Re-explore factor: 0.32
Nodes/cy: 206
Edges/cy: 206
TEPS: 640

---DCache---
DCache Size: 129,408
DRAM words: 0
  DHits: 0
  DMisses: 0

---Energy---
Leakage Energy (nJ): 76,833
PU Dyn E (nJ): 2,412,567
Mem Dyn E (nJ): 13,544,683
Route Dyn E (nJ): 5,857,280
Dynamic Energy (nJ): 21,814,531
Ratio of Dyn/Leak: 284
Total Energy (nJ): 21,891,364
Total Energy (nJ) 3D: 24,806,146
Cores Energy (nJ): 2,414,801
Route Energy (nJ): 5,865,761
Route Energy (nJ) 3D: 8,780,543
Mem Energy   (nJ): 13,610,803
Mem Energy   (nJ) 3D: 13,610,803
Avg. Power (mW): 109,126.17
Power Density (mW/mm2): 34.18

---Runtime---
Runtime in K cycles: 200.61
Microseconds: 200.61
Time per iteration (ms): 0.20

---Throughput---
GOP/s (aka OPS/ns): 1,810.36
GOP/s per core: 1.77
GFLOP/s: 207.28
GFLOP/s per core: 0.20
Max Peak GFLOP/s: 4,096.00
Avg. BW GB/s: 6,834.85
Max BW GB/s: 16,384.00

---Traffic---
In-Die bisection_bytes BW (GB/s): 128.00
Inter-board traffic (msg/ns): 0.00, per-link: 0.00
Inter-pack traffic (msg/ns): 0.00, per-link: 0.00
Inter-die traffic (msg/ns): 280.17, per-link: 0.55
Ruche traffic (msg/ns): 454.26, per-link: 0.89
All traffic (msg/ns): 4,335.43, per-link: 4.23
Inter-die reduction wrt all: 15.47
Inter-board reduction wrt inter-die: inf

---Data Movement---
All traffic (msg): 869,714,168
Arith. Intensity FLOP/Loads: 0.19
Arith. Intensity FLOP/Msgs: 0.05
Arith. Intensity OPS/Loads: 1.69
Arith. Intensity OPS/Msgs: 0.42



===Core Utilization Total=== CORE-S:2;; TIME K cy:200 ;; Nodes Proc: 5,144,180 -- Edges Proc: 0

===PRINTING FRAME STATS

FCollision In Avg:107, SD:26, Max:219, Min:37
FCollision Out Avg:49, SD:32, Max:165, Min:16
FCollision End Avg:0, SD:0, Max:0, Min:0
FTask1 Avg:184, SD:84, Max:340, Min:9
FTask2 Avg:0, SD:0, Max:0, Min:0
FTask3 Avg:61, SD:11, Max:127, Min:38
FCore Active Avg:61, SD:21, Max:99, Min:15
FRouter Active Avg:93, SD:3, Max:99, Min:78
T1 invocations: 1,941,225
T2 invocations: 0
T3 invocations: 20,852,839
T3b invocations: 0
Total3 invocations: 20,852,839
Total4 invocations: 0

T3/T2 ratio: inf
T3b/T3 ratio: 0

T1 avg ex cycles: 97
T2 avg ex cycles: -nan
T3&b avg ex cycles: 3
T4 avg ex cycles: -nan
Avg. hops NOC1: -nan
Avg. latency NOC1 (T2): -nan
Avg. hops NOC2: 11
Avg. latency NOC2 (T3): 1,106

===PRINTING ACUM STATS at pu_cycles: 300,665

ACollision In Avg:108, SD:25, Max:207, Min:46
ACollision Out Avg:49, SD:31, Max:156, Min:15
ACollision End Avg:0, SD:0, Max:0, Min:0
ATask1 Avg:184, SD:82, Max:344, Min:13
ATask2 Avg:0, SD:0, Max:0, Min:0
ATask3 Avg:61, SD:11, Max:127, Min:39
ACore Active Avg:61, SD:20, Max:99, Min:15
ARouter Active Avg:93, SD:3, Max:99, Min:78
T1 invocations: 5,818,665
T2 invocations: 0
T3 invocations: 62,183,054
T3b invocations: 0
Total3 invocations: 62,183,054
Total4 invocations: 0

T3/T2 ratio: inf
T3b/T3 ratio: 0

T1 avg ex cycles: 97
T2 avg ex cycles: -nan
T3&b avg ex cycles: 3
T4 avg ex cycles: -nan
Avg. hops NOC1: -nan
Avg. latency NOC1 (T2): -nan
Avg. hops NOC2: 11
Avg. latency NOC2 (T3): 1,092
Number of K Nodes Processed: 62,234
Number of K Edges Processed: 62,234
Node Re-explore factor: 14.84
Edge Re-explore factor: 0.49
Nodes/cy: 207
Edges/cy: 207
TEPS: 427

---DCache---
DCache Size: 129,408
DRAM words: 0
  DHits: 0
  DMisses: 0

---Energy---
Leakage Energy (nJ): 115,157
PU Dyn E (nJ): 3,624,232
Mem Dyn E (nJ): 20,368,210
Route Dyn E (nJ): 8,814,596
Dynamic Energy (nJ): 32,807,038
Ratio of Dyn/Leak: 285
Total Energy (nJ): 32,922,195
Total Energy (nJ) 3D: 37,308,718
Cores Energy (nJ): 3,627,579
Route Energy (nJ): 8,827,307
Route Energy (nJ) 3D: 13,213,830
Mem Energy   (nJ): 20,467,309
Mem Energy   (nJ) 3D: 20,467,309
Avg. Power (mW): 109,497.93
Power Density (mW/mm2): 34.30

---Runtime---
Runtime in K cycles: 300.67
Microseconds: 300.67
Time per iteration (ms): 0.30

---Throughput---
GOP/s (aka OPS/ns): 1,814.72
GOP/s per core: 1.77
GFLOP/s: 207.71
GFLOP/s per core: 0.20
Max Peak GFLOP/s: 4,096.00
Avg. BW GB/s: 6,857.56
Max BW GB/s: 16,384.00

---Traffic---
In-Die bisection_bytes BW (GB/s): 128.00
Inter-board traffic (msg/ns): 0.00, per-link: 0.00
Inter-pack traffic (msg/ns): 0.00, per-link: 0.00
Inter-die traffic (msg/ns): 281.12, per-link: 0.55
Ruche traffic (msg/ns): 456.28, per-link: 0.89
All traffic (msg/ns): 4,353.04, per-link: 4.25
Inter-die reduction wrt all: 15.48
Inter-board reduction wrt inter-die: inf

---Data Movement---
All traffic (msg): 1,308,807,610
Arith. Intensity FLOP/Loads: 0.19
Arith. Intensity FLOP/Msgs: 0.05
Arith. Intensity OPS/Loads: 1.69
Arith. Intensity OPS/Msgs: 0.42



===Core Utilization Total=== CORE-S:3;; TIME K cy:300 ;; Nodes Proc: 7,742,981 -- Edges Proc: 0

===PRINTING FRAME STATS

FCollision In Avg:97, SD:34, Max:221, Min:22
FCollision Out Avg:47, SD:34, Max:170, Min:6
FCollision End Avg:0, SD:0, Max:0, Min:0
FTask1 Avg:158, SD:58, Max:313, Min:9
FTask2 Avg:0, SD:0, Max:0, Min:0
FTask3 Avg:53, SD:9, Max:108, Min:34
FCore Active Avg:53, SD:15, Max:93, Min:13
FRouter Active Avg:89, SD:5, Max:96, Min:63
T1 invocations: 1,708,150
T2 invocations: 0
T3 invocations: 17,995,972
T3b invocations: 0
Total3 invocations: 17,995,972
Total4 invocations: 0

T3/T2 ratio: inf
T3b/T3 ratio: 0

T1 avg ex cycles: 95
T2 avg ex cycles: -nan
T3&b avg ex cycles: 3
T4 avg ex cycles: -nan
Avg. hops NOC1: -nan
Avg. latency NOC1 (T2): -nan
Avg. hops NOC2: 11
Avg. latency NOC2 (T3): 1,071

===PRINTING ACUM STATS at pu_cycles: 400,564

ACollision In Avg:105, SD:27, Max:209, Min:40
ACollision Out Avg:49, SD:31, Max:159, Min:13
ACollision End Avg:0, SD:0, Max:0, Min:0
ATask1 Avg:177, SD:71, Max:276, Min:14
ATask2 Avg:0, SD:0, Max:0, Min:0
ATask3 Avg:59, SD:10, Max:122, Min:37
ACore Active Avg:59, SD:18, Max:93, Min:15
ARouter Active Avg:92, SD:2, Max:98, Min:78
T1 invocations: 7,517,218
T2 invocations: 0
T3 invocations: 80,063,709
T3b invocations: 0
Total3 invocations: 80,063,709
Total4 invocations: 0

T3/T2 ratio: inf
T3b/T3 ratio: 0

T1 avg ex cycles: 96
T2 avg ex cycles: -nan
T3&b avg ex cycles: 3
T4 avg ex cycles: -nan
Avg. hops NOC1: -nan
Avg. latency NOC1 (T2): -nan
Avg. hops NOC2: 11
Avg. latency NOC2 (T3): 1,088
Number of K Nodes Processed: 80,189
Number of K Edges Processed: 80,189
Node Re-explore factor: 19.12
Edge Re-explore factor: 0.62
Nodes/cy: 200
Edges/cy: 200
TEPS: 320

---DCache---
DCache Size: 129,408
DRAM words: 0
  DHits: 0
  DMisses: 0

---Energy---
Leakage Energy (nJ): 153,418
PU Dyn E (nJ): 4,657,733
Mem Dyn E (nJ): 26,211,865
Route Dyn E (nJ): 11,389,239
Dynamic Energy (nJ): 42,258,837
Ratio of Dyn/Leak: 275
Total Energy (nJ): 42,412,255
Total Energy (nJ) 3D: 48,095,548
Cores Energy (nJ): 4,662,192
Route Energy (nJ): 11,406,173
Route Energy (nJ) 3D: 17,089,466
Mem Energy   (nJ): 26,343,890
Mem Energy   (nJ) 3D: 26,343,890
Avg. Power (mW): 105,881.35
Power Density (mW/mm2): 33.16

---Runtime---
Runtime in K cycles: 400.56
Microseconds: 400.56
Time per iteration (ms): 0.40

---Throughput---
GOP/s (aka OPS/ns): 1,751.18
GOP/s per core: 1.71
GFLOP/s: 200.22
GFLOP/s per core: 0.20
Max Peak GFLOP/s: 4,096.00
Avg. BW GB/s: 6,623.98
Max BW GB/s: 16,384.00

---Traffic---
In-Die bisection_bytes BW (GB/s): 128.00
Inter-board traffic (msg/ns): 0.00, per-link: 0.00
Inter-pack traffic (msg/ns): 0.00, per-link: 0.00
Inter-die traffic (msg/ns): 274.71, per-link: 0.54
Ruche traffic (msg/ns): 436.01, per-link: 0.85
All traffic (msg/ns): 4,224.43, per-link: 4.13
Inter-die reduction wrt all: 15.38
Inter-board reduction wrt inter-die: inf

---Data Movement---
All traffic (msg): 1,692,154,356
Arith. Intensity FLOP/Loads: 0.19
Arith. Intensity FLOP/Msgs: 0.05
Arith. Intensity OPS/Loads: 1.69
Arith. Intensity OPS/Msgs: 0.41



===Core Utilization Total=== CORE-S:4;; TIME K cy:400 ;; Nodes Proc: 9,979,050 -- Edges Proc: 0

===PRINTING FRAME STATS

FCollision In Avg:81, SD:48, Max:184, Min:1
FCollision Out Avg:41, SD:35, Max:149, Min:0
FCollision End Avg:0, SD:0, Max:0, Min:0
FTask1 Avg:115, SD:80, Max:360, Min:0
FTask2 Avg:0, SD:0, Max:0, Min:0
FTask3 Avg:38, SD:7, Max:79, Min:24
FCore Active Avg:38, SD:20, Max:99, Min:6
FRouter Active Avg:81, SD:14, Max:93, Min:22
T1 invocations: 1,351,647
T2 invocations: 0
T3 invocations: 12,907,379
T3b invocations: 0
Total3 invocations: 12,907,379
Total4 invocations: 0

T3/T2 ratio: inf
T3b/T3 ratio: 0

T1 avg ex cycles: 87
T2 avg ex cycles: -nan
T3&b avg ex cycles: 3
T4 avg ex cycles: -nan
Avg. hops NOC1: -nan
Avg. latency NOC1 (T2): -nan
Avg. hops NOC2: 11
Avg. latency NOC2 (T3): 996

===PRINTING ACUM STATS at pu_cycles: 500,568

ACollision In Avg:100, SD:29, Max:199, Min:33
ACollision Out Avg:47, SD:32, Max:153, Min:10
ACollision End Avg:0, SD:0, Max:0, Min:0
ATask1 Avg:165, SD:57, Max:226, Min:14
ATask2 Avg:0, SD:0, Max:0, Min:0
ATask3 Avg:55, SD:10, Max:113, Min:35
ACore Active Avg:55, SD:14, Max:79, Min:14
ARouter Active Avg:90, SD:4, Max:95, Min:70
T1 invocations: 8,881,117
T2 invocations: 0
T3 invocations: 93,086,200
T3b invocations: 0
Total3 invocations: 93,086,200
Total4 invocations: 0

T3/T2 ratio: inf
T3b/T3 ratio: 0

T1 avg ex cycles: 95
T2 avg ex cycles: -nan
T3&b avg ex cycles: 3
T4 avg ex cycles: -nan
Avg. hops NOC1: -nan
Avg. latency NOC1 (T2): -nan
Avg. hops NOC2: 11
Avg. latency NOC2 (T3): 1,075
Number of K Nodes Processed: 93,099
Number of K Edges Processed: 93,099
Node Re-explore factor: 22.20
Edge Re-explore factor: 0.73
Nodes/cy: 186
Edges/cy: 186
TEPS: 256

---DCache---
DCache Size: 129,408
DRAM words: 0
  DHits: 0
  DMisses: 0

---Energy---
Leakage Energy (nJ): 191,721
PU Dyn E (nJ): 5,419,019
Mem Dyn E (nJ): 30,489,510
Route Dyn E (nJ): 13,372,133
Dynamic Energy (nJ): 49,280,663
Ratio of Dyn/Leak: 257
Total Energy (nJ): 49,472,384
Total Energy (nJ) 3D: 56,183,907
Cores Energy (nJ): 5,424,592
Route Energy (nJ): 13,393,295
Route Energy (nJ) 3D: 20,104,818
Mem Energy   (nJ): 30,654,497
Mem Energy   (nJ) 3D: 30,654,497
Avg. Power (mW): 98,832.49
Power Density (mW/mm2): 30.96

---Runtime---
Runtime in K cycles: 500.57
Microseconds: 500.57
Time per iteration (ms): 0.50

---Throughput---
GOP/s (aka OPS/ns): 1,631.13
GOP/s per core: 1.59
GFLOP/s: 186.21
GFLOP/s per core: 0.18
Max Peak GFLOP/s: 4,096.00
Avg. BW GB/s: 6,165.67
Max BW GB/s: 16,384.00

---Traffic---
In-Die bisection_bytes BW (GB/s): 128.00
Inter-board traffic (msg/ns): 0.00, per-link: 0.00
Inter-pack traffic (msg/ns): 0.00, per-link: 0.00
Inter-die traffic (msg/ns): 260.81, per-link: 0.51
Ruche traffic (msg/ns): 398.04, per-link: 0.78
All traffic (msg/ns): 3,973.45, per-link: 3.88
Inter-die reduction wrt all: 15.24
Inter-board reduction wrt inter-die: inf

---Data Movement---
All traffic (msg): 1,988,983,908
Arith. Intensity FLOP/Loads: 0.19
Arith. Intensity FLOP/Msgs: 0.05
Arith. Intensity OPS/Loads: 1.69
Arith. Intensity OPS/Msgs: 0.41



===Core Utilization Total=== CORE-S:5;; TIME K cy:500 ;; Nodes Proc: 11,583,075 -- Edges Proc: 0

===PRINTING FRAME STATS

FCollision In Avg:78, SD:50, Max:205, Min:0
FCollision Out Avg:40, SD:35, Max:155, Min:0
FCollision End Avg:0, SD:0, Max:0, Min:0
FTask1 Avg:110, SD:80, Max:259, Min:0
FTask2 Avg:0, SD:0, Max:0, Min:0
FTask3 Avg:36, SD:6, Max:74, Min:23
FCore Active Avg:36, SD:20, Max:75, Min:6
FRouter Active Avg:80, SD:16, Max:94, Min:13
T1 invocations: 1,288,647
T2 invocations: 0
T3 invocations: 12,277,211
T3b invocations: 0
Total3 invocations: 12,277,211
Total4 invocations: 0

T3/T2 ratio: inf
T3b/T3 ratio: 0

T1 avg ex cycles: 87
T2 avg ex cycles: -nan
T3&b avg ex cycles: 3
T4 avg ex cycles: -nan
Avg. hops NOC1: -nan
Avg. latency NOC1 (T2): -nan
Avg. hops NOC2: 12
Avg. latency NOC2 (T3): 915

===PRINTING ACUM STATS at pu_cycles: 600,598

ACollision In Avg:96, SD:32, Max:194, Min:27
ACollision Out Avg:46, SD:32, Max:151, Min:9
ACollision End Avg:0, SD:0, Max:0, Min:0
ATask1 Avg:156, SD:49, Max:191, Min:15
ATask2 Avg:0, SD:0, Max:0, Min:0
ATask3 Avg:51, SD:9, Max:107, Min:33
ACore Active Avg:52, SD:12, Max:68, Min:13
ARouter Active Avg:88, SD:6, Max:93, Min:62
T1 invocations: 10,166,875
T2 invocations: 0
T3 invocations: 105,337,139
T3b invocations: 0
Total3 invocations: 105,337,139
Total4 invocations: 0

T3/T2 ratio: inf
T3b/T3 ratio: 0

T1 avg ex cycles: 94
T2 avg ex cycles: -nan
T3&b avg ex cycles: 3
T4 avg ex cycles: -nan
Avg. hops NOC1: -nan
Avg. latency NOC1 (T2): -nan
Avg. hops NOC2: 11
Avg. latency NOC2 (T3): 1,056
Number of K Nodes Processed: 105,373
Number of K Edges Processed: 105,373
Node Re-explore factor: 25.12
Edge Re-explore factor: 0.82
Nodes/cy: 175
Edges/cy: 175
TEPS: 214

---DCache---
DCache Size: 129,408
DRAM words: 0
  DHits: 0
  DMisses: 0

---Energy---
Leakage Energy (nJ): 230,033
PU Dyn E (nJ): 6,134,956
Mem Dyn E (nJ): 34,513,453
Route Dyn E (nJ): 15,274,148
Dynamic Energy (nJ): 55,922,557
Ratio of Dyn/Leak: 243
Total Energy (nJ): 56,152,590
Total Energy (nJ) 3D: 63,855,969
Cores Energy (nJ): 6,141,642
Route Energy (nJ): 15,299,538
Route Energy (nJ) 3D: 23,002,917
Mem Energy   (nJ): 34,711,410
Mem Energy   (nJ) 3D: 34,711,410
Avg. Power (mW): 93,494.47
Power Density (mW/mm2): 29.28

---Runtime---
Runtime in K cycles: 600.60
Microseconds: 600.60
Time per iteration (ms): 0.60

---Throughput---
GOP/s (aka OPS/ns): 1,539.61
GOP/s per core: 1.50
GFLOP/s: 175.57
GFLOP/s per core: 0.17
Max Peak GFLOP/s: 4,096.00
Avg. BW GB/s: 5,816.97
Max BW GB/s: 16,384.00

---Traffic---
In-Die bisection_bytes BW (GB/s): 128.00
Inter-board traffic (msg/ns): 0.00, per-link: 0.00
Inter-pack traffic (msg/ns): 0.00, per-link: 0.00
Inter-die traffic (msg/ns): 250.88, per-link: 0.49
Ruche traffic (msg/ns): 369.22, per-link: 0.72
All traffic (msg/ns): 3,785.91, per-link: 3.70
Inter-die reduction wrt all: 15.09
Inter-board reduction wrt inter-die: inf

---Data Movement---
All traffic (msg): 2,273,807,850
Arith. Intensity FLOP/Loads: 0.19
Arith. Intensity FLOP/Msgs: 0.05
Arith. Intensity OPS/Loads: 1.69
Arith. Intensity OPS/Msgs: 0.41



===Core Utilization Total=== CORE-S:6;; TIME K cy:600 ;; Nodes Proc: 13,110,860 -- Edges Proc: 0

===PRINTING FRAME STATS

FCollision In Avg:31, SD:30, Max:156, Min:0
FCollision Out Avg:14, SD:19, Max:155, Min:0
FCollision End Avg:0, SD:0, Max:0, Min:0
FTask1 Avg:93, SD:96, Max:329, Min:0
FTask2 Avg:0, SD:0, Max:0, Min:0
FTask3 Avg:32, SD:6, Max:69, Min:20
FCore Active Avg:31, SD:24, Max:88, Min:5
FRouter Active Avg:70, SD:15, Max:93, Min:12
T1 invocations: 843,784
T2 invocations: 0
T3 invocations: 11,079,212
T3b invocations: 0
Total3 invocations: 11,079,212
Total4 invocations: 0

T3/T2 ratio: inf
T3b/T3 ratio: 0

T1 avg ex cycles: 113
T2 avg ex cycles: -nan
T3&b avg ex cycles: 3
T4 avg ex cycles: -nan
Avg. hops NOC1: -nan
Avg. latency NOC1 (T2): -nan
Avg. hops NOC2: 10
Avg. latency NOC2 (T3): 955

===PRINTING ACUM STATS at pu_cycles: 700,568

ACollision In Avg:87, SD:31, Max:182, Min:24
ACollision Out Avg:41, SD:30, Max:150, Min:7
ACollision End Avg:0, SD:0, Max:0, Min:0
ATask1 Avg:147, SD:32, Max:165, Min:15
ATask2 Avg:0, SD:0, Max:0, Min:0
ATask3 Avg:49, SD:9, Max:101, Min:31
ACore Active Avg:49, SD:8, Max:66, Min:13
ARouter Active Avg:86, SD:7, Max:93, Min:56
T1 invocations: 11,002,445
T2 invocations: 0
T3 invocations: 116,290,625
T3b invocations: 0
Total3 invocations: 116,290,625
Total4 invocations: 0

T3/T2 ratio: inf
T3b/T3 ratio: 0

T1 avg ex cycles: 95
T2 avg ex cycles: -nan
T3&b avg ex cycles: 3
T4 avg ex cycles: -nan
Avg. hops NOC1: -nan
Avg. latency NOC1 (T2): -nan
Avg. hops NOC2: 11
Avg. latency NOC2 (T3): 1,047
Number of K Nodes Processed: 116,424
Number of K Edges Processed: 116,424
Node Re-explore factor: 27.76
Edge Re-explore factor: 0.91
Nodes/cy: 166
Edges/cy: 166
TEPS: 183

---DCache---
DCache Size: 129,408
DRAM words: 0
  DHits: 0
  DMisses: 0

---Energy---
Leakage Energy (nJ): 268,322
PU Dyn E (nJ): 6,754,762
Mem Dyn E (nJ): 38,059,098
Route Dyn E (nJ): 16,806,682
Dynamic Energy (nJ): 61,620,543
Ratio of Dyn/Leak: 230
Total Energy (nJ): 61,888,865
Total Energy (nJ) 3D: 70,340,768
Cores Energy (nJ): 6,762,561
Route Energy (nJ): 16,836,298
Route Energy (nJ) 3D: 25,288,201
Mem Energy   (nJ): 38,290,005
Mem Energy   (nJ) 3D: 38,290,005
Avg. Power (mW): 88,340.98
Power Density (mW/mm2): 27.67

---Runtime---
Runtime in K cycles: 700.57
Microseconds: 700.57
Time per iteration (ms): 0.70

---Throughput---
GOP/s (aka OPS/ns): 1,452.74
GOP/s per core: 1.42
GFLOP/s: 165.85
GFLOP/s per core: 0.16
Max Peak GFLOP/s: 4,096.00
Avg. BW GB/s: 5,499.15
Max BW GB/s: 16,384.00

---Traffic---
In-Die bisection_bytes BW (GB/s): 128.00
Inter-board traffic (msg/ns): 0.00, per-link: 0.00
Inter-pack traffic (msg/ns): 0.00, per-link: 0.00
Inter-die traffic (msg/ns): 235.92, per-link: 0.46
Ruche traffic (msg/ns): 353.04, per-link: 0.69
All traffic (msg/ns): 3,568.77, per-link: 3.49
Inter-die reduction wrt all: 15.13
Inter-board reduction wrt inter-die: inf

---Data Movement---
All traffic (msg): 2,500,167,094
Arith. Intensity FLOP/Loads: 0.19
Arith. Intensity FLOP/Msgs: 0.05
Arith. Intensity OPS/Loads: 1.69
Arith. Intensity OPS/Msgs: 0.41



===Core Utilization Total=== CORE-S:7;; TIME K cy:700 ;; Nodes Proc: 14,491,920 -- Edges Proc: 0
======== IT IS COLD ======= Only 30 Tiles active

===PRINTING FRAME STATS

FCollision In Avg:5, SD:8, Max:111, Min:0
FCollision Out Avg:1, SD:4, Max:53, Min:0
FCollision End Avg:0, SD:0, Max:0, Min:0
FTask1 Avg:69, SD:143, Max:383, Min:0
FTask2 Avg:0, SD:0, Max:0, Min:0
FTask3 Avg:24, SD:4, Max:63, Min:15
FCore Active Avg:23, SD:36, Max:100, Min:4
FRouter Active Avg:52, SD:17, Max:92, Min:8
T1 invocations: 510,482
T2 invocations: 0
T3 invocations: 8,273,909
T3b invocations: 0
Total3 invocations: 8,273,909
Total4 invocations: 0

T3/T2 ratio: inf
T3b/T3 ratio: 0

T1 avg ex cycles: 138
T2 avg ex cycles: -nan
T3&b avg ex cycles: 3
T4 avg ex cycles: -nan
Avg. hops NOC1: -nan
Avg. latency NOC1 (T2): -nan
Avg. hops NOC2: 9
Avg. latency NOC2 (T3): 1,546

===PRINTING ACUM STATS at pu_cycles: 800,585

ACollision In Avg:77, SD:28, Max:168, Min:21
ACollision Out Avg:36, SD:26, Max:133, Min:7
ACollision End Avg:0, SD:0, Max:0, Min:0
ATask1 Avg:137, SD:12, Max:144, Min:48
ATask2 Avg:0, SD:0, Max:0, Min:0
ATask3 Avg:46, SD:8, Max:96, Min:29
ACore Active Avg:46, SD:4, Max:60, Min:24
ARouter Active Avg:81, SD:8, Max:92, Min:51
T1 invocations: 11,514,715
T2 invocations: 0
T3 invocations: 124,566,021
T3b invocations: 0
Total3 invocations: 124,566,021
Total4 invocations: 0

T3/T2 ratio: inf
T3b/T3 ratio: 0

T1 avg ex cycles: 97
T2 avg ex cycles: -nan
T3&b avg ex cycles: 3
T4 avg ex cycles: -nan
Avg. hops NOC1: -nan
Avg. latency NOC1 (T2): -nan
Avg. hops NOC2: 11
Avg. latency NOC2 (T3): 1,080
Number of K Nodes Processed: 124,673
Number of K Edges Processed: 124,673
Node Re-explore factor: 29.72
Edge Re-explore factor: 0.97
Nodes/cy: 156
Edges/cy: 156
TEPS: 160

---DCache---
DCache Size: 129,408
DRAM words: 0
  DHits: 0
  DMisses: 0

---Energy---
Leakage Energy (nJ): 306,629
PU Dyn E (nJ): 7,217,861
Mem Dyn E (nJ): 40,722,365
Route Dyn E (nJ): 17,818,421
Dynamic Energy (nJ): 65,758,647
Ratio of Dyn/Leak: 214
Total Energy (nJ): 66,065,276
Total Energy (nJ) 3D: 74,974,236
Cores Energy (nJ): 7,226,773
Route Energy (nJ): 17,852,265
Route Energy (nJ) 3D: 26,761,225
Mem Energy   (nJ): 40,986,238
Mem Energy   (nJ) 3D: 40,986,238
Avg. Power (mW): 82,521.25
Power Density (mW/mm2): 25.85

---Runtime---
Runtime in K cycles: 800.59
Microseconds: 800.59
Time per iteration (ms): 0.80

---Throughput---
GOP/s (aka OPS/ns): 1,357.74
GOP/s per core: 1.33
GFLOP/s: 155.25
GFLOP/s per core: 0.15
Max Peak GFLOP/s: 4,096.00
Avg. BW GB/s: 5,148.83
Max BW GB/s: 16,384.00

---Traffic---
In-Die bisection_bytes BW (GB/s): 128.00
Inter-board traffic (msg/ns): 0.00, per-link: 0.00
Inter-pack traffic (msg/ns): 0.00, per-link: 0.00
Inter-die traffic (msg/ns): 216.23, per-link: 0.42
Ruche traffic (msg/ns): 337.60, per-link: 0.66
All traffic (msg/ns): 3,307.34, per-link: 3.23
Inter-die reduction wrt all: 15.30
Inter-board reduction wrt inter-die: inf

---Data Movement---
All traffic (msg): 2,647,810,150
Arith. Intensity FLOP/Loads: 0.19
Arith. Intensity FLOP/Msgs: 0.05
Arith. Intensity OPS/Loads: 1.68
Arith. Intensity OPS/Msgs: 0.41



===Core Utilization Total=== CORE-S:8;; TIME K cy:800 ;; Nodes Proc: 15,512,747 -- Edges Proc: 0
======== IT IS COLD ======= Only 25 Tiles active

===PRINTING FRAME STATS

FCollision In Avg:1, SD:1, Max:14, Min:0
FCollision Out Avg:0, SD:0, Max:2, Min:0
FCollision End Avg:0, SD:0, Max:0, Min:0
FTask1 Avg:29, SD:76, Max:384, Min:0
FTask2 Avg:0, SD:0, Max:0, Min:0
FTask3 Avg:10, SD:2, Max:24, Min:6
FCore Active Avg:10, SD:19, Max:100, Min:2
FRouter Active Avg:24, SD:11, Max:81, Min:3
T1 invocations: 217,157
T2 invocations: 0
T3 invocations: 3,580,681
T3b invocations: 0
Total3 invocations: 3,580,681
Total4 invocations: 0

T3/T2 ratio: inf
T3b/T3 ratio: 0

T1 avg ex cycles: 138
T2 avg ex cycles: -nan
T3&b avg ex cycles: 3
T4 avg ex cycles: -nan
Avg. hops NOC1: -nan
Avg. latency NOC1 (T2): -nan
Avg. hops NOC2: 8
Avg. latency NOC2 (T3): 1,292

===PRINTING ACUM STATS at pu_cycles: 900,387

ACollision In Avg:68, SD:24, Max:145, Min:18
ACollision Out Avg:32, SD:23, Max:116, Min:6
ACollision End Avg:0, SD:0, Max:0, Min:0
ATask1 Avg:125, SD:3, Max:128, Min:84
ATask2 Avg:0, SD:0, Max:0, Min:0
ATask3 Avg:42, SD:7, Max:87, Min:27
ACore Active Avg:42, SD:2, Max:54, Min:30
ARouter Active Avg:75, SD:8, Max:87, Min:46
T1 invocations: 11,758,775
T2 invocations: 0
T3 invocations: 128,234,353
T3b invocations: 0
Total3 invocations: 128,234,353
Total4 invocations: 0

T3/T2 ratio: inf
T3b/T3 ratio: 0

T1 avg ex cycles: 98
T2 avg ex cycles: -nan
T3&b avg ex cycles: 3
T4 avg ex cycles: -nan
Avg. hops NOC1: -nan
Avg. latency NOC1 (T2): -nan
Avg. hops NOC2: 11
Avg. latency NOC2 (T3): 1,091
Number of K Nodes Processed: 128,241
Number of K Edges Processed: 128,241
Node Re-explore factor: 30.58
Edge Re-explore factor: 1.00
Nodes/cy: 142
Edges/cy: 142
TEPS: 143

---DCache---
DCache Size: 129,408
DRAM words: 0
  DHits: 0
  DMisses: 0

---Energy---
Leakage Energy (nJ): 344,854
PU Dyn E (nJ): 7,436,328
Mem Dyn E (nJ): 41,926,231
Route Dyn E (nJ): 18,248,709
Dynamic Energy (nJ): 67,611,268
Ratio of Dyn/Leak: 196
Total Energy (nJ): 67,956,122
Total Energy (nJ) 3D: 77,060,416
Cores Energy (nJ): 7,446,351
Route Energy (nJ): 18,286,773
Route Energy (nJ) 3D: 27,391,067
Mem Energy   (nJ): 42,222,998
Mem Energy   (nJ) 3D: 42,222,998
Avg. Power (mW): 75,474.35
Power Density (mW/mm2): 23.64

---Runtime---
Runtime in K cycles: 900.39
Microseconds: 900.39
Time per iteration (ms): 0.90

---Throughput---
GOP/s (aka OPS/ns): 1,243.32
GOP/s per core: 1.21
GFLOP/s: 142.33
GFLOP/s per core: 0.14
Max Peak GFLOP/s: 4,096.00
Avg. BW GB/s: 4,713.50
Max BW GB/s: 16,384.00

---Traffic---
In-Die bisection_bytes BW (GB/s): 128.00
Inter-board traffic (msg/ns): 0.00, per-link: 0.00
Inter-pack traffic (msg/ns): 0.00, per-link: 0.00
Inter-die traffic (msg/ns): 195.62, per-link: 0.38
Ruche traffic (msg/ns): 311.23, per-link: 0.61
All traffic (msg/ns): 3,010.93, per-link: 2.94
Inter-die reduction wrt all: 15.39
Inter-board reduction wrt inter-die: inf

---Data Movement---
All traffic (msg): 2,710,999,178
Arith. Intensity FLOP/Loads: 0.19
Arith. Intensity FLOP/Msgs: 0.05
Arith. Intensity OPS/Loads: 1.68
Arith. Intensity OPS/Msgs: 0.41



===Core Utilization Total=== CORE-S:9;; TIME K cy:900 ;; Nodes Proc: 15,956,983 -- Edges Proc: 0
======== IT IS COLD ======= Only 3 Tiles active
Epoch Done Router: 1
Epoch Done Router: 7
Epoch Done Router: 2
Epoch Done Router: 0
Epoch Done Router: 3
Epoch Done Router: 5
Epoch Done Router: 6
##EPOCH## 1 COMPLETED at Time (K cy): 920
Nodes processed until now: 128,311,436
Edges processed until now: 0
Epoch Done Router: 4
Program Done Router Thread: 4
Program Done Router Thread: 5
Program Done Worker Thread: 3
Program Done Worker Thread: 5
Program Done Router Thread: 1
Program Done Worker Thread: 0
Program Done Worker Thread: 6
Program Done Worker Thread: 4
Program Done Worker Thread: 2
Program Done Router Thread: 6
Program Done Router Thread: 0
Program Done Worker Thread: 7
Program Done Router Thread: 3
Program Done Router Thread: 2
Program Done Router Thread: 7
Program Done Worker Thread: 1

===PRINTING ACUM STATS at pu_cycles: 920,909

ACollision In Avg:67, SD:24, Max:141, Min:18
ACollision Out Avg:31, SD:22, Max:106, Min:6
ACollision End Avg:0, SD:0, Max:0, Min:0
ATask1 Avg:123, SD:2, Max:125, Min:118
ATask2 Avg:0, SD:0, Max:0, Min:0
ATask3 Avg:41, SD:7, Max:85, Min:26
ACore Active Avg:41, SD:2, Max:52, Min:36
ARouter Active Avg:73, SD:7, Max:86, Min:45
T1 invocations: 11,768,900
T2 invocations: 0
T3 invocations: 128,311,436
T3b invocations: 0
Total3 invocations: 128,311,436
Total4 invocations: 0

T3/T2 ratio: inf
T3b/T3 ratio: 0

T1 avg ex cycles: 98
T2 avg ex cycles: -nan
T3&b avg ex cycles: 3
T4 avg ex cycles: -nan
Avg. hops NOC1: -nan
Avg. latency NOC1 (T2): -nan
Avg. hops NOC2: 11
Avg. latency NOC2 (T3): 1,091

Runtime at program end in K cycles: 920
Runtime before cooldown in K cycles: 600


Number of K Nodes Processed: 128,311
Number of K Edges Processed: 128,311
Node Re-explore factor: 30.59
Edge Re-explore factor: 1.00
Nodes/cy: 139
Edges/cy: 139
TEPS: 139

---DCache---
DCache Size: 129,408
DRAM words: 0
  DHits: 0
  DMisses: 0

---Energy---
Leakage Energy (nJ): 352,714
PU Dyn E (nJ): 7,444,524
Mem Dyn E (nJ): 41,957,916
Route Dyn E (nJ): 18,258,823
Dynamic Energy (nJ): 67,661,264
Ratio of Dyn/Leak: 192
Total Energy (nJ): 68,013,978
Total Energy (nJ) 3D: 77,123,139
Cores Energy (nJ): 7,454,776
Route Energy (nJ): 18,297,755
Route Energy (nJ) 3D: 27,406,915
Mem Energy   (nJ): 42,261,448
Mem Energy   (nJ) 3D: 42,261,448
Avg. Power (mW): 73,855.26
Power Density (mW/mm2): 23.13

---Runtime---
Runtime in K cycles: 920.91
Microseconds: 920.91
Time per iteration (ms): 0.92

---Inst---
K Loads: 665,094
K Stores: 396,703
K Instructions: 1,120,641

---Throughput---
GOP/s (aka OPS/ns): 1,216.89
GOP/s per core: 1.19
GFLOP/s: 139.33
GFLOP/s per core: 0.14
Max Peak GFLOP/s: 4,096.00
Avg. BW GB/s: 4,611.96
Max BW GB/s: 16,384.00

---Traffic---
In-Die bisection_bytes BW (GB/s): 128.00
Inter-board traffic (msg/ns): 0.00, per-link: 0.00
Inter-pack traffic (msg/ns): 0.00, per-link: 0.00
Inter-die traffic (msg/ns): 191.32, per-link: 0.37
Ruche traffic (msg/ns): 304.54, per-link: 0.59
All traffic (msg/ns): 2,945.45, per-link: 2.88
Inter-die reduction wrt all: 15.40
Inter-board reduction wrt inter-die: inf

---Data Movement---
All traffic (msg): 2,712,494,990
Arith. Intensity FLOP/Loads: 0.19
Arith. Intensity FLOP/Msgs: 0.05
Arith. Intensity OPS/Loads: 1.68
Arith. Intensity OPS/Msgs: 0.41

Simulation time: 80.99
Sim time / DUT time: 21.47
Sim noc_cy/s: 11,371.06
Sim Msg/s: 33,492,937.06

Version 32

