Dataset:  Kron22/
Dry run: 0
Open Edge Count File succesfully
Edges Traversed BFS: 128309848
Found Vertices: 4194304, Edges: 128311436
avg degree 31
Array  Kron22/node_array.bin found
Malloc array of size 16777220 bytes
Readin array of size 16777216 bytes
Finished Reading Array Bytes
No reordering Array 32bit
Array  Kron22/edge_array.bin found
Malloc array of size 513245744 bytes
Readin array of size 513245744 bytes
Finished Reading Array Bytes
No reordering Array 32bit
Array  Kron22/edge_values.bin found
Malloc array of size 513245744 bytes
Readin array of size 513245744 bytes
Finished Reading Array Bytes
No reordering Array 32bit
Reading graph elapsed time: 0.275049s

Dataset Footprint: 522 MiB
Dataset Footprint per Board: 4383.05 Mb
Dataset injection time (ms): 0.26752
Max Dataset Footprint: 1026 MiB

Dataset footprint per tile: 522 KiB
Proxys footprint per tile: 0 KiB
Reserved SRAM per tile: 15 KiB

Ideal SRAM per tile: 537 KiB
reserved_words_for_dataset:12321
dataset_words_per_tile:133760
remaining_sram_words:61606
min_dcache_sram_words_required:12512
dataset_words_per_tile:133760
min_pcache_sram_words_required:0
proxys_words_per_tile:0
Dcache footprint ratio: 3
Dataset Cached: 1
DCache: 60880 words, lines: 3805, sets: 3805
Proxys Cached: 0
Pcache: 0 words, sets: 0
Node per tile: 4,096
Edge per tile: 125,305
GRID_X: 32
GRID_SIZE: 1,024
smt_per_tile: 1
noc_freq: 1
pu_freq: 1
RUCHE_X: 0
PROXY_W: 32
DIE_W: 32
DIE_H: 32
DIES: 1
BORDER_TILES_PER_DIE: 128
PACK_W: 32
PACK_H: 32
DIES_PACK_FACTOR: 1
DIES_PER_PACK: 1
PACKAGES: 1
BOARD_W: 32
BOARD_H: 32
BOARDS: 1
MUX_BUS: 1
DCACHE: 1
PCACHE: 0
PROXY_FACTOR: 1
CACHE_WAYS: 1
TORUS: 1
PHY_NOCS: 1
WIDE_NOC_ID: 0
NOC_CONF: 1
noc_width: 32
hbm_channel_bit_width: 512
ld_st_op_byte_width: 4
PROXY_ROUTING: 0
WITHIN_REGION: 0
WRITE_THROUGH: 1
ASSERT_MODE: 0
GLOBAL_BARRIER: 0
OQ flits: 36 ; 384 ; 2
IQ flits: 288 ; 3,072 ; 2
OQ messages: 12 ; 192 ; 1
IQ messages: 96 ; 1,536 ; 1
max_task2 size: 64
io_factor_t2: 8
io_factor_t3: 8
io_factor_t3b: 8

Active SRAM Storage per tile: 255 KiB
Total SRAM Storage per tile: 256 KiB
Agreggated SRAM Storage: 256 MiB

Active DRAM Storage per tile: 0.509766 MiB
Total DRAM Storage per tile: 8 MiB
Agreggated DRAM Storage: 8 GiB

Inter-Die #links: 1,024
Inter-Die (Gbits): 32,768
Inter-Die (Gbits/mm): 606.445
Bisection BW of Board (Gbits): 8,192
Border IO #Dies: 4
Border IO Die BW (Gbits): 4,096
Off-Board BW Total (Gbits): 16,384
Off-Board BW Density (Gbits/mm): 212
Die side: 13.51 mm
Die border wire density: 606.44 Gbits/mm
HBM wire density: 303.22 Gbits/mm

Tiles per Die: 1,024 (32x32)
Tile Area: 0.12 mm2, side: 0.35 mm
- Core/Rout Area: 0.05 mm2
- SRAM Area: 0.07 mm2
- SRAM/Logic Ratio: 1.40x

Dies per Package: 1 (1x1)
Die Area: 182.47 mm2, side: 13.51 mm
- Tiles Area: 125.98 mm2
- PHY Area: 47.49 mm2
- MC Area: 9.00 mm2

Packages per Board: 1 (1x1)
Package Area: 372.47 mm2, side: 19.30 mm
- IOdie Area: 80.00 mm2
- Dies Area: 182.47 mm2
- HBM Area: 110.00 mm2

Boards: 1 (1x1)
Board Area: 372.47 mm2
Total Area: 372.47 mm2



ESTIMATED COST OF SILICON AND PACKAGING. ONLY VARIABLE, NO FIXED COSTS
Good dies per wafer 3d: 186
Good dies per wafer 2d: 272
--Dies 3D Cost: 32.51 $
--Dies 2.5D Cost: 22.23 $
--Dies 2D Cost: 22.23 $
--HBM Cost: 60.00 $
--IOdie Cost: 8.44 $
--Packaging Cost 3d: 7.25 $
--Packaging Cost 2.5d: 12.38 $
--Packaging Cost 2d: 4.60 $
SiP Cost 3d: 108.20 $
SiP Cost 2.5d: 103.05 $
SiP Cost 2d: 35.27 $
--Board Cost: 0.37 $
Total SiPs Cost 3d: 108.58 $
Total SiPs Cost 2.5d: 103.43 $
Total SiPs Cost 2d: 35.64 $

Perf counters initialized
Mesh connected
Cache structures initialized
Replicas initialized
Allocated Frontier List
Dataset structures initialized


Starting Simulation
INIT epoch: 1
INIT epoch: 1
INIT epoch: 1
INIT epoch: 1
INIT epoch: 1
INIT epoch: 1
INIT epoch: 1
INIT epoch: 1

===PRINTING FRAME STATS

FCollision In Avg:-nan, SD:-nan, Max:216, Min:2
FCollision Out Avg:-nan, SD:-nan, Max:250, Min:31
FCollision End Avg:-nan, SD:-nan, Max:172, Min:0
FTask1 Avg:-nan, SD:-nan, Max:7, Min:0
FTask2 Avg:-nan, SD:-nan, Max:61, Min:0
FTask3 Avg:-nan, SD:-nan, Max:72, Min:25
FCore Active Avg:-nan, SD:-nan, Max:97, Min:33
FRouter Active Avg:-nan, SD:-nan, Max:80, Min:44
T1 invocations: 28,233
T2 invocations: 87,391
T3 invocations: 5,237,900
T3b invocations: 0
Total3 invocations: 5,237,900
Total4 invocations: 1,068

T3/T2 ratio: 60
T3b/T3 ratio: 0

T1 avg ex cycles: 60
T2 avg ex cycles: 160
T3&b avg ex cycles: 8
T4 avg ex cycles: 371
Avg. hops NOC1: 4
Avg. latency NOC1 (T2): 37,089
Avg. hops NOC2: 17
Avg. latency NOC2 (T3): 2,766

===PRINTING ACUM STATS at pu_cycles: 100,328

ACollision In Avg:-nan, SD:-nan, Max:216, Min:2
ACollision Out Avg:-nan, SD:-nan, Max:250, Min:31
ACollision End Avg:-nan, SD:-nan, Max:172, Min:0
ATask1 Avg:-nan, SD:-nan, Max:7, Min:0
ATask2 Avg:-nan, SD:-nan, Max:61, Min:0
ATask3 Avg:-nan, SD:-nan, Max:72, Min:25
ACore Active Avg:-nan, SD:-nan, Max:97, Min:33
ARouter Active Avg:-nan, SD:-nan, Max:80, Min:44
T1 invocations: 28,307
T2 invocations: 87,699
T3 invocations: 5,247,348
T3b invocations: 0
Total3 invocations: 5,247,348
Total4 invocations: 1,070

T3/T2 ratio: 60
T3b/T3 ratio: 0

T1 avg ex cycles: 60
T2 avg ex cycles: 160
T3&b avg ex cycles: 8
T4 avg ex cycles: 371
Avg. hops NOC1: 4
Avg. latency NOC1 (T2): 37,095
Avg. hops NOC2: 17
Avg. latency NOC2 (T3): 2,766
Number of K Nodes Processed: 1,097
Number of K Edges Processed: 5,465
Node Re-explore factor: 0.26
Edge Re-explore factor: 0.04
Nodes/cy: 11
Edges/cy: 54
TEPS: 1,279

---DCache---
DCache Size: 60,880
DRAM words: 133,760
  DHits: 9,192,227
  DMisses: 637,974
  DHit Rate (hit/miss): 94%
  DEvictions: 56,639
  DEviction Rate (evict/misses): 9%
  MC Transactions: 681,532
  MC Writes: 32,503
Avg. Transactions: 85% , Writes: 4%, Avg. Latency: 30
Max MC id: 1 of 8. Transactions: 91% , Writes: 4%, MC mean Latency: 30
HBM refresh energy (nJ): 0
HBM access energy (nJ): 1,291,094
MemC wire energy 2.5d (nJ): 488,832
MemC wire energy 3d (nJ): 122,208

---Energy---
Leakage Energy (nJ): 17,572
PU Dyn E (nJ): 356,853
Mem Dyn E (nJ): 2,754,933
Route Dyn E (nJ): 444,422
Dynamic Energy (nJ): 3,556,209
Ratio of Dyn/Leak: 202
Total Energy (nJ): 3,573,781
Total Energy (nJ) 3D: 3,405,132
Cores Energy (nJ): 357,132
Route Energy (nJ): 445,342
Route Energy (nJ) 3D: 643,317
Mem Energy   (nJ): 2,771,307
Mem Energy   (nJ) 3D: 2,404,683
Avg. Power (mW): 35,620.97
Power Density (mW/mm2): 95.63

---Runtime---
Runtime in K cycles: 100.33
Microseconds: 100.33
Time per iteration (ms): 0.10

---Throughput---
GOP/s (aka OPS/ns): 354.55
GOP/s per core: 0.35
GFLOP/s: 106.52
GFLOP/s per core: 0.10
Max Peak GFLOP/s: 1,024.00
Avg. BW GB/s: 2,100.66
Max BW GB/s: 4,096.00

---Traffic---
In-Die bisection_bytes BW (GB/s): 512.00
Inter-board traffic (msg/ns): 0.00, per-link: 0.00
Inter-pack traffic (msg/ns): 0.00, per-link: 0.00
Inter-die traffic (msg/ns): 0.00, per-link: 0.00
Ruche traffic (msg/ns): 0.00, per-link: 0.00
All traffic (msg/ns): 2,063.74, per-link: 2.02
Inter-die reduction wrt all: inf
Inter-board reduction wrt inter-die: -nan

---Data Movement---
All traffic (msg): 207,050,829
Arith. Intensity FLOP/Loads: 0.41
Arith. Intensity FLOP/Msgs: 0.05
Arith. Intensity OPS/Loads: 1.36
Arith. Intensity OPS/Msgs: 0.17



===Core Utilization Total=== CORE-S:1;; TIME K cy:100 ;; Nodes Proc: 138,697 -- Edges Proc: 794,781

===PRINTING FRAME STATS

FCollision In Avg:117, SD:35, Max:272, Min:3
FCollision Out Avg:128, SD:44, Max:276, Min:27
FCollision End Avg:44, SD:41, Max:200, Min:0
FTask1 Avg:2, SD:2, Max:10, Min:0
FTask2 Avg:22, SD:15, Max:68, Min:0
FTask3 Avg:36, SD:6, Max:59, Min:24
FCore Active Avg:60, SD:16, Max:100, Min:25
FRouter Active Avg:84, SD:4, Max:93, Min:50
T1 invocations: 40,931
T2 invocations: 148,254
T3 invocations: 8,952,427
T3b invocations: 0
Total3 invocations: 8,952,427
Total4 invocations: 226

T3/T2 ratio: 60
T3b/T3 ratio: 0

T1 avg ex cycles: 45
T2 avg ex cycles: 152
T3&b avg ex cycles: 4
T4 avg ex cycles: 571
Avg. hops NOC1: 2
Avg. latency NOC1 (T2): 47,574
Avg. hops NOC2: 17
Avg. latency NOC2 (T3): 2,298

===PRINTING ACUM STATS at pu_cycles: 200,717

ACollision In Avg:108, SD:30, Max:243, Min:3
ACollision Out Avg:130, SD:37, Max:261, Min:37
ACollision End Avg:43, SD:34, Max:185, Min:0
ATask1 Avg:2, SD:1, Max:6, Min:0
ATask2 Avg:18, SD:11, Max:50, Min:0
ATask3 Avg:39, SD:6, Max:59, Min:26
ACore Active Avg:59, SD:12, Max:91, Min:29
ARouter Active Avg:72, SD:5, Max:82, Min:50
T1 invocations: 69,283
T2 invocations: 235,954
T3 invocations: 14,196,176
T3b invocations: 0
Total3 invocations: 14,196,176
Total4 invocations: 1,297

T3/T2 ratio: 60
T3b/T3 ratio: 0

T1 avg ex cycles: 51
T2 avg ex cycles: 155
T3&b avg ex cycles: 6
T4 avg ex cycles: 406
Avg. hops NOC1: 3
Avg. latency NOC1 (T2): 43,684
Avg. hops NOC2: 17
Avg. latency NOC2 (T3): 2,472
Number of K Nodes Processed: 1,834
Number of K Edges Processed: 14,443
Node Re-explore factor: 0.44
Edge Re-explore factor: 0.11
Nodes/cy: 9
Edges/cy: 72
TEPS: 639

---DCache---
DCache Size: 60,880
DRAM words: 133,760
  DHits: 22,777,156
  DMisses: 1,266,460
  DHit Rate (hit/miss): 95%
  DEvictions: 198,880
  DEviction Rate (evict/misses): 16%
  MC Transactions: 1,377,748
  MC Writes: 91,484
Avg. Transactions: 86% , Writes: 6%, Avg. Latency: 25
Max MC id: 0 of 8. Transactions: 89% , Writes: 6%, MC mean Latency: 26
HBM refresh energy (nJ): 0
HBM access energy (nJ): 2,610,005
MemC wire energy 2.5d (nJ): 988,196
MemC wire energy 3d (nJ): 247,049

---Energy---
Leakage Energy (nJ): 35,155
PU Dyn E (nJ): 893,719
Mem Dyn E (nJ): 6,029,452
Route Dyn E (nJ): 1,178,422
Dynamic Energy (nJ): 8,101,594
Ratio of Dyn/Leak: 230
Total Energy (nJ): 8,136,749
Total Energy (nJ) 3D: 7,920,549
Cores Energy (nJ): 894,278
Route Energy (nJ): 1,180,262
Route Energy (nJ) 3D: 1,705,209
Mem Energy   (nJ): 6,062,209
Mem Energy   (nJ) 3D: 5,321,062
Avg. Power (mW): 40,538.41
Power Density (mW/mm2): 108.84

---Runtime---
Runtime in K cycles: 200.72
Microseconds: 200.72
Time per iteration (ms): 0.20

---Throughput---
GOP/s (aka OPS/ns): 407.24
GOP/s per core: 0.40
GFLOP/s: 142.50
GFLOP/s per core: 0.14
Max Peak GFLOP/s: 1,024.00
Avg. BW GB/s: 2,627.31
Max BW GB/s: 4,096.00

---Traffic---
In-Die bisection_bytes BW (GB/s): 512.00
Inter-board traffic (msg/ns): 0.00, per-link: 0.00
Inter-pack traffic (msg/ns): 0.00, per-link: 0.00
Inter-die traffic (msg/ns): 0.00, per-link: 0.00
Ruche traffic (msg/ns): 0.00, per-link: 0.00
All traffic (msg/ns): 2,667.52, per-link: 2.61
Inter-die reduction wrt all: inf
Inter-board reduction wrt inter-die: -nan

---Data Movement---
All traffic (msg): 535,417,227
Arith. Intensity FLOP/Loads: 0.44
Arith. Intensity FLOP/Msgs: 0.05
Arith. Intensity OPS/Loads: 1.25
Arith. Intensity OPS/Msgs: 0.15



===Core Utilization Total=== CORE-S:2;; TIME K cy:200 ;; Nodes Proc: 229,996 -- Edges Proc: 1,882,624

===PRINTING FRAME STATS

FCollision In Avg:119, SD:33, Max:279, Min:7
FCollision Out Avg:126, SD:44, Max:278, Min:19
FCollision End Avg:42, SD:40, Max:188, Min:0
FTask1 Avg:2, SD:2, Max:12, Min:0
FTask2 Avg:23, SD:15, Max:66, Min:0
FTask3 Avg:34, SD:5, Max:54, Min:21
FCore Active Avg:59, SD:16, Max:100, Min:23
FRouter Active Avg:86, SD:3, Max:93, Min:74
T1 invocations: 51,329
T2 invocations: 163,035
T3 invocations: 9,456,618
T3b invocations: 0
Total3 invocations: 9,456,618
Total4 invocations: 388

T3/T2 ratio: 58
T3b/T3 ratio: 0

T1 avg ex cycles: 42
T2 avg ex cycles: 143
T3&b avg ex cycles: 4
T4 avg ex cycles: 569
Avg. hops NOC1: 2
Avg. latency NOC1 (T2): 41,194
Avg. hops NOC2: 17
Avg. latency NOC2 (T3): 2,001

===PRINTING ACUM STATS at pu_cycles: 300,676

ACollision In Avg:112, SD:27, Max:243, Min:20
ACollision Out Avg:129, SD:35, Max:260, Min:38
ACollision End Avg:42, SD:32, Max:186, Min:0
ATask1 Avg:2, SD:1, Max:7, Min:0
ATask2 Avg:20, SD:11, Max:51, Min:0
ATask3 Avg:37, SD:5, Max:56, Min:27
ACore Active Avg:59, SD:11, Max:89, Min:31
ARouter Active Avg:76, SD:3, Max:83, Min:67
T1 invocations: 120,028
T2 invocations: 398,534
T3 invocations: 23,637,759
T3b invocations: 0
Total3 invocations: 23,637,759
Total4 invocations: 1,678

T3/T2 ratio: 59
T3b/T3 ratio: 0

T1 avg ex cycles: 47
T2 avg ex cycles: 150
T3&b avg ex cycles: 5
T4 avg ex cycles: 443
Avg. hops NOC1: 3
Avg. latency NOC1 (T2): 42,697
Avg. hops NOC2: 17
Avg. latency NOC2 (T3): 2,285
Number of K Nodes Processed: 2,277
Number of K Edges Processed: 23,887
Node Re-explore factor: 0.54
Edge Re-explore factor: 0.19
Nodes/cy: 8
Edges/cy: 79
TEPS: 427

---DCache---
DCache Size: 60,880
DRAM words: 133,760
  DHits: 36,756,755
  DMisses: 1,910,763
  DHit Rate (hit/miss): 95%
  DEvictions: 390,186
  DEviction Rate (evict/misses): 20%
  MC Transactions: 2,088,006
  MC Writes: 148,168
Avg. Transactions: 87% , Writes: 6%, Avg. Latency: 23
Max MC id: 5 of 8. Transactions: 90% , Writes: 7%, MC mean Latency: 23
HBM refresh energy (nJ): 0
HBM access energy (nJ): 3,955,518
MemC wire energy 2.5d (nJ): 1,497,631
MemC wire energy 3d (nJ): 374,408

---Energy---
Leakage Energy (nJ): 52,662
PU Dyn E (nJ): 1,445,188
Mem Dyn E (nJ): 9,372,044
Route Dyn E (nJ): 1,945,456
Dynamic Energy (nJ): 12,762,689
Ratio of Dyn/Leak: 242
Total Energy (nJ): 12,815,351
Total Energy (nJ) 3D: 12,558,762
Cores Energy (nJ): 1,446,026
Route Energy (nJ): 1,948,212
Route Energy (nJ) 3D: 2,814,846
Mem Energy   (nJ): 9,421,114
Mem Energy   (nJ) 3D: 8,297,891
Avg. Power (mW): 42,621.80
Power Density (mW/mm2): 114.43

---Runtime---
Runtime in K cycles: 300.68
Microseconds: 300.68
Time per iteration (ms): 0.30

---Throughput---
GOP/s (aka OPS/ns): 423.52
GOP/s per core: 0.41
GFLOP/s: 157.84
GFLOP/s per core: 0.15
Max Peak GFLOP/s: 1,024.00
Avg. BW GB/s: 2,828.30
Max BW GB/s: 4,096.00

---Traffic---
In-Die bisection_bytes BW (GB/s): 512.00
Inter-board traffic (msg/ns): 0.00, per-link: 0.00
Inter-pack traffic (msg/ns): 0.00, per-link: 0.00
Inter-die traffic (msg/ns): 0.00, per-link: 0.00
Ruche traffic (msg/ns): 0.00, per-link: 0.00
All traffic (msg/ns): 2,920.73, per-link: 2.85
Inter-die reduction wrt all: inf
Inter-board reduction wrt inter-die: -nan

---Data Movement---
All traffic (msg): 878,194,144
Arith. Intensity FLOP/Loads: 0.45
Arith. Intensity FLOP/Msgs: 0.05
Arith. Intensity OPS/Loads: 1.20
Arith. Intensity OPS/Msgs: 0.15



===Core Utilization Total=== CORE-S:3;; TIME K cy:300 ;; Nodes Proc: 285,422 -- Edges Proc: 3,042,934

===PRINTING FRAME STATS

FCollision In Avg:117, SD:29, Max:261, Min:11
FCollision Out Avg:118, SD:44, Max:266, Min:15
FCollision End Avg:38, SD:37, Max:188, Min:0
FTask1 Avg:3, SD:2, Max:15, Min:0
FTask2 Avg:23, SD:15, Max:65, Min:0
FTask3 Avg:34, SD:5, Max:58, Min:21
FCore Active Avg:60, SD:16, Max:100, Min:25
FRouter Active Avg:88, SD:3, Max:94, Min:80
T1 invocations: 71,631
T2 invocations: 186,697
T3 invocations: 9,895,854
T3b invocations: 0
Total3 invocations: 9,895,854
Total4 invocations: 730

T3/T2 ratio: 53
T3b/T3 ratio: 0

T1 avg ex cycles: 38
T2 avg ex cycles: 129
T3&b avg ex cycles: 3
T4 avg ex cycles: 564
Avg. hops NOC1: 2
Avg. latency NOC1 (T2): 34,509
Avg. hops NOC2: 17
Avg. latency NOC2 (T3): 1,866

===PRINTING ACUM STATS at pu_cycles: 400,639

ACollision In Avg:113, SD:24, Max:243, Min:27
ACollision Out Avg:126, SD:34, Max:251, Min:33
ACollision End Avg:41, SD:30, Max:178, Min:0
ATask1 Avg:2, SD:1, Max:9, Min:0
ATask2 Avg:21, SD:10, Max:51, Min:0
ATask3 Avg:36, SD:4, Max:55, Min:27
ACore Active Avg:59, SD:11, Max:90, Min:30
ARouter Active Avg:79, SD:2, Max:84, Min:71
T1 invocations: 191,445
T2 invocations: 583,787
T3 invocations: 33,448,890
T3b invocations: 0
Total3 invocations: 33,448,890
Total4 invocations: 2,411

T3/T2 ratio: 57
T3b/T3 ratio: 0

T1 avg ex cycles: 44
T2 avg ex cycles: 143
T3&b avg ex cycles: 4
T4 avg ex cycles: 480
Avg. hops NOC1: 3
Avg. latency NOC1 (T2): 40,072
Avg. hops NOC2: 17
Avg. latency NOC2 (T3): 2,161
Number of K Nodes Processed: 2,574
Number of K Edges Processed: 33,792
Node Re-explore factor: 0.61
Edge Re-explore factor: 0.26
Nodes/cy: 6
Edges/cy: 84
TEPS: 320

---DCache---
DCache Size: 60,880
DRAM words: 133,760
  DHits: 51,142,473
  DMisses: 2,579,844
  DHit Rate (hit/miss): 95%
  DEvictions: 650,244
  DEviction Rate (evict/misses): 25%
  MC Transactions: 2,822,812
  MC Writes: 203,775
Avg. Transactions: 88% , Writes: 6%, Avg. Latency: 22
Max MC id: 5 of 8. Transactions: 91% , Writes: 7%, MC mean Latency: 22
HBM refresh energy (nJ): 1
HBM access energy (nJ): 5,347,535
MemC wire energy 2.5d (nJ): 2,024,674
MemC wire energy 3d (nJ): 506,169

---Energy---
Leakage Energy (nJ): 70,170
PU Dyn E (nJ): 2,014,640
Mem Dyn E (nJ): 12,818,107
Route Dyn E (nJ): 2,750,781
Dynamic Energy (nJ): 17,583,528
Ratio of Dyn/Leak: 251
Total Energy (nJ): 17,653,698
Total Energy (nJ) 3D: 17,360,572
Cores Energy (nJ): 2,015,755
Route Energy (nJ): 2,754,452
Route Energy (nJ) 3D: 3,979,831
Mem Energy   (nJ): 12,883,492
Mem Energy   (nJ) 3D: 11,364,986
Avg. Power (mW): 44,063.85
Power Density (mW/mm2): 118.30

---Runtime---
Runtime in K cycles: 400.64
Microseconds: 400.64
Time per iteration (ms): 0.40

---Throughput---
GOP/s (aka OPS/ns): 434.02
GOP/s per core: 0.42
GFLOP/s: 167.41
GFLOP/s per core: 0.16
Max Peak GFLOP/s: 1,024.00
Avg. BW GB/s: 2,949.91
Max BW GB/s: 4,096.00

---Traffic---
In-Die bisection_bytes BW (GB/s): 512.00
Inter-board traffic (msg/ns): 0.00, per-link: 0.00
Inter-pack traffic (msg/ns): 0.00, per-link: 0.00
Inter-die traffic (msg/ns): 0.00, per-link: 0.00
Ruche traffic (msg/ns): 0.00, per-link: 0.00
All traffic (msg/ns): 3,088.97, per-link: 3.02
Inter-die reduction wrt all: inf
Inter-board reduction wrt inter-die: -nan

---Data Movement---
All traffic (msg): 1,237,562,698
Arith. Intensity FLOP/Loads: 0.46
Arith. Intensity FLOP/Msgs: 0.05
Arith. Intensity OPS/Loads: 1.18
Arith. Intensity OPS/Msgs: 0.14



===Core Utilization Total=== CORE-S:4;; TIME K cy:400 ;; Nodes Proc: 322,240 -- Edges Proc: 4,249,788

===PRINTING FRAME STATS

FCollision In Avg:112, SD:29, Max:258, Min:7
FCollision Out Avg:112, SD:43, Max:251, Min:7
FCollision End Avg:35, SD:37, Max:190, Min:0
FTask1 Avg:3, SD:3, Max:16, Min:0
FTask2 Avg:23, SD:14, Max:63, Min:0
FTask3 Avg:33, SD:5, Max:59, Min:21
FCore Active Avg:59, SD:16, Max:100, Min:23
FRouter Active Avg:88, SD:3, Max:94, Min:79
T1 invocations: 86,835
T2 invocations: 202,264
T3 invocations: 9,854,644
T3b invocations: 0
Total3 invocations: 9,854,644
Total4 invocations: 1,010

T3/T2 ratio: 49
T3b/T3 ratio: 0

T1 avg ex cycles: 36
T2 avg ex cycles: 117
T3&b avg ex cycles: 3
T4 avg ex cycles: 563
Avg. hops NOC1: 2
Avg. latency NOC1 (T2): 30,155
Avg. hops NOC2: 17
Avg. latency NOC2 (T3): 1,853

===PRINTING ACUM STATS at pu_cycles: 500,549

ACollision In Avg:113, SD:22, Max:246, Min:26
ACollision Out Avg:123, SD:32, Max:246, Min:34
ACollision End Avg:40, SD:27, Max:169, Min:0
ATask1 Avg:2, SD:1, Max:11, Min:0
ATask2 Avg:21, SD:10, Max:51, Min:0
ATask3 Avg:36, SD:4, Max:55, Min:26
ACore Active Avg:59, SD:11, Max:90, Min:30
ARouter Active Avg:81, SD:2, Max:86, Min:76
T1 invocations: 278,965
T2 invocations: 787,445
T3 invocations: 43,394,609
T3b invocations: 0
Total3 invocations: 43,394,609
Total4 invocations: 3,430

T3/T2 ratio: 55
T3b/T3 ratio: 0

T1 avg ex cycles: 41
T2 avg ex cycles: 137
T3&b avg ex cycles: 4
T4 avg ex cycles: 505
Avg. hops NOC1: 2
Avg. latency NOC1 (T2): 37,546
Avg. hops NOC2: 17
Avg. latency NOC2 (T3): 2,091
Number of K Nodes Processed: 2,788
Number of K Edges Processed: 43,653
Node Re-explore factor: 0.66
Edge Re-explore factor: 0.34
Nodes/cy: 6
Edges/cy: 87
TEPS: 256

---DCache---
DCache Size: 60,880
DRAM words: 133,760
  DHits: 65,519,936
  DMisses: 3,234,328
  DHit Rate (hit/miss): 95%
  DEvictions: 954,286
  DEviction Rate (evict/misses): 30%
  MC Transactions: 3,541,782
  MC Writes: 258,587
Avg. Transactions: 88% , Writes: 6%, Avg. Latency: 22
Max MC id: 5 of 8. Transactions: 91% , Writes: 7%, MC mean Latency: 21
HBM refresh energy (nJ): 1
HBM access energy (nJ): 6,709,551
MemC wire energy 2.5d (nJ): 2,540,359
MemC wire energy 3d (nJ): 635,090

---Energy---
Leakage Energy (nJ): 87,669
PU Dyn E (nJ): 2,592,007
Mem Dyn E (nJ): 16,234,867
Route Dyn E (nJ): 3,569,829
Dynamic Energy (nJ): 22,396,703
Ratio of Dyn/Leak: 255
Total Energy (nJ): 22,484,372
Total Energy (nJ) 3D: 22,169,341
Cores Energy (nJ): 2,593,401
Route Energy (nJ): 3,574,416
Route Energy (nJ) 3D: 5,164,654
Mem Energy   (nJ): 16,316,556
Mem Energy   (nJ) 3D: 14,411,287
Avg. Power (mW): 44,919.42
Power Density (mW/mm2): 120.60

---Runtime---
Runtime in K cycles: 500.55
Microseconds: 500.55
Time per iteration (ms): 0.50

---Throughput---
GOP/s (aka OPS/ns): 441.41
GOP/s per core: 0.43
GFLOP/s: 173.78
GFLOP/s per core: 0.17
Max Peak GFLOP/s: 1,024.00
Avg. BW GB/s: 3,029.53
Max BW GB/s: 4,096.00

---Traffic---
In-Die bisection_bytes BW (GB/s): 512.00
Inter-board traffic (msg/ns): 0.00, per-link: 0.00
Inter-pack traffic (msg/ns): 0.00, per-link: 0.00
Inter-die traffic (msg/ns): 0.00, per-link: 0.00
Ruche traffic (msg/ns): 0.00, per-link: 0.00
All traffic (msg/ns): 3,200.69, per-link: 3.13
Inter-die reduction wrt all: inf
Inter-board reduction wrt inter-die: -nan

---Data Movement---
All traffic (msg): 1,602,100,318
Arith. Intensity FLOP/Loads: 0.46
Arith. Intensity FLOP/Msgs: 0.05
Arith. Intensity OPS/Loads: 1.17
Arith. Intensity OPS/Msgs: 0.14



===Core Utilization Total=== CORE-S:5;; TIME K cy:500 ;; Nodes Proc: 348,847 -- Edges Proc: 5,475,692

===PRINTING FRAME STATS

FCollision In Avg:108, SD:25, Max:236, Min:9
FCollision Out Avg:105, SD:42, Max:248, Min:15
FCollision End Avg:32, SD:34, Max:183, Min:0
FTask1 Avg:4, SD:4, Max:21, Min:0
FTask2 Avg:24, SD:15, Max:67, Min:0
FTask3 Avg:34, SD:6, Max:63, Min:22
FCore Active Avg:63, SD:16, Max:100, Min:25
FRouter Active Avg:90, SD:2, Max:95, Min:82
T1 invocations: 119,176
T2 invocations: 238,978
T3 invocations: 10,574,195
T3b invocations: 0
Total3 invocations: 10,574,195
Total4 invocations: 1,566

T3/T2 ratio: 44
T3b/T3 ratio: 0

T1 avg ex cycles: 33
T2 avg ex cycles: 105
T3&b avg ex cycles: 3
T4 avg ex cycles: 559
Avg. hops NOC1: 2
Avg. latency NOC1 (T2): 24,422
Avg. hops NOC2: 17
Avg. latency NOC2 (T3): 1,829

===PRINTING ACUM STATS at pu_cycles: 601,036

ACollision In Avg:112, SD:20, Max:231, Min:40
ACollision Out Avg:120, SD:30, Max:246, Min:38
ACollision End Avg:39, SD:25, Max:153, Min:0
ATask1 Avg:3, SD:2, Max:10, Min:0
ATask2 Avg:22, SD:9, Max:48, Min:0
ATask3 Avg:35, SD:4, Max:56, Min:26
ACore Active Avg:60, SD:10, Max:90, Min:30
ARouter Active Avg:83, SD:1, Max:87, Min:78
T1 invocations: 398,412
T2 invocations: 1,026,621
T3 invocations: 53,978,804
T3b invocations: 0
Total3 invocations: 53,978,804
Total4 invocations: 5,004

T3/T2 ratio: 53
T3b/T3 ratio: 0

T1 avg ex cycles: 39
T2 avg ex cycles: 129
T3&b avg ex cycles: 4
T4 avg ex cycles: 522
Avg. hops NOC1: 2
Avg. latency NOC1 (T2): 34,475
Avg. hops NOC2: 17
Avg. latency NOC2 (T3): 2,039
Number of K Nodes Processed: 2,958
Number of K Edges Processed: 54,253
Node Re-explore factor: 0.71
Edge Re-explore factor: 0.42
Nodes/cy: 5
Edges/cy: 90
TEPS: 213

---DCache---
DCache Size: 60,880
DRAM words: 133,760
  DHits: 80,638,965
  DMisses: 3,933,188
  DHit Rate (hit/miss): 95%
  DEvictions: 1,329,868
  DEviction Rate (evict/misses): 34%
  MC Transactions: 4,309,249
  MC Writes: 315,115
Avg. Transactions: 90% , Writes: 7%, Avg. Latency: 21
Max MC id: 3 of 8. Transactions: 92% , Writes: 7%, MC mean Latency: 21
HBM refresh energy (nJ): 1
HBM access energy (nJ): 8,163,441
MemC wire energy 2.5d (nJ): 3,090,828
MemC wire energy 3d (nJ): 772,707

---Energy---
Leakage Energy (nJ): 105,269
PU Dyn E (nJ): 3,207,883
Mem Dyn E (nJ): 19,869,746
Route Dyn E (nJ): 4,433,205
Dynamic Energy (nJ): 27,510,834
Ratio of Dyn/Leak: 261
Total Energy (nJ): 27,616,103
Total Energy (nJ) 3D: 27,272,825
Cores Energy (nJ): 3,209,556
Route Energy (nJ): 4,438,712
Route Energy (nJ) 3D: 6,413,554
Mem Energy   (nJ): 19,967,835
Mem Energy   (nJ) 3D: 17,649,714
Avg. Power (mW): 45,947.50
Power Density (mW/mm2): 123.36

---Runtime---
Runtime in K cycles: 601.04
Microseconds: 601.04
Time per iteration (ms): 0.60

---Throughput---
GOP/s (aka OPS/ns): 451.71
GOP/s per core: 0.44
GFLOP/s: 179.92
GFLOP/s per core: 0.18
Max Peak GFLOP/s: 1,024.00
Avg. BW GB/s: 3,113.49
Max BW GB/s: 4,096.00

---Traffic---
In-Die bisection_bytes BW (GB/s): 512.00
Inter-board traffic (msg/ns): 0.00, per-link: 0.00
Inter-pack traffic (msg/ns): 0.00, per-link: 0.00
Inter-die traffic (msg/ns): 0.00, per-link: 0.00
Ruche traffic (msg/ns): 0.00, per-link: 0.00
All traffic (msg/ns): 3,305.89, per-link: 3.23
Inter-die reduction wrt all: inf
Inter-board reduction wrt inter-die: -nan

---Data Movement---
All traffic (msg): 1,986,956,930
Arith. Intensity FLOP/Loads: 0.46
Arith. Intensity FLOP/Msgs: 0.05
Arith. Intensity OPS/Loads: 1.17
Arith. Intensity OPS/Msgs: 0.14



===Core Utilization Total=== CORE-S:6;; TIME K cy:600 ;; Nodes Proc: 369,723 -- Edges Proc: 6,812,838

===PRINTING FRAME STATS

FCollision In Avg:105, SD:23, Max:201, Min:9
FCollision Out Avg:98, SD:42, Max:255, Min:12
FCollision End Avg:29, SD:32, Max:115, Min:0
FTask1 Avg:5, SD:4, Max:25, Min:0
FTask2 Avg:24, SD:15, Max:71, Min:0
FTask3 Avg:35, SD:6, Max:68, Min:20
FCore Active Avg:65, SD:16, Max:100, Min:26
FRouter Active Avg:91, SD:2, Max:96, Min:84
T1 invocations: 151,207
T2 invocations: 266,779
T3 invocations: 10,885,853
T3b invocations: 0
Total3 invocations: 10,885,853
Total4 invocations: 2,130

T3/T2 ratio: 41
T3b/T3 ratio: 0

T1 avg ex cycles: 32
T2 avg ex cycles: 93
T3&b avg ex cycles: 3
T4 avg ex cycles: 542
Avg. hops NOC1: 2
Avg. latency NOC1 (T2): 19,801
Avg. hops NOC2: 17
Avg. latency NOC2 (T3): 1,831

===PRINTING ACUM STATS at pu_cycles: 700,688

ACollision In Avg:111, SD:18, Max:219, Min:45
ACollision Out Avg:117, SD:28, Max:248, Min:39
ACollision End Avg:37, SD:22, Max:135, Min:0
ATask1 Avg:3, SD:2, Max:10, Min:0
ATask2 Avg:22, SD:8, Max:45, Min:0
ATask3 Avg:35, SD:5, Max:58, Min:26
ACore Active Avg:61, SD:10, Max:90, Min:30
ARouter Active Avg:84, SD:1, Max:88, Min:79
T1 invocations: 544,006
T2 invocations: 1,284,914
T3 invocations: 64,439,145
T3b invocations: 0
Total3 invocations: 64,439,145
Total4 invocations: 7,064

T3/T2 ratio: 50
T3b/T3 ratio: 0

T1 avg ex cycles: 37
T2 avg ex cycles: 122
T3&b avg ex cycles: 4
T4 avg ex cycles: 528
Avg. hops NOC1: 2
Avg. latency NOC1 (T2): 31,512
Avg. hops NOC2: 17
Avg. latency NOC2 (T3): 2,006
Number of K Nodes Processed: 3,093
Number of K Edges Processed: 65,136
Node Re-explore factor: 0.74
Edge Re-explore factor: 0.51
Nodes/cy: 4
Edges/cy: 93
TEPS: 183

---DCache---
DCache Size: 60,880
DRAM words: 133,760
  DHits: 95,964,520
  DMisses: 4,651,098
  DHit Rate (hit/miss): 95%
  DEvictions: 1,767,587
  DEviction Rate (evict/misses): 38%
  MC Transactions: 5,101,307
  MC Writes: 376,432
Avg. Transactions: 91% , Writes: 7%, Avg. Latency: 20
Max MC id: 3 of 8. Transactions: 93% , Writes: 7%, MC mean Latency: 20
HBM refresh energy (nJ): 2
HBM access energy (nJ): 9,663,915
MemC wire energy 2.5d (nJ): 3,658,935
MemC wire energy 3d (nJ): 914,734

---Energy---
Leakage Energy (nJ): 122,722
PU Dyn E (nJ): 3,817,417
Mem Dyn E (nJ): 23,550,537
Route Dyn E (nJ): 5,295,621
Dynamic Energy (nJ): 32,663,575
Ratio of Dyn/Leak: 266
Total Energy (nJ): 32,786,297
Total Energy (nJ) 3D: 32,401,115
Cores Energy (nJ): 3,819,368
Route Energy (nJ): 5,302,041
Route Energy (nJ) 3D: 7,661,060
Mem Energy   (nJ): 23,664,889
Mem Energy   (nJ) 3D: 20,920,688
Avg. Power (mW): 46,791.58
Power Density (mW/mm2): 125.62

---Runtime---
Runtime in K cycles: 700.69
Microseconds: 700.69
Time per iteration (ms): 0.70

---Throughput---
GOP/s (aka OPS/ns): 459.70
GOP/s per core: 0.45
GFLOP/s: 184.01
GFLOP/s per core: 0.18
Max Peak GFLOP/s: 1,024.00
Avg. BW GB/s: 3,169.44
Max BW GB/s: 4,096.00

---Traffic---
In-Die bisection_bytes BW (GB/s): 512.00
Inter-board traffic (msg/ns): 0.00, per-link: 0.00
Inter-pack traffic (msg/ns): 0.00, per-link: 0.00
Inter-die traffic (msg/ns): 0.00, per-link: 0.00
Ruche traffic (msg/ns): 0.00, per-link: 0.00
All traffic (msg/ns): 3,385.33, per-link: 3.31
Inter-die reduction wrt all: inf
Inter-board reduction wrt inter-die: -nan

---Data Movement---
All traffic (msg): 2,372,059,302
Arith. Intensity FLOP/Loads: 0.47
Arith. Intensity FLOP/Msgs: 0.05
Arith. Intensity OPS/Loads: 1.17
Arith. Intensity OPS/Msgs: 0.14



===Core Utilization Total=== CORE-S:7;; TIME K cy:700 ;; Nodes Proc: 386,765 -- Edges Proc: 8,195,216

===PRINTING FRAME STATS

FCollision In Avg:102, SD:21, Max:201, Min:14
FCollision Out Avg:94, SD:39, Max:248, Min:10
FCollision End Avg:28, SD:31, Max:105, Min:0
FTask1 Avg:6, SD:5, Max:29, Min:0
FTask2 Avg:25, SD:15, Max:65, Min:0
FTask3 Avg:35, SD:6, Max:71, Min:23
FCore Active Avg:67, SD:16, Max:100, Min:25
FRouter Active Avg:92, SD:2, Max:96, Min:86
T1 invocations: 187,212
T2 invocations: 307,857
T3 invocations: 11,135,180
T3b invocations: 0
Total3 invocations: 11,135,180
Total4 invocations: 3,047

T3/T2 ratio: 36
T3b/T3 ratio: 0

T1 avg ex cycles: 31
T2 avg ex cycles: 84
T3&b avg ex cycles: 3
T4 avg ex cycles: 492
Avg. hops NOC1: 2
Avg. latency NOC1 (T2): 16,193
Avg. hops NOC2: 17
Avg. latency NOC2 (T3): 1,819

===PRINTING ACUM STATS at pu_cycles: 800,960

ACollision In Avg:110, SD:16, Max:200, Min:52
ACollision Out Avg:114, SD:27, Max:248, Min:37
ACollision End Avg:36, SD:20, Max:119, Min:0
ATask1 Avg:3, SD:2, Max:10, Min:0
ATask2 Avg:22, SD:8, Max:43, Min:0
ATask3 Avg:35, SD:5, Max:59, Min:26
ACore Active Avg:62, SD:10, Max:91, Min:30
ARouter Active Avg:85, SD:1, Max:88, Min:81
T1 invocations: 736,096
T2 invocations: 1,606,784
T3 invocations: 76,014,673
T3b invocations: 0
Total3 invocations: 76,014,673
Total4 invocations: 10,183

T3/T2 ratio: 47
T3b/T3 ratio: 0

T1 avg ex cycles: 36
T2 avg ex cycles: 114
T3&b avg ex cycles: 4
T4 avg ex cycles: 517
Avg. hops NOC1: 2
Avg. latency NOC1 (T2): 28,465
Avg. hops NOC2: 17
Avg. latency NOC2 (T3): 1,982
Number of K Nodes Processed: 3,205
Number of K Edges Processed: 76,298
Node Re-explore factor: 0.76
Edge Re-explore factor: 0.59
Nodes/cy: 4
Edges/cy: 95
TEPS: 160

---DCache---
DCache Size: 60,880
DRAM words: 133,760
  DHits: 111,390,330
  DMisses: 5,385,769
  DHit Rate (hit/miss): 95%
  DEvictions: 2,271,229
  DEviction Rate (evict/misses): 42%
  MC Transactions: 5,909,991
  MC Writes: 436,009
Avg. Transactions: 92% , Writes: 7%, Avg. Latency: 20
Max MC id: 3 of 8. Transactions: 94% , Writes: 7%, MC mean Latency: 20
HBM refresh energy (nJ): 2
HBM access energy (nJ): 11,195,886
MemC wire energy 2.5d (nJ): 4,238,967
MemC wire energy 3d (nJ): 1,059,742

---Energy---
Leakage Energy (nJ): 140,284
PU Dyn E (nJ): 4,503,676
Mem Dyn E (nJ): 27,441,069
Route Dyn E (nJ): 6,246,797
Dynamic Energy (nJ): 38,191,543
Ratio of Dyn/Leak: 272
Total Energy (nJ): 38,331,827
Total Energy (nJ) 3D: 37,935,338
Cores Energy (nJ): 4,505,906
Route Energy (nJ): 6,254,137
Route Energy (nJ) 3D: 9,036,872
Mem Energy   (nJ): 27,571,786
Mem Energy   (nJ) 3D: 24,392,561
Avg. Power (mW): 47,857.36
Power Density (mW/mm2): 128.49

---Runtime---
Runtime in K cycles: 800.96
Microseconds: 800.96
Time per iteration (ms): 0.80

---Throughput---
GOP/s (aka OPS/ns): 473.82
GOP/s per core: 0.46
GFLOP/s: 190.06
GFLOP/s per core: 0.19
Max Peak GFLOP/s: 1,024.00
Avg. BW GB/s: 3,260.95
Max BW GB/s: 4,096.00

---Traffic---
In-Die bisection_bytes BW (GB/s): 512.00
Inter-board traffic (msg/ns): 0.00, per-link: 0.00
Inter-pack traffic (msg/ns): 0.00, per-link: 0.00
Inter-die traffic (msg/ns): 0.00, per-link: 0.00
Ruche traffic (msg/ns): 0.00, per-link: 0.00
All traffic (msg/ns): 3,489.37, per-link: 3.41
Inter-die reduction wrt all: inf
Inter-board reduction wrt inter-die: -nan

---Data Movement---
All traffic (msg): 2,794,843,725
Arith. Intensity FLOP/Loads: 0.47
Arith. Intensity FLOP/Msgs: 0.05
Arith. Intensity OPS/Loads: 1.17
Arith. Intensity OPS/Msgs: 0.14



===Core Utilization Total=== CORE-S:8;; TIME K cy:800 ;; Nodes Proc: 400,901 -- Edges Proc: 9,548,691

===PRINTING FRAME STATS

FCollision In Avg:100, SD:21, Max:194, Min:8
FCollision Out Avg:92, SD:38, Max:242, Min:18
FCollision End Avg:27, SD:30, Max:200, Min:0
FTask1 Avg:6, SD:5, Max:25, Min:0
FTask2 Avg:25, SD:14, Max:67, Min:0
FTask3 Avg:35, SD:6, Max:73, Min:23
FCore Active Avg:68, SD:15, Max:100, Min:24
FRouter Active Avg:92, SD:1, Max:96, Min:85
T1 invocations: 206,746
T2 invocations: 326,617
T3 invocations: 11,097,846
T3b invocations: 0
Total3 invocations: 11,097,846
Total4 invocations: 3,856

T3/T2 ratio: 34
T3b/T3 ratio: 0

T1 avg ex cycles: 31
T2 avg ex cycles: 79
T3&b avg ex cycles: 3
T4 avg ex cycles: 436
Avg. hops NOC1: 2
Avg. latency NOC1 (T2): 14,801
Avg. hops NOC2: 17
Avg. latency NOC2 (T3): 1,890

===PRINTING ACUM STATS at pu_cycles: 900,717

ACollision In Avg:109, SD:15, Max:190, Min:53
ACollision Out Avg:112, SD:26, Max:247, Min:38
ACollision End Avg:35, SD:19, Max:112, Min:0
ATask1 Avg:4, SD:2, Max:9, Min:0
ATask2 Avg:23, SD:7, Max:42, Min:0
ATask3 Avg:35, SD:5, Max:61, Min:26
ACore Active Avg:62, SD:9, Max:92, Min:32
ARouter Active Avg:86, SD:1, Max:89, Min:82
T1 invocations: 942,698
T2 invocations: 1,932,706
T3 invocations: 87,091,531
T3b invocations: 0
Total3 invocations: 87,091,531
Total4 invocations: 14,040

T3/T2 ratio: 45
T3b/T3 ratio: 0

T1 avg ex cycles: 34
T2 avg ex cycles: 108
T3&b avg ex cycles: 4
T4 avg ex cycles: 495
Avg. hops NOC1: 2
Avg. latency NOC1 (T2): 26,160
Avg. hops NOC2: 17
Avg. latency NOC2 (T3): 1,970
Number of K Nodes Processed: 3,304
Number of K Edges Processed: 87,386
Node Re-explore factor: 0.79
Edge Re-explore factor: 0.68
Nodes/cy: 4
Edges/cy: 97
TEPS: 142

---DCache---
DCache Size: 60,880
DRAM words: 133,760
  DHits: 126,714,545
  DMisses: 6,115,279
  DHit Rate (hit/miss): 95%
  DEvictions: 2,812,642
  DEviction Rate (evict/misses): 46%
  MC Transactions: 6,715,156
  MC Writes: 497,299
Avg. Transactions: 93% , Writes: 7%, Avg. Latency: 19
Max MC id: 3 of 8. Transactions: 95% , Writes: 7%, MC mean Latency: 19
HBM refresh energy (nJ): 2
HBM access energy (nJ): 12,721,191
MemC wire energy 2.5d (nJ): 4,816,475
MemC wire energy 3d (nJ): 1,204,119

---Energy---
Leakage Energy (nJ): 157,756
PU Dyn E (nJ): 5,160,757
Mem Dyn E (nJ): 31,249,852
Route Dyn E (nJ): 7,155,924
Dynamic Energy (nJ): 43,566,533
Ratio of Dyn/Leak: 276
Total Energy (nJ): 43,724,289
Total Energy (nJ) 3D: 43,299,654
Cores Energy (nJ): 5,163,264
Route Energy (nJ): 7,164,177
Route Energy (nJ) 3D: 10,351,898
Mem Energy   (nJ): 31,396,849
Mem Energy   (nJ) 3D: 27,784,493
Avg. Power (mW): 48,543.87
Power Density (mW/mm2): 130.33

---Runtime---
Runtime in K cycles: 900.72
Microseconds: 900.72
Time per iteration (ms): 0.90

---Throughput---
GOP/s (aka OPS/ns): 483.08
GOP/s per core: 0.47
GFLOP/s: 193.61
GFLOP/s per core: 0.19
Max Peak GFLOP/s: 1,024.00
Avg. BW GB/s: 3,314.10
Max BW GB/s: 4,096.00

---Traffic---
In-Die bisection_bytes BW (GB/s): 512.00
Inter-board traffic (msg/ns): 0.00, per-link: 0.00
Inter-pack traffic (msg/ns): 0.00, per-link: 0.00
Inter-die traffic (msg/ns): 0.00, per-link: 0.00
Ruche traffic (msg/ns): 0.00, per-link: 0.00
All traffic (msg/ns): 3,552.82, per-link: 3.47
Inter-die reduction wrt all: inf
Inter-board reduction wrt inter-die: -nan

---Data Movement---
All traffic (msg): 3,200,082,009
Arith. Intensity FLOP/Loads: 0.47
Arith. Intensity FLOP/Msgs: 0.05
Arith. Intensity OPS/Loads: 1.17
Arith. Intensity OPS/Msgs: 0.14



===Core Utilization Total=== CORE-S:9;; TIME K cy:900 ;; Nodes Proc: 413,294 -- Edges Proc: 10,918,482

===PRINTING FRAME STATS

FCollision In Avg:96, SD:25, Max:219, Min:10
FCollision Out Avg:87, SD:40, Max:236, Min:14
FCollision End Avg:26, SD:31, Max:192, Min:0
FTask1 Avg:7, SD:6, Max:32, Min:0
FTask2 Avg:25, SD:15, Max:75, Min:0
FTask3 Avg:34, SD:6, Max:73, Min:21
FCore Active Avg:68, SD:15, Max:100, Min:29
FRouter Active Avg:91, SD:2, Max:95, Min:86
T1 invocations: 232,780
T2 invocations: 349,295
T3 invocations: 10,994,562
T3b invocations: 0
Total3 invocations: 10,994,562
Total4 invocations: 5,444

T3/T2 ratio: 31
T3b/T3 ratio: 0

T1 avg ex cycles: 30
T2 avg ex cycles: 73
T3&b avg ex cycles: 3
T4 avg ex cycles: 357
Avg. hops NOC1: 2
Avg. latency NOC1 (T2): 13,305
Avg. hops NOC2: 17
Avg. latency NOC2 (T3): 1,919

===PRINTING ACUM STATS at pu_cycles: 1,001,099

ACollision In Avg:107, SD:15, Max:185, Min:53
ACollision Out Avg:109, SD:25, Max:239, Min:36
ACollision End Avg:34, SD:17, Max:118, Min:0
ATask1 Avg:4, SD:2, Max:9, Min:0
ATask2 Avg:23, SD:7, Max:40, Min:0
ATask3 Avg:35, SD:5, Max:62, Min:25
ACore Active Avg:63, SD:9, Max:91, Min:34
ARouter Active Avg:86, SD:1, Max:90, Min:83
T1 invocations: 1,176,144
T2 invocations: 2,282,889
T3 invocations: 98,114,495
T3b invocations: 0
Total3 invocations: 98,114,495
Total4 invocations: 19,496

T3/T2 ratio: 43
T3b/T3 ratio: 0

T1 avg ex cycles: 34
T2 avg ex cycles: 103
T3&b avg ex cycles: 4
T4 avg ex cycles: 456
Avg. hops NOC1: 2
Avg. latency NOC1 (T2): 24,192
Avg. hops NOC2: 17
Avg. latency NOC2 (T3): 1,964
Number of K Nodes Processed: 3,389
Number of K Edges Processed: 98,430
Node Re-explore factor: 0.81
Edge Re-explore factor: 0.77
Nodes/cy: 3
Edges/cy: 98
TEPS: 128

---DCache---
DCache Size: 60,880
DRAM words: 133,760
  DHits: 142,203,755
  DMisses: 6,847,404
  DHit Rate (hit/miss): 95%
  DEvictions: 3,392,865
  DEviction Rate (evict/misses): 50%
  MC Transactions: 7,521,917
  MC Writes: 557,883
Avg. Transactions: 94% , Writes: 7%, Avg. Latency: 19
Max MC id: 3 of 8. Transactions: 95% , Writes: 7%, MC mean Latency: 19
HBM refresh energy (nJ): 2
HBM access energy (nJ): 14,249,519
MemC wire energy 2.5d (nJ): 5,395,128
MemC wire energy 3d (nJ): 1,348,782

---Energy---
Leakage Energy (nJ): 175,338
PU Dyn E (nJ): 5,820,298
Mem Dyn E (nJ): 35,063,728
Route Dyn E (nJ): 8,064,985
Dynamic Energy (nJ): 48,949,011
Ratio of Dyn/Leak: 279
Total Energy (nJ): 49,124,349
Total Energy (nJ) 3D: 48,670,680
Cores Energy (nJ): 5,823,084
Route Energy (nJ): 8,074,158
Route Energy (nJ) 3D: 11,666,835
Mem Energy   (nJ): 35,227,107
Mem Energy   (nJ) 3D: 31,180,761
Avg. Power (mW): 49,070.42
Power Density (mW/mm2): 131.74

---Runtime---
Runtime in K cycles: 1,001.10
Microseconds: 1,001.10
Time per iteration (ms): 1.00

---Throughput---
GOP/s (aka OPS/ns): 491.01
GOP/s per core: 0.48
GFLOP/s: 196.25
GFLOP/s per core: 0.19
Max Peak GFLOP/s: 1,024.00
Avg. BW GB/s: 3,354.18
Max BW GB/s: 4,096.00

---Traffic---
In-Die bisection_bytes BW (GB/s): 512.00
Inter-board traffic (msg/ns): 0.00, per-link: 0.00
Inter-pack traffic (msg/ns): 0.00, per-link: 0.00
Inter-die traffic (msg/ns): 0.00, per-link: 0.00
Ruche traffic (msg/ns): 0.00, per-link: 0.00
All traffic (msg/ns): 3,601.35, per-link: 3.52
Inter-die reduction wrt all: inf
Inter-board reduction wrt inter-die: -nan

---Data Movement---
All traffic (msg): 3,605,312,402
Arith. Intensity FLOP/Loads: 0.47
Arith. Intensity FLOP/Msgs: 0.05
Arith. Intensity OPS/Loads: 1.18
Arith. Intensity OPS/Msgs: 0.14



===Core Utilization Total=== CORE-S:10;; TIME K cy:1,000 ;; Nodes Proc: 423,802 -- Edges Proc: 12,339,493

===PRINTING FRAME STATS

FCollision In Avg:88, SD:29, Max:218, Min:8
FCollision Out Avg:79, SD:39, Max:187, Min:6
FCollision End Avg:24, SD:28, Max:102, Min:0
FTask1 Avg:8, SD:6, Max:32, Min:0
FTask2 Avg:26, SD:16, Max:71, Min:0
FTask3 Avg:35, SD:6, Max:77, Min:20
FCore Active Avg:71, SD:17, Max:100, Min:27
FRouter Active Avg:92, SD:2, Max:96, Min:85
T1 invocations: 269,812
T2 invocations: 390,346
T3 invocations: 11,208,935
T3b invocations: 0
Total3 invocations: 11,208,935
Total4 invocations: 8,361

T3/T2 ratio: 29
T3b/T3 ratio: 0

T1 avg ex cycles: 30
T2 avg ex cycles: 68
T3&b avg ex cycles: 3
T4 avg ex cycles: 275
Avg. hops NOC1: 2
Avg. latency NOC1 (T2): 10,805
Avg. hops NOC2: 17
Avg. latency NOC2 (T3): 2,092

===PRINTING ACUM STATS at pu_cycles: 1,100,985

ACollision In Avg:106, SD:15, Max:186, Min:53
ACollision Out Avg:106, SD:24, Max:222, Min:34
ACollision End Avg:33, SD:16, Max:116, Min:0
ATask1 Avg:4, SD:2, Max:8, Min:0
ATask2 Avg:23, SD:6, Max:38, Min:0
ATask3 Avg:35, SD:5, Max:63, Min:25
ACore Active Avg:63, SD:9, Max:87, Min:35
ARouter Active Avg:87, SD:1, Max:90, Min:83
T1 invocations: 1,447,466
T2 invocations: 2,673,343
T3 invocations: 109,314,519
T3b invocations: 0
Total3 invocations: 109,314,519
Total4 invocations: 27,883

T3/T2 ratio: 41
T3b/T3 ratio: 0

T1 avg ex cycles: 33
T2 avg ex cycles: 98
T3&b avg ex cycles: 4
T4 avg ex cycles: 402
Avg. hops NOC1: 2
Avg. latency NOC1 (T2): 22,230
Avg. hops NOC2: 17
Avg. latency NOC2 (T3): 1,977
Number of K Nodes Processed: 3,464
Number of K Edges Processed: 109,636
Node Re-explore factor: 0.83
Edge Re-explore factor: 0.85
Nodes/cy: 3
Edges/cy: 100
TEPS: 117

---DCache---
DCache Size: 60,880
DRAM words: 133,760
  DHits: 157,963,720
  DMisses: 7,609,503
  DHit Rate (hit/miss): 95%
  DEvictions: 4,028,068
  DEviction Rate (evict/misses): 53%
  MC Transactions: 8,360,164
  MC Writes: 618,974
Avg. Transactions: 95% , Writes: 7%, Avg. Latency: 19
Max MC id: 3 of 8. Transactions: 96% , Writes: 7%, MC mean Latency: 19
HBM refresh energy (nJ): 3
HBM access energy (nJ): 15,837,494
MemC wire energy 2.5d (nJ): 5,996,364
MemC wire energy 3d (nJ): 1,499,091

---Energy---
Leakage Energy (nJ): 192,832
PU Dyn E (nJ): 6,496,770
Mem Dyn E (nJ): 38,993,916
Route Dyn E (nJ): 8,987,604
Dynamic Energy (nJ): 54,478,291
Ratio of Dyn/Leak: 283
Total Energy (nJ): 54,671,123
Total Energy (nJ) 3D: 54,177,521
Cores Energy (nJ): 6,499,835
Route Energy (nJ): 8,997,692
Route Energy (nJ) 3D: 13,001,364
Mem Energy   (nJ): 39,173,597
Mem Energy   (nJ) 3D: 34,676,324
Avg. Power (mW): 49,656.56
Power Density (mW/mm2): 133.32

---Runtime---
Runtime in K cycles: 1,100.98
Microseconds: 1,100.98
Time per iteration (ms): 1.10

---Throughput---
GOP/s (aka OPS/ns): 499.81
GOP/s per core: 0.49
GFLOP/s: 198.82
GFLOP/s per core: 0.19
Max Peak GFLOP/s: 1,024.00
Avg. BW GB/s: 3,395.33
Max BW GB/s: 4,096.00

---Traffic---
In-Die bisection_bytes BW (GB/s): 512.00
Inter-board traffic (msg/ns): 0.00, per-link: 0.00
Inter-pack traffic (msg/ns): 0.00, per-link: 0.00
Inter-die traffic (msg/ns): 0.00, per-link: 0.00
Ruche traffic (msg/ns): 0.00, per-link: 0.00
All traffic (msg/ns): 3,648.88, per-link: 3.56
Inter-die reduction wrt all: inf
Inter-board reduction wrt inter-die: -nan

---Data Movement---
All traffic (msg): 4,017,358,655
Arith. Intensity FLOP/Loads: 0.47
Arith. Intensity FLOP/Msgs: 0.05
Arith. Intensity OPS/Loads: 1.18
Arith. Intensity OPS/Msgs: 0.14



===Core Utilization Total=== CORE-S:11;; TIME K cy:1,100 ;; Nodes Proc: 433,288 -- Edges Proc: 13,706,256

===PRINTING FRAME STATS

FCollision In Avg:79, SD:31, Max:188, Min:7
FCollision Out Avg:71, SD:37, Max:212, Min:6
FCollision End Avg:22, SD:27, Max:104, Min:0
FTask1 Avg:9, SD:8, Max:38, Min:0
FTask2 Avg:25, SD:17, Max:73, Min:0
FTask3 Avg:34, SD:6, Max:82, Min:22
FCore Active Avg:71, SD:18, Max:100, Min:27
FRouter Active Avg:92, SD:2, Max:96, Min:85
T1 invocations: 302,660
T2 invocations: 419,183
T3 invocations: 11,106,744
T3b invocations: 0
Total3 invocations: 11,106,744
Total4 invocations: 11,819

T3/T2 ratio: 26
T3b/T3 ratio: 0

T1 avg ex cycles: 29
T2 avg ex cycles: 62
T3&b avg ex cycles: 3
T4 avg ex cycles: 225
Avg. hops NOC1: 2
Avg. latency NOC1 (T2): 9,028
Avg. hops NOC2: 17
Avg. latency NOC2 (T3): 2,175

===PRINTING ACUM STATS at pu_cycles: 1,201,101

ACollision In Avg:103, SD:15, Max:186, Min:50
ACollision Out Avg:103, SD:23, Max:206, Min:35
ACollision End Avg:32, SD:15, Max:115, Min:0
ATask1 Avg:5, SD:2, Max:8, Min:0
ATask2 Avg:23, SD:5, Max:36, Min:0
ATask3 Avg:35, SD:5, Max:65, Min:25
ACore Active Avg:64, SD:8, Max:88, Min:36
ARouter Active Avg:87, SD:1, Max:90, Min:84
T1 invocations: 1,751,173
T2 invocations: 3,090,563
T3 invocations: 120,402,152
T3b invocations: 0
Total3 invocations: 120,402,152
Total4 invocations: 39,719

T3/T2 ratio: 39
T3b/T3 ratio: 0

T1 avg ex cycles: 32
T2 avg ex cycles: 93
T3&b avg ex cycles: 4
T4 avg ex cycles: 349
Avg. hops NOC1: 2
Avg. latency NOC1 (T2): 20,443
Avg. hops NOC2: 17
Avg. latency NOC2 (T3): 1,995
Number of K Nodes Processed: 3,528
Number of K Edges Processed: 120,756
Node Re-explore factor: 0.84
Edge Re-explore factor: 0.94
Nodes/cy: 3
Edges/cy: 101
TEPS: 107

---DCache---
DCache Size: 60,880
DRAM words: 133,760
  DHits: 173,792,983
  DMisses: 8,372,610
  DHit Rate (hit/miss): 95%
  DEvictions: 4,691,043
  DEviction Rate (evict/misses): 56%
  MC Transactions: 9,200,476
  MC Writes: 681,351
Avg. Transactions: 96% , Writes: 7%, Avg. Latency: 18
Max MC id: 3 of 8. Transactions: 97% , Writes: 7%, MC mean Latency: 18
HBM refresh energy (nJ): 3
HBM access energy (nJ): 17,429,381
MemC wire energy 2.5d (nJ): 6,599,082
MemC wire energy 3d (nJ): 1,649,770

---Energy---
Leakage Energy (nJ): 210,367
PU Dyn E (nJ): 7,171,378
Mem Dyn E (nJ): 42,917,907
Route Dyn E (nJ): 9,900,983
Dynamic Energy (nJ): 59,990,268
Ratio of Dyn/Leak: 285
Total Energy (nJ): 60,200,635
Total Energy (nJ) 3D: 59,661,875
Cores Energy (nJ): 7,174,721
Route Energy (nJ): 9,911,989
Route Energy (nJ) 3D: 14,322,540
Mem Energy   (nJ): 43,113,926
Mem Energy   (nJ) 3D: 38,164,615
Avg. Power (mW): 50,121.21
Power Density (mW/mm2): 134.56

---Runtime---
Runtime in K cycles: 1,201.10
Microseconds: 1,201.10
Time per iteration (ms): 1.20

---Throughput---
GOP/s (aka OPS/ns): 507.68
GOP/s per core: 0.50
GFLOP/s: 200.68
GFLOP/s per core: 0.20
Max Peak GFLOP/s: 1,024.00
Avg. BW GB/s: 3,426.36
Max BW GB/s: 4,096.00

---Traffic---
In-Die bisection_bytes BW (GB/s): 512.00
Inter-board traffic (msg/ns): 0.00, per-link: 0.00
Inter-pack traffic (msg/ns): 0.00, per-link: 0.00
Inter-die traffic (msg/ns): 0.00, per-link: 0.00
Ruche traffic (msg/ns): 0.00, per-link: 0.00
All traffic (msg/ns): 3,684.72, per-link: 3.60
Inter-die reduction wrt all: inf
Inter-board reduction wrt inter-die: -nan

---Data Movement---
All traffic (msg): 4,425,715,494
Arith. Intensity FLOP/Loads: 0.47
Arith. Intensity FLOP/Msgs: 0.05
Arith. Intensity OPS/Loads: 1.19
Arith. Intensity OPS/Msgs: 0.14



===Core Utilization Total=== CORE-S:12;; TIME K cy:1,200 ;; Nodes Proc: 441,568 -- Edges Proc: 15,062,388

===PRINTING FRAME STATS

FCollision In Avg:59, SD:33, Max:181, Min:7
FCollision Out Avg:54, SD:36, Max:179, Min:5
FCollision End Avg:18, SD:24, Max:164, Min:0
FTask1 Avg:9, SD:8, Max:40, Min:0
FTask2 Avg:24, SD:19, Max:73, Min:0
FTask3 Avg:32, SD:6, Max:77, Min:20
FCore Active Avg:69, SD:21, Max:100, Min:27
FRouter Active Avg:90, SD:2, Max:96, Min:83
T1 invocations: 331,136
T2 invocations: 438,094
T3 invocations: 10,494,406
T3b invocations: 0
Total3 invocations: 10,494,406
Total4 invocations: 16,864

T3/T2 ratio: 24
T3b/T3 ratio: 0

T1 avg ex cycles: 29
T2 avg ex cycles: 57
T3&b avg ex cycles: 3
T4 avg ex cycles: 178
Avg. hops NOC1: 3
Avg. latency NOC1 (T2): 6,646
Avg. hops NOC2: 17
Avg. latency NOC2 (T3): 2,350

===PRINTING ACUM STATS at pu_cycles: 1,301,005

ACollision In Avg:100, SD:15, Max:178, Min:47
ACollision Out Avg:100, SD:23, Max:197, Min:33
ACollision End Avg:31, SD:14, Max:114, Min:0
ATask1 Avg:5, SD:1, Max:8, Min:0
ATask2 Avg:23, SD:5, Max:35, Min:1
ATask3 Avg:35, SD:5, Max:66, Min:25
ACore Active Avg:65, SD:7, Max:89, Min:37
ARouter Active Avg:87, SD:1, Max:91, Min:84
T1 invocations: 2,085,067
T2 invocations: 3,530,720
T3 invocations: 130,917,606
T3b invocations: 0
Total3 invocations: 130,917,606
Total4 invocations: 56,631

T3/T2 ratio: 37
T3b/T3 ratio: 0

T1 avg ex cycles: 32
T2 avg ex cycles: 88
T3&b avg ex cycles: 4
T4 avg ex cycles: 299
Avg. hops NOC1: 2
Avg. latency NOC1 (T2): 18,721
Avg. hops NOC2: 17
Avg. latency NOC2 (T3): 2,024
Number of K Nodes Processed: 3,583
Number of K Edges Processed: 131,221
Node Re-explore factor: 0.85
Edge Re-explore factor: 1.02
Nodes/cy: 3
Edges/cy: 101
TEPS: 99

---DCache---
DCache Size: 60,880
DRAM words: 133,760
  DHits: 189,010,828
  DMisses: 9,106,296
  DHit Rate (hit/miss): 95%
  DEvictions: 5,354,488
  DEviction Rate (evict/misses): 59%
  MC Transactions: 10,005,073
  MC Writes: 738,604
Avg. Transactions: 96% , Writes: 7%, Avg. Latency: 18
Max MC id: 3 of 8. Transactions: 97% , Writes: 7%, MC mean Latency: 18
HBM refresh energy (nJ): 3
HBM access energy (nJ): 18,953,610
MemC wire energy 2.5d (nJ): 7,176,182
MemC wire energy 3d (nJ): 1,794,046

---Energy---
Leakage Energy (nJ): 227,865
PU Dyn E (nJ): 7,820,695
Mem Dyn E (nJ): 46,672,579
Route Dyn E (nJ): 10,769,068
Dynamic Energy (nJ): 65,262,342
Ratio of Dyn/Leak: 286
Total Energy (nJ): 65,490,207
Total Energy (nJ) 3D: 64,905,323
Cores Energy (nJ): 7,824,316
Route Energy (nJ): 10,780,988
Route Energy (nJ) 3D: 15,578,242
Mem Energy   (nJ): 46,884,903
Mem Energy   (nJ) 3D: 41,502,766
Avg. Power (mW): 50,338.17
Power Density (mW/mm2): 135.15

---Runtime---
Runtime in K cycles: 1,301.01
Microseconds: 1,301.01
Time per iteration (ms): 1.30

---Throughput---
GOP/s (aka OPS/ns): 513.62
GOP/s per core: 0.50
GFLOP/s: 201.43
GFLOP/s per core: 0.20
Max Peak GFLOP/s: 1,024.00
Avg. BW GB/s: 3,440.19
Max BW GB/s: 4,096.00

---Traffic---
In-Die bisection_bytes BW (GB/s): 512.00
Inter-board traffic (msg/ns): 0.00, per-link: 0.00
Inter-pack traffic (msg/ns): 0.00, per-link: 0.00
Inter-die traffic (msg/ns): 0.00, per-link: 0.00
Ruche traffic (msg/ns): 0.00, per-link: 0.00
All traffic (msg/ns): 3,700.30, per-link: 3.61
Inter-die reduction wrt all: inf
Inter-board reduction wrt inter-die: -nan

---Data Movement---
All traffic (msg): 4,814,104,314
Arith. Intensity FLOP/Loads: 0.47
Arith. Intensity FLOP/Msgs: 0.05
Arith. Intensity OPS/Loads: 1.20
Arith. Intensity OPS/Msgs: 0.14



===Core Utilization Total=== CORE-S:13;; TIME K cy:1,300 ;; Nodes Proc: 448,426 -- Edges Proc: 16,373,933

===PRINTING FRAME STATS

FCollision In Avg:38, SD:31, Max:129, Min:3
FCollision Out Avg:37, SD:34, Max:179, Min:0
FCollision End Avg:14, SD:22, Max:174, Min:0
FTask1 Avg:9, SD:9, Max:44, Min:0
FTask2 Avg:21, SD:21, Max:79, Min:0
FTask3 Avg:27, SD:5, Max:59, Min:15
FCore Active Avg:59, SD:25, Max:100, Min:20
FRouter Active Avg:84, SD:5, Max:94, Min:70
T1 invocations: 303,677
T2 invocations: 398,846
T3 invocations: 8,769,426
T3b invocations: 0
Total3 invocations: 8,769,426
Total4 invocations: 21,267

T3/T2 ratio: 22
T3b/T3 ratio: 0

T1 avg ex cycles: 29
T2 avg ex cycles: 54
T3&b avg ex cycles: 3
T4 avg ex cycles: 133
Avg. hops NOC1: 3
Avg. latency NOC1 (T2): 5,568
Avg. hops NOC2: 17
Avg. latency NOC2 (T3): 2,415

===PRINTING ACUM STATS at pu_cycles: 1,400,784

ACollision In Avg:96, SD:15, Max:172, Min:44
ACollision Out Avg:95, SD:23, Max:195, Min:31
ACollision End Avg:30, SD:13, Max:117, Min:0
ATask1 Avg:5, SD:1, Max:7, Min:1
ATask2 Avg:23, SD:4, Max:34, Min:6
ATask3 Avg:34, SD:5, Max:65, Min:24
ACore Active Avg:64, SD:7, Max:89, Min:42
ARouter Active Avg:87, SD:1, Max:91, Min:84
T1 invocations: 2,386,730
T2 invocations: 3,923,461
T3 invocations: 139,575,329
T3b invocations: 0
Total3 invocations: 139,575,329
Total4 invocations: 77,870

T3/T2 ratio: 36
T3b/T3 ratio: 0

T1 avg ex cycles: 31
T2 avg ex cycles: 85
T3&b avg ex cycles: 4
T4 avg ex cycles: 253
Avg. hops NOC1: 2
Avg. latency NOC1 (T2): 17,396
Avg. hops NOC2: 17
Avg. latency NOC2 (T3): 2,046
Number of K Nodes Processed: 3,626
Number of K Edges Processed: 139,887
Node Re-explore factor: 0.86
Edge Re-explore factor: 1.09
Nodes/cy: 3
Edges/cy: 100
TEPS: 92

---DCache---
DCache Size: 60,880
DRAM words: 133,760
  DHits: 202,484,386
  DMisses: 9,740,100
  DHit Rate (hit/miss): 95%
  DEvictions: 5,940,862
  DEviction Rate (evict/misses): 61%
  MC Transactions: 10,697,502
  MC Writes: 788,388
Avg. Transactions: 95% , Writes: 7%, Avg. Latency: 18
Max MC id: 4 of 8. Transactions: 96% , Writes: 7%, MC mean Latency: 18
HBM refresh energy (nJ): 4
HBM access energy (nJ): 20,265,347
MemC wire energy 2.5d (nJ): 7,672,830
MemC wire energy 3d (nJ): 1,918,208

---Energy---
Leakage Energy (nJ): 245,341
PU Dyn E (nJ): 8,359,989
Mem Dyn E (nJ): 49,860,787
Route Dyn E (nJ): 11,480,660
Dynamic Energy (nJ): 69,701,436
Ratio of Dyn/Leak: 284
Total Energy (nJ): 69,946,777
Total Energy (nJ) 3D: 69,306,398
Cores Energy (nJ): 8,363,887
Route Energy (nJ): 11,493,495
Route Energy (nJ) 3D: 16,607,738
Mem Energy   (nJ): 50,089,395
Mem Energy   (nJ) 3D: 44,334,773
Avg. Power (mW): 49,934.02
Power Density (mW/mm2): 134.06

---Runtime---
Runtime in K cycles: 1,400.78
Microseconds: 1,400.78
Time per iteration (ms): 1.40

---Throughput---
GOP/s (aka OPS/ns): 512.25
GOP/s per core: 0.50
GFLOP/s: 199.40
GFLOP/s per core: 0.19
Max Peak GFLOP/s: 1,024.00
Avg. BW GB/s: 3,407.74
Max BW GB/s: 4,096.00

---Traffic---
In-Die bisection_bytes BW (GB/s): 512.00
Inter-board traffic (msg/ns): 0.00, per-link: 0.00
Inter-pack traffic (msg/ns): 0.00, per-link: 0.00
Inter-die traffic (msg/ns): 0.00, per-link: 0.00
Ruche traffic (msg/ns): 0.00, per-link: 0.00
All traffic (msg/ns): 3,664.90, per-link: 3.58
Inter-die reduction wrt all: inf
Inter-board reduction wrt inter-die: -nan

---Data Movement---
All traffic (msg): 5,133,733,738
Arith. Intensity FLOP/Loads: 0.47
Arith. Intensity FLOP/Msgs: 0.05
Arith. Intensity OPS/Loads: 1.21
Arith. Intensity OPS/Msgs: 0.14



===Core Utilization Total=== CORE-S:14;; TIME K cy:1,400 ;; Nodes Proc: 453,747 -- Edges Proc: 17,398,941

===PRINTING FRAME STATS

FCollision In Avg:19, SD:24, Max:121, Min:1
FCollision Out Avg:19, SD:28, Max:131, Min:0
FCollision End Avg:8, SD:16, Max:120, Min:0
FTask1 Avg:7, SD:10, Max:44, Min:0
FTask2 Avg:15, SD:21, Max:87, Min:0
FTask3 Avg:19, SD:4, Max:45, Min:10
FCore Active Avg:43, SD:26, Max:100, Min:14
FRouter Active Avg:69, SD:8, Max:92, Min:50
T1 invocations: 239,444
T2 invocations: 305,161
T3 invocations: 6,164,278
T3b invocations: 0
Total3 invocations: 6,164,278
Total4 invocations: 19,546

T3/T2 ratio: 20
T3b/T3 ratio: 0

T1 avg ex cycles: 29
T2 avg ex cycles: 49
T3&b avg ex cycles: 3
T4 avg ex cycles: 116
Avg. hops NOC1: 3
Avg. latency NOC1 (T2): 4,106
Avg. hops NOC2: 17
Avg. latency NOC2 (T3): 2,158

===PRINTING ACUM STATS at pu_cycles: 1,500,701

ACollision In Avg:90, SD:15, Max:164, Min:42
ACollision Out Avg:90, SD:22, Max:191, Min:29
ACollision End Avg:28, SD:12, Max:117, Min:1
ATask1 Avg:5, SD:1, Max:7, Min:2
ATask2 Avg:23, SD:3, Max:35, Min:9
ATask3 Avg:33, SD:5, Max:64, Min:23
ACore Active Avg:63, SD:6, Max:89, Min:46
ARouter Active Avg:86, SD:1, Max:90, Min:83
T1 invocations: 2,631,100
T2 invocations: 4,229,591
T3 invocations: 145,758,543
T3b invocations: 0
Total3 invocations: 145,758,543
Total4 invocations: 97,482

T3/T2 ratio: 34
T3b/T3 ratio: 0

T1 avg ex cycles: 31
T2 avg ex cycles: 82
T3&b avg ex cycles: 3
T4 avg ex cycles: 226
Avg. hops NOC1: 3
Avg. latency NOC1 (T2): 16,429
Avg. hops NOC2: 17
Avg. latency NOC2 (T3): 2,051
Number of K Nodes Processed: 3,654
Number of K Edges Processed: 145,912
Node Re-explore factor: 0.87
Edge Re-explore factor: 1.14
Nodes/cy: 2
Edges/cy: 97
TEPS: 85

---DCache---
DCache Size: 60,880
DRAM words: 133,760
  DHits: 212,805,665
  DMisses: 10,192,123
  DHit Rate (hit/miss): 95%
  DEvictions: 6,370,070
  DEviction Rate (evict/misses): 62%
  MC Transactions: 11,189,697
  MC Writes: 824,622
Avg. Transactions: 93% , Writes: 7%, Avg. Latency: 18
Max MC id: 5 of 8. Transactions: 94% , Writes: 7%, MC mean Latency: 18
HBM refresh energy (nJ): 4
HBM access energy (nJ): 21,197,761
MemC wire energy 2.5d (nJ): 8,025,859
MemC wire energy 3d (nJ): 2,006,465

---Energy---
Leakage Energy (nJ): 262,841
PU Dyn E (nJ): 8,748,317
Mem Dyn E (nJ): 52,142,276
Route Dyn E (nJ): 11,982,303
Dynamic Energy (nJ): 72,872,896
Ratio of Dyn/Leak: 277
Total Energy (nJ): 73,135,737
Total Energy (nJ) 3D: 72,454,051
Cores Energy (nJ): 8,752,494
Route Energy (nJ): 11,996,053
Route Energy (nJ) 3D: 17,333,761
Mem Energy   (nJ): 52,387,190
Mem Energy   (nJ) 3D: 46,367,796
Avg. Power (mW): 48,734.38
Power Density (mW/mm2): 130.84

---Runtime---
Runtime in K cycles: 1,500.70
Microseconds: 1,500.70
Time per iteration (ms): 1.50

---Throughput---
GOP/s (aka OPS/ns): 502.37
GOP/s per core: 0.49
GFLOP/s: 194.26
GFLOP/s per core: 0.19
Max Peak GFLOP/s: 1,024.00
Avg. BW GB/s: 3,322.69
Max BW GB/s: 4,096.00

---Traffic---
In-Die bisection_bytes BW (GB/s): 512.00
Inter-board traffic (msg/ns): 0.00, per-link: 0.00
Inter-pack traffic (msg/ns): 0.00, per-link: 0.00
Inter-die traffic (msg/ns): 0.00, per-link: 0.00
Ruche traffic (msg/ns): 0.00, per-link: 0.00
All traffic (msg/ns): 3,571.29, per-link: 3.49
Inter-die reduction wrt all: inf
Inter-board reduction wrt inter-die: -nan

---Data Movement---
All traffic (msg): 5,359,440,844
Arith. Intensity FLOP/Loads: 0.47
Arith. Intensity FLOP/Msgs: 0.05
Arith. Intensity OPS/Loads: 1.21
Arith. Intensity OPS/Msgs: 0.14



===Core Utilization Total=== CORE-S:15;; TIME K cy:1,500 ;; Nodes Proc: 457,183 -- Edges Proc: 18,197,684
======== IT IS COLD ======= Only 52 Tiles active

===PRINTING FRAME STATS

FCollision In Avg:7, SD:18, Max:116, Min:0
FCollision Out Avg:9, SD:23, Max:199, Min:0
FCollision End Avg:4, SD:14, Max:199, Min:0
FTask1 Avg:3, SD:7, Max:46, Min:0
FTask2 Avg:7, SD:17, Max:95, Min:0
FTask3 Avg:9, SD:2, Max:45, Min:4
FCore Active Avg:20, SD:21, Max:100, Min:6
FRouter Active Avg:39, SD:9, Max:76, Min:20
T1 invocations: 107,957
T2 invocations: 139,604
T3 invocations: 2,806,921
T3b invocations: 0
Total3 invocations: 2,806,921
Total4 invocations: 11,507

T3/T2 ratio: 20
T3b/T3 ratio: 0

T1 avg ex cycles: 29
T2 avg ex cycles: 50
T3&b avg ex cycles: 3
T4 avg ex cycles: 90
Avg. hops NOC1: 4
Avg. latency NOC1 (T2): 4,139
Avg. hops NOC2: 17
Avg. latency NOC2 (T3): 1,835

===PRINTING ACUM STATS at pu_cycles: 1,600,490

ACollision In Avg:85, SD:14, Max:156, Min:39
ACollision Out Avg:85, SD:21, Max:191, Min:28
ACollision End Avg:27, SD:12, Max:117, Min:1
ATask1 Avg:5, SD:0, Max:7, Min:2
ATask2 Avg:22, SD:2, Max:33, Min:13
ATask3 Avg:32, SD:5, Max:64, Min:22
ACore Active Avg:60, SD:6, Max:87, Min:47
ARouter Active Avg:83, SD:1, Max:88, Min:79
T1 invocations: 2,745,821
T2 invocations: 4,373,232
T3 invocations: 148,608,641
T3b invocations: 0
Total3 invocations: 148,608,641
Total4 invocations: 109,155

T3/T2 ratio: 34
T3b/T3 ratio: 0

T1 avg ex cycles: 31
T2 avg ex cycles: 81
T3&b avg ex cycles: 3
T4 avg ex cycles: 212
Avg. hops NOC1: 3
Avg. latency NOC1 (T2): 16,026
Avg. hops NOC2: 17
Avg. latency NOC2 (T3): 2,047
Number of K Nodes Processed: 3,667
Number of K Edges Processed: 148,643
Node Re-explore factor: 0.87
Edge Re-explore factor: 1.16
Nodes/cy: 2
Edges/cy: 93
TEPS: 80

---DCache---
DCache Size: 60,880
DRAM words: 133,760
  DHits: 218,048,919
  DMisses: 10,398,905
  DHit Rate (hit/miss): 95%
  DEvictions: 6,569,214
  DEviction Rate (evict/misses): 63%
  MC Transactions: 11,412,633
  MC Writes: 840,146
Avg. Transactions: 89% , Writes: 7%, Avg. Latency: 18
Max MC id: 5 of 8. Transactions: 90% , Writes: 7%, MC mean Latency: 18
HBM refresh energy (nJ): 4
HBM access energy (nJ): 21,620,091
MemC wire energy 2.5d (nJ): 8,185,761
MemC wire energy 3d (nJ): 2,046,440

---Energy---
Leakage Energy (nJ): 280,318
PU Dyn E (nJ): 8,929,520
Mem Dyn E (nJ): 53,195,075
Route Dyn E (nJ): 12,215,043
Dynamic Energy (nJ): 74,339,639
Ratio of Dyn/Leak: 265
Total Energy (nJ): 74,619,957
Total Energy (nJ) 3D: 73,922,022
Cores Energy (nJ): 8,933,974
Route Energy (nJ): 12,229,708
Route Energy (nJ) 3D: 17,671,094
Mem Energy   (nJ): 53,456,275
Mem Energy   (nJ) 3D: 47,316,955
Avg. Power (mW): 46,623.19
Power Density (mW/mm2): 125.17

---Runtime---
Runtime in K cycles: 1,600.49
Microseconds: 1,600.49
Time per iteration (ms): 1.60

---Throughput---
GOP/s (aka OPS/ns): 481.64
GOP/s per core: 0.47
GFLOP/s: 185.72
GFLOP/s per core: 0.18
Max Peak GFLOP/s: 1,024.00
Avg. BW GB/s: 3,177.51
Max BW GB/s: 4,096.00

---Traffic---
In-Die bisection_bytes BW (GB/s): 512.00
Inter-board traffic (msg/ns): 0.00, per-link: 0.00
Inter-pack traffic (msg/ns): 0.00, per-link: 0.00
Inter-die traffic (msg/ns): 0.00, per-link: 0.00
Ruche traffic (msg/ns): 0.00, per-link: 0.00
All traffic (msg/ns): 3,413.92, per-link: 3.33
Inter-die reduction wrt all: inf
Inter-board reduction wrt inter-die: -nan

---Data Movement---
All traffic (msg): 5,463,947,902
Arith. Intensity FLOP/Loads: 0.47
Arith. Intensity FLOP/Msgs: 0.05
Arith. Intensity OPS/Loads: 1.21
Arith. Intensity OPS/Msgs: 0.14



===Core Utilization Total=== CORE-S:16;; TIME K cy:1,600 ;; Nodes Proc: 458,863 -- Edges Proc: 18,559,723
======== IT IS COLD ======= Only 16 Tiles active

===PRINTING FRAME STATS

FCollision In Avg:3, SD:11, Max:95, Min:0
FCollision Out Avg:4, SD:14, Max:118, Min:0
FCollision End Avg:1, SD:7, Max:88, Min:0
FTask1 Avg:1, SD:5, Max:44, Min:0
FTask2 Avg:2, SD:10, Max:92, Min:0
FTask3 Avg:4, SD:2, Max:15, Min:2
FCore Active Avg:8, SD:14, Max:99, Min:2
FRouter Active Avg:17, SD:10, Max:64, Min:6
T1 invocations: 51,282
T2 invocations: 52,134
T3 invocations: 1,132,728
T3b invocations: 0
Total3 invocations: 1,132,728
Total4 invocations: 5,174

T3/T2 ratio: 22
T3b/T3 ratio: 0

T1 avg ex cycles: 29
T2 avg ex cycles: 48
T3&b avg ex cycles: 3
T4 avg ex cycles: 94
Avg. hops NOC1: 5
Avg. latency NOC1 (T2): 3,990
Avg. hops NOC2: 17
Avg. latency NOC2 (T3): 1,507

===PRINTING ACUM STATS at pu_cycles: 1,700,159

ACollision In Avg:80, SD:14, Max:147, Min:37
ACollision Out Avg:80, SD:20, Max:171, Min:26
ACollision End Avg:25, SD:11, Max:105, Min:1
ATask1 Avg:5, SD:0, Max:7, Min:2
ATask2 Avg:21, SD:2, Max:31, Min:13
ATask3 Avg:30, SD:5, Max:58, Min:21
ACore Active Avg:57, SD:5, Max:85, Min:45
ARouter Active Avg:79, SD:2, Max:86, Min:75
T1 invocations: 2,782,403
T2 invocations: 4,412,511
T3 invocations: 149,508,102
T3b invocations: 0
Total3 invocations: 149,508,102
Total4 invocations: 113,404

T3/T2 ratio: 34
T3b/T3 ratio: 0

T1 avg ex cycles: 31
T2 avg ex cycles: 81
T3&b avg ex cycles: 3
T4 avg ex cycles: 207
Avg. hops NOC1: 3
Avg. latency NOC1 (T2): 15,918
Avg. hops NOC2: 17
Avg. latency NOC2 (T3): 2,044
Number of K Nodes Processed: 3,672
Number of K Edges Processed: 149,519
Node Re-explore factor: 0.88
Edge Re-explore factor: 1.17
Nodes/cy: 2
Edges/cy: 88
TEPS: 75

---DCache---
DCache Size: 60,880
DRAM words: 133,760
  DHits: 219,826,958
  DMisses: 10,467,070
  DHit Rate (hit/miss): 95%
  DEvictions: 6,635,852
  DEviction Rate (evict/misses): 63%
  MC Transactions: 11,486,033
  MC Writes: 845,303
Avg. Transactions: 84% , Writes: 6%, Avg. Latency: 18
Max MC id: 5 of 8. Transactions: 85% , Writes: 6%, MC mean Latency: 18
HBM refresh energy (nJ): 5
HBM access energy (nJ): 21,759,140
MemC wire energy 2.5d (nJ): 8,238,407
MemC wire energy 3d (nJ): 2,059,602

---Energy---
Leakage Energy (nJ): 297,775
PU Dyn E (nJ): 8,981,852
Mem Dyn E (nJ): 53,526,492
Route Dyn E (nJ): 12,286,936
Dynamic Energy (nJ): 74,795,280
Ratio of Dyn/Leak: 251
Total Energy (nJ): 75,093,055
Total Energy (nJ) 3D: 74,387,661
Cores Energy (nJ): 8,986,584
Route Energy (nJ): 12,302,514
Route Energy (nJ) 3D: 17,775,926
Mem Energy   (nJ): 53,803,958
Mem Energy   (nJ) 3D: 47,625,152
Avg. Power (mW): 44,168.25
Power Density (mW/mm2): 118.58

---Runtime---
Runtime in K cycles: 1,700.16
Microseconds: 1,700.16
Time per iteration (ms): 1.70

---Throughput---
GOP/s (aka OPS/ns): 456.42
GOP/s per core: 0.45
GFLOP/s: 175.76
GFLOP/s per core: 0.17
Max Peak GFLOP/s: 1,024.00
Avg. BW GB/s: 3,008.11
Max BW GB/s: 4,096.00

---Traffic---
In-Die bisection_bytes BW (GB/s): 512.00
Inter-board traffic (msg/ns): 0.00, per-link: 0.00
Inter-pack traffic (msg/ns): 0.00, per-link: 0.00
Inter-die traffic (msg/ns): 0.00, per-link: 0.00
Ruche traffic (msg/ns): 0.00, per-link: 0.00
All traffic (msg/ns): 3,232.88, per-link: 3.16
Inter-die reduction wrt all: inf
Inter-board reduction wrt inter-die: -nan

---Data Movement---
All traffic (msg): 5,496,402,255
Arith. Intensity FLOP/Loads: 0.47
Arith. Intensity FLOP/Msgs: 0.05
Arith. Intensity OPS/Loads: 1.22
Arith. Intensity OPS/Msgs: 0.14



===Core Utilization Total=== CORE-S:17;; TIME K cy:1,700 ;; Nodes Proc: 459,456 -- Edges Proc: 18,637,345
======== IT IS COLD ======= Only 1 Tiles active

===PRINTING FRAME STATS

FCollision In Avg:1, SD:5, Max:85, Min:0
FCollision Out Avg:1, SD:7, Max:80, Min:0
FCollision End Avg:0, SD:4, Max:70, Min:0
FTask1 Avg:0, SD:3, Max:44, Min:0
FTask2 Avg:1, SD:6, Max:92, Min:0
FTask3 Avg:1, SD:1, Max:8, Min:0
FCore Active Avg:2, SD:7, Max:99, Min:0
FRouter Active Avg:5, SD:6, Max:50, Min:0
T1 invocations: 12,704
T2 invocations: 14,635
T3 invocations: 330,880
T3b invocations: 0
Total3 invocations: 330,880
Total4 invocations: 1,596

T3/T2 ratio: 23
T3b/T3 ratio: 0

T1 avg ex cycles: 30
T2 avg ex cycles: 52
T3&b avg ex cycles: 3
T4 avg ex cycles: 77
Avg. hops NOC1: 4
Avg. latency NOC1 (T2): 4,697
Avg. hops NOC2: 16
Avg. latency NOC2 (T3): 1,426

===PRINTING ACUM STATS at pu_cycles: 1,800,021

ACollision In Avg:77, SD:13, Max:138, Min:35
ACollision Out Avg:77, SD:19, Max:171, Min:26
ACollision End Avg:24, SD:11, Max:105, Min:1
ATask1 Avg:5, SD:0, Max:6, Min:4
ATask2 Avg:20, SD:2, Max:29, Min:16
ATask3 Avg:29, SD:4, Max:58, Min:20
ACore Active Avg:55, SD:5, Max:83, Min:42
ARouter Active Avg:76, SD:2, Max:82, Min:71
T1 invocations: 2,787,547
T2 invocations: 4,424,710
T3 invocations: 149,622,774
T3b invocations: 0
Total3 invocations: 149,622,774
Total4 invocations: 113,966

T3/T2 ratio: 34
T3b/T3 ratio: 0

T1 avg ex cycles: 31
T2 avg ex cycles: 81
T3&b avg ex cycles: 3
T4 avg ex cycles: 207
Avg. hops NOC1: 3
Avg. latency NOC1 (T2): 15,891
Avg. hops NOC2: 17
Avg. latency NOC2 (T3): 2,044
Number of K Nodes Processed: 3,672
Number of K Edges Processed: 149,658
Node Re-explore factor: 0.88
Edge Re-explore factor: 1.17
Nodes/cy: 2
Edges/cy: 83
TEPS: 71

---DCache---
DCache Size: 60,880
DRAM words: 133,760
  DHits: 220,114,879
  DMisses: 10,478,220
  DHit Rate (hit/miss): 95%
  DEvictions: 6,646,833
  DEviction Rate (evict/misses): 63%
  MC Transactions: 11,498,183
  MC Writes: 846,299
Avg. Transactions: 80% , Writes: 6%, Avg. Latency: 18
Max MC id: 5 of 8. Transactions: 81% , Writes: 6%, MC mean Latency: 18
HBM refresh energy (nJ): 5
HBM access energy (nJ): 21,782,157
MemC wire energy 2.5d (nJ): 8,247,122
MemC wire energy 3d (nJ): 2,061,780

---Energy---
Leakage Energy (nJ): 315,265
PU Dyn E (nJ): 8,993,804
Mem Dyn E (nJ): 53,588,313
Route Dyn E (nJ): 12,297,020
Dynamic Energy (nJ): 74,879,137
Ratio of Dyn/Leak: 238
Total Energy (nJ): 75,194,402
Total Energy (nJ) 3D: 74,486,964
Cores Energy (nJ): 8,998,813
Route Energy (nJ): 12,313,513
Route Energy (nJ) 3D: 17,791,417
Mem Energy   (nJ): 53,882,076
Mem Energy   (nJ) 3D: 47,696,735
Avg. Power (mW): 41,774.18
Power Density (mW/mm2): 112.15

---Runtime---
Runtime in K cycles: 1,800.02
Microseconds: 1,800.02
Time per iteration (ms): 1.80

---Throughput---
GOP/s (aka OPS/ns): 431.62
GOP/s per core: 0.42
GFLOP/s: 166.25
GFLOP/s per core: 0.16
Max Peak GFLOP/s: 1,024.00
Avg. BW GB/s: 2,844.82
Max BW GB/s: 4,096.00

---Traffic---
In-Die bisection_bytes BW (GB/s): 512.00
Inter-board traffic (msg/ns): 0.00, per-link: 0.00
Inter-pack traffic (msg/ns): 0.00, per-link: 0.00
Inter-die traffic (msg/ns): 0.00, per-link: 0.00
Ruche traffic (msg/ns): 0.00, per-link: 0.00
All traffic (msg/ns): 3,056.08, per-link: 2.98
Inter-die reduction wrt all: inf
Inter-board reduction wrt inter-die: -nan

---Data Movement---
All traffic (msg): 5,501,012,660
Arith. Intensity FLOP/Loads: 0.47
Arith. Intensity FLOP/Msgs: 0.05
Arith. Intensity OPS/Loads: 1.22
Arith. Intensity OPS/Msgs: 0.14



===Core Utilization Total=== CORE-S:18;; TIME K cy:1,800 ;; Nodes Proc: 459,563 -- Edges Proc: 18,637,524
======== IT IS COLD ======= Only 0 Tiles active
Epoch Done Router: 0
Epoch Done Router: 3
Epoch Done Router: 2
Epoch Done Router: 6
Epoch Done Router: 4
Epoch Done Router: 7
Epoch Done Router: 5
Epoch Done Router: 1
##EPOCH## 1 COMPLETED at Time (K cy): 1,849
Nodes processed until now: 3,672,973
Edges processed until now: 149,670,544
Program Done Worker Thread: 0
Program Done Router Thread: 5
Program Done Worker Thread: 5
Program Done Router Thread: 1
Program Done Worker Thread: 3
Program Done Worker Thread: 7
Program Done Worker Thread: 2
Program Done Router Thread: 2
Program Done Worker Thread: 1
Program Done Router Thread: 7
Program Done Router Thread: 6
Program Done Router Thread: 3
Program Done Worker Thread: 6
Program Done Router Thread: 0
Program Done Router Thread: 4
Program Done Worker Thread: 4

===PRINTING ACUM STATS at pu_cycles: 1,849,298

ACollision In Avg:74, SD:13, Max:135, Min:34
ACollision Out Avg:74, SD:19, Max:157, Min:25
ACollision End Avg:23, SD:10, Max:97, Min:1
ATask1 Avg:5, SD:0, Max:6, Min:4
ATask2 Avg:19, SD:2, Max:29, Min:16
ATask3 Avg:28, SD:4, Max:54, Min:19
ACore Active Avg:52, SD:5, Max:78, Min:41
ARouter Active Avg:73, SD:1, Max:77, Min:69
T1 invocations: 2,790,414
T2 invocations: 4,427,681
T3 invocations: 149,670,544
T3b invocations: 0
Total3 invocations: 149,670,544
Total4 invocations: 114,206

T3/T2 ratio: 34
T3b/T3 ratio: 0

T1 avg ex cycles: 31
T2 avg ex cycles: 81
T3&b avg ex cycles: 3
T4 avg ex cycles: 206
Avg. hops NOC1: 3
Avg. latency NOC1 (T2): 15,882
Avg. hops NOC2: 17
Avg. latency NOC2 (T3): 2,043

Runtime at program end in K cycles: 1,849
Runtime before cooldown in K cycles: 1,400


Number of K Nodes Processed: 3,672
Number of K Edges Processed: 149,670
Node Re-explore factor: 0.88
Edge Re-explore factor: 1.17
Nodes/cy: 2
Edges/cy: 81
TEPS: 69

---DCache---
DCache Size: 60,880
DRAM words: 133,760
  DHits: 220,139,794
  DMisses: 10,479,184
  DHit Rate (hit/miss): 95%
  DEvictions: 6,647,765
  DEviction Rate (evict/misses): 63%
  MC Transactions: 11,499,173
  MC Writes: 846,325
Avg. Transactions: 78% , Writes: 6%, Avg. Latency: 18
Max MC id: 5 of 8. Transactions: 79% , Writes: 6%, MC mean Latency: 18
HBM refresh energy (nJ): 5
HBM access energy (nJ): 21,784,033
MemC wire energy 2.5d (nJ): 8,247,832
MemC wire energy 3d (nJ): 2,061,958

---Energy---
Leakage Energy (nJ): 323,896
PU Dyn E (nJ): 8,996,956
Mem Dyn E (nJ): 53,597,894
Route Dyn E (nJ): 12,300,538
Dynamic Energy (nJ): 74,895,388
Ratio of Dyn/Leak: 231
Total Energy (nJ): 75,219,284
Total Energy (nJ) 3D: 74,512,881
Cores Energy (nJ): 9,002,103
Route Energy (nJ): 12,317,482
Route Energy (nJ) 3D: 17,796,953
Mem Energy   (nJ): 53,899,699
Mem Energy   (nJ) 3D: 47,713,825
Avg. Power (mW): 40,674.51
Power Density (mW/mm2): 109.20

---Runtime---
Runtime in K cycles: 1,849.30
Microseconds: 1,849.30
Time per iteration (ms): 1.85

---Inst---
K Loads: 639,208
K Stores: 641,393
K Instructions: 777,243

---Throughput---
GOP/s (aka OPS/ns): 420.29
GOP/s per core: 0.41
GFLOP/s: 161.87
GFLOP/s per core: 0.16
Max Peak GFLOP/s: 1,024.00
Avg. BW GB/s: 2,769.92
Max BW GB/s: 4,096.00

---Traffic---
In-Die bisection_bytes BW (GB/s): 512.00
Inter-board traffic (msg/ns): 0.00, per-link: 0.00
Inter-pack traffic (msg/ns): 0.00, per-link: 0.00
Inter-die traffic (msg/ns): 0.00, per-link: 0.00
Ruche traffic (msg/ns): 0.00, per-link: 0.00
All traffic (msg/ns): 2,975.47, per-link: 2.91
Inter-die reduction wrt all: inf
Inter-board reduction wrt inter-die: -nan

---Data Movement---
All traffic (msg): 5,502,525,517
Arith. Intensity FLOP/Loads: 0.47
Arith. Intensity FLOP/Msgs: 0.05
Arith. Intensity OPS/Loads: 1.22
Arith. Intensity OPS/Msgs: 0.14

Simulation time: 105.95
Sim time / DUT time: 55.95
Sim noc_cy/s: 17,454.61
Sim Msg/s: 51,935,626.89

Version 32

