Dataset:  Kron22/
Dry run: 0
Open Edge Count File succesfully
Edges Traversed BFS: 128309848
Found Vertices: 4194304, Edges: 128311436
avg degree 31
Array  Kron22/node_array.bin found
Malloc array of size 16777220 bytes
Readin array of size 16777216 bytes
Finished Reading Array Bytes
No reordering Array 32bit
Array  Kron22/edge_array.bin found
Malloc array of size 513245744 bytes
Readin array of size 513245744 bytes
Finished Reading Array Bytes
No reordering Array 32bit
Array  Kron22/edge_values.bin found
Malloc array of size 513245744 bytes
Readin array of size 513245744 bytes
Finished Reading Array Bytes
No reordering Array 32bit
Reading graph elapsed time: 0.270613s

Dataset Footprint: 522 MiB
Dataset Footprint per Board: 4383.05 Mb
Dataset injection time (ms): 0.26752
Max Dataset Footprint: 1026 MiB

Dataset footprint per tile: 522 KiB
Proxys footprint per tile: 0 KiB
Reserved SRAM per tile: 221 KiB

Ideal SRAM per tile: 743 KiB
reserved_words_for_dataset:93509
dataset_words_per_tile:133760
remaining_sram_words:467546
min_dcache_sram_words_required:133760
dataset_words_per_tile:133760
min_pcache_sram_words_required:0
proxys_words_per_tile:0
Dcache footprint ratio: 1
Dataset Cached: 0
DCache: 133760 words, lines: 8360, sets: 8360
Proxys Cached: 0
Pcache: 0 words, sets: 0
Node per tile: 4,096
Edge per tile: 125,305
GRID_X: 32
GRID_SIZE: 1,024
smt_per_tile: 4
noc_freq: 1
pu_freq: 1
RUCHE_X: 4
PROXY_W: 32
DIE_W: 8
DIE_H: 8
DIES: 16
BORDER_TILES_PER_DIE: 32
PACK_W: 32
PACK_H: 32
DIES_PACK_FACTOR: 4
DIES_PER_PACK: 16
PACKAGES: 1
BOARD_W: 32
BOARD_H: 32
BOARDS: 1
MUX_BUS: 1
DCACHE: 1
PCACHE: 0
PROXY_FACTOR: 1
CACHE_WAYS: 1
TORUS: 1
PHY_NOCS: 1
WIDE_NOC_ID: 0
NOC_CONF: 1
noc_width: 32
hbm_channel_bit_width: 512
ld_st_op_byte_width: 4
PROXY_ROUTING: 0
WITHIN_REGION: 0
WRITE_THROUGH: 1
ASSERT_MODE: 0
GLOBAL_BARRIER: 0
OQ flits: 144 ; 6,144 ; 2
IQ flits: 1,152 ; 49,152 ; 2
OQ messages: 48 ; 3,072 ; 1
IQ messages: 384 ; 24,576 ; 1
max_task2 size: 64
io_factor_t2: 8
io_factor_t3: 8
io_factor_t3b: 8

Active SRAM Storage per tile: 744 KiB
Total SRAM Storage per tile: 2,048 KiB
Agreggated SRAM Storage: 2,048 MiB

Active DRAM Storage per tile: 0 MiB
Total DRAM Storage per tile: 128 MiB
Agreggated DRAM Storage: 128 GiB

Inter-Die #links: 256
Inter-Die (Gbits): 8,192
Inter-Die (Gbits/mm): 245.576
Bisection BW of Board (Gbits): 8,192
Border IO #Dies: 16
Border IO Die BW (Gbits): 1,024
Off-Board BW Total (Gbits): 16,384
Off-Board BW Density (Gbits/mm): 72
Die side: 8.34 mm
Die border wire density: 245.58 Gbits/mm
HBM wire density: 491.15 Gbits/mm

Tiles per Die: 64 (8x8)
Tile Area: 0.76 mm2, side: 0.87 mm
- Core/Rout Area: 0.19 mm2
- SRAM Area: 0.57 mm2
- SRAM/Logic Ratio: 3.08x

Dies per Package: 16 (4x4)
Die Area: 69.55 mm2, side: 8.34 mm
- Tiles Area: 48.68 mm2
- PHY Area: 11.87 mm2
- MC Area: 9.00 mm2

Packages per Board: 1 (1x1)
Package Area: 3,192.77 mm2, side: 56.50 mm
- IOdie Area: 320.00 mm2
- Dies Area: 1,112.77 mm2
- HBM Area: 1,760.00 mm2

Boards: 1 (1x1)
Board Area: 3,192.77 mm2
Total Area: 3,192.77 mm2



ESTIMATED COST OF SILICON AND PACKAGING. ONLY VARIABLE, NO FIXED COSTS
Good dies per wafer 3d: 481
Good dies per wafer 2d: 802
--Dies 3D Cost: 201.15 $
--Dies 2.5D Cost: 120.64 $
--Dies 2D Cost: 120.64 $
--HBM Cost: 960.00 $
--IOdie Cost: 33.76 $
--Packaging Cost 3d: 41.27 $
--Packaging Cost 2.5d: 65.38 $
--Packaging Cost 2d: 23.16 $
SiP Cost 3d: 1,236.17 $
SiP Cost 2.5d: 1,179.78 $
SiP Cost 2d: 177.56 $
--Board Cost: 3.19 $
Total SiPs Cost 3d: 1,239.37 $
Total SiPs Cost 2.5d: 1,182.97 $
Total SiPs Cost 2d: 180.75 $

Perf counters initialized
Mesh connected
Cache structures initialized
Replicas initialized
Allocated Frontier List
Dataset structures initialized


Starting Simulation
INIT epoch: 1
INIT epoch: 1
INIT epoch: 1
INIT epoch: 1
INIT epoch: 1
INIT epoch: 1
INIT epoch: 1
INIT epoch: 1

===PRINTING FRAME STATS

FCollision In Avg:-nan, SD:-nan, Max:362, Min:21
FCollision Out Avg:-nan, SD:-nan, Max:298, Min:17
FCollision End Avg:-nan, SD:-nan, Max:136, Min:0
FTask1 Avg:-nan, SD:-nan, Max:21, Min:0
FTask2 Avg:-nan, SD:-nan, Max:93, Min:0
FTask3 Avg:-nan, SD:-nan, Max:106, Min:44
FCore Active Avg:-nan, SD:-nan, Max:52, Min:13
FRouter Active Avg:-nan, SD:-nan, Max:90, Min:29
T1 invocations: 77,688
T2 invocations: 203,386
T3 invocations: 10,335,023
T3b invocations: 0
Total3 invocations: 10,335,023
Total4 invocations: 2,031

T3/T2 ratio: 51
T3b/T3 ratio: 0

T1 avg ex cycles: 59
T2 avg ex cycles: 130
T3&b avg ex cycles: 6
T4 avg ex cycles: 261
Avg. hops NOC1: 4
Avg. latency NOC1 (T2): 32,162
Avg. hops NOC2: 11
Avg. latency NOC2 (T3): 17,274

===PRINTING ACUM STATS at pu_cycles: 100,139

ACollision In Avg:-nan, SD:-nan, Max:362, Min:21
ACollision Out Avg:-nan, SD:-nan, Max:298, Min:17
ACollision End Avg:-nan, SD:-nan, Max:136, Min:0
ATask1 Avg:-nan, SD:-nan, Max:21, Min:0
ATask2 Avg:-nan, SD:-nan, Max:93, Min:0
ATask3 Avg:-nan, SD:-nan, Max:106, Min:44
ACore Active Avg:-nan, SD:-nan, Max:52, Min:13
ARouter Active Avg:-nan, SD:-nan, Max:90, Min:29
T1 invocations: 77,688
T2 invocations: 203,386
T3 invocations: 10,335,023
T3b invocations: 0
Total3 invocations: 10,335,023
Total4 invocations: 2,031

T3/T2 ratio: 51
T3b/T3 ratio: 0

T1 avg ex cycles: 59
T2 avg ex cycles: 130
T3&b avg ex cycles: 6
T4 avg ex cycles: 261
Avg. hops NOC1: 4
Avg. latency NOC1 (T2): 32,162
Avg. hops NOC2: 11
Avg. latency NOC2 (T3): 17,274
Number of K Nodes Processed: 1,517
Number of K Edges Processed: 12,563
Node Re-explore factor: 0.36
Edge Re-explore factor: 0.10
Nodes/cy: 15
Edges/cy: 125
TEPS: 1,281

---DCache---
DCache Size: 133,760
DRAM words: 0
  DHits: 0
  DMisses: 0

---Energy---
Leakage Energy (nJ): 53,030
PU Dyn E (nJ): 714,645
Mem Dyn E (nJ): 4,159,688
Route Dyn E (nJ): 1,566,978
Dynamic Energy (nJ): 6,441,311
Ratio of Dyn/Leak: 121
Total Energy (nJ): 6,494,341
Total Energy (nJ) 3D: 7,294,027
Cores Energy (nJ): 715,760
Route Energy (nJ): 1,571,212
Route Energy (nJ) 3D: 2,370,897
Mem Energy   (nJ): 4,207,370
Mem Energy   (nJ) 3D: 4,207,370
Avg. Power (mW): 64,853.27
Power Density (mW/mm2): 20.31

---Runtime---
Runtime in K cycles: 100.14
Microseconds: 100.14
Time per iteration (ms): 0.10

---Throughput---
GOP/s (aka OPS/ns): 654.52
GOP/s per core: 0.64
GFLOP/s: 227.94
GFLOP/s per core: 0.22
Max Peak GFLOP/s: 4,096.00
Avg. BW GB/s: 4,167.51
Max BW GB/s: 16,384.00

---Traffic---
In-Die bisection_bytes BW (GB/s): 128.00
Inter-board traffic (msg/ns): 0.00, per-link: 0.00
Inter-pack traffic (msg/ns): 0.00, per-link: 0.00
Inter-die traffic (msg/ns): 157.41, per-link: 0.31
Ruche traffic (msg/ns): 213.37, per-link: 0.42
All traffic (msg/ns): 2,335.96, per-link: 2.28
Inter-die reduction wrt all: 14.84
Inter-board reduction wrt inter-die: inf

---Data Movement---
All traffic (msg): 233,920,450
Arith. Intensity FLOP/Loads: 0.45
Arith. Intensity FLOP/Msgs: 0.10
Arith. Intensity OPS/Loads: 1.29
Arith. Intensity OPS/Msgs: 0.28



===Core Utilization Total=== CORE-S:1;; TIME K cy:100 ;; Nodes Proc: 190,351 -- Edges Proc: 1,647,982

===PRINTING FRAME STATS

FCollision In Avg:126, SD:37, Max:305, Min:12
FCollision Out Avg:107, SD:55, Max:287, Min:13
FCollision End Avg:28, SD:39, Max:142, Min:0
FTask1 Avg:4, SD:5, Max:23, Min:0
FTask2 Avg:32, SD:22, Max:105, Min:0
FTask3 Avg:73, SD:10, Max:116, Min:49
FCore Active Avg:27, SD:6, Max:48, Min:15
FRouter Active Avg:85, SD:5, Max:95, Min:56
T1 invocations: 90,487
T2 invocations: 268,166
T3 invocations: 15,332,148
T3b invocations: 0
Total3 invocations: 15,332,148
Total4 invocations: 1,016

T3/T2 ratio: 57
T3b/T3 ratio: 0

T1 avg ex cycles: 42
T2 avg ex cycles: 120
T3&b avg ex cycles: 5
T4 avg ex cycles: 568
Avg. hops NOC1: 2
Avg. latency NOC1 (T2): 71,149
Avg. hops NOC2: 11
Avg. latency NOC2 (T3): 14,198

===PRINTING ACUM STATS at pu_cycles: 200,176

ACollision In Avg:123, SD:34, Max:271, Min:16
ACollision Out Avg:113, SD:51, Max:268, Min:24
ACollision End Avg:27, SD:33, Max:139, Min:0
ATask1 Avg:4, SD:3, Max:16, Min:0
ATask2 Avg:29, SD:18, Max:83, Min:0
ATask3 Avg:69, SD:8, Max:101, Min:49
ACore Active Avg:26, SD:5, Max:45, Min:15
ARouter Active Avg:77, SD:5, Max:89, Min:43
T1 invocations: 168,689
T2 invocations: 472,109
T3 invocations: 25,709,801
T3b invocations: 0
Total3 invocations: 25,709,801
Total4 invocations: 3,061

T3/T2 ratio: 54
T3b/T3 ratio: 0

T1 avg ex cycles: 50
T2 avg ex cycles: 124
T3&b avg ex cycles: 5
T4 avg ex cycles: 363
Avg. hops NOC1: 3
Avg. latency NOC1 (T2): 54,279
Avg. hops NOC2: 11
Avg. latency NOC2 (T3): 15,438
Number of K Nodes Processed: 2,346
Number of K Edges Processed: 27,790
Node Re-explore factor: 0.56
Edge Re-explore factor: 0.22
Nodes/cy: 12
Edges/cy: 139
TEPS: 641

---DCache---
DCache Size: 133,760
DRAM words: 0
  DHits: 0
  DMisses: 0

---Energy---
Leakage Energy (nJ): 106,006
PU Dyn E (nJ): 1,617,037
Mem Dyn E (nJ): 9,421,716
Route Dyn E (nJ): 3,775,101
Dynamic Energy (nJ): 14,813,855
Ratio of Dyn/Leak: 140
Total Energy (nJ): 14,919,861
Total Energy (nJ) 3D: 16,828,429
Cores Energy (nJ): 1,619,266
Route Energy (nJ): 3,783,564
Route Energy (nJ) 3D: 5,692,132
Mem Energy   (nJ): 9,517,032
Mem Energy   (nJ) 3D: 9,517,032
Avg. Power (mW): 74,533.72
Power Density (mW/mm2): 23.34

---Runtime---
Runtime in K cycles: 200.18
Microseconds: 200.18
Time per iteration (ms): 0.20

---Throughput---
GOP/s (aka OPS/ns): 705.20
GOP/s per core: 0.69
GFLOP/s: 266.93
GFLOP/s per core: 0.26
Max Peak GFLOP/s: 4,096.00
Avg. BW GB/s: 4,724.37
Max BW GB/s: 16,384.00

---Traffic---
In-Die bisection_bytes BW (GB/s): 128.00
Inter-board traffic (msg/ns): 0.00, per-link: 0.00
Inter-pack traffic (msg/ns): 0.00, per-link: 0.00
Inter-die traffic (msg/ns): 187.25, per-link: 0.37
Ruche traffic (msg/ns): 269.94, per-link: 0.53
All traffic (msg/ns): 2,813.71, per-link: 2.75
Inter-die reduction wrt all: 15.03
Inter-board reduction wrt inter-die: inf

---Data Movement---
All traffic (msg): 563,236,717
Arith. Intensity FLOP/Loads: 0.46
Arith. Intensity FLOP/Msgs: 0.09
Arith. Intensity OPS/Loads: 1.21
Arith. Intensity OPS/Msgs: 0.25



===Core Utilization Total=== CORE-S:2;; TIME K cy:200 ;; Nodes Proc: 293,459 -- Edges Proc: 3,475,991

===PRINTING FRAME STATS

FCollision In Avg:121, SD:33, Max:267, Min:10
FCollision Out Avg:95, SD:56, Max:275, Min:7
FCollision End Avg:24, SD:36, Max:100, Min:0
FTask1 Avg:6, SD:9, Max:51, Min:0
FTask2 Avg:35, SD:28, Max:133, Min:0
FTask3 Avg:74, SD:11, Max:137, Min:50
FCore Active Avg:29, SD:8, Max:61, Min:13
FRouter Active Avg:88, SD:4, Max:97, Min:65
T1 invocations: 167,642
T2 invocations: 359,967
T3 invocations: 17,000,048
T3b invocations: 0
Total3 invocations: 17,000,048
Total4 invocations: 2,434

T3/T2 ratio: 47
T3b/T3 ratio: 0

T1 avg ex cycles: 38
T2 avg ex cycles: 100
T3&b avg ex cycles: 4
T4 avg ex cycles: 540
Avg. hops NOC1: 2
Avg. latency NOC1 (T2): 50,942
Avg. hops NOC2: 11
Avg. latency NOC2 (T3): 11,425

===PRINTING ACUM STATS at pu_cycles: 300,641

ACollision In Avg:123, SD:30, Max:251, Min:28
ACollision Out Avg:107, SD:49, Max:263, Min:19
ACollision End Avg:26, SD:30, Max:99, Min:0
ATask1 Avg:5, SD:4, Max:23, Min:0
ATask2 Avg:31, SD:18, Max:92, Min:0
ATask3 Avg:71, SD:8, Max:110, Min:51
ACore Active Avg:27, SD:5, Max:46, Min:15
ARouter Active Avg:81, SD:4, Max:89, Min:52
T1 invocations: 336,516
T2 invocations: 832,673
T3 invocations: 42,724,257
T3b invocations: 0
Total3 invocations: 42,724,257
Total4 invocations: 5,499

T3/T2 ratio: 51
T3b/T3 ratio: 0

T1 avg ex cycles: 44
T2 avg ex cycles: 114
T3&b avg ex cycles: 5
T4 avg ex cycles: 441
Avg. hops NOC1: 3
Avg. latency NOC1 (T2): 52,822
Avg. hops NOC2: 11
Avg. latency NOC2 (T3): 13,840
Number of K Nodes Processed: 2,849
Number of K Edges Processed: 44,600
Node Re-explore factor: 0.68
Edge Re-explore factor: 0.35
Nodes/cy: 9
Edges/cy: 148
TEPS: 427

---DCache---
DCache Size: 133,760
DRAM words: 0
  DHits: 0
  DMisses: 0

---Energy---
Leakage Energy (nJ): 159,209
PU Dyn E (nJ): 2,609,011
Mem Dyn E (nJ): 15,140,092
Route Dyn E (nJ): 6,202,942
Dynamic Energy (nJ): 23,952,045
Ratio of Dyn/Leak: 150
Total Energy (nJ): 24,111,254
Total Energy (nJ) 3D: 27,230,500
Cores Energy (nJ): 2,612,358
Route Energy (nJ): 6,215,652
Route Energy (nJ) 3D: 9,334,898
Mem Energy   (nJ): 15,283,245
Mem Energy   (nJ) 3D: 15,283,245
Avg. Power (mW): 80,199.49
Power Density (mW/mm2): 25.12

---Runtime---
Runtime in K cycles: 300.64
Microseconds: 300.64
Time per iteration (ms): 0.30

---Throughput---
GOP/s (aka OPS/ns): 743.55
GOP/s per core: 0.73
GFLOP/s: 290.27
GFLOP/s per core: 0.28
Max Peak GFLOP/s: 4,096.00
Avg. BW GB/s: 5,055.60
Max BW GB/s: 16,384.00

---Traffic---
In-Die bisection_bytes BW (GB/s): 128.00
Inter-board traffic (msg/ns): 0.00, per-link: 0.00
Inter-pack traffic (msg/ns): 0.00, per-link: 0.00
Inter-die traffic (msg/ns): 202.83, per-link: 0.40
Ruche traffic (msg/ns): 303.75, per-link: 0.59
All traffic (msg/ns): 3,076.24, per-link: 3.00
Inter-die reduction wrt all: 15.17
Inter-board reduction wrt inter-die: inf

---Data Movement---
All traffic (msg): 924,842,502
Arith. Intensity FLOP/Loads: 0.46
Arith. Intensity FLOP/Msgs: 0.09
Arith. Intensity OPS/Loads: 1.19
Arith. Intensity OPS/Msgs: 0.24



===Core Utilization Total=== CORE-S:3;; TIME K cy:300 ;; Nodes Proc: 356,420 -- Edges Proc: 5,475,737

===PRINTING FRAME STATS

FCollision In Avg:117, SD:31, Max:259, Min:6
FCollision Out Avg:91, SD:58, Max:295, Min:3
FCollision End Avg:23, SD:35, Max:102, Min:0
FTask1 Avg:9, SD:12, Max:59, Min:0
FTask2 Avg:36, SD:28, Max:146, Min:0
FTask3 Avg:72, SD:12, Max:139, Min:48
FCore Active Avg:30, SD:9, Max:70, Min:14
FRouter Active Avg:88, SD:4, Max:97, Min:63
T1 invocations: 252,104
T2 invocations: 442,821
T3 invocations: 17,199,394
T3b invocations: 0
Total3 invocations: 17,199,394
Total4 invocations: 6,459

T3/T2 ratio: 39
T3b/T3 ratio: 0

T1 avg ex cycles: 36
T2 avg ex cycles: 84
T3&b avg ex cycles: 4
T4 avg ex cycles: 331
Avg. hops NOC1: 2
Avg. latency NOC1 (T2): 39,093
Avg. hops NOC2: 11
Avg. latency NOC2 (T3): 10,447

===PRINTING ACUM STATS at pu_cycles: 400,552

ACollision In Avg:121, SD:28, Max:239, Min:42
ACollision Out Avg:103, SD:48, Max:271, Min:16
ACollision End Avg:25, SD:28, Max:99, Min:0
ATask1 Avg:6, SD:5, Max:23, Min:0
ATask2 Avg:32, SD:18, Max:90, Min:0
ATask3 Avg:71, SD:9, Max:116, Min:50
ACore Active Avg:28, SD:6, Max:49, Min:15
ARouter Active Avg:83, SD:4, Max:90, Min:56
T1 invocations: 588,113
T2 invocations: 1,272,057
T3 invocations: 59,771,896
T3b invocations: 0
Total3 invocations: 59,771,896
Total4 invocations: 11,949

T3/T2 ratio: 47
T3b/T3 ratio: 0

T1 avg ex cycles: 40
T2 avg ex cycles: 104
T3&b avg ex cycles: 5
T4 avg ex cycles: 381
Avg. hops NOC1: 3
Avg. latency NOC1 (T2): 47,990
Avg. hops NOC2: 11
Avg. latency NOC2 (T3): 12,870
Number of K Nodes Processed: 3,168
Number of K Edges Processed: 61,646
Node Re-explore factor: 0.76
Edge Re-explore factor: 0.48
Nodes/cy: 8
Edges/cy: 154
TEPS: 320

---DCache---
DCache Size: 133,760
DRAM words: 0
  DHits: 0
  DMisses: 0

---Energy---
Leakage Energy (nJ): 212,119
PU Dyn E (nJ): 3,611,222
Mem Dyn E (nJ): 20,855,456
Route Dyn E (nJ): 8,654,981
Dynamic Energy (nJ): 33,121,660
Ratio of Dyn/Leak: 156
Total Energy (nJ): 33,333,779
Total Energy (nJ) 3D: 37,674,939
Cores Energy (nJ): 3,615,682
Route Energy (nJ): 8,671,915
Route Energy (nJ) 3D: 13,013,075
Mem Energy   (nJ): 21,046,183
Mem Energy   (nJ) 3D: 21,046,183
Avg. Power (mW): 83,219.60
Power Density (mW/mm2): 26.06

---Runtime---
Runtime in K cycles: 400.55
Microseconds: 400.55
Time per iteration (ms): 0.40

---Throughput---
GOP/s (aka OPS/ns): 768.62
GOP/s per core: 0.75
GFLOP/s: 302.52
GFLOP/s per core: 0.30
Max Peak GFLOP/s: 4,096.00
Avg. BW GB/s: 5,227.40
Max BW GB/s: 16,384.00

---Traffic---
In-Die bisection_bytes BW (GB/s): 128.00
Inter-board traffic (msg/ns): 0.00, per-link: 0.00
Inter-pack traffic (msg/ns): 0.00, per-link: 0.00
Inter-die traffic (msg/ns): 212.02, per-link: 0.41
Ruche traffic (msg/ns): 321.70, per-link: 0.63
All traffic (msg/ns): 3,220.35, per-link: 3.14
Inter-die reduction wrt all: 15.19
Inter-board reduction wrt inter-die: inf

---Data Movement---
All traffic (msg): 1,289,918,229
Arith. Intensity FLOP/Loads: 0.47
Arith. Intensity FLOP/Msgs: 0.09
Arith. Intensity OPS/Loads: 1.18
Arith. Intensity OPS/Msgs: 0.24



===Core Utilization Total=== CORE-S:4;; TIME K cy:400 ;; Nodes Proc: 396,228 -- Edges Proc: 7,546,039

===PRINTING FRAME STATS

FCollision In Avg:108, SD:34, Max:258, Min:3
FCollision Out Avg:83, SD:60, Max:289, Min:1
FCollision End Avg:22, SD:35, Max:113, Min:0
FTask1 Avg:10, SD:12, Max:59, Min:0
FTask2 Avg:34, SD:27, Max:178, Min:0
FTask3 Avg:66, SD:11, Max:132, Min:42
FCore Active Avg:28, SD:8, Max:70, Min:12
FRouter Active Avg:87, SD:6, Max:98, Min:52
T1 invocations: 291,364
T2 invocations: 466,684
T3 invocations: 15,984,581
T3b invocations: 0
Total3 invocations: 15,984,581
Total4 invocations: 15,027

T3/T2 ratio: 34
T3b/T3 ratio: 0

T1 avg ex cycles: 34
T2 avg ex cycles: 75
T3&b avg ex cycles: 4
T4 avg ex cycles: 175
Avg. hops NOC1: 2
Avg. latency NOC1 (T2): 34,127
Avg. hops NOC2: 11
Avg. latency NOC2 (T3): 10,056

===PRINTING ACUM STATS at pu_cycles: 500,611

ACollision In Avg:119, SD:27, Max:243, Min:35
ACollision Out Avg:99, SD:48, Max:267, Min:13
ACollision End Avg:24, SD:25, Max:99, Min:0
ATask1 Avg:7, SD:5, Max:22, Min:0
ATask2 Avg:33, SD:16, Max:84, Min:0
ATask3 Avg:70, SD:9, Max:119, Min:49
ACore Active Avg:28, SD:5, Max:45, Min:14
ARouter Active Avg:84, SD:4, Max:91, Min:60
T1 invocations: 882,054
T2 invocations: 1,743,774
T3 invocations: 75,891,006
T3b invocations: 0
Total3 invocations: 75,891,006
Total4 invocations: 27,018

T3/T2 ratio: 44
T3b/T3 ratio: 0

T1 avg ex cycles: 38
T2 avg ex cycles: 96
T3&b avg ex cycles: 5
T4 avg ex cycles: 267
Avg. hops NOC1: 2
Avg. latency NOC1 (T2): 44,211
Avg. hops NOC2: 11
Avg. latency NOC2 (T3): 12,273
Number of K Nodes Processed: 3,388
Number of K Edges Processed: 77,414
Node Re-explore factor: 0.81
Edge Re-explore factor: 0.60
Nodes/cy: 7
Edges/cy: 155
TEPS: 256

---DCache---
DCache Size: 133,760
DRAM words: 0
  DHits: 0
  DMisses: 0

---Energy---
Leakage Energy (nJ): 265,107
PU Dyn E (nJ): 4,567,147
Mem Dyn E (nJ): 26,267,704
Route Dyn E (nJ): 11,001,697
Dynamic Energy (nJ): 41,836,549
Ratio of Dyn/Leak: 158
Total Energy (nJ): 42,101,656
Total Energy (nJ) 3D: 47,628,222
Cores Energy (nJ): 4,572,721
Route Energy (nJ): 11,022,861
Route Energy (nJ) 3D: 16,549,427
Mem Energy   (nJ): 26,506,075
Mem Energy   (nJ) 3D: 26,506,075
Avg. Power (mW): 84,100.54
Power Density (mW/mm2): 26.34

---Runtime---
Runtime in K cycles: 500.61
Microseconds: 500.61
Time per iteration (ms): 0.50

---Throughput---
GOP/s (aka OPS/ns): 777.82
GOP/s per core: 0.76
GFLOP/s: 306.12
GFLOP/s per core: 0.30
Max Peak GFLOP/s: 4,096.00
Avg. BW GB/s: 5,268.26
Max BW GB/s: 16,384.00

---Traffic---
In-Die bisection_bytes BW (GB/s): 128.00
Inter-board traffic (msg/ns): 0.00, per-link: 0.00
Inter-pack traffic (msg/ns): 0.00, per-link: 0.00
Inter-die traffic (msg/ns): 215.52, per-link: 0.42
Ruche traffic (msg/ns): 325.39, per-link: 0.64
All traffic (msg/ns): 3,277.49, per-link: 3.20
Inter-die reduction wrt all: 15.21
Inter-board reduction wrt inter-die: inf

---Data Movement---
All traffic (msg): 1,640,745,621
Arith. Intensity FLOP/Loads: 0.47
Arith. Intensity FLOP/Msgs: 0.09
Arith. Intensity OPS/Loads: 1.19
Arith. Intensity OPS/Msgs: 0.24



===Core Utilization Total=== CORE-S:5;; TIME K cy:500 ;; Nodes Proc: 423,561 -- Edges Proc: 9,470,841

===PRINTING FRAME STATS

FCollision In Avg:97, SD:39, Max:257, Min:3
FCollision Out Avg:74, SD:60, Max:294, Min:0
FCollision End Avg:21, SD:36, Max:148, Min:0
FTask1 Avg:11, SD:13, Max:72, Min:0
FTask2 Avg:32, SD:28, Max:189, Min:0
FTask3 Avg:61, SD:11, Max:130, Min:40
FCore Active Avg:27, SD:8, Max:61, Min:11
FRouter Active Avg:86, SD:9, Max:98, Min:45
T1 invocations: 320,094
T2 invocations: 485,818
T3 invocations: 15,034,717
T3b invocations: 0
Total3 invocations: 15,034,717
Total4 invocations: 22,254

T3/T2 ratio: 31
T3b/T3 ratio: 0

T1 avg ex cycles: 34
T2 avg ex cycles: 68
T3&b avg ex cycles: 4
T4 avg ex cycles: 135
Avg. hops NOC1: 2
Avg. latency NOC1 (T2): 30,752
Avg. hops NOC2: 11
Avg. latency NOC2 (T3): 9,304

===PRINTING ACUM STATS at pu_cycles: 600,594

ACollision In Avg:115, SD:27, Max:231, Min:37
ACollision Out Avg:95, SD:47, Max:260, Min:11
ACollision End Avg:24, SD:24, Max:99, Min:0
ATask1 Avg:7, SD:5, Max:19, Min:0
ATask2 Avg:33, SD:15, Max:70, Min:0
ATask3 Avg:69, SD:10, Max:120, Min:47
ACore Active Avg:28, SD:5, Max:42, Min:14
ARouter Active Avg:84, SD:5, Max:91, Min:58
T1 invocations: 1,204,192
T2 invocations: 2,231,319
T3 invocations: 90,974,929
T3b invocations: 0
Total3 invocations: 90,974,929
Total4 invocations: 49,315

T3/T2 ratio: 41
T3b/T3 ratio: 0

T1 avg ex cycles: 37
T2 avg ex cycles: 90
T3&b avg ex cycles: 5
T4 avg ex cycles: 208
Avg. hops NOC1: 2
Avg. latency NOC1 (T2): 41,248
Avg. hops NOC2: 11
Avg. latency NOC2 (T3): 11,781
Number of K Nodes Processed: 3,550
Number of K Edges Processed: 92,211
Node Re-explore factor: 0.85
Edge Re-explore factor: 0.72
Nodes/cy: 6
Edges/cy: 154
TEPS: 214

---DCache---
DCache Size: 133,760
DRAM words: 0
  DHits: 0
  DMisses: 0

---Energy---
Leakage Energy (nJ): 318,054
PU Dyn E (nJ): 5,467,414
Mem Dyn E (nJ): 31,334,561
Route Dyn E (nJ): 13,213,585
Dynamic Energy (nJ): 50,015,560
Ratio of Dyn/Leak: 157
Total Energy (nJ): 50,333,614
Total Energy (nJ) 3D: 56,978,493
Cores Energy (nJ): 5,474,100
Route Energy (nJ): 13,238,975
Route Energy (nJ) 3D: 19,883,854
Mem Energy   (nJ): 31,620,539
Mem Energy   (nJ) 3D: 31,620,539
Avg. Power (mW): 83,806.39
Power Density (mW/mm2): 26.25

---Runtime---
Runtime in K cycles: 600.59
Microseconds: 600.59
Time per iteration (ms): 0.60

---Throughput---
GOP/s (aka OPS/ns): 778.01
GOP/s per core: 0.76
GFLOP/s: 304.99
GFLOP/s per core: 0.30
Max Peak GFLOP/s: 4,096.00
Avg. BW GB/s: 5,238.46
Max BW GB/s: 16,384.00

---Traffic---
In-Die bisection_bytes BW (GB/s): 128.00
Inter-board traffic (msg/ns): 0.00, per-link: 0.00
Inter-pack traffic (msg/ns): 0.00, per-link: 0.00
Inter-die traffic (msg/ns): 216.13, per-link: 0.42
Ruche traffic (msg/ns): 324.01, per-link: 0.63
All traffic (msg/ns): 3,282.47, per-link: 3.21
Inter-die reduction wrt all: 15.19
Inter-board reduction wrt inter-die: inf

---Data Movement---
All traffic (msg): 1,971,433,220
Arith. Intensity FLOP/Loads: 0.47
Arith. Intensity FLOP/Msgs: 0.09
Arith. Intensity OPS/Loads: 1.19
Arith. Intensity OPS/Msgs: 0.24



===Core Utilization Total=== CORE-S:6;; TIME K cy:600 ;; Nodes Proc: 443,629 -- Edges Proc: 11,360,714

===PRINTING FRAME STATS

FCollision In Avg:88, SD:43, Max:275, Min:3
FCollision Out Avg:67, SD:57, Max:255, Min:0
FCollision End Avg:19, SD:33, Max:100, Min:0
FTask1 Avg:12, SD:14, Max:72, Min:0
FTask2 Avg:33, SD:31, Max:160, Min:0
FTask3 Avg:62, SD:11, Max:137, Min:40
FCore Active Avg:28, SD:9, Max:65, Min:11
FRouter Active Avg:85, SD:8, Max:97, Min:44
T1 invocations: 375,225
T2 invocations: 540,771
T3 invocations: 15,207,746
T3b invocations: 0
Total3 invocations: 15,207,746
Total4 invocations: 30,874

T3/T2 ratio: 28
T3b/T3 ratio: 0

T1 avg ex cycles: 34
T2 avg ex cycles: 63
T3&b avg ex cycles: 4
T4 avg ex cycles: 117
Avg. hops NOC1: 2
Avg. latency NOC1 (T2): 23,790
Avg. hops NOC2: 11
Avg. latency NOC2 (T3): 7,788

===PRINTING ACUM STATS at pu_cycles: 700,736

ACollision In Avg:111, SD:27, Max:234, Min:41
ACollision Out Avg:91, SD:47, Max:257, Min:10
ACollision End Avg:23, SD:22, Max:99, Min:0
ATask1 Avg:8, SD:5, Max:17, Min:0
ATask2 Avg:33, SD:13, Max:64, Min:0
ATask3 Avg:68, SD:10, Max:120, Min:46
ACore Active Avg:28, SD:5, Max:45, Min:14
ARouter Active Avg:84, SD:5, Max:91, Min:57
T1 invocations: 1,579,209
T2 invocations: 2,771,428
T3 invocations: 106,169,639
T3b invocations: 0
Total3 invocations: 106,169,639
Total4 invocations: 80,186

T3/T2 ratio: 38
T3b/T3 ratio: 0

T1 avg ex cycles: 36
T2 avg ex cycles: 84
T3&b avg ex cycles: 5
T4 avg ex cycles: 173
Avg. hops NOC1: 2
Avg. latency NOC1 (T2): 37,846
Avg. hops NOC2: 11
Avg. latency NOC2 (T3): 11,210
Number of K Nodes Processed: 3,688
Number of K Edges Processed: 107,230
Node Re-explore factor: 0.88
Edge Re-explore factor: 0.84
Nodes/cy: 5
Edges/cy: 153
TEPS: 183

---DCache---
DCache Size: 133,760
DRAM words: 0
  DHits: 0
  DMisses: 0

---Energy---
Leakage Energy (nJ): 371,086
PU Dyn E (nJ): 6,384,533
Mem Dyn E (nJ): 36,464,051
Route Dyn E (nJ): 15,396,652
Dynamic Energy (nJ): 58,245,237
Ratio of Dyn/Leak: 157
Total Energy (nJ): 58,616,323
Total Energy (nJ) 3D: 66,350,197
Cores Energy (nJ): 6,392,334
Route Energy (nJ): 15,426,276
Route Energy (nJ) 3D: 23,160,150
Mem Energy   (nJ): 36,797,714
Mem Energy   (nJ) 3D: 36,797,714
Avg. Power (mW): 83,649.65
Power Density (mW/mm2): 26.20

---Runtime---
Runtime in K cycles: 700.74
Microseconds: 700.74
Time per iteration (ms): 0.70

---Throughput---
GOP/s (aka OPS/ns): 781.75
GOP/s per core: 0.76
GFLOP/s: 304.48
GFLOP/s per core: 0.30
Max Peak GFLOP/s: 4,096.00
Avg. BW GB/s: 5,224.97
Max BW GB/s: 16,384.00

---Traffic---
In-Die bisection_bytes BW (GB/s): 128.00
Inter-board traffic (msg/ns): 0.00, per-link: 0.00
Inter-pack traffic (msg/ns): 0.00, per-link: 0.00
Inter-die traffic (msg/ns): 215.54, per-link: 0.42
Ruche traffic (msg/ns): 325.34, per-link: 0.64
All traffic (msg/ns): 3,278.07, per-link: 3.20
Inter-die reduction wrt all: 15.21
Inter-board reduction wrt inter-die: inf

---Data Movement---
All traffic (msg): 2,297,060,439
Arith. Intensity FLOP/Loads: 0.47
Arith. Intensity FLOP/Msgs: 0.09
Arith. Intensity OPS/Loads: 1.20
Arith. Intensity OPS/Msgs: 0.24



===Core Utilization Total=== CORE-S:7;; TIME K cy:700 ;; Nodes Proc: 461,007 -- Edges Proc: 13,182,422

===PRINTING FRAME STATS

FCollision In Avg:73, SD:45, Max:276, Min:3
FCollision Out Avg:56, SD:53, Max:227, Min:0
FCollision End Avg:15, SD:30, Max:100, Min:0
FTask1 Avg:13, SD:16, Max:77, Min:0
FTask2 Avg:32, SD:35, Max:199, Min:0
FTask3 Avg:60, SD:11, Max:136, Min:38
FCore Active Avg:27, SD:10, Max:72, Min:11
FRouter Active Avg:83, SD:8, Max:98, Min:42
T1 invocations: 415,645
T2 invocations: 576,687
T3 invocations: 14,735,665
T3b invocations: 0
Total3 invocations: 14,735,665
Total4 invocations: 39,859

T3/T2 ratio: 26
T3b/T3 ratio: 0

T1 avg ex cycles: 33
T2 avg ex cycles: 57
T3&b avg ex cycles: 4
T4 avg ex cycles: 103
Avg. hops NOC1: 3
Avg. latency NOC1 (T2): 19,825
Avg. hops NOC2: 10
Avg. latency NOC2 (T3): 6,736

===PRINTING ACUM STATS at pu_cycles: 800,625

ACollision In Avg:106, SD:28, Max:240, Min:36
ACollision Out Avg:86, SD:46, Max:253, Min:10
ACollision End Avg:22, SD:21, Max:99, Min:0
ATask1 Avg:9, SD:4, Max:15, Min:0
ATask2 Avg:33, SD:11, Max:56, Min:0
ATask3 Avg:67, SD:10, Max:122, Min:45
ACore Active Avg:28, SD:4, Max:45, Min:15
ARouter Active Avg:84, SD:5, Max:91, Min:57
T1 invocations: 1,994,615
T2 invocations: 3,348,049
T3 invocations: 120,872,645
T3b invocations: 0
Total3 invocations: 120,872,645
Total4 invocations: 119,946

T3/T2 ratio: 36
T3b/T3 ratio: 0

T1 avg ex cycles: 36
T2 avg ex cycles: 80
T3&b avg ex cycles: 5
T4 avg ex cycles: 150
Avg. hops NOC1: 2
Avg. latency NOC1 (T2): 34,743
Avg. hops NOC2: 11
Avg. latency NOC2 (T3): 10,665
Number of K Nodes Processed: 3,803
Number of K Edges Processed: 121,688
Node Re-explore factor: 0.91
Edge Re-explore factor: 0.95
Nodes/cy: 5
Edges/cy: 152
TEPS: 160

---DCache---
DCache Size: 133,760
DRAM words: 0
  DHits: 0
  DMisses: 0

---Energy---
Leakage Energy (nJ): 423,984
PU Dyn E (nJ): 7,280,307
Mem Dyn E (nJ): 41,442,814
Route Dyn E (nJ): 17,478,076
Dynamic Energy (nJ): 66,201,197
Ratio of Dyn/Leak: 156
Total Energy (nJ): 66,625,181
Total Energy (nJ) 3D: 75,385,634
Cores Energy (nJ): 7,289,220
Route Energy (nJ): 17,511,922
Route Energy (nJ) 3D: 26,272,375
Mem Energy   (nJ): 41,824,040
Mem Energy   (nJ) 3D: 41,824,040
Avg. Power (mW): 83,216.46
Power Density (mW/mm2): 26.06

---Runtime---
Runtime in K cycles: 800.62
Microseconds: 800.62
Time per iteration (ms): 0.80

---Throughput---
GOP/s (aka OPS/ns): 784.22
GOP/s per core: 0.77
GFLOP/s: 302.88
GFLOP/s per core: 0.30
Max Peak GFLOP/s: 4,096.00
Avg. BW GB/s: 5,197.62
Max BW GB/s: 16,384.00

---Traffic---
In-Die bisection_bytes BW (GB/s): 128.00
Inter-board traffic (msg/ns): 0.00, per-link: 0.00
Inter-pack traffic (msg/ns): 0.00, per-link: 0.00
Inter-die traffic (msg/ns): 213.48, per-link: 0.42
Ruche traffic (msg/ns): 326.63, per-link: 0.64
All traffic (msg/ns): 3,256.10, per-link: 3.18
Inter-die reduction wrt all: 15.25
Inter-board reduction wrt inter-die: inf

---Data Movement---
All traffic (msg): 2,606,917,406
Arith. Intensity FLOP/Loads: 0.47
Arith. Intensity FLOP/Msgs: 0.09
Arith. Intensity OPS/Loads: 1.21
Arith. Intensity OPS/Msgs: 0.24



===Core Utilization Total=== CORE-S:8;; TIME K cy:800 ;; Nodes Proc: 475,439 -- Edges Proc: 14,882,313

===PRINTING FRAME STATS

FCollision In Avg:47, SD:41, Max:226, Min:2
FCollision Out Avg:35, SD:42, Max:190, Min:0
FCollision End Avg:10, SD:23, Max:99, Min:0
FTask1 Avg:13, SD:16, Max:80, Min:0
FTask2 Avg:28, SD:36, Max:189, Min:0
FTask3 Avg:51, SD:9, Max:114, Min:32
FCore Active Avg:24, SD:11, Max:65, Min:10
FRouter Active Avg:75, SD:11, Max:97, Min:40
T1 invocations: 390,641
T2 invocations: 537,929
T3 invocations: 12,602,698
T3b invocations: 0
Total3 invocations: 12,602,698
Total4 invocations: 48,842

T3/T2 ratio: 23
T3b/T3 ratio: 0

T1 avg ex cycles: 33
T2 avg ex cycles: 53
T3&b avg ex cycles: 4
T4 avg ex cycles: 83
Avg. hops NOC1: 3
Avg. latency NOC1 (T2): 16,293
Avg. hops NOC2: 10
Avg. latency NOC2 (T3): 5,287

===PRINTING ACUM STATS at pu_cycles: 900,577

ACollision In Avg:100, SD:28, Max:238, Min:33
ACollision Out Avg:81, SD:44, Max:241, Min:11
ACollision End Avg:21, SD:20, Max:99, Min:0
ATask1 Avg:9, SD:3, Max:15, Min:0
ATask2 Avg:32, SD:8, Max:50, Min:0
ATask3 Avg:65, SD:10, Max:121, Min:44
ACore Active Avg:27, SD:4, Max:42, Min:15
ARouter Active Avg:83, SD:5, Max:90, Min:57
T1 invocations: 2,385,431
T2 invocations: 3,886,081
T3 invocations: 133,460,288
T3b invocations: 0
Total3 invocations: 133,460,288
Total4 invocations: 168,890

T3/T2 ratio: 34
T3b/T3 ratio: 0

T1 avg ex cycles: 35
T2 avg ex cycles: 76
T3&b avg ex cycles: 4
T4 avg ex cycles: 130
Avg. hops NOC1: 2
Avg. latency NOC1 (T2): 32,189
Avg. hops NOC2: 11
Avg. latency NOC2 (T3): 10,158
Number of K Nodes Processed: 3,890
Number of K Edges Processed: 133,990
Node Re-explore factor: 0.93
Edge Re-explore factor: 1.04
Nodes/cy: 4
Edges/cy: 149
TEPS: 142

---DCache---
DCache Size: 133,760
DRAM words: 0
  DHits: 0
  DMisses: 0

---Energy---
Leakage Energy (nJ): 476,915
PU Dyn E (nJ): 8,052,732
Mem Dyn E (nJ): 45,715,184
Route Dyn E (nJ): 19,199,108
Dynamic Energy (nJ): 72,967,025
Ratio of Dyn/Leak: 153
Total Energy (nJ): 73,443,940
Total Energy (nJ) 3D: 83,033,860
Cores Energy (nJ): 8,062,758
Route Energy (nJ): 19,237,180
Route Energy (nJ) 3D: 28,827,101
Mem Energy   (nJ): 46,144,002
Mem Energy   (nJ) 3D: 46,144,002
Avg. Power (mW): 81,552.09
Power Density (mW/mm2): 25.54

---Runtime---
Runtime in K cycles: 900.58
Microseconds: 900.58
Time per iteration (ms): 0.90

---Throughput---
GOP/s (aka OPS/ns): 775.09
GOP/s per core: 0.76
GFLOP/s: 296.85
GFLOP/s per core: 0.29
Max Peak GFLOP/s: 4,096.00
Avg. BW GB/s: 5,097.24
Max BW GB/s: 16,384.00

---Traffic---
In-Die bisection_bytes BW (GB/s): 128.00
Inter-board traffic (msg/ns): 0.00, per-link: 0.00
Inter-pack traffic (msg/ns): 0.00, per-link: 0.00
Inter-die traffic (msg/ns): 207.44, per-link: 0.41
Ruche traffic (msg/ns): 324.23, per-link: 0.63
All traffic (msg/ns): 3,178.12, per-link: 3.10
Inter-die reduction wrt all: 15.32
Inter-board reduction wrt inter-die: inf

---Data Movement---
All traffic (msg): 2,862,142,412
Arith. Intensity FLOP/Loads: 0.47
Arith. Intensity FLOP/Msgs: 0.09
Arith. Intensity OPS/Loads: 1.22
Arith. Intensity OPS/Msgs: 0.24



===Core Utilization Total=== CORE-S:9;; TIME K cy:900 ;; Nodes Proc: 486,390 -- Edges Proc: 16,390,420

===PRINTING FRAME STATS

FCollision In Avg:20, SD:26, Max:133, Min:1
FCollision Out Avg:13, SD:25, Max:150, Min:0
FCollision End Avg:5, SD:15, Max:97, Min:0
FTask1 Avg:10, SD:17, Max:84, Min:0
FTask2 Avg:21, SD:40, Max:189, Min:0
FTask3 Avg:40, SD:7, Max:90, Min:25
FCore Active Avg:19, SD:13, Max:66, Min:8
FRouter Active Avg:61, SD:14, Max:96, Min:30
T1 invocations: 296,539
T2 invocations: 412,616
T3 invocations: 9,972,195
T3b invocations: 0
Total3 invocations: 9,972,195
Total4 invocations: 48,672

T3/T2 ratio: 24
T3b/T3 ratio: 0

T1 avg ex cycles: 33
T2 avg ex cycles: 53
T3&b avg ex cycles: 4
T4 avg ex cycles: 66
Avg. hops NOC1: 3
Avg. latency NOC1 (T2): 10,043
Avg. hops NOC2: 9
Avg. latency NOC2 (T3): 3,403

===PRINTING ACUM STATS at pu_cycles: 1,000,671

ACollision In Avg:92, SD:27, Max:228, Min:30
ACollision Out Avg:74, SD:41, Max:223, Min:10
ACollision End Avg:19, SD:18, Max:97, Min:0
ATask1 Avg:9, SD:2, Max:15, Min:0
ATask2 Avg:31, SD:5, Max:45, Min:1
ATask3 Avg:63, SD:10, Max:118, Min:42
ACore Active Avg:26, SD:3, Max:42, Min:17
ARouter Active Avg:81, SD:5, Max:89, Min:56
T1 invocations: 2,682,985
T2 invocations: 4,297,369
T3 invocations: 143,395,511
T3b invocations: 0
Total3 invocations: 143,395,511
Total4 invocations: 217,488

T3/T2 ratio: 33
T3b/T3 ratio: 0

T1 avg ex cycles: 35
T2 avg ex cycles: 74
T3&b avg ex cycles: 4
T4 avg ex cycles: 116
Avg. hops NOC1: 3
Avg. latency NOC1 (T2): 30,053
Avg. hops NOC2: 11
Avg. latency NOC2 (T3): 9,689
Number of K Nodes Processed: 3,952
Number of K Edges Processed: 143,669
Node Re-explore factor: 0.94
Edge Re-explore factor: 1.12
Nodes/cy: 4
Edges/cy: 144
TEPS: 128

---DCache---
DCache Size: 133,760
DRAM words: 0
  DHits: 0
  DMisses: 0

---Energy---
Leakage Energy (nJ): 529,921
PU Dyn E (nJ): 8,655,160
Mem Dyn E (nJ): 49,052,847
Route Dyn E (nJ): 20,450,782
Dynamic Energy (nJ): 78,158,789
Ratio of Dyn/Leak: 147
Total Energy (nJ): 78,688,710
Total Energy (nJ) 3D: 88,850,584
Cores Energy (nJ): 8,666,299
Route Energy (nJ): 20,493,085
Route Energy (nJ) 3D: 30,654,959
Mem Energy   (nJ): 49,529,326
Mem Energy   (nJ) 3D: 49,529,326
Avg. Power (mW): 78,635.95
Power Density (mW/mm2): 24.63

---Runtime---
Runtime in K cycles: 1,000.67
Microseconds: 1,000.67
Time per iteration (ms): 1.00

---Throughput---
GOP/s (aka OPS/ns): 752.23
GOP/s per core: 0.73
GFLOP/s: 286.52
GFLOP/s per core: 0.28
Max Peak GFLOP/s: 4,096.00
Avg. BW GB/s: 4,922.41
Max BW GB/s: 16,384.00

---Traffic---
In-Die bisection_bytes BW (GB/s): 128.00
Inter-board traffic (msg/ns): 0.00, per-link: 0.00
Inter-pack traffic (msg/ns): 0.00, per-link: 0.00
Inter-die traffic (msg/ns): 197.15, per-link: 0.39
Ruche traffic (msg/ns): 318.65, per-link: 0.62
All traffic (msg/ns): 3,044.07, per-link: 2.97
Inter-die reduction wrt all: 15.44
Inter-board reduction wrt inter-die: inf

---Data Movement---
All traffic (msg): 3,046,108,275
Arith. Intensity FLOP/Loads: 0.47
Arith. Intensity FLOP/Msgs: 0.09
Arith. Intensity OPS/Loads: 1.22
Arith. Intensity OPS/Msgs: 0.25



===Core Utilization Total=== CORE-S:10;; TIME K cy:1,000 ;; Nodes Proc: 494,242 -- Edges Proc: 17,811,779
======== IT IS COLD ======= Only 28 Tiles active

===PRINTING FRAME STATS

FCollision In Avg:5, SD:14, Max:97, Min:0
FCollision Out Avg:5, SD:15, Max:97, Min:0
FCollision End Avg:2, SD:10, Max:95, Min:0
FTask1 Avg:4, SD:13, Max:87, Min:0
FTask2 Avg:11, SD:33, Max:220, Min:0
FTask3 Avg:19, SD:4, Max:44, Min:12
FCore Active Avg:9, SD:10, Max:69, Min:3
FRouter Active Avg:33, SD:17, Max:100, Min:12
T1 invocations: 133,939
T2 invocations: 197,429
T3 invocations: 4,821,326
T3b invocations: 0
Total3 invocations: 4,821,326
Total4 invocations: 26,267

T3/T2 ratio: 24
T3b/T3 ratio: 0

T1 avg ex cycles: 33
T2 avg ex cycles: 55
T3&b avg ex cycles: 4
T4 avg ex cycles: 57
Avg. hops NOC1: 3
Avg. latency NOC1 (T2): 8,237
Avg. hops NOC2: 8
Avg. latency NOC2 (T3): 2,807

===PRINTING ACUM STATS at pu_cycles: 1,100,582

ACollision In Avg:84, SD:25, Max:208, Min:27
ACollision Out Avg:68, SD:37, Max:204, Min:9
ACollision End Avg:18, SD:16, Max:84, Min:0
ATask1 Avg:9, SD:1, Max:14, Min:0
ATask2 Avg:29, SD:3, Max:41, Min:12
ATask3 Avg:59, SD:9, Max:111, Min:39
ACore Active Avg:25, SD:3, Max:39, Min:18
ARouter Active Avg:76, SD:5, Max:88, Min:52
T1 invocations: 2,819,488
T2 invocations: 4,501,286
T3 invocations: 148,247,915
T3b invocations: 0
Total3 invocations: 148,247,915
Total4 invocations: 243,767

T3/T2 ratio: 33
T3b/T3 ratio: 0

T1 avg ex cycles: 35
T2 avg ex cycles: 73
T3&b avg ex cycles: 4
T4 avg ex cycles: 110
Avg. hops NOC1: 3
Avg. latency NOC1 (T2): 29,060
Avg. hops NOC2: 10
Avg. latency NOC2 (T3): 9,464
Number of K Nodes Processed: 3,980
Number of K Edges Processed: 148,332
Node Re-explore factor: 0.95
Edge Re-explore factor: 1.16
Nodes/cy: 4
Edges/cy: 135
TEPS: 117

---DCache---
DCache Size: 133,760
DRAM words: 0
  DHits: 0
  DMisses: 0

---Energy---
Leakage Energy (nJ): 582,831
PU Dyn E (nJ): 8,955,881
Mem Dyn E (nJ): 50,722,517
Route Dyn E (nJ): 21,024,635
Dynamic Energy (nJ): 80,703,033
Ratio of Dyn/Leak: 138
Total Energy (nJ): 81,285,864
Total Energy (nJ) 3D: 91,699,827
Cores Energy (nJ): 8,968,133
Route Energy (nJ): 21,071,162
Route Energy (nJ) 3D: 31,485,124
Mem Energy   (nJ): 51,246,571
Mem Energy   (nJ) 3D: 51,246,571
Avg. Power (mW): 73,857.16
Power Density (mW/mm2): 23.13

---Runtime---
Runtime in K cycles: 1,100.58
Microseconds: 1,100.58
Time per iteration (ms): 1.10

---Throughput---
GOP/s (aka OPS/ns): 708.28
GOP/s per core: 0.69
GFLOP/s: 269.42
GFLOP/s per core: 0.26
Max Peak GFLOP/s: 4,096.00
Avg. BW GB/s: 4,627.90
Max BW GB/s: 16,384.00

---Traffic---
In-Die bisection_bytes BW (GB/s): 128.00
Inter-board traffic (msg/ns): 0.00, per-link: 0.00
Inter-pack traffic (msg/ns): 0.00, per-link: 0.00
Inter-die traffic (msg/ns): 182.96, per-link: 0.36
Ruche traffic (msg/ns): 302.63, per-link: 0.59
All traffic (msg/ns): 2,843.98, per-link: 2.78
Inter-die reduction wrt all: 15.54
Inter-board reduction wrt inter-die: inf

---Data Movement---
All traffic (msg): 3,130,031,358
Arith. Intensity FLOP/Loads: 0.47
Arith. Intensity FLOP/Msgs: 0.09
Arith. Intensity OPS/Loads: 1.23
Arith. Intensity OPS/Msgs: 0.25



===Core Utilization Total=== CORE-S:11;; TIME K cy:1,100 ;; Nodes Proc: 497,772 -- Edges Proc: 18,480,571
======== IT IS COLD ======= Only 8 Tiles active
Epoch Done Router: 2
##EPOCH## 1 COMPLETED at Time (K cy): 1,163
Nodes processed until now: 3,984,400
Edges processed until now: 148,958,896
Epoch Done Router: 4
Epoch Done Router: 7
Epoch Done Router: 1
Epoch Done Router: 3
Epoch Done Router: 5
Epoch Done Router: 6
Epoch Done Router: 0
Program Done Router Thread: 0
Program Done Worker Thread: 6
Program Done Worker Thread: 7
Program Done Router Thread: 6
Program Done Router Thread: 7
Program Done Router Thread: 5
Program Done Worker Thread: 5
Program Done Router Thread: 3
Program Done Worker Thread: 2
Program Done Worker Thread: 1
Program Done Worker Thread: 0
Program Done Router Thread: 4
Program Done Worker Thread: 3
Program Done Router Thread: 2
Program Done Router Thread: 1
Program Done Worker Thread: 4

===PRINTING ACUM STATS at pu_cycles: 1,163,686

ACollision In Avg:79, SD:24, Max:196, Min:26
ACollision Out Avg:64, SD:35, Max:192, Min:9
ACollision End Avg:17, SD:15, Max:80, Min:0
ATask1 Avg:8, SD:1, Max:13, Min:7
ATask2 Avg:28, SD:3, Max:39, Min:23
ATask3 Avg:56, SD:9, Max:106, Min:37
ACore Active Avg:23, SD:2, Max:37, Min:18
ARouter Active Avg:73, SD:5, Max:85, Min:50
T1 invocations: 2,843,856
T2 invocations: 4,534,904
T3 invocations: 148,958,896
T3b invocations: 0
Total3 invocations: 148,958,896
Total4 invocations: 247,481

T3/T2 ratio: 33
T3b/T3 ratio: 0

T1 avg ex cycles: 35
T2 avg ex cycles: 73
T3&b avg ex cycles: 4
T4 avg ex cycles: 109
Avg. hops NOC1: 3
Avg. latency NOC1 (T2): 28,903
Avg. hops NOC2: 10
Avg. latency NOC2 (T3): 9,433

Runtime at program end in K cycles: 1,163
Runtime before cooldown in K cycles: 900


Number of K Nodes Processed: 3,984
Number of K Edges Processed: 148,958
Node Re-explore factor: 0.95
Edge Re-explore factor: 1.16
Nodes/cy: 3
Edges/cy: 128
TEPS: 110

---DCache---
DCache Size: 133,760
DRAM words: 0
  DHits: 0
  DMisses: 0

---Energy---
Leakage Energy (nJ): 616,249
PU Dyn E (nJ): 8,999,832
Mem Dyn E (nJ): 50,964,386
Route Dyn E (nJ): 21,107,742
Dynamic Energy (nJ): 81,071,961
Ratio of Dyn/Leak: 132
Total Energy (nJ): 81,688,210
Total Energy (nJ) 3D: 92,139,038
Cores Energy (nJ): 9,012,786
Route Energy (nJ): 21,156,937
Route Energy (nJ) 3D: 31,607,765
Mem Energy   (nJ): 51,518,487
Mem Energy   (nJ) 3D: 51,518,487
Avg. Power (mW): 70,197.81
Power Density (mW/mm2): 21.99

---Runtime---
Runtime in K cycles: 1,163.69
Microseconds: 1,163.69
Time per iteration (ms): 1.16

---Inst---
K Loads: 639,005
K Stores: 640,413
K Instructions: 783,567

---Throughput---
GOP/s (aka OPS/ns): 673.35
GOP/s per core: 0.66
GFLOP/s: 256.01
GFLOP/s per core: 0.25
Max Peak GFLOP/s: 4,096.00
Avg. BW GB/s: 4,397.82
Max BW GB/s: 16,384.00

---Traffic---
In-Die bisection_bytes BW (GB/s): 128.00
Inter-board traffic (msg/ns): 0.00, per-link: 0.00
Inter-pack traffic (msg/ns): 0.00, per-link: 0.00
Inter-die traffic (msg/ns): 173.50, per-link: 0.34
Ruche traffic (msg/ns): 287.99, per-link: 0.56
All traffic (msg/ns): 2,700.26, per-link: 2.64
Inter-die reduction wrt all: 15.56
Inter-board reduction wrt inter-die: inf

---Data Movement---
All traffic (msg): 3,142,251,539
Arith. Intensity FLOP/Loads: 0.47
Arith. Intensity FLOP/Msgs: 0.09
Arith. Intensity OPS/Loads: 1.23
Arith. Intensity OPS/Msgs: 0.25

Simulation time: 169.65
Sim time / DUT time: 35.59
Sim noc_cy/s: 6,859.49
Sim Msg/s: 18,522,375.26

Version 32

