Dataset:  wikipedia/
Dry run: 0
Open Edge Count File succesfully
Edges Traversed BFS: 95554407
Found Vertices: 4206592, Edges: 101311613
avg degree 25
Array  wikipedia/node_array.bin found
Malloc array of size 16826372 bytes
Readin array of size 16825160 bytes
Finished Reading Array Bytes
No reordering Array 32bit
Array  wikipedia/edge_array.bin found
Malloc array of size 405246452 bytes
Readin array of size 405246452 bytes
Finished Reading Array Bytes
No reordering Array 32bit
Reading graph elapsed time: 0.119798s

Dataset Footprint: 402 MiB
Dataset Footprint per Board: 3376.94 Mb
Dataset injection time (ms): 0.206112
Max Dataset Footprint: 821 MiB

Dataset footprint per tile: 402 KiB
Proxys footprint per tile: 0 KiB
Reserved SRAM per tile: 9 KiB

Ideal SRAM per tile: 411 KiB
reserved_words_for_dataset:104364
dataset_words_per_tile:103056
remaining_sram_words:521822
min_dcache_sram_words_required:103056
dataset_words_per_tile:103056
min_pcache_sram_words_required:0
proxys_words_per_tile:0
Dcache footprint ratio: 1
Dataset Cached: 0
DCache: 103056 words, lines: 6441, sets: 6441
Proxys Cached: 0
Pcache: 0 words, sets: 0
Node per tile: 4,108
Edge per tile: 98,938
GRID_X: 32
GRID_SIZE: 1,024
smt_per_tile: 4
noc_freq: 1
pu_freq: 1
RUCHE_X: 4
PROXY_W: 32
DIE_W: 8
DIE_H: 8
DIES: 16
BORDER_TILES_PER_DIE: 32
PACK_W: 32
PACK_H: 32
DIES_PACK_FACTOR: 4
DIES_PER_PACK: 16
PACKAGES: 1
BOARD_W: 32
BOARD_H: 32
BOARDS: 1
MUX_BUS: 1
DCACHE: 1
PCACHE: 0
PROXY_FACTOR: 1
CACHE_WAYS: 1
TORUS: 1
PHY_NOCS: 1
WIDE_NOC_ID: 0
NOC_CONF: 1
noc_width: 32
hbm_channel_bit_width: 512
ld_st_op_byte_width: 4
PROXY_ROUTING: 0
WITHIN_REGION: 0
WRITE_THROUGH: 0
ASSERT_MODE: 0
GLOBAL_BARRIER: 0
OQ flits: 6 ; 256 ; 2
IQ flits: 6 ; 2,048 ; 16
OQ messages: 2 ; 128 ; 1
IQ messages: 2 ; 1,024 ; 8
max_task2 size: 64
io_factor_t2: 8
io_factor_t3: 8
io_factor_t3b: 8

Active SRAM Storage per tile: 412 KiB
Total SRAM Storage per tile: 2,048 KiB
Agreggated SRAM Storage: 2,048 MiB

Active DRAM Storage per tile: 0 MiB
Total DRAM Storage per tile: 128 MiB
Agreggated DRAM Storage: 128 GiB

Inter-Die #links: 256
Inter-Die (Gbits): 8,192
Inter-Die (Gbits/mm): 245.576
Bisection BW of Board (Gbits): 8,192
Border IO #Dies: 16
Border IO Die BW (Gbits): 1,024
Off-Board BW Total (Gbits): 16,384
Off-Board BW Density (Gbits/mm): 72
Die side: 8.34 mm
Die border wire density: 245.58 Gbits/mm
HBM wire density: 491.15 Gbits/mm

Tiles per Die: 64 (8x8)
Tile Area: 0.76 mm2, side: 0.87 mm
- Core/Rout Area: 0.19 mm2
- SRAM Area: 0.57 mm2
- SRAM/Logic Ratio: 3.08x

Dies per Package: 16 (4x4)
Die Area: 69.55 mm2, side: 8.34 mm
- Tiles Area: 48.68 mm2
- PHY Area: 11.87 mm2
- MC Area: 9.00 mm2

Packages per Board: 1 (1x1)
Package Area: 3,192.77 mm2, side: 56.50 mm
- IOdie Area: 320.00 mm2
- Dies Area: 1,112.77 mm2
- HBM Area: 1,760.00 mm2

Boards: 1 (1x1)
Board Area: 3,192.77 mm2
Total Area: 3,192.77 mm2



ESTIMATED COST OF SILICON AND PACKAGING. ONLY VARIABLE, NO FIXED COSTS
Good dies per wafer 3d: 481
Good dies per wafer 2d: 802
--Dies 3D Cost: 201.15 $
--Dies 2.5D Cost: 120.64 $
--Dies 2D Cost: 120.64 $
--HBM Cost: 960.00 $
--IOdie Cost: 33.76 $
--Packaging Cost 3d: 41.27 $
--Packaging Cost 2.5d: 65.38 $
--Packaging Cost 2d: 23.16 $
SiP Cost 3d: 1,236.17 $
SiP Cost 2.5d: 1,179.78 $
SiP Cost 2d: 177.56 $
--Board Cost: 3.19 $
Total SiPs Cost 3d: 1,239.37 $
Total SiPs Cost 2.5d: 1,182.97 $
Total SiPs Cost 2d: 180.75 $

Perf counters initialized
Mesh connected
Cache structures initialized
proxys initialized
Dataset structures initialized


Starting Simulation
INIT epoch: 1
INIT epoch: 1
INIT epoch: 1
INIT epoch: 1
INIT epoch: 1
INIT epoch: 1
INIT epoch: 1
INIT epoch: 1

===PRINTING FRAME STATS

FCollision In Avg:-nan, SD:-nan, Max:538, Min:39
FCollision Out Avg:-nan, SD:-nan, Max:283, Min:6
FCollision End Avg:-nan, SD:-nan, Max:0, Min:0
FTask1 Avg:-nan, SD:-nan, Max:356, Min:1
FTask2 Avg:-nan, SD:-nan, Max:0, Min:0
FTask3 Avg:-nan, SD:-nan, Max:277, Min:1
FCore Active Avg:-nan, SD:-nan, Max:100, Min:1
FRouter Active Avg:-nan, SD:-nan, Max:99, Min:2
T1 invocations: 763,288
T2 invocations: 0
T3 invocations: 7,559,382
T3b invocations: 0
Total3 invocations: 7,559,382
Total4 invocations: 0

T3/T2 ratio: inf
T3b/T3 ratio: 0

T1 avg ex cycles: 91
T2 avg ex cycles: -nan
T3&b avg ex cycles: 3
T4 avg ex cycles: -nan
Avg. hops NOC1: -nan
Avg. latency NOC1 (T2): -nan
Avg. hops NOC2: 8
Avg. latency NOC2 (T3): 1,446

===PRINTING ACUM STATS at pu_cycles: 100,522

ACollision In Avg:-nan, SD:-nan, Max:538, Min:39
ACollision Out Avg:-nan, SD:-nan, Max:283, Min:6
ACollision End Avg:-nan, SD:-nan, Max:0, Min:0
ATask1 Avg:-nan, SD:-nan, Max:356, Min:1
ATask2 Avg:-nan, SD:-nan, Max:0, Min:0
ATask3 Avg:-nan, SD:-nan, Max:277, Min:1
ACore Active Avg:-nan, SD:-nan, Max:100, Min:1
ARouter Active Avg:-nan, SD:-nan, Max:99, Min:2
T1 invocations: 763,288
T2 invocations: 0
T3 invocations: 7,559,382
T3b invocations: 0
Total3 invocations: 7,559,382
Total4 invocations: 0

T3/T2 ratio: inf
T3b/T3 ratio: 0

T1 avg ex cycles: 91
T2 avg ex cycles: -nan
T3&b avg ex cycles: 3
T4 avg ex cycles: -nan
Avg. hops NOC1: -nan
Avg. latency NOC1 (T2): -nan
Avg. hops NOC2: 8
Avg. latency NOC2 (T3): 1,446
Number of K Nodes Processed: 7,592
Number of K Edges Processed: 7,592
Node Re-explore factor: 1.80
Edge Re-explore factor: 0.07
Nodes/cy: 76
Edges/cy: 76
TEPS: 951

---DCache---
DCache Size: 103,056
DRAM words: 0
  DHits: 0
  DMisses: 0

---Energy---
Leakage Energy (nJ): 31,874
PU Dyn E (nJ): 445,891
Mem Dyn E (nJ): 2,488,240
Route Dyn E (nJ): 826,291
Dynamic Energy (nJ): 3,760,423
Ratio of Dyn/Leak: 118
Total Energy (nJ): 3,792,297
Total Energy (nJ) 3D: 4,214,780
Cores Energy (nJ): 447,010
Route Energy (nJ): 830,541
Route Energy (nJ) 3D: 1,253,024
Mem Energy   (nJ): 2,514,746
Mem Energy   (nJ) 3D: 2,514,746
Avg. Power (mW): 37,726.04
Power Density (mW/mm2): 11.82

---Runtime---
Runtime in K cycles: 100.52
Microseconds: 100.52
Time per iteration (ms): 0.10

---Throughput---
GOP/s (aka OPS/ns): 668.58
GOP/s per core: 0.65
GFLOP/s: 76.24
GFLOP/s per core: 0.07
Max Peak GFLOP/s: 4,096.00
Avg. BW GB/s: 2,505.86
Max BW GB/s: 16,384.00

---Traffic---
In-Die bisection_bytes BW (GB/s): 128.00
Inter-board traffic (msg/ns): 0.00, per-link: 0.00
Inter-pack traffic (msg/ns): 0.00, per-link: 0.00
Inter-die traffic (msg/ns): 79.71, per-link: 0.16
Ruche traffic (msg/ns): 114.15, per-link: 0.22
All traffic (msg/ns): 1,266.69, per-link: 1.24
Inter-die reduction wrt all: 15.89
Inter-board reduction wrt inter-die: inf

---Data Movement---
All traffic (msg): 127,330,556
Arith. Intensity FLOP/Loads: 0.19
Arith. Intensity FLOP/Msgs: 0.06
Arith. Intensity OPS/Loads: 1.70
Arith. Intensity OPS/Msgs: 0.53



===Core Utilization Total=== CORE-S:1;; TIME K cy:100 ;; Nodes Proc: 1,000,650 -- Edges Proc: 0

===PRINTING FRAME STATS

FCollision In Avg:118, SD:59, Max:553, Min:41
FCollision Out Avg:92, SD:50, Max:301, Min:0
FCollision End Avg:0, SD:0, Max:0, Min:0
FTask1 Avg:62, SD:87, Max:365, Min:0
FTask2 Avg:0, SD:0, Max:0, Min:0
FTask3 Avg:20, SD:28, Max:269, Min:1
FCore Active Avg:21, SD:23, Max:100, Min:0
FRouter Active Avg:42, SD:25, Max:99, Min:1
T1 invocations: 686,316
T2 invocations: 0
T3 invocations: 6,964,447
T3b invocations: 0
Total3 invocations: 6,964,447
Total4 invocations: 0

T3/T2 ratio: inf
T3b/T3 ratio: 0

T1 avg ex cycles: 92
T2 avg ex cycles: -nan
T3&b avg ex cycles: 3
T4 avg ex cycles: -nan
Avg. hops NOC1: -nan
Avg. latency NOC1 (T2): -nan
Avg. hops NOC2: 9
Avg. latency NOC2 (T3): 2,275

===PRINTING ACUM STATS at pu_cycles: 200,609

ACollision In Avg:118, SD:58, Max:544, Min:41
ACollision Out Avg:91, SD:48, Max:289, Min:6
ACollision End Avg:0, SD:0, Max:0, Min:0
ATask1 Avg:65, SD:85, Max:360, Min:1
ATask2 Avg:0, SD:0, Max:0, Min:0
ATask3 Avg:21, SD:27, Max:273, Min:1
ACore Active Avg:22, SD:23, Max:100, Min:0
ARouter Active Avg:43, SD:24, Max:99, Min:2
T1 invocations: 1,457,075
T2 invocations: 0
T3 invocations: 14,552,017
T3b invocations: 0
Total3 invocations: 14,552,017
Total4 invocations: 0

T3/T2 ratio: inf
T3b/T3 ratio: 0

T1 avg ex cycles: 92
T2 avg ex cycles: -nan
T3&b avg ex cycles: 3
T4 avg ex cycles: -nan
Avg. hops NOC1: -nan
Avg. latency NOC1 (T2): -nan
Avg. hops NOC2: 8
Avg. latency NOC2 (T3): 1,843
Number of K Nodes Processed: 14,559
Number of K Edges Processed: 14,559
Node Re-explore factor: 3.46
Edge Re-explore factor: 0.14
Nodes/cy: 73
Edges/cy: 73
TEPS: 476

---DCache---
DCache Size: 103,056
DRAM words: 0
  DHits: 0
  DMisses: 0

---Energy---
Leakage Energy (nJ): 63,610
PU Dyn E (nJ): 856,199
Mem Dyn E (nJ): 4,785,590
Route Dyn E (nJ): 1,603,246
Dynamic Energy (nJ): 7,245,036
Ratio of Dyn/Leak: 114
Total Energy (nJ): 7,308,646
Total Energy (nJ) 3D: 8,131,703
Cores Energy (nJ): 858,433
Route Energy (nJ): 1,611,727
Route Energy (nJ) 3D: 2,434,783
Mem Energy   (nJ): 4,838,487
Mem Energy   (nJ) 3D: 4,838,487
Avg. Power (mW): 36,432.30
Power Density (mW/mm2): 11.41

---Runtime---
Runtime in K cycles: 200.61
Microseconds: 200.61
Time per iteration (ms): 0.20

---Throughput---
GOP/s (aka OPS/ns): 643.31
GOP/s per core: 0.63
GFLOP/s: 73.35
GFLOP/s per core: 0.07
Max Peak GFLOP/s: 4,096.00
Avg. BW GB/s: 2,414.93
Max BW GB/s: 16,384.00

---Traffic---
In-Die bisection_bytes BW (GB/s): 128.00
Inter-board traffic (msg/ns): 0.00, per-link: 0.00
Inter-pack traffic (msg/ns): 0.00, per-link: 0.00
Inter-die traffic (msg/ns): 77.32, per-link: 0.15
Ruche traffic (msg/ns): 109.27, per-link: 0.21
All traffic (msg/ns): 1,232.12, per-link: 1.20
Inter-die reduction wrt all: 15.94
Inter-board reduction wrt inter-die: inf

---Data Movement---
All traffic (msg): 247,174,640
Arith. Intensity FLOP/Loads: 0.19
Arith. Intensity FLOP/Msgs: 0.06
Arith. Intensity OPS/Loads: 1.70
Arith. Intensity OPS/Msgs: 0.52



===Core Utilization Total=== CORE-S:2;; TIME K cy:200 ;; Nodes Proc: 1,921,076 -- Edges Proc: 0

===PRINTING FRAME STATS

FCollision In Avg:117, SD:61, Max:555, Min:23
FCollision Out Avg:92, SD:50, Max:354, Min:4
FCollision End Avg:0, SD:0, Max:0, Min:0
FTask1 Avg:63, SD:85, Max:325, Min:0
FTask2 Avg:0, SD:0, Max:0, Min:0
FTask3 Avg:21, SD:28, Max:290, Min:1
FCore Active Avg:21, SD:23, Max:100, Min:0
FRouter Active Avg:42, SD:24, Max:99, Min:1
T1 invocations: 699,766
T2 invocations: 0
T3 invocations: 7,108,603
T3b invocations: 0
Total3 invocations: 7,108,603
Total4 invocations: 0

T3/T2 ratio: inf
T3b/T3 ratio: 0

T1 avg ex cycles: 92
T2 avg ex cycles: -nan
T3&b avg ex cycles: 3
T4 avg ex cycles: -nan
Avg. hops NOC1: -nan
Avg. latency NOC1 (T2): -nan
Avg. hops NOC2: 8
Avg. latency NOC2 (T3): 2,052

===PRINTING ACUM STATS at pu_cycles: 300,540

ACollision In Avg:118, SD:59, Max:548, Min:39
ACollision Out Avg:91, SD:49, Max:297, Min:8
ACollision End Avg:0, SD:0, Max:0, Min:0
ATask1 Avg:65, SD:84, Max:305, Min:0
ATask2 Avg:0, SD:0, Max:0, Min:0
ATask3 Avg:21, SD:27, Max:279, Min:1
ACore Active Avg:21, SD:23, Max:100, Min:0
ARouter Active Avg:43, SD:24, Max:99, Min:2
T1 invocations: 2,146,798
T2 invocations: 0
T3 invocations: 21,627,481
T3b invocations: 0
Total3 invocations: 21,627,481
Total4 invocations: 0

T3/T2 ratio: inf
T3b/T3 ratio: 0

T1 avg ex cycles: 92
T2 avg ex cycles: -nan
T3&b avg ex cycles: 3
T4 avg ex cycles: -nan
Avg. hops NOC1: -nan
Avg. latency NOC1 (T2): -nan
Avg. hops NOC2: 8
Avg. latency NOC2 (T3): 1,911
Number of K Nodes Processed: 21,671
Number of K Edges Processed: 21,671
Node Re-explore factor: 5.15
Edge Re-explore factor: 0.21
Nodes/cy: 72
Edges/cy: 72
TEPS: 318

---DCache---
DCache Size: 103,056
DRAM words: 0
  DHits: 0
  DMisses: 0

---Energy---
Leakage Energy (nJ): 95,297
PU Dyn E (nJ): 1,263,479
Mem Dyn E (nJ): 7,096,099
Route Dyn E (nJ): 2,375,878
Dynamic Energy (nJ): 10,735,455
Ratio of Dyn/Leak: 113
Total Energy (nJ): 10,830,752
Total Energy (nJ) 3D: 12,048,977
Cores Energy (nJ): 1,266,825
Route Energy (nJ): 2,388,583
Route Energy (nJ) 3D: 3,606,808
Mem Energy   (nJ): 7,175,345
Mem Energy   (nJ) 3D: 7,175,345
Avg. Power (mW): 36,037.64
Power Density (mW/mm2): 11.29

---Runtime---
Runtime in K cycles: 300.54
Microseconds: 300.54
Time per iteration (ms): 0.30

---Throughput---
GOP/s (aka OPS/ns): 634.04
GOP/s per core: 0.62
GFLOP/s: 72.16
GFLOP/s per core: 0.07
Max Peak GFLOP/s: 4,096.00
Avg. BW GB/s: 2,390.10
Max BW GB/s: 16,384.00

---Traffic---
In-Die bisection_bytes BW (GB/s): 128.00
Inter-board traffic (msg/ns): 0.00, per-link: 0.00
Inter-pack traffic (msg/ns): 0.00, per-link: 0.00
Inter-die traffic (msg/ns): 76.81, per-link: 0.15
Ruche traffic (msg/ns): 108.32, per-link: 0.21
All traffic (msg/ns): 1,218.68, per-link: 1.19
Inter-die reduction wrt all: 15.87
Inter-board reduction wrt inter-die: inf

---Data Movement---
All traffic (msg): 366,262,958
Arith. Intensity FLOP/Loads: 0.19
Arith. Intensity FLOP/Msgs: 0.06
Arith. Intensity OPS/Loads: 1.69
Arith. Intensity OPS/Msgs: 0.52



===Core Utilization Total=== CORE-S:3;; TIME K cy:300 ;; Nodes Proc: 2,874,766 -- Edges Proc: 0

===PRINTING FRAME STATS

FCollision In Avg:109, SD:57, Max:475, Min:0
FCollision Out Avg:84, SD:49, Max:290, Min:0
FCollision End Avg:0, SD:0, Max:0, Min:0
FTask1 Avg:69, SD:76, Max:365, Min:0
FTask2 Avg:0, SD:0, Max:0, Min:0
FTask3 Avg:23, SD:30, Max:262, Min:1
FCore Active Avg:23, SD:21, Max:100, Min:1
FRouter Active Avg:44, SD:21, Max:98, Min:5
T1 invocations: 719,276
T2 invocations: 0
T3 invocations: 7,806,349
T3b invocations: 0
Total3 invocations: 7,806,349
Total4 invocations: 0

T3/T2 ratio: inf
T3b/T3 ratio: 0

T1 avg ex cycles: 98
T2 avg ex cycles: -nan
T3&b avg ex cycles: 3
T4 avg ex cycles: -nan
Avg. hops NOC1: -nan
Avg. latency NOC1 (T2): -nan
Avg. hops NOC2: 8
Avg. latency NOC2 (T3): 2,169

===PRINTING ACUM STATS at pu_cycles: 400,568

ACollision In Avg:115, SD:57, Max:522, Min:29
ACollision Out Avg:89, SD:48, Max:290, Min:9
ACollision End Avg:0, SD:0, Max:0, Min:0
ATask1 Avg:66, SD:75, Max:229, Min:0
ATask2 Avg:0, SD:0, Max:0, Min:0
ATask3 Avg:22, SD:27, Max:273, Min:1
ACore Active Avg:22, SD:20, Max:98, Min:1
ARouter Active Avg:43, SD:23, Max:98, Min:2
T1 invocations: 2,878,185
T2 invocations: 0
T3 invocations: 29,472,608
T3b invocations: 0
Total3 invocations: 29,472,608
Total4 invocations: 0

T3/T2 ratio: inf
T3b/T3 ratio: 0

T1 avg ex cycles: 93
T2 avg ex cycles: -nan
T3&b avg ex cycles: 3
T4 avg ex cycles: -nan
Avg. hops NOC1: -nan
Avg. latency NOC1 (T2): -nan
Avg. hops NOC2: 8
Avg. latency NOC2 (T3): 1,979
Number of K Nodes Processed: 29,483
Number of K Edges Processed: 29,483
Node Re-explore factor: 7.01
Edge Re-explore factor: 0.29
Nodes/cy: 74
Edges/cy: 74
TEPS: 239

---DCache---
DCache Size: 103,056
DRAM words: 0
  DHits: 0
  DMisses: 0

---Energy---
Leakage Energy (nJ): 127,015
PU Dyn E (nJ): 1,723,072
Mem Dyn E (nJ): 9,669,622
Route Dyn E (nJ): 3,208,261
Dynamic Energy (nJ): 14,600,955
Ratio of Dyn/Leak: 115
Total Energy (nJ): 14,727,970
Total Energy (nJ) 3D: 16,364,399
Cores Energy (nJ): 1,727,531
Route Energy (nJ): 3,225,195
Route Energy (nJ) 3D: 4,861,624
Mem Energy   (nJ): 9,775,244
Mem Energy   (nJ) 3D: 9,775,244
Avg. Power (mW): 36,767.71
Power Density (mW/mm2): 11.52

---Runtime---
Runtime in K cycles: 400.57
Microseconds: 400.57
Time per iteration (ms): 0.40

---Throughput---
GOP/s (aka OPS/ns): 648.31
GOP/s per core: 0.63
GFLOP/s: 73.95
GFLOP/s per core: 0.07
Max Peak GFLOP/s: 4,096.00
Avg. BW GB/s: 2,443.63
Max BW GB/s: 16,384.00

---Traffic---
In-Die bisection_bytes BW (GB/s): 128.00
Inter-board traffic (msg/ns): 0.00, per-link: 0.00
Inter-pack traffic (msg/ns): 0.00, per-link: 0.00
Inter-die traffic (msg/ns): 76.92, per-link: 0.15
Ruche traffic (msg/ns): 113.11, per-link: 0.22
All traffic (msg/ns): 1,233.79, per-link: 1.20
Inter-die reduction wrt all: 16.04
Inter-board reduction wrt inter-die: inf

---Data Movement---
All traffic (msg): 494,218,698
Arith. Intensity FLOP/Loads: 0.19
Arith. Intensity FLOP/Msgs: 0.06
Arith. Intensity OPS/Loads: 1.69
Arith. Intensity OPS/Msgs: 0.53



===Core Utilization Total=== CORE-S:4;; TIME K cy:400 ;; Nodes Proc: 3,926,666 -- Edges Proc: 0

===PRINTING FRAME STATS

FCollision In Avg:100, SD:64, Max:467, Min:0
FCollision Out Avg:75, SD:51, Max:276, Min:0
FCollision End Avg:0, SD:0, Max:0, Min:0
FTask1 Avg:70, SD:81, Max:337, Min:0
FTask2 Avg:0, SD:0, Max:0, Min:0
FTask3 Avg:23, SD:32, Max:292, Min:1
FCore Active Avg:23, SD:22, Max:100, Min:0
FRouter Active Avg:44, SD:22, Max:100, Min:7
T1 invocations: 710,357
T2 invocations: 0
T3 invocations: 7,938,882
T3b invocations: 0
Total3 invocations: 7,938,882
Total4 invocations: 0

T3/T2 ratio: inf
T3b/T3 ratio: 0

T1 avg ex cycles: 100
T2 avg ex cycles: -nan
T3&b avg ex cycles: 3
T4 avg ex cycles: -nan
Avg. hops NOC1: -nan
Avg. latency NOC1 (T2): -nan
Avg. hops NOC2: 8
Avg. latency NOC2 (T3): 1,804

===PRINTING ACUM STATS at pu_cycles: 500,607

ACollision In Avg:112, SD:55, Max:498, Min:23
ACollision Out Avg:87, SD:47, Max:286, Min:7
ACollision End Avg:0, SD:0, Max:0, Min:0
ATask1 Avg:66, SD:64, Max:184, Min:0
ATask2 Avg:0, SD:0, Max:0, Min:0
ATask3 Avg:22, SD:28, Max:261, Min:1
ACore Active Avg:22, SD:18, Max:91, Min:1
ARouter Active Avg:43, SD:21, Max:98, Min:4
T1 invocations: 3,588,542
T2 invocations: 0
T3 invocations: 37,411,490
T3b invocations: 0
Total3 invocations: 37,411,490
Total4 invocations: 0

T3/T2 ratio: inf
T3b/T3 ratio: 0

T1 avg ex cycles: 95
T2 avg ex cycles: -nan
T3&b avg ex cycles: 3
T4 avg ex cycles: -nan
Avg. hops NOC1: -nan
Avg. latency NOC1 (T2): -nan
Avg. hops NOC2: 8
Avg. latency NOC2 (T3): 1,942
Number of K Nodes Processed: 37,419
Number of K Edges Processed: 37,419
Node Re-explore factor: 8.90
Edge Re-explore factor: 0.37
Nodes/cy: 75
Edges/cy: 75
TEPS: 191

---DCache---
DCache Size: 103,056
DRAM words: 0
  DHits: 0
  DMisses: 0

---Energy---
Leakage Energy (nJ): 158,735
PU Dyn E (nJ): 2,182,468
Mem Dyn E (nJ): 12,262,583
Route Dyn E (nJ): 4,023,158
Dynamic Energy (nJ): 18,468,209
Ratio of Dyn/Leak: 116
Total Energy (nJ): 18,626,944
Total Energy (nJ) 3D: 20,664,771
Cores Energy (nJ): 2,188,041
Route Energy (nJ): 4,044,321
Route Energy (nJ) 3D: 6,082,147
Mem Energy   (nJ): 12,394,583
Mem Energy   (nJ) 3D: 12,394,583
Avg. Power (mW): 37,208.72
Power Density (mW/mm2): 11.65

---Runtime---
Runtime in K cycles: 500.61
Microseconds: 500.61
Time per iteration (ms): 0.50

---Throughput---
GOP/s (aka OPS/ns): 656.82
GOP/s per core: 0.64
GFLOP/s: 75.00
GFLOP/s per core: 0.07
Max Peak GFLOP/s: 4,096.00
Avg. BW GB/s: 2,479.61
Max BW GB/s: 16,384.00

---Traffic---
In-Die bisection_bytes BW (GB/s): 128.00
Inter-board traffic (msg/ns): 0.00, per-link: 0.00
Inter-pack traffic (msg/ns): 0.00, per-link: 0.00
Inter-die traffic (msg/ns): 76.77, per-link: 0.15
Ruche traffic (msg/ns): 117.17, per-link: 0.23
All traffic (msg/ns): 1,236.83, per-link: 1.21
Inter-die reduction wrt all: 16.11
Inter-board reduction wrt inter-die: inf

---Data Movement---
All traffic (msg): 619,164,242
Arith. Intensity FLOP/Loads: 0.19
Arith. Intensity FLOP/Msgs: 0.06
Arith. Intensity OPS/Loads: 1.69
Arith. Intensity OPS/Msgs: 0.53



===Core Utilization Total=== CORE-S:5;; TIME K cy:500 ;; Nodes Proc: 4,954,506 -- Edges Proc: 0

===PRINTING FRAME STATS

FCollision In Avg:92, SD:65, Max:486, Min:0
FCollision Out Avg:68, SD:52, Max:274, Min:0
FCollision End Avg:0, SD:0, Max:0, Min:0
FTask1 Avg:69, SD:88, Max:373, Min:0
FTask2 Avg:0, SD:0, Max:0, Min:0
FTask3 Avg:23, SD:31, Max:279, Min:1
FCore Active Avg:23, SD:23, Max:99, Min:0
FRouter Active Avg:43, SD:23, Max:100, Min:4
T1 invocations: 679,002
T2 invocations: 0
T3 invocations: 7,843,508
T3b invocations: 0
Total3 invocations: 7,843,508
Total4 invocations: 0

T3/T2 ratio: inf
T3b/T3 ratio: 0

T1 avg ex cycles: 103
T2 avg ex cycles: -nan
T3&b avg ex cycles: 3
T4 avg ex cycles: -nan
Avg. hops NOC1: -nan
Avg. latency NOC1 (T2): -nan
Avg. hops NOC2: 8
Avg. latency NOC2 (T3): 1,596

===PRINTING ACUM STATS at pu_cycles: 600,591

ACollision In Avg:109, SD:54, Max:479, Min:19
ACollision Out Avg:84, SD:47, Max:281, Min:6
ACollision End Avg:0, SD:0, Max:0, Min:0
ATask1 Avg:67, SD:56, Max:156, Min:0
ATask2 Avg:0, SD:0, Max:0, Min:0
ATask3 Avg:22, SD:28, Max:255, Min:1
ACore Active Avg:22, SD:16, Max:89, Min:1
ARouter Active Avg:43, SD:20, Max:98, Min:5
T1 invocations: 4,267,544
T2 invocations: 0
T3 invocations: 45,254,998
T3b invocations: 0
Total3 invocations: 45,254,998
Total4 invocations: 0

T3/T2 ratio: inf
T3b/T3 ratio: 0

T1 avg ex cycles: 96
T2 avg ex cycles: -nan
T3&b avg ex cycles: 3
T4 avg ex cycles: -nan
Avg. hops NOC1: -nan
Avg. latency NOC1 (T2): -nan
Avg. hops NOC2: 8
Avg. latency NOC2 (T3): 1,882
Number of K Nodes Processed: 45,265
Number of K Edges Processed: 45,265
Node Re-explore factor: 10.76
Edge Re-explore factor: 0.45
Nodes/cy: 75
Edges/cy: 75
TEPS: 159

---DCache---
DCache Size: 103,056
DRAM words: 0
  DHits: 0
  DMisses: 0

---Energy---
Leakage Energy (nJ): 190,439
PU Dyn E (nJ): 2,635,711
Mem Dyn E (nJ): 14,822,031
Route Dyn E (nJ): 4,816,381
Dynamic Energy (nJ): 22,274,123
Ratio of Dyn/Leak: 117
Total Energy (nJ): 22,464,562
Total Energy (nJ) 3D: 24,889,230
Cores Energy (nJ): 2,642,397
Route Energy (nJ): 4,841,771
Route Energy (nJ) 3D: 7,266,439
Mem Energy   (nJ): 14,980,394
Mem Energy   (nJ) 3D: 14,980,394
Avg. Power (mW): 37,404.09
Power Density (mW/mm2): 11.72

---Runtime---
Runtime in K cycles: 600.59
Microseconds: 600.59
Time per iteration (ms): 0.60

---Throughput---
GOP/s (aka OPS/ns): 660.92
GOP/s per core: 0.65
GFLOP/s: 75.56
GFLOP/s per core: 0.07
Max Peak GFLOP/s: 4,096.00
Avg. BW GB/s: 2,498.19
Max BW GB/s: 16,384.00

---Traffic---
In-Die bisection_bytes BW (GB/s): 128.00
Inter-board traffic (msg/ns): 0.00, per-link: 0.00
Inter-pack traffic (msg/ns): 0.00, per-link: 0.00
Inter-die traffic (msg/ns): 76.37, per-link: 0.15
Ruche traffic (msg/ns): 120.02, per-link: 0.23
All traffic (msg/ns): 1,233.14, per-link: 1.20
Inter-die reduction wrt all: 16.15
Inter-board reduction wrt inter-die: inf

---Data Movement---
All traffic (msg): 740,612,152
Arith. Intensity FLOP/Loads: 0.19
Arith. Intensity FLOP/Msgs: 0.06
Arith. Intensity OPS/Loads: 1.69
Arith. Intensity OPS/Msgs: 0.54



===Core Utilization Total=== CORE-S:6;; TIME K cy:600 ;; Nodes Proc: 6,016,846 -- Edges Proc: 0
======== IT IS COLD ======= Only 50 Tiles active

===PRINTING FRAME STATS

FCollision In Avg:83, SD:66, Max:388, Min:0
FCollision Out Avg:62, SD:54, Max:287, Min:0
FCollision End Avg:0, SD:0, Max:0, Min:0
FTask1 Avg:69, SD:84, Max:359, Min:0
FTask2 Avg:0, SD:0, Max:0, Min:0
FTask3 Avg:23, SD:31, Max:284, Min:1
FCore Active Avg:23, SD:22, Max:100, Min:0
FRouter Active Avg:42, SD:23, Max:100, Min:4
T1 invocations: 677,746
T2 invocations: 0
T3 invocations: 7,987,695
T3b invocations: 0
Total3 invocations: 7,987,695
Total4 invocations: 0

T3/T2 ratio: inf
T3b/T3 ratio: 0

T1 avg ex cycles: 105
T2 avg ex cycles: -nan
T3&b avg ex cycles: 3
T4 avg ex cycles: -nan
Avg. hops NOC1: -nan
Avg. latency NOC1 (T2): -nan
Avg. hops NOC2: 8
Avg. latency NOC2 (T3): 1,475

===PRINTING ACUM STATS at pu_cycles: 700,584

ACollision In Avg:105, SD:54, Max:479, Min:17
ACollision Out Avg:80, SD:47, Max:280, Min:5
ACollision End Avg:0, SD:0, Max:0, Min:0
ATask1 Avg:67, SD:49, Max:134, Min:0
ATask2 Avg:0, SD:0, Max:0, Min:0
ATask3 Avg:22, SD:28, Max:253, Min:1
ACore Active Avg:22, SD:14, Max:90, Min:1
ARouter Active Avg:43, SD:19, Max:98, Min:6
T1 invocations: 4,940,872
T2 invocations: 0
T3 invocations: 53,227,537
T3b invocations: 0
Total3 invocations: 53,227,537
Total4 invocations: 0

T3/T2 ratio: inf
T3b/T3 ratio: 0

T1 avg ex cycles: 97
T2 avg ex cycles: -nan
T3&b avg ex cycles: 3
T4 avg ex cycles: -nan
Avg. hops NOC1: -nan
Avg. latency NOC1 (T2): -nan
Avg. hops NOC2: 8
Avg. latency NOC2 (T3): 1,821
Number of K Nodes Processed: 53,251
Number of K Edges Processed: 53,251
Node Re-explore factor: 12.66
Edge Re-explore factor: 0.53
Nodes/cy: 76
Edges/cy: 76
TEPS: 136

---DCache---
DCache Size: 103,056
DRAM words: 0
  DHits: 0
  DMisses: 0

---Energy---
Leakage Energy (nJ): 222,145
PU Dyn E (nJ): 3,092,781
Mem Dyn E (nJ): 17,416,485
Route Dyn E (nJ): 5,598,096
Dynamic Energy (nJ): 26,107,363
Ratio of Dyn/Leak: 118
Total Energy (nJ): 26,329,508
Total Energy (nJ) 3D: 29,124,846
Cores Energy (nJ): 3,100,581
Route Energy (nJ): 5,627,713
Route Energy (nJ) 3D: 8,423,051
Mem Energy   (nJ): 17,601,215
Mem Energy   (nJ) 3D: 17,601,215
Avg. Power (mW): 37,582.23
Power Density (mW/mm2): 11.77

---Runtime---
Runtime in K cycles: 700.58
Microseconds: 700.58
Time per iteration (ms): 0.70

---Throughput---
GOP/s (aka OPS/ns): 664.68
GOP/s per core: 0.65
GFLOP/s: 76.05
GFLOP/s per core: 0.07
Max Peak GFLOP/s: 4,096.00
Avg. BW GB/s: 2,516.47
Max BW GB/s: 16,384.00

---Traffic---
In-Die bisection_bytes BW (GB/s): 128.00
Inter-board traffic (msg/ns): 0.00, per-link: 0.00
Inter-pack traffic (msg/ns): 0.00, per-link: 0.00
Inter-die traffic (msg/ns): 75.79, per-link: 0.15
Ruche traffic (msg/ns): 123.64, per-link: 0.24
All traffic (msg/ns): 1,227.09, per-link: 1.20
Inter-die reduction wrt all: 16.19
Inter-board reduction wrt inter-die: inf

---Data Movement---
All traffic (msg): 859,678,922
Arith. Intensity FLOP/Loads: 0.19
Arith. Intensity FLOP/Msgs: 0.06
Arith. Intensity OPS/Loads: 1.69
Arith. Intensity OPS/Msgs: 0.54



===Core Utilization Total=== CORE-S:7;; TIME K cy:700 ;; Nodes Proc: 7,007,680 -- Edges Proc: 0
======== IT IS COLD ======= Only 36 Tiles active

===PRINTING FRAME STATS

FCollision In Avg:77, SD:70, Max:484, Min:0
FCollision Out Avg:57, SD:52, Max:266, Min:0
FCollision End Avg:0, SD:0, Max:0, Min:0
FTask1 Avg:55, SD:64, Max:329, Min:0
FTask2 Avg:0, SD:0, Max:0, Min:0
FTask3 Avg:21, SD:29, Max:270, Min:1
FCore Active Avg:19, SD:18, Max:97, Min:0
FRouter Active Avg:38, SD:21, Max:100, Min:3
T1 invocations: 553,439
T2 invocations: 0
T3 invocations: 7,222,909
T3b invocations: 0
Total3 invocations: 7,222,909
Total4 invocations: 0

T3/T2 ratio: inf
T3b/T3 ratio: 0

T1 avg ex cycles: 102
T2 avg ex cycles: -nan
T3&b avg ex cycles: 3
T4 avg ex cycles: -nan
Avg. hops NOC1: -nan
Avg. latency NOC1 (T2): -nan
Avg. hops NOC2: 7
Avg. latency NOC2 (T3): 1,359

===PRINTING ACUM STATS at pu_cycles: 800,454

ACollision In Avg:102, SD:55, Max:475, Min:15
ACollision Out Avg:78, SD:47, Max:275, Min:5
ACollision End Avg:0, SD:0, Max:0, Min:0
ATask1 Avg:65, SD:42, Max:117, Min:0
ATask2 Avg:0, SD:0, Max:0, Min:0
ATask3 Avg:22, SD:27, Max:255, Min:1
ACore Active Avg:22, SD:13, Max:91, Min:1
ARouter Active Avg:42, SD:18, Max:98, Min:6
T1 invocations: 5,404,360
T2 invocations: 0
T3 invocations: 59,802,671
T3b invocations: 0
Total3 invocations: 59,802,671
Total4 invocations: 0

T3/T2 ratio: inf
T3b/T3 ratio: 0

T1 avg ex cycles: 98
T2 avg ex cycles: -nan
T3&b avg ex cycles: 3
T4 avg ex cycles: -nan
Avg. hops NOC1: -nan
Avg. latency NOC1 (T2): -nan
Avg. hops NOC2: 8
Avg. latency NOC2 (T3): 1,772
Number of K Nodes Processed: 60,348
Number of K Edges Processed: 60,348
Node Re-explore factor: 14.35
Edge Re-explore factor: 0.60
Nodes/cy: 75
Edges/cy: 75
TEPS: 119

---DCache---
DCache Size: 103,056
DRAM words: 0
  DHits: 0
  DMisses: 0

---Energy---
Leakage Energy (nJ): 253,813
PU Dyn E (nJ): 3,414,918
Mem Dyn E (nJ): 19,458,166
Route Dyn E (nJ): 6,217,723
Dynamic Energy (nJ): 29,090,808
Ratio of Dyn/Leak: 115
Total Energy (nJ): 29,344,621
Total Energy (nJ) 3D: 32,414,519
Cores Energy (nJ): 3,423,828
Route Energy (nJ): 6,251,562
Route Energy (nJ) 3D: 9,321,461
Mem Energy   (nJ): 19,669,230
Mem Energy   (nJ) 3D: 19,669,230
Avg. Power (mW): 36,659.97
Power Density (mW/mm2): 11.48

---Runtime---
Runtime in K cycles: 800.45
Microseconds: 800.45
Time per iteration (ms): 0.80

---Throughput---
GOP/s (aka OPS/ns): 643.17
GOP/s per core: 0.63
GFLOP/s: 73.29
GFLOP/s per core: 0.07
Max Peak GFLOP/s: 4,096.00
Avg. BW GB/s: 2,460.40
Max BW GB/s: 16,384.00

---Traffic---
In-Die bisection_bytes BW (GB/s): 128.00
Inter-board traffic (msg/ns): 0.00, per-link: 0.00
Inter-pack traffic (msg/ns): 0.00, per-link: 0.00
Inter-die traffic (msg/ns): 74.74, per-link: 0.15
Ruche traffic (msg/ns): 124.12, per-link: 0.24
All traffic (msg/ns): 1,190.02, per-link: 1.16
Inter-die reduction wrt all: 15.92
Inter-board reduction wrt inter-die: inf

---Data Movement---
All traffic (msg): 952,554,422
Arith. Intensity FLOP/Loads: 0.19
Arith. Intensity FLOP/Msgs: 0.06
Arith. Intensity OPS/Loads: 1.67
Arith. Intensity OPS/Msgs: 0.54



===Core Utilization Total=== CORE-S:8;; TIME K cy:800 ;; Nodes Proc: 7,850,001 -- Edges Proc: 0
======== IT IS COLD ======= Only 34 Tiles active

===PRINTING FRAME STATS

FCollision In Avg:67, SD:70, Max:518, Min:0
FCollision Out Avg:50, SD:51, Max:262, Min:0
FCollision End Avg:0, SD:0, Max:0, Min:0
FTask1 Avg:55, SD:74, Max:379, Min:0
FTask2 Avg:0, SD:0, Max:0, Min:0
FTask3 Avg:20, SD:26, Max:259, Min:1
FCore Active Avg:19, SD:20, Max:99, Min:0
FRouter Active Avg:36, SD:21, Max:100, Min:2
T1 invocations: 534,626
T2 invocations: 0
T3 invocations: 6,810,444
T3b invocations: 0
Total3 invocations: 6,810,444
Total4 invocations: 0

T3/T2 ratio: inf
T3b/T3 ratio: 0

T1 avg ex cycles: 106
T2 avg ex cycles: -nan
T3&b avg ex cycles: 3
T4 avg ex cycles: -nan
Avg. hops NOC1: -nan
Avg. latency NOC1 (T2): -nan
Avg. hops NOC2: 7
Avg. latency NOC2 (T3): 1,480

===PRINTING ACUM STATS at pu_cycles: 900,507

ACollision In Avg:98, SD:55, Max:480, Min:13
ACollision Out Avg:74, SD:47, Max:273, Min:4
ACollision End Avg:0, SD:0, Max:0, Min:0
ATask1 Avg:65, SD:36, Max:104, Min:0
ATask2 Avg:0, SD:0, Max:0, Min:0
ATask3 Avg:22, SD:27, Max:255, Min:1
ACore Active Avg:22, SD:12, Max:88, Min:1
ARouter Active Avg:42, SD:17, Max:98, Min:6
T1 invocations: 6,041,140
T2 invocations: 0
T3 invocations: 66,718,824
T3b invocations: 0
Total3 invocations: 66,718,824
Total4 invocations: 0

T3/T2 ratio: inf
T3b/T3 ratio: 0

T1 avg ex cycles: 99
T2 avg ex cycles: -nan
T3&b avg ex cycles: 3
T4 avg ex cycles: -nan
Avg. hops NOC1: -nan
Avg. latency NOC1 (T2): -nan
Avg. hops NOC2: 8
Avg. latency NOC2 (T3): 1,742
Number of K Nodes Processed: 67,141
Number of K Edges Processed: 67,141
Node Re-explore factor: 15.96
Edge Re-explore factor: 0.66
Nodes/cy: 75
Edges/cy: 75
TEPS: 106

---DCache---
DCache Size: 103,056
DRAM words: 0
  DHits: 0
  DMisses: 0

---Energy---
Leakage Energy (nJ): 285,538
PU Dyn E (nJ): 3,847,269
Mem Dyn E (nJ): 21,772,525
Route Dyn E (nJ): 6,940,911
Dynamic Energy (nJ): 32,560,706
Ratio of Dyn/Leak: 114
Total Energy (nJ): 32,846,244
Total Energy (nJ) 3D: 36,267,716
Cores Energy (nJ): 3,857,294
Route Energy (nJ): 6,978,980
Route Energy (nJ) 3D: 10,400,452
Mem Energy   (nJ): 22,009,971
Mem Energy   (nJ) 3D: 22,009,971
Avg. Power (mW): 36,475.28
Power Density (mW/mm2): 11.42

---Runtime---
Runtime in K cycles: 900.51
Microseconds: 900.51
Time per iteration (ms): 0.90

---Throughput---
GOP/s (aka OPS/ns): 643.34
GOP/s per core: 0.63
GFLOP/s: 73.58
GFLOP/s per core: 0.07
Max Peak GFLOP/s: 4,096.00
Avg. BW GB/s: 2,447.33
Max BW GB/s: 16,384.00

---Traffic---
In-Die bisection_bytes BW (GB/s): 128.00
Inter-board traffic (msg/ns): 0.00, per-link: 0.00
Inter-pack traffic (msg/ns): 0.00, per-link: 0.00
Inter-die traffic (msg/ns): 73.50, per-link: 0.14
Ruche traffic (msg/ns): 124.53, per-link: 0.24
All traffic (msg/ns): 1,180.11, per-link: 1.15
Inter-die reduction wrt all: 16.06
Inter-board reduction wrt inter-die: inf

---Data Movement---
All traffic (msg): 1,062,693,432
Arith. Intensity FLOP/Loads: 0.19
Arith. Intensity FLOP/Msgs: 0.06
Arith. Intensity OPS/Loads: 1.68
Arith. Intensity OPS/Msgs: 0.55



===Core Utilization Total=== CORE-S:9;; TIME K cy:900 ;; Nodes Proc: 8,640,667 -- Edges Proc: 0
======== IT IS COLD ======= Only 19 Tiles active

===PRINTING FRAME STATS

FCollision In Avg:58, SD:66, Max:473, Min:0
FCollision Out Avg:42, SD:49, Max:285, Min:0
FCollision End Avg:0, SD:0, Max:0, Min:0
FTask1 Avg:55, SD:81, Max:384, Min:0
FTask2 Avg:0, SD:0, Max:0, Min:0
FTask3 Avg:18, SD:24, Max:227, Min:0
FCore Active Avg:18, SD:21, Max:99, Min:0
FRouter Active Avg:36, SD:22, Max:100, Min:2
T1 invocations: 520,123
T2 invocations: 0
T3 invocations: 6,284,959
T3b invocations: 0
Total3 invocations: 6,284,959
Total4 invocations: 0

T3/T2 ratio: inf
T3b/T3 ratio: 0

T1 avg ex cycles: 108
T2 avg ex cycles: -nan
T3&b avg ex cycles: 3
T4 avg ex cycles: -nan
Avg. hops NOC1: -nan
Avg. latency NOC1 (T2): -nan
Avg. hops NOC2: 8
Avg. latency NOC2 (T3): 1,325

===PRINTING ACUM STATS at pu_cycles: 1,000,533

ACollision In Avg:94, SD:55, Max:479, Min:12
ACollision Out Avg:71, SD:46, Max:275, Min:4
ACollision End Avg:0, SD:0, Max:0, Min:0
ATask1 Avg:65, SD:31, Max:94, Min:0
ATask2 Avg:0, SD:0, Max:0, Min:0
ATask3 Avg:22, SD:26, Max:253, Min:1
ACore Active Avg:22, SD:10, Max:85, Min:1
ARouter Active Avg:41, SD:16, Max:98, Min:6
T1 invocations: 6,635,200
T2 invocations: 0
T3 invocations: 73,422,751
T3b invocations: 0
Total3 invocations: 73,422,751
Total4 invocations: 0

T3/T2 ratio: inf
T3b/T3 ratio: 0

T1 avg ex cycles: 100
T2 avg ex cycles: -nan
T3&b avg ex cycles: 3
T4 avg ex cycles: -nan
Avg. hops NOC1: -nan
Avg. latency NOC1 (T2): -nan
Avg. hops NOC2: 8
Avg. latency NOC2 (T3): 1,707
Number of K Nodes Processed: 73,433
Number of K Edges Processed: 73,433
Node Re-explore factor: 17.46
Edge Re-explore factor: 0.72
Nodes/cy: 73
Edges/cy: 73
TEPS: 96

---DCache---
DCache Size: 103,056
DRAM words: 0
  DHits: 0
  DMisses: 0

---Energy---
Leakage Energy (nJ): 317,255
PU Dyn E (nJ): 4,260,111
Mem Dyn E (nJ): 24,003,986
Route Dyn E (nJ): 7,647,398
Dynamic Energy (nJ): 35,911,495
Ratio of Dyn/Leak: 113
Total Energy (nJ): 36,228,750
Total Energy (nJ) 3D: 40,003,754
Cores Energy (nJ): 4,271,249
Route Energy (nJ): 7,689,695
Route Energy (nJ) 3D: 11,464,699
Mem Energy   (nJ): 24,267,806
Mem Energy   (nJ) 3D: 24,267,806
Avg. Power (mW): 36,209.45
Power Density (mW/mm2): 11.34

---Runtime---
Runtime in K cycles: 1,000.53
Microseconds: 1,000.53
Time per iteration (ms): 1.00

---Throughput---
GOP/s (aka OPS/ns): 640.62
GOP/s per core: 0.63
GFLOP/s: 73.47
GFLOP/s per core: 0.07
Max Peak GFLOP/s: 4,096.00
Avg. BW GB/s: 2,428.52
Max BW GB/s: 16,384.00

---Traffic---
In-Die bisection_bytes BW (GB/s): 128.00
Inter-board traffic (msg/ns): 0.00, per-link: 0.00
Inter-pack traffic (msg/ns): 0.00, per-link: 0.00
Inter-die traffic (msg/ns): 72.41, per-link: 0.14
Ruche traffic (msg/ns): 123.36, per-link: 0.24
All traffic (msg/ns): 1,170.61, per-link: 1.14
Inter-die reduction wrt all: 16.17
Inter-board reduction wrt inter-die: inf

---Data Movement---
All traffic (msg): 1,171,238,190
Arith. Intensity FLOP/Loads: 0.19
Arith. Intensity FLOP/Msgs: 0.06
Arith. Intensity OPS/Loads: 1.68
Arith. Intensity OPS/Msgs: 0.55



===Core Utilization Total=== CORE-S:10;; TIME K cy:1,000 ;; Nodes Proc: 9,403,744 -- Edges Proc: 0
======== IT IS COLD ======= Only 15 Tiles active

===PRINTING FRAME STATS

FCollision In Avg:47, SD:61, Max:388, Min:0
FCollision Out Avg:33, SD:47, Max:299, Min:0
FCollision End Avg:0, SD:0, Max:0, Min:0
FTask1 Avg:51, SD:77, Max:372, Min:0
FTask2 Avg:0, SD:0, Max:0, Min:0
FTask3 Avg:19, SD:26, Max:261, Min:0
FCore Active Avg:18, SD:20, Max:98, Min:0
FRouter Active Avg:36, SD:22, Max:99, Min:2
T1 invocations: 494,998
T2 invocations: 0
T3 invocations: 6,511,867
T3b invocations: 0
Total3 invocations: 6,511,867
Total4 invocations: 0

T3/T2 ratio: inf
T3b/T3 ratio: 0

T1 avg ex cycles: 106
T2 avg ex cycles: -nan
T3&b avg ex cycles: 3
T4 avg ex cycles: -nan
Avg. hops NOC1: -nan
Avg. latency NOC1 (T2): -nan
Avg. hops NOC2: 8
Avg. latency NOC2 (T3): 1,032

===PRINTING ACUM STATS at pu_cycles: 1,100,419

ACollision In Avg:90, SD:54, Max:469, Min:11
ACollision Out Avg:68, SD:45, Max:277, Min:3
ACollision End Avg:0, SD:0, Max:0, Min:0
ATask1 Avg:63, SD:27, Max:86, Min:0
ATask2 Avg:0, SD:0, Max:0, Min:0
ATask3 Avg:21, SD:26, Max:253, Min:1
ACore Active Avg:21, SD:10, Max:83, Min:1
ARouter Active Avg:41, SD:15, Max:98, Min:6
T1 invocations: 6,999,819
T2 invocations: 0
T3 invocations: 79,426,246
T3b invocations: 0
Total3 invocations: 79,426,246
Total4 invocations: 0

T3/T2 ratio: inf
T3b/T3 ratio: 0

T1 avg ex cycles: 100
T2 avg ex cycles: -nan
T3&b avg ex cycles: 3
T4 avg ex cycles: -nan
Avg. hops NOC1: -nan
Avg. latency NOC1 (T2): -nan
Avg. hops NOC2: 8
Avg. latency NOC2 (T3): 1,654
Number of K Nodes Processed: 79,957
Number of K Edges Processed: 79,957
Node Re-explore factor: 19.01
Edge Re-explore factor: 0.79
Nodes/cy: 73
Edges/cy: 73
TEPS: 87

---DCache---
DCache Size: 103,056
DRAM words: 0
  DHits: 0
  DMisses: 0

---Energy---
Leakage Energy (nJ): 348,928
PU Dyn E (nJ): 4,534,641
Mem Dyn E (nJ): 25,831,662
Route Dyn E (nJ): 8,215,566
Dynamic Energy (nJ): 38,581,870
Ratio of Dyn/Leak: 111
Total Energy (nJ): 38,930,798
Total Energy (nJ) 3D: 42,953,173
Cores Energy (nJ): 4,546,891
Route Energy (nJ): 8,262,086
Route Energy (nJ) 3D: 12,284,462
Mem Energy   (nJ): 26,121,820
Mem Energy   (nJ) 3D: 26,121,820
Avg. Power (mW): 35,378.16
Power Density (mW/mm2): 11.08

---Runtime---
Runtime in K cycles: 1,100.42
Microseconds: 1,100.42
Time per iteration (ms): 1.10

---Throughput---
GOP/s (aka OPS/ns): 620.75
GOP/s per core: 0.61
GFLOP/s: 70.92
GFLOP/s per core: 0.07
Max Peak GFLOP/s: 4,096.00
Avg. BW GB/s: 2,375.95
Max BW GB/s: 16,384.00

---Traffic---
In-Die bisection_bytes BW (GB/s): 128.00
Inter-board traffic (msg/ns): 0.00, per-link: 0.00
Inter-pack traffic (msg/ns): 0.00, per-link: 0.00
Inter-die traffic (msg/ns): 71.24, per-link: 0.14
Ruche traffic (msg/ns): 123.44, per-link: 0.24
All traffic (msg/ns): 1,141.28, per-link: 1.11
Inter-die reduction wrt all: 16.02
Inter-board reduction wrt inter-die: inf

---Data Movement---
All traffic (msg): 1,255,890,364
Arith. Intensity FLOP/Loads: 0.19
Arith. Intensity FLOP/Msgs: 0.06
Arith. Intensity OPS/Loads: 1.67
Arith. Intensity OPS/Msgs: 0.54



===Core Utilization Total=== CORE-S:11;; TIME K cy:1,100 ;; Nodes Proc: 10,105,994 -- Edges Proc: 0
======== IT IS COLD ======= Only 11 Tiles active

===PRINTING FRAME STATS

FCollision In Avg:32, SD:51, Max:300, Min:0
FCollision Out Avg:21, SD:39, Max:249, Min:0
FCollision End Avg:0, SD:0, Max:0, Min:0
FTask1 Avg:53, SD:92, Max:387, Min:0
FTask2 Avg:0, SD:0, Max:0, Min:0
FTask3 Avg:18, SD:25, Max:250, Min:0
FCore Active Avg:18, SD:24, Max:99, Min:0
FRouter Active Avg:35, SD:25, Max:99, Min:1
T1 invocations: 478,997
T2 invocations: 0
T3 invocations: 6,285,991
T3b invocations: 0
Total3 invocations: 6,285,991
Total4 invocations: 0

T3/T2 ratio: inf
T3b/T3 ratio: 0

T1 avg ex cycles: 113
T2 avg ex cycles: -nan
T3&b avg ex cycles: 3
T4 avg ex cycles: -nan
Avg. hops NOC1: -nan
Avg. latency NOC1 (T2): -nan
Avg. hops NOC2: 8
Avg. latency NOC2 (T3): 953

===PRINTING ACUM STATS at pu_cycles: 1,200,481

ACollision In Avg:85, SD:52, Max:449, Min:10
ACollision Out Avg:64, SD:43, Max:274, Min:3
ACollision End Avg:0, SD:0, Max:0, Min:0
ATask1 Avg:63, SD:21, Max:78, Min:0
ATask2 Avg:0, SD:0, Max:0, Min:0
ATask3 Avg:21, SD:25, Max:252, Min:1
ACore Active Avg:21, SD:8, Max:81, Min:1
ARouter Active Avg:40, SD:15, Max:98, Min:6
T1 invocations: 7,627,463
T2 invocations: 0
T3 invocations: 86,191,627
T3b invocations: 0
Total3 invocations: 86,191,627
Total4 invocations: 0

T3/T2 ratio: inf
T3b/T3 ratio: 0

T1 avg ex cycles: 101
T2 avg ex cycles: -nan
T3&b avg ex cycles: 3
T4 avg ex cycles: -nan
Avg. hops NOC1: -nan
Avg. latency NOC1 (T2): -nan
Avg. hops NOC2: 8
Avg. latency NOC2 (T3): 1,601
Number of K Nodes Processed: 86,245
Number of K Edges Processed: 86,245
Node Re-explore factor: 20.50
Edge Re-explore factor: 0.85
Nodes/cy: 72
Edges/cy: 72
TEPS: 80

---DCache---
DCache Size: 103,056
DRAM words: 0
  DHits: 0
  DMisses: 0

---Energy---
Leakage Energy (nJ): 380,656
PU Dyn E (nJ): 4,980,765
Mem Dyn E (nJ): 28,135,121
Route Dyn E (nJ): 8,923,446
Dynamic Energy (nJ): 42,039,332
Ratio of Dyn/Leak: 110
Total Energy (nJ): 42,419,988
Total Energy (nJ) 3D: 46,794,194
Cores Energy (nJ): 4,994,129
Route Energy (nJ): 8,974,196
Route Energy (nJ) 3D: 13,348,401
Mem Energy   (nJ): 28,451,664
Mem Energy   (nJ) 3D: 28,451,664
Avg. Power (mW): 35,335.83
Power Density (mW/mm2): 11.07

---Runtime---
Runtime in K cycles: 1,200.48
Microseconds: 1,200.48
Time per iteration (ms): 1.20

---Throughput---
GOP/s (aka OPS/ns): 624.13
GOP/s per core: 0.61
GFLOP/s: 71.62
GFLOP/s per core: 0.07
Max Peak GFLOP/s: 4,096.00
Avg. BW GB/s: 2,372.32
Max BW GB/s: 16,384.00

---Traffic---
In-Die bisection_bytes BW (GB/s): 128.00
Inter-board traffic (msg/ns): 0.00, per-link: 0.00
Inter-pack traffic (msg/ns): 0.00, per-link: 0.00
Inter-die traffic (msg/ns): 69.83, per-link: 0.14
Ruche traffic (msg/ns): 123.49, per-link: 0.24
All traffic (msg/ns): 1,136.62, per-link: 1.11
Inter-die reduction wrt all: 16.28
Inter-board reduction wrt inter-die: inf

---Data Movement---
All traffic (msg): 1,364,494,656
Arith. Intensity FLOP/Loads: 0.19
Arith. Intensity FLOP/Msgs: 0.06
Arith. Intensity OPS/Loads: 1.68
Arith. Intensity OPS/Msgs: 0.55



===Core Utilization Total=== CORE-S:12;; TIME K cy:1,200 ;; Nodes Proc: 10,839,819 -- Edges Proc: 0
======== IT IS COLD ======= Only 9 Tiles active

===PRINTING FRAME STATS

FCollision In Avg:24, SD:47, Max:294, Min:0
FCollision Out Avg:15, SD:34, Max:235, Min:0
FCollision End Avg:0, SD:0, Max:0, Min:0
FTask1 Avg:37, SD:80, Max:375, Min:0
FTask2 Avg:0, SD:0, Max:0, Min:0
FTask3 Avg:16, SD:25, Max:252, Min:0
FCore Active Avg:13, SD:21, Max:98, Min:0
FRouter Active Avg:30, SD:25, Max:100, Min:1
T1 invocations: 362,459
T2 invocations: 0
T3 invocations: 5,575,861
T3b invocations: 0
Total3 invocations: 5,575,861
Total4 invocations: 0

T3/T2 ratio: inf
T3b/T3 ratio: 0

T1 avg ex cycles: 105
T2 avg ex cycles: -nan
T3&b avg ex cycles: 3
T4 avg ex cycles: -nan
Avg. hops NOC1: -nan
Avg. latency NOC1 (T2): -nan
Avg. hops NOC2: 7
Avg. latency NOC2 (T3): 716

===PRINTING ACUM STATS at pu_cycles: 1,300,516

ACollision In Avg:80, SD:50, Max:418, Min:9
ACollision Out Avg:60, SD:42, Max:271, Min:3
ACollision End Avg:0, SD:0, Max:0, Min:0
ATask1 Avg:60, SD:18, Max:72, Min:0
ATask2 Avg:0, SD:0, Max:0, Min:0
ATask3 Avg:21, SD:25, Max:251, Min:1
ACore Active Avg:20, SD:8, Max:80, Min:2
ARouter Active Avg:39, SD:14, Max:98, Min:7
T1 invocations: 7,900,851
T2 invocations: 0
T3 invocations: 91,424,531
T3b invocations: 0
Total3 invocations: 91,424,531
Total4 invocations: 0

T3/T2 ratio: inf
T3b/T3 ratio: 0

T1 avg ex cycles: 101
T2 avg ex cycles: -nan
T3&b avg ex cycles: 3
T4 avg ex cycles: -nan
Avg. hops NOC1: -nan
Avg. latency NOC1 (T2): -nan
Avg. hops NOC2: 8
Avg. latency NOC2 (T3): 1,549
Number of K Nodes Processed: 91,857
Number of K Edges Processed: 91,857
Node Re-explore factor: 21.84
Edge Re-explore factor: 0.91
Nodes/cy: 71
Edges/cy: 71
TEPS: 73

---DCache---
DCache Size: 103,056
DRAM words: 0
  DHits: 0
  DMisses: 0

---Energy---
Leakage Energy (nJ): 412,375
PU Dyn E (nJ): 5,193,272
Mem Dyn E (nJ): 29,680,332
Route Dyn E (nJ): 9,387,312
Dynamic Energy (nJ): 44,260,916
Ratio of Dyn/Leak: 107
Total Energy (nJ): 44,673,291
Total Energy (nJ) 3D: 49,242,423
Cores Energy (nJ): 5,207,750
Route Energy (nJ): 9,442,291
Route Energy (nJ) 3D: 14,011,422
Mem Energy   (nJ): 30,023,252
Mem Energy   (nJ) 3D: 30,023,252
Avg. Power (mW): 34,350.44
Power Density (mW/mm2): 10.76

---Runtime---
Runtime in K cycles: 1,300.52
Microseconds: 1,300.52
Time per iteration (ms): 1.30

---Throughput---
GOP/s (aka OPS/ns): 601.53
GOP/s per core: 0.59
GFLOP/s: 68.72
GFLOP/s per core: 0.07
Max Peak GFLOP/s: 4,096.00
Avg. BW GB/s: 2,309.84
Max BW GB/s: 16,384.00

---Traffic---
In-Die bisection_bytes BW (GB/s): 128.00
Inter-board traffic (msg/ns): 0.00, per-link: 0.00
Inter-pack traffic (msg/ns): 0.00, per-link: 0.00
Inter-die traffic (msg/ns): 68.28, per-link: 0.13
Ruche traffic (msg/ns): 122.31, per-link: 0.24
All traffic (msg/ns): 1,102.28, per-link: 1.08
Inter-die reduction wrt all: 16.14
Inter-board reduction wrt inter-die: inf

---Data Movement---
All traffic (msg): 1,433,533,672
Arith. Intensity FLOP/Loads: 0.19
Arith. Intensity FLOP/Msgs: 0.06
Arith. Intensity OPS/Loads: 1.67
Arith. Intensity OPS/Msgs: 0.55



===Core Utilization Total=== CORE-S:13;; TIME K cy:1,300 ;; Nodes Proc: 11,469,803 -- Edges Proc: 0
======== IT IS COLD ======= Only 4 Tiles active

===PRINTING FRAME STATS

FCollision In Avg:13, SD:36, Max:277, Min:0
FCollision Out Avg:7, SD:22, Max:181, Min:0
FCollision End Avg:0, SD:0, Max:0, Min:0
FTask1 Avg:30, SD:75, Max:376, Min:0
FTask2 Avg:0, SD:0, Max:0, Min:0
FTask3 Avg:13, SD:21, Max:242, Min:0
FCore Active Avg:11, SD:20, Max:97, Min:0
FRouter Active Avg:25, SD:24, Max:96, Min:0
T1 invocations: 283,305
T2 invocations: 0
T3 invocations: 4,453,739
T3b invocations: 0
Total3 invocations: 4,453,739
Total4 invocations: 0

T3/T2 ratio: inf
T3b/T3 ratio: 0

T1 avg ex cycles: 107
T2 avg ex cycles: -nan
T3&b avg ex cycles: 3
T4 avg ex cycles: -nan
Avg. hops NOC1: -nan
Avg. latency NOC1 (T2): -nan
Avg. hops NOC2: 7
Avg. latency NOC2 (T3): 549

===PRINTING ACUM STATS at pu_cycles: 1,400,474

ACollision In Avg:75, SD:48, Max:390, Min:8
ACollision Out Avg:56, SD:40, Max:264, Min:3
ACollision End Avg:0, SD:0, Max:0, Min:0
ATask1 Avg:59, SD:13, Max:67, Min:1
ATask2 Avg:0, SD:0, Max:0, Min:0
ATask3 Avg:20, SD:24, Max:244, Min:1
ACore Active Avg:20, SD:7, Max:76, Min:2
ARouter Active Avg:38, SD:14, Max:98, Min:9
T1 invocations: 8,292,872
T2 invocations: 0
T3 invocations: 96,004,016
T3b invocations: 0
Total3 invocations: 96,004,016
Total4 invocations: 0

T3/T2 ratio: inf
T3b/T3 ratio: 0

T1 avg ex cycles: 102
T2 avg ex cycles: -nan
T3&b avg ex cycles: 3
T4 avg ex cycles: -nan
Avg. hops NOC1: -nan
Avg. latency NOC1 (T2): -nan
Avg. hops NOC2: 8
Avg. latency NOC2 (T3): 1,504
Number of K Nodes Processed: 96,256
Number of K Edges Processed: 96,256
Node Re-explore factor: 22.88
Edge Re-explore factor: 0.95
Nodes/cy: 69
Edges/cy: 69
TEPS: 68

---DCache---
DCache Size: 103,056
DRAM words: 0
  DHits: 0
  DMisses: 0

---Energy---
Leakage Energy (nJ): 444,071
PU Dyn E (nJ): 5,481,040
Mem Dyn E (nJ): 31,213,618
Route Dyn E (nJ): 9,864,618
Dynamic Energy (nJ): 46,559,278
Ratio of Dyn/Leak: 105
Total Energy (nJ): 47,003,349
Total Energy (nJ) 3D: 51,807,360
Cores Energy (nJ): 5,496,631
Route Energy (nJ): 9,923,823
Route Energy (nJ) 3D: 14,727,834
Mem Energy   (nJ): 31,582,895
Mem Energy   (nJ) 3D: 31,582,895
Avg. Power (mW): 33,562.46
Power Density (mW/mm2): 10.51

---Runtime---
Runtime in K cycles: 1,400.47
Microseconds: 1,400.47
Time per iteration (ms): 1.40

---Throughput---
GOP/s (aka OPS/ns): 589.17
GOP/s per core: 0.58
GFLOP/s: 67.45
GFLOP/s per core: 0.07
Max Peak GFLOP/s: 4,096.00
Avg. BW GB/s: 2,255.87
Max BW GB/s: 16,384.00

---Traffic---
In-Die bisection_bytes BW (GB/s): 128.00
Inter-board traffic (msg/ns): 0.00, per-link: 0.00
Inter-pack traffic (msg/ns): 0.00, per-link: 0.00
Inter-die traffic (msg/ns): 66.11, per-link: 0.13
Ruche traffic (msg/ns): 119.68, per-link: 0.23
All traffic (msg/ns): 1,075.74, per-link: 1.05
Inter-die reduction wrt all: 16.27
Inter-board reduction wrt inter-die: inf

---Data Movement---
All traffic (msg): 1,506,552,506
Arith. Intensity FLOP/Loads: 0.19
Arith. Intensity FLOP/Msgs: 0.06
Arith. Intensity OPS/Loads: 1.67
Arith. Intensity OPS/Msgs: 0.55



===Core Utilization Total=== CORE-S:14;; TIME K cy:1,400 ;; Nodes Proc: 11,899,242 -- Edges Proc: 0
======== IT IS COLD ======= Only 0 Tiles active

===PRINTING FRAME STATS

FCollision In Avg:6, SD:26, Max:232, Min:0
FCollision Out Avg:3, SD:16, Max:181, Min:0
FCollision End Avg:0, SD:0, Max:0, Min:0
FTask1 Avg:18, SD:61, Max:386, Min:0
FTask2 Avg:0, SD:0, Max:0, Min:0
FTask3 Avg:8, SD:15, Max:195, Min:0
FCore Active Avg:6, SD:16, Max:98, Min:0
FRouter Active Avg:15, SD:20, Max:96, Min:0
T1 invocations: 167,775
T2 invocations: 0
T3 invocations: 2,734,910
T3b invocations: 0
Total3 invocations: 2,734,910
Total4 invocations: 0

T3/T2 ratio: inf
T3b/T3 ratio: 0

T1 avg ex cycles: 108
T2 avg ex cycles: -nan
T3&b avg ex cycles: 3
T4 avg ex cycles: -nan
Avg. hops NOC1: -nan
Avg. latency NOC1 (T2): -nan
Avg. hops NOC2: 7
Avg. latency NOC2 (T3): 449

===PRINTING ACUM STATS at pu_cycles: 1,500,479

ACollision In Avg:70, SD:45, Max:364, Min:8
ACollision Out Avg:52, SD:37, Max:253, Min:2
ACollision End Avg:0, SD:0, Max:0, Min:0
ATask1 Avg:57, SD:9, Max:63, Min:2
ATask2 Avg:0, SD:0, Max:0, Min:0
ATask3 Avg:19, SD:23, Max:239, Min:1
ACore Active Avg:19, SD:6, Max:74, Min:2
ARouter Active Avg:37, SD:13, Max:96, Min:9
T1 invocations: 8,525,556
T2 invocations: 0
T3 invocations: 98,795,827
T3b invocations: 0
Total3 invocations: 98,795,827
Total4 invocations: 0

T3/T2 ratio: inf
T3b/T3 ratio: 0

T1 avg ex cycles: 103
T2 avg ex cycles: -nan
T3&b avg ex cycles: 3
T4 avg ex cycles: -nan
Avg. hops NOC1: -nan
Avg. latency NOC1 (T2): -nan
Avg. hops NOC2: 8
Avg. latency NOC2 (T3): 1,478
Number of K Nodes Processed: 98,928
Number of K Edges Processed: 98,928
Node Re-explore factor: 23.52
Edge Re-explore factor: 0.98
Nodes/cy: 66
Edges/cy: 66
TEPS: 64

---DCache---
DCache Size: 103,056
DRAM words: 0
  DHits: 0
  DMisses: 0

---Energy---
Leakage Energy (nJ): 475,781
PU Dyn E (nJ): 5,661,706
Mem Dyn E (nJ): 32,156,866
Route Dyn E (nJ): 10,135,554
Dynamic Energy (nJ): 47,954,126
Ratio of Dyn/Leak: 101
Total Energy (nJ): 48,429,907
Total Energy (nJ) 3D: 53,364,826
Cores Energy (nJ): 5,678,409
Route Energy (nJ): 10,198,986
Route Energy (nJ) 3D: 15,133,905
Mem Energy   (nJ): 32,552,512
Mem Energy   (nJ) 3D: 32,552,512
Avg. Power (mW): 32,276.30
Power Density (mW/mm2): 10.11

---Runtime---
Runtime in K cycles: 1,500.48
Microseconds: 1,500.48
Time per iteration (ms): 1.50

---Throughput---
GOP/s (aka OPS/ns): 567.74
GOP/s per core: 0.55
GFLOP/s: 65.10
GFLOP/s per core: 0.06
Max Peak GFLOP/s: 4,096.00
Avg. BW GB/s: 2,169.21
Max BW GB/s: 16,384.00

---Traffic---
In-Die bisection_bytes BW (GB/s): 128.00
Inter-board traffic (msg/ns): 0.00, per-link: 0.00
Inter-pack traffic (msg/ns): 0.00, per-link: 0.00
Inter-die traffic (msg/ns): 63.34, per-link: 0.12
Ruche traffic (msg/ns): 114.91, per-link: 0.22
All traffic (msg/ns): 1,031.76, per-link: 1.01
Inter-die reduction wrt all: 16.29
Inter-board reduction wrt inter-die: inf

---Data Movement---
All traffic (msg): 1,548,132,168
Arith. Intensity FLOP/Loads: 0.19
Arith. Intensity FLOP/Msgs: 0.06
Arith. Intensity OPS/Loads: 1.67
Arith. Intensity OPS/Msgs: 0.55



===Core Utilization Total=== CORE-S:15;; TIME K cy:1,500 ;; Nodes Proc: 12,123,962 -- Edges Proc: 0
======== IT IS COLD ======= Only 2 Tiles active

===PRINTING FRAME STATS

FCollision In Avg:3, SD:17, Max:232, Min:0
FCollision Out Avg:1, SD:9, Max:110, Min:0
FCollision End Avg:0, SD:0, Max:0, Min:0
FTask1 Avg:10, SD:49, Max:364, Min:0
FTask2 Avg:0, SD:0, Max:0, Min:0
FTask3 Avg:5, SD:10, Max:118, Min:0
FCore Active Avg:4, SD:13, Max:91, Min:0
FRouter Active Avg:9, SD:17, Max:94, Min:0
T1 invocations: 97,768
T2 invocations: 0
T3 invocations: 1,645,691
T3b invocations: 0
Total3 invocations: 1,645,691
Total4 invocations: 0

T3/T2 ratio: inf
T3b/T3 ratio: 0

T1 avg ex cycles: 108
T2 avg ex cycles: -nan
T3&b avg ex cycles: 3
T4 avg ex cycles: -nan
Avg. hops NOC1: -nan
Avg. latency NOC1 (T2): -nan
Avg. hops NOC2: 7
Avg. latency NOC2 (T3): 353

===PRINTING ACUM STATS at pu_cycles: 1,600,410

ACollision In Avg:66, SD:42, Max:341, Min:7
ACollision Out Avg:49, SD:35, Max:239, Min:2
ACollision End Avg:0, SD:0, Max:0, Min:0
ATask1 Avg:55, SD:5, Max:59, Min:8
ATask2 Avg:0, SD:0, Max:0, Min:0
ATask3 Avg:18, SD:22, Max:232, Min:1
ACore Active Avg:18, SD:6, Max:71, Min:5
ARouter Active Avg:35, SD:12, Max:93, Min:13
T1 invocations: 8,683,802
T2 invocations: 0
T3 invocations: 100,432,200
T3b invocations: 0
Total3 invocations: 100,432,200
Total4 invocations: 0

T3/T2 ratio: inf
T3b/T3 ratio: 0

T1 avg ex cycles: 103
T2 avg ex cycles: -nan
T3&b avg ex cycles: 3
T4 avg ex cycles: -nan
Avg. hops NOC1: -nan
Avg. latency NOC1 (T2): -nan
Avg. hops NOC2: 8
Avg. latency NOC2 (T3): 1,462
Number of K Nodes Processed: 100,508
Number of K Edges Processed: 100,508
Node Re-explore factor: 23.89
Edge Re-explore factor: 0.99
Nodes/cy: 63
Edges/cy: 63
TEPS: 60

---DCache---
DCache Size: 103,056
DRAM words: 0
  DHits: 0
  DMisses: 0

---Energy---
Leakage Energy (nJ): 507,468
PU Dyn E (nJ): 5,778,108
Mem Dyn E (nJ): 32,728,765
Route Dyn E (nJ): 10,318,794
Dynamic Energy (nJ): 48,825,668
Ratio of Dyn/Leak: 96
Total Energy (nJ): 49,333,136
Total Energy (nJ) 3D: 54,361,177
Cores Energy (nJ): 5,795,924
Route Energy (nJ): 10,386,451
Route Energy (nJ) 3D: 15,414,492
Mem Energy   (nJ): 33,150,761
Mem Energy   (nJ) 3D: 33,150,761
Avg. Power (mW): 30,825.31
Power Density (mW/mm2): 9.65

---Runtime---
Runtime in K cycles: 1,600.41
Microseconds: 1,600.41
Time per iteration (ms): 1.60

---Throughput---
GOP/s (aka OPS/ns): 543.00
GOP/s per core: 0.53
GFLOP/s: 62.35
GFLOP/s per core: 0.06
Max Peak GFLOP/s: 4,096.00
Avg. BW GB/s: 2,069.99
Max BW GB/s: 16,384.00

---Traffic---
In-Die bisection_bytes BW (GB/s): 128.00
Inter-board traffic (msg/ns): 0.00, per-link: 0.00
Inter-pack traffic (msg/ns): 0.00, per-link: 0.00
Inter-die traffic (msg/ns): 60.31, per-link: 0.12
Ruche traffic (msg/ns): 109.54, per-link: 0.21
All traffic (msg/ns): 984.89, per-link: 0.96
Inter-die reduction wrt all: 16.33
Inter-board reduction wrt inter-die: inf

---Data Movement---
All traffic (msg): 1,576,229,748
Arith. Intensity FLOP/Loads: 0.19
Arith. Intensity FLOP/Msgs: 0.06
Arith. Intensity OPS/Loads: 1.68
Arith. Intensity OPS/Msgs: 0.55



===Core Utilization Total=== CORE-S:16;; TIME K cy:1,600 ;; Nodes Proc: 12,260,819 -- Edges Proc: 0
======== IT IS COLD ======= Only 1 Tiles active

===PRINTING FRAME STATS

FCollision In Avg:1, SD:7, Max:120, Min:0
FCollision Out Avg:0, SD:2, Max:49, Min:0
FCollision End Avg:0, SD:0, Max:0, Min:0
FTask1 Avg:6, SD:39, Max:386, Min:0
FTask2 Avg:0, SD:0, Max:0, Min:0
FTask3 Avg:2, SD:7, Max:75, Min:0
FCore Active Avg:2, SD:10, Max:97, Min:0
FRouter Active Avg:4, SD:12, Max:96, Min:0
T1 invocations: 46,344
T2 invocations: 0
T3 invocations: 746,426
T3b invocations: 0
Total3 invocations: 746,426
Total4 invocations: 0

T3/T2 ratio: inf
T3b/T3 ratio: 0

T1 avg ex cycles: 125
T2 avg ex cycles: -nan
T3&b avg ex cycles: 3
T4 avg ex cycles: -nan
Avg. hops NOC1: -nan
Avg. latency NOC1 (T2): -nan
Avg. hops NOC2: 7
Avg. latency NOC2 (T3): 417

===PRINTING ACUM STATS at pu_cycles: 1,700,390

ACollision In Avg:62, SD:39, Max:321, Min:7
ACollision Out Avg:46, SD:33, Max:225, Min:2
ACollision End Avg:0, SD:0, Max:0, Min:0
ATask1 Avg:52, SD:2, Max:55, Min:24
ATask2 Avg:0, SD:0, Max:0, Min:0
ATask3 Avg:17, SD:21, Max:222, Min:1
ACore Active Avg:17, SD:5, Max:68, Min:8
ARouter Active Avg:34, SD:12, Max:88, Min:14
T1 invocations: 8,769,798
T2 invocations: 0
T3 invocations: 101,238,263
T3b invocations: 0
Total3 invocations: 101,238,263
Total4 invocations: 0

T3/T2 ratio: inf
T3b/T3 ratio: 0

T1 avg ex cycles: 103
T2 avg ex cycles: -nan
T3&b avg ex cycles: 3
T4 avg ex cycles: -nan
Avg. hops NOC1: -nan
Avg. latency NOC1 (T2): -nan
Avg. hops NOC2: 8
Avg. latency NOC2 (T3): 1,455
Number of K Nodes Processed: 101,249
Number of K Edges Processed: 101,249
Node Re-explore factor: 24.07
Edge Re-explore factor: 1.00
Nodes/cy: 60
Edges/cy: 60
TEPS: 56

---DCache---
DCache Size: 103,056
DRAM words: 0
  DHits: 0
  DMisses: 0

---Energy---
Leakage Energy (nJ): 539,170
PU Dyn E (nJ): 5,843,583
Mem Dyn E (nJ): 33,024,711
Route Dyn E (nJ): 10,412,674
Dynamic Energy (nJ): 49,280,969
Ratio of Dyn/Leak: 91
Total Energy (nJ): 49,820,139
Total Energy (nJ) 3D: 54,897,670
Cores Energy (nJ): 5,862,512
Route Energy (nJ): 10,484,558
Route Energy (nJ) 3D: 15,562,088
Mem Energy   (nJ): 33,473,070
Mem Energy   (nJ) 3D: 33,473,070
Avg. Power (mW): 29,299.24
Power Density (mW/mm2): 9.18

---Runtime---
Runtime in K cycles: 1,700.39
Microseconds: 1,700.39
Time per iteration (ms): 1.70

---Throughput---
GOP/s (aka OPS/ns): 516.69
GOP/s per core: 0.50
GFLOP/s: 59.39
GFLOP/s per core: 0.06
Max Peak GFLOP/s: 4,096.00
Avg. BW GB/s: 1,965.94
Max BW GB/s: 16,384.00

---Traffic---
In-Die bisection_bytes BW (GB/s): 128.00
Inter-board traffic (msg/ns): 0.00, per-link: 0.00
Inter-pack traffic (msg/ns): 0.00, per-link: 0.00
Inter-die traffic (msg/ns): 57.15, per-link: 0.11
Ruche traffic (msg/ns): 103.91, per-link: 0.20
All traffic (msg/ns): 935.52, per-link: 0.91
Inter-die reduction wrt all: 16.37
Inter-board reduction wrt inter-die: inf

---Data Movement---
All traffic (msg): 1,590,746,714
Arith. Intensity FLOP/Loads: 0.19
Arith. Intensity FLOP/Msgs: 0.06
Arith. Intensity OPS/Loads: 1.68
Arith. Intensity OPS/Msgs: 0.55



===Core Utilization Total=== CORE-S:17;; TIME K cy:1,700 ;; Nodes Proc: 12,310,797 -- Edges Proc: 0
======== IT IS COLD ======= Only 0 Tiles active
Epoch Done Router: 3
Epoch Done Router: 5
Epoch Done Router: 1
##EPOCH## 1 COMPLETED at Time (K cy): 1,730
Nodes processed until now: 101,311,613
Edges processed until now: 0
Epoch Done Router: 4
Epoch Done Router: 2
Epoch Done Router: 0
Epoch Done Router: 7
Epoch Done Router: 6
Program Done Worker Thread: 6
Program Done Router Thread: 6
Program Done Router Thread: 3
Program Done Router Thread: 4
Program Done Worker Thread: 3
Program Done Worker Thread: 1
Program Done Worker Thread: 2
Program Done Router Thread: 2
Program Done Worker Thread: 0
Program Done Worker Thread: 5
Program Done Worker Thread: 4
Program Done Router Thread: 7
Program Done Router Thread: 0
Program Done Router Thread: 5
Program Done Router Thread: 1
Program Done Worker Thread: 7

===PRINTING ACUM STATS at pu_cycles: 1,730,099

ACollision In Avg:61, SD:39, Max:315, Min:7
ACollision Out Avg:45, SD:32, Max:221, Min:2
ACollision End Avg:0, SD:0, Max:0, Min:0
ATask1 Avg:51, SD:1, Max:54, Min:48
ATask2 Avg:0, SD:0, Max:0, Min:0
ATask3 Avg:17, SD:21, Max:218, Min:1
ACore Active Avg:17, SD:5, Max:67, Min:13
ARouter Active Avg:33, SD:12, Max:87, Min:13
T1 invocations: 8,790,263
T2 invocations: 0
T3 invocations: 101,311,613
T3b invocations: 0
Total3 invocations: 101,311,613
Total4 invocations: 0

T3/T2 ratio: inf
T3b/T3 ratio: 0

T1 avg ex cycles: 103
T2 avg ex cycles: -nan
T3&b avg ex cycles: 3
T4 avg ex cycles: -nan
Avg. hops NOC1: -nan
Avg. latency NOC1 (T2): -nan
Avg. hops NOC2: 8
Avg. latency NOC2 (T3): 1,455

Runtime at program end in K cycles: 1,730
Runtime before cooldown in K cycles: 500


Number of K Nodes Processed: 101,311
Number of K Edges Processed: 101,311
Node Re-explore factor: 24.08
Edge Re-explore factor: 1.00
Nodes/cy: 59
Edges/cy: 59
TEPS: 55

---DCache---
DCache Size: 103,056
DRAM words: 0
  DHits: 0
  DMisses: 0

---Energy---
Leakage Energy (nJ): 548,590
PU Dyn E (nJ): 5,859,711
Mem Dyn E (nJ): 33,069,578
Route Dyn E (nJ): 10,428,264
Dynamic Energy (nJ): 49,357,553
Ratio of Dyn/Leak: 90
Total Energy (nJ): 49,906,143
Total Energy (nJ) 3D: 54,993,267
Cores Energy (nJ): 5,878,970
Route Energy (nJ): 10,501,403
Route Energy (nJ) 3D: 15,588,527
Mem Energy   (nJ): 33,525,771
Mem Energy   (nJ) 3D: 33,525,771
Avg. Power (mW): 28,845.83
Power Density (mW/mm2): 9.03

---Runtime---
Runtime in K cycles: 1,730.10
Microseconds: 1,730.10
Time per iteration (ms): 1.73

---Inst---
K Loads: 524,138
K Stores: 312,725
K Instructions: 880,813

---Throughput---
GOP/s (aka OPS/ns): 509.11
GOP/s per core: 0.50
GFLOP/s: 58.56
GFLOP/s per core: 0.06
Max Peak GFLOP/s: 4,096.00
Avg. BW GB/s: 1,934.83
Max BW GB/s: 16,384.00

---Traffic---
In-Die bisection_bytes BW (GB/s): 128.00
Inter-board traffic (msg/ns): 0.00, per-link: 0.00
Inter-pack traffic (msg/ns): 0.00, per-link: 0.00
Inter-die traffic (msg/ns): 56.20, per-link: 0.11
Ruche traffic (msg/ns): 102.20, per-link: 0.20
All traffic (msg/ns): 920.86, per-link: 0.90
Inter-die reduction wrt all: 16.38
Inter-board reduction wrt inter-die: inf

---Data Movement---
All traffic (msg): 1,593,180,262
Arith. Intensity FLOP/Loads: 0.19
Arith. Intensity FLOP/Msgs: 0.06
Arith. Intensity OPS/Loads: 1.68
Arith. Intensity OPS/Msgs: 0.55

Simulation time: 207.94
Sim time / DUT time: 29.34
Sim noc_cy/s: 8,320.11
Sim Msg/s: 7,661,664.14

Version 32

