Dataset:  Kron22/
Dry run: 0
Open Edge Count File succesfully
Edges Traversed BFS: 128309848
Found Vertices: 4194304, Edges: 128311436
avg degree 31
Array  Kron22/node_array.bin found
Malloc array of size 16777220 bytes
Readin array of size 16777216 bytes
Finished Reading Array Bytes
No reordering Array 32bit
Array  Kron22/edge_array.bin found
Malloc array of size 513245744 bytes
Readin array of size 513245744 bytes
Finished Reading Array Bytes
No reordering Array 32bit
Array  Kron22/edge_values.bin found
Malloc array of size 513245744 bytes
Readin array of size 513245744 bytes
Finished Reading Array Bytes
No reordering Array 32bit
Reading graph elapsed time: 0.252092s

Dataset Footprint: 522 MiB
Dataset Footprint per Board: 4383.05 Mb
Dataset injection time (ms): 0.26752
Max Dataset Footprint: 1026 MiB

Dataset footprint per tile: 522 KiB
Proxys footprint per tile: 0 KiB
Reserved SRAM per tile: 15 KiB

Ideal SRAM per tile: 537 KiB
reserved_words_for_dataset:5767
dataset_words_per_tile:133760
remaining_sram_words:28838
min_dcache_sram_words_required:5861
dataset_words_per_tile:133760
min_pcache_sram_words_required:0
proxys_words_per_tile:0
Dcache footprint ratio: 5
Dataset Cached: 1
DCache: 28448 words, lines: 1778, sets: 1778
Proxys Cached: 0
Pcache: 0 words, sets: 0
Node per tile: 4,096
Edge per tile: 125,305
GRID_X: 32
GRID_SIZE: 1,024
smt_per_tile: 1
noc_freq: 1
pu_freq: 1
RUCHE_X: 8
PROXY_W: 32
DIE_W: 16
DIE_H: 16
DIES: 4
BORDER_TILES_PER_DIE: 64
PACK_W: 32
PACK_H: 32
DIES_PACK_FACTOR: 2
DIES_PER_PACK: 4
PACKAGES: 1
BOARD_W: 32
BOARD_H: 32
BOARDS: 1
MUX_BUS: 1
DCACHE: 1
PCACHE: 0
PROXY_FACTOR: 1
CACHE_WAYS: 1
TORUS: 1
PHY_NOCS: 1
WIDE_NOC_ID: 0
NOC_CONF: 1
noc_width: 32
hbm_channel_bit_width: 512
ld_st_op_byte_width: 4
PROXY_ROUTING: 0
WITHIN_REGION: 0
WRITE_THROUGH: 1
ASSERT_MODE: 0
GLOBAL_BARRIER: 0
OQ flits: 36 ; 384 ; 2
IQ flits: 288 ; 3,072 ; 2
OQ messages: 12 ; 192 ; 1
IQ messages: 96 ; 1,536 ; 1
max_task2 size: 64
io_factor_t2: 8
io_factor_t3: 8
io_factor_t3b: 8

Active SRAM Storage per tile: 127 KiB
Total SRAM Storage per tile: 128 KiB
Agreggated SRAM Storage: 128 MiB

Active DRAM Storage per tile: 0.509766 MiB
Total DRAM Storage per tile: 32 MiB
Agreggated DRAM Storage: 32 GiB

Inter-Die #links: 512
Inter-Die (Gbits): 16,384
Inter-Die (Gbits/mm): 548.034
Bisection BW of Board (Gbits): 8,192
Border IO #Dies: 8
Border IO Die BW (Gbits): 2,048
Off-Board BW Total (Gbits): 16,384
Off-Board BW Density (Gbits/mm): 142
Die side: 7.47 mm
Die border wire density: 548.03 Gbits/mm
HBM wire density: 548.03 Gbits/mm

Tiles per Die: 256 (16x16)
Tile Area: 0.09 mm2, side: 0.30 mm
- Core/Rout Area: 0.05 mm2
- SRAM Area: 0.04 mm2
- SRAM/Logic Ratio: 0.66x

Dies per Package: 4 (2x2)
Die Area: 55.86 mm2, side: 7.47 mm
- Tiles Area: 23.12 mm2
- PHY Area: 23.74 mm2
- MC Area: 9.00 mm2

Packages per Board: 1 (1x1)
Package Area: 823.44 mm2, side: 28.70 mm
- IOdie Area: 160.00 mm2
- Dies Area: 223.44 mm2
- HBM Area: 440.00 mm2

Boards: 1 (1x1)
Board Area: 823.44 mm2
Total Area: 823.44 mm2



ESTIMATED COST OF SILICON AND PACKAGING. ONLY VARIABLE, NO FIXED COSTS
Good dies per wafer 3d: 584
Good dies per wafer 2d: 1,012
--Dies 3D Cost: 41.42 $
--Dies 2.5D Cost: 23.90 $
--Dies 2D Cost: 23.90 $
--HBM Cost: 240.00 $
--IOdie Cost: 16.88 $
--Packaging Cost 3d: 9.94 $
--Packaging Cost 2.5d: 14.48 $
--Packaging Cost 2d: 6.12 $
SiP Cost 3d: 308.24 $
SiP Cost 2.5d: 295.26 $
SiP Cost 2d: 46.90 $
--Board Cost: 0.82 $
Total SiPs Cost 3d: 309.06 $
Total SiPs Cost 2.5d: 296.09 $
Total SiPs Cost 2d: 47.72 $

Perf counters initialized
Mesh connected
Cache structures initialized
Replicas initialized
Allocated Frontier List
Dataset structures initialized


Starting Simulation
INIT epoch: 1
INIT epoch: 1
INIT epoch: 1
INIT epoch: 1
INIT epoch: 1
INIT epoch: 1
INIT epoch: 1
INIT epoch: 1

===PRINTING FRAME STATS

FCollision In Avg:-nan, SD:-nan, Max:323, Min:3
FCollision Out Avg:-nan, SD:-nan, Max:334, Min:4
FCollision End Avg:-nan, SD:-nan, Max:167, Min:0
FTask1 Avg:-nan, SD:-nan, Max:9, Min:0
FTask2 Avg:-nan, SD:-nan, Max:61, Min:0
FTask3 Avg:-nan, SD:-nan, Max:80, Min:29
FCore Active Avg:-nan, SD:-nan, Max:99, Min:38
FRouter Active Avg:-nan, SD:-nan, Max:90, Min:23
T1 invocations: 39,155
T2 invocations: 132,602
T3 invocations: 7,893,659
T3b invocations: 0
Total3 invocations: 7,893,659
Total4 invocations: 1,199

T3/T2 ratio: 60
T3b/T3 ratio: 0

T1 avg ex cycles: 54
T2 avg ex cycles: 126
T3&b avg ex cycles: 6
T4 avg ex cycles: 307
Avg. hops NOC1: 3
Avg. latency NOC1 (T2): 30,348
Avg. hops NOC2: 14
Avg. latency NOC2 (T3): 2,472

===PRINTING ACUM STATS at pu_cycles: 100,403

ACollision In Avg:-nan, SD:-nan, Max:323, Min:3
ACollision Out Avg:-nan, SD:-nan, Max:334, Min:4
ACollision End Avg:-nan, SD:-nan, Max:167, Min:0
ATask1 Avg:-nan, SD:-nan, Max:9, Min:0
ATask2 Avg:-nan, SD:-nan, Max:61, Min:0
ATask3 Avg:-nan, SD:-nan, Max:80, Min:29
ACore Active Avg:-nan, SD:-nan, Max:99, Min:38
ARouter Active Avg:-nan, SD:-nan, Max:90, Min:23
T1 invocations: 39,199
T2 invocations: 132,863
T3 invocations: 7,899,085
T3b invocations: 0
Total3 invocations: 7,899,085
Total4 invocations: 1,201

T3/T2 ratio: 59
T3b/T3 ratio: 0

T1 avg ex cycles: 54
T2 avg ex cycles: 126
T3&b avg ex cycles: 6
T4 avg ex cycles: 307
Avg. hops NOC1: 3
Avg. latency NOC1 (T2): 30,335
Avg. hops NOC2: 14
Avg. latency NOC2 (T3): 2,474
Number of K Nodes Processed: 1,387
Number of K Edges Processed: 8,240
Node Re-explore factor: 0.33
Edge Re-explore factor: 0.06
Nodes/cy: 14
Edges/cy: 82
TEPS: 1,278

---DCache---
DCache Size: 28,448
DRAM words: 133,760
  DHits: 15,145,494
  DMisses: 895,667
  DHit Rate (hit/miss): 94%
  DEvictions: 225,104
  DEviction Rate (evict/misses): 25%
  MC Transactions: 1,014,651
  MC Writes: 110,770
Avg. Transactions: 32% , Writes: 3%, Avg. Latency: 14
Max MC id: 31 of 32. Transactions: 47% , Writes: 5%, MC mean Latency: 13
HBM refresh energy (nJ): 0
HBM access energy (nJ): 1,922,154
MemC wire energy 2.5d (nJ): 321,182
MemC wire energy 3d (nJ): 80,296

---Energy---
Leakage Energy (nJ): 10,361
PU Dyn E (nJ): 520,514
Mem Dyn E (nJ): 3,377,690
Route Dyn E (nJ): 576,251
Dynamic Energy (nJ): 4,474,457
Ratio of Dyn/Leak: 432
Total Energy (nJ): 4,484,818
Total Energy (nJ) 3D: 4,673,039
Cores Energy (nJ): 520,794
Route Energy (nJ): 578,173
Route Energy (nJ) 3D: 1,007,280
Mem Energy   (nJ): 3,385,851
Mem Energy   (nJ) 3D: 3,144,965
Avg. Power (mW): 44,668.17
Power Density (mW/mm2): 54.25

---Runtime---
Runtime in K cycles: 100.40
Microseconds: 100.40
Time per iteration (ms): 0.10

---Throughput---
GOP/s (aka OPS/ns): 496.97
GOP/s per core: 0.49
GFLOP/s: 160.21
GFLOP/s per core: 0.16
Max Peak GFLOP/s: 1,024.00
Avg. BW GB/s: 3,064.96
Max BW GB/s: 4,096.00

---Traffic---
In-Die bisection_bytes BW (GB/s): 256.00
Inter-board traffic (msg/ns): 0.00, per-link: 0.00
Inter-pack traffic (msg/ns): 0.00, per-link: 0.00
Inter-die traffic (msg/ns): 59.86, per-link: 0.23
Ruche traffic (msg/ns): 52.28, per-link: 0.20
All traffic (msg/ns): 2,381.07, per-link: 2.33
Inter-die reduction wrt all: 39.78
Inter-board reduction wrt inter-die: inf

---Data Movement---
All traffic (msg): 239,066,520
Arith. Intensity FLOP/Loads: 0.42
Arith. Intensity FLOP/Msgs: 0.07
Arith. Intensity OPS/Loads: 1.31
Arith. Intensity OPS/Msgs: 0.21



===Core Utilization Total=== CORE-S:1;; TIME K cy:100 ;; Nodes Proc: 174,764 -- Edges Proc: 1,010,257

===PRINTING FRAME STATS

FCollision In Avg:118, SD:38, Max:308, Min:8
FCollision Out Avg:110, SD:48, Max:281, Min:3
FCollision End Avg:37, SD:37, Max:162, Min:0
FTask1 Avg:3, SD:2, Max:12, Min:0
FTask2 Avg:23, SD:16, Max:69, Min:0
FTask3 Avg:45, SD:7, Max:76, Min:27
FCore Active Avg:72, SD:17, Max:100, Min:34
FRouter Active Avg:85, SD:5, Max:95, Min:33
T1 invocations: 60,272
T2 invocations: 202,172
T3 invocations: 11,845,115
T3b invocations: 0
Total3 invocations: 11,845,115
Total4 invocations: 474

T3/T2 ratio: 59
T3b/T3 ratio: 0

T1 avg ex cycles: 43
T2 avg ex cycles: 118
T3&b avg ex cycles: 4
T4 avg ex cycles: 573
Avg. hops NOC1: 2
Avg. latency NOC1 (T2): 32,391
Avg. hops NOC2: 13
Avg. latency NOC2 (T3): 2,589

===PRINTING ACUM STATS at pu_cycles: 200,731

ACollision In Avg:115, SD:36, Max:301, Min:13
ACollision Out Avg:114, SD:42, Max:307, Min:7
ACollision End Avg:38, SD:32, Max:164, Min:0
ATask1 Avg:2, SD:2, Max:10, Min:0
ATask2 Avg:20, SD:12, Max:54, Min:0
ATask3 Avg:46, SD:6, Max:69, Min:33
ACore Active Avg:69, SD:13, Max:99, Min:39
ARouter Active Avg:77, SD:5, Max:89, Min:28
T1 invocations: 99,706
T2 invocations: 335,339
T3 invocations: 19,764,832
T3b invocations: 0
Total3 invocations: 19,764,832
Total4 invocations: 1,681

T3/T2 ratio: 59
T3b/T3 ratio: 0

T1 avg ex cycles: 47
T2 avg ex cycles: 121
T3&b avg ex cycles: 5
T4 avg ex cycles: 382
Avg. hops NOC1: 3
Avg. latency NOC1 (T2): 31,579
Avg. hops NOC2: 13
Avg. latency NOC2 (T3): 2,541
Number of K Nodes Processed: 2,139
Number of K Edges Processed: 20,086
Node Re-explore factor: 0.51
Edge Re-explore factor: 0.16
Nodes/cy: 11
Edges/cy: 100
TEPS: 639

---DCache---
DCache Size: 28,448
DRAM words: 133,760
  DHits: 36,022,814
  DMisses: 1,805,508
  DHit Rate (hit/miss): 95%
  DEvictions: 731,658
  DEviction Rate (evict/misses): 41%
  MC Transactions: 2,093,308
  MC Writes: 272,980
Avg. Transactions: 33% , Writes: 4%, Avg. Latency: 13
Max MC id: 31 of 32. Transactions: 48% , Writes: 6%, MC mean Latency: 12
HBM refresh energy (nJ): 0
HBM access energy (nJ): 3,965,562
MemC wire energy 2.5d (nJ): 662,625
MemC wire energy 3d (nJ): 165,656

---Energy---
Leakage Energy (nJ): 20,714
PU Dyn E (nJ): 1,223,010
Mem Dyn E (nJ): 7,286,216
Route Dyn E (nJ): 1,392,125
Dynamic Energy (nJ): 9,901,352
Ratio of Dyn/Leak: 478
Total Energy (nJ): 9,922,066
Total Energy (nJ) 3D: 10,453,762
Cores Energy (nJ): 1,223,569
Route Energy (nJ): 1,395,966
Route Energy (nJ) 3D: 2,424,630
Mem Energy   (nJ): 7,302,532
Mem Energy   (nJ) 3D: 6,805,563
Avg. Power (mW): 49,429.66
Power Density (mW/mm2): 60.03

---Runtime---
Runtime in K cycles: 200.73
Microseconds: 200.73
Time per iteration (ms): 0.20

---Throughput---
GOP/s (aka OPS/ns): 543.84
GOP/s per core: 0.53
GFLOP/s: 198.34
GFLOP/s per core: 0.19
Max Peak GFLOP/s: 1,024.00
Avg. BW GB/s: 3,588.81
Max BW GB/s: 4,096.00

---Traffic---
In-Die bisection_bytes BW (GB/s): 256.00
Inter-board traffic (msg/ns): 0.00, per-link: 0.00
Inter-pack traffic (msg/ns): 0.00, per-link: 0.00
Inter-die traffic (msg/ns): 72.87, per-link: 0.28
Ruche traffic (msg/ns): 65.27, per-link: 0.25
All traffic (msg/ns): 2,840.47, per-link: 2.77
Inter-die reduction wrt all: 38.98
Inter-board reduction wrt inter-die: inf

---Data Movement---
All traffic (msg): 570,171,009
Arith. Intensity FLOP/Loads: 0.44
Arith. Intensity FLOP/Msgs: 0.07
Arith. Intensity OPS/Loads: 1.22
Arith. Intensity OPS/Msgs: 0.19



===Core Utilization Total=== CORE-S:2;; TIME K cy:200 ;; Nodes Proc: 268,318 -- Edges Proc: 2,415,522

===PRINTING FRAME STATS

FCollision In Avg:119, SD:37, Max:316, Min:7
FCollision Out Avg:107, SD:47, Max:342, Min:2
FCollision End Avg:34, SD:35, Max:114, Min:0
FTask1 Avg:3, SD:3, Max:25, Min:0
FTask2 Avg:24, SD:15, Max:63, Min:0
FTask3 Avg:43, SD:6, Max:78, Min:29
FCore Active Avg:70, SD:16, Max:100, Min:31
FRouter Active Avg:87, SD:4, Max:95, Min:41
T1 invocations: 83,589
T2 invocations: 228,559
T3 invocations: 12,257,131
T3b invocations: 0
Total3 invocations: 12,257,131
Total4 invocations: 862

T3/T2 ratio: 54
T3b/T3 ratio: 0

T1 avg ex cycles: 38
T2 avg ex cycles: 107
T3&b avg ex cycles: 4
T4 avg ex cycles: 567
Avg. hops NOC1: 2
Avg. latency NOC1 (T2): 26,778
Avg. hops NOC2: 13
Avg. latency NOC2 (T3): 2,243

===PRINTING ACUM STATS at pu_cycles: 300,651

ACollision In Avg:117, SD:33, Max:302, Min:17
ACollision Out Avg:112, SD:40, Max:269, Min:12
ACollision End Avg:37, SD:28, Max:136, Min:0
ATask1 Avg:3, SD:2, Max:14, Min:0
ATask2 Avg:21, SD:11, Max:56, Min:0
ATask3 Avg:45, SD:5, Max:71, Min:33
ACore Active Avg:69, SD:12, Max:99, Min:40
ARouter Active Avg:80, SD:4, Max:90, Min:33
T1 invocations: 182,246
T2 invocations: 561,037
T3 invocations: 31,874,109
T3b invocations: 0
Total3 invocations: 31,874,109
Total4 invocations: 2,537

T3/T2 ratio: 57
T3b/T3 ratio: 0

T1 avg ex cycles: 43
T2 avg ex cycles: 116
T3&b avg ex cycles: 4
T4 avg ex cycles: 445
Avg. hops NOC1: 3
Avg. latency NOC1 (T2): 29,648
Avg. hops NOC2: 13
Avg. latency NOC2 (T3): 2,421
Number of K Nodes Processed: 2,561
Number of K Edges Processed: 32,330
Node Re-explore factor: 0.61
Edge Re-explore factor: 0.25
Nodes/cy: 9
Edges/cy: 108
TEPS: 427

---DCache---
DCache Size: 28,448
DRAM words: 133,760
  DHits: 57,465,845
  DMisses: 2,725,162
  DHit Rate (hit/miss): 95%
  DEvictions: 1,389,873
  DEviction Rate (evict/misses): 51%
  MC Transactions: 3,168,568
  MC Writes: 422,248
Avg. Transactions: 33% , Writes: 4%, Avg. Latency: 12
Max MC id: 31 of 32. Transactions: 47% , Writes: 6%, MC mean Latency: 12
HBM refresh energy (nJ): 0
HBM access energy (nJ): 6,002,535
MemC wire energy 2.5d (nJ): 1,002,992
MemC wire energy 3d (nJ): 250,748

---Energy---
Leakage Energy (nJ): 31,025
PU Dyn E (nJ): 1,927,003
Mem Dyn E (nJ): 11,186,411
Route Dyn E (nJ): 2,232,434
Dynamic Energy (nJ): 15,345,849
Ratio of Dyn/Leak: 495
Total Energy (nJ): 15,376,874
Total Energy (nJ) 3D: 16,270,556
Cores Energy (nJ): 1,927,840
Route Energy (nJ): 2,238,186
Route Energy (nJ) 3D: 3,884,113
Mem Energy   (nJ): 11,210,848
Mem Energy   (nJ) 3D: 10,458,604
Avg. Power (mW): 51,145.26
Power Density (mW/mm2): 62.11

---Runtime---
Runtime in K cycles: 300.65
Microseconds: 300.65
Time per iteration (ms): 0.30

---Throughput---
GOP/s (aka OPS/ns): 555.21
GOP/s per core: 0.54
GFLOP/s: 212.87
GFLOP/s per core: 0.21
Max Peak GFLOP/s: 1,024.00
Avg. BW GB/s: 3,760.94
Max BW GB/s: 4,096.00

---Traffic---
In-Die bisection_bytes BW (GB/s): 256.00
Inter-board traffic (msg/ns): 0.00, per-link: 0.00
Inter-pack traffic (msg/ns): 0.00, per-link: 0.00
Inter-die traffic (msg/ns): 78.26, per-link: 0.31
Ruche traffic (msg/ns): 70.44, per-link: 0.28
All traffic (msg/ns): 3,027.86, per-link: 2.96
Inter-die reduction wrt all: 38.69
Inter-board reduction wrt inter-die: inf

---Data Movement---
All traffic (msg): 910,328,092
Arith. Intensity FLOP/Loads: 0.46
Arith. Intensity FLOP/Msgs: 0.07
Arith. Intensity OPS/Loads: 1.19
Arith. Intensity OPS/Msgs: 0.18



===Core Utilization Total=== CORE-S:3;; TIME K cy:300 ;; Nodes Proc: 320,707 -- Edges Proc: 3,965,856

===PRINTING FRAME STATS

FCollision In Avg:116, SD:38, Max:347, Min:10
FCollision Out Avg:101, SD:46, Max:316, Min:2
FCollision End Avg:31, SD:33, Max:100, Min:0
FTask1 Avg:4, SD:4, Max:27, Min:0
FTask2 Avg:24, SD:15, Max:66, Min:0
FTask3 Avg:42, SD:7, Max:80, Min:26
FCore Active Avg:71, SD:16, Max:100, Min:30
FRouter Active Avg:88, SD:5, Max:180, Min:43
T1 invocations: 114,740
T2 invocations: 263,091
T3 invocations: 12,622,721
T3b invocations: 0
Total3 invocations: 12,622,721
Total4 invocations: 1,397

T3/T2 ratio: 48
T3b/T3 ratio: 0

T1 avg ex cycles: 35
T2 avg ex cycles: 95
T3&b avg ex cycles: 3
T4 avg ex cycles: 564
Avg. hops NOC1: 2
Avg. latency NOC1 (T2): 21,678
Avg. hops NOC2: 13
Avg. latency NOC2 (T3): 2,133

===PRINTING ACUM STATS at pu_cycles: 401,026

ACollision In Avg:116, SD:32, Max:297, Min:33
ACollision Out Avg:109, SD:38, Max:267, Min:12
ACollision End Avg:35, SD:25, Max:116, Min:0
ATask1 Avg:3, SD:2, Max:13, Min:0
ATask2 Avg:22, SD:10, Max:57, Min:0
ATask3 Avg:44, SD:5, Max:73, Min:33
ACore Active Avg:70, SD:12, Max:97, Min:40
ARouter Active Avg:82, SD:4, Max:108, Min:35
T1 invocations: 298,413
T2 invocations: 827,126
T3 invocations: 44,634,453
T3b invocations: 0
Total3 invocations: 44,634,453
Total4 invocations: 3,955

T3/T2 ratio: 54
T3b/T3 ratio: 0

T1 avg ex cycles: 40
T2 avg ex cycles: 109
T3&b avg ex cycles: 4
T4 avg ex cycles: 488
Avg. hops NOC1: 3
Avg. latency NOC1 (T2): 27,071
Avg. hops NOC2: 13
Avg. latency NOC2 (T3): 2,344
Number of K Nodes Processed: 2,840
Number of K Edges Processed: 44,984
Node Re-explore factor: 0.68
Edge Re-explore factor: 0.35
Nodes/cy: 7
Edges/cy: 112
TEPS: 320

---DCache---
DCache Size: 28,448
DRAM words: 133,760
  DHits: 79,516,797
  DMisses: 3,676,298
  DHit Rate (hit/miss): 96%
  DEvictions: 2,171,279
  DEviction Rate (evict/misses): 59%
  MC Transactions: 4,282,091
  MC Writes: 577,869
Avg. Transactions: 33% , Writes: 5%, Avg. Latency: 12
Max MC id: 31 of 32. Transactions: 47% , Writes: 6%, MC mean Latency: 11
HBM refresh energy (nJ): 1
HBM access energy (nJ): 8,111,993
MemC wire energy 2.5d (nJ): 1,355,472
MemC wire energy 3d (nJ): 338,868

---Energy---
Leakage Energy (nJ): 41,383
PU Dyn E (nJ): 2,668,448
Mem Dyn E (nJ): 15,237,450
Route Dyn E (nJ): 3,115,719
Dynamic Energy (nJ): 21,021,617
Ratio of Dyn/Leak: 508
Total Energy (nJ): 21,063,000
Total Energy (nJ) 3D: 22,345,019
Cores Energy (nJ): 2,669,564
Route Energy (nJ): 3,123,391
Route Energy (nJ) 3D: 5,422,013
Mem Energy   (nJ): 15,270,045
Mem Energy   (nJ) 3D: 14,253,442
Avg. Power (mW): 52,522.78
Power Density (mW/mm2): 63.78

---Runtime---
Runtime in K cycles: 401.03
Microseconds: 401.03
Time per iteration (ms): 0.40

---Throughput---
GOP/s (aka OPS/ns): 567.41
GOP/s per core: 0.55
GFLOP/s: 223.25
GFLOP/s per core: 0.22
Max Peak GFLOP/s: 1,024.00
Avg. BW GB/s: 3,890.34
Max BW GB/s: 4,096.00

---Traffic---
In-Die bisection_bytes BW (GB/s): 256.00
Inter-board traffic (msg/ns): 0.00, per-link: 0.00
Inter-pack traffic (msg/ns): 0.00, per-link: 0.00
Inter-die traffic (msg/ns): 81.65, per-link: 0.32
Ruche traffic (msg/ns): 73.70, per-link: 0.29
All traffic (msg/ns): 3,164.51, per-link: 3.09
Inter-die reduction wrt all: 38.76
Inter-board reduction wrt inter-die: inf

---Data Movement---
All traffic (msg): 1,269,051,876
Arith. Intensity FLOP/Loads: 0.46
Arith. Intensity FLOP/Msgs: 0.07
Arith. Intensity OPS/Loads: 1.17
Arith. Intensity OPS/Msgs: 0.18



===Core Utilization Total=== CORE-S:4;; TIME K cy:400 ;; Nodes Proc: 355,212 -- Edges Proc: 5,538,728

===PRINTING FRAME STATS

FCollision In Avg:108, SD:37, Max:337, Min:11
FCollision Out Avg:91, SD:46, Max:264, Min:1
FCollision End Avg:28, SD:31, Max:135, Min:0
FTask1 Avg:5, SD:5, Max:28, Min:0
FTask2 Avg:25, SD:15, Max:67, Min:0
FTask3 Avg:42, SD:7, Max:79, Min:28
FCore Active Avg:73, SD:16, Max:100, Min:30
FRouter Active Avg:89, SD:4, Max:95, Min:44
T1 invocations: 156,582
T2 invocations: 303,918
T3 invocations: 12,888,333
T3b invocations: 0
Total3 invocations: 12,888,333
Total4 invocations: 2,154

T3/T2 ratio: 42
T3b/T3 ratio: 0

T1 avg ex cycles: 33
T2 avg ex cycles: 84
T3&b avg ex cycles: 3
T4 avg ex cycles: 551
Avg. hops NOC1: 2
Avg. latency NOC1 (T2): 17,044
Avg. hops NOC2: 13
Avg. latency NOC2 (T3): 2,139

===PRINTING ACUM STATS at pu_cycles: 500,681

ACollision In Avg:115, SD:31, Max:281, Min:35
ACollision Out Avg:105, SD:37, Max:266, Min:11
ACollision End Avg:34, SD:23, Max:111, Min:0
ATask1 Avg:3, SD:2, Max:14, Min:0
ATask2 Avg:23, SD:10, Max:51, Min:0
ATask3 Avg:44, SD:6, Max:74, Min:32
ACore Active Avg:70, SD:11, Max:97, Min:38
ARouter Active Avg:83, SD:4, Max:105, Min:37
T1 invocations: 454,596
T2 invocations: 1,129,075
T3 invocations: 57,452,685
T3b invocations: 0
Total3 invocations: 57,452,685
Total4 invocations: 6,108

T3/T2 ratio: 51
T3b/T3 ratio: 0

T1 avg ex cycles: 38
T2 avg ex cycles: 102
T3&b avg ex cycles: 4
T4 avg ex cycles: 510
Avg. hops NOC1: 3
Avg. latency NOC1 (T2): 24,381
Avg. hops NOC2: 13
Avg. latency NOC2 (T3): 2,296
Number of K Nodes Processed: 3,037
Number of K Edges Processed: 57,862
Node Re-explore factor: 0.72
Edge Re-explore factor: 0.45
Nodes/cy: 6
Edges/cy: 116
TEPS: 256

---DCache---
DCache Size: 28,448
DRAM words: 133,760
  DHits: 101,801,610
  DMisses: 4,639,582
  DHit Rate (hit/miss): 96%
  DEvictions: 3,024,007
  DEviction Rate (evict/misses): 65%
  MC Transactions: 5,401,656
  MC Writes: 726,510
Avg. Transactions: 34% , Writes: 5%, Avg. Latency: 12
Max MC id: 31 of 32. Transactions: 45% , Writes: 6%, MC mean Latency: 11
HBM refresh energy (nJ): 1
HBM access energy (nJ): 10,232,897
MemC wire energy 2.5d (nJ): 1,709,864
MemC wire energy 3d (nJ): 427,466

---Energy---
Leakage Energy (nJ): 51,667
PU Dyn E (nJ): 3,417,073
Mem Dyn E (nJ): 19,308,136
Route Dyn E (nJ): 4,010,109
Dynamic Energy (nJ): 26,735,319
Ratio of Dyn/Leak: 517
Total Energy (nJ): 26,786,986
Total Energy (nJ) 3D: 28,460,387
Cores Energy (nJ): 3,418,467
Route Energy (nJ): 4,019,688
Route Energy (nJ) 3D: 6,975,486
Mem Energy   (nJ): 19,348,832
Mem Energy   (nJ) 3D: 18,066,434
Avg. Power (mW): 53,501.10
Power Density (mW/mm2): 64.97

---Runtime---
Runtime in K cycles: 500.68
Microseconds: 500.68
Time per iteration (ms): 0.50

---Throughput---
GOP/s (aka OPS/ns): 577.67
GOP/s per core: 0.56
GFLOP/s: 230.05
GFLOP/s per core: 0.22
Max Peak GFLOP/s: 1,024.00
Avg. BW GB/s: 3,975.97
Max BW GB/s: 4,096.00

---Traffic---
In-Die bisection_bytes BW (GB/s): 256.00
Inter-board traffic (msg/ns): 0.00, per-link: 0.00
Inter-pack traffic (msg/ns): 0.00, per-link: 0.00
Inter-die traffic (msg/ns): 84.09, per-link: 0.33
Ruche traffic (msg/ns): 76.41, per-link: 0.30
All traffic (msg/ns): 3,257.13, per-link: 3.18
Inter-die reduction wrt all: 38.73
Inter-board reduction wrt inter-die: inf

---Data Movement---
All traffic (msg): 1,630,785,369
Arith. Intensity FLOP/Loads: 0.47
Arith. Intensity FLOP/Msgs: 0.07
Arith. Intensity OPS/Loads: 1.17
Arith. Intensity OPS/Msgs: 0.18



===Core Utilization Total=== CORE-S:5;; TIME K cy:500 ;; Nodes Proc: 379,684 -- Edges Proc: 7,189,415

===PRINTING FRAME STATS

FCollision In Avg:103, SD:37, Max:263, Min:8
FCollision Out Avg:83, SD:43, Max:230, Min:2
FCollision End Avg:25, SD:29, Max:138, Min:0
FTask1 Avg:6, SD:5, Max:30, Min:0
FTask2 Avg:26, SD:14, Max:67, Min:0
FTask3 Avg:42, SD:7, Max:84, Min:27
FCore Active Avg:76, SD:15, Max:100, Min:31
FRouter Active Avg:89, SD:4, Max:97, Min:48
T1 invocations: 204,068
T2 invocations: 350,954
T3 invocations: 13,322,289
T3b invocations: 0
Total3 invocations: 13,322,289
Total4 invocations: 3,370

T3/T2 ratio: 38
T3b/T3 ratio: 0

T1 avg ex cycles: 32
T2 avg ex cycles: 75
T3&b avg ex cycles: 3
T4 avg ex cycles: 482
Avg. hops NOC1: 2
Avg. latency NOC1 (T2): 13,414
Avg. hops NOC2: 13
Avg. latency NOC2 (T3): 2,259

===PRINTING ACUM STATS at pu_cycles: 601,005

ACollision In Avg:113, SD:30, Max:269, Min:32
ACollision Out Avg:101, SD:35, Max:255, Min:11
ACollision End Avg:32, SD:20, Max:99, Min:0
ATask1 Avg:4, SD:2, Max:14, Min:0
ATask2 Avg:23, SD:9, Max:46, Min:0
ATask3 Avg:44, SD:6, Max:76, Min:31
ACore Active Avg:71, SD:11, Max:98, Min:41
ARouter Active Avg:84, SD:3, Max:103, Min:39
T1 invocations: 661,346
T2 invocations: 1,483,104
T3 invocations: 70,874,802
T3b invocations: 0
Total3 invocations: 70,874,802
Total4 invocations: 9,525

T3/T2 ratio: 48
T3b/T3 ratio: 0

T1 avg ex cycles: 36
T2 avg ex cycles: 96
T3&b avg ex cycles: 4
T4 avg ex cycles: 500
Avg. hops NOC1: 2
Avg. latency NOC1 (T2): 21,754
Avg. hops NOC2: 13
Avg. latency NOC2 (T3): 2,291
Number of K Nodes Processed: 3,196
Number of K Edges Processed: 71,240
Node Re-explore factor: 0.76
Edge Re-explore factor: 0.56
Nodes/cy: 5
Edges/cy: 119
TEPS: 213

---DCache---
DCache Size: 28,448
DRAM words: 133,760
  DHits: 124,867,314
  DMisses: 5,653,755
  DHit Rate (hit/miss): 96%
  DEvictions: 3,957,786
  DEviction Rate (evict/misses): 70%
  MC Transactions: 6,578,926
  MC Writes: 881,077
Avg. Transactions: 34% , Writes: 5%, Avg. Latency: 12
Max MC id: 31 of 32. Transactions: 44% , Writes: 6%, MC mean Latency: 11
HBM refresh energy (nJ): 1
HBM access energy (nJ): 12,463,117
MemC wire energy 2.5d (nJ): 2,082,522
MemC wire energy 3d (nJ): 520,630

---Energy---
Leakage Energy (nJ): 62,019
PU Dyn E (nJ): 4,206,934
Mem Dyn E (nJ): 23,580,141
Route Dyn E (nJ): 4,936,323
Dynamic Energy (nJ): 32,723,398
Ratio of Dyn/Leak: 528
Total Energy (nJ): 32,785,417
Total Energy (nJ) 3D: 34,860,543
Cores Energy (nJ): 4,208,608
Route Energy (nJ): 4,947,820
Route Energy (nJ) 3D: 8,584,837
Mem Energy   (nJ): 23,628,991
Mem Energy   (nJ) 3D: 22,067,099
Avg. Power (mW): 54,550.99
Power Density (mW/mm2): 66.25

---Runtime---
Runtime in K cycles: 601.00
Microseconds: 601.00
Time per iteration (ms): 0.60

---Throughput---
GOP/s (aka OPS/ns): 590.96
GOP/s per core: 0.58
GFLOP/s: 236.33
GFLOP/s per core: 0.23
Max Peak GFLOP/s: 1,024.00
Avg. BW GB/s: 4,063.29
Max BW GB/s: 4,096.00

---Traffic---
In-Die bisection_bytes BW (GB/s): 256.00
Inter-board traffic (msg/ns): 0.00, per-link: 0.00
Inter-pack traffic (msg/ns): 0.00, per-link: 0.00
Inter-die traffic (msg/ns): 86.09, per-link: 0.34
Ruche traffic (msg/ns): 78.66, per-link: 0.31
All traffic (msg/ns): 3,338.30, per-link: 3.26
Inter-die reduction wrt all: 38.78
Inter-board reduction wrt inter-die: inf

---Data Movement---
All traffic (msg): 2,006,335,740
Arith. Intensity FLOP/Loads: 0.47
Arith. Intensity FLOP/Msgs: 0.07
Arith. Intensity OPS/Loads: 1.17
Arith. Intensity OPS/Msgs: 0.18



===Core Utilization Total=== CORE-S:6;; TIME K cy:600 ;; Nodes Proc: 399,430 -- Edges Proc: 8,912,958

===PRINTING FRAME STATS

FCollision In Avg:96, SD:37, Max:251, Min:9
FCollision Out Avg:74, SD:41, Max:191, Min:2
FCollision End Avg:24, SD:28, Max:99, Min:0
FTask1 Avg:7, SD:6, Max:30, Min:0
FTask2 Avg:27, SD:15, Max:65, Min:0
FTask3 Avg:43, SD:7, Max:86, Min:28
FCore Active Avg:79, SD:15, Max:100, Min:37
FRouter Active Avg:90, SD:4, Max:97, Min:50
T1 invocations: 244,229
T2 invocations: 394,391
T3 invocations: 13,568,761
T3b invocations: 0
Total3 invocations: 13,568,761
Total4 invocations: 4,587

T3/T2 ratio: 34
T3b/T3 ratio: 0

T1 avg ex cycles: 31
T2 avg ex cycles: 69
T3&b avg ex cycles: 3
T4 avg ex cycles: 436
Avg. hops NOC1: 2
Avg. latency NOC1 (T2): 11,106
Avg. hops NOC2: 13
Avg. latency NOC2 (T3): 2,388

===PRINTING ACUM STATS at pu_cycles: 700,976

ACollision In Avg:110, SD:30, Max:265, Min:29
ACollision Out Avg:98, SD:33, Max:235, Min:11
ACollision End Avg:31, SD:18, Max:99, Min:0
ATask1 Avg:4, SD:2, Max:12, Min:0
ATask2 Avg:24, SD:8, Max:44, Min:0
ATask3 Avg:43, SD:6, Max:77, Min:31
ACore Active Avg:72, SD:11, Max:97, Min:41
ARouter Active Avg:85, SD:3, Max:102, Min:40
T1 invocations: 903,797
T2 invocations: 1,873,407
T3 invocations: 84,342,731
T3b invocations: 0
Total3 invocations: 84,342,731
Total4 invocations: 14,086

T3/T2 ratio: 45
T3b/T3 ratio: 0

T1 avg ex cycles: 34
T2 avg ex cycles: 90
T3&b avg ex cycles: 4
T4 avg ex cycles: 479
Avg. hops NOC1: 2
Avg. latency NOC1 (T2): 19,537
Avg. hops NOC2: 13
Avg. latency NOC2 (T3): 2,306
Number of K Nodes Processed: 3,325
Number of K Edges Processed: 84,856
Node Re-explore factor: 0.79
Edge Re-explore factor: 0.66
Nodes/cy: 5
Edges/cy: 121
TEPS: 183

---DCache---
DCache Size: 28,448
DRAM words: 133,760
  DHits: 148,322,117
  DMisses: 6,699,035
  DHit Rate (hit/miss): 96%
  DEvictions: 4,949,658
  DEviction Rate (evict/misses): 74%
  MC Transactions: 7,791,017
  MC Writes: 1,038,771
Avg. Transactions: 35% , Writes: 5%, Avg. Latency: 11
Max MC id: 31 of 32. Transactions: 44% , Writes: 6%, MC mean Latency: 11
HBM refresh energy (nJ): 2
HBM access energy (nJ): 14,759,302
MemC wire energy 2.5d (nJ): 2,466,202
MemC wire energy 3d (nJ): 616,551

---Energy---
Leakage Energy (nJ): 72,336
PU Dyn E (nJ): 5,006,059
Mem Dyn E (nJ): 27,942,982
Route Dyn E (nJ): 5,870,107
Dynamic Energy (nJ): 38,819,148
Ratio of Dyn/Leak: 537
Total Energy (nJ): 38,891,484
Total Energy (nJ) 3D: 41,358,832
Cores Energy (nJ): 5,008,010
Route Energy (nJ): 5,883,517
Route Energy (nJ) 3D: 10,200,517
Mem Energy   (nJ): 27,999,957
Mem Energy   (nJ) 3D: 26,150,305
Avg. Power (mW): 55,481.90
Power Density (mW/mm2): 67.38

---Runtime---
Runtime in K cycles: 700.98
Microseconds: 700.98
Time per iteration (ms): 0.70

---Throughput---
GOP/s (aka OPS/ns): 602.86
GOP/s per core: 0.59
GFLOP/s: 241.13
GFLOP/s per core: 0.24
Max Peak GFLOP/s: 1,024.00
Avg. BW GB/s: 4,131.93
Max BW GB/s: 4,096.00

---Traffic---
In-Die bisection_bytes BW (GB/s): 256.00
Inter-board traffic (msg/ns): 0.00, per-link: 0.00
Inter-pack traffic (msg/ns): 0.00, per-link: 0.00
Inter-die traffic (msg/ns): 87.76, per-link: 0.34
Ruche traffic (msg/ns): 80.98, per-link: 0.32
All traffic (msg/ns): 3,399.63, per-link: 3.32
Inter-die reduction wrt all: 38.74
Inter-board reduction wrt inter-die: inf

---Data Movement---
All traffic (msg): 2,383,060,238
Arith. Intensity FLOP/Loads: 0.47
Arith. Intensity FLOP/Msgs: 0.07
Arith. Intensity OPS/Loads: 1.17
Arith. Intensity OPS/Msgs: 0.18



===Core Utilization Total=== CORE-S:7;; TIME K cy:700 ;; Nodes Proc: 415,722 -- Edges Proc: 10,676,851

===PRINTING FRAME STATS

FCollision In Avg:89, SD:37, Max:237, Min:7
FCollision Out Avg:68, SD:41, Max:209, Min:3
FCollision End Avg:23, SD:28, Max:179, Min:0
FTask1 Avg:9, SD:7, Max:34, Min:0
FTask2 Avg:26, SD:15, Max:68, Min:0
FTask3 Avg:42, SD:7, Max:89, Min:27
FCore Active Avg:79, SD:16, Max:100, Min:36
FRouter Active Avg:90, SD:5, Max:96, Min:47
T1 invocations: 290,449
T2 invocations: 434,453
T3 invocations: 13,375,508
T3b invocations: 0
Total3 invocations: 13,375,508
Total4 invocations: 7,063

T3/T2 ratio: 31
T3b/T3 ratio: 0

T1 avg ex cycles: 30
T2 avg ex cycles: 62
T3&b avg ex cycles: 3
T4 avg ex cycles: 348
Avg. hops NOC1: 2
Avg. latency NOC1 (T2): 9,294
Avg. hops NOC2: 13
Avg. latency NOC2 (T3): 2,410

===PRINTING ACUM STATS at pu_cycles: 800,898

ACollision In Avg:107, SD:29, Max:258, Min:26
ACollision Out Avg:94, SD:32, Max:214, Min:11
ACollision End Avg:30, SD:17, Max:99, Min:0
ATask1 Avg:5, SD:2, Max:11, Min:0
ATask2 Avg:24, SD:7, Max:42, Min:0
ATask3 Avg:43, SD:6, Max:78, Min:30
ACore Active Avg:73, SD:10, Max:98, Min:44
ARouter Active Avg:86, SD:3, Max:101, Min:41
T1 invocations: 1,194,508
T2 invocations: 2,309,336
T3 invocations: 97,732,635
T3b invocations: 0
Total3 invocations: 97,732,635
Total4 invocations: 21,160

T3/T2 ratio: 42
T3b/T3 ratio: 0

T1 avg ex cycles: 33
T2 avg ex cycles: 85
T3&b avg ex cycles: 4
T4 avg ex cycles: 436
Avg. hops NOC1: 2
Avg. latency NOC1 (T2): 17,604
Avg. hops NOC2: 13
Avg. latency NOC2 (T3): 2,320
Number of K Nodes Processed: 3,434
Number of K Edges Processed: 98,207
Node Re-explore factor: 0.82
Edge Re-explore factor: 0.77
Nodes/cy: 4
Edges/cy: 123
TEPS: 160

---DCache---
DCache Size: 28,448
DRAM words: 133,760
  DHits: 171,450,671
  DMisses: 7,731,952
  DHit Rate (hit/miss): 96%
  DEvictions: 5,951,460
  DEviction Rate (evict/misses): 77%
  MC Transactions: 8,974,012
  MC Writes: 1,179,270
Avg. Transactions: 35% , Writes: 5%, Avg. Latency: 11
Max MC id: 31 of 32. Transactions: 44% , Writes: 6%, MC mean Latency: 11
HBM refresh energy (nJ): 2
HBM access energy (nJ): 17,000,368
MemC wire energy 2.5d (nJ): 2,840,673
MemC wire energy 3d (nJ): 710,168

---Energy---
Leakage Energy (nJ): 82,647
PU Dyn E (nJ): 5,807,474
Mem Dyn E (nJ): 32,232,265
Route Dyn E (nJ): 6,794,109
Dynamic Energy (nJ): 44,833,849
Ratio of Dyn/Leak: 542
Total Energy (nJ): 44,916,496
Total Energy (nJ) 3D: 47,778,043
Cores Energy (nJ): 5,809,703
Route Energy (nJ): 6,809,431
Route Energy (nJ) 3D: 11,801,482
Mem Energy   (nJ): 32,297,362
Mem Energy   (nJ) 3D: 30,166,858
Avg. Power (mW): 56,082.67
Power Density (mW/mm2): 68.11

---Runtime---
Runtime in K cycles: 800.90
Microseconds: 800.90
Time per iteration (ms): 0.80

---Throughput---
GOP/s (aka OPS/ns): 613.65
GOP/s per core: 0.60
GFLOP/s: 244.45
GFLOP/s per core: 0.24
Max Peak GFLOP/s: 1,024.00
Avg. BW GB/s: 4,181.59
Max BW GB/s: 4,096.00

---Traffic---
In-Die bisection_bytes BW (GB/s): 256.00
Inter-board traffic (msg/ns): 0.00, per-link: 0.00
Inter-pack traffic (msg/ns): 0.00, per-link: 0.00
Inter-die traffic (msg/ns): 88.79, per-link: 0.35
Ruche traffic (msg/ns): 82.50, per-link: 0.32
All traffic (msg/ns): 3,441.85, per-link: 3.36
Inter-die reduction wrt all: 38.76
Inter-board reduction wrt inter-die: inf

---Data Movement---
All traffic (msg): 2,756,574,518
Arith. Intensity FLOP/Loads: 0.47
Arith. Intensity FLOP/Msgs: 0.07
Arith. Intensity OPS/Loads: 1.18
Arith. Intensity OPS/Msgs: 0.18



===Core Utilization Total=== CORE-S:8;; TIME K cy:800 ;; Nodes Proc: 429,421 -- Edges Proc: 12,446,070

===PRINTING FRAME STATS

FCollision In Avg:76, SD:38, Max:239, Min:4
FCollision Out Avg:58, SD:37, Max:176, Min:0
FCollision End Avg:20, SD:25, Max:159, Min:0
FTask1 Avg:10, SD:8, Max:38, Min:0
FTask2 Avg:27, SD:16, Max:71, Min:0
FTask3 Avg:41, SD:7, Max:94, Min:24
FCore Active Avg:81, SD:16, Max:100, Min:33
FRouter Active Avg:89, SD:4, Max:97, Min:45
T1 invocations: 348,106
T2 invocations: 487,774
T3 invocations: 13,348,431
T3b invocations: 0
Total3 invocations: 13,348,431
Total4 invocations: 11,970

T3/T2 ratio: 27
T3b/T3 ratio: 0

T1 avg ex cycles: 30
T2 avg ex cycles: 56
T3&b avg ex cycles: 3
T4 avg ex cycles: 256
Avg. hops NOC1: 3
Avg. latency NOC1 (T2): 7,042
Avg. hops NOC2: 13
Avg. latency NOC2 (T3): 2,629

===PRINTING ACUM STATS at pu_cycles: 901,022

ACollision In Avg:104, SD:29, Max:253, Min:24
ACollision Out Avg:90, SD:31, Max:198, Min:10
ACollision End Avg:29, SD:16, Max:97, Min:0
ATask1 Avg:5, SD:2, Max:10, Min:0
ATask2 Avg:24, SD:7, Max:40, Min:1
ATask3 Avg:43, SD:6, Max:79, Min:30
ACore Active Avg:74, SD:10, Max:98, Min:43
ARouter Active Avg:86, SD:3, Max:100, Min:42
T1 invocations: 1,545,478
T2 invocations: 2,799,471
T3 invocations: 111,148,558
T3b invocations: 0
Total3 invocations: 111,148,558
Total4 invocations: 33,180

T3/T2 ratio: 40
T3b/T3 ratio: 0

T1 avg ex cycles: 33
T2 avg ex cycles: 80
T3&b avg ex cycles: 4
T4 avg ex cycles: 371
Avg. hops NOC1: 2
Avg. latency NOC1 (T2): 15,754
Avg. hops NOC2: 13
Avg. latency NOC2 (T3): 2,358
Number of K Nodes Processed: 3,524
Number of K Edges Processed: 111,597
Node Re-explore factor: 0.84
Edge Re-explore factor: 0.87
Nodes/cy: 4
Edges/cy: 124
TEPS: 142

---DCache---
DCache Size: 28,448
DRAM words: 133,760
  DHits: 194,853,717
  DMisses: 8,800,301
  DHit Rate (hit/miss): 96%
  DEvictions: 6,997,609
  DEviction Rate (evict/misses): 80%
  MC Transactions: 10,206,236
  MC Writes: 1,333,206
Avg. Transactions: 35% , Writes: 5%, Avg. Latency: 11
Max MC id: 31 of 32. Transactions: 43% , Writes: 6%, MC mean Latency: 11
HBM refresh energy (nJ): 2
HBM access energy (nJ): 19,334,693
MemC wire energy 2.5d (nJ): 3,230,726
MemC wire energy 3d (nJ): 807,682

---Energy---
Leakage Energy (nJ): 92,979
PU Dyn E (nJ): 6,623,061
Mem Dyn E (nJ): 36,647,023
Route Dyn E (nJ): 7,718,144
Dynamic Energy (nJ): 50,988,228
Ratio of Dyn/Leak: 548
Total Energy (nJ): 51,081,207
Total Energy (nJ) 3D: 54,322,348
Cores Energy (nJ): 6,625,569
Route Energy (nJ): 7,735,380
Route Energy (nJ) 3D: 13,399,566
Mem Energy   (nJ): 36,720,258
Mem Energy   (nJ) 3D: 34,297,214
Avg. Power (mW): 56,692.52
Power Density (mW/mm2): 68.85

---Runtime---
Runtime in K cycles: 901.02
Microseconds: 901.02
Time per iteration (ms): 0.90

---Throughput---
GOP/s (aka OPS/ns): 624.84
GOP/s per core: 0.61
GFLOP/s: 247.11
GFLOP/s per core: 0.24
Max Peak GFLOP/s: 1,024.00
Avg. BW GB/s: 4,224.01
Max BW GB/s: 4,096.00

---Traffic---
In-Die bisection_bytes BW (GB/s): 256.00
Inter-board traffic (msg/ns): 0.00, per-link: 0.00
Inter-pack traffic (msg/ns): 0.00, per-link: 0.00
Inter-die traffic (msg/ns): 89.48, per-link: 0.35
Ruche traffic (msg/ns): 83.99, per-link: 0.33
All traffic (msg/ns): 3,474.01, per-link: 3.39
Inter-die reduction wrt all: 38.83
Inter-board reduction wrt inter-die: inf

---Data Movement---
All traffic (msg): 3,130,159,134
Arith. Intensity FLOP/Loads: 0.47
Arith. Intensity FLOP/Msgs: 0.07
Arith. Intensity OPS/Loads: 1.19
Arith. Intensity OPS/Msgs: 0.18



===Core Utilization Total=== CORE-S:9;; TIME K cy:900 ;; Nodes Proc: 440,799 -- Edges Proc: 14,142,540

===PRINTING FRAME STATS

FCollision In Avg:60, SD:38, Max:244, Min:1
FCollision Out Avg:46, SD:35, Max:152, Min:0
FCollision End Avg:17, SD:22, Max:115, Min:0
FTask1 Avg:11, SD:8, Max:38, Min:0
FTask2 Avg:26, SD:17, Max:74, Min:0
FTask3 Avg:39, SD:7, Max:85, Min:26
FCore Active Avg:79, SD:18, Max:100, Min:32
FRouter Active Avg:87, SD:6, Max:96, Min:33
T1 invocations: 370,206
T2 invocations: 500,741
T3 invocations: 12,580,619
T3b invocations: 0
Total3 invocations: 12,580,619
Total4 invocations: 17,197

T3/T2 ratio: 25
T3b/T3 ratio: 0

T1 avg ex cycles: 29
T2 avg ex cycles: 53
T3&b avg ex cycles: 3
T4 avg ex cycles: 194
Avg. hops NOC1: 3
Avg. latency NOC1 (T2): 5,778
Avg. hops NOC2: 13
Avg. latency NOC2 (T3): 2,718

===PRINTING ACUM STATS at pu_cycles: 1,000,884

ACollision In Avg:100, SD:29, Max:244, Min:22
ACollision Out Avg:85, SD:30, Max:187, Min:10
ACollision End Avg:28, SD:15, Max:88, Min:0
ATask1 Avg:6, SD:2, Max:9, Min:1
ATask2 Avg:24, SD:6, Max:39, Min:3
ATask3 Avg:43, SD:6, Max:79, Min:30
ACore Active Avg:75, SD:9, Max:98, Min:45
ARouter Active Avg:86, SD:4, Max:99, Min:41
T1 invocations: 1,914,193
T2 invocations: 3,297,854
T3 invocations: 123,652,569
T3b invocations: 0
Total3 invocations: 123,652,569
Total4 invocations: 50,358

T3/T2 ratio: 37
T3b/T3 ratio: 0

T1 avg ex cycles: 32
T2 avg ex cycles: 76
T3&b avg ex cycles: 4
T4 avg ex cycles: 310
Avg. hops NOC1: 2
Avg. latency NOC1 (T2): 14,242
Avg. hops NOC2: 13
Avg. latency NOC2 (T3): 2,395
Number of K Nodes Processed: 3,599
Number of K Edges Processed: 124,100
Node Re-explore factor: 0.86
Edge Re-explore factor: 0.97
Nodes/cy: 4
Edges/cy: 124
TEPS: 128

---DCache---
DCache Size: 28,448
DRAM words: 133,760
  DHits: 217,234,729
  DMisses: 9,831,475
  DHit Rate (hit/miss): 96%
  DEvictions: 8,015,448
  DEviction Rate (evict/misses): 82%
  MC Transactions: 11,397,001
  MC Writes: 1,484,454
Avg. Transactions: 36% , Writes: 5%, Avg. Latency: 11
Max MC id: 31 of 32. Transactions: 42% , Writes: 6%, MC mean Latency: 11
HBM refresh energy (nJ): 2
HBM access energy (nJ): 21,590,478
MemC wire energy 2.5d (nJ): 3,607,656
MemC wire energy 3d (nJ): 901,914

---Energy---
Leakage Energy (nJ): 103,284
PU Dyn E (nJ): 7,389,263
Mem Dyn E (nJ): 40,864,898
Route Dyn E (nJ): 8,570,316
Dynamic Energy (nJ): 56,824,478
Ratio of Dyn/Leak: 550
Total Energy (nJ): 56,927,762
Total Energy (nJ) 3D: 60,500,430
Cores Energy (nJ): 7,392,049
Route Energy (nJ): 8,589,463
Route Energy (nJ) 3D: 14,867,873
Mem Energy   (nJ): 40,946,250
Mem Energy   (nJ) 3D: 38,240,508
Avg. Power (mW): 56,877.48
Power Density (mW/mm2): 69.07

---Runtime---
Runtime in K cycles: 1,000.88
Microseconds: 1,000.88
Time per iteration (ms): 1.00

---Throughput---
GOP/s (aka OPS/ns): 630.77
GOP/s per core: 0.62
GFLOP/s: 247.39
GFLOP/s per core: 0.24
Max Peak GFLOP/s: 1,024.00
Avg. BW GB/s: 4,229.06
Max BW GB/s: 4,096.00

---Traffic---
In-Die bisection_bytes BW (GB/s): 256.00
Inter-board traffic (msg/ns): 0.00, per-link: 0.00
Inter-pack traffic (msg/ns): 0.00, per-link: 0.00
Inter-die traffic (msg/ns): 89.21, per-link: 0.35
Ruche traffic (msg/ns): 84.93, per-link: 0.33
All traffic (msg/ns): 3,471.05, per-link: 3.39
Inter-die reduction wrt all: 38.91
Inter-board reduction wrt inter-die: inf

---Data Movement---
All traffic (msg): 3,474,113,671
Arith. Intensity FLOP/Loads: 0.47
Arith. Intensity FLOP/Msgs: 0.07
Arith. Intensity OPS/Loads: 1.20
Arith. Intensity OPS/Msgs: 0.18



===Core Utilization Total=== CORE-S:10;; TIME K cy:1,000 ;; Nodes Proc: 450,167 -- Edges Proc: 15,647,126

===PRINTING FRAME STATS

FCollision In Avg:41, SD:34, Max:186, Min:0
FCollision Out Avg:34, SD:33, Max:162, Min:0
FCollision End Avg:14, SD:21, Max:108, Min:0
FTask1 Avg:10, SD:10, Max:42, Min:0
FTask2 Avg:22, SD:20, Max:74, Min:0
FTask3 Avg:33, SD:6, Max:73, Min:21
FCore Active Avg:68, SD:23, Max:100, Min:25
FRouter Active Avg:80, SD:9, Max:95, Min:23
T1 invocations: 351,977
T2 invocations: 466,260
T3 invocations: 10,560,559
T3b invocations: 0
Total3 invocations: 10,560,559
Total4 invocations: 23,312

T3/T2 ratio: 23
T3b/T3 ratio: 0

T1 avg ex cycles: 29
T2 avg ex cycles: 49
T3&b avg ex cycles: 3
T4 avg ex cycles: 141
Avg. hops NOC1: 3
Avg. latency NOC1 (T2): 4,737
Avg. hops NOC2: 13
Avg. latency NOC2 (T3): 2,403

===PRINTING ACUM STATS at pu_cycles: 1,100,931

ACollision In Avg:94, SD:28, Max:237, Min:21
ACollision Out Avg:81, SD:29, Max:185, Min:9
ACollision End Avg:27, SD:14, Max:81, Min:0
ATask1 Avg:6, SD:2, Max:9, Min:1
ATask2 Avg:24, SD:4, Max:37, Min:6
ATask3 Avg:42, SD:6, Max:78, Min:29
ACore Active Avg:74, SD:8, Max:98, Min:46
ARouter Active Avg:86, SD:4, Max:98, Min:39
T1 invocations: 2,267,110
T2 invocations: 3,762,778
T3 invocations: 134,190,110
T3b invocations: 0
Total3 invocations: 134,190,110
Total4 invocations: 73,691

T3/T2 ratio: 36
T3b/T3 ratio: 0

T1 avg ex cycles: 31
T2 avg ex cycles: 72
T3&b avg ex cycles: 3
T4 avg ex cycles: 257
Avg. hops NOC1: 3
Avg. latency NOC1 (T2): 13,065
Avg. hops NOC2: 13
Avg. latency NOC2 (T3): 2,397
Number of K Nodes Processed: 3,656
Number of K Edges Processed: 134,544
Node Re-explore factor: 0.87
Edge Re-explore factor: 1.05
Nodes/cy: 3
Edges/cy: 122
TEPS: 117

---DCache---
DCache Size: 28,448
DRAM words: 133,760
  DHits: 236,503,248
  DMisses: 10,720,010
  DHit Rate (hit/miss): 96%
  DEvictions: 8,897,882
  DEviction Rate (evict/misses): 83%
  MC Transactions: 12,417,253
  MC Writes: 1,610,645
Avg. Transactions: 35% , Writes: 5%, Avg. Latency: 11
Max MC id: 31 of 32. Transactions: 40% , Writes: 5%, MC mean Latency: 11
HBM refresh energy (nJ): 3
HBM access energy (nJ): 23,523,244
MemC wire energy 2.5d (nJ): 3,930,611
MemC wire energy 3d (nJ): 982,653

---Energy---
Leakage Energy (nJ): 113,608
PU Dyn E (nJ): 8,042,574
Mem Dyn E (nJ): 44,466,638
Route Dyn E (nJ): 9,281,129
Dynamic Energy (nJ): 61,790,341
Ratio of Dyn/Leak: 544
Total Energy (nJ): 61,903,949
Total Energy (nJ) 3D: 65,745,629
Cores Energy (nJ): 8,045,638
Route Energy (nJ): 9,302,190
Route Energy (nJ) 3D: 16,091,829
Mem Energy   (nJ): 44,556,121
Mem Energy   (nJ) 3D: 41,608,163
Avg. Power (mW): 56,228.73
Power Density (mW/mm2): 68.29

---Runtime---
Runtime in K cycles: 1,100.93
Microseconds: 1,100.93
Time per iteration (ms): 1.10

---Throughput---
GOP/s (aka OPS/ns): 627.44
GOP/s per core: 0.61
GFLOP/s: 243.97
GFLOP/s per core: 0.24
Max Peak GFLOP/s: 1,024.00
Avg. BW GB/s: 4,173.13
Max BW GB/s: 4,096.00

---Traffic---
In-Die bisection_bytes BW (GB/s): 256.00
Inter-board traffic (msg/ns): 0.00, per-link: 0.00
Inter-pack traffic (msg/ns): 0.00, per-link: 0.00
Inter-die traffic (msg/ns): 87.59, per-link: 0.34
Ruche traffic (msg/ns): 84.43, per-link: 0.33
All traffic (msg/ns): 3,416.62, per-link: 3.34
Inter-die reduction wrt all: 39.00
Inter-board reduction wrt inter-die: inf

---Data Movement---
All traffic (msg): 3,761,461,184
Arith. Intensity FLOP/Loads: 0.47
Arith. Intensity FLOP/Msgs: 0.07
Arith. Intensity OPS/Loads: 1.21
Arith. Intensity OPS/Msgs: 0.18



===Core Utilization Total=== CORE-S:11;; TIME K cy:1,100 ;; Nodes Proc: 457,283 -- Edges Proc: 16,853,929

===PRINTING FRAME STATS

FCollision In Avg:19, SD:24, Max:160, Min:0
FCollision Out Avg:19, SD:27, Max:164, Min:0
FCollision End Avg:8, SD:16, Max:97, Min:0
FTask1 Avg:8, SD:10, Max:46, Min:0
FTask2 Avg:16, SD:20, Max:84, Min:0
FTask3 Avg:23, SD:4, Max:54, Min:13
FCore Active Avg:50, SD:26, Max:100, Min:17
FRouter Active Avg:64, SD:12, Max:92, Min:15
T1 invocations: 292,405
T2 invocations: 366,550
T3 invocations: 7,482,561
T3b invocations: 0
Total3 invocations: 7,482,561
Total4 invocations: 23,964

T3/T2 ratio: 20
T3b/T3 ratio: 0

T1 avg ex cycles: 29
T2 avg ex cycles: 45
T3&b avg ex cycles: 3
T4 avg ex cycles: 117
Avg. hops NOC1: 3
Avg. latency NOC1 (T2): 3,362
Avg. hops NOC2: 12
Avg. latency NOC2 (T3): 2,066

===PRINTING ACUM STATS at pu_cycles: 1,201,049

ACollision In Avg:88, SD:27, Max:226, Min:19
ACollision Out Avg:76, SD:28, Max:178, Min:8
ACollision End Avg:25, SD:12, Max:75, Min:0
ATask1 Avg:7, SD:1, Max:8, Min:1
ATask2 Avg:24, SD:3, Max:34, Min:6
ATask3 Avg:40, SD:6, Max:75, Min:28
ACore Active Avg:72, SD:7, Max:97, Min:46
ARouter Active Avg:84, SD:4, Max:96, Min:37
T1 invocations: 2,570,338
T2 invocations: 4,134,513
T3 invocations: 141,790,767
T3b invocations: 0
Total3 invocations: 141,790,767
Total4 invocations: 97,827

T3/T2 ratio: 34
T3b/T3 ratio: 0

T1 avg ex cycles: 31
T2 avg ex cycles: 70
T3&b avg ex cycles: 3
T4 avg ex cycles: 223
Avg. hops NOC1: 3
Avg. latency NOC1 (T2): 12,192
Avg. hops NOC2: 13
Avg. latency NOC2 (T3): 2,379
Number of K Nodes Processed: 3,692
Number of K Edges Processed: 141,920
Node Re-explore factor: 0.88
Edge Re-explore factor: 1.11
Nodes/cy: 3
Edges/cy: 118
TEPS: 107

---DCache---
DCache Size: 28,448
DRAM words: 133,760
  DHits: 250,720,646
  DMisses: 11,366,323
  DHit Rate (hit/miss): 96%
  DEvictions: 9,541,297
  DEviction Rate (evict/misses): 84%
  MC Transactions: 13,153,268
  MC Writes: 1,697,701
Avg. Transactions: 34% , Writes: 4%, Avg. Latency: 11
Max MC id: 28 of 32. Transactions: 38% , Writes: 5%, MC mean Latency: 11
HBM refresh energy (nJ): 3
HBM access energy (nJ): 24,917,550
MemC wire energy 2.5d (nJ): 4,163,592
MemC wire energy 3d (nJ): 1,040,898

---Energy---
Leakage Energy (nJ): 123,940
PU Dyn E (nJ): 8,522,079
Mem Dyn E (nJ): 47,073,847
Route Dyn E (nJ): 9,782,657
Dynamic Energy (nJ): 65,378,584
Ratio of Dyn/Leak: 528
Total Energy (nJ): 65,502,524
Total Energy (nJ) 3D: 69,529,196
Cores Energy (nJ): 8,525,422
Route Energy (nJ): 9,805,633
Route Energy (nJ) 3D: 16,954,999
Mem Energy   (nJ): 47,171,469
Mem Energy   (nJ) 3D: 44,048,775
Avg. Power (mW): 54,537.76
Power Density (mW/mm2): 66.23

---Runtime---
Runtime in K cycles: 1,201.05
Microseconds: 1,201.05
Time per iteration (ms): 1.20

---Throughput---
GOP/s (aka OPS/ns): 612.51
GOP/s per core: 0.60
GFLOP/s: 236.20
GFLOP/s per core: 0.23
Max Peak GFLOP/s: 1,024.00
Avg. BW GB/s: 4,043.88
Max BW GB/s: 4,096.00

---Traffic---
In-Die bisection_bytes BW (GB/s): 256.00
Inter-board traffic (msg/ns): 0.00, per-link: 0.00
Inter-pack traffic (msg/ns): 0.00, per-link: 0.00
Inter-die traffic (msg/ns): 84.34, per-link: 0.33
Ruche traffic (msg/ns): 82.25, per-link: 0.32
All traffic (msg/ns): 3,300.96, per-link: 3.22
Inter-die reduction wrt all: 39.14
Inter-board reduction wrt inter-die: inf

---Data Movement---
All traffic (msg): 3,964,611,103
Arith. Intensity FLOP/Loads: 0.47
Arith. Intensity FLOP/Msgs: 0.07
Arith. Intensity OPS/Loads: 1.21
Arith. Intensity OPS/Msgs: 0.19



===Core Utilization Total=== CORE-S:12;; TIME K cy:1,200 ;; Nodes Proc: 461,847 -- Edges Proc: 17,685,003
======== IT IS COLD ======= Only 58 Tiles active

===PRINTING FRAME STATS

FCollision In Avg:7, SD:16, Max:105, Min:0
FCollision Out Avg:8, SD:19, Max:92, Min:0
FCollision End Avg:4, SD:11, Max:85, Min:0
FTask1 Avg:4, SD:8, Max:46, Min:0
FTask2 Avg:8, SD:16, Max:91, Min:0
FTask3 Avg:11, SD:3, Max:42, Min:5
FCore Active Avg:24, SD:22, Max:100, Min:8
FRouter Active Avg:36, SD:13, Max:86, Min:8
T1 invocations: 145,563
T2 invocations: 180,995
T3 invocations: 3,550,240
T3b invocations: 0
Total3 invocations: 3,550,240
Total4 invocations: 14,949

T3/T2 ratio: 20
T3b/T3 ratio: 0

T1 avg ex cycles: 29
T2 avg ex cycles: 43
T3&b avg ex cycles: 3
T4 avg ex cycles: 94
Avg. hops NOC1: 4
Avg. latency NOC1 (T2): 2,965
Avg. hops NOC2: 12
Avg. latency NOC2 (T3): 1,556

===PRINTING ACUM STATS at pu_cycles: 1,300,607

ACollision In Avg:82, SD:25, Max:216, Min:18
ACollision Out Avg:70, SD:27, Max:167, Min:7
ACollision End Avg:23, SD:12, Max:70, Min:0
ATask1 Avg:6, SD:1, Max:8, Min:2
ATask2 Avg:22, SD:3, Max:33, Min:10
ATask3 Avg:38, SD:6, Max:72, Min:26
ACore Active Avg:68, SD:6, Max:96, Min:49
ARouter Active Avg:80, SD:4, Max:93, Min:35
T1 invocations: 2,711,418
T2 invocations: 4,311,096
T3 invocations: 145,271,334
T3b invocations: 0
Total3 invocations: 145,271,334
Total4 invocations: 112,665

T3/T2 ratio: 34
T3b/T3 ratio: 0

T1 avg ex cycles: 31
T2 avg ex cycles: 69
T3&b avg ex cycles: 3
T4 avg ex cycles: 206
Avg. hops NOC1: 3
Avg. latency NOC1 (T2): 11,813
Avg. hops NOC2: 13
Avg. latency NOC2 (T3): 2,358
Number of K Nodes Processed: 3,709
Number of K Edges Processed: 145,330
Node Re-explore factor: 0.88
Edge Re-explore factor: 1.13
Nodes/cy: 3
Edges/cy: 112
TEPS: 99

---DCache---
DCache Size: 28,448
DRAM words: 133,760
  DHits: 257,608,333
  DMisses: 11,672,275
  DHit Rate (hit/miss): 96%
  DEvictions: 9,846,519
  DEviction Rate (evict/misses): 84%
  MC Transactions: 13,499,244
  MC Writes: 1,737,171
Avg. Transactions: 32% , Writes: 4%, Avg. Latency: 11
Max MC id: 28 of 32. Transactions: 35% , Writes: 5%, MC mean Latency: 11
HBM refresh energy (nJ): 3
HBM access energy (nJ): 25,572,967
MemC wire energy 2.5d (nJ): 4,273,109
MemC wire energy 3d (nJ): 1,068,277

---Energy---
Leakage Energy (nJ): 134,213
PU Dyn E (nJ): 8,739,527
Mem Dyn E (nJ): 48,288,002
Route Dyn E (nJ): 10,007,825
Dynamic Energy (nJ): 67,035,354
Ratio of Dyn/Leak: 499
Total Energy (nJ): 67,169,567
Total Energy (nJ) 3D: 71,273,877
Cores Energy (nJ): 8,743,147
Route Energy (nJ): 10,032,706
Route Energy (nJ) 3D: 17,341,847
Mem Energy   (nJ): 48,393,715
Mem Energy   (nJ) 3D: 45,188,884
Avg. Power (mW): 51,644.78
Power Density (mW/mm2): 62.72

---Runtime---
Runtime in K cycles: 1,300.61
Microseconds: 1,300.61
Time per iteration (ms): 1.30

---Throughput---
GOP/s (aka OPS/ns): 581.45
GOP/s per core: 0.57
GFLOP/s: 223.33
GFLOP/s per core: 0.22
Max Peak GFLOP/s: 1,024.00
Avg. BW GB/s: 3,825.88
Max BW GB/s: 4,096.00

---Traffic---
In-Die bisection_bytes BW (GB/s): 256.00
Inter-board traffic (msg/ns): 0.00, per-link: 0.00
Inter-pack traffic (msg/ns): 0.00, per-link: 0.00
Inter-die traffic (msg/ns): 79.53, per-link: 0.31
Ruche traffic (msg/ns): 78.10, per-link: 0.31
All traffic (msg/ns): 3,118.29, per-link: 3.05
Inter-die reduction wrt all: 39.21
Inter-board reduction wrt inter-die: inf

---Data Movement---
All traffic (msg): 4,055,663,941
Arith. Intensity FLOP/Loads: 0.47
Arith. Intensity FLOP/Msgs: 0.07
Arith. Intensity OPS/Loads: 1.22
Arith. Intensity OPS/Msgs: 0.19



===Core Utilization Total=== CORE-S:13;; TIME K cy:1,300 ;; Nodes Proc: 463,966 -- Edges Proc: 18,071,742
======== IT IS COLD ======= Only 28 Tiles active

===PRINTING FRAME STATS

FCollision In Avg:2, SD:11, Max:104, Min:0
FCollision Out Avg:3, SD:13, Max:99, Min:0
FCollision End Avg:1, SD:8, Max:99, Min:0
FTask1 Avg:1, SD:5, Max:41, Min:0
FTask2 Avg:3, SD:11, Max:99, Min:0
FTask3 Avg:4, SD:1, Max:15, Min:1
FCore Active Avg:8, SD:13, Max:100, Min:3
FRouter Active Avg:13, SD:9, Max:77, Min:2
T1 invocations: 39,328
T2 invocations: 55,517
T3 invocations: 1,144,758
T3b invocations: 0
Total3 invocations: 1,144,758
Total4 invocations: 5,313

T3/T2 ratio: 21
T3b/T3 ratio: 0

T1 avg ex cycles: 30
T2 avg ex cycles: 48
T3&b avg ex cycles: 3
T4 avg ex cycles: 74
Avg. hops NOC1: 4
Avg. latency NOC1 (T2): 3,808
Avg. hops NOC2: 12
Avg. latency NOC2 (T3): 1,277

===PRINTING ACUM STATS at pu_cycles: 1,400,454

ACollision In Avg:76, SD:23, Max:216, Min:16
ACollision Out Avg:66, SD:25, Max:155, Min:7
ACollision End Avg:22, SD:11, Max:65, Min:1
ATask1 Avg:6, SD:0, Max:7, Min:3
ATask2 Avg:21, SD:2, Max:32, Min:12
ATask3 Avg:35, SD:5, Max:67, Min:25
ACore Active Avg:64, SD:6, Max:93, Min:49
ARouter Active Avg:75, SD:4, Max:89, Min:33
T1 invocations: 2,754,558
T2 invocations: 4,367,542
T3 invocations: 146,439,344
T3b invocations: 0
Total3 invocations: 146,439,344
Total4 invocations: 118,063

T3/T2 ratio: 34
T3b/T3 ratio: 0

T1 avg ex cycles: 31
T2 avg ex cycles: 69
T3&b avg ex cycles: 3
T4 avg ex cycles: 200
Avg. hops NOC1: 3
Avg. latency NOC1 (T2): 11,708
Avg. hops NOC2: 13
Avg. latency NOC2 (T3): 2,349
Number of K Nodes Processed: 3,715
Number of K Edges Processed: 146,452
Node Re-explore factor: 0.89
Edge Re-explore factor: 1.14
Nodes/cy: 3
Edges/cy: 105
TEPS: 92

---DCache---
DCache Size: 28,448
DRAM words: 133,760
  DHits: 259,909,310
  DMisses: 11,769,020
  DHit Rate (hit/miss): 96%
  DEvictions: 9,943,211
  DEviction Rate (evict/misses): 84%
  MC Transactions: 13,606,547
  MC Writes: 1,747,676
Avg. Transactions: 30% , Writes: 4%, Avg. Latency: 11
Max MC id: 28 of 32. Transactions: 33% , Writes: 4%, MC mean Latency: 11
HBM refresh energy (nJ): 4
HBM access energy (nJ): 25,776,242
MemC wire energy 2.5d (nJ): 4,307,075
MemC wire energy 3d (nJ): 1,076,769

---Energy---
Leakage Energy (nJ): 144,517
PU Dyn E (nJ): 8,814,235
Mem Dyn E (nJ): 48,679,448
Route Dyn E (nJ): 10,085,454
Dynamic Energy (nJ): 67,579,138
Ratio of Dyn/Leak: 468
Total Energy (nJ): 67,723,655
Total Energy (nJ) 3D: 71,858,458
Cores Energy (nJ): 8,818,133
Route Energy (nJ): 10,112,245
Route Energy (nJ) 3D: 17,477,354
Mem Energy   (nJ): 48,793,277
Mem Energy   (nJ) 3D: 45,562,971
Avg. Power (mW): 48,358.36
Power Density (mW/mm2): 58.73

---Runtime---
Runtime in K cycles: 1,400.45
Microseconds: 1,400.45
Time per iteration (ms): 1.40

---Throughput---
GOP/s (aka OPS/ns): 544.90
GOP/s per core: 0.53
GFLOP/s: 209.11
GFLOP/s per core: 0.20
Max Peak GFLOP/s: 1,024.00
Avg. BW GB/s: 3,582.45
Max BW GB/s: 4,096.00

---Traffic---
In-Die bisection_bytes BW (GB/s): 256.00
Inter-board traffic (msg/ns): 0.00, per-link: 0.00
Inter-pack traffic (msg/ns): 0.00, per-link: 0.00
Inter-die traffic (msg/ns): 74.39, per-link: 0.29
Ruche traffic (msg/ns): 73.17, per-link: 0.29
All traffic (msg/ns): 2,918.39, per-link: 2.85
Inter-die reduction wrt all: 39.23
Inter-board reduction wrt inter-die: inf

---Data Movement---
All traffic (msg): 4,087,072,809
Arith. Intensity FLOP/Loads: 0.47
Arith. Intensity FLOP/Msgs: 0.07
Arith. Intensity OPS/Loads: 1.22
Arith. Intensity OPS/Msgs: 0.19



===Core Utilization Total=== CORE-S:14;; TIME K cy:1,400 ;; Nodes Proc: 464,751 -- Edges Proc: 18,229,126
======== IT IS COLD ======= Only 9 Tiles active

===PRINTING FRAME STATS

FCollision In Avg:0, SD:4, Max:97, Min:0
FCollision Out Avg:1, SD:6, Max:98, Min:0
FCollision End Avg:0, SD:4, Max:84, Min:0
FTask1 Avg:0, SD:3, Max:45, Min:0
FTask2 Avg:1, SD:6, Max:98, Min:0
FTask3 Avg:1, SD:1, Max:15, Min:1
FCore Active Avg:2, SD:7, Max:100, Min:1
FRouter Active Avg:4, SD:5, Max:55, Min:0
T1 invocations: 11,980
T2 invocations: 15,585
T3 invocations: 339,063
T3b invocations: 0
Total3 invocations: 339,063
Total4 invocations: 1,518

T3/T2 ratio: 22
T3b/T3 ratio: 0

T1 avg ex cycles: 29
T2 avg ex cycles: 48
T3&b avg ex cycles: 3
T4 avg ex cycles: 79
Avg. hops NOC1: 3
Avg. latency NOC1 (T2): 3,470
Avg. hops NOC2: 12
Avg. latency NOC2 (T3): 1,582

===PRINTING ACUM STATS at pu_cycles: 1,500,118

ACollision In Avg:71, SD:22, Max:190, Min:15
ACollision Out Avg:61, SD:23, Max:145, Min:6
ACollision End Avg:20, SD:10, Max:61, Min:1
ATask1 Avg:6, SD:0, Max:7, Min:3
ATask2 Avg:20, SD:2, Max:30, Min:12
ATask3 Avg:33, SD:5, Max:65, Min:23
ACore Active Avg:60, SD:6, Max:89, Min:47
ARouter Active Avg:71, SD:4, Max:83, Min:30
T1 invocations: 2,769,115
T2 invocations: 4,383,281
T3 invocations: 146,776,977
T3b invocations: 0
Total3 invocations: 146,776,977
Total4 invocations: 119,618

T3/T2 ratio: 33
T3b/T3 ratio: 0

T1 avg ex cycles: 31
T2 avg ex cycles: 68
T3&b avg ex cycles: 3
T4 avg ex cycles: 199
Avg. hops NOC1: 3
Avg. latency NOC1 (T2): 11,677
Avg. hops NOC2: 13
Avg. latency NOC2 (T3): 2,348
Number of K Nodes Processed: 3,718
Number of K Edges Processed: 146,781
Node Re-explore factor: 0.89
Edge Re-explore factor: 1.14
Nodes/cy: 2
Edges/cy: 98
TEPS: 86

---DCache---
DCache Size: 28,448
DRAM words: 133,760
  DHits: 260,587,231
  DMisses: 11,797,331
  DHit Rate (hit/miss): 96%
  DEvictions: 9,971,517
  DEviction Rate (evict/misses): 85%
  MC Transactions: 13,637,827
  MC Writes: 1,750,637
Avg. Transactions: 28% , Writes: 4%, Avg. Latency: 11
Max MC id: 28 of 32. Transactions: 31% , Writes: 4%, MC mean Latency: 11
HBM refresh energy (nJ): 4
HBM access energy (nJ): 25,835,499
MemC wire energy 2.5d (nJ): 4,316,977
MemC wire energy 3d (nJ): 1,079,244

---Energy---
Leakage Energy (nJ): 154,801
PU Dyn E (nJ): 8,835,280
Mem Dyn E (nJ): 48,791,987
Route Dyn E (nJ): 10,107,785
Dynamic Energy (nJ): 67,735,052
Ratio of Dyn/Leak: 438
Total Energy (nJ): 67,889,853
Total Energy (nJ) 3D: 72,033,278
Cores Energy (nJ): 8,839,455
Route Energy (nJ): 10,136,482
Route Energy (nJ) 3D: 17,517,639
Mem Energy   (nJ): 48,913,916
Mem Energy   (nJ) 3D: 45,676,184
Avg. Power (mW): 45,256.34
Power Density (mW/mm2): 54.96

---Runtime---
Runtime in K cycles: 1,500.12
Microseconds: 1,500.12
Time per iteration (ms): 1.50

---Throughput---
GOP/s (aka OPS/ns): 510.05
GOP/s per core: 0.50
GFLOP/s: 195.65
GFLOP/s per core: 0.19
Max Peak GFLOP/s: 1,024.00
Avg. BW GB/s: 3,352.08
Max BW GB/s: 4,096.00

---Traffic---
In-Die bisection_bytes BW (GB/s): 256.00
Inter-board traffic (msg/ns): 0.00, per-link: 0.00
Inter-pack traffic (msg/ns): 0.00, per-link: 0.00
Inter-die traffic (msg/ns): 69.60, per-link: 0.27
Ruche traffic (msg/ns): 68.47, per-link: 0.27
All traffic (msg/ns): 2,730.52, per-link: 2.67
Inter-die reduction wrt all: 39.23
Inter-board reduction wrt inter-die: inf

---Data Movement---
All traffic (msg): 4,096,099,022
Arith. Intensity FLOP/Loads: 0.47
Arith. Intensity FLOP/Msgs: 0.07
Arith. Intensity OPS/Loads: 1.22
Arith. Intensity OPS/Msgs: 0.19



===Core Utilization Total=== CORE-S:15;; TIME K cy:1,500 ;; Nodes Proc: 465,075 -- Edges Proc: 18,240,832
======== IT IS COLD ======= Only 0 Tiles active

===PRINTING FRAME STATS

FCollision In Avg:0, SD:4, Max:98, Min:0
FCollision Out Avg:1, SD:6, Max:99, Min:0
FCollision End Avg:0, SD:4, Max:78, Min:0
FTask1 Avg:0, SD:2, Max:45, Min:0
FTask2 Avg:1, SD:6, Max:98, Min:0
FTask3 Avg:1, SD:1, Max:7, Min:0
FCore Active Avg:2, SD:7, Max:100, Min:0
FRouter Active Avg:4, SD:5, Max:50, Min:0
T1 invocations: 8,324
T2 invocations: 14,816
T3 invocations: 299,867
T3b invocations: 0
Total3 invocations: 299,867
Total4 invocations: 1,319

T3/T2 ratio: 20
T3b/T3 ratio: 0

T1 avg ex cycles: 30
T2 avg ex cycles: 49
T3&b avg ex cycles: 3
T4 avg ex cycles: 66
Avg. hops NOC1: 3
Avg. latency NOC1 (T2): 3,606
Avg. hops NOC2: 13
Avg. latency NOC2 (T3): 1,759

===PRINTING ACUM STATS at pu_cycles: 1,600,001

ACollision In Avg:70, SD:22, Max:190, Min:15
ACollision Out Avg:61, SD:23, Max:145, Min:6
ACollision End Avg:20, SD:10, Max:61, Min:1
ATask1 Avg:6, SD:0, Max:7, Min:3
ATask2 Avg:19, SD:2, Max:30, Min:13
ATask3 Avg:33, SD:5, Max:63, Min:23
ACore Active Avg:59, SD:6, Max:89, Min:46
ARouter Active Avg:70, SD:4, Max:83, Min:30
T1 invocations: 2,769,543
T2 invocations: 4,385,216
T3 invocations: 146,787,290
T3b invocations: 0
Total3 invocations: 146,787,290
Total4 invocations: 119,661

T3/T2 ratio: 33
T3b/T3 ratio: 0

T1 avg ex cycles: 31
T2 avg ex cycles: 68
T3&b avg ex cycles: 3
T4 avg ex cycles: 199
Avg. hops NOC1: 3
Avg. latency NOC1 (T2): 11,674
Avg. hops NOC2: 13
Avg. latency NOC2 (T3): 2,348
Number of K Nodes Processed: 3,719
Number of K Edges Processed: 146,839
Node Re-explore factor: 0.89
Edge Re-explore factor: 1.14
Nodes/cy: 2
Edges/cy: 92
TEPS: 80

---DCache---
DCache Size: 28,448
DRAM words: 133,760
  DHits: 260,708,455
  DMisses: 11,802,698
  DHit Rate (hit/miss): 96%
  DEvictions: 9,976,884
  DEviction Rate (evict/misses): 85%
  MC Transactions: 13,643,955
  MC Writes: 1,751,397
Avg. Transactions: 27% , Writes: 3%, Avg. Latency: 11
Max MC id: 28 of 32. Transactions: 29% , Writes: 4%, MC mean Latency: 11
HBM refresh energy (nJ): 4
HBM access energy (nJ): 25,847,108
MemC wire energy 2.5d (nJ): 4,318,916
MemC wire energy 3d (nJ): 1,079,729

---Energy---
Leakage Energy (nJ): 165,108
PU Dyn E (nJ): 8,837,176
Mem Dyn E (nJ): 48,810,201
Route Dyn E (nJ): 10,109,512
Dynamic Energy (nJ): 67,756,890
Ratio of Dyn/Leak: 410
Total Energy (nJ): 67,921,998
Total Energy (nJ) 3D: 72,064,279
Cores Energy (nJ): 8,841,629
Route Energy (nJ): 10,140,120
Route Energy (nJ) 3D: 17,521,589
Mem Energy   (nJ): 48,940,249
Mem Energy   (nJ) 3D: 45,701,062
Avg. Power (mW): 42,451.22
Power Density (mW/mm2): 51.55

---Runtime---
Runtime in K cycles: 1,600.00
Microseconds: 1,600.00
Time per iteration (ms): 1.60

---Throughput---
GOP/s (aka OPS/ns): 478.29
GOP/s per core: 0.47
GFLOP/s: 183.48
GFLOP/s per core: 0.18
Max Peak GFLOP/s: 1,024.00
Avg. BW GB/s: 3,143.46
Max BW GB/s: 4,096.00

---Traffic---
In-Die bisection_bytes BW (GB/s): 256.00
Inter-board traffic (msg/ns): 0.00, per-link: 0.00
Inter-pack traffic (msg/ns): 0.00, per-link: 0.00
Inter-die traffic (msg/ns): 65.28, per-link: 0.26
Ruche traffic (msg/ns): 64.23, per-link: 0.25
All traffic (msg/ns): 2,560.32, per-link: 2.50
Inter-die reduction wrt all: 39.22
Inter-board reduction wrt inter-die: inf

---Data Movement---
All traffic (msg): 4,096,517,055
Arith. Intensity FLOP/Loads: 0.47
Arith. Intensity FLOP/Msgs: 0.07
Arith. Intensity OPS/Loads: 1.22
Arith. Intensity OPS/Msgs: 0.19



===Core Utilization Total=== CORE-S:16;; TIME K cy:1,600 ;; Nodes Proc: 465,243 -- Edges Proc: 18,241,186
======== IT IS COLD ======= Only 0 Tiles active

===PRINTING FRAME STATS

FCollision In Avg:0, SD:3, Max:99, Min:0
FCollision Out Avg:0, SD:4, Max:99, Min:0
FCollision End Avg:0, SD:3, Max:99, Min:0
FTask1 Avg:0, SD:1, Max:12, Min:0
FTask2 Avg:0, SD:3, Max:100, Min:0
FTask3 Avg:0, SD:0, Max:4, Min:0
FCore Active Avg:0, SD:3, Max:100, Min:0
FRouter Active Avg:1, SD:4, Max:48, Min:0
T1 invocations: 1,807
T2 invocations: 2,358
T3 invocations: 69,424
T3b invocations: 0
Total3 invocations: 69,424
Total4 invocations: 410

T3/T2 ratio: 29
T3b/T3 ratio: 0

T1 avg ex cycles: 30
T2 avg ex cycles: 62
T3&b avg ex cycles: 4
T4 avg ex cycles: 55
Avg. hops NOC1: 2
Avg. latency NOC1 (T2): 5,392
Avg. hops NOC2: 14
Avg. latency NOC2 (T3): 140

===PRINTING ACUM STATS at pu_cycles: 1,700,405

ACollision In Avg:63, SD:19, Max:178, Min:13
ACollision Out Avg:54, SD:21, Max:128, Min:6
ACollision End Avg:18, SD:9, Max:54, Min:1
ATask1 Avg:5, SD:0, Max:7, Min:4
ATask2 Avg:17, SD:2, Max:27, Min:14
ATask3 Avg:29, SD:4, Max:57, Min:20
ACore Active Avg:53, SD:5, Max:80, Min:41
ARouter Active Avg:63, SD:4, Max:78, Min:27
T1 invocations: 2,772,208
T2 invocations: 4,388,440
T3 invocations: 146,923,817
T3b invocations: 0
Total3 invocations: 146,923,817
Total4 invocations: 120,475

T3/T2 ratio: 33
T3b/T3 ratio: 0

T1 avg ex cycles: 31
T2 avg ex cycles: 68
T3&b avg ex cycles: 3
T4 avg ex cycles: 198
Avg. hops NOC1: 3
Avg. latency NOC1 (T2): 11,669
Avg. hops NOC2: 13
Avg. latency NOC2 (T3): 2,347
Number of K Nodes Processed: 3,720
Number of K Edges Processed: 146,928
Node Re-explore factor: 0.89
Edge Re-explore factor: 1.15
Nodes/cy: 2
Edges/cy: 86
TEPS: 75

---DCache---
DCache Size: 28,448
DRAM words: 133,760
  DHits: 260,889,395
  DMisses: 11,809,748
  DHit Rate (hit/miss): 96%
  DEvictions: 9,983,934
  DEviction Rate (evict/misses): 85%
  MC Transactions: 13,651,745
  MC Writes: 1,752,137
Avg. Transactions: 25% , Writes: 3%, Avg. Latency: 11
Max MC id: 28 of 32. Transactions: 27% , Writes: 4%, MC mean Latency: 11
HBM refresh energy (nJ): 5
HBM access energy (nJ): 25,861,865
MemC wire energy 2.5d (nJ): 4,321,382
MemC wire energy 3d (nJ): 1,080,346

---Energy---
Leakage Energy (nJ): 175,469
PU Dyn E (nJ): 8,843,627
Mem Dyn E (nJ): 48,840,919
Route Dyn E (nJ): 10,117,426
Dynamic Energy (nJ): 67,801,972
Ratio of Dyn/Leak: 386
Total Energy (nJ): 67,977,441
Total Energy (nJ) 3D: 72,123,898
Cores Energy (nJ): 8,848,359
Route Energy (nJ): 10,149,954
Route Energy (nJ) 3D: 17,537,448
Mem Energy   (nJ): 48,979,128
Mem Energy   (nJ) 3D: 45,738,092
Avg. Power (mW): 39,977.21
Power Density (mW/mm2): 48.55

---Runtime---
Runtime in K cycles: 1,700.40
Microseconds: 1,700.40
Time per iteration (ms): 1.70

---Throughput---
GOP/s (aka OPS/ns): 450.42
GOP/s per core: 0.44
GFLOP/s: 172.76
GFLOP/s per core: 0.17
Max Peak GFLOP/s: 1,024.00
Avg. BW GB/s: 2,960.03
Max BW GB/s: 4,096.00

---Traffic---
In-Die bisection_bytes BW (GB/s): 256.00
Inter-board traffic (msg/ns): 0.00, per-link: 0.00
Inter-pack traffic (msg/ns): 0.00, per-link: 0.00
Inter-die traffic (msg/ns): 61.48, per-link: 0.24
Ruche traffic (msg/ns): 60.48, per-link: 0.24
All traffic (msg/ns): 2,411.07, per-link: 2.35
Inter-die reduction wrt all: 39.22
Inter-board reduction wrt inter-die: inf

---Data Movement---
All traffic (msg): 4,099,800,506
Arith. Intensity FLOP/Loads: 0.47
Arith. Intensity FLOP/Msgs: 0.07
Arith. Intensity OPS/Loads: 1.22
Arith. Intensity OPS/Msgs: 0.19



===Core Utilization Total=== CORE-S:17;; TIME K cy:1,700 ;; Nodes Proc: 465,358 -- Edges Proc: 18,241,409
======== IT IS COLD ======= Only 0 Tiles active
Epoch Done Router: 3
##EPOCH## 1 COMPLETED at Time (K cy): 1,740
Nodes processed until now: 3,720,685
Edges processed until now: 146,955,498
Epoch Done Router: 6
Epoch Done Router: 5
Epoch Done Router: 2
Epoch Done Router: 7
Epoch Done Router: 1
Epoch Done Router: 0
Epoch Done Router: 4
Program Done Worker Thread: 3
Program Done Router Thread: 0
Program Done Router Thread: 6
Program Done Worker Thread: 1
Program Done Router Thread: 3
Program Done Router Thread: 4
Program Done Router Thread: 1
Program Done Router Thread: 5
Program Done Router Thread: 2
Program Done Worker Thread: 4
Program Done Worker Thread: 5
Program Done Worker Thread: 7
Program Done Worker Thread: 2
Program Done Router Thread: 7
Program Done Worker Thread: 6
Program Done Worker Thread: 0

===PRINTING ACUM STATS at pu_cycles: 1,740,432

ACollision In Avg:61, SD:19, Max:164, Min:13
ACollision Out Avg:53, SD:20, Max:125, Min:6
ACollision End Avg:18, SD:9, Max:52, Min:1
ATask1 Avg:5, SD:0, Max:8, Min:4
ATask2 Avg:17, SD:2, Max:26, Min:14
ATask3 Avg:29, SD:4, Max:54, Min:20
ACore Active Avg:52, SD:5, Max:78, Min:40
ARouter Active Avg:61, SD:4, Max:73, Min:26
T1 invocations: 2,774,741
T2 invocations: 4,392,217
T3 invocations: 146,955,498
T3b invocations: 0
Total3 invocations: 146,955,498
Total4 invocations: 120,635

T3/T2 ratio: 33
T3b/T3 ratio: 0

T1 avg ex cycles: 31
T2 avg ex cycles: 68
T3&b avg ex cycles: 3
T4 avg ex cycles: 198
Avg. hops NOC1: 3
Avg. latency NOC1 (T2): 11,662
Avg. hops NOC2: 13
Avg. latency NOC2 (T3): 2,346

Runtime at program end in K cycles: 1,740
Runtime before cooldown in K cycles: 1,100


Number of K Nodes Processed: 3,720
Number of K Edges Processed: 146,955
Node Re-explore factor: 0.89
Edge Re-explore factor: 1.15
Nodes/cy: 2
Edges/cy: 84
TEPS: 74

---DCache---
DCache Size: 28,448
DRAM words: 133,760
  DHits: 260,945,698
  DMisses: 11,811,832
  DHit Rate (hit/miss): 96%
  DEvictions: 9,986,018
  DEviction Rate (evict/misses): 85%
  MC Transactions: 13,654,011
  MC Writes: 1,752,319
Avg. Transactions: 25% , Writes: 3%, Avg. Latency: 11
Max MC id: 28 of 32. Transactions: 26% , Writes: 4%, MC mean Latency: 11
HBM refresh energy (nJ): 5
HBM access energy (nJ): 25,866,158
MemC wire energy 2.5d (nJ): 4,322,100
MemC wire energy 3d (nJ): 1,080,525

---Energy---
Leakage Energy (nJ): 179,600
PU Dyn E (nJ): 8,847,822
Mem Dyn E (nJ): 48,853,501
Route Dyn E (nJ): 10,120,893
Dynamic Energy (nJ): 67,822,216
Ratio of Dyn/Leak: 378
Total Energy (nJ): 68,001,816
Total Energy (nJ) 3D: 72,150,761
Cores Energy (nJ): 8,852,666
Route Energy (nJ): 10,154,188
Route Energy (nJ) 3D: 17,544,707
Mem Energy   (nJ): 48,994,963
Mem Energy   (nJ) 3D: 45,753,389
Avg. Power (mW): 39,071.80
Power Density (mW/mm2): 47.45

---Runtime---
Runtime in K cycles: 1,740.43
Microseconds: 1,740.43
Time per iteration (ms): 1.74

---Inst---
K Loads: 628,419
K Stores: 630,441
K Instructions: 766,232

---Throughput---
GOP/s (aka OPS/ns): 440.25
GOP/s per core: 0.43
GFLOP/s: 168.87
GFLOP/s per core: 0.16
Max Peak GFLOP/s: 1,024.00
Avg. BW GB/s: 2,893.22
Max BW GB/s: 4,096.00

---Traffic---
In-Die bisection_bytes BW (GB/s): 256.00
Inter-board traffic (msg/ns): 0.00, per-link: 0.00
Inter-pack traffic (msg/ns): 0.00, per-link: 0.00
Inter-die traffic (msg/ns): 60.07, per-link: 0.23
Ruche traffic (msg/ns): 59.10, per-link: 0.23
All traffic (msg/ns): 2,356.48, per-link: 2.30
Inter-die reduction wrt all: 39.23
Inter-board reduction wrt inter-die: inf

---Data Movement---
All traffic (msg): 4,101,300,979
Arith. Intensity FLOP/Loads: 0.47
Arith. Intensity FLOP/Msgs: 0.07
Arith. Intensity OPS/Loads: 1.22
Arith. Intensity OPS/Msgs: 0.19

Simulation time: 154.06
Sim time / DUT time: 86.44
Sim noc_cy/s: 11,297.25
Sim Msg/s: 26,621,794.01

Version 32

