Dataset:  Kron22/
Dry run: 0
Open Edge Count File succesfully
Edges Traversed BFS: 128309848
Found Vertices: 4194304, Edges: 128311436
avg degree 31
Array  Kron22/node_array.bin found
Malloc array of size 16777220 bytes
Readin array of size 16777216 bytes
Finished Reading Array Bytes
No reordering Array 32bit
Array  Kron22/edge_array.bin found
Malloc array of size 513245744 bytes
Readin array of size 513245744 bytes
Finished Reading Array Bytes
No reordering Array 32bit
Reading graph elapsed time: 0.169528s

Dataset Footprint: 522 MiB
Dataset Footprint per Board: 4383.05 Mb
Dataset injection time (ms): 0.26752
Max Dataset Footprint: 1026 MiB

Dataset footprint per tile: 522 KiB
Proxys footprint per tile: 0 KiB
Reserved SRAM per tile: 15 KiB

Ideal SRAM per tile: 537 KiB
reserved_words_for_dataset:12321
dataset_words_per_tile:133760
remaining_sram_words:61606
min_dcache_sram_words_required:12512
dataset_words_per_tile:133760
min_pcache_sram_words_required:0
proxys_words_per_tile:0
Dcache footprint ratio: 3
Dataset Cached: 1
DCache: 60880 words, lines: 3805, sets: 3805
Proxys Cached: 0
Pcache: 0 words, sets: 0
Node per tile: 4,096
Edge per tile: 125,305
GRID_X: 32
GRID_SIZE: 1,024
smt_per_tile: 1
noc_freq: 1
pu_freq: 1
RUCHE_X: 8
PROXY_W: 32
DIE_W: 16
DIE_H: 16
DIES: 4
BORDER_TILES_PER_DIE: 64
PACK_W: 32
PACK_H: 32
DIES_PACK_FACTOR: 2
DIES_PER_PACK: 4
PACKAGES: 1
BOARD_W: 32
BOARD_H: 32
BOARDS: 1
MUX_BUS: 1
DCACHE: 1
PCACHE: 0
PROXY_FACTOR: 1
CACHE_WAYS: 1
TORUS: 1
PHY_NOCS: 1
WIDE_NOC_ID: 0
NOC_CONF: 1
noc_width: 32
hbm_channel_bit_width: 512
ld_st_op_byte_width: 4
PROXY_ROUTING: 0
WITHIN_REGION: 0
WRITE_THROUGH: 1
ASSERT_MODE: 0
GLOBAL_BARRIER: 0
OQ flits: 36 ; 384 ; 2
IQ flits: 288 ; 3,072 ; 2
OQ messages: 12 ; 192 ; 1
IQ messages: 96 ; 1,536 ; 1
max_task2 size: 64
io_factor_t2: 8
io_factor_t3: 8
io_factor_t3b: 8

Active SRAM Storage per tile: 255 KiB
Total SRAM Storage per tile: 256 KiB
Agreggated SRAM Storage: 256 MiB

Active DRAM Storage per tile: 0.509766 MiB
Total DRAM Storage per tile: 32 MiB
Agreggated DRAM Storage: 32 GiB

Inter-Die #links: 512
Inter-Die (Gbits): 16,384
Inter-Die (Gbits/mm): 507.873
Bisection BW of Board (Gbits): 8,192
Border IO #Dies: 8
Border IO Die BW (Gbits): 2,048
Off-Board BW Total (Gbits): 16,384
Off-Board BW Density (Gbits/mm): 139
Die side: 8.07 mm
Die border wire density: 507.87 Gbits/mm
HBM wire density: 507.87 Gbits/mm

Tiles per Die: 256 (16x16)
Tile Area: 0.13 mm2, side: 0.36 mm
- Core/Rout Area: 0.05 mm2
- SRAM Area: 0.07 mm2
- SRAM/Logic Ratio: 1.32x

Dies per Package: 4 (2x2)
Die Area: 65.04 mm2, side: 8.07 mm
- Tiles Area: 32.30 mm2
- PHY Area: 23.74 mm2
- MC Area: 9.00 mm2

Packages per Board: 1 (1x1)
Package Area: 860.18 mm2, side: 29.33 mm
- IOdie Area: 160.00 mm2
- Dies Area: 260.18 mm2
- HBM Area: 440.00 mm2

Boards: 1 (1x1)
Board Area: 860.18 mm2
Total Area: 860.18 mm2



ESTIMATED COST OF SILICON AND PACKAGING. ONLY VARIABLE, NO FIXED COSTS
Good dies per wafer 3d: 511
Good dies per wafer 2d: 862
--Dies 3D Cost: 47.33 $
--Dies 2.5D Cost: 28.06 $
--Dies 2D Cost: 28.06 $
--HBM Cost: 240.00 $
--IOdie Cost: 16.88 $
--Packaging Cost 3d: 11.04 $
--Packaging Cost 2.5d: 16.56 $
--Packaging Cost 2d: 6.74 $
SiP Cost 3d: 315.25 $
SiP Cost 2.5d: 301.50 $
SiP Cost 2d: 51.68 $
--Board Cost: 0.86 $
Total SiPs Cost 3d: 316.11 $
Total SiPs Cost 2.5d: 302.36 $
Total SiPs Cost 2d: 52.54 $

Perf counters initialized
Mesh connected
Cache structures initialized
Replicas initialized
Allocated Frontier List
Dataset structures initialized


Starting Simulation
INIT epoch: 1
INIT epoch: 1
INIT epoch: 1
INIT epoch: 1
INIT epoch: 1
INIT epoch: 1
INIT epoch: 1
INIT epoch: 1

===PRINTING FRAME STATS

FCollision In Avg:-nan, SD:-nan, Max:305, Min:2
FCollision Out Avg:-nan, SD:-nan, Max:217, Min:0
FCollision End Avg:-nan, SD:-nan, Max:160, Min:0
FTask1 Avg:-nan, SD:-nan, Max:70, Min:2
FTask2 Avg:-nan, SD:-nan, Max:54, Min:0
FTask3 Avg:-nan, SD:-nan, Max:96, Min:26
FCore Active Avg:-nan, SD:-nan, Max:100, Min:49
FRouter Active Avg:-nan, SD:-nan, Max:73, Min:24
T1 invocations: 793,859
T2 invocations: 447,774
T3 invocations: 5,089,769
T3b invocations: 0
Total3 invocations: 5,089,769
Total4 invocations: 0

T3/T2 ratio: 11
T3b/T3 ratio: 0

T1 avg ex cycles: 42
T2 avg ex cycles: 34
T3&b avg ex cycles: 8
T4 avg ex cycles: -nan
Avg. hops NOC1: 3
Avg. latency NOC1 (T2): 7,890
Avg. hops NOC2: 15
Avg. latency NOC2 (T3): 10,299

===PRINTING ACUM STATS at pu_cycles: 100,185

ACollision In Avg:-nan, SD:-nan, Max:305, Min:2
ACollision Out Avg:-nan, SD:-nan, Max:217, Min:0
ACollision End Avg:-nan, SD:-nan, Max:160, Min:0
ATask1 Avg:-nan, SD:-nan, Max:70, Min:2
ATask2 Avg:-nan, SD:-nan, Max:54, Min:0
ATask3 Avg:-nan, SD:-nan, Max:96, Min:26
ACore Active Avg:-nan, SD:-nan, Max:100, Min:49
ARouter Active Avg:-nan, SD:-nan, Max:73, Min:24
T1 invocations: 793,859
T2 invocations: 447,774
T3 invocations: 5,089,769
T3b invocations: 0
Total3 invocations: 5,089,769
Total4 invocations: 0

T3/T2 ratio: 11
T3b/T3 ratio: 0

T1 avg ex cycles: 42
T2 avg ex cycles: 34
T3&b avg ex cycles: 8
T4 avg ex cycles: -nan
Avg. hops NOC1: 3
Avg. latency NOC1 (T2): 7,890
Avg. hops NOC2: 15
Avg. latency NOC2 (T3): 10,299
Number of K Nodes Processed: 1,239
Number of K Edges Processed: 6,219
Node Re-explore factor: 0.30
Edge Re-explore factor: 0.05
Nodes/cy: 12
Edges/cy: 62
TEPS: 1,281

---DCache---
DCache Size: 60,880
DRAM words: 133,760
  DHits: 13,092,688
  DMisses: 809,540
  DHit Rate (hit/miss): 94%
  DEvictions: 76,558
  DEviction Rate (evict/misses): 9%
  MC Transactions: 866,158
  MC Writes: 41,355
Avg. Transactions: 27% , Writes: 1%, Avg. Latency: 9
Max MC id: 29 of 32. Transactions: 33% , Writes: 2%, MC mean Latency: 10
HBM refresh energy (nJ): 0
HBM access energy (nJ): 1,640,849
MemC wire energy 2.5d (nJ): 324,099
MemC wire energy 3d (nJ): 81,025

---Energy---
Leakage Energy (nJ): 18,546
PU Dyn E (nJ): 456,423
Mem Dyn E (nJ): 3,173,455
Route Dyn E (nJ): 479,048
Dynamic Energy (nJ): 4,108,927
Ratio of Dyn/Leak: 222
Total Energy (nJ): 4,127,473
Total Energy (nJ) 3D: 4,188,114
Cores Energy (nJ): 456,703
Route Energy (nJ): 480,965
Route Energy (nJ) 3D: 784,681
Mem Energy   (nJ): 3,189,805
Mem Energy   (nJ) 3D: 2,946,731
Avg. Power (mW): 41,198.51
Power Density (mW/mm2): 47.90

---Runtime---
Runtime in K cycles: 100.19
Microseconds: 100.19
Time per iteration (ms): 0.10

---Throughput---
GOP/s (aka OPS/ns): 796.67
GOP/s per core: 0.78
GFLOP/s: 50.80
GFLOP/s per core: 0.05
Max Peak GFLOP/s: 1,024.00
Avg. BW GB/s: 2,554.44
Max BW GB/s: 4,096.00

---Traffic---
In-Die bisection_bytes BW (GB/s): 256.00
Inter-board traffic (msg/ns): 0.00, per-link: 0.00
Inter-pack traffic (msg/ns): 0.00, per-link: 0.00
Inter-die traffic (msg/ns): 43.18, per-link: 0.17
Ruche traffic (msg/ns): 47.41, per-link: 0.19
All traffic (msg/ns): 1,731.59, per-link: 1.69
Inter-die reduction wrt all: 40.11
Inter-board reduction wrt inter-die: inf

---Data Movement---
All traffic (msg): 173,479,325
Arith. Intensity FLOP/Loads: 0.15
Arith. Intensity FLOP/Msgs: 0.03
Arith. Intensity OPS/Loads: 2.40
Arith. Intensity OPS/Msgs: 0.46



===Core Utilization Total=== CORE-S:1;; TIME K cy:100 ;; Nodes Proc: 150,876 -- Edges Proc: 951,969

===PRINTING FRAME STATS

FCollision In Avg:3, SD:10, Max:139, Min:0
FCollision Out Avg:2, SD:10, Max:178, Min:0
FCollision End Avg:0, SD:3, Max:62, Min:0
FTask1 Avg:63, SD:7, Max:87, Min:2
FTask2 Avg:16, SD:5, Max:50, Min:0
FTask3 Avg:21, SD:6, Max:73, Min:8
FCore Active Avg:100, SD:2, Max:100, Min:55
FRouter Active Avg:39, SD:5, Max:73, Min:14
T1 invocations: 1,523,610
T2 invocations: 704,985
T3 invocations: 3,420,123
T3b invocations: 0
Total3 invocations: 3,420,123
Total4 invocations: 0

T3/T2 ratio: 5
T3b/T3 ratio: 0

T1 avg ex cycles: 42
T2 avg ex cycles: 23
T3&b avg ex cycles: 6
T4 avg ex cycles: -nan
Avg. hops NOC1: 3
Avg. latency NOC1 (T2): 325
Avg. hops NOC2: 13
Avg. latency NOC2 (T3): 30,271

===PRINTING ACUM STATS at pu_cycles: 200,149

ACollision In Avg:44, SD:25, Max:166, Min:2
ACollision Out Avg:39, SD:26, Max:178, Min:0
ACollision End Avg:9, SD:13, Max:93, Min:0
ATask1 Avg:48, SD:8, Max:72, Min:2
ATask2 Avg:16, SD:5, Max:35, Min:0
ATask3 Avg:31, SD:6, Max:85, Min:21
ACore Active Avg:95, SD:6, Max:100, Min:55
ARouter Active Avg:47, SD:5, Max:73, Min:19
T1 invocations: 2,326,990
T2 invocations: 1,157,232
T3 invocations: 8,602,828
T3b invocations: 0
Total3 invocations: 8,602,828
Total4 invocations: 0

T3/T2 ratio: 7
T3b/T3 ratio: 0

T1 avg ex cycles: 42
T2 avg ex cycles: 27
T3&b avg ex cycles: 7
T4 avg ex cycles: -nan
Avg. hops NOC1: 3
Avg. latency NOC1 (T2): 3,331
Avg. hops NOC2: 14
Avg. latency NOC2 (T3): 18,185
Number of K Nodes Processed: 1,600
Number of K Edges Processed: 9,814
Node Re-explore factor: 0.38
Edge Re-explore factor: 0.08
Nodes/cy: 8
Edges/cy: 49
TEPS: 641

---DCache---
DCache Size: 60,880
DRAM words: 133,760
  DHits: 23,419,986
  DMisses: 1,394,206
  DHit Rate (hit/miss): 94%
  DEvictions: 219,735
  DEviction Rate (evict/misses): 16%
  MC Transactions: 1,501,593
  MC Writes: 79,258
Avg. Transactions: 23% , Writes: 1%, Avg. Latency: 11
Max MC id: 29 of 32. Transactions: 27% , Writes: 2%, MC mean Latency: 11
HBM refresh energy (nJ): 0
HBM access energy (nJ): 2,844,617
MemC wire energy 2.5d (nJ): 561,866
MemC wire energy 3d (nJ): 140,467

---Energy---
Leakage Energy (nJ): 37,050
PU Dyn E (nJ): 951,675
Mem Dyn E (nJ): 5,565,607
Route Dyn E (nJ): 767,139
Dynamic Energy (nJ): 7,284,421
Ratio of Dyn/Leak: 197
Total Energy (nJ): 7,321,471
Total Energy (nJ) 3D: 7,385,351
Cores Energy (nJ): 952,232
Route Energy (nJ): 770,968
Route Energy (nJ) 3D: 1,256,248
Mem Energy   (nJ): 5,598,271
Mem Energy   (nJ) 3D: 5,176,872
Avg. Power (mW): 36,580.10
Power Density (mW/mm2): 42.53

---Runtime---
Runtime in K cycles: 200.15
Microseconds: 200.15
Time per iteration (ms): 0.20

---Throughput---
GOP/s (aka OPS/ns): 871.64
GOP/s per core: 0.85
GFLOP/s: 42.98
GFLOP/s per core: 0.04
Max Peak GFLOP/s: 1,024.00
Avg. BW GB/s: 2,293.15
Max BW GB/s: 4,096.00

---Traffic---
In-Die bisection_bytes BW (GB/s): 256.00
Inter-board traffic (msg/ns): 0.00, per-link: 0.00
Inter-pack traffic (msg/ns): 0.00, per-link: 0.00
Inter-die traffic (msg/ns): 34.11, per-link: 0.13
Ruche traffic (msg/ns): 38.92, per-link: 0.15
All traffic (msg/ns): 1,407.10, per-link: 1.37
Inter-die reduction wrt all: 41.25
Inter-board reduction wrt inter-die: inf

---Data Movement---
All traffic (msg): 281,630,465
Arith. Intensity FLOP/Loads: 0.14
Arith. Intensity FLOP/Msgs: 0.03
Arith. Intensity OPS/Loads: 2.80
Arith. Intensity OPS/Msgs: 0.62



===Core Utilization Total=== CORE-S:2;; TIME K cy:200 ;; Nodes Proc: 197,309 -- Edges Proc: 1,386,232

===PRINTING FRAME STATS

FCollision In Avg:19, SD:21, Max:127, Min:0
FCollision Out Avg:18, SD:22, Max:118, Min:0
FCollision End Avg:8, SD:16, Max:95, Min:0
FTask1 Avg:39, SD:9, Max:70, Min:3
FTask2 Avg:16, SD:10, Max:67, Min:0
FTask3 Avg:42, SD:7, Max:79, Min:16
FCore Active Avg:97, SD:6, Max:100, Min:56
FRouter Active Avg:52, SD:9, Max:75, Min:25
T1 invocations: 931,299
T2 invocations: 460,518
T3 invocations: 5,916,868
T3b invocations: 0
Total3 invocations: 5,916,868
Total4 invocations: 524

T3/T2 ratio: 13
T3b/T3 ratio: 0

T1 avg ex cycles: 43
T2 avg ex cycles: 36
T3&b avg ex cycles: 7
T4 avg ex cycles: 578
Avg. hops NOC1: 3
Avg. latency NOC1 (T2): 1,628
Avg. hops NOC2: 12
Avg. latency NOC2 (T3): 19,462

===PRINTING ACUM STATS at pu_cycles: 300,513

ACollision In Avg:35, SD:17, Max:129, Min:3
ACollision Out Avg:32, SD:17, Max:85, Min:0
ACollision End Avg:9, SD:10, Max:62, Min:0
ATask1 Avg:45, SD:4, Max:64, Min:3
ATask2 Avg:16, SD:5, Max:45, Min:0
ATask3 Avg:35, SD:5, Max:83, Min:21
ACore Active Avg:96, SD:4, Max:100, Min:81
ARouter Active Avg:49, SD:6, Max:68, Min:21
T1 invocations: 3,263,989
T2 invocations: 1,622,039
T3 invocations: 14,537,852
T3b invocations: 0
Total3 invocations: 14,537,852
Total4 invocations: 524

T3/T2 ratio: 9
T3b/T3 ratio: 0

T1 avg ex cycles: 42
T2 avg ex cycles: 30
T3&b avg ex cycles: 7
T4 avg ex cycles: 578
Avg. hops NOC1: 3
Avg. latency NOC1 (T2): 2,839
Avg. hops NOC2: 13
Avg. latency NOC2 (T3): 18,715
Number of K Nodes Processed: 2,800
Number of K Edges Processed: 15,320
Node Re-explore factor: 0.67
Edge Re-explore factor: 0.12
Nodes/cy: 9
Edges/cy: 51
TEPS: 427

---DCache---
DCache Size: 60,880
DRAM words: 133,760
  DHits: 36,269,932
  DMisses: 1,976,207
  DHit Rate (hit/miss): 95%
  DEvictions: 418,647
  DEviction Rate (evict/misses): 21%
  MC Transactions: 2,142,565
  MC Writes: 128,870
Avg. Transactions: 22% , Writes: 1%, Avg. Latency: 11
Max MC id: 29 of 32. Transactions: 27% , Writes: 2%, MC mean Latency: 11
HBM refresh energy (nJ): 0
HBM access energy (nJ): 4,058,875
MemC wire energy 2.5d (nJ): 801,705
MemC wire energy 3d (nJ): 200,426

---Energy---
Leakage Energy (nJ): 55,629
PU Dyn E (nJ): 1,467,220
Mem Dyn E (nJ): 8,280,800
Route Dyn E (nJ): 1,194,499
Dynamic Energy (nJ): 10,942,519
Ratio of Dyn/Leak: 197
Total Energy (nJ): 10,998,148
Total Energy (nJ) 3D: 11,150,742
Cores Energy (nJ): 1,468,057
Route Energy (nJ): 1,200,248
Route Energy (nJ) 3D: 1,954,121
Mem Energy   (nJ): 8,329,843
Mem Energy   (nJ) 3D: 7,728,564
Avg. Power (mW): 36,597.91
Power Density (mW/mm2): 42.55

---Runtime---
Runtime in K cycles: 300.51
Microseconds: 300.51
Time per iteration (ms): 0.30

---Throughput---
GOP/s (aka OPS/ns): 878.05
GOP/s per core: 0.86
GFLOP/s: 48.38
GFLOP/s per core: 0.05
Max Peak GFLOP/s: 1,024.00
Avg. BW GB/s: 2,431.23
Max BW GB/s: 4,096.00

---Traffic---
In-Die bisection_bytes BW (GB/s): 256.00
Inter-board traffic (msg/ns): 0.00, per-link: 0.00
Inter-pack traffic (msg/ns): 0.00, per-link: 0.00
Inter-die traffic (msg/ns): 35.32, per-link: 0.14
Ruche traffic (msg/ns): 40.87, per-link: 0.16
All traffic (msg/ns): 1,452.13, per-link: 1.42
Inter-die reduction wrt all: 41.12
Inter-board reduction wrt inter-die: inf

---Data Movement---
All traffic (msg): 436,382,671
Arith. Intensity FLOP/Loads: 0.15
Arith. Intensity FLOP/Msgs: 0.03
Arith. Intensity OPS/Loads: 2.67
Arith. Intensity OPS/Msgs: 0.60



===Core Utilization Total=== CORE-S:3;; TIME K cy:300 ;; Nodes Proc: 348,148 -- Edges Proc: 2,210,019

===PRINTING FRAME STATS

FCollision In Avg:63, SD:38, Max:228, Min:4
FCollision Out Avg:56, SD:43, Max:244, Min:2
FCollision End Avg:24, SD:34, Max:199, Min:0
FTask1 Avg:5, SD:5, Max:37, Min:0
FTask2 Avg:20, SD:15, Max:55, Min:0
FTask3 Avg:64, SD:10, Max:98, Min:36
FCore Active Avg:90, SD:13, Max:100, Min:45
FRouter Active Avg:81, SD:6, Max:92, Min:39
T1 invocations: 116,691
T2 invocations: 209,048
T3 invocations: 10,460,054
T3b invocations: 0
Total3 invocations: 10,460,054
Total4 invocations: 775

T3/T2 ratio: 50
T3b/T3 ratio: 0

T1 avg ex cycles: 43
T2 avg ex cycles: 100
T3&b avg ex cycles: 6
T4 avg ex cycles: 565
Avg. hops NOC1: 2
Avg. latency NOC1 (T2): 18,683
Avg. hops NOC2: 13
Avg. latency NOC2 (T3): 6,860

===PRINTING ACUM STATS at pu_cycles: 400,535

ACollision In Avg:42, SD:18, Max:131, Min:5
ACollision Out Avg:38, SD:20, Max:115, Min:1
ACollision End Avg:12, SD:13, Max:73, Min:0
ATask1 Avg:35, SD:3, Max:49, Min:4
ATask2 Avg:17, SD:7, Max:37, Min:0
ATask3 Avg:42, SD:6, Max:86, Min:28
ACore Active Avg:94, SD:5, Max:100, Min:74
ARouter Active Avg:57, SD:5, Max:72, Min:25
T1 invocations: 3,381,186
T2 invocations: 1,831,352
T3 invocations: 24,999,460
T3b invocations: 0
Total3 invocations: 24,999,460
Total4 invocations: 1,304

T3/T2 ratio: 14
T3b/T3 ratio: 0

T1 avg ex cycles: 42
T2 avg ex cycles: 38
T3&b avg ex cycles: 7
T4 avg ex cycles: 570
Avg. hops NOC1: 3
Avg. latency NOC1 (T2): 4,645
Avg. hops NOC2: 13
Avg. latency NOC2 (T3): 13,754
Number of K Nodes Processed: 3,952
Number of K Edges Processed: 25,722
Node Re-explore factor: 0.94
Edge Re-explore factor: 0.20
Nodes/cy: 10
Edges/cy: 64
TEPS: 320

---DCache---
DCache Size: 60,880
DRAM words: 133,760
  DHits: 53,209,850
  DMisses: 2,664,944
  DHit Rate (hit/miss): 95%
  DEvictions: 704,696
  DEviction Rate (evict/misses): 26%
  MC Transactions: 2,907,349
  MC Writes: 194,367
Avg. Transactions: 23% , Writes: 2%, Avg. Latency: 12
Max MC id: 29 of 32. Transactions: 28% , Writes: 2%, MC mean Latency: 12
HBM refresh energy (nJ): 1
HBM access energy (nJ): 5,507,681
MemC wire energy 2.5d (nJ): 1,087,872
MemC wire energy 3d (nJ): 271,968

---Energy---
Leakage Energy (nJ): 74,144
PU Dyn E (nJ): 2,022,255
Mem Dyn E (nJ): 11,779,287
Route Dyn E (nJ): 2,002,082
Dynamic Energy (nJ): 15,803,624
Ratio of Dyn/Leak: 213
Total Energy (nJ): 15,877,768
Total Energy (nJ) 3D: 16,331,758
Cores Energy (nJ): 2,023,370
Route Energy (nJ): 2,009,745
Route Energy (nJ) 3D: 3,279,638
Mem Energy   (nJ): 11,844,654
Mem Energy   (nJ) 3D: 11,028,750
Avg. Power (mW): 39,641.40
Power Density (mW/mm2): 46.09

---Runtime---
Runtime in K cycles: 400.54
Microseconds: 400.54
Time per iteration (ms): 0.40

---Throughput---
GOP/s (aka OPS/ns): 858.44
GOP/s per core: 0.84
GFLOP/s: 62.42
GFLOP/s per core: 0.06
Max Peak GFLOP/s: 1,024.00
Avg. BW GB/s: 2,777.86
Max BW GB/s: 4,096.00

---Traffic---
In-Die bisection_bytes BW (GB/s): 256.00
Inter-board traffic (msg/ns): 0.00, per-link: 0.00
Inter-pack traffic (msg/ns): 0.00, per-link: 0.00
Inter-die traffic (msg/ns): 44.74, per-link: 0.17
Ruche traffic (msg/ns): 49.85, per-link: 0.19
All traffic (msg/ns): 1,798.66, per-link: 1.76
Inter-die reduction wrt all: 40.20
Inter-board reduction wrt inter-die: inf

---Data Movement---
All traffic (msg): 720,427,179
Arith. Intensity FLOP/Loads: 0.17
Arith. Intensity FLOP/Msgs: 0.03
Arith. Intensity OPS/Loads: 2.35
Arith. Intensity OPS/Msgs: 0.48



===Core Utilization Total=== CORE-S:4;; TIME K cy:400 ;; Nodes Proc: 491,107 -- Edges Proc: 3,550,590

===PRINTING FRAME STATS

FCollision In Avg:82, SD:37, Max:256, Min:7
FCollision Out Avg:72, SD:44, Max:241, Min:3
FCollision End Avg:25, SD:34, Max:177, Min:0
FTask1 Avg:4, SD:4, Max:38, Min:0
FTask2 Avg:22, SD:15, Max:57, Min:0
FTask3 Avg:60, SD:9, Max:100, Min:36
FCore Active Avg:87, SD:15, Max:100, Min:43
FRouter Active Avg:82, SD:6, Max:94, Min:44
T1 invocations: 111,917
T2 invocations: 225,900
T3 invocations: 11,296,567
T3b invocations: 0
Total3 invocations: 11,296,567
Total4 invocations: 1,069

T3/T2 ratio: 50
T3b/T3 ratio: 0

T1 avg ex cycles: 40
T2 avg ex cycles: 98
T3&b avg ex cycles: 5
T4 avg ex cycles: 560
Avg. hops NOC1: 2
Avg. latency NOC1 (T2): 19,489
Avg. hops NOC2: 13
Avg. latency NOC2 (T3): 5,477

===PRINTING ACUM STATS at pu_cycles: 500,915

ACollision In Avg:50, SD:19, Max:138, Min:9
ACollision Out Avg:45, SD:22, Max:134, Min:2
ACollision End Avg:15, SD:15, Max:94, Min:0
ATask1 Avg:29, SD:3, Max:37, Min:5
ATask2 Avg:18, SD:7, Max:38, Min:0
ATask3 Avg:46, SD:6, Max:88, Min:32
ACore Active Avg:93, SD:7, Max:100, Min:68
ARouter Active Avg:62, SD:5, Max:77, Min:29
T1 invocations: 3,493,808
T2 invocations: 2,057,806
T3 invocations: 36,339,587
T3b invocations: 0
Total3 invocations: 36,339,587
Total4 invocations: 2,380

T3/T2 ratio: 18
T3b/T3 ratio: 0

T1 avg ex cycles: 42
T2 avg ex cycles: 44
T3&b avg ex cycles: 6
T4 avg ex cycles: 565
Avg. hops NOC1: 3
Avg. latency NOC1 (T2): 6,278
Avg. hops NOC2: 13
Avg. latency NOC2 (T3): 11,173
Number of K Nodes Processed: 4,363
Number of K Edges Processed: 36,865
Node Re-explore factor: 1.04
Edge Re-explore factor: 0.29
Nodes/cy: 9
Edges/cy: 74
TEPS: 256

---DCache---
DCache Size: 60,880
DRAM words: 133,760
  DHits: 70,909,564
  DMisses: 3,397,430
  DHit Rate (hit/miss): 95%
  DEvictions: 1,068,744
  DEviction Rate (evict/misses): 31%
  MC Transactions: 3,720,231
  MC Writes: 263,632
Avg. Transactions: 23% , Writes: 2%, Avg. Latency: 12
Max MC id: 29 of 32. Transactions: 28% , Writes: 2%, MC mean Latency: 12
HBM refresh energy (nJ): 1
HBM access energy (nJ): 7,047,605
MemC wire energy 2.5d (nJ): 1,392,037
MemC wire energy 3d (nJ): 348,009

---Energy---
Leakage Energy (nJ): 92,726
PU Dyn E (nJ): 2,585,617
Mem Dyn E (nJ): 15,411,317
Route Dyn E (nJ): 2,856,762
Dynamic Energy (nJ): 20,853,696
Ratio of Dyn/Leak: 225
Total Energy (nJ): 20,946,422
Total Energy (nJ) 3D: 21,721,032
Cores Energy (nJ): 2,587,011
Route Energy (nJ): 2,866,345
Route Energy (nJ) 3D: 4,684,983
Mem Energy   (nJ): 15,493,066
Mem Energy   (nJ) 3D: 14,449,039
Avg. Power (mW): 41,816.32
Power Density (mW/mm2): 48.61

---Runtime---
Runtime in K cycles: 500.92
Microseconds: 500.92
Time per iteration (ms): 0.50

---Throughput---
GOP/s (aka OPS/ns): 842.70
GOP/s per core: 0.82
GFLOP/s: 72.55
GFLOP/s per core: 0.07
Max Peak GFLOP/s: 1,024.00
Avg. BW GB/s: 2,990.31
Max BW GB/s: 4,096.00

---Traffic---
In-Die bisection_bytes BW (GB/s): 256.00
Inter-board traffic (msg/ns): 0.00, per-link: 0.00
Inter-pack traffic (msg/ns): 0.00, per-link: 0.00
Inter-die traffic (msg/ns): 51.28, per-link: 0.20
Ruche traffic (msg/ns): 55.62, per-link: 0.22
All traffic (msg/ns): 2,041.25, per-link: 1.99
Inter-die reduction wrt all: 39.81
Inter-board reduction wrt inter-die: inf

---Data Movement---
All traffic (msg): 1,022,491,214
Arith. Intensity FLOP/Loads: 0.19
Arith. Intensity FLOP/Msgs: 0.04
Arith. Intensity OPS/Loads: 2.17
Arith. Intensity OPS/Msgs: 0.41



===Core Utilization Total=== CORE-S:5;; TIME K cy:500 ;; Nodes Proc: 542,071 -- Edges Proc: 4,911,754

===PRINTING FRAME STATS

FCollision In Avg:102, SD:41, Max:355, Min:4
FCollision Out Avg:92, SD:51, Max:260, Min:1
FCollision End Avg:26, SD:35, Max:158, Min:0
FTask1 Avg:4, SD:5, Max:29, Min:0
FTask2 Avg:20, SD:16, Max:60, Min:0
FTask3 Avg:55, SD:9, Max:100, Min:36
FCore Active Avg:80, SD:17, Max:100, Min:38
FRouter Active Avg:79, SD:11, Max:92, Min:41
T1 invocations: 118,789
T2 invocations: 228,554
T3 invocations: 10,560,858
T3b invocations: 0
Total3 invocations: 10,560,858
Total4 invocations: 1,349

T3/T2 ratio: 46
T3b/T3 ratio: 0

T1 avg ex cycles: 38
T2 avg ex cycles: 90
T3&b avg ex cycles: 5
T4 avg ex cycles: 558
Avg. hops NOC1: 2
Avg. latency NOC1 (T2): 19,592
Avg. hops NOC2: 13
Avg. latency NOC2 (T3): 4,006

===PRINTING ACUM STATS at pu_cycles: 600,650

ACollision In Avg:59, SD:20, Max:149, Min:10
ACollision Out Avg:53, SD:24, Max:139, Min:2
ACollision End Avg:17, SD:16, Max:95, Min:0
ATask1 Avg:25, SD:2, Max:35, Min:4
ATask2 Avg:18, SD:8, Max:39, Min:0
ATask3 Avg:47, SD:7, Max:89, Min:34
ACore Active Avg:91, SD:7, Max:100, Min:63
ARouter Active Avg:65, SD:5, Max:79, Min:31
T1 invocations: 3,610,719
T2 invocations: 2,282,862
T3 invocations: 46,711,603
T3b invocations: 0
Total3 invocations: 46,711,603
Total4 invocations: 3,709

T3/T2 ratio: 20
T3b/T3 ratio: 0

T1 avg ex cycles: 42
T2 avg ex cycles: 49
T3&b avg ex cycles: 6
T4 avg ex cycles: 563
Avg. hops NOC1: 3
Avg. latency NOC1 (T2): 7,586
Avg. hops NOC2: 13
Avg. latency NOC2 (T3): 9,573
Number of K Nodes Processed: 4,586
Number of K Edges Processed: 47,254
Node Re-explore factor: 1.09
Edge Re-explore factor: 0.37
Nodes/cy: 8
Edges/cy: 79
TEPS: 214

---DCache---
DCache Size: 60,880
DRAM words: 133,760
  DHits: 87,916,993
  DMisses: 4,074,399
  DHit Rate (hit/miss): 96%
  DEvictions: 1,461,584
  DEviction Rate (evict/misses): 36%
  MC Transactions: 4,463,252
  MC Writes: 321,356
Avg. Transactions: 23% , Writes: 2%, Avg. Latency: 12
Max MC id: 24 of 32. Transactions: 28% , Writes: 2%, MC mean Latency: 12
HBM refresh energy (nJ): 1
HBM access energy (nJ): 8,455,184
MemC wire energy 2.5d (nJ): 1,670,060
MemC wire energy 3d (nJ): 417,515

---Energy---
Leakage Energy (nJ): 111,188
PU Dyn E (nJ): 3,097,389
Mem Dyn E (nJ): 18,728,425
Route Dyn E (nJ): 3,651,769
Dynamic Energy (nJ): 25,477,584
Ratio of Dyn/Leak: 229
Total Energy (nJ): 25,588,772
Total Energy (nJ) 3D: 26,665,885
Cores Energy (nJ): 3,099,061
Route Energy (nJ): 3,663,260
Route Energy (nJ) 3D: 5,992,919
Mem Energy   (nJ): 18,826,451
Mem Energy   (nJ) 3D: 17,573,906
Avg. Power (mW): 42,601.80
Power Density (mW/mm2): 49.53

---Runtime---
Runtime in K cycles: 600.65
Microseconds: 600.65
Time per iteration (ms): 0.60

---Throughput---
GOP/s (aka OPS/ns): 820.70
GOP/s per core: 0.80
GFLOP/s: 77.77
GFLOP/s per core: 0.08
Max Peak GFLOP/s: 1,024.00
Avg. BW GB/s: 3,073.78
Max BW GB/s: 4,096.00

---Traffic---
In-Die bisection_bytes BW (GB/s): 256.00
Inter-board traffic (msg/ns): 0.00, per-link: 0.00
Inter-pack traffic (msg/ns): 0.00, per-link: 0.00
Inter-die traffic (msg/ns): 54.95, per-link: 0.21
Ruche traffic (msg/ns): 58.38, per-link: 0.23
All traffic (msg/ns): 2,169.52, per-link: 2.12
Inter-die reduction wrt all: 39.48
Inter-board reduction wrt inter-die: inf

---Data Movement---
All traffic (msg): 1,303,122,482
Arith. Intensity FLOP/Loads: 0.20
Arith. Intensity FLOP/Msgs: 0.04
Arith. Intensity OPS/Loads: 2.07
Arith. Intensity OPS/Msgs: 0.38



===Core Utilization Total=== CORE-S:6;; TIME K cy:600 ;; Nodes Proc: 569,990 -- Edges Proc: 6,057,542

===PRINTING FRAME STATS

FCollision In Avg:100, SD:42, Max:366, Min:2
FCollision Out Avg:91, SD:51, Max:287, Min:2
FCollision End Avg:25, SD:33, Max:177, Min:0
FTask1 Avg:5, SD:5, Max:27, Min:0
FTask2 Avg:20, SD:15, Max:62, Min:0
FTask3 Avg:53, SD:9, Max:100, Min:30
FCore Active Avg:80, SD:17, Max:100, Min:39
FRouter Active Avg:79, SD:11, Max:93, Min:33
T1 invocations: 139,108
T2 invocations: 252,019
T3 invocations: 10,489,347
T3b invocations: 0
Total3 invocations: 10,489,347
Total4 invocations: 1,813

T3/T2 ratio: 42
T3b/T3 ratio: 0

T1 avg ex cycles: 37
T2 avg ex cycles: 82
T3&b avg ex cycles: 5
T4 avg ex cycles: 556
Avg. hops NOC1: 2
Avg. latency NOC1 (T2): 18,440
Avg. hops NOC2: 13
Avg. latency NOC2 (T3): 3,507

===PRINTING ACUM STATS at pu_cycles: 700,810

ACollision In Avg:65, SD:21, Max:164, Min:13
ACollision Out Avg:58, SD:25, Max:143, Min:2
ACollision End Avg:18, SD:16, Max:96, Min:0
ATask1 Avg:22, SD:2, Max:32, Min:4
ATask2 Avg:18, SD:8, Max:42, Min:0
ATask3 Avg:48, SD:7, Max:91, Min:34
ACore Active Avg:89, SD:8, Max:100, Min:61
ARouter Active Avg:67, SD:5, Max:80, Min:31
T1 invocations: 3,752,024
T2 invocations: 2,539,036
T3 invocations: 57,348,547
T3b invocations: 0
Total3 invocations: 57,348,547
Total4 invocations: 5,554

T3/T2 ratio: 23
T3b/T3 ratio: 0

T1 avg ex cycles: 42
T2 avg ex cycles: 52
T3&b avg ex cycles: 6
T4 avg ex cycles: 561
Avg. hops NOC1: 3
Avg. latency NOC1 (T2): 8,681
Avg. hops NOC2: 13
Avg. latency NOC2 (T3): 8,452
Number of K Nodes Processed: 4,744
Number of K Edges Processed: 57,753
Node Re-explore factor: 1.13
Edge Re-explore factor: 0.45
Nodes/cy: 7
Edges/cy: 82
TEPS: 183

---DCache---
DCache Size: 60,880
DRAM words: 133,760
  DHits: 105,006,482
  DMisses: 4,760,240
  DHit Rate (hit/miss): 96%
  DEvictions: 1,911,992
  DEviction Rate (evict/misses): 40%
  MC Transactions: 5,213,353
  MC Writes: 377,223
Avg. Transactions: 23% , Writes: 2%, Avg. Latency: 12
Max MC id: 24 of 32. Transactions: 29% , Writes: 2%, MC mean Latency: 12
HBM refresh energy (nJ): 2
HBM access energy (nJ): 9,876,175
MemC wire energy 2.5d (nJ): 1,950,733
MemC wire energy 3d (nJ): 487,683

---Energy---
Leakage Energy (nJ): 129,729
PU Dyn E (nJ): 3,625,201
Mem Dyn E (nJ): 22,105,001
Route Dyn E (nJ): 4,475,091
Dynamic Energy (nJ): 30,205,293
Ratio of Dyn/Leak: 233
Total Energy (nJ): 30,335,022
Total Energy (nJ) 3D: 31,735,521
Cores Energy (nJ): 3,627,152
Route Energy (nJ): 4,488,498
Route Energy (nJ) 3D: 7,352,046
Mem Energy   (nJ): 22,219,373
Mem Energy   (nJ) 3D: 20,756,323
Avg. Power (mW): 43,285.66
Power Density (mW/mm2): 50.32

---Runtime---
Runtime in K cycles: 700.81
Microseconds: 700.81
Time per iteration (ms): 0.70

---Throughput---
GOP/s (aka OPS/ns): 807.99
GOP/s per core: 0.79
GFLOP/s: 81.83
GFLOP/s per core: 0.08
Max Peak GFLOP/s: 1,024.00
Avg. BW GB/s: 3,146.75
Max BW GB/s: 4,096.00

---Traffic---
In-Die bisection_bytes BW (GB/s): 256.00
Inter-board traffic (msg/ns): 0.00, per-link: 0.00
Inter-pack traffic (msg/ns): 0.00, per-link: 0.00
Inter-die traffic (msg/ns): 57.68, per-link: 0.23
Ruche traffic (msg/ns): 60.39, per-link: 0.24
All traffic (msg/ns): 2,275.62, per-link: 2.22
Inter-die reduction wrt all: 39.45
Inter-board reduction wrt inter-die: inf

---Data Movement---
All traffic (msg): 1,594,776,914
Arith. Intensity FLOP/Loads: 0.20
Arith. Intensity FLOP/Msgs: 0.04
Arith. Intensity OPS/Loads: 2.00
Arith. Intensity OPS/Msgs: 0.36



===Core Utilization Total=== CORE-S:7;; TIME K cy:700 ;; Nodes Proc: 589,784 -- Edges Proc: 7,124,910

===PRINTING FRAME STATS

FCollision In Avg:100, SD:40, Max:320, Min:5
FCollision Out Avg:93, SD:51, Max:231, Min:2
FCollision End Avg:26, SD:34, Max:198, Min:0
FTask1 Avg:5, SD:5, Max:29, Min:0
FTask2 Avg:19, SD:15, Max:62, Min:0
FTask3 Avg:51, SD:9, Max:100, Min:32
FCore Active Avg:76, SD:17, Max:100, Min:37
FRouter Active Avg:75, SD:11, Max:92, Min:33
T1 invocations: 151,501
T2 invocations: 259,074
T3 invocations: 9,988,133
T3b invocations: 0
Total3 invocations: 9,988,133
Total4 invocations: 2,235

T3/T2 ratio: 39
T3b/T3 ratio: 0

T1 avg ex cycles: 36
T2 avg ex cycles: 76
T3&b avg ex cycles: 5
T4 avg ex cycles: 516
Avg. hops NOC1: 2
Avg. latency NOC1 (T2): 17,841
Avg. hops NOC2: 13
Avg. latency NOC2 (T3): 3,125

===PRINTING ACUM STATS at pu_cycles: 800,984

ACollision In Avg:69, SD:22, Max:183, Min:15
ACollision Out Avg:63, SD:26, Max:143, Min:2
ACollision End Avg:19, SD:16, Max:92, Min:0
ATask1 Avg:20, SD:2, Max:29, Min:3
ATask2 Avg:19, SD:8, Max:40, Min:0
ATask3 Avg:48, SD:7, Max:92, Min:34
ACore Active Avg:87, SD:8, Max:100, Min:58
ARouter Active Avg:68, SD:5, Max:82, Min:32
T1 invocations: 3,903,744
T2 invocations: 2,798,648
T3 invocations: 67,360,680
T3b invocations: 0
Total3 invocations: 67,360,680
Total4 invocations: 7,794

T3/T2 ratio: 24
T3b/T3 ratio: 0

T1 avg ex cycles: 42
T2 avg ex cycles: 54
T3&b avg ex cycles: 6
T4 avg ex cycles: 548
Avg. hops NOC1: 3
Avg. latency NOC1 (T2): 9,528
Avg. hops NOC2: 13
Avg. latency NOC2 (T3): 7,660
Number of K Nodes Processed: 4,861
Number of K Edges Processed: 67,710
Node Re-explore factor: 1.16
Edge Re-explore factor: 0.53
Nodes/cy: 6
Edges/cy: 85
TEPS: 160

---DCache---
DCache Size: 60,880
DRAM words: 133,760
  DHits: 121,676,581
  DMisses: 5,415,060
  DHit Rate (hit/miss): 96%
  DEvictions: 2,382,355
  DEviction Rate (evict/misses): 44%
  MC Transactions: 5,928,352
  MC Writes: 431,226
Avg. Transactions: 23% , Writes: 2%, Avg. Latency: 12
Max MC id: 24 of 32. Transactions: 28% , Writes: 2%, MC mean Latency: 12
HBM refresh energy (nJ): 2
HBM access energy (nJ): 11,230,670
MemC wire energy 2.5d (nJ): 2,218,272
MemC wire energy 3d (nJ): 554,568

---Energy---
Leakage Energy (nJ): 148,272
PU Dyn E (nJ): 4,124,216
Mem Dyn E (nJ): 25,308,436
Route Dyn E (nJ): 5,246,313
Dynamic Energy (nJ): 34,678,967
Ratio of Dyn/Leak: 234
Total Energy (nJ): 34,827,239
Total Energy (nJ) 3D: 36,522,340
Cores Energy (nJ): 4,126,446
Route Energy (nJ): 5,261,636
Route Energy (nJ) 3D: 8,620,441
Mem Energy   (nJ): 25,439,157
Mem Energy   (nJ) 3D: 23,775,453
Avg. Power (mW): 43,480.57
Power Density (mW/mm2): 50.55

---Runtime---
Runtime in K cycles: 800.98
Microseconds: 800.98
Time per iteration (ms): 0.80

---Throughput---
GOP/s (aka OPS/ns): 793.67
GOP/s per core: 0.78
GFLOP/s: 84.10
GFLOP/s per core: 0.08
Max Peak GFLOP/s: 1,024.00
Avg. BW GB/s: 3,173.95
Max BW GB/s: 4,096.00

---Traffic---
In-Die bisection_bytes BW (GB/s): 256.00
Inter-board traffic (msg/ns): 0.00, per-link: 0.00
Inter-pack traffic (msg/ns): 0.00, per-link: 0.00
Inter-die traffic (msg/ns): 59.01, per-link: 0.23
Ruche traffic (msg/ns): 61.93, per-link: 0.24
All traffic (msg/ns): 2,330.62, per-link: 2.28
Inter-die reduction wrt all: 39.49
Inter-board reduction wrt inter-die: inf

---Data Movement---
All traffic (msg): 1,866,785,639
Arith. Intensity FLOP/Loads: 0.21
Arith. Intensity FLOP/Msgs: 0.04
Arith. Intensity OPS/Loads: 1.95
Arith. Intensity OPS/Msgs: 0.34



===Core Utilization Total=== CORE-S:8;; TIME K cy:800 ;; Nodes Proc: 604,018 -- Edges Proc: 8,688,263

===PRINTING FRAME STATS

FCollision In Avg:96, SD:44, Max:322, Min:2
FCollision Out Avg:89, SD:56, Max:220, Min:1
FCollision End Avg:24, SD:34, Max:180, Min:0
FTask1 Avg:6, SD:6, Max:41, Min:0
FTask2 Avg:19, SD:15, Max:67, Min:0
FTask3 Avg:49, SD:9, Max:100, Min:31
FCore Active Avg:75, SD:19, Max:100, Min:37
FRouter Active Avg:74, SD:15, Max:94, Min:34
T1 invocations: 173,494
T2 invocations: 276,203
T3 invocations: 9,736,984
T3b invocations: 0
Total3 invocations: 9,736,984
Total4 invocations: 3,069

T3/T2 ratio: 35
T3b/T3 ratio: 0

T1 avg ex cycles: 35
T2 avg ex cycles: 70
T3&b avg ex cycles: 5
T4 avg ex cycles: 446
Avg. hops NOC1: 2
Avg. latency NOC1 (T2): 14,886
Avg. hops NOC2: 13
Avg. latency NOC2 (T3): 2,974

===PRINTING ACUM STATS at pu_cycles: 900,980

ACollision In Avg:72, SD:23, Max:190, Min:15
ACollision Out Avg:65, SD:27, Max:147, Min:2
ACollision End Avg:19, SD:16, Max:102, Min:0
ATask1 Avg:18, SD:3, Max:26, Min:3
ATask2 Avg:19, SD:7, Max:40, Min:0
ATask3 Avg:48, SD:7, Max:93, Min:34
ACore Active Avg:86, SD:9, Max:100, Min:57
ARouter Active Avg:68, SD:5, Max:83, Min:32
T1 invocations: 4,077,238
T2 invocations: 3,074,851
T3 invocations: 77,097,664
T3b invocations: 0
Total3 invocations: 77,097,664
Total4 invocations: 10,863

T3/T2 ratio: 25
T3b/T3 ratio: 0

T1 avg ex cycles: 41
T2 avg ex cycles: 56
T3&b avg ex cycles: 6
T4 avg ex cycles: 519
Avg. hops NOC1: 3
Avg. latency NOC1 (T2): 10,009
Avg. hops NOC2: 13
Avg. latency NOC2 (T3): 7,069
Number of K Nodes Processed: 4,953
Number of K Edges Processed: 77,446
Node Re-explore factor: 1.18
Edge Re-explore factor: 0.60
Nodes/cy: 5
Edges/cy: 86
TEPS: 142

---DCache---
DCache Size: 60,880
DRAM words: 133,760
  DHits: 138,115,084
  DMisses: 6,060,936
  DHit Rate (hit/miss): 96%
  DEvictions: 2,877,503
  DEviction Rate (evict/misses): 47%
  MC Transactions: 6,633,633
  MC Writes: 484,743
Avg. Transactions: 23% , Writes: 2%, Avg. Latency: 12
Max MC id: 24 of 32. Transactions: 28% , Writes: 2%, MC mean Latency: 12
HBM refresh energy (nJ): 2
HBM access energy (nJ): 12,566,754
MemC wire energy 2.5d (nJ): 2,482,174
MemC wire energy 3d (nJ): 620,543

---Energy---
Leakage Energy (nJ): 166,783
PU Dyn E (nJ): 4,614,223
Mem Dyn E (nJ): 28,454,355
Route Dyn E (nJ): 5,999,535
Dynamic Energy (nJ): 39,068,114
Ratio of Dyn/Leak: 234
Total Energy (nJ): 39,234,897
Total Energy (nJ) 3D: 41,215,681
Cores Energy (nJ): 4,616,731
Route Energy (nJ): 6,016,771
Route Energy (nJ) 3D: 9,859,185
Mem Energy   (nJ): 28,601,395
Mem Energy   (nJ) 3D: 26,739,765
Avg. Power (mW): 43,546.91
Power Density (mW/mm2): 50.63

---Runtime---
Runtime in K cycles: 900.98
Microseconds: 900.98
Time per iteration (ms): 0.90

---Throughput---
GOP/s (aka OPS/ns): 781.72
GOP/s per core: 0.76
GFLOP/s: 85.57
GFLOP/s per core: 0.08
Max Peak GFLOP/s: 1,024.00
Avg. BW GB/s: 3,186.76
Max BW GB/s: 4,096.00

---Traffic---
In-Die bisection_bytes BW (GB/s): 256.00
Inter-board traffic (msg/ns): 0.00, per-link: 0.00
Inter-pack traffic (msg/ns): 0.00, per-link: 0.00
Inter-die traffic (msg/ns): 59.92, per-link: 0.23
Ruche traffic (msg/ns): 62.92, per-link: 0.25
All traffic (msg/ns): 2,366.89, per-link: 2.31
Inter-die reduction wrt all: 39.50
Inter-board reduction wrt inter-die: inf

---Data Movement---
All traffic (msg): 2,132,521,152
Arith. Intensity FLOP/Loads: 0.21
Arith. Intensity FLOP/Msgs: 0.04
Arith. Intensity OPS/Loads: 1.92
Arith. Intensity OPS/Msgs: 0.33



===Core Utilization Total=== CORE-S:9;; TIME K cy:900 ;; Nodes Proc: 615,658 -- Edges Proc: 10,368,032

===PRINTING FRAME STATS

FCollision In Avg:93, SD:43, Max:301, Min:1
FCollision Out Avg:89, SD:54, Max:221, Min:0
FCollision End Avg:22, SD:32, Max:180, Min:0
FTask1 Avg:6, SD:7, Max:32, Min:0
FTask2 Avg:18, SD:16, Max:67, Min:0
FTask3 Avg:47, SD:9, Max:100, Min:28
FCore Active Avg:73, SD:20, Max:100, Min:33
FRouter Active Avg:72, SD:17, Max:94, Min:35
T1 invocations: 191,021
T2 invocations: 288,812
T3 invocations: 9,322,839
T3b invocations: 0
Total3 invocations: 9,322,839
Total4 invocations: 3,986

T3/T2 ratio: 32
T3b/T3 ratio: 0

T1 avg ex cycles: 34
T2 avg ex cycles: 64
T3&b avg ex cycles: 5
T4 avg ex cycles: 396
Avg. hops NOC1: 2
Avg. latency NOC1 (T2): 12,805
Avg. hops NOC2: 13
Avg. latency NOC2 (T3): 2,866

===PRINTING ACUM STATS at pu_cycles: 1,001,005

ACollision In Avg:74, SD:24, Max:184, Min:13
ACollision Out Avg:68, SD:28, Max:145, Min:3
ACollision End Avg:20, SD:16, Max:110, Min:0
ATask1 Avg:17, SD:3, Max:24, Min:3
ATask2 Avg:19, SD:7, Max:37, Min:0
ATask3 Avg:48, SD:7, Max:93, Min:34
ACore Active Avg:85, SD:9, Max:100, Min:55
ARouter Active Avg:69, SD:6, Max:84, Min:33
T1 invocations: 4,268,259
T2 invocations: 3,363,663
T3 invocations: 86,420,503
T3b invocations: 0
Total3 invocations: 86,420,503
Total4 invocations: 14,849

T3/T2 ratio: 26
T3b/T3 ratio: 0

T1 avg ex cycles: 41
T2 avg ex cycles: 56
T3&b avg ex cycles: 6
T4 avg ex cycles: 486
Avg. hops NOC1: 3
Avg. latency NOC1 (T2): 10,249
Avg. hops NOC2: 13
Avg. latency NOC2 (T3): 6,615
Number of K Nodes Processed: 5,028
Number of K Edges Processed: 86,726
Node Re-explore factor: 1.20
Edge Re-explore factor: 0.68
Nodes/cy: 5
Edges/cy: 87
TEPS: 128

---DCache---
DCache Size: 60,880
DRAM words: 133,760
  DHits: 154,069,331
  DMisses: 6,685,842
  DHit Rate (hit/miss): 96%
  DEvictions: 3,389,788
  DEviction Rate (evict/misses): 51%
  MC Transactions: 7,312,776
  MC Writes: 533,737
Avg. Transactions: 23% , Writes: 2%, Avg. Latency: 12
Max MC id: 31 of 32. Transactions: 28% , Writes: 2%, MC mean Latency: 12
HBM refresh energy (nJ): 2
HBM access energy (nJ): 13,853,322
MemC wire energy 2.5d (nJ): 2,736,295
MemC wire energy 3d (nJ): 684,074

---Energy---
Leakage Energy (nJ): 185,299
PU Dyn E (nJ): 5,088,119
Mem Dyn E (nJ): 31,481,633
Route Dyn E (nJ): 6,719,482
Dynamic Energy (nJ): 43,289,235
Ratio of Dyn/Leak: 234
Total Energy (nJ): 43,474,534
Total Energy (nJ) 3D: 45,726,051
Cores Energy (nJ): 5,090,905
Route Energy (nJ): 6,738,631
Route Energy (nJ) 3D: 11,042,370
Mem Energy   (nJ): 31,644,997
Mem Energy   (nJ) 3D: 29,592,776
Avg. Power (mW): 43,430.89
Power Density (mW/mm2): 50.49

---Runtime---
Runtime in K cycles: 1,001.00
Microseconds: 1,001.00
Time per iteration (ms): 1.00

---Throughput---
GOP/s (aka OPS/ns): 770.26
GOP/s per core: 0.75
GFLOP/s: 86.33
GFLOP/s per core: 0.08
Max Peak GFLOP/s: 1,024.00
Avg. BW GB/s: 3,183.79
Max BW GB/s: 4,096.00

---Traffic---
In-Die bisection_bytes BW (GB/s): 256.00
Inter-board traffic (msg/ns): 0.00, per-link: 0.00
Inter-pack traffic (msg/ns): 0.00, per-link: 0.00
Inter-die traffic (msg/ns): 60.29, per-link: 0.24
Ruche traffic (msg/ns): 63.52, per-link: 0.25
All traffic (msg/ns): 2,384.02, per-link: 2.33
Inter-die reduction wrt all: 39.54
Inter-board reduction wrt inter-die: inf

---Data Movement---
All traffic (msg): 2,386,413,918
Arith. Intensity FLOP/Loads: 0.21
Arith. Intensity FLOP/Msgs: 0.04
Arith. Intensity OPS/Loads: 1.90
Arith. Intensity OPS/Msgs: 0.32



===Core Utilization Total=== CORE-S:10;; TIME K cy:1,000 ;; Nodes Proc: 625,095 -- Edges Proc: 12,118,506

===PRINTING FRAME STATS

FCollision In Avg:82, SD:46, Max:294, Min:1
FCollision Out Avg:80, SD:57, Max:246, Min:0
FCollision End Avg:21, SD:31, Max:187, Min:0
FTask1 Avg:7, SD:8, Max:33, Min:0
FTask2 Avg:18, SD:16, Max:68, Min:0
FTask3 Avg:45, SD:8, Max:100, Min:28
FCore Active Avg:72, SD:21, Max:100, Min:33
FRouter Active Avg:71, SD:17, Max:94, Min:33
T1 invocations: 211,845
T2 invocations: 308,003
T3 invocations: 9,012,727
T3b invocations: 0
Total3 invocations: 9,012,727
Total4 invocations: 6,393

T3/T2 ratio: 29
T3b/T3 ratio: 0

T1 avg ex cycles: 34
T2 avg ex cycles: 59
T3&b avg ex cycles: 5
T4 avg ex cycles: 282
Avg. hops NOC1: 2
Avg. latency NOC1 (T2): 11,626
Avg. hops NOC2: 13
Avg. latency NOC2 (T3): 2,843

===PRINTING ACUM STATS at pu_cycles: 1,100,919

ACollision In Avg:75, SD:24, Max:181, Min:12
ACollision Out Avg:69, SD:29, Max:152, Min:3
ACollision End Avg:20, SD:15, Max:116, Min:0
ATask1 Avg:16, SD:3, Max:22, Min:2
ATask2 Avg:18, SD:7, Max:34, Min:0
ATask3 Avg:48, SD:7, Max:94, Min:33
ACore Active Avg:83, SD:9, Max:100, Min:54
ARouter Active Avg:69, SD:7, Max:84, Min:34
T1 invocations: 4,479,295
T2 invocations: 3,670,775
T3 invocations: 95,415,001
T3b invocations: 0
Total3 invocations: 95,415,001
Total4 invocations: 21,231

T3/T2 ratio: 26
T3b/T3 ratio: 0

T1 avg ex cycles: 41
T2 avg ex cycles: 57
T3&b avg ex cycles: 6
T4 avg ex cycles: 424
Avg. hops NOC1: 2
Avg. latency NOC1 (T2): 10,366
Avg. hops NOC2: 13
Avg. latency NOC2 (T3): 6,260
Number of K Nodes Processed: 5,091
Number of K Edges Processed: 95,731
Node Re-explore factor: 1.21
Edge Re-explore factor: 0.75
Nodes/cy: 5
Edges/cy: 87
TEPS: 117

---DCache---
DCache Size: 60,880
DRAM words: 133,760
  DHits: 169,483,249
  DMisses: 7,307,148
  DHit Rate (hit/miss): 96%
  DEvictions: 3,913,654
  DEviction Rate (evict/misses): 54%
  MC Transactions: 7,987,982
  MC Writes: 581,974
Avg. Transactions: 23% , Writes: 2%, Avg. Latency: 12
Max MC id: 31 of 32. Transactions: 28% , Writes: 2%, MC mean Latency: 12
HBM refresh energy (nJ): 3
HBM access energy (nJ): 15,132,433
MemC wire energy 2.5d (nJ): 2,988,944
MemC wire energy 3d (nJ): 747,236

---Energy---
Leakage Energy (nJ): 203,794
PU Dyn E (nJ): 5,551,027
Mem Dyn E (nJ): 34,455,214
Route Dyn E (nJ): 7,413,745
Dynamic Energy (nJ): 47,419,987
Ratio of Dyn/Leak: 233
Total Energy (nJ): 47,623,781
Total Energy (nJ) 3D: 50,128,765
Cores Energy (nJ): 5,554,091
Route Energy (nJ): 7,434,806
Route Energy (nJ) 3D: 12,181,499
Mem Energy   (nJ): 34,634,884
Mem Energy   (nJ) 3D: 32,393,176
Avg. Power (mW): 43,258.21
Power Density (mW/mm2): 50.29

---Runtime---
Runtime in K cycles: 1,100.92
Microseconds: 1,100.92
Time per iteration (ms): 1.10

---Throughput---
GOP/s (aka OPS/ns): 759.96
GOP/s per core: 0.74
GFLOP/s: 86.67
GFLOP/s per core: 0.08
Max Peak GFLOP/s: 1,024.00
Avg. BW GB/s: 3,173.22
Max BW GB/s: 4,096.00

---Traffic---
In-Die bisection_bytes BW (GB/s): 256.00
Inter-board traffic (msg/ns): 0.00, per-link: 0.00
Inter-pack traffic (msg/ns): 0.00, per-link: 0.00
Inter-die traffic (msg/ns): 60.36, per-link: 0.24
Ruche traffic (msg/ns): 63.96, per-link: 0.25
All traffic (msg/ns): 2,389.89, per-link: 2.33
Inter-die reduction wrt all: 39.59
Inter-board reduction wrt inter-die: inf

---Data Movement---
All traffic (msg): 2,631,074,767
Arith. Intensity FLOP/Loads: 0.21
Arith. Intensity FLOP/Msgs: 0.04
Arith. Intensity OPS/Loads: 1.88
Arith. Intensity OPS/Msgs: 0.32



===Core Utilization Total=== CORE-S:11;; TIME K cy:1,100 ;; Nodes Proc: 633,023 -- Edges Proc: 13,744,446

===PRINTING FRAME STATS

FCollision In Avg:70, SD:47, Max:291, Min:2
FCollision Out Avg:68, SD:56, Max:209, Min:0
FCollision End Avg:19, SD:30, Max:180, Min:0
FTask1 Avg:7, SD:8, Max:34, Min:0
FTask2 Avg:18, SD:17, Max:70, Min:0
FTask3 Avg:45, SD:8, Max:100, Min:28
FCore Active Avg:72, SD:21, Max:100, Min:31
FRouter Active Avg:72, SD:14, Max:94, Min:34
T1 invocations: 220,852
T2 invocations: 317,573
T3 invocations: 9,043,054
T3b invocations: 0
Total3 invocations: 9,043,054
Total4 invocations: 9,575

T3/T2 ratio: 28
T3b/T3 ratio: 0

T1 avg ex cycles: 34
T2 avg ex cycles: 58
T3&b avg ex cycles: 5
T4 avg ex cycles: 202
Avg. hops NOC1: 2
Avg. latency NOC1 (T2): 10,922
Avg. hops NOC2: 13
Avg. latency NOC2 (T3): 2,973

===PRINTING ACUM STATS at pu_cycles: 1,200,908

ACollision In Avg:75, SD:25, Max:185, Min:11
ACollision Out Avg:69, SD:30, Max:156, Min:4
ACollision End Avg:20, SD:15, Max:121, Min:0
ATask1 Avg:15, SD:3, Max:20, Min:2
ATask2 Avg:18, SD:7, Max:31, Min:0
ATask3 Avg:48, SD:7, Max:95, Min:33
ACore Active Avg:83, SD:9, Max:100, Min:56
ARouter Active Avg:69, SD:7, Max:85, Min:34
T1 invocations: 4,698,651
T2 invocations: 3,985,439
T3 invocations: 104,383,229
T3b invocations: 0
Total3 invocations: 104,383,229
Total4 invocations: 30,784

T3/T2 ratio: 26
T3b/T3 ratio: 0

T1 avg ex cycles: 40
T2 avg ex cycles: 57
T3&b avg ex cycles: 6
T4 avg ex cycles: 355
Avg. hops NOC1: 2
Avg. latency NOC1 (T2): 10,416
Avg. hops NOC2: 13
Avg. latency NOC2 (T3): 5,977
Number of K Nodes Processed: 5,148
Number of K Edges Processed: 104,777
Node Re-explore factor: 1.23
Edge Re-explore factor: 0.82
Nodes/cy: 4
Edges/cy: 87
TEPS: 107

---DCache---
DCache Size: 60,880
DRAM words: 133,760
  DHits: 184,783,103
  DMisses: 7,936,260
  DHit Rate (hit/miss): 96%
  DEvictions: 4,453,725
  DEviction Rate (evict/misses): 56%
  MC Transactions: 8,673,970
  MC Writes: 632,529
Avg. Transactions: 23% , Writes: 2%, Avg. Latency: 12
Max MC id: 29 of 32. Transactions: 28% , Writes: 2%, MC mean Latency: 11
HBM refresh energy (nJ): 3
HBM access energy (nJ): 16,431,968
MemC wire energy 2.5d (nJ): 3,245,627
MemC wire energy 3d (nJ): 811,407

---Energy---
Leakage Energy (nJ): 222,303
PU Dyn E (nJ): 6,014,433
Mem Dyn E (nJ): 37,449,706
Route Dyn E (nJ): 8,107,848
Dynamic Energy (nJ): 51,571,988
Ratio of Dyn/Leak: 232
Total Energy (nJ): 51,794,291
Total Energy (nJ) 3D: 54,548,433
Cores Energy (nJ): 6,017,775
Route Energy (nJ): 8,130,822
Route Energy (nJ) 3D: 13,319,184
Mem Energy   (nJ): 37,645,695
Mem Energy   (nJ) 3D: 35,211,474
Avg. Power (mW): 43,129.27
Power Density (mW/mm2): 50.14

---Runtime---
Runtime in K cycles: 1,200.91
Microseconds: 1,200.91
Time per iteration (ms): 1.20

---Throughput---
GOP/s (aka OPS/ns): 751.50
GOP/s per core: 0.73
GFLOP/s: 86.92
GFLOP/s per core: 0.08
Max Peak GFLOP/s: 1,024.00
Avg. BW GB/s: 3,163.79
Max BW GB/s: 4,096.00

---Traffic---
In-Die bisection_bytes BW (GB/s): 256.00
Inter-board traffic (msg/ns): 0.00, per-link: 0.00
Inter-pack traffic (msg/ns): 0.00, per-link: 0.00
Inter-die traffic (msg/ns): 60.46, per-link: 0.24
Ruche traffic (msg/ns): 64.37, per-link: 0.25
All traffic (msg/ns): 2,394.41, per-link: 2.34
Inter-die reduction wrt all: 39.61
Inter-board reduction wrt inter-die: inf

---Data Movement---
All traffic (msg): 2,875,460,287
Arith. Intensity FLOP/Loads: 0.22
Arith. Intensity FLOP/Msgs: 0.04
Arith. Intensity OPS/Loads: 1.87
Arith. Intensity OPS/Msgs: 0.31



===Core Utilization Total=== CORE-S:12;; TIME K cy:1,200 ;; Nodes Proc: 640,172 -- Edges Proc: 15,141,171

===PRINTING FRAME STATS

FCollision In Avg:54, SD:45, Max:280, Min:1
FCollision Out Avg:52, SD:52, Max:227, Min:0
FCollision End Avg:17, SD:28, Max:178, Min:0
FTask1 Avg:8, SD:9, Max:41, Min:0
FTask2 Avg:18, SD:17, Max:71, Min:0
FTask3 Avg:44, SD:8, Max:100, Min:28
FCore Active Avg:72, SD:21, Max:100, Min:32
FRouter Active Avg:72, SD:11, Max:94, Min:38
T1 invocations: 241,432
T2 invocations: 334,185
T3 invocations: 8,895,337
T3b invocations: 0
Total3 invocations: 8,895,337
Total4 invocations: 13,681

T3/T2 ratio: 27
T3b/T3 ratio: 0

T1 avg ex cycles: 33
T2 avg ex cycles: 55
T3&b avg ex cycles: 5
T4 avg ex cycles: 158
Avg. hops NOC1: 3
Avg. latency NOC1 (T2): 9,562
Avg. hops NOC2: 13
Avg. latency NOC2 (T3): 2,973

===PRINTING ACUM STATS at pu_cycles: 1,300,889

ACollision In Avg:73, SD:25, Max:191, Min:11
ACollision Out Avg:68, SD:31, Max:157, Min:4
ACollision End Avg:20, SD:15, Max:126, Min:0
ATask1 Avg:15, SD:2, Max:19, Min:2
ATask2 Avg:18, SD:6, Max:29, Min:0
ATask3 Avg:48, SD:7, Max:95, Min:33
ACore Active Avg:82, SD:9, Max:100, Min:55
ARouter Active Avg:69, SD:7, Max:84, Min:34
T1 invocations: 4,941,308
T2 invocations: 4,320,165
T3 invocations: 113,284,958
T3b invocations: 0
Total3 invocations: 113,284,958
Total4 invocations: 44,488

T3/T2 ratio: 26
T3b/T3 ratio: 0

T1 avg ex cycles: 40
T2 avg ex cycles: 57
T3&b avg ex cycles: 6
T4 avg ex cycles: 295
Avg. hops NOC1: 2
Avg. latency NOC1 (T2): 10,345
Avg. hops NOC2: 13
Avg. latency NOC2 (T3): 5,741
Number of K Nodes Processed: 5,198
Number of K Edges Processed: 113,641
Node Re-explore factor: 1.24
Edge Re-explore factor: 0.89
Nodes/cy: 4
Edges/cy: 87
TEPS: 99

---DCache---
DCache Size: 60,880
DRAM words: 133,760
  DHits: 199,940,029
  DMisses: 8,563,551
  DHit Rate (hit/miss): 96%
  DEvictions: 5,005,580
  DEviction Rate (evict/misses): 58%
  MC Transactions: 9,356,792
  MC Writes: 681,544
Avg. Transactions: 22% , Writes: 2%, Avg. Latency: 12
Max MC id: 29 of 32. Transactions: 27% , Writes: 2%, MC mean Latency: 11
HBM refresh energy (nJ): 3
HBM access energy (nJ): 17,725,506
MemC wire energy 2.5d (nJ): 3,501,126
MemC wire energy 3d (nJ): 875,281

---Energy---
Leakage Energy (nJ): 240,811
PU Dyn E (nJ): 6,479,479
Mem Dyn E (nJ): 40,429,183
Route Dyn E (nJ): 8,788,524
Dynamic Energy (nJ): 55,697,187
Ratio of Dyn/Leak: 231
Total Energy (nJ): 55,937,998
Total Energy (nJ) 3D: 58,933,223
Cores Energy (nJ): 6,483,099
Route Energy (nJ): 8,813,410
Route Energy (nJ) 3D: 14,434,479
Mem Energy   (nJ): 40,641,489
Mem Energy   (nJ) 3D: 38,015,644
Avg. Power (mW): 42,999.82
Power Density (mW/mm2): 49.99

---Runtime---
Runtime in K cycles: 1,300.89
Microseconds: 1,300.89
Time per iteration (ms): 1.30

---Throughput---
GOP/s (aka OPS/ns): 744.83
GOP/s per core: 0.73
GFLOP/s: 87.08
GFLOP/s per core: 0.09
Max Peak GFLOP/s: 1,024.00
Avg. BW GB/s: 3,154.75
Max BW GB/s: 4,096.00

---Traffic---
In-Die bisection_bytes BW (GB/s): 256.00
Inter-board traffic (msg/ns): 0.00, per-link: 0.00
Inter-pack traffic (msg/ns): 0.00, per-link: 0.00
Inter-die traffic (msg/ns): 60.40, per-link: 0.24
Ruche traffic (msg/ns): 64.67, per-link: 0.25
All traffic (msg/ns): 2,394.86, per-link: 2.34
Inter-die reduction wrt all: 39.65
Inter-board reduction wrt inter-die: inf

---Data Movement---
All traffic (msg): 3,115,448,227
Arith. Intensity FLOP/Loads: 0.22
Arith. Intensity FLOP/Msgs: 0.04
Arith. Intensity OPS/Loads: 1.86
Arith. Intensity OPS/Msgs: 0.31



===Core Utilization Total=== CORE-S:13;; TIME K cy:1,300 ;; Nodes Proc: 646,283 -- Edges Proc: 16,257,118

===PRINTING FRAME STATS

FCollision In Avg:41, SD:40, Max:234, Min:0
FCollision Out Avg:38, SD:42, Max:213, Min:0
FCollision End Avg:14, SD:24, Max:152, Min:0
FTask1 Avg:8, SD:9, Max:48, Min:0
FTask2 Avg:18, SD:17, Max:70, Min:0
FTask3 Avg:43, SD:8, Max:100, Min:25
FCore Active Avg:71, SD:21, Max:100, Min:33
FRouter Active Avg:72, SD:10, Max:92, Min:18
T1 invocations: 246,185
T2 invocations: 340,937
T3 invocations: 8,662,820
T3b invocations: 0
Total3 invocations: 8,662,820
Total4 invocations: 17,389

T3/T2 ratio: 25
T3b/T3 ratio: 0

T1 avg ex cycles: 33
T2 avg ex cycles: 53
T3&b avg ex cycles: 5
T4 avg ex cycles: 130
Avg. hops NOC1: 3
Avg. latency NOC1 (T2): 8,059
Avg. hops NOC2: 13
Avg. latency NOC2 (T3): 2,881

===PRINTING ACUM STATS at pu_cycles: 1,400,861

ACollision In Avg:71, SD:25, Max:189, Min:10
ACollision Out Avg:65, SD:30, Max:154, Min:4
ACollision End Avg:19, SD:14, Max:126, Min:0
ATask1 Avg:14, SD:2, Max:18, Min:2
ATask2 Avg:18, SD:5, Max:28, Min:0
ATask3 Avg:47, SD:8, Max:95, Min:32
ACore Active Avg:81, SD:9, Max:100, Min:54
ARouter Active Avg:70, SD:6, Max:84, Min:33
T1 invocations: 5,188,731
T2 invocations: 4,660,987
T3 invocations: 121,983,283
T3b invocations: 0
Total3 invocations: 121,983,283
Total4 invocations: 61,903

T3/T2 ratio: 26
T3b/T3 ratio: 0

T1 avg ex cycles: 40
T2 avg ex cycles: 56
T3&b avg ex cycles: 6
T4 avg ex cycles: 248
Avg. hops NOC1: 3
Avg. latency NOC1 (T2): 10,180
Avg. hops NOC2: 13
Avg. latency NOC2 (T3): 5,537
Number of K Nodes Processed: 5,243
Number of K Edges Processed: 122,311
Node Re-explore factor: 1.25
Edge Re-explore factor: 0.95
Nodes/cy: 4
Edges/cy: 87
TEPS: 92

---DCache---
DCache Size: 60,880
DRAM words: 133,760
  DHits: 215,056,031
  DMisses: 9,179,259
  DHit Rate (hit/miss): 96%
  DEvictions: 5,540,750
  DEviction Rate (evict/misses): 60%
  MC Transactions: 10,023,464
  MC Writes: 726,681
Avg. Transactions: 22% , Writes: 2%, Avg. Latency: 12
Max MC id: 29 of 32. Transactions: 27% , Writes: 2%, MC mean Latency: 11
HBM refresh energy (nJ): 4
HBM access energy (nJ): 18,988,450
MemC wire energy 2.5d (nJ): 3,750,581
MemC wire energy 3d (nJ): 937,645

---Energy---
Leakage Energy (nJ): 259,317
PU Dyn E (nJ): 6,936,773
Mem Dyn E (nJ): 43,351,072
Route Dyn E (nJ): 9,456,530
Dynamic Energy (nJ): 59,744,375
Ratio of Dyn/Leak: 230
Total Energy (nJ): 60,003,692
Total Energy (nJ) 3D: 63,236,073
Cores Energy (nJ): 6,940,672
Route Energy (nJ): 9,483,328
Route Energy (nJ) 3D: 15,528,644
Mem Energy   (nJ): 43,579,692
Mem Energy   (nJ) 3D: 40,766,757
Avg. Power (mW): 42,833.44
Power Density (mW/mm2): 49.80

---Runtime---
Runtime in K cycles: 1,400.86
Microseconds: 1,400.86
Time per iteration (ms): 1.40

---Throughput---
GOP/s (aka OPS/ns): 738.49
GOP/s per core: 0.72
GFLOP/s: 87.08
GFLOP/s per core: 0.09
Max Peak GFLOP/s: 1,024.00
Avg. BW GB/s: 3,143.36
Max BW GB/s: 4,096.00

---Traffic---
In-Die bisection_bytes BW (GB/s): 256.00
Inter-board traffic (msg/ns): 0.00, per-link: 0.00
Inter-pack traffic (msg/ns): 0.00, per-link: 0.00
Inter-die traffic (msg/ns): 60.36, per-link: 0.24
Ruche traffic (msg/ns): 64.78, per-link: 0.25
All traffic (msg/ns): 2,391.92, per-link: 2.34
Inter-die reduction wrt all: 39.62
Inter-board reduction wrt inter-die: inf

---Data Movement---
All traffic (msg): 3,350,742,007
Arith. Intensity FLOP/Loads: 0.22
Arith. Intensity FLOP/Msgs: 0.04
Arith. Intensity OPS/Loads: 1.85
Arith. Intensity OPS/Msgs: 0.31



===Core Utilization Total=== CORE-S:14;; TIME K cy:1,400 ;; Nodes Proc: 651,998 -- Edges Proc: 17,122,702

===PRINTING FRAME STATS

FCollision In Avg:32, SD:36, Max:198, Min:0
FCollision Out Avg:29, SD:37, Max:224, Min:0
FCollision End Avg:12, SD:23, Max:198, Min:0
FTask1 Avg:8, SD:10, Max:44, Min:0
FTask2 Avg:16, SD:19, Max:73, Min:0
FTask3 Avg:40, SD:8, Max:94, Min:24
FCore Active Avg:66, SD:23, Max:100, Min:29
FRouter Active Avg:67, SD:13, Max:93, Min:15
T1 invocations: 236,919
T2 invocations: 320,289
T3 invocations: 7,981,602
T3b invocations: 0
Total3 invocations: 7,981,602
Total4 invocations: 19,158

T3/T2 ratio: 25
T3b/T3 ratio: 0

T1 avg ex cycles: 33
T2 avg ex cycles: 52
T3&b avg ex cycles: 5
T4 avg ex cycles: 114
Avg. hops NOC1: 3
Avg. latency NOC1 (T2): 6,687
Avg. hops NOC2: 13
Avg. latency NOC2 (T3): 2,729

===PRINTING ACUM STATS at pu_cycles: 1,500,779

ACollision In Avg:68, SD:25, Max:185, Min:10
ACollision Out Avg:63, SD:30, Max:148, Min:4
ACollision End Avg:19, SD:14, Max:125, Min:0
ATask1 Avg:14, SD:2, Max:16, Min:2
ATask2 Avg:18, SD:4, Max:26, Min:0
ATask3 Avg:47, SD:8, Max:95, Min:32
ACore Active Avg:80, SD:8, Max:100, Min:52
ARouter Active Avg:69, SD:6, Max:83, Min:32
T1 invocations: 5,428,440
T2 invocations: 4,979,118
T3 invocations: 129,952,197
T3b invocations: 0
Total3 invocations: 129,952,197
Total4 invocations: 81,109

T3/T2 ratio: 26
T3b/T3 ratio: 0

T1 avg ex cycles: 40
T2 avg ex cycles: 56
T3&b avg ex cycles: 6
T4 avg ex cycles: 217
Avg. hops NOC1: 3
Avg. latency NOC1 (T2): 9,947
Avg. hops NOC2: 13
Avg. latency NOC2 (T3): 5,364
Number of K Nodes Processed: 5,280
Number of K Edges Processed: 130,219
Node Re-explore factor: 1.26
Edge Re-explore factor: 1.01
Nodes/cy: 4
Edges/cy: 87
TEPS: 85

---DCache---
DCache Size: 60,880
DRAM words: 133,760
  DHits: 229,066,660
  DMisses: 9,750,775
  DHit Rate (hit/miss): 96%
  DEvictions: 6,048,275
  DEviction Rate (evict/misses): 62%
  MC Transactions: 10,647,592
  MC Writes: 774,414
Avg. Transactions: 22% , Writes: 2%, Avg. Latency: 12
Max MC id: 29 of 32. Transactions: 26% , Writes: 2%, MC mean Latency: 11
HBM refresh energy (nJ): 4
HBM access energy (nJ): 20,170,798
MemC wire energy 2.5d (nJ): 3,984,117
MemC wire energy 3d (nJ): 996,029

---Energy---
Leakage Energy (nJ): 277,813
PU Dyn E (nJ): 7,357,581
Mem Dyn E (nJ): 46,055,179
Route Dyn E (nJ): 10,061,832
Dynamic Energy (nJ): 63,474,592
Ratio of Dyn/Leak: 228
Total Energy (nJ): 63,752,405
Total Energy (nJ) 3D: 67,193,043
Cores Energy (nJ): 7,361,758
Route Energy (nJ): 10,090,542
Route Energy (nJ) 3D: 16,519,268
Mem Energy   (nJ): 46,300,106
Mem Energy   (nJ) 3D: 43,312,018
Avg. Power (mW): 42,479.54
Power Density (mW/mm2): 49.38

---Runtime---
Runtime in K cycles: 1,500.78
Microseconds: 1,500.78
Time per iteration (ms): 1.50

---Throughput---
GOP/s (aka OPS/ns): 729.62
GOP/s per core: 0.71
GFLOP/s: 86.59
GFLOP/s per core: 0.08
Max Peak GFLOP/s: 1,024.00
Avg. BW GB/s: 3,115.97
Max BW GB/s: 4,096.00

---Traffic---
In-Die bisection_bytes BW (GB/s): 256.00
Inter-board traffic (msg/ns): 0.00, per-link: 0.00
Inter-pack traffic (msg/ns): 0.00, per-link: 0.00
Inter-die traffic (msg/ns): 60.03, per-link: 0.23
Ruche traffic (msg/ns): 64.44, per-link: 0.25
All traffic (msg/ns): 2,374.88, per-link: 2.32
Inter-die reduction wrt all: 39.56
Inter-board reduction wrt inter-die: inf

---Data Movement---
All traffic (msg): 3,564,166,936
Arith. Intensity FLOP/Loads: 0.22
Arith. Intensity FLOP/Msgs: 0.04
Arith. Intensity OPS/Loads: 1.85
Arith. Intensity OPS/Msgs: 0.31



===Core Utilization Total=== CORE-S:15;; TIME K cy:1,500 ;; Nodes Proc: 656,756 -- Edges Proc: 17,914,863

===PRINTING FRAME STATS

FCollision In Avg:23, SD:33, Max:201, Min:0
FCollision Out Avg:22, SD:34, Max:224, Min:0
FCollision End Avg:9, SD:20, Max:198, Min:0
FTask1 Avg:7, SD:10, Max:51, Min:0
FTask2 Avg:13, SD:19, Max:82, Min:0
FTask3 Avg:33, SD:7, Max:76, Min:17
FCore Active Avg:55, SD:25, Max:100, Min:22
FRouter Active Avg:58, SD:17, Max:92, Min:11
T1 invocations: 213,683
T2 invocations: 281,707
T3 invocations: 6,500,323
T3b invocations: 0
Total3 invocations: 6,500,323
Total4 invocations: 19,201

T3/T2 ratio: 23
T3b/T3 ratio: 0

T1 avg ex cycles: 33
T2 avg ex cycles: 49
T3&b avg ex cycles: 5
T4 avg ex cycles: 104
Avg. hops NOC1: 3
Avg. latency NOC1 (T2): 5,206
Avg. hops NOC2: 13
Avg. latency NOC2 (T3): 2,280

===PRINTING ACUM STATS at pu_cycles: 1,600,914

ACollision In Avg:65, SD:25, Max:182, Min:10
ACollision Out Avg:60, SD:29, Max:141, Min:3
ACollision End Avg:18, SD:13, Max:122, Min:0
ATask1 Avg:14, SD:2, Max:16, Min:2
ATask2 Avg:18, SD:4, Max:24, Min:0
ATask3 Avg:46, SD:7, Max:94, Min:31
ACore Active Avg:78, SD:8, Max:100, Min:50
ARouter Active Avg:69, SD:5, Max:81, Min:30
T1 invocations: 5,644,224
T2 invocations: 5,261,748
T3 invocations: 136,462,691
T3b invocations: 0
Total3 invocations: 136,462,691
Total4 invocations: 100,351

T3/T2 ratio: 26
T3b/T3 ratio: 0

T1 avg ex cycles: 39
T2 avg ex cycles: 56
T3&b avg ex cycles: 6
T4 avg ex cycles: 196
Avg. hops NOC1: 3
Avg. latency NOC1 (T2): 9,692
Avg. hops NOC2: 13
Avg. latency NOC2 (T3): 5,216
Number of K Nodes Processed: 5,309
Number of K Edges Processed: 136,651
Node Re-explore factor: 1.27
Edge Re-explore factor: 1.06
Nodes/cy: 3
Edges/cy: 85
TEPS: 80

---DCache---
DCache Size: 60,880
DRAM words: 133,760
  DHits: 240,897,603
  DMisses: 10,222,730
  DHit Rate (hit/miss): 96%
  DEvictions: 6,471,676
  DEviction Rate (evict/misses): 63%
  MC Transactions: 11,159,055
  MC Writes: 810,823
Avg. Transactions: 22% , Writes: 2%, Avg. Latency: 12
Max MC id: 29 of 32. Transactions: 25% , Writes: 2%, MC mean Latency: 11
HBM refresh energy (nJ): 4
HBM access energy (nJ): 21,139,713
MemC wire energy 2.5d (nJ): 4,175,497
MemC wire energy 3d (nJ): 1,043,874

---Energy---
Leakage Energy (nJ): 296,350
PU Dyn E (nJ): 7,706,080
Mem Dyn E (nJ): 48,281,726
Route Dyn E (nJ): 10,558,997
Dynamic Energy (nJ): 66,546,804
Ratio of Dyn/Leak: 225
Total Energy (nJ): 66,843,154
Total Energy (nJ) 3D: 70,456,491
Cores Energy (nJ): 7,710,536
Route Energy (nJ): 10,589,623
Route Energy (nJ) 3D: 17,334,582
Mem Energy   (nJ): 48,542,995
Mem Energy   (nJ) 3D: 45,411,373
Avg. Power (mW): 41,753.12
Power Density (mW/mm2): 48.54

---Runtime---
Runtime in K cycles: 1,600.91
Microseconds: 1,600.91
Time per iteration (ms): 1.60

---Throughput---
GOP/s (aka OPS/ns): 715.49
GOP/s per core: 0.70
GFLOP/s: 85.24
GFLOP/s per core: 0.08
Max Peak GFLOP/s: 1,024.00
Avg. BW GB/s: 3,061.68
Max BW GB/s: 4,096.00

---Traffic---
In-Die bisection_bytes BW (GB/s): 256.00
Inter-board traffic (msg/ns): 0.00, per-link: 0.00
Inter-pack traffic (msg/ns): 0.00, per-link: 0.00
Inter-die traffic (msg/ns): 59.10, per-link: 0.23
Ruche traffic (msg/ns): 63.42, per-link: 0.25
All traffic (msg/ns): 2,336.08, per-link: 2.28
Inter-die reduction wrt all: 39.53
Inter-board reduction wrt inter-die: inf

---Data Movement---
All traffic (msg): 3,739,861,187
Arith. Intensity FLOP/Loads: 0.22
Arith. Intensity FLOP/Msgs: 0.04
Arith. Intensity OPS/Loads: 1.84
Arith. Intensity OPS/Msgs: 0.31



===Core Utilization Total=== CORE-S:16;; TIME K cy:1,600 ;; Nodes Proc: 660,399 -- Edges Proc: 18,446,359
======== IT IS COLD ======= Only 62 Tiles active

===PRINTING FRAME STATS

FCollision In Avg:16, SD:29, Max:205, Min:0
FCollision Out Avg:16, SD:30, Max:143, Min:0
FCollision End Avg:6, SD:15, Max:98, Min:0
FTask1 Avg:5, SD:10, Max:53, Min:0
FTask2 Avg:10, SD:18, Max:83, Min:0
FTask3 Avg:24, SD:5, Max:56, Min:10
FCore Active Avg:40, SD:24, Max:100, Min:16
FRouter Active Avg:45, SD:19, Max:91, Min:9
T1 invocations: 164,310
T2 invocations: 210,026
T3 invocations: 4,726,573
T3b invocations: 0
Total3 invocations: 4,726,573
Total4 invocations: 15,897

T3/T2 ratio: 23
T3b/T3 ratio: 0

T1 avg ex cycles: 33
T2 avg ex cycles: 47
T3&b avg ex cycles: 5
T4 avg ex cycles: 97
Avg. hops NOC1: 3
Avg. latency NOC1 (T2): 4,416
Avg. hops NOC2: 12
Avg. latency NOC2 (T3): 1,822

===PRINTING ACUM STATS at pu_cycles: 1,700,745

ACollision In Avg:62, SD:24, Max:177, Min:10
ACollision Out Avg:58, SD:29, Max:135, Min:3
ACollision End Avg:17, SD:12, Max:116, Min:1
ATask1 Avg:13, SD:1, Max:15, Min:3
ATask2 Avg:17, SD:3, Max:23, Min:0
ATask3 Avg:45, SD:7, Max:92, Min:30
ACore Active Avg:76, SD:7, Max:100, Min:51
ARouter Active Avg:67, SD:5, Max:81, Min:29
T1 invocations: 5,809,953
T2 invocations: 5,475,176
T3 invocations: 141,210,729
T3b invocations: 0
Total3 invocations: 141,210,729
Total4 invocations: 116,276

T3/T2 ratio: 26
T3b/T3 ratio: 0

T1 avg ex cycles: 39
T2 avg ex cycles: 55
T3&b avg ex cycles: 5
T4 avg ex cycles: 182
Avg. hops NOC1: 3
Avg. latency NOC1 (T2): 9,487
Avg. hops NOC2: 13
Avg. latency NOC2 (T3): 5,104
Number of K Nodes Processed: 5,329
Number of K Edges Processed: 141,301
Node Re-explore factor: 1.27
Edge Re-explore factor: 1.10
Nodes/cy: 3
Edges/cy: 83
TEPS: 75

---DCache---
DCache Size: 60,880
DRAM words: 133,760
  DHits: 249,799,069
  DMisses: 10,564,847
  DHit Rate (hit/miss): 96%
  DEvictions: 6,781,627
  DEviction Rate (evict/misses): 64%
  MC Transactions: 11,528,051
  MC Writes: 836,247
Avg. Transactions: 21% , Writes: 2%, Avg. Latency: 12
Max MC id: 29 of 32. Transactions: 23% , Writes: 2%, MC mean Latency: 11
HBM refresh energy (nJ): 5
HBM access energy (nJ): 21,838,739
MemC wire energy 2.5d (nJ): 4,313,568
MemC wire energy 3d (nJ): 1,078,392

---Energy---
Leakage Energy (nJ): 314,830
PU Dyn E (nJ): 7,962,001
Mem Dyn E (nJ): 49,901,229
Route Dyn E (nJ): 10,915,634
Dynamic Energy (nJ): 68,778,864
Ratio of Dyn/Leak: 218
Total Energy (nJ): 69,093,694
Total Energy (nJ) 3D: 72,829,455
Cores Energy (nJ): 7,966,734
Route Energy (nJ): 10,948,169
Route Energy (nJ) 3D: 17,919,105
Mem Energy   (nJ): 50,178,791
Mem Energy   (nJ) 3D: 46,943,615
Avg. Power (mW): 40,625.55
Power Density (mW/mm2): 47.23

---Runtime---
Runtime in K cycles: 1,700.74
Microseconds: 1,700.74
Time per iteration (ms): 1.70

---Throughput---
GOP/s (aka OPS/ns): 695.35
GOP/s per core: 0.68
GFLOP/s: 83.03
GFLOP/s per core: 0.08
Max Peak GFLOP/s: 1,024.00
Avg. BW GB/s: 2,978.62
Max BW GB/s: 4,096.00

---Traffic---
In-Die bisection_bytes BW (GB/s): 256.00
Inter-board traffic (msg/ns): 0.00, per-link: 0.00
Inter-pack traffic (msg/ns): 0.00, per-link: 0.00
Inter-die traffic (msg/ns): 57.55, per-link: 0.22
Ruche traffic (msg/ns): 61.76, per-link: 0.24
All traffic (msg/ns): 2,273.03, per-link: 2.22
Inter-die reduction wrt all: 39.50
Inter-board reduction wrt inter-die: inf

---Data Movement---
All traffic (msg): 3,865,838,328
Arith. Intensity FLOP/Loads: 0.22
Arith. Intensity FLOP/Msgs: 0.04
Arith. Intensity OPS/Loads: 1.84
Arith. Intensity OPS/Msgs: 0.31



===Core Utilization Total=== CORE-S:17;; TIME K cy:1,700 ;; Nodes Proc: 662,902 -- Edges Proc: 18,784,138
======== IT IS COLD ======= Only 44 Tiles active

===PRINTING FRAME STATS

FCollision In Avg:9, SD:22, Max:177, Min:0
FCollision Out Avg:10, SD:23, Max:143, Min:0
FCollision End Avg:4, SD:11, Max:95, Min:0
FTask1 Avg:4, SD:9, Max:53, Min:0
FTask2 Avg:7, SD:16, Max:82, Min:0
FTask3 Avg:18, SD:4, Max:56, Min:8
FCore Active Avg:30, SD:22, Max:100, Min:12
FRouter Active Avg:36, SD:20, Max:93, Min:7
T1 invocations: 110,979
T2 invocations: 150,393
T3 invocations: 3,668,724
T3b invocations: 0
Total3 invocations: 3,668,724
Total4 invocations: 13,527

T3/T2 ratio: 24
T3b/T3 ratio: 0

T1 avg ex cycles: 33
T2 avg ex cycles: 48
T3&b avg ex cycles: 5
T4 avg ex cycles: 79
Avg. hops NOC1: 4
Avg. latency NOC1 (T2): 3,901
Avg. hops NOC2: 12
Avg. latency NOC2 (T3): 1,469

===PRINTING ACUM STATS at pu_cycles: 1,800,558

ACollision In Avg:60, SD:24, Max:177, Min:9
ACollision Out Avg:55, SD:28, Max:134, Min:3
ACollision End Avg:17, SD:12, Max:116, Min:1
ATask1 Avg:13, SD:1, Max:14, Min:3
ATask2 Avg:17, SD:2, Max:22, Min:0
ATask3 Avg:43, SD:7, Max:92, Min:29
ACore Active Avg:74, SD:7, Max:100, Min:51
ARouter Active Avg:66, SD:4, Max:80, Min:28
T1 invocations: 5,907,263
T2 invocations: 5,594,269
T3 invocations: 144,565,421
T3b invocations: 0
Total3 invocations: 144,565,421
Total4 invocations: 129,412

T3/T2 ratio: 26
T3b/T3 ratio: 0

T1 avg ex cycles: 39
T2 avg ex cycles: 55
T3&b avg ex cycles: 5
T4 avg ex cycles: 171
Avg. hops NOC1: 3
Avg. latency NOC1 (T2): 9,347
Avg. hops NOC2: 13
Avg. latency NOC2 (T3): 5,011
Number of K Nodes Processed: 5,344
Number of K Edges Processed: 144,852
Node Re-explore factor: 1.27
Edge Re-explore factor: 1.13
Nodes/cy: 3
Edges/cy: 80
TEPS: 71

---DCache---
DCache Size: 60,880
DRAM words: 133,760
  DHits: 256,729,566
  DMisses: 10,827,775
  DHit Rate (hit/miss): 96%
  DEvictions: 7,019,545
  DEviction Rate (evict/misses): 65%
  MC Transactions: 11,810,219
  MC Writes: 854,790
Avg. Transactions: 20% , Writes: 1%, Avg. Latency: 12
Max MC id: 29 of 32. Transactions: 22% , Writes: 2%, MC mean Latency: 11
HBM refresh energy (nJ): 5
HBM access energy (nJ): 22,373,278
MemC wire energy 2.5d (nJ): 4,419,149
MemC wire energy 3d (nJ): 1,104,787

---Energy---
Leakage Energy (nJ): 333,306
PU Dyn E (nJ): 8,133,639
Mem Dyn E (nJ): 51,049,678
Route Dyn E (nJ): 11,159,972
Dynamic Energy (nJ): 70,343,290
Ratio of Dyn/Leak: 211
Total Energy (nJ): 70,676,596
Total Energy (nJ) 3D: 74,480,830
Cores Energy (nJ): 8,138,651
Route Energy (nJ): 11,194,416
Route Energy (nJ) 3D: 18,313,013
Mem Energy   (nJ): 51,343,529
Mem Energy   (nJ) 3D: 48,029,167
Avg. Power (mW): 39,252.61
Power Density (mW/mm2): 45.63

---Runtime---
Runtime in K cycles: 1,800.56
Microseconds: 1,800.56
Time per iteration (ms): 1.80

---Throughput---
GOP/s (aka OPS/ns): 670.28
GOP/s per core: 0.65
GFLOP/s: 80.29
GFLOP/s per core: 0.08
Max Peak GFLOP/s: 1,024.00
Avg. BW GB/s: 2,870.57
Max BW GB/s: 4,096.00

---Traffic---
In-Die bisection_bytes BW (GB/s): 256.00
Inter-board traffic (msg/ns): 0.00, per-link: 0.00
Inter-pack traffic (msg/ns): 0.00, per-link: 0.00
Inter-die traffic (msg/ns): 55.75, per-link: 0.22
Ruche traffic (msg/ns): 59.82, per-link: 0.23
All traffic (msg/ns): 2,194.03, per-link: 2.14
Inter-die reduction wrt all: 39.36
Inter-board reduction wrt inter-die: inf

---Data Movement---
All traffic (msg): 3,950,471,746
Arith. Intensity FLOP/Loads: 0.22
Arith. Intensity FLOP/Msgs: 0.04
Arith. Intensity OPS/Loads: 1.84
Arith. Intensity OPS/Msgs: 0.31



===Core Utilization Total=== CORE-S:18;; TIME K cy:1,800 ;; Nodes Proc: 664,818 -- Edges Proc: 18,922,386
======== IT IS COLD ======= Only 23 Tiles active

===PRINTING FRAME STATS

FCollision In Avg:4, SD:13, Max:104, Min:0
FCollision Out Avg:4, SD:14, Max:99, Min:0
FCollision End Avg:2, SD:7, Max:91, Min:0
FTask1 Avg:2, SD:7, Max:52, Min:0
FTask2 Avg:4, SD:12, Max:99, Min:0
FTask3 Avg:10, SD:2, Max:34, Min:1
FCore Active Avg:16, SD:17, Max:100, Min:6
FRouter Active Avg:21, SD:15, Max:93, Min:3
T1 invocations: 66,594
T2 invocations: 79,385
T3 invocations: 1,912,110
T3b invocations: 0
Total3 invocations: 1,912,110
Total4 invocations: 7,665

T3/T2 ratio: 24
T3b/T3 ratio: 0

T1 avg ex cycles: 33
T2 avg ex cycles: 46
T3&b avg ex cycles: 5
T4 avg ex cycles: 82
Avg. hops NOC1: 4
Avg. latency NOC1 (T2): 3,155
Avg. hops NOC2: 12
Avg. latency NOC2 (T3): 1,063

===PRINTING ACUM STATS at pu_cycles: 1,900,516

ACollision In Avg:56, SD:23, Max:173, Min:9
ACollision Out Avg:52, SD:26, Max:132, Min:3
ACollision End Avg:16, SD:11, Max:108, Min:1
ATask1 Avg:12, SD:1, Max:14, Min:4
ATask2 Avg:16, SD:2, Max:21, Min:0
ATask3 Avg:41, SD:7, Max:85, Min:28
ACore Active Avg:71, SD:6, Max:100, Min:49
ARouter Active Avg:63, SD:4, Max:78, Min:27
T1 invocations: 5,998,922
T2 invocations: 5,709,846
T3 invocations: 146,669,756
T3b invocations: 0
Total3 invocations: 146,669,756
Total4 invocations: 137,549

T3/T2 ratio: 26
T3b/T3 ratio: 0

T1 avg ex cycles: 39
T2 avg ex cycles: 55
T3&b avg ex cycles: 5
T4 avg ex cycles: 167
Avg. hops NOC1: 3
Avg. latency NOC1 (T2): 9,232
Avg. hops NOC2: 13
Avg. latency NOC2 (T3): 4,965
Number of K Nodes Processed: 5,351
Number of K Edges Processed: 146,716
Node Re-explore factor: 1.28
Edge Re-explore factor: 1.14
Nodes/cy: 3
Edges/cy: 77
TEPS: 68

---DCache---
DCache Size: 60,880
DRAM words: 133,760
  DHits: 260,479,826
  DMisses: 10,965,736
  DHit Rate (hit/miss): 96%
  DEvictions: 7,143,356
  DEviction Rate (evict/misses): 65%
  MC Transactions: 11,958,074
  MC Writes: 864,527
Avg. Transactions: 20% , Writes: 1%, Avg. Latency: 12
Max MC id: 29 of 32. Transactions: 21% , Writes: 2%, MC mean Latency: 11
HBM refresh energy (nJ): 5
HBM access energy (nJ): 22,653,375
MemC wire energy 2.5d (nJ): 4,474,474
MemC wire energy 3d (nJ): 1,118,618

---Energy---
Leakage Energy (nJ): 351,810
PU Dyn E (nJ): 8,253,640
Mem Dyn E (nJ): 51,760,323
Route Dyn E (nJ): 11,324,941
Dynamic Energy (nJ): 71,338,904
Ratio of Dyn/Leak: 203
Total Energy (nJ): 71,690,714
Total Energy (nJ) 3D: 75,561,707
Cores Energy (nJ): 8,258,930
Route Energy (nJ): 11,361,298
Route Energy (nJ) 3D: 18,588,146
Mem Energy   (nJ): 52,070,487
Mem Energy   (nJ) 3D: 48,714,632
Avg. Power (mW): 37,721.71
Power Density (mW/mm2): 43.85

---Runtime---
Runtime in K cycles: 1,900.52
Microseconds: 1,900.52
Time per iteration (ms): 1.90

---Throughput---
GOP/s (aka OPS/ns): 644.45
GOP/s per core: 0.63
GFLOP/s: 77.17
GFLOP/s per core: 0.08
Max Peak GFLOP/s: 1,024.00
Avg. BW GB/s: 2,762.04
Max BW GB/s: 4,096.00

---Traffic---
In-Die bisection_bytes BW (GB/s): 256.00
Inter-board traffic (msg/ns): 0.00, per-link: 0.00
Inter-pack traffic (msg/ns): 0.00, per-link: 0.00
Inter-die traffic (msg/ns): 53.54, per-link: 0.21
Ruche traffic (msg/ns): 57.44, per-link: 0.22
All traffic (msg/ns): 2,109.65, per-link: 2.06
Inter-die reduction wrt all: 39.40
Inter-board reduction wrt inter-die: inf

---Data Movement---
All traffic (msg): 4,009,417,079
Arith. Intensity FLOP/Loads: 0.22
Arith. Intensity FLOP/Msgs: 0.04
Arith. Intensity OPS/Loads: 1.84
Arith. Intensity OPS/Msgs: 0.31



===Core Utilization Total=== CORE-S:19;; TIME K cy:1,900 ;; Nodes Proc: 665,744 -- Edges Proc: 18,981,413
======== IT IS COLD ======= Only 10 Tiles active

===PRINTING FRAME STATS

FCollision In Avg:1, SD:6, Max:75, Min:0
FCollision Out Avg:1, SD:9, Max:99, Min:0
FCollision End Avg:1, SD:6, Max:99, Min:0
FTask1 Avg:1, SD:5, Max:63, Min:0
FTask2 Avg:1, SD:8, Max:96, Min:0
FTask3 Avg:4, SD:1, Max:16, Min:2
FCore Active Avg:7, SD:12, Max:100, Min:2
FRouter Active Avg:9, SD:9, Max:60, Min:1
T1 invocations: 27,347
T2 invocations: 31,297
T3 invocations: 779,912
T3b invocations: 0
Total3 invocations: 779,912
Total4 invocations: 3,303

T3/T2 ratio: 25
T3b/T3 ratio: 0

T1 avg ex cycles: 33
T2 avg ex cycles: 48
T3&b avg ex cycles: 5
T4 avg ex cycles: 78
Avg. hops NOC1: 4
Avg. latency NOC1 (T2): 3,211
Avg. hops NOC2: 13
Avg. latency NOC2 (T3): 1,214

===PRINTING ACUM STATS at pu_cycles: 2,000,150

ACollision In Avg:54, SD:21, Max:165, Min:8
ACollision Out Avg:50, SD:25, Max:128, Min:3
ACollision End Avg:15, SD:10, Max:103, Min:1
ATask1 Avg:11, SD:0, Max:13, Min:5
ATask2 Avg:15, SD:1, Max:20, Min:0
ATask3 Avg:39, SD:6, Max:82, Min:27
ACore Active Avg:67, SD:6, Max:99, Min:47
ARouter Active Avg:61, SD:4, Max:75, Min:25
T1 invocations: 6,030,277
T2 invocations: 5,752,523
T3 invocations: 147,469,517
T3b invocations: 0
Total3 invocations: 147,469,517
Total4 invocations: 140,918

T3/T2 ratio: 26
T3b/T3 ratio: 0

T1 avg ex cycles: 39
T2 avg ex cycles: 55
T3&b avg ex cycles: 5
T4 avg ex cycles: 165
Avg. hops NOC1: 3
Avg. latency NOC1 (T2): 9,193
Avg. hops NOC2: 13
Avg. latency NOC2 (T3): 4,947
Number of K Nodes Processed: 5,354
Number of K Edges Processed: 147,479
Node Re-explore factor: 1.28
Edge Re-explore factor: 1.15
Nodes/cy: 3
Edges/cy: 74
TEPS: 64

---DCache---
DCache Size: 60,880
DRAM words: 133,760
  DHits: 262,035,880
  DMisses: 11,022,347
  DHit Rate (hit/miss): 96%
  DEvictions: 7,195,241
  DEviction Rate (evict/misses): 65%
  MC Transactions: 12,018,553
  MC Writes: 868,375
Avg. Transactions: 19% , Writes: 1%, Avg. Latency: 12
Max MC id: 29 of 32. Transactions: 20% , Writes: 2%, MC mean Latency: 12
HBM refresh energy (nJ): 5
HBM access energy (nJ): 22,767,946
MemC wire energy 2.5d (nJ): 4,497,104
MemC wire energy 3d (nJ): 1,124,276

---Energy---
Leakage Energy (nJ): 370,253
PU Dyn E (nJ): 8,298,855
Mem Dyn E (nJ): 52,044,218
Route Dyn E (nJ): 11,389,895
Dynamic Energy (nJ): 71,732,969
Ratio of Dyn/Leak: 194
Total Energy (nJ): 72,103,222
Total Energy (nJ) 3D: 75,998,428
Cores Energy (nJ): 8,304,422
Route Energy (nJ): 11,428,158
Route Energy (nJ) 3D: 18,696,191
Mem Energy   (nJ): 52,370,643
Mem Energy   (nJ) 3D: 48,997,815
Avg. Power (mW): 36,048.91
Power Density (mW/mm2): 41.91

---Runtime---
Runtime in K cycles: 2,000.15
Microseconds: 2,000.15
Time per iteration (ms): 2.00

---Throughput---
GOP/s (aka OPS/ns): 615.71
GOP/s per core: 0.60
GFLOP/s: 73.73
GFLOP/s per core: 0.07
Max Peak GFLOP/s: 1,024.00
Avg. BW GB/s: 2,640.04
Max BW GB/s: 4,096.00

---Traffic---
In-Die bisection_bytes BW (GB/s): 256.00
Inter-board traffic (msg/ns): 0.00, per-link: 0.00
Inter-pack traffic (msg/ns): 0.00, per-link: 0.00
Inter-die traffic (msg/ns): 51.19, per-link: 0.20
Ruche traffic (msg/ns): 54.88, per-link: 0.21
All traffic (msg/ns): 2,015.92, per-link: 1.97
Inter-die reduction wrt all: 39.38
Inter-board reduction wrt inter-die: inf

---Data Movement---
All traffic (msg): 4,032,137,423
Arith. Intensity FLOP/Loads: 0.22
Arith. Intensity FLOP/Msgs: 0.04
Arith. Intensity OPS/Loads: 1.84
Arith. Intensity OPS/Msgs: 0.31



===Core Utilization Total=== CORE-S:20;; TIME K cy:2,000 ;; Nodes Proc: 666,139 -- Edges Proc: 18,981,861
======== IT IS COLD ======= Only 4 Tiles active

===PRINTING FRAME STATS

FCollision In Avg:0, SD:3, Max:62, Min:0
FCollision Out Avg:0, SD:4, Max:63, Min:0
FCollision End Avg:0, SD:2, Max:51, Min:0
FTask1 Avg:0, SD:3, Max:52, Min:0
FTask2 Avg:0, SD:5, Max:72, Min:0
FTask3 Avg:1, SD:1, Max:7, Min:1
FCore Active Avg:2, SD:7, Max:85, Min:1
FRouter Active Avg:3, SD:4, Max:38, Min:0
T1 invocations: 8,300
T2 invocations: 10,923
T3 invocations: 238,219
T3b invocations: 0
Total3 invocations: 238,219
Total4 invocations: 979

T3/T2 ratio: 22
T3b/T3 ratio: 0

T1 avg ex cycles: 33
T2 avg ex cycles: 46
T3&b avg ex cycles: 5
T4 avg ex cycles: 81
Avg. hops NOC1: 3
Avg. latency NOC1 (T2): 3,028
Avg. hops NOC2: 12
Avg. latency NOC2 (T3): 1,349

===PRINTING ACUM STATS at pu_cycles: 2,100,053

ACollision In Avg:51, SD:20, Max:154, Min:8
ACollision Out Avg:47, SD:24, Max:121, Min:3
ACollision End Avg:14, SD:10, Max:99, Min:1
ATask1 Avg:11, SD:0, Max:12, Min:5
ATask2 Avg:15, SD:1, Max:19, Min:1
ATask3 Avg:38, SD:6, Max:78, Min:25
ACore Active Avg:64, SD:6, Max:97, Min:45
ARouter Active Avg:58, SD:4, Max:71, Min:24
T1 invocations: 6,038,933
T2 invocations: 5,767,554
T3 invocations: 147,712,687
T3b invocations: 0
Total3 invocations: 147,712,687
Total4 invocations: 141,906

T3/T2 ratio: 26
T3b/T3 ratio: 0

T1 avg ex cycles: 39
T2 avg ex cycles: 55
T3&b avg ex cycles: 5
T4 avg ex cycles: 165
Avg. hops NOC1: 3
Avg. latency NOC1 (T2): 9,181
Avg. hops NOC2: 13
Avg. latency NOC2 (T3): 4,943
Number of K Nodes Processed: 5,356
Number of K Edges Processed: 147,713
Node Re-explore factor: 1.28
Edge Re-explore factor: 1.15
Nodes/cy: 3
Edges/cy: 70
TEPS: 61

---DCache---
DCache Size: 60,880
DRAM words: 133,760
  DHits: 262,519,370
  DMisses: 11,039,965
  DHit Rate (hit/miss): 96%
  DEvictions: 7,211,005
  DEviction Rate (evict/misses): 65%
  MC Transactions: 12,037,027
  MC Writes: 869,228
Avg. Transactions: 18% , Writes: 1%, Avg. Latency: 12
Max MC id: 29 of 32. Transactions: 19% , Writes: 2%, MC mean Latency: 12
HBM refresh energy (nJ): 6
HBM access energy (nJ): 22,802,943
MemC wire energy 2.5d (nJ): 4,504,016
MemC wire energy 3d (nJ): 1,126,004

---Energy---
Leakage Energy (nJ): 388,747
PU Dyn E (nJ): 8,312,813
Mem Dyn E (nJ): 52,134,260
Route Dyn E (nJ): 11,408,220
Dynamic Energy (nJ): 71,855,293
Ratio of Dyn/Leak: 185
Total Energy (nJ): 72,244,040
Total Energy (nJ) 3D: 76,145,472
Cores Energy (nJ): 8,318,658
Route Energy (nJ): 11,448,394
Route Energy (nJ) 3D: 18,727,838
Mem Energy   (nJ): 52,476,989
Mem Energy   (nJ) 3D: 49,098,976
Avg. Power (mW): 34,401.06
Power Density (mW/mm2): 39.99

---Runtime---
Runtime in K cycles: 2,100.05
Microseconds: 2,100.05
Time per iteration (ms): 2.10

---Throughput---
GOP/s (aka OPS/ns): 587.42
GOP/s per core: 0.57
GFLOP/s: 70.34
GFLOP/s per core: 0.07
Max Peak GFLOP/s: 1,024.00
Avg. BW GB/s: 2,519.36
Max BW GB/s: 4,096.00

---Traffic---
In-Die bisection_bytes BW (GB/s): 256.00
Inter-board traffic (msg/ns): 0.00, per-link: 0.00
Inter-pack traffic (msg/ns): 0.00, per-link: 0.00
Inter-die traffic (msg/ns): 48.85, per-link: 0.19
Ruche traffic (msg/ns): 52.36, per-link: 0.20
All traffic (msg/ns): 1,923.07, per-link: 1.88
Inter-die reduction wrt all: 39.37
Inter-board reduction wrt inter-die: inf

---Data Movement---
All traffic (msg): 4,038,548,302
Arith. Intensity FLOP/Loads: 0.22
Arith. Intensity FLOP/Msgs: 0.04
Arith. Intensity OPS/Loads: 1.84
Arith. Intensity OPS/Msgs: 0.31



===Core Utilization Total=== CORE-S:21;; TIME K cy:2,100 ;; Nodes Proc: 666,272 -- Edges Proc: 18,982,000
======== IT IS COLD ======= Only 0 Tiles active

===PRINTING FRAME STATS

FCollision In Avg:0, SD:3, Max:98, Min:0
FCollision Out Avg:1, SD:4, Max:63, Min:0
FCollision End Avg:0, SD:2, Max:38, Min:0
FTask1 Avg:0, SD:2, Max:52, Min:0
FTask2 Avg:0, SD:4, Max:73, Min:0
FTask3 Avg:1, SD:1, Max:7, Min:0
FCore Active Avg:2, SD:6, Max:78, Min:0
FRouter Active Avg:2, SD:3, Max:36, Min:0
T1 invocations: 5,520
T2 invocations: 7,543
T3 invocations: 186,929
T3b invocations: 0
Total3 invocations: 186,929
Total4 invocations: 759

T3/T2 ratio: 25
T3b/T3 ratio: 0

T1 avg ex cycles: 33
T2 avg ex cycles: 50
T3&b avg ex cycles: 5
T4 avg ex cycles: 72
Avg. hops NOC1: 3
Avg. latency NOC1 (T2): 3,099
Avg. hops NOC2: 12
Avg. latency NOC2 (T3): 1,075

===PRINTING ACUM STATS at pu_cycles: 2,200,002

ACollision In Avg:50, SD:20, Max:147, Min:8
ACollision Out Avg:47, SD:23, Max:116, Min:3
ACollision End Avg:14, SD:10, Max:94, Min:1
ATask1 Avg:11, SD:0, Max:12, Min:5
ATask2 Avg:15, SD:1, Max:19, Min:1
ATask3 Avg:37, SD:6, Max:75, Min:25
ACore Active Avg:64, SD:6, Max:97, Min:45
ARouter Active Avg:57, SD:4, Max:71, Min:24
T1 invocations: 6,039,384
T2 invocations: 5,768,197
T3 invocations: 147,722,615
T3b invocations: 0
Total3 invocations: 147,722,615
Total4 invocations: 141,957

T3/T2 ratio: 26
T3b/T3 ratio: 0

T1 avg ex cycles: 39
T2 avg ex cycles: 55
T3&b avg ex cycles: 5
T4 avg ex cycles: 165
Avg. hops NOC1: 3
Avg. latency NOC1 (T2): 9,181
Avg. hops NOC2: 13
Avg. latency NOC2 (T3): 4,943
Number of K Nodes Processed: 5,356
Number of K Edges Processed: 147,748
Node Re-explore factor: 1.28
Edge Re-explore factor: 1.15
Nodes/cy: 2
Edges/cy: 67
TEPS: 58

---DCache---
DCache Size: 60,880
DRAM words: 133,760
  DHits: 262,589,033
  DMisses: 11,042,406
  DHit Rate (hit/miss): 96%
  DEvictions: 7,212,955
  DEviction Rate (evict/misses): 65%
  MC Transactions: 12,039,852
  MC Writes: 869,612
Avg. Transactions: 17% , Writes: 1%, Avg. Latency: 12
Max MC id: 29 of 32. Transactions: 18% , Writes: 1%, MC mean Latency: 12
HBM refresh energy (nJ): 6
HBM access energy (nJ): 22,808,295
MemC wire energy 2.5d (nJ): 4,505,073
MemC wire energy 3d (nJ): 1,126,268

---Energy---
Leakage Energy (nJ): 407,248
PU Dyn E (nJ): 8,313,497
Mem Dyn E (nJ): 52,144,365
Route Dyn E (nJ): 11,409,012
Dynamic Energy (nJ): 71,866,874
Ratio of Dyn/Leak: 176
Total Energy (nJ): 72,274,122
Total Energy (nJ) 3D: 76,175,143
Cores Energy (nJ): 8,319,620
Route Energy (nJ): 11,451,098
Route Energy (nJ) 3D: 18,730,924
Mem Energy   (nJ): 52,503,405
Mem Energy   (nJ) 3D: 49,124,600
Avg. Power (mW): 32,851.84
Power Density (mW/mm2): 38.19

---Runtime---
Runtime in K cycles: 2,200.00
Microseconds: 2,200.00
Time per iteration (ms): 2.20

---Throughput---
GOP/s (aka OPS/ns): 560.78
GOP/s per core: 0.55
GFLOP/s: 67.15
GFLOP/s per core: 0.07
Max Peak GFLOP/s: 1,024.00
Avg. BW GB/s: 2,405.21
Max BW GB/s: 4,096.00

---Traffic---
In-Die bisection_bytes BW (GB/s): 256.00
Inter-board traffic (msg/ns): 0.00, per-link: 0.00
Inter-pack traffic (msg/ns): 0.00, per-link: 0.00
Inter-die traffic (msg/ns): 46.63, per-link: 0.18
Ruche traffic (msg/ns): 49.98, per-link: 0.20
All traffic (msg/ns): 1,835.83, per-link: 1.79
Inter-die reduction wrt all: 39.37
Inter-board reduction wrt inter-die: inf

---Data Movement---
All traffic (msg): 4,038,823,047
Arith. Intensity FLOP/Loads: 0.22
Arith. Intensity FLOP/Msgs: 0.04
Arith. Intensity OPS/Loads: 1.84
Arith. Intensity OPS/Msgs: 0.31



===Core Utilization Total=== CORE-S:22;; TIME K cy:2,200 ;; Nodes Proc: 666,317 -- Edges Proc: 18,982,047
======== IT IS COLD ======= Only 0 Tiles active

===PRINTING FRAME STATS

FCollision In Avg:0, SD:4, Max:100, Min:0
FCollision Out Avg:1, SD:9, Max:100, Min:0
FCollision End Avg:0, SD:3, Max:81, Min:0
FTask1 Avg:0, SD:0, Max:3, Min:0
FTask2 Avg:0, SD:1, Max:33, Min:0
FTask3 Avg:0, SD:0, Max:1, Min:0
FCore Active Avg:0, SD:1, Max:33, Min:0
FRouter Active Avg:0, SD:1, Max:16, Min:0
T1 invocations: 392
T2 invocations: 607
T3 invocations: 27,295
T3b invocations: 0
Total3 invocations: 27,295
Total4 invocations: 160

T3/T2 ratio: 45
T3b/T3 ratio: 0

T1 avg ex cycles: 35
T2 avg ex cycles: 65
T3&b avg ex cycles: 5
T4 avg ex cycles: 34
Avg. hops NOC1: 3
Avg. latency NOC1 (T2): 9,888
Avg. hops NOC2: 11
Avg. latency NOC2 (T3): 1,174

===PRINTING ACUM STATS at pu_cycles: 2,300,062

ACollision In Avg:48, SD:19, Max:140, Min:7
ACollision Out Avg:45, SD:22, Max:111, Min:2
ACollision End Avg:13, SD:9, Max:90, Min:1
ATask1 Avg:10, SD:0, Max:11, Min:5
ATask2 Avg:14, SD:1, Max:17, Min:2
ATask3 Avg:35, SD:6, Max:72, Min:24
ACore Active Avg:60, SD:6, Max:93, Min:44
ARouter Active Avg:54, SD:4, Max:65, Min:23
T1 invocations: 6,039,817
T2 invocations: 5,769,305
T3 invocations: 147,754,096
T3b invocations: 0
Total3 invocations: 147,754,096
Total4 invocations: 142,137

T3/T2 ratio: 26
T3b/T3 ratio: 0

T1 avg ex cycles: 39
T2 avg ex cycles: 55
T3&b avg ex cycles: 5
T4 avg ex cycles: 164
Avg. hops NOC1: 3
Avg. latency NOC1 (T2): 9,181
Avg. hops NOC2: 13
Avg. latency NOC2 (T3): 4,942
Number of K Nodes Processed: 5,356
Number of K Edges Processed: 147,762
Node Re-explore factor: 1.28
Edge Re-explore factor: 1.15
Nodes/cy: 2
Edges/cy: 64
TEPS: 56

---DCache---
DCache Size: 60,880
DRAM words: 133,760
  DHits: 262,617,186
  DMisses: 11,043,446
  DHit Rate (hit/miss): 96%
  DEvictions: 7,213,151
  DEviction Rate (evict/misses): 65%
  MC Transactions: 12,040,938
  MC Writes: 869,658
Avg. Transactions: 16% , Writes: 1%, Avg. Latency: 12
Max MC id: 29 of 32. Transactions: 17% , Writes: 1%, MC mean Latency: 12
HBM refresh energy (nJ): 6
HBM access energy (nJ): 22,810,352
MemC wire energy 2.5d (nJ): 4,505,480
MemC wire energy 3d (nJ): 1,126,370

---Energy---
Leakage Energy (nJ): 425,771
PU Dyn E (nJ): 8,315,097
Mem Dyn E (nJ): 52,151,633
Route Dyn E (nJ): 11,411,921
Dynamic Energy (nJ): 71,878,652
Ratio of Dyn/Leak: 169
Total Energy (nJ): 72,304,423
Total Energy (nJ) 3D: 76,207,610
Cores Energy (nJ): 8,321,499
Route Energy (nJ): 11,455,922
Route Energy (nJ) 3D: 18,738,218
Mem Energy   (nJ): 52,527,003
Mem Energy   (nJ) 3D: 49,147,893
Avg. Power (mW): 31,435.86
Power Density (mW/mm2): 36.55

---Runtime---
Runtime in K cycles: 2,300.06
Microseconds: 2,300.06
Time per iteration (ms): 2.30

---Throughput---
GOP/s (aka OPS/ns): 536.48
GOP/s per core: 0.52
GFLOP/s: 64.24
GFLOP/s per core: 0.06
Max Peak GFLOP/s: 1,024.00
Avg. BW GB/s: 2,301.05
Max BW GB/s: 4,096.00

---Traffic---
In-Die bisection_bytes BW (GB/s): 256.00
Inter-board traffic (msg/ns): 0.00, per-link: 0.00
Inter-pack traffic (msg/ns): 0.00, per-link: 0.00
Inter-die traffic (msg/ns): 44.61, per-link: 0.17
Ruche traffic (msg/ns): 47.81, per-link: 0.19
All traffic (msg/ns): 1,756.48, per-link: 1.72
Inter-die reduction wrt all: 39.38
Inter-board reduction wrt inter-die: inf

---Data Movement---
All traffic (msg): 4,040,002,770
Arith. Intensity FLOP/Loads: 0.22
Arith. Intensity FLOP/Msgs: 0.04
Arith. Intensity OPS/Loads: 1.84
Arith. Intensity OPS/Msgs: 0.31



===Core Utilization Total=== CORE-S:23;; TIME K cy:2,300 ;; Nodes Proc: 666,348 -- Edges Proc: 18,982,076
======== IT IS COLD ======= Only 0 Tiles active

===PRINTING FRAME STATS

FCollision In Avg:0, SD:4, Max:95, Min:0
FCollision Out Avg:0, SD:4, Max:100, Min:0
FCollision End Avg:0, SD:3, Max:100, Min:0
FTask1 Avg:0, SD:0, Max:13, Min:0
FTask2 Avg:0, SD:1, Max:28, Min:0
FTask3 Avg:0, SD:0, Max:3, Min:0
FCore Active Avg:0, SD:1, Max:28, Min:0
FRouter Active Avg:1, SD:3, Max:24, Min:0
T1 invocations: 827
T2 invocations: 836
T3 invocations: 45,936
T3b invocations: 0
Total3 invocations: 45,936
Total4 invocations: 248

T3/T2 ratio: 55
T3b/T3 ratio: 0

T1 avg ex cycles: 36
T2 avg ex cycles: 59
T3&b avg ex cycles: 5
T4 avg ex cycles: 38
Avg. hops NOC1: 4
Avg. latency NOC1 (T2): 16,013
Avg. hops NOC2: 16
Avg. latency NOC2 (T3): 638

===PRINTING ACUM STATS at pu_cycles: 2,400,083

ACollision In Avg:45, SD:18, Max:134, Min:7
ACollision Out Avg:42, SD:21, Max:106, Min:2
ACollision End Avg:13, SD:9, Max:87, Min:1
ATask1 Avg:10, SD:0, Max:10, Min:5
ATask2 Avg:13, SD:1, Max:17, Min:3
ATask3 Avg:33, SD:5, Max:69, Min:22
ACore Active Avg:56, SD:5, Max:86, Min:43
ARouter Active Avg:51, SD:4, Max:63, Min:21
T1 invocations: 6,040,797
T2 invocations: 5,770,304
T3 invocations: 147,815,795
T3b invocations: 0
Total3 invocations: 147,815,795
Total4 invocations: 142,482

T3/T2 ratio: 26
T3b/T3 ratio: 0

T1 avg ex cycles: 39
T2 avg ex cycles: 55
T3&b avg ex cycles: 5
T4 avg ex cycles: 164
Avg. hops NOC1: 3
Avg. latency NOC1 (T2): 9,182
Avg. hops NOC2: 13
Avg. latency NOC2 (T3): 4,940
Number of K Nodes Processed: 5,357
Number of K Edges Processed: 147,816
Node Re-explore factor: 1.28
Edge Re-explore factor: 1.15
Nodes/cy: 2
Edges/cy: 62
TEPS: 53

---DCache---
DCache Size: 60,880
DRAM words: 133,760
  DHits: 262,725,100
  DMisses: 11,047,346
  DHit Rate (hit/miss): 96%
  DEvictions: 7,215,421
  DEviction Rate (evict/misses): 65%
  MC Transactions: 12,044,963
  MC Writes: 869,783
Avg. Transactions: 16% , Writes: 1%, Avg. Latency: 12
Max MC id: 29 of 32. Transactions: 17% , Writes: 1%, MC mean Latency: 12
HBM refresh energy (nJ): 7
HBM access energy (nJ): 22,817,977
MemC wire energy 2.5d (nJ): 4,506,986
MemC wire energy 3d (nJ): 1,126,746

---Energy---
Leakage Energy (nJ): 444,286
PU Dyn E (nJ): 8,317,999
Mem Dyn E (nJ): 52,168,558
Route Dyn E (nJ): 11,417,072
Dynamic Energy (nJ): 71,903,629
Ratio of Dyn/Leak: 162
Total Energy (nJ): 72,347,915
Total Energy (nJ) 3D: 76,252,999
Cores Energy (nJ): 8,324,678
Route Energy (nJ): 11,462,985
Route Energy (nJ) 3D: 18,748,308
Mem Energy   (nJ): 52,560,252
Mem Energy   (nJ) 3D: 49,180,012
Avg. Power (mW): 30,143.92
Power Density (mW/mm2): 35.04

---Runtime---
Runtime in K cycles: 2,400.08
Microseconds: 2,400.08
Time per iteration (ms): 2.40

---Throughput---
GOP/s (aka OPS/ns): 514.29
GOP/s per core: 0.50
GFLOP/s: 61.59
GFLOP/s per core: 0.06
Max Peak GFLOP/s: 1,024.00
Avg. BW GB/s: 2,205.82
Max BW GB/s: 4,096.00

---Traffic---
In-Die bisection_bytes BW (GB/s): 256.00
Inter-board traffic (msg/ns): 0.00, per-link: 0.00
Inter-pack traffic (msg/ns): 0.00, per-link: 0.00
Inter-die traffic (msg/ns): 42.77, per-link: 0.17
Ruche traffic (msg/ns): 45.84, per-link: 0.18
All traffic (msg/ns): 1,683.99, per-link: 1.64
Inter-die reduction wrt all: 39.37
Inter-board reduction wrt inter-die: inf

---Data Movement---
All traffic (msg): 4,041,703,934
Arith. Intensity FLOP/Loads: 0.22
Arith. Intensity FLOP/Msgs: 0.04
Arith. Intensity OPS/Loads: 1.84
Arith. Intensity OPS/Msgs: 0.31



===Core Utilization Total=== CORE-S:24;; TIME K cy:2,400 ;; Nodes Proc: 666,426 -- Edges Proc: 18,982,157
======== IT IS COLD ======= Only 0 Tiles active

===PRINTING FRAME STATS

FCollision In Avg:0, SD:3, Max:95, Min:0
FCollision Out Avg:0, SD:1, Max:22, Min:0
FCollision End Avg:0, SD:0, Max:6, Min:0
FTask1 Avg:0, SD:0, Max:13, Min:0
FTask2 Avg:0, SD:3, Max:83, Min:0
FTask3 Avg:0, SD:0, Max:3, Min:0
FCore Active Avg:1, SD:3, Max:84, Min:0
FRouter Active Avg:1, SD:3, Max:45, Min:0
T1 invocations: 817
T2 invocations: 2,381
T3 invocations: 73,126
T3b invocations: 0
Total3 invocations: 73,126
Total4 invocations: 351

T3/T2 ratio: 31
T3b/T3 ratio: 0

T1 avg ex cycles: 37
T2 avg ex cycles: 54
T3&b avg ex cycles: 5
T4 avg ex cycles: 28
Avg. hops NOC1: 3
Avg. latency NOC1 (T2): 2,320
Avg. hops NOC2: 15
Avg. latency NOC2 (T3): 246

===PRINTING ACUM STATS at pu_cycles: 2,500,005

ACollision In Avg:43, SD:17, Max:129, Min:7
ACollision Out Avg:40, SD:20, Max:102, Min:2
ACollision End Avg:12, SD:8, Max:87, Min:1
ATask1 Avg:9, SD:0, Max:10, Min:5
ATask2 Avg:12, SD:1, Max:16, Min:8
ATask3 Avg:32, SD:5, Max:69, Min:21
ACore Active Avg:55, SD:5, Max:86, Min:43
ARouter Active Avg:49, SD:4, Max:60, Min:20
T1 invocations: 6,041,115
T2 invocations: 5,773,171
T3 invocations: 147,887,592
T3b invocations: 0
Total3 invocations: 147,887,592
Total4 invocations: 142,797

T3/T2 ratio: 26
T3b/T3 ratio: 0

T1 avg ex cycles: 39
T2 avg ex cycles: 55
T3&b avg ex cycles: 5
T4 avg ex cycles: 164
Avg. hops NOC1: 3
Avg. latency NOC1 (T2): 9,181
Avg. hops NOC2: 13
Avg. latency NOC2 (T3): 4,938
Number of K Nodes Processed: 5,357
Number of K Edges Processed: 147,906
Node Re-explore factor: 1.28
Edge Re-explore factor: 1.15
Nodes/cy: 2
Edges/cy: 59
TEPS: 51

---DCache---
DCache Size: 60,880
DRAM words: 133,760
  DHits: 262,907,587
  DMisses: 11,053,745
  DHit Rate (hit/miss): 96%
  DEvictions: 7,221,820
  DEviction Rate (evict/misses): 65%
  MC Transactions: 12,051,698
  MC Writes: 870,118
Avg. Transactions: 15% , Writes: 1%, Avg. Latency: 12
Max MC id: 29 of 32. Transactions: 16% , Writes: 1%, MC mean Latency: 12
HBM refresh energy (nJ): 7
HBM access energy (nJ): 22,830,736
MemC wire energy 2.5d (nJ): 4,509,506
MemC wire energy 3d (nJ): 1,127,376

---Energy---
Leakage Energy (nJ): 462,783
PU Dyn E (nJ): 8,321,598
Mem Dyn E (nJ): 52,197,546
Route Dyn E (nJ): 11,423,800
Dynamic Energy (nJ): 71,942,945
Ratio of Dyn/Leak: 155
Total Energy (nJ): 72,405,728
Total Energy (nJ) 3D: 76,313,190
Cores Energy (nJ): 8,328,556
Route Energy (nJ): 11,471,625
Route Energy (nJ) 3D: 18,761,216
Mem Energy   (nJ): 52,605,547
Mem Energy   (nJ) 3D: 49,223,418
Avg. Power (mW): 28,962.23
Power Density (mW/mm2): 33.67

---Runtime---
Runtime in K cycles: 2,500.01
Microseconds: 2,500.01
Time per iteration (ms): 2.50

---Throughput---
GOP/s (aka OPS/ns): 493.93
GOP/s per core: 0.48
GFLOP/s: 59.15
GFLOP/s per core: 0.06
Max Peak GFLOP/s: 1,024.00
Avg. BW GB/s: 2,118.76
Max BW GB/s: 4,096.00

---Traffic---
In-Die bisection_bytes BW (GB/s): 256.00
Inter-board traffic (msg/ns): 0.00, per-link: 0.00
Inter-pack traffic (msg/ns): 0.00, per-link: 0.00
Inter-die traffic (msg/ns): 41.09, per-link: 0.16
Ruche traffic (msg/ns): 44.03, per-link: 0.17
All traffic (msg/ns): 1,617.61, per-link: 1.58
Inter-die reduction wrt all: 39.37
Inter-board reduction wrt inter-die: inf

---Data Movement---
All traffic (msg): 4,044,039,215
Arith. Intensity FLOP/Loads: 0.22
Arith. Intensity FLOP/Msgs: 0.04
Arith. Intensity OPS/Loads: 1.84
Arith. Intensity OPS/Msgs: 0.31



===Core Utilization Total=== CORE-S:25;; TIME K cy:2,500 ;; Nodes Proc: 666,484 -- Edges Proc: 18,982,205
======== IT IS COLD ======= Only 0 Tiles active
Epoch Done Router: 4
Epoch Done Router: 7
Epoch Done Router: 3
Epoch Done Router: 0
Epoch Done Router: 2
Epoch Done Router: 1
Epoch Done Router: 5
##EPOCH## 1 COMPLETED at Time (K cy): 2,511
Nodes processed until now: 5,357,553
Edges processed until now: 147,909,866
Epoch Done Router: 6
Program Done Worker Thread: 5
Program Done Worker Thread: 3
Program Done Router Thread: 2
Program Done Router Thread: 6
Program Done Router Thread: 4
Program Done Worker Thread: 1
Program Done Worker Thread: 2
Program Done Router Thread: 0
Program Done Worker Thread: 6
Program Done Worker Thread: 4
Program Done Router Thread: 5
Program Done Worker Thread: 7
Program Done Router Thread: 7
Program Done Router Thread: 3
Program Done Router Thread: 1
Program Done Worker Thread: 0

===PRINTING ACUM STATS at pu_cycles: 2,511,424

ACollision In Avg:43, SD:17, Max:128, Min:7
ACollision Out Avg:40, SD:20, Max:101, Min:2
ACollision End Avg:12, SD:8, Max:84, Min:1
ATask1 Avg:9, SD:0, Max:10, Min:8
ATask2 Avg:12, SD:1, Max:16, Min:10
ATask3 Avg:31, SD:5, Max:66, Min:21
ACore Active Avg:54, SD:5, Max:86, Min:43
ARouter Active Avg:48, SD:4, Max:60, Min:20
T1 invocations: 6,043,473
T2 invocations: 5,774,753
T3 invocations: 147,909,866
T3b invocations: 0
Total3 invocations: 147,909,866
Total4 invocations: 142,920

T3/T2 ratio: 26
T3b/T3 ratio: 0

T1 avg ex cycles: 39
T2 avg ex cycles: 55
T3&b avg ex cycles: 5
T4 avg ex cycles: 164
Avg. hops NOC1: 3
Avg. latency NOC1 (T2): 9,179
Avg. hops NOC2: 13
Avg. latency NOC2 (T3): 4,937

Runtime at program end in K cycles: 2,511
Runtime before cooldown in K cycles: 1,500


Number of K Nodes Processed: 5,357
Number of K Edges Processed: 147,909
Node Re-explore factor: 1.28
Edge Re-explore factor: 1.15
Nodes/cy: 2
Edges/cy: 59
TEPS: 51

---DCache---
DCache Size: 60,880
DRAM words: 133,760
  DHits: 262,915,464
  DMisses: 11,054,004
  DHit Rate (hit/miss): 96%
  DEvictions: 7,222,079
  DEviction Rate (evict/misses): 65%
  MC Transactions: 12,051,965
  MC Writes: 870,126
Avg. Transactions: 15% , Writes: 1%, Avg. Latency: 12
Max MC id: 29 of 32. Transactions: 16% , Writes: 1%, MC mean Latency: 12
HBM refresh energy (nJ): 7
HBM access energy (nJ): 22,831,242
MemC wire energy 2.5d (nJ): 4,509,606
MemC wire energy 3d (nJ): 1,127,401

---Energy---
Leakage Energy (nJ): 464,897
PU Dyn E (nJ): 8,323,194
Mem Dyn E (nJ): 52,202,434
Route Dyn E (nJ): 11,424,499
Dynamic Energy (nJ): 71,950,128
Ratio of Dyn/Leak: 155
Total Energy (nJ): 72,415,025
Total Energy (nJ) 3D: 76,322,957
Cores Energy (nJ): 8,330,184
Route Energy (nJ): 11,472,542
Route Energy (nJ) 3D: 18,762,679
Mem Energy   (nJ): 52,612,299
Mem Energy   (nJ) 3D: 49,230,094
Avg. Power (mW): 28,834.25
Power Density (mW/mm2): 33.52

---Runtime---
Runtime in K cycles: 2,511.42
Microseconds: 2,511.42
Time per iteration (ms): 2.51

---Inst---
K Loads: 671,947
K Stores: 652,543
K Instructions: 1,235,094

---Throughput---
GOP/s (aka OPS/ns): 491.79
GOP/s per core: 0.48
GFLOP/s: 58.89
GFLOP/s per core: 0.06
Max Peak GFLOP/s: 1,024.00
Avg. BW GB/s: 2,109.55
Max BW GB/s: 4,096.00

---Traffic---
In-Die bisection_bytes BW (GB/s): 256.00
Inter-board traffic (msg/ns): 0.00, per-link: 0.00
Inter-pack traffic (msg/ns): 0.00, per-link: 0.00
Inter-die traffic (msg/ns): 40.90, per-link: 0.16
Ruche traffic (msg/ns): 43.83, per-link: 0.17
All traffic (msg/ns): 1,610.38, per-link: 1.57
Inter-die reduction wrt all: 39.37
Inter-board reduction wrt inter-die: inf

---Data Movement---
All traffic (msg): 4,044,340,788
Arith. Intensity FLOP/Loads: 0.22
Arith. Intensity FLOP/Msgs: 0.04
Arith. Intensity OPS/Loads: 1.84
Arith. Intensity OPS/Msgs: 0.31

Simulation time: 207.84
Sim time / DUT time: 80.82
Sim noc_cy/s: 12,083.22
Sim Msg/s: 19,458,542.55

Version 32

