Dataset:  Kron22/
Dry run: 0
Open Edge Count File succesfully
Edges Traversed BFS: 128309848
Found Vertices: 4194304, Edges: 128311436
avg degree 31
Array  Kron22/node_array.bin found
Malloc array of size 16777220 bytes
Readin array of size 16777216 bytes
Finished Reading Array Bytes
No reordering Array 32bit
Array  Kron22/edge_array.bin found
Malloc array of size 513245744 bytes
Readin array of size 513245744 bytes
Finished Reading Array Bytes
No reordering Array 32bit
Array  Kron22/edge_values.bin found
Malloc array of size 513245744 bytes
Readin array of size 513245744 bytes
Finished Reading Array Bytes
No reordering Array 32bit
Reading graph elapsed time: 0.287475s

Dataset Footprint: 1027 MiB
Dataset Footprint per Board: 8615.1 Mb
Dataset injection time (ms): 0.525824
Max Dataset Footprint: 1026 MiB

Dataset footprint per tile: 1027 KiB
Proxys footprint per tile: 0 KiB
Reserved SRAM per tile: 221 KiB

Ideal SRAM per tile: 1248 KiB
reserved_words_for_dataset:93509
dataset_words_per_tile:262912
remaining_sram_words:467546
min_dcache_sram_words_required:94599
dataset_words_per_tile:262912
min_pcache_sram_words_required:0
proxys_words_per_tile:0
Dcache footprint ratio: 1
Dataset Cached: 0
DCache: 262912 words, lines: 16432, sets: 16432
Proxys Cached: 0
Pcache: 0 words, sets: 0
Node per tile: 4,096
Edge per tile: 125,305
GRID_X: 32
GRID_SIZE: 1,024
smt_per_tile: 4
noc_freq: 1
pu_freq: 1
RUCHE_X: 4
PROXY_W: 32
DIE_W: 8
DIE_H: 8
DIES: 16
BORDER_TILES_PER_DIE: 32
PACK_W: 32
PACK_H: 32
DIES_PACK_FACTOR: 4
DIES_PER_PACK: 16
PACKAGES: 1
BOARD_W: 32
BOARD_H: 32
BOARDS: 1
MUX_BUS: 1
DCACHE: 1
PCACHE: 0
PROXY_FACTOR: 1
CACHE_WAYS: 1
TORUS: 1
PHY_NOCS: 1
WIDE_NOC_ID: 0
NOC_CONF: 1
noc_width: 32
hbm_channel_bit_width: 512
ld_st_op_byte_width: 4
PROXY_ROUTING: 0
WITHIN_REGION: 0
WRITE_THROUGH: 0
ASSERT_MODE: 0
GLOBAL_BARRIER: 0
OQ flits: 144 ; 6,144 ; 2
IQ flits: 1,152 ; 49,152 ; 2
OQ messages: 48 ; 3,072 ; 1
IQ messages: 384 ; 24,576 ; 1
max_task2 size: 64
io_factor_t2: 8
io_factor_t3: 8
io_factor_t3b: 8

Active SRAM Storage per tile: 1,248 KiB
Total SRAM Storage per tile: 2,048 KiB
Agreggated SRAM Storage: 2,048 MiB

Active DRAM Storage per tile: 0 MiB
Total DRAM Storage per tile: 128 MiB
Agreggated DRAM Storage: 128 GiB

Inter-Die #links: 256
Inter-Die (Gbits): 8,192
Inter-Die (Gbits/mm): 245.576
Bisection BW of Board (Gbits): 8,192
Border IO #Dies: 16
Border IO Die BW (Gbits): 1,024
Off-Board BW Total (Gbits): 16,384
Off-Board BW Density (Gbits/mm): 72
Die side: 8.34 mm
Die border wire density: 245.58 Gbits/mm
HBM wire density: 491.15 Gbits/mm

Tiles per Die: 64 (8x8)
Tile Area: 0.76 mm2, side: 0.87 mm
- Core/Rout Area: 0.19 mm2
- SRAM Area: 0.57 mm2
- SRAM/Logic Ratio: 3.08x

Dies per Package: 16 (4x4)
Die Area: 69.55 mm2, side: 8.34 mm
- Tiles Area: 48.68 mm2
- PHY Area: 11.87 mm2
- MC Area: 9.00 mm2

Packages per Board: 1 (1x1)
Package Area: 3,192.77 mm2, side: 56.50 mm
- IOdie Area: 320.00 mm2
- Dies Area: 1,112.77 mm2
- HBM Area: 1,760.00 mm2

Boards: 1 (1x1)
Board Area: 3,192.77 mm2
Total Area: 3,192.77 mm2



ESTIMATED COST OF SILICON AND PACKAGING. ONLY VARIABLE, NO FIXED COSTS
Good dies per wafer 3d: 481
Good dies per wafer 2d: 802
--Dies 3D Cost: 201.15 $
--Dies 2.5D Cost: 120.64 $
--Dies 2D Cost: 120.64 $
--HBM Cost: 960.00 $
--IOdie Cost: 33.76 $
--Packaging Cost 3d: 41.27 $
--Packaging Cost 2.5d: 65.38 $
--Packaging Cost 2d: 23.16 $
SiP Cost 3d: 1,236.17 $
SiP Cost 2.5d: 1,179.78 $
SiP Cost 2d: 177.56 $
--Board Cost: 3.19 $
Total SiPs Cost 3d: 1,239.37 $
Total SiPs Cost 2.5d: 1,182.97 $
Total SiPs Cost 2d: 180.75 $

Perf counters initialized
Mesh connected
Cache structures initialized
proxys initialized
Dataset structures initialized


Starting Simulation
INIT epoch: 1
INIT epoch: 1
INIT epoch: 1
INIT epoch: 1
INIT epoch: 1
INIT epoch: 1
INIT epoch: 1
INIT epoch: 1

===PRINTING FRAME STATS

FCollision In Avg:-nan, SD:-nan, Max:456, Min:73
FCollision Out Avg:-nan, SD:-nan, Max:357, Min:27
FCollision End Avg:-nan, SD:-nan, Max:98, Min:0
FTask1 Avg:-nan, SD:-nan, Max:66, Min:4
FTask2 Avg:-nan, SD:-nan, Max:219, Min:0
FTask3 Avg:-nan, SD:-nan, Max:120, Min:34
FCore Active Avg:-nan, SD:-nan, Max:82, Min:12
FRouter Active Avg:-nan, SD:-nan, Max:98, Min:70
T1 invocations: 243,268
T2 invocations: 672,097
T3 invocations: 18,646,479
T3b invocations: 0
Total3 invocations: 18,646,479
Total4 invocations: 0

T3/T2 ratio: 28
T3b/T3 ratio: 0

T1 avg ex cycles: 115
T2 avg ex cycles: 134
T3&b avg ex cycles: 3
T4 avg ex cycles: -nan
Avg. hops NOC1: 3
Avg. latency NOC1 (T2): 29,902
Avg. hops NOC2: 11
Avg. latency NOC2 (T3): 12,570

===PRINTING ACUM STATS at pu_cycles: 101,240

ACollision In Avg:-nan, SD:-nan, Max:456, Min:73
ACollision Out Avg:-nan, SD:-nan, Max:357, Min:27
ACollision End Avg:-nan, SD:-nan, Max:98, Min:0
ATask1 Avg:-nan, SD:-nan, Max:66, Min:4
ATask2 Avg:-nan, SD:-nan, Max:219, Min:0
ATask3 Avg:-nan, SD:-nan, Max:120, Min:34
ACore Active Avg:-nan, SD:-nan, Max:82, Min:12
ARouter Active Avg:-nan, SD:-nan, Max:98, Min:70
T1 invocations: 243,682
T2 invocations: 673,540
T3 invocations: 18,664,968
T3b invocations: 0
Total3 invocations: 18,664,968
Total4 invocations: 0

T3/T2 ratio: 28
T3b/T3 ratio: 0

T1 avg ex cycles: 115
T2 avg ex cycles: 134
T3&b avg ex cycles: 3
T4 avg ex cycles: -nan
Avg. hops NOC1: 3
Avg. latency NOC1 (T2): 29,886
Avg. hops NOC2: 11
Avg. latency NOC2 (T3): 12,570
Number of K Nodes Processed: 18,845
Number of K Edges Processed: 21,403
Node Re-explore factor: 4.49
Edge Re-explore factor: 0.17
Nodes/cy: 186
Edges/cy: 211
TEPS: 1,267

---DCache---
DCache Size: 262,912
DRAM words: 0
  DHits: 0
  DMisses: 0

---Energy---
Leakage Energy (nJ): 86,269
PU Dyn E (nJ): 1,223,095
Mem Dyn E (nJ): 8,283,445
Route Dyn E (nJ): 2,692,458
Dynamic Energy (nJ): 12,198,999
Ratio of Dyn/Leak: 141
Total Energy (nJ): 12,285,268
Total Energy (nJ) 3D: 13,624,472
Cores Energy (nJ): 1,224,223
Route Energy (nJ): 2,696,738
Route Energy (nJ) 3D: 4,035,942
Mem Energy   (nJ): 8,364,308
Mem Energy   (nJ) 3D: 8,364,308
Avg. Power (mW): 121,347.97
Power Density (mW/mm2): 38.01

---Runtime---
Runtime in K cycles: 101.24
Microseconds: 101.24
Time per iteration (ms): 0.10

---Throughput---
GOP/s (aka OPS/ns): 1,078.65
GOP/s per core: 1.05
GFLOP/s: 393.22
GFLOP/s per core: 0.38
Max Peak GFLOP/s: 4,096.00
Avg. BW GB/s: 8,215.87
Max BW GB/s: 16,384.00

---Traffic---
In-Die bisection_bytes BW (GB/s): 128.00
Inter-board traffic (msg/ns): 0.00, per-link: 0.00
Inter-pack traffic (msg/ns): 0.00, per-link: 0.00
Inter-die traffic (msg/ns): 259.64, per-link: 0.51
Ruche traffic (msg/ns): 410.05, per-link: 0.80
All traffic (msg/ns): 3,961.60, per-link: 3.87
Inter-die reduction wrt all: 15.26
Inter-board reduction wrt inter-die: inf

---Data Movement---
All traffic (msg): 401,072,434
Arith. Intensity FLOP/Loads: 0.38
Arith. Intensity FLOP/Msgs: 0.10
Arith. Intensity OPS/Loads: 1.05
Arith. Intensity OPS/Msgs: 0.27



===Core Utilization Total=== CORE-S:1;; TIME K cy:100 ;; Nodes Proc: 2,348,322 -- Edges Proc: 2,850,063

===PRINTING FRAME STATS

FCollision In Avg:173, SD:56, Max:386, Min:44
FCollision Out Avg:140, SD:47, Max:352, Min:8
FCollision End Avg:63, SD:43, Max:100, Min:0
FTask1 Avg:16, SD:14, Max:69, Min:0
FTask2 Avg:79, SD:63, Max:292, Min:0
FTask3 Avg:57, SD:10, Max:118, Min:36
FCore Active Avg:38, SD:18, Max:99, Min:9
FRouter Active Avg:91, SD:3, Max:99, Min:75
T1 invocations: 178,760
T2 invocations: 586,702
T3 invocations: 19,316,201
T3b invocations: 0
Total3 invocations: 19,316,201
Total4 invocations: 0

T3/T2 ratio: 33
T3b/T3 ratio: 0

T1 avg ex cycles: 90
T2 avg ex cycles: 138
T3&b avg ex cycles: 3
T4 avg ex cycles: -nan
Avg. hops NOC1: 2
Avg. latency NOC1 (T2): 53,606
Avg. hops NOC2: 11
Avg. latency NOC2 (T3): 12,787

===PRINTING ACUM STATS at pu_cycles: 201,202

ACollision In Avg:178, SD:54, Max:394, Min:58
ACollision Out Avg:142, SD:42, Max:354, Min:25
ACollision End Avg:62, SD:37, Max:99, Min:0
ATask1 Avg:22, SD:11, Max:57, Min:2
ATask2 Avg:84, SD:48, Max:250, Min:0
ATask3 Avg:56, SD:10, Max:119, Min:35
ACore Active Avg:40, SD:14, Max:89, Min:11
ARouter Active Avg:91, SD:3, Max:98, Min:73
T1 invocations: 424,561
T2 invocations: 1,265,653
T3 invocations: 38,100,806
T3b invocations: 0
Total3 invocations: 38,100,806
Total4 invocations: 0

T3/T2 ratio: 30
T3b/T3 ratio: 0

T1 avg ex cycles: 104
T2 avg ex cycles: 136
T3&b avg ex cycles: 3
T4 avg ex cycles: -nan
Avg. hops NOC1: 3
Avg. latency NOC1 (T2): 40,867
Avg. hops NOC2: 11
Avg. latency NOC2 (T3): 12,681
Number of K Nodes Processed: 38,171
Number of K Edges Processed: 40,496
Node Re-explore factor: 9.10
Edge Re-explore factor: 0.32
Nodes/cy: 190
Edges/cy: 201
TEPS: 638

---DCache---
DCache Size: 262,912
DRAM words: 0
  DHits: 0
  DMisses: 0

---Energy---
Leakage Energy (nJ): 171,449
PU Dyn E (nJ): 2,367,282
Mem Dyn E (nJ): 16,318,851
Route Dyn E (nJ): 5,466,316
Dynamic Energy (nJ): 24,152,450
Ratio of Dyn/Leak: 141
Total Energy (nJ): 24,323,899
Total Energy (nJ) 3D: 27,045,761
Cores Energy (nJ): 2,369,523
Route Energy (nJ): 5,474,822
Route Energy (nJ) 3D: 8,196,684
Mem Energy   (nJ): 16,479,555
Mem Energy   (nJ) 3D: 16,479,555
Avg. Power (mW): 120,892.93
Power Density (mW/mm2): 37.86

---Runtime---
Runtime in K cycles: 201.20
Microseconds: 201.20
Time per iteration (ms): 0.20

---Throughput---
GOP/s (aka OPS/ns): 1,020.94
GOP/s per core: 1.00
GFLOP/s: 390.34
GFLOP/s per core: 0.38
Max Peak GFLOP/s: 4,096.00
Avg. BW GB/s: 8,144.34
Max BW GB/s: 16,384.00

---Traffic---
In-Die bisection_bytes BW (GB/s): 128.00
Inter-board traffic (msg/ns): 0.00, per-link: 0.00
Inter-pack traffic (msg/ns): 0.00, per-link: 0.00
Inter-die traffic (msg/ns): 262.98, per-link: 0.51
Ruche traffic (msg/ns): 419.46, per-link: 0.82
All traffic (msg/ns): 4,049.11, per-link: 3.95
Inter-die reduction wrt all: 15.40
Inter-board reduction wrt inter-die: inf

---Data Movement---
All traffic (msg): 814,688,546
Arith. Intensity FLOP/Loads: 0.38
Arith. Intensity FLOP/Msgs: 0.10
Arith. Intensity OPS/Loads: 1.00
Arith. Intensity OPS/Msgs: 0.25



===Core Utilization Total=== CORE-S:2;; TIME K cy:200 ;; Nodes Proc: 4,746,400 -- Edges Proc: 5,112,887

===PRINTING FRAME STATS

FCollision In Avg:159, SD:57, Max:370, Min:18
FCollision Out Avg:130, SD:55, Max:334, Min:1
FCollision End Avg:56, SD:45, Max:100, Min:0
FTask1 Avg:14, SD:13, Max:71, Min:0
FTask2 Avg:70, SD:59, Max:322, Min:0
FTask3 Avg:51, SD:9, Max:105, Min:18
FCore Active Avg:34, SD:17, Max:100, Min:8
FRouter Active Avg:89, SD:5, Max:98, Min:58
T1 invocations: 157,640
T2 invocations: 520,793
T3 invocations: 17,462,150
T3b invocations: 0
Total3 invocations: 17,462,150
Total4 invocations: 0

T3/T2 ratio: 34
T3b/T3 ratio: 0

T1 avg ex cycles: 89
T2 avg ex cycles: 137
T3&b avg ex cycles: 3
T4 avg ex cycles: -nan
Avg. hops NOC1: 2
Avg. latency NOC1 (T2): 57,464
Avg. hops NOC2: 11
Avg. latency NOC2 (T3): 12,552

===PRINTING ACUM STATS at pu_cycles: 301,214

ACollision In Avg:172, SD:51, Max:382, Min:56
ACollision Out Avg:138, SD:44, Max:347, Min:18
ACollision End Avg:60, SD:36, Max:99, Min:0
ATask1 Avg:19, SD:10, Max:45, Min:1
ATask2 Avg:79, SD:43, Max:178, Min:0
ATask3 Avg:54, SD:10, Max:115, Min:34
ACore Active Avg:38, SD:12, Max:71, Min:10
ARouter Active Avg:90, SD:3, Max:97, Min:73
T1 invocations: 578,941
T2 invocations: 1,775,466
T3 invocations: 55,220,330
T3b invocations: 0
Total3 invocations: 55,220,330
Total4 invocations: 0

T3/T2 ratio: 31
T3b/T3 ratio: 0

T1 avg ex cycles: 100
T2 avg ex cycles: 136
T3&b avg ex cycles: 3
T4 avg ex cycles: -nan
Avg. hops NOC1: 3
Avg. latency NOC1 (T2): 45,734
Avg. hops NOC2: 11
Avg. latency NOC2 (T3): 12,639
Number of K Nodes Processed: 55,541
Number of K Edges Processed: 57,598
Node Re-explore factor: 13.24
Edge Re-explore factor: 0.45
Nodes/cy: 184
Edges/cy: 191
TEPS: 426

---DCache---
DCache Size: 262,912
DRAM words: 0
  DHits: 0
  DMisses: 0

---Energy---
Leakage Energy (nJ): 256,672
PU Dyn E (nJ): 3,358,311
Mem Dyn E (nJ): 23,307,786
Route Dyn E (nJ): 7,941,708
Dynamic Energy (nJ): 34,607,805
Ratio of Dyn/Leak: 135
Total Energy (nJ): 34,864,477
Total Energy (nJ) 3D: 38,817,950
Cores Energy (nJ): 3,361,664
Route Energy (nJ): 7,954,442
Route Energy (nJ) 3D: 11,907,914
Mem Energy   (nJ): 23,548,372
Mem Energy   (nJ) 3D: 23,548,372
Avg. Power (mW): 115,746.54
Power Density (mW/mm2): 36.25

---Runtime---
Runtime in K cycles: 301.21
Microseconds: 301.21
Time per iteration (ms): 0.30

---Throughput---
GOP/s (aka OPS/ns): 957.66
GOP/s per core: 0.94
GFLOP/s: 372.33
GFLOP/s per core: 0.36
Max Peak GFLOP/s: 4,096.00
Avg. BW GB/s: 7,770.08
Max BW GB/s: 16,384.00

---Traffic---
In-Die bisection_bytes BW (GB/s): 128.00
Inter-board traffic (msg/ns): 0.00, per-link: 0.00
Inter-pack traffic (msg/ns): 0.00, per-link: 0.00
Inter-die traffic (msg/ns): 257.40, per-link: 0.50
Ruche traffic (msg/ns): 405.25, per-link: 0.79
All traffic (msg/ns): 3,927.63, per-link: 3.84
Inter-die reduction wrt all: 15.26
Inter-board reduction wrt inter-die: inf

---Data Movement---
All traffic (msg): 1,183,056,003
Arith. Intensity FLOP/Loads: 0.38
Arith. Intensity FLOP/Msgs: 0.09
Arith. Intensity OPS/Loads: 0.99
Arith. Intensity OPS/Msgs: 0.24



===Core Utilization Total=== CORE-S:3;; TIME K cy:300 ;; Nodes Proc: 6,899,843 -- Edges Proc: 7,198,842

===PRINTING FRAME STATS

FCollision In Avg:145, SD:60, Max:370, Min:2
FCollision Out Avg:122, SD:63, Max:349, Min:0
FCollision End Avg:50, SD:46, Max:100, Min:0
FTask1 Avg:11, SD:12, Max:69, Min:0
FTask2 Avg:60, SD:57, Max:330, Min:0
FTask3 Avg:43, SD:8, Max:88, Min:13
FCore Active Avg:29, SD:16, Max:96, Min:7
FRouter Active Avg:85, SD:8, Max:96, Min:36
T1 invocations: 134,699
T2 invocations: 441,277
T3 invocations: 14,717,391
T3b invocations: 0
Total3 invocations: 14,717,391
Total4 invocations: 0

T3/T2 ratio: 33
T3b/T3 ratio: 0

T1 avg ex cycles: 87
T2 avg ex cycles: 139
T3&b avg ex cycles: 3
T4 avg ex cycles: -nan
Avg. hops NOC1: 2
Avg. latency NOC1 (T2): 60,181
Avg. hops NOC2: 11
Avg. latency NOC2 (T3): 13,496

===PRINTING ACUM STATS at pu_cycles: 401,702

ACollision In Avg:165, SD:51, Max:378, Min:42
ACollision Out Avg:134, SD:47, Max:348, Min:13
ACollision End Avg:58, SD:35, Max:99, Min:0
ATask1 Avg:17, SD:8, Max:30, Min:1
ATask2 Avg:75, SD:36, Max:134, Min:0
ATask3 Avg:51, SD:9, Max:108, Min:32
ACore Active Avg:36, SD:10, Max:59, Min:10
ARouter Active Avg:89, SD:4, Max:96, Min:65
T1 invocations: 716,783
T2 invocations: 2,237,199
T3 invocations: 70,253,755
T3b invocations: 0
Total3 invocations: 70,253,755
Total4 invocations: 0

T3/T2 ratio: 31
T3b/T3 ratio: 0

T1 avg ex cycles: 98
T2 avg ex cycles: 137
T3&b avg ex cycles: 3
T4 avg ex cycles: -nan
Avg. hops NOC1: 3
Avg. latency NOC1 (T2): 48,404
Avg. hops NOC2: 11
Avg. latency NOC2 (T3): 12,818
Number of K Nodes Processed: 70,281
Number of K Edges Processed: 72,094
Node Re-explore factor: 16.76
Edge Re-explore factor: 0.56
Nodes/cy: 175
Edges/cy: 179
TEPS: 319

---DCache---
DCache Size: 262,912
DRAM words: 0
  DHits: 0
  DMisses: 0

---Energy---
Leakage Energy (nJ): 342,301
PU Dyn E (nJ): 4,247,640
Mem Dyn E (nJ): 29,554,289
Route Dyn E (nJ): 10,158,511
Dynamic Energy (nJ): 43,960,440
Ratio of Dyn/Leak: 128
Total Energy (nJ): 44,302,741
Total Energy (nJ) 3D: 49,391,233
Cores Energy (nJ): 4,252,112
Route Energy (nJ): 10,175,494
Route Energy (nJ) 3D: 15,263,985
Mem Energy   (nJ): 29,875,136
Mem Energy   (nJ) 3D: 29,875,136
Avg. Power (mW): 110,287.58
Power Density (mW/mm2): 34.54

---Runtime---
Runtime in K cycles: 401.70
Microseconds: 401.70
Time per iteration (ms): 0.40

---Throughput---
GOP/s (aka OPS/ns): 903.56
GOP/s per core: 0.88
GFLOP/s: 354.30
GFLOP/s per core: 0.35
Max Peak GFLOP/s: 4,096.00
Avg. BW GB/s: 7,387.83
Max BW GB/s: 16,384.00

---Traffic---
In-Die bisection_bytes BW (GB/s): 128.00
Inter-board traffic (msg/ns): 0.00, per-link: 0.00
Inter-pack traffic (msg/ns): 0.00, per-link: 0.00
Inter-die traffic (msg/ns): 247.05, per-link: 0.48
Ruche traffic (msg/ns): 379.54, per-link: 0.74
All traffic (msg/ns): 3,773.24, per-link: 3.68
Inter-die reduction wrt all: 15.27
Inter-board reduction wrt inter-die: inf

---Data Movement---
All traffic (msg): 1,515,717,742
Arith. Intensity FLOP/Loads: 0.38
Arith. Intensity FLOP/Msgs: 0.09
Arith. Intensity OPS/Loads: 0.98
Arith. Intensity OPS/Msgs: 0.24



===Core Utilization Total=== CORE-S:4;; TIME K cy:400 ;; Nodes Proc: 8,749,227 -- Edges Proc: 8,885,893

===PRINTING FRAME STATS

FCollision In Avg:125, SD:61, Max:364, Min:2
FCollision Out Avg:107, SD:68, Max:346, Min:0
FCollision End Avg:44, SD:45, Max:100, Min:0
FTask1 Avg:10, SD:13, Max:87, Min:0
FTask2 Avg:53, SD:59, Max:372, Min:0
FTask3 Avg:40, SD:8, Max:88, Min:11
FCore Active Avg:26, SD:16, Max:100, Min:7
FRouter Active Avg:82, SD:10, Max:97, Min:37
T1 invocations: 120,194
T2 invocations: 393,873
T3 invocations: 13,624,184
T3b invocations: 0
Total3 invocations: 13,624,184
Total4 invocations: 0

T3/T2 ratio: 35
T3b/T3 ratio: 0

T1 avg ex cycles: 88
T2 avg ex cycles: 139
T3&b avg ex cycles: 3
T4 avg ex cycles: -nan
Avg. hops NOC1: 2
Avg. latency NOC1 (T2): 60,734
Avg. hops NOC2: 11
Avg. latency NOC2 (T3): 13,001

===PRINTING ACUM STATS at pu_cycles: 501,064

ACollision In Avg:157, SD:50, Max:356, Min:35
ACollision Out Avg:129, SD:49, Max:348, Min:11
ACollision End Avg:55, SD:34, Max:99, Min:0
ATask1 Avg:16, SD:7, Max:27, Min:1
ATask2 Avg:71, SD:30, Max:108, Min:0
ATask3 Avg:49, SD:9, Max:103, Min:31
ACore Active Avg:34, SD:9, Max:53, Min:10
ARouter Active Avg:88, SD:5, Max:94, Min:63
T1 invocations: 834,762
T2 invocations: 2,625,406
T3 invocations: 83,509,317
T3b invocations: 0
Total3 invocations: 83,509,317
Total4 invocations: 0

T3/T2 ratio: 32
T3b/T3 ratio: 0

T1 avg ex cycles: 96
T2 avg ex cycles: 137
T3&b avg ex cycles: 3
T4 avg ex cycles: -nan
Avg. hops NOC1: 3
Avg. latency NOC1 (T2): 50,200
Avg. hops NOC2: 11
Avg. latency NOC2 (T3): 12,848
Number of K Nodes Processed: 83,816
Number of K Edges Processed: 85,497
Node Re-explore factor: 19.98
Edge Re-explore factor: 0.67
Nodes/cy: 167
Edges/cy: 171
TEPS: 256

---DCache---
DCache Size: 262,912
DRAM words: 0
  DHits: 0
  DMisses: 0

---Energy---
Leakage Energy (nJ): 426,970
PU Dyn E (nJ): 5,011,164
Mem Dyn E (nJ): 34,946,423
Route Dyn E (nJ): 12,095,976
Dynamic Energy (nJ): 52,053,563
Ratio of Dyn/Leak: 122
Total Energy (nJ): 52,480,533
Total Energy (nJ) 3D: 58,536,725
Cores Energy (nJ): 5,016,742
Route Energy (nJ): 12,117,159
Route Energy (nJ) 3D: 18,173,351
Mem Energy   (nJ): 35,346,632
Mem Energy   (nJ) 3D: 35,346,632
Avg. Power (mW): 104,738.18
Power Density (mW/mm2): 32.80

---Runtime---
Runtime in K cycles: 501.06
Microseconds: 501.06
Time per iteration (ms): 0.50

---Throughput---
GOP/s (aka OPS/ns): 851.81
GOP/s per core: 0.83
GFLOP/s: 335.79
GFLOP/s per core: 0.33
Max Peak GFLOP/s: 4,096.00
Avg. BW GB/s: 7,003.42
Max BW GB/s: 16,384.00

---Traffic---
In-Die bisection_bytes BW (GB/s): 128.00
Inter-board traffic (msg/ns): 0.00, per-link: 0.00
Inter-pack traffic (msg/ns): 0.00, per-link: 0.00
Inter-die traffic (msg/ns): 236.98, per-link: 0.46
Ruche traffic (msg/ns): 361.80, per-link: 0.71
All traffic (msg/ns): 3,600.55, per-link: 3.52
Inter-die reduction wrt all: 15.19
Inter-board reduction wrt inter-die: inf

---Data Movement---
All traffic (msg): 1,804,105,753
Arith. Intensity FLOP/Loads: 0.38
Arith. Intensity FLOP/Msgs: 0.09
Arith. Intensity OPS/Loads: 0.97
Arith. Intensity OPS/Msgs: 0.24



===Core Utilization Total=== CORE-S:5;; TIME K cy:500 ;; Nodes Proc: 10,438,987 -- Edges Proc: 10,431,031

===PRINTING FRAME STATS

FCollision In Avg:102, SD:62, Max:349, Min:1
FCollision Out Avg:89, SD:69, Max:329, Min:0
FCollision End Avg:34, SD:41, Max:100, Min:0
FTask1 Avg:10, SD:14, Max:83, Min:0
FTask2 Avg:53, SD:62, Max:391, Min:0
FTask3 Avg:38, SD:8, Max:80, Min:7
FCore Active Avg:25, SD:17, Max:100, Min:6
FRouter Active Avg:80, SD:11, Max:98, Min:32
T1 invocations: 107,839
T2 invocations: 397,223
T3 invocations: 13,072,731
T3b invocations: 0
Total3 invocations: 13,072,731
Total4 invocations: 0

T3/T2 ratio: 33
T3b/T3 ratio: 0

T1 avg ex cycles: 91
T2 avg ex cycles: 138
T3&b avg ex cycles: 3
T4 avg ex cycles: -nan
Avg. hops NOC1: 2
Avg. latency NOC1 (T2): 57,354
Avg. hops NOC2: 11
Avg. latency NOC2 (T3): 12,337

===PRINTING ACUM STATS at pu_cycles: 601,276

ACollision In Avg:148, SD:49, Max:346, Min:29
ACollision Out Avg:122, SD:51, Max:344, Min:9
ACollision End Avg:51, SD:32, Max:99, Min:0
ATask1 Avg:15, SD:5, Max:21, Min:1
ATask2 Avg:68, SD:25, Max:90, Min:0
ATask3 Avg:47, SD:8, Max:99, Min:28
ACore Active Avg:33, SD:7, Max:48, Min:12
ARouter Active Avg:86, SD:5, Max:93, Min:59
T1 invocations: 946,513
T2 invocations: 3,043,557
T3 invocations: 96,860,503
T3b invocations: 0
Total3 invocations: 96,860,503
Total4 invocations: 0

T3/T2 ratio: 32
T3b/T3 ratio: 0

T1 avg ex cycles: 96
T2 avg ex cycles: 137
T3&b avg ex cycles: 3
T4 avg ex cycles: -nan
Avg. hops NOC1: 3
Avg. latency NOC1 (T2): 51,028
Avg. hops NOC2: 11
Avg. latency NOC2 (T3): 12,779
Number of K Nodes Processed: 96,911
Number of K Edges Processed: 98,413
Node Re-explore factor: 23.11
Edge Re-explore factor: 0.77
Nodes/cy: 161
Edges/cy: 164
TEPS: 213

---DCache---
DCache Size: 262,912
DRAM words: 0
  DHits: 0
  DMisses: 0

---Energy---
Leakage Energy (nJ): 512,363
PU Dyn E (nJ): 5,803,809
Mem Dyn E (nJ): 40,516,436
Route Dyn E (nJ): 14,057,872
Dynamic Energy (nJ): 60,378,117
Ratio of Dyn/Leak: 118
Total Energy (nJ): 60,890,480
Total Energy (nJ) 3D: 67,939,299
Cores Energy (nJ): 5,810,503
Route Energy (nJ): 14,083,291
Route Energy (nJ) 3D: 21,132,110
Mem Energy   (nJ): 40,996,687
Mem Energy   (nJ) 3D: 40,996,687
Avg. Power (mW): 101,268.77
Power Density (mW/mm2): 31.72

---Runtime---
Runtime in K cycles: 601.28
Microseconds: 601.28
Time per iteration (ms): 0.60

---Throughput---
GOP/s (aka OPS/ns): 819.78
GOP/s per core: 0.80
GFLOP/s: 324.67
GFLOP/s per core: 0.32
Max Peak GFLOP/s: 4,096.00
Avg. BW GB/s: 6,766.42
Max BW GB/s: 16,384.00

---Traffic---
In-Die bisection_bytes BW (GB/s): 128.00
Inter-board traffic (msg/ns): 0.00, per-link: 0.00
Inter-pack traffic (msg/ns): 0.00, per-link: 0.00
Inter-die traffic (msg/ns): 228.90, per-link: 0.45
Ruche traffic (msg/ns): 349.05, per-link: 0.68
All traffic (msg/ns): 3,488.24, per-link: 3.41
Inter-die reduction wrt all: 15.24
Inter-board reduction wrt inter-die: inf

---Data Movement---
All traffic (msg): 2,097,393,740
Arith. Intensity FLOP/Loads: 0.38
Arith. Intensity FLOP/Msgs: 0.09
Arith. Intensity OPS/Loads: 0.97
Arith. Intensity OPS/Msgs: 0.24



===Core Utilization Total=== CORE-S:6;; TIME K cy:600 ;; Nodes Proc: 12,051,153 -- Edges Proc: 11,919,730

===PRINTING FRAME STATS

FCollision In Avg:69, SD:60, Max:346, Min:2
FCollision Out Avg:59, SD:59, Max:291, Min:0
FCollision End Avg:21, SD:34, Max:100, Min:0
FTask1 Avg:9, SD:16, Max:78, Min:0
FTask2 Avg:56, SD:70, Max:373, Min:0
FTask3 Avg:42, SD:8, Max:99, Min:8
FCore Active Avg:27, SD:19, Max:100, Min:7
FRouter Active Avg:81, SD:10, Max:99, Min:30
T1 invocations: 104,242
T2 invocations: 411,443
T3 invocations: 14,336,855
T3b invocations: 0
Total3 invocations: 14,336,855
Total4 invocations: 0

T3/T2 ratio: 35
T3b/T3 ratio: 0

T1 avg ex cycles: 92
T2 avg ex cycles: 139
T3&b avg ex cycles: 3
T4 avg ex cycles: -nan
Avg. hops NOC1: 2
Avg. latency NOC1 (T2): 52,016
Avg. hops NOC2: 10
Avg. latency NOC2 (T3): 9,448

===PRINTING ACUM STATS at pu_cycles: 701,193

ACollision In Avg:136, SD:48, Max:346, Min:26
ACollision Out Avg:113, SD:50, Max:336, Min:8
ACollision End Avg:47, SD:29, Max:99, Min:0
ATask1 Avg:14, SD:4, Max:19, Min:1
ATask2 Avg:66, SD:18, Max:77, Min:0
ATask3 Avg:47, SD:8, Max:97, Min:30
ACore Active Avg:32, SD:5, Max:47, Min:11
ARouter Active Avg:86, SD:6, Max:92, Min:56
T1 invocations: 1,050,074
T2 invocations: 3,455,679
T3 invocations: 111,183,747
T3b invocations: 0
Total3 invocations: 111,183,747
Total4 invocations: 0

T3/T2 ratio: 32
T3b/T3 ratio: 0

T1 avg ex cycles: 95
T2 avg ex cycles: 137
T3&b avg ex cycles: 3
T4 avg ex cycles: -nan
Avg. hops NOC1: 3
Avg. latency NOC1 (T2): 51,131
Avg. hops NOC2: 11
Avg. latency NOC2 (T3): 12,349
Number of K Nodes Processed: 111,225
Number of K Edges Processed: 111,969
Node Re-explore factor: 26.52
Edge Re-explore factor: 0.87
Nodes/cy: 159
Edges/cy: 160
TEPS: 183

---DCache---
DCache Size: 262,912
DRAM words: 0
  DHits: 0
  DMisses: 0

---Energy---
Leakage Energy (nJ): 597,505
PU Dyn E (nJ): 6,615,577
Mem Dyn E (nJ): 46,284,306
Route Dyn E (nJ): 16,060,485
Dynamic Energy (nJ): 68,960,368
Ratio of Dyn/Leak: 115
Total Energy (nJ): 69,557,873
Total Energy (nJ) 3D: 77,593,202
Cores Energy (nJ): 6,623,383
Route Energy (nJ): 16,090,128
Route Energy (nJ) 3D: 24,125,457
Mem Energy   (nJ): 46,844,363
Mem Energy   (nJ) 3D: 46,844,363
Avg. Power (mW): 99,199.33
Power Density (mW/mm2): 31.07

---Runtime---
Runtime in K cycles: 701.19
Microseconds: 701.19
Time per iteration (ms): 0.70

---Throughput---
GOP/s (aka OPS/ns): 798.57
GOP/s per core: 0.78
GFLOP/s: 318.03
GFLOP/s per core: 0.31
Max Peak GFLOP/s: 4,096.00
Avg. BW GB/s: 6,628.24
Max BW GB/s: 16,384.00

---Traffic---
In-Die bisection_bytes BW (GB/s): 128.00
Inter-board traffic (msg/ns): 0.00, per-link: 0.00
Inter-pack traffic (msg/ns): 0.00, per-link: 0.00
Inter-die traffic (msg/ns): 223.64, per-link: 0.44
Ruche traffic (msg/ns): 345.44, per-link: 0.67
All traffic (msg/ns): 3,416.06, per-link: 3.34
Inter-die reduction wrt all: 15.28
Inter-board reduction wrt inter-die: inf

---Data Movement---
All traffic (msg): 2,395,318,845
Arith. Intensity FLOP/Loads: 0.38
Arith. Intensity FLOP/Msgs: 0.09
Arith. Intensity OPS/Loads: 0.97
Arith. Intensity OPS/Msgs: 0.23



===Core Utilization Total=== CORE-S:7;; TIME K cy:700 ;; Nodes Proc: 13,830,136 -- Edges Proc: 13,701,650
======== IT IS COLD ======= Only 54 Tiles active

===PRINTING FRAME STATS

FCollision In Avg:27, SD:38, Max:263, Min:1
FCollision Out Avg:22, SD:36, Max:253, Min:0
FCollision End Avg:9, SD:22, Max:99, Min:0
FTask1 Avg:8, SD:16, Max:86, Min:0
FTask2 Avg:45, SD:86, Max:344, Min:0
FTask3 Avg:34, SD:7, Max:71, Min:12
FCore Active Avg:21, SD:23, Max:100, Min:5
FRouter Active Avg:67, SD:13, Max:97, Min:29
T1 invocations: 77,629
T2 invocations: 332,786
T3 invocations: 11,495,321
T3b invocations: 0
Total3 invocations: 11,495,321
Total4 invocations: 0

T3/T2 ratio: 35
T3b/T3 ratio: 0

T1 avg ex cycles: 101
T2 avg ex cycles: 137
T3&b avg ex cycles: 3
T4 avg ex cycles: -nan
Avg. hops NOC1: 2
Avg. latency NOC1 (T2): 27,772
Avg. hops NOC2: 9
Avg. latency NOC2 (T3): 5,128

===PRINTING ACUM STATS at pu_cycles: 801,266

ACollision In Avg:123, SD:45, Max:320, Min:23
ACollision Out Avg:102, SD:47, Max:321, Min:10
ACollision End Avg:42, SD:26, Max:99, Min:0
ATask1 Avg:13, SD:2, Max:17, Min:1
ATask2 Avg:64, SD:9, Max:67, Min:7
ATask3 Avg:45, SD:8, Max:94, Min:29
ACore Active Avg:30, SD:3, Max:44, Min:13
ARouter Active Avg:83, SD:6, Max:92, Min:54
T1 invocations: 1,127,246
T2 invocations: 3,788,197
T3 invocations: 122,577,125
T3b invocations: 0
Total3 invocations: 122,577,125
Total4 invocations: 0

T3/T2 ratio: 32
T3b/T3 ratio: 0

T1 avg ex cycles: 96
T2 avg ex cycles: 137
T3&b avg ex cycles: 3
T4 avg ex cycles: -nan
Avg. hops NOC1: 3
Avg. latency NOC1 (T2): 48,954
Avg. hops NOC2: 11
Avg. latency NOC2 (T3): 11,676
Number of K Nodes Processed: 122,680
Number of K Edges Processed: 123,016
Node Re-explore factor: 29.25
Edge Re-explore factor: 0.96
Nodes/cy: 153
Edges/cy: 154
TEPS: 160

---DCache---
DCache Size: 262,912
DRAM words: 0
  DHits: 0
  DMisses: 0

---Energy---
Leakage Energy (nJ): 682,780
PU Dyn E (nJ): 7,263,521
Mem Dyn E (nJ): 50,880,837
Route Dyn E (nJ): 17,509,921
Dynamic Energy (nJ): 75,654,279
Ratio of Dyn/Leak: 111
Total Energy (nJ): 76,337,059
Total Energy (nJ) 3D: 85,039,775
Cores Energy (nJ): 7,272,441
Route Energy (nJ): 17,543,794
Route Energy (nJ) 3D: 26,246,510
Mem Energy   (nJ): 51,520,824
Mem Energy   (nJ) 3D: 51,520,824
Avg. Power (mW): 95,270.56
Power Density (mW/mm2): 29.84

---Runtime---
Runtime in K cycles: 801.27
Microseconds: 801.27
Time per iteration (ms): 0.80

---Throughput---
GOP/s (aka OPS/ns): 765.82
GOP/s per core: 0.75
GFLOP/s: 305.93
GFLOP/s per core: 0.30
Max Peak GFLOP/s: 4,096.00
Avg. BW GB/s: 6,376.46
Max BW GB/s: 16,384.00

---Traffic---
In-Die bisection_bytes BW (GB/s): 128.00
Inter-board traffic (msg/ns): 0.00, per-link: 0.00
Inter-pack traffic (msg/ns): 0.00, per-link: 0.00
Inter-die traffic (msg/ns): 211.14, per-link: 0.41
Ruche traffic (msg/ns): 340.09, per-link: 0.66
All traffic (msg/ns): 3,255.13, per-link: 3.18
Inter-die reduction wrt all: 15.42
Inter-board reduction wrt inter-die: inf

---Data Movement---
All traffic (msg): 2,608,226,622
Arith. Intensity FLOP/Loads: 0.38
Arith. Intensity FLOP/Msgs: 0.09
Arith. Intensity OPS/Loads: 0.96
Arith. Intensity OPS/Msgs: 0.24



===Core Utilization Total=== CORE-S:8;; TIME K cy:800 ;; Nodes Proc: 15,263,411 -- Edges Proc: 15,155,789
======== IT IS COLD ======= Only 30 Tiles active

===PRINTING FRAME STATS

FCollision In Avg:6, SD:18, Max:130, Min:0
FCollision Out Avg:5, SD:16, Max:108, Min:0
FCollision End Avg:2, SD:9, Max:88, Min:0
FTask1 Avg:3, SD:13, Max:96, Min:0
FTask2 Avg:17, SD:53, Max:386, Min:0
FTask3 Avg:15, SD:4, Max:48, Min:3
FCore Active Avg:9, SD:15, Max:100, Min:2
FRouter Active Avg:33, SD:15, Max:98, Min:13
T1 invocations: 35,878
T2 invocations: 124,867
T3 invocations: 5,101,485
T3b invocations: 0
Total3 invocations: 5,101,485
Total4 invocations: 0

T3/T2 ratio: 41
T3b/T3 ratio: 0

T1 avg ex cycles: 94
T2 avg ex cycles: 136
T3&b avg ex cycles: 3
T4 avg ex cycles: -nan
Avg. hops NOC1: 3
Avg. latency NOC1 (T2): 16,317
Avg. hops NOC2: 8
Avg. latency NOC2 (T3): 3,339

===PRINTING ACUM STATS at pu_cycles: 900,591

ACollision In Avg:110, SD:40, Max:285, Min:20
ACollision Out Avg:91, SD:42, Max:297, Min:9
ACollision End Avg:38, SD:23, Max:92, Min:0
ATask1 Avg:12, SD:1, Max:15, Min:3
ATask2 Avg:58, SD:4, Max:60, Min:11
ATask3 Avg:42, SD:7, Max:86, Min:26
ACore Active Avg:28, SD:2, Max:40, Min:13
ARouter Active Avg:78, SD:6, Max:89, Min:51
T1 invocations: 1,160,863
T2 invocations: 3,921,731
T3 invocations: 127,625,796
T3b invocations: 0
Total3 invocations: 127,625,796
Total4 invocations: 0

T3/T2 ratio: 33
T3b/T3 ratio: 0

T1 avg ex cycles: 96
T2 avg ex cycles: 137
T3&b avg ex cycles: 3
T4 avg ex cycles: -nan
Avg. hops NOC1: 3
Avg. latency NOC1 (T2): 47,874
Avg. hops NOC2: 10
Avg. latency NOC2 (T3): 11,346
Number of K Nodes Processed: 127,677
Number of K Edges Processed: 127,736
Node Re-explore factor: 30.44
Edge Re-explore factor: 1.00
Nodes/cy: 142
Edges/cy: 142
TEPS: 142

---DCache---
DCache Size: 262,912
DRAM words: 0
  DHits: 0
  DMisses: 0

---Energy---
Leakage Energy (nJ): 767,417
PU Dyn E (nJ): 7,536,528
Mem Dyn E (nJ): 52,837,457
Route Dyn E (nJ): 18,085,612
Dynamic Energy (nJ): 78,459,598
Ratio of Dyn/Leak: 102
Total Energy (nJ): 79,227,015
Total Energy (nJ) 3D: 88,180,705
Cores Energy (nJ): 7,546,554
Route Energy (nJ): 18,123,685
Route Energy (nJ) 3D: 27,077,374
Mem Energy   (nJ): 53,556,778
Mem Energy   (nJ) 3D: 53,556,778
Avg. Power (mW): 87,972.25
Power Density (mW/mm2): 27.55

---Runtime---
Runtime in K cycles: 900.59
Microseconds: 900.59
Time per iteration (ms): 0.90

---Throughput---
GOP/s (aka OPS/ns): 706.43
GOP/s per core: 0.69
GFLOP/s: 282.56
GFLOP/s per core: 0.28
Max Peak GFLOP/s: 4,096.00
Avg. BW GB/s: 5,891.38
Max BW GB/s: 16,384.00

---Traffic---
In-Die bisection_bytes BW (GB/s): 128.00
Inter-board traffic (msg/ns): 0.00, per-link: 0.00
Inter-pack traffic (msg/ns): 0.00, per-link: 0.00
Inter-die traffic (msg/ns): 192.50, per-link: 0.38
Ruche traffic (msg/ns): 318.53, per-link: 0.62
All traffic (msg/ns): 2,989.55, per-link: 2.92
Inter-die reduction wrt all: 15.53
Inter-board reduction wrt inter-die: inf

---Data Movement---
All traffic (msg): 2,692,365,718
Arith. Intensity FLOP/Loads: 0.38
Arith. Intensity FLOP/Msgs: 0.09
Arith. Intensity OPS/Loads: 0.96
Arith. Intensity OPS/Msgs: 0.24



===Core Utilization Total=== CORE-S:9;; TIME K cy:900 ;; Nodes Proc: 15,888,722 -- Edges Proc: 15,945,686
======== IT IS COLD ======= Only 5 Tiles active
Epoch Done Router: 2
Epoch Done Router: 0
Epoch Done Router: 5
Epoch Done Router: 1
Epoch Done Router: 3
Epoch Done Router: 6
Epoch Done Router: 7
Epoch Done Router: 4
##EPOCH## 1 COMPLETED at Time (K cy): 982
Nodes processed until now: 128,311,436
Edges processed until now: 128,311,436
Program Done Worker Thread: 1
Program Done Router Thread: 7
Program Done Worker Thread: 2
Program Done Worker Thread: 3
Program Done Worker Thread: 0
Program Done Router Thread: 3
Program Done Worker Thread: 6
Program Done Worker Thread: 5
Program Done Worker Thread: 4
Program Done Router Thread: 4
Program Done Router Thread: 2
Program Done Router Thread: 6
Program Done Router Thread: 5
Program Done Router Thread: 0
Program Done Router Thread: 1
Program Done Worker Thread: 7

===PRINTING ACUM STATS at pu_cycles: 982,783

ACollision In Avg:100, SD:37, Max:261, Min:18
ACollision Out Avg:83, SD:38, Max:273, Min:8
ACollision End Avg:35, SD:21, Max:84, Min:0
ATask1 Avg:11, SD:1, Max:14, Min:10
ATask2 Avg:54, SD:0, Max:55, Min:53
ATask3 Avg:38, SD:7, Max:80, Min:24
ACore Active Avg:26, SD:2, Max:37, Min:22
ARouter Active Avg:72, SD:5, Max:87, Min:47
T1 invocations: 1,166,446
T2 invocations: 3,964,364
T3 invocations: 128,311,436
T3b invocations: 0
Total3 invocations: 128,311,436
Total4 invocations: 0

T3/T2 ratio: 32
T3b/T3 ratio: 0

T1 avg ex cycles: 96
T2 avg ex cycles: 137
T3&b avg ex cycles: 3
T4 avg ex cycles: -nan
Avg. hops NOC1: 3
Avg. latency NOC1 (T2): 47,512
Avg. hops NOC2: 10
Avg. latency NOC2 (T3): 11,314

Runtime at program end in K cycles: 982
Runtime before cooldown in K cycles: 601


Number of K Nodes Processed: 128,311
Number of K Edges Processed: 128,311
Node Re-explore factor: 30.59
Edge Re-explore factor: 1.00
Nodes/cy: 131
Edges/cy: 131
TEPS: 131

---DCache---
DCache Size: 262,912
DRAM words: 0
  DHits: 0
  DMisses: 0

---Energy---
Leakage Energy (nJ): 837,455
PU Dyn E (nJ): 7,599,461
Mem Dyn E (nJ): 53,252,045
Route Dyn E (nJ): 18,172,979
Dynamic Energy (nJ): 79,024,485
Ratio of Dyn/Leak: 94
Total Energy (nJ): 79,861,940
Total Energy (nJ) 3D: 88,858,238
Cores Energy (nJ): 7,610,401
Route Energy (nJ): 18,214,526
Route Energy (nJ) 3D: 27,210,824
Mem Energy   (nJ): 54,037,013
Mem Energy   (nJ) 3D: 54,037,013
Avg. Power (mW): 81,261.01
Power Density (mW/mm2): 25.45

---Runtime---
Runtime in K cycles: 982.78
Microseconds: 982.78
Time per iteration (ms): 0.98

---Inst---
K Loads: 667,513
K Stores: 669,324
K Instructions: 641,400

---Throughput---
GOP/s (aka OPS/ns): 652.64
GOP/s per core: 0.64
GFLOP/s: 261.12
GFLOP/s per core: 0.25
Max Peak GFLOP/s: 4,096.00
Avg. BW GB/s: 5,441.03
Max BW GB/s: 16,384.00

---Traffic---
In-Die bisection_bytes BW (GB/s): 128.00
Inter-board traffic (msg/ns): 0.00, per-link: 0.00
Inter-pack traffic (msg/ns): 0.00, per-link: 0.00
Inter-die traffic (msg/ns): 176.88, per-link: 0.35
Ruche traffic (msg/ns): 293.75, per-link: 0.57
All traffic (msg/ns): 2,752.91, per-link: 2.69
Inter-die reduction wrt all: 15.56
Inter-board reduction wrt inter-die: inf

---Data Movement---
All traffic (msg): 2,705,513,725
Arith. Intensity FLOP/Loads: 0.38
Arith. Intensity FLOP/Msgs: 0.09
Arith. Intensity OPS/Loads: 0.96
Arith. Intensity OPS/Msgs: 0.24

Simulation time: 92.85
Sim time / DUT time: 23.07
Sim noc_cy/s: 10,584.27
Sim Msg/s: 29,137,540.07

Version 32

