Dataset:  wikipedia/
Dry run: 0
Open Edge Count File succesfully
Edges Traversed BFS: 95554407
Found Vertices: 4206592, Edges: 101311613
avg degree 25
Array  wikipedia/node_array.bin found
Malloc array of size 16826372 bytes
Readin array of size 16825160 bytes
Finished Reading Array Bytes
No reordering Array 32bit
Array  wikipedia/edge_array.bin found
Malloc array of size 405246452 bytes
Readin array of size 405246452 bytes
Finished Reading Array Bytes
No reordering Array 32bit
Array  wikipedia/edge_values.bin found
Malloc array of size 405246452 bytes
Readin array of size 405246452 bytes
Finished Reading Array Bytes
No reordering Array 32bit
Reading graph elapsed time: 0.219652s

Dataset Footprint: 419 MiB
Dataset Footprint per Board: 3520.07 Mb
Dataset injection time (ms): 0.214848
Max Dataset Footprint: 821 MiB

Dataset footprint per tile: 419 KiB
Proxys footprint per tile: 0 KiB
Reserved SRAM per tile: 221 KiB

Ideal SRAM per tile: 640 KiB
reserved_words_for_dataset:93509
dataset_words_per_tile:107424
remaining_sram_words:467546
min_dcache_sram_words_required:107424
dataset_words_per_tile:107424
min_pcache_sram_words_required:0
proxys_words_per_tile:0
Dcache footprint ratio: 1
Dataset Cached: 0
DCache: 107424 words, lines: 6714, sets: 6714
Proxys Cached: 0
Pcache: 0 words, sets: 0
Node per tile: 4,108
Edge per tile: 98,938
GRID_X: 32
GRID_SIZE: 1,024
smt_per_tile: 4
noc_freq: 1
pu_freq: 1
RUCHE_X: 4
PROXY_W: 32
DIE_W: 8
DIE_H: 8
DIES: 16
BORDER_TILES_PER_DIE: 32
PACK_W: 32
PACK_H: 32
DIES_PACK_FACTOR: 4
DIES_PER_PACK: 16
PACKAGES: 1
BOARD_W: 32
BOARD_H: 32
BOARDS: 1
MUX_BUS: 1
DCACHE: 1
PCACHE: 0
PROXY_FACTOR: 1
CACHE_WAYS: 1
TORUS: 1
PHY_NOCS: 1
WIDE_NOC_ID: 0
NOC_CONF: 1
noc_width: 32
hbm_channel_bit_width: 512
ld_st_op_byte_width: 4
PROXY_ROUTING: 0
WITHIN_REGION: 0
WRITE_THROUGH: 1
ASSERT_MODE: 0
GLOBAL_BARRIER: 0
OQ flits: 144 ; 6,144 ; 2
IQ flits: 1,152 ; 49,152 ; 2
OQ messages: 48 ; 3,072 ; 1
IQ messages: 384 ; 24,576 ; 1
max_task2 size: 64
io_factor_t2: 8
io_factor_t3: 8
io_factor_t3b: 8

Active SRAM Storage per tile: 641 KiB
Total SRAM Storage per tile: 2,048 KiB
Agreggated SRAM Storage: 2,048 MiB

Active DRAM Storage per tile: 0 MiB
Total DRAM Storage per tile: 128 MiB
Agreggated DRAM Storage: 128 GiB

Inter-Die #links: 256
Inter-Die (Gbits): 8,192
Inter-Die (Gbits/mm): 245.576
Bisection BW of Board (Gbits): 8,192
Border IO #Dies: 16
Border IO Die BW (Gbits): 1,024
Off-Board BW Total (Gbits): 16,384
Off-Board BW Density (Gbits/mm): 72
Die side: 8.34 mm
Die border wire density: 245.58 Gbits/mm
HBM wire density: 491.15 Gbits/mm

Tiles per Die: 64 (8x8)
Tile Area: 0.76 mm2, side: 0.87 mm
- Core/Rout Area: 0.19 mm2
- SRAM Area: 0.57 mm2
- SRAM/Logic Ratio: 3.08x

Dies per Package: 16 (4x4)
Die Area: 69.55 mm2, side: 8.34 mm
- Tiles Area: 48.68 mm2
- PHY Area: 11.87 mm2
- MC Area: 9.00 mm2

Packages per Board: 1 (1x1)
Package Area: 3,192.77 mm2, side: 56.50 mm
- IOdie Area: 320.00 mm2
- Dies Area: 1,112.77 mm2
- HBM Area: 1,760.00 mm2

Boards: 1 (1x1)
Board Area: 3,192.77 mm2
Total Area: 3,192.77 mm2



ESTIMATED COST OF SILICON AND PACKAGING. ONLY VARIABLE, NO FIXED COSTS
Good dies per wafer 3d: 481
Good dies per wafer 2d: 802
--Dies 3D Cost: 201.15 $
--Dies 2.5D Cost: 120.64 $
--Dies 2D Cost: 120.64 $
--HBM Cost: 960.00 $
--IOdie Cost: 33.76 $
--Packaging Cost 3d: 41.27 $
--Packaging Cost 2.5d: 65.38 $
--Packaging Cost 2d: 23.16 $
SiP Cost 3d: 1,236.17 $
SiP Cost 2.5d: 1,179.78 $
SiP Cost 2d: 177.56 $
--Board Cost: 3.19 $
Total SiPs Cost 3d: 1,239.37 $
Total SiPs Cost 2.5d: 1,182.97 $
Total SiPs Cost 2d: 180.75 $

Perf counters initialized
Mesh connected
Cache structures initialized
Replicas initialized
Allocated Frontier List
Dataset structures initialized


Starting Simulation
INIT epoch: 1
INIT epoch: 1
INIT epoch: 1
INIT epoch: 1
INIT epoch: 1
INIT epoch: 1
INIT epoch: 1
INIT epoch: 1

===PRINTING FRAME STATS

FCollision In Avg:-nan, SD:-nan, Max:429, Min:2
FCollision Out Avg:-nan, SD:-nan, Max:382, Min:2
FCollision End Avg:-nan, SD:-nan, Max:93, Min:0
FTask1 Avg:-nan, SD:-nan, Max:114, Min:0
FTask2 Avg:-nan, SD:-nan, Max:192, Min:0
FTask3 Avg:-nan, SD:-nan, Max:389, Min:6
FCore Active Avg:-nan, SD:-nan, Max:100, Min:4
FRouter Active Avg:-nan, SD:-nan, Max:99, Min:10
T1 invocations: 348,293
T2 invocations: 341,493
T3 invocations: 9,820,098
T3b invocations: 0
Total3 invocations: 9,820,098
Total4 invocations: 14,294

T3/T2 ratio: 29
T3b/T3 ratio: 0

T1 avg ex cycles: 33
T2 avg ex cycles: 71
T3&b avg ex cycles: 7
T4 avg ex cycles: 255
Avg. hops NOC1: 7
Avg. latency NOC1 (T2): 15,293
Avg. hops NOC2: 8
Avg. latency NOC2 (T3): 11,250

===PRINTING ACUM STATS at pu_cycles: 100,627

ACollision In Avg:-nan, SD:-nan, Max:429, Min:2
ACollision Out Avg:-nan, SD:-nan, Max:382, Min:2
ACollision End Avg:-nan, SD:-nan, Max:93, Min:0
ATask1 Avg:-nan, SD:-nan, Max:114, Min:0
ATask2 Avg:-nan, SD:-nan, Max:192, Min:0
ATask3 Avg:-nan, SD:-nan, Max:389, Min:6
ACore Active Avg:-nan, SD:-nan, Max:100, Min:4
ARouter Active Avg:-nan, SD:-nan, Max:99, Min:10
T1 invocations: 348,443
T2 invocations: 341,723
T3 invocations: 9,822,073
T3b invocations: 0
Total3 invocations: 9,822,073
Total4 invocations: 14,303

T3/T2 ratio: 29
T3b/T3 ratio: 0

T1 avg ex cycles: 33
T2 avg ex cycles: 71
T3&b avg ex cycles: 7
T4 avg ex cycles: 255
Avg. hops NOC1: 7
Avg. latency NOC1 (T2): 15,301
Avg. hops NOC2: 8
Avg. latency NOC2 (T3): 11,253
Number of K Nodes Processed: 1,995
Number of K Edges Processed: 10,985
Node Re-explore factor: 0.47
Edge Re-explore factor: 0.11
Nodes/cy: 20
Edges/cy: 109
TEPS: 950

---DCache---
DCache Size: 107,424
DRAM words: 0
  DHits: 0
  DMisses: 0

---Energy---
Leakage Energy (nJ): 46,655
PU Dyn E (nJ): 731,526
Mem Dyn E (nJ): 4,113,248
Route Dyn E (nJ): 1,078,733
Dynamic Energy (nJ): 5,923,507
Ratio of Dyn/Leak: 127
Total Energy (nJ): 5,970,162
Total Energy (nJ) 3D: 6,504,619
Cores Energy (nJ): 732,647
Route Energy (nJ): 1,082,987
Route Energy (nJ) 3D: 1,617,445
Mem Energy   (nJ): 4,154,529
Mem Energy   (nJ) 3D: 4,154,529
Avg. Power (mW): 59,329.63
Power Density (mW/mm2): 18.58

---Runtime---
Runtime in K cycles: 100.63
Microseconds: 100.63
Time per iteration (ms): 0.10

---Throughput---
GOP/s (aka OPS/ns): 769.59
GOP/s per core: 0.75
GFLOP/s: 206.48
GFLOP/s per core: 0.20
Max Peak GFLOP/s: 4,096.00
Avg. BW GB/s: 4,103.85
Max BW GB/s: 16,384.00

---Traffic---
In-Die bisection_bytes BW (GB/s): 128.00
Inter-board traffic (msg/ns): 0.00, per-link: 0.00
Inter-pack traffic (msg/ns): 0.00, per-link: 0.00
Inter-die traffic (msg/ns): 100.01, per-link: 0.20
Ruche traffic (msg/ns): 172.33, per-link: 0.34
All traffic (msg/ns): 1,643.44, per-link: 1.60
Inter-die reduction wrt all: 16.43
Inter-board reduction wrt inter-die: inf

---Data Movement---
All traffic (msg): 165,374,051
Arith. Intensity FLOP/Loads: 0.41
Arith. Intensity FLOP/Msgs: 0.13
Arith. Intensity OPS/Loads: 1.51
Arith. Intensity OPS/Msgs: 0.47



===Core Utilization Total=== CORE-S:1;; TIME K cy:100 ;; Nodes Proc: 280,632 -- Edges Proc: 1,681,574

===PRINTING FRAME STATS

FCollision In Avg:121, SD:58, Max:394, Min:0
FCollision Out Avg:109, SD:74, Max:393, Min:0
FCollision End Avg:11, SD:27, Max:100, Min:0
FTask1 Avg:9, SD:17, Max:108, Min:0
FTask2 Avg:19, SD:27, Max:170, Min:0
FTask3 Avg:49, SD:48, Max:357, Min:3
FCore Active Avg:20, SD:17, Max:100, Min:2
FRouter Active Avg:48, SD:18, Max:99, Min:14
T1 invocations: 293,926
T2 invocations: 347,386
T3 invocations: 8,949,335
T3b invocations: 0
Total3 invocations: 8,949,335
Total4 invocations: 8,990

T3/T2 ratio: 26
T3b/T3 ratio: 0

T1 avg ex cycles: 32
T2 avg ex cycles: 57
T3&b avg ex cycles: 6
T4 avg ex cycles: 300
Avg. hops NOC1: 5
Avg. latency NOC1 (T2): 23,639
Avg. hops NOC2: 7
Avg. latency NOC2 (T3): 10,750

===PRINTING ACUM STATS at pu_cycles: 200,578

ACollision In Avg:120, SD:53, Max:396, Min:1
ACollision Out Avg:109, SD:67, Max:388, Min:3
ACollision End Avg:10, SD:22, Max:96, Min:0
ATask1 Avg:10, SD:13, Max:85, Min:0
ATask2 Avg:22, SD:23, Max:143, Min:0
ATask3 Avg:60, SD:48, Max:351, Min:4
ACore Active Avg:24, SD:16, Max:99, Min:3
ARouter Active Avg:52, SD:16, Max:99, Min:13
T1 invocations: 637,288
T2 invocations: 686,186
T3 invocations: 18,654,934
T3b invocations: 0
Total3 invocations: 18,654,934
Total4 invocations: 23,072

T3/T2 ratio: 27
T3b/T3 ratio: 0

T1 avg ex cycles: 32
T2 avg ex cycles: 64
T3&b avg ex cycles: 7
T4 avg ex cycles: 272
Avg. hops NOC1: 6
Avg. latency NOC1 (T2): 19,562
Avg. hops NOC2: 8
Avg. latency NOC2 (T3): 11,021
Number of K Nodes Processed: 2,842
Number of K Edges Processed: 19,665
Node Re-explore factor: 0.68
Edge Re-explore factor: 0.19
Nodes/cy: 14
Edges/cy: 98
TEPS: 476

---DCache---
DCache Size: 107,424
DRAM words: 0
  DHits: 0
  DMisses: 0

---Energy---
Leakage Energy (nJ): 92,997
PU Dyn E (nJ): 1,306,138
Mem Dyn E (nJ): 7,333,946
Route Dyn E (nJ): 1,942,635
Dynamic Energy (nJ): 10,582,719
Ratio of Dyn/Leak: 114
Total Energy (nJ): 10,675,716
Total Energy (nJ) 3D: 11,629,581
Cores Energy (nJ): 1,308,371
Route Energy (nJ): 1,951,115
Route Energy (nJ) 3D: 2,904,980
Mem Energy   (nJ): 7,416,231
Mem Energy   (nJ) 3D: 7,416,231
Avg. Power (mW): 53,224.76
Power Density (mW/mm2): 16.67

---Runtime---
Runtime in K cycles: 200.58
Microseconds: 200.58
Time per iteration (ms): 0.20

---Throughput---
GOP/s (aka OPS/ns): 668.40
GOP/s per core: 0.65
GFLOP/s: 190.20
GFLOP/s per core: 0.19
Max Peak GFLOP/s: 4,096.00
Avg. BW GB/s: 3,671.64
Max BW GB/s: 16,384.00

---Traffic---
In-Die bisection_bytes BW (GB/s): 128.00
Inter-board traffic (msg/ns): 0.00, per-link: 0.00
Inter-pack traffic (msg/ns): 0.00, per-link: 0.00
Inter-die traffic (msg/ns): 89.15, per-link: 0.17
Ruche traffic (msg/ns): 161.83, per-link: 0.32
All traffic (msg/ns): 1,490.98, per-link: 1.46
Inter-die reduction wrt all: 16.72
Inter-board reduction wrt inter-die: inf

---Data Movement---
All traffic (msg): 299,058,628
Arith. Intensity FLOP/Loads: 0.41
Arith. Intensity FLOP/Msgs: 0.13
Arith. Intensity OPS/Loads: 1.46
Arith. Intensity OPS/Msgs: 0.45



===Core Utilization Total=== CORE-S:2;; TIME K cy:200 ;; Nodes Proc: 383,463 -- Edges Proc: 3,147,209

===PRINTING FRAME STATS

FCollision In Avg:116, SD:54, Max:397, Min:0
FCollision Out Avg:96, SD:70, Max:364, Min:0
FCollision End Avg:10, SD:25, Max:100, Min:0
FTask1 Avg:12, SD:18, Max:99, Min:0
FTask2 Avg:23, SD:28, Max:150, Min:0
FTask3 Avg:51, SD:50, Max:353, Min:4
FCore Active Avg:22, SD:18, Max:100, Min:2
FRouter Active Avg:53, SD:18, Max:99, Min:9
T1 invocations: 381,017
T2 invocations: 430,062
T3 invocations: 10,074,172
T3b invocations: 0
Total3 invocations: 10,074,172
Total4 invocations: 14,339

T3/T2 ratio: 23
T3b/T3 ratio: 0

T1 avg ex cycles: 32
T2 avg ex cycles: 54
T3&b avg ex cycles: 5
T4 avg ex cycles: 245
Avg. hops NOC1: 5
Avg. latency NOC1 (T2): 21,347
Avg. hops NOC2: 7
Avg. latency NOC2 (T3): 8,995

===PRINTING ACUM STATS at pu_cycles: 300,628

ACollision In Avg:119, SD:50, Max:372, Min:2
ACollision Out Avg:105, SD:65, Max:371, Min:3
ACollision End Avg:10, SD:21, Max:97, Min:0
ATask1 Avg:11, SD:13, Max:62, Min:0
ATask2 Avg:22, SD:21, Max:105, Min:0
ATask3 Avg:57, SD:47, Max:337, Min:5
ACore Active Avg:23, SD:15, Max:98, Min:5
ARouter Active Avg:52, SD:16, Max:99, Min:17
T1 invocations: 1,025,944
T2 invocations: 1,119,421
T3 invocations: 28,823,445
T3b invocations: 0
Total3 invocations: 28,823,445
Total4 invocations: 37,535

T3/T2 ratio: 26
T3b/T3 ratio: 0

T1 avg ex cycles: 32
T2 avg ex cycles: 60
T3&b avg ex cycles: 6
T4 avg ex cycles: 263
Avg. hops NOC1: 5
Avg. latency NOC1 (T2): 20,138
Avg. hops NOC2: 8
Avg. latency NOC2 (T3): 10,302
Number of K Nodes Processed: 3,542
Number of K Edges Processed: 29,756
Node Re-explore factor: 0.84
Edge Re-explore factor: 0.29
Nodes/cy: 12
Edges/cy: 99
TEPS: 318

---DCache---
DCache Size: 107,424
DRAM words: 0
  DHits: 0
  DMisses: 0

---Energy---
Leakage Energy (nJ): 139,385
PU Dyn E (nJ): 1,973,748
Mem Dyn E (nJ): 11,024,298
Route Dyn E (nJ): 2,934,203
Dynamic Energy (nJ): 15,932,250
Ratio of Dyn/Leak: 114
Total Energy (nJ): 16,071,635
Total Energy (nJ) 3D: 17,507,106
Cores Energy (nJ): 1,977,095
Route Energy (nJ): 2,946,912
Route Energy (nJ) 3D: 4,382,383
Mem Energy   (nJ): 11,147,628
Mem Energy   (nJ) 3D: 11,147,628
Avg. Power (mW): 53,460.21
Power Density (mW/mm2): 16.74

---Runtime---
Runtime in K cycles: 300.63
Microseconds: 300.63
Time per iteration (ms): 0.30

---Throughput---
GOP/s (aka OPS/ns): 662.97
GOP/s per core: 0.65
GFLOP/s: 194.49
GFLOP/s per core: 0.19
Max Peak GFLOP/s: 4,096.00
Avg. BW GB/s: 3,682.57
Max BW GB/s: 16,384.00

---Traffic---
In-Die bisection_bytes BW (GB/s): 128.00
Inter-board traffic (msg/ns): 0.00, per-link: 0.00
Inter-pack traffic (msg/ns): 0.00, per-link: 0.00
Inter-die traffic (msg/ns): 89.81, per-link: 0.18
Ruche traffic (msg/ns): 165.12, per-link: 0.32
All traffic (msg/ns): 1,505.83, per-link: 1.47
Inter-die reduction wrt all: 16.77
Inter-board reduction wrt inter-die: inf

---Data Movement---
All traffic (msg): 452,696,135
Arith. Intensity FLOP/Loads: 0.42
Arith. Intensity FLOP/Msgs: 0.13
Arith. Intensity OPS/Loads: 1.44
Arith. Intensity OPS/Msgs: 0.44



===Core Utilization Total=== CORE-S:3;; TIME K cy:300 ;; Nodes Proc: 477,918 -- Edges Proc: 4,522,243

===PRINTING FRAME STATS

FCollision In Avg:113, SD:59, Max:407, Min:0
FCollision Out Avg:91, SD:72, Max:414, Min:0
FCollision End Avg:9, SD:25, Max:100, Min:0
FTask1 Avg:10, SD:18, Max:109, Min:0
FTask2 Avg:19, SD:28, Max:196, Min:0
FTask3 Avg:42, SD:46, Max:360, Min:3
FCore Active Avg:19, SD:17, Max:96, Min:1
FRouter Active Avg:48, SD:19, Max:99, Min:9
T1 invocations: 337,703
T2 invocations: 382,982
T3 invocations: 8,736,133
T3b invocations: 0
Total3 invocations: 8,736,133
Total4 invocations: 15,865

T3/T2 ratio: 23
T3b/T3 ratio: 0

T1 avg ex cycles: 32
T2 avg ex cycles: 51
T3&b avg ex cycles: 5
T4 avg ex cycles: 202
Avg. hops NOC1: 5
Avg. latency NOC1 (T2): 18,607
Avg. hops NOC2: 7
Avg. latency NOC2 (T3): 8,023

===PRINTING ACUM STATS at pu_cycles: 400,593

ACollision In Avg:117, SD:49, Max:372, Min:1
ACollision Out Avg:101, SD:64, Max:351, Min:2
ACollision End Avg:10, SD:20, Max:95, Min:0
ATask1 Avg:11, SD:12, Max:50, Min:0
ATask2 Avg:21, SD:20, Max:85, Min:0
ATask3 Avg:53, SD:45, Max:323, Min:4
ACore Active Avg:22, SD:14, Max:88, Min:4
ARouter Active Avg:51, SD:15, Max:99, Min:16
T1 invocations: 1,366,851
T2 invocations: 1,504,830
T3 invocations: 37,584,256
T3b invocations: 0
Total3 invocations: 37,584,256
Total4 invocations: 53,452

T3/T2 ratio: 25
T3b/T3 ratio: 0

T1 avg ex cycles: 32
T2 avg ex cycles: 58
T3&b avg ex cycles: 6
T4 avg ex cycles: 245
Avg. hops NOC1: 5
Avg. latency NOC1 (T2): 19,739
Avg. hops NOC2: 7
Avg. latency NOC2 (T3): 9,771
Number of K Nodes Processed: 3,996
Number of K Edges Processed: 38,210
Node Re-explore factor: 0.95
Edge Re-explore factor: 0.38
Nodes/cy: 10
Edges/cy: 95
TEPS: 239

---DCache---
DCache Size: 107,424
DRAM words: 0
  DHits: 0
  DMisses: 0

---Energy---
Leakage Energy (nJ): 185,733
PU Dyn E (nJ): 2,538,311
Mem Dyn E (nJ): 14,132,476
Route Dyn E (nJ): 3,784,997
Dynamic Energy (nJ): 20,455,785
Ratio of Dyn/Leak: 110
Total Energy (nJ): 20,641,518
Total Energy (nJ) 3D: 22,491,233
Cores Energy (nJ): 2,542,771
Route Energy (nJ): 3,801,932
Route Energy (nJ) 3D: 5,651,647
Mem Energy   (nJ): 14,296,816
Mem Energy   (nJ) 3D: 14,296,816
Avg. Power (mW): 51,527.41
Power Density (mW/mm2): 16.14

---Runtime---
Runtime in K cycles: 400.59
Microseconds: 400.59
Time per iteration (ms): 0.40

---Throughput---
GOP/s (aka OPS/ns): 634.46
GOP/s per core: 0.62
GFLOP/s: 189.05
GFLOP/s per core: 0.18
Max Peak GFLOP/s: 4,096.00
Avg. BW GB/s: 3,542.96
Max BW GB/s: 16,384.00

---Traffic---
In-Die bisection_bytes BW (GB/s): 128.00
Inter-board traffic (msg/ns): 0.00, per-link: 0.00
Inter-pack traffic (msg/ns): 0.00, per-link: 0.00
Inter-die traffic (msg/ns): 87.41, per-link: 0.17
Ruche traffic (msg/ns): 159.95, per-link: 0.31
All traffic (msg/ns): 1,459.69, per-link: 1.43
Inter-die reduction wrt all: 16.70
Inter-board reduction wrt inter-die: inf

---Data Movement---
All traffic (msg): 584,740,335
Arith. Intensity FLOP/Loads: 0.43
Arith. Intensity FLOP/Msgs: 0.13
Arith. Intensity OPS/Loads: 1.43
Arith. Intensity OPS/Msgs: 0.43



===Core Utilization Total=== CORE-S:4;; TIME K cy:400 ;; Nodes Proc: 528,833 -- Edges Proc: 5,561,038

===PRINTING FRAME STATS

FCollision In Avg:107, SD:61, Max:461, Min:0
FCollision Out Avg:90, SD:70, Max:437, Min:0
FCollision End Avg:8, SD:24, Max:100, Min:0
FTask1 Avg:9, SD:15, Max:90, Min:0
FTask2 Avg:16, SD:21, Max:120, Min:0
FTask3 Avg:32, SD:39, Max:319, Min:1
FCore Active Avg:15, SD:14, Max:96, Min:1
FRouter Active Avg:39, SD:17, Max:96, Min:9
T1 invocations: 280,172
T2 invocations: 311,637
T3 invocations: 6,923,937
T3b invocations: 0
Total3 invocations: 6,923,937
Total4 invocations: 16,999

T3/T2 ratio: 22
T3b/T3 ratio: 0

T1 avg ex cycles: 32
T2 avg ex cycles: 51
T3&b avg ex cycles: 5
T4 avg ex cycles: 160
Avg. hops NOC1: 5
Avg. latency NOC1 (T2): 20,244
Avg. hops NOC2: 7
Avg. latency NOC2 (T3): 8,129

===PRINTING ACUM STATS at pu_cycles: 500,594

ACollision In Avg:115, SD:49, Max:374, Min:1
ACollision Out Avg:99, SD:63, Max:343, Min:2
ACollision End Avg:9, SD:19, Max:96, Min:0
ATask1 Avg:10, SD:10, Max:41, Min:0
ATask2 Avg:20, SD:17, Max:72, Min:0
ATask3 Avg:49, SD:42, Max:322, Min:4
ACore Active Avg:21, SD:13, Max:88, Min:3
ARouter Active Avg:49, SD:15, Max:98, Min:15
T1 invocations: 1,642,240
T2 invocations: 1,815,978
T3 invocations: 44,474,994
T3b invocations: 0
Total3 invocations: 44,474,994
Total4 invocations: 70,376

T3/T2 ratio: 24
T3b/T3 ratio: 0

T1 avg ex cycles: 32
T2 avg ex cycles: 57
T3&b avg ex cycles: 6
T4 avg ex cycles: 224
Avg. hops NOC1: 5
Avg. latency NOC1 (T2): 19,807
Avg. hops NOC2: 7
Avg. latency NOC2 (T3): 9,519
Number of K Nodes Processed: 4,322
Number of K Edges Processed: 45,098
Node Re-explore factor: 1.03
Edge Re-explore factor: 0.45
Nodes/cy: 9
Edges/cy: 90
TEPS: 191

---DCache---
DCache Size: 107,424
DRAM words: 0
  DHits: 0
  DMisses: 0

---Energy---
Leakage Energy (nJ): 232,098
PU Dyn E (nJ): 2,986,289
Mem Dyn E (nJ): 16,590,944
Route Dyn E (nJ): 4,459,872
Dynamic Energy (nJ): 24,037,106
Ratio of Dyn/Leak: 104
Total Energy (nJ): 24,269,204
Total Energy (nJ) 3D: 26,444,599
Cores Energy (nJ): 2,991,862
Route Energy (nJ): 4,481,035
Route Energy (nJ) 3D: 6,656,429
Mem Energy   (nJ): 16,796,308
Mem Energy   (nJ) 3D: 16,796,308
Avg. Power (mW): 48,480.81
Power Density (mW/mm2): 15.18

---Runtime---
Runtime in K cycles: 500.59
Microseconds: 500.59
Time per iteration (ms): 0.50

---Throughput---
GOP/s (aka OPS/ns): 594.31
GOP/s per core: 0.58
GFLOP/s: 178.74
GFLOP/s per core: 0.17
Max Peak GFLOP/s: 4,096.00
Avg. BW GB/s: 3,328.46
Max BW GB/s: 16,384.00

---Traffic---
In-Die bisection_bytes BW (GB/s): 128.00
Inter-board traffic (msg/ns): 0.00, per-link: 0.00
Inter-pack traffic (msg/ns): 0.00, per-link: 0.00
Inter-die traffic (msg/ns): 82.62, per-link: 0.16
Ruche traffic (msg/ns): 151.56, per-link: 0.30
All traffic (msg/ns): 1,376.52, per-link: 1.34
Inter-die reduction wrt all: 16.66
Inter-board reduction wrt inter-die: inf

---Data Movement---
All traffic (msg): 689,076,234
Arith. Intensity FLOP/Loads: 0.43
Arith. Intensity FLOP/Msgs: 0.13
Arith. Intensity OPS/Loads: 1.42
Arith. Intensity OPS/Msgs: 0.43



===Core Utilization Total=== CORE-S:5;; TIME K cy:500 ;; Nodes Proc: 565,862 -- Edges Proc: 6,622,797

===PRINTING FRAME STATS

FCollision In Avg:102, SD:63, Max:455, Min:0
FCollision Out Avg:89, SD:68, Max:369, Min:0
FCollision End Avg:7, SD:22, Max:100, Min:0
FTask1 Avg:8, SD:16, Max:103, Min:0
FTask2 Avg:15, SD:24, Max:148, Min:0
FTask3 Avg:31, SD:41, Max:332, Min:1
FCore Active Avg:14, SD:16, Max:96, Min:0
FRouter Active Avg:37, SD:21, Max:99, Min:4
T1 invocations: 269,723
T2 invocations: 300,859
T3 invocations: 6,703,398
T3b invocations: 0
Total3 invocations: 6,703,398
Total4 invocations: 18,050

T3/T2 ratio: 22
T3b/T3 ratio: 0

T1 avg ex cycles: 32
T2 avg ex cycles: 52
T3&b avg ex cycles: 5
T4 avg ex cycles: 146
Avg. hops NOC1: 5
Avg. latency NOC1 (T2): 23,568
Avg. hops NOC2: 7
Avg. latency NOC2 (T3): 8,514

===PRINTING ACUM STATS at pu_cycles: 600,562

ACollision In Avg:113, SD:48, Max:378, Min:1
ACollision Out Avg:97, SD:61, Max:334, Min:2
ACollision End Avg:9, SD:18, Max:97, Min:0
ATask1 Avg:10, SD:9, Max:37, Min:0
ATask2 Avg:19, SD:16, Max:61, Min:0
ATask3 Avg:46, SD:40, Max:302, Min:3
ACore Active Avg:20, SD:13, Max:86, Min:3
ARouter Active Avg:47, SD:15, Max:97, Min:13
T1 invocations: 1,916,267
T2 invocations: 2,121,141
T3 invocations: 51,220,642
T3b invocations: 0
Total3 invocations: 51,220,642
Total4 invocations: 88,496

T3/T2 ratio: 24
T3b/T3 ratio: 0

T1 avg ex cycles: 32
T2 avg ex cycles: 56
T3&b avg ex cycles: 5
T4 avg ex cycles: 208
Avg. hops NOC1: 5
Avg. latency NOC1 (T2): 20,324
Avg. hops NOC2: 7
Avg. latency NOC2 (T3): 9,384
Number of K Nodes Processed: 4,618
Number of K Edges Processed: 51,804
Node Re-explore factor: 1.10
Edge Re-explore factor: 0.51
Nodes/cy: 8
Edges/cy: 86
TEPS: 159

---DCache---
DCache Size: 107,424
DRAM words: 0
  DHits: 0
  DMisses: 0

---Energy---
Leakage Energy (nJ): 278,448
PU Dyn E (nJ): 3,426,551
Mem Dyn E (nJ): 19,002,437
Route Dyn E (nJ): 5,099,951
Dynamic Energy (nJ): 27,528,939
Ratio of Dyn/Leak: 99
Total Energy (nJ): 27,807,387
Total Energy (nJ) 3D: 30,289,982
Cores Energy (nJ): 3,433,236
Route Energy (nJ): 5,125,340
Route Energy (nJ) 3D: 7,607,935
Mem Energy   (nJ): 19,248,811
Mem Energy   (nJ) 3D: 19,248,811
Avg. Power (mW): 46,302.28
Power Density (mW/mm2): 14.50

---Runtime---
Runtime in K cycles: 600.56
Microseconds: 600.56
Time per iteration (ms): 0.60

---Throughput---
GOP/s (aka OPS/ns): 566.19
GOP/s per core: 0.55
GFLOP/s: 171.51
GFLOP/s per core: 0.17
Max Peak GFLOP/s: 4,096.00
Avg. BW GB/s: 3,177.70
Max BW GB/s: 16,384.00

---Traffic---
In-Die bisection_bytes BW (GB/s): 128.00
Inter-board traffic (msg/ns): 0.00, per-link: 0.00
Inter-pack traffic (msg/ns): 0.00, per-link: 0.00
Inter-die traffic (msg/ns): 78.75, per-link: 0.15
Ruche traffic (msg/ns): 145.43, per-link: 0.28
All traffic (msg/ns): 1,312.61, per-link: 1.28
Inter-die reduction wrt all: 16.67
Inter-board reduction wrt inter-die: inf

---Data Movement---
All traffic (msg): 788,306,681
Arith. Intensity FLOP/Loads: 0.43
Arith. Intensity FLOP/Msgs: 0.13
Arith. Intensity OPS/Loads: 1.42
Arith. Intensity OPS/Msgs: 0.43



===Core Utilization Total=== CORE-S:6;; TIME K cy:600 ;; Nodes Proc: 603,125 -- Edges Proc: 7,593,319

===PRINTING FRAME STATS

FCollision In Avg:96, SD:62, Max:481, Min:0
FCollision Out Avg:80, SD:63, Max:368, Min:0
FCollision End Avg:5, SD:20, Max:100, Min:0
FTask1 Avg:9, SD:16, Max:93, Min:0
FTask2 Avg:15, SD:25, Max:160, Min:0
FTask3 Avg:31, SD:43, Max:338, Min:1
FCore Active Avg:14, SD:16, Max:95, Min:0
FRouter Active Avg:39, SD:20, Max:99, Min:5
T1 invocations: 279,911
T2 invocations: 317,608
T3 invocations: 6,811,952
T3b invocations: 0
Total3 invocations: 6,811,952
Total4 invocations: 21,813

T3/T2 ratio: 21
T3b/T3 ratio: 0

T1 avg ex cycles: 32
T2 avg ex cycles: 49
T3&b avg ex cycles: 5
T4 avg ex cycles: 128
Avg. hops NOC1: 5
Avg. latency NOC1 (T2): 16,878
Avg. hops NOC2: 7
Avg. latency NOC2 (T3): 7,403

===PRINTING ACUM STATS at pu_cycles: 700,693

ACollision In Avg:110, SD:48, Max:380, Min:5
ACollision Out Avg:95, SD:60, Max:335, Min:2
ACollision End Avg:9, SD:17, Max:97, Min:0
ATask1 Avg:10, SD:8, Max:32, Min:0
ATask2 Avg:19, SD:14, Max:54, Min:0
ATask3 Avg:44, SD:39, Max:304, Min:5
ACore Active Avg:19, SD:12, Max:83, Min:3
ARouter Active Avg:46, SD:14, Max:96, Min:13
T1 invocations: 2,196,572
T2 invocations: 2,438,891
T3 invocations: 58,032,308
T3b invocations: 0
Total3 invocations: 58,032,308
Total4 invocations: 110,315

T3/T2 ratio: 24
T3b/T3 ratio: 0

T1 avg ex cycles: 32
T2 avg ex cycles: 55
T3&b avg ex cycles: 5
T4 avg ex cycles: 193
Avg. hops NOC1: 5
Avg. latency NOC1 (T2): 19,873
Avg. hops NOC2: 7
Avg. latency NOC2 (T3): 9,151
Number of K Nodes Processed: 4,876
Number of K Edges Processed: 58,434
Node Re-explore factor: 1.16
Edge Re-explore factor: 0.58
Nodes/cy: 7
Edges/cy: 83
TEPS: 136

---DCache---
DCache Size: 107,424
DRAM words: 0
  DHits: 0
  DMisses: 0

---Energy---
Leakage Energy (nJ): 324,874
PU Dyn E (nJ): 3,865,416
Mem Dyn E (nJ): 21,402,078
Route Dyn E (nJ): 5,751,951
Dynamic Energy (nJ): 31,019,445
Ratio of Dyn/Leak: 95
Total Energy (nJ): 31,344,319
Total Energy (nJ) 3D: 34,140,284
Cores Energy (nJ): 3,873,216
Route Energy (nJ): 5,781,573
Route Energy (nJ) 3D: 8,577,538
Mem Energy   (nJ): 21,689,531
Mem Energy   (nJ) 3D: 21,689,531
Avg. Power (mW): 44,733.31
Power Density (mW/mm2): 14.01

---Runtime---
Runtime in K cycles: 700.69
Microseconds: 700.69
Time per iteration (ms): 0.70

---Throughput---
GOP/s (aka OPS/ns): 545.98
GOP/s per core: 0.53
GFLOP/s: 166.19
GFLOP/s per core: 0.16
Max Peak GFLOP/s: 4,096.00
Avg. BW GB/s: 3,067.60
Max BW GB/s: 16,384.00

---Traffic---
In-Die bisection_bytes BW (GB/s): 128.00
Inter-board traffic (msg/ns): 0.00, per-link: 0.00
Inter-pack traffic (msg/ns): 0.00, per-link: 0.00
Inter-die traffic (msg/ns): 76.64, per-link: 0.15
Ruche traffic (msg/ns): 140.73, per-link: 0.27
All traffic (msg/ns): 1,269.22, per-link: 1.24
Inter-die reduction wrt all: 16.56
Inter-board reduction wrt inter-die: inf

---Data Movement---
All traffic (msg): 889,333,535
Arith. Intensity FLOP/Loads: 0.43
Arith. Intensity FLOP/Msgs: 0.13
Arith. Intensity OPS/Loads: 1.42
Arith. Intensity OPS/Msgs: 0.43



===Core Utilization Total=== CORE-S:7;; TIME K cy:700 ;; Nodes Proc: 627,320 -- Edges Proc: 8,591,322

===PRINTING FRAME STATS

FCollision In Avg:88, SD:60, Max:396, Min:0
FCollision Out Avg:75, SD:63, Max:322, Min:0
FCollision End Avg:5, SD:19, Max:100, Min:0
FTask1 Avg:8, SD:14, Max:101, Min:0
FTask2 Avg:14, SD:21, Max:132, Min:0
FTask3 Avg:28, SD:37, Max:282, Min:2
FCore Active Avg:13, SD:13, Max:97, Min:1
FRouter Active Avg:36, SD:17, Max:97, Min:8
T1 invocations: 256,204
T2 invocations: 285,395
T3 invocations: 6,161,595
T3b invocations: 0
Total3 invocations: 6,161,595
Total4 invocations: 22,157

T3/T2 ratio: 22
T3b/T3 ratio: 0

T1 avg ex cycles: 32
T2 avg ex cycles: 50
T3&b avg ex cycles: 5
T4 avg ex cycles: 117
Avg. hops NOC1: 6
Avg. latency NOC1 (T2): 20,409
Avg. hops NOC2: 7
Avg. latency NOC2 (T3): 7,175

===PRINTING ACUM STATS at pu_cycles: 800,602

ACollision In Avg:108, SD:47, Max:380, Min:7
ACollision Out Avg:92, SD:58, Max:332, Min:1
ACollision End Avg:8, SD:17, Max:97, Min:0
ATask1 Avg:10, SD:7, Max:28, Min:0
ATask2 Avg:18, SD:13, Max:47, Min:0
ATask3 Avg:42, SD:37, Max:295, Min:5
ACore Active Avg:18, SD:11, Max:81, Min:3
ARouter Active Avg:45, SD:14, Max:96, Min:13
T1 invocations: 2,452,710
T2 invocations: 2,724,327
T3 invocations: 64,189,603
T3b invocations: 0
Total3 invocations: 64,189,603
Total4 invocations: 132,471

T3/T2 ratio: 24
T3b/T3 ratio: 0

T1 avg ex cycles: 32
T2 avg ex cycles: 54
T3&b avg ex cycles: 5
T4 avg ex cycles: 180
Avg. hops NOC1: 5
Avg. latency NOC1 (T2): 19,929
Avg. hops NOC2: 7
Avg. latency NOC2 (T3): 8,962
Number of K Nodes Processed: 5,096
Number of K Edges Processed: 64,626
Node Re-explore factor: 1.21
Edge Re-explore factor: 0.64
Nodes/cy: 6
Edges/cy: 81
TEPS: 119

---DCache---
DCache Size: 107,424
DRAM words: 0
  DHits: 0
  DMisses: 0

---Energy---
Leakage Energy (nJ): 371,196
PU Dyn E (nJ): 4,266,522
Mem Dyn E (nJ): 23,591,615
Route Dyn E (nJ): 6,367,179
Dynamic Energy (nJ): 34,225,316
Ratio of Dyn/Leak: 92
Total Energy (nJ): 34,596,512
Total Energy (nJ) 3D: 37,686,450
Cores Energy (nJ): 4,275,435
Route Energy (nJ): 6,401,024
Route Energy (nJ) 3D: 9,490,963
Mem Energy   (nJ): 23,920,053
Mem Energy   (nJ) 3D: 23,920,053
Avg. Power (mW): 43,213.12
Power Density (mW/mm2): 13.53

---Runtime---
Runtime in K cycles: 800.60
Microseconds: 800.60
Time per iteration (ms): 0.80

---Throughput---
GOP/s (aka OPS/ns): 526.13
GOP/s per core: 0.51
GFLOP/s: 160.87
GFLOP/s per core: 0.16
Max Peak GFLOP/s: 4,096.00
Avg. BW GB/s: 2,959.46
Max BW GB/s: 16,384.00

---Traffic---
In-Die bisection_bytes BW (GB/s): 128.00
Inter-board traffic (msg/ns): 0.00, per-link: 0.00
Inter-pack traffic (msg/ns): 0.00, per-link: 0.00
Inter-die traffic (msg/ns): 74.14, per-link: 0.14
Ruche traffic (msg/ns): 137.18, per-link: 0.27
All traffic (msg/ns): 1,228.95, per-link: 1.20
Inter-die reduction wrt all: 16.58
Inter-board reduction wrt inter-die: inf

---Data Movement---
All traffic (msg): 983,898,793
Arith. Intensity FLOP/Loads: 0.43
Arith. Intensity FLOP/Msgs: 0.13
Arith. Intensity OPS/Loads: 1.42
Arith. Intensity OPS/Msgs: 0.43



===Core Utilization Total=== CORE-S:8;; TIME K cy:800 ;; Nodes Proc: 648,410 -- Edges Proc: 9,528,691

===PRINTING FRAME STATS

FCollision In Avg:81, SD:62, Max:323, Min:0
FCollision Out Avg:70, SD:68, Max:338, Min:0
FCollision End Avg:4, SD:18, Max:100, Min:0
FTask1 Avg:7, SD:14, Max:106, Min:0
FTask2 Avg:11, SD:20, Max:158, Min:0
FTask3 Avg:23, SD:32, Max:247, Min:1
FCore Active Avg:11, SD:12, Max:90, Min:0
FRouter Active Avg:32, SD:17, Max:95, Min:7
T1 invocations: 216,864
T2 invocations: 241,118
T3 invocations: 5,184,676
T3b invocations: 0
Total3 invocations: 5,184,676
Total4 invocations: 20,855

T3/T2 ratio: 22
T3b/T3 ratio: 0

T1 avg ex cycles: 32
T2 avg ex cycles: 49
T3&b avg ex cycles: 5
T4 avg ex cycles: 106
Avg. hops NOC1: 6
Avg. latency NOC1 (T2): 17,881
Avg. hops NOC2: 7
Avg. latency NOC2 (T3): 7,030

===PRINTING ACUM STATS at pu_cycles: 900,598

ACollision In Avg:105, SD:46, Max:362, Min:6
ACollision Out Avg:90, SD:58, Max:333, Min:1
ACollision End Avg:8, SD:16, Max:98, Min:0
ATask1 Avg:9, SD:7, Max:25, Min:0
ATask2 Avg:17, SD:11, Max:43, Min:0
ATask3 Avg:40, SD:36, Max:283, Min:4
ACore Active Avg:17, SD:11, Max:79, Min:3
ARouter Active Avg:43, SD:14, Max:96, Min:13
T1 invocations: 2,668,425
T2 invocations: 2,965,606
T3 invocations: 69,373,824
T3b invocations: 0
Total3 invocations: 69,373,824
Total4 invocations: 153,196

T3/T2 ratio: 23
T3b/T3 ratio: 0

T1 avg ex cycles: 32
T2 avg ex cycles: 54
T3&b avg ex cycles: 5
T4 avg ex cycles: 170
Avg. hops NOC1: 5
Avg. latency NOC1 (T2): 19,762
Avg. hops NOC2: 7
Avg. latency NOC2 (T3): 8,818
Number of K Nodes Processed: 5,272
Number of K Edges Processed: 69,676
Node Re-explore factor: 1.25
Edge Re-explore factor: 0.69
Nodes/cy: 6
Edges/cy: 77
TEPS: 106

---DCache---
DCache Size: 107,424
DRAM words: 0
  DHits: 0
  DMisses: 0

---Energy---
Leakage Energy (nJ): 417,559
PU Dyn E (nJ): 4,599,926
Mem Dyn E (nJ): 25,411,354
Route Dyn E (nJ): 6,896,144
Dynamic Energy (nJ): 36,907,425
Ratio of Dyn/Leak: 88
Total Energy (nJ): 37,324,984
Total Energy (nJ) 3D: 40,663,819
Cores Energy (nJ): 4,609,952
Route Energy (nJ): 6,934,217
Route Energy (nJ) 3D: 10,273,052
Mem Energy   (nJ): 25,780,816
Mem Energy   (nJ) 3D: 25,780,816
Avg. Power (mW): 41,444.67
Power Density (mW/mm2): 12.98

---Runtime---
Runtime in K cycles: 900.60
Microseconds: 900.60
Time per iteration (ms): 0.90

---Throughput---
GOP/s (aka OPS/ns): 503.58
GOP/s per core: 0.49
GFLOP/s: 154.35
GFLOP/s per core: 0.15
Max Peak GFLOP/s: 4,096.00
Avg. BW GB/s: 2,833.83
Max BW GB/s: 16,384.00

---Traffic---
In-Die bisection_bytes BW (GB/s): 128.00
Inter-board traffic (msg/ns): 0.00, per-link: 0.00
Inter-pack traffic (msg/ns): 0.00, per-link: 0.00
Inter-die traffic (msg/ns): 71.34, per-link: 0.14
Ruche traffic (msg/ns): 133.12, per-link: 0.26
All traffic (msg/ns): 1,182.07, per-link: 1.15
Inter-die reduction wrt all: 16.57
Inter-board reduction wrt inter-die: inf

---Data Movement---
All traffic (msg): 1,064,569,237
Arith. Intensity FLOP/Loads: 0.43
Arith. Intensity FLOP/Msgs: 0.13
Arith. Intensity OPS/Loads: 1.42
Arith. Intensity OPS/Msgs: 0.43



===Core Utilization Total=== CORE-S:9;; TIME K cy:900 ;; Nodes Proc: 666,084 -- Edges Proc: 10,276,377

===PRINTING FRAME STATS

FCollision In Avg:79, SD:61, Max:316, Min:0
FCollision Out Avg:71, SD:69, Max:398, Min:0
FCollision End Avg:4, SD:20, Max:100, Min:0
FTask1 Avg:5, SD:10, Max:88, Min:0
FTask2 Avg:9, SD:16, Max:157, Min:0
FTask3 Avg:17, SD:27, Max:254, Min:1
FCore Active Avg:8, SD:9, Max:81, Min:1
FRouter Active Avg:25, SD:15, Max:99, Min:4
T1 invocations: 155,264
T2 invocations: 176,373
T3 invocations: 3,801,319
T3b invocations: 0
Total3 invocations: 3,801,319
Total4 invocations: 15,067

T3/T2 ratio: 22
T3b/T3 ratio: 0

T1 avg ex cycles: 32
T2 avg ex cycles: 50
T3&b avg ex cycles: 5
T4 avg ex cycles: 105
Avg. hops NOC1: 7
Avg. latency NOC1 (T2): 21,328
Avg. hops NOC2: 8
Avg. latency NOC2 (T3): 7,334

===PRINTING ACUM STATS at pu_cycles: 1,000,520

ACollision In Avg:102, SD:46, Max:348, Min:6
ACollision Out Avg:88, SD:57, Max:333, Min:1
ACollision End Avg:7, SD:16, Max:98, Min:0
ATask1 Avg:9, SD:6, Max:23, Min:0
ATask2 Avg:16, SD:10, Max:40, Min:0
ATask3 Avg:37, SD:34, Max:274, Min:4
ACore Active Avg:16, SD:10, Max:77, Min:2
ARouter Active Avg:41, SD:13, Max:96, Min:13
T1 invocations: 2,821,580
T2 invocations: 3,140,010
T3 invocations: 73,163,801
T3b invocations: 0
Total3 invocations: 73,163,801
Total4 invocations: 168,317

T3/T2 ratio: 23
T3b/T3 ratio: 0

T1 avg ex cycles: 32
T2 avg ex cycles: 54
T3&b avg ex cycles: 5
T4 avg ex cycles: 164
Avg. hops NOC1: 5
Avg. latency NOC1 (T2): 19,850
Avg. hops NOC2: 7
Avg. latency NOC2 (T3): 8,741
Number of K Nodes Processed: 5,400
Number of K Edges Processed: 73,457
Node Re-explore factor: 1.28
Edge Re-explore factor: 0.73
Nodes/cy: 5
Edges/cy: 73
TEPS: 96

---DCache---
DCache Size: 107,424
DRAM words: 0
  DHits: 0
  DMisses: 0

---Energy---
Leakage Energy (nJ): 463,887
PU Dyn E (nJ): 4,845,054
Mem Dyn E (nJ): 26,751,339
Route Dyn E (nJ): 7,301,627
Dynamic Energy (nJ): 38,898,021
Ratio of Dyn/Leak: 84
Total Energy (nJ): 39,361,908
Total Energy (nJ) 3D: 42,891,867
Cores Energy (nJ): 4,856,192
Route Energy (nJ): 7,343,924
Route Energy (nJ) 3D: 10,873,883
Mem Energy   (nJ): 27,161,793
Mem Energy   (nJ) 3D: 27,161,793
Avg. Power (mW): 39,341.45
Power Density (mW/mm2): 12.32

---Runtime---
Runtime in K cycles: 1,000.52
Microseconds: 1,000.52
Time per iteration (ms): 1.00

---Throughput---
GOP/s (aka OPS/ns): 476.80
GOP/s per core: 0.47
GFLOP/s: 146.50
GFLOP/s per core: 0.14
Max Peak GFLOP/s: 4,096.00
Avg. BW GB/s: 2,685.33
Max BW GB/s: 16,384.00

---Traffic---
In-Die bisection_bytes BW (GB/s): 128.00
Inter-board traffic (msg/ns): 0.00, per-link: 0.00
Inter-pack traffic (msg/ns): 0.00, per-link: 0.00
Inter-die traffic (msg/ns): 68.00, per-link: 0.13
Ruche traffic (msg/ns): 127.45, per-link: 0.25
All traffic (msg/ns): 1,125.46, per-link: 1.10
Inter-die reduction wrt all: 16.55
Inter-board reduction wrt inter-die: inf

---Data Movement---
All traffic (msg): 1,126,042,715
Arith. Intensity FLOP/Loads: 0.43
Arith. Intensity FLOP/Msgs: 0.13
Arith. Intensity OPS/Loads: 1.41
Arith. Intensity OPS/Msgs: 0.42



===Core Utilization Total=== CORE-S:10;; TIME K cy:1,000 ;; Nodes Proc: 678,879 -- Edges Proc: 10,838,109
======== IT IS COLD ======= Only 64 Tiles active

===PRINTING FRAME STATS

FCollision In Avg:75, SD:61, Max:293, Min:0
FCollision Out Avg:66, SD:65, Max:361, Min:0
FCollision End Avg:4, SD:18, Max:100, Min:0
FTask1 Avg:6, SD:10, Max:78, Min:0
FTask2 Avg:9, SD:15, Max:105, Min:0
FTask3 Avg:18, SD:27, Max:263, Min:1
FCore Active Avg:9, SD:10, Max:71, Min:1
FRouter Active Avg:28, SD:15, Max:95, Min:5
T1 invocations: 180,614
T2 invocations: 197,358
T3 invocations: 4,099,741
T3b invocations: 0
Total3 invocations: 4,099,741
Total4 invocations: 17,797

T3/T2 ratio: 21
T3b/T3 ratio: 0

T1 avg ex cycles: 32
T2 avg ex cycles: 49
T3&b avg ex cycles: 5
T4 avg ex cycles: 105
Avg. hops NOC1: 7
Avg. latency NOC1 (T2): 25,015
Avg. hops NOC2: 8
Avg. latency NOC2 (T3): 7,533

===PRINTING ACUM STATS at pu_cycles: 1,100,579

ACollision In Avg:100, SD:46, Max:338, Min:5
ACollision Out Avg:86, SD:57, Max:331, Min:1
ACollision End Avg:7, SD:15, Max:98, Min:0
ATask1 Avg:8, SD:6, Max:21, Min:0
ATask2 Avg:16, SD:9, Max:38, Min:0
ATask3 Avg:36, SD:33, Max:270, Min:4
ACore Active Avg:16, SD:9, Max:76, Min:2
ARouter Active Avg:40, SD:13, Max:96, Min:13
T1 invocations: 3,002,219
T2 invocations: 3,338,033
T3 invocations: 77,269,776
T3b invocations: 0
Total3 invocations: 77,269,776
Total4 invocations: 186,102

T3/T2 ratio: 23
T3b/T3 ratio: 0

T1 avg ex cycles: 32
T2 avg ex cycles: 53
T3&b avg ex cycles: 5
T4 avg ex cycles: 158
Avg. hops NOC1: 6
Avg. latency NOC1 (T2): 20,143
Avg. hops NOC2: 7
Avg. latency NOC2 (T3): 8,673
Number of K Nodes Processed: 5,532
Number of K Edges Processed: 77,657
Node Re-explore factor: 1.32
Edge Re-explore factor: 0.77
Nodes/cy: 5
Edges/cy: 71
TEPS: 87

---DCache---
DCache Size: 107,424
DRAM words: 0
  DHits: 0
  DMisses: 0

---Energy---
Leakage Energy (nJ): 510,279
PU Dyn E (nJ): 5,113,836
Mem Dyn E (nJ): 28,211,698
Route Dyn E (nJ): 7,749,753
Dynamic Energy (nJ): 41,075,287
Ratio of Dyn/Leak: 80
Total Energy (nJ): 41,585,566
Total Energy (nJ) 3D: 45,327,312
Cores Energy (nJ): 5,126,088
Route Energy (nJ): 7,796,280
Route Energy (nJ) 3D: 11,538,026
Mem Energy   (nJ): 28,663,199
Mem Energy   (nJ) 3D: 28,663,199
Avg. Power (mW): 37,785.17
Power Density (mW/mm2): 11.83

---Runtime---
Runtime in K cycles: 1,100.58
Microseconds: 1,100.58
Time per iteration (ms): 1.10

---Throughput---
GOP/s (aka OPS/ns): 457.17
GOP/s per core: 0.45
GFLOP/s: 140.65
GFLOP/s per core: 0.14
Max Peak GFLOP/s: 4,096.00
Avg. BW GB/s: 2,574.47
Max BW GB/s: 16,384.00

---Traffic---
In-Die bisection_bytes BW (GB/s): 128.00
Inter-board traffic (msg/ns): 0.00, per-link: 0.00
Inter-pack traffic (msg/ns): 0.00, per-link: 0.00
Inter-die traffic (msg/ns): 65.71, per-link: 0.13
Ruche traffic (msg/ns): 123.39, per-link: 0.24
All traffic (msg/ns): 1,084.78, per-link: 1.06
Inter-die reduction wrt all: 16.51
Inter-board reduction wrt inter-die: inf

---Data Movement---
All traffic (msg): 1,193,890,664
Arith. Intensity FLOP/Loads: 0.44
Arith. Intensity FLOP/Msgs: 0.13
Arith. Intensity OPS/Loads: 1.41
Arith. Intensity OPS/Msgs: 0.42



===Core Utilization Total=== CORE-S:11;; TIME K cy:1,100 ;; Nodes Proc: 692,475 -- Edges Proc: 11,367,797

===PRINTING FRAME STATS

FCollision In Avg:73, SD:61, Max:316, Min:0
FCollision Out Avg:63, SD:62, Max:348, Min:0
FCollision End Avg:4, SD:17, Max:100, Min:0
FTask1 Avg:4, SD:9, Max:82, Min:0
FTask2 Avg:8, SD:14, Max:109, Min:0
FTask3 Avg:16, SD:26, Max:275, Min:1
FCore Active Avg:7, SD:9, Max:88, Min:0
FRouter Active Avg:25, SD:17, Max:100, Min:3
T1 invocations: 141,352
T2 invocations: 159,944
T3 invocations: 3,673,808
T3b invocations: 0
Total3 invocations: 3,673,808
Total4 invocations: 15,716

T3/T2 ratio: 23
T3b/T3 ratio: 0

T1 avg ex cycles: 32
T2 avg ex cycles: 51
T3&b avg ex cycles: 5
T4 avg ex cycles: 93
Avg. hops NOC1: 7
Avg. latency NOC1 (T2): 22,342
Avg. hops NOC2: 8
Avg. latency NOC2 (T3): 6,828

===PRINTING ACUM STATS at pu_cycles: 1,200,555

ACollision In Avg:98, SD:46, Max:327, Min:5
ACollision Out Avg:84, SD:56, Max:331, Min:1
ACollision End Avg:7, SD:15, Max:98, Min:0
ATask1 Avg:8, SD:5, Max:19, Min:0
ATask2 Avg:15, SD:9, Max:36, Min:0
ATask3 Avg:34, SD:32, Max:263, Min:3
ACore Active Avg:15, SD:9, Max:75, Min:2
ARouter Active Avg:39, SD:13, Max:96, Min:12
T1 invocations: 3,146,794
T2 invocations: 3,497,008
T3 invocations: 80,950,355
T3b invocations: 0
Total3 invocations: 80,950,355
Total4 invocations: 201,844

T3/T2 ratio: 23
T3b/T3 ratio: 0

T1 avg ex cycles: 32
T2 avg ex cycles: 53
T3&b avg ex cycles: 5
T4 avg ex cycles: 153
Avg. hops NOC1: 6
Avg. latency NOC1 (T2): 20,247
Avg. hops NOC2: 7
Avg. latency NOC2 (T3): 8,591
Number of K Nodes Processed: 5,639
Number of K Edges Processed: 81,265
Node Re-explore factor: 1.34
Edge Re-explore factor: 0.80
Nodes/cy: 5
Edges/cy: 68
TEPS: 80

---DCache---
DCache Size: 107,424
DRAM words: 0
  DHits: 0
  DMisses: 0

---Energy---
Leakage Energy (nJ): 556,633
PU Dyn E (nJ): 5,347,266
Mem Dyn E (nJ): 29,488,733
Route Dyn E (nJ): 8,154,014
Dynamic Energy (nJ): 42,990,014
Ratio of Dyn/Leak: 77
Total Energy (nJ): 43,546,647
Total Energy (nJ) 3D: 47,480,895
Cores Energy (nJ): 5,360,631
Route Energy (nJ): 8,204,767
Route Energy (nJ) 3D: 12,139,015
Mem Energy   (nJ): 29,981,249
Mem Energy   (nJ) 3D: 29,981,249
Avg. Power (mW): 36,272.10
Power Density (mW/mm2): 11.36

---Runtime---
Runtime in K cycles: 1,200.56
Microseconds: 1,200.56
Time per iteration (ms): 1.20

---Throughput---
GOP/s (aka OPS/ns): 437.70
GOP/s per core: 0.43
GFLOP/s: 134.96
GFLOP/s per core: 0.13
Max Peak GFLOP/s: 4,096.00
Avg. BW GB/s: 2,466.93
Max BW GB/s: 16,384.00

---Traffic---
In-Die bisection_bytes BW (GB/s): 128.00
Inter-board traffic (msg/ns): 0.00, per-link: 0.00
Inter-pack traffic (msg/ns): 0.00, per-link: 0.00
Inter-die traffic (msg/ns): 63.35, per-link: 0.12
Ruche traffic (msg/ns): 119.30, per-link: 0.23
All traffic (msg/ns): 1,045.47, per-link: 1.02
Inter-die reduction wrt all: 16.50
Inter-board reduction wrt inter-die: inf

---Data Movement---
All traffic (msg): 1,255,142,633
Arith. Intensity FLOP/Loads: 0.44
Arith. Intensity FLOP/Msgs: 0.13
Arith. Intensity OPS/Loads: 1.41
Arith. Intensity OPS/Msgs: 0.42



===Core Utilization Total=== CORE-S:12;; TIME K cy:1,200 ;; Nodes Proc: 702,503 -- Edges Proc: 11,874,637
======== IT IS COLD ======= Only 63 Tiles active

===PRINTING FRAME STATS

FCollision In Avg:63, SD:59, Max:300, Min:0
FCollision Out Avg:53, SD:62, Max:369, Min:0
FCollision End Avg:3, SD:16, Max:100, Min:0
FTask1 Avg:3, SD:10, Max:103, Min:0
FTask2 Avg:5, SD:15, Max:169, Min:0
FTask3 Avg:10, SD:21, Max:284, Min:0
FCore Active Avg:5, SD:8, Max:82, Min:0
FRouter Active Avg:17, SD:15, Max:98, Min:2
T1 invocations: 100,654
T2 invocations: 113,344
T3 invocations: 2,340,502
T3b invocations: 0
Total3 invocations: 2,340,502
Total4 invocations: 10,641

T3/T2 ratio: 21
T3b/T3 ratio: 0

T1 avg ex cycles: 31
T2 avg ex cycles: 47
T3&b avg ex cycles: 4
T4 avg ex cycles: 98
Avg. hops NOC1: 7
Avg. latency NOC1 (T2): 17,375
Avg. hops NOC2: 8
Avg. latency NOC2 (T3): 4,912

===PRINTING ACUM STATS at pu_cycles: 1,300,463

ACollision In Avg:95, SD:45, Max:319, Min:4
ACollision Out Avg:82, SD:55, Max:332, Min:1
ACollision End Avg:6, SD:15, Max:98, Min:0
ATask1 Avg:8, SD:5, Max:18, Min:0
ATask2 Avg:14, SD:8, Max:33, Min:0
ATask3 Avg:32, SD:30, Max:251, Min:3
ACore Active Avg:14, SD:8, Max:71, Min:2
ARouter Active Avg:37, SD:12, Max:96, Min:11
T1 invocations: 3,254,296
T2 invocations: 3,620,462
T3 invocations: 83,402,162
T3b invocations: 0
Total3 invocations: 83,402,162
Total4 invocations: 212,636

T3/T2 ratio: 23
T3b/T3 ratio: 0

T1 avg ex cycles: 32
T2 avg ex cycles: 53
T3&b avg ex cycles: 5
T4 avg ex cycles: 151
Avg. hops NOC1: 6
Avg. latency NOC1 (T2): 20,118
Avg. hops NOC2: 7
Avg. latency NOC2 (T3): 8,483
Number of K Nodes Processed: 5,704
Number of K Edges Processed: 83,538
Node Re-explore factor: 1.36
Edge Re-explore factor: 0.82
Nodes/cy: 4
Edges/cy: 64
TEPS: 73

---DCache---
DCache Size: 107,424
DRAM words: 0
  DHits: 0
  DMisses: 0

---Energy---
Leakage Energy (nJ): 602,955
PU Dyn E (nJ): 5,506,744
Mem Dyn E (nJ): 30,355,195
Route Dyn E (nJ): 8,418,698
Dynamic Energy (nJ): 44,280,637
Ratio of Dyn/Leak: 73
Total Energy (nJ): 44,883,592
Total Energy (nJ) 3D: 48,943,545
Cores Energy (nJ): 5,521,221
Route Energy (nJ): 8,473,675
Route Energy (nJ) 3D: 12,533,627
Mem Energy   (nJ): 30,888,697
Mem Energy   (nJ) 3D: 30,888,697
Avg. Power (mW): 34,513.55
Power Density (mW/mm2): 10.81

---Runtime---
Runtime in K cycles: 1,300.46
Microseconds: 1,300.46
Time per iteration (ms): 1.30

---Throughput---
GOP/s (aka OPS/ns): 415.96
GOP/s per core: 0.41
GFLOP/s: 128.35
GFLOP/s per core: 0.13
Max Peak GFLOP/s: 4,096.00
Avg. BW GB/s: 2,344.33
Max BW GB/s: 16,384.00

---Traffic---
In-Die bisection_bytes BW (GB/s): 128.00
Inter-board traffic (msg/ns): 0.00, per-link: 0.00
Inter-pack traffic (msg/ns): 0.00, per-link: 0.00
Inter-die traffic (msg/ns): 60.36, per-link: 0.12
Ruche traffic (msg/ns): 113.91, per-link: 0.22
All traffic (msg/ns): 996.07, per-link: 0.97
Inter-die reduction wrt all: 16.50
Inter-board reduction wrt inter-die: inf

---Data Movement---
All traffic (msg): 1,295,353,668
Arith. Intensity FLOP/Loads: 0.44
Arith. Intensity FLOP/Msgs: 0.13
Arith. Intensity OPS/Loads: 1.41
Arith. Intensity OPS/Msgs: 0.42



===Core Utilization Total=== CORE-S:13;; TIME K cy:1,300 ;; Nodes Proc: 707,050 -- Edges Proc: 12,305,028
======== IT IS COLD ======= Only 60 Tiles active

===PRINTING FRAME STATS

FCollision In Avg:65, SD:59, Max:274, Min:0
FCollision Out Avg:52, SD:58, Max:292, Min:0
FCollision End Avg:3, SD:15, Max:100, Min:0
FTask1 Avg:5, SD:9, Max:69, Min:0
FTask2 Avg:9, SD:15, Max:96, Min:0
FTask3 Avg:17, SD:25, Max:246, Min:1
FCore Active Avg:8, SD:9, Max:82, Min:0
FRouter Active Avg:26, SD:15, Max:93, Min:5
T1 invocations: 168,357
T2 invocations: 183,514
T3 invocations: 3,754,555
T3b invocations: 0
Total3 invocations: 3,754,555
Total4 invocations: 18,723

T3/T2 ratio: 20
T3b/T3 ratio: 0

T1 avg ex cycles: 32
T2 avg ex cycles: 50
T3&b avg ex cycles: 5
T4 avg ex cycles: 93
Avg. hops NOC1: 8
Avg. latency NOC1 (T2): 27,336
Avg. hops NOC2: 8
Avg. latency NOC2 (T3): 7,015

===PRINTING ACUM STATS at pu_cycles: 1,400,553

ACollision In Avg:93, SD:45, Max:313, Min:4
ACollision Out Avg:79, SD:55, Max:329, Min:1
ACollision End Avg:6, SD:15, Max:98, Min:0
ATask1 Avg:8, SD:4, Max:17, Min:0
ATask2 Avg:14, SD:7, Max:31, Min:0
ATask3 Avg:31, SD:29, Max:244, Min:3
ACore Active Avg:14, SD:8, Max:70, Min:2
ARouter Active Avg:36, SD:12, Max:96, Min:11
T1 invocations: 3,422,590
T2 invocations: 3,804,088
T3 invocations: 87,149,876
T3b invocations: 0
Total3 invocations: 87,149,876
Total4 invocations: 231,358

T3/T2 ratio: 23
T3b/T3 ratio: 0

T1 avg ex cycles: 32
T2 avg ex cycles: 53
T3&b avg ex cycles: 5
T4 avg ex cycles: 146
Avg. hops NOC1: 6
Avg. latency NOC1 (T2): 20,469
Avg. hops NOC2: 7
Avg. latency NOC2 (T3): 8,421
Number of K Nodes Processed: 5,816
Number of K Edges Processed: 87,522
Node Re-explore factor: 1.38
Edge Re-explore factor: 0.86
Nodes/cy: 4
Edges/cy: 62
TEPS: 68

---DCache---
DCache Size: 107,424
DRAM words: 0
  DHits: 0
  DMisses: 0

---Energy---
Leakage Energy (nJ): 649,361
PU Dyn E (nJ): 5,757,430
Mem Dyn E (nJ): 31,713,953
Route Dyn E (nJ): 8,843,458
Dynamic Energy (nJ): 46,314,842
Ratio of Dyn/Leak: 71
Total Energy (nJ): 46,964,203
Total Energy (nJ) 3D: 51,227,581
Cores Energy (nJ): 5,773,021
Route Energy (nJ): 8,902,666
Route Energy (nJ) 3D: 13,166,044
Mem Energy   (nJ): 32,288,516
Mem Energy   (nJ) 3D: 32,288,516
Avg. Power (mW): 33,532.61
Power Density (mW/mm2): 10.50

---Runtime---
Runtime in K cycles: 1,400.55
Microseconds: 1,400.55
Time per iteration (ms): 1.40

---Throughput---
GOP/s (aka OPS/ns): 403.46
GOP/s per core: 0.39
GFLOP/s: 124.69
GFLOP/s per core: 0.12
Max Peak GFLOP/s: 4,096.00
Avg. BW GB/s: 2,274.22
Max BW GB/s: 16,384.00

---Traffic---
In-Die bisection_bytes BW (GB/s): 128.00
Inter-board traffic (msg/ns): 0.00, per-link: 0.00
Inter-pack traffic (msg/ns): 0.00, per-link: 0.00
Inter-die traffic (msg/ns): 58.82, per-link: 0.11
Ruche traffic (msg/ns): 111.27, per-link: 0.22
All traffic (msg/ns): 970.79, per-link: 0.95
Inter-die reduction wrt all: 16.50
Inter-board reduction wrt inter-die: inf

---Data Movement---
All traffic (msg): 1,359,644,055
Arith. Intensity FLOP/Loads: 0.44
Arith. Intensity FLOP/Msgs: 0.13
Arith. Intensity OPS/Loads: 1.41
Arith. Intensity OPS/Msgs: 0.42



===Core Utilization Total=== CORE-S:14;; TIME K cy:1,400 ;; Nodes Proc: 718,750 -- Edges Proc: 12,906,990

===PRINTING FRAME STATS

FCollision In Avg:67, SD:62, Max:313, Min:0
FCollision Out Avg:55, SD:58, Max:289, Min:0
FCollision End Avg:3, SD:16, Max:100, Min:0
FTask1 Avg:5, SD:10, Max:67, Min:0
FTask2 Avg:9, SD:15, Max:121, Min:0
FTask3 Avg:18, SD:25, Max:247, Min:0
FCore Active Avg:8, SD:9, Max:67, Min:0
FRouter Active Avg:29, SD:17, Max:93, Min:4
T1 invocations: 172,902
T2 invocations: 187,105
T3 invocations: 4,064,581
T3b invocations: 0
Total3 invocations: 4,064,581
Total4 invocations: 18,206

T3/T2 ratio: 22
T3b/T3 ratio: 0

T1 avg ex cycles: 32
T2 avg ex cycles: 49
T3&b avg ex cycles: 4
T4 avg ex cycles: 97
Avg. hops NOC1: 8
Avg. latency NOC1 (T2): 19,698
Avg. hops NOC2: 8
Avg. latency NOC2 (T3): 6,585

===PRINTING ACUM STATS at pu_cycles: 1,500,256

ACollision In Avg:91, SD:45, Max:306, Min:4
ACollision Out Avg:78, SD:54, Max:323, Min:1
ACollision End Avg:6, SD:14, Max:98, Min:0
ATask1 Avg:7, SD:4, Max:16, Min:0
ATask2 Avg:14, SD:7, Max:29, Min:0
ATask3 Avg:30, SD:28, Max:243, Min:3
ACore Active Avg:13, SD:8, Max:68, Min:2
ARouter Active Avg:36, SD:12, Max:95, Min:11
T1 invocations: 3,595,620
T2 invocations: 3,991,130
T3 invocations: 91,223,680
T3b invocations: 0
Total3 invocations: 91,223,680
Total4 invocations: 249,566

T3/T2 ratio: 23
T3b/T3 ratio: 0

T1 avg ex cycles: 32
T2 avg ex cycles: 53
T3&b avg ex cycles: 5
T4 avg ex cycles: 143
Avg. hops NOC1: 6
Avg. latency NOC1 (T2): 20,436
Avg. hops NOC2: 7
Avg. latency NOC2 (T3): 8,341
Number of K Nodes Processed: 5,926
Number of K Edges Processed: 91,489
Node Re-explore factor: 1.41
Edge Re-explore factor: 0.90
Nodes/cy: 4
Edges/cy: 61
TEPS: 64

---DCache---
DCache Size: 107,424
DRAM words: 0
  DHits: 0
  DMisses: 0

---Energy---
Leakage Energy (nJ): 695,588
PU Dyn E (nJ): 6,018,405
Mem Dyn E (nJ): 33,134,111
Route Dyn E (nJ): 9,313,805
Dynamic Energy (nJ): 48,466,321
Ratio of Dyn/Leak: 70
Total Energy (nJ): 49,161,909
Total Energy (nJ) 3D: 53,652,394
Cores Energy (nJ): 6,035,106
Route Energy (nJ): 9,377,227
Route Energy (nJ) 3D: 13,867,712
Mem Energy   (nJ): 33,749,576
Mem Energy   (nJ) 3D: 33,749,576
Avg. Power (mW): 32,769.01
Power Density (mW/mm2): 10.26

---Runtime---
Runtime in K cycles: 1,500.26
Microseconds: 1,500.26
Time per iteration (ms): 1.50

---Throughput---
GOP/s (aka OPS/ns): 393.45
GOP/s per core: 0.38
GFLOP/s: 121.75
GFLOP/s per core: 0.12
Max Peak GFLOP/s: 4,096.00
Avg. BW GB/s: 2,218.17
Max BW GB/s: 16,384.00

---Traffic---
In-Die bisection_bytes BW (GB/s): 128.00
Inter-board traffic (msg/ns): 0.00, per-link: 0.00
Inter-pack traffic (msg/ns): 0.00, per-link: 0.00
Inter-die traffic (msg/ns): 57.83, per-link: 0.11
Ruche traffic (msg/ns): 109.38, per-link: 0.21
All traffic (msg/ns): 953.72, per-link: 0.93
Inter-die reduction wrt all: 16.49
Inter-board reduction wrt inter-die: inf

---Data Movement---
All traffic (msg): 1,430,826,425
Arith. Intensity FLOP/Loads: 0.44
Arith. Intensity FLOP/Msgs: 0.13
Arith. Intensity OPS/Loads: 1.41
Arith. Intensity OPS/Msgs: 0.41



===Core Utilization Total=== CORE-S:15;; TIME K cy:1,500 ;; Nodes Proc: 732,591 -- Edges Proc: 13,320,497
======== IT IS COLD ======= Only 56 Tiles active

===PRINTING FRAME STATS

FCollision In Avg:58, SD:58, Max:258, Min:0
FCollision Out Avg:50, SD:56, Max:305, Min:0
FCollision End Avg:3, SD:16, Max:100, Min:0
FTask1 Avg:5, SD:10, Max:74, Min:0
FTask2 Avg:8, SD:15, Max:115, Min:0
FTask3 Avg:16, SD:24, Max:253, Min:0
FCore Active Avg:8, SD:9, Max:70, Min:0
FRouter Active Avg:26, SD:17, Max:93, Min:4
T1 invocations: 163,121
T2 invocations: 183,899
T3 invocations: 3,649,006
T3b invocations: 0
Total3 invocations: 3,649,006
Total4 invocations: 17,425

T3/T2 ratio: 20
T3b/T3 ratio: 0

T1 avg ex cycles: 31
T2 avg ex cycles: 46
T3&b avg ex cycles: 4
T4 avg ex cycles: 96
Avg. hops NOC1: 8
Avg. latency NOC1 (T2): 22,694
Avg. hops NOC2: 8
Avg. latency NOC2 (T3): 7,322

===PRINTING ACUM STATS at pu_cycles: 1,600,450

ACollision In Avg:89, SD:44, Max:301, Min:4
ACollision Out Avg:76, SD:53, Max:318, Min:1
ACollision End Avg:6, SD:14, Max:98, Min:0
ATask1 Avg:7, SD:4, Max:15, Min:0
ATask2 Avg:13, SD:6, Max:27, Min:0
ATask3 Avg:29, SD:27, Max:243, Min:3
ACore Active Avg:13, SD:7, Max:66, Min:2
ARouter Active Avg:35, SD:12, Max:94, Min:11
T1 invocations: 3,759,556
T2 invocations: 4,175,284
T3 invocations: 94,869,802
T3b invocations: 0
Total3 invocations: 94,869,802
Total4 invocations: 266,961

T3/T2 ratio: 23
T3b/T3 ratio: 0

T1 avg ex cycles: 32
T2 avg ex cycles: 53
T3&b avg ex cycles: 5
T4 avg ex cycles: 140
Avg. hops NOC1: 6
Avg. latency NOC1 (T2): 20,535
Avg. hops NOC2: 7
Avg. latency NOC2 (T3): 8,302
Number of K Nodes Processed: 6,018
Number of K Edges Processed: 95,078
Node Re-explore factor: 1.43
Edge Re-explore factor: 0.94
Nodes/cy: 4
Edges/cy: 59
TEPS: 60

---DCache---
DCache Size: 107,424
DRAM words: 0
  DHits: 0
  DMisses: 0

---Energy---
Leakage Energy (nJ): 742,042
PU Dyn E (nJ): 6,255,749
Mem Dyn E (nJ): 34,420,601
Route Dyn E (nJ): 9,748,920
Dynamic Energy (nJ): 50,425,271
Ratio of Dyn/Leak: 68
Total Energy (nJ): 51,167,313
Total Energy (nJ) 3D: 55,865,333
Cores Energy (nJ): 6,273,566
Route Energy (nJ): 9,816,579
Route Energy (nJ) 3D: 14,514,598
Mem Energy   (nJ): 35,077,170
Mem Energy   (nJ) 3D: 35,077,170
Avg. Power (mW): 31,970.58
Power Density (mW/mm2): 10.01

---Runtime---
Runtime in K cycles: 1,600.45
Microseconds: 1,600.45
Time per iteration (ms): 1.60

---Throughput---
GOP/s (aka OPS/ns): 383.22
GOP/s per core: 0.37
GFLOP/s: 118.66
GFLOP/s per core: 0.12
Max Peak GFLOP/s: 4,096.00
Avg. BW GB/s: 2,160.04
Max BW GB/s: 16,384.00

---Traffic---
In-Die bisection_bytes BW (GB/s): 128.00
Inter-board traffic (msg/ns): 0.00, per-link: 0.00
Inter-pack traffic (msg/ns): 0.00, per-link: 0.00
Inter-die traffic (msg/ns): 56.72, per-link: 0.11
Ruche traffic (msg/ns): 107.50, per-link: 0.21
All traffic (msg/ns): 934.86, per-link: 0.91
Inter-die reduction wrt all: 16.48
Inter-board reduction wrt inter-die: inf

---Data Movement---
All traffic (msg): 1,496,197,382
Arith. Intensity FLOP/Loads: 0.44
Arith. Intensity FLOP/Msgs: 0.13
Arith. Intensity OPS/Loads: 1.41
Arith. Intensity OPS/Msgs: 0.41



===Core Utilization Total=== CORE-S:16;; TIME K cy:1,600 ;; Nodes Proc: 745,935 -- Edges Proc: 13,634,788
======== IT IS COLD ======= Only 42 Tiles active

===PRINTING FRAME STATS

FCollision In Avg:48, SD:55, Max:272, Min:0
FCollision Out Avg:37, SD:52, Max:300, Min:0
FCollision End Avg:3, SD:15, Max:100, Min:0
FTask1 Avg:5, SD:11, Max:115, Min:0
FTask2 Avg:7, SD:15, Max:131, Min:0
FTask3 Avg:14, SD:23, Max:226, Min:0
FCore Active Avg:7, SD:9, Max:71, Min:0
FRouter Active Avg:23, SD:17, Max:97, Min:2
T1 invocations: 148,490
T2 invocations: 163,607
T3 invocations: 3,207,154
T3b invocations: 0
Total3 invocations: 3,207,154
Total4 invocations: 17,607

T3/T2 ratio: 20
T3b/T3 ratio: 0

T1 avg ex cycles: 31
T2 avg ex cycles: 46
T3&b avg ex cycles: 4
T4 avg ex cycles: 89
Avg. hops NOC1: 7
Avg. latency NOC1 (T2): 16,417
Avg. hops NOC2: 8
Avg. latency NOC2 (T3): 4,782

===PRINTING ACUM STATS at pu_cycles: 1,700,136

ACollision In Avg:87, SD:44, Max:299, Min:3
ACollision Out Avg:74, SD:52, Max:315, Min:1
ACollision End Avg:6, SD:14, Max:98, Min:0
ATask1 Avg:7, SD:3, Max:14, Min:0
ATask2 Avg:13, SD:6, Max:26, Min:0
ATask3 Avg:28, SD:27, Max:239, Min:3
ACore Active Avg:13, SD:7, Max:65, Min:2
ARouter Active Avg:34, SD:11, Max:93, Min:11
T1 invocations: 3,909,709
T2 invocations: 4,339,563
T3 invocations: 98,096,337
T3b invocations: 0
Total3 invocations: 98,096,337
Total4 invocations: 284,652

T3/T2 ratio: 23
T3b/T3 ratio: 0

T1 avg ex cycles: 32
T2 avg ex cycles: 52
T3&b avg ex cycles: 5
T4 avg ex cycles: 136
Avg. hops NOC1: 6
Avg. latency NOC1 (T2): 20,380
Avg. hops NOC2: 8
Avg. latency NOC2 (T3): 8,187
Number of K Nodes Processed: 6,093
Number of K Edges Processed: 98,268
Node Re-explore factor: 1.45
Edge Re-explore factor: 0.97
Nodes/cy: 4
Edges/cy: 58
TEPS: 56

---DCache---
DCache Size: 107,424
DRAM words: 0
  DHits: 0
  DMisses: 0

---Energy---
Leakage Energy (nJ): 788,261
PU Dyn E (nJ): 6,466,564
Mem Dyn E (nJ): 35,559,609
Route Dyn E (nJ): 10,117,680
Dynamic Energy (nJ): 52,143,853
Ratio of Dyn/Leak: 66
Total Energy (nJ): 52,932,114
Total Energy (nJ) 3D: 57,805,643
Cores Energy (nJ): 6,485,490
Route Energy (nJ): 10,189,553
Route Energy (nJ) 3D: 15,063,081
Mem Energy   (nJ): 36,257,073
Mem Energy   (nJ) 3D: 36,257,073
Avg. Power (mW): 31,134.05
Power Density (mW/mm2): 9.75

---Runtime---
Runtime in K cycles: 1,700.14
Microseconds: 1,700.14
Time per iteration (ms): 1.70

---Throughput---
GOP/s (aka OPS/ns): 372.85
GOP/s per core: 0.36
GFLOP/s: 115.48
GFLOP/s per core: 0.11
Max Peak GFLOP/s: 4,096.00
Avg. BW GB/s: 2,100.69
Max BW GB/s: 16,384.00

---Traffic---
In-Die bisection_bytes BW (GB/s): 128.00
Inter-board traffic (msg/ns): 0.00, per-link: 0.00
Inter-pack traffic (msg/ns): 0.00, per-link: 0.00
Inter-die traffic (msg/ns): 55.36, per-link: 0.11
Ruche traffic (msg/ns): 105.23, per-link: 0.21
All traffic (msg/ns): 912.78, per-link: 0.89
Inter-die reduction wrt all: 16.49
Inter-board reduction wrt inter-die: inf

---Data Movement---
All traffic (msg): 1,551,857,349
Arith. Intensity FLOP/Loads: 0.44
Arith. Intensity FLOP/Msgs: 0.13
Arith. Intensity OPS/Loads: 1.41
Arith. Intensity OPS/Msgs: 0.41



===Core Utilization Total=== CORE-S:17;; TIME K cy:1,700 ;; Nodes Proc: 756,827 -- Edges Proc: 13,765,295
======== IT IS COLD ======= Only 33 Tiles active

===PRINTING FRAME STATS

FCollision In Avg:43, SD:54, Max:269, Min:0
FCollision Out Avg:35, SD:52, Max:325, Min:0
FCollision End Avg:2, SD:14, Max:100, Min:0
FTask1 Avg:3, SD:9, Max:85, Min:0
FTask2 Avg:6, SD:13, Max:109, Min:0
FTask3 Avg:11, SD:19, Max:265, Min:0
FCore Active Avg:5, SD:7, Max:84, Min:0
FRouter Active Avg:18, SD:16, Max:85, Min:1
T1 invocations: 112,192
T2 invocations: 124,406
T3 invocations: 2,435,649
T3b invocations: 0
Total3 invocations: 2,435,649
Total4 invocations: 14,415

T3/T2 ratio: 20
T3b/T3 ratio: 0

T1 avg ex cycles: 32
T2 avg ex cycles: 47
T3&b avg ex cycles: 4
T4 avg ex cycles: 83
Avg. hops NOC1: 8
Avg. latency NOC1 (T2): 19,358
Avg. hops NOC2: 8
Avg. latency NOC2 (T3): 6,093

===PRINTING ACUM STATS at pu_cycles: 1,800,123

ACollision In Avg:84, SD:44, Max:297, Min:3
ACollision Out Avg:72, SD:52, Max:315, Min:1
ACollision End Avg:5, SD:14, Max:98, Min:0
ATask1 Avg:7, SD:3, Max:13, Min:0
ATask2 Avg:13, SD:5, Max:25, Min:0
ATask3 Avg:27, SD:26, Max:233, Min:3
ACore Active Avg:12, SD:7, Max:63, Min:2
ARouter Active Avg:34, SD:11, Max:93, Min:11
T1 invocations: 4,023,796
T2 invocations: 4,462,127
T3 invocations: 100,545,902
T3b invocations: 0
Total3 invocations: 100,545,902
Total4 invocations: 299,034

T3/T2 ratio: 23
T3b/T3 ratio: 0

T1 avg ex cycles: 32
T2 avg ex cycles: 52
T3&b avg ex cycles: 5
T4 avg ex cycles: 134
Avg. hops NOC1: 6
Avg. latency NOC1 (T2): 20,359
Avg. hops NOC2: 8
Avg. latency NOC2 (T3): 8,136
Number of K Nodes Processed: 6,152
Number of K Edges Processed: 100,737
Node Re-explore factor: 1.46
Edge Re-explore factor: 0.99
Nodes/cy: 3
Edges/cy: 56
TEPS: 53

---DCache---
DCache Size: 107,424
DRAM words: 0
  DHits: 0
  DMisses: 0

---Energy---
Leakage Energy (nJ): 834,620
PU Dyn E (nJ): 6,626,707
Mem Dyn E (nJ): 36,424,595
Route Dyn E (nJ): 10,402,457
Dynamic Energy (nJ): 53,453,759
Ratio of Dyn/Leak: 64
Total Energy (nJ): 54,288,379
Total Energy (nJ) 3D: 59,297,800
Cores Energy (nJ): 6,646,746
Route Energy (nJ): 10,478,556
Route Energy (nJ) 3D: 15,487,977
Mem Energy   (nJ): 37,163,078
Mem Energy   (nJ) 3D: 37,163,078
Avg. Power (mW): 30,158.15
Power Density (mW/mm2): 9.45

---Runtime---
Runtime in K cycles: 1,800.12
Microseconds: 1,800.12
Time per iteration (ms): 1.80

---Throughput---
GOP/s (aka OPS/ns): 360.83
GOP/s per core: 0.35
GFLOP/s: 111.78
GFLOP/s per core: 0.11
Max Peak GFLOP/s: 4,096.00
Avg. BW GB/s: 2,032.27
Max BW GB/s: 16,384.00

---Traffic---
In-Die bisection_bytes BW (GB/s): 128.00
Inter-board traffic (msg/ns): 0.00, per-link: 0.00
Inter-pack traffic (msg/ns): 0.00, per-link: 0.00
Inter-die traffic (msg/ns): 53.73, per-link: 0.10
Ruche traffic (msg/ns): 102.29, per-link: 0.20
All traffic (msg/ns): 885.93, per-link: 0.87
Inter-die reduction wrt all: 16.49
Inter-board reduction wrt inter-die: inf

---Data Movement---
All traffic (msg): 1,594,780,926
Arith. Intensity FLOP/Loads: 0.44
Arith. Intensity FLOP/Msgs: 0.13
Arith. Intensity OPS/Loads: 1.41
Arith. Intensity OPS/Msgs: 0.41



===Core Utilization Total=== CORE-S:18;; TIME K cy:1,800 ;; Nodes Proc: 763,187 -- Edges Proc: 13,877,069
======== IT IS COLD ======= Only 26 Tiles active

===PRINTING FRAME STATS

FCollision In Avg:40, SD:51, Max:296, Min:0
FCollision Out Avg:31, SD:47, Max:289, Min:0
FCollision End Avg:2, SD:14, Max:100, Min:0
FTask1 Avg:5, SD:10, Max:83, Min:0
FTask2 Avg:7, SD:15, Max:129, Min:0
FTask3 Avg:14, SD:23, Max:283, Min:0
FCore Active Avg:7, SD:9, Max:80, Min:0
FRouter Active Avg:22, SD:17, Max:93, Min:3
T1 invocations: 146,800
T2 invocations: 163,806
T3 invocations: 3,138,239
T3b invocations: 0
Total3 invocations: 3,138,239
Total4 invocations: 18,778

T3/T2 ratio: 19
T3b/T3 ratio: 0

T1 avg ex cycles: 31
T2 avg ex cycles: 46
T3&b avg ex cycles: 4
T4 avg ex cycles: 83
Avg. hops NOC1: 6
Avg. latency NOC1 (T2): 21,500
Avg. hops NOC2: 8
Avg. latency NOC2 (T3): 5,493

===PRINTING ACUM STATS at pu_cycles: 1,900,550

ACollision In Avg:82, SD:43, Max:297, Min:3
ACollision Out Avg:69, SD:51, Max:313, Min:1
ACollision End Avg:5, SD:14, Max:98, Min:0
ATask1 Avg:7, SD:3, Max:13, Min:0
ATask2 Avg:12, SD:5, Max:23, Min:0
ATask3 Avg:27, SD:25, Max:228, Min:2
ACore Active Avg:12, SD:7, Max:62, Min:2
ARouter Active Avg:33, SD:11, Max:93, Min:11
T1 invocations: 4,170,201
T2 invocations: 4,625,693
T3 invocations: 103,666,674
T3b invocations: 0
Total3 invocations: 103,666,674
Total4 invocations: 317,732

T3/T2 ratio: 22
T3b/T3 ratio: 0

T1 avg ex cycles: 32
T2 avg ex cycles: 52
T3&b avg ex cycles: 5
T4 avg ex cycles: 131
Avg. hops NOC1: 6
Avg. latency NOC1 (T2): 20,374
Avg. hops NOC2: 8
Avg. latency NOC2 (T3): 8,056
Number of K Nodes Processed: 6,233
Number of K Edges Processed: 103,929
Node Re-explore factor: 1.48
Edge Re-explore factor: 1.03
Nodes/cy: 3
Edges/cy: 55
TEPS: 50

---DCache---
DCache Size: 107,424
DRAM words: 0
  DHits: 0
  DMisses: 0

---Energy---
Leakage Energy (nJ): 881,183
PU Dyn E (nJ): 6,832,534
Mem Dyn E (nJ): 37,536,237
Route Dyn E (nJ): 10,748,215
Dynamic Energy (nJ): 55,116,987
Ratio of Dyn/Leak: 63
Total Energy (nJ): 55,998,170
Total Energy (nJ) 3D: 61,170,681
Cores Energy (nJ): 6,853,691
Route Energy (nJ): 10,828,560
Route Energy (nJ) 3D: 16,001,071
Mem Energy   (nJ): 38,315,919
Mem Energy   (nJ) 3D: 38,315,919
Avg. Power (mW): 29,464.19
Power Density (mW/mm2): 9.23

---Runtime---
Runtime in K cycles: 1,900.55
Microseconds: 1,900.55
Time per iteration (ms): 1.90

---Throughput---
GOP/s (aka OPS/ns): 352.35
GOP/s per core: 0.34
GFLOP/s: 109.17
GFLOP/s per core: 0.11
Max Peak GFLOP/s: 4,096.00
Avg. BW GB/s: 1,983.63
Max BW GB/s: 16,384.00

---Traffic---
In-Die bisection_bytes BW (GB/s): 128.00
Inter-board traffic (msg/ns): 0.00, per-link: 0.00
Inter-pack traffic (msg/ns): 0.00, per-link: 0.00
Inter-die traffic (msg/ns): 52.50, per-link: 0.10
Ruche traffic (msg/ns): 100.40, per-link: 0.20
All traffic (msg/ns): 866.61, per-link: 0.85
Inter-die reduction wrt all: 16.51
Inter-board reduction wrt inter-die: inf

---Data Movement---
All traffic (msg): 1,647,034,740
Arith. Intensity FLOP/Loads: 0.44
Arith. Intensity FLOP/Msgs: 0.13
Arith. Intensity OPS/Loads: 1.41
Arith. Intensity OPS/Msgs: 0.41



===Core Utilization Total=== CORE-S:19;; TIME K cy:1,900 ;; Nodes Proc: 770,905 -- Edges Proc: 14,104,057
======== IT IS COLD ======= Only 30 Tiles active

===PRINTING FRAME STATS

FCollision In Avg:35, SD:49, Max:261, Min:0
FCollision Out Avg:26, SD:41, Max:232, Min:0
FCollision End Avg:2, SD:11, Max:99, Min:0
FTask1 Avg:6, SD:13, Max:108, Min:0
FTask2 Avg:10, SD:20, Max:159, Min:0
FTask3 Avg:18, SD:28, Max:300, Min:1
FCore Active Avg:9, SD:11, Max:100, Min:0
FRouter Active Avg:29, SD:19, Max:98, Min:3
T1 invocations: 188,054
T2 invocations: 213,903
T3 invocations: 4,203,513
T3b invocations: 0
Total3 invocations: 4,203,513
Total4 invocations: 26,296

T3/T2 ratio: 20
T3b/T3 ratio: 0

T1 avg ex cycles: 32
T2 avg ex cycles: 48
T3&b avg ex cycles: 4
T4 avg ex cycles: 77
Avg. hops NOC1: 6
Avg. latency NOC1 (T2): 21,555
Avg. hops NOC2: 8
Avg. latency NOC2 (T3): 4,493

===PRINTING ACUM STATS at pu_cycles: 2,000,788

ACollision In Avg:80, SD:43, Max:294, Min:3
ACollision Out Avg:67, SD:49, Max:309, Min:1
ACollision End Avg:5, SD:13, Max:98, Min:0
ATask1 Avg:7, SD:2, Max:12, Min:0
ATask2 Avg:12, SD:4, Max:22, Min:0
ATask3 Avg:26, SD:25, Max:229, Min:2
ACore Active Avg:12, SD:6, Max:62, Min:3
ARouter Active Avg:33, SD:11, Max:92, Min:12
T1 invocations: 4,361,496
T2 invocations: 4,840,277
T3 invocations: 107,858,882
T3b invocations: 0
Total3 invocations: 107,858,882
Total4 invocations: 344,176

T3/T2 ratio: 22
T3b/T3 ratio: 0

T1 avg ex cycles: 32
T2 avg ex cycles: 52
T3&b avg ex cycles: 5
T4 avg ex cycles: 127
Avg. hops NOC1: 6
Avg. latency NOC1 (T2): 20,420
Avg. hops NOC2: 8
Avg. latency NOC2 (T3): 7,913
Number of K Nodes Processed: 6,332
Number of K Edges Processed: 108,377
Node Re-explore factor: 1.51
Edge Re-explore factor: 1.07
Nodes/cy: 3
Edges/cy: 54
TEPS: 48

---DCache---
DCache Size: 107,424
DRAM words: 0
  DHits: 0
  DMisses: 0

---Energy---
Leakage Energy (nJ): 927,657
PU Dyn E (nJ): 7,110,331
Mem Dyn E (nJ): 39,038,225
Route Dyn E (nJ): 11,218,837
Dynamic Energy (nJ): 57,367,393
Ratio of Dyn/Leak: 62
Total Energy (nJ): 58,295,050
Total Energy (nJ) 3D: 63,687,002
Cores Energy (nJ): 7,132,604
Route Energy (nJ): 11,303,419
Route Energy (nJ) 3D: 16,695,372
Mem Energy   (nJ): 39,859,028
Mem Energy   (nJ) 3D: 39,859,028
Avg. Power (mW): 29,136.05
Power Density (mW/mm2): 9.13

---Runtime---
Runtime in K cycles: 2,000.79
Microseconds: 2,000.79
Time per iteration (ms): 2.00

---Throughput---
GOP/s (aka OPS/ns): 348.10
GOP/s per core: 0.34
GFLOP/s: 107.97
GFLOP/s per core: 0.11
Max Peak GFLOP/s: 4,096.00
Avg. BW GB/s: 1,959.65
Max BW GB/s: 16,384.00

---Traffic---
In-Die bisection_bytes BW (GB/s): 128.00
Inter-board traffic (msg/ns): 0.00, per-link: 0.00
Inter-pack traffic (msg/ns): 0.00, per-link: 0.00
Inter-die traffic (msg/ns): 51.99, per-link: 0.10
Ruche traffic (msg/ns): 100.01, per-link: 0.20
All traffic (msg/ns): 858.54, per-link: 0.84
Inter-die reduction wrt all: 16.51
Inter-board reduction wrt inter-die: inf

---Data Movement---
All traffic (msg): 1,717,757,207
Arith. Intensity FLOP/Loads: 0.44
Arith. Intensity FLOP/Msgs: 0.13
Arith. Intensity OPS/Loads: 1.41
Arith. Intensity OPS/Msgs: 0.41



===Core Utilization Total=== CORE-S:20;; TIME K cy:2,000 ;; Nodes Proc: 779,686 -- Edges Proc: 14,417,300
======== IT IS COLD ======= Only 24 Tiles active

===PRINTING FRAME STATS

FCollision In Avg:41, SD:56, Max:362, Min:0
FCollision Out Avg:40, SD:45, Max:250, Min:0
FCollision End Avg:2, SD:12, Max:99, Min:0
FTask1 Avg:4, SD:11, Max:118, Min:0
FTask2 Avg:8, SD:16, Max:110, Min:0
FTask3 Avg:15, SD:26, Max:341, Min:1
FCore Active Avg:7, SD:10, Max:91, Min:0
FRouter Active Avg:23, SD:18, Max:100, Min:2
T1 invocations: 143,051
T2 invocations: 165,617
T3 invocations: 3,345,033
T3b invocations: 0
Total3 invocations: 3,345,033
Total4 invocations: 18,604

T3/T2 ratio: 20
T3b/T3 ratio: 0

T1 avg ex cycles: 32
T2 avg ex cycles: 47
T3&b avg ex cycles: 4
T4 avg ex cycles: 82
Avg. hops NOC1: 6
Avg. latency NOC1 (T2): 13,472
Avg. hops NOC2: 8
Avg. latency NOC2 (T3): 6,866

===PRINTING ACUM STATS at pu_cycles: 2,100,526

ACollision In Avg:78, SD:42, Max:283, Min:3
ACollision Out Avg:66, SD:48, Max:295, Min:2
ACollision End Avg:5, SD:13, Max:94, Min:0
ATask1 Avg:7, SD:2, Max:12, Min:0
ATask2 Avg:12, SD:4, Max:21, Min:0
ATask3 Avg:26, SD:24, Max:234, Min:2
ACore Active Avg:12, SD:6, Max:63, Min:3
ARouter Active Avg:32, SD:11, Max:90, Min:12
T1 invocations: 4,524,677
T2 invocations: 5,013,497
T3 invocations: 111,367,549
T3b invocations: 0
Total3 invocations: 111,367,549
Total4 invocations: 363,118

T3/T2 ratio: 22
T3b/T3 ratio: 0

T1 avg ex cycles: 32
T2 avg ex cycles: 52
T3&b avg ex cycles: 5
T4 avg ex cycles: 125
Avg. hops NOC1: 6
Avg. latency NOC1 (T2): 20,156
Avg. hops NOC2: 8
Avg. latency NOC2 (T3): 7,879
Number of K Nodes Processed: 6,413
Number of K Edges Processed: 111,651
Node Re-explore factor: 1.52
Edge Re-explore factor: 1.10
Nodes/cy: 3
Edges/cy: 53
TEPS: 45

---DCache---
DCache Size: 107,424
DRAM words: 0
  DHits: 0
  DMisses: 0

---Energy---
Leakage Energy (nJ): 973,901
PU Dyn E (nJ): 7,338,286
Mem Dyn E (nJ): 40,269,853
Route Dyn E (nJ): 11,602,816
Dynamic Energy (nJ): 59,210,955
Ratio of Dyn/Leak: 61
Total Energy (nJ): 60,184,856
Total Energy (nJ) 3D: 65,759,370
Cores Energy (nJ): 7,361,669
Route Energy (nJ): 11,691,615
Route Energy (nJ) 3D: 17,266,128
Mem Energy   (nJ): 41,131,573
Mem Energy   (nJ) 3D: 41,131,573
Avg. Power (mW): 28,652.28
Power Density (mW/mm2): 8.97

---Runtime---
Runtime in K cycles: 2,100.53
Microseconds: 2,100.53
Time per iteration (ms): 2.10

---Throughput---
GOP/s (aka OPS/ns): 342.20
GOP/s per core: 0.33
GFLOP/s: 106.14
GFLOP/s per core: 0.10
Max Peak GFLOP/s: 4,096.00
Avg. BW GB/s: 1,925.50
Max BW GB/s: 16,384.00

---Traffic---
In-Die bisection_bytes BW (GB/s): 128.00
Inter-board traffic (msg/ns): 0.00, per-link: 0.00
Inter-pack traffic (msg/ns): 0.00, per-link: 0.00
Inter-die traffic (msg/ns): 51.10, per-link: 0.10
Ruche traffic (msg/ns): 98.75, per-link: 0.19
All traffic (msg/ns): 845.50, per-link: 0.83
Inter-die reduction wrt all: 16.55
Inter-board reduction wrt inter-die: inf

---Data Movement---
All traffic (msg): 1,775,998,642
Arith. Intensity FLOP/Loads: 0.44
Arith. Intensity FLOP/Msgs: 0.13
Arith. Intensity OPS/Loads: 1.41
Arith. Intensity OPS/Msgs: 0.40



===Core Utilization Total=== CORE-S:21;; TIME K cy:2,100 ;; Nodes Proc: 786,506 -- Edges Proc: 14,720,717
======== IT IS COLD ======= Only 45 Tiles active

===PRINTING FRAME STATS

FCollision In Avg:31, SD:51, Max:325, Min:0
FCollision Out Avg:27, SD:43, Max:268, Min:0
FCollision End Avg:2, SD:11, Max:100, Min:0
FTask1 Avg:4, SD:11, Max:114, Min:0
FTask2 Avg:7, SD:17, Max:139, Min:0
FTask3 Avg:14, SD:27, Max:385, Min:1
FCore Active Avg:7, SD:10, Max:99, Min:0
FRouter Active Avg:22, SD:18, Max:100, Min:2
T1 invocations: 126,895
T2 invocations: 156,925
T3 invocations: 3,257,171
T3b invocations: 0
Total3 invocations: 3,257,171
Total4 invocations: 20,508

T3/T2 ratio: 21
T3b/T3 ratio: 0

T1 avg ex cycles: 32
T2 avg ex cycles: 48
T3&b avg ex cycles: 4
T4 avg ex cycles: 70
Avg. hops NOC1: 7
Avg. latency NOC1 (T2): 11,324
Avg. hops NOC2: 8
Avg. latency NOC2 (T3): 6,423

===PRINTING ACUM STATS at pu_cycles: 2,200,525

ACollision In Avg:76, SD:41, Max:273, Min:3
ACollision Out Avg:64, SD:46, Max:282, Min:2
ACollision End Avg:5, SD:12, Max:89, Min:0
ATask1 Avg:7, SD:2, Max:11, Min:0
ATask2 Avg:12, SD:3, Max:20, Min:0
ATask3 Avg:25, SD:24, Max:241, Min:2
ACore Active Avg:11, SD:6, Max:65, Min:3
ARouter Active Avg:32, SD:11, Max:87, Min:13
T1 invocations: 4,658,663
T2 invocations: 5,168,270
T3 invocations: 114,567,499
T3b invocations: 0
Total3 invocations: 114,567,499
Total4 invocations: 383,742

T3/T2 ratio: 22
T3b/T3 ratio: 0

T1 avg ex cycles: 32
T2 avg ex cycles: 51
T3&b avg ex cycles: 5
T4 avg ex cycles: 122
Avg. hops NOC1: 6
Avg. latency NOC1 (T2): 19,892
Avg. hops NOC2: 8
Avg. latency NOC2 (T3): 7,836
Number of K Nodes Processed: 6,482
Number of K Edges Processed: 114,892
Node Re-explore factor: 1.54
Edge Re-explore factor: 1.13
Nodes/cy: 3
Edges/cy: 52
TEPS: 43

---DCache---
DCache Size: 107,424
DRAM words: 0
  DHits: 0
  DMisses: 0

---Energy---
Leakage Energy (nJ): 1,020,265
PU Dyn E (nJ): 7,544,420
Mem Dyn E (nJ): 41,390,515
Route Dyn E (nJ): 11,959,966
Dynamic Energy (nJ): 60,894,902
Ratio of Dyn/Leak: 60
Total Energy (nJ): 61,915,167
Total Energy (nJ) 3D: 67,651,117
Cores Energy (nJ): 7,568,916
Route Energy (nJ): 12,052,993
Route Energy (nJ) 3D: 17,788,943
Mem Energy   (nJ): 42,293,258
Mem Energy   (nJ) 3D: 42,293,258
Avg. Power (mW): 28,136.54
Power Density (mW/mm2): 8.81

---Runtime---
Runtime in K cycles: 2,200.53
Microseconds: 2,200.53
Time per iteration (ms): 2.20

---Throughput---
GOP/s (aka OPS/ns): 335.65
GOP/s per core: 0.33
GFLOP/s: 104.20
GFLOP/s per core: 0.10
Max Peak GFLOP/s: 4,096.00
Avg. BW GB/s: 1,889.15
Max BW GB/s: 16,384.00

---Traffic---
In-Die bisection_bytes BW (GB/s): 128.00
Inter-board traffic (msg/ns): 0.00, per-link: 0.00
Inter-pack traffic (msg/ns): 0.00, per-link: 0.00
Inter-die traffic (msg/ns): 50.13, per-link: 0.10
Ruche traffic (msg/ns): 97.84, per-link: 0.19
All traffic (msg/ns): 831.23, per-link: 0.81
Inter-die reduction wrt all: 16.58
Inter-board reduction wrt inter-die: inf

---Data Movement---
All traffic (msg): 1,829,149,053
Arith. Intensity FLOP/Loads: 0.44
Arith. Intensity FLOP/Msgs: 0.13
Arith. Intensity OPS/Loads: 1.41
Arith. Intensity OPS/Msgs: 0.40



===Core Utilization Total=== CORE-S:22;; TIME K cy:2,200 ;; Nodes Proc: 792,236 -- Edges Proc: 15,172,538
======== IT IS COLD ======= Only 16 Tiles active

===PRINTING FRAME STATS

FCollision In Avg:23, SD:43, Max:273, Min:0
FCollision Out Avg:17, SD:33, Max:243, Min:0
FCollision End Avg:1, SD:9, Max:99, Min:0
FTask1 Avg:4, SD:11, Max:89, Min:0
FTask2 Avg:8, SD:18, Max:122, Min:0
FTask3 Avg:15, SD:34, Max:379, Min:0
FCore Active Avg:7, SD:12, Max:100, Min:0
FRouter Active Avg:23, SD:19, Max:100, Min:2
T1 invocations: 135,951
T2 invocations: 155,671
T3 invocations: 3,562,435
T3b invocations: 0
Total3 invocations: 3,562,435
Total4 invocations: 23,377

T3/T2 ratio: 23
T3b/T3 ratio: 0

T1 avg ex cycles: 32
T2 avg ex cycles: 53
T3&b avg ex cycles: 4
T4 avg ex cycles: 67
Avg. hops NOC1: 6
Avg. latency NOC1 (T2): 9,731
Avg. hops NOC2: 8
Avg. latency NOC2 (T3): 4,357

===PRINTING ACUM STATS at pu_cycles: 2,300,505

ACollision In Avg:73, SD:40, Max:263, Min:2
ACollision Out Avg:62, SD:45, Max:271, Min:2
ACollision End Avg:5, SD:12, Max:85, Min:0
ATask1 Avg:6, SD:1, Max:11, Min:0
ATask2 Avg:12, SD:3, Max:20, Min:0
ATask3 Avg:25, SD:24, Max:247, Min:2
ACore Active Avg:11, SD:6, Max:66, Min:4
ARouter Active Avg:31, SD:10, Max:86, Min:13
T1 invocations: 4,807,256
T2 invocations: 5,328,509
T3 invocations: 118,265,573
T3b invocations: 0
Total3 invocations: 118,265,573
Total4 invocations: 407,396

T3/T2 ratio: 22
T3b/T3 ratio: 0

T1 avg ex cycles: 32
T2 avg ex cycles: 51
T3&b avg ex cycles: 5
T4 avg ex cycles: 119
Avg. hops NOC1: 6
Avg. latency NOC1 (T2): 19,585
Avg. hops NOC2: 8
Avg. latency NOC2 (T3): 7,729
Number of K Nodes Processed: 6,557
Number of K Edges Processed: 118,439
Node Re-explore factor: 1.56
Edge Re-explore factor: 1.17
Nodes/cy: 3
Edges/cy: 51
TEPS: 42

---DCache---
DCache Size: 107,424
DRAM words: 0
  DHits: 0
  DMisses: 0

---Energy---
Leakage Energy (nJ): 1,066,620
PU Dyn E (nJ): 7,780,155
Mem Dyn E (nJ): 42,674,800
Route Dyn E (nJ): 12,344,657
Dynamic Energy (nJ): 62,799,613
Ratio of Dyn/Leak: 59
Total Energy (nJ): 63,866,233
Total Energy (nJ) 3D: 69,777,844
Cores Energy (nJ): 7,805,764
Route Energy (nJ): 12,441,910
Route Energy (nJ) 3D: 18,353,521
Mem Energy   (nJ): 43,618,560
Mem Energy   (nJ) 3D: 43,618,560
Avg. Power (mW): 27,761.83
Power Density (mW/mm2): 8.70

---Runtime---
Runtime in K cycles: 2,300.51
Microseconds: 2,300.51
Time per iteration (ms): 2.30

---Throughput---
GOP/s (aka OPS/ns): 330.85
GOP/s per core: 0.32
GFLOP/s: 102.85
GFLOP/s per core: 0.10
Max Peak GFLOP/s: 4,096.00
Avg. BW GB/s: 1,863.13
Max BW GB/s: 16,384.00

---Traffic---
In-Die bisection_bytes BW (GB/s): 128.00
Inter-board traffic (msg/ns): 0.00, per-link: 0.00
Inter-pack traffic (msg/ns): 0.00, per-link: 0.00
Inter-die traffic (msg/ns): 49.29, per-link: 0.10
Ruche traffic (msg/ns): 97.24, per-link: 0.19
All traffic (msg/ns): 820.28, per-link: 0.80
Inter-die reduction wrt all: 16.64
Inter-board reduction wrt inter-die: inf

---Data Movement---
All traffic (msg): 1,887,066,943
Arith. Intensity FLOP/Loads: 0.44
Arith. Intensity FLOP/Msgs: 0.13
Arith. Intensity OPS/Loads: 1.41
Arith. Intensity OPS/Msgs: 0.40



===Core Utilization Total=== CORE-S:23;; TIME K cy:2,300 ;; Nodes Proc: 797,606 -- Edges Proc: 15,597,516
======== IT IS COLD ======= Only 14 Tiles active

===PRINTING FRAME STATS

FCollision In Avg:16, SD:37, Max:270, Min:0
FCollision Out Avg:11, SD:26, Max:242, Min:0
FCollision End Avg:1, SD:6, Max:87, Min:0
FTask1 Avg:3, SD:10, Max:84, Min:0
FTask2 Avg:6, SD:16, Max:125, Min:0
FTask3 Avg:12, SD:30, Max:389, Min:0
FCore Active Avg:5, SD:11, Max:100, Min:0
FRouter Active Avg:18, SD:18, Max:99, Min:2
T1 invocations: 98,437
T2 invocations: 117,042
T3 invocations: 2,704,105
T3b invocations: 0
Total3 invocations: 2,704,105
Total4 invocations: 21,553

T3/T2 ratio: 23
T3b/T3 ratio: 0

T1 avg ex cycles: 32
T2 avg ex cycles: 52
T3&b avg ex cycles: 4
T4 avg ex cycles: 55
Avg. hops NOC1: 6
Avg. latency NOC1 (T2): 7,662
Avg. hops NOC2: 8
Avg. latency NOC2 (T3): 3,771

===PRINTING ACUM STATS at pu_cycles: 2,400,599

ACollision In Avg:71, SD:39, Max:253, Min:2
ACollision Out Avg:60, SD:43, Max:265, Min:2
ACollision End Avg:4, SD:11, Max:82, Min:0
ATask1 Avg:6, SD:1, Max:11, Min:0
ATask2 Avg:11, SD:2, Max:19, Min:0
ATask3 Avg:24, SD:23, Max:251, Min:2
ACore Active Avg:11, SD:6, Max:67, Min:4
ARouter Active Avg:31, SD:10, Max:84, Min:12
T1 invocations: 4,904,788
T2 invocations: 5,445,504
T3 invocations: 120,922,710
T3b invocations: 0
Total3 invocations: 120,922,710
Total4 invocations: 428,702

T3/T2 ratio: 22
T3b/T3 ratio: 0

T1 avg ex cycles: 32
T2 avg ex cycles: 51
T3&b avg ex cycles: 5
T4 avg ex cycles: 116
Avg. hops NOC1: 6
Avg. latency NOC1 (T2): 19,311
Avg. hops NOC2: 8
Avg. latency NOC2 (T3): 7,643
Number of K Nodes Processed: 6,609
Number of K Edges Processed: 121,113
Node Re-explore factor: 1.57
Edge Re-explore factor: 1.20
Nodes/cy: 3
Edges/cy: 50
TEPS: 40

---DCache---
DCache Size: 107,424
DRAM words: 0
  DHits: 0
  DMisses: 0

---Energy---
Leakage Energy (nJ): 1,113,028
PU Dyn E (nJ): 7,948,814
Mem Dyn E (nJ): 43,598,329
Route Dyn E (nJ): 12,629,321
Dynamic Energy (nJ): 64,176,464
Ratio of Dyn/Leak: 58
Total Energy (nJ): 65,289,492
Total Energy (nJ) 3D: 71,328,876
Cores Energy (nJ): 7,975,537
Route Energy (nJ): 12,730,805
Route Energy (nJ) 3D: 18,770,189
Mem Energy   (nJ): 44,583,151
Mem Energy   (nJ) 3D: 44,583,151
Avg. Power (mW): 27,197.17
Power Density (mW/mm2): 8.52

---Runtime---
Runtime in K cycles: 2,400.60
Microseconds: 2,400.60
Time per iteration (ms): 2.40

---Throughput---
GOP/s (aka OPS/ns): 323.68
GOP/s per core: 0.32
GFLOP/s: 100.76
GFLOP/s per core: 0.10
Max Peak GFLOP/s: 4,096.00
Avg. BW GB/s: 1,824.09
Max BW GB/s: 16,384.00

---Traffic---
In-Die bisection_bytes BW (GB/s): 128.00
Inter-board traffic (msg/ns): 0.00, per-link: 0.00
Inter-pack traffic (msg/ns): 0.00, per-link: 0.00
Inter-die traffic (msg/ns): 48.23, per-link: 0.09
Ruche traffic (msg/ns): 95.84, per-link: 0.19
All traffic (msg/ns): 803.77, per-link: 0.78
Inter-die reduction wrt all: 16.67
Inter-board reduction wrt inter-die: inf

---Data Movement---
All traffic (msg): 1,929,530,131
Arith. Intensity FLOP/Loads: 0.44
Arith. Intensity FLOP/Msgs: 0.13
Arith. Intensity OPS/Loads: 1.41
Arith. Intensity OPS/Msgs: 0.40



===Core Utilization Total=== CORE-S:24;; TIME K cy:2,400 ;; Nodes Proc: 801,415 -- Edges Proc: 15,834,341
======== IT IS COLD ======= Only 26 Tiles active

===PRINTING FRAME STATS

FCollision In Avg:11, SD:30, Max:244, Min:0
FCollision Out Avg:8, SD:21, Max:198, Min:0
FCollision End Avg:0, SD:5, Max:97, Min:0
FTask1 Avg:2, SD:7, Max:58, Min:0
FTask2 Avg:4, SD:12, Max:112, Min:0
FTask3 Avg:8, SD:24, Max:347, Min:0
FCore Active Avg:4, SD:8, Max:100, Min:0
FRouter Active Avg:14, SD:16, Max:96, Min:2
T1 invocations: 62,275
T2 invocations: 78,768
T3 invocations: 1,870,474
T3b invocations: 0
Total3 invocations: 1,870,474
Total4 invocations: 14,882

T3/T2 ratio: 24
T3b/T3 ratio: 0

T1 avg ex cycles: 32
T2 avg ex cycles: 54
T3&b avg ex cycles: 4
T4 avg ex cycles: 51
Avg. hops NOC1: 6
Avg. latency NOC1 (T2): 8,204
Avg. hops NOC2: 8
Avg. latency NOC2 (T3): 4,646

===PRINTING ACUM STATS at pu_cycles: 2,500,183

ACollision In Avg:68, SD:38, Max:243, Min:2
ACollision Out Avg:58, SD:42, Max:263, Min:2
ACollision End Avg:4, SD:11, Max:79, Min:0
ATask1 Avg:6, SD:1, Max:11, Min:0
ATask2 Avg:11, SD:2, Max:18, Min:1
ATask3 Avg:24, SD:23, Max:253, Min:2
ACore Active Avg:11, SD:6, Max:68, Min:4
ARouter Active Avg:30, SD:10, Max:81, Min:12
T1 invocations: 4,972,165
T2 invocations: 5,525,536
T3 invocations: 122,818,063
T3b invocations: 0
Total3 invocations: 122,818,063
Total4 invocations: 443,786

T3/T2 ratio: 22
T3b/T3 ratio: 0

T1 avg ex cycles: 32
T2 avg ex cycles: 51
T3&b avg ex cycles: 5
T4 avg ex cycles: 114
Avg. hops NOC1: 6
Avg. latency NOC1 (T2): 19,153
Avg. hops NOC2: 8
Avg. latency NOC2 (T3): 7,596
Number of K Nodes Processed: 6,640
Number of K Edges Processed: 123,003
Node Re-explore factor: 1.58
Edge Re-explore factor: 1.21
Nodes/cy: 3
Edges/cy: 49
TEPS: 38

---DCache---
DCache Size: 107,424
DRAM words: 0
  DHits: 0
  DMisses: 0

---Energy---
Leakage Energy (nJ): 1,159,200
PU Dyn E (nJ): 8,069,412
Mem Dyn E (nJ): 44,259,475
Route Dyn E (nJ): 12,837,947
Dynamic Energy (nJ): 65,166,834
Ratio of Dyn/Leak: 56
Total Energy (nJ): 66,326,034
Total Energy (nJ) 3D: 72,459,497
Cores Energy (nJ): 8,097,244
Route Energy (nJ): 12,943,641
Route Energy (nJ) 3D: 19,077,104
Mem Energy   (nJ): 45,285,150
Mem Energy   (nJ) 3D: 45,285,150
Avg. Power (mW): 26,528.47
Power Density (mW/mm2): 8.31

---Runtime---
Runtime in K cycles: 2,500.18
Microseconds: 2,500.18
Time per iteration (ms): 2.50

---Throughput---
GOP/s (aka OPS/ns): 315.28
GOP/s per core: 0.31
GFLOP/s: 98.27
GFLOP/s per core: 0.10
Max Peak GFLOP/s: 4,096.00
Avg. BW GB/s: 1,777.99
Max BW GB/s: 16,384.00

---Traffic---
In-Die bisection_bytes BW (GB/s): 128.00
Inter-board traffic (msg/ns): 0.00, per-link: 0.00
Inter-pack traffic (msg/ns): 0.00, per-link: 0.00
Inter-die traffic (msg/ns): 46.97, per-link: 0.09
Ruche traffic (msg/ns): 93.91, per-link: 0.18
All traffic (msg/ns): 784.17, per-link: 0.77
Inter-die reduction wrt all: 16.70
Inter-board reduction wrt inter-die: inf

---Data Movement---
All traffic (msg): 1,960,575,187
Arith. Intensity FLOP/Loads: 0.44
Arith. Intensity FLOP/Msgs: 0.13
Arith. Intensity OPS/Loads: 1.41
Arith. Intensity OPS/Msgs: 0.40



===Core Utilization Total=== CORE-S:25;; TIME K cy:2,500 ;; Nodes Proc: 803,482 -- Edges Proc: 15,986,654
======== IT IS COLD ======= Only 2 Tiles active

===PRINTING FRAME STATS

FCollision In Avg:10, SD:33, Max:393, Min:0
FCollision Out Avg:7, SD:20, Max:157, Min:0
FCollision End Avg:0, SD:5, Max:87, Min:0
FTask1 Avg:1, SD:5, Max:71, Min:0
FTask2 Avg:3, SD:10, Max:104, Min:0
FTask3 Avg:6, SD:23, Max:347, Min:0
FCore Active Avg:3, SD:7, Max:100, Min:0
FRouter Active Avg:10, SD:15, Max:99, Min:1
T1 invocations: 41,493
T2 invocations: 51,836
T3 invocations: 1,430,653
T3b invocations: 0
Total3 invocations: 1,430,653
Total4 invocations: 12,169

T3/T2 ratio: 28
T3b/T3 ratio: 0

T1 avg ex cycles: 32
T2 avg ex cycles: 61
T3&b avg ex cycles: 4
T4 avg ex cycles: 45
Avg. hops NOC1: 6
Avg. latency NOC1 (T2): 10,185
Avg. hops NOC2: 8
Avg. latency NOC2 (T3): 5,322

===PRINTING ACUM STATS at pu_cycles: 2,600,128

ACollision In Avg:66, SD:37, Max:234, Min:2
ACollision Out Avg:56, SD:40, Max:253, Min:2
ACollision End Avg:4, SD:10, Max:76, Min:0
ATask1 Avg:6, SD:1, Max:10, Min:0
ATask2 Avg:11, SD:2, Max:17, Min:3
ATask3 Avg:23, SD:23, Max:256, Min:2
ACore Active Avg:10, SD:6, Max:69, Min:4
ARouter Active Avg:29, SD:10, Max:80, Min:12
T1 invocations: 5,018,425
T2 invocations: 5,579,007
T3 invocations: 124,312,851
T3b invocations: 0
Total3 invocations: 124,312,851
Total4 invocations: 456,071

T3/T2 ratio: 22
T3b/T3 ratio: 0

T1 avg ex cycles: 32
T2 avg ex cycles: 52
T3&b avg ex cycles: 5
T4 avg ex cycles: 112
Avg. hops NOC1: 6
Avg. latency NOC1 (T2): 19,067
Avg. hops NOC2: 8
Avg. latency NOC2 (T3): 7,567
Number of K Nodes Processed: 6,664
Number of K Edges Processed: 124,422
Node Re-explore factor: 1.58
Edge Re-explore factor: 1.23
Nodes/cy: 3
Edges/cy: 48
TEPS: 37

---DCache---
DCache Size: 107,424
DRAM words: 0
  DHits: 0
  DMisses: 0

---Energy---
Leakage Energy (nJ): 1,205,539
PU Dyn E (nJ): 8,162,380
Mem Dyn E (nJ): 44,772,607
Route Dyn E (nJ): 12,994,448
Dynamic Energy (nJ): 65,929,437
Ratio of Dyn/Leak: 55
Total Energy (nJ): 67,134,976
Total Energy (nJ) 3D: 73,341,025
Cores Energy (nJ): 8,191,325
Route Energy (nJ): 13,104,367
Route Energy (nJ) 3D: 19,310,417
Mem Energy   (nJ): 45,839,284
Mem Energy   (nJ) 3D: 45,839,284
Avg. Power (mW): 25,819.87
Power Density (mW/mm2): 8.09

---Runtime---
Runtime in K cycles: 2,600.13
Microseconds: 2,600.13
Time per iteration (ms): 2.60

---Throughput---
GOP/s (aka OPS/ns): 306.45
GOP/s per core: 0.30
GFLOP/s: 95.63
GFLOP/s per core: 0.09
Max Peak GFLOP/s: 4,096.00
Avg. BW GB/s: 1,729.47
Max BW GB/s: 16,384.00

---Traffic---
In-Die bisection_bytes BW (GB/s): 128.00
Inter-board traffic (msg/ns): 0.00, per-link: 0.00
Inter-pack traffic (msg/ns): 0.00, per-link: 0.00
Inter-die traffic (msg/ns): 45.61, per-link: 0.09
Ruche traffic (msg/ns): 91.60, per-link: 0.18
All traffic (msg/ns): 763.12, per-link: 0.75
Inter-die reduction wrt all: 16.73
Inter-board reduction wrt inter-die: inf

---Data Movement---
All traffic (msg): 1,984,200,636
Arith. Intensity FLOP/Loads: 0.44
Arith. Intensity FLOP/Msgs: 0.13
Arith. Intensity OPS/Loads: 1.41
Arith. Intensity OPS/Msgs: 0.40



===Core Utilization Total=== CORE-S:26;; TIME K cy:2,600 ;; Nodes Proc: 805,261 -- Edges Proc: 16,078,158
======== IT IS COLD ======= Only 4 Tiles active

===PRINTING FRAME STATS

FCollision In Avg:9, SD:32, Max:459, Min:0
FCollision Out Avg:7, SD:21, Max:206, Min:0
FCollision End Avg:0, SD:5, Max:99, Min:0
FTask1 Avg:1, SD:4, Max:61, Min:0
FTask2 Avg:2, SD:9, Max:93, Min:0
FTask3 Avg:5, SD:23, Max:347, Min:0
FCore Active Avg:2, SD:7, Max:99, Min:0
FRouter Active Avg:8, SD:13, Max:97, Min:0
T1 invocations: 25,769
T2 invocations: 36,184
T3 invocations: 1,206,846
T3b invocations: 0
Total3 invocations: 1,206,846
Total4 invocations: 8,763

T3/T2 ratio: 33
T3b/T3 ratio: 0

T1 avg ex cycles: 33
T2 avg ex cycles: 70
T3&b avg ex cycles: 4
T4 avg ex cycles: 40
Avg. hops NOC1: 6
Avg. latency NOC1 (T2): 11,040
Avg. hops NOC2: 8
Avg. latency NOC2 (T3): 6,266

===PRINTING ACUM STATS at pu_cycles: 2,700,410

ACollision In Avg:64, SD:36, Max:225, Min:2
ACollision Out Avg:54, SD:39, Max:246, Min:2
ACollision End Avg:4, SD:10, Max:73, Min:0
ATask1 Avg:6, SD:1, Max:10, Min:1
ATask2 Avg:11, SD:2, Max:17, Min:5
ATask3 Avg:22, SD:22, Max:258, Min:2
ACore Active Avg:10, SD:6, Max:69, Min:3
ARouter Active Avg:29, SD:10, Max:77, Min:12
T1 invocations: 5,044,897
T2 invocations: 5,615,568
T3 invocations: 125,514,556
T3b invocations: 0
Total3 invocations: 125,514,556
Total4 invocations: 464,839

T3/T2 ratio: 22
T3b/T3 ratio: 0

T1 avg ex cycles: 32
T2 avg ex cycles: 52
T3&b avg ex cycles: 5
T4 avg ex cycles: 111
Avg. hops NOC1: 6
Avg. latency NOC1 (T2): 19,008
Avg. hops NOC2: 8
Avg. latency NOC2 (T3): 7,555
Number of K Nodes Processed: 6,679
Number of K Edges Processed: 125,589
Node Re-explore factor: 1.59
Edge Re-explore factor: 1.24
Nodes/cy: 2
Edges/cy: 47
TEPS: 35

---DCache---
DCache Size: 107,424
DRAM words: 0
  DHits: 0
  DMisses: 0

---Energy---
Leakage Energy (nJ): 1,252,034
PU Dyn E (nJ): 8,234,460
Mem Dyn E (nJ): 45,176,513
Route Dyn E (nJ): 13,119,340
Dynamic Energy (nJ): 66,530,313
Ratio of Dyn/Leak: 53
Total Energy (nJ): 67,782,347
Total Energy (nJ) 3D: 74,046,447
Cores Energy (nJ): 8,264,521
Route Energy (nJ): 13,233,498
Route Energy (nJ) 3D: 19,497,598
Mem Energy   (nJ): 46,284,329
Mem Energy   (nJ) 3D: 46,284,329
Avg. Power (mW): 25,100.76
Power Density (mW/mm2): 7.86

---Runtime---
Runtime in K cycles: 2,700.41
Microseconds: 2,700.41
Time per iteration (ms): 2.70

---Throughput---
GOP/s (aka OPS/ns): 297.42
GOP/s per core: 0.29
GFLOP/s: 92.96
GFLOP/s per core: 0.09
Max Peak GFLOP/s: 4,096.00
Avg. BW GB/s: 1,680.27
Max BW GB/s: 16,384.00

---Traffic---
In-Die bisection_bytes BW (GB/s): 128.00
Inter-board traffic (msg/ns): 0.00, per-link: 0.00
Inter-pack traffic (msg/ns): 0.00, per-link: 0.00
Inter-die traffic (msg/ns): 44.26, per-link: 0.09
Ruche traffic (msg/ns): 89.19, per-link: 0.17
All traffic (msg/ns): 741.76, per-link: 0.72
Inter-die reduction wrt all: 16.76
Inter-board reduction wrt inter-die: inf

---Data Movement---
All traffic (msg): 2,003,066,675
Arith. Intensity FLOP/Loads: 0.44
Arith. Intensity FLOP/Msgs: 0.13
Arith. Intensity OPS/Loads: 1.41
Arith. Intensity OPS/Msgs: 0.40



===Core Utilization Total=== CORE-S:27;; TIME K cy:2,700 ;; Nodes Proc: 806,324 -- Edges Proc: 16,209,737
======== IT IS COLD ======= Only 2 Tiles active

===PRINTING FRAME STATS

FCollision In Avg:4, SD:17, Max:179, Min:0
FCollision Out Avg:2, SD:13, Max:171, Min:0
FCollision End Avg:0, SD:4, Max:84, Min:0
FTask1 Avg:1, SD:4, Max:78, Min:0
FTask2 Avg:2, SD:9, Max:117, Min:0
FTask3 Avg:3, SD:15, Max:319, Min:0
FCore Active Avg:1, SD:5, Max:93, Min:0
FRouter Active Avg:6, SD:12, Max:94, Min:0
T1 invocations: 17,534
T2 invocations: 24,818
T3 invocations: 759,806
T3b invocations: 0
Total3 invocations: 759,806
Total4 invocations: 4,755

T3/T2 ratio: 31
T3b/T3 ratio: 0

T1 avg ex cycles: 32
T2 avg ex cycles: 67
T3&b avg ex cycles: 4
T4 avg ex cycles: 47
Avg. hops NOC1: 5
Avg. latency NOC1 (T2): 15,015
Avg. hops NOC2: 8
Avg. latency NOC2 (T3): 4,338

===PRINTING ACUM STATS at pu_cycles: 2,800,311

ACollision In Avg:62, SD:35, Max:217, Min:2
ACollision Out Avg:52, SD:38, Max:239, Min:1
ACollision End Avg:4, SD:9, Max:70, Min:0
ATask1 Avg:6, SD:1, Max:9, Min:1
ATask2 Avg:10, SD:2, Max:16, Min:5
ATask3 Avg:22, SD:22, Max:251, Min:2
ACore Active Avg:10, SD:5, Max:68, Min:3
ARouter Active Avg:28, SD:10, Max:75, Min:11
T1 invocations: 5,061,869
T2 invocations: 5,640,777
T3 invocations: 126,267,026
T3b invocations: 0
Total3 invocations: 126,267,026
Total4 invocations: 469,592

T3/T2 ratio: 22
T3b/T3 ratio: 0

T1 avg ex cycles: 32
T2 avg ex cycles: 52
T3&b avg ex cycles: 5
T4 avg ex cycles: 110
Avg. hops NOC1: 6
Avg. latency NOC1 (T2): 18,991
Avg. hops NOC2: 8
Avg. latency NOC2 (T3): 7,536
Number of K Nodes Processed: 6,687
Number of K Edges Processed: 126,326
Node Re-explore factor: 1.59
Edge Re-explore factor: 1.25
Nodes/cy: 2
Edges/cy: 45
TEPS: 34

---DCache---
DCache Size: 107,424
DRAM words: 0
  DHits: 0
  DMisses: 0

---Energy---
Leakage Energy (nJ): 1,298,353
PU Dyn E (nJ): 8,279,945
Mem Dyn E (nJ): 45,431,254
Route Dyn E (nJ): 13,200,392
Dynamic Energy (nJ): 66,911,592
Ratio of Dyn/Leak: 52
Total Energy (nJ): 68,209,945
Total Energy (nJ) 3D: 74,512,864
Cores Energy (nJ): 8,311,118
Route Energy (nJ): 13,318,774
Route Energy (nJ) 3D: 19,621,693
Mem Energy   (nJ): 46,580,053
Mem Energy   (nJ) 3D: 46,580,053
Avg. Power (mW): 24,357.99
Power Density (mW/mm2): 7.63

---Runtime---
Runtime in K cycles: 2,800.31
Microseconds: 2,800.31
Time per iteration (ms): 2.80

---Throughput---
GOP/s (aka OPS/ns): 288.23
GOP/s per core: 0.28
GFLOP/s: 90.18
GFLOP/s per core: 0.09
Max Peak GFLOP/s: 4,096.00
Avg. BW GB/s: 1,629.46
Max BW GB/s: 16,384.00

---Traffic---
In-Die bisection_bytes BW (GB/s): 128.00
Inter-board traffic (msg/ns): 0.00, per-link: 0.00
Inter-pack traffic (msg/ns): 0.00, per-link: 0.00
Inter-die traffic (msg/ns): 42.91, per-link: 0.08
Ruche traffic (msg/ns): 86.57, per-link: 0.17
All traffic (msg/ns): 719.70, per-link: 0.70
Inter-die reduction wrt all: 16.77
Inter-board reduction wrt inter-die: inf

---Data Movement---
All traffic (msg): 2,015,379,894
Arith. Intensity FLOP/Loads: 0.44
Arith. Intensity FLOP/Msgs: 0.13
Arith. Intensity OPS/Loads: 1.41
Arith. Intensity OPS/Msgs: 0.40



===Core Utilization Total=== CORE-S:28;; TIME K cy:2,800 ;; Nodes Proc: 806,929 -- Edges Proc: 16,230,524
======== IT IS COLD ======= Only 3 Tiles active
Epoch Done Router: 3
Epoch Done Router: 4
Epoch Done Router: 2
Epoch Done Router: 0
Epoch Done Router: 6
Epoch Done Router: 1
Epoch Done Router: 5
Epoch Done Router: 7
##EPOCH## 1 COMPLETED at Time (K cy): 2,839
Nodes processed until now: 6,689,229
Edges processed until now: 126,411,379
Program Done Router Thread: 1
Program Done Router Thread: 2
Program Done Worker Thread: 2
Program Done Router Thread: 5
Program Done Router Thread: 7
Program Done Router Thread: 6
Program Done Router Thread: 0
Program Done Worker Thread: 0
Program Done Worker Thread: 6
Program Done Router Thread: 4
Program Done Router Thread: 3
Program Done Worker Thread: 1
Program Done Worker Thread: 4
Program Done Worker Thread: 5
Program Done Worker Thread: 7
Program Done Worker Thread: 3

===PRINTING ACUM STATS at pu_cycles: 2,839,808

ACollision In Avg:61, SD:34, Max:214, Min:2
ACollision Out Avg:51, SD:37, Max:235, Min:1
ACollision End Avg:4, SD:9, Max:69, Min:0
ATask1 Avg:6, SD:1, Max:9, Min:1
ATask2 Avg:10, SD:1, Max:16, Min:5
ATask3 Avg:21, SD:21, Max:248, Min:2
ACore Active Avg:10, SD:5, Max:67, Min:3
ARouter Active Avg:27, SD:10, Max:75, Min:11
T1 invocations: 5,069,383
T2 invocations: 5,648,632
T3 invocations: 126,379,342
T3b invocations: 0
Total3 invocations: 126,379,342
Total4 invocations: 470,209

T3/T2 ratio: 22
T3b/T3 ratio: 0

T1 avg ex cycles: 32
T2 avg ex cycles: 52
T3&b avg ex cycles: 5
T4 avg ex cycles: 110
Avg. hops NOC1: 6
Avg. latency NOC1 (T2): 18,969
Avg. hops NOC2: 8
Avg. latency NOC2 (T3): 7,531

Runtime at program end in K cycles: 2,839
Runtime before cooldown in K cycles: 1,400


Number of K Nodes Processed: 6,689
Number of K Edges Processed: 126,411
Node Re-explore factor: 1.59
Edge Re-explore factor: 1.25
Nodes/cy: 2
Edges/cy: 45
TEPS: 34

---DCache---
DCache Size: 107,424
DRAM words: 0
  DHits: 0
  DMisses: 0

---Energy---
Leakage Energy (nJ): 1,316,666
PU Dyn E (nJ): 8,287,857
Mem Dyn E (nJ): 45,472,777
Route Dyn E (nJ): 13,212,187
Dynamic Energy (nJ): 66,972,821
Ratio of Dyn/Leak: 51
Total Energy (nJ): 68,289,487
Total Energy (nJ) 3D: 74,597,942
Cores Energy (nJ): 8,319,470
Route Energy (nJ): 13,332,238
Route Energy (nJ) 3D: 19,640,693
Mem Energy   (nJ): 46,637,779
Mem Energy   (nJ) 3D: 46,637,779
Avg. Power (mW): 24,047.22
Power Density (mW/mm2): 7.53

---Runtime---
Runtime in K cycles: 2,839.81
Microseconds: 2,839.81
Time per iteration (ms): 2.84

---Inst---
K Loads: 574,012
K Stores: 567,780
K Instructions: 807,943

---Throughput---
GOP/s (aka OPS/ns): 284.51
GOP/s per core: 0.28
GFLOP/s: 89.01
GFLOP/s per core: 0.09
Max Peak GFLOP/s: 4,096.00
Avg. BW GB/s: 1,608.27
Max BW GB/s: 16,384.00

---Traffic---
In-Die bisection_bytes BW (GB/s): 128.00
Inter-board traffic (msg/ns): 0.00, per-link: 0.00
Inter-pack traffic (msg/ns): 0.00, per-link: 0.00
Inter-die traffic (msg/ns): 42.34, per-link: 0.08
Ruche traffic (msg/ns): 85.46, per-link: 0.17
All traffic (msg/ns): 710.32, per-link: 0.69
Inter-die reduction wrt all: 16.78
Inter-board reduction wrt inter-die: inf

---Data Movement---
All traffic (msg): 2,017,177,988
Arith. Intensity FLOP/Loads: 0.44
Arith. Intensity FLOP/Msgs: 0.13
Arith. Intensity OPS/Loads: 1.41
Arith. Intensity OPS/Msgs: 0.40

Simulation time: 239.03
Sim time / DUT time: 20.55
Sim noc_cy/s: 11,880.39
Sim Msg/s: 8,438,903.04

Version 32

