Dataset:  Kron22/
Dry run: 0
Open Edge Count File succesfully
Edges Traversed BFS: 128309848
Found Vertices: 4194304, Edges: 128311436
avg degree 31
Array  Kron22/node_array.bin found
Malloc array of size 16777220 bytes
Readin array of size 16777216 bytes
Finished Reading Array Bytes
No reordering Array 32bit
Array  Kron22/edge_array.bin found
Malloc array of size 513245744 bytes
Readin array of size 513245744 bytes
Finished Reading Array Bytes
No reordering Array 32bit
Reading graph elapsed time: 0.467947s

Dataset Footprint: 505 MiB
Dataset Footprint per Board: 4240.44 Mb
Dataset injection time (ms): 0.258816
Max Dataset Footprint: 1026 MiB

Dataset footprint per tile: 505 KiB
Proxys footprint per tile: 0 KiB
Reserved SRAM per tile: 4 KiB

Ideal SRAM per tile: 509 KiB
reserved_words_for_dataset:6303
dataset_words_per_tile:129408
remaining_sram_words:31518
min_dcache_sram_words_required:6386
dataset_words_per_tile:129408
min_pcache_sram_words_required:0
proxys_words_per_tile:0
Dcache footprint ratio: 5
Dataset Cached: 1
DCache: 31152 words, lines: 1947, sets: 1947
Proxys Cached: 0
Pcache: 0 words, sets: 0
Node per tile: 4,096
Edge per tile: 125,305
GRID_X: 32
GRID_SIZE: 1,024
smt_per_tile: 1
noc_freq: 1
pu_freq: 1
RUCHE_X: 0
PROXY_W: 32
DIE_W: 32
DIE_H: 32
DIES: 1
BORDER_TILES_PER_DIE: 128
PACK_W: 32
PACK_H: 32
DIES_PACK_FACTOR: 1
DIES_PER_PACK: 1
PACKAGES: 1
BOARD_W: 32
BOARD_H: 32
BOARDS: 1
MUX_BUS: 1
DCACHE: 1
PCACHE: 0
PROXY_FACTOR: 1
CACHE_WAYS: 1
TORUS: 1
PHY_NOCS: 1
WIDE_NOC_ID: 0
NOC_CONF: 1
noc_width: 32
hbm_channel_bit_width: 512
ld_st_op_byte_width: 4
PROXY_ROUTING: 0
WITHIN_REGION: 0
WRITE_THROUGH: 0
ASSERT_MODE: 0
GLOBAL_BARRIER: 0
OQ flits: 6 ; 64 ; 2
IQ flits: 6 ; 1,024 ; 32
OQ messages: 2 ; 32 ; 1
IQ messages: 2 ; 512 ; 16
max_task2 size: 64
io_factor_t2: 16
io_factor_t3: 16
io_factor_t3b: 16

Active SRAM Storage per tile: 127 KiB
Total SRAM Storage per tile: 128 KiB
Agreggated SRAM Storage: 128 MiB

Active DRAM Storage per tile: 0.493164 MiB
Total DRAM Storage per tile: 8 MiB
Agreggated DRAM Storage: 8 GiB

Inter-Die #links: 1,024
Inter-Die (Gbits): 32,768
Inter-Die (Gbits/mm): 678.587
Bisection BW of Board (Gbits): 8,192
Border IO #Dies: 4
Border IO Die BW (Gbits): 4,096
Off-Board BW Total (Gbits): 16,384
Off-Board BW Density (Gbits/mm): 223
Die side: 12.07 mm
Die border wire density: 678.59 Gbits/mm
HBM wire density: 339.29 Gbits/mm

Tiles per Die: 1,024 (32x32)
Tile Area: 0.09 mm2, side: 0.30 mm
- Core/Rout Area: 0.05 mm2
- SRAM Area: 0.04 mm2
- SRAM/Logic Ratio: 0.70x

Dies per Package: 1 (1x1)
Die Area: 145.74 mm2, side: 12.07 mm
- Tiles Area: 89.25 mm2
- PHY Area: 47.49 mm2
- MC Area: 9.00 mm2

Packages per Board: 1 (1x1)
Package Area: 335.74 mm2, side: 18.32 mm
- IOdie Area: 80.00 mm2
- Dies Area: 145.74 mm2
- HBM Area: 110.00 mm2

Boards: 1 (1x1)
Board Area: 335.74 mm2
Total Area: 335.74 mm2



ESTIMATED COST OF SILICON AND PACKAGING. ONLY VARIABLE, NO FIXED COSTS
Good dies per wafer 3d: 235
Good dies per wafer 2d: 354
--Dies 3D Cost: 25.73 $
--Dies 2.5D Cost: 17.08 $
--Dies 2D Cost: 17.08 $
--HBM Cost: 60.00 $
--IOdie Cost: 8.44 $
--Packaging Cost 3d: 5.98 $
--Packaging Cost 2.5d: 9.81 $
--Packaging Cost 2d: 3.83 $
SiP Cost 3d: 100.15 $
SiP Cost 2.5d: 95.33 $
SiP Cost 2d: 29.35 $
--Board Cost: 0.34 $
Total SiPs Cost 3d: 100.49 $
Total SiPs Cost 2.5d: 95.66 $
Total SiPs Cost 2d: 29.69 $

Perf counters initialized
Mesh connected
Cache structures initialized
proxys initialized
Dataset structures initialized


Starting Simulation
INIT epoch: 1
INIT epoch: 1
INIT epoch: 1
INIT epoch: 1
INIT epoch: 1
INIT epoch: 1
INIT epoch: 1
INIT epoch: 1

===PRINTING FRAME STATS

FCollision In Avg:-nan, SD:-nan, Max:73, Min:5
FCollision Out Avg:-nan, SD:-nan, Max:52, Min:13
FCollision End Avg:-nan, SD:-nan, Max:19, Min:0
FTask1 Avg:-nan, SD:-nan, Max:65, Min:35
FTask2 Avg:-nan, SD:-nan, Max:0, Min:0
FTask3 Avg:-nan, SD:-nan, Max:65, Min:35
FCore Active Avg:-nan, SD:-nan, Max:100, Min:96
FRouter Active Avg:-nan, SD:-nan, Max:77, Min:66
T1 invocations: 237,226
T2 invocations: 0
T3 invocations: 6,863,130
T3b invocations: 0
Total3 invocations: 6,863,130
Total4 invocations: 0

T3/T2 ratio: inf
T3b/T3 ratio: 0

T1 avg ex cycles: 238
T2 avg ex cycles: -nan
T3&b avg ex cycles: 7
T4 avg ex cycles: -nan
Avg. hops NOC1: -nan
Avg. latency NOC1 (T2): -nan
Avg. hops NOC2: 18
Avg. latency NOC2 (T3): 5,420

===PRINTING ACUM STATS at pu_cycles: 100,565

ACollision In Avg:-nan, SD:-nan, Max:73, Min:5
ACollision Out Avg:-nan, SD:-nan, Max:52, Min:13
ACollision End Avg:-nan, SD:-nan, Max:19, Min:0
ATask1 Avg:-nan, SD:-nan, Max:65, Min:35
ATask2 Avg:-nan, SD:-nan, Max:0, Min:0
ATask3 Avg:-nan, SD:-nan, Max:65, Min:35
ACore Active Avg:-nan, SD:-nan, Max:100, Min:96
ARouter Active Avg:-nan, SD:-nan, Max:77, Min:66
T1 invocations: 237,622
T2 invocations: 0
T3 invocations: 6,875,705
T3b invocations: 0
Total3 invocations: 6,875,705
Total4 invocations: 0

T3/T2 ratio: inf
T3b/T3 ratio: 0

T1 avg ex cycles: 238
T2 avg ex cycles: -nan
T3&b avg ex cycles: 7
T4 avg ex cycles: -nan
Avg. hops NOC1: -nan
Avg. latency NOC1 (T2): -nan
Avg. hops NOC2: 18
Avg. latency NOC2 (T3): 5,421
Number of K Nodes Processed: 6,926
Number of K Edges Processed: 6,926
Node Re-explore factor: 1.65
Edge Re-explore factor: 0.05
Nodes/cy: 69
Edges/cy: 69
TEPS: 1,276

---DCache---
DCache Size: 31,152
DRAM words: 129,408
  DHits: 9,106,570
  DMisses: 736,123
  DHit Rate (hit/miss): 93%
  DEvictions: 94,418
  DEviction Rate (evict/misses): 13%
  MC Transactions: 802,438
  MC Writes: 46,521
Avg. Transactions: 100% , Writes: 6%, Avg. Latency: 53
Max MC id: 6 of 8. Transactions: 100% , Writes: 6%, MC mean Latency: 53
HBM refresh energy (nJ): 0
HBM access energy (nJ): 1,520,138
MemC wire energy 2.5d (nJ): 484,424
MemC wire energy 3d (nJ): 121,106

---Energy---
Leakage Energy (nJ): 9,375
PU Dyn E (nJ): 403,631
Mem Dyn E (nJ): 2,797,511
Route Dyn E (nJ): 504,358
Dynamic Energy (nJ): 3,705,500
Ratio of Dyn/Leak: 395
Total Energy (nJ): 3,714,875
Total Energy (nJ) 3D: 3,618,497
Cores Energy (nJ): 403,911
Route Energy (nJ): 505,280
Route Energy (nJ) 3D: 772,220
Mem Energy   (nJ): 2,805,685
Mem Energy   (nJ) 3D: 2,442,367
Avg. Power (mW): 36,940.04
Power Density (mW/mm2): 110.03

---Runtime---
Runtime in K cycles: 100.56
Microseconds: 100.56
Time per iteration (ms): 0.10

---Throughput---
GOP/s (aka OPS/ns): 590.79
GOP/s per core: 0.58
GFLOP/s: 72.52
GFLOP/s per core: 0.07
Max Peak GFLOP/s: 1,024.00
Avg. BW GB/s: 2,249.45
Max BW GB/s: 4,096.00

---Traffic---
In-Die bisection_bytes BW (GB/s): 512.00
Inter-board traffic (msg/ns): 0.00, per-link: 0.00
Inter-pack traffic (msg/ns): 0.00, per-link: 0.00
Inter-die traffic (msg/ns): 0.00, per-link: 0.00
Ruche traffic (msg/ns): 0.00, per-link: 0.00
All traffic (msg/ns): 2,730.36, per-link: 2.67
Inter-die reduction wrt all: inf
Inter-board reduction wrt inter-die: -nan

---Data Movement---
All traffic (msg): 274,578,320
Arith. Intensity FLOP/Loads: 0.20
Arith. Intensity FLOP/Msgs: 0.03
Arith. Intensity OPS/Loads: 1.66
Arith. Intensity OPS/Msgs: 0.22



===Core Utilization Total=== CORE-S:1;; TIME K cy:100 ;; Nodes Proc: 861,336 -- Edges Proc: 0

===PRINTING FRAME STATS

FCollision In Avg:8, SD:3, Max:61, Min:4
FCollision Out Avg:1, SD:4, Max:39, Min:0
FCollision End Avg:0, SD:0, Max:1, Min:0
FTask1 Avg:72, SD:10, Max:87, Min:37
FTask2 Avg:0, SD:0, Max:0, Min:0
FTask3 Avg:28, SD:10, Max:63, Min:13
FCore Active Avg:100, SD:0, Max:100, Min:98
FRouter Active Avg:88, SD:3, Max:93, Min:68
T1 invocations: 305,280
T2 invocations: 0
T3 invocations: 9,749,405
T3b invocations: 0
Total3 invocations: 9,749,405
Total4 invocations: 0

T3/T2 ratio: inf
T3b/T3 ratio: 0

T1 avg ex cycles: 243
T2 avg ex cycles: -nan
T3&b avg ex cycles: 3
T4 avg ex cycles: -nan
Avg. hops NOC1: -nan
Avg. latency NOC1 (T2): -nan
Avg. hops NOC2: 17
Avg. latency NOC2 (T3): 4,171

===PRINTING ACUM STATS at pu_cycles: 200,556

ACollision In Avg:18, SD:5, Max:61, Min:6
ACollision Out Avg:16, SD:3, Max:39, Min:7
ACollision End Avg:0, SD:1, Max:10, Min:0
ATask1 Avg:64, SD:6, Max:75, Min:40
ATask2 Avg:0, SD:0, Max:0, Min:0
ATask3 Avg:36, SD:6, Max:60, Min:25
ACore Active Avg:100, SD:0, Max:100, Min:98
ARouter Active Avg:79, SD:2, Max:84, Min:68
T1 invocations: 541,485
T2 invocations: 0
T3 invocations: 16,583,773
T3b invocations: 0
Total3 invocations: 16,583,773
Total4 invocations: 0

T3/T2 ratio: inf
T3b/T3 ratio: 0

T1 avg ex cycles: 241
T2 avg ex cycles: -nan
T3&b avg ex cycles: 4
T4 avg ex cycles: -nan
Avg. hops NOC1: -nan
Avg. latency NOC1 (T2): -nan
Avg. hops NOC2: 17
Avg. latency NOC2 (T3): 4,684
Number of K Nodes Processed: 16,712
Number of K Edges Processed: 16,712
Node Re-explore factor: 3.98
Edge Re-explore factor: 0.13
Nodes/cy: 83
Edges/cy: 83
TEPS: 640

---DCache---
DCache Size: 31,152
DRAM words: 129,408
  DHits: 21,117,445
  DMisses: 1,428,094
  DHit Rate (hit/miss): 94%
  DEvictions: 275,319
  DEviction Rate (evict/misses): 19%
  MC Transactions: 1,602,338
  MC Writes: 138,584
Avg. Transactions: 100% , Writes: 9%, Avg. Latency: 40
Max MC id: 3 of 8. Transactions: 100% , Writes: 9%, MC mean Latency: 40
HBM refresh energy (nJ): 0
HBM access energy (nJ): 3,035,469
MemC wire energy 2.5d (nJ): 967,315
MemC wire energy 3d (nJ): 241,829

---Energy---
Leakage Energy (nJ): 18,697
PU Dyn E (nJ): 945,864
Mem Dyn E (nJ): 5,887,882
Route Dyn E (nJ): 1,172,398
Dynamic Energy (nJ): 8,006,145
Ratio of Dyn/Leak: 428
Total Energy (nJ): 8,024,842
Total Energy (nJ) 3D: 7,919,866
Cores Energy (nJ): 946,423
Route Energy (nJ): 1,174,236
Route Energy (nJ) 3D: 1,794,747
Mem Energy   (nJ): 5,904,183
Mem Energy   (nJ) 3D: 5,178,697
Avg. Power (mW): 40,012.97
Power Density (mW/mm2): 119.18

---Runtime---
Runtime in K cycles: 200.56
Microseconds: 200.56
Time per iteration (ms): 0.20

---Throughput---
GOP/s (aka OPS/ns): 695.85
GOP/s per core: 0.68
GFLOP/s: 84.81
GFLOP/s per core: 0.08
Max Peak GFLOP/s: 1,024.00
Avg. BW GB/s: 2,695.43
Max BW GB/s: 4,096.00

---Traffic---
In-Die bisection_bytes BW (GB/s): 512.00
Inter-board traffic (msg/ns): 0.00, per-link: 0.00
Inter-pack traffic (msg/ns): 0.00, per-link: 0.00
Inter-die traffic (msg/ns): 0.00, per-link: 0.00
Ruche traffic (msg/ns): 0.00, per-link: 0.00
All traffic (msg/ns): 3,145.21, per-link: 3.07
Inter-die reduction wrt all: inf
Inter-board reduction wrt inter-die: -nan

---Data Movement---
All traffic (msg): 630,790,968
Arith. Intensity FLOP/Loads: 0.20
Arith. Intensity FLOP/Msgs: 0.03
Arith. Intensity OPS/Loads: 1.64
Arith. Intensity OPS/Msgs: 0.22



===Core Utilization Total=== CORE-S:2;; TIME K cy:200 ;; Nodes Proc: 2,080,328 -- Edges Proc: 0

===PRINTING FRAME STATS

FCollision In Avg:8, SD:1, Max:11, Min:5
FCollision Out Avg:0, SD:0, Max:1, Min:0
FCollision End Avg:0, SD:0, Max:0, Min:0
FTask1 Avg:72, SD:10, Max:88, Min:43
FTask2 Avg:0, SD:0, Max:0, Min:0
FTask3 Avg:28, SD:10, Max:57, Min:12
FCore Active Avg:100, SD:0, Max:100, Min:100
FRouter Active Avg:88, SD:2, Max:92, Min:83
T1 invocations: 304,181
T2 invocations: 0
T3 invocations: 9,739,851
T3b invocations: 0
Total3 invocations: 9,739,851
Total4 invocations: 0

T3/T2 ratio: inf
T3b/T3 ratio: 0

T1 avg ex cycles: 244
T2 avg ex cycles: -nan
T3&b avg ex cycles: 3
T4 avg ex cycles: -nan
Avg. hops NOC1: -nan
Avg. latency NOC1 (T2): -nan
Avg. hops NOC2: 17
Avg. latency NOC2 (T3): 4,184

===PRINTING ACUM STATS at pu_cycles: 300,551

ACollision In Avg:15, SD:3, Max:30, Min:6
ACollision Out Avg:10, SD:2, Max:20, Min:4
ACollision End Avg:0, SD:0, Max:6, Min:0
ATask1 Avg:67, SD:4, Max:78, Min:46
ATask2 Avg:0, SD:0, Max:0, Min:0
ATask3 Avg:33, SD:4, Max:54, Min:22
ACore Active Avg:100, SD:0, Max:100, Min:98
ARouter Active Avg:82, SD:1, Max:87, Min:78
T1 invocations: 846,813
T2 invocations: 0
T3 invocations: 26,354,167
T3b invocations: 0
Total3 invocations: 26,354,167
Total4 invocations: 0

T3/T2 ratio: inf
T3b/T3 ratio: 0

T1 avg ex cycles: 242
T2 avg ex cycles: -nan
T3&b avg ex cycles: 4
T4 avg ex cycles: -nan
Avg. hops NOC1: -nan
Avg. latency NOC1 (T2): -nan
Avg. hops NOC2: 17
Avg. latency NOC2 (T3): 4,498
Number of K Nodes Processed: 26,452
Number of K Edges Processed: 26,452
Node Re-explore factor: 6.31
Edge Re-explore factor: 0.21
Nodes/cy: 88
Edges/cy: 88
TEPS: 427

---DCache---
DCache Size: 31,152
DRAM words: 129,408
  DHits: 33,114,235
  DMisses: 2,117,932
  DHit Rate (hit/miss): 94%
  DEvictions: 462,728
  DEviction Rate (evict/misses): 22%
  MC Transactions: 2,402,359
  MC Writes: 232,982
Avg. Transactions: 100% , Writes: 10%, Avg. Latency: 35
Max MC id: 1 of 8. Transactions: 100% , Writes: 10%, MC mean Latency: 36
HBM refresh energy (nJ): 0
HBM access energy (nJ): 4,551,028
MemC wire energy 2.5d (nJ): 1,450,280
MemC wire energy 3d (nJ): 362,570

---Energy---
Leakage Energy (nJ): 28,019
PU Dyn E (nJ): 1,491,012
Mem Dyn E (nJ): 8,984,190
Route Dyn E (nJ): 1,847,292
Dynamic Energy (nJ): 12,322,496
Ratio of Dyn/Leak: 440
Total Energy (nJ): 12,350,515
Total Energy (nJ) 3D: 12,240,514
Cores Energy (nJ): 1,491,849
Route Energy (nJ): 1,850,047
Route Energy (nJ) 3D: 2,827,756
Mem Energy   (nJ): 9,008,619
Mem Energy   (nJ) 3D: 7,920,910
Avg. Power (mW): 41,092.91
Power Density (mW/mm2): 122.40

---Runtime---
Runtime in K cycles: 300.55
Microseconds: 300.55
Time per iteration (ms): 0.30

---Throughput---
GOP/s (aka OPS/ns): 732.45
GOP/s per core: 0.72
GFLOP/s: 89.09
GFLOP/s per core: 0.09
Max Peak GFLOP/s: 1,024.00
Avg. BW GB/s: 2,850.99
Max BW GB/s: 4,096.00

---Traffic---
In-Die bisection_bytes BW (GB/s): 512.00
Inter-board traffic (msg/ns): 0.00, per-link: 0.00
Inter-pack traffic (msg/ns): 0.00, per-link: 0.00
Inter-die traffic (msg/ns): 0.00, per-link: 0.00
Ruche traffic (msg/ns): 0.00, per-link: 0.00
All traffic (msg/ns): 3,295.01, per-link: 3.22
Inter-die reduction wrt all: inf
Inter-board reduction wrt inter-die: -nan

---Data Movement---
All traffic (msg): 990,317,129
Arith. Intensity FLOP/Loads: 0.20
Arith. Intensity FLOP/Msgs: 0.03
Arith. Intensity OPS/Loads: 1.64
Arith. Intensity OPS/Msgs: 0.22



===Core Utilization Total=== CORE-S:3;; TIME K cy:300 ;; Nodes Proc: 3,294,257 -- Edges Proc: 0

===PRINTING FRAME STATS

FCollision In Avg:9, SD:1, Max:13, Min:6
FCollision Out Avg:0, SD:0, Max:1, Min:0
FCollision End Avg:0, SD:0, Max:0, Min:0
FTask1 Avg:74, SD:8, Max:87, Min:47
FTask2 Avg:0, SD:0, Max:0, Min:0
FTask3 Avg:26, SD:8, Max:53, Min:13
FCore Active Avg:100, SD:0, Max:100, Min:100
FRouter Active Avg:90, SD:2, Max:94, Min:85
T1 invocations: 323,500
T2 invocations: 0
T3 invocations: 10,343,680
T3b invocations: 0
Total3 invocations: 10,343,680
Total4 invocations: 0

T3/T2 ratio: inf
T3b/T3 ratio: 0

T1 avg ex cycles: 234
T2 avg ex cycles: -nan
T3&b avg ex cycles: 3
T4 avg ex cycles: -nan
Avg. hops NOC1: -nan
Avg. latency NOC1 (T2): -nan
Avg. hops NOC2: 17
Avg. latency NOC2 (T3): 3,941

===PRINTING ACUM STATS at pu_cycles: 400,541

ACollision In Avg:13, SD:2, Max:25, Min:6
ACollision Out Avg:8, SD:1, Max:15, Min:3
ACollision End Avg:0, SD:0, Max:5, Min:0
ATask1 Avg:69, SD:3, Max:76, Min:49
ATask2 Avg:0, SD:0, Max:0, Min:0
ATask3 Avg:31, SD:3, Max:51, Min:24
ACore Active Avg:100, SD:0, Max:100, Min:99
ARouter Active Avg:84, SD:1, Max:88, Min:81
T1 invocations: 1,170,555
T2 invocations: 0
T3 invocations: 36,691,233
T3b invocations: 0
Total3 invocations: 36,691,233
Total4 invocations: 0

T3/T2 ratio: inf
T3b/T3 ratio: 0

T1 avg ex cycles: 240
T2 avg ex cycles: -nan
T3&b avg ex cycles: 3
T4 avg ex cycles: -nan
Avg. hops NOC1: -nan
Avg. latency NOC1 (T2): -nan
Avg. hops NOC2: 17
Avg. latency NOC2 (T3): 4,342
Number of K Nodes Processed: 36,803
Number of K Edges Processed: 36,803
Node Re-explore factor: 8.77
Edge Re-explore factor: 0.29
Nodes/cy: 92
Edges/cy: 92
TEPS: 320

---DCache---
DCache Size: 31,152
DRAM words: 129,408
  DHits: 45,709,930
  DMisses: 2,826,152
  DHit Rate (hit/miss): 94%
  DEvictions: 895,303
  DEviction Rate (evict/misses): 32%
  MC Transactions: 3,202,200
  MC Writes: 308,034
Avg. Transactions: 100% , Writes: 10%, Avg. Latency: 32
Max MC id: 1 of 8. Transactions: 100% , Writes: 10%, MC mean Latency: 32
HBM refresh energy (nJ): 1
HBM access energy (nJ): 6,066,247
MemC wire energy 2.5d (nJ): 1,933,135
MemC wire energy 3d (nJ): 483,284

---Energy---
Leakage Energy (nJ): 37,341
PU Dyn E (nJ): 2,068,511
Mem Dyn E (nJ): 12,142,768
Route Dyn E (nJ): 2,558,905
Dynamic Energy (nJ): 16,770,185
Ratio of Dyn/Leak: 449
Total Energy (nJ): 16,807,526
Total Energy (nJ) 3D: 16,712,016
Cores Energy (nJ): 2,069,626
Route Energy (nJ): 2,562,576
Route Energy (nJ) 3D: 3,916,917
Mem Energy   (nJ): 12,175,324
Mem Energy   (nJ) 3D: 10,725,473
Avg. Power (mW): 41,962.06
Power Density (mW/mm2): 124.99

---Runtime---
Runtime in K cycles: 400.54
Microseconds: 400.54
Time per iteration (ms): 0.40

---Throughput---
GOP/s (aka OPS/ns): 762.70
GOP/s per core: 0.74
GFLOP/s: 92.68
GFLOP/s per core: 0.09
Max Peak GFLOP/s: 1,024.00
Avg. BW GB/s: 2,975.05
Max BW GB/s: 4,096.00

---Traffic---
In-Die bisection_bytes BW (GB/s): 512.00
Inter-board traffic (msg/ns): 0.00, per-link: 0.00
Inter-pack traffic (msg/ns): 0.00, per-link: 0.00
Inter-die traffic (msg/ns): 0.00, per-link: 0.00
Ruche traffic (msg/ns): 0.00, per-link: 0.00
All traffic (msg/ns): 3,415.46, per-link: 3.34
Inter-die reduction wrt all: inf
Inter-board reduction wrt inter-die: -nan

---Data Movement---
All traffic (msg): 1,368,031,738
Arith. Intensity FLOP/Loads: 0.20
Arith. Intensity FLOP/Msgs: 0.03
Arith. Intensity OPS/Loads: 1.64
Arith. Intensity OPS/Msgs: 0.22



===Core Utilization Total=== CORE-S:4;; TIME K cy:400 ;; Nodes Proc: 4,582,264 -- Edges Proc: 0

===PRINTING FRAME STATS

FCollision In Avg:8, SD:1, Max:14, Min:5
FCollision Out Avg:0, SD:0, Max:1, Min:0
FCollision End Avg:0, SD:0, Max:1, Min:0
FTask1 Avg:73, SD:9, Max:87, Min:47
FTask2 Avg:0, SD:0, Max:0, Min:0
FTask3 Avg:27, SD:9, Max:53, Min:13
FCore Active Avg:100, SD:0, Max:100, Min:100
FRouter Active Avg:89, SD:2, Max:93, Min:84
T1 invocations: 311,823
T2 invocations: 0
T3 invocations: 9,972,616
T3b invocations: 0
Total3 invocations: 9,972,616
Total4 invocations: 0

T3/T2 ratio: inf
T3b/T3 ratio: 0

T1 avg ex cycles: 240
T2 avg ex cycles: -nan
T3&b avg ex cycles: 3
T4 avg ex cycles: -nan
Avg. hops NOC1: -nan
Avg. latency NOC1 (T2): -nan
Avg. hops NOC2: 17
Avg. latency NOC2 (T3): 4,081

===PRINTING ACUM STATS at pu_cycles: 500,575

ACollision In Avg:12, SD:2, Max:21, Min:7
ACollision Out Avg:6, SD:1, Max:10, Min:3
ACollision End Avg:0, SD:0, Max:4, Min:0
ATask1 Avg:70, SD:4, Max:77, Min:51
ATask2 Avg:0, SD:0, Max:0, Min:0
ATask3 Avg:30, SD:4, Max:49, Min:23
ACore Active Avg:100, SD:0, Max:100, Min:99
ARouter Active Avg:85, SD:1, Max:89, Min:82
T1 invocations: 1,483,901
T2 invocations: 0
T3 invocations: 46,719,486
T3b invocations: 0
Total3 invocations: 46,719,486
Total4 invocations: 0

T3/T2 ratio: inf
T3b/T3 ratio: 0

T1 avg ex cycles: 240
T2 avg ex cycles: -nan
T3&b avg ex cycles: 3
T4 avg ex cycles: -nan
Avg. hops NOC1: -nan
Avg. latency NOC1 (T2): -nan
Avg. hops NOC2: 17
Avg. latency NOC2 (T3): 4,286
Number of K Nodes Processed: 46,776
Number of K Edges Processed: 46,776
Node Re-explore factor: 11.15
Edge Re-explore factor: 0.36
Nodes/cy: 93
Edges/cy: 93
TEPS: 256

---DCache---
DCache Size: 31,152
DRAM words: 129,408
  DHits: 57,964,643
  DMisses: 3,522,353
  DHit Rate (hit/miss): 94%
  DEvictions: 1,572,885
  DEviction Rate (evict/misses): 45%
  MC Transactions: 4,002,498
  MC Writes: 396,420
Avg. Transactions: 100% , Writes: 10%, Avg. Latency: 30
Max MC id: 4 of 8. Transactions: 100% , Writes: 10%, MC mean Latency: 31
HBM refresh energy (nJ): 1
HBM access energy (nJ): 7,582,332
MemC wire energy 2.5d (nJ): 2,416,267
MemC wire energy 3d (nJ): 604,067

---Energy---
Leakage Energy (nJ): 46,666
PU Dyn E (nJ): 2,627,772
Mem Dyn E (nJ): 15,267,819
Route Dyn E (nJ): 3,249,193
Dynamic Energy (nJ): 21,144,784
Ratio of Dyn/Leak: 453
Total Energy (nJ): 21,191,450
Total Energy (nJ) 3D: 21,098,937
Cores Energy (nJ): 2,629,166
Route Energy (nJ): 3,253,779
Route Energy (nJ) 3D: 4,973,466
Mem Energy   (nJ): 15,308,506
Mem Energy   (nJ) 3D: 13,496,305
Avg. Power (mW): 42,334.22
Power Density (mW/mm2): 126.09

---Runtime---
Runtime in K cycles: 500.57
Microseconds: 500.57
Time per iteration (ms): 0.50

---Throughput---
GOP/s (aka OPS/ns): 775.43
GOP/s per core: 0.76
GFLOP/s: 94.18
GFLOP/s per core: 0.09
Max Peak GFLOP/s: 1,024.00
Avg. BW GB/s: 3,028.94
Max BW GB/s: 4,096.00

---Traffic---
In-Die bisection_bytes BW (GB/s): 512.00
Inter-board traffic (msg/ns): 0.00, per-link: 0.00
Inter-pack traffic (msg/ns): 0.00, per-link: 0.00
Inter-die traffic (msg/ns): 0.00, per-link: 0.00
Ruche traffic (msg/ns): 0.00, per-link: 0.00
All traffic (msg/ns): 3,466.48, per-link: 3.39
Inter-die reduction wrt all: inf
Inter-board reduction wrt inter-die: -nan

---Data Movement---
All traffic (msg): 1,735,234,898
Arith. Intensity FLOP/Loads: 0.20
Arith. Intensity FLOP/Msgs: 0.03
Arith. Intensity OPS/Loads: 1.63
Arith. Intensity OPS/Msgs: 0.22



===Core Utilization Total=== CORE-S:5;; TIME K cy:500 ;; Nodes Proc: 5,822,718 -- Edges Proc: 0

===PRINTING FRAME STATS

FCollision In Avg:8, SD:1, Max:15, Min:6
FCollision Out Avg:0, SD:0, Max:1, Min:0
FCollision End Avg:0, SD:0, Max:1, Min:0
FTask1 Avg:73, SD:9, Max:88, Min:44
FTask2 Avg:0, SD:0, Max:0, Min:0
FTask3 Avg:27, SD:9, Max:56, Min:12
FCore Active Avg:100, SD:0, Max:100, Min:100
FRouter Active Avg:88, SD:2, Max:94, Min:82
T1 invocations: 306,266
T2 invocations: 0
T3 invocations: 9,793,487
T3b invocations: 0
Total3 invocations: 9,793,487
Total4 invocations: 0

T3/T2 ratio: inf
T3b/T3 ratio: 0

T1 avg ex cycles: 243
T2 avg ex cycles: -nan
T3&b avg ex cycles: 3
T4 avg ex cycles: -nan
Avg. hops NOC1: -nan
Avg. latency NOC1 (T2): -nan
Avg. hops NOC2: 17
Avg. latency NOC2 (T3): 4,156

===PRINTING ACUM STATS at pu_cycles: 600,578

ACollision In Avg:12, SD:2, Max:19, Min:7
ACollision Out Avg:5, SD:1, Max:9, Min:2
ACollision End Avg:0, SD:0, Max:3, Min:0
ATask1 Avg:70, SD:3, Max:79, Min:50
ATask2 Avg:0, SD:0, Max:0, Min:0
ATask3 Avg:30, SD:3, Max:50, Min:21
ACore Active Avg:100, SD:0, Max:100, Min:99
ARouter Active Avg:86, SD:1, Max:89, Min:82
T1 invocations: 1,790,969
T2 invocations: 0
T3 invocations: 56,542,613
T3b invocations: 0
Total3 invocations: 56,542,613
Total4 invocations: 0

T3/T2 ratio: inf
T3b/T3 ratio: 0

T1 avg ex cycles: 240
T2 avg ex cycles: -nan
T3&b avg ex cycles: 3
T4 avg ex cycles: -nan
Avg. hops NOC1: -nan
Avg. latency NOC1 (T2): -nan
Avg. hops NOC2: 17
Avg. latency NOC2 (T3): 4,263
Number of K Nodes Processed: 56,571
Number of K Edges Processed: 56,571
Node Re-explore factor: 13.49
Edge Re-explore factor: 0.44
Nodes/cy: 94
Edges/cy: 94
TEPS: 214

---DCache---
DCache Size: 31,152
DRAM words: 129,408
  DHits: 70,054,549
  DMisses: 4,213,592
  DHit Rate (hit/miss): 94%
  DEvictions: 2,248,646
  DEviction Rate (evict/misses): 53%
  MC Transactions: 4,802,570
  MC Writes: 489,963
Avg. Transactions: 100% , Writes: 10%, Avg. Latency: 30
Max MC id: 0 of 8. Transactions: 100% , Writes: 10%, MC mean Latency: 30
HBM refresh energy (nJ): 1
HBM access energy (nJ): 9,097,988
MemC wire energy 2.5d (nJ): 2,899,263
MemC wire energy 3d (nJ): 724,816

---Energy---
Leakage Energy (nJ): 55,989
PU Dyn E (nJ): 3,175,986
Mem Dyn E (nJ): 18,370,532
Route Dyn E (nJ): 3,926,193
Dynamic Energy (nJ): 25,472,712
Ratio of Dyn/Leak: 455
Total Energy (nJ): 25,528,701
Total Energy (nJ) 3D: 25,432,254
Cores Energy (nJ): 3,177,658
Route Energy (nJ): 3,931,696
Route Energy (nJ) 3D: 6,009,696
Mem Energy   (nJ): 18,419,347
Mem Energy   (nJ) 3D: 16,244,900
Avg. Power (mW): 42,506.89
Power Density (mW/mm2): 126.61

---Runtime---
Runtime in K cycles: 600.58
Microseconds: 600.58
Time per iteration (ms): 0.60

---Throughput---
GOP/s (aka OPS/ns): 781.24
GOP/s per core: 0.76
GFLOP/s: 94.85
GFLOP/s per core: 0.09
Max Peak GFLOP/s: 1,024.00
Avg. BW GB/s: 3,054.10
Max BW GB/s: 4,096.00

---Traffic---
In-Die bisection_bytes BW (GB/s): 512.00
Inter-board traffic (msg/ns): 0.00, per-link: 0.00
Inter-pack traffic (msg/ns): 0.00, per-link: 0.00
Inter-die traffic (msg/ns): 0.00, per-link: 0.00
Ruche traffic (msg/ns): 0.00, per-link: 0.00
All traffic (msg/ns): 3,489.72, per-link: 3.41
Inter-die reduction wrt all: inf
Inter-board reduction wrt inter-die: -nan

---Data Movement---
All traffic (msg): 2,095,846,702
Arith. Intensity FLOP/Loads: 0.20
Arith. Intensity FLOP/Msgs: 0.03
Arith. Intensity OPS/Loads: 1.63
Arith. Intensity OPS/Msgs: 0.22



===Core Utilization Total=== CORE-S:6;; TIME K cy:600 ;; Nodes Proc: 7,039,827 -- Edges Proc: 0

===PRINTING FRAME STATS

FCollision In Avg:9, SD:1, Max:13, Min:6
FCollision Out Avg:0, SD:0, Max:1, Min:0
FCollision End Avg:0, SD:0, Max:0, Min:0
FTask1 Avg:73, SD:9, Max:88, Min:47
FTask2 Avg:0, SD:0, Max:0, Min:0
FTask3 Avg:27, SD:9, Max:53, Min:12
FCore Active Avg:100, SD:0, Max:100, Min:100
FRouter Active Avg:89, SD:2, Max:94, Min:85
T1 invocations: 315,734
T2 invocations: 0
T3 invocations: 10,086,856
T3b invocations: 0
Total3 invocations: 10,086,856
Total4 invocations: 0

T3/T2 ratio: inf
T3b/T3 ratio: 0

T1 avg ex cycles: 238
T2 avg ex cycles: -nan
T3&b avg ex cycles: 3
T4 avg ex cycles: -nan
Avg. hops NOC1: -nan
Avg. latency NOC1 (T2): -nan
Avg. hops NOC2: 17
Avg. latency NOC2 (T3): 4,043

===PRINTING ACUM STATS at pu_cycles: 700,558

ACollision In Avg:11, SD:1, Max:18, Min:7
ACollision Out Avg:4, SD:1, Max:7, Min:2
ACollision End Avg:0, SD:0, Max:3, Min:0
ATask1 Avg:71, SD:3, Max:78, Min:50
ATask2 Avg:0, SD:0, Max:0, Min:0
ATask3 Avg:29, SD:3, Max:50, Min:22
ACore Active Avg:100, SD:0, Max:100, Min:99
ARouter Active Avg:86, SD:1, Max:90, Min:83
T1 invocations: 2,105,474
T2 invocations: 0
T3 invocations: 66,593,153
T3b invocations: 0
Total3 invocations: 66,593,153
Total4 invocations: 0

T3/T2 ratio: inf
T3b/T3 ratio: 0

T1 avg ex cycles: 240
T2 avg ex cycles: -nan
T3&b avg ex cycles: 3
T4 avg ex cycles: -nan
Avg. hops NOC1: -nan
Avg. latency NOC1 (T2): -nan
Avg. hops NOC2: 17
Avg. latency NOC2 (T3): 4,230
Number of K Nodes Processed: 66,659
Number of K Edges Processed: 66,659
Node Re-explore factor: 15.89
Edge Re-explore factor: 0.52
Nodes/cy: 95
Edges/cy: 95
TEPS: 183

---DCache---
DCache Size: 31,152
DRAM words: 129,408
  DHits: 82,420,040
  DMisses: 4,914,432
  DHit Rate (hit/miss): 94%
  DEvictions: 2,933,903
  DEviction Rate (evict/misses): 60%
  MC Transactions: 5,602,382
  MC Writes: 572,619
Avg. Transactions: 100% , Writes: 10%, Avg. Latency: 29
Max MC id: 6 of 8. Transactions: 100% , Writes: 10%, MC mean Latency: 29
HBM refresh energy (nJ): 1
HBM access energy (nJ): 10,613,152
MemC wire energy 2.5d (nJ): 3,382,101
MemC wire energy 3d (nJ): 845,525

---Energy---
Leakage Energy (nJ): 65,310
PU Dyn E (nJ): 3,737,204
Mem Dyn E (nJ): 21,498,196
Route Dyn E (nJ): 4,617,336
Dynamic Energy (nJ): 29,852,736
Ratio of Dyn/Leak: 457
Total Energy (nJ): 29,918,046
Total Energy (nJ) 3D: 29,825,268
Cores Energy (nJ): 3,739,154
Route Energy (nJ): 4,623,755
Route Energy (nJ) 3D: 7,067,553
Mem Energy   (nJ): 21,555,137
Mem Energy   (nJ) 3D: 19,018,561
Avg. Power (mW): 42,706.02
Power Density (mW/mm2): 127.20

---Runtime---
Runtime in K cycles: 700.56
Microseconds: 700.56
Time per iteration (ms): 0.70

---Throughput---
GOP/s (aka OPS/ns): 788.15
GOP/s per core: 0.77
GFLOP/s: 95.67
GFLOP/s per core: 0.09
Max Peak GFLOP/s: 1,024.00
Avg. BW GB/s: 3,082.77
Max BW GB/s: 4,096.00

---Traffic---
In-Die bisection_bytes BW (GB/s): 512.00
Inter-board traffic (msg/ns): 0.00, per-link: 0.00
Inter-pack traffic (msg/ns): 0.00, per-link: 0.00
Inter-die traffic (msg/ns): 0.00, per-link: 0.00
Ruche traffic (msg/ns): 0.00, per-link: 0.00
All traffic (msg/ns): 3,516.45, per-link: 3.43
Inter-die reduction wrt all: inf
Inter-board reduction wrt inter-die: -nan

---Data Movement---
All traffic (msg): 2,463,475,968
Arith. Intensity FLOP/Loads: 0.20
Arith. Intensity FLOP/Msgs: 0.03
Arith. Intensity OPS/Loads: 1.63
Arith. Intensity OPS/Msgs: 0.22



===Core Utilization Total=== CORE-S:7;; TIME K cy:700 ;; Nodes Proc: 8,295,026 -- Edges Proc: 0

===PRINTING FRAME STATS

FCollision In Avg:9, SD:1, Max:15, Min:6
FCollision Out Avg:0, SD:0, Max:1, Min:0
FCollision End Avg:0, SD:0, Max:0, Min:0
FTask1 Avg:74, SD:9, Max:87, Min:44
FTask2 Avg:0, SD:0, Max:0, Min:0
FTask3 Avg:26, SD:9, Max:56, Min:13
FCore Active Avg:100, SD:0, Max:100, Min:100
FRouter Active Avg:90, SD:2, Max:94, Min:84
T1 invocations: 317,638
T2 invocations: 0
T3 invocations: 10,146,198
T3b invocations: 0
Total3 invocations: 10,146,198
Total4 invocations: 0

T3/T2 ratio: inf
T3b/T3 ratio: 0

T1 avg ex cycles: 237
T2 avg ex cycles: -nan
T3&b avg ex cycles: 3
T4 avg ex cycles: -nan
Avg. hops NOC1: -nan
Avg. latency NOC1 (T2): -nan
Avg. hops NOC2: 17
Avg. latency NOC2 (T3): 4,014

===PRINTING ACUM STATS at pu_cycles: 800,558

ACollision In Avg:11, SD:1, Max:17, Min:8
ACollision Out Avg:4, SD:1, Max:7, Min:2
ACollision End Avg:0, SD:0, Max:2, Min:0
ATask1 Avg:71, SD:3, Max:78, Min:51
ATask2 Avg:0, SD:0, Max:0, Min:0
ATask3 Avg:29, SD:3, Max:49, Min:22
ACore Active Avg:100, SD:0, Max:100, Min:99
ARouter Active Avg:87, SD:1, Max:90, Min:83
T1 invocations: 2,423,495
T2 invocations: 0
T3 invocations: 76,760,557
T3b invocations: 0
Total3 invocations: 76,760,557
Total4 invocations: 0

T3/T2 ratio: inf
T3b/T3 ratio: 0

T1 avg ex cycles: 240
T2 avg ex cycles: -nan
T3&b avg ex cycles: 3
T4 avg ex cycles: -nan
Avg. hops NOC1: -nan
Avg. latency NOC1 (T2): -nan
Avg. hops NOC2: 17
Avg. latency NOC2 (T3): 4,201
Number of K Nodes Processed: 76,805
Number of K Edges Processed: 76,805
Node Re-explore factor: 18.31
Edge Re-explore factor: 0.60
Nodes/cy: 96
Edges/cy: 96
TEPS: 160

---DCache---
DCache Size: 31,152
DRAM words: 129,408
  DHits: 94,852,766
  DMisses: 5,615,552
  DHit Rate (hit/miss): 94%
  DEvictions: 3,619,869
  DEviction Rate (evict/misses): 64%
  MC Transactions: 6,402,362
  MC Writes: 655,005
Avg. Transactions: 100% , Writes: 10%, Avg. Latency: 28
Max MC id: 4 of 8. Transactions: 100% , Writes: 10%, MC mean Latency: 28
HBM refresh energy (nJ): 2
HBM access energy (nJ): 12,128,634
MemC wire energy 2.5d (nJ): 3,865,041
MemC wire energy 3d (nJ): 966,260

---Energy---
Leakage Energy (nJ): 74,632
PU Dyn E (nJ): 4,304,490
Mem Dyn E (nJ): 24,638,245
Route Dyn E (nJ): 5,318,590
Dynamic Energy (nJ): 34,261,326
Ratio of Dyn/Leak: 459
Total Energy (nJ): 34,335,958
Total Energy (nJ) 3D: 34,252,126
Cores Energy (nJ): 4,306,718
Route Energy (nJ): 5,325,926
Route Energy (nJ) 3D: 8,140,874
Mem Energy   (nJ): 24,703,315
Mem Energy   (nJ) 3D: 21,804,534
Avg. Power (mW): 42,890.03
Power Density (mW/mm2): 127.75

---Runtime---
Runtime in K cycles: 800.56
Microseconds: 800.56
Time per iteration (ms): 0.80

---Throughput---
GOP/s (aka OPS/ns): 794.45
GOP/s per core: 0.78
GFLOP/s: 96.41
GFLOP/s per core: 0.09
Max Peak GFLOP/s: 1,024.00
Avg. BW GB/s: 3,108.82
Max BW GB/s: 4,096.00

---Traffic---
In-Die bisection_bytes BW (GB/s): 512.00
Inter-board traffic (msg/ns): 0.00, per-link: 0.00
Inter-pack traffic (msg/ns): 0.00, per-link: 0.00
Inter-die traffic (msg/ns): 0.00, per-link: 0.00
Ruche traffic (msg/ns): 0.00, per-link: 0.00
All traffic (msg/ns): 3,542.58, per-link: 3.46
Inter-die reduction wrt all: inf
Inter-board reduction wrt inter-die: -nan

---Data Movement---
All traffic (msg): 2,836,042,934
Arith. Intensity FLOP/Loads: 0.20
Arith. Intensity FLOP/Msgs: 0.03
Arith. Intensity OPS/Loads: 1.63
Arith. Intensity OPS/Msgs: 0.22



===Core Utilization Total=== CORE-S:8;; TIME K cy:800 ;; Nodes Proc: 9,557,113 -- Edges Proc: 0

===PRINTING FRAME STATS

FCollision In Avg:8, SD:1, Max:11, Min:5
FCollision Out Avg:0, SD:0, Max:1, Min:0
FCollision End Avg:0, SD:0, Max:0, Min:0
FTask1 Avg:73, SD:9, Max:88, Min:49
FTask2 Avg:0, SD:0, Max:0, Min:0
FTask3 Avg:27, SD:9, Max:51, Min:12
FCore Active Avg:100, SD:0, Max:100, Min:100
FRouter Active Avg:88, SD:1, Max:92, Min:83
T1 invocations: 307,241
T2 invocations: 0
T3 invocations: 9,827,304
T3b invocations: 0
Total3 invocations: 9,827,304
Total4 invocations: 0

T3/T2 ratio: inf
T3b/T3 ratio: 0

T1 avg ex cycles: 243
T2 avg ex cycles: -nan
T3&b avg ex cycles: 3
T4 avg ex cycles: -nan
Avg. hops NOC1: -nan
Avg. latency NOC1 (T2): -nan
Avg. hops NOC2: 17
Avg. latency NOC2 (T3): 4,142

===PRINTING ACUM STATS at pu_cycles: 900,593

ACollision In Avg:11, SD:1, Max:16, Min:8
ACollision Out Avg:4, SD:1, Max:6, Min:2
ACollision End Avg:0, SD:0, Max:2, Min:0
ATask1 Avg:71, SD:3, Max:79, Min:52
ATask2 Avg:0, SD:0, Max:0, Min:0
ATask3 Avg:29, SD:3, Max:48, Min:21
ACore Active Avg:100, SD:0, Max:100, Min:100
ARouter Active Avg:87, SD:1, Max:90, Min:84
T1 invocations: 2,730,962
T2 invocations: 0
T3 invocations: 86,594,483
T3b invocations: 0
Total3 invocations: 86,594,483
Total4 invocations: 0

T3/T2 ratio: inf
T3b/T3 ratio: 0

T1 avg ex cycles: 240
T2 avg ex cycles: -nan
T3&b avg ex cycles: 3
T4 avg ex cycles: -nan
Avg. hops NOC1: -nan
Avg. latency NOC1 (T2): -nan
Avg. hops NOC2: 17
Avg. latency NOC2 (T3): 4,194
Number of K Nodes Processed: 86,633
Number of K Edges Processed: 86,633
Node Re-explore factor: 20.66
Edge Re-explore factor: 0.68
Nodes/cy: 96
Edges/cy: 96
TEPS: 142

---DCache---
DCache Size: 31,152
DRAM words: 129,408
  DHits: 106,958,500
  DMisses: 6,307,329
  DHit Rate (hit/miss): 94%
  DEvictions: 4,296,008
  DEviction Rate (evict/misses): 68%
  MC Transactions: 7,202,661
  MC Writes: 747,818
Avg. Transactions: 100% , Writes: 10%, Avg. Latency: 28
Max MC id: 3 of 8. Transactions: 100% , Writes: 10%, MC mean Latency: 28
HBM refresh energy (nJ): 2
HBM access energy (nJ): 13,644,720
MemC wire energy 2.5d (nJ): 4,348,173
MemC wire energy 3d (nJ): 1,087,043

---Energy---
Leakage Energy (nJ): 83,958
PU Dyn E (nJ): 4,853,409
Mem Dyn E (nJ): 27,742,816
Route Dyn E (nJ): 5,994,896
Dynamic Energy (nJ): 38,591,122
Ratio of Dyn/Leak: 460
Total Energy (nJ): 38,675,080
Total Energy (nJ) 3D: 38,586,844
Cores Energy (nJ): 4,855,916
Route Energy (nJ): 6,003,148
Route Energy (nJ) 3D: 9,176,042
Mem Energy   (nJ): 27,816,017
Mem Energy   (nJ) 3D: 24,554,887
Avg. Power (mW): 42,944.02
Power Density (mW/mm2): 127.91

---Runtime---
Runtime in K cycles: 900.59
Microseconds: 900.59
Time per iteration (ms): 0.90

---Throughput---
GOP/s (aka OPS/ns): 796.29
GOP/s per core: 0.78
GFLOP/s: 96.62
GFLOP/s per core: 0.09
Max Peak GFLOP/s: 1,024.00
Avg. BW GB/s: 3,117.03
Max BW GB/s: 4,096.00

---Traffic---
In-Die bisection_bytes BW (GB/s): 512.00
Inter-board traffic (msg/ns): 0.00, per-link: 0.00
Inter-pack traffic (msg/ns): 0.00, per-link: 0.00
Inter-die traffic (msg/ns): 0.00, per-link: 0.00
Ruche traffic (msg/ns): 0.00, per-link: 0.00
All traffic (msg/ns): 3,549.17, per-link: 3.47
Inter-die reduction wrt all: inf
Inter-board reduction wrt inter-die: -nan

---Data Movement---
All traffic (msg): 3,196,360,947
Arith. Intensity FLOP/Loads: 0.20
Arith. Intensity FLOP/Msgs: 0.03
Arith. Intensity OPS/Loads: 1.63
Arith. Intensity OPS/Msgs: 0.22



===Core Utilization Total=== CORE-S:9;; TIME K cy:900 ;; Nodes Proc: 10,778,719 -- Edges Proc: 0

===PRINTING FRAME STATS

FCollision In Avg:8, SD:1, Max:13, Min:5
FCollision Out Avg:0, SD:0, Max:1, Min:0
FCollision End Avg:0, SD:0, Max:0, Min:0
FTask1 Avg:73, SD:9, Max:88, Min:42
FTask2 Avg:0, SD:0, Max:0, Min:0
FTask3 Avg:27, SD:9, Max:58, Min:12
FCore Active Avg:100, SD:0, Max:100, Min:100
FRouter Active Avg:89, SD:2, Max:93, Min:84
T1 invocations: 311,973
T2 invocations: 0
T3 invocations: 9,976,041
T3b invocations: 0
Total3 invocations: 9,976,041
Total4 invocations: 0

T3/T2 ratio: inf
T3b/T3 ratio: 0

T1 avg ex cycles: 240
T2 avg ex cycles: -nan
T3&b avg ex cycles: 3
T4 avg ex cycles: -nan
Avg. hops NOC1: -nan
Avg. latency NOC1 (T2): -nan
Avg. hops NOC2: 17
Avg. latency NOC2 (T3): 4,088

===PRINTING ACUM STATS at pu_cycles: 1,000,544

ACollision In Avg:10, SD:1, Max:15, Min:8
ACollision Out Avg:3, SD:1, Max:5, Min:1
ACollision End Avg:0, SD:0, Max:2, Min:0
ATask1 Avg:71, SD:3, Max:78, Min:52
ATask2 Avg:0, SD:0, Max:0, Min:0
ATask3 Avg:29, SD:3, Max:48, Min:22
ACore Active Avg:100, SD:0, Max:100, Min:100
ARouter Active Avg:87, SD:1, Max:90, Min:84
T1 invocations: 3,041,915
T2 invocations: 0
T3 invocations: 96,534,645
T3b invocations: 0
Total3 invocations: 96,534,645
Total4 invocations: 0

T3/T2 ratio: inf
T3b/T3 ratio: 0

T1 avg ex cycles: 240
T2 avg ex cycles: -nan
T3&b avg ex cycles: 3
T4 avg ex cycles: -nan
Avg. hops NOC1: -nan
Avg. latency NOC1 (T2): -nan
Avg. hops NOC2: 17
Avg. latency NOC2 (T3): 4,183
Number of K Nodes Processed: 96,608
Number of K Edges Processed: 96,608
Node Re-explore factor: 23.03
Edge Re-explore factor: 0.75
Nodes/cy: 97
Edges/cy: 97
TEPS: 128

---DCache---
DCache Size: 31,152
DRAM words: 129,408
  DHits: 119,202,970
  DMisses: 7,004,135
  DHit Rate (hit/miss): 94%
  DEvictions: 4,977,519
  DEviction Rate (evict/misses): 71%
  MC Transactions: 8,002,248
  MC Writes: 834,322
Avg. Transactions: 100% , Writes: 10%, Avg. Latency: 28
Max MC id: 1 of 8. Transactions: 100% , Writes: 10%, MC mean Latency: 28
HBM refresh energy (nJ): 2
HBM access energy (nJ): 15,159,458
MemC wire energy 2.5d (nJ): 4,830,876
MemC wire energy 3d (nJ): 1,207,719

---Energy---
Leakage Energy (nJ): 93,276
PU Dyn E (nJ): 5,408,371
Mem Dyn E (nJ): 30,857,670
Route Dyn E (nJ): 6,679,835
Dynamic Energy (nJ): 42,945,876
Ratio of Dyn/Leak: 460
Total Energy (nJ): 43,039,152
Total Energy (nJ) 3D: 42,951,404
Cores Energy (nJ): 5,411,156
Route Energy (nJ): 6,689,002
Route Energy (nJ) 3D: 10,224,411
Mem Energy   (nJ): 30,938,994
Mem Energy   (nJ) 3D: 27,315,837
Avg. Power (mW): 43,015.75
Power Density (mW/mm2): 128.12

---Runtime---
Runtime in K cycles: 1,000.54
Microseconds: 1,000.54
Time per iteration (ms): 1.00

---Throughput---
GOP/s (aka OPS/ns): 798.73
GOP/s per core: 0.78
GFLOP/s: 96.91
GFLOP/s per core: 0.09
Max Peak GFLOP/s: 1,024.00
Avg. BW GB/s: 3,127.31
Max BW GB/s: 4,096.00

---Traffic---
In-Die bisection_bytes BW (GB/s): 512.00
Inter-board traffic (msg/ns): 0.00, per-link: 0.00
Inter-pack traffic (msg/ns): 0.00, per-link: 0.00
Inter-die traffic (msg/ns): 0.00, per-link: 0.00
Ruche traffic (msg/ns): 0.00, per-link: 0.00
All traffic (msg/ns): 3,558.94, per-link: 3.48
Inter-die reduction wrt all: inf
Inter-board reduction wrt inter-die: -nan

---Data Movement---
All traffic (msg): 3,560,879,374
Arith. Intensity FLOP/Loads: 0.20
Arith. Intensity FLOP/Msgs: 0.03
Arith. Intensity OPS/Loads: 1.63
Arith. Intensity OPS/Msgs: 0.22



===Core Utilization Total=== CORE-S:10;; TIME K cy:1,000 ;; Nodes Proc: 12,021,246 -- Edges Proc: 0

===PRINTING FRAME STATS

FCollision In Avg:9, SD:1, Max:15, Min:6
FCollision Out Avg:0, SD:0, Max:1, Min:0
FCollision End Avg:0, SD:0, Max:0, Min:0
FTask1 Avg:73, SD:9, Max:86, Min:45
FTask2 Avg:0, SD:0, Max:0, Min:0
FTask3 Avg:27, SD:9, Max:55, Min:14
FCore Active Avg:100, SD:1, Max:100, Min:81
FRouter Active Avg:90, SD:2, Max:94, Min:84
T1 invocations: 317,662
T2 invocations: 0
T3 invocations: 10,153,654
T3b invocations: 0
Total3 invocations: 10,153,654
Total4 invocations: 0

T3/T2 ratio: inf
T3b/T3 ratio: 0

T1 avg ex cycles: 237
T2 avg ex cycles: -nan
T3&b avg ex cycles: 3
T4 avg ex cycles: -nan
Avg. hops NOC1: -nan
Avg. latency NOC1 (T2): -nan
Avg. hops NOC2: 17
Avg. latency NOC2 (T3): 4,011

===PRINTING ACUM STATS at pu_cycles: 1,100,580

ACollision In Avg:10, SD:1, Max:14, Min:8
ACollision Out Avg:3, SD:0, Max:5, Min:1
ACollision End Avg:0, SD:0, Max:2, Min:0
ATask1 Avg:72, SD:3, Max:78, Min:51
ATask2 Avg:0, SD:0, Max:0, Min:0
ATask3 Avg:28, SD:3, Max:49, Min:22
ACore Active Avg:100, SD:0, Max:100, Min:98
ARouter Active Avg:87, SD:1, Max:90, Min:84
T1 invocations: 3,360,917
T2 invocations: 0
T3 invocations: 106,735,328
T3b invocations: 0
Total3 invocations: 106,735,328
Total4 invocations: 0

T3/T2 ratio: inf
T3b/T3 ratio: 0

T1 avg ex cycles: 240
T2 avg ex cycles: -nan
T3&b avg ex cycles: 3
T4 avg ex cycles: -nan
Avg. hops NOC1: -nan
Avg. latency NOC1 (T2): -nan
Avg. hops NOC2: 17
Avg. latency NOC2 (T3): 4,167
Number of K Nodes Processed: 106,763
Number of K Edges Processed: 106,763
Node Re-explore factor: 25.45
Edge Re-explore factor: 0.83
Nodes/cy: 97
Edges/cy: 97
TEPS: 117

---DCache---
DCache Size: 31,152
DRAM words: 129,408
  DHits: 131,651,165
  DMisses: 7,705,908
  DHit Rate (hit/miss): 94%
  DEvictions: 5,663,879
  DEviction Rate (evict/misses): 74%
  MC Transactions: 8,802,398
  MC Writes: 916,438
Avg. Transactions: 100% , Writes: 10%, Avg. Latency: 27
Max MC id: 1 of 8. Transactions: 100% , Writes: 10%, MC mean Latency: 27
HBM refresh energy (nJ): 3
HBM access energy (nJ): 16,675,262
MemC wire energy 2.5d (nJ): 5,313,918
MemC wire energy 3d (nJ): 1,328,479

---Energy---
Leakage Energy (nJ): 102,602
PU Dyn E (nJ): 5,977,501
Mem Dyn E (nJ): 34,001,574
Route Dyn E (nJ): 7,383,167
Dynamic Energy (nJ): 47,362,243
Ratio of Dyn/Leak: 462
Total Energy (nJ): 47,464,845
Total Energy (nJ) 3D: 47,387,065
Cores Energy (nJ): 5,980,565
Route Energy (nJ): 7,393,251
Route Energy (nJ) 3D: 11,300,910
Mem Energy   (nJ): 34,091,029
Mem Energy   (nJ) 3D: 30,105,591
Avg. Power (mW): 43,127.12
Power Density (mW/mm2): 128.46

---Runtime---
Runtime in K cycles: 1,100.58
Microseconds: 1,100.58
Time per iteration (ms): 1.10

---Throughput---
GOP/s (aka OPS/ns): 802.57
GOP/s per core: 0.78
GFLOP/s: 97.36
GFLOP/s per core: 0.10
Max Peak GFLOP/s: 1,024.00
Avg. BW GB/s: 3,143.09
Max BW GB/s: 4,096.00

---Traffic---
In-Die bisection_bytes BW (GB/s): 512.00
Inter-board traffic (msg/ns): 0.00, per-link: 0.00
Inter-pack traffic (msg/ns): 0.00, per-link: 0.00
Inter-die traffic (msg/ns): 0.00, per-link: 0.00
Ruche traffic (msg/ns): 0.00, per-link: 0.00
All traffic (msg/ns): 3,574.92, per-link: 3.49
Inter-die reduction wrt all: inf
Inter-board reduction wrt inter-die: -nan

---Data Movement---
All traffic (msg): 3,934,483,822
Arith. Intensity FLOP/Loads: 0.20
Arith. Intensity FLOP/Msgs: 0.03
Arith. Intensity OPS/Loads: 1.63
Arith. Intensity OPS/Msgs: 0.22



===Core Utilization Total=== CORE-S:11;; TIME K cy:1,100 ;; Nodes Proc: 13,282,464 -- Edges Proc: 0

===PRINTING FRAME STATS

FCollision In Avg:8, SD:1, Max:14, Min:4
FCollision Out Avg:0, SD:0, Max:1, Min:0
FCollision End Avg:0, SD:0, Max:0, Min:0
FTask1 Avg:71, SD:12, Max:87, Min:0
FTask2 Avg:0, SD:0, Max:0, Min:0
FTask3 Avg:26, SD:9, Max:59, Min:13
FCore Active Avg:97, SD:10, Max:100, Min:14
FRouter Active Avg:89, SD:2, Max:94, Min:83
T1 invocations: 308,512
T2 invocations: 0
T3 invocations: 9,903,711
T3b invocations: 0
Total3 invocations: 9,903,711
Total4 invocations: 0

T3/T2 ratio: inf
T3b/T3 ratio: 0

T1 avg ex cycles: 236
T2 avg ex cycles: -nan
T3&b avg ex cycles: 3
T4 avg ex cycles: -nan
Avg. hops NOC1: -nan
Avg. latency NOC1 (T2): -nan
Avg. hops NOC2: 17
Avg. latency NOC2 (T3): 3,981

===PRINTING ACUM STATS at pu_cycles: 1,200,480

ACollision In Avg:10, SD:1, Max:14, Min:8
ACollision Out Avg:3, SD:0, Max:5, Min:1
ACollision End Avg:0, SD:0, Max:2, Min:0
ATask1 Avg:71, SD:3, Max:79, Min:52
ATask2 Avg:0, SD:0, Max:0, Min:0
ATask3 Avg:28, SD:3, Max:48, Min:21
ACore Active Avg:100, SD:1, Max:100, Min:91
ARouter Active Avg:87, SD:1, Max:91, Min:84
T1 invocations: 3,659,497
T2 invocations: 0
T3 invocations: 116,291,194
T3b invocations: 0
Total3 invocations: 116,291,194
Total4 invocations: 0

T3/T2 ratio: inf
T3b/T3 ratio: 0

T1 avg ex cycles: 239
T2 avg ex cycles: -nan
T3&b avg ex cycles: 3
T4 avg ex cycles: -nan
Avg. hops NOC1: -nan
Avg. latency NOC1 (T2): -nan
Avg. hops NOC2: 17
Avg. latency NOC2 (T3): 4,152
Number of K Nodes Processed: 116,650
Number of K Edges Processed: 116,650
Node Re-explore factor: 27.81
Edge Re-explore factor: 0.91
Nodes/cy: 97
Edges/cy: 97
TEPS: 107

---DCache---
DCache Size: 31,152
DRAM words: 129,408
  DHits: 143,827,096
  DMisses: 8,398,094
  DHit Rate (hit/miss): 94%
  DEvictions: 6,341,579
  DEviction Rate (evict/misses): 76%
  MC Transactions: 9,601,735
  MC Writes: 1,008,249
Avg. Transactions: 100% , Writes: 10%, Avg. Latency: 27
Max MC id: 5 of 8. Transactions: 100% , Writes: 11%, MC mean Latency: 26
HBM refresh energy (nJ): 3
HBM access energy (nJ): 18,189,526
MemC wire energy 2.5d (nJ): 5,796,470
MemC wire energy 3d (nJ): 1,449,117

---Energy---
Leakage Energy (nJ): 111,915
PU Dyn E (nJ): 6,510,146
Mem Dyn E (nJ): 37,076,939
Route Dyn E (nJ): 8,038,590
Dynamic Energy (nJ): 51,625,676
Ratio of Dyn/Leak: 461
Total Energy (nJ): 51,737,591
Total Energy (nJ) 3D: 51,644,790
Cores Energy (nJ): 6,513,487
Route Energy (nJ): 8,049,590
Route Energy (nJ) 3D: 12,304,141
Mem Energy   (nJ): 37,174,514
Mem Energy   (nJ) 3D: 32,827,162
Avg. Power (mW): 43,097.42
Power Density (mW/mm2): 128.37

---Runtime---
Runtime in K cycles: 1,200.48
Microseconds: 1,200.48
Time per iteration (ms): 1.20

---Throughput---
GOP/s (aka OPS/ns): 801.37
GOP/s per core: 0.78
GFLOP/s: 97.21
GFLOP/s per core: 0.09
Max Peak GFLOP/s: 1,024.00
Avg. BW GB/s: 3,139.13
Max BW GB/s: 4,096.00

---Traffic---
In-Die bisection_bytes BW (GB/s): 512.00
Inter-board traffic (msg/ns): 0.00, per-link: 0.00
Inter-pack traffic (msg/ns): 0.00, per-link: 0.00
Inter-die traffic (msg/ns): 0.00, per-link: 0.00
Ruche traffic (msg/ns): 0.00, per-link: 0.00
All traffic (msg/ns): 3,569.00, per-link: 3.49
Inter-die reduction wrt all: inf
Inter-board reduction wrt inter-die: -nan

---Data Movement---
All traffic (msg): 4,284,511,265
Arith. Intensity FLOP/Loads: 0.20
Arith. Intensity FLOP/Msgs: 0.03
Arith. Intensity OPS/Loads: 1.63
Arith. Intensity OPS/Msgs: 0.22



===Core Utilization Total=== CORE-S:12;; TIME K cy:1,200 ;; Nodes Proc: 14,516,512 -- Edges Proc: 0

===PRINTING FRAME STATS

FCollision In Avg:6, SD:2, Max:11, Min:2
FCollision Out Avg:0, SD:0, Max:1, Min:0
FCollision End Avg:0, SD:0, Max:0, Min:0
FTask1 Avg:55, SD:29, Max:87, Min:0
FTask2 Avg:0, SD:0, Max:0, Min:0
FTask3 Avg:19, SD:4, Max:35, Min:10
FCore Active Avg:74, SD:30, Max:100, Min:10
FRouter Active Avg:83, SD:3, Max:91, Min:74
T1 invocations: 266,953
T2 invocations: 0
T3 invocations: 8,768,339
T3b invocations: 0
Total3 invocations: 8,768,339
Total4 invocations: 0

T3/T2 ratio: inf
T3b/T3 ratio: 0

T1 avg ex cycles: 210
T2 avg ex cycles: -nan
T3&b avg ex cycles: 2
T4 avg ex cycles: -nan
Avg. hops NOC1: -nan
Avg. latency NOC1 (T2): -nan
Avg. hops NOC2: 17
Avg. latency NOC2 (T3): 3,231

===PRINTING ACUM STATS at pu_cycles: 1,300,428

ACollision In Avg:10, SD:1, Max:13, Min:8
ACollision Out Avg:2, SD:0, Max:4, Min:1
ACollision End Avg:0, SD:0, Max:1, Min:0
ATask1 Avg:70, SD:3, Max:78, Min:53
ATask2 Avg:0, SD:0, Max:0, Min:0
ATask3 Avg:28, SD:3, Max:47, Min:21
ACore Active Avg:98, SD:3, Max:100, Min:85
ARouter Active Avg:87, SD:1, Max:90, Min:84
T1 invocations: 3,933,607
T2 invocations: 0
T3 invocations: 125,311,838
T3b invocations: 0
Total3 invocations: 125,311,838
Total4 invocations: 0

T3/T2 ratio: inf
T3b/T3 ratio: 0

T1 avg ex cycles: 237
T2 avg ex cycles: -nan
T3&b avg ex cycles: 3
T4 avg ex cycles: -nan
Avg. hops NOC1: -nan
Avg. latency NOC1 (T2): -nan
Avg. hops NOC2: 17
Avg. latency NOC2 (T3): 4,087
Number of K Nodes Processed: 125,399
Number of K Edges Processed: 125,399
Node Re-explore factor: 29.90
Edge Re-explore factor: 0.98
Nodes/cy: 96
Edges/cy: 96
TEPS: 99

---DCache---
DCache Size: 31,152
DRAM words: 129,408
  DHits: 155,341,016
  DMisses: 8,999,357
  DHit Rate (hit/miss): 95%
  DEvictions: 6,935,784
  DEviction Rate (evict/misses): 77%
  MC Transactions: 10,285,199
  MC Writes: 1,081,298
Avg. Transactions: 99% , Writes: 10%, Avg. Latency: 25
Max MC id: 1 of 8. Transactions: 99% , Writes: 10%, MC mean Latency: 26
HBM refresh energy (nJ): 3
HBM access energy (nJ): 19,484,280
MemC wire energy 2.5d (nJ): 6,209,070
MemC wire energy 3d (nJ): 1,552,267

---Energy---
Leakage Energy (nJ): 121,233
PU Dyn E (nJ): 7,001,278
Mem Dyn E (nJ): 39,796,217
Route Dyn E (nJ): 8,645,038
Dynamic Energy (nJ): 55,442,534
Ratio of Dyn/Leak: 457
Total Energy (nJ): 55,563,767
Total Energy (nJ) 3D: 55,482,488
Cores Energy (nJ): 7,004,897
Route Energy (nJ): 8,656,954
Route Energy (nJ) 3D: 13,232,477
Mem Energy   (nJ): 39,901,916
Mem Energy   (nJ) 3D: 35,245,114
Avg. Power (mW): 42,727.29
Power Density (mW/mm2): 127.26

---Runtime---
Runtime in K cycles: 1,300.43
Microseconds: 1,300.43
Time per iteration (ms): 1.30

---Throughput---
GOP/s (aka OPS/ns): 795.74
GOP/s per core: 0.78
GFLOP/s: 96.47
GFLOP/s per core: 0.09
Max Peak GFLOP/s: 1,024.00
Avg. BW GB/s: 3,120.74
Max BW GB/s: 4,096.00

---Traffic---
In-Die bisection_bytes BW (GB/s): 512.00
Inter-board traffic (msg/ns): 0.00, per-link: 0.00
Inter-pack traffic (msg/ns): 0.00, per-link: 0.00
Inter-die traffic (msg/ns): 0.00, per-link: 0.00
Ruche traffic (msg/ns): 0.00, per-link: 0.00
All traffic (msg/ns): 3,542.59, per-link: 3.46
Inter-die reduction wrt all: inf
Inter-board reduction wrt inter-die: -nan

---Data Movement---
All traffic (msg): 4,606,888,389
Arith. Intensity FLOP/Loads: 0.20
Arith. Intensity FLOP/Msgs: 0.03
Arith. Intensity OPS/Loads: 1.63
Arith. Intensity OPS/Msgs: 0.22



===Core Utilization Total=== CORE-S:13;; TIME K cy:1,300 ;; Nodes Proc: 15,601,999 -- Edges Proc: 0
======== IT IS COLD ======= Only 62 Tiles active

===PRINTING FRAME STATS

FCollision In Avg:1, SD:1, Max:8, Min:0
FCollision Out Avg:0, SD:0, Max:0, Min:0
FCollision End Avg:0, SD:0, Max:0, Min:0
FTask1 Avg:17, SD:27, Max:95, Min:0
FTask2 Avg:0, SD:0, Max:0, Min:0
FTask3 Avg:6, SD:1, Max:29, Min:3
FCore Active Avg:22, SD:28, Max:100, Min:3
FRouter Active Avg:35, SD:6, Max:85, Min:24
T1 invocations: 80,508
T2 invocations: 0
T3 invocations: 2,742,078
T3b invocations: 0
Total3 invocations: 2,742,078
Total4 invocations: 0

T3/T2 ratio: inf
T3b/T3 ratio: 0

T1 avg ex cycles: 214
T2 avg ex cycles: -nan
T3&b avg ex cycles: 2
T4 avg ex cycles: -nan
Avg. hops NOC1: -nan
Avg. latency NOC1 (T2): -nan
Avg. hops NOC2: 16
Avg. latency NOC2 (T3): 2,770

===PRINTING ACUM STATS at pu_cycles: 1,400,466

ACollision In Avg:9, SD:1, Max:12, Min:7
ACollision Out Avg:2, SD:0, Max:4, Min:1
ACollision End Avg:0, SD:0, Max:1, Min:0
ATask1 Avg:66, SD:4, Max:77, Min:56
ATask2 Avg:0, SD:0, Max:0, Min:0
ATask3 Avg:26, SD:3, Max:44, Min:19
ACore Active Avg:92, SD:4, Max:100, Min:79
ARouter Active Avg:83, SD:1, Max:88, Min:80
T1 invocations: 4,016,770
T2 invocations: 0
T3 invocations: 128,108,100
T3b invocations: 0
Total3 invocations: 128,108,100
Total4 invocations: 0

T3/T2 ratio: inf
T3b/T3 ratio: 0

T1 avg ex cycles: 237
T2 avg ex cycles: -nan
T3&b avg ex cycles: 3
T4 avg ex cycles: -nan
Avg. hops NOC1: -nan
Avg. latency NOC1 (T2): -nan
Avg. hops NOC2: 17
Avg. latency NOC2 (T3): 4,059
Number of K Nodes Processed: 128,116
Number of K Edges Processed: 128,116
Node Re-explore factor: 30.55
Edge Re-explore factor: 1.00
Nodes/cy: 91
Edges/cy: 91
TEPS: 92

---DCache---
DCache Size: 31,152
DRAM words: 129,408
  DHits: 159,884,216
  DMisses: 9,177,321
  DHit Rate (hit/miss): 95%
  DEvictions: 7,113,544
  DEviction Rate (evict/misses): 78%
  MC Transactions: 10,480,608
  MC Writes: 1,098,100
Avg. Transactions: 94% , Writes: 10%, Avg. Latency: 25
Max MC id: 1 of 8. Transactions: 94% , Writes: 10%, MC mean Latency: 25
HBM refresh energy (nJ): 3
HBM access energy (nJ): 19,854,463
MemC wire energy 2.5d (nJ): 6,327,036
MemC wire energy 3d (nJ): 1,581,759

---Energy---
Leakage Energy (nJ): 130,559
PU Dyn E (nJ): 7,150,788
Mem Dyn E (nJ): 40,607,449
Route Dyn E (nJ): 8,825,914
Dynamic Energy (nJ): 56,584,152
Ratio of Dyn/Leak: 433
Total Energy (nJ): 56,714,711
Total Energy (nJ) 3D: 56,640,689
Cores Energy (nJ): 7,154,686
Route Energy (nJ): 8,838,747
Route Energy (nJ) 3D: 13,510,002
Mem Energy   (nJ): 40,721,279
Mem Energy   (nJ) 3D: 35,976,001
Avg. Power (mW): 40,497.03
Power Density (mW/mm2): 120.62

---Runtime---
Runtime in K cycles: 1,400.47
Microseconds: 1,400.47
Time per iteration (ms): 1.40

---Throughput---
GOP/s (aka OPS/ns): 754.74
GOP/s per core: 0.74
GFLOP/s: 91.47
GFLOP/s per core: 0.09
Max Peak GFLOP/s: 1,024.00
Avg. BW GB/s: 2,961.62
Max BW GB/s: 4,096.00

---Traffic---
In-Die bisection_bytes BW (GB/s): 512.00
Inter-board traffic (msg/ns): 0.00, per-link: 0.00
Inter-pack traffic (msg/ns): 0.00, per-link: 0.00
Inter-die traffic (msg/ns): 0.00, per-link: 0.00
Ruche traffic (msg/ns): 0.00, per-link: 0.00
All traffic (msg/ns): 3,358.15, per-link: 3.28
Inter-die reduction wrt all: inf
Inter-board reduction wrt inter-die: -nan

---Data Movement---
All traffic (msg): 4,702,972,342
Arith. Intensity FLOP/Loads: 0.20
Arith. Intensity FLOP/Msgs: 0.03
Arith. Intensity OPS/Loads: 1.63
Arith. Intensity OPS/Msgs: 0.22



===Core Utilization Total=== CORE-S:14;; TIME K cy:1,400 ;; Nodes Proc: 15,941,350 -- Edges Proc: 0
======== IT IS COLD ======= Only 7 Tiles active

===PRINTING FRAME STATS

FCollision In Avg:0, SD:0, Max:2, Min:0
FCollision Out Avg:0, SD:0, Max:0, Min:0
FCollision End Avg:0, SD:0, Max:0, Min:0
FTask1 Avg:5, SD:16, Max:96, Min:0
FTask2 Avg:0, SD:0, Max:0, Min:0
FTask3 Avg:2, SD:2, Max:10, Min:0
FCore Active Avg:7, SD:18, Max:100, Min:0
FRouter Active Avg:10, SD:14, Max:49, Min:1
T1 invocations: 23,013
T2 invocations: 0
T3 invocations: 836,989
T3b invocations: 0
Total3 invocations: 836,989
Total4 invocations: 0

T3/T2 ratio: inf
T3b/T3 ratio: 0

T1 avg ex cycles: 216
T2 avg ex cycles: -nan
T3&b avg ex cycles: 2
T4 avg ex cycles: -nan
Avg. hops NOC1: -nan
Avg. latency NOC1 (T2): -nan
Avg. hops NOC2: 15
Avg. latency NOC2 (T3): 2,849

===PRINTING ACUM STATS at pu_cycles: 1,500,077

ACollision In Avg:9, SD:1, Max:12, Min:7
ACollision Out Avg:2, SD:0, Max:4, Min:1
ACollision End Avg:0, SD:0, Max:1, Min:0
ATask1 Avg:63, SD:4, Max:76, Min:53
ATask2 Avg:0, SD:0, Max:0, Min:0
ATask3 Avg:25, SD:3, Max:42, Min:18
ACore Active Avg:88, SD:5, Max:100, Min:74
ARouter Active Avg:79, SD:3, Max:86, Min:75
T1 invocations: 4,020,457
T2 invocations: 0
T3 invocations: 128,253,060
T3b invocations: 0
Total3 invocations: 128,253,060
Total4 invocations: 0

T3/T2 ratio: inf
T3b/T3 ratio: 0

T1 avg ex cycles: 237
T2 avg ex cycles: -nan
T3&b avg ex cycles: 3
T4 avg ex cycles: -nan
Avg. hops NOC1: -nan
Avg. latency NOC1 (T2): -nan
Avg. hops NOC2: 17
Avg. latency NOC2 (T3): 4,059
Number of K Nodes Processed: 128,300
Number of K Edges Processed: 128,300
Node Re-explore factor: 30.59
Edge Re-explore factor: 1.00
Nodes/cy: 86
Edges/cy: 86
TEPS: 86

---DCache---
DCache Size: 31,152
DRAM words: 129,408
  DHits: 160,221,179
  DMisses: 9,189,241
  DHit Rate (hit/miss): 95%
  DEvictions: 7,125,463
  DEviction Rate (evict/misses): 78%
  MC Transactions: 10,493,242
  MC Writes: 1,098,813
Avg. Transactions: 87% , Writes: 9%, Avg. Latency: 25
Max MC id: 1 of 8. Transactions: 88% , Writes: 9%, MC mean Latency: 25
HBM refresh energy (nJ): 4
HBM access energy (nJ): 19,878,397
MemC wire energy 2.5d (nJ): 6,334,663
MemC wire energy 3d (nJ): 1,583,666

---Energy---
Leakage Energy (nJ): 139,845
PU Dyn E (nJ): 7,157,599
Mem Dyn E (nJ): 40,656,449
Route Dyn E (nJ): 8,834,439
Dynamic Energy (nJ): 56,648,487
Ratio of Dyn/Leak: 405
Total Energy (nJ): 56,788,332
Total Energy (nJ) 3D: 56,713,102
Cores Energy (nJ): 7,161,774
Route Energy (nJ): 8,848,184
Route Energy (nJ) 3D: 13,523,951
Mem Energy   (nJ): 40,778,375
Mem Energy   (nJ) 3D: 36,027,378
Avg. Power (mW): 37,856.94
Power Density (mW/mm2): 112.76

---Runtime---
Runtime in K cycles: 1,500.08
Microseconds: 1,500.08
Time per iteration (ms): 1.50

---Throughput---
GOP/s (aka OPS/ns): 705.31
GOP/s per core: 0.69
GFLOP/s: 85.48
GFLOP/s per core: 0.08
Max Peak GFLOP/s: 1,024.00
Avg. BW GB/s: 2,767.93
Max BW GB/s: 4,096.00

---Traffic---
In-Die bisection_bytes BW (GB/s): 512.00
Inter-board traffic (msg/ns): 0.00, per-link: 0.00
Inter-pack traffic (msg/ns): 0.00, per-link: 0.00
Inter-die traffic (msg/ns): 0.00, per-link: 0.00
Ruche traffic (msg/ns): 0.00, per-link: 0.00
All traffic (msg/ns): 3,138.27, per-link: 3.06
Inter-die reduction wrt all: inf
Inter-board reduction wrt inter-die: -nan

---Data Movement---
All traffic (msg): 4,707,639,936
Arith. Intensity FLOP/Loads: 0.20
Arith. Intensity FLOP/Msgs: 0.03
Arith. Intensity OPS/Loads: 1.63
Arith. Intensity OPS/Msgs: 0.22



===Core Utilization Total=== CORE-S:15;; TIME K cy:1,500 ;; Nodes Proc: 15,964,361 -- Edges Proc: 0
======== IT IS COLD ======= Only 0 Tiles active
##EPOCH## 1 COMPLETED at Time (K cy): 1,537
Nodes processed until now: 128,311,436
Edges processed until now: 0
Epoch Done Router: 3
Epoch Done Router: 2
Epoch Done Router: 6
Epoch Done Router: 5
Epoch Done Router: 0
Epoch Done Router: 7
Epoch Done Router: 4
Epoch Done Router: 1
Program Done Router Thread: 1
Program Done Worker Thread: 2
Program Done Router Thread: 2
Program Done Router Thread: 6
Program Done Router Thread: 0
Program Done Router Thread: 5
Program Done Worker Thread: 1
Program Done Worker Thread: 4
Program Done Worker Thread: 6
Program Done Worker Thread: 0
Program Done Router Thread: 7
Program Done Router Thread: 3
Program Done Router Thread: 4
Program Done Worker Thread: 7
Program Done Worker Thread: 3
Program Done Worker Thread: 5

===PRINTING ACUM STATS at pu_cycles: 1,537,460

ACollision In Avg:8, SD:1, Max:11, Min:6
ACollision Out Avg:2, SD:0, Max:4, Min:1
ACollision End Avg:0, SD:0, Max:1, Min:0
ATask1 Avg:61, SD:3, Max:70, Min:52
ATask2 Avg:0, SD:0, Max:0, Min:0
ATask3 Avg:24, SD:3, Max:41, Min:18
ACore Active Avg:84, SD:4, Max:100, Min:72
ARouter Active Avg:76, SD:1, Max:79, Min:73
T1 invocations: 4,023,179
T2 invocations: 0
T3 invocations: 128,311,436
T3b invocations: 0
Total3 invocations: 128,311,436
Total4 invocations: 0

T3/T2 ratio: inf
T3b/T3 ratio: 0

T1 avg ex cycles: 237
T2 avg ex cycles: -nan
T3&b avg ex cycles: 3
T4 avg ex cycles: -nan
Avg. hops NOC1: -nan
Avg. latency NOC1 (T2): -nan
Avg. hops NOC2: 17
Avg. latency NOC2 (T3): 4,060

Runtime at program end in K cycles: 1,537
Runtime before cooldown in K cycles: 1,200


Number of K Nodes Processed: 128,311
Number of K Edges Processed: 128,311
Node Re-explore factor: 30.59
Edge Re-explore factor: 1.00
Nodes/cy: 83
Edges/cy: 83
TEPS: 83

---DCache---
DCache Size: 31,152
DRAM words: 129,408
  DHits: 160,241,824
  DMisses: 9,190,137
  DHit Rate (hit/miss): 95%
  DEvictions: 7,126,359
  DEviction Rate (evict/misses): 78%
  MC Transactions: 10,494,379
  MC Writes: 1,099,054
Avg. Transactions: 85% , Writes: 9%, Avg. Latency: 25
Max MC id: 1 of 8. Transactions: 85% , Writes: 9%, MC mean Latency: 25
HBM refresh energy (nJ): 4
HBM access energy (nJ): 19,880,551
MemC wire energy 2.5d (nJ): 6,335,350
MemC wire energy 3d (nJ): 1,583,837

---Energy---
Leakage Energy (nJ): 143,330
PU Dyn E (nJ): 7,162,188
Mem Dyn E (nJ): 40,665,911
Route Dyn E (nJ): 8,837,736
Dynamic Energy (nJ): 56,665,835
Ratio of Dyn/Leak: 395
Total Energy (nJ): 56,809,165
Total Energy (nJ) 3D: 56,735,165
Cores Energy (nJ): 7,166,467
Route Energy (nJ): 8,851,823
Route Energy (nJ) 3D: 13,529,335
Mem Energy   (nJ): 40,790,876
Mem Energy   (nJ) 3D: 36,039,364
Avg. Power (mW): 36,950.01
Power Density (mW/mm2): 110.06

---Runtime---
Runtime in K cycles: 1,537.46
Microseconds: 1,537.46
Time per iteration (ms): 1.54

---Inst---
K Loads: 649,603
K Stores: 388,957
K Instructions: 1,058,675

---Throughput---
GOP/s (aka OPS/ns): 688.59
GOP/s per core: 0.67
GFLOP/s: 83.46
GFLOP/s per core: 0.08
Max Peak GFLOP/s: 1,024.00
Avg. BW GB/s: 2,702.02
Max BW GB/s: 4,096.00

---Traffic---
In-Die bisection_bytes BW (GB/s): 512.00
Inter-board traffic (msg/ns): 0.00, per-link: 0.00
Inter-pack traffic (msg/ns): 0.00, per-link: 0.00
Inter-die traffic (msg/ns): 0.00, per-link: 0.00
Ruche traffic (msg/ns): 0.00, per-link: 0.00
All traffic (msg/ns): 3,063.06, per-link: 2.99
Inter-die reduction wrt all: inf
Inter-board reduction wrt inter-die: -nan

---Data Movement---
All traffic (msg): 4,709,326,027
Arith. Intensity FLOP/Loads: 0.20
Arith. Intensity FLOP/Msgs: 0.03
Arith. Intensity OPS/Loads: 1.63
Arith. Intensity OPS/Msgs: 0.22

Simulation time: 72.78
Sim time / DUT time: 46.23
Sim noc_cy/s: 21,125.37
Sim Msg/s: 64,708,196.77

Version 32

