Dataset:  Kron22/
Dry run: 0
Open Edge Count File succesfully
Edges Traversed BFS: 128309848
Found Vertices: 4194304, Edges: 128311436
avg degree 31
Array  Kron22/node_array.bin found
Malloc array of size 16777220 bytes
Readin array of size 16777216 bytes
Finished Reading Array Bytes
No reordering Array 32bit
Array  Kron22/edge_array.bin found
Malloc array of size 513245744 bytes
Readin array of size 513245744 bytes
Finished Reading Array Bytes
No reordering Array 32bit
Array  Kron22/edge_values.bin found
Malloc array of size 513245744 bytes
Readin array of size 513245744 bytes
Finished Reading Array Bytes
No reordering Array 32bit
Reading graph elapsed time: 0.308639s

Dataset Footprint: 522 MiB
Dataset Footprint per Board: 4383.05 Mb
Dataset injection time (ms): 0.26752
Max Dataset Footprint: 1026 MiB

Dataset footprint per tile: 522 KiB
Proxys footprint per tile: 0 KiB
Reserved SRAM per tile: 15 KiB

Ideal SRAM per tile: 537 KiB
reserved_words_for_dataset:25428
dataset_words_per_tile:133760
remaining_sram_words:127142
min_dcache_sram_words_required:25771
dataset_words_per_tile:133760
min_pcache_sram_words_required:0
proxys_words_per_tile:0
Dcache footprint ratio: 2
Dataset Cached: 1
DCache: 125904 words, lines: 7869, sets: 7869
Proxys Cached: 0
Pcache: 0 words, sets: 0
Node per tile: 4,096
Edge per tile: 125,305
GRID_X: 32
GRID_SIZE: 1,024
smt_per_tile: 1
noc_freq: 1
pu_freq: 1
RUCHE_X: 0
PROXY_W: 32
DIE_W: 32
DIE_H: 32
DIES: 1
BORDER_TILES_PER_DIE: 128
PACK_W: 32
PACK_H: 32
DIES_PACK_FACTOR: 1
DIES_PER_PACK: 1
PACKAGES: 1
BOARD_W: 32
BOARD_H: 32
BOARDS: 1
MUX_BUS: 1
DCACHE: 1
PCACHE: 0
PROXY_FACTOR: 1
CACHE_WAYS: 1
TORUS: 1
PHY_NOCS: 1
WIDE_NOC_ID: 0
NOC_CONF: 1
noc_width: 32
hbm_channel_bit_width: 512
ld_st_op_byte_width: 4
PROXY_ROUTING: 0
WITHIN_REGION: 0
WRITE_THROUGH: 1
ASSERT_MODE: 0
GLOBAL_BARRIER: 0
OQ flits: 36 ; 384 ; 2
IQ flits: 288 ; 3,072 ; 2
OQ messages: 12 ; 192 ; 1
IQ messages: 96 ; 1,536 ; 1
max_task2 size: 64
io_factor_t2: 8
io_factor_t3: 8
io_factor_t3b: 8

Active SRAM Storage per tile: 511 KiB
Total SRAM Storage per tile: 512 KiB
Agreggated SRAM Storage: 512 MiB

Active DRAM Storage per tile: 0.509766 MiB
Total DRAM Storage per tile: 8 MiB
Agreggated DRAM Storage: 8 GiB

Inter-Die #links: 1,024
Inter-Die (Gbits): 32,768
Inter-Die (Gbits/mm): 512.055
Bisection BW of Board (Gbits): 8,192
Border IO #Dies: 4
Border IO Die BW (Gbits): 4,096
Off-Board BW Total (Gbits): 16,384
Off-Board BW Density (Gbits/mm): 193
Die side: 16.00 mm
Die border wire density: 512.06 Gbits/mm
HBM wire density: 256.03 Gbits/mm

Tiles per Die: 1,024 (32x32)
Tile Area: 0.19 mm2, side: 0.44 mm
- Core/Rout Area: 0.05 mm2
- SRAM Area: 0.14 mm2
- SRAM/Logic Ratio: 2.80x

Dies per Package: 1 (1x1)
Die Area: 255.94 mm2, side: 16.00 mm
- Tiles Area: 199.45 mm2
- PHY Area: 47.49 mm2
- MC Area: 9.00 mm2

Packages per Board: 1 (1x1)
Package Area: 445.94 mm2, side: 21.12 mm
- IOdie Area: 80.00 mm2
- Dies Area: 255.94 mm2
- HBM Area: 110.00 mm2

Boards: 1 (1x1)
Board Area: 445.94 mm2
Total Area: 445.94 mm2



ESTIMATED COST OF SILICON AND PACKAGING. ONLY VARIABLE, NO FIXED COSTS
Good dies per wafer 3d: 127
Good dies per wafer 2d: 180
--Dies 3D Cost: 47.61 $
--Dies 2.5D Cost: 33.59 $
--Dies 2D Cost: 33.59 $
--HBM Cost: 60.00 $
--IOdie Cost: 8.44 $
--Packaging Cost 3d: 10.09 $
--Packaging Cost 2.5d: 18.06 $
--Packaging Cost 2d: 6.31 $
SiP Cost 3d: 126.14 $
SiP Cost 2.5d: 120.10 $
SiP Cost 2d: 48.34 $
--Board Cost: 0.45 $
Total SiPs Cost 3d: 126.59 $
Total SiPs Cost 2.5d: 120.54 $
Total SiPs Cost 2d: 48.79 $

Perf counters initialized
Mesh connected
Cache structures initialized
Replicas initialized
Allocated Frontier List
Dataset structures initialized


Starting Simulation
INIT epoch: 1
INIT epoch: 1
INIT epoch: 1
INIT epoch: 1
INIT epoch: 1
INIT epoch: 1
INIT epoch: 1
INIT epoch: 1

===PRINTING FRAME STATS

FCollision In Avg:-nan, SD:-nan, Max:222, Min:2
FCollision Out Avg:-nan, SD:-nan, Max:254, Min:36
FCollision End Avg:-nan, SD:-nan, Max:177, Min:0
FTask1 Avg:-nan, SD:-nan, Max:7, Min:0
FTask2 Avg:-nan, SD:-nan, Max:60, Min:0
FTask3 Avg:-nan, SD:-nan, Max:73, Min:28
FCore Active Avg:-nan, SD:-nan, Max:99, Min:37
FRouter Active Avg:-nan, SD:-nan, Max:84, Min:50
T1 invocations: 30,468
T2 invocations: 97,817
T3 invocations: 5,886,462
T3b invocations: 0
Total3 invocations: 5,886,462
Total4 invocations: 1,086

T3/T2 ratio: 60
T3b/T3 ratio: 0

T1 avg ex cycles: 60
T2 avg ex cycles: 161
T3&b avg ex cycles: 8
T4 avg ex cycles: 362
Avg. hops NOC1: 4
Avg. latency NOC1 (T2): 36,072
Avg. hops NOC2: 17
Avg. latency NOC2 (T3): 2,797

===PRINTING ACUM STATS at pu_cycles: 100,453

ACollision In Avg:-nan, SD:-nan, Max:222, Min:2
ACollision Out Avg:-nan, SD:-nan, Max:254, Min:36
ACollision End Avg:-nan, SD:-nan, Max:177, Min:0
ATask1 Avg:-nan, SD:-nan, Max:7, Min:0
ATask2 Avg:-nan, SD:-nan, Max:60, Min:0
ATask3 Avg:-nan, SD:-nan, Max:73, Min:28
ACore Active Avg:-nan, SD:-nan, Max:99, Min:37
ARouter Active Avg:-nan, SD:-nan, Max:84, Min:50
T1 invocations: 30,488
T2 invocations: 97,943
T3 invocations: 5,892,184
T3b invocations: 0
Total3 invocations: 5,892,184
Total4 invocations: 1,087

T3/T2 ratio: 60
T3b/T3 ratio: 0

T1 avg ex cycles: 60
T2 avg ex cycles: 161
T3&b avg ex cycles: 8
T4 avg ex cycles: 362
Avg. hops NOC1: 4
Avg. latency NOC1 (T2): 36,089
Avg. hops NOC2: 17
Avg. latency NOC2 (T3): 2,796
Number of K Nodes Processed: 1,175
Number of K Edges Processed: 6,128
Node Re-explore factor: 0.28
Edge Re-explore factor: 0.05
Nodes/cy: 12
Edges/cy: 61
TEPS: 1,277

---DCache---
DCache Size: 125,904
DRAM words: 133,760
  DHits: 11,674,182
  DMisses: 675,073
  DHit Rate (hit/miss): 95%
  DEvictions: 26,430
  DEviction Rate (evict/misses): 4%
  MC Transactions: 696,882
  MC Writes: 17,002
Avg. Transactions: 87% , Writes: 2%, Avg. Latency: 31
Max MC id: 7 of 8. Transactions: 90% , Writes: 2%, MC mean Latency: 34
HBM refresh energy (nJ): 0
HBM access energy (nJ): 1,320,173
MemC wire energy 2.5d (nJ): 628,925
MemC wire energy 3d (nJ): 157,231

---Energy---
Leakage Energy (nJ): 34,052
PU Dyn E (nJ): 395,908
Mem Dyn E (nJ): 3,411,118
Route Dyn E (nJ): 624,480
Dynamic Energy (nJ): 4,431,506
Ratio of Dyn/Leak: 130
Total Energy (nJ): 4,465,558
Total Energy (nJ) 3D: 4,214,952
Cores Energy (nJ): 396,188
Route Energy (nJ): 625,401
Route Energy (nJ) 3D: 846,489
Mem Energy   (nJ): 3,443,970
Mem Energy   (nJ) 3D: 2,972,276
Avg. Power (mW): 44,454.20
Power Density (mW/mm2): 99.69

---Runtime---
Runtime in K cycles: 100.45
Microseconds: 100.45
Time per iteration (ms): 0.10

---Throughput---
GOP/s (aka OPS/ns): 388.73
GOP/s per core: 0.38
GFLOP/s: 119.07
GFLOP/s per core: 0.12
Max Peak GFLOP/s: 1,024.00
Avg. BW GB/s: 2,329.39
Max BW GB/s: 4,096.00

---Traffic---
In-Die bisection_bytes BW (GB/s): 512.00
Inter-board traffic (msg/ns): 0.00, per-link: 0.00
Inter-pack traffic (msg/ns): 0.00, per-link: 0.00
Inter-die traffic (msg/ns): 0.00, per-link: 0.00
Ruche traffic (msg/ns): 0.00, per-link: 0.00
All traffic (msg/ns): 2,281.36, per-link: 2.23
Inter-die reduction wrt all: inf
Inter-board reduction wrt inter-die: -nan

---Data Movement---
All traffic (msg): 229,169,114
Arith. Intensity FLOP/Loads: 0.41
Arith. Intensity FLOP/Msgs: 0.05
Arith. Intensity OPS/Loads: 1.35
Arith. Intensity OPS/Msgs: 0.17



===Core Utilization Total=== CORE-S:1;; TIME K cy:100 ;; Nodes Proc: 148,280 -- Edges Proc: 834,118

===PRINTING FRAME STATS

FCollision In Avg:116, SD:34, Max:249, Min:6
FCollision Out Avg:127, SD:43, Max:270, Min:26
FCollision End Avg:43, SD:40, Max:189, Min:0
FTask1 Avg:2, SD:2, Max:10, Min:0
FTask2 Avg:22, SD:15, Max:66, Min:0
FTask3 Avg:36, SD:5, Max:68, Min:21
FCore Active Avg:60, SD:16, Max:100, Min:27
FRouter Active Avg:85, SD:4, Max:92, Min:56
T1 invocations: 42,017
T2 invocations: 150,734
T3 invocations: 9,122,243
T3b invocations: 0
Total3 invocations: 9,122,243
Total4 invocations: 247

T3/T2 ratio: 61
T3b/T3 ratio: 0

T1 avg ex cycles: 45
T2 avg ex cycles: 152
T3&b avg ex cycles: 4
T4 avg ex cycles: 565
Avg. hops NOC1: 2
Avg. latency NOC1 (T2): 44,208
Avg. hops NOC2: 17
Avg. latency NOC2 (T3): 2,265

===PRINTING ACUM STATS at pu_cycles: 200,684

ACollision In Avg:109, SD:29, Max:231, Min:5
ACollision Out Avg:127, SD:37, Max:259, Min:36
ACollision End Avg:41, SD:33, Max:168, Min:0
ATask1 Avg:2, SD:1, Max:8, Min:0
ATask2 Avg:19, SD:11, Max:59, Min:0
ATask3 Avg:40, SD:5, Max:68, Min:27
ACore Active Avg:61, SD:12, Max:94, Min:34
ARouter Active Avg:74, SD:4, Max:85, Min:64
T1 invocations: 72,693
T2 invocations: 249,731
T3 invocations: 15,041,858
T3b invocations: 0
Total3 invocations: 15,041,858
Total4 invocations: 1,336

T3/T2 ratio: 60
T3b/T3 ratio: 0

T1 avg ex cycles: 51
T2 avg ex cycles: 155
T3&b avg ex cycles: 5
T4 avg ex cycles: 399
Avg. hops NOC1: 3
Avg. latency NOC1 (T2): 40,992
Avg. hops NOC2: 17
Avg. latency NOC2 (T3): 2,475
Number of K Nodes Processed: 1,878
Number of K Edges Processed: 15,275
Node Re-explore factor: 0.45
Edge Re-explore factor: 0.12
Nodes/cy: 9
Edges/cy: 76
TEPS: 639

---DCache---
DCache Size: 125,904
DRAM words: 133,760
  DHits: 28,305,061
  DMisses: 1,292,251
  DHit Rate (hit/miss): 96%
  DEvictions: 80,534
  DEviction Rate (evict/misses): 6%
  MC Transactions: 1,347,191
  MC Writes: 48,150
Avg. Transactions: 84% , Writes: 3%, Avg. Latency: 26
Max MC id: 5 of 8. Transactions: 88% , Writes: 3%, MC mean Latency: 25
HBM refresh energy (nJ): 0
HBM access energy (nJ): 2,552,118
MemC wire energy 2.5d (nJ): 1,215,819
MemC wire energy 3d (nJ): 303,955

---Energy---
Leakage Energy (nJ): 68,029
PU Dyn E (nJ): 943,353
Mem Dyn E (nJ): 7,249,307
Route Dyn E (nJ): 1,570,054
Dynamic Energy (nJ): 9,762,714
Ratio of Dyn/Leak: 144
Total Energy (nJ): 9,830,743
Total Energy (nJ) 3D: 9,474,735
Cores Energy (nJ): 943,912
Route Energy (nJ): 1,571,893
Route Energy (nJ) 3D: 2,127,749
Mem Energy   (nJ): 7,314,938
Mem Energy   (nJ) 3D: 6,403,074
Avg. Power (mW): 48,986.18
Power Density (mW/mm2): 109.85

---Runtime---
Runtime in K cycles: 200.68
Microseconds: 200.68
Time per iteration (ms): 0.20

---Throughput---
GOP/s (aka OPS/ns): 427.77
GOP/s per core: 0.42
GFLOP/s: 150.98
GFLOP/s per core: 0.15
Max Peak GFLOP/s: 1,024.00
Avg. BW GB/s: 2,773.11
Max BW GB/s: 4,096.00

---Traffic---
In-Die bisection_bytes BW (GB/s): 512.00
Inter-board traffic (msg/ns): 0.00, per-link: 0.00
Inter-pack traffic (msg/ns): 0.00, per-link: 0.00
Inter-die traffic (msg/ns): 0.00, per-link: 0.00
Ruche traffic (msg/ns): 0.00, per-link: 0.00
All traffic (msg/ns): 2,806.78, per-link: 2.74
Inter-die reduction wrt all: inf
Inter-board reduction wrt inter-die: -nan

---Data Movement---
All traffic (msg): 563,276,567
Arith. Intensity FLOP/Loads: 0.44
Arith. Intensity FLOP/Msgs: 0.05
Arith. Intensity OPS/Loads: 1.24
Arith. Intensity OPS/Msgs: 0.15



===Core Utilization Total=== CORE-S:2;; TIME K cy:200 ;; Nodes Proc: 235,191 -- Edges Proc: 1,917,846

===PRINTING FRAME STATS

FCollision In Avg:119, SD:33, Max:285, Min:9
FCollision Out Avg:124, SD:45, Max:267, Min:23
FCollision End Avg:41, SD:40, Max:176, Min:0
FTask1 Avg:2, SD:2, Max:12, Min:0
FTask2 Avg:23, SD:15, Max:66, Min:0
FTask3 Avg:33, SD:5, Max:52, Min:20
FCore Active Avg:58, SD:16, Max:98, Min:20
FRouter Active Avg:86, SD:3, Max:93, Min:76
T1 invocations: 52,336
T2 invocations: 163,372
T3 invocations: 9,431,909
T3b invocations: 0
Total3 invocations: 9,431,909
Total4 invocations: 394

T3/T2 ratio: 58
T3b/T3 ratio: 0

T1 avg ex cycles: 41
T2 avg ex cycles: 141
T3&b avg ex cycles: 4
T4 avg ex cycles: 561
Avg. hops NOC1: 2
Avg. latency NOC1 (T2): 40,316
Avg. hops NOC2: 17
Avg. latency NOC2 (T3): 2,000

===PRINTING ACUM STATS at pu_cycles: 300,525

ACollision In Avg:112, SD:27, Max:244, Min:13
ACollision Out Avg:126, SD:36, Max:259, Min:37
ACollision End Avg:41, SD:32, Max:171, Min:0
ATask1 Avg:2, SD:1, Max:8, Min:0
ATask2 Avg:20, SD:11, Max:54, Min:0
ATask3 Avg:38, SD:4, Max:62, Min:28
ACore Active Avg:60, SD:11, Max:93, Min:32
ARouter Active Avg:78, SD:3, Max:84, Min:66
T1 invocations: 124,539
T2 invocations: 411,681
T3 invocations: 24,413,347
T3b invocations: 0
Total3 invocations: 24,413,347
Total4 invocations: 1,725

T3/T2 ratio: 59
T3b/T3 ratio: 0

T1 avg ex cycles: 47
T2 avg ex cycles: 150
T3&b avg ex cycles: 5
T4 avg ex cycles: 436
Avg. hops NOC1: 3
Avg. latency NOC1 (T2): 40,756
Avg. hops NOC2: 17
Avg. latency NOC2 (T3): 2,289
Number of K Nodes Processed: 2,276
Number of K Edges Processed: 24,668
Node Re-explore factor: 0.54
Edge Re-explore factor: 0.19
Nodes/cy: 8
Edges/cy: 82
TEPS: 427

---DCache---
DCache Size: 125,904
DRAM words: 133,760
  DHits: 45,245,054
  DMisses: 1,907,635
  DHit Rate (hit/miss): 96%
  DEvictions: 132,311
  DEviction Rate (evict/misses): 7%
  MC Transactions: 1,992,963
  MC Writes: 76,563
Avg. Transactions: 83% , Writes: 3%, Avg. Latency: 24
Max MC id: 5 of 8. Transactions: 85% , Writes: 3%, MC mean Latency: 24
HBM refresh energy (nJ): 0
HBM access energy (nJ): 3,775,469
MemC wire energy 2.5d (nJ): 1,798,619
MemC wire energy 3d (nJ): 449,655

---Energy---
Leakage Energy (nJ): 101,874
PU Dyn E (nJ): 1,487,607
Mem Dyn E (nJ): 11,060,129
Route Dyn E (nJ): 2,525,323
Dynamic Energy (nJ): 15,073,060
Ratio of Dyn/Leak: 148
Total Energy (nJ): 15,174,934
Total Energy (nJ) 3D: 14,720,026
Cores Energy (nJ): 1,488,444
Route Energy (nJ): 2,528,077
Route Energy (nJ) 3D: 3,422,134
Mem Energy   (nJ): 11,158,412
Mem Energy   (nJ) 3D: 9,809,448
Avg. Power (mW): 50,494.75
Power Density (mW/mm2): 113.23

---Runtime---
Runtime in K cycles: 300.52
Microseconds: 300.52
Time per iteration (ms): 0.30

---Throughput---
GOP/s (aka OPS/ns): 434.74
GOP/s per core: 0.42
GFLOP/s: 162.92
GFLOP/s per core: 0.16
Max Peak GFLOP/s: 1,024.00
Avg. BW GB/s: 2,911.93
Max BW GB/s: 4,096.00

---Traffic---
In-Die bisection_bytes BW (GB/s): 512.00
Inter-board traffic (msg/ns): 0.00, per-link: 0.00
Inter-pack traffic (msg/ns): 0.00, per-link: 0.00
Inter-die traffic (msg/ns): 0.00, per-link: 0.00
Ruche traffic (msg/ns): 0.00, per-link: 0.00
All traffic (msg/ns): 2,997.16, per-link: 2.93
Inter-die reduction wrt all: inf
Inter-board reduction wrt inter-die: -nan

---Data Movement---
All traffic (msg): 900,721,861
Arith. Intensity FLOP/Loads: 0.45
Arith. Intensity FLOP/Msgs: 0.05
Arith. Intensity OPS/Loads: 1.20
Arith. Intensity OPS/Msgs: 0.15



===Core Utilization Total=== CORE-S:3;; TIME K cy:300 ;; Nodes Proc: 284,913 -- Edges Proc: 3,043,120

===PRINTING FRAME STATS

FCollision In Avg:115, SD:29, Max:267, Min:11
FCollision Out Avg:117, SD:44, Max:265, Min:15
FCollision End Avg:37, SD:38, Max:170, Min:0
FTask1 Avg:3, SD:3, Max:15, Min:0
FTask2 Avg:23, SD:15, Max:67, Min:0
FTask3 Avg:32, SD:5, Max:57, Min:20
FCore Active Avg:58, SD:16, Max:100, Min:24
FRouter Active Avg:88, SD:3, Max:94, Min:80
T1 invocations: 70,754
T2 invocations: 184,778
T3 invocations: 9,756,432
T3b invocations: 0
Total3 invocations: 9,756,432
Total4 invocations: 717

T3/T2 ratio: 53
T3b/T3 ratio: 0

T1 avg ex cycles: 38
T2 avg ex cycles: 128
T3&b avg ex cycles: 3
T4 avg ex cycles: 559
Avg. hops NOC1: 2
Avg. latency NOC1 (T2): 34,618
Avg. hops NOC2: 17
Avg. latency NOC2 (T3): 1,812

===PRINTING ACUM STATS at pu_cycles: 400,451

ACollision In Avg:113, SD:24, Max:245, Min:25
ACollision Out Avg:124, SD:34, Max:261, Min:36
ACollision End Avg:40, SD:30, Max:159, Min:0
ATask1 Avg:2, SD:1, Max:10, Min:0
ATask2 Avg:21, SD:10, Max:51, Min:0
ATask3 Avg:36, SD:4, Max:59, Min:27
ACore Active Avg:60, SD:11, Max:91, Min:31
ARouter Active Avg:81, SD:2, Max:85, Min:75
T1 invocations: 195,326
T2 invocations: 597,191
T3 invocations: 34,157,074
T3b invocations: 0
Total3 invocations: 34,157,074
Total4 invocations: 2,446

T3/T2 ratio: 57
T3b/T3 ratio: 0

T1 avg ex cycles: 44
T2 avg ex cycles: 143
T3&b avg ex cycles: 4
T4 avg ex cycles: 472
Avg. hops NOC1: 3
Avg. latency NOC1 (T2): 38,822
Avg. hops NOC2: 17
Avg. latency NOC2 (T3): 2,154
Number of K Nodes Processed: 2,547
Number of K Edges Processed: 34,438
Node Re-explore factor: 0.61
Edge Re-explore factor: 0.27
Nodes/cy: 6
Edges/cy: 86
TEPS: 320

---DCache---
DCache Size: 125,904
DRAM words: 133,760
  DHits: 62,670,461
  DMisses: 2,541,817
  DHit Rate (hit/miss): 96%
  DEvictions: 187,810
  DEviction Rate (evict/misses): 7%
  MC Transactions: 2,657,357
  MC Writes: 104,701
Avg. Transactions: 83% , Writes: 3%, Avg. Latency: 23
Max MC id: 5 of 8. Transactions: 84% , Writes: 3%, MC mean Latency: 23
HBM refresh energy (nJ): 1
HBM access energy (nJ): 5,034,097
MemC wire energy 2.5d (nJ): 2,398,224
MemC wire energy 3d (nJ): 599,556

---Energy---
Leakage Energy (nJ): 135,747
PU Dyn E (nJ): 2,053,821
Mem Dyn E (nJ): 14,989,354
Route Dyn E (nJ): 3,538,621
Dynamic Energy (nJ): 20,581,796
Ratio of Dyn/Leak: 152
Total Energy (nJ): 20,717,543
Total Energy (nJ) 3D: 20,171,676
Cores Energy (nJ): 2,054,936
Route Energy (nJ): 3,542,290
Route Energy (nJ) 3D: 4,795,091
Mem Energy   (nJ): 15,120,318
Mem Energy   (nJ) 3D: 13,321,650
Avg. Power (mW): 51,735.53
Power Density (mW/mm2): 116.01

---Runtime---
Runtime in K cycles: 400.45
Microseconds: 400.45
Time per iteration (ms): 0.40

---Throughput---
GOP/s (aka OPS/ns): 441.34
GOP/s per core: 0.43
GFLOP/s: 171.07
GFLOP/s per core: 0.17
Max Peak GFLOP/s: 1,024.00
Avg. BW GB/s: 3,007.85
Max BW GB/s: 4,096.00

---Traffic---
In-Die bisection_bytes BW (GB/s): 512.00
Inter-board traffic (msg/ns): 0.00, per-link: 0.00
Inter-pack traffic (msg/ns): 0.00, per-link: 0.00
Inter-die traffic (msg/ns): 0.00, per-link: 0.00
Ruche traffic (msg/ns): 0.00, per-link: 0.00
All traffic (msg/ns): 3,140.54, per-link: 3.07
Inter-die reduction wrt all: inf
Inter-board reduction wrt inter-die: -nan

---Data Movement---
All traffic (msg): 1,257,632,352
Arith. Intensity FLOP/Loads: 0.46
Arith. Intensity FLOP/Msgs: 0.05
Arith. Intensity OPS/Loads: 1.18
Arith. Intensity OPS/Msgs: 0.14



===Core Utilization Total=== CORE-S:4;; TIME K cy:400 ;; Nodes Proc: 318,524 -- Edges Proc: 4,253,489

===PRINTING FRAME STATS

FCollision In Avg:111, SD:26, Max:212, Min:11
FCollision Out Avg:111, SD:42, Max:270, Min:23
FCollision End Avg:34, SD:35, Max:200, Min:0
FTask1 Avg:3, SD:3, Max:20, Min:0
FTask2 Avg:24, SD:15, Max:68, Min:0
FTask3 Avg:33, SD:5, Max:62, Min:20
FCore Active Avg:61, SD:16, Max:100, Min:25
FRouter Active Avg:89, SD:2, Max:94, Min:82
T1 invocations: 92,610
T2 invocations: 210,304
T3 invocations: 10,276,023
T3b invocations: 0
Total3 invocations: 10,276,023
Total4 invocations: 1,105

T3/T2 ratio: 49
T3b/T3 ratio: 0

T1 avg ex cycles: 35
T2 avg ex cycles: 115
T3&b avg ex cycles: 3
T4 avg ex cycles: 557
Avg. hops NOC1: 2
Avg. latency NOC1 (T2): 28,833
Avg. hops NOC2: 17
Avg. latency NOC2 (T3): 1,810

===PRINTING ACUM STATS at pu_cycles: 500,756

ACollision In Avg:112, SD:21, Max:218, Min:28
ACollision Out Avg:121, SD:32, Max:261, Min:40
ACollision End Avg:39, SD:27, Max:138, Min:0
ATask1 Avg:2, SD:1, Max:11, Min:0
ATask2 Avg:21, SD:10, Max:49, Min:0
ATask3 Avg:36, SD:4, Max:58, Min:26
ACore Active Avg:60, SD:10, Max:90, Min:30
ARouter Active Avg:82, SD:2, Max:86, Min:75
T1 invocations: 287,112
T2 invocations: 805,483
T3 invocations: 44,356,920
T3b invocations: 0
Total3 invocations: 44,356,920
Total4 invocations: 3,543

T3/T2 ratio: 55
T3b/T3 ratio: 0

T1 avg ex cycles: 41
T2 avg ex cycles: 136
T3&b avg ex cycles: 4
T4 avg ex cycles: 498
Avg. hops NOC1: 2
Avg. latency NOC1 (T2): 36,250
Avg. hops NOC2: 17
Avg. latency NOC2 (T3): 2,076
Number of K Nodes Processed: 2,761
Number of K Edges Processed: 44,731
Node Re-explore factor: 0.66
Edge Re-explore factor: 0.35
Nodes/cy: 6
Edges/cy: 89
TEPS: 256

---DCache---
DCache Size: 125,904
DRAM words: 133,760
  DHits: 80,898,557
  DMisses: 3,191,622
  DHit Rate (hit/miss): 96%
  DEvictions: 242,786
  DEviction Rate (evict/misses): 8%
  MC Transactions: 3,336,119
  MC Writes: 131,369
Avg. Transactions: 83% , Writes: 3%, Avg. Latency: 22
Max MC id: 3 of 8. Transactions: 84% , Writes: 4%, MC mean Latency: 22
HBM refresh energy (nJ): 1
HBM access energy (nJ): 6,319,943
MemC wire energy 2.5d (nJ): 3,010,797
MemC wire energy 3d (nJ): 752,699

---Energy---
Leakage Energy (nJ): 169,749
PU Dyn E (nJ): 2,644,476
Mem Dyn E (nJ): 19,041,083
Route Dyn E (nJ): 4,590,083
Dynamic Energy (nJ): 26,275,642
Ratio of Dyn/Leak: 155
Total Energy (nJ): 26,445,391
Total Energy (nJ) 3D: 25,812,350
Cores Energy (nJ): 2,645,870
Route Energy (nJ): 4,594,671
Route Energy (nJ) 3D: 6,219,728
Mem Energy   (nJ): 19,204,850
Mem Energy   (nJ) 3D: 16,946,753
Avg. Power (mW): 52,810.93
Power Density (mW/mm2): 118.42

---Runtime---
Runtime in K cycles: 500.76
Microseconds: 500.76
Time per iteration (ms): 0.50

---Throughput---
GOP/s (aka OPS/ns): 449.16
GOP/s per core: 0.44
GFLOP/s: 177.47
GFLOP/s per core: 0.17
Max Peak GFLOP/s: 1,024.00
Avg. BW GB/s: 3,088.59
Max BW GB/s: 4,096.00

---Traffic---
In-Die bisection_bytes BW (GB/s): 512.00
Inter-board traffic (msg/ns): 0.00, per-link: 0.00
Inter-pack traffic (msg/ns): 0.00, per-link: 0.00
Inter-die traffic (msg/ns): 0.00, per-link: 0.00
Ruche traffic (msg/ns): 0.00, per-link: 0.00
All traffic (msg/ns): 3,250.80, per-link: 3.17
Inter-die reduction wrt all: inf
Inter-board reduction wrt inter-die: -nan

---Data Movement---
All traffic (msg): 1,627,859,482
Arith. Intensity FLOP/Loads: 0.46
Arith. Intensity FLOP/Msgs: 0.05
Arith. Intensity OPS/Loads: 1.17
Arith. Intensity OPS/Msgs: 0.14



===Core Utilization Total=== CORE-S:5;; TIME K cy:500 ;; Nodes Proc: 345,193 -- Edges Proc: 5,543,705

===PRINTING FRAME STATS

FCollision In Avg:107, SD:25, Max:210, Min:11
FCollision Out Avg:103, SD:42, Max:201, Min:17
FCollision End Avg:31, SD:34, Max:140, Min:0
FTask1 Avg:4, SD:4, Max:20, Min:0
FTask2 Avg:24, SD:15, Max:68, Min:0
FTask3 Avg:33, SD:5, Max:60, Min:23
FCore Active Avg:62, SD:16, Max:100, Min:25
FRouter Active Avg:90, SD:2, Max:94, Min:84
T1 invocations: 120,331
T2 invocations: 240,026
T3 invocations: 10,563,805
T3b invocations: 0
Total3 invocations: 10,563,805
Total4 invocations: 1,577

T3/T2 ratio: 44
T3b/T3 ratio: 0

T1 avg ex cycles: 33
T2 avg ex cycles: 102
T3&b avg ex cycles: 3
T4 avg ex cycles: 555
Avg. hops NOC1: 2
Avg. latency NOC1 (T2): 23,554
Avg. hops NOC2: 17
Avg. latency NOC2 (T3): 1,814

===PRINTING ACUM STATS at pu_cycles: 600,899

ACollision In Avg:111, SD:19, Max:209, Min:39
ACollision Out Avg:118, SD:30, Max:249, Min:42
ACollision End Avg:38, SD:24, Max:131, Min:0
ATask1 Avg:3, SD:2, Max:9, Min:0
ATask2 Avg:22, SD:9, Max:45, Min:0
ATask3 Avg:35, SD:4, Max:57, Min:25
ACore Active Avg:60, SD:10, Max:90, Min:31
ARouter Active Avg:84, SD:1, Max:87, Min:80
T1 invocations: 409,125
T2 invocations: 1,049,736
T3 invocations: 55,081,319
T3b invocations: 0
Total3 invocations: 55,081,319
Total4 invocations: 5,145

T3/T2 ratio: 52
T3b/T3 ratio: 0

T1 avg ex cycles: 39
T2 avg ex cycles: 128
T3&b avg ex cycles: 4
T4 avg ex cycles: 516
Avg. hops NOC1: 2
Avg. latency NOC1 (T2): 33,314
Avg. hops NOC2: 17
Avg. latency NOC2 (T3): 2,024
Number of K Nodes Processed: 2,927
Number of K Edges Processed: 55,326
Node Re-explore factor: 0.70
Edge Re-explore factor: 0.43
Nodes/cy: 5
Edges/cy: 92
TEPS: 214

---DCache---
DCache Size: 125,904
DRAM words: 133,760
  DHits: 99,548,041
  DMisses: 3,853,077
  DHit Rate (hit/miss): 96%
  DEvictions: 304,539
  DEviction Rate (evict/misses): 8%
  MC Transactions: 4,027,577
  MC Writes: 158,776
Avg. Transactions: 84% , Writes: 3%, Avg. Latency: 22
Max MC id: 0 of 8. Transactions: 85% , Writes: 3%, MC mean Latency: 23
HBM refresh energy (nJ): 1
HBM access energy (nJ): 7,629,841
MemC wire energy 2.5d (nJ): 3,634,827
MemC wire energy 3d (nJ): 908,707

---Energy---
Leakage Energy (nJ): 203,696
PU Dyn E (nJ): 3,269,709
Mem Dyn E (nJ): 23,230,832
Route Dyn E (nJ): 5,695,397
Dynamic Energy (nJ): 32,195,939
Ratio of Dyn/Leak: 158
Total Energy (nJ): 32,399,635
Total Energy (nJ) 3D: 31,689,892
Cores Energy (nJ): 3,271,382
Route Energy (nJ): 5,700,903
Route Energy (nJ) 3D: 7,717,280
Mem Energy   (nJ): 23,427,351
Mem Energy   (nJ) 3D: 20,701,230
Avg. Power (mW): 53,918.60
Power Density (mW/mm2): 120.91

---Runtime---
Runtime in K cycles: 600.90
Microseconds: 600.90
Time per iteration (ms): 0.60

---Throughput---
GOP/s (aka OPS/ns): 459.66
GOP/s per core: 0.45
GFLOP/s: 183.65
GFLOP/s per core: 0.18
Max Peak GFLOP/s: 1,024.00
Avg. BW GB/s: 3,173.24
Max BW GB/s: 4,096.00

---Traffic---
In-Die bisection_bytes BW (GB/s): 512.00
Inter-board traffic (msg/ns): 0.00, per-link: 0.00
Inter-pack traffic (msg/ns): 0.00, per-link: 0.00
Inter-die traffic (msg/ns): 0.00, per-link: 0.00
Ruche traffic (msg/ns): 0.00, per-link: 0.00
All traffic (msg/ns): 3,355.64, per-link: 3.28
Inter-die reduction wrt all: inf
Inter-board reduction wrt inter-die: -nan

---Data Movement---
All traffic (msg): 2,016,400,169
Arith. Intensity FLOP/Loads: 0.47
Arith. Intensity FLOP/Msgs: 0.05
Arith. Intensity OPS/Loads: 1.16
Arith. Intensity OPS/Msgs: 0.14



===Core Utilization Total=== CORE-S:6;; TIME K cy:600 ;; Nodes Proc: 365,972 -- Edges Proc: 6,857,036

===PRINTING FRAME STATS

FCollision In Avg:106, SD:24, Max:251, Min:9
FCollision Out Avg:101, SD:40, Max:186, Min:22
FCollision End Avg:29, SD:33, Max:112, Min:0
FTask1 Avg:5, SD:4, Max:25, Min:0
FTask2 Avg:23, SD:14, Max:69, Min:0
FTask3 Avg:33, SD:6, Max:63, Min:21
FCore Active Avg:63, SD:16, Max:100, Min:25
FRouter Active Avg:90, SD:3, Max:179, Min:85
T1 invocations: 145,610
T2 invocations: 264,251
T3 invocations: 10,683,058
T3b invocations: 0
Total3 invocations: 10,683,058
Total4 invocations: 1,995

T3/T2 ratio: 40
T3b/T3 ratio: 0

T1 avg ex cycles: 32
T2 avg ex cycles: 91
T3&b avg ex cycles: 3
T4 avg ex cycles: 553
Avg. hops NOC1: 2
Avg. latency NOC1 (T2): 20,070
Avg. hops NOC2: 17
Avg. latency NOC2 (T3): 1,722

===PRINTING ACUM STATS at pu_cycles: 700,641

ACollision In Avg:111, SD:17, Max:206, Min:45
ACollision Out Avg:116, SD:28, Max:238, Min:43
ACollision End Avg:36, SD:22, Max:119, Min:0
ATask1 Avg:3, SD:2, Max:11, Min:0
ATask2 Avg:22, SD:8, Max:43, Min:0
ATask3 Avg:35, SD:4, Max:56, Min:25
ACore Active Avg:60, SD:10, Max:91, Min:32
ARouter Active Avg:85, SD:1, Max:98, Min:80
T1 invocations: 548,438
T2 invocations: 1,300,432
T3 invocations: 65,241,880
T3b invocations: 0
Total3 invocations: 65,241,880
Total4 invocations: 7,054

T3/T2 ratio: 50
T3b/T3 ratio: 0

T1 avg ex cycles: 37
T2 avg ex cycles: 121
T3&b avg ex cycles: 4
T4 avg ex cycles: 526
Avg. hops NOC1: 2
Avg. latency NOC1 (T2): 30,721
Avg. hops NOC2: 17
Avg. latency NOC2 (T3): 1,976
Number of K Nodes Processed: 3,060
Number of K Edges Processed: 65,968
Node Re-explore factor: 0.73
Edge Re-explore factor: 0.51
Nodes/cy: 4
Edges/cy: 94
TEPS: 183

---DCache---
DCache Size: 125,904
DRAM words: 133,760
  DHits: 118,379,080
  DMisses: 4,491,238
  DHit Rate (hit/miss): 96%
  DEvictions: 377,900
  DEviction Rate (evict/misses): 8%
  MC Transactions: 4,697,801
  MC Writes: 188,528
Avg. Transactions: 84% , Writes: 3%, Avg. Latency: 21
Max MC id: 0 of 8. Transactions: 85% , Writes: 4%, MC mean Latency: 22
HBM refresh energy (nJ): 2
HBM access energy (nJ): 8,899,514
MemC wire energy 2.5d (nJ): 4,239,694
MemC wire energy 3d (nJ): 1,059,923

---Energy---
Leakage Energy (nJ): 237,507
PU Dyn E (nJ): 3,862,154
Mem Dyn E (nJ): 27,257,756
Route Dyn E (nJ): 6,742,318
Dynamic Energy (nJ): 37,862,228
Ratio of Dyn/Leak: 159
Total Energy (nJ): 38,099,735
Total Energy (nJ) 3D: 37,306,990
Cores Energy (nJ): 3,864,104
Route Energy (nJ): 6,748,738
Route Energy (nJ) 3D: 9,135,763
Mem Energy   (nJ): 27,486,893
Mem Energy   (nJ) 3D: 24,307,123
Avg. Power (mW): 54,378.40
Power Density (mW/mm2): 121.94

---Runtime---
Runtime in K cycles: 700.64
Microseconds: 700.64
Time per iteration (ms): 0.70

---Throughput---
GOP/s (aka OPS/ns): 464.32
GOP/s per core: 0.45
GFLOP/s: 186.37
GFLOP/s per core: 0.18
Max Peak GFLOP/s: 1,024.00
Avg. BW GB/s: 3,206.44
Max BW GB/s: 4,096.00

---Traffic---
In-Die bisection_bytes BW (GB/s): 512.00
Inter-board traffic (msg/ns): 0.00, per-link: 0.00
Inter-pack traffic (msg/ns): 0.00, per-link: 0.00
Inter-die traffic (msg/ns): 0.00, per-link: 0.00
Ruche traffic (msg/ns): 0.00, per-link: 0.00
All traffic (msg/ns): 3,404.00, per-link: 3.32
Inter-die reduction wrt all: inf
Inter-board reduction wrt inter-die: -nan

---Data Movement---
All traffic (msg): 2,384,982,780
Arith. Intensity FLOP/Loads: 0.47
Arith. Intensity FLOP/Msgs: 0.05
Arith. Intensity OPS/Loads: 1.16
Arith. Intensity OPS/Msgs: 0.14



===Core Utilization Total=== CORE-S:7;; TIME K cy:700 ;; Nodes Proc: 382,632 -- Edges Proc: 8,174,003

===PRINTING FRAME STATS

FCollision In Avg:104, SD:23, Max:206, Min:11
FCollision Out Avg:98, SD:40, Max:170, Min:14
FCollision End Avg:28, SD:32, Max:102, Min:0
FTask1 Avg:5, SD:5, Max:28, Min:0
FTask2 Avg:23, SD:14, Max:77, Min:0
FTask3 Avg:33, SD:6, Max:67, Min:21
FCore Active Avg:63, SD:15, Max:100, Min:25
FRouter Active Avg:91, SD:2, Max:96, Min:85
T1 invocations: 172,563
T2 invocations: 289,738
T3 invocations: 10,743,375
T3b invocations: 0
Total3 invocations: 10,743,375
Total4 invocations: 2,602

T3/T2 ratio: 37
T3b/T3 ratio: 0

T1 avg ex cycles: 31
T2 avg ex cycles: 81
T3&b avg ex cycles: 3
T4 avg ex cycles: 522
Avg. hops NOC1: 2
Avg. latency NOC1 (T2): 17,371
Avg. hops NOC2: 17
Avg. latency NOC2 (T3): 1,701

===PRINTING ACUM STATS at pu_cycles: 800,636

ACollision In Avg:110, SD:16, Max:205, Min:50
ACollision Out Avg:113, SD:27, Max:228, Min:49
ACollision End Avg:35, SD:20, Max:104, Min:0
ATask1 Avg:3, SD:2, Max:10, Min:0
ATask2 Avg:22, SD:8, Max:41, Min:0
ATask3 Avg:35, SD:5, Max:57, Min:25
ACore Active Avg:61, SD:9, Max:90, Min:31
ARouter Active Avg:85, SD:1, Max:97, Min:81
T1 invocations: 725,172
T2 invocations: 1,601,874
T3 invocations: 76,355,521
T3b invocations: 0
Total3 invocations: 76,355,521
Total4 invocations: 9,728

T3/T2 ratio: 48
T3b/T3 ratio: 0

T1 avg ex cycles: 36
T2 avg ex cycles: 113
T3&b avg ex cycles: 4
T4 avg ex cycles: 525
Avg. hops NOC1: 2
Avg. latency NOC1 (T2): 28,253
Avg. hops NOC2: 17
Avg. latency NOC2 (T3): 1,935
Number of K Nodes Processed: 3,170
Number of K Edges Processed: 76,728
Node Re-explore factor: 0.76
Edge Re-explore factor: 0.60
Nodes/cy: 4
Edges/cy: 96
TEPS: 160

---DCache---
DCache Size: 125,904
DRAM words: 133,760
  DHits: 137,368,437
  DMisses: 5,121,741
  DHit Rate (hit/miss): 96%
  DEvictions: 451,756
  DEviction Rate (evict/misses): 9%
  MC Transactions: 5,357,804
  MC Writes: 215,594
Avg. Transactions: 84% , Writes: 3%, Avg. Latency: 21
Max MC id: 0 of 8. Transactions: 85% , Writes: 4%, MC mean Latency: 21
HBM refresh energy (nJ): 2
HBM access energy (nJ): 10,149,823
MemC wire energy 2.5d (nJ): 4,835,336
MemC wire energy 3d (nJ): 1,208,834

---Energy---
Leakage Energy (nJ): 271,404
PU Dyn E (nJ): 4,517,875
Mem Dyn E (nJ): 31,438,886
Route Dyn E (nJ): 7,895,741
Dynamic Energy (nJ): 43,852,502
Ratio of Dyn/Leak: 162
Total Energy (nJ): 44,123,906
Total Energy (nJ) 3D: 43,292,783
Cores Energy (nJ): 4,520,104
Route Energy (nJ): 7,903,077
Route Energy (nJ) 3D: 10,698,457
Mem Energy   (nJ): 31,700,726
Mem Energy   (nJ) 3D: 28,074,223
Avg. Power (mW): 55,111.07
Power Density (mW/mm2): 123.58

---Runtime---
Runtime in K cycles: 800.64
Microseconds: 800.64
Time per iteration (ms): 0.80

---Throughput---
GOP/s (aka OPS/ns): 474.69
GOP/s per core: 0.46
GFLOP/s: 190.94
GFLOP/s per core: 0.19
Max Peak GFLOP/s: 1,024.00
Avg. BW GB/s: 3,273.40
Max BW GB/s: 4,096.00

---Traffic---
In-Die bisection_bytes BW (GB/s): 512.00
Inter-board traffic (msg/ns): 0.00, per-link: 0.00
Inter-pack traffic (msg/ns): 0.00, per-link: 0.00
Inter-die traffic (msg/ns): 0.00, per-link: 0.00
Ruche traffic (msg/ns): 0.00, per-link: 0.00
All traffic (msg/ns): 3,482.72, per-link: 3.40
Inter-die reduction wrt all: inf
Inter-board reduction wrt inter-die: -nan

---Data Movement---
All traffic (msg): 2,788,388,370
Arith. Intensity FLOP/Loads: 0.47
Arith. Intensity FLOP/Msgs: 0.05
Arith. Intensity OPS/Loads: 1.16
Arith. Intensity OPS/Msgs: 0.14



===Core Utilization Total=== CORE-S:8;; TIME K cy:800 ;; Nodes Proc: 396,098 -- Edges Proc: 9,554,778

===PRINTING FRAME STATS

FCollision In Avg:102, SD:22, Max:202, Min:12
FCollision Out Avg:95, SD:40, Max:173, Min:19
FCollision End Avg:28, SD:31, Max:100, Min:0
FTask1 Avg:6, SD:5, Max:28, Min:0
FTask2 Avg:23, SD:13, Max:69, Min:0
FTask3 Avg:34, SD:6, Max:66, Min:20
FCore Active Avg:64, SD:15, Max:100, Min:27
FRouter Active Avg:91, SD:2, Max:95, Min:85
T1 invocations: 202,042
T2 invocations: 319,152
T3 invocations: 10,874,844
T3b invocations: 0
Total3 invocations: 10,874,844
Total4 invocations: 3,404

T3/T2 ratio: 34
T3b/T3 ratio: 0

T1 avg ex cycles: 31
T2 avg ex cycles: 74
T3&b avg ex cycles: 3
T4 avg ex cycles: 472
Avg. hops NOC1: 2
Avg. latency NOC1 (T2): 15,478
Avg. hops NOC2: 17
Avg. latency NOC2 (T3): 1,711

===PRINTING ACUM STATS at pu_cycles: 900,908

ACollision In Avg:109, SD:15, Max:194, Min:56
ACollision Out Avg:111, SD:25, Max:220, Min:50
ACollision End Avg:34, SD:18, Max:96, Min:0
ATask1 Avg:3, SD:2, Max:9, Min:0
ATask2 Avg:22, SD:7, Max:39, Min:0
ATask3 Avg:35, SD:5, Max:57, Min:24
ACore Active Avg:61, SD:9, Max:88, Min:31
ARouter Active Avg:86, SD:1, Max:97, Min:82
T1 invocations: 931,564
T2 invocations: 1,925,714
T3 invocations: 87,366,537
T3b invocations: 0
Total3 invocations: 87,366,537
Total4 invocations: 13,202

T3/T2 ratio: 45
T3b/T3 ratio: 0

T1 avg ex cycles: 35
T2 avg ex cycles: 107
T3&b avg ex cycles: 4
T4 avg ex cycles: 511
Avg. hops NOC1: 2
Avg. latency NOC1 (T2): 26,092
Avg. hops NOC2: 17
Avg. latency NOC2 (T3): 1,908
Number of K Nodes Processed: 3,266
Number of K Edges Processed: 87,622
Node Re-explore factor: 0.78
Edge Re-explore factor: 0.68
Nodes/cy: 4
Edges/cy: 97
TEPS: 142

---DCache---
DCache Size: 125,904
DRAM words: 133,760
  DHits: 156,644,817
  DMisses: 5,752,820
  DHit Rate (hit/miss): 96%
  DEvictions: 535,599
  DEviction Rate (evict/misses): 9%
  MC Transactions: 6,020,841
  MC Writes: 245,035
Avg. Transactions: 84% , Writes: 3%, Avg. Latency: 20
Max MC id: 0 of 8. Transactions: 84% , Writes: 4%, MC mean Latency: 21
HBM refresh energy (nJ): 2
HBM access energy (nJ): 11,405,881
MemC wire energy 2.5d (nJ): 5,433,717
MemC wire energy 3d (nJ): 1,358,429

---Energy---
Leakage Energy (nJ): 305,395
PU Dyn E (nJ): 5,171,872
Mem Dyn E (nJ): 35,619,094
Route Dyn E (nJ): 9,031,084
Dynamic Energy (nJ): 49,822,051
Ratio of Dyn/Leak: 163
Total Energy (nJ): 50,127,446
Total Energy (nJ) 3D: 49,249,490
Cores Energy (nJ): 5,174,380
Route Energy (nJ): 9,039,339
Route Energy (nJ) 3D: 12,236,671
Mem Energy   (nJ): 35,913,727
Mem Energy   (nJ) 3D: 31,838,439
Avg. Power (mW): 55,641.03
Power Density (mW/mm2): 124.77

---Runtime---
Runtime in K cycles: 900.91
Microseconds: 900.91
Time per iteration (ms): 0.90

---Throughput---
GOP/s (aka OPS/ns): 483.24
GOP/s per core: 0.47
GFLOP/s: 194.18
GFLOP/s per core: 0.19
Max Peak GFLOP/s: 1,024.00
Avg. BW GB/s: 3,321.29
Max BW GB/s: 4,096.00

---Traffic---
In-Die bisection_bytes BW (GB/s): 512.00
Inter-board traffic (msg/ns): 0.00, per-link: 0.00
Inter-pack traffic (msg/ns): 0.00, per-link: 0.00
Inter-die traffic (msg/ns): 0.00, per-link: 0.00
Ruche traffic (msg/ns): 0.00, per-link: 0.00
All traffic (msg/ns): 3,536.58, per-link: 3.45
Inter-die reduction wrt all: inf
Inter-board reduction wrt inter-die: -nan

---Data Movement---
All traffic (msg): 3,186,136,528
Arith. Intensity FLOP/Loads: 0.47
Arith. Intensity FLOP/Msgs: 0.05
Arith. Intensity OPS/Loads: 1.17
Arith. Intensity OPS/Msgs: 0.14



===Core Utilization Total=== CORE-S:9;; TIME K cy:900 ;; Nodes Proc: 408,256 -- Edges Proc: 10,952,081

===PRINTING FRAME STATS

FCollision In Avg:96, SD:24, Max:186, Min:9
FCollision Out Avg:87, SD:41, Max:164, Min:13
FCollision End Avg:26, SD:31, Max:100, Min:0
FTask1 Avg:7, SD:6, Max:28, Min:0
FTask2 Avg:23, SD:14, Max:72, Min:0
FTask3 Avg:34, SD:6, Max:71, Min:21
FCore Active Avg:66, SD:16, Max:100, Min:21
FRouter Active Avg:91, SD:2, Max:95, Min:85
T1 invocations: 238,143
T2 invocations: 353,674
T3 invocations: 11,010,013
T3b invocations: 0
Total3 invocations: 11,010,013
Total4 invocations: 5,273

T3/T2 ratio: 31
T3b/T3 ratio: 0

T1 avg ex cycles: 30
T2 avg ex cycles: 67
T3&b avg ex cycles: 3
T4 avg ex cycles: 375
Avg. hops NOC1: 2
Avg. latency NOC1 (T2): 13,131
Avg. hops NOC2: 17
Avg. latency NOC2 (T3): 1,829

===PRINTING ACUM STATS at pu_cycles: 1,001,101

ACollision In Avg:108, SD:14, Max:187, Min:59
ACollision Out Avg:109, SD:24, Max:213, Min:47
ACollision End Avg:34, SD:16, Max:90, Min:0
ATask1 Avg:4, SD:2, Max:9, Min:0
ATask2 Avg:22, SD:6, Max:36, Min:0
ATask3 Avg:35, SD:5, Max:58, Min:24
ACore Active Avg:62, SD:9, Max:88, Min:32
ARouter Active Avg:86, SD:1, Max:96, Min:83
T1 invocations: 1,170,976
T2 invocations: 2,280,109
T3 invocations: 98,403,444
T3b invocations: 0
Total3 invocations: 98,403,444
Total4 invocations: 18,497

T3/T2 ratio: 43
T3b/T3 ratio: 0

T1 avg ex cycles: 34
T2 avg ex cycles: 101
T3&b avg ex cycles: 4
T4 avg ex cycles: 473
Avg. hops NOC1: 2
Avg. latency NOC1 (T2): 24,076
Avg. hops NOC2: 17
Avg. latency NOC2 (T3): 1,899
Number of K Nodes Processed: 3,351
Number of K Edges Processed: 98,672
Node Re-explore factor: 0.80
Edge Re-explore factor: 0.77
Nodes/cy: 3
Edges/cy: 99
TEPS: 128

---DCache---
DCache Size: 125,904
DRAM words: 133,760
  DHits: 176,300,523
  DMisses: 6,381,162
  DHit Rate (hit/miss): 97%
  DEvictions: 626,590
  DEviction Rate (evict/misses): 10%
  MC Transactions: 6,680,923
  MC Writes: 274,303
Avg. Transactions: 83% , Writes: 3%, Avg. Latency: 20
Max MC id: 0 of 8. Transactions: 84% , Writes: 4%, MC mean Latency: 20
HBM refresh energy (nJ): 2
HBM access energy (nJ): 12,656,340
MemC wire energy 2.5d (nJ): 6,029,431
MemC wire energy 3d (nJ): 1,507,358

---Energy---
Leakage Energy (nJ): 339,359
PU Dyn E (nJ): 5,832,607
Mem Dyn E (nJ): 39,807,618
Route Dyn E (nJ): 10,173,497
Dynamic Energy (nJ): 55,813,723
Ratio of Dyn/Leak: 164
Total Energy (nJ): 56,153,082
Total Energy (nJ) 3D: 55,232,796
Cores Energy (nJ): 5,835,393
Route Energy (nJ): 10,182,670
Route Energy (nJ) 3D: 13,784,458
Mem Energy   (nJ): 40,135,018
Mem Energy   (nJ) 3D: 35,612,945
Avg. Power (mW): 56,091.33
Power Density (mW/mm2): 125.78

---Runtime---
Runtime in K cycles: 1,001.10
Microseconds: 1,001.10
Time per iteration (ms): 1.00

---Throughput---
GOP/s (aka OPS/ns): 491.52
GOP/s per core: 0.48
GFLOP/s: 196.80
GFLOP/s per core: 0.19
Max Peak GFLOP/s: 1,024.00
Avg. BW GB/s: 3,361.64
Max BW GB/s: 4,096.00

---Traffic---
In-Die bisection_bytes BW (GB/s): 512.00
Inter-board traffic (msg/ns): 0.00, per-link: 0.00
Inter-pack traffic (msg/ns): 0.00, per-link: 0.00
Inter-die traffic (msg/ns): 0.00, per-link: 0.00
Ruche traffic (msg/ns): 0.00, per-link: 0.00
All traffic (msg/ns): 3,582.18, per-link: 3.50
Inter-die reduction wrt all: inf
Inter-board reduction wrt inter-die: -nan

---Data Movement---
All traffic (msg): 3,586,128,021
Arith. Intensity FLOP/Loads: 0.47
Arith. Intensity FLOP/Msgs: 0.05
Arith. Intensity OPS/Loads: 1.17
Arith. Intensity OPS/Msgs: 0.14



===Core Utilization Total=== CORE-S:10;; TIME K cy:1,000 ;; Nodes Proc: 418,859 -- Edges Proc: 12,364,532

===PRINTING FRAME STATS

FCollision In Avg:91, SD:27, Max:202, Min:8
FCollision Out Avg:83, SD:39, Max:209, Min:7
FCollision End Avg:25, SD:29, Max:145, Min:0
FTask1 Avg:8, SD:6, Max:28, Min:0
FTask2 Avg:22, SD:14, Max:78, Min:0
FTask3 Avg:33, SD:6, Max:75, Min:21
FCore Active Avg:65, SD:16, Max:100, Min:24
FRouter Active Avg:91, SD:2, Max:95, Min:84
T1 invocations: 262,311
T2 invocations: 376,640
T3 invocations: 10,806,447
T3b invocations: 0
Total3 invocations: 10,806,447
Total4 invocations: 8,070

T3/T2 ratio: 29
T3b/T3 ratio: 0

T1 avg ex cycles: 30
T2 avg ex cycles: 61
T3&b avg ex cycles: 3
T4 avg ex cycles: 277
Avg. hops NOC1: 2
Avg. latency NOC1 (T2): 11,337
Avg. hops NOC2: 17
Avg. latency NOC2 (T3): 1,792

===PRINTING ACUM STATS at pu_cycles: 1,101,001

ACollision In Avg:106, SD:14, Max:179, Min:63
ACollision Out Avg:107, SD:23, Max:203, Min:44
ACollision End Avg:33, SD:15, Max:87, Min:1
ATask1 Avg:4, SD:2, Max:8, Min:0
ATask2 Avg:22, SD:6, Max:33, Min:4
ATask3 Avg:34, SD:5, Max:59, Min:24
ACore Active Avg:62, SD:8, Max:88, Min:35
ARouter Active Avg:87, SD:1, Max:96, Min:84
T1 invocations: 1,432,177
T2 invocations: 2,654,590
T3 invocations: 109,144,754
T3b invocations: 0
Total3 invocations: 109,144,754
Total4 invocations: 26,552

T3/T2 ratio: 41
T3b/T3 ratio: 0

T1 avg ex cycles: 33
T2 avg ex cycles: 95
T3&b avg ex cycles: 4
T4 avg ex cycles: 413
Avg. hops NOC1: 2
Avg. latency NOC1 (T2): 22,278
Avg. hops NOC2: 17
Avg. latency NOC2 (T3): 1,888
Number of K Nodes Processed: 3,425
Number of K Edges Processed: 109,421
Node Re-explore factor: 0.82
Edge Re-explore factor: 0.85
Nodes/cy: 3
Edges/cy: 99
TEPS: 117

---DCache---
DCache Size: 125,904
DRAM words: 133,760
  DHits: 195,555,973
  DMisses: 6,974,696
  DHit Rate (hit/miss): 97%
  DEvictions: 725,008
  DEviction Rate (evict/misses): 10%
  MC Transactions: 7,307,059
  MC Writes: 304,609
Avg. Transactions: 83% , Writes: 3%, Avg. Latency: 20
Max MC id: 1 of 8. Transactions: 84% , Writes: 4%, MC mean Latency: 19
HBM refresh energy (nJ): 3
HBM access energy (nJ): 13,842,492
MemC wire energy 2.5d (nJ): 6,594,509
MemC wire energy 3d (nJ): 1,648,627

---Energy---
Leakage Energy (nJ): 373,223
PU Dyn E (nJ): 6,480,536
Mem Dyn E (nJ): 43,846,147
Route Dyn E (nJ): 11,282,973
Dynamic Energy (nJ): 61,609,657
Ratio of Dyn/Leak: 165
Total Energy (nJ): 61,982,880
Total Energy (nJ) 3D: 61,031,581
Cores Energy (nJ): 6,483,601
Route Energy (nJ): 11,293,062
Route Energy (nJ) 3D: 15,287,645
Mem Energy   (nJ): 44,206,219
Mem Energy   (nJ) 3D: 39,260,337
Avg. Power (mW): 56,296.84
Power Density (mW/mm2): 126.24

---Runtime---
Runtime in K cycles: 1,101.00
Microseconds: 1,101.00
Time per iteration (ms): 1.10

---Throughput---
GOP/s (aka OPS/ns): 498.09
GOP/s per core: 0.49
GFLOP/s: 198.44
GFLOP/s per core: 0.19
Max Peak GFLOP/s: 1,024.00
Avg. BW GB/s: 3,387.46
Max BW GB/s: 4,096.00

---Traffic---
In-Die bisection_bytes BW (GB/s): 512.00
Inter-board traffic (msg/ns): 0.00, per-link: 0.00
Inter-pack traffic (msg/ns): 0.00, per-link: 0.00
Inter-die traffic (msg/ns): 0.00, per-link: 0.00
Ruche traffic (msg/ns): 0.00, per-link: 0.00
All traffic (msg/ns): 3,609.65, per-link: 3.53
Inter-die reduction wrt all: inf
Inter-board reduction wrt inter-die: -nan

---Data Movement---
All traffic (msg): 3,974,231,298
Arith. Intensity FLOP/Loads: 0.47
Arith. Intensity FLOP/Msgs: 0.05
Arith. Intensity OPS/Loads: 1.18
Arith. Intensity OPS/Msgs: 0.14



===Core Utilization Total=== CORE-S:11;; TIME K cy:1,100 ;; Nodes Proc: 428,279 -- Edges Proc: 13,705,509

===PRINTING FRAME STATS

FCollision In Avg:77, SD:31, Max:187, Min:7
FCollision Out Avg:70, SD:38, Max:153, Min:5
FCollision End Avg:22, SD:26, Max:99, Min:0
FTask1 Avg:9, SD:8, Max:39, Min:0
FTask2 Avg:23, SD:16, Max:75, Min:0
FTask3 Avg:33, SD:6, Max:74, Min:20
FCore Active Avg:68, SD:17, Max:100, Min:27
FRouter Active Avg:91, SD:2, Max:95, Min:84
T1 invocations: 319,066
T2 invocations: 429,856
T3 invocations: 10,870,187
T3b invocations: 0
Total3 invocations: 10,870,187
Total4 invocations: 13,190

T3/T2 ratio: 25
T3b/T3 ratio: 0

T1 avg ex cycles: 29
T2 avg ex cycles: 54
T3&b avg ex cycles: 3
T4 avg ex cycles: 213
Avg. hops NOC1: 2
Avg. latency NOC1 (T2): 8,753
Avg. hops NOC2: 17
Avg. latency NOC2 (T3): 1,836

===PRINTING ACUM STATS at pu_cycles: 1,201,062

ACollision In Avg:104, SD:14, Max:177, Min:63
ACollision Out Avg:103, SD:22, Max:194, Min:43
ACollision End Avg:32, SD:14, Max:82, Min:2
ATask1 Avg:5, SD:2, Max:8, Min:0
ATask2 Avg:22, SD:5, Max:31, Min:3
ATask3 Avg:34, SD:5, Max:60, Min:24
ACore Active Avg:63, SD:8, Max:87, Min:38
ARouter Active Avg:87, SD:1, Max:95, Min:84
T1 invocations: 1,752,658
T2 invocations: 3,085,637
T3 invocations: 120,057,441
T3b invocations: 0
Total3 invocations: 120,057,441
Total4 invocations: 39,766

T3/T2 ratio: 39
T3b/T3 ratio: 0

T1 avg ex cycles: 32
T2 avg ex cycles: 89
T3&b avg ex cycles: 4
T4 avg ex cycles: 347
Avg. hops NOC1: 2
Avg. latency NOC1 (T2): 20,386
Avg. hops NOC2: 17
Avg. latency NOC2 (T3): 1,883
Number of K Nodes Processed: 3,491
Number of K Edges Processed: 120,353
Node Re-explore factor: 0.83
Edge Re-explore factor: 0.94
Nodes/cy: 3
Edges/cy: 100
TEPS: 107

---DCache---
DCache Size: 125,904
DRAM words: 133,760
  DHits: 215,076,024
  DMisses: 7,587,319
  DHit Rate (hit/miss): 97%
  DEvictions: 831,695
  DEviction Rate (evict/misses): 11%
  MC Transactions: 7,952,771
  MC Writes: 335,172
Avg. Transactions: 83% , Writes: 3%, Avg. Latency: 19
Max MC id: 1 of 8. Transactions: 84% , Writes: 4%, MC mean Latency: 19
HBM refresh energy (nJ): 3
HBM access energy (nJ): 15,065,729
MemC wire energy 2.5d (nJ): 7,177,255
MemC wire energy 3d (nJ): 1,794,314

---Energy---
Leakage Energy (nJ): 407,142
PU Dyn E (nJ): 7,150,169
Mem Dyn E (nJ): 47,991,206
Route Dyn E (nJ): 12,420,820
Dynamic Energy (nJ): 67,562,195
Ratio of Dyn/Leak: 166
Total Energy (nJ): 67,969,337
Total Energy (nJ) 3D: 66,983,819
Cores Energy (nJ): 7,153,512
Route Energy (nJ): 12,431,825
Route Energy (nJ) 3D: 16,829,247
Mem Energy   (nJ): 48,384,001
Mem Energy   (nJ) 3D: 43,001,060
Avg. Power (mW): 56,591.03
Power Density (mW/mm2): 126.90

---Runtime---
Runtime in K cycles: 1,201.06
Microseconds: 1,201.06
Time per iteration (ms): 1.20

---Throughput---
GOP/s (aka OPS/ns): 506.21
GOP/s per core: 0.49
GFLOP/s: 200.09
GFLOP/s per core: 0.20
Max Peak GFLOP/s: 1,024.00
Avg. BW GB/s: 3,415.92
Max BW GB/s: 4,096.00

---Traffic---
In-Die bisection_bytes BW (GB/s): 512.00
Inter-board traffic (msg/ns): 0.00, per-link: 0.00
Inter-pack traffic (msg/ns): 0.00, per-link: 0.00
Inter-die traffic (msg/ns): 0.00, per-link: 0.00
Ruche traffic (msg/ns): 0.00, per-link: 0.00
All traffic (msg/ns): 3,640.37, per-link: 3.56
Inter-die reduction wrt all: inf
Inter-board reduction wrt inter-die: -nan

---Data Movement---
All traffic (msg): 4,372,310,878
Arith. Intensity FLOP/Loads: 0.47
Arith. Intensity FLOP/Msgs: 0.05
Arith. Intensity OPS/Loads: 1.19
Arith. Intensity OPS/Msgs: 0.14



===Core Utilization Total=== CORE-S:12;; TIME K cy:1,200 ;; Nodes Proc: 436,822 -- Edges Proc: 15,100,908

===PRINTING FRAME STATS

FCollision In Avg:62, SD:34, Max:182, Min:6
FCollision Out Avg:60, SD:38, Max:174, Min:4
FCollision End Avg:18, SD:25, Max:136, Min:0
FTask1 Avg:9, SD:8, Max:36, Min:0
FTask2 Avg:21, SD:18, Max:80, Min:0
FTask3 Avg:32, SD:6, Max:74, Min:18
FCore Active Avg:65, SD:21, Max:100, Min:25
FRouter Active Avg:90, SD:3, Max:95, Min:81
T1 invocations: 323,521
T2 invocations: 433,558
T3 invocations: 10,428,751
T3b invocations: 0
Total3 invocations: 10,428,751
Total4 invocations: 18,002

T3/T2 ratio: 24
T3b/T3 ratio: 0

T1 avg ex cycles: 29
T2 avg ex cycles: 51
T3&b avg ex cycles: 3
T4 avg ex cycles: 162
Avg. hops NOC1: 3
Avg. latency NOC1 (T2): 6,934
Avg. hops NOC2: 17
Avg. latency NOC2 (T3): 1,889

===PRINTING ACUM STATS at pu_cycles: 1,301,177

ACollision In Avg:100, SD:14, Max:170, Min:59
ACollision Out Avg:100, SD:22, Max:185, Min:43
ACollision End Avg:31, SD:13, Max:78, Min:3
ATask1 Avg:5, SD:2, Max:7, Min:1
ATask2 Avg:22, SD:4, Max:30, Min:5
ATask3 Avg:34, SD:5, Max:61, Min:23
ACore Active Avg:63, SD:7, Max:87, Min:40
ARouter Active Avg:87, SD:1, Max:95, Min:84
T1 invocations: 2,076,134
T2 invocations: 3,517,915
T3 invocations: 130,452,753
T3b invocations: 0
Total3 invocations: 130,452,753
Total4 invocations: 57,770

T3/T2 ratio: 37
T3b/T3 ratio: 0

T1 avg ex cycles: 32
T2 avg ex cycles: 85
T3&b avg ex cycles: 3
T4 avg ex cycles: 289
Avg. hops NOC1: 2
Avg. latency NOC1 (T2): 18,729
Avg. hops NOC2: 17
Avg. latency NOC2 (T3): 1,884
Number of K Nodes Processed: 3,549
Number of K Edges Processed: 130,723
Node Re-explore factor: 0.85
Edge Re-explore factor: 1.02
Nodes/cy: 3
Edges/cy: 100
TEPS: 99

---DCache---
DCache Size: 125,904
DRAM words: 133,760
  DHits: 233,990,545
  DMisses: 8,154,799
  DHit Rate (hit/miss): 97%
  DEvictions: 939,816
  DEviction Rate (evict/misses): 12%
  MC Transactions: 8,551,673
  MC Writes: 364,440
Avg. Transactions: 82% , Writes: 4%, Avg. Latency: 19
Max MC id: 1 of 8. Transactions: 83% , Writes: 4%, MC mean Latency: 19
HBM refresh energy (nJ): 3
HBM access energy (nJ): 16,200,289
MemC wire energy 2.5d (nJ): 7,717,754
MemC wire energy 3d (nJ): 1,929,439

---Energy---
Leakage Energy (nJ): 441,080
PU Dyn E (nJ): 7,790,955
Mem Dyn E (nJ): 51,903,170
Route Dyn E (nJ): 13,494,472
Dynamic Energy (nJ): 73,188,598
Ratio of Dyn/Leak: 166
Total Energy (nJ): 73,629,678
Total Energy (nJ) 3D: 72,618,896
Cores Energy (nJ): 7,794,577
Route Energy (nJ): 13,506,394
Route Energy (nJ) 3D: 18,283,928
Mem Energy   (nJ): 52,328,707
Mem Energy   (nJ) 3D: 46,540,391
Avg. Power (mW): 56,586.98
Power Density (mW/mm2): 126.89

---Runtime---
Runtime in K cycles: 1,301.18
Microseconds: 1,301.18
Time per iteration (ms): 1.30

---Throughput---
GOP/s (aka OPS/ns): 511.50
GOP/s per core: 0.50
GFLOP/s: 200.66
GFLOP/s per core: 0.20
Max Peak GFLOP/s: 1,024.00
Avg. BW GB/s: 3,426.69
Max BW GB/s: 4,096.00

---Traffic---
In-Die bisection_bytes BW (GB/s): 512.00
Inter-board traffic (msg/ns): 0.00, per-link: 0.00
Inter-pack traffic (msg/ns): 0.00, per-link: 0.00
Inter-die traffic (msg/ns): 0.00, per-link: 0.00
Ruche traffic (msg/ns): 0.00, per-link: 0.00
All traffic (msg/ns): 3,648.90, per-link: 3.56
Inter-die reduction wrt all: inf
Inter-board reduction wrt inter-die: -nan

---Data Movement---
All traffic (msg): 4,747,862,245
Arith. Intensity FLOP/Loads: 0.47
Arith. Intensity FLOP/Msgs: 0.05
Arith. Intensity OPS/Loads: 1.20
Arith. Intensity OPS/Msgs: 0.14



===Core Utilization Total=== CORE-S:13;; TIME K cy:1,300 ;; Nodes Proc: 443,891 -- Edges Proc: 16,404,737

===PRINTING FRAME STATS

FCollision In Avg:42, SD:33, Max:179, Min:4
FCollision Out Avg:41, SD:35, Max:141, Min:1
FCollision End Avg:14, SD:21, Max:117, Min:0
FTask1 Avg:9, SD:10, Max:45, Min:0
FTask2 Avg:18, SD:21, Max:81, Min:0
FTask3 Avg:27, SD:5, Max:66, Min:16
FCore Active Avg:58, SD:24, Max:100, Min:21
FRouter Active Avg:85, SD:4, Max:94, Min:70
T1 invocations: 319,726
T2 invocations: 412,633
T3 invocations: 8,904,354
T3b invocations: 0
Total3 invocations: 8,904,354
Total4 invocations: 22,806

T3/T2 ratio: 22
T3b/T3 ratio: 0

T1 avg ex cycles: 29
T2 avg ex cycles: 46
T3&b avg ex cycles: 3
T4 avg ex cycles: 130
Avg. hops NOC1: 3
Avg. latency NOC1 (T2): 5,316
Avg. hops NOC2: 17
Avg. latency NOC2 (T3): 1,857

===PRINTING ACUM STATS at pu_cycles: 1,401,134

ACollision In Avg:96, SD:15, Max:160, Min:56
ACollision Out Avg:96, SD:22, Max:176, Min:41
ACollision End Avg:30, SD:12, Max:73, Min:3
ATask1 Avg:5, SD:1, Max:7, Min:1
ATask2 Avg:22, SD:3, Max:29, Min:9
ATask3 Avg:34, SD:5, Max:61, Min:23
ACore Active Avg:62, SD:6, Max:87, Min:44
ARouter Active Avg:87, SD:1, Max:95, Min:84
T1 invocations: 2,397,172
T2 invocations: 3,928,879
T3 invocations: 139,348,728
T3b invocations: 0
Total3 invocations: 139,348,728
Total4 invocations: 80,602

T3/T2 ratio: 35
T3b/T3 ratio: 0

T1 avg ex cycles: 31
T2 avg ex cycles: 80
T3&b avg ex cycles: 3
T4 avg ex cycles: 244
Avg. hops NOC1: 2
Avg. latency NOC1 (T2): 17,325
Avg. hops NOC2: 17
Avg. latency NOC2 (T3): 1,881
Number of K Nodes Processed: 3,596
Number of K Edges Processed: 139,573
Node Re-explore factor: 0.86
Edge Re-explore factor: 1.09
Nodes/cy: 3
Edges/cy: 100
TEPS: 92

---DCache---
DCache Size: 125,904
DRAM words: 133,760
  DHits: 250,719,578
  DMisses: 8,637,617
  DHit Rate (hit/miss): 97%
  DEvictions: 1,038,142
  DEviction Rate (evict/misses): 12%
  MC Transactions: 9,060,198
  MC Writes: 388,784
Avg. Transactions: 81% , Writes: 3%, Avg. Latency: 19
Max MC id: 1 of 8. Transactions: 82% , Writes: 3%, MC mean Latency: 19
HBM refresh energy (nJ): 4
HBM access energy (nJ): 17,163,639
MemC wire energy 2.5d (nJ): 8,176,690
MemC wire energy 3d (nJ): 2,044,173

---Energy---
Leakage Energy (nJ): 474,964
PU Dyn E (nJ): 8,347,638
Mem Dyn E (nJ): 55,261,071
Route Dyn E (nJ): 14,418,283
Dynamic Energy (nJ): 78,026,993
Ratio of Dyn/Leak: 164
Total Energy (nJ): 78,501,957
Total Energy (nJ) 3D: 77,474,035
Cores Energy (nJ): 8,351,537
Route Energy (nJ): 14,431,121
Route Energy (nJ) 3D: 19,535,718
Mem Energy   (nJ): 55,719,298
Mem Energy   (nJ) 3D: 49,586,780
Avg. Power (mW): 56,027.44
Power Density (mW/mm2): 125.64

---Runtime---
Runtime in K cycles: 1,401.13
Microseconds: 1,401.13
Time per iteration (ms): 1.40

---Throughput---
GOP/s (aka OPS/ns): 511.54
GOP/s per core: 0.50
GFLOP/s: 199.01
GFLOP/s per core: 0.19
Max Peak GFLOP/s: 1,024.00
Avg. BW GB/s: 3,401.16
Max BW GB/s: 4,096.00

---Traffic---
In-Die bisection_bytes BW (GB/s): 512.00
Inter-board traffic (msg/ns): 0.00, per-link: 0.00
Inter-pack traffic (msg/ns): 0.00, per-link: 0.00
Inter-die traffic (msg/ns): 0.00, per-link: 0.00
Ruche traffic (msg/ns): 0.00, per-link: 0.00
All traffic (msg/ns): 3,619.07, per-link: 3.53
Inter-die reduction wrt all: inf
Inter-board reduction wrt inter-die: -nan

---Data Movement---
All traffic (msg): 5,070,796,892
Arith. Intensity FLOP/Loads: 0.47
Arith. Intensity FLOP/Msgs: 0.05
Arith. Intensity OPS/Loads: 1.21
Arith. Intensity OPS/Msgs: 0.14



===Core Utilization Total=== CORE-S:14;; TIME K cy:1,400 ;; Nodes Proc: 449,774 -- Edges Proc: 17,473,527

===PRINTING FRAME STATS

FCollision In Avg:20, SD:24, Max:139, Min:1
FCollision Out Avg:21, SD:27, Max:118, Min:0
FCollision End Avg:7, SD:15, Max:96, Min:0
FTask1 Avg:7, SD:10, Max:43, Min:0
FTask2 Avg:12, SD:19, Max:85, Min:0
FTask3 Avg:19, SD:4, Max:48, Min:12
FCore Active Avg:40, SD:25, Max:100, Min:14
FRouter Active Avg:69, SD:8, Max:149, Min:47
T1 invocations: 248,821
T2 invocations: 311,939
T3 invocations: 6,100,391
T3b invocations: 0
Total3 invocations: 6,100,391
Total4 invocations: 20,320

T3/T2 ratio: 20
T3b/T3 ratio: 0

T1 avg ex cycles: 29
T2 avg ex cycles: 41
T3&b avg ex cycles: 3
T4 avg ex cycles: 115
Avg. hops NOC1: 3
Avg. latency NOC1 (T2): 3,701
Avg. hops NOC2: 17
Avg. latency NOC2 (T3): 1,630

===PRINTING ACUM STATS at pu_cycles: 1,500,926

ACollision In Avg:91, SD:14, Max:156, Min:53
ACollision Out Avg:91, SD:21, Max:166, Min:39
ACollision End Avg:28, SD:11, Max:69, Min:3
ATask1 Avg:5, SD:1, Max:7, Min:2
ATask2 Avg:21, SD:2, Max:28, Min:12
ATask3 Avg:33, SD:5, Max:60, Min:22
ACore Active Avg:61, SD:6, Max:85, Min:46
ARouter Active Avg:86, SD:1, Max:94, Min:82
T1 invocations: 2,649,500
T2 invocations: 4,242,011
T3 invocations: 145,491,986
T3b invocations: 0
Total3 invocations: 145,491,986
Total4 invocations: 100,979

T3/T2 ratio: 34
T3b/T3 ratio: 0

T1 avg ex cycles: 31
T2 avg ex cycles: 78
T3&b avg ex cycles: 3
T4 avg ex cycles: 219
Avg. hops NOC1: 3
Avg. latency NOC1 (T2): 16,318
Avg. hops NOC2: 17
Avg. latency NOC2 (T3): 1,871
Number of K Nodes Processed: 3,623
Number of K Edges Processed: 145,567
Node Re-explore factor: 0.86
Edge Re-explore factor: 1.13
Nodes/cy: 2
Edges/cy: 97
TEPS: 85

---DCache---
DCache Size: 125,904
DRAM words: 133,760
  DHits: 262,638,906
  DMisses: 8,966,286
  DHit Rate (hit/miss): 97%
  DEvictions: 1,111,484
  DEviction Rate (evict/misses): 12%
  MC Transactions: 9,406,341
  MC Writes: 405,646
Avg. Transactions: 78% , Writes: 3%, Avg. Latency: 18
Max MC id: 1 of 8. Transactions: 79% , Writes: 3%, MC mean Latency: 18
HBM refresh energy (nJ): 4
HBM access energy (nJ): 17,819,372
MemC wire energy 2.5d (nJ): 8,489,079
MemC wire energy 3d (nJ): 2,122,270

---Energy---
Leakage Energy (nJ): 508,792
PU Dyn E (nJ): 8,736,576
Mem Dyn E (nJ): 57,577,127
Route Dyn E (nJ): 15,048,767
Dynamic Energy (nJ): 81,362,471
Ratio of Dyn/Leak: 160
Total Energy (nJ): 81,871,263
Total Energy (nJ) 3D: 80,832,264
Cores Energy (nJ): 8,740,754
Route Energy (nJ): 15,062,520
Route Energy (nJ) 3D: 20,390,330
Mem Energy   (nJ): 58,067,990
Mem Energy   (nJ) 3D: 51,701,181
Avg. Power (mW): 54,547.17
Power Density (mW/mm2): 122.32

---Runtime---
Runtime in K cycles: 1,500.93
Microseconds: 1,500.93
Time per iteration (ms): 1.50

---Throughput---
GOP/s (aka OPS/ns): 501.91
GOP/s per core: 0.49
GFLOP/s: 193.90
GFLOP/s per core: 0.19
Max Peak GFLOP/s: 1,024.00
Avg. BW GB/s: 3,316.71
Max BW GB/s: 4,096.00

---Traffic---
In-Die bisection_bytes BW (GB/s): 512.00
Inter-board traffic (msg/ns): 0.00, per-link: 0.00
Inter-pack traffic (msg/ns): 0.00, per-link: 0.00
Inter-die traffic (msg/ns): 0.00, per-link: 0.00
Ruche traffic (msg/ns): 0.00, per-link: 0.00
All traffic (msg/ns): 3,525.43, per-link: 3.44
Inter-die reduction wrt all: inf
Inter-board reduction wrt inter-die: -nan

---Data Movement---
All traffic (msg): 5,291,405,266
Arith. Intensity FLOP/Loads: 0.47
Arith. Intensity FLOP/Msgs: 0.06
Arith. Intensity OPS/Loads: 1.21
Arith. Intensity OPS/Msgs: 0.14



===Core Utilization Total=== CORE-S:15;; TIME K cy:1,500 ;; Nodes Proc: 453,281 -- Edges Proc: 18,221,560
======== IT IS COLD ======= Only 43 Tiles active

===PRINTING FRAME STATS

FCollision In Avg:5, SD:15, Max:141, Min:0
FCollision Out Avg:7, SD:17, Max:96, Min:0
FCollision End Avg:3, SD:9, Max:86, Min:0
FTask1 Avg:3, SD:7, Max:49, Min:0
FTask2 Avg:5, SD:14, Max:97, Min:0
FTask3 Avg:7, SD:2, Max:18, Min:3
FCore Active Avg:16, SD:19, Max:100, Min:5
FRouter Active Avg:35, SD:10, Max:74, Min:16
T1 invocations: 102,801
T2 invocations: 127,637
T3 invocations: 2,439,523
T3b invocations: 0
Total3 invocations: 2,439,523
Total4 invocations: 10,088

T3/T2 ratio: 19
T3b/T3 ratio: 0

T1 avg ex cycles: 29
T2 avg ex cycles: 40
T3&b avg ex cycles: 3
T4 avg ex cycles: 97
Avg. hops NOC1: 4
Avg. latency NOC1 (T2): 3,184
Avg. hops NOC2: 17
Avg. latency NOC2 (T3): 1,120

===PRINTING ACUM STATS at pu_cycles: 1,600,765

ACollision In Avg:86, SD:14, Max:151, Min:50
ACollision Out Avg:86, SD:20, Max:158, Min:37
ACollision End Avg:27, SD:11, Max:64, Min:3
ATask1 Avg:5, SD:0, Max:7, Min:2
ATask2 Avg:20, SD:1, Max:26, Min:14
ATask3 Avg:31, SD:5, Max:57, Min:21
ACore Active Avg:58, SD:5, Max:85, Min:46
ARouter Active Avg:83, SD:2, Max:90, Min:79
T1 invocations: 2,753,593
T2 invocations: 4,370,041
T3 invocations: 147,938,305
T3b invocations: 0
Total3 invocations: 147,938,305
Total4 invocations: 111,088

T3/T2 ratio: 34
T3b/T3 ratio: 0

T1 avg ex cycles: 31
T2 avg ex cycles: 76
T3&b avg ex cycles: 3
T4 avg ex cycles: 208
Avg. hops NOC1: 3
Avg. latency NOC1 (T2): 15,934
Avg. hops NOC2: 17
Avg. latency NOC2 (T3): 1,858
Number of K Nodes Processed: 3,633
Number of K Edges Processed: 147,956
Node Re-explore factor: 0.87
Edge Re-explore factor: 1.15
Nodes/cy: 2
Edges/cy: 92
TEPS: 80

---DCache---
DCache Size: 125,904
DRAM words: 133,760
  DHits: 267,585,388
  DMisses: 9,098,953
  DHit Rate (hit/miss): 97%
  DEvictions: 1,144,126
  DEviction Rate (evict/misses): 13%
  MC Transactions: 9,546,572
  MC Writes: 413,143
Avg. Transactions: 75% , Writes: 3%, Avg. Latency: 18
Max MC id: 7 of 8. Transactions: 75% , Writes: 3%, MC mean Latency: 19
HBM refresh energy (nJ): 4
HBM access energy (nJ): 18,085,025
MemC wire energy 2.5d (nJ): 8,615,636
MemC wire energy 3d (nJ): 2,153,909

---Energy---
Leakage Energy (nJ): 542,636
PU Dyn E (nJ): 8,892,189
Mem Dyn E (nJ): 58,511,130
Route Dyn E (nJ): 15,299,712
Dynamic Energy (nJ): 82,703,031
Ratio of Dyn/Leak: 152
Total Energy (nJ): 83,245,667
Total Energy (nJ) 3D: 82,200,595
Cores Energy (nJ): 8,896,644
Route Energy (nJ): 15,314,380
Route Energy (nJ) 3D: 20,731,034
Mem Energy   (nJ): 59,034,644
Mem Energy   (nJ) 3D: 52,572,917
Avg. Power (mW): 52,003.68
Power Density (mW/mm2): 116.61

---Runtime---
Runtime in K cycles: 1,600.77
Microseconds: 1,600.77
Time per iteration (ms): 1.60

---Throughput---
GOP/s (aka OPS/ns): 479.80
GOP/s per core: 0.47
GFLOP/s: 184.84
GFLOP/s per core: 0.18
Max Peak GFLOP/s: 1,024.00
Avg. BW GB/s: 3,162.89
Max BW GB/s: 4,096.00

---Traffic---
In-Die bisection_bytes BW (GB/s): 512.00
Inter-board traffic (msg/ns): 0.00, per-link: 0.00
Inter-pack traffic (msg/ns): 0.00, per-link: 0.00
Inter-die traffic (msg/ns): 0.00, per-link: 0.00
Ruche traffic (msg/ns): 0.00, per-link: 0.00
All traffic (msg/ns): 3,360.46, per-link: 3.28
Inter-die reduction wrt all: inf
Inter-board reduction wrt inter-die: -nan

---Data Movement---
All traffic (msg): 5,379,305,602
Arith. Intensity FLOP/Loads: 0.47
Arith. Intensity FLOP/Msgs: 0.06
Arith. Intensity OPS/Loads: 1.22
Arith. Intensity OPS/Msgs: 0.14



===Core Utilization Total=== CORE-S:16;; TIME K cy:1,600 ;; Nodes Proc: 454,566 -- Edges Proc: 18,467,527
======== IT IS COLD ======= Only 13 Tiles active

===PRINTING FRAME STATS

FCollision In Avg:1, SD:6, Max:63, Min:0
FCollision Out Avg:2, SD:8, Max:109, Min:0
FCollision End Avg:1, SD:5, Max:81, Min:0
FTask1 Avg:1, SD:4, Max:37, Min:0
FTask2 Avg:1, SD:6, Max:60, Min:0
FTask3 Avg:2, SD:1, Max:6, Min:1
FCore Active Avg:4, SD:9, Max:100, Min:1
FRouter Active Avg:9, SD:5, Max:41, Min:3
T1 invocations: 26,532
T2 invocations: 32,371
T3 invocations: 555,715
T3b invocations: 0
Total3 invocations: 555,715
Total4 invocations: 2,419

T3/T2 ratio: 17
T3b/T3 ratio: 0

T1 avg ex cycles: 28
T2 avg ex cycles: 37
T3&b avg ex cycles: 3
T4 avg ex cycles: 103
Avg. hops NOC1: 4
Avg. latency NOC1 (T2): 2,788
Avg. hops NOC2: 17
Avg. latency NOC2 (T3): 1,199

===PRINTING ACUM STATS at pu_cycles: 1,700,158

ACollision In Avg:81, SD:13, Max:142, Min:47
ACollision Out Avg:81, SD:19, Max:148, Min:34
ACollision End Avg:25, SD:10, Max:60, Min:3
ATask1 Avg:5, SD:0, Max:7, Min:3
ATask2 Avg:19, SD:1, Max:25, Min:16
ATask3 Avg:29, SD:4, Max:54, Min:20
ACore Active Avg:55, SD:5, Max:81, Min:43
ARouter Active Avg:78, SD:2, Max:85, Min:75
T1 invocations: 2,780,125
T2 invocations: 4,402,412
T3 invocations: 148,494,020
T3b invocations: 0
Total3 invocations: 148,494,020
Total4 invocations: 113,507

T3/T2 ratio: 34
T3b/T3 ratio: 0

T1 avg ex cycles: 31
T2 avg ex cycles: 76
T3&b avg ex cycles: 3
T4 avg ex cycles: 205
Avg. hops NOC1: 3
Avg. latency NOC1 (T2): 15,837
Avg. hops NOC2: 17
Avg. latency NOC2 (T3): 1,856
Number of K Nodes Processed: 3,635
Number of K Edges Processed: 148,494
Node Re-explore factor: 0.87
Edge Re-explore factor: 1.16
Nodes/cy: 2
Edges/cy: 87
TEPS: 75

---DCache---
DCache Size: 125,904
DRAM words: 133,760
  DHits: 268,728,674
  DMisses: 9,131,370
  DHit Rate (hit/miss): 97%
  DEvictions: 1,151,962
  DEviction Rate (evict/misses): 13%
  MC Transactions: 9,580,315
  MC Writes: 414,460
Avg. Transactions: 70% , Writes: 3%, Avg. Latency: 18
Max MC id: 7 of 8. Transactions: 71% , Writes: 3%, MC mean Latency: 19
HBM refresh energy (nJ): 5
HBM access energy (nJ): 18,148,948
MemC wire energy 2.5d (nJ): 8,646,088
MemC wire energy 3d (nJ): 2,161,522

---Energy---
Leakage Energy (nJ): 576,329
PU Dyn E (nJ): 8,927,977
Mem Dyn E (nJ): 58,729,476
Route Dyn E (nJ): 15,356,652
Dynamic Energy (nJ): 83,014,106
Ratio of Dyn/Leak: 144
Total Energy (nJ): 83,590,435
Total Energy (nJ) 3D: 82,542,682
Cores Energy (nJ): 8,932,709
Route Energy (nJ): 15,372,230
Route Energy (nJ) 3D: 20,809,043
Mem Energy   (nJ): 59,285,496
Mem Energy   (nJ) 3D: 52,800,930
Avg. Power (mW): 49,166.27
Power Density (mW/mm2): 110.25

---Runtime---
Runtime in K cycles: 1,700.16
Microseconds: 1,700.16
Time per iteration (ms): 1.70

---Throughput---
GOP/s (aka OPS/ns): 453.79
GOP/s per core: 0.44
GFLOP/s: 174.68
GFLOP/s per core: 0.17
Max Peak GFLOP/s: 1,024.00
Avg. BW GB/s: 2,989.38
Max BW GB/s: 4,096.00

---Traffic---
In-Die bisection_bytes BW (GB/s): 512.00
Inter-board traffic (msg/ns): 0.00, per-link: 0.00
Inter-pack traffic (msg/ns): 0.00, per-link: 0.00
Inter-die traffic (msg/ns): 0.00, per-link: 0.00
Ruche traffic (msg/ns): 0.00, per-link: 0.00
All traffic (msg/ns): 3,175.78, per-link: 3.10
Inter-die reduction wrt all: inf
Inter-board reduction wrt inter-die: -nan

---Data Movement---
All traffic (msg): 5,399,325,027
Arith. Intensity FLOP/Loads: 0.47
Arith. Intensity FLOP/Msgs: 0.06
Arith. Intensity OPS/Loads: 1.22
Arith. Intensity OPS/Msgs: 0.14



===Core Utilization Total=== CORE-S:17;; TIME K cy:1,700 ;; Nodes Proc: 454,831 -- Edges Proc: 18,543,858
======== IT IS COLD ======= Only 5 Tiles active
Epoch Done Router: 7
Epoch Done Router: 5
Epoch Done Router: 6
Epoch Done Router: 0
Epoch Done Router: 2
Epoch Done Router: 4
Epoch Done Router: 1
##EPOCH## 1 COMPLETED at Time (K cy): 1,772
Nodes processed until now: 3,636,207
Edges processed until now: 148,551,789
Epoch Done Router: 3
Program Done Router Thread: 3
Program Done Router Thread: 4
Program Done Worker Thread: 0
Program Done Worker Thread: 6
Program Done Router Thread: 0
Program Done Router Thread: 1
Program Done Worker Thread: 3
Program Done Worker Thread: 1
Program Done Router Thread: 7
Program Done Worker Thread: 7
Program Done Router Thread: 6
Program Done Worker Thread: 4
Program Done Worker Thread: 2
Program Done Router Thread: 5
Program Done Worker Thread: 5
Program Done Router Thread: 2

===PRINTING ACUM STATS at pu_cycles: 1,772,222

ACollision In Avg:77, SD:13, Max:137, Min:45
ACollision Out Avg:77, SD:18, Max:142, Min:33
ACollision End Avg:24, SD:10, Max:58, Min:3
ATask1 Avg:5, SD:0, Max:7, Min:4
ATask2 Avg:18, SD:1, Max:24, Min:16
ATask3 Avg:28, SD:4, Max:52, Min:19
ACore Active Avg:53, SD:5, Max:78, Min:41
ARouter Active Avg:75, SD:1, Max:82, Min:72
T1 invocations: 2,783,461
T2 invocations: 4,406,461
T3 invocations: 148,551,789
T3b invocations: 0
Total3 invocations: 148,551,789
Total4 invocations: 113,768

T3/T2 ratio: 34
T3b/T3 ratio: 0

T1 avg ex cycles: 31
T2 avg ex cycles: 76
T3&b avg ex cycles: 3
T4 avg ex cycles: 205
Avg. hops NOC1: 3
Avg. latency NOC1 (T2): 15,825
Avg. hops NOC2: 17
Avg. latency NOC2 (T3): 1,855

Runtime at program end in K cycles: 1,772
Runtime before cooldown in K cycles: 1,401


Number of K Nodes Processed: 3,636
Number of K Edges Processed: 148,551
Node Re-explore factor: 0.87
Edge Re-explore factor: 1.16
Nodes/cy: 2
Edges/cy: 84
TEPS: 72

---DCache---
DCache Size: 125,904
DRAM words: 133,760
  DHits: 268,851,345
  DMisses: 9,134,955
  DHit Rate (hit/miss): 97%
  DEvictions: 1,152,881
  DEviction Rate (evict/misses): 13%
  MC Transactions: 9,583,933
  MC Writes: 414,493
Avg. Transactions: 68% , Writes: 3%, Avg. Latency: 18
Max MC id: 7 of 8. Transactions: 68% , Writes: 3%, MC mean Latency: 19
HBM refresh energy (nJ): 5
HBM access energy (nJ): 18,155,802
MemC wire energy 2.5d (nJ): 8,649,353
MemC wire energy 3d (nJ): 2,162,338

---Energy---
Leakage Energy (nJ): 600,757
PU Dyn E (nJ): 8,931,831
Mem Dyn E (nJ): 58,752,796
Route Dyn E (nJ): 15,362,786
Dynamic Energy (nJ): 83,047,414
Ratio of Dyn/Leak: 138
Total Energy (nJ): 83,648,171
Total Energy (nJ) 3D: 82,600,141
Cores Energy (nJ): 8,936,764
Route Energy (nJ): 15,379,024
Route Energy (nJ) 3D: 20,818,009
Mem Energy   (nJ): 59,332,384
Mem Energy   (nJ) 3D: 52,845,369
Avg. Power (mW): 47,199.60
Power Density (mW/mm2): 105.84

---Runtime---
Runtime in K cycles: 1,772.22
Microseconds: 1,772.22
Time per iteration (ms): 1.77

---Inst---
K Loads: 634,485
K Stores: 636,632
K Instructions: 771,899

---Throughput---
GOP/s (aka OPS/ns): 435.55
GOP/s per core: 0.43
GFLOP/s: 167.64
GFLOP/s per core: 0.16
Max Peak GFLOP/s: 1,024.00
Avg. BW GB/s: 2,868.98
Max BW GB/s: 4,096.00

---Traffic---
In-Die bisection_bytes BW (GB/s): 512.00
Inter-board traffic (msg/ns): 0.00, per-link: 0.00
Inter-pack traffic (msg/ns): 0.00, per-link: 0.00
Inter-die traffic (msg/ns): 0.00, per-link: 0.00
Ruche traffic (msg/ns): 0.00, per-link: 0.00
All traffic (msg/ns): 3,047.86, per-link: 2.98
Inter-die reduction wrt all: inf
Inter-board reduction wrt inter-die: -nan

---Data Movement---
All traffic (msg): 5,401,478,610
Arith. Intensity FLOP/Loads: 0.47
Arith. Intensity FLOP/Msgs: 0.06
Arith. Intensity OPS/Loads: 1.22
Arith. Intensity OPS/Msgs: 0.14

Simulation time: 142.74
Sim time / DUT time: 78.66
Sim noc_cy/s: 12,415.75
Sim Msg/s: 37,841,436.27

Version 32

