Dataset:  Kron22/
Dry run: 0
Open Edge Count File succesfully
Edges Traversed BFS: 128309848
Found Vertices: 4194304, Edges: 128311436
avg degree 31
Array  Kron22/node_array.bin found
Malloc array of size 16777220 bytes
Readin array of size 16777216 bytes
Finished Reading Array Bytes
No reordering Array 32bit
Array  Kron22/edge_array.bin found
Malloc array of size 513245744 bytes
Readin array of size 513245744 bytes
Finished Reading Array Bytes
No reordering Array 32bit
Reading graph elapsed time: 0.154256s

Dataset Footprint: 522 MiB
Dataset Footprint per Board: 4383.05 Mb
Dataset injection time (ms): 0.26752
Max Dataset Footprint: 1026 MiB

Dataset footprint per tile: 522 KiB
Proxys footprint per tile: 0 KiB
Reserved SRAM per tile: 15 KiB

Ideal SRAM per tile: 537 KiB
reserved_words_for_dataset:25428
dataset_words_per_tile:133760
remaining_sram_words:127142
min_dcache_sram_words_required:25771
dataset_words_per_tile:133760
min_pcache_sram_words_required:0
proxys_words_per_tile:0
Dcache footprint ratio: 2
Dataset Cached: 1
DCache: 125904 words, lines: 7869, sets: 7869
Proxys Cached: 0
Pcache: 0 words, sets: 0
Node per tile: 4,096
Edge per tile: 125,305
GRID_X: 32
GRID_SIZE: 1,024
smt_per_tile: 1
noc_freq: 1
pu_freq: 1
RUCHE_X: 0
PROXY_W: 32
DIE_W: 32
DIE_H: 32
DIES: 1
BORDER_TILES_PER_DIE: 128
PACK_W: 32
PACK_H: 32
DIES_PACK_FACTOR: 1
DIES_PER_PACK: 1
PACKAGES: 1
BOARD_W: 32
BOARD_H: 32
BOARDS: 1
MUX_BUS: 1
DCACHE: 1
PCACHE: 0
PROXY_FACTOR: 1
CACHE_WAYS: 1
TORUS: 1
PHY_NOCS: 1
WIDE_NOC_ID: 0
NOC_CONF: 1
noc_width: 32
hbm_channel_bit_width: 512
ld_st_op_byte_width: 4
PROXY_ROUTING: 0
WITHIN_REGION: 0
WRITE_THROUGH: 1
ASSERT_MODE: 0
GLOBAL_BARRIER: 0
OQ flits: 36 ; 384 ; 2
IQ flits: 288 ; 3,072 ; 2
OQ messages: 12 ; 192 ; 1
IQ messages: 96 ; 1,536 ; 1
max_task2 size: 64
io_factor_t2: 8
io_factor_t3: 8
io_factor_t3b: 8

Active SRAM Storage per tile: 511 KiB
Total SRAM Storage per tile: 512 KiB
Agreggated SRAM Storage: 512 MiB

Active DRAM Storage per tile: 0.509766 MiB
Total DRAM Storage per tile: 8 MiB
Agreggated DRAM Storage: 8 GiB

Inter-Die #links: 1,024
Inter-Die (Gbits): 32,768
Inter-Die (Gbits/mm): 512.055
Bisection BW of Board (Gbits): 8,192
Border IO #Dies: 4
Border IO Die BW (Gbits): 4,096
Off-Board BW Total (Gbits): 16,384
Off-Board BW Density (Gbits/mm): 193
Die side: 16.00 mm
Die border wire density: 512.06 Gbits/mm
HBM wire density: 256.03 Gbits/mm

Tiles per Die: 1,024 (32x32)
Tile Area: 0.19 mm2, side: 0.44 mm
- Core/Rout Area: 0.05 mm2
- SRAM Area: 0.14 mm2
- SRAM/Logic Ratio: 2.80x

Dies per Package: 1 (1x1)
Die Area: 255.94 mm2, side: 16.00 mm
- Tiles Area: 199.45 mm2
- PHY Area: 47.49 mm2
- MC Area: 9.00 mm2

Packages per Board: 1 (1x1)
Package Area: 445.94 mm2, side: 21.12 mm
- IOdie Area: 80.00 mm2
- Dies Area: 255.94 mm2
- HBM Area: 110.00 mm2

Boards: 1 (1x1)
Board Area: 445.94 mm2
Total Area: 445.94 mm2



ESTIMATED COST OF SILICON AND PACKAGING. ONLY VARIABLE, NO FIXED COSTS
Good dies per wafer 3d: 127
Good dies per wafer 2d: 180
--Dies 3D Cost: 47.61 $
--Dies 2.5D Cost: 33.59 $
--Dies 2D Cost: 33.59 $
--HBM Cost: 60.00 $
--IOdie Cost: 8.44 $
--Packaging Cost 3d: 10.09 $
--Packaging Cost 2.5d: 18.06 $
--Packaging Cost 2d: 6.31 $
SiP Cost 3d: 126.14 $
SiP Cost 2.5d: 120.10 $
SiP Cost 2d: 48.34 $
--Board Cost: 0.45 $
Total SiPs Cost 3d: 126.59 $
Total SiPs Cost 2.5d: 120.54 $
Total SiPs Cost 2d: 48.79 $

Perf counters initialized
Mesh connected
Cache structures initialized
Replicas initialized
Allocated Frontier List
Dataset structures initialized


Starting Simulation
INIT epoch: 1
INIT epoch: 1
INIT epoch: 1
INIT epoch: 1
INIT epoch: 1
INIT epoch: 1
INIT epoch: 1
INIT epoch: 1

===PRINTING FRAME STATS

FCollision In Avg:-nan, SD:-nan, Max:266, Min:3
FCollision Out Avg:-nan, SD:-nan, Max:207, Min:24
FCollision End Avg:-nan, SD:-nan, Max:129, Min:0
FTask1 Avg:-nan, SD:-nan, Max:59, Min:2
FTask2 Avg:-nan, SD:-nan, Max:46, Min:0
FTask3 Avg:-nan, SD:-nan, Max:96, Min:34
FCore Active Avg:-nan, SD:-nan, Max:100, Min:60
FRouter Active Avg:-nan, SD:-nan, Max:70, Min:43
T1 invocations: 561,730
T2 invocations: 326,219
T3 invocations: 4,363,686
T3b invocations: 0
Total3 invocations: 4,363,686
Total4 invocations: 0

T3/T2 ratio: 13
T3b/T3 ratio: 0

T1 avg ex cycles: 45
T2 avg ex cycles: 53
T3&b avg ex cycles: 12
T4 avg ex cycles: -nan
Avg. hops NOC1: 3
Avg. latency NOC1 (T2): 13,156
Avg. hops NOC2: 20
Avg. latency NOC2 (T3): 12,837

===PRINTING ACUM STATS at pu_cycles: 100,320

ACollision In Avg:-nan, SD:-nan, Max:266, Min:3
ACollision Out Avg:-nan, SD:-nan, Max:207, Min:24
ACollision End Avg:-nan, SD:-nan, Max:129, Min:0
ATask1 Avg:-nan, SD:-nan, Max:59, Min:2
ATask2 Avg:-nan, SD:-nan, Max:46, Min:0
ATask3 Avg:-nan, SD:-nan, Max:96, Min:34
ACore Active Avg:-nan, SD:-nan, Max:100, Min:60
ARouter Active Avg:-nan, SD:-nan, Max:70, Min:43
T1 invocations: 561,859
T2 invocations: 326,493
T3 invocations: 4,368,204
T3b invocations: 0
Total3 invocations: 4,368,204
Total4 invocations: 0

T3/T2 ratio: 13
T3b/T3 ratio: 0

T1 avg ex cycles: 45
T2 avg ex cycles: 53
T3&b avg ex cycles: 12
T4 avg ex cycles: -nan
Avg. hops NOC1: 3
Avg. latency NOC1 (T2): 13,175
Avg. hops NOC2: 20
Avg. latency NOC2 (T3): 12,831
Number of K Nodes Processed: 1,131
Number of K Edges Processed: 5,225
Node Re-explore factor: 0.27
Edge Re-explore factor: 0.04
Nodes/cy: 11
Edges/cy: 52
TEPS: 1,279

---DCache---
DCache Size: 125,904
DRAM words: 133,760
  DHits: 10,715,201
  DMisses: 675,335
  DHit Rate (hit/miss): 94%
  DEvictions: 27,764
  DEviction Rate (evict/misses): 4%
  MC Transactions: 703,505
  MC Writes: 15,742
Avg. Transactions: 88% , Writes: 2%, Avg. Latency: 41
Max MC id: 0 of 8. Transactions: 91% , Writes: 2%, MC mean Latency: 48
HBM refresh energy (nJ): 0
HBM access energy (nJ): 1,332,719
MemC wire energy 2.5d (nJ): 634,903
MemC wire energy 3d (nJ): 158,726

---Energy---
Leakage Energy (nJ): 34,007
PU Dyn E (nJ): 371,202
Mem Dyn E (nJ): 3,317,302
Route Dyn E (nJ): 546,019
Dynamic Energy (nJ): 4,234,524
Ratio of Dyn/Leak: 125
Total Energy (nJ): 4,268,531
Total Energy (nJ) 3D: 3,985,665
Cores Energy (nJ): 371,481
Route Energy (nJ): 546,939
Route Energy (nJ) 3D: 740,250
Mem Energy   (nJ): 3,350,111
Mem Energy   (nJ) 3D: 2,873,934
Avg. Power (mW): 42,549.15
Power Density (mW/mm2): 95.41

---Runtime---
Runtime in K cycles: 100.32
Microseconds: 100.32
Time per iteration (ms): 0.10

---Throughput---
GOP/s (aka OPS/ns): 637.93
GOP/s per core: 0.62
GFLOP/s: 43.54
GFLOP/s per core: 0.04
Max Peak GFLOP/s: 1,024.00
Avg. BW GB/s: 2,158.69
Max BW GB/s: 4,096.00

---Traffic---
In-Die bisection_bytes BW (GB/s): 512.00
Inter-board traffic (msg/ns): 0.00, per-link: 0.00
Inter-pack traffic (msg/ns): 0.00, per-link: 0.00
Inter-die traffic (msg/ns): 0.00, per-link: 0.00
Ruche traffic (msg/ns): 0.00, per-link: 0.00
All traffic (msg/ns): 2,019.93, per-link: 1.97
Inter-die reduction wrt all: inf
Inter-board reduction wrt inter-die: -nan

---Data Movement---
All traffic (msg): 202,639,212
Arith. Intensity FLOP/Loads: 0.16
Arith. Intensity FLOP/Msgs: 0.02
Arith. Intensity OPS/Loads: 2.29
Arith. Intensity OPS/Msgs: 0.32



===Core Utilization Total=== CORE-S:1;; TIME K cy:100 ;; Nodes Proc: 134,320 -- Edges Proc: 830,634

===PRINTING FRAME STATS

FCollision In Avg:4, SD:7, Max:88, Min:1
FCollision Out Avg:2, SD:7, Max:85, Min:0
FCollision End Avg:1, SD:4, Max:82, Min:0
FTask1 Avg:59, SD:7, Max:83, Min:2
FTask2 Avg:20, SD:6, Max:68, Min:0
FTask3 Avg:21, SD:6, Max:73, Min:8
FCore Active Avg:99, SD:2, Max:100, Min:74
FRouter Active Avg:51, SD:4, Max:70, Min:43
T1 invocations: 1,404,731
T2 invocations: 669,674
T3 invocations: 3,421,675
T3b invocations: 0
Total3 invocations: 3,421,675
Total4 invocations: 0

T3/T2 ratio: 5
T3b/T3 ratio: 0

T1 avg ex cycles: 43
T2 avg ex cycles: 30
T3&b avg ex cycles: 6
T4 avg ex cycles: -nan
Avg. hops NOC1: 3
Avg. latency NOC1 (T2): 898
Avg. hops NOC2: 19
Avg. latency NOC2 (T3): 28,436

===PRINTING ACUM STATS at pu_cycles: 200,188

ACollision In Avg:50, SD:20, Max:147, Min:2
ACollision Out Avg:53, SD:24, Max:142, Min:12
ACollision End Avg:11, SD:15, Max:87, Min:0
ATask1 Avg:42, SD:7, Max:71, Min:3
ATask2 Avg:18, SD:6, Max:43, Min:0
ATask3 Avg:36, SD:5, Max:84, Min:25
ACore Active Avg:96, SD:5, Max:100, Min:72
ARouter Active Avg:54, SD:2, Max:62, Min:47
T1 invocations: 1,966,702
T2 invocations: 996,474
T3 invocations: 7,797,734
T3b invocations: 0
Total3 invocations: 7,797,734
Total4 invocations: 0

T3/T2 ratio: 8
T3b/T3 ratio: 0

T1 avg ex cycles: 43
T2 avg ex cycles: 38
T3&b avg ex cycles: 10
T4 avg ex cycles: -nan
Avg. hops NOC1: 3
Avg. latency NOC1 (T2): 4,934
Avg. hops NOC2: 20
Avg. latency NOC2 (T3): 19,668
Number of K Nodes Processed: 1,525
Number of K Edges Processed: 8,985
Node Re-explore factor: 0.36
Edge Re-explore factor: 0.07
Nodes/cy: 8
Edges/cy: 45
TEPS: 641

---DCache---
DCache Size: 125,904
DRAM words: 133,760
  DHits: 21,200,010
  DMisses: 1,223,103
  DHit Rate (hit/miss): 95%
  DEvictions: 73,735
  DEviction Rate (evict/misses): 6%
  MC Transactions: 1,278,696
  MC Writes: 34,684
Avg. Transactions: 80% , Writes: 2%, Avg. Latency: 32
Max MC id: 4 of 8. Transactions: 81% , Writes: 2%, MC mean Latency: 32
HBM refresh energy (nJ): 0
HBM access energy (nJ): 2,422,361
MemC wire energy 2.5d (nJ): 1,154,004
MemC wire energy 3d (nJ): 288,501

---Energy---
Leakage Energy (nJ): 67,861
PU Dyn E (nJ): 837,306
Mem Dyn E (nJ): 6,160,410
Route Dyn E (nJ): 947,774
Dynamic Energy (nJ): 7,945,491
Ratio of Dyn/Leak: 117
Total Energy (nJ): 8,013,352
Total Energy (nJ) 3D: 7,483,396
Cores Energy (nJ): 837,864
Route Energy (nJ): 949,609
Route Energy (nJ) 3D: 1,285,156
Mem Energy   (nJ): 6,225,880
Mem Energy   (nJ) 3D: 5,360,377
Avg. Power (mW): 40,029.13
Power Density (mW/mm2): 89.76

---Runtime---
Runtime in K cycles: 200.19
Microseconds: 200.19
Time per iteration (ms): 0.20

---Throughput---
GOP/s (aka OPS/ns): 762.17
GOP/s per core: 0.74
GFLOP/s: 38.95
GFLOP/s per core: 0.04
Max Peak GFLOP/s: 1,024.00
Avg. BW GB/s: 2,065.47
Max BW GB/s: 4,096.00

---Traffic---
In-Die bisection_bytes BW (GB/s): 512.00
Inter-board traffic (msg/ns): 0.00, per-link: 0.00
Inter-pack traffic (msg/ns): 0.00, per-link: 0.00
Inter-die traffic (msg/ns): 0.00, per-link: 0.00
Ruche traffic (msg/ns): 0.00, per-link: 0.00
All traffic (msg/ns): 1,775.12, per-link: 1.73
Inter-die reduction wrt all: inf
Inter-board reduction wrt inter-die: -nan

---Data Movement---
All traffic (msg): 355,358,441
Arith. Intensity FLOP/Loads: 0.14
Arith. Intensity FLOP/Msgs: 0.02
Arith. Intensity OPS/Loads: 2.74
Arith. Intensity OPS/Msgs: 0.43



===Core Utilization Total=== CORE-S:2;; TIME K cy:200 ;; Nodes Proc: 188,113 -- Edges Proc: 1,275,034

===PRINTING FRAME STATS

FCollision In Avg:8, SD:11, Max:72, Min:1
FCollision Out Avg:7, SD:12, Max:75, Min:0
FCollision End Avg:3, SD:8, Max:63, Min:0
FTask1 Avg:53, SD:7, Max:71, Min:3
FTask2 Avg:19, SD:7, Max:70, Min:0
FTask3 Avg:27, SD:5, Max:63, Min:13
FCore Active Avg:99, SD:4, Max:100, Min:65
FRouter Active Avg:50, SD:4, Max:63, Min:40
T1 invocations: 1,259,854
T2 invocations: 573,331
T3 invocations: 4,167,476
T3b invocations: 0
Total3 invocations: 4,167,476
Total4 invocations: 264

T3/T2 ratio: 7
T3b/T3 ratio: 0

T1 avg ex cycles: 43
T2 avg ex cycles: 34
T3&b avg ex cycles: 7
T4 avg ex cycles: 576
Avg. hops NOC1: 3
Avg. latency NOC1 (T2): 431
Avg. hops NOC2: 15
Avg. latency NOC2 (T3): 29,947

===PRINTING ACUM STATS at pu_cycles: 300,697

ACollision In Avg:36, SD:14, Max:98, Min:2
ACollision Out Avg:38, SD:16, Max:95, Min:8
ACollision End Avg:8, SD:11, Max:58, Min:0
ATask1 Avg:45, SD:4, Max:55, Min:3
ATask2 Avg:19, SD:5, Max:49, Min:0
ATask3 Avg:33, SD:5, Max:77, Min:23
ACore Active Avg:97, SD:3, Max:100, Min:81
ARouter Active Avg:53, SD:3, Max:62, Min:45
T1 invocations: 3,214,657
T2 invocations: 1,564,312
T3 invocations: 11,944,115
T3b invocations: 0
Total3 invocations: 11,944,115
Total4 invocations: 265

T3/T2 ratio: 8
T3b/T3 ratio: 0

T1 avg ex cycles: 43
T2 avg ex cycles: 36
T3&b avg ex cycles: 8
T4 avg ex cycles: 576
Avg. hops NOC1: 3
Avg. latency NOC1 (T2): 3,301
Avg. hops NOC2: 18
Avg. latency NOC2 (T3): 23,225
Number of K Nodes Processed: 2,113
Number of K Edges Processed: 12,730
Node Re-explore factor: 0.50
Edge Re-explore factor: 0.10
Nodes/cy: 7
Edges/cy: 42
TEPS: 427

---DCache---
DCache Size: 125,904
DRAM words: 133,760
  DHits: 31,692,876
  DMisses: 1,744,918
  DHit Rate (hit/miss): 95%
  DEvictions: 130,652
  DEviction Rate (evict/misses): 7%
  MC Transactions: 1,828,487
  MC Writes: 53,818
Avg. Transactions: 76% , Writes: 2%, Avg. Latency: 29
Max MC id: 6 of 8. Transactions: 77% , Writes: 2%, MC mean Latency: 29
HBM refresh energy (nJ): 0
HBM access energy (nJ): 3,463,885
MemC wire energy 2.5d (nJ): 1,650,182
MemC wire energy 3d (nJ): 412,545

---Energy---
Leakage Energy (nJ): 101,932
PU Dyn E (nJ): 1,308,268
Mem Dyn E (nJ): 8,989,208
Route Dyn E (nJ): 1,334,290
Dynamic Energy (nJ): 11,631,767
Ratio of Dyn/Leak: 114
Total Energy (nJ): 11,733,699
Total Energy (nJ) 3D: 10,968,450
Cores Energy (nJ): 1,309,106
Route Energy (nJ): 1,337,046
Route Energy (nJ) 3D: 1,809,433
Mem Energy   (nJ): 9,087,548
Mem Energy   (nJ) 3D: 7,849,912
Avg. Power (mW): 39,021.67
Power Density (mW/mm2): 87.50

---Runtime---
Runtime in K cycles: 300.70
Microseconds: 300.70
Time per iteration (ms): 0.30

---Throughput---
GOP/s (aka OPS/ns): 796.00
GOP/s per core: 0.78
GFLOP/s: 39.72
GFLOP/s per core: 0.04
Max Peak GFLOP/s: 1,024.00
Avg. BW GB/s: 2,066.44
Max BW GB/s: 4,096.00

---Traffic---
In-Die bisection_bytes BW (GB/s): 512.00
Inter-board traffic (msg/ns): 0.00, per-link: 0.00
Inter-pack traffic (msg/ns): 0.00, per-link: 0.00
Inter-die traffic (msg/ns): 0.00, per-link: 0.00
Ruche traffic (msg/ns): 0.00, per-link: 0.00
All traffic (msg/ns): 1,674.88, per-link: 1.64
Inter-die reduction wrt all: inf
Inter-board reduction wrt inter-die: -nan

---Data Movement---
All traffic (msg): 503,630,215
Arith. Intensity FLOP/Loads: 0.14
Arith. Intensity FLOP/Msgs: 0.02
Arith. Intensity OPS/Loads: 2.82
Arith. Intensity OPS/Msgs: 0.48



===Core Utilization Total=== CORE-S:3;; TIME K cy:300 ;; Nodes Proc: 265,652 -- Edges Proc: 1,796,453

===PRINTING FRAME STATS

FCollision In Avg:79, SD:31, Max:215, Min:1
FCollision Out Avg:80, SD:40, Max:230, Min:0
FCollision End Avg:26, SD:33, Max:100, Min:0
FTask1 Avg:6, SD:6, Max:58, Min:0
FTask2 Avg:21, SD:16, Max:63, Min:0
FTask3 Avg:58, SD:10, Max:98, Min:25
FCore Active Avg:86, SD:15, Max:100, Min:42
FRouter Active Avg:84, SD:4, Max:92, Min:48
T1 invocations: 140,705
T2 invocations: 187,555
T3 invocations: 9,074,374
T3b invocations: 0
Total3 invocations: 9,074,374
Total4 invocations: 746

T3/T2 ratio: 48
T3b/T3 ratio: 0

T1 avg ex cycles: 44
T2 avg ex cycles: 116
T3&b avg ex cycles: 7
T4 avg ex cycles: 569
Avg. hops NOC1: 3
Avg. latency NOC1 (T2): 19,571
Avg. hops NOC2: 16
Avg. latency NOC2 (T3): 6,903

===PRINTING ACUM STATS at pu_cycles: 400,713

ACollision In Avg:47, SD:13, Max:98, Min:9
ACollision Out Avg:48, SD:17, Max:95, Min:12
ACollision End Avg:13, SD:13, Max:59, Min:0
ATask1 Avg:36, SD:3, Max:49, Min:3
ATask2 Avg:19, SD:6, Max:43, Min:1
ATask3 Avg:39, SD:5, Max:78, Min:27
ACore Active Avg:94, SD:5, Max:100, Min:76
ARouter Active Avg:61, SD:2, Max:68, Min:50
T1 invocations: 3,360,275
T2 invocations: 1,755,318
T3 invocations: 21,039,801
T3b invocations: 0
Total3 invocations: 21,039,801
Total4 invocations: 1,016

T3/T2 ratio: 12
T3b/T3 ratio: 0

T1 avg ex cycles: 43
T2 avg ex cycles: 45
T3&b avg ex cycles: 8
T4 avg ex cycles: 571
Avg. hops NOC1: 3
Avg. latency NOC1 (T2): 5,036
Avg. hops NOC2: 17
Avg. latency NOC2 (T3): 16,192
Number of K Nodes Processed: 3,380
Number of K Edges Processed: 21,545
Node Re-explore factor: 0.81
Edge Re-explore factor: 0.17
Nodes/cy: 8
Edges/cy: 54
TEPS: 320

---DCache---
DCache Size: 125,904
DRAM words: 133,760
  DHits: 47,491,535
  DMisses: 2,313,367
  DHit Rate (hit/miss): 95%
  DEvictions: 200,676
  DEviction Rate (evict/misses): 9%
  MC Transactions: 2,431,639
  MC Writes: 84,126
Avg. Transactions: 76% , Writes: 3%, Avg. Latency: 27
Max MC id: 6 of 8. Transactions: 78% , Writes: 3%, MC mean Latency: 27
HBM refresh energy (nJ): 1
HBM access energy (nJ): 4,606,496
MemC wire energy 2.5d (nJ): 2,194,517
MemC wire energy 3d (nJ): 548,629

---Energy---
Leakage Energy (nJ): 135,836
PU Dyn E (nJ): 1,810,294
Mem Dyn E (nJ): 12,770,181
Route Dyn E (nJ): 2,242,372
Dynamic Energy (nJ): 16,822,847
Ratio of Dyn/Leak: 124
Total Energy (nJ): 16,958,683
Total Energy (nJ) 3D: 16,106,676
Cores Energy (nJ): 1,811,410
Route Energy (nJ): 2,246,044
Route Energy (nJ) 3D: 3,039,925
Mem Energy   (nJ): 12,901,230
Mem Energy   (nJ) 3D: 11,255,342
Avg. Power (mW): 42,321.27
Power Density (mW/mm2): 94.90

---Runtime---
Runtime in K cycles: 400.71
Microseconds: 400.71
Time per iteration (ms): 0.40

---Throughput---
GOP/s (aka OPS/ns): 781.50
GOP/s per core: 0.76
GFLOP/s: 52.51
GFLOP/s per core: 0.05
Max Peak GFLOP/s: 1,024.00
Avg. BW GB/s: 2,400.05
Max BW GB/s: 4,096.00

---Traffic---
In-Die bisection_bytes BW (GB/s): 512.00
Inter-board traffic (msg/ns): 0.00, per-link: 0.00
Inter-pack traffic (msg/ns): 0.00, per-link: 0.00
Inter-die traffic (msg/ns): 0.00, per-link: 0.00
Ruche traffic (msg/ns): 0.00, per-link: 0.00
All traffic (msg/ns): 2,057.68, per-link: 2.01
Inter-die reduction wrt all: inf
Inter-board reduction wrt inter-die: -nan

---Data Movement---
All traffic (msg): 824,538,137
Arith. Intensity FLOP/Loads: 0.16
Arith. Intensity FLOP/Msgs: 0.03
Arith. Intensity OPS/Loads: 2.45
Arith. Intensity OPS/Msgs: 0.38



===Core Utilization Total=== CORE-S:4;; TIME K cy:400 ;; Nodes Proc: 420,115 -- Edges Proc: 2,956,996

===PRINTING FRAME STATS

FCollision In Avg:104, SD:27, Max:223, Min:8
FCollision Out Avg:102, SD:42, Max:263, Min:11
FCollision End Avg:31, SD:35, Max:170, Min:0
FTask1 Avg:4, SD:4, Max:38, Min:0
FTask2 Avg:23, SD:15, Max:60, Min:0
FTask3 Avg:53, SD:8, Max:86, Min:35
FCore Active Avg:81, SD:16, Max:100, Min:37
FRouter Active Avg:88, SD:2, Max:93, Min:80
T1 invocations: 96,153
T2 invocations: 192,178
T3 invocations: 9,861,294
T3b invocations: 0
Total3 invocations: 9,861,294
Total4 invocations: 692

T3/T2 ratio: 51
T3b/T3 ratio: 0

T1 avg ex cycles: 42
T2 avg ex cycles: 124
T3&b avg ex cycles: 5
T4 avg ex cycles: 561
Avg. hops NOC1: 2
Avg. latency NOC1 (T2): 28,920
Avg. hops NOC2: 17
Avg. latency NOC2 (T3): 4,288

===PRINTING ACUM STATS at pu_cycles: 500,907

ACollision In Avg:58, SD:13, Max:122, Min:11
ACollision Out Avg:59, SD:19, Max:128, Min:15
ACollision End Avg:16, SD:14, Max:67, Min:0
ATask1 Avg:29, SD:2, Max:35, Min:4
ATask2 Avg:20, SD:7, Max:38, Min:1
ATask3 Avg:42, SD:6, Max:78, Min:30
ACore Active Avg:92, SD:6, Max:100, Min:68
ARouter Active Avg:66, SD:2, Max:72, Min:59
T1 invocations: 3,456,551
T2 invocations: 1,948,268
T3 invocations: 30,936,956
T3b invocations: 0
Total3 invocations: 30,936,956
Total4 invocations: 1,710

T3/T2 ratio: 16
T3b/T3 ratio: 0

T1 avg ex cycles: 43
T2 avg ex cycles: 53
T3&b avg ex cycles: 7
T4 avg ex cycles: 567
Avg. hops NOC1: 3
Avg. latency NOC1 (T2): 7,399
Avg. hops NOC2: 17
Avg. latency NOC2 (T3): 12,386
Number of K Nodes Processed: 3,788
Number of K Edges Processed: 31,351
Node Re-explore factor: 0.90
Edge Re-explore factor: 0.24
Nodes/cy: 8
Edges/cy: 63
TEPS: 256

---DCache---
DCache Size: 125,904
DRAM words: 133,760
  DHits: 64,290,697
  DMisses: 2,923,832
  DHit Rate (hit/miss): 96%
  DEvictions: 265,252
  DEviction Rate (evict/misses): 9%
  MC Transactions: 3,071,520
  MC Writes: 109,692
Avg. Transactions: 77% , Writes: 3%, Avg. Latency: 26
Max MC id: 3 of 8. Transactions: 78% , Writes: 3%, MC mean Latency: 25
HBM refresh energy (nJ): 1
HBM access energy (nJ): 5,818,687
MemC wire energy 2.5d (nJ): 2,772,000
MemC wire energy 3d (nJ): 693,000

---Energy---
Leakage Energy (nJ): 169,800
PU Dyn E (nJ): 2,303,979
Mem Dyn E (nJ): 16,667,462
Route Dyn E (nJ): 3,253,509
Dynamic Energy (nJ): 22,224,951
Ratio of Dyn/Leak: 131
Total Energy (nJ): 22,394,751
Total Energy (nJ) 3D: 21,467,611
Cores Energy (nJ): 2,305,373
Route Energy (nJ): 3,258,099
Route Energy (nJ) 3D: 4,409,959
Mem Energy   (nJ): 16,831,279
Mem Energy   (nJ) 3D: 14,752,279
Avg. Power (mW): 44,708.40
Power Density (mW/mm2): 100.26

---Runtime---
Runtime in K cycles: 500.91
Microseconds: 500.91
Time per iteration (ms): 0.50

---Throughput---
GOP/s (aka OPS/ns): 762.45
GOP/s per core: 0.74
GFLOP/s: 61.76
GFLOP/s per core: 0.06
Max Peak GFLOP/s: 1,024.00
Avg. BW GB/s: 2,596.63
Max BW GB/s: 4,096.00

---Traffic---
In-Die bisection_bytes BW (GB/s): 512.00
Inter-board traffic (msg/ns): 0.00, per-link: 0.00
Inter-pack traffic (msg/ns): 0.00, per-link: 0.00
Inter-die traffic (msg/ns): 0.00, per-link: 0.00
Ruche traffic (msg/ns): 0.00, per-link: 0.00
All traffic (msg/ns): 2,356.32, per-link: 2.30
Inter-die reduction wrt all: inf
Inter-board reduction wrt inter-die: -nan

---Data Movement---
All traffic (msg): 1,180,297,482
Arith. Intensity FLOP/Loads: 0.18
Arith. Intensity FLOP/Msgs: 0.03
Arith. Intensity OPS/Loads: 2.25
Arith. Intensity OPS/Msgs: 0.32



===Core Utilization Total=== CORE-S:5;; TIME K cy:500 ;; Nodes Proc: 470,100 -- Edges Proc: 4,185,156

===PRINTING FRAME STATS

FCollision In Avg:102, SD:26, Max:210, Min:10
FCollision Out Avg:98, SD:43, Max:258, Min:9
FCollision End Avg:30, SD:35, Max:195, Min:0
FTask1 Avg:4, SD:3, Max:20, Min:0
FTask2 Avg:24, SD:16, Max:60, Min:0
FTask3 Avg:52, SD:8, Max:99, Min:29
FCore Active Avg:80, SD:16, Max:100, Min:37
FRouter Active Avg:89, SD:2, Max:94, Min:81
T1 invocations: 95,096
T2 invocations: 206,417
T3 invocations: 10,104,025
T3b invocations: 0
Total3 invocations: 10,104,025
Total4 invocations: 1,004

T3/T2 ratio: 49
T3b/T3 ratio: 0

T1 avg ex cycles: 40
T2 avg ex cycles: 118
T3&b avg ex cycles: 5
T4 avg ex cycles: 558
Avg. hops NOC1: 2
Avg. latency NOC1 (T2): 27,068
Avg. hops NOC2: 17
Avg. latency NOC2 (T3): 3,777

===PRINTING ACUM STATS at pu_cycles: 600,641

ACollision In Avg:65, SD:13, Max:128, Min:15
ACollision Out Avg:65, SD:21, Max:150, Min:18
ACollision End Avg:19, SD:15, Max:72, Min:0
ATask1 Avg:25, SD:2, Max:31, Min:4
ATask2 Avg:21, SD:7, Max:38, Min:1
ATask3 Avg:44, SD:6, Max:79, Min:31
ACore Active Avg:90, SD:7, Max:100, Min:64
ARouter Active Avg:70, SD:2, Max:75, Min:64
T1 invocations: 3,550,634
T2 invocations: 2,152,778
T3 invocations: 40,957,956
T3b invocations: 0
Total3 invocations: 40,957,956
Total4 invocations: 2,703

T3/T2 ratio: 19
T3b/T3 ratio: 0

T1 avg ex cycles: 43
T2 avg ex cycles: 59
T3&b avg ex cycles: 7
T4 avg ex cycles: 564
Avg. hops NOC1: 3
Avg. latency NOC1 (T2): 9,269
Avg. hops NOC2: 17
Avg. latency NOC2 (T3): 10,278
Number of K Nodes Processed: 4,028
Number of K Edges Processed: 41,452
Node Re-explore factor: 0.96
Edge Re-explore factor: 0.32
Nodes/cy: 7
Edges/cy: 69
TEPS: 214

---DCache---
DCache Size: 125,904
DRAM words: 133,760
  DHits: 81,483,884
  DMisses: 3,537,544
  DHit Rate (hit/miss): 96%
  DEvictions: 339,889
  DEviction Rate (evict/misses): 10%
  MC Transactions: 3,717,088
  MC Writes: 137,985
Avg. Transactions: 77% , Writes: 3%, Avg. Latency: 25
Max MC id: 3 of 8. Transactions: 79% , Writes: 3%, MC mean Latency: 25
HBM refresh energy (nJ): 1
HBM access energy (nJ): 7,041,651
MemC wire energy 2.5d (nJ): 3,354,615
MemC wire energy 3d (nJ): 838,654

---Energy---
Leakage Energy (nJ): 203,608
PU Dyn E (nJ): 2,796,120
Mem Dyn E (nJ): 20,583,519
Route Dyn E (nJ): 4,283,668
Dynamic Energy (nJ): 27,663,308
Ratio of Dyn/Leak: 136
Total Energy (nJ): 27,866,916
Total Energy (nJ) 3D: 26,867,529
Cores Energy (nJ): 2,797,792
Route Energy (nJ): 4,289,172
Route Energy (nJ) 3D: 5,805,746
Mem Energy   (nJ): 20,779,953
Mem Energy   (nJ) 3D: 18,263,992
Avg. Power (mW): 46,395.30
Power Density (mW/mm2): 104.04

---Runtime---
Runtime in K cycles: 600.64
Microseconds: 600.64
Time per iteration (ms): 0.60

---Throughput---
GOP/s (aka OPS/ns): 748.94
GOP/s per core: 0.73
GFLOP/s: 68.19
GFLOP/s per core: 0.07
Max Peak GFLOP/s: 1,024.00
Avg. BW GB/s: 2,728.17
Max BW GB/s: 4,096.00

---Traffic---
In-Die bisection_bytes BW (GB/s): 512.00
Inter-board traffic (msg/ns): 0.00, per-link: 0.00
Inter-pack traffic (msg/ns): 0.00, per-link: 0.00
Inter-die traffic (msg/ns): 0.00, per-link: 0.00
Ruche traffic (msg/ns): 0.00, per-link: 0.00
All traffic (msg/ns): 2,567.99, per-link: 2.51
Inter-die reduction wrt all: inf
Inter-board reduction wrt inter-die: -nan

---Data Movement---
All traffic (msg): 1,542,439,124
Arith. Intensity FLOP/Loads: 0.19
Arith. Intensity FLOP/Msgs: 0.03
Arith. Intensity OPS/Loads: 2.12
Arith. Intensity OPS/Msgs: 0.29



===Core Utilization Total=== CORE-S:6;; TIME K cy:600 ;; Nodes Proc: 499,861 -- Edges Proc: 5,476,604

===PRINTING FRAME STATS

FCollision In Avg:94, SD:27, Max:215, Min:9
FCollision Out Avg:87, SD:46, Max:222, Min:5
FCollision End Avg:27, SD:35, Max:180, Min:0
FTask1 Avg:4, SD:4, Max:23, Min:0
FTask2 Avg:24, SD:16, Max:61, Min:0
FTask3 Avg:52, SD:9, Max:92, Min:30
FCore Active Avg:81, SD:16, Max:100, Min:34
FRouter Active Avg:89, SD:2, Max:94, Min:80
T1 invocations: 114,656
T2 invocations: 227,483
T3 invocations: 10,232,208
T3b invocations: 0
Total3 invocations: 10,232,208
Total4 invocations: 1,407

T3/T2 ratio: 45
T3b/T3 ratio: 0

T1 avg ex cycles: 38
T2 avg ex cycles: 108
T3&b avg ex cycles: 5
T4 avg ex cycles: 556
Avg. hops NOC1: 2
Avg. latency NOC1 (T2): 22,150
Avg. hops NOC2: 17
Avg. latency NOC2 (T3): 3,849

===PRINTING ACUM STATS at pu_cycles: 700,916

ACollision In Avg:70, SD:13, Max:131, Min:18
ACollision Out Avg:69, SD:22, Max:160, Min:21
ACollision End Avg:20, SD:15, Max:76, Min:0
ATask1 Avg:22, SD:2, Max:29, Min:6
ATask2 Avg:21, SD:8, Max:40, Min:1
ATask3 Avg:45, SD:6, Max:80, Min:32
ACore Active Avg:88, SD:8, Max:100, Min:60
ARouter Active Avg:73, SD:1, Max:78, Min:67
T1 invocations: 3,665,976
T2 invocations: 2,382,829
T3 invocations: 51,268,177
T3b invocations: 0
Total3 invocations: 51,268,177
Total4 invocations: 4,122

T3/T2 ratio: 22
T3b/T3 ratio: 0

T1 avg ex cycles: 43
T2 avg ex cycles: 64
T3&b avg ex cycles: 6
T4 avg ex cycles: 561
Avg. hops NOC1: 3
Avg. latency NOC1 (T2): 10,514
Avg. hops NOC2: 17
Avg. latency NOC2 (T3): 8,985
Number of K Nodes Processed: 4,197
Number of K Edges Processed: 51,723
Node Re-explore factor: 1.00
Edge Re-explore factor: 0.40
Nodes/cy: 6
Edges/cy: 74
TEPS: 183

---DCache---
DCache Size: 125,904
DRAM words: 133,760
  DHits: 98,869,669
  DMisses: 4,156,329
  DHit Rate (hit/miss): 96%
  DEvictions: 421,836
  DEviction Rate (evict/misses): 10%
  MC Transactions: 4,369,693
  MC Writes: 167,911
Avg. Transactions: 78% , Writes: 3%, Avg. Latency: 24
Max MC id: 3 of 8. Transactions: 80% , Writes: 3%, MC mean Latency: 24
HBM refresh energy (nJ): 2
HBM access energy (nJ): 8,277,946
MemC wire energy 2.5d (nJ): 3,943,581
MemC wire energy 3d (nJ): 985,895

---Energy---
Leakage Energy (nJ): 237,600
PU Dyn E (nJ): 3,303,776
Mem Dyn E (nJ): 24,572,725
Route Dyn E (nJ): 5,350,226
Dynamic Energy (nJ): 33,226,727
Ratio of Dyn/Leak: 140
Total Energy (nJ): 33,464,327
Total Energy (nJ) 3D: 32,400,816
Cores Energy (nJ): 3,305,727
Route Energy (nJ): 5,356,648
Route Energy (nJ) 3D: 7,250,823
Mem Energy   (nJ): 24,801,952
Mem Energy   (nJ) 3D: 21,844,266
Avg. Power (mW): 47,743.71
Power Density (mW/mm2): 107.06

---Runtime---
Runtime in K cycles: 700.92
Microseconds: 700.92
Time per iteration (ms): 0.70

---Throughput---
GOP/s (aka OPS/ns): 741.92
GOP/s per core: 0.72
GFLOP/s: 73.14
GFLOP/s per core: 0.07
Max Peak GFLOP/s: 1,024.00
Avg. BW GB/s: 2,833.63
Max BW GB/s: 4,096.00

---Traffic---
In-Die bisection_bytes BW (GB/s): 512.00
Inter-board traffic (msg/ns): 0.00, per-link: 0.00
Inter-pack traffic (msg/ns): 0.00, per-link: 0.00
Inter-die traffic (msg/ns): 0.00, per-link: 0.00
Ruche traffic (msg/ns): 0.00, per-link: 0.00
All traffic (msg/ns): 2,734.68, per-link: 2.67
Inter-die reduction wrt all: inf
Inter-board reduction wrt inter-die: -nan

---Data Movement---
All traffic (msg): 1,916,780,973
Arith. Intensity FLOP/Loads: 0.20
Arith. Intensity FLOP/Msgs: 0.03
Arith. Intensity OPS/Loads: 2.03
Arith. Intensity OPS/Msgs: 0.27



===Core Utilization Total=== CORE-S:7;; TIME K cy:700 ;; Nodes Proc: 521,068 -- Edges Proc: 6,745,984

===PRINTING FRAME STATS

FCollision In Avg:93, SD:27, Max:250, Min:8
FCollision Out Avg:86, SD:43, Max:245, Min:8
FCollision End Avg:26, SD:33, Max:182, Min:0
FTask1 Avg:5, SD:5, Max:27, Min:0
FTask2 Avg:24, SD:15, Max:62, Min:0
FTask3 Avg:53, SD:9, Max:99, Min:32
FCore Active Avg:82, SD:15, Max:100, Min:37
FRouter Active Avg:90, SD:2, Max:95, Min:81
T1 invocations: 136,520
T2 invocations: 246,871
T3 invocations: 10,465,885
T3b invocations: 0
Total3 invocations: 10,465,885
Total4 invocations: 1,804

T3/T2 ratio: 42
T3b/T3 ratio: 0

T1 avg ex cycles: 36
T2 avg ex cycles: 98
T3&b avg ex cycles: 5
T4 avg ex cycles: 554
Avg. hops NOC1: 2
Avg. latency NOC1 (T2): 19,313
Avg. hops NOC2: 17
Avg. latency NOC2 (T3): 3,891

===PRINTING ACUM STATS at pu_cycles: 800,601

ACollision In Avg:72, SD:14, Max:128, Min:18
ACollision Out Avg:71, SD:22, Max:169, Min:20
ACollision End Avg:21, SD:15, Max:79, Min:0
ATask1 Avg:20, SD:2, Max:29, Min:5
ATask2 Avg:21, SD:8, Max:40, Min:1
ATask3 Avg:46, SD:6, Max:82, Min:32
ACore Active Avg:88, SD:8, Max:100, Min:59
ARouter Active Avg:75, SD:1, Max:79, Min:70
T1 invocations: 3,797,941
T2 invocations: 2,621,638
T3 invocations: 61,407,030
T3b invocations: 0
Total3 invocations: 61,407,030
Total4 invocations: 5,866

T3/T2 ratio: 23
T3b/T3 ratio: 0

T1 avg ex cycles: 43
T2 avg ex cycles: 67
T3&b avg ex cycles: 6
T4 avg ex cycles: 559
Avg. hops NOC1: 3
Avg. latency NOC1 (T2): 11,315
Avg. hops NOC2: 17
Avg. latency NOC2 (T3): 8,139
Number of K Nodes Processed: 4,327
Number of K Edges Processed: 62,092
Node Re-explore factor: 1.03
Edge Re-explore factor: 0.48
Nodes/cy: 5
Edges/cy: 78
TEPS: 160

---DCache---
DCache Size: 125,904
DRAM words: 133,760
  DHits: 116,533,228
  DMisses: 4,768,414
  DHit Rate (hit/miss): 96%
  DEvictions: 503,412
  DEviction Rate (evict/misses): 11%
  MC Transactions: 5,015,146
  MC Writes: 197,638
Avg. Transactions: 78% , Writes: 3%, Avg. Latency: 24
Max MC id: 3 of 8. Transactions: 80% , Writes: 3%, MC mean Latency: 23
HBM refresh energy (nJ): 2
HBM access energy (nJ): 9,500,692
MemC wire energy 2.5d (nJ): 4,526,093
MemC wire energy 3d (nJ): 1,131,523

---Energy---
Leakage Energy (nJ): 271,392
PU Dyn E (nJ): 3,803,867
Mem Dyn E (nJ): 28,498,988
Route Dyn E (nJ): 6,386,586
Dynamic Energy (nJ): 38,689,441
Ratio of Dyn/Leak: 143
Total Energy (nJ): 38,960,833
Total Energy (nJ) 3D: 37,827,347
Cores Energy (nJ): 3,806,096
Route Energy (nJ): 6,393,922
Route Energy (nJ) 3D: 8,655,005
Mem Energy   (nJ): 28,760,816
Mem Energy   (nJ) 3D: 25,366,247
Avg. Power (mW): 48,664.48
Power Density (mW/mm2): 109.13

---Runtime---
Runtime in K cycles: 800.60
Microseconds: 800.60
Time per iteration (ms): 0.80

---Throughput---
GOP/s (aka OPS/ns): 735.98
GOP/s per core: 0.72
GFLOP/s: 76.70
GFLOP/s per core: 0.07
Max Peak GFLOP/s: 1,024.00
Avg. BW GB/s: 2,903.38
Max BW GB/s: 4,096.00

---Traffic---
In-Die bisection_bytes BW (GB/s): 512.00
Inter-board traffic (msg/ns): 0.00, per-link: 0.00
Inter-pack traffic (msg/ns): 0.00, per-link: 0.00
Inter-die traffic (msg/ns): 0.00, per-link: 0.00
Ruche traffic (msg/ns): 0.00, per-link: 0.00
All traffic (msg/ns): 2,849.34, per-link: 2.78
Inter-die reduction wrt all: inf
Inter-board reduction wrt inter-die: -nan

---Data Movement---
All traffic (msg): 2,281,184,546
Arith. Intensity FLOP/Loads: 0.21
Arith. Intensity FLOP/Msgs: 0.03
Arith. Intensity OPS/Loads: 1.98
Arith. Intensity OPS/Msgs: 0.26



===Core Utilization Total=== CORE-S:8;; TIME K cy:800 ;; Nodes Proc: 537,228 -- Edges Proc: 7,995,863

===PRINTING FRAME STATS

FCollision In Avg:93, SD:26, Max:202, Min:10
FCollision Out Avg:89, SD:44, Max:253, Min:10
FCollision End Avg:26, SD:33, Max:186, Min:0
FTask1 Avg:5, SD:5, Max:30, Min:0
FTask2 Avg:23, SD:15, Max:63, Min:0
FTask3 Avg:51, SD:9, Max:100, Min:32
FCore Active Avg:81, SD:16, Max:100, Min:37
FRouter Active Avg:89, SD:4, Max:95, Min:77
T1 invocations: 153,475
T2 invocations: 265,238
T3 invocations: 10,171,948
T3b invocations: 0
Total3 invocations: 10,171,948
Total4 invocations: 2,260

T3/T2 ratio: 38
T3b/T3 ratio: 0

T1 avg ex cycles: 36
T2 avg ex cycles: 90
T3&b avg ex cycles: 5
T4 avg ex cycles: 519
Avg. hops NOC1: 2
Avg. latency NOC1 (T2): 17,662
Avg. hops NOC2: 17
Avg. latency NOC2 (T3): 3,472

===PRINTING ACUM STATS at pu_cycles: 900,686

ACollision In Avg:75, SD:13, Max:128, Min:19
ACollision Out Avg:73, SD:22, Max:169, Min:22
ACollision End Avg:21, SD:15, Max:81, Min:0
ATask1 Avg:18, SD:2, Max:26, Min:4
ATask2 Avg:22, SD:7, Max:38, Min:1
ATask3 Avg:47, SD:7, Max:84, Min:32
ACore Active Avg:87, SD:8, Max:100, Min:57
ARouter Active Avg:76, SD:1, Max:80, Min:72
T1 invocations: 3,952,707
T2 invocations: 2,897,777
T3 invocations: 71,827,187
T3b invocations: 0
Total3 invocations: 71,827,187
Total4 invocations: 8,147

T3/T2 ratio: 25
T3b/T3 ratio: 0

T1 avg ex cycles: 42
T2 avg ex cycles: 69
T3&b avg ex cycles: 6
T4 avg ex cycles: 548
Avg. hops NOC1: 2
Avg. latency NOC1 (T2): 11,911
Avg. hops NOC2: 17
Avg. latency NOC2 (T3): 7,471
Number of K Nodes Processed: 4,428
Number of K Edges Processed: 72,263
Node Re-explore factor: 1.06
Edge Re-explore factor: 0.56
Nodes/cy: 5
Edges/cy: 80
TEPS: 142

---DCache---
DCache Size: 125,904
DRAM words: 133,760
  DHits: 133,934,302
  DMisses: 5,362,341
  DHit Rate (hit/miss): 96%
  DEvictions: 585,052
  DEviction Rate (evict/misses): 11%
  MC Transactions: 5,638,588
  MC Writes: 223,722
Avg. Transactions: 78% , Writes: 3%, Avg. Latency: 23
Max MC id: 3 of 8. Transactions: 79% , Writes: 3%, MC mean Latency: 23
HBM refresh energy (nJ): 2
HBM access energy (nJ): 10,681,741
MemC wire energy 2.5d (nJ): 5,088,740
MemC wire energy 3d (nJ): 1,272,185

---Energy---
Leakage Energy (nJ): 305,319
PU Dyn E (nJ): 4,322,979
Mem Dyn E (nJ): 32,433,611
Route Dyn E (nJ): 7,464,775
Dynamic Energy (nJ): 44,221,366
Ratio of Dyn/Leak: 145
Total Energy (nJ): 44,526,685
Total Energy (nJ) 3D: 43,352,932
Cores Energy (nJ): 4,325,486
Route Energy (nJ): 7,473,028
Route Energy (nJ) 3D: 10,115,829
Mem Energy   (nJ): 32,728,172
Mem Energy   (nJ) 3D: 28,911,617
Avg. Power (mW): 49,436.41
Power Density (mW/mm2): 110.86

---Runtime---
Runtime in K cycles: 900.69
Microseconds: 900.69
Time per iteration (ms): 0.90

---Throughput---
GOP/s (aka OPS/ns): 734.42
GOP/s per core: 0.72
GFLOP/s: 79.75
GFLOP/s per core: 0.08
Max Peak GFLOP/s: 1,024.00
Avg. BW GB/s: 2,972.36
Max BW GB/s: 4,096.00

---Traffic---
In-Die bisection_bytes BW (GB/s): 512.00
Inter-board traffic (msg/ns): 0.00, per-link: 0.00
Inter-pack traffic (msg/ns): 0.00, per-link: 0.00
Inter-die traffic (msg/ns): 0.00, per-link: 0.00
Ruche traffic (msg/ns): 0.00, per-link: 0.00
All traffic (msg/ns): 2,951.68, per-link: 2.88
Inter-die reduction wrt all: inf
Inter-board reduction wrt inter-die: -nan

---Data Movement---
All traffic (msg): 2,658,537,263
Arith. Intensity FLOP/Loads: 0.21
Arith. Intensity FLOP/Msgs: 0.03
Arith. Intensity OPS/Loads: 1.93
Arith. Intensity OPS/Msgs: 0.25



===Core Utilization Total=== CORE-S:9;; TIME K cy:900 ;; Nodes Proc: 550,011 -- Edges Proc: 9,201,796

===PRINTING FRAME STATS

FCollision In Avg:91, SD:29, Max:227, Min:8
FCollision Out Avg:89, SD:44, Max:214, Min:9
FCollision End Avg:24, SD:32, Max:159, Min:0
FTask1 Avg:6, SD:6, Max:32, Min:0
FTask2 Avg:22, SD:14, Max:63, Min:0
FTask3 Avg:49, SD:9, Max:100, Min:30
FCore Active Avg:79, SD:16, Max:100, Min:36
FRouter Active Avg:87, SD:4, Max:93, Min:72
T1 invocations: 179,500
T2 invocations: 280,346
T3 invocations: 9,777,267
T3b invocations: 0
Total3 invocations: 9,777,267
Total4 invocations: 2,861

T3/T2 ratio: 35
T3b/T3 ratio: 0

T1 avg ex cycles: 35
T2 avg ex cycles: 81
T3&b avg ex cycles: 5
T4 avg ex cycles: 498
Avg. hops NOC1: 2
Avg. latency NOC1 (T2): 15,433
Avg. hops NOC2: 17
Avg. latency NOC2 (T3): 3,311

===PRINTING ACUM STATS at pu_cycles: 1,000,839

ACollision In Avg:76, SD:13, Max:125, Min:19
ACollision Out Avg:74, SD:22, Max:166, Min:22
ACollision End Avg:22, SD:14, Max:88, Min:0
ATask1 Avg:17, SD:2, Max:23, Min:4
ATask2 Avg:22, SD:7, Max:36, Min:1
ATask3 Avg:47, SD:7, Max:86, Min:32
ACore Active Avg:86, SD:8, Max:100, Min:56
ARouter Active Avg:77, SD:1, Max:81, Min:72
T1 invocations: 4,134,424
T2 invocations: 3,178,127
T3 invocations: 81,665,026
T3b invocations: 0
Total3 invocations: 81,665,026
Total4 invocations: 11,046

T3/T2 ratio: 26
T3b/T3 ratio: 0

T1 avg ex cycles: 42
T2 avg ex cycles: 70
T3&b avg ex cycles: 6
T4 avg ex cycles: 535
Avg. hops NOC1: 2
Avg. latency NOC1 (T2): 12,220
Avg. hops NOC2: 17
Avg. latency NOC2 (T3): 6,968
Number of K Nodes Processed: 4,510
Number of K Edges Processed: 81,988
Node Re-explore factor: 1.08
Edge Re-explore factor: 0.64
Nodes/cy: 5
Edges/cy: 82
TEPS: 128

---DCache---
DCache Size: 125,904
DRAM words: 133,760
  DHits: 150,941,303
  DMisses: 5,922,106
  DHit Rate (hit/miss): 96%
  DEvictions: 667,729
  DEviction Rate (evict/misses): 11%
  MC Transactions: 6,226,169
  MC Writes: 248,790
Avg. Transactions: 78% , Writes: 3%, Avg. Latency: 23
Max MC id: 7 of 8. Transactions: 79% , Writes: 3%, MC mean Latency: 22
HBM refresh energy (nJ): 2
HBM access energy (nJ): 11,794,854
MemC wire energy 2.5d (nJ): 5,619,023
MemC wire energy 3d (nJ): 1,404,756

---Energy---
Leakage Energy (nJ): 339,270
PU Dyn E (nJ): 4,818,211
Mem Dyn E (nJ): 36,145,513
Route Dyn E (nJ): 8,472,315
Dynamic Energy (nJ): 49,436,039
Ratio of Dyn/Leak: 146
Total Energy (nJ): 49,775,309
Total Energy (nJ) 3D: 48,560,549
Cores Energy (nJ): 4,820,997
Route Energy (nJ): 8,481,485
Route Energy (nJ) 3D: 11,480,993
Mem Energy   (nJ): 36,472,827
Mem Energy   (nJ) 3D: 32,258,560
Avg. Power (mW): 49,733.58
Power Density (mW/mm2): 111.52

---Runtime---
Runtime in K cycles: 1,000.84
Microseconds: 1,000.84
Time per iteration (ms): 1.00

---Throughput---
GOP/s (aka OPS/ns): 730.20
GOP/s per core: 0.71
GFLOP/s: 81.60
GFLOP/s per core: 0.08
Max Peak GFLOP/s: 1,024.00
Avg. BW GB/s: 3,005.57
Max BW GB/s: 4,096.00

---Traffic---
In-Die bisection_bytes BW (GB/s): 512.00
Inter-board traffic (msg/ns): 0.00, per-link: 0.00
Inter-pack traffic (msg/ns): 0.00, per-link: 0.00
Inter-die traffic (msg/ns): 0.00, per-link: 0.00
Ruche traffic (msg/ns): 0.00, per-link: 0.00
All traffic (msg/ns): 3,009.07, per-link: 2.94
Inter-die reduction wrt all: inf
Inter-board reduction wrt inter-die: -nan

---Data Movement---
All traffic (msg): 3,011,596,204
Arith. Intensity FLOP/Loads: 0.21
Arith. Intensity FLOP/Msgs: 0.03
Arith. Intensity OPS/Loads: 1.91
Arith. Intensity OPS/Msgs: 0.24



===Core Utilization Total=== CORE-S:10;; TIME K cy:1,000 ;; Nodes Proc: 560,279 -- Edges Proc: 10,550,672

===PRINTING FRAME STATS

FCollision In Avg:92, SD:31, Max:287, Min:3
FCollision Out Avg:93, SD:49, Max:264, Min:0
FCollision End Avg:24, SD:32, Max:179, Min:0
FTask1 Avg:6, SD:7, Max:35, Min:0
FTask2 Avg:20, SD:15, Max:64, Min:0
FTask3 Avg:45, SD:9, Max:100, Min:24
FCore Active Avg:73, SD:18, Max:100, Min:32
FRouter Active Avg:83, SD:10, Max:95, Min:57
T1 invocations: 195,188
T2 invocations: 289,599
T3 invocations: 8,973,452
T3b invocations: 0
Total3 invocations: 8,973,452
Total4 invocations: 3,724

T3/T2 ratio: 31
T3b/T3 ratio: 0

T1 avg ex cycles: 34
T2 avg ex cycles: 71
T3&b avg ex cycles: 5
T4 avg ex cycles: 431
Avg. hops NOC1: 2
Avg. latency NOC1 (T2): 14,224
Avg. hops NOC2: 17
Avg. latency NOC2 (T3): 2,659

===PRINTING ACUM STATS at pu_cycles: 1,100,707

ACollision In Avg:78, SD:13, Max:138, Min:19
ACollision Out Avg:76, SD:22, Max:160, Min:24
ACollision End Avg:22, SD:14, Max:96, Min:0
ATask1 Avg:16, SD:2, Max:21, Min:4
ATask2 Avg:22, SD:7, Max:34, Min:1
ATask3 Avg:47, SD:7, Max:87, Min:32
ACore Active Avg:85, SD:8, Max:100, Min:54
ARouter Active Avg:78, SD:2, Max:82, Min:71
T1 invocations: 4,328,850
T2 invocations: 3,464,695
T3 invocations: 90,545,509
T3b invocations: 0
Total3 invocations: 90,545,509
Total4 invocations: 14,760

T3/T2 ratio: 26
T3b/T3 ratio: 0

T1 avg ex cycles: 42
T2 avg ex cycles: 70
T3&b avg ex cycles: 6
T4 avg ex cycles: 508
Avg. hops NOC1: 2
Avg. latency NOC1 (T2): 12,392
Avg. hops NOC2: 17
Avg. latency NOC2 (T3): 6,545
Number of K Nodes Processed: 4,574
Number of K Edges Processed: 90,907
Node Re-explore factor: 1.09
Edge Re-explore factor: 0.71
Nodes/cy: 4
Edges/cy: 83
TEPS: 117

---DCache---
DCache Size: 125,904
DRAM words: 133,760
  DHits: 166,837,813
  DMisses: 6,420,705
  DHit Rate (hit/miss): 96%
  DEvictions: 751,044
  DEviction Rate (evict/misses): 12%
  MC Transactions: 6,752,210
  MC Writes: 274,047
Avg. Transactions: 77% , Writes: 3%, Avg. Latency: 22
Max MC id: 4 of 8. Transactions: 77% , Writes: 3%, MC mean Latency: 22
HBM refresh energy (nJ): 3
HBM access energy (nJ): 12,791,386
MemC wire energy 2.5d (nJ): 6,093,767
MemC wire energy 3d (nJ): 1,523,442

---Energy---
Leakage Energy (nJ): 373,124
PU Dyn E (nJ): 5,271,859
Mem Dyn E (nJ): 39,508,426
Route Dyn E (nJ): 9,387,553
Dynamic Energy (nJ): 54,167,839
Ratio of Dyn/Leak: 145
Total Energy (nJ): 54,540,963
Total Energy (nJ) 3D: 53,294,173
Cores Energy (nJ): 5,274,923
Route Energy (nJ): 9,397,639
Route Energy (nJ) 3D: 12,721,174
Mem Energy   (nJ): 39,868,401
Mem Energy   (nJ) 3D: 35,298,076
Avg. Power (mW): 49,550.85
Power Density (mW/mm2): 111.11

---Runtime---
Runtime in K cycles: 1,100.71
Microseconds: 1,100.71
Time per iteration (ms): 1.10

---Throughput---
GOP/s (aka OPS/ns): 722.14
GOP/s per core: 0.71
GFLOP/s: 82.26
GFLOP/s per core: 0.08
Max Peak GFLOP/s: 1,024.00
Avg. BW GB/s: 3,006.70
Max BW GB/s: 4,096.00

---Traffic---
In-Die bisection_bytes BW (GB/s): 512.00
Inter-board traffic (msg/ns): 0.00, per-link: 0.00
Inter-pack traffic (msg/ns): 0.00, per-link: 0.00
Inter-die traffic (msg/ns): 0.00, per-link: 0.00
Ruche traffic (msg/ns): 0.00, per-link: 0.00
All traffic (msg/ns): 3,027.18, per-link: 2.96
Inter-die reduction wrt all: inf
Inter-board reduction wrt inter-die: -nan

---Data Movement---
All traffic (msg): 3,332,040,311
Arith. Intensity FLOP/Loads: 0.21
Arith. Intensity FLOP/Msgs: 0.03
Arith. Intensity OPS/Loads: 1.89
Arith. Intensity OPS/Msgs: 0.24



===Core Utilization Total=== CORE-S:11;; TIME K cy:1,100 ;; Nodes Proc: 568,307 -- Edges Proc: 12,047,031

===PRINTING FRAME STATS

FCollision In Avg:84, SD:35, Max:264, Min:2
FCollision Out Avg:86, SD:51, Max:236, Min:1
FCollision End Avg:23, SD:32, Max:177, Min:0
FTask1 Avg:7, SD:8, Max:38, Min:0
FTask2 Avg:19, SD:16, Max:68, Min:0
FTask3 Avg:44, SD:8, Max:100, Min:28
FCore Active Avg:73, SD:18, Max:100, Min:34
FRouter Active Avg:83, SD:10, Max:94, Min:60
T1 invocations: 228,108
T2 invocations: 317,919
T3 invocations: 8,836,915
T3b invocations: 0
Total3 invocations: 8,836,915
Total4 invocations: 5,562

T3/T2 ratio: 28
T3b/T3 ratio: 0

T1 avg ex cycles: 33
T2 avg ex cycles: 63
T3&b avg ex cycles: 5
T4 avg ex cycles: 346
Avg. hops NOC1: 2
Avg. latency NOC1 (T2): 12,402
Avg. hops NOC2: 17
Avg. latency NOC2 (T3): 2,789

===PRINTING ACUM STATS at pu_cycles: 1,200,972

ACollision In Avg:78, SD:14, Max:148, Min:26
ACollision Out Avg:77, SD:23, Max:157, Min:22
ACollision End Avg:22, SD:13, Max:103, Min:0
ATask1 Avg:15, SD:2, Max:20, Min:3
ATask2 Avg:21, SD:6, Max:31, Min:1
ATask3 Avg:46, SD:7, Max:88, Min:32
ACore Active Avg:84, SD:8, Max:100, Min:53
ARouter Active Avg:78, SD:2, Max:83, Min:71
T1 invocations: 4,559,423
T2 invocations: 3,785,102
T3 invocations: 99,480,110
T3b invocations: 0
Total3 invocations: 99,480,110
Total4 invocations: 20,368

T3/T2 ratio: 26
T3b/T3 ratio: 0

T1 avg ex cycles: 41
T2 avg ex cycles: 69
T3&b avg ex cycles: 6
T4 avg ex cycles: 464
Avg. hops NOC1: 2
Avg. latency NOC1 (T2): 12,393
Avg. hops NOC2: 17
Avg. latency NOC2 (T3): 6,207
Number of K Nodes Processed: 4,630
Number of K Edges Processed: 99,794
Node Re-explore factor: 1.10
Edge Re-explore factor: 0.78
Nodes/cy: 4
Edges/cy: 83
TEPS: 107

---DCache---
DCache Size: 125,904
DRAM words: 133,760
  DHits: 182,806,141
  DMisses: 6,893,945
  DHit Rate (hit/miss): 96%
  DEvictions: 834,774
  DEviction Rate (evict/misses): 12%
  MC Transactions: 7,250,436
  MC Writes: 297,154
Avg. Transactions: 75% , Writes: 3%, Avg. Latency: 22
Max MC id: 6 of 8. Transactions: 77% , Writes: 3%, MC mean Latency: 22
HBM refresh energy (nJ): 3
HBM access energy (nJ): 13,735,225
MemC wire energy 2.5d (nJ): 6,543,408
MemC wire energy 3d (nJ): 1,635,852

---Energy---
Leakage Energy (nJ): 407,112
PU Dyn E (nJ): 5,735,516
Mem Dyn E (nJ): 42,814,749
Route Dyn E (nJ): 10,314,727
Dynamic Energy (nJ): 58,864,993
Ratio of Dyn/Leak: 145
Total Energy (nJ): 59,272,105
Total Energy (nJ) 3D: 58,016,337
Cores Energy (nJ): 5,738,859
Route Energy (nJ): 10,325,731
Route Energy (nJ) 3D: 13,977,520
Mem Energy   (nJ): 43,207,515
Mem Energy   (nJ) 3D: 38,299,959
Avg. Power (mW): 49,353.44
Power Density (mW/mm2): 110.67

---Runtime---
Runtime in K cycles: 1,200.97
Microseconds: 1,200.97
Time per iteration (ms): 1.20

---Throughput---
GOP/s (aka OPS/ns): 716.82
GOP/s per core: 0.70
GFLOP/s: 82.83
GFLOP/s per core: 0.08
Max Peak GFLOP/s: 1,024.00
Avg. BW GB/s: 3,009.90
Max BW GB/s: 4,096.00

---Traffic---
In-Die bisection_bytes BW (GB/s): 512.00
Inter-board traffic (msg/ns): 0.00, per-link: 0.00
Inter-pack traffic (msg/ns): 0.00, per-link: 0.00
Inter-die traffic (msg/ns): 0.00, per-link: 0.00
Ruche traffic (msg/ns): 0.00, per-link: 0.00
All traffic (msg/ns): 3,043.77, per-link: 2.97
Inter-die reduction wrt all: inf
Inter-board reduction wrt inter-die: -nan

---Data Movement---
All traffic (msg): 3,655,485,765
Arith. Intensity FLOP/Loads: 0.22
Arith. Intensity FLOP/Msgs: 0.03
Arith. Intensity OPS/Loads: 1.87
Arith. Intensity OPS/Msgs: 0.24



===Core Utilization Total=== CORE-S:12;; TIME K cy:1,200 ;; Nodes Proc: 575,328 -- Edges Proc: 13,523,152

===PRINTING FRAME STATS

FCollision In Avg:71, SD:38, Max:268, Min:2
FCollision Out Avg:73, SD:52, Max:211, Min:1
FCollision End Avg:21, SD:30, Max:176, Min:0
FTask1 Avg:8, SD:8, Max:37, Min:0
FTask2 Avg:19, SD:16, Max:70, Min:0
FTask3 Avg:43, SD:8, Max:100, Min:26
FCore Active Avg:72, SD:20, Max:100, Min:33
FRouter Active Avg:83, SD:8, Max:94, Min:58
T1 invocations: 239,691
T2 invocations: 333,787
T3 invocations: 8,695,975
T3b invocations: 0
Total3 invocations: 8,695,975
Total4 invocations: 9,449

T3/T2 ratio: 26
T3b/T3 ratio: 0

T1 avg ex cycles: 33
T2 avg ex cycles: 59
T3&b avg ex cycles: 5
T4 avg ex cycles: 223
Avg. hops NOC1: 2
Avg. latency NOC1 (T2): 10,862
Avg. hops NOC2: 17
Avg. latency NOC2 (T3): 2,877

===PRINTING ACUM STATS at pu_cycles: 1,300,951

ACollision In Avg:78, SD:15, Max:157, Min:31
ACollision Out Avg:77, SD:23, Max:149, Min:20
ACollision End Avg:22, SD:13, Max:108, Min:0
ATask1 Avg:15, SD:2, Max:19, Min:3
ATask2 Avg:21, SD:6, Max:30, Min:0
ATask3 Avg:46, SD:7, Max:89, Min:31
ACore Active Avg:83, SD:8, Max:100, Min:51
ARouter Active Avg:79, SD:3, Max:83, Min:70
T1 invocations: 4,798,541
T2 invocations: 4,118,218
T3 invocations: 108,139,256
T3b invocations: 0
Total3 invocations: 108,139,256
Total4 invocations: 29,815

T3/T2 ratio: 26
T3b/T3 ratio: 0

T1 avg ex cycles: 41
T2 avg ex cycles: 69
T3&b avg ex cycles: 6
T4 avg ex cycles: 388
Avg. hops NOC1: 2
Avg. latency NOC1 (T2): 12,267
Avg. hops NOC2: 17
Avg. latency NOC2 (T3): 5,941
Number of K Nodes Processed: 4,679
Number of K Edges Processed: 108,492
Node Re-explore factor: 1.12
Edge Re-explore factor: 0.85
Nodes/cy: 4
Edges/cy: 83
TEPS: 99

---DCache---
DCache Size: 125,904
DRAM words: 133,760
  DHits: 198,568,597
  DMisses: 7,349,898
  DHit Rate (hit/miss): 96%
  DEvictions: 920,342
  DEviction Rate (evict/misses): 13%
  MC Transactions: 7,732,176
  MC Writes: 321,290
Avg. Transactions: 74% , Writes: 3%, Avg. Latency: 22
Max MC id: 6 of 8. Transactions: 76% , Writes: 3%, MC mean Latency: 22
HBM refresh energy (nJ): 3
HBM access energy (nJ): 14,647,834
MemC wire energy 2.5d (nJ): 6,978,171
MemC wire energy 3d (nJ): 1,744,543

---Energy---
Leakage Energy (nJ): 441,003
PU Dyn E (nJ): 6,188,710
Mem Dyn E (nJ): 46,029,175
Route Dyn E (nJ): 11,214,350
Dynamic Energy (nJ): 63,432,235
Ratio of Dyn/Leak: 144
Total Energy (nJ): 63,873,238
Total Energy (nJ) 3D: 62,609,898
Cores Energy (nJ): 6,192,331
Route Energy (nJ): 11,226,270
Route Energy (nJ) 3D: 15,196,557
Mem Energy   (nJ): 46,454,638
Mem Energy   (nJ) 3D: 41,221,010
Avg. Power (mW): 49,097.34
Power Density (mW/mm2): 110.10

---Runtime---
Runtime in K cycles: 1,300.95
Microseconds: 1,300.95
Time per iteration (ms): 1.30

---Throughput---
GOP/s (aka OPS/ns): 711.56
GOP/s per core: 0.69
GFLOP/s: 83.12
GFLOP/s per core: 0.08
Max Peak GFLOP/s: 1,024.00
Avg. BW GB/s: 3,007.18
Max BW GB/s: 4,096.00

---Traffic---
In-Die bisection_bytes BW (GB/s): 512.00
Inter-board traffic (msg/ns): 0.00, per-link: 0.00
Inter-pack traffic (msg/ns): 0.00, per-link: 0.00
Inter-die traffic (msg/ns): 0.00, per-link: 0.00
Ruche traffic (msg/ns): 0.00, per-link: 0.00
All traffic (msg/ns): 3,051.08, per-link: 2.98
Inter-die reduction wrt all: inf
Inter-board reduction wrt inter-die: -nan

---Data Movement---
All traffic (msg): 3,969,311,159
Arith. Intensity FLOP/Loads: 0.22
Arith. Intensity FLOP/Msgs: 0.03
Arith. Intensity OPS/Loads: 1.86
Arith. Intensity OPS/Msgs: 0.23



===Core Utilization Total=== CORE-S:13;; TIME K cy:1,300 ;; Nodes Proc: 581,573 -- Edges Proc: 14,853,784

===PRINTING FRAME STATS

FCollision In Avg:53, SD:39, Max:223, Min:4
FCollision Out Avg:54, SD:48, Max:198, Min:1
FCollision End Avg:18, SD:27, Max:155, Min:0
FTask1 Avg:8, SD:9, Max:44, Min:0
FTask2 Avg:19, SD:18, Max:75, Min:0
FTask3 Avg:43, SD:9, Max:100, Min:24
FCore Active Avg:72, SD:21, Max:100, Min:32
FRouter Active Avg:83, SD:5, Max:93, Min:69
T1 invocations: 252,217
T2 invocations: 341,283
T3 invocations: 8,545,456
T3b invocations: 0
Total3 invocations: 8,545,456
Total4 invocations: 13,374

T3/T2 ratio: 25
T3b/T3 ratio: 0

T1 avg ex cycles: 33
T2 avg ex cycles: 57
T3&b avg ex cycles: 5
T4 avg ex cycles: 167
Avg. hops NOC1: 3
Avg. latency NOC1 (T2): 9,367
Avg. hops NOC2: 17
Avg. latency NOC2 (T3): 3,052

===PRINTING ACUM STATS at pu_cycles: 1,401,087

ACollision In Avg:76, SD:15, Max:161, Min:30
ACollision Out Avg:75, SD:24, Max:142, Min:19
ACollision End Avg:22, SD:13, Max:112, Min:0
ATask1 Avg:14, SD:2, Max:18, Min:3
ATask2 Avg:21, SD:5, Max:29, Min:0
ATask3 Avg:46, SD:7, Max:90, Min:31
ACore Active Avg:82, SD:8, Max:100, Min:52
ARouter Active Avg:79, SD:3, Max:83, Min:70
T1 invocations: 5,055,447
T2 invocations: 4,461,158
T3 invocations: 116,734,612
T3b invocations: 0
Total3 invocations: 116,734,612
Total4 invocations: 43,267

T3/T2 ratio: 26
T3b/T3 ratio: 0

T1 avg ex cycles: 41
T2 avg ex cycles: 68
T3&b avg ex cycles: 6
T4 avg ex cycles: 320
Avg. hops NOC1: 2
Avg. latency NOC1 (T2): 12,041
Avg. hops NOC2: 17
Avg. latency NOC2 (T3): 5,728
Number of K Nodes Processed: 4,723
Number of K Edges Processed: 117,054
Node Re-explore factor: 1.13
Edge Re-explore factor: 0.91
Nodes/cy: 3
Edges/cy: 84
TEPS: 92

---DCache---
DCache Size: 125,904
DRAM words: 133,760
  DHits: 214,289,266
  DMisses: 7,806,873
  DHit Rate (hit/miss): 96%
  DEvictions: 1,012,020
  DEviction Rate (evict/misses): 13%
  MC Transactions: 8,216,038
  MC Writes: 346,669
Avg. Transactions: 73% , Writes: 3%, Avg. Latency: 22
Max MC id: 6 of 8. Transactions: 75% , Writes: 3%, MC mean Latency: 21
HBM refresh energy (nJ): 4
HBM access energy (nJ): 15,564,462
MemC wire energy 2.5d (nJ): 7,414,849
MemC wire energy 3d (nJ): 1,853,712

---Energy---
Leakage Energy (nJ): 474,948
PU Dyn E (nJ): 6,642,379
Mem Dyn E (nJ): 49,240,453
Route Dyn E (nJ): 12,106,705
Dynamic Energy (nJ): 67,989,538
Ratio of Dyn/Leak: 143
Total Energy (nJ): 68,464,486
Total Energy (nJ) 3D: 67,189,563
Cores Energy (nJ): 6,646,279
Route Energy (nJ): 12,119,543
Route Energy (nJ) 3D: 16,405,757
Mem Energy   (nJ): 49,698,665
Mem Energy   (nJ) 3D: 44,137,528
Avg. Power (mW): 48,865.26
Power Density (mW/mm2): 109.58

---Runtime---
Runtime in K cycles: 1,401.09
Microseconds: 1,401.09
Time per iteration (ms): 1.40

---Throughput---
GOP/s (aka OPS/ns): 707.24
GOP/s per core: 0.69
GFLOP/s: 83.32
GFLOP/s per core: 0.08
Max Peak GFLOP/s: 1,024.00
Avg. BW GB/s: 3,003.39
Max BW GB/s: 4,096.00

---Traffic---
In-Die bisection_bytes BW (GB/s): 512.00
Inter-board traffic (msg/ns): 0.00, per-link: 0.00
Inter-pack traffic (msg/ns): 0.00, per-link: 0.00
Inter-die traffic (msg/ns): 0.00, per-link: 0.00
Ruche traffic (msg/ns): 0.00, per-link: 0.00
All traffic (msg/ns): 3,055.38, per-link: 2.98
Inter-die reduction wrt all: inf
Inter-board reduction wrt inter-die: -nan

---Data Movement---
All traffic (msg): 4,280,849,866
Arith. Intensity FLOP/Loads: 0.22
Arith. Intensity FLOP/Msgs: 0.03
Arith. Intensity OPS/Loads: 1.85
Arith. Intensity OPS/Msgs: 0.23



===Core Utilization Total=== CORE-S:14;; TIME K cy:1,400 ;; Nodes Proc: 587,115 -- Edges Proc: 15,929,950

===PRINTING FRAME STATS

FCollision In Avg:38, SD:37, Max:204, Min:2
FCollision Out Avg:37, SD:40, Max:192, Min:0
FCollision End Avg:13, SD:24, Max:100, Min:0
FTask1 Avg:9, SD:10, Max:40, Min:0
FTask2 Avg:18, SD:19, Max:71, Min:0
FTask3 Avg:40, SD:8, Max:100, Min:24
FCore Active Avg:69, SD:24, Max:100, Min:28
FRouter Active Avg:81, SD:7, Max:95, Min:65
T1 invocations: 265,646
T2 invocations: 345,825
T3 invocations: 8,058,061
T3b invocations: 0
Total3 invocations: 8,058,061
Total4 invocations: 16,629

T3/T2 ratio: 23
T3b/T3 ratio: 0

T1 avg ex cycles: 33
T2 avg ex cycles: 52
T3&b avg ex cycles: 5
T4 avg ex cycles: 145
Avg. hops NOC1: 3
Avg. latency NOC1 (T2): 6,324
Avg. hops NOC2: 17
Avg. latency NOC2 (T3): 3,003

===PRINTING ACUM STATS at pu_cycles: 1,501,023

ACollision In Avg:73, SD:16, Max:158, Min:29
ACollision Out Avg:72, SD:24, Max:137, Min:19
ACollision End Avg:21, SD:12, Max:111, Min:0
ATask1 Avg:14, SD:2, Max:16, Min:3
ATask2 Avg:21, SD:4, Max:27, Min:0
ATask3 Avg:46, SD:7, Max:91, Min:31
ACore Active Avg:81, SD:8, Max:100, Min:52
ARouter Active Avg:79, SD:2, Max:83, Min:71
T1 invocations: 5,322,161
T2 invocations: 4,804,945
T3 invocations: 124,792,005
T3b invocations: 0
Total3 invocations: 124,792,005
Total4 invocations: 59,914

T3/T2 ratio: 26
T3b/T3 ratio: 0

T1 avg ex cycles: 40
T2 avg ex cycles: 67
T3&b avg ex cycles: 6
T4 avg ex cycles: 271
Avg. hops NOC1: 2
Avg. latency NOC1 (T2): 11,630
Avg. hops NOC2: 17
Avg. latency NOC2 (T3): 5,551
Number of K Nodes Processed: 4,762
Number of K Edges Processed: 125,061
Node Re-explore factor: 1.14
Edge Re-explore factor: 0.97
Nodes/cy: 3
Edges/cy: 83
TEPS: 85

---DCache---
DCache Size: 125,904
DRAM words: 133,760
  DHits: 229,373,939
  DMisses: 8,231,171
  DHit Rate (hit/miss): 97%
  DEvictions: 1,096,965
  DEviction Rate (evict/misses): 13%
  MC Transactions: 8,663,249
  MC Writes: 368,364
Avg. Transactions: 72% , Writes: 3%, Avg. Latency: 21
Max MC id: 6 of 8. Transactions: 74% , Writes: 3%, MC mean Latency: 21
HBM refresh energy (nJ): 4
HBM access energy (nJ): 16,411,658
MemC wire energy 2.5d (nJ): 7,818,450
MemC wire energy 3d (nJ): 1,954,613

---Energy---
Leakage Energy (nJ): 508,825
PU Dyn E (nJ): 7,072,822
Mem Dyn E (nJ): 52,241,521
Route Dyn E (nJ): 12,937,609
Dynamic Energy (nJ): 72,251,952
Ratio of Dyn/Leak: 142
Total Energy (nJ): 72,760,777
Total Energy (nJ) 3D: 71,477,324
Cores Energy (nJ): 7,077,000
Route Energy (nJ): 12,951,362
Route Energy (nJ) 3D: 17,531,746
Mem Energy   (nJ): 52,732,416
Mem Energy   (nJ) 3D: 46,868,579
Avg. Power (mW): 48,474.13
Power Density (mW/mm2): 108.70

---Runtime---
Runtime in K cycles: 1,501.02
Microseconds: 1,501.02
Time per iteration (ms): 1.50

---Throughput---
GOP/s (aka OPS/ns): 701.61
GOP/s per core: 0.69
GFLOP/s: 83.14
GFLOP/s per core: 0.08
Max Peak GFLOP/s: 1,024.00
Avg. BW GB/s: 2,988.44
Max BW GB/s: 4,096.00

---Traffic---
In-Die bisection_bytes BW (GB/s): 512.00
Inter-board traffic (msg/ns): 0.00, per-link: 0.00
Inter-pack traffic (msg/ns): 0.00, per-link: 0.00
Inter-die traffic (msg/ns): 0.00, per-link: 0.00
Ruche traffic (msg/ns): 0.00, per-link: 0.00
All traffic (msg/ns): 3,045.26, per-link: 2.97
Inter-die reduction wrt all: inf
Inter-board reduction wrt inter-die: -nan

---Data Movement---
All traffic (msg): 4,571,005,932
Arith. Intensity FLOP/Loads: 0.22
Arith. Intensity FLOP/Msgs: 0.03
Arith. Intensity OPS/Loads: 1.85
Arith. Intensity OPS/Msgs: 0.23



===Core Utilization Total=== CORE-S:15;; TIME K cy:1,500 ;; Nodes Proc: 591,900 -- Edges Proc: 16,826,114

===PRINTING FRAME STATS

FCollision In Avg:28, SD:32, Max:148, Min:1
FCollision Out Avg:28, SD:36, Max:168, Min:0
FCollision End Avg:11, SD:21, Max:140, Min:0
FTask1 Avg:8, SD:10, Max:43, Min:0
FTask2 Avg:15, SD:20, Max:75, Min:0
FTask3 Avg:35, SD:7, Max:85, Min:20
FCore Active Avg:61, SD:25, Max:100, Min:26
FRouter Active Avg:75, SD:9, Max:94, Min:55
T1 invocations: 249,314
T2 invocations: 318,269
T3 invocations: 7,091,512
T3b invocations: 0
Total3 invocations: 7,091,512
Total4 invocations: 18,407

T3/T2 ratio: 22
T3b/T3 ratio: 0

T1 avg ex cycles: 33
T2 avg ex cycles: 50
T3&b avg ex cycles: 5
T4 avg ex cycles: 125
Avg. hops NOC1: 3
Avg. latency NOC1 (T2): 6,159
Avg. hops NOC2: 17
Avg. latency NOC2 (T3): 2,577

===PRINTING ACUM STATS at pu_cycles: 1,601,027

ACollision In Avg:71, SD:16, Max:156, Min:28
ACollision Out Avg:70, SD:24, Max:136, Min:18
ACollision End Avg:20, SD:12, Max:110, Min:0
ATask1 Avg:14, SD:1, Max:15, Min:2
ATask2 Avg:20, SD:3, Max:25, Min:0
ATask3 Avg:45, SD:7, Max:90, Min:30
ACore Active Avg:80, SD:7, Max:100, Min:51
ARouter Active Avg:79, SD:2, Max:83, Min:72
T1 invocations: 5,571,600
T2 invocations: 5,123,804
T3 invocations: 131,877,826
T3b invocations: 0
Total3 invocations: 131,877,826
Total4 invocations: 78,326

T3/T2 ratio: 26
T3b/T3 ratio: 0

T1 avg ex cycles: 40
T2 avg ex cycles: 65
T3&b avg ex cycles: 6
T4 avg ex cycles: 237
Avg. hops NOC1: 2
Avg. latency NOC1 (T2): 11,289
Avg. hops NOC2: 17
Avg. latency NOC2 (T3): 5,392
Number of K Nodes Processed: 4,793
Number of K Edges Processed: 132,081
Node Re-explore factor: 1.14
Edge Re-explore factor: 1.03
Nodes/cy: 3
Edges/cy: 82
TEPS: 80

---DCache---
DCache Size: 125,904
DRAM words: 133,760
  DHits: 242,897,648
  DMisses: 8,602,864
  DHit Rate (hit/miss): 97%
  DEvictions: 1,176,055
  DEviction Rate (evict/misses): 14%
  MC Transactions: 9,055,918
  MC Writes: 388,486
Avg. Transactions: 71% , Writes: 3%, Avg. Latency: 21
Max MC id: 7 of 8. Transactions: 72% , Writes: 3%, MC mean Latency: 21
HBM refresh energy (nJ): 4
HBM access energy (nJ): 17,155,531
MemC wire energy 2.5d (nJ): 8,172,828
MemC wire energy 3d (nJ): 2,043,207

---Energy---
Leakage Energy (nJ): 542,725
PU Dyn E (nJ): 7,454,843
Mem Dyn E (nJ): 54,889,783
Route Dyn E (nJ): 13,667,223
Dynamic Energy (nJ): 76,011,850
Ratio of Dyn/Leak: 140
Total Energy (nJ): 76,554,575
Total Energy (nJ) 3D: 75,263,648
Cores Energy (nJ): 7,459,299
Route Energy (nJ): 13,681,893
Route Energy (nJ) 3D: 18,520,587
Mem Energy   (nJ): 55,413,383
Mem Energy   (nJ) 3D: 49,283,762
Avg. Power (mW): 47,815.92
Power Density (mW/mm2): 107.22

---Runtime---
Runtime in K cycles: 1,601.03
Microseconds: 1,601.03
Time per iteration (ms): 1.60

---Throughput---
GOP/s (aka OPS/ns): 692.46
GOP/s per core: 0.68
GFLOP/s: 82.37
GFLOP/s per core: 0.08
Max Peak GFLOP/s: 1,024.00
Avg. BW GB/s: 2,955.01
Max BW GB/s: 4,096.00

---Traffic---
In-Die bisection_bytes BW (GB/s): 512.00
Inter-board traffic (msg/ns): 0.00, per-link: 0.00
Inter-pack traffic (msg/ns): 0.00, per-link: 0.00
Inter-die traffic (msg/ns): 0.00, per-link: 0.00
Ruche traffic (msg/ns): 0.00, per-link: 0.00
All traffic (msg/ns): 3,014.23, per-link: 2.94
Inter-die reduction wrt all: inf
Inter-board reduction wrt inter-die: -nan

---Data Movement---
All traffic (msg): 4,825,862,801
Arith. Intensity FLOP/Loads: 0.22
Arith. Intensity FLOP/Msgs: 0.03
Arith. Intensity OPS/Loads: 1.85
Arith. Intensity OPS/Msgs: 0.23



===Core Utilization Total=== CORE-S:16;; TIME K cy:1,600 ;; Nodes Proc: 595,819 -- Edges Proc: 17,549,410

===PRINTING FRAME STATS

FCollision In Avg:17, SD:27, Max:133, Min:0
FCollision Out Avg:18, SD:30, Max:187, Min:0
FCollision End Avg:7, SD:18, Max:185, Min:0
FTask1 Avg:6, SD:10, Max:48, Min:0
FTask2 Avg:12, SD:19, Max:82, Min:0
FTask3 Avg:27, SD:6, Max:64, Min:14
FCore Active Avg:47, SD:25, Max:100, Min:17
FRouter Active Avg:63, SD:13, Max:93, Min:36
T1 invocations: 192,914
T2 invocations: 253,235
T3 invocations: 5,395,958
T3b invocations: 0
Total3 invocations: 5,395,958
Total4 invocations: 16,796

T3/T2 ratio: 21
T3b/T3 ratio: 0

T1 avg ex cycles: 33
T2 avg ex cycles: 48
T3&b avg ex cycles: 5
T4 avg ex cycles: 107
Avg. hops NOC1: 3
Avg. latency NOC1 (T2): 4,777
Avg. hops NOC2: 17
Avg. latency NOC2 (T3): 2,272

===PRINTING ACUM STATS at pu_cycles: 1,700,702

ACollision In Avg:67, SD:16, Max:156, Min:27
ACollision Out Avg:67, SD:23, Max:132, Min:17
ACollision End Avg:20, SD:11, Max:105, Min:1
ATask1 Avg:13, SD:1, Max:15, Min:4
ATask2 Avg:20, SD:3, Max:24, Min:0
ATask3 Avg:44, SD:7, Max:89, Min:29
ACore Active Avg:78, SD:7, Max:100, Min:49
ARouter Active Avg:78, SD:2, Max:82, Min:73
T1 invocations: 5,761,999
T2 invocations: 5,373,195
T3 invocations: 137,188,778
T3b invocations: 0
Total3 invocations: 137,188,778
Total4 invocations: 95,080

T3/T2 ratio: 26
T3b/T3 ratio: 0

T1 avg ex cycles: 40
T2 avg ex cycles: 65
T3&b avg ex cycles: 6
T4 avg ex cycles: 214
Avg. hops NOC1: 3
Avg. latency NOC1 (T2): 10,968
Avg. hops NOC2: 17
Avg. latency NOC2 (T3): 5,268
Number of K Nodes Processed: 4,815
Number of K Edges Processed: 137,360
Node Re-explore factor: 1.15
Edge Re-explore factor: 1.07
Nodes/cy: 3
Edges/cy: 81
TEPS: 75

---DCache---
DCache Size: 125,904
DRAM words: 133,760
  DHits: 253,393,195
  DMisses: 8,887,547
  DHit Rate (hit/miss): 97%
  DEvictions: 1,242,505
  DEviction Rate (evict/misses): 14%
  MC Transactions: 9,357,285
  MC Writes: 404,746
Avg. Transactions: 69% , Writes: 3%, Avg. Latency: 21
Max MC id: 7 of 8. Transactions: 69% , Writes: 3%, MC mean Latency: 21
HBM refresh energy (nJ): 5
HBM access energy (nJ): 17,726,440
MemC wire energy 2.5d (nJ): 8,444,807
MemC wire energy 3d (nJ): 2,111,202

---Energy---
Leakage Energy (nJ): 576,513
PU Dyn E (nJ): 7,741,735
Mem Dyn E (nJ): 56,898,088
Route Dyn E (nJ): 14,211,879
Dynamic Energy (nJ): 78,851,702
Ratio of Dyn/Leak: 137
Total Energy (nJ): 79,428,215
Total Energy (nJ) 3D: 78,126,131
Cores Energy (nJ): 7,746,468
Route Energy (nJ): 14,227,462
Route Energy (nJ) 3D: 19,258,983
Mem Energy   (nJ): 57,454,286
Mem Energy   (nJ) 3D: 51,120,681
Avg. Power (mW): 46,703.19
Power Density (mW/mm2): 104.73

---Runtime---
Runtime in K cycles: 1,700.70
Microseconds: 1,700.70
Time per iteration (ms): 1.70

---Throughput---
GOP/s (aka OPS/ns): 676.40
GOP/s per core: 0.66
GFLOP/s: 80.67
GFLOP/s per core: 0.08
Max Peak GFLOP/s: 1,024.00
Avg. BW GB/s: 2,889.57
Max BW GB/s: 4,096.00

---Traffic---
In-Die bisection_bytes BW (GB/s): 512.00
Inter-board traffic (msg/ns): 0.00, per-link: 0.00
Inter-pack traffic (msg/ns): 0.00, per-link: 0.00
Inter-die traffic (msg/ns): 0.00, per-link: 0.00
Ruche traffic (msg/ns): 0.00, per-link: 0.00
All traffic (msg/ns): 2,949.64, per-link: 2.88
Inter-die reduction wrt all: inf
Inter-board reduction wrt inter-die: -nan

---Data Movement---
All traffic (msg): 5,016,461,468
Arith. Intensity FLOP/Loads: 0.22
Arith. Intensity FLOP/Msgs: 0.03
Arith. Intensity OPS/Loads: 1.84
Arith. Intensity OPS/Msgs: 0.23



===Core Utilization Total=== CORE-S:17;; TIME K cy:1,700 ;; Nodes Proc: 598,667 -- Edges Proc: 17,989,052
======== IT IS COLD ======= Only 45 Tiles active

===PRINTING FRAME STATS

FCollision In Avg:9, SD:19, Max:110, Min:0
FCollision Out Avg:10, SD:23, Max:180, Min:0
FCollision End Avg:4, SD:13, Max:163, Min:0
FTask1 Avg:4, SD:9, Max:58, Min:0
FTask2 Avg:7, SD:17, Max:91, Min:0
FTask3 Avg:17, SD:4, Max:41, Min:6
FCore Active Avg:30, SD:23, Max:100, Min:11
FRouter Active Avg:46, SD:16, Max:90, Min:21
T1 invocations: 127,655
T2 invocations: 157,372
T3 invocations: 3,463,871
T3b invocations: 0
Total3 invocations: 3,463,871
Total4 invocations: 12,775

T3/T2 ratio: 22
T3b/T3 ratio: 0

T1 avg ex cycles: 33
T2 avg ex cycles: 48
T3&b avg ex cycles: 5
T4 avg ex cycles: 95
Avg. hops NOC1: 4
Avg. latency NOC1 (T2): 4,025
Avg. hops NOC2: 17
Avg. latency NOC2 (T3): 1,774

===PRINTING ACUM STATS at pu_cycles: 1,800,561

ACollision In Avg:64, SD:16, Max:149, Min:25
ACollision Out Avg:63, SD:23, Max:126, Min:16
ACollision End Avg:19, SD:11, Max:104, Min:1
ATask1 Avg:13, SD:1, Max:14, Min:4
ATask2 Avg:19, SD:2, Max:22, Min:0
ATask3 Avg:42, SD:7, Max:86, Min:28
ACore Active Avg:75, SD:7, Max:100, Min:51
ARouter Active Avg:76, SD:1, Max:81, Min:73
T1 invocations: 5,895,794
T2 invocations: 5,530,284
T3 invocations: 140,660,279
T3b invocations: 0
Total3 invocations: 140,660,279
Total4 invocations: 107,904

T3/T2 ratio: 25
T3b/T3 ratio: 0

T1 avg ex cycles: 39
T2 avg ex cycles: 64
T3&b avg ex cycles: 6
T4 avg ex cycles: 200
Avg. hops NOC1: 3
Avg. latency NOC1 (T2): 10,771
Avg. hops NOC2: 17
Avg. latency NOC2 (T3): 5,182
Number of K Nodes Processed: 4,829
Number of K Edges Processed: 140,752
Node Re-explore factor: 1.15
Edge Re-explore factor: 1.10
Nodes/cy: 3
Edges/cy: 78
TEPS: 71

---DCache---
DCache Size: 125,904
DRAM words: 133,760
  DHits: 260,286,558
  DMisses: 9,073,223
  DHit Rate (hit/miss): 97%
  DEvictions: 1,281,160
  DEviction Rate (evict/misses): 14%
  MC Transactions: 9,551,420
  MC Writes: 413,050
Avg. Transactions: 66% , Writes: 3%, Avg. Latency: 21
Max MC id: 7 of 8. Transactions: 67% , Writes: 3%, MC mean Latency: 21
HBM refresh energy (nJ): 5
HBM access energy (nJ): 18,094,210
MemC wire energy 2.5d (nJ): 8,620,011
MemC wire energy 3d (nJ): 2,155,003

---Energy---
Leakage Energy (nJ): 610,364
PU Dyn E (nJ): 7,930,446
Mem Dyn E (nJ): 58,197,867
Route Dyn E (nJ): 14,569,078
Dynamic Energy (nJ): 80,697,392
Ratio of Dyn/Leak: 132
Total Energy (nJ): 81,307,756
Total Energy (nJ) 3D: 80,000,731
Cores Energy (nJ): 7,935,458
Route Energy (nJ): 14,585,576
Route Energy (nJ) 3D: 19,743,559
Mem Energy   (nJ): 58,786,723
Mem Energy   (nJ) 3D: 52,321,714
Avg. Power (mW): 45,156.90
Power Density (mW/mm2): 101.26

---Runtime---
Runtime in K cycles: 1,800.56
Microseconds: 1,800.56
Time per iteration (ms): 1.80

---Throughput---
GOP/s (aka OPS/ns): 654.18
GOP/s per core: 0.64
GFLOP/s: 78.12
GFLOP/s per core: 0.08
Max Peak GFLOP/s: 1,024.00
Avg. BW GB/s: 2,795.25
Max BW GB/s: 4,096.00

---Traffic---
In-Die bisection_bytes BW (GB/s): 512.00
Inter-board traffic (msg/ns): 0.00, per-link: 0.00
Inter-pack traffic (msg/ns): 0.00, per-link: 0.00
Inter-die traffic (msg/ns): 0.00, per-link: 0.00
Ruche traffic (msg/ns): 0.00, per-link: 0.00
All traffic (msg/ns): 2,855.39, per-link: 2.79
Inter-die reduction wrt all: inf
Inter-board reduction wrt inter-die: -nan

---Data Movement---
All traffic (msg): 5,141,302,774
Arith. Intensity FLOP/Loads: 0.22
Arith. Intensity FLOP/Msgs: 0.03
Arith. Intensity OPS/Loads: 1.84
Arith. Intensity OPS/Msgs: 0.23



===Core Utilization Total=== CORE-S:18;; TIME K cy:1,800 ;; Nodes Proc: 600,407 -- Edges Proc: 18,256,588
======== IT IS COLD ======= Only 32 Tiles active

===PRINTING FRAME STATS

FCollision In Avg:4, SD:13, Max:102, Min:0
FCollision Out Avg:5, SD:16, Max:102, Min:0
FCollision End Avg:2, SD:10, Max:97, Min:0
FTask1 Avg:2, SD:7, Max:52, Min:0
FTask2 Avg:4, SD:14, Max:95, Min:0
FTask3 Avg:9, SD:2, Max:24, Min:4
FCore Active Avg:17, SD:19, Max:100, Min:6
FRouter Active Avg:27, SD:12, Max:83, Min:12
T1 invocations: 71,461
T2 invocations: 90,285
T3 invocations: 1,871,083
T3b invocations: 0
Total3 invocations: 1,871,083
Total4 invocations: 7,661

T3/T2 ratio: 21
T3b/T3 ratio: 0

T1 avg ex cycles: 33
T2 avg ex cycles: 48
T3&b avg ex cycles: 5
T4 avg ex cycles: 88
Avg. hops NOC1: 4
Avg. latency NOC1 (T2): 3,710
Avg. hops NOC2: 17
Avg. latency NOC2 (T3): 1,644

===PRINTING ACUM STATS at pu_cycles: 1,900,822

ACollision In Avg:61, SD:15, Max:144, Min:24
ACollision Out Avg:60, SD:22, Max:124, Min:15
ACollision End Avg:18, SD:10, Max:101, Min:1
ATask1 Avg:12, SD:1, Max:13, Min:4
ATask2 Avg:18, SD:1, Max:21, Min:0
ATask3 Avg:41, SD:7, Max:83, Min:27
ACore Active Avg:72, SD:6, Max:100, Min:49
ARouter Active Avg:73, SD:2, Max:78, Min:70
T1 invocations: 5,972,405
T2 invocations: 5,632,517
T3 invocations: 142,580,276
T3b invocations: 0
Total3 invocations: 142,580,276
Total4 invocations: 115,686

T3/T2 ratio: 25
T3b/T3 ratio: 0

T1 avg ex cycles: 39
T2 avg ex cycles: 64
T3&b avg ex cycles: 6
T4 avg ex cycles: 193
Avg. hops NOC1: 3
Avg. latency NOC1 (T2): 10,644
Avg. hops NOC2: 17
Avg. latency NOC2 (T3): 5,137
Number of K Nodes Processed: 4,836
Number of K Edges Processed: 142,604
Node Re-explore factor: 1.15
Edge Re-explore factor: 1.11
Nodes/cy: 3
Edges/cy: 75
TEPS: 68

---DCache---
DCache Size: 125,904
DRAM words: 133,760
  DHits: 264,103,910
  DMisses: 9,176,434
  DHit Rate (hit/miss): 97%
  DEvictions: 1,302,274
  DEviction Rate (evict/misses): 14%
  MC Transactions: 9,658,969
  MC Writes: 417,335
Avg. Transactions: 64% , Writes: 3%, Avg. Latency: 21
Max MC id: 7 of 8. Transactions: 64% , Writes: 3%, MC mean Latency: 21
HBM refresh energy (nJ): 5
HBM access energy (nJ): 18,297,950
MemC wire energy 2.5d (nJ): 8,717,072
MemC wire energy 3d (nJ): 2,179,268

---Energy---
Leakage Energy (nJ): 644,351
PU Dyn E (nJ): 8,037,262
Mem Dyn E (nJ): 58,940,769
Route Dyn E (nJ): 14,767,835
Dynamic Energy (nJ): 81,745,866
Ratio of Dyn/Leak: 127
Total Energy (nJ): 82,390,217
Total Energy (nJ) 3D: 81,080,764
Cores Energy (nJ): 8,042,552
Route Energy (nJ): 14,785,252
Route Energy (nJ) 3D: 20,013,602
Mem Energy   (nJ): 59,562,414
Mem Energy   (nJ) 3D: 53,024,609
Avg. Power (mW): 43,344.52
Power Density (mW/mm2): 97.20

---Runtime---
Runtime in K cycles: 1,900.82
Microseconds: 1,900.82
Time per iteration (ms): 1.90

---Throughput---
GOP/s (aka OPS/ns): 627.97
GOP/s per core: 0.61
GFLOP/s: 75.01
GFLOP/s per core: 0.07
Max Peak GFLOP/s: 1,024.00
Avg. BW GB/s: 2,684.68
Max BW GB/s: 4,096.00

---Traffic---
In-Die bisection_bytes BW (GB/s): 512.00
Inter-board traffic (msg/ns): 0.00, per-link: 0.00
Inter-pack traffic (msg/ns): 0.00, per-link: 0.00
Inter-die traffic (msg/ns): 0.00, per-link: 0.00
Ruche traffic (msg/ns): 0.00, per-link: 0.00
All traffic (msg/ns): 2,741.33, per-link: 2.68
Inter-die reduction wrt all: inf
Inter-board reduction wrt inter-die: -nan

---Data Movement---
All traffic (msg): 5,210,774,101
Arith. Intensity FLOP/Loads: 0.22
Arith. Intensity FLOP/Msgs: 0.03
Arith. Intensity OPS/Loads: 1.84
Arith. Intensity OPS/Msgs: 0.23



===Core Utilization Total=== CORE-S:19;; TIME K cy:1,900 ;; Nodes Proc: 601,360 -- Edges Proc: 18,383,856
======== IT IS COLD ======= Only 16 Tiles active

===PRINTING FRAME STATS

FCollision In Avg:1, SD:8, Max:92, Min:0
FCollision Out Avg:2, SD:11, Max:97, Min:0
FCollision End Avg:1, SD:6, Max:93, Min:0
FTask1 Avg:1, SD:5, Max:49, Min:0
FTask2 Avg:2, SD:9, Max:100, Min:0
FTask3 Avg:4, SD:1, Max:16, Min:0
FCore Active Avg:7, SD:12, Max:100, Min:3
FRouter Active Avg:13, SD:9, Max:83, Min:5
T1 invocations: 27,848
T2 invocations: 34,003
T3 invocations: 815,118
T3b invocations: 0
Total3 invocations: 815,118
Total4 invocations: 3,458

T3/T2 ratio: 24
T3b/T3 ratio: 0

T1 avg ex cycles: 34
T2 avg ex cycles: 49
T3&b avg ex cycles: 5
T4 avg ex cycles: 75
Avg. hops NOC1: 4
Avg. latency NOC1 (T2): 3,735
Avg. hops NOC2: 17
Avg. latency NOC2 (T3): 1,478

===PRINTING ACUM STATS at pu_cycles: 2,000,179

ACollision In Avg:58, SD:15, Max:144, Min:23
ACollision Out Avg:57, SD:21, Max:122, Min:14
ACollision End Avg:17, SD:10, Max:96, Min:1
ATask1 Avg:12, SD:0, Max:13, Min:5
ATask2 Avg:18, SD:1, Max:20, Min:1
ATask3 Avg:39, SD:6, Max:79, Min:26
ACore Active Avg:69, SD:6, Max:100, Min:47
ARouter Active Avg:70, SD:2, Max:76, Min:67
T1 invocations: 5,997,872
T2 invocations: 5,660,451
T3 invocations: 143,377,108
T3b invocations: 0
Total3 invocations: 143,377,108
Total4 invocations: 119,094

T3/T2 ratio: 25
T3b/T3 ratio: 0

T1 avg ex cycles: 39
T2 avg ex cycles: 64
T3&b avg ex cycles: 6
T4 avg ex cycles: 190
Avg. hops NOC1: 3
Avg. latency NOC1 (T2): 10,606
Avg. hops NOC2: 17
Avg. latency NOC2 (T3): 5,115
Number of K Nodes Processed: 4,840
Number of K Edges Processed: 143,391
Node Re-explore factor: 1.15
Edge Re-explore factor: 1.12
Nodes/cy: 2
Edges/cy: 72
TEPS: 64

---DCache---
DCache Size: 125,904
DRAM words: 133,760
  DHits: 265,732,699
  DMisses: 9,222,149
  DHit Rate (hit/miss): 97%
  DEvictions: 1,310,707
  DEviction Rate (evict/misses): 14%
  MC Transactions: 9,706,376
  MC Writes: 419,016
Avg. Transactions: 61% , Writes: 3%, Avg. Latency: 21
Max MC id: 3 of 8. Transactions: 61% , Writes: 3%, MC mean Latency: 21
HBM refresh energy (nJ): 5
HBM access energy (nJ): 18,387,758
MemC wire energy 2.5d (nJ): 8,759,856
MemC wire energy 3d (nJ): 2,189,964

---Energy---
Leakage Energy (nJ): 678,031
PU Dyn E (nJ): 8,078,344
Mem Dyn E (nJ): 59,231,555
Route Dyn E (nJ): 14,848,047
Dynamic Energy (nJ): 82,157,947
Ratio of Dyn/Leak: 121
Total Energy (nJ): 82,835,978
Total Energy (nJ) 3D: 81,522,834
Cores Energy (nJ): 8,083,911
Route Energy (nJ): 14,866,374
Route Energy (nJ) 3D: 20,123,123
Mem Energy   (nJ): 59,885,693
Mem Energy   (nJ) 3D: 53,315,801
Avg. Power (mW): 41,414.28
Power Density (mW/mm2): 92.87

---Runtime---
Runtime in K cycles: 2,000.18
Microseconds: 2,000.18
Time per iteration (ms): 2.00

---Throughput---
GOP/s (aka OPS/ns): 599.69
GOP/s per core: 0.59
GFLOP/s: 71.68
GFLOP/s per core: 0.07
Max Peak GFLOP/s: 1,024.00
Avg. BW GB/s: 2,563.39
Max BW GB/s: 4,096.00

---Traffic---
In-Die bisection_bytes BW (GB/s): 512.00
Inter-board traffic (msg/ns): 0.00, per-link: 0.00
Inter-pack traffic (msg/ns): 0.00, per-link: 0.00
Inter-die traffic (msg/ns): 0.00, per-link: 0.00
Ruche traffic (msg/ns): 0.00, per-link: 0.00
All traffic (msg/ns): 2,619.24, per-link: 2.56
Inter-die reduction wrt all: inf
Inter-board reduction wrt inter-die: -nan

---Data Movement---
All traffic (msg): 5,238,946,658
Arith. Intensity FLOP/Loads: 0.22
Arith. Intensity FLOP/Msgs: 0.03
Arith. Intensity OPS/Loads: 1.84
Arith. Intensity OPS/Msgs: 0.23



===Core Utilization Total=== CORE-S:20;; TIME K cy:2,000 ;; Nodes Proc: 601,779 -- Edges Proc: 18,394,692
======== IT IS COLD ======= Only 7 Tiles active

===PRINTING FRAME STATS

FCollision In Avg:1, SD:6, Max:89, Min:0
FCollision Out Avg:1, SD:9, Max:95, Min:0
FCollision End Avg:0, SD:5, Max:93, Min:0
FTask1 Avg:0, SD:3, Max:37, Min:0
FTask2 Avg:1, SD:7, Max:100, Min:0
FTask3 Avg:2, SD:1, Max:9, Min:0
FCore Active Avg:3, SD:9, Max:100, Min:1
FRouter Active Avg:7, SD:7, Max:49, Min:2
T1 invocations: 11,199
T2 invocations: 13,967
T3 invocations: 428,504
T3b invocations: 0
Total3 invocations: 428,504
Total4 invocations: 1,872

T3/T2 ratio: 31
T3b/T3 ratio: 0

T1 avg ex cycles: 34
T2 avg ex cycles: 62
T3&b avg ex cycles: 5
T4 avg ex cycles: 59
Avg. hops NOC1: 4
Avg. latency NOC1 (T2): 5,230
Avg. hops NOC2: 16
Avg. latency NOC2 (T3): 672

===PRINTING ACUM STATS at pu_cycles: 2,100,157

ACollision In Avg:55, SD:14, Max:135, Min:22
ACollision Out Avg:55, SD:20, Max:122, Min:14
ACollision End Avg:16, SD:9, Max:92, Min:1
ATask1 Avg:11, SD:0, Max:13, Min:5
ATask2 Avg:17, SD:1, Max:19, Min:1
ATask3 Avg:37, SD:6, Max:76, Min:25
ACore Active Avg:66, SD:6, Max:99, Min:44
ARouter Active Avg:67, SD:2, Max:74, Min:64
T1 invocations: 6,008,551
T2 invocations: 5,677,944
T3 invocations: 143,805,810
T3b invocations: 0
Total3 invocations: 143,805,810
Total4 invocations: 120,948

T3/T2 ratio: 25
T3b/T3 ratio: 0

T1 avg ex cycles: 39
T2 avg ex cycles: 64
T3&b avg ex cycles: 6
T4 avg ex cycles: 188
Avg. hops NOC1: 3
Avg. latency NOC1 (T2): 10,590
Avg. hops NOC2: 17
Avg. latency NOC2 (T3): 5,103
Number of K Nodes Processed: 4,842
Number of K Edges Processed: 143,814
Node Re-explore factor: 1.15
Edge Re-explore factor: 1.12
Nodes/cy: 2
Edges/cy: 68
TEPS: 61

---DCache---
DCache Size: 125,904
DRAM words: 133,760
  DHits: 266,594,950
  DMisses: 9,247,939
  DHit Rate (hit/miss): 97%
  DEvictions: 1,315,298
  DEviction Rate (evict/misses): 14%
  MC Transactions: 9,733,589
  MC Writes: 420,435
Avg. Transactions: 58% , Writes: 3%, Avg. Latency: 21
Max MC id: 3 of 8. Transactions: 58% , Writes: 3%, MC mean Latency: 21
HBM refresh energy (nJ): 6
HBM access energy (nJ): 18,439,311
MemC wire energy 2.5d (nJ): 8,784,416
MemC wire energy 3d (nJ): 2,196,104

---Energy---
Leakage Energy (nJ): 711,922
PU Dyn E (nJ): 8,100,763
Mem Dyn E (nJ): 59,403,122
Route Dyn E (nJ): 14,891,462
Dynamic Energy (nJ): 82,395,347
Ratio of Dyn/Leak: 116
Total Energy (nJ): 83,107,269
Total Energy (nJ) 3D: 81,791,077
Cores Energy (nJ): 8,106,608
Route Energy (nJ): 14,910,705
Route Energy (nJ) 3D: 20,182,824
Mem Energy   (nJ): 60,089,957
Mem Energy   (nJ) 3D: 53,501,645
Avg. Power (mW): 39,571.93
Power Density (mW/mm2): 88.74

---Runtime---
Runtime in K cycles: 2,100.16
Microseconds: 2,100.16
Time per iteration (ms): 2.10

---Throughput---
GOP/s (aka OPS/ns): 572.67
GOP/s per core: 0.56
GFLOP/s: 68.47
GFLOP/s per core: 0.07
Max Peak GFLOP/s: 1,024.00
Avg. BW GB/s: 2,448.50
Max BW GB/s: 4,096.00

---Traffic---
In-Die bisection_bytes BW (GB/s): 512.00
Inter-board traffic (msg/ns): 0.00, per-link: 0.00
Inter-pack traffic (msg/ns): 0.00, per-link: 0.00
Inter-die traffic (msg/ns): 0.00, per-link: 0.00
Ruche traffic (msg/ns): 0.00, per-link: 0.00
All traffic (msg/ns): 2,501.84, per-link: 2.44
Inter-die reduction wrt all: inf
Inter-board reduction wrt inter-die: -nan

---Data Movement---
All traffic (msg): 5,254,248,143
Arith. Intensity FLOP/Loads: 0.22
Arith. Intensity FLOP/Msgs: 0.03
Arith. Intensity OPS/Loads: 1.84
Arith. Intensity OPS/Msgs: 0.23



===Core Utilization Total=== CORE-S:21;; TIME K cy:2,100 ;; Nodes Proc: 602,008 -- Edges Proc: 18,394,928
======== IT IS COLD ======= Only 1 Tiles active

===PRINTING FRAME STATS

FCollision In Avg:0, SD:4, Max:97, Min:0
FCollision Out Avg:0, SD:5, Max:81, Min:0
FCollision End Avg:0, SD:3, Max:81, Min:0
FTask1 Avg:0, SD:2, Max:44, Min:0
FTask2 Avg:0, SD:4, Max:100, Min:0
FTask3 Avg:1, SD:1, Max:6, Min:0
FCore Active Avg:1, SD:5, Max:100, Min:0
FRouter Active Avg:2, SD:3, Max:41, Min:1
T1 invocations: 5,888
T2 invocations: 5,510
T3 invocations: 182,538
T3b invocations: 0
Total3 invocations: 182,538
Total4 invocations: 780

T3/T2 ratio: 33
T3b/T3 ratio: 0

T1 avg ex cycles: 33
T2 avg ex cycles: 52
T3&b avg ex cycles: 5
T4 avg ex cycles: 73
Avg. hops NOC1: 4
Avg. latency NOC1 (T2): 4,301
Avg. hops NOC2: 13
Avg. latency NOC2 (T3): 1,400

===PRINTING ACUM STATS at pu_cycles: 2,200,022

ACollision In Avg:53, SD:13, Max:129, Min:21
ACollision Out Avg:52, SD:19, Max:112, Min:13
ACollision End Avg:16, SD:9, Max:88, Min:1
ATask1 Avg:10, SD:0, Max:11, Min:5
ATask2 Avg:16, SD:1, Max:18, Min:1
ATask3 Avg:35, SD:6, Max:73, Min:24
ACore Active Avg:63, SD:6, Max:95, Min:44
ARouter Active Avg:64, SD:2, Max:71, Min:61
T1 invocations: 6,016,763
T2 invocations: 5,689,670
T3 invocations: 143,959,038
T3b invocations: 0
Total3 invocations: 143,959,038
Total4 invocations: 121,635

T3/T2 ratio: 25
T3b/T3 ratio: 0

T1 avg ex cycles: 39
T2 avg ex cycles: 64
T3&b avg ex cycles: 6
T4 avg ex cycles: 187
Avg. hops NOC1: 3
Avg. latency NOC1 (T2): 10,582
Avg. hops NOC2: 17
Avg. latency NOC2 (T3): 5,101
Number of K Nodes Processed: 4,842
Number of K Edges Processed: 143,959
Node Re-explore factor: 1.15
Edge Re-explore factor: 1.12
Nodes/cy: 2
Edges/cy: 65
TEPS: 58

---DCache---
DCache Size: 125,904
DRAM words: 133,760
  DHits: 266,896,206
  DMisses: 9,256,537
  DHit Rate (hit/miss): 97%
  DEvictions: 1,317,219
  DEviction Rate (evict/misses): 14%
  MC Transactions: 9,742,806
  MC Writes: 421,051
Avg. Transactions: 55% , Writes: 2%, Avg. Latency: 21
Max MC id: 7 of 8. Transactions: 56% , Writes: 2%, MC mean Latency: 21
HBM refresh energy (nJ): 6
HBM access energy (nJ): 18,456,771
MemC wire energy 2.5d (nJ): 8,792,734
MemC wire energy 3d (nJ): 2,198,183

---Energy---
Leakage Energy (nJ): 745,775
PU Dyn E (nJ): 8,110,625
Mem Dyn E (nJ): 59,476,235
Route Dyn E (nJ): 14,907,525
Dynamic Energy (nJ): 82,494,385
Ratio of Dyn/Leak: 111
Total Energy (nJ): 83,240,160
Total Energy (nJ) 3D: 81,923,415
Cores Energy (nJ): 8,116,748
Route Energy (nJ): 14,927,683
Route Energy (nJ) 3D: 20,205,488
Mem Energy   (nJ): 60,195,730
Mem Energy   (nJ) 3D: 53,601,180
Avg. Power (mW): 37,836.06
Power Density (mW/mm2): 84.84

---Runtime---
Runtime in K cycles: 2,200.02
Microseconds: 2,200.02
Time per iteration (ms): 2.20

---Throughput---
GOP/s (aka OPS/ns): 547.38
GOP/s per core: 0.53
GFLOP/s: 65.44
GFLOP/s per core: 0.06
Max Peak GFLOP/s: 1,024.00
Avg. BW GB/s: 2,340.93
Max BW GB/s: 4,096.00

---Traffic---
In-Die bisection_bytes BW (GB/s): 512.00
Inter-board traffic (msg/ns): 0.00, per-link: 0.00
Inter-pack traffic (msg/ns): 0.00, per-link: 0.00
Inter-die traffic (msg/ns): 0.00, per-link: 0.00
Ruche traffic (msg/ns): 0.00, per-link: 0.00
All traffic (msg/ns): 2,390.83, per-link: 2.33
Inter-die reduction wrt all: inf
Inter-board reduction wrt inter-die: -nan

---Data Movement---
All traffic (msg): 5,259,886,344
Arith. Intensity FLOP/Loads: 0.22
Arith. Intensity FLOP/Msgs: 0.03
Arith. Intensity OPS/Loads: 1.84
Arith. Intensity OPS/Msgs: 0.23



===Core Utilization Total=== CORE-S:22;; TIME K cy:2,200 ;; Nodes Proc: 602,100 -- Edges Proc: 18,395,038
======== IT IS COLD ======= Only 0 Tiles active

===PRINTING FRAME STATS

FCollision In Avg:0, SD:3, Max:99, Min:0
FCollision Out Avg:0, SD:4, Max:99, Min:0
FCollision End Avg:0, SD:0, Max:4, Min:0
FTask1 Avg:0, SD:0, Max:10, Min:0
FTask2 Avg:0, SD:1, Max:31, Min:0
FTask3 Avg:0, SD:0, Max:2, Min:0
FCore Active Avg:0, SD:1, Max:31, Min:0
FRouter Active Avg:1, SD:4, Max:39, Min:0
T1 invocations: 972
T2 invocations: 1,032
T3 invocations: 44,011
T3b invocations: 0
Total3 invocations: 44,011
Total4 invocations: 233

T3/T2 ratio: 43
T3b/T3 ratio: 0

T1 avg ex cycles: 35
T2 avg ex cycles: 42
T3&b avg ex cycles: 5
T4 avg ex cycles: 45
Avg. hops NOC1: 4
Avg. latency NOC1 (T2): 2,337
Avg. hops NOC2: 20
Avg. latency NOC2 (T3): 302

===PRINTING ACUM STATS at pu_cycles: 2,300,150

ACollision In Avg:50, SD:13, Max:123, Min:20
ACollision Out Avg:50, SD:18, Max:107, Min:12
ACollision End Avg:15, SD:8, Max:84, Min:1
ATask1 Avg:10, SD:0, Max:11, Min:5
ATask2 Avg:15, SD:1, Max:18, Min:2
ATask3 Avg:34, SD:6, Max:70, Min:23
ACore Active Avg:60, SD:5, Max:91, Min:44
ARouter Active Avg:62, SD:2, Max:68, Min:58
T1 invocations: 6,017,736
T2 invocations: 5,691,796
T3 invocations: 144,003,229
T3b invocations: 0
Total3 invocations: 144,003,229
Total4 invocations: 121,869

T3/T2 ratio: 25
T3b/T3 ratio: 0

T1 avg ex cycles: 39
T2 avg ex cycles: 64
T3&b avg ex cycles: 6
T4 avg ex cycles: 187
Avg. hops NOC1: 3
Avg. latency NOC1 (T2): 10,579
Avg. hops NOC2: 17
Avg. latency NOC2 (T3): 5,100
Number of K Nodes Processed: 4,843
Number of K Edges Processed: 144,003
Node Re-explore factor: 1.15
Edge Re-explore factor: 1.12
Nodes/cy: 2
Edges/cy: 63
TEPS: 56

---DCache---
DCache Size: 125,904
DRAM words: 133,760
  DHits: 266,985,630
  DMisses: 9,259,230
  DHit Rate (hit/miss): 97%
  DEvictions: 1,317,718
  DEviction Rate (evict/misses): 14%
  MC Transactions: 9,745,566
  MC Writes: 421,118
Avg. Transactions: 53% , Writes: 2%, Avg. Latency: 21
Max MC id: 7 of 8. Transactions: 53% , Writes: 2%, MC mean Latency: 21
HBM refresh energy (nJ): 6
HBM access energy (nJ): 18,462,000
MemC wire energy 2.5d (nJ): 8,795,225
MemC wire energy 3d (nJ): 2,198,806

---Energy---
Leakage Energy (nJ): 779,717
PU Dyn E (nJ): 8,112,939
Mem Dyn E (nJ): 59,493,818
Route Dyn E (nJ): 14,913,058
Dynamic Energy (nJ): 82,519,814
Ratio of Dyn/Leak: 106
Total Energy (nJ): 83,299,531
Total Energy (nJ) 3D: 81,982,878
Cores Energy (nJ): 8,119,340
Route Energy (nJ): 14,934,133
Route Energy (nJ) 3D: 20,213,898
Mem Energy   (nJ): 60,246,059
Mem Energy   (nJ) 3D: 53,649,640
Avg. Power (mW): 36,214.83
Power Density (mW/mm2): 81.21

---Runtime---
Runtime in K cycles: 2,300.15
Microseconds: 2,300.15
Time per iteration (ms): 2.30

---Throughput---
GOP/s (aka OPS/ns): 523.69
GOP/s per core: 0.51
GFLOP/s: 62.61
GFLOP/s per core: 0.06
Max Peak GFLOP/s: 1,024.00
Avg. BW GB/s: 2,239.70
Max BW GB/s: 4,096.00

---Traffic---
In-Die bisection_bytes BW (GB/s): 512.00
Inter-board traffic (msg/ns): 0.00, per-link: 0.00
Inter-pack traffic (msg/ns): 0.00, per-link: 0.00
Inter-die traffic (msg/ns): 0.00, per-link: 0.00
Ruche traffic (msg/ns): 0.00, per-link: 0.00
All traffic (msg/ns): 2,287.59, per-link: 2.23
Inter-die reduction wrt all: inf
Inter-board reduction wrt inter-die: -nan

---Data Movement---
All traffic (msg): 5,261,791,901
Arith. Intensity FLOP/Loads: 0.22
Arith. Intensity FLOP/Msgs: 0.03
Arith. Intensity OPS/Loads: 1.84
Arith. Intensity OPS/Msgs: 0.23



===Core Utilization Total=== CORE-S:23;; TIME K cy:2,300 ;; Nodes Proc: 602,179 -- Edges Proc: 18,395,113
======== IT IS COLD ======= Only 2 Tiles active

===PRINTING FRAME STATS

FCollision In Avg:0, SD:3, Max:99, Min:0
FCollision Out Avg:1, SD:8, Max:99, Min:0
FCollision End Avg:0, SD:3, Max:99, Min:0
FTask1 Avg:0, SD:0, Max:4, Min:0
FTask2 Avg:0, SD:3, Max:100, Min:0
FTask3 Avg:0, SD:0, Max:1, Min:0
FCore Active Avg:0, SD:3, Max:100, Min:0
FRouter Active Avg:1, SD:2, Max:40, Min:0
T1 invocations: 346
T2 invocations: 954
T3 invocations: 25,043
T3b invocations: 0
Total3 invocations: 25,043
Total4 invocations: 125

T3/T2 ratio: 26
T3b/T3 ratio: 0

T1 avg ex cycles: 36
T2 avg ex cycles: 108
T3&b avg ex cycles: 5
T4 avg ex cycles: 35
Avg. hops NOC1: 2
Avg. latency NOC1 (T2): 12,238
Avg. hops NOC2: 21
Avg. latency NOC2 (T3): 581

===PRINTING ACUM STATS at pu_cycles: 2,400,007

ACollision In Avg:49, SD:12, Max:118, Min:19
ACollision Out Avg:49, SD:18, Max:102, Min:12
ACollision End Avg:14, SD:8, Max:81, Min:1
ATask1 Avg:10, SD:0, Max:11, Min:5
ATask2 Avg:15, SD:1, Max:17, Min:6
ATask3 Avg:33, SD:5, Max:67, Min:22
ACore Active Avg:58, SD:5, Max:87, Min:46
ARouter Active Avg:60, SD:2, Max:66, Min:56
T1 invocations: 6,017,975
T2 invocations: 5,692,645
T3 invocations: 144,017,926
T3b invocations: 0
Total3 invocations: 144,017,926
Total4 invocations: 121,940

T3/T2 ratio: 25
T3b/T3 ratio: 0

T1 avg ex cycles: 39
T2 avg ex cycles: 64
T3&b avg ex cycles: 6
T4 avg ex cycles: 187
Avg. hops NOC1: 3
Avg. latency NOC1 (T2): 10,580
Avg. hops NOC2: 17
Avg. latency NOC2 (T3): 5,100
Number of K Nodes Processed: 4,843
Number of K Edges Processed: 144,023
Node Re-explore factor: 1.15
Edge Re-explore factor: 1.12
Nodes/cy: 2
Edges/cy: 60
TEPS: 53

---DCache---
DCache Size: 125,904
DRAM words: 133,760
  DHits: 267,025,125
  DMisses: 9,260,587
  DHit Rate (hit/miss): 97%
  DEvictions: 1,317,855
  DEviction Rate (evict/misses): 14%
  MC Transactions: 9,746,942
  MC Writes: 421,137
Avg. Transactions: 51% , Writes: 2%, Avg. Latency: 21
Max MC id: 7 of 8. Transactions: 51% , Writes: 2%, MC mean Latency: 21
HBM refresh energy (nJ): 7
HBM access energy (nJ): 18,464,606
MemC wire energy 2.5d (nJ): 8,796,466
MemC wire energy 3d (nJ): 2,199,117

---Energy---
Leakage Energy (nJ): 813,567
PU Dyn E (nJ): 8,113,809
Mem Dyn E (nJ): 59,502,746
Route Dyn E (nJ): 14,915,851
Dynamic Energy (nJ): 82,532,407
Ratio of Dyn/Leak: 101
Total Energy (nJ): 83,345,974
Total Energy (nJ) 3D: 82,029,377
Cores Energy (nJ): 8,120,489
Route Energy (nJ): 14,937,841
Route Energy (nJ) 3D: 20,218,595
Mem Energy   (nJ): 60,287,644
Mem Energy   (nJ) 3D: 53,690,294
Avg. Power (mW): 34,727.39
Power Density (mW/mm2): 77.87

---Runtime---
Runtime in K cycles: 2,400.01
Microseconds: 2,400.01
Time per iteration (ms): 2.40

---Throughput---
GOP/s (aka OPS/ns): 501.96
GOP/s per core: 0.49
GFLOP/s: 60.01
GFLOP/s per core: 0.06
Max Peak GFLOP/s: 1,024.00
Avg. BW GB/s: 2,146.85
Max BW GB/s: 4,096.00

---Traffic---
In-Die bisection_bytes BW (GB/s): 512.00
Inter-board traffic (msg/ns): 0.00, per-link: 0.00
Inter-pack traffic (msg/ns): 0.00, per-link: 0.00
Inter-die traffic (msg/ns): 0.00, per-link: 0.00
Ruche traffic (msg/ns): 0.00, per-link: 0.00
All traffic (msg/ns): 2,192.80, per-link: 2.14
Inter-die reduction wrt all: inf
Inter-board reduction wrt inter-die: -nan

---Data Movement---
All traffic (msg): 5,262,737,393
Arith. Intensity FLOP/Loads: 0.22
Arith. Intensity FLOP/Msgs: 0.03
Arith. Intensity OPS/Loads: 1.84
Arith. Intensity OPS/Msgs: 0.23



===Core Utilization Total=== CORE-S:24;; TIME K cy:2,400 ;; Nodes Proc: 602,200 -- Edges Proc: 18,395,139
======== IT IS COLD ======= Only 0 Tiles active

===PRINTING FRAME STATS

FCollision In Avg:0, SD:4, Max:99, Min:0
FCollision Out Avg:0, SD:4, Max:99, Min:0
FCollision End Avg:0, SD:3, Max:99, Min:0
FTask1 Avg:0, SD:0, Max:4, Min:0
FTask2 Avg:0, SD:2, Max:50, Min:0
FTask3 Avg:0, SD:0, Max:1, Min:0
FCore Active Avg:1, SD:2, Max:50, Min:0
FRouter Active Avg:1, SD:3, Max:23, Min:0
T1 invocations: 540
T2 invocations: 1,047
T3 invocations: 79,885
T3b invocations: 0
Total3 invocations: 79,885
Total4 invocations: 366

T3/T2 ratio: 76
T3b/T3 ratio: 0

T1 avg ex cycles: 36
T2 avg ex cycles: 77
T3&b avg ex cycles: 5
T4 avg ex cycles: 23
Avg. hops NOC1: 4
Avg. latency NOC1 (T2): 11,491
Avg. hops NOC2: 17
Avg. latency NOC2 (T3): 95

===PRINTING ACUM STATS at pu_cycles: 2,500,161

ACollision In Avg:46, SD:12, Max:113, Min:18
ACollision Out Avg:46, SD:17, Max:102, Min:11
ACollision End Avg:14, SD:8, Max:81, Min:1
ATask1 Avg:9, SD:0, Max:10, Min:5
ATask2 Avg:14, SD:1, Max:16, Min:8
ATask3 Avg:31, SD:5, Max:67, Min:21
ACore Active Avg:56, SD:5, Max:86, Min:45
ARouter Active Avg:57, SD:1, Max:65, Min:53
T1 invocations: 6,018,474
T2 invocations: 5,693,748
T3 invocations: 144,102,501
T3b invocations: 0
Total3 invocations: 144,102,501
Total4 invocations: 122,344

T3/T2 ratio: 25
T3b/T3 ratio: 0

T1 avg ex cycles: 39
T2 avg ex cycles: 64
T3&b avg ex cycles: 6
T4 avg ex cycles: 186
Avg. hops NOC1: 3
Avg. latency NOC1 (T2): 10,580
Avg. hops NOC2: 17
Avg. latency NOC2 (T3): 5,097
Number of K Nodes Processed: 4,844
Number of K Edges Processed: 144,103
Node Re-explore factor: 1.15
Edge Re-explore factor: 1.12
Nodes/cy: 2
Edges/cy: 58
TEPS: 51

---DCache---
DCache Size: 125,904
DRAM words: 133,760
  DHits: 267,187,371
  DMisses: 9,265,777
  DHit Rate (hit/miss): 97%
  DEvictions: 1,318,638
  DEviction Rate (evict/misses): 14%
  MC Transactions: 9,752,401
  MC Writes: 421,406
Avg. Transactions: 49% , Writes: 2%, Avg. Latency: 21
Max MC id: 7 of 8. Transactions: 49% , Writes: 2%, MC mean Latency: 21
HBM refresh energy (nJ): 7
HBM access energy (nJ): 18,474,948
MemC wire energy 2.5d (nJ): 8,801,393
MemC wire energy 3d (nJ): 2,200,348

---Energy---
Leakage Energy (nJ): 847,518
PU Dyn E (nJ): 8,117,602
Mem Dyn E (nJ): 59,532,375
Route Dyn E (nJ): 14,924,263
Dynamic Energy (nJ): 82,574,241
Ratio of Dyn/Leak: 97
Total Energy (nJ): 83,421,759
Total Energy (nJ) 3D: 82,104,446
Cores Energy (nJ): 8,124,560
Route Energy (nJ): 14,947,171
Route Energy (nJ) 3D: 20,230,903
Mem Energy   (nJ): 60,350,028
Mem Energy   (nJ) 3D: 53,748,983
Avg. Power (mW): 33,366.55
Power Density (mW/mm2): 74.82

---Runtime---
Runtime in K cycles: 2,500.16
Microseconds: 2,500.16
Time per iteration (ms): 2.50

---Throughput---
GOP/s (aka OPS/ns): 482.05
GOP/s per core: 0.47
GFLOP/s: 57.64
GFLOP/s per core: 0.06
Max Peak GFLOP/s: 1,024.00
Avg. BW GB/s: 2,061.71
Max BW GB/s: 4,096.00

---Traffic---
In-Die bisection_bytes BW (GB/s): 512.00
Inter-board traffic (msg/ns): 0.00, per-link: 0.00
Inter-pack traffic (msg/ns): 0.00, per-link: 0.00
Inter-die traffic (msg/ns): 0.00, per-link: 0.00
Ruche traffic (msg/ns): 0.00, per-link: 0.00
All traffic (msg/ns): 2,106.15, per-link: 2.06
Inter-die reduction wrt all: inf
Inter-board reduction wrt inter-die: -nan

---Data Movement---
All traffic (msg): 5,265,704,640
Arith. Intensity FLOP/Loads: 0.22
Arith. Intensity FLOP/Msgs: 0.03
Arith. Intensity OPS/Loads: 1.84
Arith. Intensity OPS/Msgs: 0.23



===Core Utilization Total=== CORE-S:25;; TIME K cy:2,500 ;; Nodes Proc: 602,263 -- Edges Proc: 18,395,195
======== IT IS COLD ======= Only 0 Tiles active
Epoch Done Router: 4
Epoch Done Router: 2
Epoch Done Router: 3
Epoch Done Router: 7
Epoch Done Router: 1
Epoch Done Router: 6
Epoch Done Router: 5
Epoch Done Router: 0
##EPOCH## 1 COMPLETED at Time (K cy): 2,547
Nodes processed until now: 4,844,218
Edges processed until now: 144,131,636
Program Done Worker Thread: 0
Program Done Router Thread: 6
Program Done Worker Thread: 1
Program Done Worker Thread: 3
Program Done Router Thread: 3
Program Done Router Thread: 5
Program Done Router Thread: 0
Program Done Worker Thread: 2
Program Done Worker Thread: 6
Program Done Router Thread: 7
Program Done Worker Thread: 4
Program Done Router Thread: 4
Program Done Router Thread: 1
Program Done Worker Thread: 5
Program Done Router Thread: 2
Program Done Worker Thread: 7

===PRINTING ACUM STATS at pu_cycles: 2,547,258

ACollision In Avg:46, SD:11, Max:111, Min:18
ACollision Out Avg:45, SD:16, Max:97, Min:11
ACollision End Avg:13, SD:7, Max:77, Min:1
ATask1 Avg:9, SD:0, Max:10, Min:8
ATask2 Avg:14, SD:0, Max:16, Min:12
ATask3 Avg:31, SD:5, Max:63, Min:20
ACore Active Avg:54, SD:5, Max:85, Min:44
ARouter Active Avg:56, SD:1, Max:62, Min:52
T1 invocations: 6,020,976
T2 invocations: 5,697,122
T3 invocations: 144,131,636
T3b invocations: 0
Total3 invocations: 144,131,636
Total4 invocations: 122,488

T3/T2 ratio: 25
T3b/T3 ratio: 0

T1 avg ex cycles: 39
T2 avg ex cycles: 64
T3&b avg ex cycles: 6
T4 avg ex cycles: 186
Avg. hops NOC1: 3
Avg. latency NOC1 (T2): 10,577
Avg. hops NOC2: 17
Avg. latency NOC2 (T3): 5,096

Runtime at program end in K cycles: 2,547
Runtime before cooldown in K cycles: 1,601


Number of K Nodes Processed: 4,844
Number of K Edges Processed: 144,131
Node Re-explore factor: 1.15
Edge Re-explore factor: 1.12
Nodes/cy: 2
Edges/cy: 57
TEPS: 50

---DCache---
DCache Size: 125,904
DRAM words: 133,760
  DHits: 267,246,140
  DMisses: 9,267,565
  DHit Rate (hit/miss): 97%
  DEvictions: 1,318,933
  DEviction Rate (evict/misses): 14%
  MC Transactions: 9,754,237
  MC Writes: 421,454
Avg. Transactions: 48% , Writes: 2%, Avg. Latency: 21
Max MC id: 7 of 8. Transactions: 48% , Writes: 2%, MC mean Latency: 21
HBM refresh energy (nJ): 7
HBM access energy (nJ): 18,478,426
MemC wire energy 2.5d (nJ): 8,803,050
MemC wire energy 3d (nJ): 2,200,763

---Energy---
Leakage Energy (nJ): 863,483
PU Dyn E (nJ): 8,119,832
Mem Dyn E (nJ): 59,548,891
Route Dyn E (nJ): 14,927,703
Dynamic Energy (nJ): 82,596,427
Ratio of Dyn/Leak: 96
Total Energy (nJ): 83,459,910
Total Energy (nJ) 3D: 82,142,572
Cores Energy (nJ): 8,126,921
Route Energy (nJ): 14,951,043
Route Energy (nJ) 3D: 20,235,992
Mem Energy   (nJ): 60,381,946
Mem Energy   (nJ) 3D: 53,779,659
Avg. Power (mW): 32,764.61
Power Density (mW/mm2): 73.47

---Runtime---
Runtime in K cycles: 2,547.26
Microseconds: 2,547.26
Time per iteration (ms): 2.55

---Inst---
K Loads: 654,265
K Stores: 634,870
K Instructions: 1,205,574

---Throughput---
GOP/s (aka OPS/ns): 473.28
GOP/s per core: 0.46
GFLOP/s: 56.58
GFLOP/s per core: 0.06
Max Peak GFLOP/s: 1,024.00
Avg. BW GB/s: 2,024.35
Max BW GB/s: 4,096.00

---Traffic---
In-Die bisection_bytes BW (GB/s): 512.00
Inter-board traffic (msg/ns): 0.00, per-link: 0.00
Inter-pack traffic (msg/ns): 0.00, per-link: 0.00
Inter-die traffic (msg/ns): 0.00, per-link: 0.00
Ruche traffic (msg/ns): 0.00, per-link: 0.00
All traffic (msg/ns): 2,067.68, per-link: 2.02
Inter-die reduction wrt all: inf
Inter-board reduction wrt inter-die: -nan

---Data Movement---
All traffic (msg): 5,266,902,822
Arith. Intensity FLOP/Loads: 0.22
Arith. Intensity FLOP/Msgs: 0.03
Arith. Intensity OPS/Loads: 1.84
Arith. Intensity OPS/Msgs: 0.23

Simulation time: 199.16
Sim time / DUT time: 76.35
Sim noc_cy/s: 12,790.02
Sim Msg/s: 26,445,601.29

Version 32

