Dataset:  Kron22/
Dry run: 0
Open Edge Count File succesfully
Edges Traversed BFS: 128309848
Found Vertices: 4194304, Edges: 128311436
avg degree 31
Array  Kron22/node_array.bin found
Malloc array of size 16777220 bytes
Readin array of size 16777216 bytes
Finished Reading Array Bytes
No reordering Array 32bit
Array  Kron22/edge_array.bin found
Malloc array of size 513245744 bytes
Readin array of size 513245744 bytes
Finished Reading Array Bytes
No reordering Array 32bit
Reading graph elapsed time: 0.166419s

Dataset Footprint: 505 MiB
Dataset Footprint per Board: 4240.44 Mb
Dataset injection time (ms): 0.258816
Max Dataset Footprint: 1026 MiB

Dataset footprint per tile: 505 KiB
Proxys footprint per tile: 0 KiB
Reserved SRAM per tile: 4 KiB

Ideal SRAM per tile: 509 KiB
reserved_words_for_dataset:6303
dataset_words_per_tile:129408
remaining_sram_words:31518
min_dcache_sram_words_required:6386
dataset_words_per_tile:129408
min_pcache_sram_words_required:0
proxys_words_per_tile:0
Dcache footprint ratio: 5
Dataset Cached: 1
DCache: 31152 words, lines: 1947, sets: 1947
Proxys Cached: 0
Pcache: 0 words, sets: 0
Node per tile: 4,096
Edge per tile: 125,305
GRID_X: 32
GRID_SIZE: 1,024
smt_per_tile: 1
noc_freq: 1
pu_freq: 1
RUCHE_X: 8
PROXY_W: 32
DIE_W: 16
DIE_H: 16
DIES: 4
BORDER_TILES_PER_DIE: 64
PACK_W: 32
PACK_H: 32
DIES_PACK_FACTOR: 2
DIES_PER_PACK: 4
PACKAGES: 1
BOARD_W: 32
BOARD_H: 32
BOARDS: 1
MUX_BUS: 1
DCACHE: 1
PCACHE: 0
PROXY_FACTOR: 1
CACHE_WAYS: 1
TORUS: 1
PHY_NOCS: 1
WIDE_NOC_ID: 0
NOC_CONF: 1
noc_width: 32
hbm_channel_bit_width: 512
ld_st_op_byte_width: 4
PROXY_ROUTING: 0
WITHIN_REGION: 0
WRITE_THROUGH: 0
ASSERT_MODE: 0
GLOBAL_BARRIER: 0
OQ flits: 6 ; 64 ; 2
IQ flits: 6 ; 1,024 ; 32
OQ messages: 2 ; 32 ; 1
IQ messages: 2 ; 512 ; 16
max_task2 size: 64
io_factor_t2: 16
io_factor_t3: 16
io_factor_t3b: 16

Active SRAM Storage per tile: 127 KiB
Total SRAM Storage per tile: 128 KiB
Agreggated SRAM Storage: 128 MiB

Active DRAM Storage per tile: 0.493164 MiB
Total DRAM Storage per tile: 32 MiB
Agreggated DRAM Storage: 32 GiB

Inter-Die #links: 512
Inter-Die (Gbits): 16,384
Inter-Die (Gbits/mm): 548.034
Bisection BW of Board (Gbits): 8,192
Border IO #Dies: 8
Border IO Die BW (Gbits): 2,048
Off-Board BW Total (Gbits): 16,384
Off-Board BW Density (Gbits/mm): 142
Die side: 7.47 mm
Die border wire density: 548.03 Gbits/mm
HBM wire density: 548.03 Gbits/mm

Tiles per Die: 256 (16x16)
Tile Area: 0.09 mm2, side: 0.30 mm
- Core/Rout Area: 0.05 mm2
- SRAM Area: 0.04 mm2
- SRAM/Logic Ratio: 0.66x

Dies per Package: 4 (2x2)
Die Area: 55.86 mm2, side: 7.47 mm
- Tiles Area: 23.12 mm2
- PHY Area: 23.74 mm2
- MC Area: 9.00 mm2

Packages per Board: 1 (1x1)
Package Area: 823.44 mm2, side: 28.70 mm
- IOdie Area: 160.00 mm2
- Dies Area: 223.44 mm2
- HBM Area: 440.00 mm2

Boards: 1 (1x1)
Board Area: 823.44 mm2
Total Area: 823.44 mm2



ESTIMATED COST OF SILICON AND PACKAGING. ONLY VARIABLE, NO FIXED COSTS
Good dies per wafer 3d: 584
Good dies per wafer 2d: 1,012
--Dies 3D Cost: 41.42 $
--Dies 2.5D Cost: 23.90 $
--Dies 2D Cost: 23.90 $
--HBM Cost: 240.00 $
--IOdie Cost: 16.88 $
--Packaging Cost 3d: 9.94 $
--Packaging Cost 2.5d: 14.48 $
--Packaging Cost 2d: 6.12 $
SiP Cost 3d: 308.24 $
SiP Cost 2.5d: 295.26 $
SiP Cost 2d: 46.90 $
--Board Cost: 0.82 $
Total SiPs Cost 3d: 309.06 $
Total SiPs Cost 2.5d: 296.09 $
Total SiPs Cost 2d: 47.72 $

Perf counters initialized
Mesh connected
Cache structures initialized
proxys initialized
Dataset structures initialized


Starting Simulation
INIT epoch: 1
INIT epoch: 1
INIT epoch: 1
INIT epoch: 1
INIT epoch: 1
INIT epoch: 1
INIT epoch: 1
INIT epoch: 1

===PRINTING FRAME STATS

FCollision In Avg:11, SD:8, Max:74, Min:0
FCollision Out Avg:0, SD:0, Max:4, Min:0
FCollision End Avg:0, SD:0, Max:0, Min:0
FTask1 Avg:76, SD:4, Max:86, Min:51
FTask2 Avg:0, SD:0, Max:0, Min:0
FTask3 Avg:24, SD:4, Max:49, Min:14
FCore Active Avg:100, SD:0, Max:100, Min:100
FRouter Active Avg:85, SD:5, Max:96, Min:39
T1 invocations: 390,043
T2 invocations: 0
T3 invocations: 12,015,141
T3b invocations: 0
Total3 invocations: 12,015,141
Total4 invocations: 0

T3/T2 ratio: inf
T3b/T3 ratio: 0

T1 avg ex cycles: 201
T2 avg ex cycles: -nan
T3&b avg ex cycles: 2
T4 avg ex cycles: -nan
Avg. hops NOC1: -nan
Avg. latency NOC1 (T2): -nan
Avg. hops NOC2: 13
Avg. latency NOC2 (T3): 3,280

===PRINTING ACUM STATS at pu_cycles: 100,415

ACollision In Avg:11, SD:8, Max:74, Min:0
ACollision Out Avg:0, SD:0, Max:4, Min:0
ACollision End Avg:0, SD:0, Max:0, Min:0
ATask1 Avg:76, SD:4, Max:86, Min:51
ATask2 Avg:0, SD:0, Max:0, Min:0
ATask3 Avg:24, SD:4, Max:49, Min:14
ACore Active Avg:100, SD:0, Max:100, Min:100
ARouter Active Avg:85, SD:5, Max:96, Min:39
T1 invocations: 390,043
T2 invocations: 0
T3 invocations: 12,015,141
T3b invocations: 0
Total3 invocations: 12,015,141
Total4 invocations: 0

T3/T2 ratio: inf
T3b/T3 ratio: 0

T1 avg ex cycles: 201
T2 avg ex cycles: -nan
T3&b avg ex cycles: 2
T4 avg ex cycles: -nan
Avg. hops NOC1: -nan
Avg. latency NOC1 (T2): -nan
Avg. hops NOC2: 13
Avg. latency NOC2 (T3): 3,280
Number of K Nodes Processed: 12,040
Number of K Edges Processed: 12,040
Node Re-explore factor: 2.87
Edge Re-explore factor: 0.09
Nodes/cy: 120
Edges/cy: 120
TEPS: 1,278

---DCache---
DCache Size: 31,152
DRAM words: 129,408
  DHits: 19,604,930
  DMisses: 1,112,980
  DHit Rate (hit/miss): 95%
  DEvictions: 191,797
  DEviction Rate (evict/misses): 17%
  MC Transactions: 1,225,270
  MC Writes: 94,572
Avg. Transactions: 38% , Writes: 3%, Avg. Latency: 0
Max MC id: 27 of 32. Transactions: 41% , Writes: 4%, MC mean Latency: 0
HBM refresh energy (nJ): 0
HBM access energy (nJ): 2,321,151
MemC wire energy 2.5d (nJ): 387,852
MemC wire energy 3d (nJ): 96,963

---Energy---
Leakage Energy (nJ): 10,362
PU Dyn E (nJ): 690,271
Mem Dyn E (nJ): 4,126,075
Route Dyn E (nJ): 830,034
Dynamic Energy (nJ): 5,646,381
Ratio of Dyn/Leak: 545
Total Energy (nJ): 5,656,743
Total Energy (nJ) 3D: 5,952,936
Cores Energy (nJ): 690,551
Route Energy (nJ): 831,956
Route Energy (nJ) 3D: 1,419,038
Mem Energy   (nJ): 4,134,237
Mem Energy   (nJ) 3D: 3,843,347
Avg. Power (mW): 56,333.65
Power Density (mW/mm2): 68.41

---Runtime---
Runtime in K cycles: 100.42
Microseconds: 100.42
Time per iteration (ms): 0.10

---Throughput---
GOP/s (aka OPS/ns): 1,013.38
GOP/s per core: 0.99
GFLOP/s: 123.83
GFLOP/s per core: 0.12
Max Peak GFLOP/s: 1,024.00
Avg. BW GB/s: 3,908.99
Max BW GB/s: 4,096.00

---Traffic---
In-Die bisection_bytes BW (GB/s): 256.00
Inter-board traffic (msg/ns): 0.00, per-link: 0.00
Inter-pack traffic (msg/ns): 0.00, per-link: 0.00
Inter-die traffic (msg/ns): 81.94, per-link: 0.32
Ruche traffic (msg/ns): 100.00, per-link: 0.39
All traffic (msg/ns): 3,292.06, per-link: 3.21
Inter-die reduction wrt all: 40.18
Inter-board reduction wrt inter-die: inf

---Data Movement---
All traffic (msg): 330,572,092
Arith. Intensity FLOP/Loads: 0.20
Arith. Intensity FLOP/Msgs: 0.04
Arith. Intensity OPS/Loads: 1.65
Arith. Intensity OPS/Msgs: 0.31



===Core Utilization Total=== CORE-S:1;; TIME K cy:100 ;; Nodes Proc: 1,498,411 -- Edges Proc: 0

===PRINTING FRAME STATS

FCollision In Avg:11, SD:7, Max:60, Min:1
FCollision Out Avg:0, SD:0, Max:6, Min:0
FCollision End Avg:0, SD:0, Max:0, Min:0
FTask1 Avg:76, SD:4, Max:84, Min:49
FTask2 Avg:0, SD:0, Max:0, Min:0
FTask3 Avg:24, SD:4, Max:51, Min:16
FCore Active Avg:100, SD:0, Max:100, Min:100
FRouter Active Avg:85, SD:5, Max:96, Min:38
T1 invocations: 387,011
T2 invocations: 0
T3 invocations: 12,354,878
T3b invocations: 0
Total3 invocations: 12,354,878
Total4 invocations: 0

T3/T2 ratio: inf
T3b/T3 ratio: 0

T1 avg ex cycles: 201
T2 avg ex cycles: -nan
T3&b avg ex cycles: 2
T4 avg ex cycles: -nan
Avg. hops NOC1: -nan
Avg. latency NOC1 (T2): -nan
Avg. hops NOC2: 12
Avg. latency NOC2 (T3): 3,295

===PRINTING ACUM STATS at pu_cycles: 200,403

ACollision In Avg:11, SD:7, Max:55, Min:0
ACollision Out Avg:0, SD:0, Max:4, Min:0
ACollision End Avg:0, SD:0, Max:0, Min:0
ATask1 Avg:76, SD:4, Max:85, Min:50
ATask2 Avg:0, SD:0, Max:0, Min:0
ATask3 Avg:24, SD:4, Max:50, Min:15
ACore Active Avg:100, SD:0, Max:100, Min:100
ARouter Active Avg:85, SD:4, Max:96, Min:39
T1 invocations: 777,054
T2 invocations: 0
T3 invocations: 24,370,019
T3b invocations: 0
Total3 invocations: 24,370,019
Total4 invocations: 0

T3/T2 ratio: inf
T3b/T3 ratio: 0

T1 avg ex cycles: 201
T2 avg ex cycles: -nan
T3&b avg ex cycles: 2
T4 avg ex cycles: -nan
Avg. hops NOC1: -nan
Avg. latency NOC1 (T2): -nan
Avg. hops NOC2: 13
Avg. latency NOC2 (T3): 3,288
Number of K Nodes Processed: 24,395
Number of K Edges Processed: 24,395
Node Re-explore factor: 5.82
Edge Re-explore factor: 0.19
Nodes/cy: 122
Edges/cy: 122
TEPS: 640

---DCache---
DCache Size: 31,152
DRAM words: 129,408
  DHits: 39,546,716
  DMisses: 1,987,669
  DHit Rate (hit/miss): 95%
  DEvictions: 402,287
  DEviction Rate (evict/misses): 20%
  MC Transactions: 2,213,628
  MC Writes: 200,066
Avg. Transactions: 35% , Writes: 3%, Avg. Latency: 0
Max MC id: 17 of 32. Transactions: 36% , Writes: 4%, MC mean Latency: 0
HBM refresh energy (nJ): 0
HBM access energy (nJ): 4,193,496
MemC wire energy 2.5d (nJ): 700,711
MemC wire energy 3d (nJ): 175,178

---Energy---
Leakage Energy (nJ): 20,680
PU Dyn E (nJ): 1,379,893
Mem Dyn E (nJ): 7,752,854
Route Dyn E (nJ): 1,653,301
Dynamic Energy (nJ): 10,786,048
Ratio of Dyn/Leak: 522
Total Energy (nJ): 10,806,728
Total Energy (nJ) 3D: 11,449,892
Cores Energy (nJ): 1,380,451
Route Energy (nJ): 1,657,135
Route Energy (nJ) 3D: 2,825,832
Mem Energy   (nJ): 7,769,143
Mem Energy   (nJ) 3D: 7,243,609
Avg. Power (mW): 53,924.98
Power Density (mW/mm2): 65.49

---Runtime---
Runtime in K cycles: 200.40
Microseconds: 200.40
Time per iteration (ms): 0.20

---Throughput---
GOP/s (aka OPS/ns): 1,016.42
GOP/s per core: 0.99
GFLOP/s: 123.70
GFLOP/s per core: 0.12
Max Peak GFLOP/s: 1,024.00
Avg. BW GB/s: 3,954.64
Max BW GB/s: 4,096.00

---Traffic---
In-Die bisection_bytes BW (GB/s): 256.00
Inter-board traffic (msg/ns): 0.00, per-link: 0.00
Inter-pack traffic (msg/ns): 0.00, per-link: 0.00
Inter-die traffic (msg/ns): 81.76, per-link: 0.32
Ruche traffic (msg/ns): 100.04, per-link: 0.39
All traffic (msg/ns): 3,269.60, per-link: 3.19
Inter-die reduction wrt all: 39.99
Inter-board reduction wrt inter-die: inf

---Data Movement---
All traffic (msg): 655,236,848
Arith. Intensity FLOP/Loads: 0.20
Arith. Intensity FLOP/Msgs: 0.04
Arith. Intensity OPS/Loads: 1.64
Arith. Intensity OPS/Msgs: 0.31



===Core Utilization Total=== CORE-S:2;; TIME K cy:200 ;; Nodes Proc: 3,037,698 -- Edges Proc: 0

===PRINTING FRAME STATS

FCollision In Avg:11, SD:7, Max:58, Min:0
FCollision Out Avg:0, SD:0, Max:4, Min:0
FCollision End Avg:0, SD:0, Max:0, Min:0
FTask1 Avg:76, SD:4, Max:85, Min:50
FTask2 Avg:0, SD:0, Max:0, Min:0
FTask3 Avg:24, SD:4, Max:50, Min:15
FCore Active Avg:100, SD:0, Max:100, Min:100
FRouter Active Avg:85, SD:4, Max:96, Min:39
T1 invocations: 386,875
T2 invocations: 0
T3 invocations: 12,356,631
T3b invocations: 0
Total3 invocations: 12,356,631
Total4 invocations: 0

T3/T2 ratio: inf
T3b/T3 ratio: 0

T1 avg ex cycles: 201
T2 avg ex cycles: -nan
T3&b avg ex cycles: 2
T4 avg ex cycles: -nan
Avg. hops NOC1: -nan
Avg. latency NOC1 (T2): -nan
Avg. hops NOC2: 12
Avg. latency NOC2 (T3): 3,296

===PRINTING ACUM STATS at pu_cycles: 300,416

ACollision In Avg:11, SD:7, Max:53, Min:0
ACollision Out Avg:0, SD:0, Max:3, Min:0
ACollision End Avg:0, SD:0, Max:0, Min:0
ATask1 Avg:76, SD:4, Max:85, Min:50
ATask2 Avg:0, SD:0, Max:0, Min:0
ATask3 Avg:24, SD:4, Max:50, Min:15
ACore Active Avg:100, SD:0, Max:100, Min:100
ARouter Active Avg:85, SD:4, Max:96, Min:39
T1 invocations: 1,163,929
T2 invocations: 0
T3 invocations: 36,726,650
T3b invocations: 0
Total3 invocations: 36,726,650
Total4 invocations: 0

T3/T2 ratio: inf
T3b/T3 ratio: 0

T1 avg ex cycles: 201
T2 avg ex cycles: -nan
T3&b avg ex cycles: 2
T4 avg ex cycles: -nan
Avg. hops NOC1: -nan
Avg. latency NOC1 (T2): -nan
Avg. hops NOC2: 13
Avg. latency NOC2 (T3): 3,291
Number of K Nodes Processed: 36,752
Number of K Edges Processed: 36,752
Node Re-explore factor: 8.76
Edge Re-explore factor: 0.29
Nodes/cy: 122
Edges/cy: 122
TEPS: 427

---DCache---
DCache Size: 31,152
DRAM words: 129,408
  DHits: 59,468,696
  DMisses: 2,862,395
  DHit Rate (hit/miss): 95%
  DEvictions: 899,134
  DEviction Rate (evict/misses): 31%
  MC Transactions: 3,202,700
  MC Writes: 306,418
Avg. Transactions: 33% , Writes: 3%, Avg. Latency: 0
Max MC id: 30 of 32. Transactions: 34% , Writes: 4%, MC mean Latency: 0
HBM refresh energy (nJ): 0
HBM access energy (nJ): 6,067,194
MemC wire energy 2.5d (nJ): 1,013,796
MemC wire energy 3d (nJ): 253,449

---Energy---
Leakage Energy (nJ): 31,001
PU Dyn E (nJ): 2,069,570
Mem Dyn E (nJ): 11,381,138
Route Dyn E (nJ): 2,475,573
Dynamic Energy (nJ): 15,926,282
Ratio of Dyn/Leak: 514
Total Energy (nJ): 15,957,283
Total Energy (nJ) 3D: 16,946,869
Cores Energy (nJ): 2,070,406
Route Energy (nJ): 2,481,320
Route Energy (nJ) 3D: 4,231,254
Mem Energy   (nJ): 11,405,556
Mem Energy   (nJ) 3D: 10,645,209
Avg. Power (mW): 53,117.29
Power Density (mW/mm2): 64.51

---Runtime---
Runtime in K cycles: 300.42
Microseconds: 300.42
Time per iteration (ms): 0.30

---Throughput---
GOP/s (aka OPS/ns): 1,017.38
GOP/s per core: 0.99
GFLOP/s: 123.65
GFLOP/s per core: 0.12
Max Peak GFLOP/s: 1,024.00
Avg. BW GB/s: 3,969.73
Max BW GB/s: 4,096.00

---Traffic---
In-Die bisection_bytes BW (GB/s): 256.00
Inter-board traffic (msg/ns): 0.00, per-link: 0.00
Inter-pack traffic (msg/ns): 0.00, per-link: 0.00
Inter-die traffic (msg/ns): 81.71, per-link: 0.32
Ruche traffic (msg/ns): 99.89, per-link: 0.39
All traffic (msg/ns): 3,261.09, per-link: 3.18
Inter-die reduction wrt all: 39.91
Inter-board reduction wrt inter-die: inf

---Data Movement---
All traffic (msg): 979,684,458
Arith. Intensity FLOP/Loads: 0.20
Arith. Intensity FLOP/Msgs: 0.04
Arith. Intensity OPS/Loads: 1.64
Arith. Intensity OPS/Msgs: 0.31



===Core Utilization Total=== CORE-S:3;; TIME K cy:300 ;; Nodes Proc: 4,576,591 -- Edges Proc: 0

===PRINTING FRAME STATS

FCollision In Avg:11, SD:7, Max:59, Min:0
FCollision Out Avg:0, SD:0, Max:6, Min:0
FCollision End Avg:0, SD:0, Max:0, Min:0
FTask1 Avg:76, SD:4, Max:85, Min:49
FTask2 Avg:0, SD:0, Max:0, Min:0
FTask3 Avg:24, SD:4, Max:51, Min:15
FCore Active Avg:100, SD:0, Max:100, Min:99
FRouter Active Avg:85, SD:5, Max:96, Min:37
T1 invocations: 386,855
T2 invocations: 0
T3 invocations: 12,354,756
T3b invocations: 0
Total3 invocations: 12,354,756
Total4 invocations: 0

T3/T2 ratio: inf
T3b/T3 ratio: 0

T1 avg ex cycles: 201
T2 avg ex cycles: -nan
T3&b avg ex cycles: 2
T4 avg ex cycles: -nan
Avg. hops NOC1: -nan
Avg. latency NOC1 (T2): -nan
Avg. hops NOC2: 12
Avg. latency NOC2 (T3): 3,296

===PRINTING ACUM STATS at pu_cycles: 400,411

ACollision In Avg:11, SD:7, Max:51, Min:0
ACollision Out Avg:0, SD:0, Max:3, Min:0
ACollision End Avg:0, SD:0, Max:0, Min:0
ATask1 Avg:76, SD:4, Max:85, Min:50
ATask2 Avg:0, SD:0, Max:0, Min:0
ATask3 Avg:24, SD:4, Max:50, Min:15
ACore Active Avg:100, SD:0, Max:100, Min:100
ARouter Active Avg:85, SD:4, Max:96, Min:38
T1 invocations: 1,550,782
T2 invocations: 0
T3 invocations: 49,081,849
T3b invocations: 0
Total3 invocations: 49,081,849
Total4 invocations: 0

T3/T2 ratio: inf
T3b/T3 ratio: 0

T1 avg ex cycles: 201
T2 avg ex cycles: -nan
T3&b avg ex cycles: 2
T4 avg ex cycles: -nan
Avg. hops NOC1: -nan
Avg. latency NOC1 (T2): -nan
Avg. hops NOC2: 13
Avg. latency NOC2 (T3): 3,292
Number of K Nodes Processed: 49,106
Number of K Edges Processed: 49,106
Node Re-explore factor: 11.71
Edge Re-explore factor: 0.38
Nodes/cy: 123
Edges/cy: 123
TEPS: 320

---DCache---
DCache Size: 31,152
DRAM words: 129,408
  DHits: 79,370,902
  DMisses: 3,736,445
  DHit Rate (hit/miss): 96%
  DEvictions: 1,767,309
  DEviction Rate (evict/misses): 47%
  MC Transactions: 4,190,779
  MC Writes: 412,133
Avg. Transactions: 33% , Writes: 3%, Avg. Latency: 0
Max MC id: 28 of 32. Transactions: 33% , Writes: 3%, MC mean Latency: 0
HBM refresh energy (nJ): 1
HBM access energy (nJ): 7,939,011
MemC wire energy 2.5d (nJ): 1,326,567
MemC wire energy 3d (nJ): 331,642

---Energy---
Leakage Energy (nJ): 41,320
PU Dyn E (nJ): 2,759,245
Mem Dyn E (nJ): 15,006,898
Route Dyn E (nJ): 3,298,696
Dynamic Energy (nJ): 21,064,839
Ratio of Dyn/Leak: 510
Total Energy (nJ): 21,106,159
Total Energy (nJ) 3D: 22,442,512
Cores Energy (nJ): 2,760,360
Route Energy (nJ): 3,306,356
Route Energy (nJ) 3D: 5,637,634
Mem Energy   (nJ): 15,039,443
Mem Energy   (nJ) 3D: 14,044,518
Avg. Power (mW): 52,711.24
Power Density (mW/mm2): 64.01

---Runtime---
Runtime in K cycles: 400.41
Microseconds: 400.41
Time per iteration (ms): 0.40

---Throughput---
GOP/s (aka OPS/ns): 1,017.90
GOP/s per core: 0.99
GFLOP/s: 123.63
GFLOP/s per core: 0.12
Max Peak GFLOP/s: 1,024.00
Avg. BW GB/s: 3,977.38
Max BW GB/s: 4,096.00

---Traffic---
In-Die bisection_bytes BW (GB/s): 256.00
Inter-board traffic (msg/ns): 0.00, per-link: 0.00
Inter-pack traffic (msg/ns): 0.00, per-link: 0.00
Inter-die traffic (msg/ns): 81.79, per-link: 0.32
Ruche traffic (msg/ns): 99.85, per-link: 0.39
All traffic (msg/ns): 3,257.25, per-link: 3.18
Inter-die reduction wrt all: 39.83
Inter-board reduction wrt inter-die: inf

---Data Movement---
All traffic (msg): 1,304,238,789
Arith. Intensity FLOP/Loads: 0.20
Arith. Intensity FLOP/Msgs: 0.04
Arith. Intensity OPS/Loads: 1.63
Arith. Intensity OPS/Msgs: 0.31



===Core Utilization Total=== CORE-S:4;; TIME K cy:400 ;; Nodes Proc: 6,112,509 -- Edges Proc: 0

===PRINTING FRAME STATS

FCollision In Avg:11, SD:8, Max:74, Min:0
FCollision Out Avg:0, SD:0, Max:5, Min:0
FCollision End Avg:0, SD:0, Max:0, Min:0
FTask1 Avg:76, SD:4, Max:85, Min:50
FTask2 Avg:0, SD:0, Max:0, Min:0
FTask3 Avg:24, SD:4, Max:50, Min:15
FCore Active Avg:100, SD:0, Max:100, Min:98
FRouter Active Avg:85, SD:5, Max:97, Min:39
T1 invocations: 387,212
T2 invocations: 0
T3 invocations: 12,355,159
T3b invocations: 0
Total3 invocations: 12,355,159
Total4 invocations: 0

T3/T2 ratio: inf
T3b/T3 ratio: 0

T1 avg ex cycles: 201
T2 avg ex cycles: -nan
T3&b avg ex cycles: 2
T4 avg ex cycles: -nan
Avg. hops NOC1: -nan
Avg. latency NOC1 (T2): -nan
Avg. hops NOC2: 12
Avg. latency NOC2 (T3): 3,295

===PRINTING ACUM STATS at pu_cycles: 500,408

ACollision In Avg:11, SD:7, Max:54, Min:0
ACollision Out Avg:0, SD:0, Max:3, Min:0
ACollision End Avg:0, SD:0, Max:0, Min:0
ATask1 Avg:76, SD:4, Max:85, Min:50
ATask2 Avg:0, SD:0, Max:0, Min:0
ATask3 Avg:24, SD:4, Max:50, Min:15
ACore Active Avg:100, SD:0, Max:100, Min:100
ARouter Active Avg:85, SD:4, Max:96, Min:38
T1 invocations: 1,932,935
T2 invocations: 0
T3 invocations: 61,295,204
T3b invocations: 0
Total3 invocations: 61,295,204
Total4 invocations: 0

T3/T2 ratio: inf
T3b/T3 ratio: 0

T1 avg ex cycles: 201
T2 avg ex cycles: -nan
T3&b avg ex cycles: 2
T4 avg ex cycles: -nan
Avg. hops NOC1: -nan
Avg. latency NOC1 (T2): -nan
Avg. hops NOC2: 13
Avg. latency NOC2 (T3): 3,292
Number of K Nodes Processed: 61,460
Number of K Edges Processed: 61,460
Node Re-explore factor: 14.65
Edge Re-explore factor: 0.48
Nodes/cy: 123
Edges/cy: 123
TEPS: 256

---DCache---
DCache Size: 31,152
DRAM words: 129,408
  DHits: 99,274,498
  DMisses: 4,610,749
  DHit Rate (hit/miss): 96%
  DEvictions: 2,637,694
  DEviction Rate (evict/misses): 57%
  MC Transactions: 5,179,225
  MC Writes: 518,103
Avg. Transactions: 32% , Writes: 3%, Avg. Latency: 0
Max MC id: 28 of 32. Transactions: 33% , Writes: 3%, MC mean Latency: 0
HBM refresh energy (nJ): 1
HBM access energy (nJ): 9,811,523
MemC wire energy 2.5d (nJ): 1,639,454
MemC wire energy 3d (nJ): 409,864

---Energy---
Leakage Energy (nJ): 51,638
PU Dyn E (nJ): 3,439,990
Mem Dyn E (nJ): 18,619,102
Route Dyn E (nJ): 4,113,011
Dynamic Energy (nJ): 26,172,103
Ratio of Dyn/Leak: 507
Total Energy (nJ): 26,223,741
Total Energy (nJ) 3D: 27,898,202
Cores Energy (nJ): 3,441,383
Route Energy (nJ): 4,122,584
Route Energy (nJ) 3D: 7,026,636
Mem Energy   (nJ): 18,659,775
Mem Energy   (nJ) 3D: 17,430,185
Avg. Power (mW): 52,404.72
Power Density (mW/mm2): 63.64

---Runtime---
Runtime in K cycles: 500.41
Microseconds: 500.41
Time per iteration (ms): 0.50

---Throughput---
GOP/s (aka OPS/ns): 1,015.60
GOP/s per core: 0.99
GFLOP/s: 123.29
GFLOP/s per core: 0.12
Max Peak GFLOP/s: 1,024.00
Avg. BW GB/s: 3,972.42
Max BW GB/s: 4,096.00

---Traffic---
In-Die bisection_bytes BW (GB/s): 256.00
Inter-board traffic (msg/ns): 0.00, per-link: 0.00
Inter-pack traffic (msg/ns): 0.00, per-link: 0.00
Inter-die traffic (msg/ns): 81.78, per-link: 0.32
Ruche traffic (msg/ns): 99.80, per-link: 0.39
All traffic (msg/ns): 3,246.74, per-link: 3.17
Inter-die reduction wrt all: 39.70
Inter-board reduction wrt inter-die: inf

---Data Movement---
All traffic (msg): 1,624,693,765
Arith. Intensity FLOP/Loads: 0.20
Arith. Intensity FLOP/Msgs: 0.04
Arith. Intensity OPS/Loads: 1.63
Arith. Intensity OPS/Msgs: 0.31



===Core Utilization Total=== CORE-S:5;; TIME K cy:500 ;; Nodes Proc: 7,648,078 -- Edges Proc: 0

===PRINTING FRAME STATS

FCollision In Avg:11, SD:8, Max:72, Min:0
FCollision Out Avg:0, SD:0, Max:4, Min:0
FCollision End Avg:0, SD:0, Max:0, Min:0
FTask1 Avg:76, SD:4, Max:85, Min:49
FTask2 Avg:0, SD:0, Max:0, Min:0
FTask3 Avg:24, SD:4, Max:51, Min:15
FCore Active Avg:100, SD:0, Max:100, Min:100
FRouter Active Avg:85, SD:5, Max:96, Min:39
T1 invocations: 386,959
T2 invocations: 0
T3 invocations: 12,355,804
T3b invocations: 0
Total3 invocations: 12,355,804
Total4 invocations: 0

T3/T2 ratio: inf
T3b/T3 ratio: 0

T1 avg ex cycles: 201
T2 avg ex cycles: -nan
T3&b avg ex cycles: 2
T4 avg ex cycles: -nan
Avg. hops NOC1: -nan
Avg. latency NOC1 (T2): -nan
Avg. hops NOC2: 12
Avg. latency NOC2 (T3): 3,297

===PRINTING ACUM STATS at pu_cycles: 600,401

ACollision In Avg:11, SD:7, Max:57, Min:0
ACollision Out Avg:0, SD:0, Max:4, Min:0
ACollision End Avg:0, SD:0, Max:0, Min:0
ATask1 Avg:76, SD:4, Max:85, Min:50
ATask2 Avg:0, SD:0, Max:0, Min:0
ATask3 Avg:24, SD:4, Max:50, Min:15
ACore Active Avg:100, SD:0, Max:100, Min:100
ARouter Active Avg:85, SD:4, Max:96, Min:38
T1 invocations: 2,324,972
T2 invocations: 0
T3 invocations: 73,791,693
T3b invocations: 0
Total3 invocations: 73,791,693
Total4 invocations: 0

T3/T2 ratio: inf
T3b/T3 ratio: 0

T1 avg ex cycles: 201
T2 avg ex cycles: -nan
T3&b avg ex cycles: 2
T4 avg ex cycles: -nan
Avg. hops NOC1: -nan
Avg. latency NOC1 (T2): -nan
Avg. hops NOC2: 13
Avg. latency NOC2 (T3): 3,293
Number of K Nodes Processed: 73,816
Number of K Edges Processed: 73,816
Node Re-explore factor: 17.60
Edge Re-explore factor: 0.58
Nodes/cy: 123
Edges/cy: 123
TEPS: 214

---DCache---
DCache Size: 31,152
DRAM words: 129,408
  DHits: 119,227,121
  DMisses: 5,484,854
  DHit Rate (hit/miss): 96%
  DEvictions: 3,508,556
  DEviction Rate (evict/misses): 64%
  MC Transactions: 6,167,395
  MC Writes: 624,211
Avg. Transactions: 32% , Writes: 3%, Avg. Latency: 0
Max MC id: 28 of 32. Transactions: 33% , Writes: 3%, MC mean Latency: 0
HBM refresh energy (nJ): 1
HBM access energy (nJ): 11,683,513
MemC wire energy 2.5d (nJ): 1,952,254
MemC wire energy 3d (nJ): 488,063

---Energy---
Leakage Energy (nJ): 61,957
PU Dyn E (nJ): 4,138,504
Mem Dyn E (nJ): 22,259,935
Route Dyn E (nJ): 4,944,366
Dynamic Energy (nJ): 31,342,805
Ratio of Dyn/Leak: 506
Total Energy (nJ): 31,404,762
Total Energy (nJ) 3D: 33,434,275
Cores Energy (nJ): 4,140,175
Route Energy (nJ): 4,955,852
Route Energy (nJ) 3D: 8,449,555
Mem Energy   (nJ): 22,308,736
Mem Energy   (nJ) 3D: 20,844,545
Avg. Power (mW): 52,306.31
Power Density (mW/mm2): 63.52

---Runtime---
Runtime in K cycles: 600.40
Microseconds: 600.40
Time per iteration (ms): 0.60

---Throughput---
GOP/s (aka OPS/ns): 1,018.41
GOP/s per core: 0.99
GFLOP/s: 123.60
GFLOP/s per core: 0.12
Max Peak GFLOP/s: 1,024.00
Avg. BW GB/s: 3,984.99
Max BW GB/s: 4,096.00

---Traffic---
In-Die bisection_bytes BW (GB/s): 256.00
Inter-board traffic (msg/ns): 0.00, per-link: 0.00
Inter-pack traffic (msg/ns): 0.00, per-link: 0.00
Inter-die traffic (msg/ns): 81.86, per-link: 0.32
Ruche traffic (msg/ns): 99.78, per-link: 0.39
All traffic (msg/ns): 3,253.17, per-link: 3.18
Inter-die reduction wrt all: 39.74
Inter-board reduction wrt inter-die: inf

---Data Movement---
All traffic (msg): 1,953,204,033
Arith. Intensity FLOP/Loads: 0.20
Arith. Intensity FLOP/Msgs: 0.04
Arith. Intensity OPS/Loads: 1.63
Arith. Intensity OPS/Msgs: 0.31



===Core Utilization Total=== CORE-S:6;; TIME K cy:600 ;; Nodes Proc: 9,185,496 -- Edges Proc: 0

===PRINTING FRAME STATS

FCollision In Avg:11, SD:8, Max:76, Min:0
FCollision Out Avg:0, SD:0, Max:6, Min:0
FCollision End Avg:0, SD:0, Max:0, Min:0
FTask1 Avg:76, SD:4, Max:85, Min:50
FTask2 Avg:0, SD:0, Max:0, Min:0
FTask3 Avg:24, SD:4, Max:50, Min:15
FCore Active Avg:100, SD:0, Max:100, Min:99
FRouter Active Avg:85, SD:5, Max:97, Min:38
T1 invocations: 387,103
T2 invocations: 0
T3 invocations: 12,356,144
T3b invocations: 0
Total3 invocations: 12,356,144
Total4 invocations: 0

T3/T2 ratio: inf
T3b/T3 ratio: 0

T1 avg ex cycles: 201
T2 avg ex cycles: -nan
T3&b avg ex cycles: 2
T4 avg ex cycles: -nan
Avg. hops NOC1: -nan
Avg. latency NOC1 (T2): -nan
Avg. hops NOC2: 12
Avg. latency NOC2 (T3): 3,295

===PRINTING ACUM STATS at pu_cycles: 700,405

ACollision In Avg:11, SD:7, Max:58, Min:0
ACollision Out Avg:0, SD:0, Max:3, Min:0
ACollision End Avg:0, SD:0, Max:0, Min:0
ATask1 Avg:76, SD:4, Max:85, Min:50
ATask2 Avg:0, SD:0, Max:0, Min:0
ATask3 Avg:24, SD:4, Max:50, Min:15
ACore Active Avg:100, SD:0, Max:100, Min:100
ARouter Active Avg:85, SD:4, Max:96, Min:38
T1 invocations: 2,710,180
T2 invocations: 0
T3 invocations: 86,088,807
T3b invocations: 0
Total3 invocations: 86,088,807
Total4 invocations: 0

T3/T2 ratio: inf
T3b/T3 ratio: 0

T1 avg ex cycles: 201
T2 avg ex cycles: -nan
T3&b avg ex cycles: 2
T4 avg ex cycles: -nan
Avg. hops NOC1: -nan
Avg. latency NOC1 (T2): -nan
Avg. hops NOC2: 13
Avg. latency NOC2 (T3): 3,293
Number of K Nodes Processed: 86,172
Number of K Edges Processed: 86,172
Node Re-explore factor: 20.55
Edge Re-explore factor: 0.67
Nodes/cy: 123
Edges/cy: 123
TEPS: 183

---DCache---
DCache Size: 31,152
DRAM words: 129,408
  DHits: 139,161,925
  DMisses: 6,358,476
  DHit Rate (hit/miss): 96%
  DEvictions: 4,378,825
  DEviction Rate (evict/misses): 69%
  MC Transactions: 7,154,146
  MC Writes: 729,270
Avg. Transactions: 32% , Writes: 3%, Avg. Latency: 0
Max MC id: 28 of 32. Transactions: 33% , Writes: 3%, MC mean Latency: 0
HBM refresh energy (nJ): 1
HBM access energy (nJ): 13,552,814
MemC wire energy 2.5d (nJ): 2,264,604
MemC wire energy 3d (nJ): 566,151

---Energy---
Leakage Energy (nJ): 72,277
PU Dyn E (nJ): 4,824,774
Mem Dyn E (nJ): 25,877,355
Route Dyn E (nJ): 5,763,847
Dynamic Energy (nJ): 36,465,976
Ratio of Dyn/Leak: 505
Total Energy (nJ): 36,538,253
Total Energy (nJ) 3D: 38,911,186
Cores Energy (nJ): 4,826,723
Route Energy (nJ): 5,777,246
Route Energy (nJ) 3D: 9,848,632
Mem Energy   (nJ): 25,934,284
Mem Energy   (nJ) 3D: 24,235,831
Avg. Power (mW): 52,167.32
Power Density (mW/mm2): 63.35

---Runtime---
Runtime in K cycles: 700.40
Microseconds: 700.40
Time per iteration (ms): 0.70

---Throughput---
GOP/s (aka OPS/ns): 1,017.83
GOP/s per core: 0.99
GFLOP/s: 123.51
GFLOP/s per core: 0.12
Max Peak GFLOP/s: 1,024.00
Avg. BW GB/s: 3,984.41
Max BW GB/s: 4,096.00

---Traffic---
In-Die bisection_bytes BW (GB/s): 256.00
Inter-board traffic (msg/ns): 0.00, per-link: 0.00
Inter-pack traffic (msg/ns): 0.00, per-link: 0.00
Inter-die traffic (msg/ns): 81.83, per-link: 0.32
Ruche traffic (msg/ns): 99.80, per-link: 0.39
All traffic (msg/ns): 3,249.55, per-link: 3.17
Inter-die reduction wrt all: 39.71
Inter-board reduction wrt inter-die: inf

---Data Movement---
All traffic (msg): 2,275,999,726
Arith. Intensity FLOP/Loads: 0.20
Arith. Intensity FLOP/Msgs: 0.04
Arith. Intensity OPS/Loads: 1.63
Arith. Intensity OPS/Msgs: 0.31



===Core Utilization Total=== CORE-S:7;; TIME K cy:700 ;; Nodes Proc: 10,721,966 -- Edges Proc: 0

===PRINTING FRAME STATS

FCollision In Avg:11, SD:7, Max:79, Min:0
FCollision Out Avg:0, SD:0, Max:5, Min:0
FCollision End Avg:0, SD:0, Max:0, Min:0
FTask1 Avg:76, SD:4, Max:85, Min:50
FTask2 Avg:0, SD:0, Max:0, Min:0
FTask3 Avg:24, SD:4, Max:50, Min:15
FCore Active Avg:100, SD:0, Max:100, Min:99
FRouter Active Avg:85, SD:5, Max:96, Min:37
T1 invocations: 387,011
T2 invocations: 0
T3 invocations: 12,355,277
T3b invocations: 0
Total3 invocations: 12,355,277
Total4 invocations: 0

T3/T2 ratio: inf
T3b/T3 ratio: 0

T1 avg ex cycles: 201
T2 avg ex cycles: -nan
T3&b avg ex cycles: 2
T4 avg ex cycles: -nan
Avg. hops NOC1: -nan
Avg. latency NOC1 (T2): -nan
Avg. hops NOC2: 12
Avg. latency NOC2 (T3): 3,295

===PRINTING ACUM STATS at pu_cycles: 800,402

ACollision In Avg:11, SD:7, Max:61, Min:0
ACollision Out Avg:0, SD:0, Max:4, Min:0
ACollision End Avg:0, SD:0, Max:0, Min:0
ATask1 Avg:76, SD:4, Max:85, Min:50
ATask2 Avg:0, SD:0, Max:0, Min:0
ATask3 Avg:24, SD:4, Max:50, Min:15
ACore Active Avg:100, SD:0, Max:100, Min:100
ARouter Active Avg:85, SD:4, Max:96, Min:38
T1 invocations: 3,098,347
T2 invocations: 0
T3 invocations: 98,479,544
T3b invocations: 0
Total3 invocations: 98,479,544
Total4 invocations: 0

T3/T2 ratio: inf
T3b/T3 ratio: 0

T1 avg ex cycles: 201
T2 avg ex cycles: -nan
T3&b avg ex cycles: 2
T4 avg ex cycles: -nan
Avg. hops NOC1: -nan
Avg. latency NOC1 (T2): -nan
Avg. hops NOC2: 13
Avg. latency NOC2 (T3): 3,294
Number of K Nodes Processed: 98,526
Number of K Edges Processed: 98,526
Node Re-explore factor: 23.49
Edge Re-explore factor: 0.77
Nodes/cy: 123
Edges/cy: 123
TEPS: 160

---DCache---
DCache Size: 31,152
DRAM words: 129,408
  DHits: 159,105,027
  DMisses: 7,235,214
  DHit Rate (hit/miss): 96%
  DEvictions: 5,252,157
  DEviction Rate (evict/misses): 73%
  MC Transactions: 8,147,413
  MC Writes: 837,630
Avg. Transactions: 32% , Writes: 3%, Avg. Latency: 0
Max MC id: 28 of 32. Transactions: 33% , Writes: 3%, MC mean Latency: 0
HBM refresh energy (nJ): 2
HBM access energy (nJ): 15,434,459
MemC wire energy 2.5d (nJ): 2,579,017
MemC wire energy 3d (nJ): 644,754

---Energy---
Leakage Energy (nJ): 82,596
PU Dyn E (nJ): 5,516,362
Mem Dyn E (nJ): 29,518,518
Route Dyn E (nJ): 6,586,506
Dynamic Energy (nJ): 41,621,387
Ratio of Dyn/Leak: 504
Total Energy (nJ): 41,703,983
Total Energy (nJ) 3D: 44,423,342
Cores Energy (nJ): 5,518,590
Route Energy (nJ): 6,601,818
Route Energy (nJ) 3D: 11,255,440
Mem Energy   (nJ): 29,583,575
Mem Energy   (nJ) 3D: 27,649,312
Avg. Power (mW): 52,103.80
Power Density (mW/mm2): 63.28

---Runtime---
Runtime in K cycles: 800.40
Microseconds: 800.40
Time per iteration (ms): 0.80

---Throughput---
GOP/s (aka OPS/ns): 1,018.39
GOP/s per core: 0.99
GFLOP/s: 123.56
GFLOP/s per core: 0.12
Max Peak GFLOP/s: 1,024.00
Avg. BW GB/s: 3,987.82
Max BW GB/s: 4,096.00

---Traffic---
In-Die bisection_bytes BW (GB/s): 256.00
Inter-board traffic (msg/ns): 0.00, per-link: 0.00
Inter-pack traffic (msg/ns): 0.00, per-link: 0.00
Inter-die traffic (msg/ns): 81.79, per-link: 0.32
Ruche traffic (msg/ns): 99.74, per-link: 0.39
All traffic (msg/ns): 3,249.57, per-link: 3.17
Inter-die reduction wrt all: 39.73
Inter-board reduction wrt inter-die: inf

---Data Movement---
All traffic (msg): 2,600,965,027
Arith. Intensity FLOP/Loads: 0.20
Arith. Intensity FLOP/Msgs: 0.04
Arith. Intensity OPS/Loads: 1.63
Arith. Intensity OPS/Msgs: 0.31



===Core Utilization Total=== CORE-S:8;; TIME K cy:800 ;; Nodes Proc: 12,258,292 -- Edges Proc: 0

===PRINTING FRAME STATS

FCollision In Avg:11, SD:8, Max:71, Min:1
FCollision Out Avg:0, SD:0, Max:7, Min:0
FCollision End Avg:0, SD:0, Max:0, Min:0
FTask1 Avg:76, SD:4, Max:85, Min:50
FTask2 Avg:0, SD:0, Max:0, Min:0
FTask3 Avg:24, SD:4, Max:50, Min:15
FCore Active Avg:100, SD:0, Max:100, Min:100
FRouter Active Avg:85, SD:5, Max:97, Min:38
T1 invocations: 386,878
T2 invocations: 0
T3 invocations: 12,354,846
T3b invocations: 0
Total3 invocations: 12,354,846
Total4 invocations: 0

T3/T2 ratio: inf
T3b/T3 ratio: 0

T1 avg ex cycles: 201
T2 avg ex cycles: -nan
T3&b avg ex cycles: 2
T4 avg ex cycles: -nan
Avg. hops NOC1: -nan
Avg. latency NOC1 (T2): -nan
Avg. hops NOC2: 12
Avg. latency NOC2 (T3): 3,296

===PRINTING ACUM STATS at pu_cycles: 900,408

ACollision In Avg:11, SD:7, Max:58, Min:0
ACollision Out Avg:0, SD:0, Max:3, Min:0
ACollision End Avg:0, SD:0, Max:0, Min:0
ATask1 Avg:76, SD:4, Max:85, Min:50
ATask2 Avg:0, SD:0, Max:0, Min:0
ATask3 Avg:24, SD:4, Max:50, Min:15
ACore Active Avg:100, SD:0, Max:100, Min:100
ARouter Active Avg:85, SD:4, Max:96, Min:38
T1 invocations: 3,486,003
T2 invocations: 0
T3 invocations: 110,856,272
T3b invocations: 0
Total3 invocations: 110,856,272
Total4 invocations: 0

T3/T2 ratio: inf
T3b/T3 ratio: 0

T1 avg ex cycles: 201
T2 avg ex cycles: -nan
T3&b avg ex cycles: 2
T4 avg ex cycles: -nan
Avg. hops NOC1: -nan
Avg. latency NOC1 (T2): -nan
Avg. hops NOC2: 12
Avg. latency NOC2 (T3): 3,294
Number of K Nodes Processed: 110,881
Number of K Edges Processed: 110,881
Node Re-explore factor: 26.44
Edge Re-explore factor: 0.86
Nodes/cy: 123
Edges/cy: 123
TEPS: 143

---DCache---
DCache Size: 31,152
DRAM words: 129,408
  DHits: 179,039,447
  DMisses: 8,109,128
  DHit Rate (hit/miss): 96%
  DEvictions: 6,122,873
  DEviction Rate (evict/misses): 76%
  MC Transactions: 9,134,339
  MC Writes: 942,654
Avg. Transactions: 32% , Writes: 3%, Avg. Latency: 0
Max MC id: 28 of 32. Transactions: 32% , Writes: 3%, MC mean Latency: 0
HBM refresh energy (nJ): 2
HBM access energy (nJ): 17,304,091
MemC wire energy 2.5d (nJ): 2,891,423
MemC wire energy 3d (nJ): 722,856

---Energy---
Leakage Energy (nJ): 92,916
PU Dyn E (nJ): 6,207,313
Mem Dyn E (nJ): 33,144,233
Route Dyn E (nJ): 7,411,185
Dynamic Energy (nJ): 46,762,731
Ratio of Dyn/Leak: 503
Total Energy (nJ): 46,855,647
Total Energy (nJ) 3D: 49,923,836
Cores Energy (nJ): 6,209,819
Route Energy (nJ): 7,428,410
Route Energy (nJ) 3D: 12,665,167
Mem Energy   (nJ): 33,217,418
Mem Energy   (nJ) 3D: 31,048,850
Avg. Power (mW): 52,038.24
Power Density (mW/mm2): 63.20

---Runtime---
Runtime in K cycles: 900.41
Microseconds: 900.41
Time per iteration (ms): 0.90

---Throughput---
GOP/s (aka OPS/ns): 1,018.71
GOP/s per core: 0.99
GFLOP/s: 123.58
GFLOP/s per core: 0.12
Max Peak GFLOP/s: 1,024.00
Avg. BW GB/s: 3,989.95
Max BW GB/s: 4,096.00

---Traffic---
In-Die bisection_bytes BW (GB/s): 256.00
Inter-board traffic (msg/ns): 0.00, per-link: 0.00
Inter-pack traffic (msg/ns): 0.00, per-link: 0.00
Inter-die traffic (msg/ns): 81.76, per-link: 0.32
Ruche traffic (msg/ns): 99.78, per-link: 0.39
All traffic (msg/ns): 3,249.98, per-link: 3.17
Inter-die reduction wrt all: 39.75
Inter-board reduction wrt inter-die: inf

---Data Movement---
All traffic (msg): 2,926,311,233
Arith. Intensity FLOP/Loads: 0.20
Arith. Intensity FLOP/Msgs: 0.04
Arith. Intensity OPS/Loads: 1.63
Arith. Intensity OPS/Msgs: 0.31



===Core Utilization Total=== CORE-S:9;; TIME K cy:900 ;; Nodes Proc: 13,796,185 -- Edges Proc: 0

===PRINTING FRAME STATS

FCollision In Avg:10, SD:7, Max:72, Min:0
FCollision Out Avg:0, SD:0, Max:3, Min:0
FCollision End Avg:0, SD:0, Max:0, Min:0
FTask1 Avg:73, SD:8, Max:80, Min:24
FTask2 Avg:0, SD:0, Max:0, Min:0
FTask3 Avg:23, SD:4, Max:48, Min:15
FCore Active Avg:96, SD:9, Max:100, Min:40
FRouter Active Avg:83, SD:5, Max:96, Min:38
T1 invocations: 369,594
T2 invocations: 0
T3 invocations: 11,924,215
T3b invocations: 0
Total3 invocations: 11,924,215
Total4 invocations: 0

T3/T2 ratio: inf
T3b/T3 ratio: 0

T1 avg ex cycles: 201
T2 avg ex cycles: -nan
T3&b avg ex cycles: 2
T4 avg ex cycles: -nan
Avg. hops NOC1: -nan
Avg. latency NOC1 (T2): -nan
Avg. hops NOC2: 12
Avg. latency NOC2 (T3): 3,245

===PRINTING ACUM STATS at pu_cycles: 1,000,403

ACollision In Avg:11, SD:7, Max:57, Min:0
ACollision Out Avg:0, SD:0, Max:3, Min:0
ACollision End Avg:0, SD:0, Max:0, Min:0
ATask1 Avg:76, SD:4, Max:80, Min:50
ATask2 Avg:0, SD:0, Max:0, Min:0
ATask3 Avg:24, SD:4, Max:50, Min:15
ACore Active Avg:100, SD:1, Max:100, Min:94
ARouter Active Avg:85, SD:4, Max:96, Min:38
T1 invocations: 3,853,007
T2 invocations: 0
T3 invocations: 122,690,487
T3b invocations: 0
Total3 invocations: 122,690,487
Total4 invocations: 0

T3/T2 ratio: inf
T3b/T3 ratio: 0

T1 avg ex cycles: 201
T2 avg ex cycles: -nan
T3&b avg ex cycles: 2
T4 avg ex cycles: -nan
Avg. hops NOC1: -nan
Avg. latency NOC1 (T2): -nan
Avg. hops NOC2: 12
Avg. latency NOC2 (T3): 3,289
Number of K Nodes Processed: 122,792
Number of K Edges Processed: 122,792
Node Re-explore factor: 29.28
Edge Re-explore factor: 0.96
Nodes/cy: 123
Edges/cy: 123
TEPS: 128

---DCache---
DCache Size: 31,152
DRAM words: 129,408
  DHits: 198,337,676
  DMisses: 8,945,198
  DHit Rate (hit/miss): 96%
  DEvictions: 6,956,244
  DEviction Rate (evict/misses): 78%
  MC Transactions: 10,079,456
  MC Writes: 1,044,332
Avg. Transactions: 31% , Writes: 3%, Avg. Latency: 0
Max MC id: 28 of 32. Transactions: 32% , Writes: 3%, MC mean Latency: 0
HBM refresh energy (nJ): 2
HBM access energy (nJ): 19,094,521
MemC wire energy 2.5d (nJ): 3,190,595
MemC wire energy 3d (nJ): 797,649

---Energy---
Leakage Energy (nJ): 103,234
PU Dyn E (nJ): 6,862,624
Mem Dyn E (nJ): 36,614,197
Route Dyn E (nJ): 8,191,846
Dynamic Energy (nJ): 51,668,667
Ratio of Dyn/Leak: 500
Total Energy (nJ): 51,771,901
Total Energy (nJ) 3D: 55,164,541
Cores Energy (nJ): 6,865,409
Route Energy (nJ): 8,210,984
Route Energy (nJ) 3D: 13,996,570
Mem Energy   (nJ): 36,695,509
Mem Energy   (nJ) 3D: 34,302,563
Avg. Power (mW): 51,751.05
Power Density (mW/mm2): 62.85

---Runtime---
Runtime in K cycles: 1,000.40
Microseconds: 1,000.40
Time per iteration (ms): 1.00

---Throughput---
GOP/s (aka OPS/ns): 1,013.78
GOP/s per core: 0.99
GFLOP/s: 122.95
GFLOP/s per core: 0.12
Max Peak GFLOP/s: 1,024.00
Avg. BW GB/s: 3,973.18
Max BW GB/s: 4,096.00

---Traffic---
In-Die bisection_bytes BW (GB/s): 256.00
Inter-board traffic (msg/ns): 0.00, per-link: 0.00
Inter-pack traffic (msg/ns): 0.00, per-link: 0.00
Inter-die traffic (msg/ns): 81.42, per-link: 0.32
Ruche traffic (msg/ns): 99.37, per-link: 0.39
All traffic (msg/ns): 3,232.34, per-link: 3.16
Inter-die reduction wrt all: 39.70
Inter-board reduction wrt inter-die: inf

---Data Movement---
All traffic (msg): 3,233,639,278
Arith. Intensity FLOP/Loads: 0.20
Arith. Intensity FLOP/Msgs: 0.04
Arith. Intensity OPS/Loads: 1.63
Arith. Intensity OPS/Msgs: 0.31



===Core Utilization Total=== CORE-S:10;; TIME K cy:1,000 ;; Nodes Proc: 15,277,613 -- Edges Proc: 0

===PRINTING FRAME STATS

FCollision In Avg:2, SD:1, Max:17, Min:0
FCollision Out Avg:0, SD:0, Max:1, Min:0
FCollision End Avg:0, SD:0, Max:0, Min:0
FTask1 Avg:29, SD:29, Max:89, Min:0
FTask2 Avg:0, SD:0, Max:0, Min:0
FTask3 Avg:10, SD:2, Max:31, Min:6
FCore Active Avg:39, SD:31, Max:100, Min:6
FRouter Active Avg:44, SD:7, Max:86, Min:13
T1 invocations: 148,044
T2 invocations: 0
T3 invocations: 5,037,406
T3b invocations: 0
Total3 invocations: 5,037,406
Total4 invocations: 0

T3/T2 ratio: inf
T3b/T3 ratio: 0

T1 avg ex cycles: 202
T2 avg ex cycles: -nan
T3&b avg ex cycles: 2
T4 avg ex cycles: -nan
Avg. hops NOC1: -nan
Avg. latency NOC1 (T2): -nan
Avg. hops NOC2: 12
Avg. latency NOC2 (T3): 2,801

===PRINTING ACUM STATS at pu_cycles: 1,100,393

ACollision In Avg:10, SD:7, Max:52, Min:0
ACollision Out Avg:0, SD:0, Max:3, Min:0
ACollision End Avg:0, SD:0, Max:0, Min:0
ATask1 Avg:71, SD:1, Max:73, Min:53
ATask2 Avg:0, SD:0, Max:0, Min:0
ATask3 Avg:23, SD:4, Max:47, Min:14
ACore Active Avg:94, SD:3, Max:100, Min:86
ARouter Active Avg:81, SD:4, Max:92, Min:36
T1 invocations: 4,002,678
T2 invocations: 0
T3 invocations: 127,765,333
T3b invocations: 0
Total3 invocations: 127,765,333
Total4 invocations: 0

T3/T2 ratio: inf
T3b/T3 ratio: 0

T1 avg ex cycles: 201
T2 avg ex cycles: -nan
T3&b avg ex cycles: 2
T4 avg ex cycles: -nan
Avg. hops NOC1: -nan
Avg. latency NOC1 (T2): -nan
Avg. hops NOC2: 12
Avg. latency NOC2 (T3): 3,270
Number of K Nodes Processed: 127,786
Number of K Edges Processed: 127,786
Node Re-explore factor: 30.47
Edge Re-explore factor: 1.00
Nodes/cy: 116
Edges/cy: 116
TEPS: 117

---DCache---
DCache Size: 31,152
DRAM words: 129,408
  DHits: 207,105,824
  DMisses: 9,279,968
  DHit Rate (hit/miss): 96%
  DEvictions: 7,290,794
  DEviction Rate (evict/misses): 79%
  MC Transactions: 10,454,022
  MC Writes: 1,083,165
Avg. Transactions: 30% , Writes: 3%, Avg. Latency: 0
Max MC id: 18 of 32. Transactions: 30% , Writes: 3%, MC mean Latency: 0
HBM refresh energy (nJ): 3
HBM access energy (nJ): 19,804,099
MemC wire energy 2.5d (nJ): 3,309,161
MemC wire energy 3d (nJ): 827,290

---Energy---
Leakage Energy (nJ): 113,553
PU Dyn E (nJ): 7,132,013
Mem Dyn E (nJ): 38,033,677
Route Dyn E (nJ): 8,508,425
Dynamic Energy (nJ): 53,674,116
Ratio of Dyn/Leak: 473
Total Energy (nJ): 53,787,669
Total Energy (nJ) 3D: 57,314,016
Cores Energy (nJ): 7,135,076
Route Energy (nJ): 8,529,476
Route Energy (nJ) 3D: 14,537,694
Mem Energy   (nJ): 38,123,117
Mem Energy   (nJ) 3D: 35,641,246
Avg. Power (mW): 48,880.42
Power Density (mW/mm2): 59.36

---Runtime---
Runtime in K cycles: 1,100.39
Microseconds: 1,100.39
Time per iteration (ms): 1.10

---Throughput---
GOP/s (aka OPS/ns): 958.02
GOP/s per core: 0.94
GFLOP/s: 116.12
GFLOP/s per core: 0.11
Max Peak GFLOP/s: 1,024.00
Avg. BW GB/s: 3,759.20
Max BW GB/s: 4,096.00

---Traffic---
In-Die bisection_bytes BW (GB/s): 256.00
Inter-board traffic (msg/ns): 0.00, per-link: 0.00
Inter-pack traffic (msg/ns): 0.00, per-link: 0.00
Inter-die traffic (msg/ns): 76.82, per-link: 0.30
Ruche traffic (msg/ns): 93.95, per-link: 0.37
All traffic (msg/ns): 3,052.27, per-link: 2.98
Inter-die reduction wrt all: 39.73
Inter-board reduction wrt inter-die: inf

---Data Movement---
All traffic (msg): 3,358,695,282
Arith. Intensity FLOP/Loads: 0.20
Arith. Intensity FLOP/Msgs: 0.04
Arith. Intensity OPS/Loads: 1.63
Arith. Intensity OPS/Msgs: 0.31



===Core Utilization Total=== CORE-S:11;; TIME K cy:1,100 ;; Nodes Proc: 15,900,334 -- Edges Proc: 0
======== IT IS COLD ======= Only 9 Tiles active

===PRINTING FRAME STATS

FCollision In Avg:0, SD:0, Max:6, Min:0
FCollision Out Avg:0, SD:0, Max:0, Min:0
FCollision End Avg:0, SD:0, Max:0, Min:0
FTask1 Avg:3, SD:13, Max:99, Min:0
FTask2 Avg:0, SD:0, Max:0, Min:0
FTask3 Avg:1, SD:1, Max:16, Min:0
FCore Active Avg:4, SD:13, Max:100, Min:0
FRouter Active Avg:5, SD:4, Max:61, Min:1
T1 invocations: 13,935
T2 invocations: 0
T3 invocations: 492,007
T3b invocations: 0
Total3 invocations: 492,007
Total4 invocations: 0

T3/T2 ratio: inf
T3b/T3 ratio: 0

T1 avg ex cycles: 206
T2 avg ex cycles: -nan
T3&b avg ex cycles: 2
T4 avg ex cycles: -nan
Avg. hops NOC1: -nan
Avg. latency NOC1 (T2): -nan
Avg. hops NOC2: 11
Avg. latency NOC2 (T3): 2,801

===PRINTING ACUM STATS at pu_cycles: 1,200,330

ACollision In Avg:9, SD:6, Max:48, Min:0
ACollision Out Avg:0, SD:0, Max:3, Min:0
ACollision End Avg:0, SD:0, Max:0, Min:0
ATask1 Avg:66, SD:0, Max:67, Min:57
ATask2 Avg:0, SD:0, Max:0, Min:0
ATask3 Avg:21, SD:4, Max:43, Min:13
ACore Active Avg:87, SD:4, Max:100, Min:79
ARouter Active Avg:75, SD:4, Max:91, Min:33
T1 invocations: 4,017,078
T2 invocations: 0
T3 invocations: 128,259,707
T3b invocations: 0
Total3 invocations: 128,259,707
Total4 invocations: 0

T3/T2 ratio: inf
T3b/T3 ratio: 0

T1 avg ex cycles: 201
T2 avg ex cycles: -nan
T3&b avg ex cycles: 2
T4 avg ex cycles: -nan
Avg. hops NOC1: -nan
Avg. latency NOC1 (T2): -nan
Avg. hops NOC2: 12
Avg. latency NOC2 (T3): 3,269
Number of K Nodes Processed: 128,261
Number of K Edges Processed: 128,261
Node Re-explore factor: 30.58
Edge Re-explore factor: 1.00
Nodes/cy: 107
Edges/cy: 107
TEPS: 107

---DCache---
DCache Size: 31,152
DRAM words: 129,408
  DHits: 207,990,288
  DMisses: 9,311,947
  DHit Rate (hit/miss): 96%
  DEvictions: 7,322,773
  DEviction Rate (evict/misses): 79%
  MC Transactions: 10,489,862
  MC Writes: 1,087,022
Avg. Transactions: 27% , Writes: 3%, Avg. Latency: 0
Max MC id: 18 of 32. Transactions: 27% , Writes: 3%, MC mean Latency: 0
HBM refresh energy (nJ): 3
HBM access energy (nJ): 19,871,994
MemC wire energy 2.5d (nJ): 3,320,506
MemC wire energy 3d (nJ): 830,127

---Energy---
Leakage Energy (nJ): 123,865
PU Dyn E (nJ): 7,157,992
Mem Dyn E (nJ): 38,170,722
Route Dyn E (nJ): 8,537,398
Dynamic Energy (nJ): 53,866,113
Ratio of Dyn/Leak: 435
Total Energy (nJ): 53,989,978
Total Energy (nJ) 3D: 57,528,289
Cores Energy (nJ): 7,161,333
Route Energy (nJ): 8,560,361
Route Energy (nJ) 3D: 14,589,051
Mem Energy   (nJ): 38,268,285
Mem Energy   (nJ) 3D: 35,777,906
Avg. Power (mW): 44,979.28
Power Density (mW/mm2): 54.62

---Runtime---
Runtime in K cycles: 1,200.33
Microseconds: 1,200.33
Time per iteration (ms): 1.20

---Throughput---
GOP/s (aka OPS/ns): 881.48
GOP/s per core: 0.86
GFLOP/s: 106.83
GFLOP/s per core: 0.10
Max Peak GFLOP/s: 1,024.00
Avg. BW GB/s: 3,459.31
Max BW GB/s: 4,096.00

---Traffic---
In-Die bisection_bytes BW (GB/s): 256.00
Inter-board traffic (msg/ns): 0.00, per-link: 0.00
Inter-pack traffic (msg/ns): 0.00, per-link: 0.00
Inter-die traffic (msg/ns): 70.64, per-link: 0.28
Ruche traffic (msg/ns): 86.45, per-link: 0.34
All traffic (msg/ns): 2,807.78, per-link: 2.74
Inter-die reduction wrt all: 39.75
Inter-board reduction wrt inter-die: inf

---Data Movement---
All traffic (msg): 3,370,259,266
Arith. Intensity FLOP/Loads: 0.20
Arith. Intensity FLOP/Msgs: 0.04
Arith. Intensity OPS/Loads: 1.63
Arith. Intensity OPS/Msgs: 0.31



===Core Utilization Total=== CORE-S:12;; TIME K cy:1,200 ;; Nodes Proc: 15,959,207 -- Edges Proc: 0
======== IT IS COLD ======= Only 1 Tiles active

===PRINTING FRAME STATS

FCollision In Avg:0, SD:0, Max:0, Min:0
FCollision Out Avg:0, SD:0, Max:0, Min:0
FCollision End Avg:0, SD:0, Max:0, Min:0
FTask1 Avg:1, SD:8, Max:99, Min:0
FTask2 Avg:0, SD:0, Max:0, Min:0
FTask3 Avg:0, SD:0, Max:3, Min:0
FCore Active Avg:1, SD:8, Max:100, Min:0
FRouter Active Avg:2, SD:2, Max:21, Min:0
T1 invocations: 4,516
T2 invocations: 0
T3 invocations: 153,043
T3b invocations: 0
Total3 invocations: 153,043
Total4 invocations: 0

T3/T2 ratio: inf
T3b/T3 ratio: 0

T1 avg ex cycles: 209
T2 avg ex cycles: -nan
T3&b avg ex cycles: 2
T4 avg ex cycles: -nan
Avg. hops NOC1: -nan
Avg. latency NOC1 (T2): -nan
Avg. hops NOC2: 11
Avg. latency NOC2 (T3): 3,084

===PRINTING ACUM STATS at pu_cycles: 1,300,201

ACollision In Avg:9, SD:6, Max:44, Min:0
ACollision Out Avg:0, SD:0, Max:2, Min:0
ACollision End Avg:0, SD:0, Max:0, Min:0
ATask1 Avg:62, SD:2, Max:67, Min:57
ATask2 Avg:0, SD:0, Max:0, Min:0
ATask3 Avg:20, SD:4, Max:43, Min:12
ACore Active Avg:82, SD:4, Max:100, Min:73
ARouter Active Avg:71, SD:4, Max:82, Min:33
T1 invocations: 4,018,748
T2 invocations: 0
T3 invocations: 128,294,817
T3b invocations: 0
Total3 invocations: 128,294,817
Total4 invocations: 0

T3/T2 ratio: inf
T3b/T3 ratio: 0

T1 avg ex cycles: 201
T2 avg ex cycles: -nan
T3&b avg ex cycles: 2
T4 avg ex cycles: -nan
Avg. hops NOC1: -nan
Avg. latency NOC1 (T2): -nan
Avg. hops NOC2: 12
Avg. latency NOC2 (T3): 3,269
Number of K Nodes Processed: 128,306
Number of K Edges Processed: 128,306
Node Re-explore factor: 30.59
Edge Re-explore factor: 1.00
Nodes/cy: 99
Edges/cy: 99
TEPS: 99

---DCache---
DCache Size: 31,152
DRAM words: 129,408
  DHits: 208,074,564
  DMisses: 9,315,191
  DHit Rate (hit/miss): 96%
  DEvictions: 7,326,017
  DEviction Rate (evict/misses): 79%
  MC Transactions: 10,493,228
  MC Writes: 1,087,144
Avg. Transactions: 25% , Writes: 3%, Avg. Latency: 0
Max MC id: 18 of 32. Transactions: 25% , Writes: 3%, MC mean Latency: 0
HBM refresh energy (nJ): 3
HBM access energy (nJ): 19,878,371
MemC wire energy 2.5d (nJ): 3,321,572
MemC wire energy 3d (nJ): 830,393

---Energy---
Leakage Energy (nJ): 134,171
PU Dyn E (nJ): 7,160,806
Mem Dyn E (nJ): 38,183,006
Route Dyn E (nJ): 8,539,989
Dynamic Energy (nJ): 53,883,802
Ratio of Dyn/Leak: 402
Total Energy (nJ): 54,017,973
Total Energy (nJ) 3D: 57,557,111
Cores Energy (nJ): 7,164,425
Route Energy (nJ): 8,564,862
Route Energy (nJ) 3D: 14,595,179
Mem Energy   (nJ): 38,288,686
Mem Energy   (nJ) 3D: 35,797,508
Avg. Power (mW): 41,545.86
Power Density (mW/mm2): 50.45

---Runtime---
Runtime in K cycles: 1,300.20
Microseconds: 1,300.20
Time per iteration (ms): 1.30

---Throughput---
GOP/s (aka OPS/ns): 814.08
GOP/s per core: 0.79
GFLOP/s: 98.67
GFLOP/s per core: 0.10
Max Peak GFLOP/s: 1,024.00
Avg. BW GB/s: 3,194.59
Max BW GB/s: 4,096.00

---Traffic---
In-Die bisection_bytes BW (GB/s): 256.00
Inter-board traffic (msg/ns): 0.00, per-link: 0.00
Inter-pack traffic (msg/ns): 0.00, per-link: 0.00
Inter-die traffic (msg/ns): 65.24, per-link: 0.25
Ruche traffic (msg/ns): 79.84, per-link: 0.31
All traffic (msg/ns): 2,592.84, per-link: 2.53
Inter-die reduction wrt all: 39.74
Inter-board reduction wrt inter-die: inf

---Data Movement---
All traffic (msg): 3,371,209,156
Arith. Intensity FLOP/Loads: 0.20
Arith. Intensity FLOP/Msgs: 0.04
Arith. Intensity OPS/Loads: 1.63
Arith. Intensity OPS/Msgs: 0.31



===Core Utilization Total=== CORE-S:13;; TIME K cy:1,300 ;; Nodes Proc: 15,965,089 -- Edges Proc: 0
======== IT IS COLD ======= Only 0 Tiles active
Epoch Done Router: 4
Epoch Done Router: 1
Epoch Done Router: 0
Epoch Done Router: 6
Epoch Done Router: 2
Epoch Done Router: 3
##EPOCH## 1 COMPLETED at Time (K cy): 1,334
Nodes processed until now: 128,311,436
Edges processed until now: 0
Epoch Done Router: 5
Epoch Done Router: 7
Program Done Router Thread: 7
Program Done Worker Thread: 4
Program Done Worker Thread: 5
Program Done Router Thread: 3
Program Done Router Thread: 6
Program Done Router Thread: 5
Program Done Worker Thread: 7
Program Done Worker Thread: 6
Program Done Router Thread: 1
Program Done Worker Thread: 1
Program Done Router Thread: 0
Program Done Router Thread: 2
Program Done Worker Thread: 2
Program Done Worker Thread: 3
Program Done Router Thread: 4
Program Done Worker Thread: 0

===PRINTING ACUM STATS at pu_cycles: 1,334,112

ACollision In Avg:8, SD:5, Max:43, Min:0
ACollision Out Avg:0, SD:0, Max:2, Min:0
ACollision End Avg:0, SD:0, Max:0, Min:0
ATask1 Avg:59, SD:0, Max:61, Min:59
ATask2 Avg:0, SD:0, Max:0, Min:0
ATask3 Avg:19, SD:3, Max:39, Min:12
ACore Active Avg:78, SD:3, Max:100, Min:71
ARouter Active Avg:67, SD:4, Max:76, Min:30
T1 invocations: 4,019,483
T2 invocations: 0
T3 invocations: 128,311,436
T3b invocations: 0
Total3 invocations: 128,311,436
Total4 invocations: 0

T3/T2 ratio: inf
T3b/T3 ratio: 0

T1 avg ex cycles: 201
T2 avg ex cycles: -nan
T3&b avg ex cycles: 2
T4 avg ex cycles: -nan
Avg. hops NOC1: -nan
Avg. latency NOC1 (T2): -nan
Avg. hops NOC2: 12
Avg. latency NOC2 (T3): 3,270

Runtime at program end in K cycles: 1,334
Runtime before cooldown in K cycles: 1,000


Number of K Nodes Processed: 128,311
Number of K Edges Processed: 128,311
Node Re-explore factor: 30.59
Edge Re-explore factor: 1.00
Nodes/cy: 96
Edges/cy: 96
TEPS: 96

---DCache---
DCache Size: 31,152
DRAM words: 129,408
  DHits: 208,083,968
  DMisses: 9,315,551
  DHit Rate (hit/miss): 96%
  DEvictions: 7,326,377
  DEviction Rate (evict/misses): 79%
  MC Transactions: 10,493,588
  MC Writes: 1,087,144
Avg. Transactions: 25% , Writes: 3%, Avg. Latency: 0
Max MC id: 18 of 32. Transactions: 25% , Writes: 3%, MC mean Latency: 0
HBM refresh energy (nJ): 3
HBM access energy (nJ): 19,879,053
MemC wire energy 2.5d (nJ): 3,321,686
MemC wire energy 3d (nJ): 830,421

---Energy---
Leakage Energy (nJ): 137,671
PU Dyn E (nJ): 7,162,053
Mem Dyn E (nJ): 38,185,698
Route Dyn E (nJ): 8,540,703
Dynamic Energy (nJ): 53,888,454
Ratio of Dyn/Leak: 391
Total Energy (nJ): 54,026,125
Total Energy (nJ) 3D: 57,565,804
Cores Energy (nJ): 7,165,766
Route Energy (nJ): 8,566,224
Route Energy (nJ) 3D: 14,597,167
Mem Energy   (nJ): 38,294,135
Mem Energy   (nJ) 3D: 35,802,871
Avg. Power (mW): 40,495.94
Power Density (mW/mm2): 49.18

---Runtime---
Runtime in K cycles: 1,334.11
Microseconds: 1,334.11
Time per iteration (ms): 1.33

---Inst---
K Loads: 649,596
K Stores: 388,953
K Instructions: 1,058,646

---Throughput---
GOP/s (aka OPS/ns): 793.52
GOP/s per core: 0.77
GFLOP/s: 96.18
GFLOP/s per core: 0.09
Max Peak GFLOP/s: 1,024.00
Avg. BW GB/s: 3,113.83
Max BW GB/s: 4,096.00

---Traffic---
In-Die bisection_bytes BW (GB/s): 256.00
Inter-board traffic (msg/ns): 0.00, per-link: 0.00
Inter-pack traffic (msg/ns): 0.00, per-link: 0.00
Inter-die traffic (msg/ns): 63.58, per-link: 0.25
Ruche traffic (msg/ns): 77.81, per-link: 0.30
All traffic (msg/ns): 2,527.18, per-link: 2.47
Inter-die reduction wrt all: 39.75
Inter-board reduction wrt inter-die: inf

---Data Movement---
All traffic (msg): 3,371,535,018
Arith. Intensity FLOP/Loads: 0.20
Arith. Intensity FLOP/Msgs: 0.04
Arith. Intensity OPS/Loads: 1.63
Arith. Intensity OPS/Msgs: 0.31

Simulation time: 109.70
Sim time / DUT time: 80.30
Sim noc_cy/s: 12,161.80
Sim Msg/s: 30,735,005.79

Version 32

