Dataset:  Kron22/
Dry run: 0
Open Edge Count File succesfully
Edges Traversed BFS: 128309848
Found Vertices: 4194304, Edges: 128311436
avg degree 31
Array  Kron22/node_array.bin found
Malloc array of size 16777220 bytes
Readin array of size 16777216 bytes
Finished Reading Array Bytes
No reordering Array 32bit
Array  Kron22/edge_array.bin found
Malloc array of size 513245744 bytes
Readin array of size 513245744 bytes
Finished Reading Array Bytes
No reordering Array 32bit
Array  Kron22/edge_values.bin found
Malloc array of size 513245744 bytes
Readin array of size 513245744 bytes
Finished Reading Array Bytes
No reordering Array 32bit
Reading graph elapsed time: 0.280373s

Dataset Footprint: 1027 MiB
Dataset Footprint per Board: 8615.1 Mb
Dataset injection time (ms): 0.525824
Max Dataset Footprint: 1026 MiB

Dataset footprint per tile: 1027 KiB
Proxys footprint per tile: 0 KiB
Reserved SRAM per tile: 28 KiB

Ideal SRAM per tile: 1055 KiB
reserved_words_for_dataset:6720
dataset_words_per_tile:262912
remaining_sram_words:25478
min_dcache_sram_words_required:6851
dataset_words_per_tile:262912
min_pcache_sram_words_required:0
proxys_words_per_tile:0
Dcache footprint ratio: 11
Dataset Cached: 1
DCache: 25072 words, lines: 1567, sets: 1567
Proxys Cached: 0
Pcache: 0 words, sets: 0
Node per tile: 4,096
Edge per tile: 125,305
GRID_X: 32
GRID_SIZE: 1,024
smt_per_tile: 1
noc_freq: 1
pu_freq: 1
RUCHE_X: 8
PROXY_W: 32
DIE_W: 16
DIE_H: 16
DIES: 4
BORDER_TILES_PER_DIE: 64
PACK_W: 32
PACK_H: 32
DIES_PACK_FACTOR: 2
DIES_PER_PACK: 4
PACKAGES: 1
BOARD_W: 32
BOARD_H: 32
BOARDS: 1
MUX_BUS: 1
DCACHE: 1
PCACHE: 0
PROXY_FACTOR: 1
CACHE_WAYS: 1
TORUS: 1
PHY_NOCS: 1
WIDE_NOC_ID: 0
NOC_CONF: 1
noc_width: 32
hbm_channel_bit_width: 512
ld_st_op_byte_width: 4
PROXY_ROUTING: 0
WITHIN_REGION: 0
WRITE_THROUGH: 0
ASSERT_MODE: 0
GLOBAL_BARRIER: 0
OQ flits: 36 ; 384 ; 2
IQ flits: 576 ; 6,144 ; 2
OQ messages: 12 ; 192 ; 1
IQ messages: 192 ; 3,072 ; 1
max_task2 size: 64
io_factor_t2: 16
io_factor_t3: 16
io_factor_t3b: 16

Active SRAM Storage per tile: 127 KiB
Total SRAM Storage per tile: 128 KiB
Agreggated SRAM Storage: 128 MiB

Active DRAM Storage per tile: 1.00293 MiB
Total DRAM Storage per tile: 32 MiB
Agreggated DRAM Storage: 32 GiB

Inter-Die #links: 512
Inter-Die (Gbits): 16,384
Inter-Die (Gbits/mm): 548.034
Bisection BW of Board (Gbits): 8,192
Border IO #Dies: 8
Border IO Die BW (Gbits): 2,048
Off-Board BW Total (Gbits): 16,384
Off-Board BW Density (Gbits/mm): 142
Die side: 7.47 mm
Die border wire density: 548.03 Gbits/mm
HBM wire density: 548.03 Gbits/mm

Tiles per Die: 256 (16x16)
Tile Area: 0.09 mm2, side: 0.30 mm
- Core/Rout Area: 0.05 mm2
- SRAM Area: 0.04 mm2
- SRAM/Logic Ratio: 0.66x

Dies per Package: 4 (2x2)
Die Area: 55.86 mm2, side: 7.47 mm
- Tiles Area: 23.12 mm2
- PHY Area: 23.74 mm2
- MC Area: 9.00 mm2

Packages per Board: 1 (1x1)
Package Area: 823.44 mm2, side: 28.70 mm
- IOdie Area: 160.00 mm2
- Dies Area: 223.44 mm2
- HBM Area: 440.00 mm2

Boards: 1 (1x1)
Board Area: 823.44 mm2
Total Area: 823.44 mm2



ESTIMATED COST OF SILICON AND PACKAGING. ONLY VARIABLE, NO FIXED COSTS
Good dies per wafer 3d: 584
Good dies per wafer 2d: 1,012
--Dies 3D Cost: 41.42 $
--Dies 2.5D Cost: 23.90 $
--Dies 2D Cost: 23.90 $
--HBM Cost: 240.00 $
--IOdie Cost: 16.88 $
--Packaging Cost 3d: 9.94 $
--Packaging Cost 2.5d: 14.48 $
--Packaging Cost 2d: 6.12 $
SiP Cost 3d: 308.24 $
SiP Cost 2.5d: 295.26 $
SiP Cost 2d: 46.90 $
--Board Cost: 0.82 $
Total SiPs Cost 3d: 309.06 $
Total SiPs Cost 2.5d: 296.09 $
Total SiPs Cost 2d: 47.72 $

Perf counters initialized
Mesh connected
Cache structures initialized
proxys initialized
Dataset structures initialized


Starting Simulation
INIT epoch: 1
INIT epoch: 1
INIT epoch: 1
INIT epoch: 1
INIT epoch: 1
INIT epoch: 1
INIT epoch: 1
INIT epoch: 1

===PRINTING FRAME STATS

FCollision In Avg:-nan, SD:-nan, Max:367, Min:33
FCollision Out Avg:-nan, SD:-nan, Max:240, Min:3
FCollision End Avg:-nan, SD:-nan, Max:97, Min:0
FTask1 Avg:-nan, SD:-nan, Max:36, Min:1
FTask2 Avg:-nan, SD:-nan, Max:78, Min:0
FTask3 Avg:-nan, SD:-nan, Max:63, Min:18
FCore Active Avg:-nan, SD:-nan, Max:100, Min:34
FRouter Active Avg:-nan, SD:-nan, Max:99, Min:55
T1 invocations: 118,233
T2 invocations: 472,395
T3 invocations: 14,100,048
T3b invocations: 0
Total3 invocations: 14,100,048
Total4 invocations: 0

T3/T2 ratio: 30
T3b/T3 ratio: 0

T1 avg ex cycles: 125
T2 avg ex cycles: 78
T3&b avg ex cycles: 2
T4 avg ex cycles: -nan
Avg. hops NOC1: 3
Avg. latency NOC1 (T2): 22,368
Avg. hops NOC2: 14
Avg. latency NOC2 (T3): 4,150

===PRINTING ACUM STATS at pu_cycles: 100,711

ACollision In Avg:-nan, SD:-nan, Max:367, Min:33
ACollision Out Avg:-nan, SD:-nan, Max:240, Min:3
ACollision End Avg:-nan, SD:-nan, Max:97, Min:0
ATask1 Avg:-nan, SD:-nan, Max:36, Min:1
ATask2 Avg:-nan, SD:-nan, Max:78, Min:0
ATask3 Avg:-nan, SD:-nan, Max:63, Min:18
ACore Active Avg:-nan, SD:-nan, Max:100, Min:34
ARouter Active Avg:-nan, SD:-nan, Max:99, Min:55
T1 invocations: 118,233
T2 invocations: 472,395
T3 invocations: 14,100,048
T3b invocations: 0
Total3 invocations: 14,100,048
Total4 invocations: 0

T3/T2 ratio: 30
T3b/T3 ratio: 0

T1 avg ex cycles: 125
T2 avg ex cycles: 78
T3&b avg ex cycles: 2
T4 avg ex cycles: -nan
Avg. hops NOC1: 3
Avg. latency NOC1 (T2): 22,368
Avg. hops NOC2: 14
Avg. latency NOC2 (T3): 4,150
Number of K Nodes Processed: 14,195
Number of K Edges Processed: 14,699
Node Re-explore factor: 3.38
Edge Re-explore factor: 0.11
Nodes/cy: 141
Edges/cy: 146
TEPS: 1,274

---DCache---
DCache Size: 25,072
DRAM words: 262,912
  DHits: 34,690,886
  DMisses: 2,308,971
  DHit Rate (hit/miss): 94%
  DEvictions: 1,302,855
  DEviction Rate (evict/misses): 56%
  MC Transactions: 2,572,859
  MC Writes: 195,042
Avg. Transactions: 80% , Writes: 6%, Avg. Latency: 3
Max MC id: 15 of 32. Transactions: 100% , Writes: 8%, MC mean Latency: 4
HBM refresh energy (nJ): 0
HBM access energy (nJ): 4,874,024
MemC wire energy 2.5d (nJ): 814,424
MemC wire energy 3d (nJ): 203,606

---Energy---
Leakage Energy (nJ): 10,393
PU Dyn E (nJ): 867,219
Mem Dyn E (nJ): 7,962,193
Route Dyn E (nJ): 1,006,333
Dynamic Energy (nJ): 9,835,745
Ratio of Dyn/Leak: 946
Total Energy (nJ): 9,846,138
Total Energy (nJ) 3D: 9,975,151
Cores Energy (nJ): 867,500
Route Energy (nJ): 1,008,260
Route Energy (nJ) 3D: 1,748,091
Mem Energy   (nJ): 7,970,379
Mem Energy   (nJ) 3D: 7,359,561
Avg. Power (mW): 97,766.26
Power Density (mW/mm2): 118.73

---Runtime---
Runtime in K cycles: 100.71
Microseconds: 100.71
Time per iteration (ms): 0.10

---Throughput---
GOP/s (aka OPS/ns): 750.75
GOP/s per core: 0.73
GFLOP/s: 284.78
GFLOP/s per core: 0.28
Max Peak GFLOP/s: 1,024.00
Avg. BW GB/s: 5,956.19
Max BW GB/s: 4,096.00

---Traffic---
In-Die bisection_bytes BW (GB/s): 256.00
Inter-board traffic (msg/ns): 0.00, per-link: 0.00
Inter-pack traffic (msg/ns): 0.00, per-link: 0.00
Inter-die traffic (msg/ns): 103.68, per-link: 0.41
Ruche traffic (msg/ns): 97.82, per-link: 0.38
All traffic (msg/ns): 4,261.91, per-link: 4.16
Inter-die reduction wrt all: 41.11
Inter-board reduction wrt inter-die: inf

---Data Movement---
All traffic (msg): 429,221,004
Arith. Intensity FLOP/Loads: 0.38
Arith. Intensity FLOP/Msgs: 0.07
Arith. Intensity OPS/Loads: 1.01
Arith. Intensity OPS/Msgs: 0.18



===Core Utilization Total=== CORE-S:1;; TIME K cy:100 ;; Nodes Proc: 1,796,439 -- Edges Proc: 1,876,412

===PRINTING FRAME STATS

FCollision In Avg:140, SD:50, Max:368, Min:24
FCollision Out Avg:106, SD:42, Max:259, Min:2
FCollision End Avg:42, SD:38, Max:100, Min:0
FTask1 Avg:11, SD:7, Max:37, Min:0
FTask2 Avg:35, SD:19, Max:76, Min:0
FTask3 Avg:30, SD:5, Max:63, Min:18
FCore Active Avg:76, SD:20, Max:100, Min:21
FRouter Active Avg:92, SD:3, Max:98, Min:56
T1 invocations: 102,892
T2 invocations: 457,241
T3 invocations: 14,638,672
T3b invocations: 0
Total3 invocations: 14,638,672
Total4 invocations: 0

T3/T2 ratio: 32
T3b/T3 ratio: 0

T1 avg ex cycles: 109
T2 avg ex cycles: 79
T3&b avg ex cycles: 2
T4 avg ex cycles: -nan
Avg. hops NOC1: 2
Avg. latency NOC1 (T2): 28,836
Avg. hops NOC2: 13
Avg. latency NOC2 (T3): 3,594

===PRINTING ACUM STATS at pu_cycles: 200,668

ACollision In Avg:141, SD:47, Max:347, Min:34
ACollision Out Avg:104, SD:38, Max:250, Min:4
ACollision End Avg:40, SD:32, Max:98, Min:0
ATask1 Avg:13, SD:6, Max:33, Min:1
ATask2 Avg:36, SD:16, Max:76, Min:0
ATask3 Avg:31, SD:5, Max:63, Min:20
ACore Active Avg:79, SD:15, Max:100, Min:29
ARouter Active Avg:92, SD:3, Max:98, Min:55
T1 invocations: 220,730
T2 invocations: 928,021
T3 invocations: 28,704,296
T3b invocations: 0
Total3 invocations: 28,704,296
Total4 invocations: 0

T3/T2 ratio: 31
T3b/T3 ratio: 0

T1 avg ex cycles: 117
T2 avg ex cycles: 78
T3&b avg ex cycles: 2
T4 avg ex cycles: -nan
Avg. hops NOC1: 3
Avg. latency NOC1 (T2): 25,530
Avg. hops NOC2: 13
Avg. latency NOC2 (T3): 3,876
Number of K Nodes Processed: 28,839
Number of K Edges Processed: 29,411
Node Re-explore factor: 6.88
Edge Re-explore factor: 0.23
Nodes/cy: 144
Edges/cy: 147
TEPS: 639

---DCache---
DCache Size: 25,072
DRAM words: 262,912
  DHits: 70,376,251
  DMisses: 4,414,950
  DHit Rate (hit/miss): 94%
  DEvictions: 3,048,764
  DEviction Rate (evict/misses): 69%
  MC Transactions: 4,955,990
  MC Writes: 428,656
Avg. Transactions: 77% , Writes: 7%, Avg. Latency: 3
Max MC id: 31 of 32. Transactions: 98% , Writes: 8%, MC mean Latency: 2
HBM refresh energy (nJ): 1
HBM access energy (nJ): 9,388,627
MemC wire energy 2.5d (nJ): 1,568,790
MemC wire energy 3d (nJ): 392,198

---Energy---
Leakage Energy (nJ): 20,707
PU Dyn E (nJ): 1,734,023
Mem Dyn E (nJ): 15,542,058
Route Dyn E (nJ): 2,015,512
Dynamic Energy (nJ): 19,291,594
Ratio of Dyn/Leak: 932
Total Energy (nJ): 19,312,301
Total Energy (nJ) 3D: 19,614,291
Cores Energy (nJ): 1,734,582
Route Energy (nJ): 2,019,352
Route Energy (nJ) 3D: 3,497,934
Mem Energy   (nJ): 15,558,368
Mem Energy   (nJ) 3D: 14,381,775
Avg. Power (mW): 96,240.07
Power Density (mW/mm2): 116.88

---Runtime---
Runtime in K cycles: 200.67
Microseconds: 200.67
Time per iteration (ms): 0.20

---Throughput---
GOP/s (aka OPS/ns): 741.42
GOP/s per core: 0.72
GFLOP/s: 288.78
GFLOP/s per core: 0.28
Max Peak GFLOP/s: 1,024.00
Avg. BW GB/s: 6,024.11
Max BW GB/s: 4,096.00

---Traffic---
In-Die bisection_bytes BW (GB/s): 256.00
Inter-board traffic (msg/ns): 0.00, per-link: 0.00
Inter-pack traffic (msg/ns): 0.00, per-link: 0.00
Inter-die traffic (msg/ns): 104.29, per-link: 0.41
Ruche traffic (msg/ns): 99.30, per-link: 0.39
All traffic (msg/ns): 4,266.30, per-link: 4.17
Inter-die reduction wrt all: 40.91
Inter-board reduction wrt inter-die: inf

---Data Movement---
All traffic (msg): 856,110,787
Arith. Intensity FLOP/Loads: 0.38
Arith. Intensity FLOP/Msgs: 0.07
Arith. Intensity OPS/Loads: 0.99
Arith. Intensity OPS/Msgs: 0.17



===Core Utilization Total=== CORE-S:2;; TIME K cy:200 ;; Nodes Proc: 3,608,871 -- Edges Proc: 3,700,256

===PRINTING FRAME STATS

FCollision In Avg:137, SD:49, Max:399, Min:20
FCollision Out Avg:105, SD:45, Max:257, Min:0
FCollision End Avg:40, SD:38, Max:100, Min:0
FTask1 Avg:11, SD:7, Max:34, Min:0
FTask2 Avg:35, SD:20, Max:83, Min:0
FTask3 Avg:30, SD:5, Max:58, Min:16
FCore Active Avg:76, SD:21, Max:100, Min:20
FRouter Active Avg:92, SD:3, Max:98, Min:56
T1 invocations: 103,423
T2 invocations: 453,590
T3 invocations: 14,614,064
T3b invocations: 0
Total3 invocations: 14,614,064
Total4 invocations: 0

T3/T2 ratio: 32
T3b/T3 ratio: 0

T1 avg ex cycles: 106
T2 avg ex cycles: 79
T3&b avg ex cycles: 2
T4 avg ex cycles: -nan
Avg. hops NOC1: 2
Avg. latency NOC1 (T2): 28,180
Avg. hops NOC2: 13
Avg. latency NOC2 (T3): 3,803

===PRINTING ACUM STATS at pu_cycles: 300,755

ACollision In Avg:140, SD:46, Max:350, Min:33
ACollision Out Avg:104, SD:37, Max:252, Min:3
ACollision End Avg:40, SD:30, Max:98, Min:0
ATask1 Avg:12, SD:5, Max:30, Min:1
ATask2 Avg:35, SD:15, Max:75, Min:0
ATask3 Avg:30, SD:5, Max:61, Min:19
ACore Active Avg:78, SD:15, Max:100, Min:26
ARouter Active Avg:92, SD:3, Max:98, Min:55
T1 invocations: 324,574
T2 invocations: 1,384,458
T3 invocations: 43,375,111
T3b invocations: 0
Total3 invocations: 43,375,111
Total4 invocations: 0

T3/T2 ratio: 31
T3b/T3 ratio: 0

T1 avg ex cycles: 114
T2 avg ex cycles: 79
T3&b avg ex cycles: 2
T4 avg ex cycles: -nan
Avg. hops NOC1: 3
Avg. latency NOC1 (T2): 26,405
Avg. hops NOC2: 13
Avg. latency NOC2 (T3): 3,854
Number of K Nodes Processed: 43,457
Number of K Edges Processed: 43,998
Node Re-explore factor: 10.36
Edge Re-explore factor: 0.34
Nodes/cy: 144
Edges/cy: 146
TEPS: 427

---DCache---
DCache Size: 25,072
DRAM words: 262,912
  DHits: 105,694,040
  DMisses: 6,499,729
  DHit Rate (hit/miss): 94%
  DEvictions: 5,042,059
  DEviction Rate (evict/misses): 78%
  MC Transactions: 7,317,399
  MC Writes: 660,991
Avg. Transactions: 76% , Writes: 7%, Avg. Latency: 2
Max MC id: 31 of 32. Transactions: 97% , Writes: 8%, MC mean Latency: 2
HBM refresh energy (nJ): 1
HBM access energy (nJ): 13,862,080
MemC wire energy 2.5d (nJ): 2,316,281
MemC wire energy 3d (nJ): 579,070

---Energy---
Leakage Energy (nJ): 31,036
PU Dyn E (nJ): 2,602,580
Mem Dyn E (nJ): 23,074,922
Route Dyn E (nJ): 3,022,820
Dynamic Energy (nJ): 28,700,322
Ratio of Dyn/Leak: 925
Total Energy (nJ): 28,731,358
Total Energy (nJ) 3D: 29,212,602
Cores Energy (nJ): 2,603,417
Route Energy (nJ): 3,028,574
Route Energy (nJ) 3D: 5,247,029
Mem Energy   (nJ): 23,099,368
Mem Energy   (nJ) 3D: 21,362,157
Avg. Power (mW): 95,530.77
Power Density (mW/mm2): 116.01

---Runtime---
Runtime in K cycles: 300.75
Microseconds: 300.75
Time per iteration (ms): 0.30

---Throughput---
GOP/s (aka OPS/ns): 738.25
GOP/s per core: 0.72
GFLOP/s: 290.24
GFLOP/s per core: 0.28
Max Peak GFLOP/s: 1,024.00
Avg. BW GB/s: 6,049.99
Max BW GB/s: 4,096.00

---Traffic---
In-Die bisection_bytes BW (GB/s): 256.00
Inter-board traffic (msg/ns): 0.00, per-link: 0.00
Inter-pack traffic (msg/ns): 0.00, per-link: 0.00
Inter-die traffic (msg/ns): 104.22, per-link: 0.41
Ruche traffic (msg/ns): 99.31, per-link: 0.39
All traffic (msg/ns): 4,265.76, per-link: 4.17
Inter-die reduction wrt all: 40.93
Inter-board reduction wrt inter-die: inf

---Data Movement---
All traffic (msg): 1,282,947,480
Arith. Intensity FLOP/Loads: 0.38
Arith. Intensity FLOP/Msgs: 0.07
Arith. Intensity OPS/Loads: 0.98
Arith. Intensity OPS/Msgs: 0.17



===Core Utilization Total=== CORE-S:3;; TIME K cy:300 ;; Nodes Proc: 5,430,400 -- Edges Proc: 5,521,465

===PRINTING FRAME STATS

FCollision In Avg:137, SD:49, Max:341, Min:12
FCollision Out Avg:107, SD:47, Max:257, Min:0
FCollision End Avg:39, SD:38, Max:100, Min:0
FTask1 Avg:11, SD:7, Max:32, Min:0
FTask2 Avg:35, SD:21, Max:83, Min:0
FTask3 Avg:30, SD:5, Max:60, Min:16
FCore Active Avg:75, SD:21, Max:100, Min:22
FRouter Active Avg:92, SD:3, Max:98, Min:54
T1 invocations: 101,899
T2 invocations: 444,466
T3 invocations: 14,485,937
T3b invocations: 0
Total3 invocations: 14,485,937
Total4 invocations: 0

T3/T2 ratio: 33
T3b/T3 ratio: 0

T1 avg ex cycles: 107
T2 avg ex cycles: 80
T3&b avg ex cycles: 2
T4 avg ex cycles: -nan
Avg. hops NOC1: 2
Avg. latency NOC1 (T2): 28,446
Avg. hops NOC2: 13
Avg. latency NOC2 (T3): 3,738

===PRINTING ACUM STATS at pu_cycles: 400,618

ACollision In Avg:139, SD:45, Max:329, Min:37
ACollision Out Avg:105, SD:37, Max:251, Min:3
ACollision End Avg:40, SD:29, Max:99, Min:0
ATask1 Avg:12, SD:5, Max:26, Min:1
ATask2 Avg:35, SD:14, Max:70, Min:0
ATask3 Avg:30, SD:5, Max:61, Min:20
ACore Active Avg:77, SD:15, Max:100, Min:29
ARouter Active Avg:92, SD:3, Max:98, Min:56
T1 invocations: 425,871
T2 invocations: 1,824,507
T3 invocations: 57,758,173
T3b invocations: 0
Total3 invocations: 57,758,173
Total4 invocations: 0

T3/T2 ratio: 32
T3b/T3 ratio: 0

T1 avg ex cycles: 112
T2 avg ex cycles: 79
T3&b avg ex cycles: 2
T4 avg ex cycles: -nan
Avg. hops NOC1: 3
Avg. latency NOC1 (T2): 26,918
Avg. hops NOC2: 13
Avg. latency NOC2 (T3): 3,821
Number of K Nodes Processed: 57,932
Number of K Edges Processed: 58,441
Node Re-explore factor: 13.81
Edge Re-explore factor: 0.46
Nodes/cy: 145
Edges/cy: 146
TEPS: 320

---DCache---
DCache Size: 25,072
DRAM words: 262,912
  DHits: 140,693,999
  DMisses: 8,557,914
  DHit Rate (hit/miss): 94%
  DEvictions: 7,055,053
  DEviction Rate (evict/misses): 82%
  MC Transactions: 9,641,257
  MC Writes: 884,076
Avg. Transactions: 75% , Writes: 7%, Avg. Latency: 2
Max MC id: 31 of 32. Transactions: 94% , Writes: 8%, MC mean Latency: 2
HBM refresh energy (nJ): 2
HBM access energy (nJ): 18,264,397
MemC wire energy 2.5d (nJ): 3,051,885
MemC wire energy 3d (nJ): 762,971

---Energy---
Leakage Energy (nJ): 41,341
PU Dyn E (nJ): 3,451,757
Mem Dyn E (nJ): 30,479,553
Route Dyn E (nJ): 4,009,242
Dynamic Energy (nJ): 37,940,553
Ratio of Dyn/Leak: 918
Total Energy (nJ): 37,981,894
Total Energy (nJ) 3D: 38,633,374
Cores Energy (nJ): 3,452,873
Route Energy (nJ): 4,016,906
Route Energy (nJ) 3D: 6,957,300
Mem Energy   (nJ): 30,512,116
Mem Energy   (nJ) 3D: 28,223,202
Avg. Power (mW): 94,808.26
Power Density (mW/mm2): 115.14

---Runtime---
Runtime in K cycles: 400.62
Microseconds: 400.62
Time per iteration (ms): 0.40

---Throughput---
GOP/s (aka OPS/ns): 732.94
GOP/s per core: 0.72
GFLOP/s: 289.52
GFLOP/s per core: 0.28
Max Peak GFLOP/s: 1,024.00
Avg. BW GB/s: 6,033.04
Max BW GB/s: 4,096.00

---Traffic---
In-Die bisection_bytes BW (GB/s): 256.00
Inter-board traffic (msg/ns): 0.00, per-link: 0.00
Inter-pack traffic (msg/ns): 0.00, per-link: 0.00
Inter-die traffic (msg/ns): 103.93, per-link: 0.41
Ruche traffic (msg/ns): 99.05, per-link: 0.39
All traffic (msg/ns): 4,244.11, per-link: 4.14
Inter-die reduction wrt all: 40.84
Inter-board reduction wrt inter-die: inf

---Data Movement---
All traffic (msg): 1,700,265,270
Arith. Intensity FLOP/Loads: 0.38
Arith. Intensity FLOP/Msgs: 0.07
Arith. Intensity OPS/Loads: 0.97
Arith. Intensity OPS/Msgs: 0.17



===Core Utilization Total=== CORE-S:4;; TIME K cy:400 ;; Nodes Proc: 7,221,407 -- Edges Proc: 7,378,003

===PRINTING FRAME STATS

FCollision In Avg:136, SD:49, Max:349, Min:13
FCollision Out Avg:105, SD:47, Max:286, Min:1
FCollision End Avg:39, SD:38, Max:100, Min:0
FTask1 Avg:10, SD:7, Max:35, Min:0
FTask2 Avg:34, SD:20, Max:79, Min:0
FTask3 Avg:29, SD:5, Max:56, Min:15
FCore Active Avg:73, SD:21, Max:100, Min:20
FRouter Active Avg:91, SD:3, Max:97, Min:53
T1 invocations: 100,062
T2 invocations: 439,017
T3 invocations: 14,170,974
T3b invocations: 0
Total3 invocations: 14,170,974
Total4 invocations: 0

T3/T2 ratio: 32
T3b/T3 ratio: 0

T1 avg ex cycles: 105
T2 avg ex cycles: 79
T3&b avg ex cycles: 2
T4 avg ex cycles: -nan
Avg. hops NOC1: 2
Avg. latency NOC1 (T2): 28,720
Avg. hops NOC2: 13
Avg. latency NOC2 (T3): 3,601

===PRINTING ACUM STATS at pu_cycles: 500,739

ACollision In Avg:138, SD:44, Max:319, Min:40
ACollision Out Avg:105, SD:36, Max:232, Min:3
ACollision End Avg:39, SD:27, Max:99, Min:0
ATask1 Avg:11, SD:4, Max:20, Min:1
ATask2 Avg:35, SD:13, Max:63, Min:0
ATask3 Avg:30, SD:5, Max:60, Min:20
ACore Active Avg:76, SD:14, Max:100, Min:31
ARouter Active Avg:92, SD:3, Max:98, Min:55
T1 invocations: 526,411
T2 invocations: 2,267,463
T3 invocations: 72,023,378
T3b invocations: 0
Total3 invocations: 72,023,378
Total4 invocations: 0

T3/T2 ratio: 32
T3b/T3 ratio: 0

T1 avg ex cycles: 111
T2 avg ex cycles: 79
T3&b avg ex cycles: 2
T4 avg ex cycles: -nan
Avg. hops NOC1: 3
Avg. latency NOC1 (T2): 27,275
Avg. hops NOC2: 13
Avg. latency NOC2 (T3): 3,774
Number of K Nodes Processed: 72,118
Number of K Edges Processed: 72,655
Node Re-explore factor: 17.19
Edge Re-explore factor: 0.57
Nodes/cy: 144
Edges/cy: 145
TEPS: 256

---DCache---
DCache Size: 25,072
DRAM words: 262,912
  DHits: 175,331,241
  DMisses: 10,578,072
  DHit Rate (hit/miss): 94%
  DEvictions: 9,040,708
  DEviction Rate (evict/misses): 85%
  MC Transactions: 11,917,480
  MC Writes: 1,099,675
Avg. Transactions: 74% , Writes: 7%, Avg. Latency: 2
Max MC id: 31 of 32. Transactions: 92% , Writes: 8%, MC mean Latency: 2
HBM refresh energy (nJ): 2
HBM access energy (nJ): 22,576,474
MemC wire energy 2.5d (nJ): 3,772,411
MemC wire energy 3d (nJ): 943,103

---Energy---
Leakage Energy (nJ): 51,673
PU Dyn E (nJ): 4,297,244
Mem Dyn E (nJ): 37,765,845
Route Dyn E (nJ): 4,996,365
Dynamic Energy (nJ): 47,059,455
Ratio of Dyn/Leak: 911
Total Energy (nJ): 47,111,128
Total Energy (nJ) 3D: 47,949,775
Cores Energy (nJ): 4,298,638
Route Energy (nJ): 5,005,945
Route Energy (nJ) 3D: 8,673,900
Mem Energy   (nJ): 37,806,545
Mem Energy   (nJ) 3D: 34,977,237
Avg. Power (mW): 94,083.20
Power Density (mW/mm2): 114.26

---Runtime---
Runtime in K cycles: 500.74
Microseconds: 500.74
Time per iteration (ms): 0.50

---Throughput---
GOP/s (aka OPS/ns): 728.56
GOP/s per core: 0.71
GFLOP/s: 288.73
GFLOP/s per core: 0.28
Max Peak GFLOP/s: 1,024.00
Avg. BW GB/s: 6,014.25
Max BW GB/s: 4,096.00

---Traffic---
In-Die bisection_bytes BW (GB/s): 256.00
Inter-board traffic (msg/ns): 0.00, per-link: 0.00
Inter-pack traffic (msg/ns): 0.00, per-link: 0.00
Inter-die traffic (msg/ns): 103.52, per-link: 0.40
Ruche traffic (msg/ns): 98.38, per-link: 0.38
All traffic (msg/ns): 4,230.78, per-link: 4.13
Inter-die reduction wrt all: 40.87
Inter-board reduction wrt inter-die: inf

---Data Movement---
All traffic (msg): 2,118,517,889
Arith. Intensity FLOP/Loads: 0.38
Arith. Intensity FLOP/Msgs: 0.07
Arith. Intensity OPS/Loads: 0.97
Arith. Intensity OPS/Msgs: 0.17



===Core Utilization Total=== CORE-S:5;; TIME K cy:500 ;; Nodes Proc: 8,988,888 -- Edges Proc: 9,217,320

===PRINTING FRAME STATS

FCollision In Avg:128, SD:53, Max:329, Min:8
FCollision Out Avg:100, SD:54, Max:296, Min:0
FCollision End Avg:37, SD:38, Max:169, Min:0
FTask1 Avg:10, SD:7, Max:37, Min:0
FTask2 Avg:33, SD:21, Max:81, Min:0
FTask3 Avg:28, SD:5, Max:58, Min:16
FCore Active Avg:71, SD:22, Max:100, Min:19
FRouter Active Avg:91, SD:4, Max:97, Min:33
T1 invocations: 96,987
T2 invocations: 427,757
T3 invocations: 13,815,942
T3b invocations: 0
Total3 invocations: 13,815,942
Total4 invocations: 0

T3/T2 ratio: 32
T3b/T3 ratio: 0

T1 avg ex cycles: 104
T2 avg ex cycles: 80
T3&b avg ex cycles: 2
T4 avg ex cycles: -nan
Avg. hops NOC1: 2
Avg. latency NOC1 (T2): 27,803
Avg. hops NOC2: 13
Avg. latency NOC2 (T3): 3,671

===PRINTING ACUM STATS at pu_cycles: 600,533

ACollision In Avg:137, SD:43, Max:317, Min:35
ACollision Out Avg:104, SD:37, Max:231, Min:2
ACollision End Avg:39, SD:26, Max:98, Min:0
ATask1 Avg:11, SD:4, Max:17, Min:1
ATask2 Avg:35, SD:12, Max:62, Min:0
ATask3 Avg:30, SD:5, Max:60, Min:20
ACore Active Avg:75, SD:13, Max:99, Min:30
ARouter Active Avg:92, SD:3, Max:97, Min:51
T1 invocations: 622,148
T2 invocations: 2,688,248
T3 invocations: 85,663,897
T3b invocations: 0
Total3 invocations: 85,663,897
Total4 invocations: 0

T3/T2 ratio: 32
T3b/T3 ratio: 0

T1 avg ex cycles: 110
T2 avg ex cycles: 79
T3&b avg ex cycles: 2
T4 avg ex cycles: -nan
Avg. hops NOC1: 3
Avg. latency NOC1 (T2): 27,357
Avg. hops NOC2: 13
Avg. latency NOC2 (T3): 3,756
Number of K Nodes Processed: 85,908
Number of K Edges Processed: 86,432
Node Re-explore factor: 20.48
Edge Re-explore factor: 0.67
Nodes/cy: 143
Edges/cy: 144
TEPS: 214

---DCache---
DCache Size: 25,072
DRAM words: 262,912
  DHits: 209,154,942
  DMisses: 12,539,674
  DHit Rate (hit/miss): 94%
  DEvictions: 10,982,622
  DEviction Rate (evict/misses): 88%
  MC Transactions: 14,127,692
  MC Writes: 1,310,821
Avg. Transactions: 74% , Writes: 7%, Avg. Latency: 2
Max MC id: 31 of 32. Transactions: 86% , Writes: 8%, MC mean Latency: 2
HBM refresh energy (nJ): 3
HBM access energy (nJ): 26,763,499
MemC wire energy 2.5d (nJ): 4,472,041
MemC wire energy 3d (nJ): 1,118,010

---Energy---
Leakage Energy (nJ): 61,971
PU Dyn E (nJ): 5,103,041
Mem Dyn E (nJ): 44,811,611
Route Dyn E (nJ): 5,940,187
Dynamic Energy (nJ): 55,854,839
Ratio of Dyn/Leak: 901
Total Energy (nJ): 55,916,810
Total Energy (nJ) 3D: 56,924,245
Cores Energy (nJ): 5,104,712
Route Energy (nJ): 5,951,676
Route Energy (nJ) 3D: 10,313,141
Mem Energy   (nJ): 44,860,422
Mem Energy   (nJ) 3D: 41,506,392
Avg. Power (mW): 93,111.97
Power Density (mW/mm2): 113.08

---Runtime---
Runtime in K cycles: 600.53
Microseconds: 600.53
Time per iteration (ms): 0.60

---Throughput---
GOP/s (aka OPS/ns): 720.31
GOP/s per core: 0.70
GFLOP/s: 286.17
GFLOP/s per core: 0.28
Max Peak GFLOP/s: 1,024.00
Avg. BW GB/s: 5,959.45
Max BW GB/s: 4,096.00

---Traffic---
In-Die bisection_bytes BW (GB/s): 256.00
Inter-board traffic (msg/ns): 0.00, per-link: 0.00
Inter-pack traffic (msg/ns): 0.00, per-link: 0.00
Inter-die traffic (msg/ns): 102.78, per-link: 0.40
Ruche traffic (msg/ns): 97.31, per-link: 0.38
All traffic (msg/ns): 4,193.39, per-link: 4.10
Inter-die reduction wrt all: 40.80
Inter-board reduction wrt inter-die: inf

---Data Movement---
All traffic (msg): 2,518,271,475
Arith. Intensity FLOP/Loads: 0.38
Arith. Intensity FLOP/Msgs: 0.07
Arith. Intensity OPS/Loads: 0.97
Arith. Intensity OPS/Msgs: 0.17



===Core Utilization Total=== CORE-S:6;; TIME K cy:600 ;; Nodes Proc: 10,706,795 -- Edges Proc: 11,069,506

===PRINTING FRAME STATS

FCollision In Avg:105, SD:54, Max:323, Min:6
FCollision Out Avg:85, SD:56, Max:292, Min:0
FCollision End Avg:31, SD:36, Max:100, Min:0
FTask1 Avg:9, SD:8, Max:39, Min:0
FTask2 Avg:31, SD:23, Max:85, Min:0
FTask3 Avg:26, SD:5, Max:54, Min:14
FCore Active Avg:66, SD:24, Max:100, Min:17
FRouter Active Avg:88, SD:6, Max:96, Min:26
T1 invocations: 90,325
T2 invocations: 390,424
T3 invocations: 12,796,790
T3b invocations: 0
Total3 invocations: 12,796,790
Total4 invocations: 0

T3/T2 ratio: 33
T3b/T3 ratio: 0

T1 avg ex cycles: 99
T2 avg ex cycles: 80
T3&b avg ex cycles: 2
T4 avg ex cycles: -nan
Avg. hops NOC1: 3
Avg. latency NOC1 (T2): 26,019
Avg. hops NOC2: 13
Avg. latency NOC2 (T3): 3,940

===PRINTING ACUM STATS at pu_cycles: 700,680

ACollision In Avg:132, SD:42, Max:318, Min:36
ACollision Out Avg:101, SD:37, Max:239, Min:2
ACollision End Avg:38, SD:24, Max:98, Min:0
ATask1 Avg:11, SD:3, Max:15, Min:1
ATask2 Avg:34, SD:10, Max:46, Min:0
ATask3 Avg:29, SD:5, Max:59, Min:19
ACore Active Avg:74, SD:11, Max:97, Min:29
ARouter Active Avg:91, SD:3, Max:97, Min:48
T1 invocations: 714,479
T2 invocations: 3,084,839
T3 invocations: 98,669,263
T3b invocations: 0
Total3 invocations: 98,669,263
Total4 invocations: 0

T3/T2 ratio: 32
T3b/T3 ratio: 0

T1 avg ex cycles: 108
T2 avg ex cycles: 79
T3&b avg ex cycles: 2
T4 avg ex cycles: -nan
Avg. hops NOC1: 3
Avg. latency NOC1 (T2): 27,194
Avg. hops NOC2: 13
Avg. latency NOC2 (T3): 3,781
Number of K Nodes Processed: 98,721
Number of K Edges Processed: 99,243
Node Re-explore factor: 23.54
Edge Re-explore factor: 0.77
Nodes/cy: 141
Edges/cy: 142
TEPS: 183

---DCache---
DCache Size: 25,072
DRAM words: 262,912
  DHits: 241,556,190
  DMisses: 14,362,263
  DHit Rate (hit/miss): 94%
  DEvictions: 12,793,817
  DEviction Rate (evict/misses): 89%
  MC Transactions: 16,169,446
  MC Writes: 1,501,946
Avg. Transactions: 72% , Writes: 7%, Avg. Latency: 2
Max MC id: 29 of 32. Transactions: 85% , Writes: 8%, MC mean Latency: 2
HBM refresh energy (nJ): 4
HBM access energy (nJ): 30,631,398
MemC wire energy 2.5d (nJ): 5,118,346
MemC wire energy 3d (nJ): 1,279,587

---Energy---
Leakage Energy (nJ): 72,305
PU Dyn E (nJ): 5,869,525
Mem Dyn E (nJ): 51,384,071
Route Dyn E (nJ): 6,835,720
Dynamic Energy (nJ): 64,089,317
Ratio of Dyn/Leak: 886
Total Energy (nJ): 64,161,622
Total Energy (nJ) 3D: 65,343,742
Cores Energy (nJ): 5,871,476
Route Energy (nJ): 6,849,124
Route Energy (nJ) 3D: 11,870,004
Mem Energy   (nJ): 51,441,023
Mem Energy   (nJ) 3D: 47,602,263
Avg. Power (mW): 91,570.51
Power Density (mW/mm2): 111.20

---Runtime---
Runtime in K cycles: 700.68
Microseconds: 700.68
Time per iteration (ms): 0.70

---Throughput---
GOP/s (aka OPS/ns): 709.00
GOP/s per core: 0.69
GFLOP/s: 282.38
GFLOP/s per core: 0.28
Max Peak GFLOP/s: 1,024.00
Avg. BW GB/s: 5,878.90
Max BW GB/s: 4,096.00

---Traffic---
In-Die bisection_bytes BW (GB/s): 256.00
Inter-board traffic (msg/ns): 0.00, per-link: 0.00
Inter-pack traffic (msg/ns): 0.00, per-link: 0.00
Inter-die traffic (msg/ns): 101.22, per-link: 0.40
Ruche traffic (msg/ns): 95.94, per-link: 0.37
All traffic (msg/ns): 4,134.86, per-link: 4.04
Inter-die reduction wrt all: 40.85
Inter-board reduction wrt inter-die: inf

---Data Movement---
All traffic (msg): 2,897,216,431
Arith. Intensity FLOP/Loads: 0.38
Arith. Intensity FLOP/Msgs: 0.07
Arith. Intensity OPS/Loads: 0.97
Arith. Intensity OPS/Msgs: 0.17



===Core Utilization Total=== CORE-S:7;; TIME K cy:700 ;; Nodes Proc: 12,288,848 -- Edges Proc: 12,775,938

===PRINTING FRAME STATS

FCollision In Avg:67, SD:50, Max:274, Min:3
FCollision Out Avg:55, SD:50, Max:237, Min:0
FCollision End Avg:22, SD:33, Max:99, Min:0
FTask1 Avg:7, SD:9, Max:40, Min:0
FTask2 Avg:26, SD:27, Max:87, Min:0
FTask3 Avg:22, SD:4, Max:43, Min:11
FCore Active Avg:55, SD:28, Max:100, Min:14
FRouter Active Avg:82, SD:8, Max:95, Min:25
T1 invocations: 85,662
T2 invocations: 332,113
T3 invocations: 10,868,766
T3b invocations: 0
Total3 invocations: 10,868,766
Total4 invocations: 0

T3/T2 ratio: 33
T3b/T3 ratio: 0

T1 avg ex cycles: 88
T2 avg ex cycles: 80
T3&b avg ex cycles: 2
T4 avg ex cycles: -nan
Avg. hops NOC1: 3
Avg. latency NOC1 (T2): 22,672
Avg. hops NOC2: 13
Avg. latency NOC2 (T3): 4,740

===PRINTING ACUM STATS at pu_cycles: 800,739

ACollision In Avg:124, SD:41, Max:307, Min:35
ACollision Out Avg:96, SD:36, Max:231, Min:2
ACollision End Avg:36, SD:21, Max:98, Min:0
ATask1 Avg:10, SD:2, Max:14, Min:1
ATask2 Avg:33, SD:8, Max:40, Min:0
ATask3 Avg:28, SD:5, Max:57, Min:19
ACore Active Avg:72, SD:9, Max:96, Min:28
ARouter Active Avg:90, SD:4, Max:97, Min:45
T1 invocations: 800,266
T2 invocations: 3,417,514
T3 invocations: 109,548,178
T3b invocations: 0
Total3 invocations: 109,548,178
Total4 invocations: 0

T3/T2 ratio: 32
T3b/T3 ratio: 0

T1 avg ex cycles: 106
T2 avg ex cycles: 79
T3&b avg ex cycles: 2
T4 avg ex cycles: -nan
Avg. hops NOC1: 3
Avg. latency NOC1 (T2): 26,757
Avg. hops NOC2: 13
Avg. latency NOC2 (T3): 3,876
Number of K Nodes Processed: 109,586
Number of K Edges Processed: 110,098
Node Re-explore factor: 26.13
Edge Re-explore factor: 0.86
Nodes/cy: 137
Edges/cy: 137
TEPS: 160

---DCache---
DCache Size: 25,072
DRAM words: 262,912
  DHits: 270,189,001
  DMisses: 15,894,980
  DHit Rate (hit/miss): 94%
  DEvictions: 14,321,653
  DEviction Rate (evict/misses): 90%
  MC Transactions: 17,864,535
  MC Writes: 1,647,854
Avg. Transactions: 70% , Writes: 6%, Avg. Latency: 2
Max MC id: 29 of 32. Transactions: 77% , Writes: 7%, MC mean Latency: 2
HBM refresh energy (nJ): 4
HBM access energy (nJ): 33,842,575
MemC wire energy 2.5d (nJ): 5,654,917
MemC wire energy 3d (nJ): 1,413,729

---Energy---
Leakage Energy (nJ): 82,630
PU Dyn E (nJ): 6,510,171
Mem Dyn E (nJ): 56,870,592
Route Dyn E (nJ): 7,579,990
Dynamic Energy (nJ): 70,960,754
Ratio of Dyn/Leak: 859
Total Energy (nJ): 71,043,384
Total Energy (nJ) 3D: 72,363,906
Cores Energy (nJ): 6,512,400
Route Energy (nJ): 7,595,309
Route Energy (nJ) 3D: 13,157,019
Mem Energy   (nJ): 56,935,676
Mem Energy   (nJ) 3D: 52,694,488
Avg. Power (mW): 88,722.27
Power Density (mW/mm2): 107.75

---Runtime---
Runtime in K cycles: 800.74
Microseconds: 800.74
Time per iteration (ms): 0.80

---Throughput---
GOP/s (aka OPS/ns): 687.35
GOP/s per core: 0.67
GFLOP/s: 274.26
GFLOP/s per core: 0.27
Max Peak GFLOP/s: 1,024.00
Avg. BW GB/s: 5,708.76
Max BW GB/s: 4,096.00

---Traffic---
In-Die bisection_bytes BW (GB/s): 256.00
Inter-board traffic (msg/ns): 0.00, per-link: 0.00
Inter-pack traffic (msg/ns): 0.00, per-link: 0.00
Inter-die traffic (msg/ns): 97.97, per-link: 0.38
Ruche traffic (msg/ns): 93.82, per-link: 0.37
All traffic (msg/ns): 4,008.60, per-link: 3.91
Inter-die reduction wrt all: 40.92
Inter-board reduction wrt inter-die: inf

---Data Movement---
All traffic (msg): 3,209,842,437
Arith. Intensity FLOP/Loads: 0.38
Arith. Intensity FLOP/Msgs: 0.07
Arith. Intensity OPS/Loads: 0.96
Arith. Intensity OPS/Msgs: 0.17



===Core Utilization Total=== CORE-S:8;; TIME K cy:800 ;; Nodes Proc: 13,627,615 -- Edges Proc: 14,181,218

===PRINTING FRAME STATS

FCollision In Avg:38, SD:41, Max:255, Min:0
FCollision Out Avg:36, SD:42, Max:208, Min:0
FCollision End Avg:15, SD:27, Max:99, Min:0
FTask1 Avg:6, SD:9, Max:48, Min:0
FTask2 Avg:20, SD:28, Max:91, Min:0
FTask3 Avg:17, SD:4, Max:35, Min:6
FCore Active Avg:43, SD:29, Max:100, Min:11
FRouter Active Avg:70, SD:11, Max:153, Min:16
T1 invocations: 68,920
T2 invocations: 249,890
T3 invocations: 8,438,662
T3b invocations: 0
Total3 invocations: 8,438,662
Total4 invocations: 0

T3/T2 ratio: 34
T3b/T3 ratio: 0

T1 avg ex cycles: 85
T2 avg ex cycles: 81
T3&b avg ex cycles: 2
T4 avg ex cycles: -nan
Avg. hops NOC1: 3
Avg. latency NOC1 (T2): 18,444
Avg. hops NOC2: 12
Avg. latency NOC2 (T3): 5,332

===PRINTING ACUM STATS at pu_cycles: 900,627

ACollision In Avg:114, SD:38, Max:290, Min:31
ACollision Out Avg:89, SD:35, Max:229, Min:2
ACollision End Avg:33, SD:18, Max:90, Min:0
ATask1 Avg:10, SD:1, Max:12, Min:2
ATask2 Avg:32, SD:5, Max:38, Min:0
ATask3 Avg:27, SD:4, Max:54, Min:18
ACore Active Avg:68, SD:7, Max:95, Min:32
ARouter Active Avg:88, SD:4, Max:99, Min:42
T1 invocations: 869,035
T2 invocations: 3,664,377
T3 invocations: 117,936,808
T3b invocations: 0
Total3 invocations: 117,936,808
Total4 invocations: 0

T3/T2 ratio: 32
T3b/T3 ratio: 0

T1 avg ex cycles: 105
T2 avg ex cycles: 79
T3&b avg ex cycles: 2
T4 avg ex cycles: -nan
Avg. hops NOC1: 3
Avg. latency NOC1 (T2): 26,198
Avg. hops NOC2: 13
Avg. latency NOC2 (T3): 3,977
Number of K Nodes Processed: 117,995
Number of K Edges Processed: 118,328
Node Re-explore factor: 28.13
Edge Re-explore factor: 0.92
Nodes/cy: 131
Edges/cy: 131
TEPS: 142

---DCache---
DCache Size: 25,072
DRAM words: 262,912
  DHits: 292,792,088
  DMisses: 17,056,941
  DHit Rate (hit/miss): 94%
  DEvictions: 15,478,909
  DEviction Rate (evict/misses): 91%
  MC Transactions: 19,142,975
  MC Writes: 1,755,901
Avg. Transactions: 66% , Writes: 6%, Avg. Latency: 2
Max MC id: 10 of 32. Transactions: 71% , Writes: 7%, MC mean Latency: 2
HBM refresh energy (nJ): 5
HBM access energy (nJ): 36,264,451
MemC wire energy 2.5d (nJ): 6,059,600
MemC wire energy 3d (nJ): 1,514,900

---Energy---
Leakage Energy (nJ): 92,938
PU Dyn E (nJ): 6,998,863
Mem Dyn E (nJ): 61,033,951
Route Dyn E (nJ): 8,133,236
Dynamic Energy (nJ): 76,166,051
Ratio of Dyn/Leak: 820
Total Energy (nJ): 76,258,989
Total Energy (nJ) 3D: 77,672,147
Cores Energy (nJ): 7,001,370
Route Energy (nJ): 8,150,466
Route Energy (nJ) 3D: 14,108,324
Mem Energy   (nJ): 61,107,154
Mem Energy   (nJ) 3D: 56,562,454
Avg. Power (mW): 84,673.22
Power Density (mW/mm2): 102.83

---Runtime---
Runtime in K cycles: 900.63
Microseconds: 900.63
Time per iteration (ms): 0.90

---Throughput---
GOP/s (aka OPS/ns): 656.53
GOP/s per core: 0.64
GFLOP/s: 262.26
GFLOP/s per core: 0.26
Max Peak GFLOP/s: 1,024.00
Avg. BW GB/s: 5,459.15
Max BW GB/s: 4,096.00

---Traffic---
In-Die bisection_bytes BW (GB/s): 256.00
Inter-board traffic (msg/ns): 0.00, per-link: 0.00
Inter-pack traffic (msg/ns): 0.00, per-link: 0.00
Inter-die traffic (msg/ns): 93.27, per-link: 0.36
Ruche traffic (msg/ns): 90.41, per-link: 0.35
All traffic (msg/ns): 3,820.85, per-link: 3.73
Inter-die reduction wrt all: 40.96
Inter-board reduction wrt inter-die: inf

---Data Movement---
All traffic (msg): 3,441,163,609
Arith. Intensity FLOP/Loads: 0.38
Arith. Intensity FLOP/Msgs: 0.07
Arith. Intensity OPS/Loads: 0.96
Arith. Intensity OPS/Msgs: 0.17



===Core Utilization Total=== CORE-S:9;; TIME K cy:900 ;; Nodes Proc: 14,692,177 -- Edges Proc: 15,084,256
======== IT IS COLD ======= Only 42 Tiles active

===PRINTING FRAME STATS

FCollision In Avg:20, SD:31, Max:185, Min:0
FCollision Out Avg:22, SD:34, Max:162, Min:0
FCollision End Avg:9, SD:21, Max:99, Min:0
FTask1 Avg:4, SD:8, Max:44, Min:0
FTask2 Avg:13, SD:24, Max:95, Min:0
FTask3 Avg:11, SD:3, Max:24, Min:3
FCore Active Avg:28, SD:27, Max:100, Min:7
FRouter Active Avg:52, SD:13, Max:89, Min:9
T1 invocations: 44,630
T2 invocations: 161,196
T3 invocations: 5,694,944
T3b invocations: 0
Total3 invocations: 5,694,944
Total4 invocations: 0

T3/T2 ratio: 35
T3b/T3 ratio: 0

T1 avg ex cycles: 83
T2 avg ex cycles: 81
T3&b avg ex cycles: 2
T4 avg ex cycles: -nan
Avg. hops NOC1: 3
Avg. latency NOC1 (T2): 17,318
Avg. hops NOC2: 12
Avg. latency NOC2 (T3): 4,817

===PRINTING ACUM STATS at pu_cycles: 1,000,453

ACollision In Avg:105, SD:36, Max:278, Min:28
ACollision Out Avg:82, SD:33, Max:221, Min:2
ACollision End Avg:31, SD:16, Max:84, Min:0
ATask1 Avg:9, SD:1, Max:11, Min:3
ATask2 Avg:30, SD:3, Max:35, Min:3
ATask3 Avg:25, SD:4, Max:51, Min:17
ACore Active Avg:64, SD:6, Max:90, Min:34
ARouter Active Avg:84, SD:4, Max:95, Min:38
T1 invocations: 912,147
T2 invocations: 3,823,169
T3 invocations: 123,570,234
T3b invocations: 0
Total3 invocations: 123,570,234
Total4 invocations: 0

T3/T2 ratio: 32
T3b/T3 ratio: 0

T1 avg ex cycles: 104
T2 avg ex cycles: 80
T3&b avg ex cycles: 2
T4 avg ex cycles: -nan
Avg. hops NOC1: 3
Avg. latency NOC1 (T2): 25,831
Avg. hops NOC2: 13
Avg. latency NOC2 (T3): 4,016
Number of K Nodes Processed: 123,646
Number of K Edges Processed: 123,818
Node Re-explore factor: 29.48
Edge Re-explore factor: 0.96
Nodes/cy: 124
Edges/cy: 124
TEPS: 128

---DCache---
DCache Size: 25,072
DRAM words: 262,912
  DHits: 308,331,020
  DMisses: 17,829,851
  DHit Rate (hit/miss): 95%
  DEvictions: 16,248,083
  DEviction Rate (evict/misses): 91%
  MC Transactions: 19,986,261
  MC Writes: 1,823,013
Avg. Transactions: 62% , Writes: 6%, Avg. Latency: 2
Max MC id: 10 of 32. Transactions: 65% , Writes: 6%, MC mean Latency: 2
HBM refresh energy (nJ): 5
HBM access energy (nJ): 37,861,972
MemC wire energy 2.5d (nJ): 6,326,537
MemC wire energy 3d (nJ): 1,581,634

---Energy---
Leakage Energy (nJ): 103,239
PU Dyn E (nJ): 7,318,990
Mem Dyn E (nJ): 63,786,988
Route Dyn E (nJ): 8,497,870
Dynamic Energy (nJ): 79,603,848
Ratio of Dyn/Leak: 771
Total Energy (nJ): 79,707,087
Total Energy (nJ) 3D: 81,179,395
Cores Energy (nJ): 7,321,774
Route Energy (nJ): 8,517,009
Route Energy (nJ) 3D: 14,734,220
Mem Energy   (nJ): 63,868,305
Mem Energy   (nJ) 3D: 59,123,402
Avg. Power (mW): 79,671.00
Power Density (mW/mm2): 96.75

---Runtime---
Runtime in K cycles: 1,000.45
Microseconds: 1,000.45
Time per iteration (ms): 1.00

---Throughput---
GOP/s (aka OPS/ns): 617.62
GOP/s per core: 0.60
GFLOP/s: 247.00
GFLOP/s per core: 0.24
Max Peak GFLOP/s: 1,024.00
Avg. BW GB/s: 5,142.09
Max BW GB/s: 4,096.00

---Traffic---
In-Die bisection_bytes BW (GB/s): 256.00
Inter-board traffic (msg/ns): 0.00, per-link: 0.00
Inter-pack traffic (msg/ns): 0.00, per-link: 0.00
Inter-die traffic (msg/ns): 87.58, per-link: 0.34
Ruche traffic (msg/ns): 85.70, per-link: 0.33
All traffic (msg/ns): 3,591.62, per-link: 3.51
Inter-die reduction wrt all: 41.01
Inter-board reduction wrt inter-die: inf

---Data Movement---
All traffic (msg): 3,593,244,417
Arith. Intensity FLOP/Loads: 0.38
Arith. Intensity FLOP/Msgs: 0.07
Arith. Intensity OPS/Loads: 0.96
Arith. Intensity OPS/Msgs: 0.17



===Core Utilization Total=== CORE-S:10;; TIME K cy:1,000 ;; Nodes Proc: 15,393,236 -- Edges Proc: 15,595,351
======== IT IS COLD ======= Only 23 Tiles active

===PRINTING FRAME STATS

FCollision In Avg:8, SD:22, Max:101, Min:0
FCollision Out Avg:11, SD:27, Max:103, Min:0
FCollision End Avg:4, SD:17, Max:99, Min:0
FTask1 Avg:2, SD:6, Max:42, Min:0
FTask2 Avg:7, SD:20, Max:100, Min:0
FTask3 Avg:6, SD:2, Max:16, Min:0
FCore Active Avg:14, SD:21, Max:100, Min:3
FRouter Active Avg:30, SD:12, Max:87, Min:3
T1 invocations: 22,549
T2 invocations: 79,727
T3 invocations: 2,874,190
T3b invocations: 0
Total3 invocations: 2,874,190
Total4 invocations: 0

T3/T2 ratio: 36
T3b/T3 ratio: 0

T1 avg ex cycles: 80
T2 avg ex cycles: 84
T3&b avg ex cycles: 2
T4 avg ex cycles: -nan
Avg. hops NOC1: 3
Avg. latency NOC1 (T2): 17,251
Avg. hops NOC2: 12
Avg. latency NOC2 (T3): 4,139

===PRINTING ACUM STATS at pu_cycles: 1,100,299

ACollision In Avg:96, SD:33, Max:253, Min:26
ACollision Out Avg:76, SD:30, Max:201, Min:2
ACollision End Avg:29, SD:15, Max:77, Min:0
ATask1 Avg:9, SD:1, Max:10, Min:3
ATask2 Avg:28, SD:2, Max:29, Min:11
ATask3 Avg:24, SD:4, Max:48, Min:16
ACore Active Avg:60, SD:5, Max:85, Min:40
ARouter Active Avg:79, SD:4, Max:93, Min:35
T1 invocations: 936,137
T2 invocations: 3,911,047
T3 invocations: 126,510,665
T3b invocations: 0
Total3 invocations: 126,510,665
Total4 invocations: 0

T3/T2 ratio: 32
T3b/T3 ratio: 0

T1 avg ex cycles: 103
T2 avg ex cycles: 80
T3&b avg ex cycles: 2
T4 avg ex cycles: -nan
Avg. hops NOC1: 3
Avg. latency NOC1 (T2): 25,638
Avg. hops NOC2: 13
Avg. latency NOC2 (T3): 4,027
Number of K Nodes Processed: 126,513
Number of K Edges Processed: 126,590
Node Re-explore factor: 30.16
Edge Re-explore factor: 0.99
Nodes/cy: 115
Edges/cy: 115
TEPS: 117

---DCache---
DCache Size: 25,072
DRAM words: 262,912
  DHits: 316,359,654
  DMisses: 18,214,461
  DHit Rate (hit/miss): 95%
  DEvictions: 16,631,890
  DEviction Rate (evict/misses): 91%
  MC Transactions: 20,399,381
  MC Writes: 1,850,634
Avg. Transactions: 58% , Writes: 5%, Avg. Latency: 2
Max MC id: 10 of 32. Transactions: 59% , Writes: 6%, MC mean Latency: 2
HBM refresh energy (nJ): 6
HBM access energy (nJ): 38,644,587
MemC wire energy 2.5d (nJ): 6,457,308
MemC wire energy 3d (nJ): 1,614,327

---Energy---
Leakage Energy (nJ): 113,543
PU Dyn E (nJ): 7,493,525
Mem Dyn E (nJ): 65,176,295
Route Dyn E (nJ): 8,688,722
Dynamic Energy (nJ): 81,358,542
Ratio of Dyn/Leak: 717
Total Energy (nJ): 81,472,085
Total Energy (nJ) 3D: 82,983,300
Cores Energy (nJ): 7,496,587
Route Energy (nJ): 8,709,771
Route Energy (nJ) 3D: 15,063,967
Mem Energy   (nJ): 65,265,727
Mem Energy   (nJ) 3D: 60,422,746
Avg. Power (mW): 74,045.40
Power Density (mW/mm2): 89.92

---Runtime---
Runtime in K cycles: 1,100.30
Microseconds: 1,100.30
Time per iteration (ms): 1.10

---Throughput---
GOP/s (aka OPS/ns): 574.76
GOP/s per core: 0.56
GFLOP/s: 229.99
GFLOP/s per core: 0.22
Max Peak GFLOP/s: 1,024.00
Avg. BW GB/s: 4,787.40
Max BW GB/s: 4,096.00

---Traffic---
In-Die bisection_bytes BW (GB/s): 256.00
Inter-board traffic (msg/ns): 0.00, per-link: 0.00
Inter-pack traffic (msg/ns): 0.00, per-link: 0.00
Inter-die traffic (msg/ns): 81.28, per-link: 0.32
Ruche traffic (msg/ns): 79.97, per-link: 0.31
All traffic (msg/ns): 3,337.98, per-link: 3.26
Inter-die reduction wrt all: 41.07
Inter-board reduction wrt inter-die: inf

---Data Movement---
All traffic (msg): 3,672,780,028
Arith. Intensity FLOP/Loads: 0.38
Arith. Intensity FLOP/Msgs: 0.07
Arith. Intensity OPS/Loads: 0.96
Arith. Intensity OPS/Msgs: 0.17



===Core Utilization Total=== CORE-S:11;; TIME K cy:1,100 ;; Nodes Proc: 15,747,064 -- Edges Proc: 15,836,161
======== IT IS COLD ======= Only 9 Tiles active

===PRINTING FRAME STATS

FCollision In Avg:3, SD:15, Max:101, Min:0
FCollision Out Avg:5, SD:18, Max:100, Min:0
FCollision End Avg:2, SD:9, Max:98, Min:0
FTask1 Avg:1, SD:4, Max:38, Min:0
FTask2 Avg:3, SD:12, Max:99, Min:0
FTask3 Avg:3, SD:1, Max:11, Min:0
FCore Active Avg:6, SD:14, Max:100, Min:2
FRouter Active Avg:14, SD:9, Max:87, Min:1
T1 invocations: 9,376
T2 invocations: 35,200
T3 invocations: 1,286,196
T3b invocations: 0
Total3 invocations: 1,286,196
Total4 invocations: 0

T3/T2 ratio: 37
T3b/T3 ratio: 0

T1 avg ex cycles: 83
T2 avg ex cycles: 81
T3&b avg ex cycles: 2
T4 avg ex cycles: -nan
Avg. hops NOC1: 4
Avg. latency NOC1 (T2): 17,321
Avg. hops NOC2: 12
Avg. latency NOC2 (T3): 5,086

===PRINTING ACUM STATS at pu_cycles: 1,200,213

ACollision In Avg:88, SD:30, Max:232, Min:23
ACollision Out Avg:70, SD:28, Max:185, Min:1
ACollision End Avg:26, SD:13, Max:71, Min:0
ATask1 Avg:8, SD:0, Max:10, Min:3
ATask2 Avg:26, SD:1, Max:28, Min:13
ATask3 Avg:22, SD:4, Max:44, Min:15
ACore Active Avg:55, SD:4, Max:80, Min:40
ARouter Active Avg:74, SD:4, Max:90, Min:32
T1 invocations: 944,687
T2 invocations: 3,939,846
T3 invocations: 127,759,402
T3b invocations: 0
Total3 invocations: 127,759,402
Total4 invocations: 0

T3/T2 ratio: 32
T3b/T3 ratio: 0

T1 avg ex cycles: 103
T2 avg ex cycles: 80
T3&b avg ex cycles: 2
T4 avg ex cycles: -nan
Avg. hops NOC1: 3
Avg. latency NOC1 (T2): 25,573
Avg. hops NOC2: 13
Avg. latency NOC2 (T3): 4,033
Number of K Nodes Processed: 127,781
Number of K Edges Processed: 127,794
Node Re-explore factor: 30.47
Edge Re-explore factor: 1.00
Nodes/cy: 106
Edges/cy: 106
TEPS: 107

---DCache---
DCache Size: 25,072
DRAM words: 262,912
  DHits: 319,919,321
  DMisses: 18,382,539
  DHit Rate (hit/miss): 95%
  DEvictions: 16,799,942
  DEviction Rate (evict/misses): 91%
  MC Transactions: 20,577,222
  MC Writes: 1,860,248
Avg. Transactions: 54% , Writes: 5%, Avg. Latency: 2
Max MC id: 10 of 32. Transactions: 55% , Writes: 5%, MC mean Latency: 2
HBM refresh energy (nJ): 6
HBM access energy (nJ): 38,981,489
MemC wire energy 2.5d (nJ): 6,513,603
MemC wire energy 3d (nJ): 1,628,401

---Energy---
Leakage Energy (nJ): 123,853
PU Dyn E (nJ): 7,556,655
Mem Dyn E (nJ): 65,753,852
Route Dyn E (nJ): 8,768,058
Dynamic Energy (nJ): 82,078,566
Ratio of Dyn/Leak: 663
Total Energy (nJ): 82,202,419
Total Energy (nJ) 3D: 83,727,632
Cores Energy (nJ): 7,559,996
Route Energy (nJ): 8,791,019
Route Energy (nJ) 3D: 15,201,433
Mem Energy   (nJ): 65,851,405
Mem Energy   (nJ) 3D: 60,966,203
Avg. Power (mW): 68,489.86
Power Density (mW/mm2): 83.18

---Runtime---
Runtime in K cycles: 1,200.21
Microseconds: 1,200.21
Time per iteration (ms): 1.20

---Throughput---
GOP/s (aka OPS/ns): 531.27
GOP/s per core: 0.52
GFLOP/s: 212.64
GFLOP/s per core: 0.21
Max Peak GFLOP/s: 1,024.00
Avg. BW GB/s: 4,427.21
Max BW GB/s: 4,096.00

---Traffic---
In-Die bisection_bytes BW (GB/s): 256.00
Inter-board traffic (msg/ns): 0.00, per-link: 0.00
Inter-pack traffic (msg/ns): 0.00, per-link: 0.00
Inter-die traffic (msg/ns): 75.20, per-link: 0.29
Ruche traffic (msg/ns): 74.08, per-link: 0.29
All traffic (msg/ns): 3,087.56, per-link: 3.02
Inter-die reduction wrt all: 41.06
Inter-board reduction wrt inter-die: inf

---Data Movement---
All traffic (msg): 3,705,731,376
Arith. Intensity FLOP/Loads: 0.38
Arith. Intensity FLOP/Msgs: 0.07
Arith. Intensity OPS/Loads: 0.96
Arith. Intensity OPS/Msgs: 0.17



===Core Utilization Total=== CORE-S:12;; TIME K cy:1,200 ;; Nodes Proc: 15,898,702 -- Edges Proc: 15,963,070
======== IT IS COLD ======= Only 4 Tiles active

===PRINTING FRAME STATS

FCollision In Avg:1, SD:7, Max:92, Min:0
FCollision Out Avg:2, SD:10, Max:98, Min:0
FCollision End Avg:1, SD:5, Max:84, Min:0
FTask1 Avg:0, SD:2, Max:34, Min:0
FTask2 Avg:1, SD:8, Max:100, Min:0
FTask3 Avg:1, SD:0, Max:6, Min:0
FCore Active Avg:2, SD:8, Max:100, Min:1
FRouter Active Avg:6, SD:5, Max:44, Min:0
T1 invocations: 3,454
T2 invocations: 12,315
T3 invocations: 492,697
T3b invocations: 0
Total3 invocations: 492,697
Total4 invocations: 0

T3/T2 ratio: 40
T3b/T3 ratio: 0

T1 avg ex cycles: 79
T2 avg ex cycles: 85
T3&b avg ex cycles: 2
T4 avg ex cycles: -nan
Avg. hops NOC1: 3
Avg. latency NOC1 (T2): 17,578
Avg. hops NOC2: 12
Avg. latency NOC2 (T3): 3,718

===PRINTING ACUM STATS at pu_cycles: 1,300,143

ACollision In Avg:82, SD:28, Max:214, Min:22
ACollision Out Avg:65, SD:26, Max:170, Min:1
ACollision End Avg:24, SD:12, Max:65, Min:0
ATask1 Avg:7, SD:0, Max:9, Min:7
ATask2 Avg:24, SD:0, Max:25, Min:16
ATask3 Avg:20, SD:3, Max:41, Min:13
ACore Active Avg:51, SD:4, Max:74, Min:40
ARouter Active Avg:68, SD:4, Max:80, Min:30
T1 invocations: 949,646
T2 invocations: 3,961,698
T3 invocations: 128,270,845
T3b invocations: 0
Total3 invocations: 128,270,845
Total4 invocations: 0

T3/T2 ratio: 32
T3b/T3 ratio: 0

T1 avg ex cycles: 103
T2 avg ex cycles: 80
T3&b avg ex cycles: 2
T4 avg ex cycles: -nan
Avg. hops NOC1: 3
Avg. latency NOC1 (T2): 25,528
Avg. hops NOC2: 13
Avg. latency NOC2 (T3): 4,038
Number of K Nodes Processed: 128,272
Number of K Edges Processed: 128,273
Node Re-explore factor: 30.58
Edge Re-explore factor: 1.00
Nodes/cy: 99
Edges/cy: 99
TEPS: 99

---DCache---
DCache Size: 25,072
DRAM words: 262,912
  DHits: 321,324,794
  DMisses: 18,448,109
  DHit Rate (hit/miss): 95%
  DEvictions: 16,865,511
  DEviction Rate (evict/misses): 91%
  MC Transactions: 20,645,845
  MC Writes: 1,863,285
Avg. Transactions: 50% , Writes: 4%, Avg. Latency: 2
Max MC id: 10 of 32. Transactions: 50% , Writes: 5%, MC mean Latency: 2
HBM refresh energy (nJ): 7
HBM access energy (nJ): 39,111,488
MemC wire energy 2.5d (nJ): 6,535,325
MemC wire energy 3d (nJ): 1,633,831

---Energy---
Leakage Energy (nJ): 134,165
PU Dyn E (nJ): 7,593,993
Mem Dyn E (nJ): 66,000,851
Route Dyn E (nJ): 8,801,987
Dynamic Energy (nJ): 82,396,832
Ratio of Dyn/Leak: 614
Total Energy (nJ): 82,530,997
Total Energy (nJ) 3D: 84,064,397
Cores Energy (nJ): 7,597,612
Route Energy (nJ): 8,826,859
Route Energy (nJ) 3D: 15,261,752
Mem Energy   (nJ): 66,106,527
Mem Energy   (nJ) 3D: 61,205,033
Avg. Power (mW): 63,478.40
Power Density (mW/mm2): 77.09

---Runtime---
Runtime in K cycles: 1,300.14
Microseconds: 1,300.14
Time per iteration (ms): 1.30

---Throughput---
GOP/s (aka OPS/ns): 492.83
GOP/s per core: 0.48
GFLOP/s: 197.27
GFLOP/s per core: 0.19
Max Peak GFLOP/s: 1,024.00
Avg. BW GB/s: 4,106.48
Max BW GB/s: 4,096.00

---Traffic---
In-Die bisection_bytes BW (GB/s): 256.00
Inter-board traffic (msg/ns): 0.00, per-link: 0.00
Inter-pack traffic (msg/ns): 0.00, per-link: 0.00
Inter-die traffic (msg/ns): 69.66, per-link: 0.27
Ruche traffic (msg/ns): 68.69, per-link: 0.27
All traffic (msg/ns): 2,861.09, per-link: 2.79
Inter-die reduction wrt all: 41.07
Inter-board reduction wrt inter-die: inf

---Data Movement---
All traffic (msg): 3,719,827,477
Arith. Intensity FLOP/Loads: 0.38
Arith. Intensity FLOP/Msgs: 0.07
Arith. Intensity OPS/Loads: 0.96
Arith. Intensity OPS/Msgs: 0.17



===Core Utilization Total=== CORE-S:13;; TIME K cy:1,300 ;; Nodes Proc: 15,960,270 -- Edges Proc: 16,031,987
======== IT IS COLD ======= Only 2 Tiles active
Epoch Done Router: 4
Epoch Done Router: 1
Epoch Done Router: 0
Epoch Done Router: 2
Epoch Done Router: 5
Epoch Done Router: 3
##EPOCH## 1 COMPLETED at Time (K cy): 1,348
Nodes processed until now: 128,311,436
Edges processed until now: 128,311,436
Epoch Done Router: 7
Epoch Done Router: 6
Program Done Router Thread: 6
Program Done Worker Thread: 0
Program Done Router Thread: 7
Program Done Router Thread: 4
Program Done Worker Thread: 1
Program Done Router Thread: 5
Program Done Router Thread: 0
Program Done Worker Thread: 5
Program Done Worker Thread: 7
Program Done Worker Thread: 2
Program Done Router Thread: 3
Program Done Router Thread: 2
Program Done Worker Thread: 3
Program Done Router Thread: 1
Program Done Worker Thread: 6
Program Done Worker Thread: 4

===PRINTING ACUM STATS at pu_cycles: 1,348,158

ACollision In Avg:79, SD:27, Max:206, Min:21
ACollision Out Avg:62, SD:25, Max:164, Min:1
ACollision End Avg:24, SD:12, Max:63, Min:0
ATask1 Avg:7, SD:0, Max:9, Min:6
ATask2 Avg:23, SD:0, Max:24, Min:21
ATask3 Avg:20, SD:3, Max:39, Min:13
ACore Active Avg:50, SD:3, Max:71, Min:42
ARouter Active Avg:66, SD:4, Max:77, Min:29
T1 invocations: 949,802
T2 invocations: 3,964,364
T3 invocations: 128,311,436
T3b invocations: 0
Total3 invocations: 128,311,436
Total4 invocations: 0

T3/T2 ratio: 32
T3b/T3 ratio: 0

T1 avg ex cycles: 103
T2 avg ex cycles: 80
T3&b avg ex cycles: 2
T4 avg ex cycles: -nan
Avg. hops NOC1: 3
Avg. latency NOC1 (T2): 25,522
Avg. hops NOC2: 13
Avg. latency NOC2 (T3): 4,037

Runtime at program end in K cycles: 1,348
Runtime before cooldown in K cycles: 800


Number of K Nodes Processed: 128,311
Number of K Edges Processed: 128,311
Node Re-explore factor: 30.59
Edge Re-explore factor: 1.00
Nodes/cy: 95
Edges/cy: 95
TEPS: 95

---DCache---
DCache Size: 25,072
DRAM words: 262,912
  DHits: 321,436,603
  DMisses: 18,453,399
  DHit Rate (hit/miss): 95%
  DEvictions: 16,870,801
  DEviction Rate (evict/misses): 91%
  MC Transactions: 20,651,180
  MC Writes: 1,863,330
Avg. Transactions: 48% , Writes: 4%, Avg. Latency: 2
Max MC id: 10 of 32. Transactions: 49% , Writes: 5%, MC mean Latency: 2
HBM refresh energy (nJ): 7
HBM access energy (nJ): 39,121,595
MemC wire energy 2.5d (nJ): 6,537,014
MemC wire energy 3d (nJ): 1,634,253

---Energy---
Leakage Energy (nJ): 139,120
PU Dyn E (nJ): 7,597,923
Mem Dyn E (nJ): 66,022,069
Route Dyn E (nJ): 8,805,122
Dynamic Energy (nJ): 82,425,115
Ratio of Dyn/Leak: 592
Total Energy (nJ): 82,564,235
Total Energy (nJ) 3D: 84,098,627
Cores Energy (nJ): 7,601,676
Route Energy (nJ): 8,830,913
Route Energy (nJ) 3D: 15,268,065
Mem Energy   (nJ): 66,131,647
Mem Energy   (nJ) 3D: 61,228,887
Avg. Power (mW): 61,242.25
Power Density (mW/mm2): 74.37

---Runtime---
Runtime in K cycles: 1,348.16
Microseconds: 1,348.16
Time per iteration (ms): 1.35

---Inst---
K Loads: 666,869
K Stores: 668,537
K Instructions: 641,063

---Throughput---
GOP/s (aka OPS/ns): 475.51
GOP/s per core: 0.46
GFLOP/s: 190.35
GFLOP/s per core: 0.19
Max Peak GFLOP/s: 1,024.00
Avg. BW GB/s: 3,962.17
Max BW GB/s: 4,096.00

---Traffic---
In-Die bisection_bytes BW (GB/s): 256.00
Inter-board traffic (msg/ns): 0.00, per-link: 0.00
Inter-pack traffic (msg/ns): 0.00, per-link: 0.00
Inter-die traffic (msg/ns): 67.21, per-link: 0.26
Ruche traffic (msg/ns): 66.27, per-link: 0.26
All traffic (msg/ns): 2,760.14, per-link: 2.70
Inter-die reduction wrt all: 41.07
Inter-board reduction wrt inter-die: inf

---Data Movement---
All traffic (msg): 3,721,100,653
Arith. Intensity FLOP/Loads: 0.38
Arith. Intensity FLOP/Msgs: 0.07
Arith. Intensity OPS/Loads: 0.96
Arith. Intensity OPS/Msgs: 0.17

Simulation time: 122.22
Sim time / DUT time: 88.53
Sim noc_cy/s: 11,030.91
Sim Msg/s: 30,446,830.86

Version 32

