Dataset:  Kron22/
Dry run: 0
Open Edge Count File succesfully
Edges Traversed BFS: 128309848
Found Vertices: 4194304, Edges: 128311436
avg degree 31
Array  Kron22/node_array.bin found
Malloc array of size 16777220 bytes
Readin array of size 16777216 bytes
Finished Reading Array Bytes
No reordering Array 32bit
Array  Kron22/edge_array.bin found
Malloc array of size 513245744 bytes
Readin array of size 513245744 bytes
Finished Reading Array Bytes
No reordering Array 32bit
Reading graph elapsed time: 0.131493s

Dataset Footprint: 505 MiB
Dataset Footprint per Board: 4240.44 Mb
Dataset injection time (ms): 0.258816
Max Dataset Footprint: 1026 MiB

Dataset footprint per tile: 505 KiB
Proxys footprint per tile: 0 KiB
Reserved SRAM per tile: 4 KiB

Ideal SRAM per tile: 509 KiB
reserved_words_for_dataset:25964
dataset_words_per_tile:129408
remaining_sram_words:129822
min_dcache_sram_words_required:26256
dataset_words_per_tile:129408
min_pcache_sram_words_required:0
proxys_words_per_tile:0
Dcache footprint ratio: 1
Dataset Cached: 0
DCache: 129408 words, lines: 8088, sets: 8088
Proxys Cached: 0
Pcache: 0 words, sets: 0
Node per tile: 4,096
Edge per tile: 125,305
GRID_X: 32
GRID_SIZE: 1,024
smt_per_tile: 1
noc_freq: 1
pu_freq: 1
RUCHE_X: 0
PROXY_W: 32
DIE_W: 32
DIE_H: 32
DIES: 1
BORDER_TILES_PER_DIE: 128
PACK_W: 32
PACK_H: 32
DIES_PACK_FACTOR: 1
DIES_PER_PACK: 1
PACKAGES: 1
BOARD_W: 32
BOARD_H: 32
BOARDS: 1
MUX_BUS: 1
DCACHE: 1
PCACHE: 0
PROXY_FACTOR: 1
CACHE_WAYS: 1
TORUS: 1
PHY_NOCS: 1
WIDE_NOC_ID: 0
NOC_CONF: 1
noc_width: 32
hbm_channel_bit_width: 512
ld_st_op_byte_width: 4
PROXY_ROUTING: 0
WITHIN_REGION: 0
WRITE_THROUGH: 0
ASSERT_MODE: 0
GLOBAL_BARRIER: 0
OQ flits: 6 ; 64 ; 2
IQ flits: 6 ; 1,024 ; 32
OQ messages: 2 ; 32 ; 1
IQ messages: 2 ; 512 ; 16
max_task2 size: 64
io_factor_t2: 16
io_factor_t3: 16
io_factor_t3b: 16

Active SRAM Storage per tile: 510 KiB
Total SRAM Storage per tile: 512 KiB
Agreggated SRAM Storage: 512 MiB

Active DRAM Storage per tile: 0 MiB
Total DRAM Storage per tile: 8 MiB
Agreggated DRAM Storage: 8 GiB

Inter-Die #links: 1,024
Inter-Die (Gbits): 32,768
Inter-Die (Gbits/mm): 512.055
Bisection BW of Board (Gbits): 8,192
Border IO #Dies: 4
Border IO Die BW (Gbits): 4,096
Off-Board BW Total (Gbits): 16,384
Off-Board BW Density (Gbits/mm): 193
Die side: 16.00 mm
Die border wire density: 512.06 Gbits/mm
HBM wire density: 256.03 Gbits/mm

Tiles per Die: 1,024 (32x32)
Tile Area: 0.19 mm2, side: 0.44 mm
- Core/Rout Area: 0.05 mm2
- SRAM Area: 0.14 mm2
- SRAM/Logic Ratio: 2.80x

Dies per Package: 1 (1x1)
Die Area: 255.94 mm2, side: 16.00 mm
- Tiles Area: 199.45 mm2
- PHY Area: 47.49 mm2
- MC Area: 9.00 mm2

Packages per Board: 1 (1x1)
Package Area: 445.94 mm2, side: 21.12 mm
- IOdie Area: 80.00 mm2
- Dies Area: 255.94 mm2
- HBM Area: 110.00 mm2

Boards: 1 (1x1)
Board Area: 445.94 mm2
Total Area: 445.94 mm2



ESTIMATED COST OF SILICON AND PACKAGING. ONLY VARIABLE, NO FIXED COSTS
Good dies per wafer 3d: 127
Good dies per wafer 2d: 180
--Dies 3D Cost: 47.61 $
--Dies 2.5D Cost: 33.59 $
--Dies 2D Cost: 33.59 $
--HBM Cost: 60.00 $
--IOdie Cost: 8.44 $
--Packaging Cost 3d: 10.09 $
--Packaging Cost 2.5d: 18.06 $
--Packaging Cost 2d: 6.31 $
SiP Cost 3d: 126.14 $
SiP Cost 2.5d: 120.10 $
SiP Cost 2d: 48.34 $
--Board Cost: 0.45 $
Total SiPs Cost 3d: 126.59 $
Total SiPs Cost 2.5d: 120.54 $
Total SiPs Cost 2d: 48.79 $

Perf counters initialized
Mesh connected
Cache structures initialized
proxys initialized
Dataset structures initialized


Starting Simulation
INIT epoch: 1
INIT epoch: 1
INIT epoch: 1
INIT epoch: 1
INIT epoch: 1
INIT epoch: 1
INIT epoch: 1
INIT epoch: 1

===PRINTING FRAME STATS

FCollision In Avg:21, SD:4, Max:37, Min:12
FCollision Out Avg:3, SD:2, Max:9, Min:0
FCollision End Avg:0, SD:0, Max:0, Min:0
FTask1 Avg:76, SD:4, Max:85, Min:51
FTask2 Avg:0, SD:0, Max:0, Min:0
FTask3 Avg:23, SD:4, Max:49, Min:14
FCore Active Avg:100, SD:1, Max:100, Min:96
FRouter Active Avg:95, SD:1, Max:97, Min:92
T1 invocations: 406,579
T2 invocations: 0
T3 invocations: 12,006,231
T3b invocations: 0
Total3 invocations: 12,006,231
Total4 invocations: 0

T3/T2 ratio: inf
T3b/T3 ratio: 0

T1 avg ex cycles: 192
T2 avg ex cycles: -nan
T3&b avg ex cycles: 2
T4 avg ex cycles: -nan
Avg. hops NOC1: -nan
Avg. latency NOC1 (T2): -nan
Avg. hops NOC2: 18
Avg. latency NOC2 (T3): 3,215

===PRINTING ACUM STATS at pu_cycles: 100,402

ACollision In Avg:21, SD:4, Max:37, Min:12
ACollision Out Avg:3, SD:2, Max:9, Min:0
ACollision End Avg:0, SD:0, Max:0, Min:0
ATask1 Avg:76, SD:4, Max:85, Min:51
ATask2 Avg:0, SD:0, Max:0, Min:0
ATask3 Avg:23, SD:4, Max:49, Min:14
ACore Active Avg:100, SD:1, Max:100, Min:96
ARouter Active Avg:95, SD:1, Max:97, Min:92
T1 invocations: 406,579
T2 invocations: 0
T3 invocations: 12,006,231
T3b invocations: 0
Total3 invocations: 12,006,231
Total4 invocations: 0

T3/T2 ratio: inf
T3b/T3 ratio: 0

T1 avg ex cycles: 192
T2 avg ex cycles: -nan
T3&b avg ex cycles: 2
T4 avg ex cycles: -nan
Avg. hops NOC1: -nan
Avg. latency NOC1 (T2): -nan
Avg. hops NOC2: 18
Avg. latency NOC2 (T3): 3,215
Number of K Nodes Processed: 12,031
Number of K Edges Processed: 12,031
Node Re-explore factor: 2.87
Edge Re-explore factor: 0.09
Nodes/cy: 120
Edges/cy: 120
TEPS: 1,278

---DCache---
DCache Size: 129,408
DRAM words: 0
  DHits: 0
  DMisses: 0

---Energy---
Leakage Energy (nJ): 33,971
PU Dyn E (nJ): 690,276
Mem Dyn E (nJ): 2,013,470
Route Dyn E (nJ): 1,281,881
Dynamic Energy (nJ): 3,985,628
Ratio of Dyn/Leak: 117
Total Energy (nJ): 4,019,599
Total Energy (nJ) 3D: 4,473,432
Cores Energy (nJ): 690,556
Route Energy (nJ): 1,282,801
Route Energy (nJ) 3D: 1,736,634
Mem Energy   (nJ): 2,046,241
Mem Energy   (nJ) 3D: 2,046,241
Avg. Power (mW): 40,035.04
Power Density (mW/mm2): 89.78

---Runtime---
Runtime in K cycles: 100.40
Microseconds: 100.40
Time per iteration (ms): 0.10

---Throughput---
GOP/s (aka OPS/ns): 1,013.98
GOP/s per core: 0.99
GFLOP/s: 123.74
GFLOP/s per core: 0.12
Max Peak GFLOP/s: 1,024.00
Avg. BW GB/s: 3,908.44
Max BW GB/s: 4,096.00

---Traffic---
In-Die bisection_bytes BW (GB/s): 512.00
Inter-board traffic (msg/ns): 0.00, per-link: 0.00
Inter-pack traffic (msg/ns): 0.00, per-link: 0.00
Inter-die traffic (msg/ns): 0.00, per-link: 0.00
Ruche traffic (msg/ns): 0.00, per-link: 0.00
All traffic (msg/ns): 4,207.41, per-link: 4.11
Inter-die reduction wrt all: inf
Inter-board reduction wrt inter-die: -nan

---Data Movement---
All traffic (msg): 422,432,250
Arith. Intensity FLOP/Loads: 0.20
Arith. Intensity FLOP/Msgs: 0.03
Arith. Intensity OPS/Loads: 1.65
Arith. Intensity OPS/Msgs: 0.24



===Core Utilization Total=== CORE-S:1;; TIME K cy:100 ;; Nodes Proc: 1,498,650 -- Edges Proc: 0

===PRINTING FRAME STATS

FCollision In Avg:18, SD:4, Max:41, Min:11
FCollision Out Avg:2, SD:2, Max:10, Min:0
FCollision End Avg:0, SD:0, Max:0, Min:0
FTask1 Avg:76, SD:4, Max:84, Min:49
FTask2 Avg:0, SD:0, Max:0, Min:0
FTask3 Avg:24, SD:4, Max:51, Min:16
FCore Active Avg:100, SD:0, Max:100, Min:98
FRouter Active Avg:95, SD:3, Max:190, Min:91
T1 invocations: 397,381
T2 invocations: 0
T3 invocations: 12,342,717
T3b invocations: 0
Total3 invocations: 12,342,717
Total4 invocations: 0

T3/T2 ratio: inf
T3b/T3 ratio: 0

T1 avg ex cycles: 195
T2 avg ex cycles: -nan
T3&b avg ex cycles: 2
T4 avg ex cycles: -nan
Avg. hops NOC1: -nan
Avg. latency NOC1 (T2): -nan
Avg. hops NOC2: 17
Avg. latency NOC2 (T3): 3,277

===PRINTING ACUM STATS at pu_cycles: 200,398

ACollision In Avg:20, SD:3, Max:32, Min:12
ACollision Out Avg:3, SD:1, Max:8, Min:0
ACollision End Avg:0, SD:0, Max:0, Min:0
ATask1 Avg:76, SD:4, Max:85, Min:50
ATask2 Avg:0, SD:0, Max:0, Min:0
ATask3 Avg:24, SD:4, Max:50, Min:15
ACore Active Avg:100, SD:0, Max:100, Min:98
ARouter Active Avg:95, SD:2, Max:143, Min:93
T1 invocations: 801,605
T2 invocations: 0
T3 invocations: 24,275,404
T3b invocations: 0
Total3 invocations: 24,275,404
Total4 invocations: 0

T3/T2 ratio: inf
T3b/T3 ratio: 0

T1 avg ex cycles: 194
T2 avg ex cycles: -nan
T3&b avg ex cycles: 2
T4 avg ex cycles: -nan
Avg. hops NOC1: -nan
Avg. latency NOC1 (T2): -nan
Avg. hops NOC2: 17
Avg. latency NOC2 (T3): 3,247
Number of K Nodes Processed: 24,377
Number of K Edges Processed: 24,377
Node Re-explore factor: 5.81
Edge Re-explore factor: 0.19
Nodes/cy: 122
Edges/cy: 122
TEPS: 640

---DCache---
DCache Size: 129,408
DRAM words: 0
  DHits: 0
  DMisses: 0

---Energy---
Leakage Energy (nJ): 67,804
PU Dyn E (nJ): 1,375,878
Mem Dyn E (nJ): 4,053,402
Route Dyn E (nJ): 2,548,745
Dynamic Energy (nJ): 7,978,026
Ratio of Dyn/Leak: 118
Total Energy (nJ): 8,045,830
Total Energy (nJ) 3D: 8,948,178
Cores Energy (nJ): 1,376,437
Route Energy (nJ): 2,550,582
Route Energy (nJ) 3D: 3,452,930
Mem Energy   (nJ): 4,118,812
Mem Energy   (nJ) 3D: 4,118,812
Avg. Power (mW): 40,149.25
Power Density (mW/mm2): 90.03

---Runtime---
Runtime in K cycles: 200.40
Microseconds: 200.40
Time per iteration (ms): 0.20

---Throughput---
GOP/s (aka OPS/ns): 1,013.82
GOP/s per core: 0.99
GFLOP/s: 123.26
GFLOP/s per core: 0.12
Max Peak GFLOP/s: 1,024.00
Avg. BW GB/s: 3,941.33
Max BW GB/s: 4,096.00

---Traffic---
In-Die bisection_bytes BW (GB/s): 512.00
Inter-board traffic (msg/ns): 0.00, per-link: 0.00
Inter-pack traffic (msg/ns): 0.00, per-link: 0.00
Inter-die traffic (msg/ns): 0.00, per-link: 0.00
Ruche traffic (msg/ns): 0.00, per-link: 0.00
All traffic (msg/ns): 4,195.27, per-link: 4.10
Inter-die reduction wrt all: inf
Inter-board reduction wrt inter-die: -nan

---Data Movement---
All traffic (msg): 840,722,848
Arith. Intensity FLOP/Loads: 0.20
Arith. Intensity FLOP/Msgs: 0.03
Arith. Intensity OPS/Loads: 1.64
Arith. Intensity OPS/Msgs: 0.24



===Core Utilization Total=== CORE-S:2;; TIME K cy:200 ;; Nodes Proc: 3,035,448 -- Edges Proc: 0

===PRINTING FRAME STATS

FCollision In Avg:19, SD:4, Max:40, Min:11
FCollision Out Avg:3, SD:1, Max:8, Min:0
FCollision End Avg:0, SD:0, Max:0, Min:0
FTask1 Avg:76, SD:4, Max:85, Min:50
FTask2 Avg:0, SD:0, Max:0, Min:0
FTask3 Avg:24, SD:4, Max:50, Min:15
FCore Active Avg:100, SD:0, Max:100, Min:97
FRouter Active Avg:95, SD:1, Max:97, Min:92
T1 invocations: 398,836
T2 invocations: 0
T3 invocations: 12,340,058
T3b invocations: 0
Total3 invocations: 12,340,058
Total4 invocations: 0

T3/T2 ratio: inf
T3b/T3 ratio: 0

T1 avg ex cycles: 195
T2 avg ex cycles: -nan
T3&b avg ex cycles: 2
T4 avg ex cycles: -nan
Avg. hops NOC1: -nan
Avg. latency NOC1 (T2): -nan
Avg. hops NOC2: 17
Avg. latency NOC2 (T3): 3,271

===PRINTING ACUM STATS at pu_cycles: 300,402

ACollision In Avg:19, SD:3, Max:32, Min:13
ACollision Out Avg:3, SD:1, Max:7, Min:1
ACollision End Avg:0, SD:0, Max:0, Min:0
ATask1 Avg:76, SD:4, Max:85, Min:50
ATask2 Avg:0, SD:0, Max:0, Min:0
ATask3 Avg:24, SD:4, Max:50, Min:15
ACore Active Avg:100, SD:0, Max:100, Min:99
ARouter Active Avg:95, SD:1, Max:127, Min:93
T1 invocations: 1,202,706
T2 invocations: 0
T3 invocations: 36,693,276
T3b invocations: 0
Total3 invocations: 36,693,276
Total4 invocations: 0

T3/T2 ratio: inf
T3b/T3 ratio: 0

T1 avg ex cycles: 194
T2 avg ex cycles: -nan
T3&b avg ex cycles: 2
T4 avg ex cycles: -nan
Avg. hops NOC1: -nan
Avg. latency NOC1 (T2): -nan
Avg. hops NOC2: 17
Avg. latency NOC2 (T3): 3,255
Number of K Nodes Processed: 36,717
Number of K Edges Processed: 36,717
Node Re-explore factor: 8.75
Edge Re-explore factor: 0.29
Nodes/cy: 122
Edges/cy: 122
TEPS: 427

---DCache---
DCache Size: 129,408
DRAM words: 0
  DHits: 0
  DMisses: 0

---Energy---
Leakage Energy (nJ): 101,640
PU Dyn E (nJ): 2,069,135
Mem Dyn E (nJ): 6,117,532
Route Dyn E (nJ): 3,826,480
Dynamic Energy (nJ): 12,013,147
Ratio of Dyn/Leak: 118
Total Energy (nJ): 12,114,787
Total Energy (nJ) 3D: 13,469,500
Cores Energy (nJ): 2,069,972
Route Energy (nJ): 3,829,233
Route Energy (nJ) 3D: 5,183,946
Mem Energy   (nJ): 6,215,583
Mem Energy   (nJ) 3D: 6,215,583
Avg. Power (mW): 40,328.58
Power Density (mW/mm2): 90.43

---Runtime---
Runtime in K cycles: 300.40
Microseconds: 300.40
Time per iteration (ms): 0.30

---Throughput---
GOP/s (aka OPS/ns): 1,017.56
GOP/s per core: 0.99
GFLOP/s: 123.54
GFLOP/s per core: 0.12
Max Peak GFLOP/s: 1,024.00
Avg. BW GB/s: 3,967.89
Max BW GB/s: 4,096.00

---Traffic---
In-Die bisection_bytes BW (GB/s): 512.00
Inter-board traffic (msg/ns): 0.00, per-link: 0.00
Inter-pack traffic (msg/ns): 0.00, per-link: 0.00
Inter-die traffic (msg/ns): 0.00, per-link: 0.00
Ruche traffic (msg/ns): 0.00, per-link: 0.00
All traffic (msg/ns): 4,203.33, per-link: 4.10
Inter-die reduction wrt all: inf
Inter-board reduction wrt inter-die: -nan

---Data Movement---
All traffic (msg): 1,262,689,448
Arith. Intensity FLOP/Loads: 0.20
Arith. Intensity FLOP/Msgs: 0.03
Arith. Intensity OPS/Loads: 1.64
Arith. Intensity OPS/Msgs: 0.24



===Core Utilization Total=== CORE-S:3;; TIME K cy:300 ;; Nodes Proc: 4,573,213 -- Edges Proc: 0

===PRINTING FRAME STATS

FCollision In Avg:19, SD:4, Max:38, Min:11
FCollision Out Avg:2, SD:2, Max:10, Min:0
FCollision End Avg:0, SD:0, Max:0, Min:0
FTask1 Avg:76, SD:4, Max:85, Min:49
FTask2 Avg:0, SD:0, Max:0, Min:0
FTask3 Avg:24, SD:4, Max:51, Min:15
FCore Active Avg:100, SD:0, Max:100, Min:98
FRouter Active Avg:95, SD:1, Max:97, Min:92
T1 invocations: 397,843
T2 invocations: 0
T3 invocations: 12,347,442
T3b invocations: 0
Total3 invocations: 12,347,442
Total4 invocations: 0

T3/T2 ratio: inf
T3b/T3 ratio: 0

T1 avg ex cycles: 195
T2 avg ex cycles: -nan
T3&b avg ex cycles: 2
T4 avg ex cycles: -nan
Avg. hops NOC1: -nan
Avg. latency NOC1 (T2): -nan
Avg. hops NOC2: 17
Avg. latency NOC2 (T3): 3,275

===PRINTING ACUM STATS at pu_cycles: 400,403

ACollision In Avg:19, SD:3, Max:32, Min:13
ACollision Out Avg:3, SD:1, Max:8, Min:1
ACollision End Avg:0, SD:0, Max:0, Min:0
ATask1 Avg:76, SD:4, Max:85, Min:50
ATask2 Avg:0, SD:0, Max:0, Min:0
ATask3 Avg:24, SD:4, Max:50, Min:15
ACore Active Avg:100, SD:0, Max:100, Min:98
ARouter Active Avg:95, SD:1, Max:119, Min:93
T1 invocations: 1,600,549
T2 invocations: 0
T3 invocations: 49,040,718
T3b invocations: 0
Total3 invocations: 49,040,718
Total4 invocations: 0

T3/T2 ratio: inf
T3b/T3 ratio: 0

T1 avg ex cycles: 194
T2 avg ex cycles: -nan
T3&b avg ex cycles: 2
T4 avg ex cycles: -nan
Avg. hops NOC1: -nan
Avg. latency NOC1 (T2): -nan
Avg. hops NOC2: 17
Avg. latency NOC2 (T3): 3,260
Number of K Nodes Processed: 49,065
Number of K Edges Processed: 49,065
Node Re-explore factor: 11.70
Edge Re-explore factor: 0.38
Nodes/cy: 123
Edges/cy: 123
TEPS: 320

---DCache---
DCache Size: 129,408
DRAM words: 0
  DHits: 0
  DMisses: 0

---Energy---
Leakage Energy (nJ): 135,474
PU Dyn E (nJ): 2,758,664
Mem Dyn E (nJ): 8,170,101
Route Dyn E (nJ): 5,098,057
Dynamic Energy (nJ): 16,026,823
Ratio of Dyn/Leak: 118
Total Energy (nJ): 16,162,297
Total Energy (nJ) 3D: 17,967,194
Cores Energy (nJ): 2,759,779
Route Energy (nJ): 5,101,726
Route Energy (nJ) 3D: 6,906,624
Mem Energy   (nJ): 8,300,793
Mem Energy   (nJ) 3D: 8,300,793
Avg. Power (mW): 40,365.08
Power Density (mW/mm2): 90.52

---Runtime---
Runtime in K cycles: 400.40
Microseconds: 400.40
Time per iteration (ms): 0.40

---Throughput---
GOP/s (aka OPS/ns): 1,018.05
GOP/s per core: 0.99
GFLOP/s: 123.52
GFLOP/s per core: 0.12
Max Peak GFLOP/s: 1,024.00
Avg. BW GB/s: 3,975.60
Max BW GB/s: 4,096.00

---Traffic---
In-Die bisection_bytes BW (GB/s): 512.00
Inter-board traffic (msg/ns): 0.00, per-link: 0.00
Inter-pack traffic (msg/ns): 0.00, per-link: 0.00
Inter-die traffic (msg/ns): 0.00, per-link: 0.00
Ruche traffic (msg/ns): 0.00, per-link: 0.00
All traffic (msg/ns): 4,202.27, per-link: 4.10
Inter-die reduction wrt all: inf
Inter-board reduction wrt inter-die: -nan

---Data Movement---
All traffic (msg): 1,682,601,378
Arith. Intensity FLOP/Loads: 0.20
Arith. Intensity FLOP/Msgs: 0.03
Arith. Intensity OPS/Loads: 1.64
Arith. Intensity OPS/Msgs: 0.24



===Core Utilization Total=== CORE-S:4;; TIME K cy:400 ;; Nodes Proc: 6,106,781 -- Edges Proc: 0

===PRINTING FRAME STATS

FCollision In Avg:19, SD:5, Max:48, Min:11
FCollision Out Avg:3, SD:2, Max:12, Min:0
FCollision End Avg:0, SD:0, Max:0, Min:0
FTask1 Avg:76, SD:4, Max:85, Min:50
FTask2 Avg:0, SD:0, Max:0, Min:0
FTask3 Avg:24, SD:4, Max:50, Min:15
FCore Active Avg:100, SD:0, Max:100, Min:97
FRouter Active Avg:95, SD:1, Max:97, Min:92
T1 invocations: 399,149
T2 invocations: 0
T3 invocations: 12,342,642
T3b invocations: 0
Total3 invocations: 12,342,642
Total4 invocations: 0

T3/T2 ratio: inf
T3b/T3 ratio: 0

T1 avg ex cycles: 195
T2 avg ex cycles: -nan
T3&b avg ex cycles: 2
T4 avg ex cycles: -nan
Avg. hops NOC1: -nan
Avg. latency NOC1 (T2): -nan
Avg. hops NOC2: 17
Avg. latency NOC2 (T3): 3,267

===PRINTING ACUM STATS at pu_cycles: 500,400

ACollision In Avg:19, SD:3, Max:32, Min:13
ACollision Out Avg:3, SD:1, Max:8, Min:1
ACollision End Avg:0, SD:0, Max:0, Min:0
ATask1 Avg:76, SD:4, Max:85, Min:50
ATask2 Avg:0, SD:0, Max:0, Min:0
ATask3 Avg:24, SD:4, Max:50, Min:15
ACore Active Avg:100, SD:0, Max:100, Min:99
ARouter Active Avg:95, SD:1, Max:114, Min:93
T1 invocations: 1,998,187
T2 invocations: 0
T3 invocations: 61,337,954
T3b invocations: 0
Total3 invocations: 61,337,954
Total4 invocations: 0

T3/T2 ratio: inf
T3b/T3 ratio: 0

T1 avg ex cycles: 194
T2 avg ex cycles: -nan
T3&b avg ex cycles: 2
T4 avg ex cycles: -nan
Avg. hops NOC1: -nan
Avg. latency NOC1 (T2): -nan
Avg. hops NOC2: 17
Avg. latency NOC2 (T3): 3,261
Number of K Nodes Processed: 61,409
Number of K Edges Processed: 61,409
Node Re-explore factor: 14.64
Edge Re-explore factor: 0.48
Nodes/cy: 123
Edges/cy: 123
TEPS: 256

---DCache---
DCache Size: 129,408
DRAM words: 0
  DHits: 0
  DMisses: 0

---Energy---
Leakage Energy (nJ): 169,308
PU Dyn E (nJ): 3,445,328
Mem Dyn E (nJ): 10,214,314
Route Dyn E (nJ): 6,363,609
Dynamic Energy (nJ): 20,023,251
Ratio of Dyn/Leak: 118
Total Energy (nJ): 20,192,559
Total Energy (nJ) 3D: 22,445,509
Cores Energy (nJ): 3,446,721
Route Energy (nJ): 6,368,195
Route Energy (nJ) 3D: 8,621,144
Mem Energy   (nJ): 10,377,645
Mem Energy   (nJ) 3D: 10,377,645
Avg. Power (mW): 40,352.84
Power Density (mW/mm2): 90.49

---Runtime---
Runtime in K cycles: 500.40
Microseconds: 500.40
Time per iteration (ms): 0.50

---Throughput---
GOP/s (aka OPS/ns): 1,017.51
GOP/s per core: 0.99
GFLOP/s: 123.40
GFLOP/s per core: 0.12
Max Peak GFLOP/s: 1,024.00
Avg. BW GB/s: 3,977.00
Max BW GB/s: 4,096.00

---Traffic---
In-Die bisection_bytes BW (GB/s): 512.00
Inter-board traffic (msg/ns): 0.00, per-link: 0.00
Inter-pack traffic (msg/ns): 0.00, per-link: 0.00
Inter-die traffic (msg/ns): 0.00, per-link: 0.00
Ruche traffic (msg/ns): 0.00, per-link: 0.00
All traffic (msg/ns): 4,197.72, per-link: 4.10
Inter-die reduction wrt all: inf
Inter-board reduction wrt inter-die: -nan

---Data Movement---
All traffic (msg): 2,100,540,434
Arith. Intensity FLOP/Loads: 0.20
Arith. Intensity FLOP/Msgs: 0.03
Arith. Intensity OPS/Loads: 1.63
Arith. Intensity OPS/Msgs: 0.24



===Core Utilization Total=== CORE-S:5;; TIME K cy:500 ;; Nodes Proc: 7,640,606 -- Edges Proc: 0

===PRINTING FRAME STATS

FCollision In Avg:18, SD:3, Max:31, Min:12
FCollision Out Avg:2, SD:1, Max:7, Min:0
FCollision End Avg:0, SD:0, Max:0, Min:0
FTask1 Avg:76, SD:4, Max:85, Min:49
FTask2 Avg:0, SD:0, Max:0, Min:0
FTask3 Avg:24, SD:4, Max:51, Min:15
FCore Active Avg:100, SD:0, Max:100, Min:96
FRouter Active Avg:95, SD:1, Max:97, Min:91
T1 invocations: 395,915
T2 invocations: 0
T3 invocations: 12,346,431
T3b invocations: 0
Total3 invocations: 12,346,431
Total4 invocations: 0

T3/T2 ratio: inf
T3b/T3 ratio: 0

T1 avg ex cycles: 196
T2 avg ex cycles: -nan
T3&b avg ex cycles: 2
T4 avg ex cycles: -nan
Avg. hops NOC1: -nan
Avg. latency NOC1 (T2): -nan
Avg. hops NOC2: 17
Avg. latency NOC2 (T3): 3,282

===PRINTING ACUM STATS at pu_cycles: 600,402

ACollision In Avg:19, SD:3, Max:31, Min:13
ACollision Out Avg:3, SD:1, Max:7, Min:1
ACollision End Avg:0, SD:0, Max:0, Min:0
ATask1 Avg:76, SD:4, Max:85, Min:50
ATask2 Avg:0, SD:0, Max:0, Min:0
ATask3 Avg:24, SD:4, Max:50, Min:15
ACore Active Avg:100, SD:0, Max:100, Min:99
ARouter Active Avg:95, SD:1, Max:111, Min:92
T1 invocations: 2,395,668
T2 invocations: 0
T3 invocations: 73,731,280
T3b invocations: 0
Total3 invocations: 73,731,280
Total4 invocations: 0

T3/T2 ratio: inf
T3b/T3 ratio: 0

T1 avg ex cycles: 195
T2 avg ex cycles: -nan
T3&b avg ex cycles: 2
T4 avg ex cycles: -nan
Avg. hops NOC1: -nan
Avg. latency NOC1 (T2): -nan
Avg. hops NOC2: 17
Avg. latency NOC2 (T3): 3,265
Number of K Nodes Processed: 73,755
Number of K Edges Processed: 73,755
Node Re-explore factor: 17.58
Edge Re-explore factor: 0.57
Nodes/cy: 123
Edges/cy: 123
TEPS: 214

---DCache---
DCache Size: 129,408
DRAM words: 0
  DHits: 0
  DMisses: 0

---Energy---
Leakage Energy (nJ): 203,143
PU Dyn E (nJ): 4,137,620
Mem Dyn E (nJ): 12,274,629
Route Dyn E (nJ): 7,641,137
Dynamic Energy (nJ): 24,053,386
Ratio of Dyn/Leak: 118
Total Energy (nJ): 24,256,529
Total Energy (nJ) 3D: 26,961,769
Cores Energy (nJ): 4,139,291
Route Energy (nJ): 7,646,638
Route Energy (nJ) 3D: 10,351,879
Mem Energy   (nJ): 12,470,600
Mem Energy   (nJ) 3D: 12,470,600
Avg. Power (mW): 40,400.48
Power Density (mW/mm2): 90.60

---Runtime---
Runtime in K cycles: 600.40
Microseconds: 600.40
Time per iteration (ms): 0.60

---Throughput---
GOP/s (aka OPS/ns): 1,018.51
GOP/s per core: 0.99
GFLOP/s: 123.50
GFLOP/s per core: 0.12
Max Peak GFLOP/s: 1,024.00
Avg. BW GB/s: 3,983.13
Max BW GB/s: 4,096.00

---Traffic---
In-Die bisection_bytes BW (GB/s): 512.00
Inter-board traffic (msg/ns): 0.00, per-link: 0.00
Inter-pack traffic (msg/ns): 0.00, per-link: 0.00
Inter-die traffic (msg/ns): 0.00, per-link: 0.00
Ruche traffic (msg/ns): 0.00, per-link: 0.00
All traffic (msg/ns): 4,201.17, per-link: 4.10
Inter-die reduction wrt all: inf
Inter-board reduction wrt inter-die: -nan

---Data Movement---
All traffic (msg): 2,522,393,564
Arith. Intensity FLOP/Loads: 0.20
Arith. Intensity FLOP/Msgs: 0.03
Arith. Intensity OPS/Loads: 1.63
Arith. Intensity OPS/Msgs: 0.24



===Core Utilization Total=== CORE-S:6;; TIME K cy:600 ;; Nodes Proc: 9,177,083 -- Edges Proc: 0

===PRINTING FRAME STATS

FCollision In Avg:18, SD:3, Max:32, Min:11
FCollision Out Avg:2, SD:1, Max:7, Min:0
FCollision End Avg:0, SD:0, Max:0, Min:0
FTask1 Avg:76, SD:4, Max:85, Min:50
FTask2 Avg:0, SD:0, Max:0, Min:0
FTask3 Avg:24, SD:4, Max:50, Min:15
FCore Active Avg:100, SD:0, Max:100, Min:97
FRouter Active Avg:95, SD:1, Max:97, Min:92
T1 invocations: 395,683
T2 invocations: 0
T3 invocations: 12,349,343
T3b invocations: 0
Total3 invocations: 12,349,343
Total4 invocations: 0

T3/T2 ratio: inf
T3b/T3 ratio: 0

T1 avg ex cycles: 196
T2 avg ex cycles: -nan
T3&b avg ex cycles: 2
T4 avg ex cycles: -nan
Avg. hops NOC1: -nan
Avg. latency NOC1 (T2): -nan
Avg. hops NOC2: 17
Avg. latency NOC2 (T3): 3,282

===PRINTING ACUM STATS at pu_cycles: 700,402

ACollision In Avg:19, SD:3, Max:30, Min:13
ACollision Out Avg:2, SD:1, Max:7, Min:1
ACollision End Avg:0, SD:0, Max:0, Min:0
ATask1 Avg:76, SD:4, Max:85, Min:50
ATask2 Avg:0, SD:0, Max:0, Min:0
ATask3 Avg:24, SD:4, Max:50, Min:15
ACore Active Avg:100, SD:0, Max:100, Min:99
ARouter Active Avg:95, SD:1, Max:108, Min:93
T1 invocations: 2,791,351
T2 invocations: 0
T3 invocations: 86,080,623
T3b invocations: 0
Total3 invocations: 86,080,623
Total4 invocations: 0

T3/T2 ratio: inf
T3b/T3 ratio: 0

T1 avg ex cycles: 195
T2 avg ex cycles: -nan
T3&b avg ex cycles: 2
T4 avg ex cycles: -nan
Avg. hops NOC1: -nan
Avg. latency NOC1 (T2): -nan
Avg. hops NOC2: 17
Avg. latency NOC2 (T3): 3,267
Number of K Nodes Processed: 86,103
Number of K Edges Processed: 86,103
Node Re-explore factor: 20.53
Edge Re-explore factor: 0.67
Nodes/cy: 123
Edges/cy: 123
TEPS: 183

---DCache---
DCache Size: 129,408
DRAM words: 0
  DHits: 0
  DMisses: 0

---Energy---
Leakage Energy (nJ): 236,978
PU Dyn E (nJ): 4,827,163
Mem Dyn E (nJ): 14,327,368
Route Dyn E (nJ): 8,912,450
Dynamic Energy (nJ): 28,066,981
Ratio of Dyn/Leak: 118
Total Energy (nJ): 28,303,959
Total Energy (nJ) 3D: 31,459,291
Cores Energy (nJ): 4,829,113
Route Energy (nJ): 8,918,867
Route Energy (nJ) 3D: 12,074,199
Mem Energy   (nJ): 14,555,980
Mem Energy   (nJ) 3D: 14,555,980
Avg. Power (mW): 40,411.02
Power Density (mW/mm2): 90.62

---Runtime---
Runtime in K cycles: 700.40
Microseconds: 700.40
Time per iteration (ms): 0.70

---Throughput---
GOP/s (aka OPS/ns): 1,018.65
GOP/s per core: 0.99
GFLOP/s: 123.49
GFLOP/s per core: 0.12
Max Peak GFLOP/s: 1,024.00
Avg. BW GB/s: 3,985.41
Max BW GB/s: 4,096.00

---Traffic---
In-Die bisection_bytes BW (GB/s): 512.00
Inter-board traffic (msg/ns): 0.00, per-link: 0.00
Inter-pack traffic (msg/ns): 0.00, per-link: 0.00
Inter-die traffic (msg/ns): 0.00, per-link: 0.00
Ruche traffic (msg/ns): 0.00, per-link: 0.00
All traffic (msg/ns): 4,200.77, per-link: 4.10
Inter-die reduction wrt all: inf
Inter-board reduction wrt inter-die: -nan

---Data Movement---
All traffic (msg): 2,942,227,160
Arith. Intensity FLOP/Loads: 0.20
Arith. Intensity FLOP/Msgs: 0.03
Arith. Intensity OPS/Loads: 1.63
Arith. Intensity OPS/Msgs: 0.24



===Core Utilization Total=== CORE-S:7;; TIME K cy:700 ;; Nodes Proc: 10,714,685 -- Edges Proc: 0

===PRINTING FRAME STATS

FCollision In Avg:19, SD:4, Max:42, Min:11
FCollision Out Avg:3, SD:2, Max:10, Min:0
FCollision End Avg:0, SD:0, Max:0, Min:0
FTask1 Avg:76, SD:4, Max:85, Min:50
FTask2 Avg:0, SD:0, Max:0, Min:0
FTask3 Avg:24, SD:4, Max:50, Min:15
FCore Active Avg:100, SD:0, Max:100, Min:98
FRouter Active Avg:95, SD:1, Max:97, Min:91
T1 invocations: 399,941
T2 invocations: 0
T3 invocations: 12,339,562
T3b invocations: 0
Total3 invocations: 12,339,562
Total4 invocations: 0

T3/T2 ratio: inf
T3b/T3 ratio: 0

T1 avg ex cycles: 194
T2 avg ex cycles: -nan
T3&b avg ex cycles: 2
T4 avg ex cycles: -nan
Avg. hops NOC1: -nan
Avg. latency NOC1 (T2): -nan
Avg. hops NOC2: 17
Avg. latency NOC2 (T3): 3,266

===PRINTING ACUM STATS at pu_cycles: 800,401

ACollision In Avg:19, SD:3, Max:29, Min:13
ACollision Out Avg:3, SD:1, Max:7, Min:1
ACollision End Avg:0, SD:0, Max:0, Min:0
ATask1 Avg:76, SD:4, Max:85, Min:50
ATask2 Avg:0, SD:0, Max:0, Min:0
ATask3 Avg:24, SD:4, Max:50, Min:15
ACore Active Avg:100, SD:0, Max:100, Min:99
ARouter Active Avg:95, SD:1, Max:107, Min:92
T1 invocations: 3,191,316
T2 invocations: 0
T3 invocations: 98,419,749
T3b invocations: 0
Total3 invocations: 98,419,749
Total4 invocations: 0

T3/T2 ratio: inf
T3b/T3 ratio: 0

T1 avg ex cycles: 195
T2 avg ex cycles: -nan
T3&b avg ex cycles: 2
T4 avg ex cycles: -nan
Avg. hops NOC1: -nan
Avg. latency NOC1 (T2): -nan
Avg. hops NOC2: 17
Avg. latency NOC2 (T3): 3,267
Number of K Nodes Processed: 98,443
Number of K Edges Processed: 98,443
Node Re-explore factor: 23.47
Edge Re-explore factor: 0.77
Nodes/cy: 123
Edges/cy: 123
TEPS: 160

---DCache---
DCache Size: 129,408
DRAM words: 0
  DHits: 0
  DMisses: 0

---Energy---
Leakage Energy (nJ): 270,812
PU Dyn E (nJ): 5,516,532
Mem Dyn E (nJ): 16,378,889
Route Dyn E (nJ): 10,180,977
Dynamic Energy (nJ): 32,076,398
Ratio of Dyn/Leak: 118
Total Energy (nJ): 32,347,210
Total Energy (nJ) 3D: 35,951,646
Cores Energy (nJ): 5,518,760
Route Energy (nJ): 10,188,311
Route Energy (nJ) 3D: 13,792,747
Mem Energy   (nJ): 16,640,140
Mem Energy   (nJ) 3D: 16,640,140
Avg. Power (mW): 40,413.76
Power Density (mW/mm2): 90.63

---Runtime---
Runtime in K cycles: 800.40
Microseconds: 800.40
Time per iteration (ms): 0.80

---Throughput---
GOP/s (aka OPS/ns): 1,018.73
GOP/s per core: 0.99
GFLOP/s: 123.48
GFLOP/s per core: 0.12
Max Peak GFLOP/s: 1,024.00
Avg. BW GB/s: 3,986.84
Max BW GB/s: 4,096.00

---Traffic---
In-Die bisection_bytes BW (GB/s): 512.00
Inter-board traffic (msg/ns): 0.00, per-link: 0.00
Inter-pack traffic (msg/ns): 0.00, per-link: 0.00
Inter-die traffic (msg/ns): 0.00, per-link: 0.00
Ruche traffic (msg/ns): 0.00, per-link: 0.00
All traffic (msg/ns): 4,199.36, per-link: 4.10
Inter-die reduction wrt all: inf
Inter-board reduction wrt inter-die: -nan

---Data Movement---
All traffic (msg): 3,361,174,514
Arith. Intensity FLOP/Loads: 0.20
Arith. Intensity FLOP/Msgs: 0.03
Arith. Intensity OPS/Loads: 1.63
Arith. Intensity OPS/Msgs: 0.24



===Core Utilization Total=== CORE-S:8;; TIME K cy:800 ;; Nodes Proc: 12,247,464 -- Edges Proc: 0

===PRINTING FRAME STATS

FCollision In Avg:19, SD:4, Max:33, Min:11
FCollision Out Avg:3, SD:2, Max:9, Min:0
FCollision End Avg:0, SD:0, Max:0, Min:0
FTask1 Avg:76, SD:4, Max:85, Min:50
FTask2 Avg:0, SD:0, Max:0, Min:0
FTask3 Avg:24, SD:4, Max:50, Min:15
FCore Active Avg:100, SD:0, Max:100, Min:97
FRouter Active Avg:95, SD:1, Max:97, Min:92
T1 invocations: 397,643
T2 invocations: 0
T3 invocations: 12,342,853
T3b invocations: 0
Total3 invocations: 12,342,853
Total4 invocations: 0

T3/T2 ratio: inf
T3b/T3 ratio: 0

T1 avg ex cycles: 195
T2 avg ex cycles: -nan
T3&b avg ex cycles: 2
T4 avg ex cycles: -nan
Avg. hops NOC1: -nan
Avg. latency NOC1 (T2): -nan
Avg. hops NOC2: 17
Avg. latency NOC2 (T3): 3,274

===PRINTING ACUM STATS at pu_cycles: 900,403

ACollision In Avg:19, SD:3, Max:29, Min:13
ACollision Out Avg:3, SD:1, Max:7, Min:1
ACollision End Avg:0, SD:0, Max:0, Min:0
ATask1 Avg:76, SD:4, Max:85, Min:50
ATask2 Avg:0, SD:0, Max:0, Min:0
ATask3 Avg:24, SD:4, Max:50, Min:15
ACore Active Avg:100, SD:0, Max:100, Min:99
ARouter Active Avg:95, SD:1, Max:105, Min:92
T1 invocations: 3,588,959
T2 invocations: 0
T3 invocations: 110,762,602
T3b invocations: 0
Total3 invocations: 110,762,602
Total4 invocations: 0

T3/T2 ratio: inf
T3b/T3 ratio: 0

T1 avg ex cycles: 195
T2 avg ex cycles: -nan
T3&b avg ex cycles: 2
T4 avg ex cycles: -nan
Avg. hops NOC1: -nan
Avg. latency NOC1 (T2): -nan
Avg. hops NOC2: 17
Avg. latency NOC2 (T3): 3,268
Number of K Nodes Processed: 110,788
Number of K Edges Processed: 110,788
Node Re-explore factor: 26.41
Edge Re-explore factor: 0.86
Nodes/cy: 123
Edges/cy: 123
TEPS: 143

---DCache---
DCache Size: 129,408
DRAM words: 0
  DHits: 0
  DMisses: 0

---Energy---
Leakage Energy (nJ): 304,647
PU Dyn E (nJ): 6,205,802
Mem Dyn E (nJ): 18,430,692
Route Dyn E (nJ): 11,453,705
Dynamic Energy (nJ): 36,090,200
Ratio of Dyn/Leak: 118
Total Energy (nJ): 36,394,847
Total Energy (nJ) 3D: 40,449,875
Cores Energy (nJ): 6,208,308
Route Energy (nJ): 11,461,955
Route Energy (nJ) 3D: 15,516,983
Mem Energy   (nJ): 18,724,583
Mem Energy   (nJ) 3D: 18,724,583
Avg. Power (mW): 40,420.62
Power Density (mW/mm2): 90.64

---Runtime---
Runtime in K cycles: 900.40
Microseconds: 900.40
Time per iteration (ms): 0.90

---Throughput---
GOP/s (aka OPS/ns): 1,018.77
GOP/s per core: 0.99
GFLOP/s: 123.48
GFLOP/s per core: 0.12
Max Peak GFLOP/s: 1,024.00
Avg. BW GB/s: 3,987.99
Max BW GB/s: 4,096.00

---Traffic---
In-Die bisection_bytes BW (GB/s): 512.00
Inter-board traffic (msg/ns): 0.00, per-link: 0.00
Inter-pack traffic (msg/ns): 0.00, per-link: 0.00
Inter-die traffic (msg/ns): 0.00, per-link: 0.00
Ruche traffic (msg/ns): 0.00, per-link: 0.00
All traffic (msg/ns): 4,199.71, per-link: 4.10
Inter-die reduction wrt all: inf
Inter-board reduction wrt inter-die: -nan

---Data Movement---
All traffic (msg): 3,781,435,128
Arith. Intensity FLOP/Loads: 0.20
Arith. Intensity FLOP/Msgs: 0.03
Arith. Intensity OPS/Loads: 1.63
Arith. Intensity OPS/Msgs: 0.24



===Core Utilization Total=== CORE-S:9;; TIME K cy:900 ;; Nodes Proc: 13,783,365 -- Edges Proc: 0

===PRINTING FRAME STATS

FCollision In Avg:17, SD:4, Max:34, Min:8
FCollision Out Avg:2, SD:2, Max:9, Min:0
FCollision End Avg:0, SD:0, Max:0, Min:0
FTask1 Avg:73, SD:8, Max:80, Min:25
FTask2 Avg:0, SD:0, Max:0, Min:0
FTask3 Avg:23, SD:4, Max:48, Min:15
FCore Active Avg:96, SD:9, Max:100, Min:41
FRouter Active Avg:94, SD:1, Max:97, Min:90
T1 invocations: 379,507
T2 invocations: 0
T3 invocations: 11,920,088
T3b invocations: 0
Total3 invocations: 11,920,088
Total4 invocations: 0

T3/T2 ratio: inf
T3b/T3 ratio: 0

T1 avg ex cycles: 196
T2 avg ex cycles: -nan
T3&b avg ex cycles: 2
T4 avg ex cycles: -nan
Avg. hops NOC1: -nan
Avg. latency NOC1 (T2): -nan
Avg. hops NOC2: 17
Avg. latency NOC2 (T3): 3,220

===PRINTING ACUM STATS at pu_cycles: 1,000,399

ACollision In Avg:19, SD:3, Max:29, Min:13
ACollision Out Avg:2, SD:1, Max:7, Min:1
ACollision End Avg:0, SD:0, Max:0, Min:0
ATask1 Avg:76, SD:4, Max:79, Min:50
ATask2 Avg:0, SD:0, Max:0, Min:0
ATask3 Avg:24, SD:4, Max:50, Min:15
ACore Active Avg:100, SD:1, Max:100, Min:94
ARouter Active Avg:95, SD:1, Max:104, Min:92
T1 invocations: 3,966,614
T2 invocations: 0
T3 invocations: 122,613,648
T3b invocations: 0
Total3 invocations: 122,613,648
Total4 invocations: 0

T3/T2 ratio: inf
T3b/T3 ratio: 0

T1 avg ex cycles: 195
T2 avg ex cycles: -nan
T3&b avg ex cycles: 2
T4 avg ex cycles: -nan
Avg. hops NOC1: -nan
Avg. latency NOC1 (T2): -nan
Avg. hops NOC2: 17
Avg. latency NOC2 (T3): 3,263
Number of K Nodes Processed: 122,695
Number of K Edges Processed: 122,695
Node Re-explore factor: 29.25
Edge Re-explore factor: 0.96
Nodes/cy: 123
Edges/cy: 123
TEPS: 128

---DCache---
DCache Size: 129,408
DRAM words: 0
  DHits: 0
  DMisses: 0

---Energy---
Leakage Energy (nJ): 338,480
PU Dyn E (nJ): 6,862,786
Mem Dyn E (nJ): 20,396,469
Route Dyn E (nJ): 12,662,078
Dynamic Energy (nJ): 39,921,333
Ratio of Dyn/Leak: 118
Total Energy (nJ): 40,259,813
Total Energy (nJ) 3D: 44,742,649
Cores Energy (nJ): 6,865,570
Route Energy (nJ): 12,671,244
Route Energy (nJ) 3D: 17,154,080
Mem Energy   (nJ): 20,722,999
Mem Energy   (nJ) 3D: 20,722,999
Avg. Power (mW): 40,243.76
Power Density (mW/mm2): 90.24

---Runtime---
Runtime in K cycles: 1,000.40
Microseconds: 1,000.40
Time per iteration (ms): 1.00

---Throughput---
GOP/s (aka OPS/ns): 1,014.11
GOP/s per core: 0.99
GFLOP/s: 122.88
GFLOP/s per core: 0.12
Max Peak GFLOP/s: 1,024.00
Avg. BW GB/s: 3,972.14
Max BW GB/s: 4,096.00

---Traffic---
In-Die bisection_bytes BW (GB/s): 512.00
Inter-board traffic (msg/ns): 0.00, per-link: 0.00
Inter-pack traffic (msg/ns): 0.00, per-link: 0.00
Inter-die traffic (msg/ns): 0.00, per-link: 0.00
Ruche traffic (msg/ns): 0.00, per-link: 0.00
All traffic (msg/ns): 4,179.04, per-link: 4.08
Inter-die reduction wrt all: inf
Inter-board reduction wrt inter-die: -nan

---Data Movement---
All traffic (msg): 4,180,709,836
Arith. Intensity FLOP/Loads: 0.20
Arith. Intensity FLOP/Msgs: 0.03
Arith. Intensity OPS/Loads: 1.63
Arith. Intensity OPS/Msgs: 0.24



===Core Utilization Total=== CORE-S:10;; TIME K cy:1,000 ;; Nodes Proc: 15,265,086 -- Edges Proc: 0

===PRINTING FRAME STATS

FCollision In Avg:2, SD:1, Max:15, Min:1
FCollision Out Avg:0, SD:0, Max:1, Min:0
FCollision End Avg:0, SD:0, Max:0, Min:0
FTask1 Avg:30, SD:29, Max:89, Min:0
FTask2 Avg:0, SD:0, Max:0, Min:0
FTask3 Avg:10, SD:2, Max:33, Min:6
FCore Active Avg:40, SD:30, Max:100, Min:6
FRouter Active Avg:55, SD:5, Max:95, Min:43
T1 invocations: 151,288
T2 invocations: 0
T3 invocations: 5,118,104
T3b invocations: 0
Total3 invocations: 5,118,104
Total4 invocations: 0

T3/T2 ratio: inf
T3b/T3 ratio: 0

T1 avg ex cycles: 201
T2 avg ex cycles: -nan
T3&b avg ex cycles: 2
T4 avg ex cycles: -nan
Avg. hops NOC1: -nan
Avg. latency NOC1 (T2): -nan
Avg. hops NOC2: 16
Avg. latency NOC2 (T3): 2,790

===PRINTING ACUM STATS at pu_cycles: 1,100,398

ACollision In Avg:17, SD:3, Max:27, Min:12
ACollision Out Avg:2, SD:1, Max:6, Min:1
ACollision End Avg:0, SD:0, Max:0, Min:0
ATask1 Avg:71, SD:1, Max:72, Min:53
ATask2 Avg:0, SD:0, Max:0, Min:0
ATask3 Avg:23, SD:4, Max:47, Min:14
ACore Active Avg:94, SD:3, Max:100, Min:86
ARouter Active Avg:91, SD:1, Max:100, Min:88
T1 invocations: 4,119,512
T2 invocations: 0
T3 invocations: 127,777,179
T3b invocations: 0
Total3 invocations: 127,777,179
Total4 invocations: 0

T3/T2 ratio: inf
T3b/T3 ratio: 0

T1 avg ex cycles: 195
T2 avg ex cycles: -nan
T3&b avg ex cycles: 2
T4 avg ex cycles: -nan
Avg. hops NOC1: -nan
Avg. latency NOC1 (T2): -nan
Avg. hops NOC2: 17
Avg. latency NOC2 (T3): 3,244
Number of K Nodes Processed: 127,786
Number of K Edges Processed: 127,786
Node Re-explore factor: 30.47
Edge Re-explore factor: 1.00
Nodes/cy: 116
Edges/cy: 116
TEPS: 117

---DCache---
DCache Size: 129,408
DRAM words: 0
  DHits: 0
  DMisses: 0

---Energy---
Leakage Energy (nJ): 372,315
PU Dyn E (nJ): 7,137,671
Mem Dyn E (nJ): 21,242,843
Route Dyn E (nJ): 13,163,819
Dynamic Energy (nJ): 41,544,334
Ratio of Dyn/Leak: 112
Total Energy (nJ): 41,916,649
Total Energy (nJ) 3D: 46,577,119
Cores Energy (nJ): 7,140,734
Route Energy (nJ): 13,173,902
Route Energy (nJ) 3D: 17,834,372
Mem Energy   (nJ): 21,602,013
Mem Energy   (nJ) 3D: 21,602,013
Avg. Power (mW): 38,092.26
Power Density (mW/mm2): 85.42

---Runtime---
Runtime in K cycles: 1,100.40
Microseconds: 1,100.40
Time per iteration (ms): 1.10

---Throughput---
GOP/s (aka OPS/ns): 959.04
GOP/s per core: 0.94
GFLOP/s: 116.14
GFLOP/s per core: 0.11
Max Peak GFLOP/s: 1,024.00
Avg. BW GB/s: 3,760.92
Max BW GB/s: 4,096.00

---Traffic---
In-Die bisection_bytes BW (GB/s): 512.00
Inter-board traffic (msg/ns): 0.00, per-link: 0.00
Inter-pack traffic (msg/ns): 0.00, per-link: 0.00
Inter-die traffic (msg/ns): 0.00, per-link: 0.00
Ruche traffic (msg/ns): 0.00, per-link: 0.00
All traffic (msg/ns): 3,950.37, per-link: 3.86
Inter-die reduction wrt all: inf
Inter-board reduction wrt inter-die: -nan

---Data Movement---
All traffic (msg): 4,346,982,408
Arith. Intensity FLOP/Loads: 0.20
Arith. Intensity FLOP/Msgs: 0.03
Arith. Intensity OPS/Loads: 1.63
Arith. Intensity OPS/Msgs: 0.24



===Core Utilization Total=== CORE-S:11;; TIME K cy:1,100 ;; Nodes Proc: 15,900,694 -- Edges Proc: 0
======== IT IS COLD ======= Only 13 Tiles active

===PRINTING FRAME STATS

FCollision In Avg:0, SD:0, Max:4, Min:0
FCollision Out Avg:0, SD:0, Max:0, Min:0
FCollision End Avg:0, SD:0, Max:0, Min:0
FTask1 Avg:3, SD:12, Max:99, Min:0
FTask2 Avg:0, SD:0, Max:0, Min:0
FTask3 Avg:1, SD:1, Max:18, Min:0
FCore Active Avg:4, SD:13, Max:100, Min:0
FRouter Active Avg:7, SD:5, Max:65, Min:3
T1 invocations: 13,700
T2 invocations: 0
T3 invocations: 525,946
T3b invocations: 0
Total3 invocations: 525,946
Total4 invocations: 0

T3/T2 ratio: inf
T3b/T3 ratio: 0

T1 avg ex cycles: 200
T2 avg ex cycles: -nan
T3&b avg ex cycles: 2
T4 avg ex cycles: -nan
Avg. hops NOC1: -nan
Avg. latency NOC1 (T2): -nan
Avg. hops NOC2: 15
Avg. latency NOC2 (T3): 2,646

===PRINTING ACUM STATS at pu_cycles: 1,200,210

ACollision In Avg:16, SD:2, Max:24, Min:11
ACollision Out Avg:2, SD:1, Max:6, Min:1
ACollision End Avg:0, SD:0, Max:0, Min:0
ATask1 Avg:66, SD:1, Max:66, Min:55
ATask2 Avg:0, SD:0, Max:0, Min:0
ATask3 Avg:21, SD:4, Max:45, Min:13
ACore Active Avg:87, SD:4, Max:100, Min:79
ARouter Active Avg:84, SD:1, Max:93, Min:81
T1 invocations: 4,131,145
T2 invocations: 0
T3 invocations: 128,260,539
T3b invocations: 0
Total3 invocations: 128,260,539
Total4 invocations: 0

T3/T2 ratio: inf
T3b/T3 ratio: 0

T1 avg ex cycles: 195
T2 avg ex cycles: -nan
T3&b avg ex cycles: 2
T4 avg ex cycles: -nan
Avg. hops NOC1: -nan
Avg. latency NOC1 (T2): -nan
Avg. hops NOC2: 17
Avg. latency NOC2 (T3): 3,242
Number of K Nodes Processed: 128,265
Number of K Edges Processed: 128,265
Node Re-explore factor: 30.58
Edge Re-explore factor: 1.00
Nodes/cy: 107
Edges/cy: 107
TEPS: 107

---DCache---
DCache Size: 129,408
DRAM words: 0
  DHits: 0
  DMisses: 0

---Energy---
Leakage Energy (nJ): 406,085
PU Dyn E (nJ): 7,159,407
Mem Dyn E (nJ): 21,318,555
Route Dyn E (nJ): 13,208,219
Dynamic Energy (nJ): 41,686,182
Ratio of Dyn/Leak: 103
Total Energy (nJ): 42,092,267
Total Energy (nJ) 3D: 46,768,456
Cores Energy (nJ): 7,162,748
Route Energy (nJ): 13,219,216
Route Energy (nJ) 3D: 17,895,405
Mem Energy   (nJ): 21,710,304
Mem Energy   (nJ) 3D: 21,710,304
Avg. Power (mW): 35,070.75
Power Density (mW/mm2): 78.64

---Runtime---
Runtime in K cycles: 1,200.21
Microseconds: 1,200.21
Time per iteration (ms): 1.20

---Throughput---
GOP/s (aka OPS/ns): 882.02
GOP/s per core: 0.86
GFLOP/s: 106.79
GFLOP/s per core: 0.10
Max Peak GFLOP/s: 1,024.00
Avg. BW GB/s: 3,460.41
Max BW GB/s: 4,096.00

---Traffic---
In-Die bisection_bytes BW (GB/s): 512.00
Inter-board traffic (msg/ns): 0.00, per-link: 0.00
Inter-pack traffic (msg/ns): 0.00, per-link: 0.00
Inter-die traffic (msg/ns): 0.00, per-link: 0.00
Ruche traffic (msg/ns): 0.00, per-link: 0.00
All traffic (msg/ns): 3,634.15, per-link: 3.55
Inter-die reduction wrt all: inf
Inter-board reduction wrt inter-die: -nan

---Data Movement---
All traffic (msg): 4,361,748,864
Arith. Intensity FLOP/Loads: 0.20
Arith. Intensity FLOP/Msgs: 0.03
Arith. Intensity OPS/Loads: 1.63
Arith. Intensity OPS/Msgs: 0.24



===Core Utilization Total=== CORE-S:12;; TIME K cy:1,200 ;; Nodes Proc: 15,959,758 -- Edges Proc: 0
======== IT IS COLD ======= Only 1 Tiles active

===PRINTING FRAME STATS

FCollision In Avg:0, SD:0, Max:1, Min:0
FCollision Out Avg:0, SD:0, Max:0, Min:0
FCollision End Avg:0, SD:0, Max:0, Min:0
FTask1 Avg:1, SD:9, Max:99, Min:0
FTask2 Avg:0, SD:0, Max:0, Min:0
FTask3 Avg:1, SD:0, Max:2, Min:0
FCore Active Avg:2, SD:10, Max:100, Min:0
FRouter Active Avg:4, SD:4, Max:24, Min:0
T1 invocations: 7,424
T2 invocations: 0
T3 invocations: 262,478
T3b invocations: 0
Total3 invocations: 262,478
Total4 invocations: 0

T3/T2 ratio: inf
T3b/T3 ratio: 0

T1 avg ex cycles: 200
T2 avg ex cycles: -nan
T3&b avg ex cycles: 2
T4 avg ex cycles: -nan
Avg. hops NOC1: -nan
Avg. latency NOC1 (T2): -nan
Avg. hops NOC2: 15
Avg. latency NOC2 (T3): 2,714

===PRINTING ACUM STATS at pu_cycles: 1,300,050

ACollision In Avg:15, SD:2, Max:23, Min:10
ACollision Out Avg:2, SD:1, Max:5, Min:1
ACollision End Avg:0, SD:0, Max:0, Min:0
ATask1 Avg:61, SD:0, Max:61, Min:57
ATask2 Avg:0, SD:0, Max:0, Min:0
ATask3 Avg:19, SD:3, Max:43, Min:12
ACore Active Avg:80, SD:3, Max:100, Min:73
ARouter Active Avg:78, SD:1, Max:87, Min:75
T1 invocations: 4,134,901
T2 invocations: 0
T3 invocations: 128,309,723
T3b invocations: 0
Total3 invocations: 128,309,723
Total4 invocations: 0

T3/T2 ratio: inf
T3b/T3 ratio: 0

T1 avg ex cycles: 195
T2 avg ex cycles: -nan
T3&b avg ex cycles: 2
T4 avg ex cycles: -nan
Avg. hops NOC1: -nan
Avg. latency NOC1 (T2): -nan
Avg. hops NOC2: 17
Avg. latency NOC2 (T3): 3,243
Number of K Nodes Processed: 128,309
Number of K Edges Processed: 128,309
Node Re-explore factor: 30.59
Edge Re-explore factor: 1.00
Nodes/cy: 99
Edges/cy: 99
TEPS: 99

---DCache---
DCache Size: 129,408
DRAM words: 0
  DHits: 0
  DMisses: 0

---Energy---
Leakage Energy (nJ): 439,866
PU Dyn E (nJ): 7,165,463
Mem Dyn E (nJ): 21,329,643
Route Dyn E (nJ): 13,213,077
Dynamic Energy (nJ): 41,708,184
Ratio of Dyn/Leak: 95
Total Energy (nJ): 42,148,050
Total Energy (nJ) 3D: 46,825,959
Cores Energy (nJ): 7,169,082
Route Energy (nJ): 13,224,989
Route Energy (nJ) 3D: 17,902,899
Mem Energy   (nJ): 21,753,979
Mem Energy   (nJ) 3D: 21,753,979
Avg. Power (mW): 32,420.33
Power Density (mW/mm2): 72.70

---Runtime---
Runtime in K cycles: 1,300.05
Microseconds: 1,300.05
Time per iteration (ms): 1.30

---Throughput---
GOP/s (aka OPS/ns): 814.94
GOP/s per core: 0.80
GFLOP/s: 98.68
GFLOP/s per core: 0.10
Max Peak GFLOP/s: 1,024.00
Avg. BW GB/s: 3,196.34
Max BW GB/s: 4,096.00

---Traffic---
In-Die bisection_bytes BW (GB/s): 512.00
Inter-board traffic (msg/ns): 0.00, per-link: 0.00
Inter-pack traffic (msg/ns): 0.00, per-link: 0.00
Inter-die traffic (msg/ns): 0.00, per-link: 0.00
Ruche traffic (msg/ns): 0.00, per-link: 0.00
All traffic (msg/ns): 3,356.30, per-link: 3.28
Inter-die reduction wrt all: inf
Inter-board reduction wrt inter-die: -nan

---Data Movement---
All traffic (msg): 4,363,357,382
Arith. Intensity FLOP/Loads: 0.20
Arith. Intensity FLOP/Msgs: 0.03
Arith. Intensity OPS/Loads: 1.63
Arith. Intensity OPS/Msgs: 0.24



===Core Utilization Total=== CORE-S:13;; TIME K cy:1,300 ;; Nodes Proc: 15,965,533 -- Edges Proc: 0
======== IT IS COLD ======= Only 0 Tiles active
Epoch Done Router: 2
Epoch Done Router: 7
##EPOCH## 1 COMPLETED at Time (K cy): 1,308
Nodes processed until now: 128,311,436
Edges processed until now: 0
Epoch Done Router: 3
Epoch Done Router: 4
Epoch Done Router: 5
Epoch Done Router: 0
Epoch Done Router: 6
Epoch Done Router: 1
Program Done Router Thread: 1
Program Done Router Thread: 6
Program Done Worker Thread: 4
Program Done Router Thread: 4
Program Done Worker Thread: 6
Program Done Worker Thread: 2
Program Done Worker Thread: 3
Program Done Worker Thread: 7
Program Done Router Thread: 0
Program Done Router Thread: 7
Program Done Router Thread: 5
Program Done Worker Thread: 5
Program Done Worker Thread: 0
Program Done Worker Thread: 1
Program Done Router Thread: 2
Program Done Router Thread: 3

===PRINTING ACUM STATS at pu_cycles: 1,308,754

ACollision In Avg:14, SD:2, Max:22, Min:10
ACollision Out Avg:2, SD:1, Max:5, Min:1
ACollision End Avg:0, SD:0, Max:0, Min:0
ATask1 Avg:60, SD:0, Max:60, Min:60
ATask2 Avg:0, SD:0, Max:0, Min:0
ATask3 Avg:19, SD:3, Max:40, Min:12
ACore Active Avg:79, SD:3, Max:100, Min:72
ARouter Active Avg:77, SD:1, Max:84, Min:75
T1 invocations: 4,135,437
T2 invocations: 0
T3 invocations: 128,311,436
T3b invocations: 0
Total3 invocations: 128,311,436
Total4 invocations: 0

T3/T2 ratio: inf
T3b/T3 ratio: 0

T1 avg ex cycles: 195
T2 avg ex cycles: -nan
T3&b avg ex cycles: 2
T4 avg ex cycles: -nan
Avg. hops NOC1: -nan
Avg. latency NOC1 (T2): -nan
Avg. hops NOC2: 17
Avg. latency NOC2 (T3): 3,243

Runtime at program end in K cycles: 1,308
Runtime before cooldown in K cycles: 1,000


Number of K Nodes Processed: 128,311
Number of K Edges Processed: 128,311
Node Re-explore factor: 30.59
Edge Re-explore factor: 1.00
Nodes/cy: 98
Edges/cy: 98
TEPS: 98

---DCache---
DCache Size: 129,408
DRAM words: 0
  DHits: 0
  DMisses: 0

---Energy---
Leakage Energy (nJ): 442,811
PU Dyn E (nJ): 7,166,280
Mem Dyn E (nJ): 21,330,562
Route Dyn E (nJ): 13,213,309
Dynamic Energy (nJ): 41,710,151
Ratio of Dyn/Leak: 94
Total Energy (nJ): 42,152,962
Total Energy (nJ) 3D: 46,830,953
Cores Energy (nJ): 7,169,922
Route Energy (nJ): 13,225,300
Route Energy (nJ) 3D: 17,903,292
Mem Energy   (nJ): 21,757,739
Mem Energy   (nJ) 3D: 21,757,739
Avg. Power (mW): 32,208.47
Power Density (mW/mm2): 72.23

---Runtime---
Runtime in K cycles: 1,308.75
Microseconds: 1,308.75
Time per iteration (ms): 1.31

---Inst---
K Loads: 649,828
K Stores: 389,069
K Instructions: 1,059,573

---Throughput---
GOP/s (aka OPS/ns): 809.61
GOP/s per core: 0.79
GFLOP/s: 98.04
GFLOP/s per core: 0.10
Max Peak GFLOP/s: 1,024.00
Avg. BW GB/s: 3,175.23
Max BW GB/s: 4,096.00

---Traffic---
In-Die bisection_bytes BW (GB/s): 512.00
Inter-board traffic (msg/ns): 0.00, per-link: 0.00
Inter-pack traffic (msg/ns): 0.00, per-link: 0.00
Inter-die traffic (msg/ns): 0.00, per-link: 0.00
Ruche traffic (msg/ns): 0.00, per-link: 0.00
All traffic (msg/ns): 3,334.04, per-link: 3.26
Inter-die reduction wrt all: inf
Inter-board reduction wrt inter-die: -nan

---Data Movement---
All traffic (msg): 4,363,432,704
Arith. Intensity FLOP/Loads: 0.20
Arith. Intensity FLOP/Msgs: 0.03
Arith. Intensity OPS/Loads: 1.63
Arith. Intensity OPS/Msgs: 0.24

Simulation time: 66.93
Sim time / DUT time: 49.94
Sim noc_cy/s: 19,552.90
Sim Msg/s: 65,190,057.98

Version 32

