Dataset:  Kron22/
Dry run: 0
Open Edge Count File succesfully
Edges Traversed BFS: 128309848
Found Vertices: 4194304, Edges: 128311436
avg degree 31
Array  Kron22/node_array.bin found
Malloc array of size 16777220 bytes
Readin array of size 16777216 bytes
Finished Reading Array Bytes
No reordering Array 32bit
Array  Kron22/edge_array.bin found
Malloc array of size 513245744 bytes
Readin array of size 513245744 bytes
Finished Reading Array Bytes
No reordering Array 32bit
Reading graph elapsed time: 0.158362s

Dataset Footprint: 522 MiB
Dataset Footprint per Board: 4383.05 Mb
Dataset injection time (ms): 0.26752
Max Dataset Footprint: 1026 MiB

Dataset footprint per tile: 522 KiB
Proxys footprint per tile: 0 KiB
Reserved SRAM per tile: 15 KiB

Ideal SRAM per tile: 537 KiB
reserved_words_for_dataset:25428
dataset_words_per_tile:133760
remaining_sram_words:127142
min_dcache_sram_words_required:25771
dataset_words_per_tile:133760
min_pcache_sram_words_required:0
proxys_words_per_tile:0
Dcache footprint ratio: 2
Dataset Cached: 1
DCache: 125904 words, lines: 7869, sets: 7869
Proxys Cached: 0
Pcache: 0 words, sets: 0
Node per tile: 4,096
Edge per tile: 125,305
GRID_X: 32
GRID_SIZE: 1,024
smt_per_tile: 1
noc_freq: 1
pu_freq: 1
RUCHE_X: 8
PROXY_W: 32
DIE_W: 16
DIE_H: 16
DIES: 4
BORDER_TILES_PER_DIE: 64
PACK_W: 32
PACK_H: 32
DIES_PACK_FACTOR: 2
DIES_PER_PACK: 4
PACKAGES: 1
BOARD_W: 32
BOARD_H: 32
BOARDS: 1
MUX_BUS: 1
DCACHE: 1
PCACHE: 0
PROXY_FACTOR: 1
CACHE_WAYS: 1
TORUS: 1
PHY_NOCS: 1
WIDE_NOC_ID: 0
NOC_CONF: 1
noc_width: 32
hbm_channel_bit_width: 512
ld_st_op_byte_width: 4
PROXY_ROUTING: 0
WITHIN_REGION: 0
WRITE_THROUGH: 1
ASSERT_MODE: 0
GLOBAL_BARRIER: 0
OQ flits: 36 ; 384 ; 2
IQ flits: 288 ; 3,072 ; 2
OQ messages: 12 ; 192 ; 1
IQ messages: 96 ; 1,536 ; 1
max_task2 size: 64
io_factor_t2: 8
io_factor_t3: 8
io_factor_t3b: 8

Active SRAM Storage per tile: 511 KiB
Total SRAM Storage per tile: 512 KiB
Agreggated SRAM Storage: 512 MiB

Active DRAM Storage per tile: 0.509766 MiB
Total DRAM Storage per tile: 32 MiB
Agreggated DRAM Storage: 32 GiB

Inter-Die #links: 512
Inter-Die (Gbits): 16,384
Inter-Die (Gbits/mm): 448.481
Bisection BW of Board (Gbits): 8,192
Border IO #Dies: 8
Border IO Die BW (Gbits): 2,048
Off-Board BW Total (Gbits): 16,384
Off-Board BW Density (Gbits/mm): 134
Die side: 9.13 mm
Die border wire density: 448.48 Gbits/mm
HBM wire density: 448.48 Gbits/mm

Tiles per Die: 256 (16x16)
Tile Area: 0.20 mm2, side: 0.44 mm
- Core/Rout Area: 0.05 mm2
- SRAM Area: 0.14 mm2
- SRAM/Logic Ratio: 2.64x

Dies per Package: 4 (2x2)
Die Area: 83.41 mm2, side: 9.13 mm
- Tiles Area: 50.67 mm2
- PHY Area: 23.74 mm2
- MC Area: 9.00 mm2

Packages per Board: 1 (1x1)
Package Area: 933.65 mm2, side: 30.56 mm
- IOdie Area: 160.00 mm2
- Dies Area: 333.65 mm2
- HBM Area: 440.00 mm2

Boards: 1 (1x1)
Board Area: 933.65 mm2
Total Area: 933.65 mm2



ESTIMATED COST OF SILICON AND PACKAGING. ONLY VARIABLE, NO FIXED COSTS
Good dies per wafer 3d: 407
Good dies per wafer 2d: 660
--Dies 3D Cost: 59.43 $
--Dies 2.5D Cost: 36.65 $
--Dies 2D Cost: 36.65 $
--HBM Cost: 240.00 $
--IOdie Cost: 16.88 $
--Packaging Cost 3d: 13.28 $
--Packaging Cost 2.5d: 20.86 $
--Packaging Cost 2d: 8.03 $
SiP Cost 3d: 329.59 $
SiP Cost 2.5d: 314.38 $
SiP Cost 2d: 61.56 $
--Board Cost: 0.93 $
Total SiPs Cost 3d: 330.52 $
Total SiPs Cost 2.5d: 315.32 $
Total SiPs Cost 2d: 62.49 $

Perf counters initialized
Mesh connected
Cache structures initialized
Replicas initialized
Allocated Frontier List
Dataset structures initialized


Starting Simulation
INIT epoch: 1
INIT epoch: 1
INIT epoch: 1
INIT epoch: 1
INIT epoch: 1
INIT epoch: 1
INIT epoch: 1
INIT epoch: 1

===PRINTING FRAME STATS

FCollision In Avg:-nan, SD:-nan, Max:269, Min:3
FCollision Out Avg:-nan, SD:-nan, Max:235, Min:0
FCollision End Avg:-nan, SD:-nan, Max:101, Min:0
FTask1 Avg:-nan, SD:-nan, Max:69, Min:1
FTask2 Avg:-nan, SD:-nan, Max:56, Min:0
FTask3 Avg:-nan, SD:-nan, Max:95, Min:25
FCore Active Avg:-nan, SD:-nan, Max:100, Min:49
FRouter Active Avg:-nan, SD:-nan, Max:75, Min:24
T1 invocations: 849,721
T2 invocations: 476,331
T3 invocations: 5,303,432
T3b invocations: 0
Total3 invocations: 5,303,432
Total4 invocations: 0

T3/T2 ratio: 11
T3b/T3 ratio: 0

T1 avg ex cycles: 42
T2 avg ex cycles: 34
T3&b avg ex cycles: 8
T4 avg ex cycles: -nan
Avg. hops NOC1: 3
Avg. latency NOC1 (T2): 7,133
Avg. hops NOC2: 15
Avg. latency NOC2 (T3): 10,886

===PRINTING ACUM STATS at pu_cycles: 100,189

ACollision In Avg:-nan, SD:-nan, Max:269, Min:3
ACollision Out Avg:-nan, SD:-nan, Max:235, Min:0
ACollision End Avg:-nan, SD:-nan, Max:101, Min:0
ATask1 Avg:-nan, SD:-nan, Max:69, Min:1
ATask2 Avg:-nan, SD:-nan, Max:56, Min:0
ATask3 Avg:-nan, SD:-nan, Max:95, Min:25
ACore Active Avg:-nan, SD:-nan, Max:100, Min:49
ARouter Active Avg:-nan, SD:-nan, Max:75, Min:24
T1 invocations: 849,721
T2 invocations: 476,331
T3 invocations: 5,303,432
T3b invocations: 0
Total3 invocations: 5,303,432
Total4 invocations: 0

T3/T2 ratio: 11
T3b/T3 ratio: 0

T1 avg ex cycles: 42
T2 avg ex cycles: 34
T3&b avg ex cycles: 8
T4 avg ex cycles: -nan
Avg. hops NOC1: 3
Avg. latency NOC1 (T2): 7,133
Avg. hops NOC2: 15
Avg. latency NOC2 (T3): 10,886
Number of K Nodes Processed: 1,253
Number of K Edges Processed: 6,380
Node Re-explore factor: 0.30
Edge Re-explore factor: 0.05
Nodes/cy: 13
Edges/cy: 64
TEPS: 1,281

---DCache---
DCache Size: 125,904
DRAM words: 133,760
  DHits: 13,155,328
  DMisses: 810,614
  DHit Rate (hit/miss): 94%
  DEvictions: 38,516
  DEviction Rate (evict/misses): 5%
  MC Transactions: 849,068
  MC Writes: 20,752
Avg. Transactions: 27% , Writes: 1%, Avg. Latency: 9
Max MC id: 29 of 32. Transactions: 31% , Writes: 1%, MC mean Latency: 9
HBM refresh energy (nJ): 0
HBM access energy (nJ): 1,608,474
MemC wire energy 2.5d (nJ): 397,915
MemC wire energy 3d (nJ): 99,479

---Energy---
Leakage Energy (nJ): 34,961
PU Dyn E (nJ): 479,590
Mem Dyn E (nJ): 3,667,845
Route Dyn E (nJ): 593,544
Dynamic Energy (nJ): 4,740,979
Ratio of Dyn/Leak: 136
Total Energy (nJ): 4,775,940
Total Energy (nJ) 3D: 4,795,506
Cores Energy (nJ): 479,869
Route Energy (nJ): 595,461
Route Energy (nJ) 3D: 913,463
Mem Energy   (nJ): 3,700,611
Mem Energy   (nJ) 3D: 3,402,175
Avg. Power (mW): 47,669.31
Power Density (mW/mm2): 51.06

---Runtime---
Runtime in K cycles: 100.19
Microseconds: 100.19
Time per iteration (ms): 0.10

---Throughput---
GOP/s (aka OPS/ns): 838.86
GOP/s per core: 0.82
GFLOP/s: 52.93
GFLOP/s per core: 0.05
Max Peak GFLOP/s: 1,024.00
Avg. BW GB/s: 2,664.87
Max BW GB/s: 4,096.00

---Traffic---
In-Die bisection_bytes BW (GB/s): 256.00
Inter-board traffic (msg/ns): 0.00, per-link: 0.00
Inter-pack traffic (msg/ns): 0.00, per-link: 0.00
Inter-die traffic (msg/ns): 44.35, per-link: 0.17
Ruche traffic (msg/ns): 48.77, per-link: 0.19
All traffic (msg/ns): 1,800.22, per-link: 1.76
Inter-die reduction wrt all: 40.59
Inter-board reduction wrt inter-die: inf

---Data Movement---
All traffic (msg): 180,362,482
Arith. Intensity FLOP/Loads: 0.15
Arith. Intensity FLOP/Msgs: 0.03
Arith. Intensity OPS/Loads: 2.41
Arith. Intensity OPS/Msgs: 0.47



===Core Utilization Total=== CORE-S:1;; TIME K cy:100 ;; Nodes Proc: 153,847 -- Edges Proc: 977,485

===PRINTING FRAME STATS

FCollision In Avg:1, SD:2, Max:52, Min:0
FCollision Out Avg:0, SD:2, Max:51, Min:0
FCollision End Avg:0, SD:2, Max:51, Min:0
FTask1 Avg:64, SD:6, Max:89, Min:3
FTask2 Avg:16, SD:5, Max:57, Min:0
FTask3 Avg:21, SD:5, Max:69, Min:8
FCore Active Avg:100, SD:1, Max:100, Min:85
FRouter Active Avg:39, SD:5, Max:62, Min:14
T1 invocations: 1,538,859
T2 invocations: 708,500
T3 invocations: 3,395,629
T3b invocations: 0
Total3 invocations: 3,395,629
Total4 invocations: 0

T3/T2 ratio: 5
T3b/T3 ratio: 0

T1 avg ex cycles: 42
T2 avg ex cycles: 23
T3&b avg ex cycles: 6
T4 avg ex cycles: -nan
Avg. hops NOC1: 3
Avg. latency NOC1 (T2): 111
Avg. hops NOC2: 13
Avg. latency NOC2 (T3): 31,327

===PRINTING ACUM STATS at pu_cycles: 200,178

ACollision In Avg:40, SD:22, Max:143, Min:2
ACollision Out Avg:35, SD:24, Max:124, Min:0
ACollision End Avg:8, SD:12, Max:73, Min:0
ATask1 Avg:49, SD:7, Max:72, Min:3
ATask2 Avg:16, SD:5, Max:43, Min:0
ATask3 Avg:31, SD:6, Max:82, Min:19
ACore Active Avg:96, SD:5, Max:100, Min:72
ARouter Active Avg:48, SD:5, Max:68, Min:19
T1 invocations: 2,390,897
T2 invocations: 1,186,772
T3 invocations: 8,722,320
T3b invocations: 0
Total3 invocations: 8,722,320
Total4 invocations: 0

T3/T2 ratio: 7
T3b/T3 ratio: 0

T1 avg ex cycles: 42
T2 avg ex cycles: 27
T3&b avg ex cycles: 7
T4 avg ex cycles: -nan
Avg. hops NOC1: 3
Avg. latency NOC1 (T2): 2,963
Avg. hops NOC2: 14
Avg. latency NOC2 (T3): 18,832
Number of K Nodes Processed: 1,607
Number of K Edges Processed: 9,905
Node Re-explore factor: 0.38
Edge Re-explore factor: 0.08
Nodes/cy: 8
Edges/cy: 49
TEPS: 641

---DCache---
DCache Size: 125,904
DRAM words: 133,760
  DHits: 22,705,441
  DMisses: 1,370,911
  DHit Rate (hit/miss): 94%
  DEvictions: 89,667
  DEviction Rate (evict/misses): 7%
  MC Transactions: 1,445,446
  MC Writes: 39,934
Avg. Transactions: 23% , Writes: 1%, Avg. Latency: 11
Max MC id: 29 of 32. Transactions: 25% , Writes: 1%, MC mean Latency: 11
HBM refresh energy (nJ): 0
HBM access energy (nJ): 2,738,252
MemC wire energy 2.5d (nJ): 677,407
MemC wire energy 3d (nJ): 169,352

---Energy---
Leakage Energy (nJ): 69,853
PU Dyn E (nJ): 970,966
Mem Dyn E (nJ): 6,306,407
Route Dyn E (nJ): 922,914
Dynamic Energy (nJ): 8,200,288
Ratio of Dyn/Leak: 117
Total Energy (nJ): 8,270,141
Total Energy (nJ) 3D: 8,253,558
Cores Energy (nJ): 971,524
Route Energy (nJ): 926,744
Route Energy (nJ) 3D: 1,418,216
Mem Energy   (nJ): 6,371,874
Mem Energy   (nJ) 3D: 5,863,819
Avg. Power (mW): 41,313.93
Power Density (mW/mm2): 44.25

---Runtime---
Runtime in K cycles: 200.18
Microseconds: 200.18
Time per iteration (ms): 0.20

---Throughput---
GOP/s (aka OPS/ns): 890.28
GOP/s per core: 0.87
GFLOP/s: 43.57
GFLOP/s per core: 0.04
Max Peak GFLOP/s: 1,024.00
Avg. BW GB/s: 2,331.04
Max BW GB/s: 4,096.00

---Traffic---
In-Die bisection_bytes BW (GB/s): 256.00
Inter-board traffic (msg/ns): 0.00, per-link: 0.00
Inter-pack traffic (msg/ns): 0.00, per-link: 0.00
Inter-die traffic (msg/ns): 34.43, per-link: 0.13
Ruche traffic (msg/ns): 39.45, per-link: 0.15
All traffic (msg/ns): 1,418.67, per-link: 1.39
Inter-die reduction wrt all: 41.20
Inter-board reduction wrt inter-die: inf

---Data Movement---
All traffic (msg): 283,986,135
Arith. Intensity FLOP/Loads: 0.14
Arith. Intensity FLOP/Msgs: 0.03
Arith. Intensity OPS/Loads: 2.81
Arith. Intensity OPS/Msgs: 0.63



===Core Utilization Total=== CORE-S:2;; TIME K cy:200 ;; Nodes Proc: 198,655 -- Edges Proc: 1,407,842

===PRINTING FRAME STATS

FCollision In Avg:22, SD:22, Max:142, Min:0
FCollision Out Avg:22, SD:23, Max:125, Min:0
FCollision End Avg:8, SD:16, Max:87, Min:0
FTask1 Avg:38, SD:9, Max:79, Min:3
FTask2 Avg:16, SD:9, Max:57, Min:0
FTask3 Avg:42, SD:8, Max:74, Min:11
FCore Active Avg:97, SD:7, Max:100, Min:55
FRouter Active Avg:52, SD:8, Max:75, Min:24
T1 invocations: 915,835
T2 invocations: 455,361
T3 invocations: 6,029,714
T3b invocations: 0
Total3 invocations: 6,029,714
Total4 invocations: 543

T3/T2 ratio: 13
T3b/T3 ratio: 0

T1 avg ex cycles: 43
T2 avg ex cycles: 36
T3&b avg ex cycles: 7
T4 avg ex cycles: 573
Avg. hops NOC1: 3
Avg. latency NOC1 (T2): 1,662
Avg. hops NOC2: 12
Avg. latency NOC2 (T3): 18,841

===PRINTING ACUM STATS at pu_cycles: 300,565

ACollision In Avg:34, SD:16, Max:117, Min:2
ACollision Out Avg:31, SD:17, Max:96, Min:0
ACollision End Avg:8, SD:10, Max:48, Min:0
ATask1 Avg:46, SD:4, Max:59, Min:3
ATask2 Avg:16, SD:5, Max:45, Min:0
ATask3 Avg:35, SD:5, Max:79, Min:23
ACore Active Avg:96, SD:4, Max:100, Min:81
ARouter Active Avg:49, SD:6, Max:68, Min:21
T1 invocations: 3,263,967
T2 invocations: 1,621,322
T3 invocations: 14,653,071
T3b invocations: 0
Total3 invocations: 14,653,071
Total4 invocations: 543

T3/T2 ratio: 9
T3b/T3 ratio: 0

T1 avg ex cycles: 42
T2 avg ex cycles: 30
T3&b avg ex cycles: 7
T4 avg ex cycles: 573
Avg. hops NOC1: 3
Avg. latency NOC1 (T2): 2,635
Avg. hops NOC2: 13
Avg. latency NOC2 (T3): 18,752
Number of K Nodes Processed: 2,819
Number of K Edges Processed: 15,492
Node Re-explore factor: 0.67
Edge Re-explore factor: 0.12
Nodes/cy: 9
Edges/cy: 52
TEPS: 427

---DCache---
DCache Size: 125,904
DRAM words: 133,760
  DHits: 34,967,253
  DMisses: 1,918,705
  DHit Rate (hit/miss): 95%
  DEvictions: 153,234
  DEviction Rate (evict/misses): 8%
  MC Transactions: 2,029,016
  MC Writes: 64,113
Avg. Transactions: 21% , Writes: 1%, Avg. Latency: 12
Max MC id: 29 of 32. Transactions: 24% , Writes: 1%, MC mean Latency: 12
HBM refresh energy (nJ): 0
HBM access energy (nJ): 3,843,767
MemC wire energy 2.5d (nJ): 950,896
MemC wire energy 3d (nJ): 237,724

---Energy---
Leakage Energy (nJ): 104,883
PU Dyn E (nJ): 1,471,515
Mem Dyn E (nJ): 9,314,529
Route Dyn E (nJ): 1,421,630
Dynamic Energy (nJ): 12,207,675
Ratio of Dyn/Leak: 116
Total Energy (nJ): 12,312,558
Total Energy (nJ) 3D: 12,352,653
Cores Energy (nJ): 1,472,352
Route Energy (nJ): 1,427,380
Route Energy (nJ) 3D: 2,180,648
Mem Energy   (nJ): 9,412,826
Mem Energy   (nJ) 3D: 8,699,654
Avg. Power (mW): 40,964.71
Power Density (mW/mm2): 43.88

---Runtime---
Runtime in K cycles: 300.56
Microseconds: 300.56
Time per iteration (ms): 0.30

---Throughput---
GOP/s (aka OPS/ns): 879.51
GOP/s per core: 0.86
GFLOP/s: 48.75
GFLOP/s per core: 0.05
Max Peak GFLOP/s: 1,024.00
Avg. BW GB/s: 2,435.95
Max BW GB/s: 4,096.00

---Traffic---
In-Die bisection_bytes BW (GB/s): 256.00
Inter-board traffic (msg/ns): 0.00, per-link: 0.00
Inter-pack traffic (msg/ns): 0.00, per-link: 0.00
Inter-die traffic (msg/ns): 35.73, per-link: 0.14
Ruche traffic (msg/ns): 41.25, per-link: 0.16
All traffic (msg/ns): 1,446.57, per-link: 1.41
Inter-die reduction wrt all: 40.48
Inter-board reduction wrt inter-die: inf

---Data Movement---
All traffic (msg): 434,787,946
Arith. Intensity FLOP/Loads: 0.15
Arith. Intensity FLOP/Msgs: 0.03
Arith. Intensity OPS/Loads: 2.67
Arith. Intensity OPS/Msgs: 0.61



===Core Utilization Total=== CORE-S:3;; TIME K cy:300 ;; Nodes Proc: 353,091 -- Edges Proc: 2,199,448

===PRINTING FRAME STATS

FCollision In Avg:94, SD:48, Max:441, Min:3
FCollision Out Avg:91, SD:52, Max:273, Min:1
FCollision End Avg:29, SD:36, Max:160, Min:0
FTask1 Avg:5, SD:5, Max:47, Min:0
FTask2 Avg:19, SD:15, Max:59, Min:0
FTask3 Avg:60, SD:9, Max:100, Min:36
FCore Active Avg:84, SD:15, Max:100, Min:45
FRouter Active Avg:76, SD:10, Max:93, Min:28
T1 invocations: 108,297
T2 invocations: 191,719
T3 invocations: 9,757,431
T3b invocations: 0
Total3 invocations: 9,757,431
Total4 invocations: 706

T3/T2 ratio: 51
T3b/T3 ratio: 0

T1 avg ex cycles: 43
T2 avg ex cycles: 100
T3&b avg ex cycles: 6
T4 avg ex cycles: 562
Avg. hops NOC1: 2
Avg. latency NOC1 (T2): 22,760
Avg. hops NOC2: 13
Avg. latency NOC2 (T3): 5,361

===PRINTING ACUM STATS at pu_cycles: 400,664

ACollision In Avg:49, SD:19, Max:157, Min:6
ACollision Out Avg:46, SD:20, Max:102, Min:1
ACollision End Avg:13, SD:13, Max:62, Min:0
ATask1 Avg:35, SD:3, Max:47, Min:5
ATask2 Avg:17, SD:6, Max:39, Min:1
ATask3 Avg:41, SD:6, Max:81, Min:29
ACore Active Avg:93, SD:5, Max:100, Min:74
ARouter Active Avg:56, SD:5, Max:73, Min:23
T1 invocations: 3,395,924
T2 invocations: 1,825,475
T3 invocations: 24,568,483
T3b invocations: 0
Total3 invocations: 24,568,483
Total4 invocations: 1,268

T3/T2 ratio: 13
T3b/T3 ratio: 0

T1 avg ex cycles: 42
T2 avg ex cycles: 37
T3&b avg ex cycles: 7
T4 avg ex cycles: 567
Avg. hops NOC1: 3
Avg. latency NOC1 (T2): 4,754
Avg. hops NOC2: 13
Avg. latency NOC2 (T3): 13,441
Number of K Nodes Processed: 3,974
Number of K Edges Processed: 25,089
Node Re-explore factor: 0.95
Edge Re-explore factor: 0.20
Nodes/cy: 10
Edges/cy: 63
TEPS: 320

---DCache---
DCache Size: 125,904
DRAM words: 133,760
  DHits: 49,572,943
  DMisses: 2,514,154
  DHit Rate (hit/miss): 95%
  DEvictions: 227,098
  DEviction Rate (evict/misses): 9%
  MC Transactions: 2,666,953
  MC Writes: 94,941
Avg. Transactions: 21% , Writes: 1%, Avg. Latency: 12
Max MC id: 29 of 32. Transactions: 25% , Writes: 1%, MC mean Latency: 12
HBM refresh energy (nJ): 1
HBM access energy (nJ): 5,052,275
MemC wire energy 2.5d (nJ): 1,249,864
MemC wire energy 3d (nJ): 312,466

---Energy---
Leakage Energy (nJ): 139,813
PU Dyn E (nJ): 2,005,476
Mem Dyn E (nJ): 13,025,115
Route Dyn E (nJ): 2,329,598
Dynamic Energy (nJ): 17,360,189
Ratio of Dyn/Leak: 124
Total Energy (nJ): 17,500,002
Total Energy (nJ) 3D: 17,810,311
Cores Energy (nJ): 2,006,591
Route Energy (nJ): 2,337,263
Route Energy (nJ) 3D: 3,584,970
Mem Energy   (nJ): 13,156,148
Mem Energy   (nJ) 3D: 12,218,750
Avg. Power (mW): 43,677.50
Power Density (mW/mm2): 46.78

---Runtime---
Runtime in K cycles: 400.66
Microseconds: 400.66
Time per iteration (ms): 0.40

---Throughput---
GOP/s (aka OPS/ns): 853.28
GOP/s per core: 0.83
GFLOP/s: 61.32
GFLOP/s per core: 0.06
Max Peak GFLOP/s: 1,024.00
Avg. BW GB/s: 2,739.90
Max BW GB/s: 4,096.00

---Traffic---
In-Die bisection_bytes BW (GB/s): 256.00
Inter-board traffic (msg/ns): 0.00, per-link: 0.00
Inter-pack traffic (msg/ns): 0.00, per-link: 0.00
Inter-die traffic (msg/ns): 44.06, per-link: 0.17
Ruche traffic (msg/ns): 47.43, per-link: 0.19
All traffic (msg/ns): 1,756.68, per-link: 1.72
Inter-die reduction wrt all: 39.87
Inter-board reduction wrt inter-die: inf

---Data Movement---
All traffic (msg): 703,839,934
Arith. Intensity FLOP/Loads: 0.17
Arith. Intensity FLOP/Msgs: 0.03
Arith. Intensity OPS/Loads: 2.36
Arith. Intensity OPS/Msgs: 0.49



===Core Utilization Total=== CORE-S:4;; TIME K cy:400 ;; Nodes Proc: 494,780 -- Edges Proc: 3,270,271

===PRINTING FRAME STATS

FCollision In Avg:92, SD:39, Max:291, Min:7
FCollision Out Avg:81, SD:48, Max:228, Min:3
FCollision End Avg:26, SD:35, Max:177, Min:0
FTask1 Avg:4, SD:4, Max:32, Min:0
FTask2 Avg:21, SD:15, Max:59, Min:0
FTask3 Avg:59, SD:9, Max:100, Min:37
FCore Active Avg:85, SD:15, Max:100, Min:42
FRouter Active Avg:82, SD:7, Max:93, Min:42
T1 invocations: 98,354
T2 invocations: 217,484
T3 invocations: 11,036,882
T3b invocations: 0
Total3 invocations: 11,036,882
Total4 invocations: 990

T3/T2 ratio: 51
T3b/T3 ratio: 0

T1 avg ex cycles: 40
T2 avg ex cycles: 100
T3&b avg ex cycles: 5
T4 avg ex cycles: 557
Avg. hops NOC1: 2
Avg. latency NOC1 (T2): 22,405
Avg. hops NOC2: 13
Avg. latency NOC2 (T3): 4,695

===PRINTING ACUM STATS at pu_cycles: 500,621

ACollision In Avg:58, SD:21, Max:184, Min:7
ACollision Out Avg:53, SD:23, Max:119, Min:2
ACollision End Avg:16, SD:15, Max:69, Min:0
ATask1 Avg:29, SD:3, Max:37, Min:7
ATask2 Avg:17, SD:7, Max:39, Min:1
ATask3 Avg:45, SD:6, Max:83, Min:30
ACore Active Avg:92, SD:7, Max:100, Min:68
ARouter Active Avg:61, SD:5, Max:77, Min:26
T1 invocations: 3,492,614
T2 invocations: 2,040,165
T3 invocations: 35,448,301
T3b invocations: 0
Total3 invocations: 35,448,301
Total4 invocations: 2,259

T3/T2 ratio: 17
T3b/T3 ratio: 0

T1 avg ex cycles: 42
T2 avg ex cycles: 44
T3&b avg ex cycles: 6
T4 avg ex cycles: 563
Avg. hops NOC1: 3
Avg. latency NOC1 (T2): 6,608
Avg. hops NOC2: 13
Avg. latency NOC2 (T3): 10,750
Number of K Nodes Processed: 4,422
Number of K Edges Processed: 36,129
Node Re-explore factor: 1.05
Edge Re-explore factor: 0.28
Nodes/cy: 9
Edges/cy: 72
TEPS: 256

---DCache---
DCache Size: 125,904
DRAM words: 133,760
  DHits: 65,316,902
  DMisses: 3,174,782
  DHit Rate (hit/miss): 95%
  DEvictions: 306,873
  DEviction Rate (evict/misses): 10%
  MC Transactions: 3,374,581
  MC Writes: 127,336
Avg. Transactions: 21% , Writes: 1%, Avg. Latency: 12
Max MC id: 29 of 32. Transactions: 25% , Writes: 1%, MC mean Latency: 13
HBM refresh energy (nJ): 1
HBM access energy (nJ): 6,392,806
MemC wire energy 2.5d (nJ): 1,581,493
MemC wire energy 3d (nJ): 395,373

---Energy---
Leakage Energy (nJ): 174,693
PU Dyn E (nJ): 2,545,916
Mem Dyn E (nJ): 16,956,572
Route Dyn E (nJ): 3,331,868
Dynamic Energy (nJ): 22,834,356
Ratio of Dyn/Leak: 131
Total Energy (nJ): 23,009,049
Total Energy (nJ) 3D: 23,610,234
Cores Energy (nJ): 2,547,310
Route Energy (nJ): 3,341,445
Route Energy (nJ) 3D: 5,128,750
Mem Energy   (nJ): 17,120,295
Mem Energy   (nJ) 3D: 15,934,175
Avg. Power (mW): 45,961.01
Power Density (mW/mm2): 49.23

---Runtime---
Runtime in K cycles: 500.62
Microseconds: 500.62
Time per iteration (ms): 0.50

---Throughput---
GOP/s (aka OPS/ns): 832.91
GOP/s per core: 0.81
GFLOP/s: 70.81
GFLOP/s per core: 0.07
Max Peak GFLOP/s: 1,024.00
Avg. BW GB/s: 2,935.53
Max BW GB/s: 4,096.00

---Traffic---
In-Die bisection_bytes BW (GB/s): 256.00
Inter-board traffic (msg/ns): 0.00, per-link: 0.00
Inter-pack traffic (msg/ns): 0.00, per-link: 0.00
Inter-die traffic (msg/ns): 50.89, per-link: 0.20
Ruche traffic (msg/ns): 53.31, per-link: 0.21
All traffic (msg/ns): 1,995.34, per-link: 1.95
Inter-die reduction wrt all: 39.21
Inter-board reduction wrt inter-die: inf

---Data Movement---
All traffic (msg): 998,908,217
Arith. Intensity FLOP/Loads: 0.19
Arith. Intensity FLOP/Msgs: 0.04
Arith. Intensity OPS/Loads: 2.18
Arith. Intensity OPS/Msgs: 0.42



===Core Utilization Total=== CORE-S:5;; TIME K cy:500 ;; Nodes Proc: 550,229 -- Edges Proc: 4,607,569

===PRINTING FRAME STATS

FCollision In Avg:100, SD:43, Max:376, Min:5
FCollision Out Avg:91, SD:50, Max:256, Min:1
FCollision End Avg:27, SD:35, Max:160, Min:0
FTask1 Avg:4, SD:4, Max:29, Min:0
FTask2 Avg:20, SD:15, Max:56, Min:0
FTask3 Avg:55, SD:9, Max:100, Min:35
FCore Active Avg:81, SD:17, Max:100, Min:38
FRouter Active Avg:80, SD:9, Max:92, Min:43
T1 invocations: 115,332
T2 invocations: 230,678
T3 invocations: 10,749,274
T3b invocations: 0
Total3 invocations: 10,749,274
Total4 invocations: 1,306

T3/T2 ratio: 47
T3b/T3 ratio: 0

T1 avg ex cycles: 38
T2 avg ex cycles: 91
T3&b avg ex cycles: 5
T4 avg ex cycles: 555
Avg. hops NOC1: 2
Avg. latency NOC1 (T2): 20,537
Avg. hops NOC2: 13
Avg. latency NOC2 (T3): 4,020

===PRINTING ACUM STATS at pu_cycles: 600,679

ACollision In Avg:65, SD:22, Max:194, Min:9
ACollision Out Avg:59, SD:24, Max:131, Min:3
ACollision End Avg:18, SD:16, Max:69, Min:0
ATask1 Avg:25, SD:2, Max:33, Min:7
ATask2 Avg:18, SD:7, Max:39, Min:1
ATask3 Avg:47, SD:7, Max:84, Min:32
ACore Active Avg:90, SD:7, Max:100, Min:63
ARouter Active Avg:64, SD:5, Max:79, Min:29
T1 invocations: 3,608,894
T2 invocations: 2,275,716
T3 invocations: 46,358,881
T3b invocations: 0
Total3 invocations: 46,358,881
Total4 invocations: 3,578

T3/T2 ratio: 20
T3b/T3 ratio: 0

T1 avg ex cycles: 42
T2 avg ex cycles: 49
T3&b avg ex cycles: 6
T4 avg ex cycles: 560
Avg. hops NOC1: 3
Avg. latency NOC1 (T2): 8,045
Avg. hops NOC2: 13
Avg. latency NOC2 (T3): 9,175
Number of K Nodes Processed: 4,668
Number of K Edges Processed: 46,806
Node Re-explore factor: 1.11
Edge Re-explore factor: 0.36
Nodes/cy: 8
Edges/cy: 78
TEPS: 214

---DCache---
DCache Size: 125,904
DRAM words: 133,760
  DHits: 80,846,589
  DMisses: 3,807,362
  DHit Rate (hit/miss): 96%
  DEvictions: 391,802
  DEviction Rate (evict/misses): 10%
  MC Transactions: 4,051,207
  MC Writes: 158,805
Avg. Transactions: 21% , Writes: 1%, Avg. Latency: 13
Max MC id: 24 of 32. Transactions: 25% , Writes: 2%, MC mean Latency: 13
HBM refresh energy (nJ): 1
HBM access energy (nJ): 7,674,606
MemC wire energy 2.5d (nJ): 1,898,593
MemC wire energy 3d (nJ): 474,648

---Energy---
Leakage Energy (nJ): 209,609
PU Dyn E (nJ): 3,084,689
Mem Dyn E (nJ): 20,796,597
Route Dyn E (nJ): 4,329,913
Dynamic Energy (nJ): 28,211,199
Ratio of Dyn/Leak: 135
Total Energy (nJ): 28,420,808
Total Energy (nJ) 3D: 29,327,129
Cores Energy (nJ): 3,086,361
Route Energy (nJ): 4,341,404
Route Energy (nJ) 3D: 6,671,671
Mem Energy   (nJ): 20,993,043
Mem Energy   (nJ) 3D: 19,569,098
Avg. Power (mW): 47,314.47
Power Density (mW/mm2): 50.68

---Runtime---
Runtime in K cycles: 600.68
Microseconds: 600.68
Time per iteration (ms): 0.60

---Throughput---
GOP/s (aka OPS/ns): 818.37
GOP/s per core: 0.80
GFLOP/s: 77.18
GFLOP/s per core: 0.08
Max Peak GFLOP/s: 1,024.00
Avg. BW GB/s: 3,061.23
Max BW GB/s: 4,096.00

---Traffic---
In-Die bisection_bytes BW (GB/s): 256.00
Inter-board traffic (msg/ns): 0.00, per-link: 0.00
Inter-pack traffic (msg/ns): 0.00, per-link: 0.00
Inter-die traffic (msg/ns): 54.91, per-link: 0.21
Ruche traffic (msg/ns): 56.75, per-link: 0.22
All traffic (msg/ns): 2,154.45, per-link: 2.10
Inter-die reduction wrt all: 39.24
Inter-board reduction wrt inter-die: inf

---Data Movement---
All traffic (msg): 1,294,134,387
Arith. Intensity FLOP/Loads: 0.20
Arith. Intensity FLOP/Msgs: 0.04
Arith. Intensity OPS/Loads: 2.07
Arith. Intensity OPS/Msgs: 0.38



===Core Utilization Total=== CORE-S:6;; TIME K cy:600 ;; Nodes Proc: 580,840 -- Edges Proc: 5,784,758

===PRINTING FRAME STATS

FCollision In Avg:105, SD:44, Max:361, Min:2
FCollision Out Avg:96, SD:52, Max:273, Min:2
FCollision End Avg:26, SD:34, Max:106, Min:0
FTask1 Avg:5, SD:5, Max:32, Min:0
FTask2 Avg:19, SD:15, Max:58, Min:0
FTask3 Avg:52, SD:9, Max:100, Min:33
FCore Active Avg:77, SD:17, Max:100, Min:38
FRouter Active Avg:78, SD:12, Max:92, Min:43
T1 invocations: 131,577
T2 invocations: 243,464
T3 invocations: 10,288,112
T3b invocations: 0
Total3 invocations: 10,288,112
Total4 invocations: 1,686

T3/T2 ratio: 42
T3b/T3 ratio: 0

T1 avg ex cycles: 37
T2 avg ex cycles: 82
T3&b avg ex cycles: 5
T4 avg ex cycles: 553
Avg. hops NOC1: 2
Avg. latency NOC1 (T2): 19,379
Avg. hops NOC2: 13
Avg. latency NOC2 (T3): 3,333

===PRINTING ACUM STATS at pu_cycles: 700,564

ACollision In Avg:70, SD:23, Max:200, Min:14
ACollision Out Avg:65, SD:26, Max:140, Min:3
ACollision End Avg:19, SD:16, Max:73, Min:0
ATask1 Avg:22, SD:2, Max:32, Min:6
ATask2 Avg:18, SD:7, Max:40, Min:1
ATask3 Avg:47, SD:7, Max:86, Min:32
ACore Active Avg:88, SD:8, Max:100, Min:60
ARouter Active Avg:66, SD:5, Max:80, Min:31
T1 invocations: 3,739,524
T2 invocations: 2,517,063
T3 invocations: 56,610,419
T3b invocations: 0
Total3 invocations: 56,610,419
Total4 invocations: 5,254

T3/T2 ratio: 22
T3b/T3 ratio: 0

T1 avg ex cycles: 42
T2 avg ex cycles: 52
T3&b avg ex cycles: 6
T4 avg ex cycles: 558
Avg. hops NOC1: 3
Avg. latency NOC1 (T2): 9,144
Avg. hops NOC2: 13
Avg. latency NOC2 (T3): 8,116
Number of K Nodes Processed: 4,832
Number of K Edges Processed: 56,984
Node Re-explore factor: 1.15
Edge Re-explore factor: 0.44
Nodes/cy: 7
Edges/cy: 81
TEPS: 183

---DCache---
DCache Size: 125,904
DRAM words: 133,760
  DHits: 96,265,766
  DMisses: 4,400,434
  DHit Rate (hit/miss): 96%
  DEvictions: 467,461
  DEviction Rate (evict/misses): 11%
  MC Transactions: 4,681,381
  MC Writes: 186,363
Avg. Transactions: 21% , Writes: 1%, Avg. Latency: 13
Max MC id: 24 of 32. Transactions: 25% , Writes: 2%, MC mean Latency: 13
HBM refresh energy (nJ): 2
HBM access energy (nJ): 8,868,408
MemC wire energy 2.5d (nJ): 2,193,924
MemC wire energy 3d (nJ): 548,481

---Energy---
Leakage Energy (nJ): 244,464
PU Dyn E (nJ): 3,591,730
Mem Dyn E (nJ): 24,391,766
Route Dyn E (nJ): 5,273,850
Dynamic Energy (nJ): 33,257,346
Ratio of Dyn/Leak: 136
Total Energy (nJ): 33,501,810
Total Energy (nJ) 3D: 34,699,225
Cores Energy (nJ): 3,593,680
Route Energy (nJ): 5,287,252
Route Energy (nJ) 3D: 8,130,110
Mem Energy   (nJ): 24,620,878
Mem Energy   (nJ) 3D: 22,975,436
Avg. Power (mW): 47,821.20
Power Density (mW/mm2): 51.22

---Runtime---
Runtime in K cycles: 700.56
Microseconds: 700.56
Time per iteration (ms): 0.70

---Throughput---
GOP/s (aka OPS/ns): 802.00
GOP/s per core: 0.78
GFLOP/s: 80.81
GFLOP/s per core: 0.08
Max Peak GFLOP/s: 1,024.00
Avg. BW GB/s: 3,115.70
Max BW GB/s: 4,096.00

---Traffic---
In-Die bisection_bytes BW (GB/s): 256.00
Inter-board traffic (msg/ns): 0.00, per-link: 0.00
Inter-pack traffic (msg/ns): 0.00, per-link: 0.00
Inter-die traffic (msg/ns): 57.38, per-link: 0.22
Ruche traffic (msg/ns): 58.62, per-link: 0.23
All traffic (msg/ns): 2,245.10, per-link: 2.19
Inter-die reduction wrt all: 39.12
Inter-board reduction wrt inter-die: inf

---Data Movement---
All traffic (msg): 1,572,834,837
Arith. Intensity FLOP/Loads: 0.20
Arith. Intensity FLOP/Msgs: 0.04
Arith. Intensity OPS/Loads: 2.00
Arith. Intensity OPS/Msgs: 0.36



===Core Utilization Total=== CORE-S:7;; TIME K cy:700 ;; Nodes Proc: 601,198 -- Edges Proc: 6,832,955

===PRINTING FRAME STATS

FCollision In Avg:98, SD:43, Max:377, Min:1
FCollision Out Avg:89, SD:51, Max:263, Min:1
FCollision End Avg:24, SD:32, Max:105, Min:0
FTask1 Avg:5, SD:6, Max:33, Min:0
FTask2 Avg:20, SD:15, Max:67, Min:0
FTask3 Avg:52, SD:9, Max:100, Min:33
FCore Active Avg:78, SD:17, Max:100, Min:38
FRouter Active Avg:78, SD:12, Max:93, Min:32
T1 invocations: 152,120
T2 invocations: 265,508
T3 invocations: 10,350,751
T3b invocations: 0
Total3 invocations: 10,350,751
Total4 invocations: 2,165

T3/T2 ratio: 39
T3b/T3 ratio: 0

T1 avg ex cycles: 36
T2 avg ex cycles: 76
T3&b avg ex cycles: 5
T4 avg ex cycles: 525
Avg. hops NOC1: 2
Avg. latency NOC1 (T2): 16,370
Avg. hops NOC2: 13
Avg. latency NOC2 (T3): 3,121

===PRINTING ACUM STATS at pu_cycles: 800,543

ACollision In Avg:74, SD:24, Max:207, Min:14
ACollision Out Avg:68, SD:27, Max:155, Min:3
ACollision End Avg:20, SD:16, Max:73, Min:0
ATask1 Avg:20, SD:2, Max:29, Min:5
ATask2 Avg:18, SD:7, Max:37, Min:1
ATask3 Avg:48, SD:7, Max:88, Min:33
ACore Active Avg:87, SD:8, Max:100, Min:58
ARouter Active Avg:68, SD:6, Max:81, Min:31
T1 invocations: 3,891,300
T2 invocations: 2,782,361
T3 invocations: 66,912,767
T3b invocations: 0
Total3 invocations: 66,912,767
Total4 invocations: 7,422

T3/T2 ratio: 24
T3b/T3 ratio: 0

T1 avg ex cycles: 42
T2 avg ex cycles: 54
T3&b avg ex cycles: 6
T4 avg ex cycles: 548
Avg. hops NOC1: 3
Avg. latency NOC1 (T2): 9,828
Avg. hops NOC2: 13
Avg. latency NOC2 (T3): 7,347
Number of K Nodes Processed: 4,958
Number of K Edges Processed: 67,334
Node Re-explore factor: 1.18
Edge Re-explore factor: 0.52
Nodes/cy: 6
Edges/cy: 84
TEPS: 160

---DCache---
DCache Size: 125,904
DRAM words: 133,760
  DHits: 111,755,299
  DMisses: 4,990,037
  DHit Rate (hit/miss): 96%
  DEvictions: 548,656
  DEviction Rate (evict/misses): 11%
  MC Transactions: 5,307,821
  MC Writes: 213,309
Avg. Transactions: 21% , Writes: 1%, Avg. Latency: 13
Max MC id: 24 of 32. Transactions: 25% , Writes: 2%, MC mean Latency: 13
HBM refresh energy (nJ): 2
HBM access energy (nJ): 10,055,136
MemC wire energy 2.5d (nJ): 2,487,504
MemC wire energy 3d (nJ): 621,876

---Energy---
Leakage Energy (nJ): 279,352
PU Dyn E (nJ): 4,104,623
Mem Dyn E (nJ): 27,996,598
Route Dyn E (nJ): 6,226,507
Dynamic Energy (nJ): 38,327,729
Ratio of Dyn/Leak: 137
Total Energy (nJ): 38,607,081
Total Energy (nJ) 3D: 40,099,191
Cores Energy (nJ): 4,106,851
Route Energy (nJ): 6,241,822
Route Energy (nJ) 3D: 9,599,560
Mem Energy   (nJ): 28,258,408
Mem Energy   (nJ) 3D: 26,392,780
Avg. Power (mW): 48,226.12
Power Density (mW/mm2): 51.65

---Runtime---
Runtime in K cycles: 800.54
Microseconds: 800.54
Time per iteration (ms): 0.80

---Throughput---
GOP/s (aka OPS/ns): 790.98
GOP/s per core: 0.77
GFLOP/s: 83.58
GFLOP/s per core: 0.08
Max Peak GFLOP/s: 1,024.00
Avg. BW GB/s: 3,160.31
Max BW GB/s: 4,096.00

---Traffic---
In-Die bisection_bytes BW (GB/s): 256.00
Inter-board traffic (msg/ns): 0.00, per-link: 0.00
Inter-pack traffic (msg/ns): 0.00, per-link: 0.00
Inter-die traffic (msg/ns): 59.32, per-link: 0.23
Ruche traffic (msg/ns): 60.37, per-link: 0.24
All traffic (msg/ns): 2,314.93, per-link: 2.26
Inter-die reduction wrt all: 39.02
Inter-board reduction wrt inter-die: inf

---Data Movement---
All traffic (msg): 1,853,204,872
Arith. Intensity FLOP/Loads: 0.21
Arith. Intensity FLOP/Msgs: 0.04
Arith. Intensity OPS/Loads: 1.96
Arith. Intensity OPS/Msgs: 0.34



===Core Utilization Total=== CORE-S:8;; TIME K cy:800 ;; Nodes Proc: 616,885 -- Edges Proc: 7,989,455

===PRINTING FRAME STATS

FCollision In Avg:95, SD:40, Max:340, Min:3
FCollision Out Avg:89, SD:50, Max:276, Min:0
FCollision End Avg:24, SD:32, Max:150, Min:0
FTask1 Avg:6, SD:6, Max:35, Min:0
FTask2 Avg:19, SD:14, Max:63, Min:0
FTask3 Avg:50, SD:9, Max:100, Min:30
FCore Active Avg:77, SD:16, Max:100, Min:36
FRouter Active Avg:76, SD:9, Max:92, Min:31
T1 invocations: 174,709
T2 invocations: 280,424
T3 invocations: 10,057,477
T3b invocations: 0
Total3 invocations: 10,057,477
Total4 invocations: 2,867

T3/T2 ratio: 36
T3b/T3 ratio: 0

T1 avg ex cycles: 35
T2 avg ex cycles: 69
T3&b avg ex cycles: 5
T4 avg ex cycles: 484
Avg. hops NOC1: 2
Avg. latency NOC1 (T2): 16,218
Avg. hops NOC2: 13
Avg. latency NOC2 (T3): 2,969

===PRINTING ACUM STATS at pu_cycles: 901,169

ACollision In Avg:76, SD:25, Max:204, Min:18
ACollision Out Avg:70, SD:28, Max:164, Min:3
ACollision End Avg:20, SD:15, Max:80, Min:0
ATask1 Avg:18, SD:2, Max:26, Min:4
ATask2 Avg:18, SD:7, Max:38, Min:1
ATask3 Avg:48, SD:7, Max:89, Min:32
ACore Active Avg:86, SD:9, Max:100, Min:56
ARouter Active Avg:69, SD:6, Max:82, Min:31
T1 invocations: 4,069,208
T2 invocations: 3,065,993
T3 invocations: 77,084,048
T3b invocations: 0
Total3 invocations: 77,084,048
Total4 invocations: 10,341

T3/T2 ratio: 25
T3b/T3 ratio: 0

T1 avg ex cycles: 42
T2 avg ex cycles: 55
T3&b avg ex cycles: 6
T4 avg ex cycles: 531
Avg. hops NOC1: 3
Avg. latency NOC1 (T2): 10,412
Avg. hops NOC2: 13
Avg. latency NOC2 (T3): 6,770
Number of K Nodes Processed: 5,057
Number of K Edges Processed: 77,385
Node Re-explore factor: 1.21
Edge Re-explore factor: 0.60
Nodes/cy: 6
Edges/cy: 86
TEPS: 142

---DCache---
DCache Size: 125,904
DRAM words: 133,760
  DHits: 127,289,215
  DMisses: 5,553,702
  DHit Rate (hit/miss): 96%
  DEvictions: 632,879
  DEviction Rate (evict/misses): 11%
  MC Transactions: 5,906,924
  MC Writes: 240,529
Avg. Transactions: 20% , Writes: 1%, Avg. Latency: 13
Max MC id: 24 of 32. Transactions: 25% , Writes: 2%, MC mean Latency: 13
HBM refresh energy (nJ): 2
HBM access energy (nJ): 11,190,076
MemC wire energy 2.5d (nJ): 2,768,273
MemC wire energy 3d (nJ): 692,068

---Energy---
Leakage Energy (nJ): 314,465
PU Dyn E (nJ): 4,615,858
Mem Dyn E (nJ): 31,516,439
Route Dyn E (nJ): 7,160,509
Dynamic Energy (nJ): 43,292,806
Ratio of Dyn/Leak: 138
Total Energy (nJ): 43,607,271
Total Energy (nJ) 3D: 45,395,800
Cores Energy (nJ): 4,618,367
Route Energy (nJ): 7,177,748
Route Energy (nJ) 3D: 11,042,482
Mem Energy   (nJ): 31,811,157
Mem Energy   (nJ) 3D: 29,734,952
Avg. Power (mW): 48,389.67
Power Density (mW/mm2): 51.83

---Runtime---
Runtime in K cycles: 901.17
Microseconds: 901.17
Time per iteration (ms): 0.90

---Throughput---
GOP/s (aka OPS/ns): 782.02
GOP/s per core: 0.76
GFLOP/s: 85.54
GFLOP/s per core: 0.08
Max Peak GFLOP/s: 1,024.00
Avg. BW GB/s: 3,188.33
Max BW GB/s: 4,096.00

---Traffic---
In-Die bisection_bytes BW (GB/s): 256.00
Inter-board traffic (msg/ns): 0.00, per-link: 0.00
Inter-pack traffic (msg/ns): 0.00, per-link: 0.00
Inter-die traffic (msg/ns): 60.42, per-link: 0.24
Ruche traffic (msg/ns): 61.51, per-link: 0.24
All traffic (msg/ns): 2,362.14, per-link: 2.31
Inter-die reduction wrt all: 39.10
Inter-board reduction wrt inter-die: inf

---Data Movement---
All traffic (msg): 2,128,686,973
Arith. Intensity FLOP/Loads: 0.21
Arith. Intensity FLOP/Msgs: 0.04
Arith. Intensity OPS/Loads: 1.92
Arith. Intensity OPS/Msgs: 0.33



===Core Utilization Total=== CORE-S:9;; TIME K cy:900 ;; Nodes Proc: 629,293 -- Edges Proc: 9,259,125

===PRINTING FRAME STATS

FCollision In Avg:92, SD:43, Max:308, Min:1
FCollision Out Avg:88, SD:55, Max:231, Min:1
FCollision End Avg:24, SD:33, Max:180, Min:0
FTask1 Avg:6, SD:7, Max:38, Min:0
FTask2 Avg:18, SD:15, Max:64, Min:0
FTask3 Avg:48, SD:9, Max:100, Min:28
FCore Active Avg:73, SD:19, Max:100, Min:35
FRouter Active Avg:73, SD:17, Max:94, Min:34
T1 invocations: 183,388
T2 invocations: 285,452
T3 invocations: 9,540,194
T3b invocations: 0
Total3 invocations: 9,540,194
Total4 invocations: 3,637

T3/T2 ratio: 33
T3b/T3 ratio: 0

T1 avg ex cycles: 34
T2 avg ex cycles: 64
T3&b avg ex cycles: 5
T4 avg ex cycles: 408
Avg. hops NOC1: 2
Avg. latency NOC1 (T2): 13,217
Avg. hops NOC2: 13
Avg. latency NOC2 (T3): 2,760

===PRINTING ACUM STATS at pu_cycles: 1,000,633

ACollision In Avg:78, SD:25, Max:195, Min:18
ACollision Out Avg:72, SD:28, Max:162, Min:3
ACollision End Avg:20, SD:15, Max:90, Min:0
ATask1 Avg:17, SD:2, Max:24, Min:4
ATask2 Avg:18, SD:7, Max:34, Min:1
ATask3 Avg:48, SD:7, Max:90, Min:32
ACore Active Avg:84, SD:9, Max:100, Min:54
ARouter Active Avg:69, SD:6, Max:83, Min:32
T1 invocations: 4,249,138
T2 invocations: 3,347,008
T3 invocations: 86,512,273
T3b invocations: 0
Total3 invocations: 86,512,273
Total4 invocations: 13,928

T3/T2 ratio: 26
T3b/T3 ratio: 0

T1 avg ex cycles: 41
T2 avg ex cycles: 56
T3&b avg ex cycles: 6
T4 avg ex cycles: 499
Avg. hops NOC1: 3
Avg. latency NOC1 (T2): 10,650
Avg. hops NOC2: 13
Avg. latency NOC2 (T3): 6,333
Number of K Nodes Processed: 5,136
Number of K Edges Processed: 86,887
Node Re-explore factor: 1.22
Edge Re-explore factor: 0.68
Nodes/cy: 5
Edges/cy: 87
TEPS: 128

---DCache---
DCache Size: 125,904
DRAM words: 133,760
  DHits: 142,352,775
  DMisses: 6,066,762
  DHit Rate (hit/miss): 96%
  DEvictions: 713,888
  DEviction Rate (evict/misses): 12%
  MC Transactions: 6,451,603
  MC Writes: 265,386
Avg. Transactions: 20% , Writes: 1%, Avg. Latency: 13
Max MC id: 24 of 32. Transactions: 24% , Writes: 1%, MC mean Latency: 13
HBM refresh energy (nJ): 2
HBM access energy (nJ): 12,221,916
MemC wire energy 2.5d (nJ): 3,023,536
MemC wire energy 3d (nJ): 755,884

---Energy---
Leakage Energy (nJ): 349,174
PU Dyn E (nJ): 5,092,340
Mem Dyn E (nJ): 34,768,617
Route Dyn E (nJ): 8,031,257
Dynamic Energy (nJ): 47,892,214
Ratio of Dyn/Leak: 137
Total Energy (nJ): 48,241,388
Total Energy (nJ) 3D: 50,305,491
Cores Energy (nJ): 5,095,125
Route Energy (nJ): 8,050,400
Route Energy (nJ) 3D: 12,382,154
Mem Energy   (nJ): 35,095,864
Mem Energy   (nJ) 3D: 32,828,212
Avg. Power (mW): 48,210.87
Power Density (mW/mm2): 51.64

---Runtime---
Runtime in K cycles: 1,000.63
Microseconds: 1,000.63
Time per iteration (ms): 1.00

---Throughput---
GOP/s (aka OPS/ns): 771.10
GOP/s per core: 0.75
GFLOP/s: 86.46
GFLOP/s per core: 0.08
Max Peak GFLOP/s: 1,024.00
Avg. BW GB/s: 3,189.76
Max BW GB/s: 4,096.00

---Traffic---
In-Die bisection_bytes BW (GB/s): 256.00
Inter-board traffic (msg/ns): 0.00, per-link: 0.00
Inter-pack traffic (msg/ns): 0.00, per-link: 0.00
Inter-die traffic (msg/ns): 60.96, per-link: 0.24
Ruche traffic (msg/ns): 62.48, per-link: 0.24
All traffic (msg/ns): 2,382.05, per-link: 2.33
Inter-die reduction wrt all: 39.08
Inter-board reduction wrt inter-die: inf

---Data Movement---
All traffic (msg): 2,383,558,806
Arith. Intensity FLOP/Loads: 0.21
Arith. Intensity FLOP/Msgs: 0.04
Arith. Intensity OPS/Loads: 1.90
Arith. Intensity OPS/Msgs: 0.32



===Core Utilization Total=== CORE-S:10;; TIME K cy:1,000 ;; Nodes Proc: 639,163 -- Edges Proc: 10,942,923

===PRINTING FRAME STATS

FCollision In Avg:92, SD:43, Max:321, Min:1
FCollision Out Avg:88, SD:55, Max:239, Min:0
FCollision End Avg:23, SD:32, Max:180, Min:0
FTask1 Avg:7, SD:7, Max:36, Min:0
FTask2 Avg:17, SD:15, Max:63, Min:0
FTask3 Avg:47, SD:9, Max:100, Min:28
FCore Active Avg:72, SD:19, Max:100, Min:34
FRouter Active Avg:72, SD:18, Max:95, Min:34
T1 invocations: 205,687
T2 invocations: 303,773
T3 invocations: 9,326,657
T3b invocations: 0
Total3 invocations: 9,326,657
Total4 invocations: 5,370

T3/T2 ratio: 31
T3b/T3 ratio: 0

T1 avg ex cycles: 34
T2 avg ex cycles: 58
T3&b avg ex cycles: 5
T4 avg ex cycles: 319
Avg. hops NOC1: 2
Avg. latency NOC1 (T2): 12,336
Avg. hops NOC2: 13
Avg. latency NOC2 (T3): 2,595

===PRINTING ACUM STATS at pu_cycles: 1,101,008

ACollision In Avg:79, SD:25, Max:197, Min:19
ACollision Out Avg:73, SD:28, Max:159, Min:4
ACollision End Avg:21, SD:15, Max:98, Min:0
ATask1 Avg:16, SD:2, Max:22, Min:4
ATask2 Avg:18, SD:6, Max:31, Min:0
ATask3 Avg:48, SD:7, Max:91, Min:32
ACore Active Avg:83, SD:9, Max:100, Min:53
ARouter Active Avg:69, SD:5, Max:84, Min:33
T1 invocations: 4,458,379
T2 invocations: 3,654,389
T3 invocations: 95,930,164
T3b invocations: 0
Total3 invocations: 95,930,164
Total4 invocations: 19,362

T3/T2 ratio: 26
T3b/T3 ratio: 0

T1 avg ex cycles: 41
T2 avg ex cycles: 56
T3&b avg ex cycles: 6
T4 avg ex cycles: 449
Avg. hops NOC1: 2
Avg. latency NOC1 (T2): 10,787
Avg. hops NOC2: 13
Avg. latency NOC2 (T3): 5,966
Number of K Nodes Processed: 5,202
Number of K Edges Processed: 96,213
Node Re-explore factor: 1.24
Edge Re-explore factor: 0.75
Nodes/cy: 5
Edges/cy: 87
TEPS: 117

---DCache---
DCache Size: 125,904
DRAM words: 133,760
  DHits: 157,242,695
  DMisses: 6,549,360
  DHit Rate (hit/miss): 96%
  DEvictions: 796,266
  DEviction Rate (evict/misses): 12%
  MC Transactions: 6,965,130
  MC Writes: 290,335
Avg. Transactions: 20% , Writes: 1%, Avg. Latency: 13
Max MC id: 24 of 32. Transactions: 23% , Writes: 1%, MC mean Latency: 13
HBM refresh energy (nJ): 3
HBM access energy (nJ): 13,194,742
MemC wire energy 2.5d (nJ): 3,264,200
MemC wire energy 3d (nJ): 816,050

---Energy---
Leakage Energy (nJ): 384,200
PU Dyn E (nJ): 5,574,461
Mem Dyn E (nJ): 37,951,341
Route Dyn E (nJ): 8,899,859
Dynamic Energy (nJ): 52,425,661
Ratio of Dyn/Leak: 136
Total Energy (nJ): 52,809,861
Total Energy (nJ) 3D: 55,162,126
Cores Energy (nJ): 5,577,525
Route Energy (nJ): 8,920,921
Route Energy (nJ) 3D: 13,721,336
Mem Energy   (nJ): 38,311,415
Mem Energy   (nJ) 3D: 35,863,265
Avg. Power (mW): 47,965.01
Power Density (mW/mm2): 51.37

---Runtime---
Runtime in K cycles: 1,101.01
Microseconds: 1,101.01
Time per iteration (ms): 1.10

---Throughput---
GOP/s (aka OPS/ns): 762.70
GOP/s per core: 0.74
GFLOP/s: 87.13
GFLOP/s per core: 0.09
Max Peak GFLOP/s: 1,024.00
Avg. BW GB/s: 3,189.73
Max BW GB/s: 4,096.00

---Traffic---
In-Die bisection_bytes BW (GB/s): 256.00
Inter-board traffic (msg/ns): 0.00, per-link: 0.00
Inter-pack traffic (msg/ns): 0.00, per-link: 0.00
Inter-die traffic (msg/ns): 61.26, per-link: 0.24
Ruche traffic (msg/ns): 63.04, per-link: 0.25
All traffic (msg/ns): 2,396.19, per-link: 2.34
Inter-die reduction wrt all: 39.11
Inter-board reduction wrt inter-die: inf

---Data Movement---
All traffic (msg): 2,638,223,658
Arith. Intensity FLOP/Loads: 0.21
Arith. Intensity FLOP/Msgs: 0.04
Arith. Intensity OPS/Loads: 1.88
Arith. Intensity OPS/Msgs: 0.32



===Core Utilization Total=== CORE-S:11;; TIME K cy:1,100 ;; Nodes Proc: 647,472 -- Edges Proc: 12,712,895

===PRINTING FRAME STATS

FCollision In Avg:81, SD:45, Max:300, Min:0
FCollision Out Avg:77, SD:56, Max:234, Min:0
FCollision End Avg:20, SD:31, Max:180, Min:0
FTask1 Avg:7, SD:8, Max:37, Min:0
FTask2 Avg:17, SD:16, Max:66, Min:0
FTask3 Avg:45, SD:8, Max:100, Min:28
FCore Active Avg:71, SD:20, Max:100, Min:30
FRouter Active Avg:72, SD:17, Max:94, Min:31
T1 invocations: 220,435
T2 invocations: 318,963
T3 invocations: 9,129,205
T3b invocations: 0
Total3 invocations: 9,129,205
Total4 invocations: 8,285

T3/T2 ratio: 29
T3b/T3 ratio: 0

T1 avg ex cycles: 34
T2 avg ex cycles: 53
T3&b avg ex cycles: 5
T4 avg ex cycles: 229
Avg. hops NOC1: 2
Avg. latency NOC1 (T2): 10,371
Avg. hops NOC2: 13
Avg. latency NOC2 (T3): 2,371

===PRINTING ACUM STATS at pu_cycles: 1,201,111

ACollision In Avg:79, SD:25, Max:197, Min:18
ACollision Out Avg:74, SD:29, Max:156, Min:4
ACollision End Avg:21, SD:14, Max:105, Min:0
ATask1 Avg:15, SD:2, Max:20, Min:3
ATask2 Avg:18, SD:6, Max:29, Min:0
ATask3 Avg:48, SD:7, Max:92, Min:32
ACore Active Avg:82, SD:9, Max:100, Min:51
ARouter Active Avg:70, SD:6, Max:84, Min:34
T1 invocations: 4,679,522
T2 invocations: 3,974,143
T3 invocations: 105,080,337
T3b invocations: 0
Total3 invocations: 105,080,337
Total4 invocations: 27,660

T3/T2 ratio: 26
T3b/T3 ratio: 0

T1 avg ex cycles: 41
T2 avg ex cycles: 56
T3&b avg ex cycles: 6
T4 avg ex cycles: 383
Avg. hops NOC1: 2
Avg. latency NOC1 (T2): 10,754
Avg. hops NOC2: 13
Avg. latency NOC2 (T3): 5,653
Number of K Nodes Processed: 5,259
Number of K Edges Processed: 105,363
Node Re-explore factor: 1.25
Edge Re-explore factor: 0.82
Nodes/cy: 4
Edges/cy: 88
TEPS: 107

---DCache---
DCache Size: 125,904
DRAM words: 133,760
  DHits: 171,775,914
  DMisses: 6,995,759
  DHit Rate (hit/miss): 96%
  DEvictions: 881,875
  DEviction Rate (evict/misses): 13%
  MC Transactions: 7,441,941
  MC Writes: 315,366
Avg. Transactions: 19% , Writes: 1%, Avg. Latency: 13
Max MC id: 24 of 32. Transactions: 23% , Writes: 1%, MC mean Latency: 13
HBM refresh energy (nJ): 3
HBM access energy (nJ): 14,098,013
MemC wire energy 2.5d (nJ): 3,487,657
MemC wire energy 3d (nJ): 871,914

---Energy---
Leakage Energy (nJ): 419,131
PU Dyn E (nJ): 6,046,668
Mem Dyn E (nJ): 40,998,419
Route Dyn E (nJ): 9,748,757
Dynamic Energy (nJ): 56,793,844
Ratio of Dyn/Leak: 136
Total Energy (nJ): 57,212,975
Total Energy (nJ) 3D: 59,855,721
Cores Energy (nJ): 6,050,011
Route Energy (nJ): 9,771,734
Route Energy (nJ) 3D: 15,030,222
Mem Energy   (nJ): 41,391,230
Mem Energy   (nJ) 3D: 38,775,488
Avg. Power (mW): 47,633.38
Power Density (mW/mm2): 51.02

---Runtime---
Runtime in K cycles: 1,201.11
Microseconds: 1,201.11
Time per iteration (ms): 1.20

---Throughput---
GOP/s (aka OPS/ns): 754.94
GOP/s per core: 0.74
GFLOP/s: 87.49
GFLOP/s per core: 0.09
Max Peak GFLOP/s: 1,024.00
Avg. BW GB/s: 3,183.85
Max BW GB/s: 4,096.00

---Traffic---
In-Die bisection_bytes BW (GB/s): 256.00
Inter-board traffic (msg/ns): 0.00, per-link: 0.00
Inter-pack traffic (msg/ns): 0.00, per-link: 0.00
Inter-die traffic (msg/ns): 61.38, per-link: 0.24
Ruche traffic (msg/ns): 63.41, per-link: 0.25
All traffic (msg/ns): 2,403.32, per-link: 2.35
Inter-die reduction wrt all: 39.15
Inter-board reduction wrt inter-die: inf

---Data Movement---
All traffic (msg): 2,886,648,667
Arith. Intensity FLOP/Loads: 0.22
Arith. Intensity FLOP/Msgs: 0.04
Arith. Intensity OPS/Loads: 1.87
Arith. Intensity OPS/Msgs: 0.31



===Core Utilization Total=== CORE-S:12;; TIME K cy:1,200 ;; Nodes Proc: 654,636 -- Edges Proc: 14,314,136

===PRINTING FRAME STATS

FCollision In Avg:64, SD:47, Max:295, Min:0
FCollision Out Avg:62, SD:54, Max:226, Min:0
FCollision End Avg:17, SD:28, Max:179, Min:0
FTask1 Avg:8, SD:9, Max:42, Min:0
FTask2 Avg:16, SD:16, Max:65, Min:0
FTask3 Avg:44, SD:8, Max:100, Min:27
FCore Active Avg:70, SD:21, Max:100, Min:32
FRouter Active Avg:71, SD:15, Max:93, Min:27
T1 invocations: 239,755
T2 invocations: 333,229
T3 invocations: 8,789,885
T3b invocations: 0
Total3 invocations: 8,789,885
Total4 invocations: 12,026

T3/T2 ratio: 26
T3b/T3 ratio: 0

T1 avg ex cycles: 33
T2 avg ex cycles: 49
T3&b avg ex cycles: 5
T4 avg ex cycles: 178
Avg. hops NOC1: 3
Avg. latency NOC1 (T2): 9,408
Avg. hops NOC2: 13
Avg. latency NOC2 (T3): 2,609

===PRINTING ACUM STATS at pu_cycles: 1,301,062

ACollision In Avg:78, SD:26, Max:196, Min:17
ACollision Out Avg:73, SD:29, Max:148, Min:4
ACollision End Avg:20, SD:14, Max:111, Min:0
ATask1 Avg:15, SD:2, Max:19, Min:3
ATask2 Avg:18, SD:5, Max:27, Min:0
ATask3 Avg:48, SD:8, Max:92, Min:32
ACore Active Avg:81, SD:9, Max:100, Min:51
ARouter Active Avg:70, SD:6, Max:85, Min:33
T1 invocations: 4,919,536
T2 invocations: 4,306,278
T3 invocations: 113,869,964
T3b invocations: 0
Total3 invocations: 113,869,964
Total4 invocations: 39,691

T3/T2 ratio: 26
T3b/T3 ratio: 0

T1 avg ex cycles: 40
T2 avg ex cycles: 55
T3&b avg ex cycles: 6
T4 avg ex cycles: 321
Avg. hops NOC1: 2
Avg. latency NOC1 (T2): 10,651
Avg. hops NOC2: 13
Avg. latency NOC2 (T3): 5,418
Number of K Nodes Processed: 5,307
Number of K Edges Processed: 114,122
Node Re-explore factor: 1.27
Edge Re-explore factor: 0.89
Nodes/cy: 4
Edges/cy: 88
TEPS: 99

---DCache---
DCache Size: 125,904
DRAM words: 133,760
  DHits: 185,468,040
  DMisses: 7,419,058
  DHit Rate (hit/miss): 96%
  DEvictions: 969,257
  DEviction Rate (evict/misses): 13%
  MC Transactions: 7,895,172
  MC Writes: 340,047
Avg. Transactions: 19% , Writes: 1%, Avg. Latency: 13
Max MC id: 24 of 32. Transactions: 22% , Writes: 1%, MC mean Latency: 12
HBM refresh energy (nJ): 3
HBM access energy (nJ): 14,956,613
MemC wire energy 2.5d (nJ): 3,700,063
MemC wire energy 3d (nJ): 925,016

---Energy---
Leakage Energy (nJ): 454,009
PU Dyn E (nJ): 6,505,954
Mem Dyn E (nJ): 43,913,652
Route Dyn E (nJ): 10,551,027
Dynamic Energy (nJ): 60,970,633
Ratio of Dyn/Leak: 134
Total Energy (nJ): 61,424,642
Total Energy (nJ) 3D: 64,337,920
Cores Energy (nJ): 6,509,575
Route Energy (nJ): 10,575,916
Route Energy (nJ) 3D: 16,264,241
Mem Energy   (nJ): 44,339,151
Mem Energy   (nJ) 3D: 41,564,104
Avg. Power (mW): 47,211.16
Power Density (mW/mm2): 50.57

---Runtime---
Runtime in K cycles: 1,301.06
Microseconds: 1,301.06
Time per iteration (ms): 1.30

---Throughput---
GOP/s (aka OPS/ns): 747.40
GOP/s per core: 0.73
GFLOP/s: 87.52
GFLOP/s per core: 0.09
Max Peak GFLOP/s: 1,024.00
Avg. BW GB/s: 3,170.55
Max BW GB/s: 4,096.00

---Traffic---
In-Die bisection_bytes BW (GB/s): 256.00
Inter-board traffic (msg/ns): 0.00, per-link: 0.00
Inter-pack traffic (msg/ns): 0.00, per-link: 0.00
Inter-die traffic (msg/ns): 61.20, per-link: 0.24
Ruche traffic (msg/ns): 63.70, per-link: 0.25
All traffic (msg/ns): 2,398.76, per-link: 2.34
Inter-die reduction wrt all: 39.19
Inter-board reduction wrt inter-die: inf

---Data Movement---
All traffic (msg): 3,120,941,302
Arith. Intensity FLOP/Loads: 0.22
Arith. Intensity FLOP/Msgs: 0.04
Arith. Intensity OPS/Loads: 1.86
Arith. Intensity OPS/Msgs: 0.31



===Core Utilization Total=== CORE-S:13;; TIME K cy:1,300 ;; Nodes Proc: 660,658 -- Edges Proc: 15,689,582

===PRINTING FRAME STATS

FCollision In Avg:48, SD:43, Max:241, Min:0
FCollision Out Avg:46, SD:47, Max:205, Min:0
FCollision End Avg:15, SD:25, Max:168, Min:0
FTask1 Avg:8, SD:9, Max:40, Min:0
FTask2 Avg:16, SD:17, Max:70, Min:0
FTask3 Avg:44, SD:8, Max:100, Min:26
FCore Active Avg:71, SD:21, Max:100, Min:32
FRouter Active Avg:73, SD:10, Max:93, Min:21
T1 invocations: 244,627
T2 invocations: 346,017
T3 invocations: 8,901,604
T3b invocations: 0
Total3 invocations: 8,901,604
Total4 invocations: 16,014

T3/T2 ratio: 26
T3b/T3 ratio: 0

T1 avg ex cycles: 33
T2 avg ex cycles: 49
T3&b avg ex cycles: 5
T4 avg ex cycles: 137
Avg. hops NOC1: 3
Avg. latency NOC1 (T2): 10,181
Avg. hops NOC2: 13
Avg. latency NOC2 (T3): 2,611

===PRINTING ACUM STATS at pu_cycles: 1,400,781

ACollision In Avg:76, SD:26, Max:196, Min:16
ACollision Out Avg:71, SD:29, Max:144, Min:4
ACollision End Avg:20, SD:14, Max:115, Min:0
ATask1 Avg:14, SD:2, Max:18, Min:3
ATask2 Avg:18, SD:5, Max:25, Min:0
ATask3 Avg:47, SD:8, Max:93, Min:31
ACore Active Avg:81, SD:8, Max:100, Min:53
ARouter Active Avg:70, SD:6, Max:84, Min:32
T1 invocations: 5,160,691
T2 invocations: 4,646,226
T3 invocations: 122,614,927
T3b invocations: 0
Total3 invocations: 122,614,927
Total4 invocations: 55,655

T3/T2 ratio: 26
T3b/T3 ratio: 0

T1 avg ex cycles: 40
T2 avg ex cycles: 55
T3&b avg ex cycles: 6
T4 avg ex cycles: 268
Avg. hops NOC1: 3
Avg. latency NOC1 (T2): 10,612
Avg. hops NOC2: 13
Avg. latency NOC2 (T3): 5,217
Number of K Nodes Processed: 5,352
Number of K Edges Processed: 122,999
Node Re-explore factor: 1.28
Edge Re-explore factor: 0.96
Nodes/cy: 4
Edges/cy: 88
TEPS: 92

---DCache---
DCache Size: 125,904
DRAM words: 133,760
  DHits: 199,241,257
  DMisses: 7,861,898
  DHit Rate (hit/miss): 96%
  DEvictions: 1,058,570
  DEviction Rate (evict/misses): 13%
  MC Transactions: 8,367,705
  MC Writes: 364,107
Avg. Transactions: 19% , Writes: 1%, Avg. Latency: 13
Max MC id: 24 of 32. Transactions: 21% , Writes: 1%, MC mean Latency: 12
HBM refresh energy (nJ): 4
HBM access energy (nJ): 15,851,780
MemC wire energy 2.5d (nJ): 3,921,515
MemC wire energy 3d (nJ): 980,379

---Energy---
Leakage Energy (nJ): 488,806
PU Dyn E (nJ): 6,963,945
Mem Dyn E (nJ): 46,874,002
Route Dyn E (nJ): 11,355,547
Dynamic Energy (nJ): 65,193,495
Ratio of Dyn/Leak: 133
Total Energy (nJ): 65,682,301
Total Energy (nJ) 3D: 68,857,569
Cores Energy (nJ): 6,967,843
Route Energy (nJ): 11,382,344
Route Energy (nJ) 3D: 17,498,749
Mem Energy   (nJ): 47,332,114
Mem Energy   (nJ) 3D: 44,390,978
Avg. Power (mW): 46,889.77
Power Density (mW/mm2): 50.22

---Runtime---
Runtime in K cycles: 1,400.78
Microseconds: 1,400.78
Time per iteration (ms): 1.40

---Throughput---
GOP/s (aka OPS/ns): 740.98
GOP/s per core: 0.72
GFLOP/s: 87.53
GFLOP/s per core: 0.09
Max Peak GFLOP/s: 1,024.00
Avg. BW GB/s: 3,159.32
Max BW GB/s: 4,096.00

---Traffic---
In-Die bisection_bytes BW (GB/s): 256.00
Inter-board traffic (msg/ns): 0.00, per-link: 0.00
Inter-pack traffic (msg/ns): 0.00, per-link: 0.00
Inter-die traffic (msg/ns): 61.19, per-link: 0.24
Ruche traffic (msg/ns): 64.05, per-link: 0.25
All traffic (msg/ns): 2,395.24, per-link: 2.34
Inter-die reduction wrt all: 39.15
Inter-board reduction wrt inter-die: inf

---Data Movement---
All traffic (msg): 3,355,207,374
Arith. Intensity FLOP/Loads: 0.22
Arith. Intensity FLOP/Msgs: 0.04
Arith. Intensity OPS/Loads: 1.85
Arith. Intensity OPS/Msgs: 0.31



===Core Utilization Total=== CORE-S:14;; TIME K cy:1,400 ;; Nodes Proc: 666,231 -- Edges Proc: 16,763,855

===PRINTING FRAME STATS

FCollision In Avg:33, SD:36, Max:190, Min:0
FCollision Out Avg:31, SD:37, Max:154, Min:0
FCollision End Avg:11, SD:21, Max:110, Min:0
FTask1 Avg:8, SD:10, Max:44, Min:0
FTask2 Avg:16, SD:18, Max:72, Min:0
FTask3 Avg:42, SD:8, Max:99, Min:21
FCore Active Avg:68, SD:23, Max:100, Min:32
FRouter Active Avg:70, SD:12, Max:94, Min:18
T1 invocations: 262,486
T2 invocations: 351,022
T3 invocations: 8,389,002
T3b invocations: 0
Total3 invocations: 8,389,002
Total4 invocations: 18,992

T3/T2 ratio: 24
T3b/T3 ratio: 0

T1 avg ex cycles: 33
T2 avg ex cycles: 46
T3&b avg ex cycles: 5
T4 avg ex cycles: 127
Avg. hops NOC1: 3
Avg. latency NOC1 (T2): 5,810
Avg. hops NOC2: 13
Avg. latency NOC2 (T3): 2,460

===PRINTING ACUM STATS at pu_cycles: 1,501,001

ACollision In Avg:73, SD:26, Max:193, Min:15
ACollision Out Avg:68, SD:29, Max:140, Min:4
ACollision End Avg:19, SD:13, Max:114, Min:0
ATask1 Avg:14, SD:2, Max:17, Min:3
ATask2 Avg:18, SD:4, Max:23, Min:0
ATask3 Avg:47, SD:8, Max:93, Min:31
ACore Active Avg:80, SD:8, Max:100, Min:52
ARouter Active Avg:70, SD:5, Max:83, Min:31
T1 invocations: 5,432,147
T2 invocations: 5,000,048
T3 invocations: 131,124,847
T3b invocations: 0
Total3 invocations: 131,124,847
Total4 invocations: 74,792

T3/T2 ratio: 26
T3b/T3 ratio: 0

T1 avg ex cycles: 40
T2 avg ex cycles: 54
T3&b avg ex cycles: 5
T4 avg ex cycles: 233
Avg. hops NOC1: 3
Avg. latency NOC1 (T2): 10,283
Avg. hops NOC2: 13
Avg. latency NOC2 (T3): 5,036
Number of K Nodes Processed: 5,392
Number of K Edges Processed: 131,383
Node Re-explore factor: 1.29
Edge Re-explore factor: 1.02
Nodes/cy: 4
Edges/cy: 88
TEPS: 85

---DCache---
DCache Size: 125,904
DRAM words: 133,760
  DHits: 212,751,481
  DMisses: 8,287,174
  DHit Rate (hit/miss): 96%
  DEvictions: 1,153,200
  DEviction Rate (evict/misses): 14%
  MC Transactions: 8,824,082
  MC Writes: 390,659
Avg. Transactions: 18% , Writes: 1%, Avg. Latency: 12
Max MC id: 24 of 32. Transactions: 21% , Writes: 1%, MC mean Latency: 12
HBM refresh energy (nJ): 4
HBM access energy (nJ): 16,716,340
MemC wire energy 2.5d (nJ): 4,135,395
MemC wire energy 3d (nJ): 1,033,849

---Energy---
Leakage Energy (nJ): 523,778
PU Dyn E (nJ): 7,417,016
Mem Dyn E (nJ): 49,754,228
Route Dyn E (nJ): 12,128,001
Dynamic Energy (nJ): 69,299,245
Ratio of Dyn/Leak: 132
Total Energy (nJ): 69,823,023
Total Energy (nJ) 3D: 73,249,843
Cores Energy (nJ): 7,421,193
Route Energy (nJ): 12,156,715
Route Energy (nJ) 3D: 18,685,081
Mem Energy   (nJ): 50,245,116
Mem Energy   (nJ) 3D: 47,143,569
Avg. Power (mW): 46,517.64
Power Density (mW/mm2): 49.82

---Runtime---
Runtime in K cycles: 1,501.00
Microseconds: 1,501.00
Time per iteration (ms): 1.50

---Throughput---
GOP/s (aka OPS/ns): 735.08
GOP/s per core: 0.72
GFLOP/s: 87.36
GFLOP/s per core: 0.09
Max Peak GFLOP/s: 1,024.00
Avg. BW GB/s: 3,143.91
Max BW GB/s: 4,096.00

---Traffic---
In-Die bisection_bytes BW (GB/s): 256.00
Inter-board traffic (msg/ns): 0.00, per-link: 0.00
Inter-pack traffic (msg/ns): 0.00, per-link: 0.00
Inter-die traffic (msg/ns): 61.02, per-link: 0.24
Ruche traffic (msg/ns): 64.07, per-link: 0.25
All traffic (msg/ns): 2,385.59, per-link: 2.33
Inter-die reduction wrt all: 39.10
Inter-board reduction wrt inter-die: inf

---Data Movement---
All traffic (msg): 3,580,768,953
Arith. Intensity FLOP/Loads: 0.22
Arith. Intensity FLOP/Msgs: 0.04
Arith. Intensity OPS/Loads: 1.84
Arith. Intensity OPS/Msgs: 0.31



===Core Utilization Total=== CORE-S:15;; TIME K cy:1,500 ;; Nodes Proc: 671,247 -- Edges Proc: 17,649,610

===PRINTING FRAME STATS

FCollision In Avg:24, SD:32, Max:178, Min:0
FCollision Out Avg:23, SD:32, Max:132, Min:0
FCollision End Avg:9, SD:18, Max:99, Min:0
FTask1 Avg:8, SD:11, Max:54, Min:0
FTask2 Avg:13, SD:19, Max:74, Min:0
FTask3 Avg:36, SD:7, Max:83, Min:21
FCore Active Avg:59, SD:24, Max:100, Min:25
FRouter Active Avg:63, SD:14, Max:93, Min:14
T1 invocations: 235,927
T2 invocations: 310,135
T3 invocations: 7,177,039
T3b invocations: 0
Total3 invocations: 7,177,039
Total4 invocations: 20,489

T3/T2 ratio: 23
T3b/T3 ratio: 0

T1 avg ex cycles: 33
T2 avg ex cycles: 44
T3&b avg ex cycles: 5
T4 avg ex cycles: 107
Avg. hops NOC1: 3
Avg. latency NOC1 (T2): 5,105
Avg. hops NOC2: 13
Avg. latency NOC2 (T3): 2,308

===PRINTING ACUM STATS at pu_cycles: 1,600,799

ACollision In Avg:70, SD:25, Max:186, Min:14
ACollision Out Avg:65, SD:28, Max:134, Min:4
ACollision End Avg:19, SD:12, Max:110, Min:0
ATask1 Avg:14, SD:1, Max:16, Min:3
ATask2 Avg:17, SD:3, Max:22, Min:0
ATask3 Avg:46, SD:8, Max:93, Min:31
ACore Active Avg:78, SD:7, Max:100, Min:51
ARouter Active Avg:69, SD:5, Max:83, Min:30
T1 invocations: 5,665,004
T2 invocations: 5,303,311
T3 invocations: 138,180,915
T3b invocations: 0
Total3 invocations: 138,180,915
Total4 invocations: 95,193

T3/T2 ratio: 26
T3b/T3 ratio: 0

T1 avg ex cycles: 39
T2 avg ex cycles: 54
T3&b avg ex cycles: 5
T4 avg ex cycles: 206
Avg. hops NOC1: 3
Avg. latency NOC1 (T2): 9,978
Avg. hops NOC2: 13
Avg. latency NOC2 (T3): 4,894
Number of K Nodes Processed: 5,424
Number of K Edges Processed: 138,444
Node Re-explore factor: 1.29
Edge Re-explore factor: 1.08
Nodes/cy: 3
Edges/cy: 86
TEPS: 80

---DCache---
DCache Size: 125,904
DRAM words: 133,760
  DHits: 224,749,814
  DMisses: 8,641,956
  DHit Rate (hit/miss): 96%
  DEvictions: 1,229,556
  DEviction Rate (evict/misses): 14%
  MC Transactions: 9,199,459
  MC Writes: 408,267
Avg. Transactions: 18% , Writes: 1%, Avg. Latency: 12
Max MC id: 24 of 32. Transactions: 20% , Writes: 1%, MC mean Latency: 12
HBM refresh energy (nJ): 4
HBM access energy (nJ): 17,427,455
MemC wire energy 2.5d (nJ): 4,311,315
MemC wire energy 3d (nJ): 1,077,829

---Energy---
Leakage Energy (nJ): 558,603
PU Dyn E (nJ): 7,793,898
Mem Dyn E (nJ): 52,145,778
Route Dyn E (nJ): 12,767,537
Dynamic Energy (nJ): 72,707,213
Ratio of Dyn/Leak: 130
Total Energy (nJ): 73,265,816
Total Energy (nJ) 3D: 76,898,763
Cores Energy (nJ): 7,798,354
Route Energy (nJ): 12,798,160
Route Energy (nJ) 3D: 19,664,593
Mem Energy   (nJ): 52,669,303
Mem Energy   (nJ) 3D: 49,435,817
Avg. Power (mW): 45,768.28
Power Density (mW/mm2): 49.02

---Runtime---
Runtime in K cycles: 1,600.80
Microseconds: 1,600.80
Time per iteration (ms): 1.60

---Throughput---
GOP/s (aka OPS/ns): 723.29
GOP/s per core: 0.71
GFLOP/s: 86.32
GFLOP/s per core: 0.08
Max Peak GFLOP/s: 1,024.00
Avg. BW GB/s: 3,099.34
Max BW GB/s: 4,096.00

---Traffic---
In-Die bisection_bytes BW (GB/s): 256.00
Inter-board traffic (msg/ns): 0.00, per-link: 0.00
Inter-pack traffic (msg/ns): 0.00, per-link: 0.00
Inter-die traffic (msg/ns): 60.33, per-link: 0.24
Ruche traffic (msg/ns): 63.50, per-link: 0.25
All traffic (msg/ns): 2,352.98, per-link: 2.30
Inter-die reduction wrt all: 39.00
Inter-board reduction wrt inter-die: inf

---Data Movement---
All traffic (msg): 3,766,642,533
Arith. Intensity FLOP/Loads: 0.22
Arith. Intensity FLOP/Msgs: 0.04
Arith. Intensity OPS/Loads: 1.84
Arith. Intensity OPS/Msgs: 0.31



===Core Utilization Total=== CORE-S:16;; TIME K cy:1,600 ;; Nodes Proc: 675,383 -- Edges Proc: 18,351,423

===PRINTING FRAME STATS

FCollision In Avg:14, SD:24, Max:220, Min:0
FCollision Out Avg:14, SD:25, Max:113, Min:0
FCollision End Avg:5, SD:14, Max:98, Min:0
FTask1 Avg:6, SD:10, Max:49, Min:0
FTask2 Avg:10, SD:18, Max:78, Min:0
FTask3 Avg:27, SD:6, Max:62, Min:15
FCore Active Avg:44, SD:25, Max:100, Min:18
FRouter Active Avg:50, SD:16, Max:93, Min:11
T1 invocations: 182,748
T2 invocations: 237,639
T3 invocations: 5,362,049
T3b invocations: 0
Total3 invocations: 5,362,049
Total4 invocations: 17,684

T3/T2 ratio: 23
T3b/T3 ratio: 0

T1 avg ex cycles: 33
T2 avg ex cycles: 42
T3&b avg ex cycles: 5
T4 avg ex cycles: 97
Avg. hops NOC1: 3
Avg. latency NOC1 (T2): 3,512
Avg. hops NOC2: 12
Avg. latency NOC2 (T3): 1,829

===PRINTING ACUM STATS at pu_cycles: 1,700,711

ACollision In Avg:67, SD:24, Max:180, Min:14
ACollision Out Avg:62, SD:27, Max:129, Min:3
ACollision End Avg:18, SD:12, Max:104, Min:1
ATask1 Avg:13, SD:1, Max:15, Min:4
ATask2 Avg:17, SD:2, Max:20, Min:0
ATask3 Avg:45, SD:7, Max:91, Min:30
ACore Active Avg:76, SD:7, Max:100, Min:50
ARouter Active Avg:68, SD:5, Max:82, Min:29
T1 invocations: 5,853,285
T2 invocations: 5,545,994
T3 invocations: 143,582,142
T3b invocations: 0
Total3 invocations: 143,582,142
Total4 invocations: 112,918

T3/T2 ratio: 26
T3b/T3 ratio: 0

T1 avg ex cycles: 39
T2 avg ex cycles: 53
T3&b avg ex cycles: 5
T4 avg ex cycles: 189
Avg. hops NOC1: 3
Avg. latency NOC1 (T2): 9,692
Avg. hops NOC2: 13
Avg. latency NOC2 (T3): 4,779
Number of K Nodes Processed: 5,446
Number of K Edges Processed: 143,722
Node Re-explore factor: 1.30
Edge Re-explore factor: 1.12
Nodes/cy: 3
Edges/cy: 85
TEPS: 75

---DCache---
DCache Size: 125,904
DRAM words: 133,760
  DHits: 234,133,264
  DMisses: 8,905,464
  DHit Rate (hit/miss): 96%
  DEvictions: 1,288,293
  DEviction Rate (evict/misses): 14%
  MC Transactions: 9,478,415
  MC Writes: 422,154
Avg. Transactions: 17% , Writes: 1%, Avg. Latency: 12
Max MC id: 24 of 32. Transactions: 19% , Writes: 1%, MC mean Latency: 12
HBM refresh energy (nJ): 5
HBM access energy (nJ): 17,955,909
MemC wire energy 2.5d (nJ): 4,442,048
MemC wire energy 3d (nJ): 1,110,512

---Energy---
Leakage Energy (nJ): 593,468
PU Dyn E (nJ): 8,084,761
Mem Dyn E (nJ): 53,965,029
Route Dyn E (nJ): 13,248,782
Dynamic Energy (nJ): 75,298,573
Ratio of Dyn/Leak: 127
Total Energy (nJ): 75,892,041
Total Energy (nJ) 3D: 79,683,257
Cores Energy (nJ): 8,089,495
Route Energy (nJ): 13,281,317
Route Energy (nJ) 3D: 20,404,069
Mem Energy   (nJ): 54,521,229
Mem Energy   (nJ) 3D: 51,189,693
Avg. Power (mW): 44,623.71
Power Density (mW/mm2): 47.79

---Runtime---
Runtime in K cycles: 1,700.71
Microseconds: 1,700.71
Time per iteration (ms): 1.70

---Throughput---
GOP/s (aka OPS/ns): 705.63
GOP/s per core: 0.69
GFLOP/s: 84.42
GFLOP/s per core: 0.08
Max Peak GFLOP/s: 1,024.00
Avg. BW GB/s: 3,026.90
Max BW GB/s: 4,096.00

---Traffic---
In-Die bisection_bytes BW (GB/s): 256.00
Inter-board traffic (msg/ns): 0.00, per-link: 0.00
Inter-pack traffic (msg/ns): 0.00, per-link: 0.00
Inter-die traffic (msg/ns): 58.90, per-link: 0.23
Ruche traffic (msg/ns): 62.19, per-link: 0.24
All traffic (msg/ns): 2,297.42, per-link: 2.24
Inter-die reduction wrt all: 39.01
Inter-board reduction wrt inter-die: inf

---Data Movement---
All traffic (msg): 3,907,244,673
Arith. Intensity FLOP/Loads: 0.22
Arith. Intensity FLOP/Msgs: 0.04
Arith. Intensity OPS/Loads: 1.84
Arith. Intensity OPS/Msgs: 0.31



===Core Utilization Total=== CORE-S:17;; TIME K cy:1,700 ;; Nodes Proc: 678,044 -- Edges Proc: 18,806,744
======== IT IS COLD ======= Only 40 Tiles active

===PRINTING FRAME STATS

FCollision In Avg:7, SD:16, Max:99, Min:0
FCollision Out Avg:8, SD:21, Max:187, Min:0
FCollision End Avg:4, SD:12, Max:187, Min:0
FTask1 Avg:4, SD:9, Max:57, Min:0
FTask2 Avg:6, SD:16, Max:92, Min:0
FTask3 Avg:17, SD:4, Max:38, Min:8
FCore Active Avg:28, SD:22, Max:100, Min:11
FRouter Active Avg:34, SD:16, Max:83, Min:8
T1 invocations: 114,520
T2 invocations: 151,219
T3 invocations: 3,329,913
T3b invocations: 0
Total3 invocations: 3,329,913
Total4 invocations: 12,530

T3/T2 ratio: 22
T3b/T3 ratio: 0

T1 avg ex cycles: 33
T2 avg ex cycles: 42
T3&b avg ex cycles: 5
T4 avg ex cycles: 86
Avg. hops NOC1: 4
Avg. latency NOC1 (T2): 3,355
Avg. hops NOC2: 12
Avg. latency NOC2 (T3): 1,555

===PRINTING ACUM STATS at pu_cycles: 1,800,596

ACollision In Avg:63, SD:23, Max:169, Min:13
ACollision Out Avg:59, SD:26, Max:123, Min:3
ACollision End Avg:17, SD:11, Max:99, Min:1
ATask1 Avg:13, SD:1, Max:14, Min:5
ATask2 Avg:16, SD:2, Max:19, Min:0
ATask3 Avg:44, SD:7, Max:88, Min:29
ACore Active Avg:74, SD:7, Max:100, Min:52
ARouter Active Avg:66, SD:4, Max:81, Min:28
T1 invocations: 5,973,877
T2 invocations: 5,701,976
T3 invocations: 146,967,921
T3b invocations: 0
Total3 invocations: 146,967,921
Total4 invocations: 125,569

T3/T2 ratio: 26
T3b/T3 ratio: 0

T1 avg ex cycles: 39
T2 avg ex cycles: 53
T3&b avg ex cycles: 5
T4 avg ex cycles: 179
Avg. hops NOC1: 3
Avg. latency NOC1 (T2): 9,522
Avg. hops NOC2: 13
Avg. latency NOC2 (T3): 4,706
Number of K Nodes Processed: 5,459
Number of K Edges Processed: 147,008
Node Re-explore factor: 1.30
Edge Re-explore factor: 1.15
Nodes/cy: 3
Edges/cy: 82
TEPS: 71

---DCache---
DCache Size: 125,904
DRAM words: 133,760
  DHits: 240,347,334
  DMisses: 9,073,080
  DHit Rate (hit/miss): 96%
  DEvictions: 1,326,520
  DEviction Rate (evict/misses): 15%
  MC Transactions: 9,655,253
  MC Writes: 430,779
Avg. Transactions: 17% , Writes: 1%, Avg. Latency: 12
Max MC id: 24 of 32. Transactions: 18% , Writes: 1%, MC mean Latency: 12
HBM refresh energy (nJ): 5
HBM access energy (nJ): 18,290,911
MemC wire energy 2.5d (nJ): 4,524,923
MemC wire energy 3d (nJ): 1,131,231

---Energy---
Leakage Energy (nJ): 628,323
PU Dyn E (nJ): 8,268,330
Mem Dyn E (nJ): 55,126,332
Route Dyn E (nJ): 13,548,304
Dynamic Energy (nJ): 76,942,968
Ratio of Dyn/Leak: 122
Total Energy (nJ): 77,571,291
Total Energy (nJ) 3D: 81,459,608
Cores Energy (nJ): 8,273,342
Route Energy (nJ): 13,582,750
Route Energy (nJ) 3D: 20,864,759
Mem Energy   (nJ): 55,715,199
Mem Energy   (nJ) 3D: 52,321,507
Avg. Power (mW): 43,080.90
Power Density (mW/mm2): 46.14

---Runtime---
Runtime in K cycles: 1,800.60
Microseconds: 1,800.60
Time per iteration (ms): 1.80

---Throughput---
GOP/s (aka OPS/ns): 681.34
GOP/s per core: 0.67
GFLOP/s: 81.62
GFLOP/s per core: 0.08
Max Peak GFLOP/s: 1,024.00
Avg. BW GB/s: 2,924.92
Max BW GB/s: 4,096.00

---Traffic---
In-Die bisection_bytes BW (GB/s): 256.00
Inter-board traffic (msg/ns): 0.00, per-link: 0.00
Inter-pack traffic (msg/ns): 0.00, per-link: 0.00
Inter-die traffic (msg/ns): 56.87, per-link: 0.22
Ruche traffic (msg/ns): 60.18, per-link: 0.24
All traffic (msg/ns): 2,218.59, per-link: 2.17
Inter-die reduction wrt all: 39.01
Inter-board reduction wrt inter-die: inf

---Data Movement---
All traffic (msg): 3,994,791,288
Arith. Intensity FLOP/Loads: 0.22
Arith. Intensity FLOP/Msgs: 0.04
Arith. Intensity OPS/Loads: 1.84
Arith. Intensity OPS/Msgs: 0.31



===Core Utilization Total=== CORE-S:18;; TIME K cy:1,800 ;; Nodes Proc: 679,747 -- Edges Proc: 19,080,275
======== IT IS COLD ======= Only 37 Tiles active

===PRINTING FRAME STATS

FCollision In Avg:2, SD:9, Max:93, Min:0
FCollision Out Avg:3, SD:13, Max:109, Min:0
FCollision End Avg:2, SD:8, Max:109, Min:0
FTask1 Avg:2, SD:7, Max:57, Min:0
FTask2 Avg:3, SD:13, Max:96, Min:0
FTask3 Avg:8, SD:2, Max:37, Min:1
FCore Active Avg:14, SD:17, Max:100, Min:5
FRouter Active Avg:19, SD:12, Max:79, Min:3
T1 invocations: 58,524
T2 invocations: 71,729
T3 invocations: 1,695,434
T3b invocations: 0
Total3 invocations: 1,695,434
Total4 invocations: 7,068

T3/T2 ratio: 24
T3b/T3 ratio: 0

T1 avg ex cycles: 33
T2 avg ex cycles: 45
T3&b avg ex cycles: 5
T4 avg ex cycles: 78
Avg. hops NOC1: 4
Avg. latency NOC1 (T2): 3,380
Avg. hops NOC2: 12
Avg. latency NOC2 (T3): 1,235

===PRINTING ACUM STATS at pu_cycles: 1,900,165

ACollision In Avg:60, SD:22, Max:160, Min:12
ACollision Out Avg:56, SD:25, Max:123, Min:3
ACollision End Avg:16, SD:11, Max:99, Min:1
ATask1 Avg:12, SD:1, Max:14, Min:5
ATask2 Avg:16, SD:1, Max:18, Min:0
ATask3 Avg:42, SD:7, Max:88, Min:27
ACore Active Avg:71, SD:7, Max:100, Min:49
ARouter Active Avg:64, SD:4, Max:78, Min:27
T1 invocations: 6,033,153
T2 invocations: 5,769,225
T3 invocations: 148,648,622
T3b invocations: 0
Total3 invocations: 148,648,622
Total4 invocations: 132,638

T3/T2 ratio: 26
T3b/T3 ratio: 0

T1 avg ex cycles: 39
T2 avg ex cycles: 53
T3&b avg ex cycles: 5
T4 avg ex cycles: 174
Avg. hops NOC1: 3
Avg. latency NOC1 (T2): 9,446
Avg. hops NOC2: 13
Avg. latency NOC2 (T3): 4,665
Number of K Nodes Processed: 5,466
Number of K Edges Processed: 148,671
Node Re-explore factor: 1.30
Edge Re-explore factor: 1.16
Nodes/cy: 3
Edges/cy: 78
TEPS: 68

---DCache---
DCache Size: 125,904
DRAM words: 133,760
  DHits: 243,640,154
  DMisses: 9,165,687
  DHit Rate (hit/miss): 96%
  DEvictions: 1,345,824
  DEviction Rate (evict/misses): 15%
  MC Transactions: 9,752,711
  MC Writes: 435,506
Avg. Transactions: 16% , Writes: 1%, Avg. Latency: 12
Max MC id: 24 of 32. Transactions: 17% , Writes: 1%, MC mean Latency: 12
HBM refresh energy (nJ): 5
HBM access energy (nJ): 18,475,535
MemC wire energy 2.5d (nJ): 4,570,596
MemC wire energy 3d (nJ): 1,142,649

---Energy---
Leakage Energy (nJ): 663,068
PU Dyn E (nJ): 8,357,631
Mem Dyn E (nJ): 55,709,041
Route Dyn E (nJ): 13,696,516
Dynamic Energy (nJ): 77,763,189
Ratio of Dyn/Leak: 117
Total Energy (nJ): 78,426,257
Total Energy (nJ) 3D: 82,357,707
Cores Energy (nJ): 8,362,919
Route Energy (nJ): 13,732,867
Route Energy (nJ) 3D: 21,092,264
Mem Energy   (nJ): 56,330,471
Mem Energy   (nJ) 3D: 52,902,524
Avg. Power (mW): 41,273.39
Power Density (mW/mm2): 44.21

---Runtime---
Runtime in K cycles: 1,900.16
Microseconds: 1,900.16
Time per iteration (ms): 1.90

---Throughput---
GOP/s (aka OPS/ns): 652.42
GOP/s per core: 0.64
GFLOP/s: 78.23
GFLOP/s per core: 0.08
Max Peak GFLOP/s: 1,024.00
Avg. BW GB/s: 2,800.59
Max BW GB/s: 4,096.00

---Traffic---
In-Die bisection_bytes BW (GB/s): 256.00
Inter-board traffic (msg/ns): 0.00, per-link: 0.00
Inter-pack traffic (msg/ns): 0.00, per-link: 0.00
Inter-die traffic (msg/ns): 54.52, per-link: 0.21
Ruche traffic (msg/ns): 57.73, per-link: 0.23
All traffic (msg/ns): 2,125.00, per-link: 2.08
Inter-die reduction wrt all: 38.98
Inter-board reduction wrt inter-die: inf

---Data Movement---
All traffic (msg): 4,037,844,861
Arith. Intensity FLOP/Loads: 0.22
Arith. Intensity FLOP/Msgs: 0.04
Arith. Intensity OPS/Loads: 1.84
Arith. Intensity OPS/Msgs: 0.31



===Core Utilization Total=== CORE-S:19;; TIME K cy:1,900 ;; Nodes Proc: 680,600 -- Edges Proc: 19,164,643
======== IT IS COLD ======= Only 10 Tiles active

===PRINTING FRAME STATS

FCollision In Avg:1, SD:6, Max:94, Min:0
FCollision Out Avg:1, SD:7, Max:95, Min:0
FCollision End Avg:0, SD:3, Max:54, Min:0
FTask1 Avg:1, SD:4, Max:48, Min:0
FTask2 Avg:1, SD:7, Max:95, Min:0
FTask3 Avg:3, SD:1, Max:20, Min:1
FCore Active Avg:5, SD:10, Max:100, Min:2
FRouter Active Avg:7, SD:8, Max:60, Min:0
T1 invocations: 17,395
T2 invocations: 23,855
T3 invocations: 594,829
T3b invocations: 0
Total3 invocations: 594,829
Total4 invocations: 2,417

T3/T2 ratio: 25
T3b/T3 ratio: 0

T1 avg ex cycles: 33
T2 avg ex cycles: 45
T3&b avg ex cycles: 5
T4 avg ex cycles: 69
Avg. hops NOC1: 4
Avg. latency NOC1 (T2): 2,837
Avg. hops NOC2: 12
Avg. latency NOC2 (T3): 1,171

===PRINTING ACUM STATS at pu_cycles: 2,000,494

ACollision In Avg:57, SD:21, Max:154, Min:12
ACollision Out Avg:53, SD:24, Max:122, Min:3
ACollision End Avg:16, SD:10, Max:95, Min:1
ATask1 Avg:11, SD:0, Max:13, Min:5
ATask2 Avg:15, SD:1, Max:17, Min:0
ATask3 Avg:40, SD:7, Max:81, Min:26
ACore Active Avg:67, SD:6, Max:100, Min:47
ARouter Active Avg:61, SD:4, Max:75, Min:25
T1 invocations: 6,049,749
T2 invocations: 5,798,942
T3 invocations: 149,241,152
T3b invocations: 0
Total3 invocations: 149,241,152
Total4 invocations: 135,037

T3/T2 ratio: 26
T3b/T3 ratio: 0

T1 avg ex cycles: 39
T2 avg ex cycles: 53
T3&b avg ex cycles: 5
T4 avg ex cycles: 172
Avg. hops NOC1: 3
Avg. latency NOC1 (T2): 9,417
Avg. hops NOC2: 13
Avg. latency NOC2 (T3): 4,654
Number of K Nodes Processed: 5,468
Number of K Edges Processed: 149,247
Node Re-explore factor: 1.30
Edge Re-explore factor: 1.16
Nodes/cy: 3
Edges/cy: 75
TEPS: 64

---DCache---
DCache Size: 125,904
DRAM words: 133,760
  DHits: 244,814,302
  DMisses: 9,198,679
  DHit Rate (hit/miss): 96%
  DEvictions: 1,352,324
  DEviction Rate (evict/misses): 15%
  MC Transactions: 9,787,122
  MC Writes: 436,909
Avg. Transactions: 15% , Writes: 1%, Avg. Latency: 12
Max MC id: 24 of 32. Transactions: 16% , Writes: 1%, MC mean Latency: 12
HBM refresh energy (nJ): 5
HBM access energy (nJ): 18,540,723
MemC wire energy 2.5d (nJ): 4,586,723
MemC wire energy 3d (nJ): 1,146,681

---Energy---
Leakage Energy (nJ): 698,078
PU Dyn E (nJ): 8,389,492
Mem Dyn E (nJ): 55,928,705
Route Dyn E (nJ): 13,752,644
Dynamic Energy (nJ): 78,070,842
Ratio of Dyn/Leak: 112
Total Energy (nJ): 78,768,920
Total Energy (nJ) 3D: 82,717,304
Cores Energy (nJ): 8,395,060
Route Energy (nJ): 13,790,914
Route Energy (nJ) 3D: 21,179,340
Mem Energy   (nJ): 56,582,947
Mem Energy   (nJ) 3D: 53,142,904
Avg. Power (mW): 39,374.73
Power Density (mW/mm2): 42.17

---Runtime---
Runtime in K cycles: 2,000.49
Microseconds: 2,000.49
Time per iteration (ms): 2.00

---Throughput---
GOP/s (aka OPS/ns): 622.01
GOP/s per core: 0.61
GFLOP/s: 74.60
GFLOP/s per core: 0.07
Max Peak GFLOP/s: 1,024.00
Avg. BW GB/s: 2,671.13
Max BW GB/s: 4,096.00

---Traffic---
In-Die bisection_bytes BW (GB/s): 256.00
Inter-board traffic (msg/ns): 0.00, per-link: 0.00
Inter-pack traffic (msg/ns): 0.00, per-link: 0.00
Inter-die traffic (msg/ns): 52.03, per-link: 0.20
Ruche traffic (msg/ns): 55.07, per-link: 0.22
All traffic (msg/ns): 2,026.47, per-link: 1.98
Inter-die reduction wrt all: 38.95
Inter-board reduction wrt inter-die: inf

---Data Movement---
All traffic (msg): 4,053,949,840
Arith. Intensity FLOP/Loads: 0.22
Arith. Intensity FLOP/Msgs: 0.04
Arith. Intensity OPS/Loads: 1.84
Arith. Intensity OPS/Msgs: 0.31



===Core Utilization Total=== CORE-S:20;; TIME K cy:2,000 ;; Nodes Proc: 680,901 -- Edges Proc: 19,164,981
======== IT IS COLD ======= Only 3 Tiles active

===PRINTING FRAME STATS

FCollision In Avg:0, SD:3, Max:94, Min:0
FCollision Out Avg:0, SD:5, Max:95, Min:0
FCollision End Avg:0, SD:2, Max:52, Min:0
FTask1 Avg:0, SD:2, Max:43, Min:0
FTask2 Avg:0, SD:4, Max:75, Min:0
FTask3 Avg:1, SD:1, Max:13, Min:0
FCore Active Avg:2, SD:5, Max:92, Min:0
FRouter Active Avg:2, SD:4, Max:51, Min:0
T1 invocations: 5,176
T2 invocations: 8,113
T3 invocations: 198,577
T3b invocations: 0
Total3 invocations: 198,577
Total4 invocations: 899

T3/T2 ratio: 24
T3b/T3 ratio: 0

T1 avg ex cycles: 33
T2 avg ex cycles: 42
T3&b avg ex cycles: 5
T4 avg ex cycles: 58
Avg. hops NOC1: 3
Avg. latency NOC1 (T2): 2,588
Avg. hops NOC2: 11
Avg. latency NOC2 (T3): 671

===PRINTING ACUM STATS at pu_cycles: 2,100,098

ACollision In Avg:54, SD:20, Max:145, Min:11
ACollision Out Avg:51, SD:23, Max:114, Min:3
ACollision End Avg:15, SD:10, Max:95, Min:1
ATask1 Avg:11, SD:0, Max:12, Min:5
ATask2 Avg:14, SD:1, Max:17, Min:1
ATask3 Avg:38, SD:6, Max:81, Min:25
ACore Active Avg:64, SD:6, Max:100, Min:45
ARouter Active Avg:58, SD:4, Max:72, Min:24
T1 invocations: 6,057,391
T2 invocations: 5,808,024
T3 invocations: 149,439,842
T3b invocations: 0
Total3 invocations: 149,439,842
Total4 invocations: 135,980

T3/T2 ratio: 26
T3b/T3 ratio: 0

T1 avg ex cycles: 39
T2 avg ex cycles: 53
T3&b avg ex cycles: 5
T4 avg ex cycles: 171
Avg. hops NOC1: 3
Avg. latency NOC1 (T2): 9,407
Avg. hops NOC2: 13
Avg. latency NOC2 (T3): 4,648
Number of K Nodes Processed: 5,469
Number of K Edges Processed: 149,442
Node Re-explore factor: 1.30
Edge Re-explore factor: 1.16
Nodes/cy: 3
Edges/cy: 71
TEPS: 61

---DCache---
DCache Size: 125,904
DRAM words: 133,760
  DHits: 245,211,153
  DMisses: 9,210,646
  DHit Rate (hit/miss): 96%
  DEvictions: 1,354,478
  DEviction Rate (evict/misses): 15%
  MC Transactions: 9,799,435
  MC Writes: 437,254
Avg. Transactions: 15% , Writes: 1%, Avg. Latency: 12
Max MC id: 24 of 32. Transactions: 15% , Writes: 1%, MC mean Latency: 12
HBM refresh energy (nJ): 6
HBM access energy (nJ): 18,564,049
MemC wire energy 2.5d (nJ): 4,592,493
MemC wire energy 3d (nJ): 1,148,123

---Energy---
Leakage Energy (nJ): 732,835
PU Dyn E (nJ): 8,400,394
Mem Dyn E (nJ): 56,002,152
Route Dyn E (nJ): 13,769,891
Dynamic Energy (nJ): 78,172,437
Ratio of Dyn/Leak: 107
Total Energy (nJ): 78,905,272
Total Energy (nJ) 3D: 82,858,000
Cores Energy (nJ): 8,406,239
Route Energy (nJ): 13,810,066
Route Energy (nJ) 3D: 21,207,164
Mem Energy   (nJ): 56,688,968
Mem Energy   (nJ) 3D: 53,244,598
Avg. Power (mW): 37,572.19
Power Density (mW/mm2): 40.24

---Runtime---
Runtime in K cycles: 2,100.10
Microseconds: 2,100.10
Time per iteration (ms): 2.10

---Throughput---
GOP/s (aka OPS/ns): 593.27
GOP/s per core: 0.58
GFLOP/s: 71.16
GFLOP/s per core: 0.07
Max Peak GFLOP/s: 1,024.00
Avg. BW GB/s: 2,547.77
Max BW GB/s: 4,096.00

---Traffic---
In-Die bisection_bytes BW (GB/s): 256.00
Inter-board traffic (msg/ns): 0.00, per-link: 0.00
Inter-pack traffic (msg/ns): 0.00, per-link: 0.00
Inter-die traffic (msg/ns): 49.65, per-link: 0.19
Ruche traffic (msg/ns): 52.54, per-link: 0.21
All traffic (msg/ns): 1,932.71, per-link: 1.89
Inter-die reduction wrt all: 38.93
Inter-board reduction wrt inter-die: inf

---Data Movement---
All traffic (msg): 4,058,888,071
Arith. Intensity FLOP/Loads: 0.22
Arith. Intensity FLOP/Msgs: 0.04
Arith. Intensity OPS/Loads: 1.84
Arith. Intensity OPS/Msgs: 0.31



===Core Utilization Total=== CORE-S:21;; TIME K cy:2,100 ;; Nodes Proc: 681,044 -- Edges Proc: 19,165,118
======== IT IS COLD ======= Only 3 Tiles active

===PRINTING FRAME STATS

FCollision In Avg:0, SD:3, Max:98, Min:0
FCollision Out Avg:0, SD:4, Max:98, Min:0
FCollision End Avg:0, SD:2, Max:35, Min:0
FTask1 Avg:0, SD:2, Max:53, Min:0
FTask2 Avg:0, SD:3, Max:77, Min:0
FTask3 Avg:1, SD:0, Max:4, Min:0
FCore Active Avg:1, SD:4, Max:80, Min:0
FRouter Active Avg:2, SD:4, Max:41, Min:0
T1 invocations: 3,507
T2 invocations: 3,714
T3 invocations: 144,831
T3b invocations: 0
Total3 invocations: 144,831
Total4 invocations: 676

T3/T2 ratio: 39
T3b/T3 ratio: 0

T1 avg ex cycles: 34
T2 avg ex cycles: 47
T3&b avg ex cycles: 5
T4 avg ex cycles: 53
Avg. hops NOC1: 4
Avg. latency NOC1 (T2): 4,151
Avg. hops NOC2: 11
Avg. latency NOC2 (T3): 607

===PRINTING ACUM STATS at pu_cycles: 2,200,031

ACollision In Avg:53, SD:19, Max:139, Min:11
ACollision Out Avg:49, SD:22, Max:109, Min:3
ACollision End Avg:14, SD:9, Max:86, Min:1
ATask1 Avg:11, SD:0, Max:12, Min:6
ATask2 Avg:14, SD:1, Max:17, Min:1
ATask3 Avg:37, SD:6, Max:74, Min:24
ACore Active Avg:62, SD:6, Max:93, Min:45
ARouter Active Avg:57, SD:4, Max:69, Min:23
T1 invocations: 6,060,712
T2 invocations: 5,813,377
T3 invocations: 149,513,424
T3b invocations: 0
Total3 invocations: 149,513,424
Total4 invocations: 136,345

T3/T2 ratio: 26
T3b/T3 ratio: 0

T1 avg ex cycles: 39
T2 avg ex cycles: 53
T3&b avg ex cycles: 5
T4 avg ex cycles: 171
Avg. hops NOC1: 3
Avg. latency NOC1 (T2): 9,405
Avg. hops NOC2: 13
Avg. latency NOC2 (T3): 4,646
Number of K Nodes Processed: 5,470
Number of K Edges Processed: 149,557
Node Re-explore factor: 1.30
Edge Re-explore factor: 1.17
Nodes/cy: 2
Edges/cy: 68
TEPS: 58

---DCache---
DCache Size: 125,904
DRAM words: 133,760
  DHits: 245,443,869
  DMisses: 9,217,714
  DHit Rate (hit/miss): 96%
  DEvictions: 1,355,631
  DEviction Rate (evict/misses): 15%
  MC Transactions: 9,806,996
  MC Writes: 437,746
Avg. Transactions: 14% , Writes: 1%, Avg. Latency: 12
Max MC id: 24 of 32. Transactions: 15% , Writes: 1%, MC mean Latency: 12
HBM refresh energy (nJ): 6
HBM access energy (nJ): 18,578,373
MemC wire energy 2.5d (nJ): 4,596,037
MemC wire energy 3d (nJ): 1,149,009

---Energy---
Leakage Energy (nJ): 767,707
PU Dyn E (nJ): 8,405,151
Mem Dyn E (nJ): 56,046,216
Route Dyn E (nJ): 13,780,357
Dynamic Energy (nJ): 78,231,725
Ratio of Dyn/Leak: 102
Total Energy (nJ): 78,999,432
Total Energy (nJ) 3D: 82,955,404
Cores Energy (nJ): 8,411,274
Route Energy (nJ): 13,822,444
Route Energy (nJ) 3D: 21,225,444
Mem Energy   (nJ): 56,765,715
Mem Energy   (nJ) 3D: 53,318,687
Avg. Power (mW): 35,908.33
Power Density (mW/mm2): 38.46

---Runtime---
Runtime in K cycles: 2,200.03
Microseconds: 2,200.03
Time per iteration (ms): 2.20

---Throughput---
GOP/s (aka OPS/ns): 566.66
GOP/s per core: 0.55
GFLOP/s: 67.96
GFLOP/s per core: 0.07
Max Peak GFLOP/s: 1,024.00
Avg. BW GB/s: 2,433.90
Max BW GB/s: 4,096.00

---Traffic---
In-Die bisection_bytes BW (GB/s): 256.00
Inter-board traffic (msg/ns): 0.00, per-link: 0.00
Inter-pack traffic (msg/ns): 0.00, per-link: 0.00
Inter-die traffic (msg/ns): 47.42, per-link: 0.19
Ruche traffic (msg/ns): 50.18, per-link: 0.20
All traffic (msg/ns): 1,846.33, per-link: 1.80
Inter-die reduction wrt all: 38.93
Inter-board reduction wrt inter-die: inf

---Data Movement---
All traffic (msg): 4,061,980,265
Arith. Intensity FLOP/Loads: 0.22
Arith. Intensity FLOP/Msgs: 0.04
Arith. Intensity OPS/Loads: 1.84
Arith. Intensity OPS/Msgs: 0.31



===Core Utilization Total=== CORE-S:22;; TIME K cy:2,200 ;; Nodes Proc: 681,155 -- Edges Proc: 19,165,246
======== IT IS COLD ======= Only 0 Tiles active

===PRINTING FRAME STATS

FCollision In Avg:0, SD:3, Max:94, Min:0
FCollision Out Avg:0, SD:4, Max:98, Min:0
FCollision End Avg:0, SD:2, Max:64, Min:0
FTask1 Avg:0, SD:0, Max:15, Min:0
FTask2 Avg:0, SD:3, Max:66, Min:0
FTask3 Avg:0, SD:0, Max:3, Min:0
FCore Active Avg:0, SD:3, Max:66, Min:0
FRouter Active Avg:1, SD:3, Max:33, Min:0
T1 invocations: 911
T2 invocations: 1,450
T3 invocations: 55,253
T3b invocations: 0
Total3 invocations: 55,253
Total4 invocations: 282

T3/T2 ratio: 38
T3b/T3 ratio: 0

T1 avg ex cycles: 36
T2 avg ex cycles: 85
T3&b avg ex cycles: 5
T4 avg ex cycles: 36
Avg. hops NOC1: 3
Avg. latency NOC1 (T2): 9,640
Avg. hops NOC2: 14
Avg. latency NOC2 (T3): 663

===PRINTING ACUM STATS at pu_cycles: 2,300,102

ACollision In Avg:50, SD:18, Max:133, Min:10
ACollision Out Avg:47, SD:21, Max:104, Min:3
ACollision End Avg:14, SD:9, Max:83, Min:1
ATask1 Avg:10, SD:0, Max:11, Min:6
ATask2 Avg:13, SD:1, Max:15, Min:4
ATask3 Avg:35, SD:6, Max:71, Min:23
ACore Active Avg:59, SD:5, Max:89, Min:46
ARouter Active Avg:53, SD:4, Max:66, Min:22
T1 invocations: 6,061,954
T2 invocations: 5,814,802
T3 invocations: 149,611,836
T3b invocations: 0
Total3 invocations: 149,611,836
Total4 invocations: 136,837

T3/T2 ratio: 26
T3b/T3 ratio: 0

T1 avg ex cycles: 39
T2 avg ex cycles: 53
T3&b avg ex cycles: 5
T4 avg ex cycles: 170
Avg. hops NOC1: 3
Avg. latency NOC1 (T2): 9,404
Avg. hops NOC2: 13
Avg. latency NOC2 (T3): 4,643
Number of K Nodes Processed: 5,471
Number of K Edges Processed: 149,612
Node Re-explore factor: 1.30
Edge Re-explore factor: 1.17
Nodes/cy: 2
Edges/cy: 65
TEPS: 56

---DCache---
DCache Size: 125,904
DRAM words: 133,760
  DHits: 245,554,902
  DMisses: 9,221,408
  DHit Rate (hit/miss): 96%
  DEvictions: 1,356,184
  DEviction Rate (evict/misses): 15%
  MC Transactions: 9,810,764
  MC Writes: 437,820
Avg. Transactions: 13% , Writes: 1%, Avg. Latency: 12
Max MC id: 24 of 32. Transactions: 14% , Writes: 1%, MC mean Latency: 12
HBM refresh energy (nJ): 6
HBM access energy (nJ): 18,585,511
MemC wire energy 2.5d (nJ): 4,597,803
MemC wire energy 3d (nJ): 1,149,451

---Energy---
Leakage Energy (nJ): 802,627
PU Dyn E (nJ): 8,409,711
Mem Dyn E (nJ): 56,070,398
Route Dyn E (nJ): 13,786,812
Dynamic Energy (nJ): 78,266,922
Ratio of Dyn/Leak: 98
Total Energy (nJ): 79,069,549
Total Energy (nJ) 3D: 83,027,396
Cores Energy (nJ): 8,416,112
Route Energy (nJ): 13,830,813
Route Energy (nJ) 3D: 21,237,013
Mem Energy   (nJ): 56,822,624
Mem Energy   (nJ) 3D: 53,374,271
Avg. Power (mW): 34,376.54
Power Density (mW/mm2): 36.82

---Runtime---
Runtime in K cycles: 2,300.10
Microseconds: 2,300.10
Time per iteration (ms): 2.30

---Throughput---
GOP/s (aka OPS/ns): 542.27
GOP/s per core: 0.53
GFLOP/s: 65.05
GFLOP/s per core: 0.06
Max Peak GFLOP/s: 1,024.00
Avg. BW GB/s: 2,329.10
Max BW GB/s: 4,096.00

---Traffic---
In-Die bisection_bytes BW (GB/s): 256.00
Inter-board traffic (msg/ns): 0.00, per-link: 0.00
Inter-pack traffic (msg/ns): 0.00, per-link: 0.00
Inter-die traffic (msg/ns): 45.39, per-link: 0.18
Ruche traffic (msg/ns): 48.02, per-link: 0.19
All traffic (msg/ns): 1,766.81, per-link: 1.73
Inter-die reduction wrt all: 38.93
Inter-board reduction wrt inter-die: inf

---Data Movement---
All traffic (msg): 4,063,842,799
Arith. Intensity FLOP/Loads: 0.22
Arith. Intensity FLOP/Msgs: 0.04
Arith. Intensity OPS/Loads: 1.84
Arith. Intensity OPS/Msgs: 0.31



===Core Utilization Total=== CORE-S:23;; TIME K cy:2,300 ;; Nodes Proc: 681,234 -- Edges Proc: 19,165,329
======== IT IS COLD ======= Only 0 Tiles active

===PRINTING FRAME STATS

FCollision In Avg:0, SD:3, Max:94, Min:0
FCollision Out Avg:0, SD:1, Max:21, Min:0
FCollision End Avg:0, SD:1, Max:17, Min:0
FTask1 Avg:0, SD:0, Max:15, Min:0
FTask2 Avg:0, SD:3, Max:80, Min:0
FTask3 Avg:0, SD:0, Max:3, Min:0
FCore Active Avg:1, SD:3, Max:81, Min:0
FRouter Active Avg:1, SD:3, Max:44, Min:0
T1 invocations: 736
T2 invocations: 3,440
T3 invocations: 88,164
T3b invocations: 0
Total3 invocations: 88,164
Total4 invocations: 381

T3/T2 ratio: 26
T3b/T3 ratio: 0

T1 avg ex cycles: 39
T2 avg ex cycles: 52
T3&b avg ex cycles: 5
T4 avg ex cycles: 22
Avg. hops NOC1: 3
Avg. latency NOC1 (T2): 2,692
Avg. hops NOC2: 13
Avg. latency NOC2 (T3): 108

===PRINTING ACUM STATS at pu_cycles: 2,400,381

ACollision In Avg:48, SD:17, Max:127, Min:10
ACollision Out Avg:45, SD:20, Max:102, Min:2
ACollision End Avg:13, SD:8, Max:83, Min:1
ATask1 Avg:10, SD:0, Max:10, Min:6
ATask2 Avg:12, SD:1, Max:15, Min:11
ATask3 Avg:33, SD:5, Max:71, Min:22
ACore Active Avg:56, SD:5, Max:89, Min:45
ARouter Active Avg:51, SD:4, Max:63, Min:21
T1 invocations: 6,062,339
T2 invocations: 5,819,139
T3 invocations: 149,699,753
T3b invocations: 0
Total3 invocations: 149,699,753
Total4 invocations: 137,219

T3/T2 ratio: 26
T3b/T3 ratio: 0

T1 avg ex cycles: 39
T2 avg ex cycles: 53
T3&b avg ex cycles: 5
T4 avg ex cycles: 170
Avg. hops NOC1: 3
Avg. latency NOC1 (T2): 9,401
Avg. hops NOC2: 13
Avg. latency NOC2 (T3): 4,641
Number of K Nodes Processed: 5,471
Number of K Edges Processed: 149,700
Node Re-explore factor: 1.30
Edge Re-explore factor: 1.17
Nodes/cy: 2
Edges/cy: 62
TEPS: 53

---DCache---
DCache Size: 125,904
DRAM words: 133,760
  DHits: 245,734,212
  DMisses: 9,227,086
  DHit Rate (hit/miss): 96%
  DEvictions: 1,357,202
  DEviction Rate (evict/misses): 15%
  MC Transactions: 9,816,748
  MC Writes: 438,126
Avg. Transactions: 13% , Writes: 1%, Avg. Latency: 12
Max MC id: 24 of 32. Transactions: 13% , Writes: 1%, MC mean Latency: 12
HBM refresh energy (nJ): 7
HBM access energy (nJ): 18,596,847
MemC wire energy 2.5d (nJ): 4,600,607
MemC wire energy 3d (nJ): 1,150,152

---Energy---
Leakage Energy (nJ): 837,619
PU Dyn E (nJ): 8,414,213
Mem Dyn E (nJ): 56,106,965
Route Dyn E (nJ): 13,795,194
Dynamic Energy (nJ): 78,316,373
Ratio of Dyn/Leak: 93
Total Energy (nJ): 79,153,992
Total Energy (nJ) 3D: 83,114,322
Cores Energy (nJ): 8,420,894
Route Energy (nJ): 13,841,113
Route Energy (nJ) 3D: 21,251,899
Mem Energy   (nJ): 56,891,986
Mem Energy   (nJ) 3D: 53,441,531
Avg. Power (mW): 32,975.60
Power Density (mW/mm2): 35.32

---Runtime---
Runtime in K cycles: 2,400.38
Microseconds: 2,400.38
Time per iteration (ms): 2.40

---Throughput---
GOP/s (aka OPS/ns): 519.88
GOP/s per core: 0.51
GFLOP/s: 62.36
GFLOP/s per core: 0.06
Max Peak GFLOP/s: 1,024.00
Avg. BW GB/s: 2,233.30
Max BW GB/s: 4,096.00

---Traffic---
In-Die bisection_bytes BW (GB/s): 256.00
Inter-board traffic (msg/ns): 0.00, per-link: 0.00
Inter-pack traffic (msg/ns): 0.00, per-link: 0.00
Inter-die traffic (msg/ns): 43.52, per-link: 0.17
Ruche traffic (msg/ns): 46.04, per-link: 0.18
All traffic (msg/ns): 1,694.04, per-link: 1.65
Inter-die reduction wrt all: 38.93
Inter-board reduction wrt inter-die: inf

---Data Movement---
All traffic (msg): 4,066,334,552
Arith. Intensity FLOP/Loads: 0.22
Arith. Intensity FLOP/Msgs: 0.04
Arith. Intensity OPS/Loads: 1.84
Arith. Intensity OPS/Msgs: 0.31



===Core Utilization Total=== CORE-S:24;; TIME K cy:2,400 ;; Nodes Proc: 681,292 -- Edges Proc: 19,165,376
======== IT IS COLD ======= Only 0 Tiles active
Epoch Done Router: 0
Epoch Done Router: 2
Epoch Done Router: 6
Epoch Done Router: 4
Epoch Done Router: 1
Epoch Done Router: 5
Epoch Done Router: 3
Epoch Done Router: 7
##EPOCH## 1 COMPLETED at Time (K cy): 2,405
Nodes processed until now: 5,471,751
Edges processed until now: 149,702,039
Program Done Worker Thread: 7
Program Done Worker Thread: 0
Program Done Router Thread: 5
Program Done Router Thread: 7
Program Done Router Thread: 3
Program Done Worker Thread: 3
Program Done Router Thread: 2
Program Done Router Thread: 6
Program Done Router Thread: 4
Program Done Worker Thread: 1
Program Done Router Thread: 1
Program Done Worker Thread: 2
Program Done Router Thread: 0
Program Done Worker Thread: 5
Program Done Worker Thread: 4
Program Done Worker Thread: 6

===PRINTING ACUM STATS at pu_cycles: 2,405,434

ACollision In Avg:48, SD:17, Max:127, Min:10
ACollision Out Avg:44, SD:20, Max:100, Min:2
ACollision End Avg:13, SD:8, Max:80, Min:1
ATask1 Avg:10, SD:0, Max:10, Min:9
ATask2 Avg:12, SD:1, Max:15, Min:11
ATask3 Avg:33, SD:5, Max:68, Min:22
ACore Active Avg:56, SD:5, Max:89, Min:44
ARouter Active Avg:51, SD:4, Max:63, Min:21
T1 invocations: 6,064,565
T2 invocations: 5,819,283
T3 invocations: 149,702,039
T3b invocations: 0
Total3 invocations: 149,702,039
Total4 invocations: 137,258

T3/T2 ratio: 26
T3b/T3 ratio: 0

T1 avg ex cycles: 39
T2 avg ex cycles: 53
T3&b avg ex cycles: 5
T4 avg ex cycles: 170
Avg. hops NOC1: 3
Avg. latency NOC1 (T2): 9,400
Avg. hops NOC2: 13
Avg. latency NOC2 (T3): 4,641

Runtime at program end in K cycles: 2,405
Runtime before cooldown in K cycles: 1,600


Number of K Nodes Processed: 5,471
Number of K Edges Processed: 149,702
Node Re-explore factor: 1.30
Edge Re-explore factor: 1.17
Nodes/cy: 2
Edges/cy: 62
TEPS: 53

---DCache---
DCache Size: 125,904
DRAM words: 133,760
  DHits: 245,737,997
  DMisses: 9,227,167
  DHit Rate (hit/miss): 96%
  DEvictions: 1,357,215
  DEviction Rate (evict/misses): 15%
  MC Transactions: 9,816,829
  MC Writes: 438,126
Avg. Transactions: 13% , Writes: 1%, Avg. Latency: 12
Max MC id: 24 of 32. Transactions: 13% , Writes: 1%, MC mean Latency: 12
HBM refresh energy (nJ): 7
HBM access energy (nJ): 18,597,000
MemC wire energy 2.5d (nJ): 4,600,645
MemC wire energy 3d (nJ): 1,150,161

---Energy---
Leakage Energy (nJ): 839,383
PU Dyn E (nJ): 8,414,740
Mem Dyn E (nJ): 56,108,072
Route Dyn E (nJ): 13,795,386
Dynamic Energy (nJ): 78,318,198
Ratio of Dyn/Leak: 93
Total Energy (nJ): 79,157,581
Total Energy (nJ) 3D: 83,117,990
Cores Energy (nJ): 8,421,435
Route Energy (nJ): 13,841,402
Route Energy (nJ) 3D: 21,252,295
Mem Energy   (nJ): 56,894,745
Mem Energy   (nJ) 3D: 53,444,261
Avg. Power (mW): 32,907.82
Power Density (mW/mm2): 35.25

---Runtime---
Runtime in K cycles: 2,405.43
Microseconds: 2,405.43
Time per iteration (ms): 2.41

---Inst---
K Loads: 679,793
K Stores: 660,438
K Instructions: 1,248,017

---Throughput---
GOP/s (aka OPS/ns): 518.83
GOP/s per core: 0.51
GFLOP/s: 62.23
GFLOP/s per core: 0.06
Max Peak GFLOP/s: 1,024.00
Avg. BW GB/s: 2,228.67
Max BW GB/s: 4,096.00

---Traffic---
In-Die bisection_bytes BW (GB/s): 256.00
Inter-board traffic (msg/ns): 0.00, per-link: 0.00
Inter-pack traffic (msg/ns): 0.00, per-link: 0.00
Inter-die traffic (msg/ns): 43.43, per-link: 0.17
Ruche traffic (msg/ns): 45.94, per-link: 0.18
All traffic (msg/ns): 1,690.50, per-link: 1.65
Inter-die reduction wrt all: 38.93
Inter-board reduction wrt inter-die: inf

---Data Movement---
All traffic (msg): 4,066,392,109
Arith. Intensity FLOP/Loads: 0.22
Arith. Intensity FLOP/Msgs: 0.04
Arith. Intensity OPS/Loads: 1.84
Arith. Intensity OPS/Msgs: 0.31

Simulation time: 158.79
Sim time / DUT time: 64.47
Sim noc_cy/s: 15,148.65
Sim Msg/s: 25,608,837.76

Version 32

