Dataset:  Kron22/
Dry run: 0
Open Edge Count File succesfully
Edges Traversed BFS: 128309848
Found Vertices: 4194304, Edges: 128311436
avg degree 31
Array  Kron22/node_array.bin found
Malloc array of size 16777220 bytes
Readin array of size 16777216 bytes
Finished Reading Array Bytes
No reordering Array 32bit
Array  Kron22/edge_array.bin found
Malloc array of size 513245744 bytes
Readin array of size 513245744 bytes
Finished Reading Array Bytes
No reordering Array 32bit
Reading graph elapsed time: 0.149174s

Dataset Footprint: 505 MiB
Dataset Footprint per Board: 4240.44 Mb
Dataset injection time (ms): 0.258816
Max Dataset Footprint: 1026 MiB

Dataset footprint per tile: 505 KiB
Proxys footprint per tile: 0 KiB
Reserved SRAM per tile: 4 KiB

Ideal SRAM per tile: 509 KiB
reserved_words_for_dataset:25964
dataset_words_per_tile:129408
remaining_sram_words:129822
min_dcache_sram_words_required:26256
dataset_words_per_tile:129408
min_pcache_sram_words_required:0
proxys_words_per_tile:0
Dcache footprint ratio: 1
Dataset Cached: 0
DCache: 129408 words, lines: 8088, sets: 8088
Proxys Cached: 0
Pcache: 0 words, sets: 0
Node per tile: 4,096
Edge per tile: 125,305
GRID_X: 32
GRID_SIZE: 1,024
smt_per_tile: 1
noc_freq: 1
pu_freq: 1
RUCHE_X: 8
PROXY_W: 32
DIE_W: 16
DIE_H: 16
DIES: 4
BORDER_TILES_PER_DIE: 64
PACK_W: 32
PACK_H: 32
DIES_PACK_FACTOR: 2
DIES_PER_PACK: 4
PACKAGES: 1
BOARD_W: 32
BOARD_H: 32
BOARDS: 1
MUX_BUS: 1
DCACHE: 1
PCACHE: 0
PROXY_FACTOR: 1
CACHE_WAYS: 1
TORUS: 1
PHY_NOCS: 1
WIDE_NOC_ID: 0
NOC_CONF: 1
noc_width: 32
hbm_channel_bit_width: 512
ld_st_op_byte_width: 4
PROXY_ROUTING: 0
WITHIN_REGION: 0
WRITE_THROUGH: 0
ASSERT_MODE: 0
GLOBAL_BARRIER: 0
OQ flits: 6 ; 64 ; 2
IQ flits: 6 ; 1,024 ; 32
OQ messages: 2 ; 32 ; 1
IQ messages: 2 ; 512 ; 16
max_task2 size: 64
io_factor_t2: 16
io_factor_t3: 16
io_factor_t3b: 16

Active SRAM Storage per tile: 510 KiB
Total SRAM Storage per tile: 512 KiB
Agreggated SRAM Storage: 512 MiB

Active DRAM Storage per tile: 0 MiB
Total DRAM Storage per tile: 32 MiB
Agreggated DRAM Storage: 32 GiB

Inter-Die #links: 512
Inter-Die (Gbits): 16,384
Inter-Die (Gbits/mm): 448.481
Bisection BW of Board (Gbits): 8,192
Border IO #Dies: 8
Border IO Die BW (Gbits): 2,048
Off-Board BW Total (Gbits): 16,384
Off-Board BW Density (Gbits/mm): 134
Die side: 9.13 mm
Die border wire density: 448.48 Gbits/mm
HBM wire density: 448.48 Gbits/mm

Tiles per Die: 256 (16x16)
Tile Area: 0.20 mm2, side: 0.44 mm
- Core/Rout Area: 0.05 mm2
- SRAM Area: 0.14 mm2
- SRAM/Logic Ratio: 2.64x

Dies per Package: 4 (2x2)
Die Area: 83.41 mm2, side: 9.13 mm
- Tiles Area: 50.67 mm2
- PHY Area: 23.74 mm2
- MC Area: 9.00 mm2

Packages per Board: 1 (1x1)
Package Area: 933.65 mm2, side: 30.56 mm
- IOdie Area: 160.00 mm2
- Dies Area: 333.65 mm2
- HBM Area: 440.00 mm2

Boards: 1 (1x1)
Board Area: 933.65 mm2
Total Area: 933.65 mm2



ESTIMATED COST OF SILICON AND PACKAGING. ONLY VARIABLE, NO FIXED COSTS
Good dies per wafer 3d: 407
Good dies per wafer 2d: 660
--Dies 3D Cost: 59.43 $
--Dies 2.5D Cost: 36.65 $
--Dies 2D Cost: 36.65 $
--HBM Cost: 240.00 $
--IOdie Cost: 16.88 $
--Packaging Cost 3d: 13.28 $
--Packaging Cost 2.5d: 20.86 $
--Packaging Cost 2d: 8.03 $
SiP Cost 3d: 329.59 $
SiP Cost 2.5d: 314.38 $
SiP Cost 2d: 61.56 $
--Board Cost: 0.93 $
Total SiPs Cost 3d: 330.52 $
Total SiPs Cost 2.5d: 315.32 $
Total SiPs Cost 2d: 62.49 $

Perf counters initialized
Mesh connected
Cache structures initialized
proxys initialized
Dataset structures initialized


Starting Simulation
INIT epoch: 1
INIT epoch: 1
INIT epoch: 1
INIT epoch: 1
INIT epoch: 1
INIT epoch: 1
INIT epoch: 1
INIT epoch: 1

===PRINTING FRAME STATS

FCollision In Avg:-nan, SD:-nan, Max:72, Min:0
FCollision Out Avg:-nan, SD:-nan, Max:4, Min:0
FCollision End Avg:-nan, SD:-nan, Max:0, Min:0
FTask1 Avg:-nan, SD:-nan, Max:85, Min:51
FTask2 Avg:-nan, SD:-nan, Max:0, Min:0
FTask3 Avg:-nan, SD:-nan, Max:49, Min:15
FCore Active Avg:-nan, SD:-nan, Max:100, Min:99
FRouter Active Avg:-nan, SD:-nan, Max:96, Min:39
T1 invocations: 390,285
T2 invocations: 0
T3 invocations: 12,006,036
T3b invocations: 0
Total3 invocations: 12,006,036
Total4 invocations: 0

T3/T2 ratio: inf
T3b/T3 ratio: 0

T1 avg ex cycles: 200
T2 avg ex cycles: -nan
T3&b avg ex cycles: 2
T4 avg ex cycles: -nan
Avg. hops NOC1: -nan
Avg. latency NOC1 (T2): -nan
Avg. hops NOC2: 13
Avg. latency NOC2 (T3): 3,271

===PRINTING ACUM STATS at pu_cycles: 100,402

ACollision In Avg:11, SD:8, Max:72, Min:0
ACollision Out Avg:0, SD:0, Max:4, Min:0
ACollision End Avg:0, SD:0, Max:0, Min:0
ATask1 Avg:76, SD:4, Max:85, Min:51
ATask2 Avg:0, SD:0, Max:0, Min:0
ATask3 Avg:24, SD:4, Max:49, Min:15
ACore Active Avg:100, SD:0, Max:100, Min:99
ARouter Active Avg:86, SD:5, Max:96, Min:39
T1 invocations: 391,811
T2 invocations: 0
T3 invocations: 12,053,541
T3b invocations: 0
Total3 invocations: 12,053,541
Total4 invocations: 0

T3/T2 ratio: inf
T3b/T3 ratio: 0

T1 avg ex cycles: 200
T2 avg ex cycles: -nan
T3&b avg ex cycles: 2
T4 avg ex cycles: -nan
Avg. hops NOC1: -nan
Avg. latency NOC1 (T2): -nan
Avg. hops NOC2: 13
Avg. latency NOC2 (T3): 3,271
Number of K Nodes Processed: 12,078
Number of K Edges Processed: 12,078
Node Re-explore factor: 2.88
Edge Re-explore factor: 0.09
Nodes/cy: 120
Edges/cy: 120
TEPS: 1,278

---DCache---
DCache Size: 129,408
DRAM words: 0
  DHits: 0
  DMisses: 0

---Energy---
Leakage Energy (nJ): 34,971
PU Dyn E (nJ): 692,430
Mem Dyn E (nJ): 2,020,427
Route Dyn E (nJ): 1,092,140
Dynamic Energy (nJ): 3,804,997
Ratio of Dyn/Leak: 109
Total Energy (nJ): 3,839,968
Total Energy (nJ) 3D: 4,451,389
Cores Energy (nJ): 692,710
Route Energy (nJ): 1,094,061
Route Energy (nJ) 3D: 1,705,482
Mem Energy   (nJ): 2,053,198
Mem Energy   (nJ) 3D: 2,053,198
Avg. Power (mW): 38,245.93
Power Density (mW/mm2): 40.96

---Runtime---
Runtime in K cycles: 100.40
Microseconds: 100.40
Time per iteration (ms): 0.10

---Throughput---
GOP/s (aka OPS/ns): 1,016.71
GOP/s per core: 0.99
GFLOP/s: 124.23
GFLOP/s per core: 0.12
Max Peak GFLOP/s: 1,024.00
Avg. BW GB/s: 3,921.94
Max BW GB/s: 4,096.00

---Traffic---
In-Die bisection_bytes BW (GB/s): 256.00
Inter-board traffic (msg/ns): 0.00, per-link: 0.00
Inter-pack traffic (msg/ns): 0.00, per-link: 0.00
Inter-die traffic (msg/ns): 82.16, per-link: 0.32
Ruche traffic (msg/ns): 99.58, per-link: 0.39
All traffic (msg/ns): 3,094.93, per-link: 3.02
Inter-die reduction wrt all: 37.67
Inter-board reduction wrt inter-die: inf

---Data Movement---
All traffic (msg): 310,737,542
Arith. Intensity FLOP/Loads: 0.20
Arith. Intensity FLOP/Msgs: 0.04
Arith. Intensity OPS/Loads: 1.65
Arith. Intensity OPS/Msgs: 0.33



===Core Utilization Total=== CORE-S:1;; TIME K cy:100 ;; Nodes Proc: 1,503,094 -- Edges Proc: 0

===PRINTING FRAME STATS

FCollision In Avg:11, SD:7, Max:60, Min:0
FCollision Out Avg:0, SD:0, Max:3, Min:0
FCollision End Avg:0, SD:0, Max:0, Min:0
FTask1 Avg:76, SD:4, Max:84, Min:49
FTask2 Avg:0, SD:0, Max:0, Min:0
FTask3 Avg:24, SD:4, Max:51, Min:16
FCore Active Avg:100, SD:0, Max:100, Min:99
FRouter Active Avg:85, SD:5, Max:97, Min:38
T1 invocations: 387,199
T2 invocations: 0
T3 invocations: 12,364,407
T3b invocations: 0
Total3 invocations: 12,364,407
Total4 invocations: 0

T3/T2 ratio: inf
T3b/T3 ratio: 0

T1 avg ex cycles: 201
T2 avg ex cycles: -nan
T3&b avg ex cycles: 2
T4 avg ex cycles: -nan
Avg. hops NOC1: -nan
Avg. latency NOC1 (T2): -nan
Avg. hops NOC2: 12
Avg. latency NOC2 (T3): 3,293

===PRINTING ACUM STATS at pu_cycles: 200,402

ACollision In Avg:11, SD:7, Max:54, Min:0
ACollision Out Avg:0, SD:0, Max:3, Min:0
ACollision End Avg:0, SD:0, Max:0, Min:0
ATask1 Avg:76, SD:4, Max:85, Min:50
ATask2 Avg:0, SD:0, Max:0, Min:0
ATask3 Avg:24, SD:4, Max:50, Min:15
ACore Active Avg:100, SD:0, Max:100, Min:100
ARouter Active Avg:85, SD:4, Max:96, Min:39
T1 invocations: 779,010
T2 invocations: 0
T3 invocations: 24,417,948
T3b invocations: 0
Total3 invocations: 24,417,948
Total4 invocations: 0

T3/T2 ratio: inf
T3b/T3 ratio: 0

T1 avg ex cycles: 200
T2 avg ex cycles: -nan
T3&b avg ex cycles: 2
T4 avg ex cycles: -nan
Avg. hops NOC1: -nan
Avg. latency NOC1 (T2): -nan
Avg. hops NOC2: 13
Avg. latency NOC2 (T3): 3,282
Number of K Nodes Processed: 24,442
Number of K Edges Processed: 24,442
Node Re-explore factor: 5.83
Edge Re-explore factor: 0.19
Nodes/cy: 122
Edges/cy: 122
TEPS: 640

---DCache---
DCache Size: 129,408
DRAM words: 0
  DHits: 0
  DMisses: 0

---Energy---
Leakage Energy (nJ): 69,803
PU Dyn E (nJ): 1,382,574
Mem Dyn E (nJ): 4,075,196
Route Dyn E (nJ): 2,173,436
Dynamic Energy (nJ): 7,631,206
Ratio of Dyn/Leak: 109
Total Energy (nJ): 7,701,009
Total Energy (nJ) 3D: 8,917,606
Cores Energy (nJ): 1,383,132
Route Energy (nJ): 2,177,270
Route Energy (nJ) 3D: 3,393,866
Mem Energy   (nJ): 4,140,607
Mem Energy   (nJ) 3D: 4,140,607
Avg. Power (mW): 38,427.80
Power Density (mW/mm2): 41.16

---Runtime---
Runtime in K cycles: 200.40
Microseconds: 200.40
Time per iteration (ms): 0.20

---Throughput---
GOP/s (aka OPS/ns): 1,018.41
GOP/s per core: 0.99
GFLOP/s: 123.94
GFLOP/s per core: 0.12
Max Peak GFLOP/s: 1,024.00
Avg. BW GB/s: 3,962.42
Max BW GB/s: 4,096.00

---Traffic---
In-Die bisection_bytes BW (GB/s): 256.00
Inter-board traffic (msg/ns): 0.00, per-link: 0.00
Inter-pack traffic (msg/ns): 0.00, per-link: 0.00
Inter-die traffic (msg/ns): 81.88, per-link: 0.32
Ruche traffic (msg/ns): 99.42, per-link: 0.39
All traffic (msg/ns): 3,089.76, per-link: 3.02
Inter-die reduction wrt all: 37.73
Inter-board reduction wrt inter-die: inf

---Data Movement---
All traffic (msg): 619,194,654
Arith. Intensity FLOP/Loads: 0.20
Arith. Intensity FLOP/Msgs: 0.04
Arith. Intensity OPS/Loads: 1.64
Arith. Intensity OPS/Msgs: 0.33



===Core Utilization Total=== CORE-S:2;; TIME K cy:200 ;; Nodes Proc: 3,044,103 -- Edges Proc: 0

===PRINTING FRAME STATS

FCollision In Avg:11, SD:7, Max:59, Min:0
FCollision Out Avg:0, SD:0, Max:4, Min:0
FCollision End Avg:0, SD:0, Max:0, Min:0
FTask1 Avg:76, SD:4, Max:85, Min:50
FTask2 Avg:0, SD:0, Max:0, Min:0
FTask3 Avg:24, SD:4, Max:50, Min:15
FCore Active Avg:100, SD:0, Max:100, Min:99
FRouter Active Avg:85, SD:4, Max:96, Min:39
T1 invocations: 387,144
T2 invocations: 0
T3 invocations: 12,364,326
T3b invocations: 0
Total3 invocations: 12,364,326
Total4 invocations: 0

T3/T2 ratio: inf
T3b/T3 ratio: 0

T1 avg ex cycles: 201
T2 avg ex cycles: -nan
T3&b avg ex cycles: 2
T4 avg ex cycles: -nan
Avg. hops NOC1: -nan
Avg. latency NOC1 (T2): -nan
Avg. hops NOC2: 12
Avg. latency NOC2 (T3): 3,293

===PRINTING ACUM STATS at pu_cycles: 300,402

ACollision In Avg:11, SD:7, Max:54, Min:0
ACollision Out Avg:0, SD:0, Max:3, Min:0
ACollision End Avg:0, SD:0, Max:0, Min:0
ATask1 Avg:76, SD:4, Max:85, Min:50
ATask2 Avg:0, SD:0, Max:0, Min:0
ATask3 Avg:24, SD:4, Max:50, Min:15
ACore Active Avg:100, SD:0, Max:100, Min:100
ARouter Active Avg:85, SD:4, Max:96, Min:39
T1 invocations: 1,166,154
T2 invocations: 0
T3 invocations: 36,782,274
T3b invocations: 0
Total3 invocations: 36,782,274
Total4 invocations: 0

T3/T2 ratio: inf
T3b/T3 ratio: 0

T1 avg ex cycles: 200
T2 avg ex cycles: -nan
T3&b avg ex cycles: 2
T4 avg ex cycles: -nan
Avg. hops NOC1: -nan
Avg. latency NOC1 (T2): -nan
Avg. hops NOC2: 13
Avg. latency NOC2 (T3): 3,286
Number of K Nodes Processed: 36,806
Number of K Edges Processed: 36,806
Node Re-explore factor: 8.78
Edge Re-explore factor: 0.29
Nodes/cy: 123
Edges/cy: 123
TEPS: 427

---DCache---
DCache Size: 129,408
DRAM words: 0
  DHits: 0
  DMisses: 0

---Energy---
Leakage Energy (nJ): 104,634
PU Dyn E (nJ): 2,072,716
Mem Dyn E (nJ): 6,129,952
Route Dyn E (nJ): 3,252,078
Dynamic Energy (nJ): 11,454,746
Ratio of Dyn/Leak: 109
Total Energy (nJ): 11,559,380
Total Energy (nJ) 3D: 13,379,736
Cores Energy (nJ): 2,073,552
Route Energy (nJ): 3,257,825
Route Energy (nJ) 3D: 5,078,181
Mem Energy   (nJ): 6,228,003
Mem Energy   (nJ) 3D: 6,228,003
Avg. Power (mW): 38,479.70
Power Density (mW/mm2): 41.21

---Runtime---
Runtime in K cycles: 300.40
Microseconds: 300.40
Time per iteration (ms): 0.30

---Throughput---
GOP/s (aka OPS/ns): 1,018.98
GOP/s per core: 1.00
GFLOP/s: 123.84
GFLOP/s per core: 0.12
Max Peak GFLOP/s: 1,024.00
Avg. BW GB/s: 3,975.94
Max BW GB/s: 4,096.00

---Traffic---
In-Die bisection_bytes BW (GB/s): 256.00
Inter-board traffic (msg/ns): 0.00, per-link: 0.00
Inter-pack traffic (msg/ns): 0.00, per-link: 0.00
Inter-die traffic (msg/ns): 81.77, per-link: 0.32
Ruche traffic (msg/ns): 99.22, per-link: 0.39
All traffic (msg/ns): 3,085.79, per-link: 3.01
Inter-die reduction wrt all: 37.74
Inter-board reduction wrt inter-die: inf

---Data Movement---
All traffic (msg): 926,977,780
Arith. Intensity FLOP/Loads: 0.20
Arith. Intensity FLOP/Msgs: 0.04
Arith. Intensity OPS/Loads: 1.64
Arith. Intensity OPS/Msgs: 0.33



===Core Utilization Total=== CORE-S:3;; TIME K cy:300 ;; Nodes Proc: 4,583,198 -- Edges Proc: 0

===PRINTING FRAME STATS

FCollision In Avg:11, SD:7, Max:59, Min:0
FCollision Out Avg:0, SD:0, Max:7, Min:0
FCollision End Avg:0, SD:0, Max:0, Min:0
FTask1 Avg:76, SD:4, Max:85, Min:49
FTask2 Avg:0, SD:0, Max:0, Min:0
FTask3 Avg:24, SD:4, Max:51, Min:15
FCore Active Avg:100, SD:0, Max:100, Min:99
FRouter Active Avg:85, SD:5, Max:96, Min:37
T1 invocations: 387,293
T2 invocations: 0
T3 invocations: 12,364,316
T3b invocations: 0
Total3 invocations: 12,364,316
Total4 invocations: 0

T3/T2 ratio: inf
T3b/T3 ratio: 0

T1 avg ex cycles: 201
T2 avg ex cycles: -nan
T3&b avg ex cycles: 2
T4 avg ex cycles: -nan
Avg. hops NOC1: -nan
Avg. latency NOC1 (T2): -nan
Avg. hops NOC2: 12
Avg. latency NOC2 (T3): 3,293

===PRINTING ACUM STATS at pu_cycles: 400,401

ACollision In Avg:11, SD:7, Max:51, Min:0
ACollision Out Avg:0, SD:0, Max:3, Min:0
ACollision End Avg:0, SD:0, Max:0, Min:0
ATask1 Avg:76, SD:4, Max:85, Min:50
ATask2 Avg:0, SD:0, Max:0, Min:0
ATask3 Avg:24, SD:4, Max:50, Min:15
ACore Active Avg:100, SD:0, Max:100, Min:100
ARouter Active Avg:85, SD:4, Max:96, Min:38
T1 invocations: 1,553,449
T2 invocations: 0
T3 invocations: 49,146,603
T3b invocations: 0
Total3 invocations: 49,146,603
Total4 invocations: 0

T3/T2 ratio: inf
T3b/T3 ratio: 0

T1 avg ex cycles: 200
T2 avg ex cycles: -nan
T3&b avg ex cycles: 2
T4 avg ex cycles: -nan
Avg. hops NOC1: -nan
Avg. latency NOC1 (T2): -nan
Avg. hops NOC2: 13
Avg. latency NOC2 (T3): 3,288
Number of K Nodes Processed: 49,170
Number of K Edges Processed: 49,170
Node Re-explore factor: 11.72
Edge Re-explore factor: 0.38
Nodes/cy: 123
Edges/cy: 123
TEPS: 320

---DCache---
DCache Size: 129,408
DRAM words: 0
  DHits: 0
  DMisses: 0

---Energy---
Leakage Energy (nJ): 139,465
PU Dyn E (nJ): 2,762,832
Mem Dyn E (nJ): 8,184,690
Route Dyn E (nJ): 4,331,939
Dynamic Energy (nJ): 15,279,462
Ratio of Dyn/Leak: 110
Total Energy (nJ): 15,418,927
Total Energy (nJ) 3D: 17,843,396
Cores Energy (nJ): 2,763,947
Route Energy (nJ): 4,339,599
Route Energy (nJ) 3D: 6,764,068
Mem Energy   (nJ): 8,315,381
Mem Energy   (nJ) 3D: 8,315,381
Avg. Power (mW): 38,508.71
Power Density (mW/mm2): 41.25

---Runtime---
Runtime in K cycles: 400.40
Microseconds: 400.40
Time per iteration (ms): 0.40

---Throughput---
GOP/s (aka OPS/ns): 1,019.26
GOP/s per core: 1.00
GFLOP/s: 123.79
GFLOP/s per core: 0.12
Max Peak GFLOP/s: 1,024.00
Avg. BW GB/s: 3,982.71
Max BW GB/s: 4,096.00

---Traffic---
In-Die bisection_bytes BW (GB/s): 256.00
Inter-board traffic (msg/ns): 0.00, per-link: 0.00
Inter-pack traffic (msg/ns): 0.00, per-link: 0.00
Inter-die traffic (msg/ns): 81.84, per-link: 0.32
Ruche traffic (msg/ns): 99.13, per-link: 0.39
All traffic (msg/ns): 3,084.34, per-link: 3.01
Inter-die reduction wrt all: 37.69
Inter-board reduction wrt inter-die: inf

---Data Movement---
All traffic (msg): 1,234,974,792
Arith. Intensity FLOP/Loads: 0.20
Arith. Intensity FLOP/Msgs: 0.04
Arith. Intensity OPS/Loads: 1.63
Arith. Intensity OPS/Msgs: 0.33



===Core Utilization Total=== CORE-S:4;; TIME K cy:400 ;; Nodes Proc: 6,120,178 -- Edges Proc: 0

===PRINTING FRAME STATS

FCollision In Avg:11, SD:8, Max:81, Min:0
FCollision Out Avg:0, SD:0, Max:6, Min:0
FCollision End Avg:0, SD:0, Max:0, Min:0
FTask1 Avg:76, SD:4, Max:85, Min:50
FTask2 Avg:0, SD:0, Max:0, Min:0
FTask3 Avg:24, SD:4, Max:50, Min:15
FCore Active Avg:100, SD:0, Max:100, Min:99
FRouter Active Avg:85, SD:5, Max:97, Min:38
T1 invocations: 387,507
T2 invocations: 0
T3 invocations: 12,363,018
T3b invocations: 0
Total3 invocations: 12,363,018
Total4 invocations: 0

T3/T2 ratio: inf
T3b/T3 ratio: 0

T1 avg ex cycles: 200
T2 avg ex cycles: -nan
T3&b avg ex cycles: 2
T4 avg ex cycles: -nan
Avg. hops NOC1: -nan
Avg. latency NOC1 (T2): -nan
Avg. hops NOC2: 12
Avg. latency NOC2 (T3): 3,293

===PRINTING ACUM STATS at pu_cycles: 500,402

ACollision In Avg:11, SD:7, Max:56, Min:0
ACollision Out Avg:0, SD:0, Max:3, Min:0
ACollision End Avg:0, SD:0, Max:0, Min:0
ATask1 Avg:76, SD:4, Max:85, Min:50
ATask2 Avg:0, SD:0, Max:0, Min:0
ATask3 Avg:24, SD:4, Max:50, Min:15
ACore Active Avg:100, SD:0, Max:100, Min:100
ARouter Active Avg:85, SD:4, Max:96, Min:38
T1 invocations: 1,940,956
T2 invocations: 0
T3 invocations: 61,509,621
T3b invocations: 0
Total3 invocations: 61,509,621
Total4 invocations: 0

T3/T2 ratio: inf
T3b/T3 ratio: 0

T1 avg ex cycles: 200
T2 avg ex cycles: -nan
T3&b avg ex cycles: 2
T4 avg ex cycles: -nan
Avg. hops NOC1: -nan
Avg. latency NOC1 (T2): -nan
Avg. hops NOC2: 13
Avg. latency NOC2 (T3): 3,289
Number of K Nodes Processed: 61,535
Number of K Edges Processed: 61,535
Node Re-explore factor: 14.67
Edge Re-explore factor: 0.48
Nodes/cy: 123
Edges/cy: 123
TEPS: 256

---DCache---
DCache Size: 129,408
DRAM words: 0
  DHits: 0
  DMisses: 0

---Energy---
Leakage Energy (nJ): 174,296
PU Dyn E (nJ): 3,452,978
Mem Dyn E (nJ): 10,239,307
Route Dyn E (nJ): 5,410,585
Dynamic Energy (nJ): 19,102,871
Ratio of Dyn/Leak: 110
Total Energy (nJ): 19,277,167
Total Energy (nJ) 3D: 22,305,276
Cores Energy (nJ): 3,454,371
Route Energy (nJ): 5,420,158
Route Energy (nJ) 3D: 8,448,267
Mem Energy   (nJ): 10,402,638
Mem Energy   (nJ) 3D: 10,402,638
Avg. Power (mW): 38,523.36
Power Density (mW/mm2): 41.26

---Runtime---
Runtime in K cycles: 500.40
Microseconds: 500.40
Time per iteration (ms): 0.50

---Throughput---
GOP/s (aka OPS/ns): 1,019.43
GOP/s per core: 1.00
GFLOP/s: 123.76
GFLOP/s per core: 0.12
Max Peak GFLOP/s: 1,024.00
Avg. BW GB/s: 3,986.71
Max BW GB/s: 4,096.00

---Traffic---
In-Die bisection_bytes BW (GB/s): 256.00
Inter-board traffic (msg/ns): 0.00, per-link: 0.00
Inter-pack traffic (msg/ns): 0.00, per-link: 0.00
Inter-die traffic (msg/ns): 81.81, per-link: 0.32
Ruche traffic (msg/ns): 99.06, per-link: 0.39
All traffic (msg/ns): 3,082.95, per-link: 3.01
Inter-die reduction wrt all: 37.68
Inter-board reduction wrt inter-die: inf

---Data Movement---
All traffic (msg): 1,542,716,690
Arith. Intensity FLOP/Loads: 0.20
Arith. Intensity FLOP/Msgs: 0.04
Arith. Intensity OPS/Loads: 1.63
Arith. Intensity OPS/Msgs: 0.33



===Core Utilization Total=== CORE-S:5;; TIME K cy:500 ;; Nodes Proc: 7,657,616 -- Edges Proc: 0

===PRINTING FRAME STATS

FCollision In Avg:11, SD:8, Max:70, Min:0
FCollision Out Avg:0, SD:0, Max:5, Min:0
FCollision End Avg:0, SD:0, Max:0, Min:0
FTask1 Avg:76, SD:4, Max:85, Min:49
FTask2 Avg:0, SD:0, Max:0, Min:0
FTask3 Avg:24, SD:4, Max:51, Min:15
FCore Active Avg:100, SD:0, Max:100, Min:99
FRouter Active Avg:85, SD:5, Max:96, Min:38
T1 invocations: 387,364
T2 invocations: 0
T3 invocations: 12,364,008
T3b invocations: 0
Total3 invocations: 12,364,008
Total4 invocations: 0

T3/T2 ratio: inf
T3b/T3 ratio: 0

T1 avg ex cycles: 201
T2 avg ex cycles: -nan
T3&b avg ex cycles: 2
T4 avg ex cycles: -nan
Avg. hops NOC1: -nan
Avg. latency NOC1 (T2): -nan
Avg. hops NOC2: 12
Avg. latency NOC2 (T3): 3,294

===PRINTING ACUM STATS at pu_cycles: 600,402

ACollision In Avg:11, SD:7, Max:59, Min:0
ACollision Out Avg:0, SD:0, Max:4, Min:0
ACollision End Avg:0, SD:0, Max:0, Min:0
ATask1 Avg:76, SD:4, Max:85, Min:50
ATask2 Avg:0, SD:0, Max:0, Min:0
ATask3 Avg:24, SD:4, Max:50, Min:15
ACore Active Avg:100, SD:0, Max:100, Min:100
ARouter Active Avg:85, SD:4, Max:96, Min:38
T1 invocations: 2,328,320
T2 invocations: 0
T3 invocations: 73,873,629
T3b invocations: 0
Total3 invocations: 73,873,629
Total4 invocations: 0

T3/T2 ratio: inf
T3b/T3 ratio: 0

T1 avg ex cycles: 200
T2 avg ex cycles: -nan
T3&b avg ex cycles: 2
T4 avg ex cycles: -nan
Avg. hops NOC1: -nan
Avg. latency NOC1 (T2): -nan
Avg. hops NOC2: 13
Avg. latency NOC2 (T3): 3,290
Number of K Nodes Processed: 73,899
Number of K Edges Processed: 73,899
Node Re-explore factor: 17.62
Edge Re-explore factor: 0.58
Nodes/cy: 123
Edges/cy: 123
TEPS: 214

---DCache---
DCache Size: 129,408
DRAM words: 0
  DHits: 0
  DMisses: 0

---Energy---
Leakage Energy (nJ): 209,128
PU Dyn E (nJ): 4,143,101
Mem Dyn E (nJ): 12,294,015
Route Dyn E (nJ): 6,490,795
Dynamic Energy (nJ): 22,927,912
Ratio of Dyn/Leak: 110
Total Energy (nJ): 23,137,040
Total Energy (nJ) 3D: 26,769,490
Cores Energy (nJ): 4,144,772
Route Energy (nJ): 6,502,281
Route Energy (nJ) 3D: 10,134,732
Mem Energy   (nJ): 12,489,987
Mem Energy   (nJ) 3D: 12,489,987
Avg. Power (mW): 38,535.91
Power Density (mW/mm2): 41.27

---Runtime---
Runtime in K cycles: 600.40
Microseconds: 600.40
Time per iteration (ms): 0.60

---Throughput---
GOP/s (aka OPS/ns): 1,019.54
GOP/s per core: 1.00
GFLOP/s: 123.74
GFLOP/s per core: 0.12
Max Peak GFLOP/s: 1,024.00
Avg. BW GB/s: 3,989.42
Max BW GB/s: 4,096.00

---Traffic---
In-Die bisection_bytes BW (GB/s): 256.00
Inter-board traffic (msg/ns): 0.00, per-link: 0.00
Inter-pack traffic (msg/ns): 0.00, per-link: 0.00
Inter-die traffic (msg/ns): 81.89, per-link: 0.32
Ruche traffic (msg/ns): 99.00, per-link: 0.39
All traffic (msg/ns): 3,082.63, per-link: 3.01
Inter-die reduction wrt all: 37.65
Inter-board reduction wrt inter-die: inf

---Data Movement---
All traffic (msg): 1,850,815,486
Arith. Intensity FLOP/Loads: 0.20
Arith. Intensity FLOP/Msgs: 0.04
Arith. Intensity OPS/Loads: 1.63
Arith. Intensity OPS/Msgs: 0.33



===Core Utilization Total=== CORE-S:6;; TIME K cy:600 ;; Nodes Proc: 9,195,722 -- Edges Proc: 0

===PRINTING FRAME STATS

FCollision In Avg:11, SD:8, Max:78, Min:0
FCollision Out Avg:0, SD:0, Max:5, Min:0
FCollision End Avg:0, SD:0, Max:0, Min:0
FTask1 Avg:76, SD:4, Max:85, Min:50
FTask2 Avg:0, SD:0, Max:0, Min:0
FTask3 Avg:24, SD:4, Max:50, Min:15
FCore Active Avg:100, SD:0, Max:100, Min:100
FRouter Active Avg:85, SD:5, Max:97, Min:38
T1 invocations: 387,456
T2 invocations: 0
T3 invocations: 12,363,656
T3b invocations: 0
Total3 invocations: 12,363,656
Total4 invocations: 0

T3/T2 ratio: inf
T3b/T3 ratio: 0

T1 avg ex cycles: 200
T2 avg ex cycles: -nan
T3&b avg ex cycles: 2
T4 avg ex cycles: -nan
Avg. hops NOC1: -nan
Avg. latency NOC1 (T2): -nan
Avg. hops NOC2: 12
Avg. latency NOC2 (T3): 3,294

===PRINTING ACUM STATS at pu_cycles: 700,399

ACollision In Avg:11, SD:7, Max:60, Min:0
ACollision Out Avg:0, SD:0, Max:4, Min:0
ACollision End Avg:0, SD:0, Max:0, Min:0
ATask1 Avg:76, SD:4, Max:85, Min:50
ATask2 Avg:0, SD:0, Max:0, Min:0
ATask3 Avg:24, SD:4, Max:50, Min:15
ACore Active Avg:100, SD:0, Max:100, Min:100
ARouter Active Avg:85, SD:4, Max:96, Min:38
T1 invocations: 2,713,508
T2 invocations: 0
T3 invocations: 86,164,495
T3b invocations: 0
Total3 invocations: 86,164,495
Total4 invocations: 0

T3/T2 ratio: inf
T3b/T3 ratio: 0

T1 avg ex cycles: 200
T2 avg ex cycles: -nan
T3&b avg ex cycles: 2
T4 avg ex cycles: -nan
Avg. hops NOC1: -nan
Avg. latency NOC1 (T2): -nan
Avg. hops NOC2: 13
Avg. latency NOC2 (T3): 3,290
Number of K Nodes Processed: 86,262
Number of K Edges Processed: 86,262
Node Re-explore factor: 20.57
Edge Re-explore factor: 0.67
Nodes/cy: 123
Edges/cy: 123
TEPS: 183

---DCache---
DCache Size: 129,408
DRAM words: 0
  DHits: 0
  DMisses: 0

---Energy---
Leakage Energy (nJ): 243,958
PU Dyn E (nJ): 4,829,173
Mem Dyn E (nJ): 14,336,600
Route Dyn E (nJ): 7,564,080
Dynamic Energy (nJ): 26,729,854
Ratio of Dyn/Leak: 110
Total Energy (nJ): 26,973,812
Total Energy (nJ) 3D: 31,205,880
Cores Energy (nJ): 4,831,123
Route Energy (nJ): 7,577,479
Route Energy (nJ) 3D: 11,809,547
Mem Energy   (nJ): 14,565,210
Mem Energy   (nJ) 3D: 14,565,210
Avg. Power (mW): 38,512.07
Power Density (mW/mm2): 41.25

---Runtime---
Runtime in K cycles: 700.40
Microseconds: 700.40
Time per iteration (ms): 0.70

---Throughput---
GOP/s (aka OPS/ns): 1,018.77
GOP/s per core: 0.99
GFLOP/s: 123.62
GFLOP/s per core: 0.12
Max Peak GFLOP/s: 1,024.00
Avg. BW GB/s: 3,987.99
Max BW GB/s: 4,096.00

---Traffic---
In-Die bisection_bytes BW (GB/s): 256.00
Inter-board traffic (msg/ns): 0.00, per-link: 0.00
Inter-pack traffic (msg/ns): 0.00, per-link: 0.00
Inter-die traffic (msg/ns): 81.86, per-link: 0.32
Ruche traffic (msg/ns): 99.01, per-link: 0.39
All traffic (msg/ns): 3,079.21, per-link: 3.01
Inter-die reduction wrt all: 37.62
Inter-board reduction wrt inter-die: inf

---Data Movement---
All traffic (msg): 2,156,677,850
Arith. Intensity FLOP/Loads: 0.20
Arith. Intensity FLOP/Msgs: 0.04
Arith. Intensity OPS/Loads: 1.63
Arith. Intensity OPS/Msgs: 0.33



===Core Utilization Total=== CORE-S:7;; TIME K cy:700 ;; Nodes Proc: 10,732,905 -- Edges Proc: 0

===PRINTING FRAME STATS

FCollision In Avg:11, SD:7, Max:78, Min:0
FCollision Out Avg:0, SD:0, Max:4, Min:0
FCollision End Avg:0, SD:0, Max:0, Min:0
FTask1 Avg:76, SD:4, Max:85, Min:50
FTask2 Avg:0, SD:0, Max:0, Min:0
FTask3 Avg:24, SD:4, Max:50, Min:15
FCore Active Avg:100, SD:0, Max:100, Min:98
FRouter Active Avg:85, SD:5, Max:96, Min:37
T1 invocations: 387,288
T2 invocations: 0
T3 invocations: 12,364,357
T3b invocations: 0
Total3 invocations: 12,364,357
Total4 invocations: 0

T3/T2 ratio: inf
T3b/T3 ratio: 0

T1 avg ex cycles: 201
T2 avg ex cycles: -nan
T3&b avg ex cycles: 2
T4 avg ex cycles: -nan
Avg. hops NOC1: -nan
Avg. latency NOC1 (T2): -nan
Avg. hops NOC2: 12
Avg. latency NOC2 (T3): 3,293

===PRINTING ACUM STATS at pu_cycles: 800,402

ACollision In Avg:11, SD:7, Max:62, Min:0
ACollision Out Avg:0, SD:0, Max:4, Min:0
ACollision End Avg:0, SD:0, Max:0, Min:0
ATask1 Avg:76, SD:4, Max:85, Min:50
ATask2 Avg:0, SD:0, Max:0, Min:0
ATask3 Avg:24, SD:4, Max:50, Min:15
ACore Active Avg:100, SD:0, Max:100, Min:100
ARouter Active Avg:85, SD:4, Max:96, Min:38
T1 invocations: 3,103,065
T2 invocations: 0
T3 invocations: 98,601,975
T3b invocations: 0
Total3 invocations: 98,601,975
Total4 invocations: 0

T3/T2 ratio: inf
T3b/T3 ratio: 0

T1 avg ex cycles: 200
T2 avg ex cycles: -nan
T3&b avg ex cycles: 2
T4 avg ex cycles: -nan
Avg. hops NOC1: -nan
Avg. latency NOC1 (T2): -nan
Avg. hops NOC2: 13
Avg. latency NOC2 (T3): 3,291
Number of K Nodes Processed: 98,626
Number of K Edges Processed: 98,626
Node Re-explore factor: 23.51
Edge Re-explore factor: 0.77
Nodes/cy: 123
Edges/cy: 123
TEPS: 160

---DCache---
DCache Size: 129,408
DRAM words: 0
  DHits: 0
  DMisses: 0

---Energy---
Leakage Energy (nJ): 278,790
PU Dyn E (nJ): 5,523,345
Mem Dyn E (nJ): 16,403,471
Route Dyn E (nJ): 8,646,938
Dynamic Energy (nJ): 30,573,754
Ratio of Dyn/Leak: 110
Total Energy (nJ): 30,852,544
Total Energy (nJ) 3D: 35,691,654
Cores Energy (nJ): 5,525,572
Route Energy (nJ): 8,662,250
Route Energy (nJ) 3D: 13,501,360
Mem Energy   (nJ): 16,664,722
Mem Energy   (nJ) 3D: 16,664,722
Avg. Power (mW): 38,546.31
Power Density (mW/mm2): 41.29

---Runtime---
Runtime in K cycles: 800.40
Microseconds: 800.40
Time per iteration (ms): 0.80

---Throughput---
GOP/s (aka OPS/ns): 1,019.68
GOP/s per core: 1.00
GFLOP/s: 123.71
GFLOP/s per core: 0.12
Max Peak GFLOP/s: 1,024.00
Avg. BW GB/s: 3,992.81
Max BW GB/s: 4,096.00

---Traffic---
In-Die bisection_bytes BW (GB/s): 256.00
Inter-board traffic (msg/ns): 0.00, per-link: 0.00
Inter-pack traffic (msg/ns): 0.00, per-link: 0.00
Inter-die traffic (msg/ns): 81.81, per-link: 0.32
Ruche traffic (msg/ns): 98.95, per-link: 0.39
All traffic (msg/ns): 3,080.96, per-link: 3.01
Inter-die reduction wrt all: 37.66
Inter-board reduction wrt inter-die: inf

---Data Movement---
All traffic (msg): 2,466,010,306
Arith. Intensity FLOP/Loads: 0.20
Arith. Intensity FLOP/Msgs: 0.04
Arith. Intensity OPS/Loads: 1.63
Arith. Intensity OPS/Msgs: 0.33



===Core Utilization Total=== CORE-S:8;; TIME K cy:800 ;; Nodes Proc: 12,270,354 -- Edges Proc: 0

===PRINTING FRAME STATS

FCollision In Avg:11, SD:8, Max:74, Min:0
FCollision Out Avg:0, SD:0, Max:6, Min:0
FCollision End Avg:0, SD:0, Max:0, Min:0
FTask1 Avg:76, SD:4, Max:85, Min:50
FTask2 Avg:0, SD:0, Max:0, Min:0
FTask3 Avg:24, SD:4, Max:50, Min:15
FCore Active Avg:100, SD:0, Max:100, Min:98
FRouter Active Avg:85, SD:5, Max:97, Min:38
T1 invocations: 387,421
T2 invocations: 0
T3 invocations: 12,363,968
T3b invocations: 0
Total3 invocations: 12,363,968
Total4 invocations: 0

T3/T2 ratio: inf
T3b/T3 ratio: 0

T1 avg ex cycles: 200
T2 avg ex cycles: -nan
T3&b avg ex cycles: 2
T4 avg ex cycles: -nan
Avg. hops NOC1: -nan
Avg. latency NOC1 (T2): -nan
Avg. hops NOC2: 12
Avg. latency NOC2 (T3): 3,293

===PRINTING ACUM STATS at pu_cycles: 900,401

ACollision In Avg:11, SD:7, Max:59, Min:0
ACollision Out Avg:0, SD:0, Max:3, Min:0
ACollision End Avg:0, SD:0, Max:0, Min:0
ATask1 Avg:76, SD:4, Max:85, Min:50
ATask2 Avg:0, SD:0, Max:0, Min:0
ATask3 Avg:24, SD:4, Max:50, Min:15
ACore Active Avg:100, SD:0, Max:100, Min:100
ARouter Active Avg:85, SD:4, Max:96, Min:38
T1 invocations: 3,490,484
T2 invocations: 0
T3 invocations: 110,965,520
T3b invocations: 0
Total3 invocations: 110,965,520
Total4 invocations: 0

T3/T2 ratio: inf
T3b/T3 ratio: 0

T1 avg ex cycles: 200
T2 avg ex cycles: -nan
T3&b avg ex cycles: 2
T4 avg ex cycles: -nan
Avg. hops NOC1: -nan
Avg. latency NOC1 (T2): -nan
Avg. hops NOC2: 12
Avg. latency NOC2 (T3): 3,291
Number of K Nodes Processed: 110,990
Number of K Edges Processed: 110,990
Node Re-explore factor: 26.46
Edge Re-explore factor: 0.87
Nodes/cy: 123
Edges/cy: 123
TEPS: 143

---DCache---
DCache Size: 129,408
DRAM words: 0
  DHits: 0
  DMisses: 0

---Energy---
Leakage Energy (nJ): 313,621
PU Dyn E (nJ): 6,213,471
Mem Dyn E (nJ): 18,458,130
Route Dyn E (nJ): 9,726,765
Dynamic Energy (nJ): 34,398,367
Ratio of Dyn/Leak: 110
Total Energy (nJ): 34,711,988
Total Energy (nJ) 3D: 40,155,383
Cores Energy (nJ): 6,215,977
Route Energy (nJ): 9,743,990
Route Energy (nJ) 3D: 15,187,385
Mem Energy   (nJ): 18,752,021
Mem Energy   (nJ) 3D: 18,752,021
Avg. Power (mW): 38,551.70
Power Density (mW/mm2): 41.29

---Runtime---
Runtime in K cycles: 900.40
Microseconds: 900.40
Time per iteration (ms): 0.90

---Throughput---
GOP/s (aka OPS/ns): 1,019.73
GOP/s per core: 1.00
GFLOP/s: 123.71
GFLOP/s per core: 0.12
Max Peak GFLOP/s: 1,024.00
Avg. BW GB/s: 3,993.93
Max BW GB/s: 4,096.00

---Traffic---
In-Die bisection_bytes BW (GB/s): 256.00
Inter-board traffic (msg/ns): 0.00, per-link: 0.00
Inter-pack traffic (msg/ns): 0.00, per-link: 0.00
Inter-die traffic (msg/ns): 81.78, per-link: 0.32
Ruche traffic (msg/ns): 98.97, per-link: 0.39
All traffic (msg/ns): 3,080.91, per-link: 3.01
Inter-die reduction wrt all: 37.67
Inter-board reduction wrt inter-die: inf

---Data Movement---
All traffic (msg): 2,774,058,216
Arith. Intensity FLOP/Loads: 0.20
Arith. Intensity FLOP/Msgs: 0.04
Arith. Intensity OPS/Loads: 1.63
Arith. Intensity OPS/Msgs: 0.33



===Core Utilization Total=== CORE-S:9;; TIME K cy:900 ;; Nodes Proc: 13,809,790 -- Edges Proc: 0

===PRINTING FRAME STATS

FCollision In Avg:10, SD:6, Max:74, Min:0
FCollision Out Avg:0, SD:0, Max:3, Min:0
FCollision End Avg:0, SD:0, Max:0, Min:0
FTask1 Avg:72, SD:8, Max:80, Min:25
FTask2 Avg:0, SD:0, Max:0, Min:0
FTask3 Avg:23, SD:4, Max:47, Min:15
FCore Active Avg:95, SD:10, Max:100, Min:40
FRouter Active Avg:83, SD:5, Max:96, Min:38
T1 invocations: 368,024
T2 invocations: 0
T3 invocations: 11,880,774
T3b invocations: 0
Total3 invocations: 11,880,774
Total4 invocations: 0

T3/T2 ratio: inf
T3b/T3 ratio: 0

T1 avg ex cycles: 201
T2 avg ex cycles: -nan
T3&b avg ex cycles: 2
T4 avg ex cycles: -nan
Avg. hops NOC1: -nan
Avg. latency NOC1 (T2): -nan
Avg. hops NOC2: 12
Avg. latency NOC2 (T3): 3,239

===PRINTING ACUM STATS at pu_cycles: 1,000,398

ACollision In Avg:11, SD:7, Max:57, Min:0
ACollision Out Avg:0, SD:0, Max:3, Min:0
ACollision End Avg:0, SD:0, Max:0, Min:0
ATask1 Avg:76, SD:4, Max:79, Min:50
ATask2 Avg:0, SD:0, Max:0, Min:0
ATask3 Avg:24, SD:4, Max:50, Min:15
ACore Active Avg:100, SD:1, Max:100, Min:94
ARouter Active Avg:85, SD:4, Max:96, Min:38
T1 invocations: 3,856,311
T2 invocations: 0
T3 invocations: 122,766,528
T3b invocations: 0
Total3 invocations: 122,766,528
Total4 invocations: 0

T3/T2 ratio: inf
T3b/T3 ratio: 0

T1 avg ex cycles: 200
T2 avg ex cycles: -nan
T3&b avg ex cycles: 2
T4 avg ex cycles: -nan
Avg. hops NOC1: -nan
Avg. latency NOC1 (T2): -nan
Avg. hops NOC2: 12
Avg. latency NOC2 (T3): 3,286
Number of K Nodes Processed: 122,859
Number of K Edges Processed: 122,859
Node Re-explore factor: 29.29
Edge Re-explore factor: 0.96
Nodes/cy: 123
Edges/cy: 123
TEPS: 128

---DCache---
DCache Size: 129,408
DRAM words: 0
  DHits: 0
  DMisses: 0

---Energy---
Leakage Energy (nJ): 348,451
PU Dyn E (nJ): 6,866,811
Mem Dyn E (nJ): 20,414,553
Route Dyn E (nJ): 10,746,039
Dynamic Energy (nJ): 38,027,403
Ratio of Dyn/Leak: 109
Total Energy (nJ): 38,375,854
Total Energy (nJ) 3D: 44,387,951
Cores Energy (nJ): 6,869,596
Route Energy (nJ): 10,765,176
Route Energy (nJ) 3D: 16,777,273
Mem Energy   (nJ): 20,741,083
Mem Energy   (nJ) 3D: 20,741,083
Avg. Power (mW): 38,360.59
Power Density (mW/mm2): 41.09

---Runtime---
Runtime in K cycles: 1,000.40
Microseconds: 1,000.40
Time per iteration (ms): 1.00

---Throughput---
GOP/s (aka OPS/ns): 1,014.41
GOP/s per core: 0.99
GFLOP/s: 123.02
GFLOP/s per core: 0.12
Max Peak GFLOP/s: 1,024.00
Avg. BW GB/s: 3,975.66
Max BW GB/s: 4,096.00

---Traffic---
In-Die bisection_bytes BW (GB/s): 256.00
Inter-board traffic (msg/ns): 0.00, per-link: 0.00
Inter-pack traffic (msg/ns): 0.00, per-link: 0.00
Inter-die traffic (msg/ns): 81.40, per-link: 0.32
Ruche traffic (msg/ns): 98.53, per-link: 0.38
All traffic (msg/ns): 3,063.33, per-link: 2.99
Inter-die reduction wrt all: 37.63
Inter-board reduction wrt inter-die: inf

---Data Movement---
All traffic (msg): 3,064,547,426
Arith. Intensity FLOP/Loads: 0.20
Arith. Intensity FLOP/Msgs: 0.04
Arith. Intensity OPS/Loads: 1.63
Arith. Intensity OPS/Msgs: 0.33



===Core Utilization Total=== CORE-S:10;; TIME K cy:1,000 ;; Nodes Proc: 15,285,464 -- Edges Proc: 0

===PRINTING FRAME STATS

FCollision In Avg:2, SD:2, Max:38, Min:0
FCollision Out Avg:0, SD:0, Max:0, Min:0
FCollision End Avg:0, SD:0, Max:0, Min:0
FTask1 Avg:29, SD:29, Max:89, Min:0
FTask2 Avg:0, SD:0, Max:0, Min:0
FTask3 Avg:10, SD:2, Max:45, Min:6
FCore Active Avg:38, SD:30, Max:100, Min:6
FRouter Active Avg:43, SD:7, Max:93, Min:13
T1 invocations: 146,321
T2 invocations: 0
T3 invocations: 5,013,734
T3b invocations: 0
Total3 invocations: 5,013,734
Total4 invocations: 0

T3/T2 ratio: inf
T3b/T3 ratio: 0

T1 avg ex cycles: 201
T2 avg ex cycles: -nan
T3&b avg ex cycles: 2
T4 avg ex cycles: -nan
Avg. hops NOC1: -nan
Avg. latency NOC1 (T2): -nan
Avg. hops NOC2: 12
Avg. latency NOC2 (T3): 2,760

===PRINTING ACUM STATS at pu_cycles: 1,100,384

ACollision In Avg:10, SD:7, Max:52, Min:0
ACollision Out Avg:0, SD:0, Max:3, Min:0
ACollision End Avg:0, SD:0, Max:0, Min:0
ATask1 Avg:71, SD:1, Max:72, Min:52
ATask2 Avg:0, SD:0, Max:0, Min:0
ATask3 Avg:23, SD:4, Max:48, Min:14
ACore Active Avg:94, SD:3, Max:100, Min:86
ARouter Active Avg:81, SD:4, Max:93, Min:36
T1 invocations: 4,003,281
T2 invocations: 0
T3 invocations: 127,764,959
T3b invocations: 0
Total3 invocations: 127,764,959
Total4 invocations: 0

T3/T2 ratio: inf
T3b/T3 ratio: 0

T1 avg ex cycles: 200
T2 avg ex cycles: -nan
T3&b avg ex cycles: 2
T4 avg ex cycles: -nan
Avg. hops NOC1: -nan
Avg. latency NOC1 (T2): -nan
Avg. hops NOC2: 12
Avg. latency NOC2 (T3): 3,266
Number of K Nodes Processed: 127,802
Number of K Edges Processed: 127,802
Node Re-explore factor: 30.47
Edge Re-explore factor: 1.00
Nodes/cy: 116
Edges/cy: 116
TEPS: 117

---DCache---
DCache Size: 129,408
DRAM words: 0
  DHits: 0
  DMisses: 0

---Energy---
Leakage Energy (nJ): 383,278
PU Dyn E (nJ): 7,131,497
Mem Dyn E (nJ): 21,232,621
Route Dyn E (nJ): 11,154,762
Dynamic Energy (nJ): 39,518,880
Ratio of Dyn/Leak: 103
Total Energy (nJ): 39,902,158
Total Energy (nJ) 3D: 46,141,858
Cores Energy (nJ): 7,134,560
Route Energy (nJ): 11,175,813
Route Energy (nJ) 3D: 17,415,513
Mem Energy   (nJ): 21,591,786
Mem Energy   (nJ) 3D: 21,591,786
Avg. Power (mW): 36,262.03
Power Density (mW/mm2): 38.84

---Runtime---
Runtime in K cycles: 1,100.38
Microseconds: 1,100.38
Time per iteration (ms): 1.10

---Throughput---
GOP/s (aka OPS/ns): 957.97
GOP/s per core: 0.94
GFLOP/s: 116.11
GFLOP/s per core: 0.11
Max Peak GFLOP/s: 1,024.00
Avg. BW GB/s: 3,759.14
Max BW GB/s: 4,096.00

---Traffic---
In-Die bisection_bytes BW (GB/s): 256.00
Inter-board traffic (msg/ns): 0.00, per-link: 0.00
Inter-pack traffic (msg/ns): 0.00, per-link: 0.00
Inter-die traffic (msg/ns): 76.77, per-link: 0.30
Ruche traffic (msg/ns): 93.15, per-link: 0.36
All traffic (msg/ns): 2,891.19, per-link: 2.82
Inter-die reduction wrt all: 37.66
Inter-board reduction wrt inter-die: inf

---Data Movement---
All traffic (msg): 3,181,422,096
Arith. Intensity FLOP/Loads: 0.20
Arith. Intensity FLOP/Msgs: 0.04
Arith. Intensity OPS/Loads: 1.63
Arith. Intensity OPS/Msgs: 0.33



===Core Utilization Total=== CORE-S:11;; TIME K cy:1,100 ;; Nodes Proc: 15,902,705 -- Edges Proc: 0
======== IT IS COLD ======= Only 13 Tiles active

===PRINTING FRAME STATS

FCollision In Avg:0, SD:0, Max:3, Min:0
FCollision Out Avg:0, SD:0, Max:0, Min:0
FCollision End Avg:0, SD:0, Max:0, Min:0
FTask1 Avg:3, SD:12, Max:99, Min:0
FTask2 Avg:0, SD:0, Max:0, Min:0
FTask3 Avg:1, SD:1, Max:19, Min:0
FCore Active Avg:4, SD:13, Max:100, Min:0
FRouter Active Avg:5, SD:4, Max:52, Min:1
T1 invocations: 13,394
T2 invocations: 0
T3 invocations: 497,102
T3b invocations: 0
Total3 invocations: 497,102
Total4 invocations: 0

T3/T2 ratio: inf
T3b/T3 ratio: 0

T1 avg ex cycles: 201
T2 avg ex cycles: -nan
T3&b avg ex cycles: 2
T4 avg ex cycles: -nan
Avg. hops NOC1: -nan
Avg. latency NOC1 (T2): -nan
Avg. hops NOC2: 11
Avg. latency NOC2 (T3): 2,691

===PRINTING ACUM STATS at pu_cycles: 1,200,288

ACollision In Avg:9, SD:6, Max:48, Min:0
ACollision Out Avg:0, SD:0, Max:3, Min:0
ACollision End Avg:0, SD:0, Max:0, Min:0
ATask1 Avg:66, SD:1, Max:66, Min:53
ATask2 Avg:0, SD:0, Max:0, Min:0
ATask3 Avg:21, SD:4, Max:47, Min:13
ACore Active Avg:86, SD:4, Max:100, Min:79
ARouter Active Avg:75, SD:4, Max:88, Min:33
T1 invocations: 4,017,165
T2 invocations: 0
T3 invocations: 128,263,112
T3b invocations: 0
Total3 invocations: 128,263,112
Total4 invocations: 0

T3/T2 ratio: inf
T3b/T3 ratio: 0

T1 avg ex cycles: 200
T2 avg ex cycles: -nan
T3&b avg ex cycles: 2
T4 avg ex cycles: -nan
Avg. hops NOC1: -nan
Avg. latency NOC1 (T2): -nan
Avg. hops NOC2: 12
Avg. latency NOC2 (T3): 3,264
Number of K Nodes Processed: 128,266
Number of K Edges Processed: 128,266
Node Re-explore factor: 30.58
Edge Re-explore factor: 1.00
Nodes/cy: 107
Edges/cy: 107
TEPS: 107

---DCache---
DCache Size: 129,408
DRAM words: 0
  DHits: 0
  DMisses: 0

---Energy---
Leakage Energy (nJ): 418,076
PU Dyn E (nJ): 7,156,736
Mem Dyn E (nJ): 21,313,147
Route Dyn E (nJ): 11,192,758
Dynamic Energy (nJ): 39,662,642
Ratio of Dyn/Leak: 95
Total Energy (nJ): 40,080,718
Total Energy (nJ) 3D: 46,341,770
Cores Energy (nJ): 7,160,076
Route Energy (nJ): 11,215,720
Route Energy (nJ) 3D: 17,476,772
Mem Energy   (nJ): 21,704,921
Mem Energy   (nJ) 3D: 21,704,921
Avg. Power (mW): 33,392.58
Power Density (mW/mm2): 35.77

---Runtime---
Runtime in K cycles: 1,200.29
Microseconds: 1,200.29
Time per iteration (ms): 1.20

---Throughput---
GOP/s (aka OPS/ns): 881.37
GOP/s per core: 0.86
GFLOP/s: 106.81
GFLOP/s per core: 0.10
Max Peak GFLOP/s: 1,024.00
Avg. BW GB/s: 3,459.31
Max BW GB/s: 4,096.00

---Traffic---
In-Die bisection_bytes BW (GB/s): 256.00
Inter-board traffic (msg/ns): 0.00, per-link: 0.00
Inter-pack traffic (msg/ns): 0.00, per-link: 0.00
Inter-die traffic (msg/ns): 70.59, per-link: 0.28
Ruche traffic (msg/ns): 85.70, per-link: 0.33
All traffic (msg/ns): 2,659.71, per-link: 2.60
Inter-die reduction wrt all: 37.68
Inter-board reduction wrt inter-die: inf

---Data Movement---
All traffic (msg): 3,192,416,346
Arith. Intensity FLOP/Loads: 0.20
Arith. Intensity FLOP/Msgs: 0.04
Arith. Intensity OPS/Loads: 1.63
Arith. Intensity OPS/Msgs: 0.33



===Core Utilization Total=== CORE-S:12;; TIME K cy:1,200 ;; Nodes Proc: 15,959,889 -- Edges Proc: 0
======== IT IS COLD ======= Only 3 Tiles active

===PRINTING FRAME STATS

FCollision In Avg:0, SD:0, Max:0, Min:0
FCollision Out Avg:0, SD:0, Max:0, Min:0
FCollision End Avg:0, SD:0, Max:0, Min:0
FTask1 Avg:0, SD:5, Max:98, Min:0
FTask2 Avg:0, SD:0, Max:0, Min:0
FTask3 Avg:0, SD:0, Max:2, Min:0
FCore Active Avg:1, SD:5, Max:100, Min:0
FRouter Active Avg:1, SD:2, Max:20, Min:0
T1 invocations: 1,645
T2 invocations: 0
T3 invocations: 94,832
T3b invocations: 0
Total3 invocations: 94,832
Total4 invocations: 0

T3/T2 ratio: inf
T3b/T3 ratio: 0

T1 avg ex cycles: 201
T2 avg ex cycles: -nan
T3&b avg ex cycles: 2
T4 avg ex cycles: -nan
Avg. hops NOC1: -nan
Avg. latency NOC1 (T2): -nan
Avg. hops NOC2: 9
Avg. latency NOC2 (T3): 2,238

===PRINTING ACUM STATS at pu_cycles: 1,300,182

ACollision In Avg:9, SD:6, Max:44, Min:0
ACollision Out Avg:0, SD:0, Max:2, Min:0
ACollision End Avg:0, SD:0, Max:0, Min:0
ATask1 Avg:61, SD:2, Max:66, Min:57
ATask2 Avg:0, SD:0, Max:0, Min:0
ATask3 Avg:19, SD:3, Max:43, Min:12
ACore Active Avg:81, SD:4, Max:100, Min:73
ARouter Active Avg:70, SD:4, Max:83, Min:31
T1 invocations: 4,019,512
T2 invocations: 0
T3 invocations: 128,304,217
T3b invocations: 0
Total3 invocations: 128,304,217
Total4 invocations: 0

T3/T2 ratio: inf
T3b/T3 ratio: 0

T1 avg ex cycles: 200
T2 avg ex cycles: -nan
T3&b avg ex cycles: 2
T4 avg ex cycles: -nan
Avg. hops NOC1: -nan
Avg. latency NOC1 (T2): -nan
Avg. hops NOC2: 12
Avg. latency NOC2 (T3): 3,265
Number of K Nodes Processed: 128,309
Number of K Edges Processed: 128,309
Node Re-explore factor: 30.59
Edge Re-explore factor: 1.00
Nodes/cy: 99
Edges/cy: 99
TEPS: 99

---DCache---
DCache Size: 129,408
DRAM words: 0
  DHits: 0
  DMisses: 0

---Energy---
Leakage Energy (nJ): 452,870
PU Dyn E (nJ): 7,160,615
Mem Dyn E (nJ): 21,321,373
Route Dyn E (nJ): 11,195,936
Dynamic Energy (nJ): 39,677,925
Ratio of Dyn/Leak: 88
Total Energy (nJ): 40,130,795
Total Energy (nJ) 3D: 46,393,492
Cores Energy (nJ): 7,164,234
Route Energy (nJ): 11,220,809
Route Energy (nJ) 3D: 17,483,506
Mem Energy   (nJ): 21,745,753
Mem Energy   (nJ) 3D: 21,745,753
Avg. Power (mW): 30,865.52
Power Density (mW/mm2): 33.06

---Runtime---
Runtime in K cycles: 1,300.18
Microseconds: 1,300.18
Time per iteration (ms): 1.30

---Throughput---
GOP/s (aka OPS/ns): 814.08
GOP/s per core: 0.79
GFLOP/s: 98.66
GFLOP/s per core: 0.10
Max Peak GFLOP/s: 1,024.00
Avg. BW GB/s: 3,194.77
Max BW GB/s: 4,096.00

---Traffic---
In-Die bisection_bytes BW (GB/s): 256.00
Inter-board traffic (msg/ns): 0.00, per-link: 0.00
Inter-pack traffic (msg/ns): 0.00, per-link: 0.00
Inter-die traffic (msg/ns): 65.19, per-link: 0.25
Ruche traffic (msg/ns): 79.15, per-link: 0.31
All traffic (msg/ns): 2,456.03, per-link: 2.40
Inter-die reduction wrt all: 37.67
Inter-board reduction wrt inter-die: inf

---Data Movement---
All traffic (msg): 3,193,289,314
Arith. Intensity FLOP/Loads: 0.20
Arith. Intensity FLOP/Msgs: 0.04
Arith. Intensity OPS/Loads: 1.63
Arith. Intensity OPS/Msgs: 0.33



===Core Utilization Total=== CORE-S:13;; TIME K cy:1,300 ;; Nodes Proc: 15,965,536 -- Edges Proc: 0
======== IT IS COLD ======= Only 0 Tiles active
Epoch Done Router: 6
Epoch Done Router: 0
Epoch Done Router: 2
Epoch Done Router: 4
Epoch Done Router: 7
Epoch Done Router: 5
Epoch Done Router: 1
Epoch Done Router: 3
##EPOCH## 1 COMPLETED at Time (K cy): 1,308
Nodes processed until now: 128,311,436
Edges processed until now: 0
Program Done Worker Thread: 0
Program Done Router Thread: 4
Program Done Router Thread: 1
Program Done Worker Thread: 6
Program Done Router Thread: 0
Program Done Router Thread: 7
Program Done Worker Thread: 2
Program Done Router Thread: 5
Program Done Router Thread: 3
Program Done Router Thread: 2
Program Done Worker Thread: 5
Program Done Worker Thread: 1
Program Done Router Thread: 6
Program Done Worker Thread: 3
Program Done Worker Thread: 7
Program Done Worker Thread: 4

===PRINTING ACUM STATS at pu_cycles: 1,308,551

ACollision In Avg:8, SD:6, Max:44, Min:0
ACollision Out Avg:0, SD:0, Max:2, Min:0
ACollision End Avg:0, SD:0, Max:0, Min:0
ATask1 Avg:60, SD:0, Max:60, Min:60
ATask2 Avg:0, SD:0, Max:0, Min:0
ATask3 Avg:19, SD:3, Max:40, Min:12
ACore Active Avg:79, SD:3, Max:100, Min:72
ARouter Active Avg:69, SD:4, Max:78, Min:30
T1 invocations: 4,020,455
T2 invocations: 0
T3 invocations: 128,311,436
T3b invocations: 0
Total3 invocations: 128,311,436
Total4 invocations: 0

T3/T2 ratio: inf
T3b/T3 ratio: 0

T1 avg ex cycles: 200
T2 avg ex cycles: -nan
T3&b avg ex cycles: 2
T4 avg ex cycles: -nan
Avg. hops NOC1: -nan
Avg. latency NOC1 (T2): -nan
Avg. hops NOC2: 12
Avg. latency NOC2 (T3): 3,265

Runtime at program end in K cycles: 1,308
Runtime before cooldown in K cycles: 1,000


Number of K Nodes Processed: 128,311
Number of K Edges Processed: 128,311
Node Re-explore factor: 30.59
Edge Re-explore factor: 1.00
Nodes/cy: 98
Edges/cy: 98
TEPS: 98

---DCache---
DCache Size: 129,408
DRAM words: 0
  DHits: 0
  DMisses: 0

---Energy---
Leakage Energy (nJ): 455,785
PU Dyn E (nJ): 7,162,088
Mem Dyn E (nJ): 21,323,515
Route Dyn E (nJ): 11,196,911
Dynamic Energy (nJ): 39,682,515
Ratio of Dyn/Leak: 87
Total Energy (nJ): 40,138,300
Total Energy (nJ) 3D: 46,401,664
Cores Energy (nJ): 7,165,731
Route Energy (nJ): 11,221,944
Route Energy (nJ) 3D: 17,485,308
Mem Energy   (nJ): 21,750,626
Mem Energy   (nJ) 3D: 21,750,626
Avg. Power (mW): 30,673.85
Power Density (mW/mm2): 32.85

---Runtime---
Runtime in K cycles: 1,308.55
Microseconds: 1,308.55
Time per iteration (ms): 1.31

---Inst---
K Loads: 649,598
K Stores: 388,954
K Instructions: 1,058,654

---Throughput---
GOP/s (aka OPS/ns): 809.03
GOP/s per core: 0.79
GFLOP/s: 98.06
GFLOP/s per core: 0.10
Max Peak GFLOP/s: 1,024.00
Avg. BW GB/s: 3,174.67
Max BW GB/s: 4,096.00

---Traffic---
In-Die bisection_bytes BW (GB/s): 256.00
Inter-board traffic (msg/ns): 0.00, per-link: 0.00
Inter-pack traffic (msg/ns): 0.00, per-link: 0.00
Inter-die traffic (msg/ns): 64.78, per-link: 0.25
Ruche traffic (msg/ns): 78.64, per-link: 0.31
All traffic (msg/ns): 2,440.56, per-link: 2.38
Inter-die reduction wrt all: 37.68
Inter-board reduction wrt inter-die: inf

---Data Movement---
All traffic (msg): 3,193,598,562
Arith. Intensity FLOP/Loads: 0.20
Arith. Intensity FLOP/Msgs: 0.04
Arith. Intensity OPS/Loads: 1.63
Arith. Intensity OPS/Msgs: 0.33

Simulation time: 103.61
Sim time / DUT time: 77.32
Sim noc_cy/s: 12,629.50
Sim Msg/s: 30,823,067.84

Version 32

