Dataset:  wikipedia/
Dry run: 0
Open Edge Count File succesfully
Edges Traversed BFS: 95554407
Found Vertices: 4206336, Edges: 101311613
avg degree 25
Array  wikipedia/node_array.bin found
Malloc array of size 16825348 bytes
Readin array of size 16825160 bytes
Finished Reading Array Bytes
No reordering Array 32bit
Array  wikipedia/edge_array.bin found
Malloc array of size 405246452 bytes
Readin array of size 405246452 bytes
Finished Reading Array Bytes
No reordering Array 32bit
Reading graph elapsed time: 0.1212s

Dataset Footprint: 402 MiB
Dataset Footprint per Board: 3376.68 Mb
Dataset injection time (ms): 0.206096
Max Dataset Footprint: 821 MiB

Dataset footprint per tile: 1610 KiB
Proxys footprint per tile: 0 KiB
Reserved SRAM per tile: 12 KiB

Ideal SRAM per tile: 1622 KiB
reserved_words_for_dataset:418783
dataset_words_per_tile:412192
remaining_sram_words:2093918
min_dcache_sram_words_required:412192
dataset_words_per_tile:412192
min_pcache_sram_words_required:0
proxys_words_per_tile:0
Dcache footprint ratio: 1
Dataset Cached: 0
DCache: 412192 words, lines: 25762, sets: 25762
Proxys Cached: 0
Pcache: 0 words, sets: 0
Node per tile: 16,431
Edge per tile: 395,749
GRID_X: 16
GRID_SIZE: 256
smt_per_tile: 16
noc_freq: 2
pu_freq: 1
RUCHE_X: 2
PROXY_W: 16
DIE_W: 4
DIE_H: 4
DIES: 16
BORDER_TILES_PER_DIE: 16
PACK_W: 16
PACK_H: 16
DIES_PACK_FACTOR: 4
DIES_PER_PACK: 16
PACKAGES: 1
BOARD_W: 16
BOARD_H: 16
BOARDS: 1
MUX_BUS: 1
DCACHE: 1
PCACHE: 0
PROXY_FACTOR: 1
CACHE_WAYS: 1
TORUS: 1
PHY_NOCS: 1
WIDE_NOC_ID: 0
NOC_CONF: 1
noc_width: 32
hbm_channel_bit_width: 512
ld_st_op_byte_width: 4
PROXY_ROUTING: 0
WITHIN_REGION: 0
WRITE_THROUGH: 0
ASSERT_MODE: 0
GLOBAL_BARRIER: 0
OQ flits: 6 ; 1,024 ; 2
IQ flits: 6 ; 2,048 ; 4
OQ messages: 2 ; 512 ; 1
IQ messages: 2 ; 1,024 ; 2
max_task2 size: 64
io_factor_t2: 2
io_factor_t3: 2
io_factor_t3b: 2

Active SRAM Storage per tile: 1,622 KiB
Total SRAM Storage per tile: 8,192 KiB
Agreggated SRAM Storage: 2,048 MiB

Active DRAM Storage per tile: 0 MiB
Total DRAM Storage per tile: 512 MiB
Agreggated DRAM Storage: 128 GiB

Inter-Die #links: 128
Inter-Die (Gbits): 8,192
Inter-Die (Gbits/mm): 246.342
Bisection BW of Board (Gbits): 8,192
Border IO #Dies: 16
Border IO Die BW (Gbits): 1,024
Off-Board BW Total (Gbits): 16,384
Off-Board BW Density (Gbits/mm): 54
Die side: 8.31 mm
Die border wire density: 246.34 Gbits/mm
HBM wire density: 492.68 Gbits/mm

Tiles per Die: 16 (4x4)
Tile Area: 3.02 mm2, side: 1.74 mm
- Core/Rout Area: 0.72 mm2
- SRAM Area: 2.30 mm2
- SRAM/Logic Ratio: 3.19x

Dies per Package: 16 (4x4)
Die Area: 69.12 mm2, side: 8.31 mm
- Tiles Area: 48.24 mm2
- PHY Area: 11.87 mm2
- MC Area: 9.00 mm2

Packages per Board: 1 (1x1)
Package Area: 5,745.87 mm2, side: 75.80 mm
- IOdie Area: 2,880.00 mm2
- Dies Area: 1,105.87 mm2
- HBM Area: 1,760.00 mm2

Boards: 1 (1x1)
Board Area: 5,745.87 mm2
Total Area: 5,745.87 mm2



ESTIMATED COST OF SILICON AND PACKAGING. ONLY VARIABLE, NO FIXED COSTS
Good dies per wafer 3d: 483
Good dies per wafer 2d: 808
--Dies 3D Cost: 200.31 $
--Dies 2.5D Cost: 119.74 $
--Dies 2D Cost: 119.74 $
--HBM Cost: 960.00 $
--IOdie Cost: 417.03 $
--Packaging Cost 3d: 98.59 $
--Packaging Cost 2.5d: 122.43 $
--Packaging Cost 2d: 80.52 $
SiP Cost 3d: 1,675.94 $
SiP Cost 2.5d: 1,619.20 $
SiP Cost 2d: 617.29 $
--Board Cost: 5.75 $
Total SiPs Cost 3d: 1,681.68 $
Total SiPs Cost 2.5d: 1,624.95 $
Total SiPs Cost 2d: 623.04 $

Perf counters initialized
Mesh connected
Cache structures initialized
proxys initialized
Dataset structures initialized


Starting Simulation
INIT epoch: 1
INIT epoch: 1
INIT epoch: 1
INIT epoch: 1
INIT epoch: 1
INIT epoch: 1
INIT epoch: 1
INIT epoch: 1

===PRINTING FRAME STATS

FCollision In Avg:-nan, SD:-nan, Max:700, Min:14
FCollision Out Avg:-nan, SD:-nan, Max:214, Min:2
FCollision End Avg:-nan, SD:-nan, Max:0, Min:0
FTask1 Avg:-nan, SD:-nan, Max:1,219, Min:6
FTask2 Avg:-nan, SD:-nan, Max:0, Min:0
FTask3 Avg:-nan, SD:-nan, Max:797, Min:11
FCore Active Avg:-nan, SD:-nan, Max:95, Min:2
FRouter Active Avg:-nan, SD:-nan, Max:100, Min:3
T1 invocations: 604,858
T2 invocations: 0
T3 invocations: 6,610,582
T3b invocations: 0
Total3 invocations: 6,610,582
Total4 invocations: 0

T3/T2 ratio: inf
T3b/T3 ratio: 0

T1 avg ex cycles: 98
T2 avg ex cycles: -nan
T3&b avg ex cycles: 4
T4 avg ex cycles: -nan
Avg. hops NOC1: -nan
Avg. latency NOC1 (T2): -nan
Avg. hops NOC2: 4
Avg. latency NOC2 (T3): 1,175

===PRINTING ACUM STATS at pu_cycles: 100,652

ACollision In Avg:-nan, SD:-nan, Max:700, Min:14
ACollision Out Avg:-nan, SD:-nan, Max:214, Min:2
ACollision End Avg:-nan, SD:-nan, Max:0, Min:0
ATask1 Avg:-nan, SD:-nan, Max:1,219, Min:6
ATask2 Avg:-nan, SD:-nan, Max:0, Min:0
ATask3 Avg:-nan, SD:-nan, Max:797, Min:11
ACore Active Avg:-nan, SD:-nan, Max:95, Min:2
ARouter Active Avg:-nan, SD:-nan, Max:100, Min:3
T1 invocations: 604,858
T2 invocations: 0
T3 invocations: 6,610,582
T3b invocations: 0
Total3 invocations: 6,610,582
Total4 invocations: 0

T3/T2 ratio: inf
T3b/T3 ratio: 0

T1 avg ex cycles: 98
T2 avg ex cycles: -nan
T3&b avg ex cycles: 4
T4 avg ex cycles: -nan
Avg. hops NOC1: -nan
Avg. latency NOC1 (T2): -nan
Avg. hops NOC2: 4
Avg. latency NOC2 (T3): 1,175
Number of K Nodes Processed: 7,654
Number of K Edges Processed: 7,654
Node Re-explore factor: 1.82
Edge Re-explore factor: 0.08
Nodes/cy: 76
Edges/cy: 76
TEPS: 949

---DCache---
DCache Size: 412,192
DRAM words: 0
  DHits: 0
  DMisses: 0

---Energy---
Leakage Energy (nJ): 57,405
PU Dyn E (nJ): 316,612
Mem Dyn E (nJ): 4,259,536
Route Dyn E (nJ): 734,633
Dynamic Energy (nJ): 5,310,782
Ratio of Dyn/Leak: 93
Total Energy (nJ): 5,368,187
Total Energy (nJ) 3D: 5,611,605
Cores Energy (nJ): 317,733
Route Energy (nJ): 764,797
Route Energy (nJ) 3D: 1,008,215
Mem Energy   (nJ): 4,285,657
Mem Energy   (nJ) 3D: 4,285,657
Avg. Power (mW): 53,334.13
Power Density (mW/mm2): 9.28

---Runtime---
Runtime in K cycles: 100.65
Microseconds: 100.65
Time per iteration (ms): 0.10

---Throughput---
GOP/s (aka OPS/ns): 486.00
GOP/s per core: 1.90
GFLOP/s: 51.10
GFLOP/s per core: 0.20
Max Peak GFLOP/s: 4,096.00
Avg. BW GB/s: 2,057.14
Max BW GB/s: 16,384.00

---Traffic---
In-Die bisection_bytes BW (GB/s): 256.00
Inter-board traffic (msg/ns): 0.00, per-link: 0.00
Inter-pack traffic (msg/ns): 0.00, per-link: 0.00
Inter-die traffic (msg/ns): 38.02, per-link: 0.15
Ruche traffic (msg/ns): 182.28, per-link: 0.71
All traffic (msg/ns): 531.99, per-link: 2.08
Inter-die reduction wrt all: 13.99
Inter-board reduction wrt inter-die: inf

---Data Movement---
All traffic (msg): 53,546,206
Arith. Intensity FLOP/Loads: 0.16
Arith. Intensity FLOP/Msgs: 0.10
Arith. Intensity OPS/Loads: 1.56
Arith. Intensity OPS/Msgs: 0.91



===Core Utilization Total=== CORE-S:1;; TIME K cy:100 ;; Nodes Proc: 793,346 -- Edges Proc: 0

===PRINTING FRAME STATS

FCollision In Avg:120, SD:96, Max:720, Min:13
FCollision Out Avg:84, SD:59, Max:249, Min:1
FCollision End Avg:0, SD:0, Max:0, Min:0
FTask1 Avg:338, SD:449, Max:1,240, Min:0
FTask2 Avg:0, SD:0, Max:0, Min:0
FTask3 Avg:115, SD:109, Max:800, Min:11
FCore Active Avg:28, SD:29, Max:96, Min:1
FRouter Active Avg:43, SD:29, Max:100, Min:3
T1 invocations: 888,105
T2 invocations: 0
T3 invocations: 7,371,857
T3b invocations: 0
Total3 invocations: 7,371,857
Total4 invocations: 0

T3/T2 ratio: inf
T3b/T3 ratio: 0

T1 avg ex cycles: 97
T2 avg ex cycles: -nan
T3&b avg ex cycles: 4
T4 avg ex cycles: -nan
Avg. hops NOC1: -nan
Avg. latency NOC1 (T2): -nan
Avg. hops NOC2: 5
Avg. latency NOC2 (T3): 1,304

===PRINTING ACUM STATS at pu_cycles: 200,647

ACollision In Avg:119, SD:95, Max:710, Min:14
ACollision Out Avg:83, SD:58, Max:223, Min:1
ACollision End Avg:0, SD:0, Max:0, Min:0
ATask1 Avg:344, SD:449, Max:1,240, Min:3
ATask2 Avg:0, SD:0, Max:0, Min:0
ATask3 Avg:117, SD:106, Max:798, Min:11
ACore Active Avg:29, SD:30, Max:94, Min:1
ARouter Active Avg:44, SD:29, Max:100, Min:3
T1 invocations: 1,540,566
T2 invocations: 0
T3 invocations: 14,113,239
T3b invocations: 0
Total3 invocations: 14,113,239
Total4 invocations: 0

T3/T2 ratio: inf
T3b/T3 ratio: 0

T1 avg ex cycles: 98
T2 avg ex cycles: -nan
T3&b avg ex cycles: 4
T4 avg ex cycles: -nan
Avg. hops NOC1: -nan
Avg. latency NOC1 (T2): -nan
Avg. hops NOC2: 5
Avg. latency NOC2 (T3): 1,253
Number of K Nodes Processed: 15,210
Number of K Edges Processed: 15,210
Node Re-explore factor: 3.62
Edge Re-explore factor: 0.15
Nodes/cy: 76
Edges/cy: 76
TEPS: 476

---DCache---
DCache Size: 412,192
DRAM words: 0
  DHits: 0
  DMisses: 0

---Energy---
Leakage Energy (nJ): 114,436
PU Dyn E (nJ): 782,932
Mem Dyn E (nJ): 9,504,649
Route Dyn E (nJ): 1,866,342
Dynamic Energy (nJ): 12,153,923
Ratio of Dyn/Leak: 106
Total Energy (nJ): 12,268,359
Total Energy (nJ) 3D: 13,046,435
Cores Energy (nJ): 785,166
Route Energy (nJ): 1,926,472
Route Energy (nJ) 3D: 2,704,548
Mem Energy   (nJ): 9,556,721
Mem Energy   (nJ) 3D: 9,556,721
Avg. Power (mW): 61,143.99
Power Density (mW/mm2): 10.64

---Runtime---
Runtime in K cycles: 200.65
Microseconds: 200.65
Time per iteration (ms): 0.20

---Throughput---
GOP/s (aka OPS/ns): 594.68
GOP/s per core: 2.32
GFLOP/s: 65.43
GFLOP/s per core: 0.26
Max Peak GFLOP/s: 4,096.00
Avg. BW GB/s: 2,303.70
Max BW GB/s: 16,384.00

---Traffic---
In-Die bisection_bytes BW (GB/s): 256.00
Inter-board traffic (msg/ns): 0.00, per-link: 0.00
Inter-pack traffic (msg/ns): 0.00, per-link: 0.00
Inter-die traffic (msg/ns): 37.29, per-link: 0.15
Ruche traffic (msg/ns): 181.64, per-link: 0.71
All traffic (msg/ns): 648.77, per-link: 2.53
Inter-die reduction wrt all: 17.40
Inter-board reduction wrt inter-die: inf

---Data Movement---
All traffic (msg): 130,173,970
Arith. Intensity FLOP/Loads: 0.18
Arith. Intensity FLOP/Msgs: 0.10
Arith. Intensity OPS/Loads: 1.66
Arith. Intensity OPS/Msgs: 0.92



===Core Utilization Total=== CORE-S:2;; TIME K cy:200 ;; Nodes Proc: 1,541,123 -- Edges Proc: 0

===PRINTING FRAME STATS

FCollision In Avg:122, SD:98, Max:753, Min:10
FCollision Out Avg:85, SD:60, Max:301, Min:0
FCollision End Avg:0, SD:0, Max:0, Min:0
FTask1 Avg:323, SD:442, Max:1,220, Min:0
FTask2 Avg:0, SD:0, Max:0, Min:0
FTask3 Avg:112, SD:109, Max:800, Min:9
FCore Active Avg:27, SD:29, Max:99, Min:1
FRouter Active Avg:41, SD:28, Max:100, Min:3
T1 invocations: 857,136
T2 invocations: 0
T3 invocations: 7,172,531
T3b invocations: 0
Total3 invocations: 7,172,531
Total4 invocations: 0

T3/T2 ratio: inf
T3b/T3 ratio: 0

T1 avg ex cycles: 96
T2 avg ex cycles: -nan
T3&b avg ex cycles: 4
T4 avg ex cycles: -nan
Avg. hops NOC1: -nan
Avg. latency NOC1 (T2): -nan
Avg. hops NOC2: 5
Avg. latency NOC2 (T3): 1,229

===PRINTING ACUM STATS at pu_cycles: 300,662

ACollision In Avg:120, SD:96, Max:724, Min:13
ACollision Out Avg:84, SD:58, Max:248, Min:1
ACollision End Avg:0, SD:0, Max:0, Min:0
ATask1 Avg:338, SD:445, Max:1,220, Min:2
ATask2 Avg:0, SD:0, Max:0, Min:0
ATask3 Avg:117, SD:102, Max:799, Min:10
ACore Active Avg:28, SD:29, Max:96, Min:1
ARouter Active Avg:43, SD:28, Max:100, Min:3
T1 invocations: 2,614,050
T2 invocations: 0
T3 invocations: 22,263,133
T3b invocations: 0
Total3 invocations: 22,263,133
Total4 invocations: 0

T3/T2 ratio: inf
T3b/T3 ratio: 0

T1 avg ex cycles: 98
T2 avg ex cycles: -nan
T3&b avg ex cycles: 4
T4 avg ex cycles: -nan
Avg. hops NOC1: -nan
Avg. latency NOC1 (T2): -nan
Avg. hops NOC2: 5
Avg. latency NOC2 (T3): 1,238
Number of K Nodes Processed: 22,350
Number of K Edges Processed: 22,350
Node Re-explore factor: 5.31
Edge Re-explore factor: 0.22
Nodes/cy: 74
Edges/cy: 74
TEPS: 318

---DCache---
DCache Size: 412,192
DRAM words: 0
  DHits: 0
  DMisses: 0

---Energy---
Leakage Energy (nJ): 171,477
PU Dyn E (nJ): 1,309,833
Mem Dyn E (nJ): 15,281,514
Route Dyn E (nJ): 3,063,461
Dynamic Energy (nJ): 19,654,809
Ratio of Dyn/Leak: 115
Total Energy (nJ): 19,826,286
Total Energy (nJ) 3D: 21,208,155
Cores Energy (nJ): 1,313,181
Route Energy (nJ): 3,153,564
Route Energy (nJ) 3D: 4,535,433
Mem Energy   (nJ): 15,359,542
Mem Energy   (nJ) 3D: 15,359,542
Avg. Power (mW): 65,942.11
Power Density (mW/mm2): 11.48

---Runtime---
Runtime in K cycles: 300.66
Microseconds: 300.66
Time per iteration (ms): 0.30

---Throughput---
GOP/s (aka OPS/ns): 660.75
GOP/s per core: 2.58
GFLOP/s: 73.85
GFLOP/s per core: 0.29
Max Peak GFLOP/s: 4,096.00
Avg. BW GB/s: 2,472.26
Max BW GB/s: 16,384.00

---Traffic---
In-Die bisection_bytes BW (GB/s): 256.00
Inter-board traffic (msg/ns): 0.00, per-link: 0.00
Inter-pack traffic (msg/ns): 0.00, per-link: 0.00
Inter-die traffic (msg/ns): 35.86, per-link: 0.14
Ruche traffic (msg/ns): 176.90, per-link: 0.69
All traffic (msg/ns): 703.58, per-link: 2.75
Inter-die reduction wrt all: 19.62
Inter-board reduction wrt inter-die: inf

---Data Movement---
All traffic (msg): 211,538,524
Arith. Intensity FLOP/Loads: 0.19
Arith. Intensity FLOP/Msgs: 0.10
Arith. Intensity OPS/Loads: 1.71
Arith. Intensity OPS/Msgs: 0.94



===Core Utilization Total=== CORE-S:3;; TIME K cy:300 ;; Nodes Proc: 2,296,795 -- Edges Proc: 0

===PRINTING FRAME STATS

FCollision In Avg:118, SD:96, Max:718, Min:11
FCollision Out Avg:82, SD:60, Max:230, Min:2
FCollision End Avg:0, SD:0, Max:0, Min:0
FTask1 Avg:348, SD:432, Max:1,219, Min:0
FTask2 Avg:0, SD:0, Max:0, Min:0
FTask3 Avg:123, SD:113, Max:800, Min:13
FCore Active Avg:29, SD:28, Max:88, Min:1
FRouter Active Avg:45, SD:27, Max:100, Min:4
T1 invocations: 917,464
T2 invocations: 0
T3 invocations: 7,885,529
T3b invocations: 0
Total3 invocations: 7,885,529
Total4 invocations: 0

T3/T2 ratio: inf
T3b/T3 ratio: 0

T1 avg ex cycles: 97
T2 avg ex cycles: -nan
T3&b avg ex cycles: 4
T4 avg ex cycles: -nan
Avg. hops NOC1: -nan
Avg. latency NOC1 (T2): -nan
Avg. hops NOC2: 5
Avg. latency NOC2 (T3): 1,661

===PRINTING ACUM STATS at pu_cycles: 400,642

ACollision In Avg:119, SD:95, Max:722, Min:13
ACollision Out Avg:84, SD:58, Max:234, Min:2
ACollision End Avg:0, SD:0, Max:0, Min:0
ATask1 Avg:341, SD:440, Max:1,137, Min:2
ATask2 Avg:0, SD:0, Max:0, Min:0
ATask3 Avg:118, SD:101, Max:799, Min:11
ACore Active Avg:29, SD:29, Max:92, Min:1
ARouter Active Avg:44, SD:28, Max:100, Min:3
T1 invocations: 3,445,344
T2 invocations: 0
T3 invocations: 29,838,043
T3b invocations: 0
Total3 invocations: 29,838,043
Total4 invocations: 0

T3/T2 ratio: inf
T3b/T3 ratio: 0

T1 avg ex cycles: 98
T2 avg ex cycles: -nan
T3&b avg ex cycles: 4
T4 avg ex cycles: -nan
Avg. hops NOC1: -nan
Avg. latency NOC1 (T2): -nan
Avg. hops NOC2: 5
Avg. latency NOC2 (T3): 1,352
Number of K Nodes Processed: 30,250
Number of K Edges Processed: 30,250
Node Re-explore factor: 7.19
Edge Re-explore factor: 0.30
Nodes/cy: 76
Edges/cy: 76
TEPS: 239

---DCache---
DCache Size: 412,192
DRAM words: 0
  DHits: 0
  DMisses: 0

---Energy---
Leakage Energy (nJ): 228,499
PU Dyn E (nJ): 1,731,239
Mem Dyn E (nJ): 20,387,636
Route Dyn E (nJ): 4,033,445
Dynamic Energy (nJ): 26,152,320
Ratio of Dyn/Leak: 114
Total Energy (nJ): 26,380,819
Total Energy (nJ) 3D: 28,182,438
Cores Energy (nJ): 1,735,699
Route Energy (nJ): 4,153,510
Route Energy (nJ) 3D: 5,955,129
Mem Energy   (nJ): 20,491,611
Mem Energy   (nJ) 3D: 20,491,611
Avg. Power (mW): 65,846.36
Power Density (mW/mm2): 11.46

---Runtime---
Runtime in K cycles: 400.64
Microseconds: 400.64
Time per iteration (ms): 0.40

---Throughput---
GOP/s (aka OPS/ns): 656.13
GOP/s per core: 2.56
GFLOP/s: 73.06
GFLOP/s per core: 0.29
Max Peak GFLOP/s: 4,096.00
Avg. BW GB/s: 2,475.12
Max BW GB/s: 16,384.00

---Traffic---
In-Die bisection_bytes BW (GB/s): 256.00
Inter-board traffic (msg/ns): 0.00, per-link: 0.00
Inter-pack traffic (msg/ns): 0.00, per-link: 0.00
Inter-die traffic (msg/ns): 36.02, per-link: 0.14
Ruche traffic (msg/ns): 177.65, per-link: 0.69
All traffic (msg/ns): 697.94, per-link: 2.73
Inter-die reduction wrt all: 19.38
Inter-board reduction wrt inter-die: inf

---Data Movement---
All traffic (msg): 279,624,998
Arith. Intensity FLOP/Loads: 0.19
Arith. Intensity FLOP/Msgs: 0.10
Arith. Intensity OPS/Loads: 1.70
Arith. Intensity OPS/Msgs: 0.94



===Core Utilization Total=== CORE-S:4;; TIME K cy:400 ;; Nodes Proc: 3,149,000 -- Edges Proc: 0

===PRINTING FRAME STATS

FCollision In Avg:100, SD:95, Max:572, Min:0
FCollision Out Avg:73, SD:60, Max:220, Min:0
FCollision End Avg:0, SD:0, Max:0, Min:0
FTask1 Avg:256, SD:346, Max:1,165, Min:0
FTask2 Avg:0, SD:0, Max:0, Min:0
FTask3 Avg:98, SD:103, Max:797, Min:9
FCore Active Avg:22, SD:23, Max:94, Min:1
FRouter Active Avg:40, SD:24, Max:100, Min:4
T1 invocations: 679,745
T2 invocations: 0
T3 invocations: 6,274,545
T3b invocations: 0
Total3 invocations: 6,274,545
Total4 invocations: 0

T3/T2 ratio: inf
T3b/T3 ratio: 0

T1 avg ex cycles: 96
T2 avg ex cycles: -nan
T3&b avg ex cycles: 4
T4 avg ex cycles: -nan
Avg. hops NOC1: -nan
Avg. latency NOC1 (T2): -nan
Avg. hops NOC2: 5
Avg. latency NOC2 (T3): 2,897

===PRINTING ACUM STATS at pu_cycles: 500,640

ACollision In Avg:116, SD:95, Max:692, Min:11
ACollision Out Avg:82, SD:58, Max:219, Min:3
ACollision End Avg:0, SD:0, Max:0, Min:0
ATask1 Avg:324, SD:382, Max:925, Min:1
ATask2 Avg:0, SD:0, Max:0, Min:0
ATask3 Avg:114, SD:96, Max:799, Min:11
ACore Active Avg:27, SD:25, Max:85, Min:1
ARouter Active Avg:43, SD:26, Max:100, Min:3
T1 invocations: 4,153,078
T2 invocations: 0
T3 invocations: 36,085,564
T3b invocations: 0
Total3 invocations: 36,085,564
Total4 invocations: 0

T3/T2 ratio: inf
T3b/T3 ratio: 0

T1 avg ex cycles: 98
T2 avg ex cycles: -nan
T3&b avg ex cycles: 4
T4 avg ex cycles: -nan
Avg. hops NOC1: -nan
Avg. latency NOC1 (T2): -nan
Avg. hops NOC2: 5
Avg. latency NOC2 (T3): 1,625
Number of K Nodes Processed: 36,388
Number of K Edges Processed: 36,388
Node Re-explore factor: 8.65
Edge Re-explore factor: 0.36
Nodes/cy: 73
Edges/cy: 73
TEPS: 191

---DCache---
DCache Size: 412,192
DRAM words: 0
  DHits: 0
  DMisses: 0

---Energy---
Leakage Energy (nJ): 285,532
PU Dyn E (nJ): 2,086,848
Mem Dyn E (nJ): 24,630,283
Route Dyn E (nJ): 4,928,103
Dynamic Energy (nJ): 31,645,234
Ratio of Dyn/Leak: 111
Total Energy (nJ): 31,930,766
Total Energy (nJ) 3D: 34,150,874
Cores Energy (nJ): 2,092,421
Route Energy (nJ): 5,078,136
Route Energy (nJ) 3D: 7,298,244
Mem Energy   (nJ): 24,760,209
Mem Energy   (nJ) 3D: 24,760,209
Avg. Power (mW): 63,779.89
Power Density (mW/mm2): 11.10

---Runtime---
Runtime in K cycles: 500.64
Microseconds: 500.64
Time per iteration (ms): 0.50

---Throughput---
GOP/s (aka OPS/ns): 633.12
GOP/s per core: 2.47
GFLOP/s: 70.43
GFLOP/s per core: 0.28
Max Peak GFLOP/s: 4,096.00
Avg. BW GB/s: 2,392.90
Max BW GB/s: 16,384.00

---Traffic---
In-Die bisection_bytes BW (GB/s): 256.00
Inter-board traffic (msg/ns): 0.00, per-link: 0.00
Inter-pack traffic (msg/ns): 0.00, per-link: 0.00
Inter-die traffic (msg/ns): 35.74, per-link: 0.14
Ruche traffic (msg/ns): 170.25, per-link: 0.67
All traffic (msg/ns): 680.82, per-link: 2.66
Inter-die reduction wrt all: 19.05
Inter-board reduction wrt inter-die: inf

---Data Movement---
All traffic (msg): 340,848,010
Arith. Intensity FLOP/Loads: 0.19
Arith. Intensity FLOP/Msgs: 0.10
Arith. Intensity OPS/Loads: 1.69
Arith. Intensity OPS/Msgs: 0.93



===Core Utilization Total=== CORE-S:5;; TIME K cy:500 ;; Nodes Proc: 3,755,592 -- Edges Proc: 0

===PRINTING FRAME STATS

FCollision In Avg:88, SD:89, Max:488, Min:0
FCollision Out Avg:62, SD:57, Max:194, Min:0
FCollision End Avg:0, SD:0, Max:0, Min:0
FTask1 Avg:280, SD:343, Max:1,237, Min:0
FTask2 Avg:0, SD:0, Max:0, Min:0
FTask3 Avg:104, SD:107, Max:802, Min:9
FCore Active Avg:24, SD:23, Max:99, Min:1
FRouter Active Avg:45, SD:21, Max:100, Min:8
T1 invocations: 758,773
T2 invocations: 0
T3 invocations: 6,674,038
T3b invocations: 0
Total3 invocations: 6,674,038
Total4 invocations: 0

T3/T2 ratio: inf
T3b/T3 ratio: 0

T1 avg ex cycles: 94
T2 avg ex cycles: -nan
T3&b avg ex cycles: 4
T4 avg ex cycles: -nan
Avg. hops NOC1: -nan
Avg. latency NOC1 (T2): -nan
Avg. hops NOC2: 5
Avg. latency NOC2 (T3): 2,073

===PRINTING ACUM STATS at pu_cycles: 600,611

ACollision In Avg:111, SD:92, Max:644, Min:9
ACollision Out Avg:78, SD:57, Max:211, Min:3
ACollision End Avg:0, SD:0, Max:0, Min:0
ATask1 Avg:317, SD:320, Max:780, Min:2
ATask2 Avg:0, SD:0, Max:0, Min:0
ATask3 Avg:112, SD:94, Max:799, Min:11
ACore Active Avg:27, SD:22, Max:87, Min:1
ARouter Active Avg:43, SD:24, Max:100, Min:4
T1 invocations: 4,947,041
T2 invocations: 0
T3 invocations: 42,634,681
T3b invocations: 0
Total3 invocations: 42,634,681
Total4 invocations: 0

T3/T2 ratio: inf
T3b/T3 ratio: 0

T1 avg ex cycles: 98
T2 avg ex cycles: -nan
T3&b avg ex cycles: 4
T4 avg ex cycles: -nan
Avg. hops NOC1: -nan
Avg. latency NOC1 (T2): -nan
Avg. hops NOC2: 5
Avg. latency NOC2 (T3): 1,685
Number of K Nodes Processed: 43,083
Number of K Edges Processed: 43,083
Node Re-explore factor: 10.24
Edge Re-explore factor: 0.43
Nodes/cy: 72
Edges/cy: 72
TEPS: 159

---DCache---
DCache Size: 412,192
DRAM words: 0
  DHits: 0
  DMisses: 0

---Energy---
Leakage Energy (nJ): 342,548
PU Dyn E (nJ): 2,473,824
Mem Dyn E (nJ): 29,134,474
Route Dyn E (nJ): 5,912,650
Dynamic Energy (nJ): 37,520,949
Ratio of Dyn/Leak: 110
Total Energy (nJ): 37,863,497
Total Energy (nJ) 3D: 40,539,070
Cores Energy (nJ): 2,480,511
Route Energy (nJ): 6,092,643
Route Energy (nJ) 3D: 8,768,215
Mem Energy   (nJ): 29,290,344
Mem Energy   (nJ) 3D: 29,290,344
Avg. Power (mW): 63,041.63
Power Density (mW/mm2): 10.97

---Runtime---
Runtime in K cycles: 600.61
Microseconds: 600.61
Time per iteration (ms): 0.60

---Throughput---
GOP/s (aka OPS/ns): 625.54
GOP/s per core: 2.44
GFLOP/s: 69.61
GFLOP/s per core: 0.27
Max Peak GFLOP/s: 4,096.00
Avg. BW GB/s: 2,359.39
Max BW GB/s: 16,384.00

---Traffic---
In-Die bisection_bytes BW (GB/s): 256.00
Inter-board traffic (msg/ns): 0.00, per-link: 0.00
Inter-pack traffic (msg/ns): 0.00, per-link: 0.00
Inter-die traffic (msg/ns): 37.79, per-link: 0.15
Ruche traffic (msg/ns): 166.68, per-link: 0.65
All traffic (msg/ns): 678.62, per-link: 2.65
Inter-die reduction wrt all: 17.96
Inter-board reduction wrt inter-die: inf

---Data Movement---
All traffic (msg): 407,585,832
Arith. Intensity FLOP/Loads: 0.19
Arith. Intensity FLOP/Msgs: 0.10
Arith. Intensity OPS/Loads: 1.70
Arith. Intensity OPS/Msgs: 0.92



===Core Utilization Total=== CORE-S:6;; TIME K cy:600 ;; Nodes Proc: 4,429,602 -- Edges Proc: 0

===PRINTING FRAME STATS

FCollision In Avg:80, SD:94, Max:494, Min:0
FCollision Out Avg:62, SD:63, Max:231, Min:0
FCollision End Avg:0, SD:0, Max:0, Min:0
FTask1 Avg:228, SD:370, Max:1,244, Min:0
FTask2 Avg:0, SD:0, Max:0, Min:0
FTask3 Avg:80, SD:93, Max:800, Min:6
FCore Active Avg:19, SD:24, Max:97, Min:0
FRouter Active Avg:36, SD:25, Max:100, Min:4
T1 invocations: 582,911
T2 invocations: 0
T3 invocations: 5,129,948
T3b invocations: 0
Total3 invocations: 5,129,948
Total4 invocations: 0

T3/T2 ratio: inf
T3b/T3 ratio: 0

T1 avg ex cycles: 100
T2 avg ex cycles: -nan
T3&b avg ex cycles: 4
T4 avg ex cycles: -nan
Avg. hops NOC1: -nan
Avg. latency NOC1 (T2): -nan
Avg. hops NOC2: 5
Avg. latency NOC2 (T3): 1,589

===PRINTING ACUM STATS at pu_cycles: 700,641

ACollision In Avg:106, SD:91, Max:619, Min:8
ACollision Out Avg:76, SD:57, Max:208, Min:3
ACollision End Avg:0, SD:0, Max:0, Min:0
ATask1 Avg:310, SD:280, Max:676, Min:2
ATask2 Avg:0, SD:0, Max:0, Min:0
ATask3 Avg:108, SD:91, Max:799, Min:10
ACore Active Avg:26, SD:19, Max:82, Min:1
ARouter Active Avg:42, SD:22, Max:100, Min:4
T1 invocations: 5,664,083
T2 invocations: 0
T3 invocations: 48,116,343
T3b invocations: 0
Total3 invocations: 48,116,343
Total4 invocations: 0

T3/T2 ratio: inf
T3b/T3 ratio: 0

T1 avg ex cycles: 98
T2 avg ex cycles: -nan
T3&b avg ex cycles: 4
T4 avg ex cycles: -nan
Avg. hops NOC1: -nan
Avg. latency NOC1 (T2): -nan
Avg. hops NOC2: 5
Avg. latency NOC2 (T3): 1,686
Number of K Nodes Processed: 48,196
Number of K Edges Processed: 48,196
Node Re-explore factor: 11.46
Edge Re-explore factor: 0.48
Nodes/cy: 69
Edges/cy: 69
TEPS: 136

---DCache---
DCache Size: 412,192
DRAM words: 0
  DHits: 0
  DMisses: 0

---Energy---
Leakage Energy (nJ): 399,599
PU Dyn E (nJ): 2,836,774
Mem Dyn E (nJ): 33,049,966
Route Dyn E (nJ): 6,778,923
Dynamic Energy (nJ): 42,665,663
Ratio of Dyn/Leak: 107
Total Energy (nJ): 43,065,262
Total Energy (nJ) 3D: 46,166,658
Cores Energy (nJ): 2,844,574
Route Energy (nJ): 6,988,892
Route Energy (nJ) 3D: 10,090,289
Mem Energy   (nJ): 33,231,796
Mem Energy   (nJ) 3D: 33,231,796
Avg. Power (mW): 61,465.52
Power Density (mW/mm2): 10.70

---Runtime---
Runtime in K cycles: 700.64
Microseconds: 700.64
Time per iteration (ms): 0.70

---Throughput---
GOP/s (aka OPS/ns): 613.98
GOP/s per core: 2.40
GFLOP/s: 68.66
GFLOP/s per core: 0.27
Max Peak GFLOP/s: 4,096.00
Avg. BW GB/s: 2,294.48
Max BW GB/s: 16,384.00

---Traffic---
In-Die bisection_bytes BW (GB/s): 256.00
Inter-board traffic (msg/ns): 0.00, per-link: 0.00
Inter-pack traffic (msg/ns): 0.00, per-link: 0.00
Inter-die traffic (msg/ns): 37.25, per-link: 0.15
Ruche traffic (msg/ns): 159.96, per-link: 0.62
All traffic (msg/ns): 664.63, per-link: 2.60
Inter-die reduction wrt all: 17.84
Inter-board reduction wrt inter-die: inf

---Data Movement---
All traffic (msg): 465,666,698
Arith. Intensity FLOP/Loads: 0.19
Arith. Intensity FLOP/Msgs: 0.10
Arith. Intensity OPS/Loads: 1.71
Arith. Intensity OPS/Msgs: 0.92



===Core Utilization Total=== CORE-S:7;; TIME K cy:700 ;; Nodes Proc: 4,952,499 -- Edges Proc: 0

===PRINTING FRAME STATS

FCollision In Avg:74, SD:88, Max:493, Min:0
FCollision Out Avg:55, SD:59, Max:188, Min:0
FCollision End Avg:0, SD:0, Max:0, Min:0
FTask1 Avg:245, SD:344, Max:1,204, Min:0
FTask2 Avg:0, SD:0, Max:0, Min:0
FTask3 Avg:86, SD:93, Max:800, Min:7
FCore Active Avg:21, SD:22, Max:95, Min:1
FRouter Active Avg:38, SD:22, Max:100, Min:5
T1 invocations: 657,058
T2 invocations: 0
T3 invocations: 5,485,560
T3b invocations: 0
Total3 invocations: 5,485,560
Total4 invocations: 0

T3/T2 ratio: inf
T3b/T3 ratio: 0

T1 avg ex cycles: 95
T2 avg ex cycles: -nan
T3&b avg ex cycles: 4
T4 avg ex cycles: -nan
Avg. hops NOC1: -nan
Avg. latency NOC1 (T2): -nan
Avg. hops NOC2: 5
Avg. latency NOC2 (T3): 1,695

===PRINTING ACUM STATS at pu_cycles: 800,613

ACollision In Avg:102, SD:89, Max:588, Min:7
ACollision Out Avg:73, SD:57, Max:202, Min:2
ACollision End Avg:0, SD:0, Max:0, Min:0
ATask1 Avg:302, SD:242, Max:591, Min:3
ATask2 Avg:0, SD:0, Max:0, Min:0
ATask3 Avg:105, SD:88, Max:799, Min:10
ACore Active Avg:25, SD:17, Max:76, Min:1
ARouter Active Avg:42, SD:21, Max:100, Min:5
T1 invocations: 6,336,054
T2 invocations: 0
T3 invocations: 53,608,010
T3b invocations: 0
Total3 invocations: 53,608,010
Total4 invocations: 0

T3/T2 ratio: inf
T3b/T3 ratio: 0

T1 avg ex cycles: 98
T2 avg ex cycles: -nan
T3&b avg ex cycles: 4
T4 avg ex cycles: -nan
Avg. hops NOC1: -nan
Avg. latency NOC1 (T2): -nan
Avg. hops NOC2: 5
Avg. latency NOC2 (T3): 1,686
Number of K Nodes Processed: 53,685
Number of K Edges Processed: 53,685
Node Re-explore factor: 12.76
Edge Re-explore factor: 0.53
Nodes/cy: 67
Edges/cy: 67
TEPS: 119

---DCache---
DCache Size: 412,192
DRAM words: 0
  DHits: 0
  DMisses: 0

---Energy---
Leakage Energy (nJ): 456,616
PU Dyn E (nJ): 3,164,828
Mem Dyn E (nJ): 36,840,318
Route Dyn E (nJ): 7,619,025
Dynamic Energy (nJ): 47,624,172
Ratio of Dyn/Leak: 104
Total Energy (nJ): 48,080,788
Total Energy (nJ) 3D: 51,575,654
Cores Energy (nJ): 3,173,741
Route Energy (nJ): 7,858,954
Route Energy (nJ) 3D: 11,353,821
Mem Energy   (nJ): 37,048,093
Mem Energy   (nJ) 3D: 37,048,093
Avg. Power (mW): 60,054.97
Power Density (mW/mm2): 10.45

---Runtime---
Runtime in K cycles: 800.61
Microseconds: 800.61
Time per iteration (ms): 0.80

---Throughput---
GOP/s (aka OPS/ns): 599.44
GOP/s per core: 2.34
GFLOP/s: 67.04
GFLOP/s per core: 0.26
Max Peak GFLOP/s: 4,096.00
Avg. BW GB/s: 2,238.26
Max BW GB/s: 16,384.00

---Traffic---
In-Die bisection_bytes BW (GB/s): 256.00
Inter-board traffic (msg/ns): 0.00, per-link: 0.00
Inter-pack traffic (msg/ns): 0.00, per-link: 0.00
Inter-die traffic (msg/ns): 37.57, per-link: 0.15
Ruche traffic (msg/ns): 155.51, per-link: 0.61
All traffic (msg/ns): 652.51, per-link: 2.55
Inter-die reduction wrt all: 17.37
Inter-board reduction wrt inter-die: inf

---Data Movement---
All traffic (msg): 522,404,962
Arith. Intensity FLOP/Loads: 0.19
Arith. Intensity FLOP/Msgs: 0.10
Arith. Intensity OPS/Loads: 1.71
Arith. Intensity OPS/Msgs: 0.92



===Core Utilization Total=== CORE-S:8;; TIME K cy:800 ;; Nodes Proc: 5,611,986 -- Edges Proc: 0

===PRINTING FRAME STATS

FCollision In Avg:67, SD:85, Max:494, Min:0
FCollision Out Avg:50, SD:58, Max:210, Min:0
FCollision End Avg:0, SD:0, Max:0, Min:0
FTask1 Avg:248, SD:356, Max:1,201, Min:0
FTask2 Avg:0, SD:0, Max:0, Min:0
FTask3 Avg:89, SD:97, Max:800, Min:10
FCore Active Avg:21, SD:23, Max:90, Min:1
FRouter Active Avg:39, SD:22, Max:100, Min:5
T1 invocations: 665,113
T2 invocations: 0
T3 invocations: 5,723,707
T3b invocations: 0
Total3 invocations: 5,723,707
Total4 invocations: 0

T3/T2 ratio: inf
T3b/T3 ratio: 0

T1 avg ex cycles: 96
T2 avg ex cycles: -nan
T3&b avg ex cycles: 4
T4 avg ex cycles: -nan
Avg. hops NOC1: -nan
Avg. latency NOC1 (T2): -nan
Avg. hops NOC2: 5
Avg. latency NOC2 (T3): 1,328

===PRINTING ACUM STATS at pu_cycles: 900,652

ACollision In Avg:98, SD:88, Max:557, Min:6
ACollision Out Avg:71, SD:56, Max:199, Min:2
ACollision End Avg:0, SD:0, Max:0, Min:0
ATask1 Avg:294, SD:210, Max:526, Min:3
ATask2 Avg:0, SD:0, Max:0, Min:0
ATask3 Avg:103, SD:87, Max:799, Min:10
ACore Active Avg:25, SD:15, Max:71, Min:1
ARouter Active Avg:41, SD:19, Max:100, Min:6
T1 invocations: 6,897,825
T2 invocations: 0
T3 invocations: 58,992,629
T3b invocations: 0
Total3 invocations: 58,992,629
Total4 invocations: 0

T3/T2 ratio: inf
T3b/T3 ratio: 0

T1 avg ex cycles: 97
T2 avg ex cycles: -nan
T3&b avg ex cycles: 4
T4 avg ex cycles: -nan
Avg. hops NOC1: -nan
Avg. latency NOC1 (T2): -nan
Avg. hops NOC2: 5
Avg. latency NOC2 (T3): 1,651
Number of K Nodes Processed: 59,476
Number of K Edges Processed: 59,476
Node Re-explore factor: 14.14
Edge Re-explore factor: 0.59
Nodes/cy: 66
Edges/cy: 66
TEPS: 106

---DCache---
DCache Size: 412,192
DRAM words: 0
  DHits: 0
  DMisses: 0

---Energy---
Leakage Energy (nJ): 513,672
PU Dyn E (nJ): 3,444,463
Mem Dyn E (nJ): 40,395,519
Route Dyn E (nJ): 8,383,615
Dynamic Energy (nJ): 52,223,598
Ratio of Dyn/Leak: 102
Total Energy (nJ): 52,737,270
Total Energy (nJ) 3D: 56,567,055
Cores Energy (nJ): 3,454,489
Route Energy (nJ): 8,653,524
Route Energy (nJ) 3D: 12,483,310
Mem Energy   (nJ): 40,629,257
Mem Energy   (nJ) 3D: 40,629,257
Avg. Power (mW): 58,554.55
Power Density (mW/mm2): 10.19

---Runtime---
Runtime in K cycles: 900.65
Microseconds: 900.65
Time per iteration (ms): 0.90

---Throughput---
GOP/s (aka OPS/ns): 580.53
GOP/s per core: 2.27
GFLOP/s: 64.71
GFLOP/s per core: 0.25
Max Peak GFLOP/s: 4,096.00
Avg. BW GB/s: 2,181.58
Max BW GB/s: 16,384.00

---Traffic---
In-Die bisection_bytes BW (GB/s): 256.00
Inter-board traffic (msg/ns): 0.00, per-link: 0.00
Inter-pack traffic (msg/ns): 0.00, per-link: 0.00
Inter-die traffic (msg/ns): 37.98, per-link: 0.15
Ruche traffic (msg/ns): 152.25, per-link: 0.59
All traffic (msg/ns): 638.30, per-link: 2.49
Inter-die reduction wrt all: 16.81
Inter-board reduction wrt inter-die: inf

---Data Movement---
All traffic (msg): 574,888,908
Arith. Intensity FLOP/Loads: 0.19
Arith. Intensity FLOP/Msgs: 0.10
Arith. Intensity OPS/Loads: 1.70
Arith. Intensity OPS/Msgs: 0.91



===Core Utilization Total=== CORE-S:9;; TIME K cy:900 ;; Nodes Proc: 6,265,736 -- Edges Proc: 0

===PRINTING FRAME STATS

FCollision In Avg:59, SD:82, Max:492, Min:0
FCollision Out Avg:43, SD:56, Max:198, Min:0
FCollision End Avg:0, SD:0, Max:0, Min:0
FTask1 Avg:260, SD:395, Max:1,208, Min:0
FTask2 Avg:0, SD:0, Max:0, Min:0
FTask3 Avg:90, SD:100, Max:800, Min:10
FCore Active Avg:22, SD:25, Max:96, Min:1
FRouter Active Avg:41, SD:23, Max:100, Min:4
T1 invocations: 690,084
T2 invocations: 0
T3 invocations: 5,766,150
T3b invocations: 0
Total3 invocations: 5,766,150
Total4 invocations: 0

T3/T2 ratio: inf
T3b/T3 ratio: 0

T1 avg ex cycles: 96
T2 avg ex cycles: -nan
T3&b avg ex cycles: 4
T4 avg ex cycles: -nan
Avg. hops NOC1: -nan
Avg. latency NOC1 (T2): -nan
Avg. hops NOC2: 5
Avg. latency NOC2 (T3): 1,210

===PRINTING ACUM STATS at pu_cycles: 1,000,676

ACollision In Avg:94, SD:86, Max:531, Min:5
ACollision Out Avg:67, SD:55, Max:192, Min:2
ACollision End Avg:0, SD:0, Max:0, Min:0
ATask1 Avg:294, SD:184, Max:473, Min:3
ATask2 Avg:0, SD:0, Max:0, Min:0
ATask3 Avg:102, SD:86, Max:799, Min:10
ACore Active Avg:25, SD:13, Max:66, Min:1
ARouter Active Avg:42, SD:18, Max:100, Min:6
T1 invocations: 7,732,266
T2 invocations: 0
T3 invocations: 65,242,837
T3b invocations: 0
Total3 invocations: 65,242,837
Total4 invocations: 0

T3/T2 ratio: inf
T3b/T3 ratio: 0

T1 avg ex cycles: 97
T2 avg ex cycles: -nan
T3&b avg ex cycles: 4
T4 avg ex cycles: -nan
Avg. hops NOC1: -nan
Avg. latency NOC1 (T2): -nan
Avg. hops NOC2: 5
Avg. latency NOC2 (T3): 1,609
Number of K Nodes Processed: 65,245
Number of K Edges Processed: 65,245
Node Re-explore factor: 15.51
Edge Re-explore factor: 0.64
Nodes/cy: 65
Edges/cy: 65
TEPS: 95

---DCache---
DCache Size: 412,192
DRAM words: 0
  DHits: 0
  DMisses: 0

---Energy---
Leakage Energy (nJ): 570,719
PU Dyn E (nJ): 3,852,278
Mem Dyn E (nJ): 44,840,449
Route Dyn E (nJ): 9,345,992
Dynamic Energy (nJ): 58,038,720
Ratio of Dyn/Leak: 102
Total Energy (nJ): 58,609,439
Total Energy (nJ) 3D: 62,912,607
Cores Energy (nJ): 3,863,417
Route Energy (nJ): 9,645,877
Route Energy (nJ) 3D: 13,949,045
Mem Energy   (nJ): 45,100,145
Mem Energy   (nJ) 3D: 45,100,145
Avg. Power (mW): 58,569.85
Power Density (mW/mm2): 10.19

---Runtime---
Runtime in K cycles: 1,000.68
Microseconds: 1,000.68
Time per iteration (ms): 1.00

---Throughput---
GOP/s (aka OPS/ns): 583.83
GOP/s per core: 2.28
GFLOP/s: 65.27
GFLOP/s per core: 0.25
Max Peak GFLOP/s: 4,096.00
Avg. BW GB/s: 2,179.65
Max BW GB/s: 16,384.00

---Traffic---
In-Die bisection_bytes BW (GB/s): 256.00
Inter-board traffic (msg/ns): 0.00, per-link: 0.00
Inter-pack traffic (msg/ns): 0.00, per-link: 0.00
Inter-die traffic (msg/ns): 38.51, per-link: 0.15
Ruche traffic (msg/ns): 149.73, per-link: 0.58
All traffic (msg/ns): 639.30, per-link: 2.50
Inter-die reduction wrt all: 16.60
Inter-board reduction wrt inter-die: inf

---Data Movement---
All traffic (msg): 639,733,116
Arith. Intensity FLOP/Loads: 0.19
Arith. Intensity FLOP/Msgs: 0.10
Arith. Intensity OPS/Loads: 1.71
Arith. Intensity OPS/Msgs: 0.91



===Core Utilization Total=== CORE-S:10;; TIME K cy:1,000 ;; Nodes Proc: 6,935,746 -- Edges Proc: 0

===PRINTING FRAME STATS

FCollision In Avg:53, SD:79, Max:487, Min:0
FCollision Out Avg:38, SD:53, Max:197, Min:0
FCollision End Avg:0, SD:0, Max:0, Min:0
FTask1 Avg:232, SD:360, Max:1,205, Min:0
FTask2 Avg:0, SD:0, Max:0, Min:0
FTask3 Avg:82, SD:91, Max:800, Min:9
FCore Active Avg:20, SD:23, Max:84, Min:1
FRouter Active Avg:39, SD:22, Max:100, Min:4
T1 invocations: 630,237
T2 invocations: 0
T3 invocations: 5,257,012
T3b invocations: 0
Total3 invocations: 5,257,012
Total4 invocations: 0

T3/T2 ratio: inf
T3b/T3 ratio: 0

T1 avg ex cycles: 94
T2 avg ex cycles: -nan
T3&b avg ex cycles: 4
T4 avg ex cycles: -nan
Avg. hops NOC1: -nan
Avg. latency NOC1 (T2): -nan
Avg. hops NOC2: 5
Avg. latency NOC2 (T3): 1,182

===PRINTING ACUM STATS at pu_cycles: 1,100,653

ACollision In Avg:90, SD:84, Max:505, Min:5
ACollision Out Avg:65, SD:55, Max:192, Min:2
ACollision End Avg:0, SD:0, Max:0, Min:0
ATask1 Avg:286, SD:161, Max:430, Min:3
ATask2 Avg:0, SD:0, Max:0, Min:0
ATask3 Avg:100, SD:84, Max:799, Min:10
ACore Active Avg:24, SD:12, Max:62, Min:2
ARouter Active Avg:41, SD:17, Max:100, Min:7
T1 invocations: 8,251,224
T2 invocations: 0
T3 invocations: 70,215,981
T3b invocations: 0
Total3 invocations: 70,215,981
Total4 invocations: 0

T3/T2 ratio: inf
T3b/T3 ratio: 0

T1 avg ex cycles: 97
T2 avg ex cycles: -nan
T3&b avg ex cycles: 4
T4 avg ex cycles: -nan
Avg. hops NOC1: -nan
Avg. latency NOC1 (T2): -nan
Avg. hops NOC2: 5
Avg. latency NOC2 (T3): 1,579
Number of K Nodes Processed: 70,601
Number of K Edges Processed: 70,601
Node Re-explore factor: 16.78
Edge Re-explore factor: 0.70
Nodes/cy: 64
Edges/cy: 64
TEPS: 87

---DCache---
DCache Size: 412,192
DRAM words: 0
  DHits: 0
  DMisses: 0

---Energy---
Leakage Energy (nJ): 627,739
PU Dyn E (nJ): 4,109,762
Mem Dyn E (nJ): 48,121,200
Route Dyn E (nJ): 10,063,935
Dynamic Energy (nJ): 62,294,897
Ratio of Dyn/Leak: 99
Total Energy (nJ): 62,922,636
Total Energy (nJ) 3D: 67,536,883
Cores Energy (nJ): 4,122,015
Route Energy (nJ): 10,393,780
Route Energy (nJ) 3D: 15,008,027
Mem Energy   (nJ): 48,406,841
Mem Energy   (nJ) 3D: 48,406,841
Avg. Power (mW): 57,168.46
Power Density (mW/mm2): 9.95

---Runtime---
Runtime in K cycles: 1,100.65
Microseconds: 1,100.65
Time per iteration (ms): 1.10

---Throughput---
GOP/s (aka OPS/ns): 566.73
GOP/s per core: 2.21
GFLOP/s: 63.19
GFLOP/s per core: 0.25
Max Peak GFLOP/s: 4,096.00
Avg. BW GB/s: 2,126.59
Max BW GB/s: 16,384.00

---Traffic---
In-Die bisection_bytes BW (GB/s): 256.00
Inter-board traffic (msg/ns): 0.00, per-link: 0.00
Inter-pack traffic (msg/ns): 0.00, per-link: 0.00
Inter-die traffic (msg/ns): 38.98, per-link: 0.15
Ruche traffic (msg/ns): 146.69, per-link: 0.57
All traffic (msg/ns): 625.86, per-link: 2.44
Inter-die reduction wrt all: 16.06
Inter-board reduction wrt inter-die: inf

---Data Movement---
All traffic (msg): 688,859,706
Arith. Intensity FLOP/Loads: 0.19
Arith. Intensity FLOP/Msgs: 0.10
Arith. Intensity OPS/Loads: 1.70
Arith. Intensity OPS/Msgs: 0.91



===Core Utilization Total=== CORE-S:11;; TIME K cy:1,100 ;; Nodes Proc: 7,567,497 -- Edges Proc: 0
======== IT IS COLD ======= Only 16 Tiles active

===PRINTING FRAME STATS

FCollision In Avg:46, SD:75, Max:483, Min:0
FCollision Out Avg:31, SD:49, Max:191, Min:0
FCollision End Avg:0, SD:0, Max:0, Min:0
FTask1 Avg:216, SD:356, Max:1,268, Min:0
FTask2 Avg:0, SD:0, Max:0, Min:0
FTask3 Avg:79, SD:90, Max:799, Min:9
FCore Active Avg:18, SD:23, Max:93, Min:1
FRouter Active Avg:37, SD:22, Max:100, Min:3
T1 invocations: 589,323
T2 invocations: 0
T3 invocations: 5,051,216
T3b invocations: 0
Total3 invocations: 5,051,216
Total4 invocations: 0

T3/T2 ratio: inf
T3b/T3 ratio: 0

T1 avg ex cycles: 94
T2 avg ex cycles: -nan
T3&b avg ex cycles: 4
T4 avg ex cycles: -nan
Avg. hops NOC1: -nan
Avg. latency NOC1 (T2): -nan
Avg. hops NOC2: 5
Avg. latency NOC2 (T3): 1,092

===PRINTING ACUM STATS at pu_cycles: 1,200,619

ACollision In Avg:87, SD:82, Max:492, Min:5
ACollision Out Avg:62, SD:54, Max:189, Min:2
ACollision End Avg:0, SD:0, Max:0, Min:0
ATask1 Avg:280, SD:140, Max:394, Min:4
ATask2 Avg:0, SD:0, Max:0, Min:0
ATask3 Avg:99, SD:83, Max:799, Min:10
ACore Active Avg:24, SD:10, Max:59, Min:2
ARouter Active Avg:41, SD:16, Max:100, Min:7
T1 invocations: 8,825,447
T2 invocations: 0
T3 invocations: 75,365,677
T3b invocations: 0
Total3 invocations: 75,365,677
Total4 invocations: 0

T3/T2 ratio: inf
T3b/T3 ratio: 0

T1 avg ex cycles: 97
T2 avg ex cycles: -nan
T3&b avg ex cycles: 4
T4 avg ex cycles: -nan
Avg. hops NOC1: -nan
Avg. latency NOC1 (T2): -nan
Avg. hops NOC2: 5
Avg. latency NOC2 (T3): 1,545
Number of K Nodes Processed: 75,730
Number of K Edges Processed: 75,730
Node Re-explore factor: 18.00
Edge Re-explore factor: 0.75
Nodes/cy: 63
Edges/cy: 63
TEPS: 80

---DCache---
DCache Size: 412,192
DRAM words: 0
  DHits: 0
  DMisses: 0

---Energy---
Leakage Energy (nJ): 684,753
PU Dyn E (nJ): 4,391,399
Mem Dyn E (nJ): 51,576,272
Route Dyn E (nJ): 10,821,164
Dynamic Energy (nJ): 66,788,835
Ratio of Dyn/Leak: 98
Total Energy (nJ): 67,473,588
Total Energy (nJ) 3D: 72,435,782
Cores Energy (nJ): 4,404,764
Route Energy (nJ): 11,180,968
Route Energy (nJ) 3D: 16,143,161
Mem Energy   (nJ): 51,887,857
Mem Energy   (nJ) 3D: 51,887,857
Avg. Power (mW): 56,199.00
Power Density (mW/mm2): 9.78

---Runtime---
Runtime in K cycles: 1,200.62
Microseconds: 1,200.62
Time per iteration (ms): 1.20

---Throughput---
GOP/s (aka OPS/ns): 555.39
GOP/s per core: 2.17
GFLOP/s: 61.84
GFLOP/s per core: 0.24
Max Peak GFLOP/s: 4,096.00
Avg. BW GB/s: 2,089.47
Max BW GB/s: 16,384.00

---Traffic---
In-Die bisection_bytes BW (GB/s): 256.00
Inter-board traffic (msg/ns): 0.00, per-link: 0.00
Inter-pack traffic (msg/ns): 0.00, per-link: 0.00
Inter-die traffic (msg/ns): 39.26, per-link: 0.15
Ruche traffic (msg/ns): 143.70, per-link: 0.56
All traffic (msg/ns): 616.70, per-link: 2.41
Inter-die reduction wrt all: 15.71
Inter-board reduction wrt inter-die: inf

---Data Movement---
All traffic (msg): 740,421,446
Arith. Intensity FLOP/Loads: 0.19
Arith. Intensity FLOP/Msgs: 0.10
Arith. Intensity OPS/Loads: 1.70
Arith. Intensity OPS/Msgs: 0.90



===Core Utilization Total=== CORE-S:12;; TIME K cy:1,200 ;; Nodes Proc: 8,164,808 -- Edges Proc: 0
======== IT IS COLD ======= Only 16 Tiles active

===PRINTING FRAME STATS

FCollision In Avg:36, SD:68, Max:468, Min:0
FCollision Out Avg:24, SD:44, Max:185, Min:0
FCollision End Avg:0, SD:0, Max:0, Min:0
FTask1 Avg:215, SD:364, Max:1,231, Min:0
FTask2 Avg:0, SD:0, Max:0, Min:0
FTask3 Avg:77, SD:88, Max:798, Min:8
FCore Active Avg:18, SD:23, Max:84, Min:0
FRouter Active Avg:37, SD:24, Max:100, Min:3
T1 invocations: 577,955
T2 invocations: 0
T3 invocations: 4,921,141
T3b invocations: 0
Total3 invocations: 4,921,141
Total4 invocations: 0

T3/T2 ratio: inf
T3b/T3 ratio: 0

T1 avg ex cycles: 95
T2 avg ex cycles: -nan
T3&b avg ex cycles: 4
T4 avg ex cycles: -nan
Avg. hops NOC1: -nan
Avg. latency NOC1 (T2): -nan
Avg. hops NOC2: 5
Avg. latency NOC2 (T3): 917

===PRINTING ACUM STATS at pu_cycles: 1,300,591

ACollision In Avg:83, SD:80, Max:490, Min:4
ACollision Out Avg:59, SD:52, Max:187, Min:1
ACollision End Avg:0, SD:0, Max:0, Min:0
ATask1 Avg:279, SD:119, Max:364, Min:5
ATask2 Avg:0, SD:0, Max:0, Min:0
ATask3 Avg:97, SD:82, Max:799, Min:10
ACore Active Avg:23, SD:9, Max:57, Min:2
ARouter Active Avg:41, SD:15, Max:100, Min:8
T1 invocations: 9,543,746
T2 invocations: 0
T3 invocations: 80,592,650
T3b invocations: 0
Total3 invocations: 80,592,650
Total4 invocations: 0

T3/T2 ratio: inf
T3b/T3 ratio: 0

T1 avg ex cycles: 97
T2 avg ex cycles: -nan
T3&b avg ex cycles: 4
T4 avg ex cycles: -nan
Avg. hops NOC1: -nan
Avg. latency NOC1 (T2): -nan
Avg. hops NOC2: 5
Avg. latency NOC2 (T3): 1,504
Number of K Nodes Processed: 80,630
Number of K Edges Processed: 80,630
Node Re-explore factor: 19.17
Edge Re-explore factor: 0.80
Nodes/cy: 62
Edges/cy: 62
TEPS: 73

---DCache---
DCache Size: 412,192
DRAM words: 0
  DHits: 0
  DMisses: 0

---Energy---
Leakage Energy (nJ): 741,770
PU Dyn E (nJ): 4,740,782
Mem Dyn E (nJ): 55,325,630
Route Dyn E (nJ): 11,713,440
Dynamic Energy (nJ): 71,779,852
Ratio of Dyn/Leak: 97
Total Energy (nJ): 72,521,622
Total Energy (nJ) 3D: 77,935,103
Cores Energy (nJ): 4,755,260
Route Energy (nJ): 12,103,203
Route Energy (nJ) 3D: 17,516,684
Mem Energy   (nJ): 55,663,160
Mem Energy   (nJ) 3D: 55,663,160
Avg. Power (mW): 55,760.51
Power Density (mW/mm2): 9.70

---Runtime---
Runtime in K cycles: 1,300.59
Microseconds: 1,300.59
Time per iteration (ms): 1.30

---Throughput---
GOP/s (aka OPS/ns): 553.06
GOP/s per core: 2.16
GFLOP/s: 61.74
GFLOP/s per core: 0.24
Max Peak GFLOP/s: 4,096.00
Avg. BW GB/s: 2,069.14
Max BW GB/s: 16,384.00

---Traffic---
In-Die bisection_bytes BW (GB/s): 256.00
Inter-board traffic (msg/ns): 0.00, per-link: 0.00
Inter-pack traffic (msg/ns): 0.00, per-link: 0.00
Inter-die traffic (msg/ns): 39.36, per-link: 0.15
Ruche traffic (msg/ns): 140.95, per-link: 0.55
All traffic (msg/ns): 614.62, per-link: 2.40
Inter-die reduction wrt all: 15.62
Inter-board reduction wrt inter-die: inf

---Data Movement---
All traffic (msg): 799,367,684
Arith. Intensity FLOP/Loads: 0.19
Arith. Intensity FLOP/Msgs: 0.10
Arith. Intensity OPS/Loads: 1.71
Arith. Intensity OPS/Msgs: 0.90



===Core Utilization Total=== CORE-S:13;; TIME K cy:1,300 ;; Nodes Proc: 8,784,555 -- Edges Proc: 0
======== IT IS COLD ======= Only 16 Tiles active

===PRINTING FRAME STATS

FCollision In Avg:27, SD:57, Max:444, Min:0
FCollision Out Avg:16, SD:36, Max:178, Min:0
FCollision End Avg:0, SD:0, Max:0, Min:0
FTask1 Avg:210, SD:376, Max:1,253, Min:0
FTask2 Avg:0, SD:0, Max:0, Min:0
FTask3 Avg:73, SD:88, Max:796, Min:9
FCore Active Avg:18, SD:24, Max:86, Min:1
FRouter Active Avg:36, SD:24, Max:100, Min:3
T1 invocations: 543,279
T2 invocations: 0
T3 invocations: 4,702,259
T3b invocations: 0
Total3 invocations: 4,702,259
Total4 invocations: 0

T3/T2 ratio: inf
T3b/T3 ratio: 0

T1 avg ex cycles: 99
T2 avg ex cycles: -nan
T3&b avg ex cycles: 4
T4 avg ex cycles: -nan
Avg. hops NOC1: -nan
Avg. latency NOC1 (T2): -nan
Avg. hops NOC2: 5
Avg. latency NOC2 (T3): 813

===PRINTING ACUM STATS at pu_cycles: 1,400,654

ACollision In Avg:78, SD:77, Max:487, Min:4
ACollision Out Avg:56, SD:50, Max:183, Min:1
ACollision End Avg:0, SD:0, Max:0, Min:0
ATask1 Avg:274, SD:95, Max:338, Min:11
ATask2 Avg:0, SD:0, Max:0, Min:0
ATask3 Avg:95, SD:80, Max:799, Min:11
ACore Active Avg:23, SD:8, Max:55, Min:3
ARouter Active Avg:40, SD:14, Max:100, Min:10
T1 invocations: 10,109,106
T2 invocations: 0
T3 invocations: 85,303,994
T3b invocations: 0
Total3 invocations: 85,303,994
Total4 invocations: 0

T3/T2 ratio: inf
T3b/T3 ratio: 0

T1 avg ex cycles: 97
T2 avg ex cycles: -nan
T3&b avg ex cycles: 4
T4 avg ex cycles: -nan
Avg. hops NOC1: -nan
Avg. latency NOC1 (T2): -nan
Avg. hops NOC2: 5
Avg. latency NOC2 (T3): 1,466
Number of K Nodes Processed: 85,333
Number of K Edges Processed: 85,333
Node Re-explore factor: 20.29
Edge Re-explore factor: 0.84
Nodes/cy: 61
Edges/cy: 61
TEPS: 68

---DCache---
DCache Size: 412,192
DRAM words: 0
  DHits: 0
  DMisses: 0

---Energy---
Leakage Energy (nJ): 798,839
PU Dyn E (nJ): 5,025,474
Mem Dyn E (nJ): 58,587,712
Route Dyn E (nJ): 12,463,288
Dynamic Energy (nJ): 76,076,474
Ratio of Dyn/Leak: 95
Total Energy (nJ): 76,875,313
Total Energy (nJ) 3D: 82,646,073
Cores Energy (nJ): 5,041,066
Route Energy (nJ): 12,883,038
Route Energy (nJ) 3D: 18,653,799
Mem Energy   (nJ): 58,951,209
Mem Energy   (nJ) 3D: 58,951,209
Avg. Power (mW): 54,885.30
Power Density (mW/mm2): 9.55

---Runtime---
Runtime in K cycles: 1,400.65
Microseconds: 1,400.65
Time per iteration (ms): 1.40

---Throughput---
GOP/s (aka OPS/ns): 544.30
GOP/s per core: 2.13
GFLOP/s: 60.79
GFLOP/s per core: 0.24
Max Peak GFLOP/s: 4,096.00
Avg. BW GB/s: 2,034.62
Max BW GB/s: 16,384.00

---Traffic---
In-Die bisection_bytes BW (GB/s): 256.00
Inter-board traffic (msg/ns): 0.00, per-link: 0.00
Inter-pack traffic (msg/ns): 0.00, per-link: 0.00
Inter-die traffic (msg/ns): 39.09, per-link: 0.15
Ruche traffic (msg/ns): 138.47, per-link: 0.54
All traffic (msg/ns): 606.58, per-link: 2.37
Inter-die reduction wrt all: 15.52
Inter-board reduction wrt inter-die: inf

---Data Movement---
All traffic (msg): 849,610,794
Arith. Intensity FLOP/Loads: 0.19
Arith. Intensity FLOP/Msgs: 0.10
Arith. Intensity OPS/Loads: 1.71
Arith. Intensity OPS/Msgs: 0.90



===Core Utilization Total=== CORE-S:14;; TIME K cy:1,400 ;; Nodes Proc: 9,494,971 -- Edges Proc: 0
======== IT IS COLD ======= Only 16 Tiles active

===PRINTING FRAME STATS

FCollision In Avg:14, SD:35, Max:323, Min:0
FCollision Out Avg:6, SD:17, Max:124, Min:0
FCollision End Avg:0, SD:0, Max:0, Min:0
FTask1 Avg:261, SD:457, Max:1,252, Min:0
FTask2 Avg:0, SD:0, Max:0, Min:0
FTask3 Avg:94, SD:104, Max:779, Min:10
FCore Active Avg:22, SD:29, Max:100, Min:1
FRouter Active Avg:43, SD:27, Max:100, Min:2
T1 invocations: 635,931
T2 invocations: 0
T3 invocations: 6,044,154
T3b invocations: 0
Total3 invocations: 6,044,154
Total4 invocations: 0

T3/T2 ratio: inf
T3b/T3 ratio: 0

T1 avg ex cycles: 105
T2 avg ex cycles: -nan
T3&b avg ex cycles: 4
T4 avg ex cycles: -nan
Avg. hops NOC1: -nan
Avg. latency NOC1 (T2): -nan
Avg. hops NOC2: 5
Avg. latency NOC2 (T3): 487

===PRINTING ACUM STATS at pu_cycles: 1,500,654

ACollision In Avg:74, SD:74, Max:473, Min:4
ACollision Out Avg:52, SD:47, Max:176, Min:1
ACollision End Avg:0, SD:0, Max:0, Min:0
ATask1 Avg:273, SD:68, Max:315, Min:29
ATask2 Avg:0, SD:0, Max:0, Min:0
ATask3 Avg:95, SD:80, Max:798, Min:19
ACore Active Avg:23, SD:6, Max:57, Min:3
ARouter Active Avg:41, SD:14, Max:100, Min:13
T1 invocations: 10,736,893
T2 invocations: 0
T3 invocations: 91,321,209
T3b invocations: 0
Total3 invocations: 91,321,209
Total4 invocations: 0

T3/T2 ratio: inf
T3b/T3 ratio: 0

T1 avg ex cycles: 98
T2 avg ex cycles: -nan
T3&b avg ex cycles: 4
T4 avg ex cycles: -nan
Avg. hops NOC1: -nan
Avg. latency NOC1 (T2): -nan
Avg. hops NOC2: 5
Avg. latency NOC2 (T3): 1,402
Number of K Nodes Processed: 91,430
Number of K Edges Processed: 91,430
Node Re-explore factor: 21.74
Edge Re-explore factor: 0.90
Nodes/cy: 61
Edges/cy: 61
TEPS: 64

---DCache---
DCache Size: 412,192
DRAM words: 0
  DHits: 0
  DMisses: 0

---Energy---
Leakage Energy (nJ): 855,872
PU Dyn E (nJ): 5,368,073
Mem Dyn E (nJ): 62,668,048
Route Dyn E (nJ): 13,355,861
Dynamic Energy (nJ): 81,391,982
Ratio of Dyn/Leak: 95
Total Energy (nJ): 82,247,854
Total Energy (nJ) 3D: 88,438,000
Cores Energy (nJ): 5,384,778
Route Energy (nJ): 13,805,580
Route Energy (nJ) 3D: 19,995,725
Mem Energy   (nJ): 63,057,497
Mem Energy   (nJ) 3D: 63,057,497
Avg. Power (mW): 54,808.01
Power Density (mW/mm2): 9.54

---Runtime---
Runtime in K cycles: 1,500.65
Microseconds: 1,500.65
Time per iteration (ms): 1.50

---Throughput---
GOP/s (aka OPS/ns): 542.64
GOP/s per core: 2.12
GFLOP/s: 60.61
GFLOP/s per core: 0.24
Max Peak GFLOP/s: 4,096.00
Avg. BW GB/s: 2,031.28
Max BW GB/s: 16,384.00

---Traffic---
In-Die bisection_bytes BW (GB/s): 256.00
Inter-board traffic (msg/ns): 0.00, per-link: 0.00
Inter-pack traffic (msg/ns): 0.00, per-link: 0.00
Inter-die traffic (msg/ns): 39.37, per-link: 0.15
Ruche traffic (msg/ns): 137.90, per-link: 0.54
All traffic (msg/ns): 606.57, per-link: 2.37
Inter-die reduction wrt all: 15.41
Inter-board reduction wrt inter-die: inf

---Data Movement---
All traffic (msg): 910,253,750
Arith. Intensity FLOP/Loads: 0.19
Arith. Intensity FLOP/Msgs: 0.10
Arith. Intensity OPS/Loads: 1.71
Arith. Intensity OPS/Msgs: 0.89



===Core Utilization Total=== CORE-S:15;; TIME K cy:1,500 ;; Nodes Proc: 10,237,879 -- Edges Proc: 0
======== IT IS COLD ======= Only 16 Tiles active

===PRINTING FRAME STATS

FCollision In Avg:8, SD:24, Max:245, Min:0
FCollision Out Avg:2, SD:9, Max:83, Min:0
FCollision End Avg:0, SD:0, Max:0, Min:0
FTask1 Avg:209, SD:418, Max:1,266, Min:0
FTask2 Avg:0, SD:0, Max:0, Min:0
FTask3 Avg:74, SD:89, Max:731, Min:8
FCore Active Avg:18, SD:26, Max:96, Min:0
FRouter Active Avg:35, SD:26, Max:100, Min:2
T1 invocations: 505,490
T2 invocations: 0
T3 invocations: 4,719,560
T3b invocations: 0
Total3 invocations: 4,719,560
Total4 invocations: 0

T3/T2 ratio: inf
T3b/T3 ratio: 0

T1 avg ex cycles: 106
T2 avg ex cycles: -nan
T3&b avg ex cycles: 4
T4 avg ex cycles: -nan
Avg. hops NOC1: -nan
Avg. latency NOC1 (T2): -nan
Avg. hops NOC2: 5
Avg. latency NOC2 (T3): 450

===PRINTING ACUM STATS at pu_cycles: 1,600,628

ACollision In Avg:70, SD:70, Max:453, Min:4
ACollision Out Avg:49, SD:44, Max:168, Min:1
ACollision End Avg:0, SD:0, Max:0, Min:0
ATask1 Avg:270, SD:41, Max:296, Min:75
ATask2 Avg:0, SD:0, Max:0, Min:0
ATask3 Avg:94, SD:79, Max:794, Min:23
ACore Active Avg:23, SD:5, Max:59, Min:10
ARouter Active Avg:40, SD:13, Max:100, Min:16
T1 invocations: 11,284,799
T2 invocations: 0
T3 invocations: 96,139,804
T3b invocations: 0
Total3 invocations: 96,139,804
Total4 invocations: 0

T3/T2 ratio: inf
T3b/T3 ratio: 0

T1 avg ex cycles: 98
T2 avg ex cycles: -nan
T3&b avg ex cycles: 4
T4 avg ex cycles: -nan
Avg. hops NOC1: -nan
Avg. latency NOC1 (T2): -nan
Avg. hops NOC2: 5
Avg. latency NOC2 (T3): 1,354
Number of K Nodes Processed: 96,149
Number of K Edges Processed: 96,149
Node Re-explore factor: 22.86
Edge Re-explore factor: 0.95
Nodes/cy: 60
Edges/cy: 60
TEPS: 60

---DCache---
DCache Size: 412,192
DRAM words: 0
  DHits: 0
  DMisses: 0

---Energy---
Leakage Energy (nJ): 912,891
PU Dyn E (nJ): 5,664,936
Mem Dyn E (nJ): 66,021,167
Route Dyn E (nJ): 14,122,200
Dynamic Energy (nJ): 85,808,304
Ratio of Dyn/Leak: 94
Total Energy (nJ): 86,721,195
Total Energy (nJ) 3D: 93,288,483
Cores Energy (nJ): 5,682,754
Route Energy (nJ): 14,601,879
Route Energy (nJ) 3D: 21,169,167
Mem Energy   (nJ): 66,436,562
Mem Energy   (nJ) 3D: 66,436,562
Avg. Power (mW): 54,179.48
Power Density (mW/mm2): 9.43

---Runtime---
Runtime in K cycles: 1,600.63
Microseconds: 1,600.63
Time per iteration (ms): 1.60

---Throughput---
GOP/s (aka OPS/ns): 536.67
GOP/s per core: 2.10
GFLOP/s: 60.02
GFLOP/s per core: 0.23
Max Peak GFLOP/s: 4,096.00
Avg. BW GB/s: 2,006.32
Max BW GB/s: 16,384.00

---Traffic---
In-Die bisection_bytes BW (GB/s): 256.00
Inter-board traffic (msg/ns): 0.00, per-link: 0.00
Inter-pack traffic (msg/ns): 0.00, per-link: 0.00
Inter-die traffic (msg/ns): 38.97, per-link: 0.15
Ruche traffic (msg/ns): 135.70, per-link: 0.53
All traffic (msg/ns): 600.75, per-link: 2.35
Inter-die reduction wrt all: 15.42
Inter-board reduction wrt inter-die: inf

---Data Movement---
All traffic (msg): 961,571,600
Arith. Intensity FLOP/Loads: 0.19
Arith. Intensity FLOP/Msgs: 0.10
Arith. Intensity OPS/Loads: 1.71
Arith. Intensity OPS/Msgs: 0.89



===Core Utilization Total=== CORE-S:16;; TIME K cy:1,600 ;; Nodes Proc: 10,652,645 -- Edges Proc: 0
======== IT IS COLD ======= Only 13 Tiles active

===PRINTING FRAME STATS

FCollision In Avg:4, SD:13, Max:148, Min:0
FCollision Out Avg:1, SD:4, Max:38, Min:0
FCollision End Avg:0, SD:0, Max:0, Min:0
FTask1 Avg:140, SD:355, Max:1,293, Min:0
FTask2 Avg:0, SD:0, Max:0, Min:0
FTask3 Avg:50, SD:71, Max:634, Min:3
FCore Active Avg:12, SD:23, Max:97, Min:0
FRouter Active Avg:24, SD:24, Max:97, Min:1
T1 invocations: 329,776
T2 invocations: 0
T3 invocations: 3,174,358
T3b invocations: 0
Total3 invocations: 3,174,358
Total4 invocations: 0

T3/T2 ratio: inf
T3b/T3 ratio: 0

T1 avg ex cycles: 109
T2 avg ex cycles: -nan
T3&b avg ex cycles: 4
T4 avg ex cycles: -nan
Avg. hops NOC1: -nan
Avg. latency NOC1 (T2): -nan
Avg. hops NOC2: 5
Avg. latency NOC2 (T3): 429

===PRINTING ACUM STATS at pu_cycles: 1,700,615

ACollision In Avg:66, SD:66, Max:430, Min:3
ACollision Out Avg:46, SD:42, Max:160, Min:1
ACollision End Avg:0, SD:0, Max:0, Min:0
ATask1 Avg:263, SD:19, Max:278, Min:129
ATask2 Avg:0, SD:0, Max:0, Min:0
ATask3 Avg:91, SD:77, Max:784, Min:22
ACore Active Avg:22, SD:5, Max:61, Min:14
ARouter Active Avg:39, SD:12, Max:100, Min:19
T1 invocations: 11,625,816
T2 invocations: 0
T3 invocations: 99,323,876
T3b invocations: 0
Total3 invocations: 99,323,876
Total4 invocations: 0

T3/T2 ratio: inf
T3b/T3 ratio: 0

T1 avg ex cycles: 98
T2 avg ex cycles: -nan
T3&b avg ex cycles: 4
T4 avg ex cycles: -nan
Avg. hops NOC1: -nan
Avg. latency NOC1 (T2): -nan
Avg. hops NOC2: 5
Avg. latency NOC2 (T3): 1,325
Number of K Nodes Processed: 99,324
Number of K Edges Processed: 99,324
Node Re-explore factor: 23.61
Edge Re-explore factor: 0.98
Nodes/cy: 58
Edges/cy: 58
TEPS: 56

---DCache---
DCache Size: 412,192
DRAM words: 0
  DHits: 0
  DMisses: 0

---Energy---
Leakage Energy (nJ): 969,917
PU Dyn E (nJ): 5,854,998
Mem Dyn E (nJ): 68,212,652
Route Dyn E (nJ): 14,603,247
Dynamic Energy (nJ): 88,670,898
Ratio of Dyn/Leak: 91
Total Energy (nJ): 89,640,815
Total Energy (nJ) 3D: 96,438,584
Cores Energy (nJ): 5,873,930
Route Energy (nJ): 15,112,890
Route Energy (nJ) 3D: 21,910,660
Mem Energy   (nJ): 68,653,995
Mem Energy   (nJ) 3D: 68,653,995
Avg. Power (mW): 52,710.82
Power Density (mW/mm2): 9.17

---Runtime---
Runtime in K cycles: 1,700.62
Microseconds: 1,700.62
Time per iteration (ms): 1.70

---Throughput---
GOP/s (aka OPS/ns): 521.97
GOP/s per core: 2.04
GFLOP/s: 58.41
GFLOP/s per core: 0.23
Max Peak GFLOP/s: 4,096.00
Avg. BW GB/s: 1,951.05
Max BW GB/s: 16,384.00

---Traffic---
In-Die bisection_bytes BW (GB/s): 256.00
Inter-board traffic (msg/ns): 0.00, per-link: 0.00
Inter-pack traffic (msg/ns): 0.00, per-link: 0.00
Inter-die traffic (msg/ns): 37.81, per-link: 0.15
Ruche traffic (msg/ns): 131.89, per-link: 0.52
All traffic (msg/ns): 584.57, per-link: 2.28
Inter-die reduction wrt all: 15.46
Inter-board reduction wrt inter-die: inf

---Data Movement---
All traffic (msg): 994,123,096
Arith. Intensity FLOP/Loads: 0.19
Arith. Intensity FLOP/Msgs: 0.10
Arith. Intensity OPS/Loads: 1.71
Arith. Intensity OPS/Msgs: 0.89



===Core Utilization Total=== CORE-S:17;; TIME K cy:1,700 ;; Nodes Proc: 10,876,317 -- Edges Proc: 0
======== IT IS COLD ======= Only 10 Tiles active

===PRINTING FRAME STATS

FCollision In Avg:1, SD:3, Max:36, Min:0
FCollision Out Avg:0, SD:0, Max:3, Min:0
FCollision End Avg:0, SD:0, Max:0, Min:0
FTask1 Avg:74, SD:256, Max:1,188, Min:0
FTask2 Avg:0, SD:0, Max:0, Min:0
FTask3 Avg:26, SD:51, Max:472, Min:2
FCore Active Avg:6, SD:17, Max:99, Min:0
FRouter Active Avg:13, SD:19, Max:88, Min:0
T1 invocations: 167,651
T2 invocations: 0
T3 invocations: 1,675,059
T3b invocations: 0
Total3 invocations: 1,675,059
Total4 invocations: 0

T3/T2 ratio: inf
T3b/T3 ratio: 0

T1 avg ex cycles: 112
T2 avg ex cycles: -nan
T3&b avg ex cycles: 4
T4 avg ex cycles: -nan
Avg. hops NOC1: -nan
Avg. latency NOC1 (T2): -nan
Avg. hops NOC2: 5
Avg. latency NOC2 (T3): 427

===PRINTING ACUM STATS at pu_cycles: 1,800,510

ACollision In Avg:62, SD:62, Max:406, Min:3
ACollision Out Avg:44, SD:39, Max:151, Min:1
ACollision End Avg:0, SD:0, Max:0, Min:0
ATask1 Avg:252, SD:6, Max:263, Min:185
ATask2 Avg:0, SD:0, Max:0, Min:0
ATask3 Avg:88, SD:74, Max:767, Min:21
ACore Active Avg:21, SD:5, Max:64, Min:17
ARouter Active Avg:38, SD:12, Max:99, Min:19
T1 invocations: 11,793,467
T2 invocations: 0
T3 invocations: 100,998,935
T3b invocations: 0
Total3 invocations: 100,998,935
Total4 invocations: 0

T3/T2 ratio: inf
T3b/T3 ratio: 0

T1 avg ex cycles: 99
T2 avg ex cycles: -nan
T3&b avg ex cycles: 4
T4 avg ex cycles: -nan
Avg. hops NOC1: -nan
Avg. latency NOC1 (T2): -nan
Avg. hops NOC2: 5
Avg. latency NOC2 (T3): 1,310
Number of K Nodes Processed: 100,999
Number of K Edges Processed: 100,999
Node Re-explore factor: 24.01
Edge Re-explore factor: 1.00
Nodes/cy: 56
Edges/cy: 56
TEPS: 53

---DCache---
DCache Size: 412,192
DRAM words: 0
  DHits: 0
  DMisses: 0

---Energy---
Leakage Energy (nJ): 1,026,890
PU Dyn E (nJ): 5,952,299
Mem Dyn E (nJ): 69,354,580
Route Dyn E (nJ): 14,844,017
Dynamic Energy (nJ): 90,150,896
Ratio of Dyn/Leak: 88
Total Energy (nJ): 91,177,786
Total Energy (nJ) 3D: 98,089,048
Cores Energy (nJ): 5,972,342
Route Energy (nJ): 15,383,597
Route Energy (nJ) 3D: 22,294,858
Mem Energy   (nJ): 69,821,849
Mem Energy   (nJ) 3D: 69,821,849
Avg. Power (mW): 50,639.98
Power Density (mW/mm2): 8.81

---Runtime---
Runtime in K cycles: 1,800.51
Microseconds: 1,800.51
Time per iteration (ms): 1.80

---Throughput---
GOP/s (aka OPS/ns): 501.17
GOP/s per core: 1.96
GFLOP/s: 56.10
GFLOP/s per core: 0.22
Max Peak GFLOP/s: 4,096.00
Avg. BW GB/s: 1,873.65
Max BW GB/s: 16,384.00

---Traffic---
In-Die bisection_bytes BW (GB/s): 256.00
Inter-board traffic (msg/ns): 0.00, per-link: 0.00
Inter-pack traffic (msg/ns): 0.00, per-link: 0.00
Inter-die traffic (msg/ns): 36.18, per-link: 0.14
Ruche traffic (msg/ns): 126.68, per-link: 0.49
All traffic (msg/ns): 561.28, per-link: 2.19
Inter-die reduction wrt all: 15.51
Inter-board reduction wrt inter-die: inf

---Data Movement---
All traffic (msg): 1,010,584,146
Arith. Intensity FLOP/Loads: 0.19
Arith. Intensity FLOP/Msgs: 0.10
Arith. Intensity OPS/Loads: 1.71
Arith. Intensity OPS/Msgs: 0.89



===Core Utilization Total=== CORE-S:18;; TIME K cy:1,800 ;; Nodes Proc: 10,992,287 -- Edges Proc: 0
======== IT IS COLD ======= Only 2 Tiles active

===PRINTING FRAME STATS

FCollision In Avg:1, SD:3, Max:36, Min:0
FCollision Out Avg:0, SD:0, Max:3, Min:0
FCollision End Avg:0, SD:0, Max:0, Min:0
FTask1 Avg:44, SD:200, Max:1,180, Min:0
FTask2 Avg:0, SD:0, Max:0, Min:0
FTask3 Avg:25, SD:51, Max:472, Min:0
FCore Active Avg:4, SD:14, Max:99, Min:0
FRouter Active Avg:10, SD:15, Max:88, Min:0
T1 invocations: 100,363
T2 invocations: 0
T3 invocations: 1,579,121
T3b invocations: 0
Total3 invocations: 1,579,121
Total4 invocations: 0

T3/T2 ratio: inf
T3b/T3 ratio: 0

T1 avg ex cycles: 113
T2 avg ex cycles: -nan
T3&b avg ex cycles: 4
T4 avg ex cycles: -nan
Avg. hops NOC1: -nan
Avg. latency NOC1 (T2): -nan
Avg. hops NOC2: 4
Avg. latency NOC2 (T3): 423

===PRINTING ACUM STATS at pu_cycles: 1,900,593

ACollision In Avg:61, SD:61, Max:385, Min:3
ACollision Out Avg:43, SD:38, Max:143, Min:1
ACollision End Avg:0, SD:0, Max:0, Min:0
ATask1 Avg:248, SD:7, Max:263, Min:234
ATask2 Avg:0, SD:0, Max:0, Min:0
ATask3 Avg:86, SD:74, Max:767, Min:21
ACore Active Avg:21, SD:5, Max:64, Min:16
ARouter Active Avg:37, SD:12, Max:99, Min:19
T1 invocations: 11,823,022
T2 invocations: 0
T3 invocations: 101,063,972
T3b invocations: 0
Total3 invocations: 101,063,972
Total4 invocations: 0

T3/T2 ratio: inf
T3b/T3 ratio: 0

T1 avg ex cycles: 99
T2 avg ex cycles: -nan
T3&b avg ex cycles: 4
T4 avg ex cycles: -nan
Avg. hops NOC1: -nan
Avg. latency NOC1 (T2): -nan
Avg. hops NOC2: 5
Avg. latency NOC2 (T3): 1,309
Number of K Nodes Processed: 101,304
Number of K Edges Processed: 101,304
Node Re-explore factor: 24.08
Edge Re-explore factor: 1.00
Nodes/cy: 53
Edges/cy: 53
TEPS: 50

---DCache---
DCache Size: 412,192
DRAM words: 0
  DHits: 0
  DMisses: 0

---Energy---
Leakage Energy (nJ): 1,083,971
PU Dyn E (nJ): 5,967,420
Mem Dyn E (nJ): 69,442,049
Route Dyn E (nJ): 14,881,221
Dynamic Energy (nJ): 90,290,691
Ratio of Dyn/Leak: 83
Total Energy (nJ): 91,374,662
Total Energy (nJ) 3D: 98,300,017
Cores Energy (nJ): 5,988,578
Route Energy (nJ): 15,450,793
Route Energy (nJ) 3D: 22,376,148
Mem Energy   (nJ): 69,935,291
Mem Energy   (nJ) 3D: 69,935,291
Avg. Power (mW): 48,076.92
Power Density (mW/mm2): 8.37

---Runtime---
Runtime in K cycles: 1,900.59
Microseconds: 1,900.59
Time per iteration (ms): 1.90

---Throughput---
GOP/s (aka OPS/ns): 475.91
GOP/s per core: 1.86
GFLOP/s: 53.30
GFLOP/s per core: 0.21
Max Peak GFLOP/s: 4,096.00
Avg. BW GB/s: 1,777.24
Max BW GB/s: 16,384.00

---Traffic---
In-Die bisection_bytes BW (GB/s): 256.00
Inter-board traffic (msg/ns): 0.00, per-link: 0.00
Inter-pack traffic (msg/ns): 0.00, per-link: 0.00
Inter-die traffic (msg/ns): 34.37, per-link: 0.13
Ruche traffic (msg/ns): 120.43, per-link: 0.47
All traffic (msg/ns): 532.86, per-link: 2.08
Inter-die reduction wrt all: 15.50
Inter-board reduction wrt inter-die: inf

---Data Movement---
All traffic (msg): 1,012,750,864
Arith. Intensity FLOP/Loads: 0.19
Arith. Intensity FLOP/Msgs: 0.10
Arith. Intensity OPS/Loads: 1.71
Arith. Intensity OPS/Msgs: 0.89



===Core Utilization Total=== CORE-S:19;; TIME K cy:1,900 ;; Nodes Proc: 11,012,299 -- Edges Proc: 0
======== IT IS COLD ======= Only 0 Tiles active
Epoch Done Router: 3
Epoch Done Router: 2
Epoch Done Router: 5
Epoch Done Router: 1
Epoch Done Router: 0
Epoch Done Router: 7
Epoch Done Router: 4
##EPOCH## 1 COMPLETED at Time (K cy): 1,907
Nodes processed until now: 101,311,613
Edges processed until now: 0
Epoch Done Router: 6
Program Done Worker Thread: 3
Program Done Router Thread: 2
Program Done Router Thread: 5
Program Done Router Thread: 1
Program Done Router Thread: 6
Program Done Router Thread: 4
Program Done Worker Thread: 1
Program Done Worker Thread: 0
Program Done Router Thread: 0
Program Done Worker Thread: 6
Program Done Router Thread: 7
Program Done Worker Thread: 5
Program Done Worker Thread: 2
Program Done Router Thread: 3
Program Done Worker Thread: 7
Program Done Worker Thread: 4

===PRINTING ACUM STATS at pu_cycles: 1,907,402

ACollision In Avg:59, SD:59, Max:383, Min:3
ACollision Out Avg:41, SD:37, Max:142, Min:1
ACollision End Avg:0, SD:0, Max:0, Min:0
ATask1 Avg:239, SD:2, Max:248, Min:233
ATask2 Avg:0, SD:0, Max:0, Min:0
ATask3 Avg:83, SD:71, Max:729, Min:20
ACore Active Avg:20, SD:4, Max:61, Min:16
ARouter Active Avg:36, SD:11, Max:94, Min:18
T1 invocations: 11,824,281
T2 invocations: 0
T3 invocations: 101,311,613
T3b invocations: 0
Total3 invocations: 101,311,613
Total4 invocations: 0

T3/T2 ratio: inf
T3b/T3 ratio: 0

T1 avg ex cycles: 99
T2 avg ex cycles: -nan
T3&b avg ex cycles: 4
T4 avg ex cycles: -nan
Avg. hops NOC1: -nan
Avg. latency NOC1 (T2): -nan
Avg. hops NOC2: 5
Avg. latency NOC2 (T3): 1,307

Runtime at program end in K cycles: 1,907
Runtime before cooldown in K cycles: 1,000


Number of K Nodes Processed: 101,311
Number of K Edges Processed: 101,311
Node Re-explore factor: 24.09
Edge Re-explore factor: 1.00
Nodes/cy: 53
Edges/cy: 53
TEPS: 50

---DCache---
DCache Size: 412,192
DRAM words: 0
  DHits: 0
  DMisses: 0

---Energy---
Leakage Energy (nJ): 1,087,854
PU Dyn E (nJ): 5,970,306
Mem Dyn E (nJ): 69,567,130
Route Dyn E (nJ): 14,893,583
Dynamic Energy (nJ): 90,431,020
Ratio of Dyn/Leak: 83
Total Energy (nJ): 91,518,874
Total Energy (nJ) 3D: 98,452,815
Cores Energy (nJ): 5,991,539
Route Energy (nJ): 15,465,196
Route Energy (nJ) 3D: 22,399,137
Mem Energy   (nJ): 70,062,139
Mem Energy   (nJ) 3D: 70,062,139
Avg. Power (mW): 47,980.91
Power Density (mW/mm2): 8.35

---Runtime---
Runtime in K cycles: 1,907.40
Microseconds: 1,907.40
Time per iteration (ms): 1.91

---Inst---
K Loads: 530,206
K Stores: 315,759
K Instructions: 905,086

---Throughput---
GOP/s (aka OPS/ns): 474.51
GOP/s per core: 1.85
GFLOP/s: 53.11
GFLOP/s per core: 0.21
Max Peak GFLOP/s: 4,096.00
Avg. BW GB/s: 1,774.07
Max BW GB/s: 16,384.00

---Traffic---
In-Die bisection_bytes BW (GB/s): 256.00
Inter-board traffic (msg/ns): 0.00, per-link: 0.00
Inter-pack traffic (msg/ns): 0.00, per-link: 0.00
Inter-die traffic (msg/ns): 34.25, per-link: 0.13
Ruche traffic (msg/ns): 120.01, per-link: 0.47
All traffic (msg/ns): 531.57, per-link: 2.08
Inter-die reduction wrt all: 15.52
Inter-board reduction wrt inter-die: inf

---Data Movement---
All traffic (msg): 1,013,910,702
Arith. Intensity FLOP/Loads: 0.19
Arith. Intensity FLOP/Msgs: 0.10
Arith. Intensity OPS/Loads: 1.71
Arith. Intensity OPS/Msgs: 0.89

Simulation time: 150.53
Sim time / DUT time: 19.27
Sim noc_cy/s: 25,343.03
Sim Msg/s: 6,735,749.72

Version 32

